60.10406494140625 450.1014404296875
60.1512451171875 450.1436767578125
60.200843811035156 450.18304443359375
60.252689361572266 450.2193908691406
60.30659866333008 450.2525939941406
60.36238098144531 450.2825622558594
60.41984176635742 450.30914306640625
60.47877883911133 450.332275390625
60.53898239135742 450.35186767578125
60.600242614746094 450.36785888671875
60.66234588623047 450.38018798828125
60.72507095336914 450.3888244628906
60.7881965637207 450.39373779296875
60.85150146484375 450.3948974609375
60.914764404296875 450.3923034667969
60.977760314941406 450.3859558105469
61.0402717590332 450.3758850097656
61.10207748413086 450.36212158203125
61.16295623779297 450.3447265625
61.22269821166992 450.3237609863281
61.281089782714844 450.2992858886719
61.337928771972656 450.2713928222656
61.39301300048828 450.24017333984375
61.44615173339844 450.20574951171875
61.497154235839844 450.1682434082031
61.545841217041016 450.1277770996094
61.592044830322266 450.08447265625
61.63560104370117 450.03851318359375
61.67635726928711 449.99005126953125
61.714168548583984 449.93927001953125
61.7489013671875 449.8863220214844
61.780433654785156 449.8314208984375
61.80865478515625 449.7747497558594
61.83346939086914 449.71649169921875
61.85478591918945 449.6568603515625
61.872528076171875 449.5960693359375
61.88663864135742 449.5343322753906
61.897064208984375 449.4718933105469
61.90228271484375 449.4216613769531
61.90424728393555 449.37139892578125
61.90296936035156 449.32122802734375
61.898590087890625 449.2725524902344
61.893760681152344 449.2409973144531
61.904319763183594 449.2923583984375
61.92557144165039 449.3787841796875
61.954307556152344 449.4808654785156
61.988243103027344 449.5885314941406
62.02627944946289 449.69769287109375
62.067508697509766 449.8055725097656
62.11236572265625 449.9132385253906
62.160587310791016 450.02001953125
62.21192169189453 450.12530517578125
62.26644515991211 450.229248046875
62.324058532714844 450.3316345214844
62.38465118408203 450.4322814941406
62.44820785522461 450.5311584472656
62.51466369628906 450.6281433105469
62.583900451660156 450.72308349609375
62.653480529785156 450.812744140625
62.677547454833984 450.8414611816406
62.66372299194336 450.8265686035156
62.627525329589844 450.79205322265625
62.5889892578125 450.7597961425781
62.54844665527344 450.7300720214844
62.50606918334961 450.7030334472656
62.462032318115234 450.67877197265625
62.41648483276367 450.6573791503906
62.36958694458008 450.6389465332031
62.32142639160156 450.62353515625
62.27170944213867 450.6110534667969
62.21779251098633 450.6011047363281
62.12511444091797 450.5892333984375
61.977989196777344 450.57574462890625
61.80809783935547 450.56341552734375
61.632328033447266 450.55267333984375
61.45497512817383 450.54351806640625
61.27649688720703 450.5358581542969
61.09795379638672 450.52972412109375
60.91936111450195 450.52508544921875
60.739994049072266 450.52191162109375
60.560604095458984 450.5201721191406
60.3809928894043 450.5198059082031
60.2018928527832 450.520751953125
60.02229690551758 450.5229797363281
59.84278869628906 450.5264892578125
59.66345977783203 450.5312805175781
59.48432922363281 450.5373229980469
59.30693435668945 450.5445556640625
59.12992858886719 450.5530090332031
58.953346252441406 450.56268310546875
58.777225494384766 450.57354736328125
58.60160446166992 450.5856018066406
58.42424011230469 450.5989990234375
58.25026321411133 450.61334228515625
58.076961517333984 450.6288146972656
57.904388427734375 450.6453857421875
57.73259735107422 450.66302490234375
57.561641693115234 450.6817321777344
57.39158248901367 450.70147705078125
57.231449127197266 450.7210998535156
57.101318359375 450.73773193359375
56.96061325073242 450.7563781738281
56.82240676879883 450.775390625
56.6867790222168 450.7947082519531
56.553802490234375 450.81427001953125
56.42354202270508 450.8340148925781
56.284732818603516 450.855712890625
56.1484489440918 450.877685546875
56.01476287841797 450.8998718261719
55.88374328613281 450.9222412109375
55.810367584228516 450.9349670410156
55.739532470703125 450.94732666015625
55.671173095703125 450.9593200683594
55.605224609375 450.970947265625
55.541622161865234 450.982177734375
55.48030090332031 450.9930419921875
55.348716735839844 451.01666259765625
55.219818115234375 451.0404052734375
55.22849655151367 451.038818359375
55.10200500488281 451.06182861328125
54.978302001953125 451.0848388671875
54.9962272644043 451.08154296875
54.874786376953125 451.1037292480469
54.7562141418457 451.1258544921875
54.64053726196289 451.1478576660156
54.67101287841797 451.14215087890625
54.557308197021484 451.1631774902344
54.44654083251953 451.1840515136719
54.338714599609375 451.2047119140625
54.220176696777344 451.22784423828125
54.25609588623047 451.2210693359375
54.15324783325195 451.2398376464844
54.05335235595703 451.2583312988281
53.95638656616211 451.27655029296875
53.8471565246582 451.29736328125
53.740867614746094 451.31793212890625
53.637516021728516 451.33819580078125
53.53709411621094 451.358154296875
53.4395866394043 451.37774658203125
53.344970703125 451.39697265625
53.25321960449219 451.415771484375
53.16429901123047 451.43414306640625
53.07817077636719 451.45208740234375
52.99479675292969 451.4695739746094
52.914127349853516 451.486572265625
52.83611297607422 451.5030822753906
52.80060577392578 451.5105285644531
52.766483306884766 451.5175476074219
52.733699798583984 451.5241394042969
52.702205657958984 451.53033447265625
52.67195129394531 451.5361328125
52.64289855957031 451.54156494140625
52.6150016784668 451.546630859375
52.48919677734375 451.5694274902344
52.39223098754883 451.5872802734375
52.29819869995117 451.60479736328125
52.20707702636719 451.6219177246094
52.11882781982422 451.6386413574219
52.03341293334961 451.6549377441406
51.95079040527344 451.6707763671875
51.87091064453125 451.6861877441406
51.79372024536133 451.7011413574219
51.71916580200195 451.7156066894531
51.64719009399414 451.7295837402344
51.57773208618164 451.74310302734375
51.51072692871094 451.7561340332031
51.44611358642578 451.7686767578125
51.38383102416992 451.78076171875
51.26285934448242 451.8044128417969
51.19173049926758 451.8183898925781
51.063655853271484 451.8436584472656
50.99986267089844 451.85626220703125
50.875831604003906 451.8808288574219
50.7546272277832 451.9052734375
50.70270538330078 451.91571044921875
50.585487365722656 451.939208984375
50.47118377685547 451.9624938964844
50.35980987548828 451.9854736328125
50.41218566894531 451.9751892089844
50.301918029785156 451.9957580566406
50.19462585449219 452.01605224609375
50.09031295776367 452.0360107421875
49.98897933959961 452.05560302734375
49.89060974121094 452.0748291015625
49.79518508911133 452.0936279296875
49.70268630981445 452.1119689941406
49.61307907104492 452.12982177734375
49.526329040527344 452.1471862792969
49.44239807128906 452.1640319824219
49.36124038696289 452.18035888671875
49.282806396484375 452.1961669921875
49.2070426940918 452.21142578125
49.13389587402344 452.22613525390625
49.06330871582031 452.24029541015625
48.99522018432617 452.25390625
48.9295654296875 452.2669677734375
48.86628723144531 452.27947998046875
48.80531692504883 452.2914733886719
48.7465934753418 452.30291748046875
48.6900520324707 452.3138427734375
48.635623931884766 452.3242492675781
48.518577575683594 452.34674072265625
48.47073745727539 452.35595703125
48.357749938964844 452.37774658203125
48.235843658447266 452.4016418457031
48.18592834472656 452.41131591796875
48.06791687011719 452.4339599609375
47.95283126831055 452.4563293457031
47.8406982421875 452.4783935546875
47.731536865234375 452.5000915527344
47.6253547668457 452.5213928222656
47.52215576171875 452.542236328125
47.421932220458984 452.5626220703125
47.324676513671875 452.5824890136719
47.230369567871094 452.601806640625
47.13898468017578 452.6205749511719
47.05049514770508 452.6387634277344
46.964866638183594 452.6563415527344
46.882057189941406 452.6733093261719
46.80202102661133 452.6896667480469
46.724708557128906 452.70538330078125
46.65007019042969 452.720458984375
46.57805252075195 452.7348937988281
46.50859832763672 452.7486877441406
46.441646575927734 452.7618408203125
46.41572189331055 452.766845703125
46.31624221801758 452.7857971191406
46.29543685913086 452.7897033691406
46.19938278198242 452.80755615234375
46.106239318847656 452.8250427246094
46.01597595214844 452.8421325683594
46.007564544677734 452.84368896484375
45.870811462402344 452.868896484375
45.73658752441406 452.894287109375
45.739715576171875 452.8937072753906
45.6077995300293 452.91802978515625
45.478546142578125 452.94244384765625
45.40909194946289 452.9556884765625
45.34208679199219 452.9684753417969
45.2774658203125 452.98077392578125
45.21516799926758 452.9925842285156
45.155128479003906 453.00390625
45.097286224365234 453.0147705078125
45.04157257080078 453.0251770019531
44.924617767333984 453.047119140625
44.87541580200195 453.056396484375
44.828067779541016 453.06524658203125
44.78251266479492 453.07366943359375
44.671913146972656 453.0941467285156
44.63240051269531 453.1014709472656
44.525753021240234 453.12127685546875
44.49195861816406 453.1275634765625
44.38914108276367 453.1466369628906
44.36073303222656 453.1518859863281
44.26161193847656 453.170166015625
44.23826599121094 453.1744384765625
44.142696380615234 453.19189453125
44.124088287353516 453.1952819824219
44.03192138671875 453.2118835449219
43.942626953125 453.2281494140625
43.932029724121094 453.2300720214844
43.845829010009766 453.2454528808594
43.76242446899414 453.2604675292969
43.68177032470703 453.27508544921875
43.681602478027344 453.2751159667969
43.55039596557617 453.2984619140625
43.476871490478516 453.3117370605469
43.33946228027344 453.3369445800781
43.256412506103516 453.3523864746094
43.176124572753906 453.3673095703125
43.09855270385742 453.3817138671875
42.96812438964844 453.40618896484375
42.89784622192383 453.41949462890625
42.83006286621094 453.4322509765625
42.70512771606445 453.4559326171875
42.6444091796875 453.4674987792969
42.52357864379883 453.4906311035156
42.469696044921875 453.5009765625
42.35293197631836 453.5234375
42.21745300292969 453.550048828125
42.13869857788086 453.565673828125
42.062652587890625 453.5807189941406
41.93265914916992 453.60662841796875
41.86396789550781 453.62042236328125
41.738067626953125 453.6458435058594
41.67655944824219 453.6583251953125
41.554752349853516 453.68310546875
41.500205993652344 453.6942138671875
41.38246154785156 453.7182312011719
41.26762390136719 453.7420349121094
41.22433090209961 453.7509765625
41.11343002319336 453.7738342285156
41.00548553466797 453.7964172363281
40.90049743652344 453.8186340332031
40.79846954345703 453.8404846191406
40.77421569824219 453.84564208984375
40.67570877075195 453.8663330078125
40.580135345458984 453.8865966796875
40.48747253417969 453.9064025878906
40.416221618652344 453.9216003417969
40.347476959228516 453.93609619140625
40.281185150146484 453.9499206542969
40.217288970947266 453.9630432128906
40.15572738647461 453.9754943847656
40.096439361572266 453.9872741699219
40.03936767578125 453.9983825683594
39.98444747924805 454.00885009765625
39.93162155151367 454.0187072753906
39.827640533447266 454.03802490234375
39.71259307861328 454.0597229003906
39.6004638671875 454.0811767578125
39.56303405761719 454.0882873535156
39.4547004699707 454.108642578125
39.34931945800781 454.1286926269531
39.24689483642578 454.14837646484375
39.14741516113281 454.1676940917969
39.050865173339844 454.18658447265625
38.95722579956055 454.2050476074219
38.8664665222168 454.2230529785156
38.778560638427734 454.2405700683594
38.69346618652344 454.2575988769531
38.611141204833984 454.27410888671875
38.53153991699219 454.29010009765625
38.454612731933594 454.3055419921875
38.38031005859375 454.3204650878906
38.30857467651367 454.3348388671875
38.23934555053711 454.3486633300781
38.172569274902344 454.3619384765625
38.10818099975586 454.3746643066406
38.046119689941406 454.3868408203125
37.98632049560547 454.39849853515625
37.9287223815918 454.4096374511719
37.87326431274414 454.4202575683594
37.819881439208984 454.43035888671875
37.76850891113281 454.4399719238281
37.719085693359375 454.4490966796875
37.67155075073242 454.457763671875
37.6258430480957 454.4659423828125
37.51446533203125 454.4859313964844
37.474945068359375 454.4930114746094
37.36750411987305 454.5122375488281
37.229557037353516 454.53741455078125
37.15095138549805 454.5517578125
37.016849517822266 454.576171875
36.885379791259766 454.6006164550781
36.75661087036133 454.625
36.695838928222656 454.63641357421875
36.570980072021484 454.65960693359375
36.4489631652832 454.6826477050781
36.329833984375 454.7054443359375
36.213626861572266 454.7279357910156
36.100372314453125 454.7500915527344
35.99009704589844 454.7718811035156
35.8828125 454.7932434082031
35.778526306152344 454.8141174316406
35.67723846435547 454.8345031738281
35.578941345214844 454.8543395996094
35.483619689941406 454.87359619140625
35.39125442504883 454.89227294921875
35.301822662353516 454.9103088378906
35.21529006958008 454.9277038574219
35.13161849975586 454.9444580078125
35.05076599121094 454.9605407714844
34.97268295288086 454.9759826660156
34.89732360839844 454.99072265625
34.82463073730469 455.0047912597656
34.75455093383789 455.0181884765625
34.6870231628418 455.0309143066406
34.62199020385742 455.0429992675781
34.559383392333984 455.0544128417969
34.499141693115234 455.065185546875
34.367618560791016 455.08868408203125
34.23881530761719 455.1120300292969
34.11279296875 455.1351623535156
33.98960876464844 455.15802001953125
33.86931228637695 455.1805725097656
33.75194549560547 455.2027282714844
33.63754653930664 455.2244567871094
33.52614212036133 455.24566650390625
33.417755126953125 455.266357421875
33.31239700317383 455.2864685058594
33.21007537841797 455.3059387207031
33.11079025268555 455.32476806640625
33.014530181884766 455.3428955078125
32.92128372192383 455.3603210449219
32.831024169921875 455.37701416015625
32.74372863769531 455.3929443359375
32.659358978271484 455.4081115722656
32.577877044677734 455.4225158691406
32.49924087524414 455.4361572265625
32.46134948730469 455.4425048828125
32.36550521850586 455.4582824707031
32.27260208129883 455.4737548828125
32.182613372802734 455.4889221191406
32.079986572265625 455.5063781738281
31.98035430908203 455.5234680175781
31.883703231811523 455.5401611328125
31.762855529785156 455.5612487792969
31.644927978515625 455.5821533203125
31.529953002929688 455.6028137207031
31.492794036865234 455.609375
31.358861923217773 455.6326599121094
31.22753143310547 455.6560974121094
31.09886360168457 455.6795959472656
30.97291374206543 455.703125
30.91062355041504 455.7148132324219
30.788753509521484 455.73779296875
30.733444213867188 455.74822998046875
30.615623474121094 455.7705078125
30.500688552856445 455.7926330566406
30.4566707611084 455.80108642578125
30.345666885375977 455.82232666015625
30.30785369873047 455.82952880859375
30.200687408447266 455.8498229980469
30.157419204711914 455.85784912109375
30.0542049407959 455.8765869140625
29.953950881958008 455.89501953125
29.856645584106445 455.9131164550781
29.74919319152832 455.9332580566406
29.64472007751465 455.9529113769531
29.624814987182617 455.95654296875
29.537424087524414 455.97186279296875
29.45287322998047 455.9867858886719
29.356904983520508 456.0037536621094
29.263912200927734 456.0201721191406
29.173873901367188 456.0359802246094
29.086759567260742 456.0511779785156
29.00253677368164 456.06573486328125
28.921167373657227 456.07965087890625
28.842607498168945 456.0928955078125
28.766809463500977 456.1054992675781
28.693723678588867 456.117431640625
28.638954162597656 456.1262512207031
28.586271286010742 456.1346740722656
28.53561019897461 456.1427001953125
28.486906051635742 456.15032958984375
28.361629486083984 456.1700439453125
28.239171981811523 456.18975830078125
28.119579315185547 456.20941162109375
28.002885818481445 456.22894287109375
27.889122009277344 456.2483215332031
27.778310775756836 456.2674865722656
27.670467376708984 456.2864074707031
27.565597534179688 456.3050231933594
27.463703155517578 456.32330322265625
27.364776611328125 456.3412170410156
27.2688045501709 456.3587341308594
27.17576789855957 456.37579345703125
27.08563995361328 456.3924255371094
26.998388290405273 456.4085693359375
26.913976669311523 456.4242248535156
26.83236312866211 456.4393615722656
26.753503799438477 456.4539794921875
26.67734718322754 456.46807861328125
26.60384178161621 456.48162841796875
26.532930374145508 456.49462890625
26.464557647705078 456.5071105957031
26.39866065979004 456.51904296875
26.335180282592773 456.5304260253906
26.274051666259766 456.5412902832031
26.215213775634766 456.5516052246094
26.158601760864258 456.5614013671875
26.040735244750977 456.5819091796875
25.99091911315918 456.5906066894531
25.87710189819336 456.6105041503906
25.833791732788086 456.6180725097656
25.723947525024414 456.6372375488281
25.686830520629883 456.6437072753906
25.580860137939453 456.6620788574219
25.54960823059082 456.66748046875
25.447391510009766 456.68499755859375
25.298358917236328 456.71124267578125
25.189603805541992 456.7308044433594
25.083818435668945 456.75
24.981008529663086 456.7687683105469
24.88117218017578 456.78704833984375
24.784303665161133 456.8048400878906
24.690387725830078 456.8221130371094
24.599403381347656 456.83880615234375
24.51132583618164 456.85491943359375
24.426122665405273 456.8704528808594
24.34375762939453 456.8853759765625
24.264188766479492 456.899658203125
24.18737030029297 456.913330078125
24.11325454711914 456.9263610839844
24.041790008544922 456.9387512207031
23.97292137145996 456.95050048828125
23.847091674804688 456.9720764160156
23.78559112548828 456.982666015625
23.726430892944336 456.99261474609375
23.6058292388916 457.0129089355469
23.553770065307617 457.0216369628906
23.437135696411133 457.0411376953125
23.39191436767578 457.04864501953125
23.279191970825195 457.0672607421875
23.169403076171875 457.08575439453125
23.062562942504883 457.1040954589844
22.958677291870117 457.1222229003906
22.933616638183594 457.12652587890625
22.833261489868164 457.1434631347656
22.735864639282227 457.1601257324219
22.64141082763672 457.1764831542969
22.549877166748047 457.1925048828125
22.46123695373535 457.2081298828125
22.328039169311523 457.232177734375
22.246723175048828 457.2471618652344
22.15520668029785 457.2639465332031
22.02763557434082 457.2876281738281
21.943361282348633 457.30340576171875
21.809173583984375 457.32867431640625
21.732481002807617 457.3431701660156
21.602008819580078 457.367919921875
21.532835006713867 457.38104248046875
21.4061222076416 457.405029296875
21.28204917907715 457.4291076660156
21.225122451782227 457.4400939941406
21.10481071472168 457.463134765625
20.987260818481445 457.4861145019531
20.872507095336914 457.50897216796875
20.787939071655273 457.5255126953125
20.70602035522461 457.5406799316406
20.632509231567383 457.5537109375
20.56167984008789 457.56585693359375
20.49347496032715 457.5771484375
20.427839279174805 457.5876159667969
20.301158905029297 457.607666015625
20.243125915527344 457.61676025390625
20.120269775390625 457.63580322265625
20.000219345092773 457.6548767089844
19.95460319519043 457.6619873046875
19.83833122253418 457.6797790527344
19.7249755859375 457.697509765625
19.691110610961914 457.7026672363281
19.581409454345703 457.7189025878906
19.47469711303711 457.7349853515625
19.32571029663086 457.7581481933594
19.178503036499023 457.7821350097656
19.033161163330078 457.806884765625
18.889772415161133 457.8323059082031
18.74842071533203 457.85833740234375
18.609189987182617 457.8848876953125
18.524309158325195 457.90106201171875
18.38842010498047 457.92694091796875
18.25486183166504 457.9531555175781
18.182514190673828 457.9672546386719
18.052427291870117 457.9924011230469
17.924856185913086 458.0176696777344
17.799867630004883 458.0429992675781
17.744869232177734 458.053955078125
17.623414993286133 458.0777282714844
17.504688262939453 458.1014099121094
17.388734817504883 458.12493896484375
17.35032844543457 458.1325378417969
17.23783302307129 458.1541748046875
17.12820816040039 458.175537109375
17.021480560302734 458.196533203125
16.917667388916016 458.2171325683594
16.81678009033203 458.2372741699219
16.718820571899414 458.2569274902344
16.708566665649414 458.2589111328125
16.613536834716797 458.2763671875
16.521440505981445 458.29327392578125
16.521440505981445 458.29327392578125
16.521440505981445 458.29327392578125
16.521440505981445 458.29327392578125
16.521440505981445 458.29327392578125
16.521440505981445 458.29327392578125
16.521440505981445 458.29327392578125
16.521440505981445 458.29327392578125
16.521440505981445 458.29327392578125
16.521440505981445 458.29327392578125
16.521440505981445 458.29327392578125
16.521440505981445 458.29327392578125
16.521440505981445 458.29327392578125
16.521440505981445 458.29327392578125
16.521440505981445 458.29327392578125
16.521440505981445 458.29327392578125
16.521440505981445 458.29327392578125
16.521440505981445 458.29327392578125
16.521440505981445 458.29327392578125
16.521440505981445 458.29327392578125
16.521440505981445 458.29327392578125
16.521440505981445 458.29327392578125
16.521440505981445 458.29327392578125
16.521440505981445 458.29327392578125
16.521440505981445 458.29327392578125
16.521440505981445 458.29327392578125
16.521440505981445 458.29327392578125
16.521440505981445 458.29327392578125
16.521440505981445 458.29327392578125
16.521440505981445 458.29327392578125
16.521440505981445 458.29327392578125
16.521440505981445 458.29327392578125
16.521440505981445 458.29327392578125
16.521440505981445 458.29327392578125
16.521440505981445 458.29327392578125
16.521440505981445 458.29327392578125
16.521440505981445 458.29327392578125
16.521440505981445 458.29327392578125
16.521440505981445 458.29327392578125
16.521440505981445 458.29327392578125
16.521440505981445 458.29327392578125
16.521440505981445 458.29327392578125
16.521440505981445 458.29327392578125
16.521440505981445 458.29327392578125
16.521440505981445 458.29327392578125
16.521440505981445 458.29327392578125
16.521440505981445 458.29327392578125
16.521440505981445 458.29327392578125
16.521440505981445 458.29327392578125
16.521440505981445 458.29327392578125
16.521440505981445 458.29327392578125
16.521440505981445 458.29327392578125
16.521440505981445 458.29327392578125
16.521440505981445 458.29327392578125
16.521440505981445 458.29327392578125
16.521440505981445 458.29327392578125
16.521440505981445 458.29327392578125
16.521440505981445 458.29327392578125
16.521440505981445 458.29327392578125
16.521440505981445 458.29327392578125
16.521440505981445 458.29327392578125
16.521440505981445 458.29327392578125
16.521440505981445 458.29327392578125
16.521440505981445 458.29327392578125
16.521440505981445 458.29327392578125
16.521440505981445 458.29327392578125
16.521440505981445 458.29327392578125
16.521440505981445 458.29327392578125
16.521440505981445 458.29327392578125
16.521440505981445 458.29327392578125
16.521440505981445 458.29327392578125
16.521440505981445 458.29327392578125
16.521440505981445 458.29327392578125
16.521440505981445 458.29327392578125
16.521440505981445 458.29327392578125
16.521440505981445 458.29327392578125
16.521440505981445 458.29327392578125
16.521440505981445 458.29327392578125
16.521440505981445 458.29327392578125
16.521440505981445 458.29327392578125
16.521440505981445 458.29327392578125
16.521440505981445 458.29327392578125
16.521440505981445 458.29327392578125
16.521440505981445 458.29327392578125
16.521440505981445 458.29327392578125
16.521440505981445 458.29327392578125
16.521440505981445 458.29327392578125
16.521440505981445 458.29327392578125
16.521440505981445 458.29327392578125
16.521440505981445 458.29327392578125
16.521440505981445 458.29327392578125
16.521440505981445 458.29327392578125
16.521440505981445 458.29327392578125
16.521440505981445 458.29327392578125
16.521440505981445 458.29327392578125
16.521440505981445 458.29327392578125
16.521440505981445 458.29327392578125
16.521440505981445 458.29327392578125
16.521440505981445 458.29327392578125
16.521440505981445 458.29327392578125
16.521440505981445 458.29327392578125
16.521440505981445 458.29327392578125
16.521440505981445 458.29327392578125
16.521440505981445 458.29327392578125
16.521440505981445 458.29327392578125
16.521440505981445 458.29327392578125
16.521440505981445 458.29327392578125
16.521440505981445 458.29327392578125
16.521440505981445 458.29327392578125
16.521440505981445 458.29327392578125
16.521440505981445 458.29327392578125
16.521440505981445 458.29327392578125
16.521440505981445 458.29327392578125
16.521440505981445 458.29327392578125
16.521440505981445 458.29327392578125
16.521440505981445 458.29327392578125
16.521440505981445 458.29327392578125
16.521440505981445 458.29327392578125
16.521440505981445 458.29327392578125
16.521440505981445 458.29327392578125
16.521440505981445 458.29327392578125
16.521440505981445 458.29327392578125
16.521440505981445 458.29327392578125
16.521440505981445 458.29327392578125
16.521440505981445 458.29327392578125
16.521440505981445 458.29327392578125
16.521440505981445 458.29327392578125
16.521440505981445 458.29327392578125
16.521440505981445 458.29327392578125
16.521440505981445 458.29327392578125
16.521440505981445 458.29327392578125
16.521440505981445 458.29327392578125
16.521440505981445 458.29327392578125
16.521440505981445 458.29327392578125
16.521440505981445 458.29327392578125
16.521440505981445 458.29327392578125
16.521440505981445 458.29327392578125
16.521440505981445 458.29327392578125
16.521440505981445 458.29327392578125
16.521440505981445 458.29327392578125
16.521440505981445 458.29327392578125
16.521440505981445 458.29327392578125
16.521440505981445 458.29327392578125
16.521440505981445 458.29327392578125
16.521440505981445 458.29327392578125
16.521440505981445 458.29327392578125
16.521440505981445 458.29327392578125
16.521440505981445 458.29327392578125
16.521440505981445 458.29327392578125
16.521440505981445 458.29327392578125
16.521440505981445 458.29327392578125
16.521440505981445 458.29327392578125
16.521440505981445 458.29327392578125
16.521440505981445 458.29327392578125
16.521440505981445 458.29327392578125
16.521440505981445 458.29327392578125
16.521440505981445 458.29327392578125
16.521440505981445 458.29327392578125
16.521440505981445 458.29327392578125
16.521440505981445 458.29327392578125
16.521440505981445 458.29327392578125
16.521440505981445 458.29327392578125
16.521440505981445 458.29327392578125
16.521440505981445 458.29327392578125
16.521440505981445 458.29327392578125
16.521440505981445 458.29327392578125
16.521440505981445 458.29327392578125
16.521440505981445 458.29327392578125
16.521440505981445 458.29327392578125
16.521440505981445 458.29327392578125
16.521440505981445 458.29327392578125
16.521440505981445 458.29327392578125
16.521440505981445 458.29327392578125
16.521440505981445 458.29327392578125
16.521440505981445 458.29327392578125
16.521440505981445 458.29327392578125
16.521440505981445 458.29327392578125
16.521440505981445 458.29327392578125
16.521440505981445 458.29327392578125
16.521440505981445 458.29327392578125
16.521440505981445 458.29327392578125
16.521440505981445 458.29327392578125
16.521440505981445 458.29327392578125
16.521440505981445 458.29327392578125
16.521440505981445 458.29327392578125
16.521440505981445 458.29327392578125
16.521440505981445 458.29327392578125
16.521440505981445 458.29327392578125
16.521440505981445 458.29327392578125
16.521440505981445 458.29327392578125
16.521440505981445 458.29327392578125
16.521440505981445 458.29327392578125
16.521440505981445 458.29327392578125
16.521440505981445 458.29327392578125
16.521440505981445 458.29327392578125
16.521440505981445 458.29327392578125
16.521440505981445 458.29327392578125
16.521440505981445 458.29327392578125
16.521440505981445 458.29327392578125
16.521440505981445 458.29327392578125
16.521440505981445 458.29327392578125
16.521440505981445 458.29327392578125
16.521440505981445 458.29327392578125
16.521440505981445 458.29327392578125
16.521440505981445 458.29327392578125
16.521440505981445 458.29327392578125
16.521440505981445 458.29327392578125
16.521440505981445 458.29327392578125
16.521440505981445 458.29327392578125
16.521440505981445 458.29327392578125
16.521440505981445 458.29327392578125
16.521440505981445 458.29327392578125
16.521440505981445 458.29327392578125
16.521440505981445 458.29327392578125
16.521440505981445 458.29327392578125
16.521440505981445 458.29327392578125
16.521440505981445 458.29327392578125
16.521440505981445 458.29327392578125
16.521440505981445 458.29327392578125
16.521440505981445 458.29327392578125
16.521440505981445 458.29327392578125
16.521440505981445 458.29327392578125
16.521440505981445 458.29327392578125
16.521440505981445 458.29327392578125
16.521440505981445 458.29327392578125
16.521440505981445 458.29327392578125
16.521440505981445 458.29327392578125
16.521440505981445 458.29327392578125
16.521440505981445 458.29327392578125
16.521440505981445 458.29327392578125
16.521440505981445 458.29327392578125
16.521440505981445 458.29327392578125
16.521440505981445 458.29327392578125
16.521440505981445 458.29327392578125
16.521440505981445 458.29327392578125
16.521440505981445 458.29327392578125
16.521440505981445 458.29327392578125
16.521440505981445 458.29327392578125
16.521440505981445 458.29327392578125
16.521440505981445 458.29327392578125
16.521440505981445 458.29327392578125
16.521440505981445 458.29327392578125
16.521440505981445 458.29327392578125
16.521440505981445 458.29327392578125
16.521440505981445 458.29327392578125
16.521440505981445 458.29327392578125
16.521440505981445 458.29327392578125
16.521440505981445 458.29327392578125
16.521440505981445 458.29327392578125
16.521440505981445 458.29327392578125
16.521440505981445 458.29327392578125
16.521440505981445 458.29327392578125
16.521440505981445 458.29327392578125
16.521440505981445 458.29327392578125
16.521440505981445 458.29327392578125
16.521440505981445 458.29327392578125
16.521440505981445 458.29327392578125
16.521440505981445 458.29327392578125
16.521440505981445 458.29327392578125
16.521440505981445 458.29327392578125
16.521440505981445 458.29327392578125
16.521440505981445 458.29327392578125
16.521440505981445 458.29327392578125
16.521440505981445 458.29327392578125
16.521440505981445 458.29327392578125
16.521440505981445 458.29327392578125
16.521440505981445 458.29327392578125
16.521440505981445 458.29327392578125
16.521440505981445 458.29327392578125
16.521440505981445 458.29327392578125
16.521440505981445 458.29327392578125
16.521440505981445 458.29327392578125
16.521440505981445 458.29327392578125
16.521440505981445 458.29327392578125
16.521440505981445 458.29327392578125
16.521440505981445 458.29327392578125
16.521440505981445 458.29327392578125
16.521440505981445 458.29327392578125
16.521440505981445 458.29327392578125
16.521440505981445 458.29327392578125
16.521440505981445 458.29327392578125
16.521440505981445 458.29327392578125
16.521440505981445 458.29327392578125
16.521440505981445 458.29327392578125
16.521440505981445 458.29327392578125
16.521440505981445 458.29327392578125
16.521440505981445 458.29327392578125
16.521440505981445 458.29327392578125
16.521440505981445 458.29327392578125
16.521440505981445 458.29327392578125
16.521440505981445 458.29327392578125
16.521440505981445 458.29327392578125
16.521440505981445 458.29327392578125
16.521440505981445 458.29327392578125
16.521440505981445 458.29327392578125
16.521440505981445 458.29327392578125
16.521440505981445 458.29327392578125
16.521440505981445 458.29327392578125
16.521440505981445 458.29327392578125
16.521440505981445 458.29327392578125
16.521440505981445 458.29327392578125
16.521440505981445 458.29327392578125
16.521440505981445 458.29327392578125
16.521440505981445 458.29327392578125
16.521440505981445 458.29327392578125
16.521440505981445 458.29327392578125
16.521440505981445 458.29327392578125
16.521440505981445 458.29327392578125
16.521440505981445 458.29327392578125
16.521440505981445 458.29327392578125
16.521440505981445 458.29327392578125
16.521440505981445 458.29327392578125
16.521440505981445 458.29327392578125
16.521440505981445 458.29327392578125
16.521440505981445 458.29327392578125
16.521440505981445 458.29327392578125
16.521440505981445 458.29327392578125
16.521440505981445 458.29327392578125
16.521440505981445 458.29327392578125
16.521440505981445 458.29327392578125
16.521440505981445 458.29327392578125
16.521440505981445 458.29327392578125
16.521440505981445 458.29327392578125
16.521440505981445 458.29327392578125
16.521440505981445 458.29327392578125
16.521440505981445 458.29327392578125
16.521440505981445 458.29327392578125
16.521440505981445 458.29327392578125
16.521440505981445 458.29327392578125
16.521440505981445 458.29327392578125
16.521440505981445 458.29327392578125
16.521440505981445 458.29327392578125
16.521440505981445 458.29327392578125
16.521440505981445 458.29327392578125
16.521440505981445 458.29327392578125
16.521440505981445 458.29327392578125
16.521440505981445 458.29327392578125
16.521440505981445 458.29327392578125
16.521440505981445 458.29327392578125
16.521440505981445 458.29327392578125
16.521440505981445 458.29327392578125
16.521440505981445 458.29327392578125
16.521440505981445 458.29327392578125
16.521440505981445 458.29327392578125
16.521440505981445 458.29327392578125
16.521440505981445 458.29327392578125
16.521440505981445 458.29327392578125
16.521440505981445 458.29327392578125
16.521440505981445 458.29327392578125
16.521440505981445 458.29327392578125
16.521440505981445 458.29327392578125
16.521440505981445 458.29327392578125
16.521440505981445 458.29327392578125
16.521440505981445 458.29327392578125
16.521440505981445 458.29327392578125
16.521440505981445 458.29327392578125
16.521440505981445 458.29327392578125
16.521440505981445 458.29327392578125
16.521440505981445 458.29327392578125
16.521440505981445 458.29327392578125
16.521440505981445 458.29327392578125
16.521440505981445 458.29327392578125
16.521440505981445 458.29327392578125
16.521440505981445 458.29327392578125
16.521440505981445 458.29327392578125
16.521440505981445 458.29327392578125
16.521440505981445 458.29327392578125
16.521440505981445 458.29327392578125
16.521440505981445 458.29327392578125
16.521440505981445 458.29327392578125
16.521440505981445 458.29327392578125
16.521440505981445 458.29327392578125
16.521440505981445 458.29327392578125
16.521440505981445 458.29327392578125
16.521440505981445 458.29327392578125
16.521440505981445 458.29327392578125
16.521440505981445 458.29327392578125
16.521440505981445 458.29327392578125
16.521440505981445 458.29327392578125
16.521440505981445 458.29327392578125
16.521440505981445 458.29327392578125
16.521440505981445 458.29327392578125
16.521440505981445 458.29327392578125
16.521440505981445 458.29327392578125
16.521440505981445 458.29327392578125
16.521440505981445 458.29327392578125
16.521440505981445 458.29327392578125
16.521440505981445 458.29327392578125
16.521440505981445 458.29327392578125
16.521440505981445 458.29327392578125
16.521440505981445 458.29327392578125
16.521440505981445 458.29327392578125
16.521440505981445 458.29327392578125
16.521440505981445 458.29327392578125
16.521440505981445 458.29327392578125
16.521440505981445 458.29327392578125
16.521440505981445 458.29327392578125
16.521440505981445 458.29327392578125
16.521440505981445 458.29327392578125
16.521440505981445 458.29327392578125
16.521440505981445 458.29327392578125
16.521440505981445 458.29327392578125
16.521440505981445 458.29327392578125
16.521440505981445 458.29327392578125
16.521440505981445 458.29327392578125
16.521440505981445 458.29327392578125
16.521440505981445 458.29327392578125
16.521440505981445 458.29327392578125
16.521440505981445 458.29327392578125
16.521440505981445 458.29327392578125
16.521440505981445 458.29327392578125
16.521440505981445 458.29327392578125
16.521440505981445 458.29327392578125
16.521440505981445 458.29327392578125
16.521440505981445 458.29327392578125
16.521440505981445 458.29327392578125
16.521440505981445 458.29327392578125
16.521440505981445 458.29327392578125
16.521440505981445 458.29327392578125
16.521440505981445 458.29327392578125
16.521440505981445 458.29327392578125
16.521440505981445 458.29327392578125
16.521440505981445 458.29327392578125
16.521440505981445 458.29327392578125
16.521440505981445 458.29327392578125
16.521440505981445 458.29327392578125
16.521440505981445 458.29327392578125
16.521440505981445 458.29327392578125
16.521440505981445 458.29327392578125
16.521440505981445 458.29327392578125
16.521440505981445 458.29327392578125
16.521440505981445 458.29327392578125
16.521440505981445 458.29327392578125
16.521440505981445 458.29327392578125
16.521440505981445 458.29327392578125
16.521440505981445 458.29327392578125
16.521440505981445 458.29327392578125
16.521440505981445 458.29327392578125
16.521440505981445 458.29327392578125
16.521440505981445 458.29327392578125
16.521440505981445 458.29327392578125
16.521440505981445 458.29327392578125
16.521440505981445 458.29327392578125
16.521440505981445 458.29327392578125
16.521440505981445 458.29327392578125
16.521440505981445 458.29327392578125
16.521440505981445 458.29327392578125
16.521440505981445 458.29327392578125
16.521440505981445 458.29327392578125
16.521440505981445 458.29327392578125
16.521440505981445 458.29327392578125
16.521440505981445 458.29327392578125
16.521440505981445 458.29327392578125
16.521440505981445 458.29327392578125
16.521440505981445 458.29327392578125
16.521440505981445 458.29327392578125
16.521440505981445 458.29327392578125
16.521440505981445 458.29327392578125
16.521440505981445 458.29327392578125
16.521440505981445 458.29327392578125
16.521440505981445 458.29327392578125
16.521440505981445 458.29327392578125
16.521440505981445 458.29327392578125
16.521440505981445 458.29327392578125
16.521440505981445 458.29327392578125
16.521440505981445 458.29327392578125
16.521440505981445 458.29327392578125
16.521440505981445 458.29327392578125
16.521440505981445 458.29327392578125
16.521440505981445 458.29327392578125
16.521440505981445 458.29327392578125
16.521440505981445 458.29327392578125
16.521440505981445 458.29327392578125
16.521440505981445 458.29327392578125
16.521440505981445 458.29327392578125
16.521440505981445 458.29327392578125
16.521440505981445 458.29327392578125
16.521440505981445 458.29327392578125
16.521440505981445 458.29327392578125
16.521440505981445 458.29327392578125
16.521440505981445 458.29327392578125
16.521440505981445 458.29327392578125
16.521440505981445 458.29327392578125
16.521440505981445 458.29327392578125
16.521440505981445 458.29327392578125
16.521440505981445 458.29327392578125
16.521440505981445 458.29327392578125
16.521440505981445 458.29327392578125
16.521440505981445 458.29327392578125
16.521440505981445 458.29327392578125
16.521440505981445 458.29327392578125
16.521440505981445 458.29327392578125
16.521440505981445 458.29327392578125
16.521440505981445 458.29327392578125
16.521440505981445 458.29327392578125
16.521440505981445 458.29327392578125
16.521440505981445 458.29327392578125
16.521440505981445 458.29327392578125
16.521440505981445 458.29327392578125
16.521440505981445 458.29327392578125
16.521440505981445 458.29327392578125
16.521440505981445 458.29327392578125
16.521440505981445 458.29327392578125
16.521440505981445 458.29327392578125
16.521440505981445 458.29327392578125
16.521440505981445 458.29327392578125
16.521440505981445 458.29327392578125
16.521440505981445 458.29327392578125
16.521440505981445 458.29327392578125
16.521440505981445 458.29327392578125
16.521440505981445 458.29327392578125
16.521440505981445 458.29327392578125
16.521440505981445 458.29327392578125
16.521440505981445 458.29327392578125
16.521440505981445 458.29327392578125
16.521440505981445 458.29327392578125
16.521440505981445 458.29327392578125
16.521440505981445 458.29327392578125
16.521440505981445 458.29327392578125
16.521440505981445 458.29327392578125
16.521440505981445 458.29327392578125
16.521440505981445 458.29327392578125
16.521440505981445 458.29327392578125
16.521440505981445 458.29327392578125
16.521440505981445 458.29327392578125
16.521440505981445 458.29327392578125
16.521440505981445 458.29327392578125
16.521440505981445 458.29327392578125
16.521440505981445 458.29327392578125
16.521440505981445 458.29327392578125
16.521440505981445 458.29327392578125
16.521440505981445 458.29327392578125
16.521440505981445 458.29327392578125
16.521440505981445 458.29327392578125
16.521440505981445 458.29327392578125
16.521440505981445 458.29327392578125
16.521440505981445 458.29327392578125
16.521440505981445 458.29327392578125
16.521440505981445 458.29327392578125
16.521440505981445 458.29327392578125
16.521440505981445 458.29327392578125
16.521440505981445 458.29327392578125
16.521440505981445 458.29327392578125
16.521440505981445 458.29327392578125
16.521440505981445 458.29327392578125
16.521440505981445 458.29327392578125
16.521440505981445 458.29327392578125
16.521440505981445 458.29327392578125
16.521440505981445 458.29327392578125
16.521440505981445 458.29327392578125
16.521440505981445 458.29327392578125
16.521440505981445 458.29327392578125
16.521440505981445 458.29327392578125
16.521440505981445 458.29327392578125
16.521440505981445 458.29327392578125
16.521440505981445 458.29327392578125
16.521440505981445 458.29327392578125
16.521440505981445 458.29327392578125
16.521440505981445 458.29327392578125
16.521440505981445 458.29327392578125
16.521440505981445 458.29327392578125
16.521440505981445 458.29327392578125
16.521440505981445 458.29327392578125
16.521440505981445 458.29327392578125
16.521440505981445 458.29327392578125
16.521440505981445 458.29327392578125
16.521440505981445 458.29327392578125
16.521440505981445 458.29327392578125
16.521440505981445 458.29327392578125
16.521440505981445 458.29327392578125
16.521440505981445 458.29327392578125
16.521440505981445 458.29327392578125
16.521440505981445 458.29327392578125
16.521440505981445 458.29327392578125
16.521440505981445 458.29327392578125
16.521440505981445 458.29327392578125
16.521440505981445 458.29327392578125
16.521440505981445 458.29327392578125
16.521440505981445 458.29327392578125
16.521440505981445 458.29327392578125
16.521440505981445 458.29327392578125
16.521440505981445 458.29327392578125
16.521440505981445 458.29327392578125
16.521440505981445 458.29327392578125
16.521440505981445 458.29327392578125
16.521440505981445 458.29327392578125
16.521440505981445 458.29327392578125
16.521440505981445 458.29327392578125
16.521440505981445 458.29327392578125
16.521440505981445 458.29327392578125
16.521440505981445 458.29327392578125
16.521440505981445 458.29327392578125
16.521440505981445 458.29327392578125
16.521440505981445 458.29327392578125
16.521440505981445 458.29327392578125
16.521440505981445 458.29327392578125
16.521440505981445 458.29327392578125
16.521440505981445 458.29327392578125
16.521440505981445 458.29327392578125
16.521440505981445 458.29327392578125
16.521440505981445 458.29327392578125
16.521440505981445 458.29327392578125
16.521440505981445 458.29327392578125
16.521440505981445 458.29327392578125
16.521440505981445 458.29327392578125
16.521440505981445 458.29327392578125
16.521440505981445 458.29327392578125
16.521440505981445 458.29327392578125
16.521440505981445 458.29327392578125
16.521440505981445 458.29327392578125
16.521440505981445 458.29327392578125
16.521440505981445 458.29327392578125
16.521440505981445 458.29327392578125
16.521440505981445 458.29327392578125
16.521440505981445 458.29327392578125
16.521440505981445 458.29327392578125
16.521440505981445 458.29327392578125
16.521440505981445 458.29327392578125
16.521440505981445 458.29327392578125
16.521440505981445 458.29327392578125
16.521440505981445 458.29327392578125
16.521440505981445 458.29327392578125
16.521440505981445 458.29327392578125
16.521440505981445 458.29327392578125
16.521440505981445 458.29327392578125
16.521440505981445 458.29327392578125
16.521440505981445 458.29327392578125
16.521440505981445 458.29327392578125
16.521440505981445 458.29327392578125
16.521440505981445 458.29327392578125
16.521440505981445 458.29327392578125
16.521440505981445 458.29327392578125
16.521440505981445 458.29327392578125
16.521440505981445 458.29327392578125
16.521440505981445 458.29327392578125
16.521440505981445 458.29327392578125
16.521440505981445 458.29327392578125
16.521440505981445 458.29327392578125
16.521440505981445 458.29327392578125
16.521440505981445 458.29327392578125
16.521440505981445 458.29327392578125
16.521440505981445 458.29327392578125
16.521440505981445 458.29327392578125
16.521440505981445 458.29327392578125
16.521440505981445 458.29327392578125
16.521440505981445 458.29327392578125
16.521440505981445 458.29327392578125
16.521440505981445 458.29327392578125
16.521440505981445 458.29327392578125
16.521440505981445 458.29327392578125
16.521440505981445 458.29327392578125
16.521440505981445 458.29327392578125
16.521440505981445 458.29327392578125
16.521440505981445 458.29327392578125
16.521440505981445 458.29327392578125
16.521440505981445 458.29327392578125
16.521440505981445 458.29327392578125
16.521440505981445 458.29327392578125
16.521440505981445 458.29327392578125
16.521440505981445 458.29327392578125
16.521440505981445 458.29327392578125
16.521440505981445 458.29327392578125
16.521440505981445 458.29327392578125
16.521440505981445 458.29327392578125
16.521440505981445 458.29327392578125
16.521440505981445 458.29327392578125
16.521440505981445 458.29327392578125
16.521440505981445 458.29327392578125
16.521440505981445 458.29327392578125
16.521440505981445 458.29327392578125
16.521440505981445 458.29327392578125
16.521440505981445 458.29327392578125
16.521440505981445 458.29327392578125
16.521440505981445 458.29327392578125
16.521440505981445 458.29327392578125
16.521440505981445 458.29327392578125
16.521440505981445 458.29327392578125
16.521440505981445 458.29327392578125
16.521440505981445 458.29327392578125
16.521440505981445 458.29327392578125
16.521440505981445 458.29327392578125
16.521440505981445 458.29327392578125
16.521440505981445 458.29327392578125
16.521440505981445 458.29327392578125
16.521440505981445 458.29327392578125
16.521440505981445 458.29327392578125
16.521440505981445 458.29327392578125
16.521440505981445 458.29327392578125
16.521440505981445 458.29327392578125
16.521440505981445 458.29327392578125
16.521440505981445 458.29327392578125
16.521440505981445 458.29327392578125
16.521440505981445 458.29327392578125
16.521440505981445 458.29327392578125
16.521440505981445 458.29327392578125
16.521440505981445 458.29327392578125
16.521440505981445 458.29327392578125
16.521440505981445 458.29327392578125
16.521440505981445 458.29327392578125
16.521440505981445 458.29327392578125
16.521440505981445 458.29327392578125
16.521440505981445 458.29327392578125
16.521440505981445 458.29327392578125
16.521440505981445 458.29327392578125
16.521440505981445 458.29327392578125
16.521440505981445 458.29327392578125
16.521440505981445 458.29327392578125
16.521440505981445 458.29327392578125
16.521440505981445 458.29327392578125
16.521440505981445 458.29327392578125
16.521440505981445 458.29327392578125
16.521440505981445 458.29327392578125
16.521440505981445 458.29327392578125
16.521440505981445 458.29327392578125
16.521440505981445 458.29327392578125
16.521440505981445 458.29327392578125
16.521440505981445 458.29327392578125
16.521440505981445 458.29327392578125
16.521440505981445 458.29327392578125
16.521440505981445 458.29327392578125
16.521440505981445 458.29327392578125
16.521440505981445 458.29327392578125
16.521440505981445 458.29327392578125
16.521440505981445 458.29327392578125
16.521440505981445 458.29327392578125
16.521440505981445 458.29327392578125
16.521440505981445 458.29327392578125
16.521440505981445 458.29327392578125
16.521440505981445 458.29327392578125
16.521440505981445 458.29327392578125
16.521440505981445 458.29327392578125
16.521440505981445 458.29327392578125
16.521440505981445 458.29327392578125
16.521440505981445 458.29327392578125
16.521440505981445 458.29327392578125
16.521440505981445 458.29327392578125
16.521440505981445 458.29327392578125
16.521440505981445 458.29327392578125
16.521440505981445 458.29327392578125
16.521440505981445 458.29327392578125
16.521440505981445 458.29327392578125
16.521440505981445 458.29327392578125
16.521440505981445 458.29327392578125
16.521440505981445 458.29327392578125
16.521440505981445 458.29327392578125
16.521440505981445 458.29327392578125
16.521440505981445 458.29327392578125
16.521440505981445 458.29327392578125
16.521440505981445 458.29327392578125
16.521440505981445 458.29327392578125
16.521440505981445 458.29327392578125
16.521440505981445 458.29327392578125
16.521440505981445 458.29327392578125
16.521440505981445 458.29327392578125
16.521440505981445 458.29327392578125
16.521440505981445 458.29327392578125
16.521440505981445 458.29327392578125
16.521440505981445 458.29327392578125
16.521440505981445 458.29327392578125
16.521440505981445 458.29327392578125
16.521440505981445 458.29327392578125
16.521440505981445 458.29327392578125
16.521440505981445 458.29327392578125
16.521440505981445 458.29327392578125
16.521440505981445 458.29327392578125
16.521440505981445 458.29327392578125
16.521440505981445 458.29327392578125
16.521440505981445 458.29327392578125
16.521440505981445 458.29327392578125
16.521440505981445 458.29327392578125
16.521440505981445 458.29327392578125
16.521440505981445 458.29327392578125
16.521440505981445 458.29327392578125
16.521440505981445 458.29327392578125
16.521440505981445 458.29327392578125
16.521440505981445 458.29327392578125
16.521440505981445 458.29327392578125
16.521440505981445 458.29327392578125
16.521440505981445 458.29327392578125
16.521440505981445 458.29327392578125
16.521440505981445 458.29327392578125
16.521440505981445 458.29327392578125
16.521440505981445 458.29327392578125
16.521440505981445 458.29327392578125
16.521440505981445 458.29327392578125
16.521440505981445 458.29327392578125
16.521440505981445 458.29327392578125
16.521440505981445 458.29327392578125
16.521440505981445 458.29327392578125
16.521440505981445 458.29327392578125
16.521440505981445 458.29327392578125
16.521440505981445 458.29327392578125
16.521440505981445 458.29327392578125
16.521440505981445 458.29327392578125
16.521440505981445 458.29327392578125
16.521440505981445 458.29327392578125
16.521440505981445 458.29327392578125
16.521440505981445 458.29327392578125
16.521440505981445 458.29327392578125
16.521440505981445 458.29327392578125
16.521440505981445 458.29327392578125
16.521440505981445 458.29327392578125
16.521440505981445 458.29327392578125
16.521440505981445 458.29327392578125
16.521440505981445 458.29327392578125
16.521440505981445 458.29327392578125
16.521440505981445 458.29327392578125
16.521440505981445 458.29327392578125
16.521440505981445 458.29327392578125
16.521440505981445 458.29327392578125
16.521440505981445 458.29327392578125
16.521440505981445 458.29327392578125
16.521440505981445 458.29327392578125
16.521440505981445 458.29327392578125
16.521440505981445 458.29327392578125
16.521440505981445 458.29327392578125
16.521440505981445 458.29327392578125
16.521440505981445 458.29327392578125
16.521440505981445 458.29327392578125
16.521440505981445 458.29327392578125
16.521440505981445 458.29327392578125
16.521440505981445 458.29327392578125
16.521440505981445 458.29327392578125
16.521440505981445 458.29327392578125
16.521440505981445 458.29327392578125
16.521440505981445 458.29327392578125
16.521440505981445 458.29327392578125
16.521440505981445 458.29327392578125
16.521440505981445 458.29327392578125
16.521440505981445 458.29327392578125
16.521440505981445 458.29327392578125
16.521440505981445 458.29327392578125
16.521440505981445 458.29327392578125
16.521440505981445 458.29327392578125
16.521440505981445 458.29327392578125
16.521440505981445 458.29327392578125
16.521440505981445 458.29327392578125
16.521440505981445 458.29327392578125
16.521440505981445 458.29327392578125
16.521440505981445 458.29327392578125
16.521440505981445 458.29327392578125
16.521440505981445 458.29327392578125
16.521440505981445 458.29327392578125
16.521440505981445 458.29327392578125
16.521440505981445 458.29327392578125
16.521440505981445 458.29327392578125
16.521440505981445 458.29327392578125
16.521440505981445 458.29327392578125
16.521440505981445 458.29327392578125
16.521440505981445 458.29327392578125
16.521440505981445 458.29327392578125
16.521440505981445 458.29327392578125
16.521440505981445 458.29327392578125
16.521440505981445 458.29327392578125
16.521440505981445 458.29327392578125
16.521440505981445 458.29327392578125
16.521440505981445 458.29327392578125
16.521440505981445 458.29327392578125
16.521440505981445 458.29327392578125
16.521440505981445 458.29327392578125
16.521440505981445 458.29327392578125
16.521440505981445 458.29327392578125
16.521440505981445 458.29327392578125
16.521440505981445 458.29327392578125
16.521440505981445 458.29327392578125
16.521440505981445 458.29327392578125
16.521440505981445 458.29327392578125
16.521440505981445 458.29327392578125
16.521440505981445 458.29327392578125
16.521440505981445 458.29327392578125
16.521440505981445 458.29327392578125
16.521440505981445 458.29327392578125
16.521440505981445 458.29327392578125
16.521440505981445 458.29327392578125
16.521440505981445 458.29327392578125
16.521440505981445 458.29327392578125
16.521440505981445 458.29327392578125
16.521440505981445 458.29327392578125
16.521440505981445 458.29327392578125
16.521440505981445 458.29327392578125
16.521440505981445 458.29327392578125
16.521440505981445 458.29327392578125
16.521440505981445 458.29327392578125
16.521440505981445 458.29327392578125
16.521440505981445 458.29327392578125
16.521440505981445 458.29327392578125
16.521440505981445 458.29327392578125
16.521440505981445 458.29327392578125
16.521440505981445 458.29327392578125
16.521440505981445 458.29327392578125
16.521440505981445 458.29327392578125
16.521440505981445 458.29327392578125
16.521440505981445 458.29327392578125
16.521440505981445 458.29327392578125
16.521440505981445 458.29327392578125
16.521440505981445 458.29327392578125
16.521440505981445 458.29327392578125
16.521440505981445 458.29327392578125
16.521440505981445 458.29327392578125
16.521440505981445 458.29327392578125
16.521440505981445 458.29327392578125
16.521440505981445 458.29327392578125
16.521440505981445 458.29327392578125
16.521440505981445 458.29327392578125
16.521440505981445 458.29327392578125
16.521440505981445 458.29327392578125
16.521440505981445 458.29327392578125
16.521440505981445 458.29327392578125
16.521440505981445 458.29327392578125
16.521440505981445 458.29327392578125
16.521440505981445 458.29327392578125
16.521440505981445 458.29327392578125
16.521440505981445 458.29327392578125
16.521440505981445 458.29327392578125
16.521440505981445 458.29327392578125
16.521440505981445 458.29327392578125
16.521440505981445 458.29327392578125
16.521440505981445 458.29327392578125
16.521440505981445 458.29327392578125
16.521440505981445 458.29327392578125
16.521440505981445 458.29327392578125
16.521440505981445 458.29327392578125
16.521440505981445 458.29327392578125
16.521440505981445 458.29327392578125
16.521440505981445 458.29327392578125
16.521440505981445 458.29327392578125
16.521440505981445 458.29327392578125
16.521440505981445 458.29327392578125
16.521440505981445 458.29327392578125
16.521440505981445 458.29327392578125
16.521440505981445 458.29327392578125
16.521440505981445 458.29327392578125
16.521440505981445 458.29327392578125
16.521440505981445 458.29327392578125
16.521440505981445 458.29327392578125
16.521440505981445 458.29327392578125
16.521440505981445 458.29327392578125
16.521440505981445 458.29327392578125
16.521440505981445 458.29327392578125
16.521440505981445 458.29327392578125
16.521440505981445 458.29327392578125
16.521440505981445 458.29327392578125
16.521440505981445 458.29327392578125
16.521440505981445 458.29327392578125
16.521440505981445 458.29327392578125
16.521440505981445 458.29327392578125
16.521440505981445 458.29327392578125
16.521440505981445 458.29327392578125
16.521440505981445 458.29327392578125
16.521440505981445 458.29327392578125
16.521440505981445 458.29327392578125
16.521440505981445 458.29327392578125
16.521440505981445 458.29327392578125
16.521440505981445 458.29327392578125
16.521440505981445 458.29327392578125
16.521440505981445 458.29327392578125
16.521440505981445 458.29327392578125
16.521440505981445 458.29327392578125
16.521440505981445 458.29327392578125
16.521440505981445 458.29327392578125
16.521440505981445 458.29327392578125
16.521440505981445 458.29327392578125
16.521440505981445 458.29327392578125
16.521440505981445 458.29327392578125
16.521440505981445 458.29327392578125
16.521440505981445 458.29327392578125
16.521440505981445 458.29327392578125
16.521440505981445 458.29327392578125
16.521440505981445 458.29327392578125
16.521440505981445 458.29327392578125
16.521440505981445 458.29327392578125
16.521440505981445 458.29327392578125
16.521440505981445 458.29327392578125
16.521440505981445 458.29327392578125
16.521440505981445 458.29327392578125
16.521440505981445 458.29327392578125
16.521440505981445 458.29327392578125
16.521440505981445 458.29327392578125
16.521440505981445 458.29327392578125
16.521440505981445 458.29327392578125
16.521440505981445 458.29327392578125
16.521440505981445 458.29327392578125
16.521440505981445 458.29327392578125
16.521440505981445 458.29327392578125
16.521440505981445 458.29327392578125
16.521440505981445 458.29327392578125
16.521440505981445 458.29327392578125
16.521440505981445 458.29327392578125
16.521440505981445 458.29327392578125
16.521440505981445 458.29327392578125
16.521440505981445 458.29327392578125
16.521440505981445 458.29327392578125
16.521440505981445 458.29327392578125
16.521440505981445 458.29327392578125
16.521440505981445 458.29327392578125
16.521440505981445 458.29327392578125
16.521440505981445 458.29327392578125
16.521440505981445 458.29327392578125
16.521440505981445 458.29327392578125
16.521440505981445 458.29327392578125
16.521440505981445 458.29327392578125
16.521440505981445 458.29327392578125
16.521440505981445 458.29327392578125
16.521440505981445 458.29327392578125
16.521440505981445 458.29327392578125
16.521440505981445 458.29327392578125
16.521440505981445 458.29327392578125
16.521440505981445 458.29327392578125
16.521440505981445 458.29327392578125
16.521440505981445 458.29327392578125
16.521440505981445 458.29327392578125
16.521440505981445 458.29327392578125
16.521440505981445 458.29327392578125
16.521440505981445 458.29327392578125
16.521440505981445 458.29327392578125
16.521440505981445 458.29327392578125
16.521440505981445 458.29327392578125
16.521440505981445 458.29327392578125
16.521440505981445 458.29327392578125
16.521440505981445 458.29327392578125
16.521440505981445 458.29327392578125
16.521440505981445 458.29327392578125
16.521440505981445 458.29327392578125
16.521440505981445 458.29327392578125
16.521440505981445 458.29327392578125
16.521440505981445 458.29327392578125
16.521440505981445 458.29327392578125
16.521440505981445 458.29327392578125
16.521440505981445 458.29327392578125
16.521440505981445 458.29327392578125
16.521440505981445 458.29327392578125
16.521440505981445 458.29327392578125
16.521440505981445 458.29327392578125
16.521440505981445 458.29327392578125
16.521440505981445 458.29327392578125
16.521440505981445 458.29327392578125
16.521440505981445 458.29327392578125
16.521440505981445 458.29327392578125
16.521440505981445 458.29327392578125
16.521440505981445 458.29327392578125
16.521440505981445 458.29327392578125
16.521440505981445 458.29327392578125
16.521440505981445 458.29327392578125
16.521440505981445 458.29327392578125
16.521440505981445 458.29327392578125
16.521440505981445 458.29327392578125
16.521440505981445 458.29327392578125
16.521440505981445 458.29327392578125
16.521440505981445 458.29327392578125
16.521440505981445 458.29327392578125
16.521440505981445 458.29327392578125
16.521440505981445 458.29327392578125
16.521440505981445 458.29327392578125
16.521440505981445 458.29327392578125
16.521440505981445 458.29327392578125
16.521440505981445 458.29327392578125
16.521440505981445 458.29327392578125
16.521440505981445 458.29327392578125
16.521440505981445 458.29327392578125
16.521440505981445 458.29327392578125
16.521440505981445 458.29327392578125
16.521440505981445 458.29327392578125
16.521440505981445 458.29327392578125
16.521440505981445 458.29327392578125
16.521440505981445 458.29327392578125
16.521440505981445 458.29327392578125
16.521440505981445 458.29327392578125
16.521440505981445 458.29327392578125
16.521440505981445 458.29327392578125
16.521440505981445 458.29327392578125
16.521440505981445 458.29327392578125
16.521440505981445 458.29327392578125
16.521440505981445 458.29327392578125
16.521440505981445 458.29327392578125
16.521440505981445 458.29327392578125
16.521440505981445 458.29327392578125
16.521440505981445 458.29327392578125
16.521440505981445 458.29327392578125
16.521440505981445 458.29327392578125
16.521440505981445 458.29327392578125
16.521440505981445 458.29327392578125
16.521440505981445 458.29327392578125
16.521440505981445 458.29327392578125
16.521440505981445 458.29327392578125
16.521440505981445 458.29327392578125
16.521440505981445 458.29327392578125
16.521440505981445 458.29327392578125
16.521440505981445 458.29327392578125
16.521440505981445 458.29327392578125
16.521440505981445 458.29327392578125
16.521440505981445 458.29327392578125
16.521440505981445 458.29327392578125
16.521440505981445 458.29327392578125
16.521440505981445 458.29327392578125
16.521440505981445 458.29327392578125
16.521440505981445 458.29327392578125
16.521440505981445 458.29327392578125
16.521440505981445 458.29327392578125
16.521440505981445 458.29327392578125
16.521440505981445 458.29327392578125
16.521440505981445 458.29327392578125
16.521440505981445 458.29327392578125
16.521440505981445 458.29327392578125
16.521440505981445 458.29327392578125
16.521440505981445 458.29327392578125
16.521440505981445 458.29327392578125
16.521440505981445 458.29327392578125
16.521440505981445 458.29327392578125
16.521440505981445 458.29327392578125
16.521440505981445 458.29327392578125
16.521440505981445 458.29327392578125
16.521440505981445 458.29327392578125
16.521440505981445 458.29327392578125
16.521440505981445 458.29327392578125
16.521440505981445 458.29327392578125
16.521440505981445 458.29327392578125
16.521440505981445 458.29327392578125
16.521440505981445 458.29327392578125
16.521440505981445 458.29327392578125
16.521440505981445 458.29327392578125
16.521440505981445 458.29327392578125
16.521440505981445 458.29327392578125
16.521440505981445 458.29327392578125
16.521440505981445 458.29327392578125
16.521440505981445 458.29327392578125
16.521440505981445 458.29327392578125
16.521440505981445 458.29327392578125
16.521440505981445 458.29327392578125
16.521440505981445 458.29327392578125
16.521440505981445 458.29327392578125
16.521440505981445 458.29327392578125
16.521440505981445 458.29327392578125
16.521440505981445 458.29327392578125
16.521440505981445 458.29327392578125
16.521440505981445 458.29327392578125
16.521440505981445 458.29327392578125
16.521440505981445 458.29327392578125
16.521440505981445 458.29327392578125
16.521440505981445 458.29327392578125
16.521440505981445 458.29327392578125
16.521440505981445 458.29327392578125
16.521440505981445 458.29327392578125
16.521440505981445 458.29327392578125
16.521440505981445 458.29327392578125
16.521440505981445 458.29327392578125
16.521440505981445 458.29327392578125
16.521440505981445 458.29327392578125
16.521440505981445 458.29327392578125
16.521440505981445 458.29327392578125
16.521440505981445 458.29327392578125
16.521440505981445 458.29327392578125
16.521440505981445 458.29327392578125
16.521440505981445 458.29327392578125
16.521440505981445 458.29327392578125
16.521440505981445 458.29327392578125
16.521440505981445 458.29327392578125
16.521440505981445 458.29327392578125
16.521440505981445 458.29327392578125
16.521440505981445 458.29327392578125
16.521440505981445 458.29327392578125
16.521440505981445 458.29327392578125
16.521440505981445 458.29327392578125
16.521440505981445 458.29327392578125
16.521440505981445 458.29327392578125
16.521440505981445 458.29327392578125
16.521440505981445 458.29327392578125
16.521440505981445 458.29327392578125
16.521440505981445 458.29327392578125
16.521440505981445 458.29327392578125
16.521440505981445 458.29327392578125
16.521440505981445 458.29327392578125
16.521440505981445 458.29327392578125
16.521440505981445 458.29327392578125
16.521440505981445 458.29327392578125
16.521440505981445 458.29327392578125
16.521440505981445 458.29327392578125
16.521440505981445 458.29327392578125
16.521440505981445 458.29327392578125
16.521440505981445 458.29327392578125
16.521440505981445 458.29327392578125
16.521440505981445 458.29327392578125
16.521440505981445 458.29327392578125
16.521440505981445 458.29327392578125
16.521440505981445 458.29327392578125
16.521440505981445 458.29327392578125
16.521440505981445 458.29327392578125
16.521440505981445 458.29327392578125
16.521440505981445 458.29327392578125
16.521440505981445 458.29327392578125
16.521440505981445 458.29327392578125
16.521440505981445 458.29327392578125
16.521440505981445 458.29327392578125
16.521440505981445 458.29327392578125
16.521440505981445 458.29327392578125
16.521440505981445 458.29327392578125
16.521440505981445 458.29327392578125
16.521440505981445 458.29327392578125
16.521440505981445 458.29327392578125
16.521440505981445 458.29327392578125
16.521440505981445 458.29327392578125
16.521440505981445 458.29327392578125
16.521440505981445 458.29327392578125
16.521440505981445 458.29327392578125
16.521440505981445 458.29327392578125
16.521440505981445 458.29327392578125
16.521440505981445 458.29327392578125
16.521440505981445 458.29327392578125
16.521440505981445 458.29327392578125
16.521440505981445 458.29327392578125
16.521440505981445 458.29327392578125
16.521440505981445 458.29327392578125
16.521440505981445 458.29327392578125
16.521440505981445 458.29327392578125
16.521440505981445 458.29327392578125
16.521440505981445 458.29327392578125
16.521440505981445 458.29327392578125
16.521440505981445 458.29327392578125
16.521440505981445 458.29327392578125
16.521440505981445 458.29327392578125
16.521440505981445 458.29327392578125
16.521440505981445 458.29327392578125
16.521440505981445 458.29327392578125
16.521440505981445 458.29327392578125
16.521440505981445 458.29327392578125
16.521440505981445 458.29327392578125
16.521440505981445 458.29327392578125
16.521440505981445 458.29327392578125
16.521440505981445 458.29327392578125
16.521440505981445 458.29327392578125
16.521440505981445 458.29327392578125
16.521440505981445 458.29327392578125
16.521440505981445 458.29327392578125
16.521440505981445 458.29327392578125
16.521440505981445 458.29327392578125
16.521440505981445 458.29327392578125
16.521440505981445 458.29327392578125
16.521440505981445 458.29327392578125
16.521440505981445 458.29327392578125
16.521440505981445 458.29327392578125
16.521440505981445 458.29327392578125
16.521440505981445 458.29327392578125
16.521440505981445 458.29327392578125
16.521440505981445 458.29327392578125
16.521440505981445 458.29327392578125
16.521440505981445 458.29327392578125
16.521440505981445 458.29327392578125
16.521440505981445 458.29327392578125
16.521440505981445 458.29327392578125
16.521440505981445 458.29327392578125
16.521440505981445 458.29327392578125
16.521440505981445 458.29327392578125
16.521440505981445 458.29327392578125
16.521440505981445 458.29327392578125
16.521440505981445 458.29327392578125
16.521440505981445 458.29327392578125
16.521440505981445 458.29327392578125
16.521440505981445 458.29327392578125
16.521440505981445 458.29327392578125
16.521440505981445 458.29327392578125
16.521440505981445 458.29327392578125
16.521440505981445 458.29327392578125
16.521440505981445 458.29327392578125
16.521440505981445 458.29327392578125
16.521440505981445 458.29327392578125
16.521440505981445 458.29327392578125
16.521440505981445 458.29327392578125
16.521440505981445 458.29327392578125
16.521440505981445 458.29327392578125
16.521440505981445 458.29327392578125
16.521440505981445 458.29327392578125
16.521440505981445 458.29327392578125
16.521440505981445 458.29327392578125
16.521440505981445 458.29327392578125
16.521440505981445 458.29327392578125
16.521440505981445 458.29327392578125
16.521440505981445 458.29327392578125
16.521440505981445 458.29327392578125
16.521440505981445 458.29327392578125
16.521440505981445 458.29327392578125
16.521440505981445 458.29327392578125
16.521440505981445 458.29327392578125
16.521440505981445 458.29327392578125
16.521440505981445 458.29327392578125
16.521440505981445 458.29327392578125
16.521440505981445 458.29327392578125
16.521440505981445 458.29327392578125
16.521440505981445 458.29327392578125
16.521440505981445 458.29327392578125
16.521440505981445 458.29327392578125
16.521440505981445 458.29327392578125
16.521440505981445 458.29327392578125
16.521440505981445 458.29327392578125
16.521440505981445 458.29327392578125
16.521440505981445 458.29327392578125
16.521440505981445 458.29327392578125
16.521440505981445 458.29327392578125
16.521440505981445 458.29327392578125
16.521440505981445 458.29327392578125
16.521440505981445 458.29327392578125
16.521440505981445 458.29327392578125
16.521440505981445 458.29327392578125
16.521440505981445 458.29327392578125
16.521440505981445 458.29327392578125
16.521440505981445 458.29327392578125
16.521440505981445 458.29327392578125
16.521440505981445 458.29327392578125
16.521440505981445 458.29327392578125
16.521440505981445 458.29327392578125
16.521440505981445 458.29327392578125
16.521440505981445 458.29327392578125
16.521440505981445 458.29327392578125
16.521440505981445 458.29327392578125
16.521440505981445 458.29327392578125
16.521440505981445 458.29327392578125
16.521440505981445 458.29327392578125
16.521440505981445 458.29327392578125
16.521440505981445 458.29327392578125
16.521440505981445 458.29327392578125
16.521440505981445 458.29327392578125
16.521440505981445 458.29327392578125
16.521440505981445 458.29327392578125
16.521440505981445 458.29327392578125
16.521440505981445 458.29327392578125
16.521440505981445 458.29327392578125
16.521440505981445 458.29327392578125
16.521440505981445 458.29327392578125
16.521440505981445 458.29327392578125
16.521440505981445 458.29327392578125
16.521440505981445 458.29327392578125
16.521440505981445 458.29327392578125
16.521440505981445 458.29327392578125
16.521440505981445 458.29327392578125
16.521440505981445 458.29327392578125
16.521440505981445 458.29327392578125
16.521440505981445 458.29327392578125
16.521440505981445 458.29327392578125
16.521440505981445 458.29327392578125
16.521440505981445 458.29327392578125
16.521440505981445 458.29327392578125
16.521440505981445 458.29327392578125
16.521440505981445 458.29327392578125
16.521440505981445 458.29327392578125
16.521440505981445 458.29327392578125
16.521440505981445 458.29327392578125
16.521440505981445 458.29327392578125
16.521440505981445 458.29327392578125
16.521440505981445 458.29327392578125
16.521440505981445 458.29327392578125
16.521440505981445 458.29327392578125
16.521440505981445 458.29327392578125
16.521440505981445 458.29327392578125
16.521440505981445 458.29327392578125
16.521440505981445 458.29327392578125
16.521440505981445 458.29327392578125
16.521440505981445 458.29327392578125
16.521440505981445 458.29327392578125
16.521440505981445 458.29327392578125
16.521440505981445 458.29327392578125
16.521440505981445 458.29327392578125
16.521440505981445 458.29327392578125
16.521440505981445 458.29327392578125
16.521440505981445 458.29327392578125
16.521440505981445 458.29327392578125
16.521440505981445 458.29327392578125
16.521440505981445 458.29327392578125
16.521440505981445 458.29327392578125
16.521440505981445 458.29327392578125
16.521440505981445 458.29327392578125
16.521440505981445 458.29327392578125
16.521440505981445 458.29327392578125
16.521440505981445 458.29327392578125
16.521440505981445 458.29327392578125
16.521440505981445 458.29327392578125
16.521440505981445 458.29327392578125
16.521440505981445 458.29327392578125
16.521440505981445 458.29327392578125
16.521440505981445 458.29327392578125
16.521440505981445 458.29327392578125
16.521440505981445 458.29327392578125
16.521440505981445 458.29327392578125
16.521440505981445 458.29327392578125
16.521440505981445 458.29327392578125
16.521440505981445 458.29327392578125
16.521440505981445 458.29327392578125
16.521440505981445 458.29327392578125
16.521440505981445 458.29327392578125
16.521440505981445 458.29327392578125
16.521440505981445 458.29327392578125
16.521440505981445 458.29327392578125
16.521440505981445 458.29327392578125
16.521440505981445 458.29327392578125
16.521440505981445 458.29327392578125
16.521440505981445 458.29327392578125
16.521440505981445 458.29327392578125
16.521440505981445 458.29327392578125
16.521440505981445 458.29327392578125
16.521440505981445 458.29327392578125
16.521440505981445 458.29327392578125
16.521440505981445 458.29327392578125
16.521440505981445 458.29327392578125
16.521440505981445 458.29327392578125
16.521440505981445 458.29327392578125
16.521440505981445 458.29327392578125
16.521440505981445 458.29327392578125
16.521440505981445 458.29327392578125
16.521440505981445 458.29327392578125
16.521440505981445 458.29327392578125
16.521440505981445 458.29327392578125
16.521440505981445 458.29327392578125
16.521440505981445 458.29327392578125
16.521440505981445 458.29327392578125
16.521440505981445 458.29327392578125
16.521440505981445 458.29327392578125
16.521440505981445 458.29327392578125
16.521440505981445 458.29327392578125
16.521440505981445 458.29327392578125
16.521440505981445 458.29327392578125
16.521440505981445 458.29327392578125
16.521440505981445 458.29327392578125
16.521440505981445 458.29327392578125
16.521440505981445 458.29327392578125
16.521440505981445 458.29327392578125
16.521440505981445 458.29327392578125
16.521440505981445 458.29327392578125
16.521440505981445 458.29327392578125
16.521440505981445 458.29327392578125
16.521440505981445 458.29327392578125
16.521440505981445 458.29327392578125
16.521440505981445 458.29327392578125
16.521440505981445 458.29327392578125
16.521440505981445 458.29327392578125
16.521440505981445 458.29327392578125
16.521440505981445 458.29327392578125
16.521440505981445 458.29327392578125
16.521440505981445 458.29327392578125
16.521440505981445 458.29327392578125
16.521440505981445 458.29327392578125
16.521440505981445 458.29327392578125
16.521440505981445 458.29327392578125
