60.04990005493164 450.0458068847656
60.00297927856445 450.0096435546875
59.95310592651367 449.9776611328125
59.900657653808594 449.9501037597656
59.84602355957031 449.92718505859375
59.789615631103516 449.9090881347656
59.73185348510742 449.89593505859375
59.67316818237305 449.8878173828125
59.61399841308594 449.8847961425781
59.55479049682617 449.88690185546875
59.4959831237793 449.89410400390625
59.438018798828125 449.9063720703125
59.38133239746094 449.923583984375
59.32634735107422 449.9456481933594
59.27347183227539 449.9723815917969
59.22310256958008 450.0035705566406
59.175621032714844 450.03900146484375
59.131378173828125 450.0783996582031
59.09070587158203 450.1214904785156
59.05390548706055 450.16790771484375
59.02125549316406 450.21734619140625
58.99300003051758 450.2694091796875
58.9693489074707 450.32373046875
58.95048141479492 450.3798828125
58.93653869628906 450.4374694824219
58.9276237487793 450.49603271484375
58.92380142211914 450.5551452636719
58.92510223388672 450.6143798828125
58.9315185546875 450.67327880859375
58.942996978759766 450.7314147949219
58.95945739746094 450.788330078125
58.98076629638672 450.8435974121094
59.00674819946289 450.8967590332031
59.03715896606445 450.9473571777344
59.07193374633789 450.99530029296875
59.11058807373047 451.0398864746094
59.10504913330078 451.03448486328125
59.05199432373047 450.9899597167969
58.995609283447266 450.94921875
58.936424255371094 450.91265869140625
58.87474822998047 450.8804931640625
58.81090545654297 450.8528747558594
58.74523162841797 450.8299255371094
58.678070068359375 450.8117980957031
58.609771728515625 450.798583984375
58.54069519042969 450.79034423828125
58.47120666503906 450.787109375
58.40167236328125 450.7889099121094
58.332550048828125 450.7957458496094
58.27314376831055 450.805908203125
58.26032257080078 450.8089599609375
58.253021240234375 450.8111572265625
58.26411819458008 450.8070983886719
58.360015869140625 450.76470947265625
58.48115539550781 450.7002868652344
58.59825134277344 450.6261901855469
58.67582702636719 450.56805419921875
58.7205924987793 450.5282287597656
58.76130676269531 450.48516845703125
58.798133850097656 450.4387512207031
58.830810546875 450.38934326171875
58.85909652709961 450.3372802734375
58.88277816772461 450.282958984375
58.901676177978516 450.226806640625
58.915653228759766 450.1692199707031
58.92460250854492 450.11065673828125
58.9284553527832 450.0515441894531
58.92718505859375 449.9923095703125
58.92080307006836 449.93341064453125
58.90935516357422 449.8752746582031
58.89292526245117 449.818359375
58.871639251708984 449.7630615234375
58.84565734863281 449.7098083496094
58.81517028808594 449.65899658203125
58.7804069519043 449.61102294921875
58.74163055419922 449.56622314453125
58.699127197265625 449.52496337890625
58.65321731567383 449.4875183105469
58.60424041748047 449.4541931152344
58.55256652832031 449.4252014160156
58.49858093261719 449.4007873535156
58.44268798828125 449.3811340332031
58.38530731201172 449.36639404296875
58.326866149902344 449.3566589355469
58.26780319213867 449.3520202636719
58.208560943603516 449.35247802734375
58.14957809448242 449.3580627441406
58.09130096435547 449.36871337890625
58.03416442871094 449.3843688964844
57.97859191894531 449.4049072265625
57.92500305175781 449.43017578125
57.87379837036133 449.4599914550781
57.82535934448242 449.4941101074219
57.78004837036133 449.53228759765625
57.73820877075195 449.57421875
57.70014953613281 449.61962890625
57.66615676879883 449.66815185546875
57.63648223876953 449.71942138671875
57.611351013183594 449.7730712890625
57.59095001220703 449.8287048339844
57.57543182373047 449.8858947753906
57.564910888671875 449.9442138671875
57.55946731567383 450.0032043457031
57.55914306640625 450.06243896484375
57.56393814086914 450.1214904785156
57.57381820678711 450.1799011230469
57.588706970214844 450.23724365234375
57.608482360839844 450.2930603027344
57.632957458496094 450.3468322753906
57.66184997558594 450.3980407714844
57.695064544677734 450.4465637207031
57.732582092285156 450.4923095703125
57.705745697021484 450.4645080566406
57.6539306640625 450.4182434082031
57.59882354736328 450.37579345703125
57.54078674316406 450.3374328613281
57.48012924194336 450.3033752441406
57.41716384887695 450.2738037109375
57.35222625732422 450.2488708496094
57.28565216064453 450.22869873046875
57.21779251098633 450.21337890625
57.14900207519531 450.2030334472656
57.07964324951172 450.19769287109375
57.01008224487305 450.1973876953125
56.94071960449219 450.20208740234375
56.87375259399414 450.2115173339844
56.84901428222656 450.2167053222656
56.839256286621094 450.2193603515625
56.837825775146484 450.2198486328125
56.906654357910156 450.19183349609375
57.02387237548828 450.1342468261719
57.14774703979492 450.06146240234375
57.258968353271484 449.9841613769531
57.323387145996094 449.9312744140625
57.36680603027344 449.88897705078125
57.4055290222168 449.8441162109375
57.44022750854492 449.79608154296875
57.470645904541016 449.7452392578125
57.496559143066406 449.69195556640625
57.51777267456055 449.6366271972656
57.53412628173828 449.5796813964844
57.54549789428711 449.52154541015625
57.55179977416992 449.462646484375
57.5529899597168 449.4034118652344
57.54905700683594 449.34429931640625
57.54003143310547 449.2857360839844
57.525978088378906 449.2281799316406
57.50700378417969 449.17205810546875
57.48324966430664 449.1177673339844
57.45489501953125 449.06573486328125
57.42215347290039 449.016357421875
57.3852653503418 448.9700012207031
57.34450912475586 448.927001953125
57.30018997192383 448.8876953125
57.25263977050781 448.85235595703125
57.202213287353516 448.8212585449219
57.149288177490234 448.79461669921875
57.094261169433594 448.7726745605469
57.037540435791016 448.75555419921875
56.97955322265625 448.743408203125
56.92073440551758 448.7362976074219
56.86152267456055 448.73431396484375
56.80236053466797 448.7374572753906
56.743690490722656 448.7456970214844
56.685951232910156 448.75897216796875
56.629573822021484 448.7771911621094
56.574981689453125 448.8002014160156
56.5225830078125 448.8278503417969
56.47277069091797 448.85992431640625
56.42591857910156 448.89617919921875
56.38237380981445 448.93634033203125
56.342464447021484 448.9801330566406
56.306488037109375 449.0271911621094
56.27471160888672 449.07720947265625
56.24737548828125 449.1297607421875
56.22468185424805 449.1844787597656
56.20680236816406 449.240966796875
56.193870544433594 449.2987976074219
56.18598556518555 449.3575134277344
56.183204650878906 449.41668701171875
56.185546875 449.47589111328125
56.192996978759766 449.53466796875
56.20549392700195 449.5925598144531
56.222938537597656 449.6491394042969
56.24515151977539 449.703857421875
56.27193832397461 449.7563171386719
56.30283737182617 449.80572509765625
56.33843994140625 449.85302734375
56.36885070800781 449.8869323730469
56.31975173950195 449.8401794433594
56.26603698730469 449.7959899902344
56.209259033203125 449.75579833984375
56.149723052978516 449.7198181152344
56.087738037109375 449.688232421875
56.02363204956055 449.6612243652344
55.957740783691406 449.638916015625
55.89040756225586 449.6214294433594
55.82198715209961 449.60888671875
55.75283432006836 449.601318359375
55.683319091796875 449.5987854003906
55.613807678222656 449.6012878417969
55.545188903808594 449.6087341308594
55.51145553588867 449.6147155761719
55.500370025634766 449.61737060546875
55.492435455322266 449.6197814941406
55.50251770019531 449.6160583496094
55.59990692138672 449.57275390625
55.72240447998047 449.5072326660156
55.84407043457031 449.4299011230469
55.94737243652344 449.3525695800781
56.00104904174805 449.30511474609375
56.04224395751953 449.2618713378906
56.07925796508789 449.2156066894531
56.11213302612305 449.16632080078125
56.140628814697266 449.1143798828125
56.164527893066406 449.0601806640625
56.18365478515625 449.0041198730469
56.1978645324707 448.94659423828125
56.20705032348633 448.8880615234375
56.211143493652344 448.8289489746094
56.210113525390625 448.76971435546875
56.2039680480957 448.7107849121094
56.19275665283203 448.6526184082031
56.17655944824219 448.59564208984375
56.15549850463867 448.5402526855469
56.129730224609375 448.4869079589844
56.099449157714844 448.43597412109375
56.06488037109375 448.3878479003906
56.026283264160156 448.3428955078125
55.98394775390625 448.30145263671875
55.93818664550781 448.2638244628906
55.889347076416016 448.23028564453125
55.837791442871094 448.2010803222656
55.783905029296875 448.17645263671875
55.728092193603516 448.1565856933594
55.670772552490234 448.1416015625
55.61237335205078 448.1316223144531
55.55332946777344 448.1267395019531
55.494083404541016 448.1269836425781
55.435081481933594 448.13232421875
55.37676239013672 448.14276123046875
55.31956100463867 448.158203125
55.26390838623047 448.17852783203125
55.2102165222168 448.2035827636719
55.15888977050781 448.2331848144531
55.110313415527344 448.26708984375
55.064849853515625 448.3050842285156
55.0228385925293 448.34686279296875
54.984596252441406 448.3921203613281
54.95040512084961 448.44049072265625
54.92052459716797 448.49163818359375
54.89517593383789 448.5451965332031
54.874549865722656 448.6007385253906
54.85879898071289 448.6578369140625
54.84804153442383 448.7160949707031
54.84235763549805 448.7750549316406
54.841793060302734 448.83428955078125
54.84634780883789 448.89337158203125
54.85599136352539 448.9518127441406
54.87063980102539 449.0091857910156
54.89013671875 449.0649108886719
54.91415023803711 449.11822509765625
54.94243240356445 449.1688232421875
54.97553253173828 449.21759033203125
54.99152755737305 449.2373352050781
54.9440803527832 449.187255859375
54.892757415771484 449.1404113769531
54.83811950683594 449.09735107421875
54.78050994873047 449.058349609375
54.7202262878418 449.02362060546875
54.657588958740234 448.99334716796875
54.592926025390625 448.9676818847656
54.52657699584961 448.94677734375
54.45888900756836 448.93072509765625
54.39021682739258 448.91961669921875
54.3209228515625 448.91351318359375
54.25136947631836 448.9124450683594
54.18204116821289 448.9163818359375
54.11434555053711 448.9251708984375
54.097511291503906 448.9284973144531
54.089168548583984 448.9306640625
54.081565856933594 448.93310546875
54.115840911865234 448.9197692871094
54.21548080444336 448.873046875
54.33968734741211 448.8033447265625
54.460472106933594 448.7230529785156
54.57365417480469 448.6347961425781
54.65793991088867 448.557861328125
54.69877624511719 448.51385498046875
54.73517608642578 448.46710205078125
54.767398834228516 448.4173889160156
54.79520797729492 448.3650817871094
54.818389892578125 448.310546875
54.83677291870117 448.25421142578125
54.850223541259766 448.1965026855469
54.85863494873047 448.1378479003906
54.8619499206543 448.0787048339844
54.86014175415039 448.0195007324219
54.85322189331055 447.9606628417969
54.841243743896484 447.90264892578125
54.82429504394531 447.84588623046875
54.80250549316406 447.7908020019531
54.77603530883789 447.73779296875
54.745086669921875 447.6872863769531
54.70988845825195 447.6396179199219
54.67070388793945 447.5951843261719
54.62782287597656 447.5542907714844
54.58156967163086 447.51727294921875
54.532291412353516 447.484375
54.48035430908203 447.45587158203125
54.426151275634766 447.43194580078125
54.37008285522461 447.4128112792969
54.31256866455078 447.3985900878906
54.25404357910156 447.3893737792969
54.19493865966797 447.38525390625
54.13570022583008 447.3862609863281
54.0767707824707 447.39239501953125
54.018592834472656 447.4035949707031
53.96160125732422 447.4197692871094
53.906219482421875 447.4408264160156
53.85286331176758 447.4665832519531
53.80193328857422 447.4968566894531
53.753807067871094 447.5314025878906
53.70884704589844 447.5699768066406
53.66739273071289 447.6123046875
53.6297492980957 447.6580505371094
53.59619903564453 447.7068786621094
53.566993713378906 447.7584228515625
53.542354583740234 447.8122863769531
53.5224609375 447.86810302734375
53.50746536254883 447.9254150390625
53.49747848510742 447.98382568359375
53.49257278442383 448.0428771972656
53.49279022216797 448.10211181640625
53.49812316894531 448.1611022949219
53.5085334777832 448.21942138671875
53.52392578125 448.27655029296875
53.544071197509766 448.331787109375
53.56840896606445 448.38397216796875
53.59661865234375 448.4328918457031
53.63045883178711 448.4813232421875
53.659812927246094 448.5164794921875
53.61119079589844 448.4667663574219
53.55908203125 448.4206848144531
53.5037727355957 448.37847900390625
53.445552825927734 448.34039306640625
53.38473129272461 448.3066101074219
53.321624755859375 448.27734375
53.256568908691406 448.2527160644531
53.18989944458008 448.23284912109375
53.12196731567383 448.2178649902344
53.053131103515625 448.20782470703125
52.98374938964844 448.2027893066406
52.914188385009766 448.2027893066406
52.84492111206055 448.20782470703125
52.78057098388672 448.2171630859375
52.76166534423828 448.22119140625
52.75454330444336 448.22314453125
52.746036529541016 448.22601318359375
52.75581359863281 448.2220458984375
52.82122039794922 448.19049072265625
52.943321228027344 448.1205139160156
53.06344223022461 448.0390930175781
53.17674255371094 447.9491271972656
53.26927185058594 447.8633117675781
53.314483642578125 447.8139343261719
53.350608825683594 447.7669372558594
53.38252258300781 447.7170104980469
53.410003662109375 447.6645202636719
53.43284606933594 447.60986328125
53.45087814331055 447.5534362792969
53.463966369628906 447.49566650390625
53.47201156616211 447.4369812011719
53.47495651245117 447.3778076171875
53.4727783203125 447.318603515625
53.465492248535156 447.2597961425781
53.45315170288086 447.20184326171875
53.435848236083984 447.1451721191406
53.41371536254883 447.0902099609375
53.38691711425781 447.0373840332031
53.35565185546875 446.987060546875
53.32015609741211 446.93963623046875
53.28069305419922 446.89544677734375
53.2375602722168 446.8548278808594
53.191078186035156 446.8180847167969
53.14159393310547 446.7854919433594
53.089481353759766 446.7572937011719
53.03512954711914 446.7337341308594
52.97894287109375 446.7149353027344
52.92134094238281 446.7010803222656
52.86275863647461 446.6922302246094
52.80363082885742 446.6884765625
52.74440002441406 446.6898498535156
52.68551254272461 446.69635009765625
52.62740707397461 446.7079162597656
52.57051467895508 446.7244567871094
52.51526641845703 446.745849609375
52.462074279785156 446.7719421386719
52.41133499145508 446.8025207519531
52.363426208496094 446.8373718261719
52.31871032714844 446.8762512207031
52.27751922607422 446.9188232421875
52.24016189575195 446.9648132324219
52.20691680908203 447.01385498046875
52.178035736083984 447.0655822753906
52.15373229980469 447.1195983886719
52.13418960571289 447.175537109375
52.11955261230469 447.2329406738281
52.10993194580078 447.2914123535156
52.10539627075195 447.3504943847656
52.10598373413086 447.40972900390625
52.11168670654297 447.46868896484375
52.122459411621094 447.52691650390625
52.13817596435547 447.5838317871094
52.15847396850586 447.6383972167969
52.182308197021484 447.68865966796875
52.210052490234375 447.7360534667969
52.2440071105957 447.7839660644531
52.201759338378906 447.7333984375
52.1534309387207 447.6834411621094
52.10157012939453 447.6370544433594
52.046485900878906 447.59454345703125
51.988468170166016 447.5561218261719
51.92781448364258 447.5220031738281
51.8648567199707 447.49237060546875
51.799922943115234 447.4673767089844
51.73335647583008 447.4471435546875
51.66550827026367 447.4317932128906
51.59672546386719 447.42138671875
51.52737045288086 447.4159851074219
51.45781707763672 447.4156188964844
51.388519287109375 447.4202575683594
51.32108688354492 447.4297180175781
51.282718658447266 447.43780517578125
51.275733947753906 447.4397277832031
51.272491455078125 447.4408264160156
51.28158187866211 447.4371337890625
51.35061264038086 447.4036560058594
51.46385955810547 447.33843994140625
51.583778381347656 447.25689697265625
51.697513580322266 447.1662902832031
51.80253982543945 447.06878662109375
51.85121536254883 447.0157165527344
51.88758087158203 446.9685363769531
51.919559478759766 446.9186706542969
51.947105407714844 446.8662109375
51.97001647949219 446.81158447265625
51.988121032714844 446.7551574707031
52.00128173828125 446.6973876953125
52.009403228759766 446.6387023925781
52.01242446899414 446.57952880859375
52.010318756103516 446.52032470703125
52.00310516357422 446.4615173339844
51.99083709716797 446.403564453125
51.97360610961914 446.3468933105469
51.951541900634766 446.2919006347656
51.924808502197266 446.239013671875
51.89360809326172 446.18865966796875
51.85817337036133 446.14117431640625
51.81876754760742 446.096923828125
51.77568435668945 446.0562438964844
51.729248046875 446.0194396972656
51.679805755615234 445.9867858886719
51.62772750854492 445.9585266113281
51.57340621948242 445.93487548828125
51.517242431640625 445.916015625
51.459659576416016 445.9020690917969
51.40108871459961 445.8931579589844
51.34196472167969 445.88934326171875
51.28273391723633 445.8906555175781
51.223838806152344 445.8970642089844
51.16571807861328 445.9085388183594
51.10880661010742 445.9250183105469
51.053531646728516 445.94635009765625
51.00030517578125 445.9723815917969
50.949527740478516 446.0028991699219
50.90157699584961 446.0376892089844
50.8568115234375 446.0765075683594
50.81556701660156 446.1190490722656
50.77815246582031 446.16497802734375
50.74484634399414 446.2139892578125
50.71590042114258 446.26568603515625
50.6915283203125 446.3196716308594
50.671913146972656 446.3755798339844
50.657203674316406 446.4329833984375
50.64750671386719 446.4914245605469
50.64289474487305 446.55047607421875
50.64340591430664 446.6097106933594
50.64903259277344 446.6686706542969
50.659698486328125 446.72674560546875
50.67526626586914 446.78338623046875
50.694244384765625 446.8345642089844
50.716156005859375 446.8808288574219
50.74489974975586 446.9299621582031
50.77822494506836 446.97705078125
50.73438262939453 446.92449951171875
50.68607711791992 446.87445068359375
50.63424301147461 446.8280029296875
50.579139709472656 446.785400390625
50.52107238769531 446.74688720703125
50.46038055419922 446.7126770019531
50.39736557006836 446.6829528808594
50.3324089050293 446.6578674316406
50.26584243774414 446.6375732421875
50.1980094909668 446.62213134765625
50.12923812866211 446.61163330078125
50.05989074707031 446.60614013671875
49.99033737182617 446.6056823730469
49.92112731933594 446.6102600097656
49.85599899291992 446.6192932128906
49.82012176513672 446.6268005371094
49.81745529174805 446.6275329589844
49.81873321533203 446.6271057128906
49.82444381713867 446.6247863769531
49.84832000732422 446.6131896972656
49.93563461303711 446.56292724609375
50.05315017700195 446.483154296875
50.1668701171875 446.3927001953125
50.27285385131836 446.2944641113281
50.3673210144043 446.1925354003906
50.40603256225586 446.143310546875
50.438507080078125 446.09375
50.46657180786133 446.04156494140625
50.490020751953125 445.9871520996094
50.50868225097656 445.930908203125
50.52241516113281 445.873291015625
50.5311164855957 445.814697265625
50.53472137451172 445.75555419921875
50.533203125 445.6963195800781
50.526573181152344 445.637451171875
50.5148811340332 445.5793762207031
50.49821090698242 445.52252197265625
50.47669219970703 445.4673156738281
50.45048522949219 445.4141845703125
50.41978454589844 445.363525390625
50.38481903076172 445.3157043457031
50.34585189819336 445.2710876464844
50.30317306518555 445.22998046875
50.257102966308594 445.1927185058594
50.20798873901367 445.1595764160156
50.156192779541016 445.13079833984375
50.10210418701172 445.10662841796875
50.0461311340332 445.08721923828125
49.98868942260742 445.0727233886719
49.93021011352539 445.063232421875
49.87112808227539 445.058837890625
49.811885833740234 445.0595703125
49.7529296875 445.0653991699219
49.694698333740234 445.0763244628906
49.63762664794922 445.09222412109375
49.5821418762207 445.1130065917969
49.52865982055664 445.13848876953125
49.47758102416992 445.16851806640625
49.42928695678711 445.2028503417969
49.38414001464844 445.2412109375
49.34247589111328 445.2833251953125
49.30460739135742 445.3288879394531
49.270816802978516 445.3775634765625
49.24135971069336 445.428955078125
49.216453552246094 445.4826965332031
49.196285247802734 445.53839111328125
49.181007385253906 445.59564208984375
49.17073440551758 445.65399169921875
49.1655387878418 445.7130126953125
49.165462493896484 445.7722473144531
49.170501708984375 445.8312072753906
49.180545806884766 445.88909912109375
49.19499206542969 445.9437255859375
49.21317672729492 445.9942626953125
49.23106384277344 446.0329284667969
49.258949279785156 446.08154296875
49.28997039794922 446.1261901855469
49.246089935302734 446.0726318359375
49.19819259643555 446.0221252441406
49.146724700927734 445.97515869140625
49.09169006347656 445.9317932128906
49.03325653076172 445.8922424316406
48.972129821777344 445.8570251464844
48.90879440307617 445.826416015625
48.84366226196289 445.8005676269531
48.77726364135742 445.7796325683594
48.70957946777344 445.7635498046875
48.64091110229492 445.7524108886719
48.571617126464844 445.74627685546875
48.502071380615234 445.74517822265625
48.43281173706055 445.74908447265625
48.36716842651367 445.757568359375
48.34921646118164 445.7611083984375
48.34419631958008 445.7624206542969
48.345279693603516 445.7620849609375
48.329532623291016 445.7682800292969
48.34178161621094 445.7624816894531
48.420597076416016 445.7178039550781
48.524898529052734 445.6476135253906
48.63748550415039 445.5586242675781
48.74440002441406 445.46014404296875
48.8411750793457 445.3564147949219
48.918846130371094 445.2591247558594
48.95193099975586 445.2098693847656
48.9805908203125 445.15802001953125
49.004661560058594 445.1038818359375
49.023963928222656 445.0478820800781
49.038352966308594 444.99041748046875
49.04772186279297 444.9319152832031
49.052001953125 444.8728332519531
49.0511589050293 444.8135986328125
49.04520034790039 444.754638671875
49.03417205810547 444.6964416503906
49.01815414428711 444.639404296875
48.99726867675781 444.5839538574219
48.9716682434082 444.530517578125
48.94154739379883 444.4794921875
48.90713119506836 444.4312744140625
48.868675231933594 444.3861999511719
48.82646942138672 444.3446350097656
48.78083038330078 444.3068542480469
48.73209762573242 444.2731628417969
48.680633544921875 444.2438049316406
48.626827239990234 444.218994140625
48.57107925415039 444.1989440917969
48.5138053894043 444.18377685546875
48.45543670654297 444.1736145019531
48.39640808105469 444.1685485839844
48.337162017822266 444.1685791015625
48.278141021728516 444.1737365722656
48.21978759765625 444.1839904785156
48.16253662109375 444.1992492675781
48.10681915283203 444.2193908691406
48.05305099487305 444.2442626953125
48.00163269042969 444.273681640625
47.95294952392578 444.30743408203125
47.90736770629883 444.34527587890625
47.86522674560547 444.3869323730469
47.826839447021484 444.43206787109375
47.79249572753906 444.4803466796875
47.762451171875 444.5314025878906
47.736934661865234 444.5848693847656
47.71613311767578 444.6403503417969
47.70020294189453 444.6974182128906
47.68926239013672 444.7556457519531
47.68339538574219 444.8146057128906
47.68264389038086 444.87384033203125
47.687007904052734 444.932861328125
47.69639205932617 444.9908752441406
47.71017074584961 445.0455017089844
47.72559356689453 445.08990478515625
47.74149703979492 445.1252746582031
47.768314361572266 445.17315673828125
47.79219436645508 445.2083435058594
47.74877166748047 445.1540832519531
47.70139694213867 445.1029357910156
47.64976119995117 445.0547180175781
47.5941047668457 445.0097961425781
47.533145904541016 444.96746826171875
47.46875762939453 444.9292907714844
47.40217208862305 444.89599609375
47.33308029174805 444.8674621582031
47.26631164550781 444.8453674316406
47.1988639831543 444.8283386230469
47.1303596496582 444.81622314453125
47.061161041259766 444.8091125488281
46.99163055419922 444.8070373535156
46.9222526550293 444.8099670410156
46.854637145996094 444.8177490234375
46.81727981567383 444.82464599609375
46.8068962097168 444.8272399902344
46.800350189208984 444.82928466796875
46.78385543823242 444.83551025390625
46.74187469482422 444.8548278808594
46.75248336791992 444.848876953125
46.8406982421875 444.7895812988281
46.94198989868164 444.7092590332031
47.04767990112305 444.61138916015625
47.14649200439453 444.50494384765625
47.229190826416016 444.4010009765625
47.262779235839844 444.3508605957031
47.291385650634766 444.2989807128906
47.315399169921875 444.24481201171875
47.33464431762695 444.18878173828125
47.34897232055664 444.13128662109375
47.358280181884766 444.0727844238281
47.36249923706055 444.0137023925781
47.361595153808594 443.9544677734375
47.35557556152344 443.8955383300781
47.344486236572266 443.83734130859375
47.328407287597656 443.7803039550781
47.30746078491211 443.7248840332031
47.281803131103516 443.6714782714844
47.25162887573242 443.6204833984375
47.2171630859375 443.5722961425781
47.17866134643555 443.5272521972656
47.13641357421875 443.4857177734375
47.09073257446289 443.447998046875
47.041961669921875 443.41436767578125
46.9904670715332 443.38507080078125
46.9366340637207 443.3603210449219
46.880863189697266 443.34033203125
46.82357406616211 443.3252258300781
46.765193939208984 443.31512451171875
46.70616149902344 443.31011962890625
46.646915435791016 443.31024169921875
46.5879020690918 443.3154602050781
46.52956008911133 443.3257751464844
46.472328186035156 443.3410949707031
46.41663360595703 443.3612976074219
46.362892150878906 443.38623046875
46.31150436401367 443.41571044921875
46.262855529785156 443.44952392578125
46.21731185913086 443.4874267578125
46.17521286010742 443.52911376953125
46.13687515258789 443.57427978515625
46.10258483886719 443.6225891113281
46.07259750366211 443.6736755371094
46.04713439941406 443.7271728515625
46.026390075683594 443.78265380859375
46.010520935058594 443.8397216796875
45.99964141845703 443.89794921875
45.99383544921875 443.9569091796875
45.99314498901367 444.0161437988281
45.99754333496094 444.07476806640625
46.00656509399414 444.1300964355469
46.017513275146484 444.1731262207031
46.028778076171875 444.2052001953125
46.038330078125 444.2261657714844
46.06635284423828 444.2755432128906
46.03675079345703 444.2319641113281
45.99342346191406 444.1772766113281
45.944889068603516 444.1243591308594
45.890811920166016 444.07330322265625
45.81914520263672 444.0146484375
45.737945556640625 443.9570617675781
45.63923263549805 443.8966369628906
45.54214096069336 443.8457946777344
45.452510833740234 443.8063659667969
45.3807258605957 443.7806396484375
45.31370544433594 443.7619323730469
45.24552536010742 443.7481384277344
45.1765251159668 443.7392883300781
45.1070671081543 443.7354736328125
45.03755187988281 443.7366943359375
44.96999740600586 443.7427673339844
44.91559600830078 443.7515563964844
44.90028381347656 443.7550354003906
44.893924713134766 443.75689697265625
44.88223648071289 443.7610778808594
44.83399200439453 443.7823181152344
44.802947998046875 443.79913330078125
44.835914611816406 443.7774353027344
44.88894271850586 443.73553466796875
44.983638763427734 443.64727783203125
45.082000732421875 443.5404052734375
45.171607971191406 443.42694091796875
45.232418060302734 443.33624267578125
45.2612190246582 443.2844543457031
45.28542709350586 443.2303771972656
45.30487060546875 443.1744079589844
45.31940460205078 443.1169738769531
45.328922271728516 443.0585021972656
45.333351135253906 442.9994201660156
45.33266067504883 442.940185546875
45.32685089111328 442.8812255859375
45.31596755981445 442.822998046875
45.30009460449219 442.76593017578125
45.27934646606445 442.71044921875
45.253883361816406 442.6569519042969
45.22389221191406 442.6058654785156
45.189598083496094 442.55755615234375
45.1512565612793 442.51239013671875
45.10915756225586 442.470703125
45.06361389160156 442.43280029296875
45.01496505737305 442.39898681640625
44.96357727050781 442.3695068359375
44.90983200073242 442.3445739746094
44.85413360595703 442.3243713378906
44.796897888183594 442.3090515136719
44.738555908203125 442.2987365722656
44.679542541503906 442.29351806640625
44.620296478271484 442.2934265136719
44.56126403808594 442.2984313964844
44.50288391113281 442.30853271484375
44.445594787597656 442.3236389160156
44.389827728271484 442.3436279296875
44.335994720458984 442.3683776855469
44.28450393676758 442.3976745605469
44.23573684692383 442.4313049316406
44.190059661865234 442.4690246582031
44.14781188964844 442.51055908203125
44.109310150146484 442.55560302734375
44.07484436035156 442.6037902832031
44.044673919677734 442.65478515625
44.019020080566406 442.70819091796875
43.998077392578125 442.76361083984375
43.98200225830078 442.8206481933594
43.97091293334961 442.87884521484375
43.96489715576172 442.9377746582031
43.96399688720703 442.9969787597656
43.96812057495117 443.0546569824219
43.97600555419922 443.10400390625
43.985816955566406 443.14300537109375
43.99087905883789 443.157470703125
43.99653625488281 443.1698913574219
44.02426528930664 443.2187194824219
43.98738479614258 443.16436767578125
43.9410285949707 443.10565185546875
43.87828826904297 443.03680419921875
43.778350830078125 442.9408264160156
43.64524841308594 442.8278503417969
43.4650993347168 442.69158935546875
43.269039154052734 442.558837890625
43.06513595581055 442.4356384277344
42.83570098876953 442.3122863769531
42.59983444213867 442.1999816894531
42.38711929321289 442.11163330078125
42.31705093383789 442.0875244140625
42.24980926513672 442.0697021484375
42.18145751953125 442.0567626953125
42.11235427856445 442.048828125
42.04286575317383 442.0458984375
41.973480224609375 442.0480041503906
41.905174255371094 442.0550537109375
41.85051727294922 442.0646057128906
41.83415985107422 442.0685729980469
41.830204010009766 442.0697937011719
41.81928634643555 442.0738830566406
41.759769439697266 442.10101318359375
41.70372772216797 442.1322326660156
41.682029724121094 442.1468200683594
41.7021369934082 442.1305236816406
41.740238189697266 442.09356689453125
41.822811126708984 441.9990539550781
41.909244537353516 441.8832702636719
41.985721588134766 441.76275634765625
42.01494216918945 441.7072448730469
42.03792190551758 441.65264892578125
42.056095123291016 441.59625244140625
42.06932830810547 441.53851318359375
42.07752227783203 441.4798278808594
42.08061599731445 441.420654296875
42.07858657836914 441.3614501953125
42.07144546508789 441.3026428222656
42.05924987792969 441.2446594238281
42.042091369628906 441.1879577636719
42.02009582519531 441.1329345703125
41.993431091308594 441.08001708984375
41.9622917175293 441.02960205078125
41.92691421508789 440.9820861816406
41.8875617980957 440.93780517578125
41.84453201293945 440.8970947265625
41.79814147949219 440.8602294921875
41.748741149902344 440.8275146484375
41.69670104980469 440.7991943359375
41.64240646362305 440.7754821777344
41.586265563964844 440.7565612792969
41.52870178222656 440.7425537109375
41.47014236450195 440.73358154296875
41.41102600097656 440.7297058105469
41.35179138183594 440.7309265136719
41.292884826660156 440.7372741699219
41.23474884033203 440.7486877441406
41.177818298339844 440.76507568359375
41.12251663208008 440.78631591796875
41.06925582885742 440.812255859375
41.01844024658203 440.84271240234375
40.97044372558594 440.87744140625
40.925628662109375 440.91619873046875
40.88433074951172 440.95867919921875
40.846858978271484 441.00457763671875
40.81349182128906 441.05352783203125
40.784481048583984 441.1051940917969
40.760040283203125 441.1591491699219
40.7403564453125 441.21502685546875
40.7255744934082 441.27239990234375
40.71580505371094 441.3308410644531
40.71112823486328 441.38983154296875
40.71156311035156 441.44818115234375
40.7164192199707 441.49945068359375
40.72109603881836 441.52471923828125
40.72211456298828 441.5283203125
40.722042083740234 441.52813720703125
40.74675369262695 441.578369140625
40.71168899536133 441.5194396972656
40.647647857666016 441.4271240234375
40.53779983520508 441.288330078125
40.369956970214844 441.09844970703125
40.17819595336914 440.9015808105469
39.974761962890625 440.7114562988281
39.76103210449219 440.5296325683594
39.534820556640625 440.3546142578125
39.292396545410156 440.18438720703125
39.033023834228516 440.0195007324219
38.76688766479492 439.866943359375
38.49038314819336 439.724853515625
38.207950592041016 439.5956726074219
38.093746185302734 439.5509338378906
38.0272102355957 439.530029296875
37.95950698852539 439.5140380859375
37.89082717895508 439.50299072265625
37.82154083251953 439.4969482421875
37.75216293334961 439.4959411621094
37.68312072753906 439.49993896484375
37.617218017578125 439.508544921875
37.59907913208008 439.5121765136719
37.5993766784668 439.5120849609375
37.60309982299805 439.5108642578125
37.60832595825195 439.5087585449219
37.56253433227539 439.53155517578125
37.53096389770508 439.5507507324219
37.537254333496094 439.546142578125
37.554256439208984 439.5311279296875
37.575191497802734 439.5089111328125
37.60404586791992 439.4721984863281
37.673892974853516 439.3662414550781
37.74408721923828 439.2395935058594
37.76873779296875 439.1851501464844
37.78841781616211 439.1292724609375
37.80319595336914 439.0718994140625
37.81296157836914 439.0134582519531
37.8176383972168 438.95440673828125
37.817195892333984 438.8951721191406
37.8116340637207 438.836181640625
37.80099868774414 438.77789306640625
37.78536605834961 438.7207336425781
37.764854431152344 438.6651611328125
37.73961639404297 438.611572265625
37.7098388671875 438.56036376953125
37.67574691772461 438.51190185546875
37.637596130371094 438.4665832519531
37.595672607421875 438.4247131347656
37.550289154052734 438.3866271972656
37.50178146362305 438.35260009765625
37.45051574707031 438.3229064941406
37.39687728881836 438.2977600097656
37.34126663208008 438.27734375
37.284095764160156 438.2618103027344
37.22579574584961 438.2512512207031
37.16680145263672 438.24578857421875
37.1075553894043 438.24542236328125
37.048500061035156 438.25018310546875
36.99007797241211 438.2600402832031
36.9327278137207 438.27490234375
36.87687683105469 438.294677734375
36.822940826416016 438.3191833496094
36.771324157714844 438.3482666015625
36.722415924072266 438.3817138671875
36.676578521728516 438.41925048828125
36.6341552734375 438.4606018066406
36.59546661376953 438.5054626464844
36.56079864501953 438.5534973144531
36.53041076660156 438.6043701171875
36.50453186035156 438.65765380859375
36.48335647583008 438.7129821777344
36.467041015625 438.7699279785156
36.45572280883789 438.8280029296875
36.44978713989258 438.8839111328125
36.44913864135742 438.920166015625
36.45045852661133 438.9384765625
36.4504280090332 438.93829345703125
36.4495964050293 438.93511962890625
36.448707580566406 438.93267822265625
36.415218353271484 438.8601379394531
36.3026008605957 438.6509704589844
36.167118072509766 438.4270324707031
36.01087951660156 438.194580078125
35.843605041503906 437.9690856933594
35.66322708129883 437.74810791015625
35.46329879760742 437.5250549316406
35.24591827392578 437.3038024902344
35.01816940307617 437.09228515625
34.78007888793945 436.8905944824219
34.53288650512695 436.6998596191406
34.27722930908203 436.5205993652344
34.01365280151367 436.3531799316406
33.74271011352539 436.1979675292969
33.4649658203125 436.0552978515625
33.2034797668457 435.9359436035156
33.044273376464844 435.873291015625
32.97307586669922 435.8505554199219
32.905418395996094 435.8341979980469
32.836795806884766 435.8227844238281
32.76755142211914 435.8163757324219
32.698333740234375 435.81500244140625
32.62981033325195 435.818603515625
32.57128143310547 435.825927734375
32.53636169433594 435.83282470703125
32.54688262939453 435.83001708984375
32.58673858642578 435.81658935546875
32.560123443603516 435.82757568359375
32.51558303833008 435.85009765625
32.452049255371094 435.8890380859375
32.39764404296875 435.9288024902344
32.37356185913086 435.94970703125
32.389705657958984 435.9329833984375
32.40553665161133 435.9132385253906
32.4197883605957 435.8916931152344
32.44417190551758 435.8464660644531
32.501808166503906 435.71478271484375
32.52229309082031 435.65533447265625
32.53668975830078 435.5978698730469
32.54606628417969 435.53936767578125
32.55035400390625 435.48028564453125
32.54951858520508 435.4210510253906
32.5435676574707 435.3620910644531
32.53254699707031 435.30389404296875
32.516536712646484 435.2468566894531
32.49565887451172 435.19140625
32.47006607055664 435.1379699707031
32.4399528503418 435.0869445800781
32.40554428100586 435.0387268066406
32.367095947265625 434.99365234375
32.32489776611328 434.9520568847656
32.27926254272461 434.9142761230469
32.230533599853516 434.8805847167969
32.179073333740234 434.8512268066406
32.12527084350586 434.826416015625
32.06952667236328 434.8063659667969
32.01225662231445 434.79119873046875
31.953889846801758 434.7810363769531
31.89486312866211 434.77593994140625
31.835617065429688 434.7759704589844
31.776596069335938 434.7811279296875
31.71824073791504 434.7913513183594
31.66098976135254 434.80657958984375
31.605268478393555 434.82672119140625
31.551496505737305 434.8515930175781
31.50007438659668 434.8810119628906
31.451387405395508 434.9147644042969
31.405799865722656 434.9526062011719
31.363651275634766 434.9942321777344
31.325258255004883 435.03936767578125
31.290908813476562 435.087646484375
31.2608585357666 435.1387023925781
31.235332489013672 435.1921691894531
31.214523315429688 435.2476501464844
31.19867515563965 435.30438232421875
31.190540313720703 435.34783935546875
31.189796447753906 435.35565185546875
31.189802169799805 435.3529968261719
31.18946075439453 435.3492431640625
31.188751220703125 435.3454284667969
31.187658309936523 435.3415832519531
31.16454315185547 435.2807312011719
31.048686981201172 435.0245056152344
30.921077728271484 434.7739562988281
30.77557373046875 434.51824951171875
30.610570907592773 434.2569580078125
30.432132720947266 434.0010986328125
30.242029190063477 433.75341796875
30.040809631347656 433.5146484375
29.828901290893555 433.2853088378906
29.606748580932617 433.0658874511719
29.374813079833984 432.8568115234375
29.13357925415039 432.6585388183594
28.883548736572266 432.47149658203125
28.625242233276367 432.2960510253906
28.35919952392578 432.132568359375
28.085973739624023 431.9814147949219
27.8134765625 431.8465881347656
27.56418228149414 431.7376403808594
27.4852237701416 431.7085876464844
27.416872024536133 431.6888427734375
27.348785400390625 431.6744079589844
27.280000686645508 431.66497802734375
27.211095809936523 431.66058349609375
27.147083282470703 431.6611328125
27.093835830688477 431.66546630859375
27.047433853149414 431.672607421875
27.037534713745117 431.6748352050781
27.07448959350586 431.6639709472656
27.09259033203125 431.65728759765625
27.08445930480957 431.6610107421875
27.03190803527832 431.6903076171875
26.972396850585938 431.730224609375
26.914880752563477 431.7759704589844
26.871339797973633 431.81683349609375
26.862396240234375 431.8267822265625
26.877174377441406 431.8070373535156
26.890535354614258 431.7852783203125
26.901899337768555 431.7622985839844
26.918195724487305 431.7201232910156
26.958648681640625 431.58282470703125
26.970731735229492 431.5248107910156
26.977758407592773 431.4659729003906
26.97967529296875 431.4067687988281
26.97646713256836 431.34759521484375
26.96816062927246 431.2889404296875
26.954814910888672 431.2312316894531
26.93653106689453 431.17486572265625
26.9134464263916 431.12030029296875
26.885732650756836 431.06793212890625
26.85359764099121 431.0181579589844
26.81728172302246 430.9713439941406
26.777057647705078 430.9278564453125
26.733224868774414 430.88800048828125
26.686111450195312 430.8520812988281
26.636070251464844 430.82037353515625
26.58347511291504 430.7930908203125
26.52872085571289 430.7704772949219
26.47221565246582 430.7526550292969
26.414382934570312 430.73980712890625
26.355655670166016 430.73199462890625
26.296472549438477 430.7292785644531
26.237276077270508 430.731689453125
26.178508758544922 430.73919677734375
26.1206111907959 430.75177001953125
26.064016342163086 430.769287109375
26.00914764404297 430.7916259765625
25.9564151763916 430.8186340332031
25.906213760375977 430.85009765625
25.858919143676758 430.8857727050781
25.814884185791016 430.9254150390625
25.774438858032227 430.9687194824219
25.737886428833008 431.0153503417969
25.70549964904785 431.0649719238281
25.677520751953125 431.1171875
25.65416717529297 431.1716003417969
25.637887954711914 431.2209777832031
25.637422561645508 431.2229919433594
25.637887954711914 431.2195739746094
25.638051986694336 431.2156677246094
25.637834548950195 431.21142578125
25.636953353881836 431.20538330078125
25.628698348999023 431.1710205078125
25.540977478027344 430.8918151855469
25.443010330200195 430.62493896484375
25.32224464416504 430.3377380371094
25.18821144104004 430.0557556152344
25.041431427001953 429.7801513671875
24.882226943969727 429.51153564453125
24.71092987060547 429.2504577636719
24.527896881103516 428.9974670410156
24.33350944519043 428.75311279296875
24.128173828125 428.51788330078125
23.912317276000977 428.2922668457031
23.68638801574707 428.07672119140625
23.450857162475586 427.8717041015625
23.20621681213379 427.67767333984375
22.95297622680664 427.4949951171875
22.69166374206543 427.3240661621094
22.422821044921875 427.1652526855469
22.148204803466797 427.0195007324219
21.92799186706543 426.9160461425781
21.804487228393555 426.8665466308594
21.73189353942871 426.8430480957031
21.663450241088867 426.8262023925781
21.59486198425293 426.81451416015625
21.531593322753906 426.80841064453125
21.46613121032715 426.806884765625
21.409696578979492 426.8096923828125
21.374706268310547 426.81402587890625
21.34547996520996 426.81982421875
21.36262321472168 426.8151550292969
21.385009765625 426.80743408203125
21.403303146362305 426.7996520996094
21.355478286743164 426.8245544433594
21.3172607421875 426.84869384765625
21.26071548461914 426.8913269042969
21.203279495239258 426.9424133300781
21.1510009765625 426.9971008300781
21.10846710205078 427.0495300292969
21.091636657714844 427.0742492675781
21.09922218322754 427.0606689453125
21.10958480834961 427.0373840332031
21.117815017700195 427.01312255859375
21.124671936035156 426.9845275878906
21.13336181640625 426.9256896972656
21.136920928955078 426.8665466308594
21.135356903076172 426.80731201171875
21.128681182861328 426.7484436035156
21.116943359375 426.69036865234375
21.100231170654297 426.6335144042969
21.078670501708984 426.5783386230469
21.05242156982422 426.5252380371094
21.02168083190918 426.4745788574219
20.986679077148438 426.4267883300781
20.947677612304688 426.3822021484375
20.90496826171875 426.3411560058594
20.858869552612305 426.3039245605469
20.809728622436523 426.2708435058594
20.757911682128906 426.24212646484375
20.703805923461914 426.2179870605469
20.647817611694336 426.1986083984375
20.590364456176758 426.18414306640625
20.531875610351562 426.1747131347656
20.472789764404297 426.17034912109375
20.413549423217773 426.1711120605469
20.354597091674805 426.177001953125
20.29637336730957 426.1879577636719
20.23931312561035 426.20391845703125
20.18384552001953 426.2247314453125
20.13038444519043 426.2502746582031
20.079328536987305 426.28033447265625
20.03106117248535 426.314697265625
19.985942840576172 426.35308837890625
19.944311141967773 426.3952331542969
19.906478881835938 426.4408264160156
19.872726440429688 426.4895324707031
19.84332275390625 426.5409240722656
19.83098030090332 426.5677185058594
19.832019805908203 426.5647888183594
19.83296775817871 426.56103515625
19.83407974243164 426.5538330078125
19.83567237854004 426.528076171875
19.834171295166016 426.4722595214844
19.826751708984375 426.40692138671875
19.810739517211914 426.3270568847656
19.731218338012695 426.0333251953125
19.63530921936035 425.73583984375
19.525938034057617 425.443115234375
19.403409957885742 425.1558837890625
19.267906188964844 424.87457275390625
19.119705200195312 424.5997314453125
18.959115982055664 424.3319396972656
18.786474227905273 424.0717468261719
18.60213851928711 423.8197021484375
18.406492233276367 423.57635498046875
18.1999454498291 423.3421630859375
17.982925415039062 423.1176452636719
17.75588607788086 422.9032897949219
17.51930046081543 422.6994934082031
17.273662567138672 422.5067138671875
17.019481658935547 422.3253479003906
16.75727653503418 422.15576171875
16.75727653503418 422.15576171875
16.75727653503418 422.15576171875
16.75727653503418 422.15576171875
16.66444206237793 422.1191101074219
16.584320068359375 422.0937805175781
16.51738166809082 422.0777587890625
16.51738166809082 422.0777587890625
16.51738166809082 422.0777587890625
16.51738166809082 422.0777587890625
16.51738166809082 422.0777587890625
16.517227172851562 422.0777893066406
16.5378360748291 422.07379150390625
16.598487854003906 422.05731201171875
16.635095596313477 422.04437255859375
16.69131088256836 422.01953125
16.698755264282227 422.0154724121094
16.656661987304688 422.0433349609375
16.611129760742188 422.0792541503906
16.554738998413086 422.1317443847656
16.503210067749023 422.1881103515625
16.503210067749023 422.1881103515625
16.503210067749023 422.1881103515625
16.503210067749023 422.1881103515625
16.512725830078125 422.1661682128906
16.520719528198242 422.141845703125
16.52645492553711 422.1168518066406
16.54533576965332 421.984130859375
16.548864364624023 421.92498779296875
16.547269821166992 421.8657531738281
16.540563583374023 421.806884765625
16.52879524230957 421.7488098144531
16.512052536010742 421.6919860839844
16.512052536010742 421.6919860839844
16.512052536010742 421.6919860839844
16.512052536010742 421.6919860839844
16.512052536010742 421.6919860839844
16.512052536010742 421.6919860839844
16.512052536010742 421.6919860839844
16.512052536010742 421.6919860839844
16.512052536010742 421.6919860839844
16.512052536010742 421.6919860839844
16.512052536010742 421.6919860839844
16.512052536010742 421.6919860839844
16.512052536010742 421.6919860839844
16.512052536010742 421.6919860839844
16.512052536010742 421.6919860839844
16.512052536010742 421.6919860839844
16.512052536010742 421.6919860839844
16.512052536010742 421.6919860839844
16.512052536010742 421.6919860839844
16.512052536010742 421.6919860839844
16.512052536010742 421.6919860839844
16.512052536010742 421.6919860839844
16.512052536010742 421.6919860839844
16.512052536010742 421.6919860839844
16.512052536010742 421.6919860839844
16.512052536010742 421.6919860839844
16.512052536010742 421.6919860839844
16.512052536010742 421.6919860839844
16.513591766357422 421.6885986328125
16.516704559326172 421.6795959472656
16.52570915222168 421.6431579589844
16.535385131835938 421.5811767578125
16.540027618408203 421.51409912109375
16.53891944885254 421.44635009765625
16.532081604003906 421.37939453125
16.506750106811523 421.242919921875
16.506750106811523 421.242919921875
16.506750106811523 421.242919921875
16.506750106811523 421.242919921875
16.506750106811523 421.242919921875
16.506750106811523 421.242919921875
16.506750106811523 421.242919921875
16.506750106811523 421.242919921875
16.506750106811523 421.242919921875
16.506750106811523 421.242919921875
16.506750106811523 421.242919921875
16.506750106811523 421.242919921875
16.506750106811523 421.242919921875
16.506750106811523 421.242919921875
16.506750106811523 421.242919921875
16.506750106811523 421.242919921875
16.506750106811523 421.242919921875
16.506750106811523 421.242919921875
16.506750106811523 421.242919921875
16.506750106811523 421.242919921875
16.506750106811523 421.242919921875
16.506750106811523 421.242919921875
16.506750106811523 421.242919921875
16.506750106811523 421.242919921875
16.506750106811523 421.242919921875
16.506750106811523 421.242919921875
16.506750106811523 421.242919921875
16.506750106811523 421.242919921875
16.506750106811523 421.242919921875
16.506750106811523 421.242919921875
16.506750106811523 421.242919921875
16.5284481048584 421.2367248535156
16.54057502746582 421.23236083984375
16.560251235961914 421.22369384765625
16.52873992919922 421.2406005859375
16.52873992919922 421.2406005859375
16.52873992919922 421.2406005859375
16.52873992919922 421.2406005859375
16.52873992919922 421.2406005859375
16.52873992919922 421.2406005859375
16.52873992919922 421.2406005859375
16.52873992919922 421.2406005859375
16.518617630004883 421.2630310058594
16.526826858520508 421.23944091796875
16.533002853393555 421.2145690917969
16.536958694458008 421.1886901855469
16.54066276550293 421.1295471191406
16.539243698120117 421.0703125
16.532711029052734 421.01141357421875
16.521116256713867 420.95330810546875
16.50454330444336 420.89642333984375
16.50454330444336 420.89642333984375
16.50454330444336 420.89642333984375
16.50454330444336 420.89642333984375
16.50454330444336 420.89642333984375
16.50454330444336 420.89642333984375
16.50454330444336 420.89642333984375
16.50454330444336 420.89642333984375
16.50454330444336 420.89642333984375
16.50454330444336 420.89642333984375
16.50454330444336 420.89642333984375
16.50454330444336 420.89642333984375
16.50454330444336 420.89642333984375
16.50454330444336 420.89642333984375
16.50454330444336 420.89642333984375
16.50454330444336 420.89642333984375
16.50454330444336 420.89642333984375
16.50454330444336 420.89642333984375
16.50454330444336 420.89642333984375
16.50454330444336 420.89642333984375
16.50454330444336 420.89642333984375
16.50454330444336 420.89642333984375
16.50454330444336 420.89642333984375
16.50454330444336 420.89642333984375
16.50454330444336 420.89642333984375
16.50454330444336 420.89642333984375
16.50454330444336 420.89642333984375
16.50454330444336 420.89642333984375
16.50612449645996 420.8929748535156
16.507747650146484 420.8883361816406
16.51111602783203 420.8748474121094
16.521188735961914 420.8107604980469
16.525745391845703 420.7459411621094
16.524703979492188 420.6784362792969
16.517906188964844 420.61126708984375
16.517906188964844 420.61126708984375
16.517906188964844 420.61126708984375
16.517906188964844 420.61126708984375
16.517906188964844 420.61126708984375
16.517906188964844 420.61126708984375
16.517906188964844 420.61126708984375
16.517906188964844 420.61126708984375
16.517906188964844 420.61126708984375
16.517906188964844 420.61126708984375
16.517906188964844 420.61126708984375
16.517906188964844 420.61126708984375
16.517906188964844 420.61126708984375
16.517906188964844 420.61126708984375
16.517906188964844 420.61126708984375
16.517906188964844 420.61126708984375
16.517906188964844 420.61126708984375
16.517906188964844 420.61126708984375
16.517906188964844 420.61126708984375
16.517906188964844 420.61126708984375
16.517906188964844 420.61126708984375
16.517906188964844 420.61126708984375
16.517906188964844 420.61126708984375
16.517906188964844 420.61126708984375
16.517906188964844 420.61126708984375
16.517906188964844 420.61126708984375
16.517906188964844 420.61126708984375
16.517906188964844 420.61126708984375
16.517906188964844 420.61126708984375
16.517906188964844 420.61126708984375
16.504358291625977 420.6130676269531
16.504358291625977 420.6130676269531
16.53644561767578 420.60418701171875
16.554792404174805 420.59771728515625
16.542404174804688 420.6031188964844
16.532262802124023 420.6085205078125
16.532262802124023 420.6085205078125
16.532262802124023 420.6085205078125
16.532262802124023 420.6085205078125
16.532262802124023 420.6085205078125
16.532262802124023 420.6085205078125
16.532262802124023 420.6085205078125
16.500577926635742 420.66522216796875
16.500577926635742 420.66522216796875
16.508758544921875 420.64166259765625
16.514915466308594 420.6167907714844
16.518901824951172 420.590576171875
16.52256202697754 420.53143310546875
16.521099090576172 420.4721984863281
16.514524459838867 420.413330078125
16.502885818481445 420.355224609375
16.502885818481445 420.355224609375
16.502885818481445 420.355224609375
16.502885818481445 420.355224609375
16.502885818481445 420.355224609375
16.502885818481445 420.355224609375
16.502885818481445 420.355224609375
16.502885818481445 420.355224609375
16.502885818481445 420.355224609375
16.502885818481445 420.355224609375
16.502885818481445 420.355224609375
16.502885818481445 420.355224609375
16.502885818481445 420.355224609375
16.502885818481445 420.355224609375
16.502885818481445 420.355224609375
16.502885818481445 420.355224609375
16.502885818481445 420.355224609375
16.502885818481445 420.355224609375
16.502885818481445 420.355224609375
16.502885818481445 420.355224609375
16.502885818481445 420.355224609375
16.502885818481445 420.355224609375
16.502885818481445 420.355224609375
16.502885818481445 420.355224609375
16.502885818481445 420.355224609375
16.502885818481445 420.355224609375
16.502885818481445 420.355224609375
16.502885818481445 420.355224609375
16.502885818481445 420.355224609375
16.50434684753418 420.35205078125
16.506147384643555 420.3468933105469
16.51055145263672 420.3292236328125
16.5186767578125 420.27716064453125
16.52318000793457 420.21142578125
16.522022247314453 420.1438293457031
16.515100479125977 420.0765686035156
16.515100479125977 420.0765686035156
16.515100479125977 420.0765686035156
16.515100479125977 420.0765686035156
16.515100479125977 420.0765686035156
16.515100479125977 420.0765686035156
16.515100479125977 420.0765686035156
16.515100479125977 420.0765686035156
16.515100479125977 420.0765686035156
16.515100479125977 420.0765686035156
16.515100479125977 420.0765686035156
16.515100479125977 420.0765686035156
16.515100479125977 420.0765686035156
16.515100479125977 420.0765686035156
16.515100479125977 420.0765686035156
16.515100479125977 420.0765686035156
16.515100479125977 420.0765686035156
16.515100479125977 420.0765686035156
16.515100479125977 420.0765686035156
16.515100479125977 420.0765686035156
16.515100479125977 420.0765686035156
16.515100479125977 420.0765686035156
16.515100479125977 420.0765686035156
16.515100479125977 420.0765686035156
16.515100479125977 420.0765686035156
16.515100479125977 420.0765686035156
16.515100479125977 420.0765686035156
16.515100479125977 420.0765686035156
16.515100479125977 420.0765686035156
16.515100479125977 420.0765686035156
16.509437561035156 420.07733154296875
16.50518798828125 420.0782165527344
16.548105239868164 420.0661315917969
16.57225227355957 420.0574035644531
16.61269760131836 420.0393371582031
16.595306396484375 420.0488586425781
16.545591354370117 420.0818176269531
16.545591354370117 420.0818176269531
16.545591354370117 420.0818176269531
16.545591354370117 420.0818176269531
16.545591354370117 420.0818176269531
16.504365921020508 420.1448669433594
16.504365921020508 420.1448669433594
16.51332664489746 420.1242370605469
16.52134132385254 420.09991455078125
16.527101516723633 420.074951171875
16.544464111328125 419.95318603515625
16.547969818115234 419.89404296875
16.546350479125977 419.8348083496094
16.53961944580078 419.77593994140625
16.527828216552734 419.7178649902344
16.511064529418945 419.6610412597656
16.511064529418945 419.6610412597656
16.511064529418945 419.6610412597656
16.511064529418945 419.6610412597656
16.511064529418945 419.6610412597656
16.511064529418945 419.6610412597656
16.511064529418945 419.6610412597656
16.511064529418945 419.6610412597656
16.511064529418945 419.6610412597656
16.511064529418945 419.6610412597656
16.511064529418945 419.6610412597656
16.511064529418945 419.6610412597656
16.511064529418945 419.6610412597656
16.511064529418945 419.6610412597656
16.511064529418945 419.6610412597656
16.511064529418945 419.6610412597656
16.511064529418945 419.6610412597656
16.511064529418945 419.6610412597656
16.511064529418945 419.6610412597656
16.511064529418945 419.6610412597656
16.511064529418945 419.6610412597656
16.511064529418945 419.6610412597656
16.511064529418945 419.6610412597656
16.511064529418945 419.6610412597656
16.511064529418945 419.6610412597656
16.511064529418945 419.6610412597656
16.511064529418945 419.6610412597656
16.511064529418945 419.6610412597656
16.512561798095703 419.6577453613281
16.51471519470215 419.6515197753906
16.52079200744629 419.6268615722656
16.52963638305664 419.56951904296875
16.53409767150879 419.5030212402344
16.532846450805664 419.4353332519531
16.52582550048828 419.36798095703125
16.52582550048828 419.36798095703125
16.52582550048828 419.36798095703125
16.52582550048828 419.36798095703125
16.52582550048828 419.36798095703125
16.52582550048828 419.36798095703125
16.52582550048828 419.36798095703125
16.52582550048828 419.36798095703125
16.52582550048828 419.36798095703125
16.52582550048828 419.36798095703125
16.52582550048828 419.36798095703125
16.52582550048828 419.36798095703125
16.52582550048828 419.36798095703125
16.52582550048828 419.36798095703125
16.52582550048828 419.36798095703125
16.52582550048828 419.36798095703125
16.52582550048828 419.36798095703125
16.52582550048828 419.36798095703125
16.52582550048828 419.36798095703125
16.52582550048828 419.36798095703125
16.52582550048828 419.36798095703125
16.52582550048828 419.36798095703125
16.52582550048828 419.36798095703125
16.52582550048828 419.36798095703125
16.52582550048828 419.36798095703125
16.52582550048828 419.36798095703125
16.52582550048828 419.36798095703125
16.52582550048828 419.36798095703125
16.52582550048828 419.36798095703125
16.52582550048828 419.36798095703125
16.530729293823242 419.3673095703125
16.543800354003906 419.3646240234375
16.59954261779785 419.3487548828125
16.632701873779297 419.33660888671875
16.648447036743164 419.32940673828125
16.65276336669922 419.32696533203125
16.608510971069336 419.35711669921875
16.5511417388916 419.4035339355469
16.5511417388916 419.4035339355469
16.500057220458984 419.46075439453125
16.500057220458984 419.46075439453125
16.500057220458984 419.46075439453125
16.500057220458984 419.46075439453125
16.509191513061523 419.4389953613281
16.516897201538086 419.4145812988281
16.522336959838867 419.3895263671875
16.539306640625 419.25909423828125
16.5421199798584 419.1999206542969
16.53980827331543 419.1407165527344
16.532390594482422 419.0819396972656
16.519920349121094 419.0240173339844
16.502492904663086 418.9674072265625
16.502492904663086 418.9674072265625
16.502492904663086 418.9674072265625
16.502492904663086 418.9674072265625
16.502492904663086 418.9674072265625
16.502492904663086 418.9674072265625
16.502492904663086 418.9674072265625
16.502492904663086 418.9674072265625
16.502492904663086 418.9674072265625
16.502492904663086 418.9674072265625
16.502492904663086 418.9674072265625
16.502492904663086 418.9674072265625
16.502492904663086 418.9674072265625
16.502492904663086 418.9674072265625
16.502492904663086 418.9674072265625
16.502492904663086 418.9674072265625
16.502492904663086 418.9674072265625
16.502492904663086 418.9674072265625
16.502492904663086 418.9674072265625
16.502492904663086 418.9674072265625
16.502492904663086 418.9674072265625
16.502492904663086 418.9674072265625
16.502492904663086 418.9674072265625
16.502492904663086 418.9674072265625
16.502492904663086 418.9674072265625
16.502492904663086 418.9674072265625
16.502492904663086 418.9674072265625
16.502492904663086 418.9674072265625
16.503982543945312 418.9640197753906
16.506662368774414 418.9559631347656
16.52080726623535 418.8960266113281
16.529775619506836 418.83489990234375
16.53379249572754 418.76788330078125
16.532060623168945 418.70013427734375
16.524547576904297 418.6327209472656
16.524547576904297 418.6327209472656
16.524547576904297 418.6327209472656
16.524547576904297 418.6327209472656
16.524547576904297 418.6327209472656
16.524547576904297 418.6327209472656
16.524547576904297 418.6327209472656
16.524547576904297 418.6327209472656
16.524547576904297 418.6327209472656
16.524547576904297 418.6327209472656
16.524547576904297 418.6327209472656
16.524547576904297 418.6327209472656
16.524547576904297 418.6327209472656
16.524547576904297 418.6327209472656
16.524547576904297 418.6327209472656
16.524547576904297 418.6327209472656
16.524547576904297 418.6327209472656
16.524547576904297 418.6327209472656
16.524547576904297 418.6327209472656
16.524547576904297 418.6327209472656
16.524547576904297 418.6327209472656
16.524547576904297 418.6327209472656
16.524547576904297 418.6327209472656
16.524547576904297 418.6327209472656
16.524547576904297 418.6327209472656
16.524547576904297 418.6327209472656
16.524547576904297 418.6327209472656
16.524547576904297 418.6327209472656
16.524547576904297 418.6327209472656
16.524547576904297 418.6327209472656
16.533390045166016 418.6315002441406
16.56569480895996 418.6246337890625
16.633039474487305 418.6049499511719
16.67510414123535 418.5891418457031
16.701204299926758 418.5768737792969
16.700159072875977 418.5774841308594
16.66257095336914 418.60382080078125
16.607284545898438 418.6498107910156
16.55291748046875 418.70306396484375
16.503009796142578 418.76055908203125
16.503009796142578 418.76055908203125
16.503009796142578 418.76055908203125
16.503009796142578 418.76055908203125
16.512073516845703 418.7380065917969
16.519405364990234 418.7134704589844
16.52446174621582 418.6883544921875
16.540115356445312 418.5521240234375
16.542062759399414 418.492919921875
16.53888702392578 418.4337463378906
16.530611038208008 418.3750915527344
16.517295837402344 418.3173522949219
16.517295837402344 418.3173522949219
16.517295837402344 418.3173522949219
16.517295837402344 418.3173522949219
16.517295837402344 418.3173522949219
16.517295837402344 418.3173522949219
16.517295837402344 418.3173522949219
16.517295837402344 418.3173522949219
16.517295837402344 418.3173522949219
16.517295837402344 418.3173522949219
16.517295837402344 418.3173522949219
16.517295837402344 418.3173522949219
16.517295837402344 418.3173522949219
16.517295837402344 418.3173522949219
16.517295837402344 418.3173522949219
16.517295837402344 418.3173522949219
16.517295837402344 418.3173522949219
16.517295837402344 418.3173522949219
16.517295837402344 418.3173522949219
16.517295837402344 418.3173522949219
16.517295837402344 418.3173522949219
16.517295837402344 418.3173522949219
16.517295837402344 418.3173522949219
16.517295837402344 418.3173522949219
16.517295837402344 418.3173522949219
16.517295837402344 418.3173522949219
16.517295837402344 418.3173522949219
16.517295837402344 418.3173522949219
16.51390266418457 418.32373046875
16.51535415649414 418.3202819824219
16.51673126220703 418.3158874511719
16.52560806274414 418.2747497558594
16.533599853515625 418.21136474609375
16.536277770996094 418.14404296875
16.533199310302734 418.07672119140625
16.524337768554688 418.009521484375
16.524337768554688 418.009521484375
16.524337768554688 418.009521484375
16.524337768554688 418.009521484375
16.524337768554688 418.009521484375
16.524337768554688 418.009521484375
16.524337768554688 418.009521484375
16.524337768554688 418.009521484375
16.524337768554688 418.009521484375
16.524337768554688 418.009521484375
16.524337768554688 418.009521484375
16.524337768554688 418.009521484375
16.524337768554688 418.009521484375
16.524337768554688 418.009521484375
16.524337768554688 418.009521484375
16.524337768554688 418.009521484375
16.524337768554688 418.009521484375
16.524337768554688 418.009521484375
16.524337768554688 418.009521484375
16.524337768554688 418.009521484375
16.524337768554688 418.009521484375
16.524337768554688 418.009521484375
16.524337768554688 418.009521484375
16.524337768554688 418.009521484375
16.524337768554688 418.009521484375
16.524337768554688 418.009521484375
16.524337768554688 418.009521484375
16.524337768554688 418.009521484375
16.524337768554688 418.009521484375
16.524337768554688 418.009521484375
16.505020141601562 418.0124816894531
16.505020141601562 418.0124816894531
16.530349731445312 418.0050354003906
16.515666961669922 418.0104675292969
16.503938674926758 418.0158386230469
16.503938674926758 418.0158386230469
16.503938674926758 418.0158386230469
16.503938674926758 418.0158386230469
16.503938674926758 418.0158386230469
16.503938674926758 418.0158386230469
16.503938674926758 418.0158386230469
16.503938674926758 418.0158386230469
16.503938674926758 418.0158386230469
16.51180076599121 417.9975280761719
16.519702911376953 417.97320556640625
16.52535057067871 417.9482116699219
16.539852142333984 417.84234619140625
16.54296875 417.7831726074219
16.54096221923828 417.7239685058594
16.533845901489258 417.6651611328125
16.52167320251465 417.607177734375
16.504535675048828 417.55047607421875
16.504535675048828 417.55047607421875
16.504535675048828 417.55047607421875
16.504535675048828 417.55047607421875
16.504535675048828 417.55047607421875
16.504535675048828 417.55047607421875
16.504535675048828 417.55047607421875
16.504535675048828 417.55047607421875
16.504535675048828 417.55047607421875
16.504535675048828 417.55047607421875
16.504535675048828 417.55047607421875
16.504535675048828 417.55047607421875
16.504535675048828 417.55047607421875
16.504535675048828 417.55047607421875
16.504535675048828 417.55047607421875
16.504535675048828 417.55047607421875
16.504535675048828 417.55047607421875
16.504535675048828 417.55047607421875
16.504535675048828 417.55047607421875
16.504535675048828 417.55047607421875
16.504535675048828 417.55047607421875
16.504535675048828 417.55047607421875
16.504535675048828 417.55047607421875
16.504535675048828 417.55047607421875
16.504535675048828 417.55047607421875
16.504535675048828 417.55047607421875
16.504535675048828 417.55047607421875
16.504535675048828 417.55047607421875
16.50609016418457 417.5469970703125
16.507770538330078 417.54205322265625
16.519678115844727 417.49273681640625
16.52950668334961 417.42791748046875
16.53375816345215 417.3623962402344
16.53235626220703 417.2948303222656
16.525171279907227 417.2273864746094
16.525171279907227 417.2273864746094
16.525171279907227 417.2273864746094
16.525171279907227 417.2273864746094
16.525171279907227 417.2273864746094
16.525171279907227 417.2273864746094
16.525171279907227 417.2273864746094
16.525171279907227 417.2273864746094
16.525171279907227 417.2273864746094
16.525171279907227 417.2273864746094
16.525171279907227 417.2273864746094
16.525171279907227 417.2273864746094
16.525171279907227 417.2273864746094
16.525171279907227 417.2273864746094
16.525171279907227 417.2273864746094
16.525171279907227 417.2273864746094
16.525171279907227 417.2273864746094
16.525171279907227 417.2273864746094
16.525171279907227 417.2273864746094
16.525171279907227 417.2273864746094
16.525171279907227 417.2273864746094
16.525171279907227 417.2273864746094
16.525171279907227 417.2273864746094
16.525171279907227 417.2273864746094
16.525171279907227 417.2273864746094
16.525171279907227 417.2273864746094
16.525171279907227 417.2273864746094
16.525171279907227 417.2273864746094
16.525171279907227 417.2273864746094
16.525171279907227 417.2273864746094
16.517290115356445 417.2284851074219
16.509695053100586 417.2300720214844
16.549827575683594 417.2185974121094
16.57234001159668 417.21038818359375
16.573535919189453 417.2098388671875
16.554014205932617 417.220703125
16.5034122467041 417.25469970703125
16.5034122467041 417.25469970703125
16.5034122467041 417.25469970703125
16.5034122467041 417.25469970703125
16.5034122467041 417.25469970703125
16.5034122467041 417.25469970703125
16.5034122467041 417.25469970703125
16.51217269897461 417.2342529296875
16.520063400268555 417.20989990234375
16.52569580078125 417.1849060058594
16.54218864440918 417.0647277832031
16.545377731323242 417.00555419921875
16.543441772460938 416.94635009765625
16.53639793395996 416.88751220703125
16.524295806884766 416.82952880859375
16.50722885131836 416.7727966308594
16.50722885131836 416.7727966308594
16.50722885131836 416.7727966308594
16.50722885131836 416.7727966308594
16.50722885131836 416.7727966308594
16.50722885131836 416.7727966308594
16.50722885131836 416.7727966308594
16.50722885131836 416.7727966308594
16.50722885131836 416.7727966308594
16.50722885131836 416.7727966308594
16.50722885131836 416.7727966308594
16.50722885131836 416.7727966308594
16.50722885131836 416.7727966308594
16.50722885131836 416.7727966308594
16.50722885131836 416.7727966308594
16.50722885131836 416.7727966308594
16.50722885131836 416.7727966308594
16.50722885131836 416.7727966308594
16.50722885131836 416.7727966308594
16.50722885131836 416.7727966308594
16.50722885131836 416.7727966308594
16.50722885131836 416.7727966308594
16.50722885131836 416.7727966308594
16.50722885131836 416.7727966308594
16.50722885131836 416.7727966308594
16.50722885131836 416.7727966308594
16.50722885131836 416.7727966308594
16.50722885131836 416.7727966308594
16.50870132446289 416.7695007324219
16.510751724243164 416.76348876953125
16.524240493774414 416.70794677734375
16.532920837402344 416.651123046875
16.537281036376953 416.5846862792969
16.535930633544922 416.5169982910156
16.528810501098633 416.4496765136719
16.528810501098633 416.4496765136719
16.528810501098633 416.4496765136719
16.528810501098633 416.4496765136719
16.528810501098633 416.4496765136719
16.528810501098633 416.4496765136719
16.528810501098633 416.4496765136719
16.528810501098633 416.4496765136719
16.528810501098633 416.4496765136719
16.528810501098633 416.4496765136719
16.528810501098633 416.4496765136719
16.528810501098633 416.4496765136719
16.528810501098633 416.4496765136719
16.528810501098633 416.4496765136719
16.528810501098633 416.4496765136719
16.528810501098633 416.4496765136719
16.528810501098633 416.4496765136719
16.528810501098633 416.4496765136719
16.528810501098633 416.4496765136719
16.528810501098633 416.4496765136719
16.528810501098633 416.4496765136719
16.528810501098633 416.4496765136719
16.528810501098633 416.4496765136719
16.528810501098633 416.4496765136719
16.528810501098633 416.4496765136719
16.528810501098633 416.4496765136719
16.528810501098633 416.4496765136719
16.528810501098633 416.4496765136719
16.528810501098633 416.4496765136719
16.528810501098633 416.4496765136719
16.532493591308594 416.4491882324219
16.54347801208496 416.4468994140625
16.597806930541992 416.4313659667969
16.62997817993164 416.4195556640625
16.64444923400879 416.4129333496094
16.64794158935547 416.41094970703125
16.60306739807129 416.4415588378906
16.54559326171875 416.4881286621094
16.54559326171875 416.4881286621094
16.54559326171875 416.4881286621094
16.501256942749023 416.5467834472656
16.501256942749023 416.5467834472656
16.501256942749023 416.5467834472656
16.510337829589844 416.5251159667969
16.518033981323242 416.5007019042969
16.52346420288086 416.47564697265625
16.540266036987305 416.3460693359375
16.54305076599121 416.2868957519531
16.540712356567383 416.2276916503906
16.533266067504883 416.1689147949219
16.520769119262695 416.1109924316406
16.503314971923828 416.05438232421875
16.503314971923828 416.05438232421875
16.503314971923828 416.05438232421875
16.503314971923828 416.05438232421875
16.503314971923828 416.05438232421875
16.503314971923828 416.05438232421875
16.503314971923828 416.05438232421875
16.503314971923828 416.05438232421875
16.503314971923828 416.05438232421875
16.503314971923828 416.05438232421875
16.503314971923828 416.05438232421875
16.503314971923828 416.05438232421875
16.503314971923828 416.05438232421875
16.503314971923828 416.05438232421875
16.503314971923828 416.05438232421875
16.503314971923828 416.05438232421875
16.503314971923828 416.05438232421875
16.503314971923828 416.05438232421875
16.503314971923828 416.05438232421875
16.503314971923828 416.05438232421875
16.503314971923828 416.05438232421875
16.503314971923828 416.05438232421875
16.503314971923828 416.05438232421875
16.503314971923828 416.05438232421875
16.503314971923828 416.05438232421875
16.503314971923828 416.05438232421875
16.503314971923828 416.05438232421875
16.503314971923828 416.05438232421875
16.504798889160156 416.0509948730469
16.507383346557617 416.043212890625
16.521413803100586 415.983642578125
16.530298233032227 415.9228515625
16.534276962280273 415.85589599609375
16.532508850097656 415.7881774902344
16.524959564208984 415.72076416015625
16.524959564208984 415.72076416015625
16.524959564208984 415.72076416015625
16.524959564208984 415.72076416015625
16.524959564208984 415.72076416015625
16.524959564208984 415.72076416015625
16.524959564208984 415.72076416015625
16.524959564208984 415.72076416015625
16.524959564208984 415.72076416015625
16.524959564208984 415.72076416015625
16.524959564208984 415.72076416015625
16.524959564208984 415.72076416015625
16.524959564208984 415.72076416015625
16.524959564208984 415.72076416015625
16.524959564208984 415.72076416015625
16.524959564208984 415.72076416015625
16.524959564208984 415.72076416015625
16.524959564208984 415.72076416015625
16.524959564208984 415.72076416015625
16.524959564208984 415.72076416015625
16.524959564208984 415.72076416015625
16.524959564208984 415.72076416015625
16.524959564208984 415.72076416015625
16.524959564208984 415.72076416015625
16.524959564208984 415.72076416015625
16.524959564208984 415.72076416015625
16.524959564208984 415.72076416015625
16.524959564208984 415.72076416015625
16.524959564208984 415.72076416015625
16.524959564208984 415.72076416015625
16.531980514526367 415.71978759765625
16.56196403503418 415.7134094238281
16.62799835205078 415.6941223144531
