59.555320739746094 449.5466003417969
59.119529724121094 449.08465576171875
58.69279098510742 448.61431884765625
58.2752685546875 448.13580322265625
57.86711883544922 447.6492614746094
57.4684944152832 447.1548767089844
57.07954788208008 446.65283203125
56.70042419433594 446.1433410644531
56.331268310546875 445.6265869140625
55.97221755981445 445.1027526855469
55.62340545654297 444.5720520019531
55.28496551513672 444.03466796875
54.957027435302734 443.4908142089844
54.639713287353516 442.9407043457031
54.3331413269043 442.384521484375
54.03742980957031 441.822509765625
53.752689361572266 441.2548522949219
53.479026794433594 440.6817626953125
53.21654510498047 440.1034851074219
52.9653434753418 439.52020263671875
52.72551727294922 438.9321594238281
52.49715805053711 438.3395690917969
52.28034973144531 437.7426452636719
52.07517623901367 437.1416320800781
51.8817138671875 436.5367431640625
51.700035095214844 435.92822265625
51.530208587646484 435.3162841796875
51.37229919433594 434.701171875
51.22636795043945 434.0830993652344
51.09246826171875 433.4623107910156
50.97064971923828 432.83905029296875
50.860958099365234 432.2135314941406
50.76343536376953 431.58599853515625
50.67811965942383 430.9566955566406
50.60504150390625 430.32586669921875
50.54423141479492 429.6937255859375
50.49570846557617 429.060546875
50.45949172973633 428.4265441894531
50.43559265136719 427.7919616699219
50.42402267456055 427.15704345703125
50.42478561401367 426.5220947265625
50.4378776550293 425.8873291015625
50.46329116821289 425.2529296875
50.501014709472656 424.61920166015625
50.55104064941406 423.9862976074219
50.61333465576172 423.3545837402344
50.6878662109375 422.7243347167969
50.774627685546875 422.0955810546875
50.87355422973633 421.4687805175781
50.98460006713867 420.84417724609375
51.10770797729492 420.2220458984375
51.24287414550781 419.60235595703125
51.39005661010742 418.9853210449219
51.549137115478516 418.3714294433594
51.72006607055664 417.7608337402344
51.90281295776367 417.153564453125
52.09725570678711 416.5500183105469
52.3033447265625 415.95037841796875
52.52104187011719 415.354736328125
52.7503662109375 414.7630310058594
52.990962982177734 414.1761169433594
53.24280548095703 413.5941162109375
53.505977630615234 413.0168151855469
53.78015899658203 412.4449157714844
54.06602096557617 411.87701416015625
54.362403869628906 411.31536865234375
54.66973876953125 410.75921630859375
54.9875602722168 410.2093811035156
55.327171325683594 409.646484375
55.67625427246094 409.0910339355469
56.03960418701172 408.5354309082031
56.41764831542969 407.9790344238281
56.821102142333984 407.4059753417969
57.21940231323242 406.85968017578125
57.66281509399414 406.2709655761719
58.097843170166016 405.71063232421875
58.55426025390625 405.1404113769531
59.00142288208008 404.5986328125
59.48323440551758 404.031982421875
59.96142578125 403.48529052734375
60.454505920410156 402.93743896484375
60.93702697753906 402.4168395996094
61.43161392211914 401.89923095703125
61.91671371459961 401.40728759765625
62.413856506347656 400.9192810058594
62.901390075683594 400.45648193359375
63.3973503112793 400.0018615722656
63.90428161621094 399.55303955078125
64.40565490722656 399.1246643066406
64.91346740722656 398.70648193359375
65.42092895507812 398.3040771484375
65.937255859375 397.9101257324219
66.45427703857422 397.53082275390625
66.97908020019531 397.160888671875
67.51610565185547 396.7969970703125
68.0554428100586 396.44573974609375
68.61136627197266 396.0976257324219
69.1993179321289 395.74188232421875
69.77864074707031 395.40264892578125
70.35784149169922 395.0755310058594
70.9336929321289 394.76275634765625
71.542236328125 394.4441833496094
72.14971923828125 394.1368103027344
72.78839874267578 393.8235168457031
73.42427062988281 393.5202331542969
74.08900451660156 393.2110595703125
74.73686981201172 392.9170227050781
75.38233184814453 392.632568359375
76.01353454589844 392.36370849609375
76.64496612548828 392.10498046875
77.30115509033203 391.8457336425781
77.95658874511719 391.5954895019531
78.59768676757812 391.3600769042969
79.27631378173828 391.1199035644531
79.93759155273438 390.8939208984375
80.59965515136719 390.6766357421875
81.27995300292969 390.4618835449219
81.96076202392578 390.2547607421875
82.64289855957031 390.0551452636719
83.33893585205078 389.8589172363281
84.01647186279297 389.675537109375
84.72406005859375 389.4915771484375
85.4330825805664 389.3134765625
86.1227035522461 389.147216796875
86.81523132324219 388.9881286621094
87.49002075195312 388.8415222167969
88.1925277709961 388.6972961425781
88.8986587524414 388.55950927734375
89.5855484008789 388.4332275390625
90.27054595947266 388.3160095214844
90.93490600585938 388.2117614746094
91.59461212158203 388.1186828613281
92.2429428100586 388.0381774902344
92.88481903076172 387.97003173828125
93.5233154296875 387.9141845703125
94.16130828857422 387.8704528808594
94.79862976074219 387.83892822265625
95.43509674072266 387.81964111328125
96.07118225097656 387.8126525878906
96.70682525634766 387.81793212890625
97.34197998046875 387.83551025390625
97.97651672363281 387.86541748046875
98.61026763916016 387.9076232910156
99.2430419921875 387.9621276855469
99.8746109008789 388.0289001464844
100.50475311279297 388.10791015625
101.13323974609375 388.19915771484375
101.75983428955078 388.3025817871094
102.3843002319336 388.41815185546875
103.00640106201172 388.54583740234375
103.62590789794922 388.6855773925781
104.24258422851562 388.8373107910156
104.85619354248047 389.0010070800781
105.46650695800781 389.17657470703125
106.07329559326172 389.3639831542969
106.67633056640625 389.5631408691406
107.27538299560547 389.7739562988281
107.87022399902344 389.9963684082031
108.46063995361328 390.23028564453125
109.04618072509766 390.4755554199219
109.62657928466797 390.7320251464844
110.20153045654297 390.99951171875
110.7791976928711 391.2817687988281
111.34867095947266 391.5734558105469
111.91057586669922 391.8748779296875
112.51277160644531 392.2117004394531
113.11751556396484 392.5626220703125
113.70365905761719 392.9153747558594
114.2724380493164 393.27081298828125
114.8395767211914 393.6387939453125
115.3905258178711 394.0098876953125
115.92710876464844 394.3853759765625
116.44062805175781 394.7591857910156
116.94641876220703 395.1424865722656
117.4450454711914 395.5357971191406
117.9359359741211 395.938720703125
118.41890716552734 396.3511047363281
118.89378356933594 396.77276611328125
119.36038208007812 397.2035827636719
119.81851959228516 397.64337158203125
120.26803588867188 398.09197998046875
120.70874786376953 398.5492248535156
121.1405029296875 399.01495361328125
121.56312561035156 399.4889831542969
121.9764633178711 399.97113037109375
122.38036346435547 400.4612121582031
122.77466583251953 400.95904541015625
123.15922546386719 401.4644470214844
123.53389739990234 401.9772033691406
123.89854431152344 402.4971618652344
124.25302124023438 403.02410888671875
124.59719848632812 403.5578308105469
124.93094635009766 404.09814453125
125.25413513183594 404.64483642578125
125.6543197631836 405.33660888671875
126.0543441772461 406.0273742675781
126.36739349365234 406.5799865722656
126.75517272949219 407.2797546386719
127.14271545410156 407.97821044921875
127.52982330322266 408.67529296875
127.91778564453125 409.3733215332031
128.30520629882812 410.06982421875
128.69410705566406 410.76837158203125
129.08306884765625 411.4661560058594
129.4716796875 412.1626892089844
129.85906982421875 412.8568420410156
130.16519165039062 413.4178466796875
130.54190063476562 414.12353515625
130.9186248779297 414.8282775878906
131.29518127441406 415.5319519042969
131.652587890625 416.2032775878906
131.9937286376953 416.853759765625
132.3627166748047 417.5635070800781
132.72747802734375 418.26513671875
133.0871124267578 418.95904541015625
133.43724060058594 419.6394958496094
133.77249145507812 420.29998779296875
134.1303253173828 421.0111083984375
134.4861297607422 421.71856689453125
134.83750915527344 422.4190368652344
135.18043518066406 423.1070861816406
135.5013885498047 423.76092529296875
135.79043579101562 424.36785888671875
136.0554962158203 424.9497985839844
136.3091583251953 425.5359191894531
136.55029296875 426.12384033203125
136.7798614501953 426.71600341796875
136.9978790283203 427.3124694824219
137.2042694091797 427.9130554199219
137.39895629882812 428.5175476074219
137.5818634033203 429.1257019042969
137.7528839111328 429.7371826171875
137.9119873046875 430.3517761230469
138.05909729003906 430.9692077636719
138.1941375732422 431.58917236328125
138.31707763671875 432.21136474609375
138.42791748046875 432.8357238769531
138.52664184570312 433.4620666503906
138.61338806152344 434.0912170410156
138.68911743164062 434.7299499511719
138.75674438476562 435.40252685546875
138.81881713867188 436.1316833496094
138.86947631835938 436.8464050292969
138.91294860839844 437.60302734375
138.9466094970703 438.35101318359375
138.9718780517578 439.11895751953125
138.98817443847656 439.8835144042969
138.9958038330078 440.6543884277344
138.99481201171875 441.42462158203125
138.985107421875 442.19281005859375
138.9665985107422 442.9569091796875
138.93934631347656 443.7238464355469
138.9036865234375 444.4920349121094
138.8595733642578 445.260986328125
138.80694580078125 446.0300598144531
138.74684143066406 446.7878112792969
138.67843627929688 447.5473327636719
138.60165405273438 448.308349609375
138.5164337158203 449.0705261230469
138.4237060546875 449.82623291015625
138.32386779785156 450.5743103027344
138.2157440185547 451.3241271972656
138.09925842285156 452.0754699707031
137.97592163085938 452.819091796875
137.84425354003906 453.5643005371094
137.7041778564453 454.31085205078125
137.55747985839844 455.0496826171875
137.40240478515625 455.7898864746094
137.240966796875 456.5222473144531
137.07119750976562 457.2559814453125
136.8930206298828 457.9908752441406
136.7086181640625 458.7181396484375
136.51583862304688 459.4465026855469
136.31460571289062 460.1757507324219
136.10487365722656 460.9056091308594
135.888916015625 461.6282958984375
135.6644744873047 462.3515319824219
135.43392944335938 463.06781005859375
135.18997192382812 463.7989501953125
134.9400177001953 464.5219421386719
134.6827392578125 465.2410583496094
134.4143524169922 465.9664306640625
134.13467407226562 466.697509765625
133.8474884033203 467.4240417480469
133.55137634277344 468.1495361328125
133.247314453125 468.8715515136719
132.93421936035156 469.592529296875
132.61318969726562 470.309814453125
132.2842254638672 471.0234680175781
131.94715881347656 471.73382568359375
131.60220336914062 472.44036865234375
131.24935913085938 473.14312744140625
130.89352416992188 473.83209228515625
130.5253448486328 474.5345153808594
130.15455627441406 475.2420349121094
129.78466796875 475.9484558105469
129.41615295410156 476.6523742675781
129.0499267578125 477.3510437011719
128.6792755126953 478.05767822265625
128.36526489257812 478.64520263671875
127.98623657226562 479.34063720703125
127.60408782958984 480.0417785644531
127.2759780883789 480.63372802734375
126.9061279296875 481.28497314453125
126.54541778564453 481.9088134765625
126.15174865722656 482.5804748535156
125.76505279541016 483.23504638671875
125.38768768310547 483.8647766113281
124.98182678222656 484.5348205566406
124.58206176757812 485.19091796875
124.19123840332031 485.8250732421875
123.77593994140625 486.4931335449219
123.3659896850586 487.14959716796875
122.9643783569336 487.7867431640625
122.5731201171875 488.39764404296875
122.1493148803711 489.0513000488281
121.73312377929688 489.6885070800781
121.32731628417969 490.30157470703125
120.93196868896484 490.88671875
120.49700164794922 491.5203552246094
120.07211303710938 492.1326599121094
119.65876007080078 492.7179870605469
119.25464630126953 493.2763977050781
118.80622100830078 493.8841247558594
118.36995697021484 494.4668884277344
117.90016174316406 495.08734130859375
117.48899841308594 495.62066650390625
117.00162506103516 496.24267578125
116.51940155029297 496.8563537597656
116.09593963623047 497.3861999511719
115.59752655029297 498.000244140625
115.10411834716797 498.6065979003906
114.66947174072266 499.13214111328125
114.16083526611328 499.7380676269531
113.69915771484375 500.281982421875
113.19806671142578 500.864013671875
112.6808090209961 501.46221923828125
112.21092987060547 501.9996643066406
111.78050231933594 502.4779357910156
111.27351379394531 503.0274963378906
110.78166198730469 503.5522155761719
110.25200653076172 504.10986328125
109.73555755615234 504.64825439453125
109.2347412109375 505.1618957519531
108.69574737548828 505.7071838378906
108.17082214355469 506.23260498046875
107.66201782226562 506.7332458496094
107.11428833007812 507.2643737792969
106.58171844482422 507.7747802734375
106.06564331054688 508.2603759765625
105.50975799560547 508.775146484375
104.97024536132812 509.2681884765625
104.44733428955078 509.7365417480469
103.8839340209961 510.2323303222656
103.33805084228516 510.7054138183594
102.80845642089844 511.1543273925781
102.28986358642578 511.5816650390625
101.79066467285156 511.9788513183594
101.28495025634766 512.3656005859375
100.77312469482422 512.7415771484375
100.25410461425781 513.1075439453125
99.72807312011719 513.46337890625
99.19523620605469 513.8088989257812
98.6557846069336 514.14404296875
98.10992431640625 514.4686279296875
97.55786895751953 514.7825317382812
96.99981689453125 515.085693359375
96.43598175048828 515.3779296875
95.8665771484375 515.6591796875
95.29182434082031 515.9293212890625
94.71192932128906 516.188232421875
94.12711334228516 516.4358520507812
93.53760528564453 516.6720581054688
92.94361877441406 516.8967895507812
92.34538269042969 517.1099243164062
91.74311828613281 517.3114013671875
91.13705444335938 517.5011596679688
90.52742004394531 517.6790771484375
89.91444396972656 517.8451538085938
89.29835510253906 517.999267578125
88.67938995361328 518.1414184570312
88.05778503417969 518.271484375
87.43376922607422 518.3894653320312
86.80757904052734 518.4953002929688
86.17945098876953 518.5889282226562
85.54962158203125 518.6703491210938
84.9183349609375 518.7395629882812
84.28582000732422 518.7965087890625
83.6523208618164 518.8411254882812
83.01807403564453 518.8734130859375
82.38331604003906 518.8934326171875
81.748291015625 518.9010620117188
81.11323547363281 518.8963623046875
80.4783935546875 518.8793334960938
79.84400177001953 518.8499755859375
79.21029663085938 518.808349609375
78.57752227783203 518.75439453125
77.94591522216797 518.6881713867188
77.31571197509766 518.6096801757812
76.68714904785156 518.5189819335938
76.06047058105469 518.4160766601562
75.43590545654297 518.301025390625
74.8136978149414 518.1738891601562
74.19407653808594 518.03466796875
73.5772705078125 517.8834228515625
72.9635238647461 517.7202758789062
72.35305786132812 517.5452270507812
71.74610900878906 517.3583374023438
71.14290618896484 517.1597290039062
70.54367065429688 516.9494018554688
69.9486312866211 516.7274780273438
69.35801696777344 516.4940795898438
68.77204895019531 516.2492065429688
68.19094848632812 515.9930419921875
67.61492919921875 515.7256469726562
67.0442123413086 515.4470825195312
66.47901153564453 515.157470703125
65.91954803466797 514.85693359375
65.36602020263672 514.5455932617188
64.81864929199219 514.2235717773438
64.27763366699219 513.8909912109375
63.74317932128906 513.5479736328125
63.215484619140625 513.1946411132812
62.69475173950195 512.8311157226562
62.18117904663086 512.45751953125
61.674957275390625 512.0740356445312
61.1762809753418 511.6808166503906
60.685333251953125 511.2779846191406
60.202301025390625 510.8656921386719
59.72736740112305 510.444091796875
59.260711669921875 510.0133361816406
58.80250930786133 509.5736083984375
58.352935791015625 509.12506103515625
57.91215515136719 508.6678771972656
57.48033905029297 508.20220947265625
57.057647705078125 507.7282409667969
56.64424133300781 507.24615478515625
56.24027633666992 506.7561340332031
55.84590148925781 506.25836181640625
55.46126937866211 505.7530212402344
55.086524963378906 505.24029541015625
54.72180938720703 504.72039794921875
54.36725997924805 504.1935119628906
54.02301025390625 503.65985107421875
53.68918991088867 503.1195983886719
53.36592483520508 502.5729675292969
53.05333709716797 502.0201416015625
52.75154113769531 501.46136474609375
52.460655212402344 500.8968200683594
52.180789947509766 500.3267517089844
51.91204833984375 499.7513427734375
51.65453338623047 499.17083740234375
51.40834045410156 498.5854187011719
51.173561096191406 497.9953308105469
50.950286865234375 497.40081787109375
50.73860168457031 496.80206298828125
50.5385856628418 496.1993103027344
50.350311279296875 495.5928039550781
50.17385482788086 494.98272705078125
50.00927734375 494.3693542480469
49.85664367675781 493.7528991699219
49.71601104736328 493.13360595703125
49.587432861328125 492.5116882324219
49.4709587097168 491.88739013671875
49.36663055419922 491.2609558105469
49.27448654174805 490.6325988769531
49.19456481933594 490.0025939941406
49.126895904541016 489.37115478515625
49.071502685546875 488.7385559082031
49.028404235839844 488.10498046875
48.99761962890625 487.470703125
48.97916030883789 486.83599853515625
48.97303009033203 486.20111083984375
48.97922897338867 485.5661926269531
48.99774932861328 484.93170166015625
49.028587341308594 484.29766845703125
49.071720123291016 483.6644592285156
49.12712097167969 483.0323791503906
49.194786071777344 482.40142822265625
49.274662017822266 481.7720947265625
49.36674499511719 481.1443786621094
49.4709587097168 480.5187683105469
49.587257385253906 479.89544677734375
49.71562576293945 479.2744445800781
49.85602569580078 478.656005859375
50.00836181640625 478.0404968261719
50.172630310058594 477.4278869628906
50.34868621826172 476.8186950683594
50.536624908447266 476.21258544921875
50.73663330078125 475.6088562011719
50.947933197021484 475.0098876953125
51.171363830566406 474.41326904296875
51.405731201171875 473.82220458984375
51.652259826660156 473.2335510253906
51.909332275390625 472.6512145996094
52.178497314453125 472.0716552734375
52.45782470703125 471.4990539550781
52.749027252197266 470.92987060546875
53.05006408691406 470.36810302734375
53.36356735229492 469.8088684082031
53.7000617980957 469.2335510253906
54.06325149536133 468.6358947753906
54.46100997924805 468.0023498535156
54.863643646240234 467.3797912597656
55.26039123535156 466.7852478027344
55.672054290771484 466.18768310546875
56.10586929321289 465.5762634277344
56.55116653442383 464.96563720703125
56.990562438964844 464.3798828125
57.44975280761719 463.7847900390625
57.90169143676758 463.2154541015625
58.386417388916016 462.6212463378906
58.86733627319336 462.0467834472656
59.3584098815918 461.4755554199219
59.84633255004883 460.92315673828125
60.32362365722656 460.39849853515625
60.816959381103516 459.87237548828125
61.32168960571289 459.349609375
61.8156852722168 458.8532409667969
62.321449279785156 458.3608093261719
62.815399169921875 457.8953857421875
63.32070541381836 457.4351501464844
63.83314514160156 456.9839782714844
64.3385009765625 456.55438232421875
64.83971405029297 456.1438903808594
65.3499526977539 455.74169921875
65.86927795410156 455.34771728515625
66.38813781738281 454.96917724609375
66.91509246826172 454.5997314453125
67.45545196533203 454.2354431152344
67.99752807617188 453.8840637207031
68.55857849121094 453.5340881347656
69.12061309814453 453.19647216796875
69.7090835571289 452.8554382324219
70.29620361328125 452.526611328125
70.87779235839844 452.21282958984375
71.49600982666016 451.89068603515625
72.11222076416016 451.5794372558594
72.76016998291016 451.26123046875
73.3923110961914 450.9590759277344
74.0224609375 450.6672668457031
74.68132019042969 450.3708801269531
75.33724212646484 450.0834045410156
75.97726440429688 449.8114318847656
76.61687469482422 449.5491943359375
77.28153991699219 449.2856140136719
77.94499206542969 449.03045654296875
78.59256744384766 448.7901916503906
79.22795104980469 448.5644836425781
79.89836883544922 448.3360595703125
80.56916046142578 448.1158142089844
81.2241439819336 447.90966796875
81.91461181640625 447.7010192871094
82.60606384277344 447.49920654296875
83.31025695800781 447.3004150390625
83.99542236328125 447.1139831542969
84.6824722290039 446.9349365234375
85.39933013916016 446.7550048828125
86.09669494628906 446.5863037109375
86.76992797851562 446.43157958984375
87.45246124267578 446.2837219238281
88.1192626953125 446.1484375
88.8348159790039 446.0117492675781
89.5304183959961 445.8859558105469
90.22028350830078 445.7694091796875
90.88821411132812 445.66571044921875
91.55054473876953 445.5731506347656
92.20052337646484 445.4931335449219
92.84339141845703 445.42547607421875
93.48247528076172 445.3701171875
94.12084197998047 445.3268737792969
94.75837707519531 445.2958068847656
95.39496612548828 445.2770080566406
96.0311050415039 445.2704772949219
96.66676330566406 445.2762451171875
97.30191802978516 445.2943115234375
97.93643951416016 445.3246765136719
98.57017517089844 445.3673400878906
99.20291137695312 445.42230224609375
99.83443450927734 445.4895324707031
100.46452331542969 445.5690002441406
101.09294128417969 445.66070556640625
101.7194595336914 445.76458740234375
102.34384155273438 445.880615234375
102.96585083007812 446.0087585449219
103.58525085449219 446.1489562988281
104.20181274414062 446.3011474609375
104.8153076171875 446.4653015136719
105.42549896240234 446.6413269042969
106.03215026855469 446.82916259765625
106.63504028320312 447.02874755859375
107.23394012451172 447.2400207519531
107.82862854003906 447.4628601074219
108.41887664794922 447.69720458984375
109.00446319580078 447.9429931640625
109.58515930175781 448.2001037597656
110.16075897216797 448.46844482421875
110.73103332519531 448.7478942871094
111.2957763671875 449.03839111328125
111.85476684570312 449.33978271484375
112.40779876708984 449.6519775390625
112.95466613769531 449.974853515625
113.49516296386719 450.30828857421875
114.0290756225586 450.65216064453125
114.55621337890625 451.00634765625
115.07637023925781 451.3706970214844
115.58935546875 451.7450866699219
116.094970703125 452.1293640136719
116.59303283691406 452.52337646484375
117.08334350585938 452.927001953125
117.56572723388672 453.3400573730469
118.03999328613281 453.7624206542969
118.50597381591797 454.19390869140625
118.96348571777344 454.6343688964844
119.412353515625 455.0836181640625
119.85240936279297 455.54150390625
120.28349304199219 456.0078430175781
120.70543670654297 456.48248291015625
121.11808776855469 456.9652099609375
121.52127838134766 457.45587158203125
121.91487121582031 457.95428466796875
122.2987060546875 458.4602355957031
122.67264556884766 458.9735412597656
123.03654479980469 459.4940185546875
123.39026641845703 460.0214538574219
123.73367309570312 460.5556640625
124.06664276123047 461.096435546875
124.38904571533203 461.6435852050781
124.70076751708984 462.1968994140625
125.00167846679688 462.75616455078125
125.29167175292969 463.3211669921875
125.57064056396484 463.8916931152344
125.8384780883789 464.467529296875
126.09507751464844 465.0484619140625
126.34034729003906 465.6342468261719
126.5741958618164 466.2247009277344
126.7965316772461 466.819580078125
127.00727081298828 467.4186706542969
127.20633697509766 468.021728515625
127.3936538696289 468.6285400390625
127.56915283203125 469.2388916015625
127.7327651977539 469.8525085449219
127.88442993164062 470.4692077636719
128.02407836914062 471.0887145996094
128.15167236328125 471.7108154296875
128.2671661376953 472.33526611328125
128.37049865722656 472.96185302734375
128.46163940429688 473.5903015136719
128.54055786132812 474.2203674316406
128.6072235107422 474.851806640625
128.66160583496094 475.4843444824219
128.70370483398438 476.11785888671875
128.73348999023438 476.7519836425781
128.75094604492188 477.38641357421875
128.75608825683594 478.0211181640625
128.74891662597656 478.65533447265625
128.7294464111328 479.28936767578125
128.69769287109375 479.92266845703125
128.65367126464844 480.5553283691406
128.597412109375 481.1869201660156
128.5288848876953 481.81805419921875
128.4478302001953 482.45123291015625
128.35494995117188 483.08111572265625
128.25018310546875 483.7080078125
128.132568359375 484.3377380371094
128.00352478027344 484.96270751953125
127.86333465576172 485.5813293457031
127.71115112304688 486.1971740722656
127.54695892333984 486.8102722167969
127.37081909179688 487.4203186035156
127.1828384399414 488.02691650390625
126.98310852050781 488.6297607421875
126.77171325683594 489.2286071777344
126.54872131347656 489.8232421875
126.31422424316406 490.4134216308594
126.06831359863281 490.99896240234375
125.81107330322266 491.57958984375
125.5426025390625 492.1551208496094
125.26300811767578 492.725341796875
124.9723892211914 493.2900085449219
124.67084503173828 493.8489685058594
124.35700988769531 494.40484619140625
124.02535247802734 494.9681396484375
123.65758514404297 495.5730285644531
123.25231170654297 496.22900390625
122.85574340820312 496.8642578125
122.46944427490234 497.47247314453125
122.04901885986328 498.1257019042969
121.63663482666016 498.7611999511719
121.23477935791016 499.37158203125
120.84296417236328 499.9539794921875
120.41050720214844 500.5860595703125
119.98845672607422 501.19580078125
119.57779693603516 501.7781677246094
119.1757583618164 502.3340148925781
118.72904968261719 502.9393005371094
118.29462432861328 503.51898193359375
117.8252944946289 504.13775634765625
117.36540222167969 504.7393493652344
116.91796875 505.3166198730469
116.437744140625 505.9294738769531
116.01683044433594 506.457275390625
115.51947784423828 507.071044921875
115.02751922607422 507.6763916015625
114.59508514404297 508.1996154785156
114.0870361328125 508.8049621582031
113.6277847290039 509.3457946777344
113.12794494628906 509.9256896972656
112.61073303222656 510.52288818359375
112.1426773071289 511.0570983886719
111.71204376220703 511.5343322753906
111.20631408691406 512.080810546875
110.71576690673828 512.6021118164062
110.18624877929688 513.1571044921875
109.6703872680664 513.6920776367188
109.17021179199219 514.2020874023438
108.63082122802734 514.7442626953125
108.10592651367188 515.2659301757812
107.59717559814453 515.7626953125
107.1300048828125 516.2057495117188
106.65750122070312 516.637451171875
106.18026733398438 517.0570068359375
105.69525909423828 517.4669799804688
105.20237731933594 517.8674926757812
104.70181274414062 518.25830078125
104.19375610351562 518.6393432617188
103.67839050292969 519.0104370117188
103.15591430664062 519.3714599609375
102.62652587890625 519.7222900390625
102.09042358398438 520.062744140625
101.54781341552734 520.3927001953125
100.99889373779297 520.7120971679688
100.44387817382812 521.020751953125
99.88297271728516 521.318603515625
99.31639099121094 521.60546875
98.74434661865234 521.8812866210938
98.16705322265625 522.1459350585938
97.58472442626953 522.3993530273438
96.9975814819336 522.6414184570312
96.40585327148438 522.8720092773438
95.80976104736328 523.091064453125
95.20952606201172 523.2985229492188
94.6053695678711 523.4942626953125
93.99752807617188 523.67822265625
93.38623046875 523.850341796875
92.7717056274414 524.0105590820312
92.15418243408203 524.1588134765625
91.53389739990234 524.2950439453125
90.91108703613281 524.419189453125
90.28598022460938 524.53125
89.6588134765625 524.6311645507812
89.02982330322266 524.7188720703125
88.39925384521484 524.7943115234375
87.767333984375 524.8574829101562
87.13430786132812 524.9083862304688
86.50041198730469 524.947021484375
85.86588287353516 524.9733276367188
85.23096466064453 524.9873046875
84.59589385986328 524.9889526367188
83.9609146118164 524.978271484375
83.32626342773438 524.9552612304688
82.69217681884766 524.919921875
82.05889892578125 524.8722534179688
81.42666625976562 524.8123168945312
80.79571533203125 524.7401123046875
80.16629028320312 524.6556396484375
79.53861999511719 524.5589599609375
78.91294860839844 524.4501342773438
78.28951263427734 524.3291625976562
77.66854095458984 524.1961059570312
77.0502700805664 524.051025390625
76.4349365234375 523.8939208984375
75.82276916503906 523.7249145507812
75.21399688720703 523.5440673828125
74.60885620117188 523.3514404296875
74.007568359375 523.1470947265625
73.41036224365234 522.9310913085938
72.81746673583984 522.7035522460938
72.2291030883789 522.4645385742188
71.64549255371094 522.214111328125
71.06685638427734 521.952392578125
70.493408203125 521.6795043945312
69.92536926269531 521.3955078125
69.36295318603516 521.1005859375
68.8063735961914 520.7947998046875
68.2558364868164 520.4782104492188
67.71155548095703 520.1510009765625
67.1737289428711 519.8132934570312
66.64256286621094 519.4652099609375
66.11825561523438 519.1068725585938
65.60100555419922 518.7384033203125
65.09101104736328 518.3599853515625
64.58846282958984 517.9717407226562
64.09354400634766 517.5737915039062
63.606449127197266 517.1663208007812
63.12736129760742 516.7494506835938
62.65645980834961 516.3233642578125
62.19392013549805 515.88818359375
61.73991775512695 515.444091796875
61.29462814331055 514.9912719726562
60.85821533203125 514.5299072265625
60.430843353271484 514.0601806640625
60.01267623901367 513.5822143554688
59.60386657714844 513.0962524414062
59.20457458496094 512.6024169921875
58.81494903564453 512.1008911132812
58.43513488769531 511.5919189453125
58.065277099609375 511.0756530761719
57.70551681518555 510.55230712890625
57.355987548828125 510.0220642089844
57.01681900024414 509.4851379394531
56.68814468383789 508.9417419433594
56.370086669921875 508.3920593261719
56.06276321411133 507.8363037109375
55.76628875732422 507.2746887207031
55.480777740478516 506.7074279785156
55.206336975097656 506.13470458984375
54.94307327270508 505.5567626953125
54.69108200073242 504.97381591796875
54.45045852661133 504.3860778808594
54.221290588378906 503.7937927246094
54.00366973876953 503.1971740722656
53.797672271728516 502.596435546875
53.603370666503906 501.99176025390625
53.42084884643555 501.3834533691406
53.25017547607422 500.771728515625
53.0914192199707 500.1568298339844
52.944637298583984 499.5389404296875
52.80988311767578 498.9183349609375
52.68720626831055 498.29522705078125
52.57665252685547 497.66986083984375
52.478267669677734 497.0424499511719
52.392086029052734 496.41326904296875
52.318138122558594 495.78253173828125
52.25645446777344 495.1504821777344
52.20705795288086 494.517333984375
52.16996765136719 493.88336181640625
52.145198822021484 493.248779296875
52.13275909423828 492.6138610839844
52.132652282714844 491.97882080078125
52.14487838745117 491.34393310546875
52.169429779052734 490.7094421386719
52.206295013427734 490.0755310058594
52.255455017089844 489.4425964355469
52.316898345947266 488.8106994628906
52.39059066772461 488.1802062988281
52.47651290893555 487.5512390136719
52.574615478515625 486.92413330078125
52.684852600097656 486.2991943359375
52.80720901489258 485.67645263671875
52.94160079956055 485.05633544921875
53.08796691894531 484.4390869140625
53.246299743652344 483.8247375488281
53.41648483276367 483.2137451171875
53.5985107421875 482.6060791015625
53.7922477722168 482.002197265625
53.997684478759766 481.4021301269531
54.21467971801758 480.8062744140625
54.44316482543945 480.21478271484375
54.68307876586914 479.6278076171875
54.9343147277832 479.0456237792969
55.1967887878418 478.4684143066406
55.470394134521484 477.8963928222656
55.75503158569336 477.3298034667969
56.050594329833984 476.7688293457031
56.35696792602539 476.21368408203125
56.6740608215332 475.66455078125
57.00189208984375 475.1214294433594
57.34195327758789 474.5818786621094
57.69315719604492 474.04766845703125
58.05419921875 473.52081298828125
58.43117141723633 472.9924621582031
58.81414031982422 472.4765625
59.22285461425781 471.946533203125
59.63539123535156 471.4308166503906
60.06129837036133 470.91748046875
60.50053787231445 470.4065856933594
60.95805740356445 469.892333984375
61.40980529785156 469.4017639160156
61.87669372558594 468.91217041015625
62.35586166381836 468.4265441894531
62.83012008666992 467.96234130859375
63.314422607421875 467.5049133300781
63.79696273803711 467.0654296875
64.28951263427734 466.6331481933594
64.78974914550781 466.2100830078125
65.2889633178711 465.8036193847656
65.7968978881836 465.4057922363281
66.31383514404297 465.0163269042969
66.83248138427734 464.64068603515625
67.36013793945312 464.2735290527344
67.89205932617188 463.9180908203125
68.43580627441406 463.5692138671875
68.9832992553711 463.23199462890625
69.55057525634766 462.8962097167969
70.14585876464844 462.5559387207031
70.7392578125 462.22772216796875
71.32569122314453 461.9149475097656
71.95034790039062 461.5928039550781
72.56217956542969 461.28704833984375
73.216064453125 460.9694519042969
73.8536376953125 460.6676330566406
74.4889907836914 460.3758850097656
75.1519775390625 460.0798034667969
75.77259826660156 459.8113708496094
76.41877746582031 459.5420227050781
77.06433868408203 459.2821350097656
77.73401641845703 459.0210876464844
78.4024429321289 458.7681884765625
79.05437469482422 458.5299987792969
79.69329833984375 458.3063659667969
80.33399200439453 458.0926513671875
80.9931640625 457.88287353515625
81.65361785888672 457.6820983886719
82.3489761352539 457.4790954589844
83.04532623291016 457.28265380859375
83.75299835205078 457.08953857421875
84.44152069091797 456.908447265625
85.1319808959961 456.7345886230469
85.8510971069336 456.5602722167969
86.52497863769531 456.404052734375
87.22859954833984 456.2492370605469
87.9131851196289 456.1063232421875
88.6017074584961 455.9710998535156
89.31266784667969 455.83917236328125
89.99724578857422 455.7198181152344
90.67597961425781 455.61053466796875
91.336181640625 455.51409912109375
91.99150848388672 455.42913818359375
92.63326263427734 455.35723876953125
93.27403259277344 455.29730224609375
93.91209411621094 455.2496337890625
94.54962158203125 455.2141418457031
95.18653106689453 455.19085693359375
95.82276153564453 455.1798400878906
96.45858001708984 455.1811218261719
97.09391021728516 455.1947021484375
97.72868347167969 455.2205810546875
98.36271667480469 455.2587585449219
98.9958267211914 455.3092346191406
99.62781524658203 455.3719787597656
100.25845336914062 455.4469909667969
100.88751220703125 455.53424072265625
101.5147476196289 455.6336975097656
102.13993835449219 455.74530029296875
102.7628402709961 455.8690185546875
103.38321685791016 456.00482177734375
104.00083923339844 456.15264892578125
104.615478515625 456.31243896484375
105.22689819335938 456.484130859375
105.83486938476562 456.66766357421875
106.43915557861328 456.86297607421875
107.03953552246094 457.0699768066406
107.63578796386719 457.2886047363281
108.22767639160156 457.5187683105469
108.81498718261719 457.7604064941406
109.39749145507812 458.0133972167969
109.9749755859375 458.27764892578125
110.5472183227539 458.5530700683594
111.11400604248047 458.83953857421875
111.67511749267578 459.136962890625
112.2303466796875 459.44525146484375
112.77948760986328 459.7642517089844
113.32232666015625 460.0938415527344
113.8586654663086 460.4339294433594
114.38829803466797 460.78436279296875
114.91102600097656 461.14501953125
115.42665100097656 461.5157470703125
115.93497467041016 461.89642333984375
116.4358139038086 462.2868957519531
116.92897033691406 462.6870422363281
117.41426086425781 463.0966796875
117.89151000976562 463.5156555175781
118.36052703857422 463.94384765625
118.8211441040039 464.38104248046875
119.27317810058594 464.8271179199219
119.71646881103516 465.2818908691406
120.15084075927734 465.74517822265625
120.57613372802734 466.2168273925781
120.9921875 466.6966247558594
121.39884185791016 467.1844177246094
121.79595184326172 467.6800231933594
122.18335723876953 468.1832580566406
122.56092071533203 468.69390869140625
122.9284896850586 469.2117919921875
123.28593444824219 469.7367248535156
123.63311767578125 470.26849365234375
123.96990966796875 470.8069152832031
124.29618072509766 471.3517761230469
124.61180877685547 471.9028625488281
124.91667175292969 472.4599609375
125.21065521240234 473.02288818359375
125.49365234375 473.5914306640625
125.76555633544922 474.16534423828125
126.02626037597656 474.74444580078125
126.27567291259766 475.3284912109375
126.5136947631836 475.9172668457031
126.740234375 476.51055908203125
126.95520782470703 477.1081237792969
127.15853881835938 477.70977783203125
127.35014343261719 478.31524658203125
127.52995300292969 478.92431640625
127.6978988647461 479.5367736816406
127.85391998291016 480.1523742675781
127.99795532226562 480.7708740234375
128.1299591064453 481.3920593261719
128.24986267089844 482.01568603515625
128.35763549804688 482.6415100097656
128.45323181152344 483.269287109375
128.53660583496094 483.8988037109375
128.6077423095703 484.5298156738281
128.66661071777344 485.1619873046875
128.71319580078125 485.7951965332031
128.74746704101562 486.4291076660156
128.76942443847656 487.0634460449219
128.779052734375 487.6981201171875
128.7763671875 488.33270263671875
128.76138305664062 488.9666442871094
128.73410034179688 489.6002197265625
128.69454956054688 490.23309326171875
128.6427459716797 490.86505126953125
128.57867431640625 491.4961853027344
128.5023193359375 492.12628173828125
128.4137420654297 492.75482177734375
128.31295776367188 493.3816833496094
128.1999969482422 494.00653076171875
128.0749053955078 494.629150390625
127.93775177001953 495.2492370605469
127.78858184814453 495.8665466308594
127.62744903564453 496.4808349609375
127.45441436767578 497.0918884277344
127.26954650878906 497.699462890625
127.07291412353516 498.3033142089844
126.86459350585938 498.90325927734375
126.64466094970703 499.4990234375
126.41320037841797 500.0904235839844
126.17029571533203 500.6772155761719
125.9160385131836 501.2591552734375
125.65052795410156 501.8360595703125
125.37386322021484 502.4076843261719
125.08612823486328 502.973876953125
124.78746795654297 503.53436279296875
124.46876525878906 504.1070251464844
124.14437103271484 504.6664733886719
123.78994750976562 505.25616455078125
123.39380645751953 505.90179443359375
123.00756072998047 506.52203369140625
122.59117126464844 507.1831359863281
122.18164825439453 507.82904052734375
121.78185272216797 508.45184326171875
121.39242553710938 509.04681396484375
120.96540069580078 509.68951416015625
120.54766845703125 510.31201171875
120.14108276367188 510.907958984375
119.74396514892578 511.4764404296875
119.35181427001953 512.0214233398438
118.91511535644531 512.6138916015625
118.4393539428711 513.2544555664062
118.03085327148438 513.7964477539062
117.549560546875 514.4251708984375
117.11307525634766 514.9889526367188
116.63742065429688 515.5946655273438
116.14692687988281 516.2168579101562
115.69995880126953 516.77783203125
115.26387786865234 517.3123779296875
114.75853729248047 517.9234008789062
114.25731658935547 518.5284423828125
113.8117904663086 519.0585327148438
113.32189178466797 519.6306762695312
112.8460464477539 520.1784057617188
112.38331604003906 520.6997680664062
111.94939422607422 521.1737060546875
111.5089340209961 521.6370849609375
111.06239318847656 522.0891723632812
110.607421875 522.5322265625
110.14392852783203 522.9663696289062
109.6720962524414 523.3914184570312
109.19210052490234 523.8072509765625
108.70411682128906 524.2136840820312
108.20832824707031 524.6105346679688
107.70492553710938 524.9976806640625
107.19409942626953 525.375
106.67604064941406 525.7423095703125
106.15094757080078 526.0994873046875
105.6190185546875 526.4464111328125
105.08045196533203 526.782958984375
104.53544616699219 527.1089477539062
103.98421478271484 527.42431640625
103.42696380615234 527.7289428710938
102.86389923095703 528.0226440429688
102.29523468017578 528.3053588867188
101.72119140625 528.5770263671875
101.14198303222656 528.8374633789062
100.55782318115234 529.0866088867188
99.96893310546875 529.3243408203125
99.37553405761719 529.5505981445312
98.7778549194336 529.7653198242188
98.17611694335938 529.9683837890625
97.57054901123047 530.1597290039062
96.96138000488281 530.3392333984375
96.34883880615234 530.5068969726562
95.73316192626953 530.6626586914062
95.11457824707031 530.806396484375
94.49331665039062 530.9381103515625
93.86961364746094 531.0577392578125
93.24370574951172 531.1652221679688
92.61582946777344 531.2605590820312
91.98622131347656 531.3436279296875
91.35511779785156 531.4144897460938
90.7227554321289 531.4730834960938
90.08937072753906 531.5193481445312
89.45520782470703 531.5533447265625
88.82051086425781 531.5750122070312
88.18550872802734 531.5843505859375
87.55044555664062 531.5813598632812
86.91555786132812 531.5660400390625
86.28108978271484 531.5383911132812
85.64727783203125 531.4984130859375
85.01436614990234 531.4461059570312
84.3825912475586 531.3815307617188
83.75218963623047 531.3046875
83.12339782714844 531.2156372070312
82.4964599609375 531.1143798828125
81.8716049194336 531.0009765625
81.24906921386719 530.8754272460938
80.62909698486328 530.7378540039062
80.01190948486328 530.5882568359375
79.39775085449219 530.4266967773438
78.78684997558594 530.2532348632812
78.17943572998047 530.0679321289062
77.57573699951172 529.8709106445312
76.97598266601562 529.6621704101562
76.3803939819336 529.4418334960938
75.7892074584961 529.2099609375
75.20262908935547 528.9666748046875
74.62088775634766 528.7120361328125
74.04420471191406 528.4461669921875
73.4728012084961 528.1691284179688
72.90689086914062 527.8810424804688
72.34667205810547 527.58203125
71.79236602783203 527.272216796875
71.24418640136719 526.95166015625
70.70233917236328 526.6205444335938
70.1670150756836 526.2789306640625
69.638427734375 525.927001953125
69.11677551269531 525.5648803710938
68.60224914550781 525.1926879882812
68.09505462646484 524.8106079101562
67.59536743164062 524.418701171875
67.10338592529297 524.0171508789062
66.61929321289062 523.6061401367188
66.14327239990234 523.185791015625
65.67549896240234 522.7562866210938
65.21615600585938 522.3178100585938
64.76541137695312 521.8704833984375
64.32343292236328 521.4144897460938
63.89038848876953 520.949951171875
63.46644973754883 520.4771118164062
63.0517692565918 519.99609375
62.64651107788086 519.5071411132812
62.250823974609375 519.0104370117188
61.8648567199707 518.506103515625
61.4887580871582 517.994384765625
61.1226692199707 517.4754638671875
60.766727447509766 516.9495239257812
60.42106628417969 516.416748046875
60.0858154296875 515.8773803710938
59.76110076904297 515.3316040039062
59.44704818725586 514.7796020507812
59.14377212524414 514.2216186523438
58.851383209228516 513.6578369140625
58.56999969482422 513.0885009765625
58.299713134765625 512.5137939453125
58.04059982299805 511.933837890625
57.79279327392578 511.3489990234375
57.55630111694336 510.7592468261719
57.33119201660156 510.164794921875
57.11753463745117 509.56585693359375
56.91559600830078 508.96319580078125
56.725101470947266 508.3559875488281
56.54633331298828 507.74517822265625
56.37917709350586 507.13043212890625
56.22320556640625 506.5103759765625
56.07990264892578 505.89080810546875
55.948551177978516 505.2684020996094
55.82942199707031 504.6443786621094
55.722434997558594 504.01824951171875
55.62763977050781 503.3902587890625
55.54505920410156 502.7605895996094
55.47472381591797 502.1294250488281
55.41666030883789 501.49700927734375
55.37089157104492 500.86358642578125
55.337432861328125 500.2294006347656
55.3162956237793 499.5946960449219
55.307491302490234 498.9596862792969
55.31101989746094 498.3246154785156
55.326881408691406 497.68975830078125
55.35506820678711 497.0553283691406
55.395572662353516 496.42156982421875
55.4483757019043 495.7887268066406
55.513458251953125 495.1570129394531
55.59079360961914 494.5267028808594
55.680355072021484 493.8980407714844
55.7821044921875 493.2712707519531
55.89599609375 492.6466369628906
56.02199172973633 492.02435302734375
56.1600341796875 491.4046936035156
56.31006622314453 490.78790283203125
56.47205352783203 490.1741027832031
56.64590835571289 489.5636291503906
56.8315544128418 488.95672607421875
57.0289192199707 488.3536376953125
57.23796844482422 487.75445556640625
57.45862579345703 487.1593933105469
57.69076156616211 486.5688171386719
57.93428421020508 485.9829406738281
58.18915557861328 485.4018249511719
58.45528030395508 484.82574462890625
58.732505798339844 484.2550048828125
59.02072525024414 483.6897888183594
59.319889068603516 483.1302490234375
59.62982940673828 482.57666015625
59.95048522949219 482.0291442871094
60.28168869018555 481.48797607421875
60.62331771850586 480.953369140625
60.975337982177734 480.4253845214844
61.337486267089844 479.9043884277344
61.71006774902344 479.3899841308594
62.092506408691406 478.88299560546875
62.485015869140625 478.38311767578125
62.88740158081055 477.890625
63.298973083496094 477.4063720703125
63.719966888427734 476.9300537109375
64.14995574951172 476.462158203125
64.58902740478516 476.00262451171875
65.03707885742188 475.5515441894531
65.49390411376953 475.1091003417969
65.95936584472656 474.6754455566406
66.43319702148438 474.2508239746094
66.91474151611328 473.8358154296875
67.40423583984375 473.43023681640625
67.90127563476562 473.034423828125
68.4059066772461 472.6483154296875
68.91781616210938 472.27215576171875
69.43701171875 471.90594482421875
69.96361541748047 471.549560546875
70.49677276611328 471.20361328125
71.04218292236328 470.8642272949219
71.59165954589844 470.53643798828125
72.14649200439453 470.21954345703125
72.71226501464844 469.9102478027344
73.29875946044922 469.6026916503906
73.88716125488281 469.3064270019531
74.49861907958984 469.0103759765625
75.11014556884766 468.7252502441406
75.71456146240234 468.454833984375
76.32115936279297 468.1953430175781
76.96074676513672 467.932861328125
77.62472534179688 467.6693115234375
78.2725830078125 467.42071533203125
78.9205322265625 467.18157958984375
79.55626678466797 466.9570007324219
80.19389343261719 466.74249267578125
80.84996795654297 466.5320739746094
81.54036712646484 466.3191833496094
82.23104095458984 466.11328125
82.92279052734375 465.9142150878906
83.62666320800781 465.71844482421875
84.31151580810547 465.5350341796875
84.99835968017578 465.35906982421875
85.71456909179688 465.18255615234375
86.38534545898438 465.0245666503906
87.08609008789062 464.86798095703125
87.76808166503906 464.7234802246094
88.43453979492188 464.5915222167969
89.14903259277344 464.4586181640625
89.83686065673828 464.33807373046875
90.51898193359375 464.22735595703125
91.18148803710938 464.12945556640625
91.83898162841797 464.0429382324219
92.48149871826172 463.9695739746094
93.12297058105469 463.90814208984375
93.76139831542969 463.8589782714844
94.39923095703125 463.82196044921875
95.03636932373047 463.7971496582031
95.67273712158203 463.78460693359375
96.30867004394531 463.7843322753906
96.94409942626953 463.7963562011719
97.57896423339844 463.8206787109375
98.2131118774414 463.8573303222656
98.84635162353516 463.9062805175781
99.47850036621094 463.9674987792969
100.10932159423828 464.0409851074219
100.73858642578125 464.126708984375
101.3660659790039 464.2246398925781
101.99152374267578 464.334716796875
102.6147232055664 464.4569396972656
103.23543548583984 464.59124755859375
103.8534164428711 464.7375793457031
104.46844482421875 464.8958740234375
105.08027648925781 465.06610107421875
105.68869018554688 465.2481689453125
106.29345703125 465.4420166015625
106.89434051513672 465.6475830078125
107.49111938476562 465.8647766113281
108.08356475830078 466.093505859375
108.67146301269531 466.3337097167969
109.25458526611328 466.58526611328125
109.83271026611328 466.8481140136719
110.4056167602539 467.12213134765625
110.97309875488281 467.4072265625
111.5349349975586 467.7032775878906
112.09091186523438 468.01019287109375
112.64082336425781 468.3278503417969
113.18446350097656 468.6561279296875
113.72162628173828 468.9949035644531
114.25210571289062 469.34405517578125
114.77571105957031 469.70343017578125
115.292236328125 470.0729064941406
115.80148315429688 470.4523620605469
116.30326843261719 470.84161376953125
116.79740142822266 471.24053955078125
117.28369140625 471.64898681640625
117.76195526123047 472.0668029785156
118.23201751708984 472.49383544921875
118.69369506835938 472.929931640625
119.14682006835938 473.3749084472656
119.59121704101562 473.8285827636719
120.02671813964844 474.2908020019531
120.45315551757812 474.76141357421875
120.87037658691406 475.2402038574219
121.2782211303711 475.7270202636719
121.6765365600586 476.2216491699219
122.06517028808594 476.72393798828125
122.4439697265625 477.2336730957031
122.81280517578125 477.75067138671875
123.17152404785156 478.27471923828125
123.5199966430664 478.8056335449219
123.85809326171875 479.3432312011719
124.1856918334961 479.8872985839844
124.5026626586914 480.4376220703125
124.80888366699219 480.9939880371094
125.10424041748047 481.5561828613281
125.38862609863281 482.1240234375
125.66192626953125 482.697265625
125.92404174804688 483.2757263183594
126.17487335205078 483.8591613769531
126.4143295288086 484.4473571777344
126.64231872558594 485.04010009765625
126.85874938964844 485.63714599609375
127.06354522705078 486.23828125
127.25662994384766 486.8432922363281
127.43792724609375 487.4519348144531
127.60736846923828 488.0639953613281
127.764892578125 488.6792297363281
127.91043853759766 489.2973937988281
128.0439453125 489.91827392578125
128.16537475585938 490.5416259765625
128.27467346191406 491.1672058105469
128.37179565429688 491.7947692871094
128.4567108154297 492.424072265625
128.52938842773438 493.0549011230469
128.5897979736328 493.6869812011719
128.63792419433594 494.320068359375
128.67373657226562 494.9538879394531
128.69723510742188 495.5882873535156
128.70840454101562 496.2229309082031
128.70726013183594 496.85748291015625
128.69378662109375 497.49212646484375
128.66798400878906 498.12652587890625
128.62986755371094 498.7603759765625
128.57945251464844 499.39337158203125
128.51675415039062 500.0252990722656
128.44178771972656 500.6559143066406
128.35458374023438 501.28497314453125
128.25518798828125 501.9122009277344
128.14361572265625 502.5373840332031
128.01992797851562 503.1602783203125
127.88416290283203 503.7806701660156
127.73638153076172 504.3983154296875
127.57662963867188 505.0129699707031
127.40496826171875 505.6243896484375
127.22146606445312 506.23236083984375
127.02619171142578 506.836669921875
126.81922149658203 507.43707275390625
126.60062408447266 508.0333251953125
126.37049102783203 508.625244140625
126.12890625 509.2125549316406
125.87596130371094 509.7950744628906
125.61174774169922 510.3725891113281
125.33637237548828 510.9448547363281
125.0499267578125 511.51165771484375
124.75251770019531 512.0728149414062
124.44427490234375 512.6281127929688
124.11759948730469 513.1917724609375
123.78450775146484 513.743408203125
123.37971496582031 514.3975830078125
122.98388671875 515.0302734375
122.59832000732422 515.6355590820312
122.17755889892578 516.2870483398438
121.76512145996094 516.920166015625
121.36334991455078 517.5277099609375
120.92977905273438 518.1758422851562
120.5038833618164 518.8079833984375
120.08861541748047 519.41650390625
119.6843032836914 519.997314453125
119.28763580322266 520.5521850585938
118.84622192382812 521.1566772460938
118.41700744628906 521.7349243164062
117.99817657470703 522.2861938476562
117.5747299194336 522.82861328125
117.15629577636719 523.348876953125
116.73796081542969 523.851806640625
116.32174682617188 524.3340454101562
115.89749145507812 524.8068237304688
115.46419525146484 525.271240234375
115.02202606201172 525.7271118164062
114.57109069824219 526.17431640625
114.11155700683594 526.6126708984375
113.64360046386719 527.0419921875
113.16738891601562 527.462158203125
112.68311309814453 527.8729858398438
112.19094848632812 528.2743530273438
111.69107818603516 528.6660766601562
111.1836929321289 529.0480346679688
110.66899108886719 529.4200439453125
110.14715576171875 529.781982421875
109.61839294433594 530.1337280273438
109.08290100097656 530.4751586914062
108.54087829589844 530.8060913085938
107.9925308227539 531.12646484375
107.43806457519531 531.4360961914062
106.877685546875 531.7349243164062
106.31161499023438 532.0228271484375
105.74005889892578 532.2996826171875
105.1632308959961 532.5653686523438
104.58135223388672 532.81982421875
103.99464416503906 533.0629272460938
103.40332794189453 533.2945556640625
102.80762481689453 533.5146484375
102.20775604248047 533.72314453125
101.60395050048828 533.9199829101562
100.9964370727539 534.1050415039062
100.38544464111328 534.2782592773438
99.77120208740234 534.4395751953125
99.15394592285156 534.5889282226562
98.53390502929688 534.7262573242188
97.91130828857422 534.8515014648438
97.2863998413086 534.9646606445312
96.65940856933594 535.065673828125
96.03057861328125 535.1544799804688
95.40013885498047 535.2310791015625
94.7683334350586 535.29541015625
94.1353988647461 535.347412109375
93.50157165527344 535.3871459960938
92.86709594726562 535.41455078125
92.23220825195312 535.4296264648438
91.5971450805664 535.432373046875
90.96215057373047 535.4227905273438
90.32746124267578 535.40087890625
89.69332122802734 535.3666381835938
89.05996704101562 535.320068359375
88.42764282226562 535.26123046875
87.79657745361328 535.1901245117188
87.1670150756836 535.1067504882812
86.53919219970703 535.0111694335938
85.9133529663086 534.9034423828125
85.28971862792969 534.7835693359375
84.66854095458984 534.651611328125
84.05005645751953 534.5076293945312
83.43449401855469 534.3516845703125
82.82207489013672 534.1837768554688
82.21304321289062 534.0040283203125
81.60763549804688 533.8125
81.0060806274414 533.6092529296875
80.40857696533203 533.3943481445312
79.81534576416016 533.1679077148438
79.22663879394531 532.9299926757812
78.64268493652344 532.6806640625
78.0636978149414 532.4200439453125
77.4898681640625 532.1482543945312
76.92141723632812 531.8653564453125
76.35857391357422 531.5714721679688
75.80155944824219 531.2667236328125
75.25055694580078 530.9512329101562
74.70577239990234 530.6250610351562
74.16743469238281 530.2883911132812
73.6357421875 529.9413452148438
73.11087799072266 529.5840454101562
72.59305572509766 529.2166137695312
72.08246612548828 528.8391723632812
71.57929229736328 528.451904296875
71.08372497558594 528.054931640625
70.59595489501953 527.6483764648438
70.11615753173828 527.232421875
69.64449310302734 526.8071899414062
69.1811752319336 526.3728637695312
68.72637176513672 525.9296264648438
68.28025817871094 525.4776611328125
67.84300994873047 525.01708984375
67.41477966308594 524.548095703125
66.99574279785156 524.0709228515625
66.58605194091797 523.585693359375
66.18585968017578 523.0925903320312
65.79531860351562 522.591796875
65.4145736694336 522.08349609375
65.04377746582031 521.5679321289062
64.68305969238281 521.0452270507812
64.33255767822266 520.515625
63.992408752441406 519.9793090820312
63.66272735595703 519.4364624023438
63.34360885620117 518.8872680664062
63.03521728515625 518.33203125
62.73759841918945 517.770751953125
62.450706481933594 517.2034301757812
62.17487716674805 516.6307373046875
61.9102783203125 516.052978515625
61.65659713745117 515.4695434570312
61.41377258300781 514.8803100585938
61.17989730834961 514.281005859375
60.95823669433594 513.68017578125
60.74797058105469 513.0753784179688
60.54655075073242 512.4597778320312
60.35441589355469 511.8354187011719
60.173099517822266 511.20770263671875
59.997528076171875 510.56036376953125
59.83162307739258 509.9094543457031
59.67881774902344 509.2674255371094
59.531707763671875 508.6039733886719
59.39742660522461 507.9518737792969
59.277626037597656 507.3156433105469
59.17107391357422 506.6858825683594
59.076873779296875 506.0561218261719
58.99496078491211 505.4256286621094
58.92532730102539 504.794189453125
58.867977142333984 504.1616516113281
58.82292175292969 503.5281677246094
58.79017639160156 502.8939208984375
58.76975631713867 502.2591857910156
58.76166534423828 501.6241760253906
58.76591110229492 500.9891052246094
58.78248977661133 500.354248046875
58.81139373779297 499.7198486328125
58.85261154174805 499.08612060546875
58.906131744384766 498.45330810546875
58.97193145751953 497.8216552734375
59.049983978271484 497.19140625
59.140262603759766 496.56280517578125
59.242733001708984 495.9360656738281
59.35735321044922 495.31146240234375
59.48407745361328 494.689208984375
59.622859954833984 494.0695495605469
59.773643493652344 493.4527282714844
59.93636703491211 492.8389892578125
60.11098098754883 492.228515625
60.29740905761719 491.62158203125
60.495574951171875 491.0184020996094
60.70540237426758 490.4192199707031
60.92683410644531 489.82421875
61.15976333618164 489.233642578125
61.40412521362305 488.647705078125
61.6598014831543 488.066650390625
61.92672348022461 487.4906311035156
62.20476531982422 486.9199523925781
62.49384689331055 486.354736328125
62.7938346862793 485.7952880859375
63.104618072509766 485.2417907714844
63.42610168457031 484.69439697265625
63.7581672668457 484.1533203125
64.10066986083984 483.6188049316406
64.45347595214844 483.091064453125
64.81648254394531 482.57025146484375
65.18952941894531 482.05657958984375
65.57252502441406 481.5501708984375
65.96531677246094 481.05126953125
66.36775207519531 480.56005859375
66.77964782714844 480.0767517089844
67.20088195800781 479.60150146484375
67.63126373291016 479.134521484375
68.07064056396484 478.6759948730469
68.51884460449219 478.22607421875
68.97570037841797 477.7849426269531
69.4410400390625 477.3527526855469
69.91468048095703 476.9296875
70.39645385742188 476.5158996582031
70.88616943359375 476.1115417480469
71.3836441040039 475.716796875
71.88870239257812 475.3317565917969
72.40117645263672 474.9565734863281
72.92082214355469 474.5914306640625
73.4475326538086 474.23638916015625
73.98101043701172 473.89166259765625
74.521240234375 473.5572509765625
75.06842803955078 473.2330017089844
75.6214828491211 472.9195556640625
76.18040466308594 472.6169128417969
76.74575805664062 472.32476806640625
77.3189468383789 472.0423278808594
77.89698028564453 471.7710266113281
78.48583221435547 471.5079650878906
79.08674621582031 471.25225830078125
79.69080352783203 471.007568359375
80.29383087158203 470.7757568359375
80.90045166015625 470.5551452636719
81.52479553222656 470.3403015136719
82.16349029541016 470.1318054199219
82.81867218017578 469.9283142089844
83.4889907836914 469.7294921875
84.14437103271484 469.5444030761719
84.82933044433594 469.36016845703125
85.49729919433594 469.1890869140625
86.2136001586914 469.0134582519531
86.88555145263672 468.85601806640625
87.54368591308594 468.7115173339844
88.22773742675781 468.5710144042969
88.91580963134766 468.4382629394531
89.61837005615234 468.310791015625
90.2959213256836 468.1961364746094
90.96790313720703 468.09197998046875
91.62371063232422 468.0005798339844
92.27523040771484 467.9208068847656
92.91570281982422 467.8538818359375
93.55535888671875 467.7989807128906
94.19393157958984 467.7562255859375
94.83102416992188 467.7257080078125
95.46761322021484 467.7074279785156
96.10364532470703 467.701416015625
96.73926544189453 467.70770263671875
97.37437438964844 467.7262878417969
98.00886535644531 467.7572021484375
98.64254760742188 467.8004150390625
99.27522277832031 467.85589599609375
99.90668487548828 467.9236755371094
100.53670501708984 468.0036926269531
101.16504669189453 468.0959167480469
101.79147338867188 468.2003479003906
102.41575622558594 468.3169250488281
103.03765869140625 468.4455871582031
103.65694427490234 468.5863037109375
104.27337646484375 468.739013671875
104.88672637939453 468.9036865234375
105.49676513671875 469.0802307128906
106.10325622558594 469.2685852050781
106.70597839355469 469.46868896484375
107.30470275878906 469.6804504394531
107.89920043945312 469.90380859375
108.48925018310547 470.138671875
109.07462310791016 470.38494873046875
109.65510559082031 470.6425476074219
110.23047637939453 470.911376953125
110.8005142211914 471.1913146972656
111.36500549316406 471.4822692871094
111.92374420166016 471.7841491699219
112.47651672363281 472.0968017578125
113.02310943603516 472.4201354980469
113.56331634521484 472.7540283203125
114.09693908691406 473.0983581542969
114.62377166748047 473.4529724121094
115.14362335205078 473.8177490234375
115.65628814697266 474.19256591796875
116.16157531738281 474.5772705078125
116.6593017578125 474.9717102050781
117.1492691040039 475.375732421875
117.63130187988281 475.7892150878906
118.10520935058594 476.21197509765625
118.57081604003906 476.64385986328125
119.02794647216797 477.084716796875
119.47643280029297 477.53436279296875
119.91609954833984 477.99261474609375
120.34678649902344 478.4593200683594
120.76832580566406 478.934326171875
121.1805648803711 479.41741943359375
121.58334350585938 479.9084167480469
121.97650909423828 480.40716552734375
122.35990905761719 480.9134521484375
122.73340606689453 481.4270935058594
123.09686279296875 481.9478759765625
123.45013427734375 482.4756164550781
123.7930908203125 483.0101318359375
124.12560272216797 483.55120849609375
124.44754028320312 484.0986328125
124.7587890625 484.6521911621094
125.0592269897461 485.2117004394531
125.34873962402344 485.7769470214844
125.6272201538086 486.34771728515625
125.89456176757812 486.92376708984375
126.15066528320312 487.5049133300781
126.39543914794922 488.0909118652344
126.6287841796875 488.6815490722656
126.85061645507812 489.276611328125
127.06084442138672 489.8758850097656
127.2593994140625 490.4791259765625
127.44619750976562 491.0860900878906
127.62117004394531 491.69659423828125
127.78425598144531 492.31036376953125
127.93539428710938 492.92718505859375
128.07452392578125 493.54681396484375
128.2015838623047 494.1690368652344
128.31654357910156 494.7936096191406
128.41934204101562 495.4202575683594
128.50994873046875 496.04876708984375
128.5883331298828 496.6789245605469
128.6544647216797 497.3104553222656
128.70831298828125 497.9430847167969
128.74986267089844 498.5765686035156
128.77911376953125 499.21075439453125
128.79603576660156 499.84527587890625
128.80062866210938 500.48016357421875
128.7928924560547 501.1150817871094
128.7728271484375 501.7497863769531
128.74044799804688 502.38397216796875
128.6957550048828 503.0174560546875
128.63876342773438 503.64996337890625
128.5695037841797 504.28125
128.4879913330078 504.91107177734375
128.39425659179688 505.5391845703125
128.28834533691406 506.1653747558594
128.1702880859375 506.78936767578125
128.04014587402344 507.41094970703125
127.89794921875 508.0299072265625
127.74375915527344 508.6459655761719
127.57763671875 509.2589111328125
127.39964294433594 509.8685302734375
127.2098388671875 510.4745788574219
127.00830078125 511.0768127441406
126.79510498046875 511.6750183105469
126.5703353881836 512.2689819335938
126.33406829833984 512.8584594726562
126.08639526367188 513.4432373046875
125.8274154663086 514.0231323242188
125.55722045898438 514.5978393554688
125.27591705322266 515.167236328125
124.98359680175781 515.7310791015625
124.68038940429688 516.2891235351562
124.36126708984375 516.8510131835938
124.03430938720703 517.4027709960938
123.64037322998047 518.0499267578125
123.25624084472656 518.6716918945312
122.8421401977539 519.3344116210938
122.434814453125 519.9820556640625
122.037109375 520.606689453125
121.6496810913086 521.2034301757812
121.22488403320312 521.8480224609375
120.80924987792969 522.4725341796875
120.40465545654297 523.070556640625
120.0094985961914 523.6410522460938
119.571533203125 524.2617797851562
119.1449203491211 524.8583374023438
118.7296371459961 525.4273071289062
118.32199096679688 525.9710083007812
117.93185424804688 526.4735107421875
117.53238677978516 526.968017578125
117.12359619140625 527.4544677734375
116.70565795898438 527.9326171875
116.27851867675781 528.402587890625
115.84233093261719 528.8641967773438
115.39726257324219 529.3171997070312
114.9434814453125 529.761474609375
114.48115539550781 530.1968994140625
114.01045989990234 530.6232299804688
113.53157043457031 531.0403442382812
113.04467010498047 531.4480590820312
112.5499496459961 531.8462524414062
112.0475845336914 532.2347412109375
111.53777313232422 532.6134033203125
111.02069854736328 532.9821166992188
110.4965591430664 533.3406982421875
109.96556091308594 533.6890258789062
109.42789459228516 534.0269775390625
108.8837661743164 534.3544311523438
108.33338165283203 534.6712646484375
107.77694702148438 534.9773559570312
107.21466827392578 535.2725830078125
106.64676666259766 535.5568237304688
106.07344818115234 535.8300170898438
105.49493408203125 536.0919799804688
104.91143798828125 536.3426513671875
104.32318878173828 536.5819702148438
103.73040008544922 536.809814453125
103.13330078125 537.026123046875
102.53211212158203 537.2307739257812
101.92706298828125 537.4237060546875
101.31837463378906 537.6048583984375
100.70628356933594 537.774169921875
100.09102630615234 537.9315795898438
99.47282409667969 538.0769653320312
98.85191345214844 538.2103271484375
98.22853088378906 538.3316040039062
97.60291290283203 538.4407348632812
96.97528839111328 538.5377197265625
96.34590148925781 538.6224975585938
95.7149887084961 538.6950073242188
95.0827865600586 538.7552490234375
94.44953155517578 538.80322265625
93.81546783447266 538.8388671875
93.18083190917969 538.8622436523438
92.54586029052734 538.873291015625
91.91079711914062 538.8720092773438
91.27587890625 538.8583374023438
90.641357421875 538.8323364257812
90.00746154785156 538.7940673828125
89.37443542480469 538.7434692382812
88.74252319335938 538.6806030273438
88.1119613647461 538.60546875
87.48297119140625 538.5181274414062
86.85581970214844 538.4185791015625
86.2307357788086 538.306884765625
85.6079330444336 538.1830444335938
84.9876480102539 538.047119140625
84.37017822265625 537.8992309570312
83.75568389892578 537.7393188476562
83.14440155029297 537.5675048828125
82.5365982055664 537.3839111328125
81.93251037597656 537.1885375976562
81.3323745727539 536.9815063476562
80.73641204833984 536.7628784179688
80.14478302001953 536.53271484375
79.5577163696289 536.2910766601562
78.9754867553711 536.0380859375
78.39832305908203 535.7738647460938
77.82643127441406 535.49853515625
77.25990295410156 535.2120971679688
76.6990737915039 534.9147338867188
76.14414978027344 534.6065063476562
75.5953369140625 534.28759765625
75.05279541015625 533.9580688476562
74.5167236328125 533.6180419921875
73.98737335205078 533.2677001953125
73.46489715576172 532.9071044921875
72.94953155517578 532.5364379882812
72.44141387939453 532.1558227539062
71.94071197509766 531.765380859375
71.4476547241211 531.365234375
70.96243286132812 530.95556640625
70.48524475097656 530.5365600585938
70.01627349853516 530.1083374023438
69.55570983886719 529.6710815429688
69.10370635986328 529.2249755859375
68.66045379638672 528.7701416015625
68.22611999511719 528.3068237304688
67.80084228515625 527.8351440429688
67.38481903076172 527.3552856445312
66.97818756103516 526.867431640625
66.58111572265625 526.3717651367188
66.19374084472656 525.8684692382812
65.81619262695312 525.3577270507812
65.4485855102539 524.8397216796875
65.09111785888672 524.314697265625
64.74376678466797 523.7826538085938
64.4068603515625 523.2440795898438
64.0801773071289 522.6986083984375
63.7631950378418 522.1454467773438
63.457305908203125 521.5870971679688
63.16233444213867 521.0231323242188
62.87739562988281 520.4519653320312
62.603580474853516 519.8758544921875
62.338356018066406 519.2896728515625
62.08073043823242 518.6917724609375
61.83420181274414 518.0906372070312
61.59043884277344 517.4669189453125
61.36065673828125 516.8497924804688
61.125667572021484 516.18994140625
60.9052619934082 515.544677734375
60.69895553588867 514.9099731445312
60.493167877197266 514.2451782226562
60.295799255371094 513.5783081054688
60.103118896484375 512.89794921875
59.92386245727539 512.2340698242188
59.74551010131836 511.5412902832031
59.574073791503906 510.84637451171875
59.41677474975586 510.17529296875
59.26643371582031 509.49493408203125
59.1287727355957 508.8299560546875
59.00635528564453 508.18756103515625
58.89638137817383 507.5494384765625
58.79975128173828 506.9190673828125
58.715213775634766 506.287109375
58.64311218261719 505.6557922363281
58.583290100097656 505.0234375
58.535762786865234 504.3901062011719
58.50054168701172 503.7560119628906
58.47764205932617 503.121337890625
58.467071533203125 502.4863586425781
58.46883773803711 501.8512878417969
58.48293685913086 501.21636962890625
58.509361267089844 500.58184814453125
58.54810333251953 499.9479675292969
58.599151611328125 499.31494140625
58.66248321533203 498.68304443359375
58.738075256347656 498.052490234375
58.825897216796875 497.42352294921875
58.92591857910156 496.79638671875
59.0380973815918 496.17132568359375
59.162391662597656 495.548583984375
59.29875564575195 494.9283752441406
59.44713592529297 494.3109436035156
59.60747146606445 493.696533203125
59.779693603515625 493.08538818359375
59.963741302490234 492.4777526855469
60.15956115722656 491.873779296875
60.36705780029297 491.27374267578125
60.58615493774414 490.6778869628906
60.81678771972656 490.0863952636719
61.05884552001953 489.49951171875
61.31226348876953 488.91741943359375
61.57691955566406 488.34039306640625
61.85274124145508 487.7685852050781
62.13959884643555 487.2022705078125
62.437381744384766 486.64166259765625
62.746009826660156 486.0869140625
63.065338134765625 485.5382995605469
63.39527130126953 484.9959716796875
63.73566436767578 484.46014404296875
64.08638763427734 483.9310607910156
64.44733428955078 483.4088439941406
64.8183822631836 482.8937072753906
65.19934844970703 482.3858947753906
65.59019470214844 481.88543701171875
65.99068450927734 481.3926696777344
66.40068817138672 480.9077453613281
66.8200454711914 480.4308776855469
67.24859619140625 479.96221923828125
67.6861801147461 479.5019836425781
68.13262176513672 479.0503234863281
68.58775329589844 478.6073913574219
69.05139923095703 478.17340087890625
69.52339172363281 477.74847412109375
70.00355529785156 477.3327941894531
70.49169158935547 476.9265441894531
70.98761749267578 476.52984619140625
71.49118041992188 476.142822265625
72.00215148925781 475.7656555175781
72.52039337158203 475.3984680175781
73.0457763671875 475.04132080078125
73.57794189453125 474.6944580078125
74.1170654296875 474.3577575683594
74.66252136230469 474.0316162109375
75.21481323242188 473.7157287597656
75.77273559570312 473.4107666015625
76.33634948730469 473.11669921875
76.90682220458984 472.8329162597656
77.48490142822266 472.5589294433594
78.06758880615234 472.296142578125
78.6618881225586 472.041259765625
79.26892852783203 471.7934875488281
79.87881469726562 471.5566711425781
80.5136489868164 471.32171630859375
81.15049743652344 471.09661865234375
81.77863311767578 470.8855285644531
82.43539428710938 470.675537109375
83.0943832397461 470.474365234375
83.76788330078125 470.2779235839844
84.42594146728516 470.0951232910156
85.11324310302734 469.91326904296875
85.80270385742188 469.7386474609375
86.46803283691406 469.5787658691406
87.14363098144531 469.4258728027344
87.80477142333984 469.2857971191406
88.49168395996094 469.1498107910156
89.18265533447266 469.0214538574219
89.87970733642578 468.9001159667969
90.552978515625 468.7915954589844
91.22064971923828 468.69384765625
91.87385559082031 468.6087341308594
92.51847839355469 468.53607177734375
93.15843200683594 468.4757080078125
93.79759216308594 468.42742919921875
94.43576049804688 468.39129638671875
95.07267761230469 468.3674011230469
95.70909118652344 468.35577392578125
96.34500122070312 468.3564147949219
96.98040771484375 468.3693542480469
97.61521911621094 468.39459228515625
98.24929809570312 468.43212890625
98.88247680664062 468.4819641113281
99.5145263671875 468.5440979003906
100.1452407836914 468.6184997558594
100.77438354492188 468.7051086425781
101.40171813964844 468.8039245605469
102.02701568603516 468.9149169921875
102.65003967285156 469.03802490234375
103.27055358886719 469.1732177734375
103.8883285522461 469.3204345703125
104.50312805175781 469.4796142578125
105.11471557617188 469.65069580078125
105.72286987304688 469.8336181640625
106.32735443115234 470.0283203125
106.92794036865234 470.2347412109375
107.52440643310547 470.4527893066406
108.11652374267578 470.682373046875
108.70407104492188 470.92340087890625
109.28682708740234 471.1758117675781
109.86457061767578 471.4394836425781
110.43708801269531 471.7143249511719
111.00415802001953 472.000244140625
111.56556701660156 472.297119140625
112.12110900878906 472.6048278808594
112.67056274414062 472.92327880859375
113.21372985839844 473.2523498535156
113.75040435791016 473.5918884277344
