59.71839141845703 449.735107421875
59.30086135864258 449.3821716308594
58.86785125732422 449.04840087890625
58.42024230957031 448.7344665527344
57.958946228027344 448.4410095214844
57.48489761352539 448.16864013671875
56.99905776977539 447.91790771484375
56.50241470336914 447.6893310546875
55.995975494384766 447.4833679199219
55.480770111083984 447.3004150390625
54.957847595214844 447.140869140625
54.42826843261719 447.0050354003906
53.893104553222656 446.8932189941406
53.35344696044922 446.80560302734375
52.81039047241211 446.7424011230469
52.265037536621094 446.7037353515625
51.71849822998047 446.6896667480469
51.171878814697266 446.70025634765625
50.62629318237305 446.7354431152344
50.082847595214844 446.7951965332031
49.54264450073242 446.8793640136719
49.00678253173828 446.98779296875
48.476348876953125 447.1202392578125
47.952423095703125 447.2764587402344
47.436065673828125 447.45611572265625
46.92832946777344 447.65887451171875
46.43024444580078 447.8843078613281
45.94282150268555 448.1319274902344
45.46704864501953 448.4012756347656
45.0038948059082 448.6917724609375
44.554298400878906 449.0028381347656
44.11917495727539 449.3338623046875
43.69940948486328 449.68414306640625
43.29585266113281 450.052978515625
42.90932083129883 450.43963623046875
42.54060363769531 450.84332275390625
42.19044876098633 451.26318359375
41.85956573486328 451.6983947753906
41.54862976074219 452.1480712890625
41.258270263671875 452.611328125
40.989078521728516 453.0871887207031
40.741600036621094 453.5746765136719
40.516334533691406 454.0728454589844
40.31917190551758 454.5680236816406
40.14689636230469 455.06732177734375
39.998802185058594 455.5723876953125
39.874656677246094 456.0838623046875
39.77412033081055 456.6034240722656
39.6964111328125 457.1363525390625
39.641998291015625 457.68194580078125
39.61083984375 458.2449645996094
39.60140609741211 458.8707580566406
39.61476135253906 459.533447265625
39.649993896484375 460.1845703125
39.71171951293945 460.913330078125
39.79447555541992 461.6648254394531
39.894344329833984 462.4052734375
40.01499557495117 463.1631164550781
40.151737213134766 463.9100646972656
40.30878448486328 464.6698913574219
40.48462677001953 465.43768310546875
40.675167083740234 466.196044921875
40.880313873291016 466.9436950683594
41.10459518432617 467.69744873046875
41.34663772583008 468.4539489746094
41.602394104003906 469.20074462890625
41.87167739868164 469.9366455078125
42.161861419677734 470.68243408203125
42.470550537109375 471.43359375
42.795738220214844 472.1864929199219
43.13443374633789 472.9347229003906
43.48692321777344 473.67913818359375
43.85219955444336 474.41778564453125
44.22962188720703 475.1493225097656
44.61996078491211 475.875244140625
45.022560119628906 476.59442138671875
45.437400817871094 477.3067932128906
45.86426544189453 478.0119934082031
46.30305480957031 478.7098693847656
46.75365447998047 479.4002685546875
47.21589660644531 480.0829162597656
47.68964385986328 480.7575988769531
48.17476272583008 481.42413330078125
48.67115020751953 482.0823669433594
49.178627014160156 482.7320861816406
49.697059631347656 483.37310791015625
50.226287841796875 484.0052185058594
50.766170501708984 484.6282653808594
51.316551208496094 485.2420654296875
51.87725830078125 485.846435546875
52.44814682006836 486.44122314453125
53.02903366088867 487.0262145996094
53.61976623535156 487.6012878417969
54.220157623291016 488.1662292480469
54.830055236816406 488.7209167480469
55.44927978515625 489.2651672363281
56.077632904052734 489.798828125
56.714927673339844 490.32171630859375
57.36100769042969 490.8337097167969
58.0156364440918 491.3346252441406
58.678688049316406 491.8243713378906
59.349876403808594 492.3027038574219
60.02910614013672 492.76959228515625
60.71603012084961 493.2247619628906
61.410430908203125 493.6680603027344
62.11219787597656 494.09942626953125
62.820716857910156 494.5184631347656
63.53631591796875 494.9253234863281
64.25875091552734 495.31988525390625
64.98685455322266 495.70147705078125
65.72042083740234 496.0699462890625
66.45915985107422 496.425048828125
67.19992065429688 496.76513671875
67.94610595703125 497.09161376953125
68.68934631347656 497.40057373046875
69.42139434814453 497.68792724609375
70.14263153076172 497.95306396484375
70.8651351928711 498.2000427246094
71.5499267578125 498.414794921875
72.20295715332031 498.598388671875
72.82074737548828 498.7496643066406
73.3978271484375 498.86767578125
73.95466613769531 498.95733642578125
74.48990631103516 499.0191955566406
75.01812744140625 499.0555419921875
75.54454803466797 499.0670166015625
76.06986236572266 499.0536804199219
76.59385681152344 499.0155944824219
77.11564636230469 498.95281982421875
77.6343002319336 498.86541748046875
78.1549072265625 498.7524108886719
78.67106628417969 498.6150207519531
79.20767974853516 498.446044921875
79.78504943847656 498.2379150390625
80.38568878173828 497.99615478515625
81.02198791503906 497.71563720703125
81.67726135253906 497.40399169921875
82.33470916748047 497.0696105957031
82.99497985839844 496.7124938964844
83.65074920654297 496.3368225097656
84.30009460449219 495.9438781738281
84.94464874267578 495.53277587890625
85.57965850830078 495.1066589355469
86.20632934570312 494.6647644042969
86.82347106933594 494.2079772949219
87.43009948730469 493.737060546875
88.02571868896484 493.2524108886719
88.60989379882812 492.7543640136719
89.18228912353516 492.2431945800781
89.74266052246094 491.7191162109375
90.29059600830078 491.1824951171875
90.82579803466797 490.63360595703125
91.34783172607422 490.0728759765625
91.85614013671875 489.5008850097656
92.35003662109375 488.9183654785156
92.82929229736328 488.32550048828125
93.2924575805664 487.7239685058594
93.73959350585938 487.11358642578125
94.17005157470703 486.4950866699219
94.58313751220703 485.8692932128906
94.97486114501953 485.2419738769531
95.34131622314453 484.6188049316406
95.68583679199219 483.99365234375
95.99858856201172 483.3838806152344
96.27542877197266 482.79718017578125
96.50493621826172 482.2586364746094
96.70206451416016 481.7354431152344
96.87191009521484 481.21575927734375
97.0181655883789 480.68896484375
97.14054107666016 480.1561279296875
97.23878479003906 479.6183166503906
97.31269836425781 479.07659912109375
97.36212921142578 478.5321044921875
97.38697814941406 477.9859619140625
97.38719177246094 477.4392395019531
97.3627700805664 476.89306640625
97.31376647949219 476.3485412597656
97.24028015136719 475.8067932128906
97.14246368408203 475.2688903808594
97.0205078125 474.7359313964844
96.87466430664062 474.2090148925781
96.70523071289062 473.689208984375
96.5125503540039 473.1775817871094
96.29701232910156 472.6751403808594
96.05905151367188 472.18292236328125
95.79915618896484 471.7019348144531
95.51785278320312 471.2331237792969
95.21571350097656 470.7774658203125
94.89335632324219 470.33587646484375
94.55142974853516 469.9092712402344
94.19062805175781 469.4985046386719
93.81168365478516 469.1044006347656
93.41536712646484 468.727783203125
93.00248718261719 468.3694152832031
92.57388305664062 468.0299987792969
92.14644622802734 467.7224426269531
91.70491790771484 467.435302734375
91.250244140625 467.1691589355469
90.78338623046875 466.92462158203125
90.30514526367188 466.7021179199219
89.81631469726562 466.50201416015625
89.31808471679688 466.3248596191406
88.8106460571289 466.1707458496094
88.29535675048828 466.0401611328125
87.77129364013672 465.9329528808594
87.2373275756836 465.8490905761719
86.69393920898438 465.7888488769531
86.14838409423828 465.7531433105469
85.60177612304688 465.7420654296875
85.05522155761719 465.755615234375
84.50983428955078 465.7937927246094
83.987548828125 465.8546447753906
83.46867370605469 465.9400634765625
82.95426177978516 466.04986572265625
82.44544219970703 466.1838073730469
81.94305419921875 466.3417053222656
81.44816589355469 466.52325439453125
80.96080780029297 466.72845458984375
80.47986602783203 466.9579162597656
80.0090560913086 467.2099914550781
79.53936767578125 467.48980712890625
79.082763671875 467.7904968261719
78.64017486572266 468.1114501953125
78.21249389648438 468.4520263671875
77.80059051513672 468.8115234375
77.40530395507812 469.189208984375
77.02743530273438 469.5843200683594
76.66775512695312 469.9960632324219
76.32698822021484 470.423583984375
75.9120101928711 470.9862060546875
75.52104949951172 471.5514831542969
75.16311645507812 472.1065673828125
74.84065246582031 472.6475524902344
74.55368041992188 473.1737976074219
74.30003356933594 473.6881408691406
74.07664489746094 474.1954650878906
73.87889099121094 474.7051696777344
73.70429992675781 475.2232666015625
73.55323028564453 475.7486877441406
73.42598724365234 476.2803955078125
73.32283020019531 476.8172912597656
73.24396514892578 477.3583068847656
73.18955993652344 477.9023132324219
73.15972137451172 478.4482116699219
73.15454864501953 478.9936828613281
73.17395782470703 479.5309753417969
73.21761322021484 480.0591125488281
73.28582000732422 480.5838317871094
73.37841796875 481.1041564941406
73.4951171875 481.6186218261719
73.63570404052734 482.1264343261719
73.79991912841797 482.6267395019531
73.98747253417969 483.11865234375
74.19794464111328 483.60113525390625
74.43086242675781 484.0730895996094
74.68573760986328 484.53350830078125
74.9620132446289 484.9814147949219
75.25907897949219 485.4158020019531
75.57627868652344 485.8357238769531
75.91290283203125 486.240234375
76.2682113647461 486.6284484863281
76.64140319824219 486.99951171875
77.03164672851562 487.3525695800781
77.43881225585938 487.6874694824219
77.861328125 488.0029296875
78.2983169555664 488.2982482910156
78.75083923339844 488.5740966796875
79.21556091308594 488.828369140625
79.69161987304688 489.0606384277344
80.17733001708984 489.27008056640625
80.67161560058594 489.45623779296875
81.17289733886719 489.61859130859375
81.68070983886719 489.75701904296875
82.19419860839844 489.8713073730469
82.71214294433594 489.9612121582031
83.23370361328125 490.0265808105469
83.75772094726562 490.0672607421875
84.28307342529297 490.08319091796875
84.80860137939453 490.0743408203125
85.33313751220703 490.04071044921875
85.85551452636719 489.98236083984375
86.37458801269531 489.8994445800781
86.88945770263672 489.7920837402344
87.4005355834961 489.66015625
87.90788269042969 489.5035400390625
88.42913818359375 489.3162536621094
88.95735168457031 489.10009765625
89.5284423828125 488.8393859863281
90.13459777832031 488.5369873046875
90.76634216308594 488.1977844238281
91.41011810302734 487.8295593261719
92.05687713623047 487.4380187988281
92.69483184814453 487.0304870605469
93.32306671142578 486.60760498046875
93.93848419189453 486.17138671875
94.54276275634766 485.7205810546875
95.13285064697266 485.2574157714844
95.70773315429688 484.7825622558594
96.26892852783203 484.2946472167969
96.81488800048828 483.794921875
97.34295654296875 483.2856750488281
97.8526382446289 482.7672119140625
98.34130859375 482.2419738769531
98.80824279785156 481.71051025390625
99.24950408935547 481.17706298828125
99.66162872314453 480.6456298828125
100.04154205322266 480.1200866699219
100.38741302490234 479.60321044921875
100.69926452636719 479.0955505371094
100.97880554199219 478.59527587890625
101.22853088378906 478.09906005859375
101.4522705078125 477.6002197265625
101.65330505371094 477.091796875
101.83123016357422 476.5748291015625
101.98568725585938 476.0503845214844
102.1163558959961 475.5195007324219
102.22296905517578 474.9832763671875
102.3053207397461 474.4427795410156
102.36323547363281 473.8991394042969
102.39659881591797 473.3534240722656
102.40534210205078 472.8067626953125
102.38944244384766 472.2602844238281
102.34893798828125 471.7150573730469
102.2839126586914 471.1722106933594
102.19449615478516 470.6328430175781
102.08086395263672 470.0980529785156
101.94325256347656 469.5689392089844
101.78194427490234 469.04656982421875
101.59725952148438 468.531982421875
101.38957977294922 468.0262451171875
101.1593246459961 467.5303649902344
100.9069595336914 467.0453796386719
100.63300323486328 466.5722351074219
100.33800506591797 466.1119384765625
100.02256774902344 465.6654052734375
99.68733215332031 465.2335205078125
99.33297729492188 464.8171691894531
98.9602279663086 464.4172058105469
98.56983947753906 464.0344543457031
98.16259765625 463.669677734375
97.75300598144531 463.3354187011719
97.33010864257812 463.022216796875
96.89291381835938 462.7292785644531
96.4423828125 462.45721435546875
95.97943878173828 462.2066345214844
95.50518035888672 461.9781188964844
95.02045440673828 461.7720642089844
94.52635955810547 461.5889587402344
94.02364349365234 461.4291076660156
93.51349639892578 461.29290771484375
92.9953842163086 461.1802673339844
92.47119903564453 461.0916748046875
91.9395751953125 461.0270080566406
91.39876556396484 460.98626708984375
90.85228729248047 460.9699401855469
90.30562591552734 460.9782409667969
89.78102111816406 461.01043701171875
89.25850677490234 461.0673522949219
88.7392349243164 461.14886474609375
88.224365234375 461.2547607421875
87.71499633789062 461.38482666015625
87.21226501464844 461.5387878417969
86.71724700927734 461.7163391113281
86.23098754882812 461.9170837402344
85.75418853759766 462.1407470703125
85.28707885742188 462.38726806640625
84.83039855957031 462.6563415527344
84.38391876220703 462.9482421875
83.94046783447266 463.26800537109375
83.51187896728516 463.607421875
83.09901428222656 463.9658203125
82.70272064208984 464.34246826171875
82.32379913330078 464.736572265625
81.9630126953125 465.1473388671875
81.47933197021484 465.7376403808594
81.01058197021484 466.33795166015625
80.558349609375 466.94635009765625
80.12248992919922 467.56317138671875
79.70366668701172 468.1876220703125
79.30559539794922 468.814453125
78.92689514160156 469.4461975097656
78.57431030273438 470.07208251953125
78.2529296875 470.68377685546875
77.95606994628906 471.29437255859375
77.70683288574219 471.8562927246094
77.49296569824219 472.39569091796875
77.31048583984375 472.920654296875
77.15419006347656 473.4445495605469
77.02165985107422 473.9749755859375
76.91316223144531 474.5108337402344
76.82891845703125 475.051025390625
76.76909637451172 475.5944519042969
76.73381805419922 476.1400451660156
76.72315979003906 476.6866760253906
76.73713684082031 477.23321533203125
76.77528381347656 477.76849365234375
76.83767700195312 478.2973937988281
76.9244155883789 478.82159423828125
77.03498077392578 479.3385009765625
77.16954803466797 479.8492126464844
77.32772064208984 480.3523254394531
77.50928497314453 480.84722900390625
77.71377563476562 481.33270263671875
77.94083404541016 481.80792236328125
78.1899185180664 482.2717590332031
78.4605484008789 482.72332763671875
78.75209045410156 483.16156005859375
79.0639419555664 483.5855712890625
79.3954086303711 483.99444580078125
79.74575805664062 484.3872375488281
80.1142349243164 484.76312255859375
80.50000762939453 485.1212463378906
80.9021224975586 485.4607238769531
81.31959533691406 485.7807312011719
81.75164794921875 486.0806884765625
82.19749450683594 486.3600158691406
82.6559829711914 486.6180114746094
83.12612915039062 486.8541259765625
83.6067123413086 487.0677490234375
84.09683990478516 487.25848388671875
84.59526824951172 487.4258728027344
85.10100555419922 487.5695495605469
85.61288452148438 487.689208984375
86.12981414794922 487.78460693359375
86.65068054199219 487.8554992675781
87.17430877685547 487.9017639160156
87.69954681396484 487.92327880859375
88.22522735595703 487.9200134277344
88.75019073486328 487.8919372558594
89.27328491210938 487.8391418457031
89.7933578491211 487.7617492675781
90.30927276611328 487.659912109375
90.82013702392578 487.5337829589844
91.32666778564453 487.3831481933594
91.83091735839844 487.20721435546875
92.34806823730469 487.0001525878906
92.88298797607422 486.75909423828125
93.46676635742188 486.4689636230469
94.09790802001953 486.1302490234375
94.72882080078125 485.7689208984375
95.35259246826172 485.3890686035156
95.95887756347656 484.9969482421875
96.55554962158203 484.58740234375
97.14053344726562 484.161865234375
97.7060775756836 483.7258605957031
98.25092315673828 483.28021240234375
98.78021240234375 482.8205871582031
99.29139709472656 482.34912109375
99.78174591064453 481.8682861328125
100.24835968017578 481.38079833984375
100.68831634521484 480.8896789550781
101.09900665283203 480.39788818359375
101.47859954833984 479.9078369140625
101.82646942138672 479.4208068847656
102.14325714111328 478.9366149902344
102.43048858642578 478.4537658691406
102.69000244140625 477.9700622558594
102.92655944824219 477.4771728515625
103.14067077636719 476.97412109375
103.33190155029297 476.4619445800781
103.49986267089844 475.941650390625
103.64421081542969 475.4143371582031
103.76465606689453 474.88104248046875
103.86094665527344 474.3428649902344
103.93289184570312 473.8009033203125
103.9803466796875 473.2562561035156
104.00321197509766 472.71002197265625
104.0014419555664 472.1632995605469
103.97504425048828 471.6172180175781
103.924072265625 471.0728759765625
103.84862518310547 470.5313720703125
103.74885559082031 469.99383544921875
103.62496948242188 469.4613342285156
103.47721862792969 468.9349670410156
103.30590057373047 468.415771484375
103.11136627197266 467.90484619140625
102.89400482177734 467.4031982421875
102.65426635742188 466.9118347167969
102.39263153076172 466.4317932128906
102.10963439941406 465.9640197753906
101.80584716796875 465.50946044921875
101.48188781738281 465.0690612792969
101.13841247558594 464.6437072753906
100.776123046875 464.2342529296875
100.395751953125 463.841552734375
99.99807739257812 463.46636962890625
99.58390045166016 463.1094970703125
99.16976928710938 462.78466796875
98.74083709716797 462.479736328125
98.29803466796875 462.1953430175781
97.84232330322266 461.93212890625
97.37471008300781 461.6906433105469
96.89613342285156 461.4714050292969
96.40753173828125 461.27484130859375
95.9100112915039 461.1014099121094
95.404296875 460.9513854980469
94.8916015625 460.8251647949219
94.37287139892578 460.7229919433594
93.8468017578125 460.6446838378906
93.31562805175781 460.5906677246094
92.77281951904297 460.5605163574219
92.22612762451172 460.5549011230469
91.67974090576172 460.5739440917969
91.15589141845703 460.616455078125
90.6346206665039 460.6836242675781
90.11708068847656 460.7752990722656
89.60440826416016 460.89129638671875
89.09776306152344 461.0313415527344
88.59822082519531 461.1951599121094
88.10689544677734 461.3823547363281
87.62471771240234 461.59259033203125
87.15245056152344 461.8255615234375
86.69103240966797 462.0808410644531
86.23963928222656 462.3589782714844
85.79864501953125 462.6598815917969
85.36158752441406 462.98834228515625
84.93977355957031 463.3361511230469
84.5340576171875 463.7026062011719
84.145263671875 464.08697509765625
83.77417755126953 464.48846435546875
83.42156219482422 464.9062805175781
82.94786071777344 465.508056640625
82.48870849609375 466.1200256347656
82.0450439453125 466.7409973144531
81.61691284179688 467.3710021972656
81.20611572265625 468.00750732421875
80.81227111816406 468.65130615234375
80.43897247314453 469.29681396484375
80.0899887084961 469.9381103515625
79.76225280761719 470.5813293457031
79.46566772460938 471.2076721191406
79.205078125 471.8074645996094
78.98194122314453 472.37701416015625
78.79359436035156 472.9214782714844
78.63754272460938 473.4454650878906
78.50525665283203 473.9759521484375
78.39700317382812 474.5118408203125
78.3130111694336 475.05206298828125
78.2534408569336 475.59552001953125
78.21841430664062 476.14111328125
78.2080078125 476.687744140625
78.22224426269531 477.2342834472656
78.2607192993164 477.771240234375
78.32337188720703 478.30126953125
78.41033172607422 478.826416015625
78.52120208740234 479.3446960449219
78.65584564208984 479.8558654785156
78.81405639648438 480.35931396484375
78.99564361572266 480.8545227050781
79.20013427734375 481.3402404785156
79.42718505859375 481.815673828125
79.67630767822266 482.2798156738281
79.9468994140625 482.7315673828125
80.23839569091797 483.16998291015625
80.55023193359375 483.5942077636719
80.88165283203125 484.0032653808594
81.23197174072266 484.396240234375
81.60041046142578 484.7723083496094
81.98616027832031 485.1306457519531
82.38841247558594 485.470458984375
82.80601501464844 485.7908020019531
83.23798370361328 486.0909423828125
83.68351745605469 486.3703308105469
84.14173126220703 486.62841796875
84.61158752441406 486.8645935058594
85.09197998046875 487.0783386230469
85.5819091796875 487.2691955566406
86.08023071289062 487.43670654296875
86.58587646484375 487.5805358886719
87.09773254394531 487.7003479003906
87.61466979980469 487.7958984375
88.13558197021484 487.8669738769531
88.65925598144531 487.91339111328125
89.1845474243164 487.93505859375
89.71029663085938 487.93194580078125
90.2353515625 487.904052734375
90.75856018066406 487.8514099121094
91.27877807617188 487.774169921875
91.79488372802734 487.6724853515625
92.30589294433594 487.5465087890625
92.8109359741211 487.396484375
93.3138656616211 487.2210998535156
93.81635284423828 487.01947021484375
94.35562896728516 486.775634765625
94.92549896240234 486.4911804199219
95.53463745117188 486.1614074707031
96.140380859375 485.80950927734375
96.73970031738281 485.4373474121094
97.31830596923828 485.0537414550781
97.88727569580078 484.6512756347656
98.4343032836914 484.2386474609375
98.96831512451172 483.8090515136719
99.48656463623047 483.36468505859375
99.98629760742188 482.90789794921875
100.46471405029297 482.4411926269531
100.91901397705078 481.9673156738281
101.34659576416016 481.489013671875
101.74535369873047 481.0088195800781
102.11402130126953 480.52862548828125
102.452392578125 480.0492248535156
102.76122283935547 479.5702819824219
103.03800201416016 479.0966796875
103.29236602783203 478.61273193359375
103.52466583251953 478.1178283691406
103.73442840576172 477.6129455566406
103.92123413085938 477.09912109375
104.0846939086914 476.5774230957031
104.2244873046875 476.04888916015625
104.34032440185547 475.51458740234375
104.43196868896484 474.9756164550781
104.49923706054688 474.43304443359375
104.5419921875 473.88800048828125
104.56014251708984 473.3415832519531
104.55365753173828 472.7948913574219
104.52254486083984 472.2490539550781
104.46687316894531 471.7051696777344
104.38675689697266 471.1643371582031
104.28235626220703 470.627685546875
104.15387725830078 470.0962829589844
104.0015869140625 469.5711975097656
103.82579803466797 469.0534973144531
103.62686157226562 468.54425048828125
103.40518188476562 468.04449462890625
103.16120910644531 467.55523681640625
102.89543914794922 467.07745361328125
102.60841369628906 466.61212158203125
102.30071258544922 466.16021728515625
101.97296905517578 465.7226257324219
101.62583923339844 465.30023193359375
101.2600326538086 464.8939208984375
100.87628936767578 464.5045166015625
100.47538757324219 464.1327819824219
100.05815124511719 463.77947998046875
99.6412124633789 463.4582214355469
99.20964813232422 463.156982421875
98.764404296875 462.8764343261719
98.30644226074219 462.6171569824219
97.8367691040039 462.3797302246094
97.35633087158203 462.1646423339844
96.86607360839844 461.9723205566406
96.36709594726562 461.8031921386719
95.86012268066406 461.6575622558594
95.34636688232422 461.5357666015625
94.8267822265625 461.4380798339844
94.30001068115234 461.3642883300781
93.768310546875 461.3148498535156
93.2249526977539 461.28936767578125
92.67823028564453 461.2884521484375
92.13202667236328 461.31219482421875
91.60856628417969 461.35919189453125
91.087890625 461.43084716796875
90.57115173339844 461.5269775390625
90.05950164794922 461.6473693847656
89.55406951904297 461.7917785644531
89.05596160888672 461.9598693847656
88.56626892089844 462.1512756347656
88.0859375 462.36566162109375
87.61571502685547 462.6026916503906
87.15702056884766 462.8616638183594
86.70805358886719 463.1436767578125
86.2696304321289 463.44842529296875
85.8354263305664 463.7806396484375
85.41663360595703 464.132080078125
85.01409912109375 464.5020446777344
84.62864685058594 464.8897705078125
84.26105499267578 465.2944641113281
83.91206359863281 465.7153015136719
83.44328308105469 466.3215026855469
82.9890365600586 466.9378662109375
82.55018615722656 467.5632629394531
82.12678527832031 468.19769287109375
81.72047424316406 468.8388366699219
81.33091735839844 469.4873962402344
80.96141815185547 470.1381530761719
80.61554718017578 470.78533935546875
80.29051208496094 471.4347229003906
79.99591827392578 472.0677490234375
79.73698425292969 472.6739501953125
79.51568603515625 473.2484436035156
79.3295669555664 473.7960205078125
79.17432403564453 474.3269348144531
79.04450988769531 474.8580322265625
78.93875122070312 475.3944396972656
78.85726928710938 475.93505859375
78.80023193359375 476.4787902832031
78.76774597167969 477.0245361328125
78.75988006591797 477.5711975097656
78.77665710449219 478.11767578125
78.81771087646484 478.65618896484375
78.88284301757812 479.1870422363281
78.97200012207031 479.71112060546875
79.08528137207031 480.2294921875
79.22225189208984 480.7404479980469
79.38272094726562 481.24346923828125
79.56641387939453 481.73779296875
79.77306365966797 482.2227783203125
80.00214385986328 482.69720458984375
80.25325012207031 483.1602478027344
80.52583312988281 483.61090087890625
80.81925201416016 484.0481262207031
81.1329116821289 484.4710388183594
81.46612548828125 484.87872314453125
81.81814575195312 485.2702331542969
82.18822479248047 485.644775390625
82.57554626464844 486.0014953613281
82.97928619384766 486.3396301269531
83.39849090576172 486.65838623046875
83.8316879272461 486.9566650390625
84.27842712402344 487.2341613769531
84.73768615722656 487.4902648925781
85.20849609375 487.72442626953125
85.68977355957031 487.9361267089844
86.18048095703125 488.1248779296875
86.67949676513672 488.290283203125
87.18574523925781 488.43194580078125
87.69811248779297 488.5495910644531
88.2154769897461 488.6429443359375
88.73670196533203 488.7117919921875
89.2605972290039 488.7560119628906
89.7860107421875 488.7754821777344
90.31178283691406 488.7701416015625
90.83675384521484 488.7400207519531
91.35980987548828 488.6851806640625
91.87975311279297 488.6057434082031
92.39556884765625 488.5018615722656
92.90613555908203 488.3737487792969
93.41069793701172 488.2215576171875
93.91493225097656 488.0434265136719
94.41639709472656 487.83990478515625
94.95601654052734 487.5933532714844
95.5517807006836 487.29425048828125
96.14163970947266 486.97344970703125
96.72942352294922 486.6288757324219
97.31177520751953 486.2625732421875
97.8720932006836 485.88494873046875
98.42338562011719 485.4871826171875
98.96270751953125 485.07147216796875
99.48722839355469 484.63995361328125
99.994140625 484.1949462890625
100.48062133789062 483.7388916015625
100.9438705444336 483.2744140625
101.38123321533203 482.8042297363281
101.7905044555664 482.3308410644531
102.17023468017578 481.85626220703125
102.51995086669922 481.381591796875
102.84017181396484 480.9067687988281
103.13209533691406 480.4307861328125
103.39691925048828 479.9524841308594
103.63993072509766 479.4627380371094
103.86062622070312 478.9625549316406
104.05856323242188 478.4529113769531
104.23333740234375 477.93487548828125
104.38459014892578 477.40948486328125
104.51202392578125 476.8778076171875
104.61537170410156 476.3409423828125
104.69442749023438 475.7999572753906
104.7490234375 475.2559814453125
104.77906036376953 474.7100830078125
104.78446960449219 474.16339111328125
104.76524353027344 473.61700439453125
104.72142028808594 473.0720520019531
104.65308380126953 472.5296325683594
104.56037902832031 471.9908142089844
104.44348907470703 471.45672607421875
104.30265808105469 470.928466796875
104.13816833496094 470.4070739746094
103.95035552978516 469.89361572265625
103.7396011352539 469.38916015625
103.50633239746094 468.89471435546875
103.25102233886719 468.4112548828125
102.97418975830078 467.9397888183594
102.6763916015625 467.4812927246094
102.35823822021484 467.03668212890625
102.02037811279297 466.6068420410156
101.66349792480469 466.1926574707031
101.28831481933594 465.79498291015625
100.89559936523438 465.41461181640625
100.48614501953125 465.0523376464844
100.06078338623047 464.7088623046875
99.636474609375 464.39739990234375
99.19801330566406 464.1063232421875
98.7463607788086 463.8362121582031
98.28248596191406 463.5876770019531
97.80735778808594 463.3612365722656
97.32201385498047 463.15740966796875
96.82735443115234 462.9765319824219
96.32449340820312 462.8190612792969
95.81414031982422 462.68524169921875
95.29692840576172 462.57525634765625
94.77314758300781 462.4892272949219
94.24424743652344 462.427490234375
93.70824432373047 462.38995361328125
93.16262817382812 462.3766784667969
92.61602783203125 462.3880310058594
92.07048797607422 462.42401123046875
91.54821014404297 462.48272705078125
91.0292739868164 462.5660095214844
90.51481628417969 462.6737060546875
90.00598907470703 462.8055419921875
89.50391387939453 462.96124267578125
89.00968933105469 463.1404724121094
88.5243148803711 463.3428649902344
88.04884338378906 463.5679931640625
87.58422088623047 463.8153991699219
87.1297607421875 464.0855407714844
86.68637084960938 464.3779602050781
86.24851989746094 464.6966552734375
85.82151794433594 465.0380859375
85.41033172607422 465.3984069824219
85.01579284667969 465.7768859863281
84.63871002197266 466.1727600097656
84.27984619140625 466.585205078125
83.80056762695312 467.1758728027344
83.3367919921875 467.77606201171875
82.8832778930664 468.3924255371094
82.44476318359375 469.01837158203125
82.02245330810547 469.6523132324219
81.6162338256836 470.29449462890625
81.22850036621094 470.94134521484375
80.8619613647461 471.5887451171875
80.5148696899414 472.24017333984375
80.19489288330078 472.8818664550781
79.89751434326172 473.5234069824219
79.63401794433594 474.14105224609375
79.41909790039062 474.7000732421875
79.23797607421875 475.23663330078125
79.08612060546875 475.7618408203125
78.95808410644531 476.2933654785156
78.8541259765625 476.8301086425781
78.77445220947266 477.3710021972656
78.71923065185547 477.9149169921875
78.68856811523438 478.4607849121094
78.68253326416016 479.0074768066406
78.70113372802734 479.55389404296875
78.74388885498047 480.09039306640625
78.81078338623047 480.6198425292969
78.90194702148438 481.14422607421875
79.0169677734375 481.66162109375
79.15570831298828 482.1717224121094
79.31795501708984 482.6739196777344
79.5035171508789 483.1676940917969
79.71189880371094 483.65179443359375
79.94276428222656 484.12542724609375
80.19560241699219 484.58758544921875
80.46981048583984 485.0372009277344
80.76481628417969 485.4732971191406
81.08004760742188 485.89508056640625
81.41474914550781 486.301513671875
81.76821899414062 486.6917419433594
82.13967895507812 487.0649108886719
82.5283203125 487.4201965332031
82.93329620361328 487.7568359375
83.35346984863281 488.0738830566406
83.7878189086914 488.3705749511719
84.23555755615234 488.6463928222656
84.6957778930664 488.9007873535156
85.1674575805664 489.1332092285156
85.6495132446289 489.3431091308594
86.14091491699219 489.530029296875
86.64054107666016 489.6935729980469
87.1473159790039 489.8333740234375
87.66011810302734 489.9490966796875
88.17781829833984 490.04052734375
88.69930267333984 490.1074523925781
89.22335052490234 490.14971923828125
89.74884033203125 490.1672058105469
90.27458190917969 490.159912109375
90.79944610595703 490.1278381347656
91.32227325439453 490.071044921875
91.84193420410156 489.9896545410156
92.35731506347656 489.88385009765625
92.86747741699219 489.7538146972656
93.37154388427734 489.5997314453125
93.87419128417969 489.4200134277344
94.3773422241211 489.2136535644531
94.92102813720703 488.9631042480469
95.51717376708984 488.6615905761719
96.11796569824219 488.3331298828125
96.71495056152344 487.98236083984375
97.30501556396484 487.6112060546875
97.87350463867188 487.2288513183594
98.43167877197266 486.8276672363281
98.96715545654297 486.41650390625
99.48877716064453 485.9885559082031
99.99371337890625 485.546142578125
100.47915649414062 485.0917053222656
100.94232177734375 484.62786865234375
101.38056182861328 484.1573181152344
101.79158782958984 483.6826477050781
102.17376708984375 483.2060241699219
102.52633666992188 482.7288513183594
102.84442138671875 482.258544921875
103.13453674316406 481.78643798828125
103.39967346191406 481.3083190917969
103.64299774169922 480.8187255859375
103.864013671875 480.31866455078125
104.0622787475586 479.8091735839844
104.23738861083984 479.291259765625
104.38898468017578 478.7659606933594
104.51676177978516 478.234375
104.62045288085938 477.69757080078125
104.6998519897461 477.1566467285156
104.75479888916016 476.6127014160156
104.78518676757812 476.06683349609375
104.79094696044922 475.5201416015625
104.7720718383789 474.9737548828125
104.72859954833984 474.42877197265625
104.66061401367188 473.88629150390625
104.5682601928711 473.3474426269531
104.45172119140625 472.81329345703125
104.31123352050781 472.2849426269531
104.14707946777344 471.7634582519531
103.9595947265625 471.2498779296875
103.74916076660156 470.7452697753906
103.51620483398438 470.25067138671875
103.2612075805664 469.7670593261719
102.98468017578125 469.2954406738281
102.68717956542969 468.8367614746094
102.36931610107422 468.3919372558594
102.03173065185547 467.9618835449219
101.67511749267578 467.5474853515625
101.3001937866211 467.1495666503906
100.90772247314453 466.7689514160156
100.49849700927734 466.4064025878906
100.07335662841797 466.0626525878906
99.64926147460938 465.7509460449219
99.21099853515625 465.4595642089844
98.75951385498047 465.1891784667969
98.29579162597656 464.9403381347656
97.82083129882812 464.713623046875
97.33558654785156 464.50946044921875
96.84111785888672 464.32830810546875
96.33826446533203 464.1705017089844
95.82818603515625 464.0364074707031
95.31138610839844 463.9261779785156
94.78826141357422 463.8399658203125
94.26022338867188 463.778076171875
93.72289276123047 463.74017333984375
93.17633819580078 463.7265319824219
92.62973022460938 463.7375183105469
92.08416748046875 463.77313232421875
91.56150817871094 463.83154296875
91.04251098632812 463.9144592285156
90.52798461914062 464.02178955078125
90.01907348632812 464.15325927734375
89.51689910888672 464.30859375
89.02252960205078 464.4874572753906
88.53705596923828 464.6894836425781
88.06134796142578 464.914306640625
87.59642028808594 465.16143798828125
87.142333984375 465.4309387207031
86.69771575927734 465.7237243652344
86.25662994384766 466.0440979003906
85.82923889160156 466.3850402832031
85.41764068603516 466.744873046875
85.02267456054688 467.1228942871094
84.6451416015625 467.5183410644531
84.28580474853516 467.9303894042969
83.94539642333984 468.35821533203125
83.4939193725586 468.9676208496094
83.05300903320312 469.593017578125
82.62798309326172 470.2267761230469
82.2187728881836 470.8690490722656
81.82748413085938 471.5167541503906
81.4535140991211 472.1710510253906
81.10112762451172 472.82489013671875
80.7684097290039 473.4822082519531
80.46328735351562 474.12799072265625
80.19145202636719 474.7510986328125
79.944580078125 475.3710021972656
79.74524688720703 475.930419921875
79.57876586914062 476.4678649902344
79.44026947021484 476.99676513671875
79.32574462890625 477.5313415527344
79.23542022705078 478.070556640625
79.16947937011719 478.61328125
79.12805938720703 479.1584167480469
79.11124420166016 479.7048645019531
79.11906433105469 480.25152587890625
79.1515121459961 480.7972717285156
79.20775604248047 481.331298828125
79.28802490234375 481.858154296875
79.3924560546875 482.3795166015625
79.52044677734375 482.8927307128906
79.67237854003906 483.3995361328125
79.84742736816406 483.8973083496094
80.04548645019531 484.3858337402344
80.26631927490234 484.8645935058594
80.50926208496094 485.3321533203125
80.77388763427734 485.7876892089844
81.05956268310547 486.2301025390625
81.36572265625 486.6585693359375
81.6916732788086 487.07208251953125
82.03672790527344 487.4698181152344
82.40013122558594 487.8508605957031
82.78108978271484 488.21441650390625
83.17877960205078 488.5596618652344
83.59219360351562 488.8857421875
84.02013397216797 489.1917419433594
84.46194458007812 489.4771728515625
84.91661071777344 489.74139404296875
85.3831787109375 489.9838562011719
85.86063385009766 490.20404052734375
86.34790802001953 490.4014587402344
86.84393310546875 490.57568359375
87.34759521484375 490.726318359375
87.8578109741211 490.85302734375
88.37344360351562 490.9555358886719
88.89338684082031 491.03363037109375
89.41641998291016 491.0871276855469
89.9414291381836 491.11590576171875
90.46722412109375 491.1199035644531
90.99266052246094 491.09912109375
91.5166015625 491.0535583496094
92.03790283203125 490.9833679199219
92.5554428100586 490.8886413574219
93.06813049316406 490.7696228027344
93.57514190673828 490.62646484375
94.07611846923828 490.459228515625
94.57360076904297 490.26690673828125
95.08995819091797 490.0401916503906
95.65200805664062 489.7658996582031
96.24583435058594 489.4500427246094
96.83765411376953 489.11053466796875
97.42372131347656 488.74957275390625
97.98772430419922 488.3771667480469
98.5423812866211 487.98492431640625
99.0847396850586 487.5749206542969
99.603759765625 487.1554870605469
100.10689544677734 486.7205505371094
100.59130859375 486.2726135253906
101.0542221069336 485.8142395019531
101.49301147460938 485.34808349609375
101.9053955078125 484.876708984375
102.28965759277344 484.40234375
102.63993072509766 483.93280029296875
102.96097564697266 483.46246337890625
103.25406646728516 482.990234375
103.52136993408203 482.5133056640625
103.76691436767578 482.02484130859375
103.99020385742188 481.5257873535156
104.19078063964844 481.0171813964844
104.36824035644531 480.50006103515625
104.522216796875 479.9754638671875
104.65240478515625 479.4444580078125
104.75853729248047 478.90814208984375
104.84039306640625 478.3675842285156
104.89781188964844 477.8238830566406
104.93067932128906 477.27813720703125
104.93892669677734 476.7314758300781
104.92253112792969 476.18499755859375
104.88153076171875 475.6398010253906
104.81600952148438 475.0970153808594
104.7260971069336 474.5577392578125
104.61198425292969 474.0230712890625
104.47389221191406 473.49407958984375
104.3121109008789 472.9718322753906
104.12696075439453 472.4574279785156
103.9188232421875 471.9518737792969
103.68811798095703 471.4562072753906
103.43531799316406 470.971435546875
103.16093444824219 470.4985656738281
102.86552429199219 470.03851318359375
102.5496826171875 469.5922546386719
102.21405792236328 469.1606750488281
101.85932922363281 468.7446594238281
101.48621368408203 468.34503173828125
101.09547424316406 467.962646484375
100.68790435791016 467.5982360839844
100.26432800292969 467.2525634765625
99.82560729980469 466.92633056640625
99.38925170898438 466.632080078125
98.93955993652344 466.3587341308594
98.47748565673828 466.10687255859375
98.0040283203125 465.87701416015625
97.52019500732422 465.669677734375
97.02690124511719 465.4852600097656
96.52525329589844 465.3241882324219
96.01597595214844 465.18670654296875
95.50028991699219 465.07318115234375
94.97743225097656 464.9834899902344
94.44938659667969 464.9180603027344
93.91436767578125 464.8768005371094
93.37006378173828 464.8597717285156
92.82339477539062 464.86737060546875
92.27762603759766 464.89959716796875
91.75462341308594 464.95477294921875
91.2351303100586 465.03448486328125
90.7199478149414 465.13861083984375
90.2102279663086 465.2669372558594
89.70709991455078 465.4191589355469
89.21166229248047 465.594970703125
88.72492980957031 465.79400634765625
88.24797058105469 466.01580810546875
87.78144073486328 466.2601318359375
87.32544708251953 466.5269470214844
86.88063049316406 466.81597900390625
86.44223022460938 467.1305847167969
86.01297760009766 467.46917724609375
85.59941864013672 467.8267822265625
85.202392578125 468.20263671875
84.82270050048828 468.59600830078125
84.46112060546875 469.0060729980469
84.1183853149414 469.4320373535156
83.6635513305664 470.03900146484375
83.24325561523438 470.6307373046875
82.81654357910156 471.2648010253906
82.40632629394531 471.9063415527344
82.01240539550781 472.5557556152344
81.63744354248047 473.20892333984375
81.28050994873047 473.8677062988281
80.94694519042969 474.522705078125
80.64183807373047 475.164794921875
80.3598861694336 475.8057556152344
80.11299133300781 476.41900634765625
79.91401672363281 476.9718933105469
79.74740600585938 477.50482177734375
79.6076431274414 478.03338623046875
79.49183654785156 478.56768798828125
79.40021514892578 479.106689453125
79.33297729492188 479.6492614746094
79.29025268554688 480.1943054199219
79.27212524414062 480.74072265625
79.27863311767578 481.28741455078125
79.30973052978516 481.8319396972656
79.36485290527344 482.3672790527344
79.44395446777344 482.89508056640625
79.5469741821289 483.41595458984375
79.67398834228516 483.93060302734375
79.82454681396484 484.4374084472656
79.99842071533203 484.935791015625
80.19530487060547 485.4249267578125
80.4148941040039 485.90411376953125
80.6567153930664 486.3723449707031
80.92017364501953 486.8284606933594
81.20477294921875 487.2716369628906
81.5098876953125 487.7008972167969
81.83482360839844 488.1152648925781
82.17890167236328 488.5138854980469
82.54136657714844 488.8958740234375
82.92142486572266 489.2603759765625
83.31826782226562 489.60662841796875
83.73101043701172 489.9338684082031
84.15824890136719 490.2409973144531
84.59928894042969 490.52752685546875
85.05330657958984 490.79290771484375
85.5192642211914 491.03656005859375
85.99616241455078 491.2579650878906
86.48294067382812 491.4566345214844
86.978515625 491.6321105957031
87.48179626464844 491.7840270996094
87.99169158935547 491.91204833984375
88.50706481933594 492.015869140625
89.0268325805664 492.0953063964844
89.54974365234375 492.150146484375
90.07469177246094 492.1802673339844
90.6004867553711 492.18560791015625
91.12598419189453 492.1661376953125
91.65003967285156 492.1219177246094
92.17151641845703 492.05303955078125
92.68929290771484 491.95965576171875
93.20240020751953 491.8419189453125
93.70973205566406 491.7000732421875
94.21094512939453 491.5341796875
94.7109375 491.3424072265625
95.21908569335938 491.12066650390625
95.78455352783203 490.8460693359375
96.36853790283203 490.5365905761719
96.95127868652344 490.2026062011719
97.52933502197266 489.8460998535156
98.08496856689453 489.47802734375
98.63214874267578 489.089111328125
99.1678237915039 488.6815185546875
99.68907165527344 488.2574768066406
100.19302368164062 487.8193359375
100.67684173583984 487.3695373535156
101.13775634765625 486.9106750488281
101.57319641113281 486.4454040527344
101.98103332519531 485.9761657714844
102.35987091064453 485.5048828125
102.70923614501953 485.0326232910156
103.0295639038086 484.5594787597656
103.31802368164062 484.0905456542969
103.58329772949219 483.61248779296875
103.82676696777344 483.12298583984375
104.04793548583984 482.62298583984375
104.24635314941406 482.113525390625
104.42161560058594 481.59564208984375
104.5733642578125 481.0704040527344
104.7012939453125 480.5388488769531
104.80514526367188 480.0020751953125
104.88470458984375 479.461181640625
104.9398193359375 478.917236328125
104.97036743164062 478.3713684082031
104.97628784179688 477.8246765136719
104.95757293701172 477.2782897949219
104.91426086425781 476.7332763671875
104.846435546875 476.1907653808594
104.75423431396484 475.6518859863281
104.63784790039062 475.1177062988281
104.49751281738281 474.58929443359375
104.33351135253906 474.0677490234375
104.14617919921875 473.55413818359375
103.93589782714844 473.0494689941406
103.70309448242188 472.5547790527344
103.44823455810547 472.07110595703125
103.17184448242188 471.5993957519531
102.87448120117188 471.140625
102.55674743652344 470.6957092285156
102.21929168701172 470.26556396484375
101.86280059814453 469.8510437011719
101.48799133300781 469.4530029296875
101.09563446044922 469.072265625
100.6865234375 468.7095947265625
100.26148223876953 468.36572265625
99.82138061523438 468.0413513183594
99.3837890625 467.74896240234375
98.93293762207031 467.4775085449219
98.46980285644531 467.22760009765625
97.99535369873047 466.999755859375
97.5106201171875 466.7944641113281
97.01648712158203 466.61212158203125
96.51408386230469 466.4531555175781
96.00408935546875 466.3177795410156
95.48713684082031 466.20623779296875
94.96453857421875 466.11883544921875
94.43561553955078 466.0555419921875
93.89933776855469 466.0163879394531
93.35305786132812 466.0014343261719
92.8064193725586 466.0111389160156
92.26077270507812 466.0454406738281
91.71723175048828 466.10430908203125
91.1978759765625 466.1849365234375
90.6828842163086 466.28997802734375
90.17338562011719 466.419189453125
89.6705322265625 466.5722961425781
89.1753921508789 466.74896240234375
88.68904876708984 466.9488220214844
88.21241760253906 467.1715087890625
87.74650573730469 467.4165344238281
87.29151153564453 467.6838684082031
86.84640502929688 467.9742126464844
86.40617370605469 468.29119873046875
85.97740936279297 468.6304016113281
85.56436920166016 468.98858642578125
85.16788482666016 469.3650207519531
84.78876495361328 469.7589416503906
84.42777252197266 470.1695251464844
84.08564758300781 470.5959777832031
83.64904022216797 471.18206787109375
83.23320770263672 471.7729797363281
82.80963134765625 472.40863037109375
82.40174865722656 473.05291748046875
82.0113296508789 473.70318603515625
81.64046478271484 474.35626220703125
81.28799438476562 475.0145263671875
80.96000671386719 475.6670837402344
80.65328216552734 476.3209228515625
80.37798309326172 476.9550476074219
80.13887786865234 477.5591125488281
79.9468002319336 478.1046142578125
79.78594970703125 478.6332702636719
79.65037536621094 479.16290283203125
79.53880310058594 479.6981201171875
79.45146179199219 480.2378234863281
79.3885269165039 480.7809143066406
79.3501205444336 481.3262939453125
79.3363265991211 481.8728332519531
79.34716796875 482.41943359375
79.38262939453125 482.9649963378906
79.44178009033203 483.4981994628906
79.52494812011719 484.0243225097656
79.63226318359375 484.54486083984375
79.7632827758789 485.0579833984375
79.91800689697266 485.5638427734375
80.09581756591797 486.06060791015625
80.29668426513672 486.5482482910156
80.5201644897461 487.0257568359375
80.76570129394531 487.491943359375
81.03285217285156 487.94598388671875
81.32098388671875 488.3868103027344
81.62953186035156 488.8135681152344
81.95780944824219 489.2253112792969
82.3050765991211 489.6211242675781
82.67060852050781 490.00018310546875
83.05359649658203 490.36163330078125
83.4532241821289 490.7047119140625
83.86861419677734 491.0286560058594
84.29822540283203 491.332275390625
84.7416000366211 491.6152648925781
85.19770812988281 491.8769836425781
85.66561126708984 492.11688232421875
86.14427185058594 492.3344421386719
86.63262176513672 492.5291748046875
87.12959289550781 492.7006530761719
87.63407897949219 492.8485107421875
88.14498901367188 492.972412109375
88.66119384765625 493.07208251953125
89.18157196044922 493.1473083496094
89.70492553710938 493.19793701171875
90.23009490966797 493.22381591796875
90.75592041015625 493.22491455078125
91.28125762939453 493.20123291015625
91.80497741699219 493.1528015136719
92.32588958740234 493.0797424316406
92.84297180175781 492.982177734375
93.3551025390625 492.8603210449219
93.86151123046875 492.7143249511719
94.36219024658203 492.5441589355469
94.8604507446289 492.3485107421875
95.38275146484375 492.11614990234375
95.95459747314453 491.8343505859375
96.54740905761719 491.5165710449219
97.136962890625 491.17578125
97.7199935913086 490.81390380859375
98.28071594238281 490.4407043457031
98.81848907470703 490.05657958984375
99.34546661376953 489.65283203125
99.858642578125 489.2317810058594
100.35511779785156 488.7958068847656
100.8320541381836 488.3473815917969
101.28672790527344 487.8891296386719
101.71662902832031 487.4236755371094
102.11965942382812 486.9534606933594
102.48990631103516 486.4858093261719
102.8305892944336 486.01727294921875
103.14259338378906 485.54736328125
103.42724609375 485.0748291015625
103.6880874633789 484.5943298339844
103.92701721191406 484.1025695800781
104.14354705810547 483.6005554199219
104.33723449707031 483.08929443359375
104.5076904296875 482.56982421875
104.65457153320312 482.043212890625
104.77757263183594 481.510498046875
104.87644958496094 480.9727783203125
104.95100402832031 480.43115234375
105.0010757446289 479.88671875
105.02657318115234 479.3406066894531
105.02743530273438 478.79388427734375
105.003662109375 478.2476806640625
104.95530700683594 477.7030944824219
104.88246154785156 477.1612548828125
104.7852783203125 476.62322998046875
104.66395568847656 476.09014892578125
104.51873779296875 475.5630798339844
104.34991455078125 475.0430908203125
104.1578369140625 474.5312194824219
103.9428939819336 474.0285339355469
103.70552062988281 473.5360412597656
103.44619750976562 473.05474853515625
103.16545104980469 472.5856018066406
102.86385345458984 472.1296081542969
102.5420150756836 471.6876525878906
102.20059204101562 471.2606506347656
101.84027862548828 470.8494567871094
101.46180725097656 470.4549255371094
101.0659408569336 470.0778503417969
100.65348815917969 469.718994140625
100.22528076171875 469.37908935546875
99.78219604492188 469.0588073730469
99.3419189453125 468.7704772949219
98.8885726928711 468.5032043457031
98.42314147949219 468.2575988769531
97.94658660888672 468.0341491699219
97.4599380493164 467.8333435058594
96.96408081054688 467.6555480957031
96.46014404296875 467.5011901855469
95.94914245605469 467.37060546875
95.43156433105469 467.2639465332031
94.90779876708984 467.18133544921875
94.37764739990234 467.12286376953125
93.83985137939453 467.0885314941406
93.29322052001953 467.07855224609375
92.74669647216797 467.09320068359375
92.20138549804688 467.1324462890625
91.65839385986328 467.19622802734375
91.13978576660156 467.28155517578125
90.62576293945312 467.3912353515625
90.11746215820312 467.5250549316406
89.61601257324219 467.6827087402344
89.12246704101562 467.8638610839844
88.63792419433594 468.068115234375
88.16325378417969 468.2951354980469
87.69944763183594 468.54443359375
87.24654388427734 468.8160400390625
86.80308532714844 469.1109924316406
86.36286926269531 469.4338073730469
85.93701934814453 469.77667236328125
85.52704620361328 470.13836669921875
85.1337890625 470.5181579589844
84.75804138183594 470.915283203125
84.40056610107422 471.3289489746094
84.06209564208984 471.75830078125
83.7433090209961 472.20245361328125
83.31891632080078 472.83856201171875
82.91004943847656 473.48345947265625
82.5182876586914 474.1347961425781
82.14327239990234 474.7933349609375
81.78822326660156 475.4537048339844
81.45674896240234 476.1097717285156
81.14602661132812 476.7676696777344
80.86581420898438 477.407470703125
80.60956573486328 478.0447082519531
80.40130615234375 478.6196594238281
80.21888732910156 479.1922912597656
80.0742416381836 479.7227478027344
79.9542465209961 480.2561340332031
79.85840606689453 480.7944030761719
79.78691101074219 481.33642578125
79.73990631103516 481.8811340332031
79.71749114990234 482.4273986816406
79.71971130371094 482.97412109375
79.74656677246094 483.5201721191406
79.79759216308594 484.0584716796875
79.87252807617188 484.5885009765625
79.97160339355469 485.11285400390625
80.0941162109375 485.6283874511719
80.24043273925781 486.13702392578125
80.40995025634766 486.6368408203125
80.602783203125 487.12823486328125
80.81825256347656 487.6095275878906
81.05603790283203 488.08001708984375
81.31554412841797 488.5385437011719
81.59623718261719 488.9842224121094
81.89757537841797 489.4161682128906
82.2188949584961 489.83343505859375
82.55946350097656 490.2350769042969
82.91858673095703 490.6202697753906
83.29544830322266 490.9881591796875
83.68924713134766 491.33795166015625
84.09913635253906 491.6688537597656
84.52383422851562 491.9798889160156
84.96240234375 492.2703552246094
85.41411590576172 492.539794921875
85.87789154052734 492.7875671386719
86.3528060913086 493.0132141113281
86.83779907226562 493.2161865234375
87.33180236816406 493.39605712890625
87.83373260498047 493.55242919921875
88.34248352050781 493.6849670410156
88.85694122314453 493.7933654785156
89.37601470947266 493.8774108886719
89.89845275878906 493.9368896484375
90.42313385009766 493.9716796875
90.94889068603516 493.981689453125
91.47457122802734 493.9669189453125
91.99903106689453 493.9273681640625
92.52116394042969 493.8631286621094
93.03984069824219 493.77435302734375
93.5539779663086 493.66119384765625
94.06253051757812 493.52386474609375
94.5653305053711 493.3623962402344
95.06305694580078 493.17645263671875
95.56764221191406 492.961181640625
96.10604858398438 492.70391845703125
96.69237518310547 492.3967590332031
97.27650451660156 492.0657043457031
97.85505676269531 491.7126770019531
98.4109878540039 491.3480529785156
98.95756530761719 490.963134765625
99.48075866699219 490.56781005859375
99.99085235595703 490.154296875
100.48490142822266 489.7250061035156
100.9600601196289 489.28240966796875
101.4135971069336 488.8291015625
101.84202575683594 488.36871337890625
102.2424087524414 487.9045715332031
102.61373138427734 487.43829345703125
102.95590209960938 486.97052001953125
103.26963806152344 486.5009460449219
103.55610656738281 486.028564453125
103.81838989257812 485.5488586425781
104.05879211425781 485.0578308105469
104.2768325805664 484.55645751953125
104.47206115722656 484.0457763671875
104.64408111572266 483.5268249511719
104.79254150390625 483.0006408691406
104.91714477539062 482.46832275390625
105.01763916015625 481.930908203125
105.09381866455078 481.3895263671875
105.1455307006836 480.8452453613281
105.17266845703125 480.2991943359375
105.1751708984375 479.7524719238281
105.15303802490234 479.2062072753906
105.10631561279297 478.6614990234375
105.03510284423828 478.11944580078125
104.93953704833984 477.5811462402344
104.81981658935547 477.0476989746094
104.67618560791016 476.5201721191406
104.50892639160156 475.9996643066406
104.31838989257812 475.4872131347656
104.1049575805664 474.98388671875
103.86906433105469 474.49066162109375
103.61119079589844 474.0085754394531
103.33185577392578 473.5386047363281
103.03163146972656 473.0816955566406
102.71112823486328 472.6387634277344
102.3709945678711 472.2107238769531
102.01191711425781 471.7984619140625
101.63462829589844 471.4028015136719
101.23989868164062 471.0245361328125
100.82852172851562 470.6644287109375
100.4013442993164 470.3232116699219
99.95922088623047 470.0015869140625
99.51966094970703 469.7118225097656
99.06713104248047 469.4432067871094
98.60244750976562 469.1961975097656
98.1266098022461 468.9713134765625
97.64055633544922 468.76904296875
97.1453628540039 468.5898132324219
96.641845703125 468.4339294433594
96.13117218017578 468.3017883300781
95.6137924194336 468.19354248046875
95.09004211425781 468.10931396484375
94.56135559082031 468.04937744140625
94.02593994140625 468.0137023925781
93.47933959960938 468.0022277832031
92.93277740478516 468.0154113769531
92.38735961914062 468.0531921386719
91.84420013427734 468.1155090332031
91.32536315917969 468.1994323730469
90.81104278564453 468.3077392578125
90.30238342285156 468.440185546875
89.80050659179688 468.59649658203125
89.30651092529297 468.77630615234375
88.8214111328125 468.9792785644531
88.34626007080078 469.2049560546875
87.88172912597656 469.4530334472656
87.42790985107422 469.7235412597656
86.98542785644531 470.01617431640625
86.54949951171875 470.3343811035156
86.12300109863281 470.67645263671875
85.71234893798828 471.0373840332031
85.31837463378906 471.41644287109375
84.94187927246094 471.8128662109375
84.58362579345703 472.2258605957031
84.24434661865234 472.6545715332031
83.92472839355469 473.09814453125
83.56497955322266 473.6417541503906
83.16210174560547 474.2906188964844
82.7763671875 474.9457702636719
82.40740966796875 475.6080017089844
82.05845642089844 476.2718200683594
81.73313903808594 476.930908203125
81.42859649658203 477.5916442871094
81.15467071533203 478.2333984375
80.90472412109375 478.872314453125
80.70265197753906 479.44732666015625
80.52638244628906 480.01995849609375
80.38731384277344 480.5506591796875
80.27265167236328 481.0852355957031
80.18218994140625 481.6244201660156
80.1161117553711 482.1671447753906
80.07455444335938 482.7122802734375
80.05760192871094 483.25872802734375
80.0652847290039 483.8053894042969
80.09757232666016 484.3504943847656
80.15384674072266 484.88623046875
80.23406219482422 485.41424560546875
80.33816528320312 485.9351806640625
80.46624755859375 486.4498291015625
80.61783599853516 486.95654296875
80.79271697998047 487.4547119140625
80.99068450927734 487.9438781738281
81.21121215820312 488.4227600097656
81.45394897460938 488.890625
81.71829223632812 489.3463439941406
82.00375366210938 489.7890930175781
82.30970764160156 490.2178649902344
82.63544464111328 490.6317138671875
82.98029327392578 491.0297546386719
83.343505859375 491.4111633300781
83.72428131103516 491.7750549316406
84.12181091308594 492.12066650390625
84.53522491455078 492.447265625
84.96343231201172 492.75396728515625
85.40513610839844 493.03985595703125
85.859619140625 493.30450439453125
86.32598876953125 493.5473937988281
86.8032455444336 493.76800537109375
87.29035949707031 493.9658508300781
87.7862319946289 494.1405029296875
88.28984069824219 494.2915954589844
88.79998779296875 494.41876220703125
89.31558990478516 494.5217590332031
89.83554077148438 494.600341796875
90.35859680175781 494.654296875
90.88365173339844 494.6835632324219
91.40951538085938 494.68804931640625
91.93505096435547 494.667724609375
92.4591293334961 494.6226501464844
92.98067474365234 494.55291748046875
93.49845886230469 494.45867919921875
94.01162719726562 494.3400573730469
94.51908111572266 494.19732666015625
95.02051544189453 494.030517578125
95.51640319824219 493.8393859863281
96.02478790283203 493.6164245605469
96.56595611572266 493.3515319824219
97.13380432128906 493.0467834472656
97.69998931884766 492.7170715332031
98.24356079101562 492.3746337890625
98.78131866455078 492.0088806152344
99.31005859375 491.6219482421875
99.8266830444336 491.21612548828125
100.32820129394531 490.7937316894531
100.81172180175781 490.35723876953125
101.27446746826172 489.9091491699219
101.7138442993164 489.45208740234375
102.12760925292969 488.988525390625
102.51033782958984 488.5248718261719
102.86384582519531 488.05950927734375
103.18863677978516 487.5923767089844
103.48579406738281 487.1226501464844
103.7571792602539 486.6480407714844
104.00691223144531 486.16168212890625
104.2344741821289 485.6645812988281
104.43940734863281 485.15771484375
104.62129974365234 484.64215087890625
104.77977752685547 484.118896484375
104.91452026367188 483.58905029296875
105.02525329589844 483.05364990234375
105.11174774169922 482.5138244628906
105.17383575439453 481.97064208984375
105.21138763427734 481.4252014160156
105.22432708740234 480.8786315917969
105.2126235961914 480.33203125
105.17630767822266 479.7865295410156
105.11544799804688 479.2431945800781
105.0301742553711 478.7031555175781
104.920654296875 478.1675109863281
104.787109375 477.6373596191406
104.62981414794922 477.1137390136719
104.44908905029297 476.5977478027344
104.24530029296875 476.0904235839844
104.01885986328125 475.5928039550781
103.77022552490234 475.10589599609375
103.49990844726562 474.63067626953125
103.20845794677734 474.1681213378906
102.8964614868164 473.71917724609375
102.5645523071289 473.28472900390625
102.21340942382812 472.8656921386719
101.84374237060547 472.462890625
101.456298828125 472.0771484375
101.05187225341797 471.7092590332031
100.63127899169922 471.3599548339844
100.19537353515625 471.02996826171875
99.74504852294922 470.7199401855469
99.29827880859375 470.4418029785156
98.83891296386719 470.1850280761719
98.36795043945312 469.9501647949219
97.88634490966797 469.7377014160156
97.39514923095703 469.548095703125
96.89521789550781 469.3817138671875
96.38770294189453 469.2389221191406
95.87317657470703 469.11993408203125
95.3529052734375 469.0250549316406
94.82669067382812 468.9543151855469
94.2940902709961 468.90777587890625
93.7490005493164 468.8851623535156
93.20228576660156 468.8871765136719
92.65621185302734 468.913818359375
92.11189270019531 468.9650573730469
91.59052276611328 469.0384826660156
91.07410430908203 469.13623046875
90.56283569335938 469.25823974609375
90.05787658691406 469.4042053222656
89.560302734375 469.5738525390625
89.07121276855469 469.7668151855469
88.5916519165039 469.982666015625
88.1224136352539 470.2210693359375
87.66445922851562 470.4815368652344
87.21747589111328 470.76434326171875
86.77910614013672 471.0711364746094
86.34596252441406 471.40472412109375
85.92829132080078 471.75750732421875
85.52693939208984 472.1287536621094
85.14271545410156 472.5177001953125
84.77640533447266 472.9235534667969
84.42875671386719 473.34552001953125
84.10047149658203 473.78271484375
83.72933197021484 474.3201904296875
83.38423919677734 474.8594665527344
82.9923095703125 475.5137634277344
82.61811828613281 476.17340087890625
82.26390838623047 476.8347473144531
81.9283447265625 477.5006408691406
81.6180191040039 478.1585998535156
81.32929992675781 478.81695556640625
81.07293701171875 479.451904296875
80.86556243896484 480.0224914550781
80.68404388427734 480.5910339355469
80.53987884521484 481.11907958984375
80.4197769165039 481.6524353027344
80.3238296508789 482.190673828125
80.25222778320312 482.7326965332031
80.20512390136719 483.2773742675781
80.18260192871094 483.8236389160156
80.1847152709961 484.370361328125
80.21146392822266 484.91644287109375
80.26255798339844 485.4573669433594
80.33744049072266 485.9891052246094
80.43609619140625 486.512939453125
80.55846405029297 487.02923583984375
80.70440673828125 487.53778076171875
80.87371063232422 488.0379943847656
81.06619262695312 488.5294494628906
81.28134155273438 489.0108337402344
81.51881408691406 489.4814453125
81.7780990600586 489.9402770996094
82.05856323242188 490.38623046875
82.35967254638672 490.8184509277344
82.68072509765625 491.2359619140625
83.02107238769531 491.6379089355469
83.37996673583984 492.02337646484375
83.7566146850586 492.3915710449219
84.15021514892578 492.7416687011719
84.5599136352539 493.0729064941406
84.98472595214844 493.3844909667969
85.42321014404297 493.6753845214844
85.87470245361328 493.9451599121094
86.33839416503906 494.193359375
86.81312561035156 494.4193420410156
87.29801177978516 494.6227111816406
87.79187774658203 494.802978515625
88.2937240600586 494.9597473144531
88.80239868164062 495.0926818847656
89.31684112548828 495.2015075683594
89.83587646484375 495.2859802246094
90.35829162597656 495.34588623046875
90.88298797607422 495.381103515625
91.40876770019531 495.39154052734375
91.93450164794922 495.3771667480469
92.45905303955078 495.3380432128906
92.98128509521484 495.27423095703125
93.50008392333984 495.18585205078125
94.01435852050781 495.0730895996094
94.52332305908203 494.9361267089844
95.0259017944336 494.77520751953125
95.52284240722656 494.5899963378906
96.02886962890625 494.37457275390625
96.56263732910156 494.11993408203125
97.10457611083984 493.8345642089844
97.66832733154297 493.51080322265625
98.2278060913086 493.1634521484375
98.763671875 492.8045349121094
99.29042053222656 492.4243469238281
99.80549621582031 492.0247497558594
100.30416107177734 491.609375
100.78671264648438 491.1780090332031
101.25082397460938 490.7327575683594
101.69253540039062 490.2774658203125
102.1073226928711 489.8169860839844
102.49360656738281 489.3533630371094
102.85083770751953 488.88775634765625
103.1793441772461 488.42034912109375
103.48008728027344 487.950439453125
103.75402069091797 487.477294921875
104.00636291503906 486.9922790527344
104.2365951538086 486.49639892578125
104.44425201416016 485.99066162109375
104.62891387939453 485.47607421875
104.79019927978516 484.95367431640625
104.92778778076172 484.424560546875
105.04139709472656 483.8897705078125
105.13079071044922 483.35040283203125
105.19579315185547 482.80755615234375
105.23627471923828 482.2623291015625
105.25215148925781 481.7158508300781
105.2433853149414 481.169189453125
105.20999908447266 480.62347412109375
105.15206146240234 480.079833984375
105.06968688964844 479.53936767578125
104.96305084228516 479.0031433105469
104.83235931396484 478.4722595214844
104.6778793334961 477.94781494140625
104.49993133544922 477.4308776855469
104.29887390136719 476.9224548339844
104.07511138916016 476.4236145019531
103.8291015625 475.93536376953125
103.56134796142578 475.4587097167969
103.27238464355469 474.9945983886719
102.96280670166016 474.5439758300781
102.63323974609375 474.1077575683594
102.28435516357422 473.68682861328125
101.91685485839844 473.28204345703125
101.531494140625 472.89422607421875
101.1290512084961 472.524169921875
100.71034240722656 472.172607421875
100.2762222290039 471.84027099609375
99.82756805419922 471.52783203125
99.38209533691406 471.2471618652344
98.92412567138672 470.9879150390625
98.45443725585938 470.7505187988281
97.97403717041016 470.5354919433594
97.48384857177734 470.3432312011719
96.98497009277344 470.1741943359375
96.4781723022461 470.0286560058594
95.96465301513672 469.906982421875
95.44474029541016 469.8092956542969
94.91864013671875 469.7356872558594
94.38783264160156 469.68646240234375
93.85000610351562 469.6615295410156
93.30328369140625 469.66107177734375
92.75709533691406 469.68524169921875
92.21255493164062 469.7340087890625
91.67076110839844 469.8072509765625
91.1537094116211 469.901611328125
90.64167022705078 470.020263671875
90.1357650756836 470.1629333496094
89.63711547851562 470.3293151855469
89.14675903320312 470.5190734863281
88.66577911376953 470.7317810058594
88.19515991210938 470.9670104980469
87.73542785644531 471.22454833984375
87.28633117675781 471.50457763671875
86.84835815429688 471.8069152832031
86.41470336914062 472.13665771484375
85.99488830566406 472.48687744140625
85.59127807617188 472.85565185546875
85.20469665527344 473.24224853515625
84.83592224121094 473.6458740234375
84.48571014404297 474.0657043457031
84.15476989746094 474.5008850097656
83.8437728881836 474.9505310058594
83.5013198852539 475.4910888671875
83.11243438720703 476.1471252441406
82.74139404296875 476.80828857421875
82.38763427734375 477.47576904296875
82.0551528930664 478.14239501953125
81.74827575683594 478.80029296875
81.46317291259766 479.4582824707031
81.21086120605469 480.0916442871094
81.00758361816406 480.6597595214844
80.83011627197266 481.22601318359375
80.68904876708984 481.75421142578125
80.5719223022461 482.2882385253906
80.4789810180664 482.8269958496094
80.41040802001953 483.369384765625
80.36634063720703 483.9143371582031
80.34687042236328 484.4607238769531
80.35203552246094 485.0074157714844
80.38182830810547 485.5533142089844
80.43572998046875 486.091064453125
80.51351928710938 486.6205749511719
80.61542510986328 487.1443176269531
80.74095153808594 487.66021728515625
80.88997650146484 488.1680908203125
81.06229400634766 488.6674499511719
81.25773620605469 489.1578674316406
81.47576141357422 489.6380615234375
81.7160415649414 490.10736083984375
81.97798156738281 490.5645751953125
82.26104736328125 491.0088195800781
82.56468200683594 491.4392395019531
82.88822174072266 491.8548583984375
83.2309341430664 492.2547607421875
83.59211730957031 492.6381530761719
83.97095489501953 493.0041198730469
84.36664581298828 493.3519287109375
84.77830505371094 493.6807556152344
85.20510864257812 493.9899597167969
85.64519500732422 494.2781982421875
86.09831237792969 494.54534912109375
86.56339263916016 494.790771484375
87.03945922851562 495.01397705078125
87.52550506591797 495.2144775390625
88.02044677734375 495.391845703125
88.52320861816406 495.5456848144531
89.03270721435547 495.6756591796875
89.54776000976562 495.7814636230469
90.06731414794922 495.8628845214844
90.59009552001953 495.9197082519531
91.11502075195312 495.95184326171875
91.64087677001953 495.9591979980469
92.16654205322266 495.9417419433594
92.69087982177734 495.8995361328125
93.21281433105469 495.8326416015625
93.73111724853516 495.7412414550781
94.24491119384766 495.6254577636719
94.75310516357422 495.4855041503906
95.25532531738281 495.32147216796875
95.75332641601562 495.1326599121094
96.26127624511719 494.9131774902344
96.78562927246094 494.65936279296875
97.33953857421875 494.3638916015625
97.91193389892578 494.0321350097656
98.45893096923828 493.689453125
98.997314453125 493.3253479003906
99.52449035644531 492.9415588378906
100.0350341796875 492.54205322265625
100.52983856201172 492.1261291503906
101.00653076171875 491.6958312988281
101.46218872070312 491.25384521484375
101.8958511352539 490.8011779785156
102.30435180664062 490.34130859375
102.6849136352539 489.877685546875
103.0369873046875 489.4114685058594
103.36082458496094 488.9429016113281
103.65361785888672 488.4769287109375
103.92342376708984 488.00140380859375
104.1715316772461 487.51422119140625
104.3974380493164 487.016357421875
104.6006851196289 486.5088195800781
104.78085327148438 485.9926452636719
104.93758392333984 485.4688720703125
105.070556640625 484.9385681152344
105.17950439453125 484.4028015136719
105.26419830322266 483.8626708984375
105.32447052001953 483.31927490234375
105.36019897460938 482.7737121582031
105.3713150024414 482.22711181640625
105.3577880859375 481.6805725097656
105.31964874267578 481.13519287109375
105.2569808959961 480.5920715332031
105.16990661621094 480.0523376464844
105.05860137939453 479.5170593261719
104.92329406738281 478.9873352050781
104.7642593383789 478.4642639160156
104.58181762695312 477.9488830566406
104.37633514404297 477.4422302246094
104.14823913574219 476.94537353515625
103.89798736572266 476.45928955078125
103.62609100341797 475.9849853515625
103.33309936523438 475.5234069824219
103.01960754394531 475.07550048828125
102.6862564086914 474.64215087890625
102.3337173461914 474.2242736816406
101.96270751953125 473.82269287109375
101.57398223876953 473.4382629394531
101.16832733154297 473.07171630859375
100.74657440185547 472.72381591796875
100.3095703125 472.3952941894531
99.85820770263672 472.0867919921875
99.41051483154297 471.8101501464844
98.9502944946289 471.5549011230469
98.47854614257812 471.3216247558594
97.99627685546875 471.11077880859375
97.50440979003906 470.92279052734375
97.00404357910156 470.75811767578125
96.49594116210938 470.61700439453125
95.9813003540039 470.4997863769531
95.46041870117188 470.4065856933594
94.93344116210938 470.3375244140625
94.40187072753906 470.2928466796875
93.8593978881836 470.27227783203125
93.31269073486328 470.27630615234375
92.7667236328125 470.3049621582031
92.22259521484375 470.3581848144531
91.6814193725586 470.43585205078125
91.1651611328125 470.5344543457031
90.65410614013672 470.65728759765625
90.14938354492188 470.8041076660156
89.65210723876953 470.9745788574219
89.1633071899414 471.1683349609375
88.6840591430664 471.3849792480469
88.21533966064453 471.62408447265625
87.75762176513672 471.8854064941406
87.31053161621094 472.1692810058594
86.87448120117188 472.4755554199219
86.44193267822266 472.8099365234375
86.02488708496094 473.1634521484375
85.62419891357422 473.535400390625
85.24066925048828 473.9250183105469
84.87508392333984 474.33154296875
84.52819061279297 474.7541198730469
84.20068359375 475.19189453125
83.89323425292969 475.64398193359375
83.55646514892578 476.18511962890625
83.17308044433594 476.84405517578125
82.8077621459961 477.5076904296875
82.45986938476562 478.17742919921875
82.13362884521484 478.8454895019531
81.83354949951172 479.50347900390625
81.5555191040039 480.16107177734375
81.31079864501953 480.7923583984375
81.1147689819336 481.3575744628906
80.9444580078125 481.9211730957031
80.8089370727539 482.4508361816406
80.69741821289062 482.9860534667969
80.61012268066406 483.5257568359375
80.54723358154297 484.06884765625
80.50888061523438 484.6142272949219
80.4951400756836 485.1607666015625
80.50603485107422 485.7073669433594
80.54154968261719 486.2529296875
80.60089111328125 486.7877502441406
80.68444061279297 487.3171081542969
80.79170989990234 487.8385925292969
80.92262268066406 488.3523864746094
81.07720947265625 488.8588562011719
81.25482177734375 489.3560485839844
81.45548248291016 489.8441162109375
81.67874908447266 490.322021484375
81.92405700683594 490.78857421875
82.19097900390625 491.24298095703125
82.47887420654297 491.6841735839844
82.78718566894531 492.1112976074219
83.11524200439453 492.5234375
