60.00153732299805 450.001708984375
60.002899169921875 450.0035400390625
60.00407028198242 450.0054931640625
60.00503921508789 450.007568359375
60.00579833984375 450.0097351074219
60.00634002685547 450.011962890625
60.00666809082031 450.0142822265625
60.00676727294922 450.01678466796875
60.00619888305664 450.0265197753906
60.00395965576172 450.0406494140625
59.99993133544922 450.0560607910156
59.99435043334961 450.0711669921875
59.987308502197266 450.085693359375
59.97887420654297 450.0994567871094
59.96916198730469 450.1122741699219
59.962860107421875 450.11907958984375
59.95023727416992 450.1302795410156
59.93655014038086 450.1402282714844
59.92196273803711 450.1488037109375
59.90660858154297 450.1559143066406
59.8906364440918 450.1614990234375
59.87419509887695 450.1654968261719
59.85745620727539 450.1678771972656
59.84206771850586 450.1685485839844
59.8524055480957 450.16912841796875
59.863040924072266 450.1707763671875
59.86467361450195 450.17120361328125
59.86606216430664 450.1717224121094
59.86737060546875 450.17236328125
59.86859893798828 450.1731262207031
59.869754791259766 450.17401123046875
59.871185302734375 450.17535400390625
59.877845764160156 450.18292236328125
59.88412094116211 450.191650390625
59.88230514526367 450.18853759765625
59.88130569458008 450.18634033203125
59.88121795654297 450.1860656738281
59.8818359375 450.1886901855469
59.88274383544922 450.19549560546875
59.88301467895508 450.2033386230469
59.88276672363281 450.2071838378906
59.88283920288086 450.2067565917969
59.8834342956543 450.2045593261719
59.88424301147461 450.2024230957031
59.88526153564453 450.20037841796875
59.886478424072266 450.19842529296875
59.887882232666016 450.1966247558594
59.88945770263672 450.1949768066406
59.89118957519531 450.1934814453125
59.893062591552734 450.1921691894531
59.895057678222656 450.1910400390625
59.897151947021484 450.19012451171875
59.899330139160156 450.1894226074219
59.90156555175781 450.1889343261719
59.903839111328125 450.18865966796875
59.9061279296875 450.1886291503906
59.908409118652344 450.1888122558594
59.91065979003906 450.1892395019531
59.91286087036133 450.18988037109375
59.91498565673828 450.19073486328125
59.917015075683594 450.1918029785156
59.91893005371094 450.19305419921875
59.920711517333984 450.1944885253906
59.92234420776367 450.19610595703125
59.92380905151367 450.1978759765625
59.92509078979492 450.19976806640625
59.926177978515625 450.2017822265625
59.92706298828125 450.2038879394531
59.927734375 450.2060852050781
59.928184509277344 450.2083435058594
59.92841720581055 450.210693359375
59.92841339111328 450.21405029296875
59.92714309692383 450.2267150878906
59.92403793334961 450.2421569824219
59.919349670410156 450.25750732421875
59.91314697265625 450.27239990234375
59.90550994873047 450.28662109375
59.896514892578125 450.3000183105469
59.886898040771484 450.3116760253906
59.88071060180664 450.3178405761719
59.86760711669922 450.32855224609375
59.8535270690918 450.3379211425781
59.838600158691406 450.34588623046875
59.822967529296875 450.35235595703125
59.80677795410156 450.3572692871094
59.79018783569336 450.360595703125
59.773433685302734 450.3622741699219
59.771915435791016 450.3622741699219
59.78248977661133 450.3633117675781
59.79304504394531 450.3653869628906
59.794464111328125 450.3658142089844
59.79579544067383 450.3663635253906
59.797061920166016 450.3670349121094
59.79825973510742 450.3678283691406
59.79941177368164 450.3687744140625
59.801422119140625 450.3708190917969
59.80809783935547 450.3790588378906
59.813846588134766 450.3877868652344
59.81212615966797 450.384521484375
59.811214447021484 450.3822937011719
59.81114196777344 450.3820495605469
59.811954498291016 450.38629150390625
59.81258010864258 450.3931579589844
59.81252670288086 450.40069580078125
59.81230545043945 450.40277099609375
59.812652587890625 450.401123046875
59.81333923339844 450.39892578125
59.814239501953125 450.3968200683594
59.81534194946289 450.3948059082031
59.8166389465332 450.3929138183594
59.818115234375 450.39117431640625
59.819759368896484 450.38958740234375
59.82155227661133 450.3881530761719
59.82347869873047 450.38690185546875
59.82551956176758 450.3858642578125
59.82765197753906 450.3850402832031
59.829856872558594 450.3844299316406
59.83211135864258 450.384033203125
59.83439254760742 450.38385009765625
59.8366813659668 450.3839111328125
59.83895492553711 450.3841857910156
59.8411865234375 450.38470458984375
59.84335708618164 450.38543701171875
59.84544372558594 450.3863830566406
59.84742736816406 450.38751220703125
59.84928894042969 450.38885498046875
59.851009368896484 450.3903503417969
59.85257339477539 450.39202880859375
59.85396194458008 450.39385986328125
59.85516357421875 450.39581298828125
59.85616683959961 450.3978576660156
59.85696029663086 450.3999938964844
59.85753631591797 450.4022216796875
59.85789489746094 450.4045104980469
59.858036041259766 450.4070129394531
59.85783004760742 450.41180419921875
59.85577392578125 450.42620849609375
59.85197830200195 450.44171142578125
59.84663772583008 450.4569091796875
59.839820861816406 450.4715270996094
59.831600189208984 450.48541259765625
59.82205581665039 450.4984436035156
59.81614685058594 450.5050354003906
59.80385971069336 450.51629638671875
59.79032516479492 450.5264587402344
59.7758674621582 450.5352478027344
59.760623931884766 450.5425720214844
59.7447395324707 450.54840087890625
59.728363037109375 450.5526428222656
59.71165466308594 450.5552673339844
59.69660568237305 450.55615234375
59.70283508300781 450.556396484375
59.71348190307617 450.557861328125
59.72340774536133 450.56024169921875
59.72478103637695 450.56072998046875
59.72608947753906 450.56134033203125
59.72732925415039 450.56207275390625
59.72850799560547 450.56292724609375
59.72993850708008 450.564208984375
59.733497619628906 450.568115234375
59.739906311035156 450.57672119140625
59.7447624206543 450.5848083496094
59.743408203125 450.5819396972656
59.74332809448242 450.58172607421875
59.743621826171875 450.5828857421875
59.74448013305664 450.588623046875
59.744873046875 450.596435546875
59.74454879760742 450.60308837890625
59.744625091552734 450.6025695800781
59.74515151977539 450.6004943847656
59.74592590332031 450.59832763671875
59.746910095214844 450.59625244140625
59.74809646606445 450.59429931640625
59.74946975708008 450.59246826171875
59.75101852416992 450.5907897949219
59.75272750854492 450.5892639160156
59.75457763671875 450.5879211425781
59.756553649902344 450.5867614746094
59.75863265991211 450.5858154296875
59.760799407958984 450.5850830078125
59.76302719116211 450.5845642089844
59.765296936035156 450.5842590332031
59.76758575439453 450.5841979980469
59.76987075805664 450.5843505859375
59.77212905883789 450.584716796875
59.77433776855469 450.5853271484375
59.7764778137207 450.5861511230469
59.778526306152344 450.5871887207031
59.78046417236328 450.5884094238281
59.78226852416992 450.5898132324219
59.7839241027832 450.5914001464844
59.78541564941406 450.5931396484375
59.78672790527344 450.5950012207031
59.78784942626953 450.59698486328125
59.78876495361328 450.5990905761719
59.78947067260742 450.60125732421875
59.789955139160156 450.6034851074219
59.79022216796875 450.6058349609375
59.79027557373047 450.6093444824219
59.78938674926758 450.619873046875
59.78651428222656 450.6354064941406
59.78208541870117 450.6507568359375
59.776119232177734 450.6657409667969
59.768707275390625 450.6800842285156
59.75992202758789 450.6936340332031
59.75058364868164 450.705322265625
59.743560791015625 450.7125244140625
59.73063659667969 450.7234191894531
59.716705322265625 450.7330322265625
59.701904296875 450.7412414550781
59.68637466430664 450.7479553222656
59.670265197753906 450.75311279296875
59.65372848510742 450.7566833496094
59.637020111083984 450.75860595703125
59.636802673339844 450.75860595703125
59.647220611572266 450.75946044921875
59.657814025878906 450.7613830566406
59.65933609008789 450.7618103027344
59.66067886352539 450.7623291015625
59.661956787109375 450.76300048828125
59.66317367553711 450.7637939453125
59.664337158203125 450.7647399902344
59.666358947753906 450.7667236328125
59.67287063598633 450.7745056152344
59.67887496948242 450.7833251953125
59.67708969116211 450.7800598144531
59.676143646240234 450.77783203125
59.67607879638672 450.7776184082031
59.67697525024414 450.78192138671875
59.67771530151367 450.7888488769531
59.67778015136719 450.79632568359375
59.67745590209961 450.7999267578125
59.677696228027344 450.7986755371094
59.678348541259766 450.7964782714844
59.67921447753906 450.79437255859375
59.6802864074707 450.7923583984375
59.68155288696289 450.79046630859375
59.68300247192383 450.7886962890625
59.68461990356445 450.7870788574219
59.6863899230957 450.7856140136719
59.688297271728516 450.7843322753906
59.6903190612793 450.78326416015625
59.69243621826172 450.78240966796875
59.69462966918945 450.7817687988281
59.696876525878906 450.7813415527344
59.69915771484375 450.7811279296875
59.701446533203125 450.7811584472656
59.7037239074707 450.7814025878906
59.705963134765625 450.7818603515625
59.70814514160156 450.7825622558594
59.71024703979492 450.7834777832031
59.712249755859375 450.7845764160156
59.714134216308594 450.785888671875
59.715877532958984 450.7873840332031
59.71746826171875 450.7890319824219
59.71888732910156 450.79083251953125
59.72011947631836 450.7927551269531
59.721153259277344 450.7947998046875
59.721981048583984 450.79693603515625
59.72259521484375 450.79913330078125
59.72298812866211 450.8014221191406
59.72316360473633 450.8038330078125
59.7230224609375 450.8089904785156
59.721351623535156 450.8221740722656
59.717830657958984 450.8376159667969
59.712738037109375 450.85284423828125
59.70615005493164 450.8675842285156
59.69814682006836 450.881591796875
59.68880844116211 450.8947448730469
59.680538177490234 450.9042663574219
59.66922378540039 450.91497802734375
59.65584945678711 450.92535400390625
59.641536712646484 450.9343566894531
59.62641143798828 450.9419250488281
59.610618591308594 450.947998046875
59.59431076049805 450.9525146484375
59.57764434814453 450.9554138183594
59.56126022338867 450.9566345214844
59.56814193725586 450.956787109375
59.578765869140625 450.9580993652344
59.58904266357422 450.96038818359375
59.5904541015625 450.9608459472656
59.59177017211914 450.96142578125
59.593021392822266 450.9621276855469
59.59421157836914 450.9629821777344
59.595394134521484 450.9640197753906
59.59906768798828 450.9679260253906
59.60554122924805 450.9763488769531
59.61041259765625 450.9841613769531
59.609004974365234 450.9813232421875
59.60850143432617 450.97998046875
59.608829498291016 450.981201171875
59.60979080200195 450.98699951171875
59.610294342041016 450.99462890625
59.61008071899414 451.0011901855469
59.60983657836914 451.0030517578125
59.610294342041016 451.0010986328125
59.61103439331055 450.9989318847656
59.61198806762695 450.9968566894531
59.61314392089844 450.994873046875
59.61448669433594 450.9930114746094
59.61600875854492 450.9913024902344
59.61769104003906 450.98974609375
59.61952209472656 450.9883728027344
59.62147903442383 450.9871826171875
59.62354278564453 450.9862060546875
59.625694274902344 450.98541259765625
59.62791442871094 450.98486328125
59.63018035888672 450.9845275878906
59.63246536254883 450.9844055175781
59.63475036621094 450.9845275878906
59.63701248168945 450.98486328125
59.63923263549805 450.98541259765625
59.64138412475586 450.9862060546875
59.64344787597656 450.9871826171875
59.64540481567383 450.9883728027344
59.64723205566406 450.98974609375
59.6489143371582 450.9913024902344
59.65043640136719 450.9930114746094
59.65177917480469 450.994873046875
59.652931213378906 450.9968566894531
59.65388107299805 450.9989318847656
59.65462112426758 451.0010986328125
59.65514373779297 451.0033264160156
59.65544891357422 451.00567626953125
59.655540466308594 451.0085754394531
59.65478515625 451.0196533203125
59.65232467651367 451.0343017578125
59.648136138916016 451.04974365234375
59.64241027832031 451.0648193359375
59.635231018066406 451.0792541503906
59.62666702270508 451.0929260253906
59.616851806640625 451.10565185546875
59.61228942871094 451.1105041503906
59.599525451660156 451.1216125488281
59.58574295043945 451.1314392089844
59.57107162475586 451.1398620605469
59.5556526184082 451.1468200683594
59.53962707519531 451.1522521972656
59.52315139770508 451.1560974121094
59.50639724731445 451.1582946777344
59.495914459228516 451.15863037109375
59.50625991821289 451.1593017578125
59.51688003540039 451.1610412597656
59.518367767333984 451.16143798828125
59.51972961425781 451.1619567871094
59.52102279663086 451.16259765625
59.52224349975586 451.1633605957031
59.52341842651367 451.1642761230469
59.5247917175293 451.16558837890625
59.53139114379883 451.1732177734375
59.537574768066406 451.1819763183594
59.53572082519531 451.1787109375
59.53474044799805 451.176513671875
59.53468704223633 451.1763610839844
59.53532409667969 451.17919921875
59.53618621826172 451.1861572265625
59.536380767822266 451.1939697265625
59.53612518310547 451.1974182128906
59.53623580932617 451.19677734375
59.53684997558594 451.194580078125
59.537681579589844 451.19244384765625
59.538719177246094 451.1903991699219
59.539955139160156 451.1884765625
59.54137420654297 451.1866760253906
59.542964935302734 451.1850280761719
59.54471206665039 451.1835632324219
59.54659652709961 451.1822509765625
59.54860305786133 451.18115234375
59.55070877075195 451.18023681640625
59.55289077758789 451.1795349121094
59.55513000488281 451.1790771484375
59.55740737915039 451.1788330078125
59.559696197509766 451.1788024902344
59.56197738647461 451.17901611328125
59.56422424316406 451.179443359375
59.5664176940918 451.1800842285156
59.56853485107422 451.18096923828125
59.570556640625 451.1820373535156
59.57246017456055 451.1833190917969
59.5742301940918 451.1847839355469
59.57584762573242 451.1864013671875
59.577293395996094 451.18817138671875
59.578556060791016 451.1900939941406
59.57962417602539 451.1921081542969
59.58048629760742 451.1942138671875
59.58113479614258 451.1964111328125
59.58156204223633 451.19866943359375
59.58177185058594 451.2010498046875
59.581729888916016 451.2048645019531
59.58048629760742 451.2161560058594
59.577205657958984 451.231689453125
59.572357177734375 451.24700927734375
59.56600570678711 451.2618408203125
59.5582275390625 451.2759704589844
59.54909896850586 451.2892761230469
59.539634704589844 451.300537109375
59.530921936035156 451.3090515136719
59.51771545410156 451.31964111328125
59.503543853759766 451.3288879394531
59.48854064941406 451.3367004394531
59.47284698486328 451.343017578125
59.45661163330078 451.3477783203125
59.43999099731445 451.3509216308594
59.42327117919922 451.3524169921875
59.42485427856445 451.3524169921875
59.43547821044922 451.3535461425781
59.44601821899414 451.3557434082031
59.447410583496094 451.3561706542969
59.44873809814453 451.35675048828125
59.45000076293945 451.3574523925781
59.45118713378906 451.3582763671875
59.45232009887695 451.3592224121094
59.454254150390625 451.3612060546875
59.46085739135742 451.3695373535156
59.46643829345703 451.3782043457031
59.464717864990234 451.3748474121094
59.463829040527344 451.3725891113281
59.46378707885742 451.3724365234375
59.464599609375 451.37689208984375
59.46517562866211 451.3839111328125
59.465049743652344 451.3913269042969
59.46485137939453 451.3930358886719
59.465232849121094 451.39129638671875
59.465938568115234 451.3891296386719
59.46685791015625 451.38702392578125
59.467979431152344 451.3850402832031
59.469295501708984 451.3831787109375
59.47079086303711 451.3814392089844
59.472450256347656 451.3798522949219
59.47425842285156 451.3784484863281
59.4761962890625 451.3772277832031
59.47824478149414 451.376220703125
59.480384826660156 451.3753967285156
59.48259353637695 451.3747863769531
59.4848518371582 451.3744201660156
59.48713684082031 451.374267578125
59.48942565917969 451.3743591308594
59.491695404052734 451.3746643066406
59.49392318725586 451.37518310546875
59.49608612060547 451.37591552734375
59.498165130615234 451.3768615722656
59.50013732910156 451.3780212402344
59.50198745727539 451.3793640136719
59.503692626953125 451.3808898925781
59.5052375793457 451.382568359375
59.50661087036133 451.3843994140625
59.50779342651367 451.3863525390625
59.5087776184082 451.388427734375
59.509552001953125 451.3905944824219
59.510108947753906 451.392822265625
59.51045227050781 451.3951416015625
59.51057434082031 451.3977355957031
59.51012420654297 451.40631103515625
59.50786590576172 451.4211730957031
59.50391387939453 451.43670654296875
59.49842834472656 451.45184326171875
59.49147415161133 451.4664001464844
59.483123779296875 451.480224609375
59.47352600097656 451.4930725097656
59.4681510925293 451.49896240234375
59.455596923828125 451.51025390625
59.44196701049805 451.5202941894531
59.42742919921875 451.5289611816406
59.41211700439453 451.5361633300781
59.39617919921875 451.5418395996094
59.379764556884766 451.5459289550781
59.363037109375 451.54840087890625
59.34762191772461 451.5491638183594
59.356380462646484 451.5495910644531
59.36701583862305 451.5511779785156
59.3769416809082 451.5536804199219
59.378299713134766 451.5541687011719
59.379600524902344 451.5547790527344
59.38083267211914 451.5555114746094
59.38198471069336 451.5563659667969
59.38316345214844 451.55743408203125
59.38669967651367 451.5614013671875
59.39302062988281 451.570068359375
59.39750671386719 451.57769775390625
59.39616394042969 451.5747985839844
59.39570617675781 451.573486328125
59.396026611328125 451.5748291015625
59.396663665771484 451.5793762207031
59.396976470947266 451.5870666503906
59.3966064453125 451.5934753417969
59.39656448364258 451.59375
59.39713668823242 451.591552734375
59.39793395996094 451.58941650390625
59.3989372253418 451.5873718261719
59.400142669677734 451.5854187011719
59.40153503417969 451.5835876464844
59.403099060058594 451.5819091796875
59.404823303222656 451.5804138183594
59.40668869018555 451.5790710449219
59.40867614746094 451.57794189453125
59.4107666015625 451.5769958496094
59.41293716430664 451.5762634277344
59.41516876220703 451.57574462890625
59.417442321777344 451.5754699707031
59.41973114013672 451.5754089355469
59.42201232910156 451.5755920410156
59.42426681518555 451.57598876953125
59.42647171020508 451.57659912109375
59.42860412597656 451.5774230957031
59.430641174316406 451.5784606933594
59.43256759643555 451.5797119140625
59.43436050415039 451.5811462402344
59.436004638671875 451.5827331542969
59.43748092651367 451.58447265625
59.438777923583984 451.58636474609375
59.43988037109375 451.58837890625
59.44077682495117 451.5904846191406
59.44145965576172 451.5926818847656
59.441925048828125 451.59490966796875
59.442176818847656 451.5972900390625
59.44219207763672 451.600341796875
59.44108581542969 451.6121520996094
59.43810272216797 451.6275329589844
59.43352127075195 451.64288330078125
59.42741775512695 451.6578063964844
59.41987609863281 451.6720886230469
59.41096878051758 451.685546875
59.402034759521484 451.696533203125
59.39659881591797 451.7020263671875
59.38355255126953 451.71282958984375
59.369529724121094 451.7222900390625
59.354652404785156 451.7303466796875
59.33906173706055 451.7369079589844
59.322906494140625 451.7419128417969
59.306339263916016 451.7453308105469
59.28955078125 451.7471008300781
59.28621292114258 451.74713134765625
59.296756744384766 451.7480773925781
59.30733108520508 451.7500915527344
59.308746337890625 451.7505187988281
59.310081481933594 451.7510681152344
59.31135559082031 451.7517395019531
59.31255340576172 451.7525329589844
59.31367874145508 451.7534484863281
59.31574630737305 451.7555236816406
59.32216262817383 451.7633361816406
59.328060150146484 451.77215576171875
59.326271057128906 451.768798828125
59.325347900390625 451.7665710449219
59.3253173828125 451.7664794921875
59.32590866088867 451.7694396972656
59.326499938964844 451.77545166015625
59.32649612426758 451.7828063964844
59.326175689697266 451.7860412597656
59.326454162597656 451.78466796875
59.327125549316406 451.782470703125
59.32801055908203 451.7803649902344
59.3291015625 451.7783508300781
59.330387115478516 451.7764587402344
59.331851959228516 451.7746887207031
59.3334846496582 451.7730712890625
59.335269927978516 451.7716369628906
59.337188720703125 451.7703857421875
59.3392219543457 451.7693176269531
59.341346740722656 451.7684631347656
59.34354782104492 451.767822265625
59.34579849243164 451.7674255371094
59.348079681396484 451.7672424316406
59.35036849975586 451.76727294921875
59.35264205932617 451.7675476074219
59.35487747192383 451.7680358886719
59.357051849365234 451.76873779296875
59.35914611816406 451.7696533203125
59.36113739013672 451.7707824707031
59.36301040649414 451.7720947265625
59.364742279052734 451.7735900878906
59.36631774902344 451.7752380371094
59.36771774291992 451.77703857421875
59.368934631347656 451.77899169921875
59.36995315551758 451.7810363769531
59.37076187133789 451.7831726074219
59.37135314941406 451.7853698730469
59.37172317504883 451.7876281738281
59.37187957763672 451.79010009765625
59.37165451049805 451.7962951660156
59.36975860595703 451.8102722167969
59.3660774230957 451.8257751464844
59.360843658447266 451.84100341796875
59.3541259765625 451.8556823730469
59.34600067138672 451.86962890625
59.336544036865234 451.8827209472656
59.329193115234375 451.8910217285156
59.31679916381836 451.90252685546875
59.3033332824707 451.91278076171875
59.2889404296875 451.9216613769531
59.27375030517578 451.9291076660156
59.25790786743164 451.9350280761719
59.24156188964844 451.93939208984375
59.22486877441406 451.942138671875
59.20875549316406 451.9432067871094
59.21554946899414 451.94342041015625
59.22618865966797 451.94482421875
59.23548126220703 451.9469909667969
59.23686218261719 451.94744873046875
59.23817443847656 451.94805908203125
59.239418029785156 451.94879150390625
59.2405891418457 451.94964599609375
59.24177551269531 451.9507141113281
59.24534606933594 451.95458984375
59.25175094604492 451.96307373046875
59.25621032714844 451.9703674316406
59.25481414794922 451.96746826171875
59.25434112548828 451.9661865234375
59.25469970703125 451.96759033203125
59.25542449951172 451.97222900390625
59.25586700439453 451.9799499511719
59.25560760498047 451.98626708984375
59.25539779663086 451.9877624511719
59.25588607788086 451.98577880859375
59.25664520263672 451.9836120605469
59.25761795043945 451.9815368652344
59.2587890625 451.9795837402344
59.26015090942383 451.9777526855469
59.261688232421875 451.9760437011719
59.26338577270508 451.9745178222656
59.265228271484375 451.97314453125
59.26719665527344 451.97198486328125
59.26927185058594 451.97100830078125
59.27143096923828 451.9702453613281
59.27365493774414 451.9696960449219
59.27592086791992 451.9693908691406
59.2782096862793 451.96929931640625
59.280494689941406 451.96942138671875
59.28275680541992 451.96978759765625
59.284969329833984 451.9703674316406
59.287113189697266 451.9711608886719
59.28916931152344 451.97216796875
59.291114807128906 451.973388671875
59.292930603027344 451.97479248046875
59.29459762573242 451.9763488769531
59.29610061645508 451.97808837890625
59.297428131103516 451.9799499511719
59.298561096191406 451.98193359375
59.29949188232422 451.9840393066406
59.30021286010742 451.9862060546875
59.30071258544922 451.9884338378906
59.30099868774414 451.99078369140625
59.30106735229492 451.99395751953125
59.30033874511719 452.0033874511719
59.29759216308594 452.01885986328125
59.29325485229492 452.0343017578125
59.28739547729492 452.04931640625
59.280086517333984 452.0636901855469
59.27139663696289 452.0773010253906
59.26179504394531 452.0895080566406
59.25572967529297 452.0958251953125
59.24287033081055 452.1068420410156
59.22900390625 452.1165466308594
59.21426010131836 452.1248474121094
59.19878005981445 452.1316833496094
59.182708740234375 452.136962890625
59.16619873046875 452.1406555175781
59.149417877197266 452.1427307128906
59.13803482055664 452.14300537109375
59.14815139770508 452.14373779296875
59.15876007080078 452.14556884765625
59.16057205200195 452.14605712890625
59.16191864013672 452.1465759277344
59.163204193115234 452.147216796875
59.1644172668457 452.1479797363281
59.165557861328125 452.1488952636719
59.16687774658203 452.1501770019531
59.173423767089844 452.15789794921875
59.17952346801758 452.1667175292969
59.17745590209961 452.1629943847656
59.17617416381836 452.1600341796875
59.175758361816406 452.1587219238281
59.176414489746094 452.1617431640625
59.1771125793457 452.1678161621094
59.17723846435547 452.17559814453125
59.17698287963867 452.1786804199219
59.1771354675293 452.1778564453125
59.17776870727539 452.1756591796875
59.178619384765625 452.17352294921875
59.1796760559082 452.1714782714844
59.18092727661133 452.1695556640625
59.18236541748047 452.16778564453125
59.1839714050293 452.1661682128906
59.18572998046875 452.1647033691406
59.187625885009766 452.1634216308594
59.189640045166016 452.1623229980469
59.19175338745117 452.16143798828125
59.19394302368164 452.1607666015625
59.19618606567383 452.1603088378906
59.198463439941406 452.16009521484375
59.20075225830078 452.16009521484375
59.20302963256836 452.16033935546875
59.20527267456055 452.1607971191406
59.20745849609375 452.1614685058594
59.20956802368164 452.162353515625
59.211578369140625 452.1634521484375
59.213470458984375 452.16473388671875
59.21522521972656 452.16619873046875
59.216827392578125 452.1678466796875
59.218257904052734 452.1696472167969
59.219505310058594 452.17156982421875
59.220558166503906 452.1736145019531
59.22140121459961 452.1757507324219
59.22203063964844 452.1779479980469
59.22243881225586 452.1802062988281
59.22263717651367 452.18267822265625
59.22254943847656 452.1871032714844
59.2210693359375 452.1995544433594
59.217681884765625 452.2149353027344
59.21269607543945 452.2302551269531
59.20621871948242 452.2450256347656
59.19832229614258 452.25909423828125
59.18907928466797 452.2723388671875
59.18213653564453 452.28045654296875
59.171451568603516 452.29071044921875
59.158145904541016 452.3011779785156
59.143898010253906 452.310302734375
59.12882995605469 452.3179931640625
59.11308288574219 452.3241882324219
59.09680938720703 452.32879638671875
59.080162048339844 452.3318176269531
59.063724517822266 452.3331604003906
59.067787170410156 452.3332214355469
59.07835388183594 452.3344421386719
59.08887481689453 452.33673095703125
59.09025192260742 452.3371887207031
59.09157180786133 452.3377685546875
59.09282684326172 452.3384704589844
59.0940055847168 452.33929443359375
59.095123291015625 452.3402404785156
59.09708023071289 452.34228515625
59.103370666503906 452.350341796875
59.10871124267578 452.3587951660156
59.10698699951172 452.3553771972656
59.10612106323242 452.3531188964844
59.10611343383789 452.35308837890625
59.10692596435547 452.3577880859375
59.10744857788086 452.3649597167969
59.107261657714844 452.3722229003906
59.10688781738281 452.3752136230469
59.1072998046875 452.3734130859375
59.10802459716797 452.3712463378906
59.10896301269531 452.3691711425781
59.110103607177734 452.3671875
59.11143493652344 452.3653259277344
59.112945556640625 452.3636169433594
59.11461639404297 452.362060546875
59.11643600463867 452.36065673828125
59.118385314941406 452.3594665527344
59.12044143676758 452.35845947265625
59.122589111328125 452.357666015625
59.12480545043945 452.3570861816406
59.12706756591797 452.3567199707031
59.12935256958008 452.3565979003906
59.13164138793945 452.356689453125
59.133907318115234 452.3570251464844
59.136131286621094 452.3575744628906
59.13829040527344 452.35833740234375
59.14036178588867 452.35931396484375
59.14232635498047 452.3605041503906
59.1441650390625 452.36187744140625
59.14585876464844 452.3634033203125
59.14739227294922 452.3651123046875
59.148746490478516 452.366943359375
59.1499137878418 452.3689270019531
59.15087890625 452.3710021972656
59.151634216308594 452.3731689453125
59.15217208862305 452.3753967285156
59.152496337890625 452.37774658203125
59.15262222290039 452.38104248046875
59.15201187133789 452.39105224609375
59.14971160888672 452.40533447265625
59.1456413269043 452.4207763671875
59.14002227783203 452.4358825683594
59.13294219970703 452.45037841796875
59.124473571777344 452.464111328125
59.11479949951172 452.4768371582031
59.1084098815918 452.48370361328125
59.0957145690918 452.49493408203125
59.08200454711914 452.5048522949219
59.06739807128906 452.5133972167969
59.05202865600586 452.5204772949219
59.03604507446289 452.5260009765625
59.019596099853516 452.52996826171875
59.00285339355469 452.53228759765625
58.99306869506836 452.5326843261719
59.002559661865234 452.5332336425781
59.013187408447266 452.534912109375
59.02179718017578 452.5371398925781
59.02315139770508 452.5376281738281
59.02444839477539 452.53826904296875
59.025672912597656 452.5390319824219
59.026817321777344 452.5399169921875
59.0279655456543 452.5409851074219
59.031494140625 452.5450134277344
59.03773880004883 452.5537414550781
59.03640365600586 452.5514221191406
59.03506851196289 452.5484924316406
59.03464126586914 452.5472412109375
59.03498840332031 452.5487365722656
59.035614013671875 452.5534973144531
59.03586196899414 452.5612487792969
59.035552978515625 452.5658874511719
59.03554916381836 452.5658874511719
59.0361442565918 452.5636901855469
59.03696060180664 452.5615539550781
59.03798294067383 452.55950927734375
59.03920364379883 452.5575866699219
59.040611267089844 452.5557861328125
59.04219055175781 452.55413818359375
59.04392623901367 452.5526428222656
59.04580307006836 452.55133056640625
59.04779815673828 452.5502014160156
59.049896240234375 452.5492858886719
59.05207443237305 452.548583984375
59.0543098449707 452.548095703125
59.056583404541016 452.5478210449219
59.05887222290039 452.54779052734375
59.061153411865234 452.5479736328125
59.06340408325195 452.54840087890625
59.06560134887695 452.5490417480469
59.067726135253906 452.5498962402344
59.06975555419922 452.55096435546875
59.07167053222656 452.5522155761719
59.07345199584961 452.55364990234375
59.07508087158203 452.5552673339844
59.076541900634766 452.5570373535156
59.07781982421875 452.5589294433594
59.07890319824219 452.5609436035156
59.07978057861328 452.56304931640625
59.0804443359375 452.56524658203125
59.08089065551758 452.5675048828125
59.081119537353516 452.5698547363281
59.08110427856445 452.5745849609375
59.07978820800781 452.58746337890625
59.07664489746094 452.60296630859375
59.07191848754883 452.6183166503906
59.0656852722168 452.6332092285156
59.05801773071289 452.64739990234375
59.04899597167969 452.6607971191406
59.0391845703125 452.67266845703125
59.028114318847656 452.68365478515625
59.01498794555664 452.6943664550781
59.00089645385742 452.7037353515625
58.985958099365234 452.711669921875
58.97031784057617 452.7181091308594
58.954124450683594 452.7229919433594
58.937530517578125 452.7262878417969
58.920753479003906 452.7279357910156
58.915618896484375 452.7279357910156
58.92622756958008 452.7289733886719
58.9367790222168 452.7310791015625
58.93817138671875 452.73150634765625
58.93950653076172 452.7320556640625
58.94077682495117 452.73272705078125
58.94196701049805 452.7335205078125
58.94308090209961 452.73443603515625
58.945030212402344 452.7364196777344
58.95139694213867 452.7442932128906
58.95718765258789 452.75311279296875
58.95518493652344 452.7492980957031
58.954280853271484 452.7470703125
58.95428466796875 452.7470703125
58.954891204833984 452.750244140625
58.9554557800293 452.7564697265625
58.95539855957031 452.763671875
58.95509338378906 452.7665100097656
58.955406188964844 452.7650146484375
58.956092834472656 452.7628173828125
58.956993103027344 452.7607116699219
58.958099365234375 452.7586975097656
58.95939636230469 452.7568054199219
58.96087646484375 452.75506591796875
58.962520599365234 452.75347900390625
58.964317321777344 452.7520446777344
58.966243743896484 452.75079345703125
58.968284606933594 452.749755859375
58.97041702270508 452.7489318847656
58.97262191772461 452.7483215332031
58.974876403808594 452.7479248046875
58.97715759277344 452.74774169921875
58.97944641113281 452.747802734375
58.98171615600586 452.7480773925781
58.98394775390625 452.74859619140625
58.98611831665039 452.74932861328125
58.98820495605469 452.7502746582031
58.99018859863281 452.75140380859375
58.99205017089844 452.75274658203125
58.993770599365234 452.7542724609375
58.995330810546875 452.7559509277344
58.99671936035156 452.7577819824219
58.997920989990234 452.7597351074219
58.998924255371094 452.76177978515625
58.999717712402344 452.763916015625
59.00029373168945 452.7661437988281
59.00065612792969 452.7684631347656
59.000797271728516 452.7709655761719
59.00047302246094 452.7784118652344
58.998390197753906 452.79296875
58.99457931518555 452.8085021972656
58.989227294921875 452.8236999511719
58.982398986816406 452.83831787109375
58.97416687011719 452.8522033691406
58.96464920043945 452.86517333984375
58.95791244506836 452.8726806640625
58.945438385009766 452.88409423828125
58.93190002441406 452.8942565917969
58.91743850708008 452.9030456542969
58.902191162109375 452.9103698730469
58.88630294799805 452.9161682128906
58.86992645263672 452.92041015625
58.85322189331055 452.92303466796875
58.83760452270508 452.9239501953125
58.84476852416992 452.9242248535156
58.855411529541016 452.92572021484375
58.862239837646484 452.9273681640625
58.86360168457031 452.9278564453125
58.864906311035156 452.928466796875
58.86614227294922 452.92919921875
58.86730194091797 452.9300537109375
58.86845779418945 452.93109130859375
58.87192153930664 452.9349060058594
58.878265380859375 452.9434509277344
58.88222122192383 452.9500427246094
58.88083267211914 452.9471130371094
58.88039016723633 452.94586181640625
58.88077926635742 452.9474182128906
58.881500244140625 452.9522705078125
58.88188171386719 452.9600524902344
58.88158416748047 452.9660949707031
58.88140869140625 452.9672546386719
58.88192367553711 452.9652099609375
58.8827018737793 452.9630432128906
58.883689880371094 452.9609680175781
58.8848762512207 452.9590148925781
58.886253356933594 452.9571838378906
58.88780212402344 452.95550537109375
58.88951110839844 452.9539794921875
58.89136505126953 452.95263671875
58.893341064453125 452.95147705078125
58.895423889160156 452.9505310058594
58.89759063720703 452.9497985839844
58.899818420410156 452.94927978515625
58.9020881652832 452.948974609375
58.90437698364258 452.94891357421875
58.90666198730469 452.9490661621094
58.90892028808594 452.9494323730469
58.911128997802734 452.9500427246094
58.91326904296875 452.95086669921875
58.91531753540039 452.951904296875
58.91725158691406 452.953125
58.9190559387207 452.95452880859375
58.920711517333984 452.95611572265625
58.922203063964844 452.9578552246094
58.92351531982422 452.959716796875
58.92463302612305 452.9617004394531
58.9255485534668 452.96380615234375
58.92625045776367 452.9659729003906
58.926734924316406 452.96820068359375
58.927001953125 452.9705505371094
58.92705154418945 452.9740905761719
58.92613220214844 452.9848937988281
58.923240661621094 453.00048828125
58.91877365112305 453.01593017578125
58.91279602050781 453.0309143066406
58.905372619628906 453.0452575683594
58.89657974243164 453.0588073730469
58.88703918457031 453.07073974609375
58.878501892089844 453.0794982910156
58.86553955078125 453.0904235839844
58.85160446166992 453.1000061035156
58.83679962158203 453.1081848144531
58.821266174316406 453.1148986816406
58.80515670776367 453.12005615234375
58.78861999511719 453.1236267089844
58.77188491821289 453.12554931640625
58.768314361572266 453.1256103515625
58.77867126464844 453.12646484375
58.78926467895508 453.1283874511719
58.79066848754883 453.1287841796875
58.79200744628906 453.1293029785156
58.79328918457031 453.1299743652344
58.79449462890625 453.1307678222656
58.795623779296875 453.1316833496094
58.79690170288086 453.1329345703125
58.80237579345703 453.1394958496094
58.808284759521484 453.148193359375
58.80665588378906 453.14520263671875
58.80538558959961 453.1422119140625
58.804996490478516 453.1409606933594
58.80567169189453 453.1441955566406
58.80634307861328 453.1504821777344
58.80640411376953 453.158203125
58.80600357055664 453.1626281738281
58.80630111694336 453.1611022949219
58.806949615478516 453.1589050292969
58.80781555175781 453.15679931640625
58.80888748168945 453.15478515625
58.81015396118164 453.15289306640625
58.81160354614258 453.151123046875
58.8132209777832 453.1495056152344
58.81499099731445 453.1480407714844
58.816898345947266 453.1467590332031
58.81892013549805 453.14569091796875
58.821041107177734 453.14483642578125
58.82323455810547 453.1441955566406
58.82548141479492 453.1437683105469
58.827762603759766 453.1435546875
58.83005142211914 453.1435852050781
58.83232879638672 453.1438293457031
58.83456802368164 453.144287109375
58.83675003051758 453.1449890136719
58.83885192871094 453.1459045410156
58.84085464477539 453.1470031738281
58.84273910522461 453.1483154296875
58.844482421875 453.1498107910156
58.8460693359375 453.1514587402344
58.84748840332031 453.15325927734375
58.84872055053711 453.1551818847656
58.849754333496094 453.1572265625
58.850582122802734 453.15936279296875
58.851192474365234 453.16156005859375
58.851585388183594 453.1638488769531
58.851768493652344 453.1663818359375
58.85162353515625 453.1716613769531
58.84975051879883 453.1864318847656
58.846187591552734 453.2020568847656
58.84107971191406 453.21734619140625
58.83448791503906 453.2320861816406
58.826480865478516 453.24609375
58.817138671875 453.2592468261719
58.81074142456055 453.2666015625
58.79882049560547 453.2778625488281
58.78544616699219 453.2882385253906
58.7711296081543 453.2972412109375
58.75600051879883 453.3048095703125
58.74020767211914 453.3108825683594
58.723899841308594 453.31536865234375
58.70723342895508 453.3182678222656
58.6906852722168 453.3194885253906
58.696800231933594 453.31964111328125
58.70743942260742 453.3209533691406
58.71784591674805 453.32330322265625
58.7192268371582 453.3237609863281
58.720542907714844 453.3243408203125
58.72179412841797 453.3250427246094
58.722965240478516 453.32586669921875
58.72407150268555 453.32684326171875
58.725929260253906 453.3288269042969
58.73218536376953 453.33697509765625
58.737274169921875 453.34515380859375
58.73554992675781 453.3416748046875
58.73470687866211 453.3394470214844
58.7347297668457 453.33953857421875
58.73554229736328 453.3444519042969
58.736019134521484 453.3517761230469
58.73578643798828 453.3588562011719
58.73543930053711 453.3614807128906
58.735877990722656 453.359619140625
58.73662185668945 453.3574523925781
58.73757553100586 453.3553771972656
58.738731384277344 453.3533935546875
58.74007797241211 453.3515319824219
58.741600036621094 453.3498229980469
58.7432861328125 453.3482666015625
58.7451171875 453.3468933105469
58.747074127197266 453.345703125
58.74913787841797 453.3447265625
58.75128936767578 453.3439636230469
58.753509521484375 453.3434143066406
58.755775451660156 453.34307861328125
58.758060455322266 453.34295654296875
58.760345458984375 453.34307861328125
58.76260757446289 453.3434143066406
58.764827728271484 453.343994140625
58.7669792175293 453.34478759765625
58.76904296875 453.34576416015625
58.770999908447266 453.3469543457031
58.7728271484375 453.34832763671875
58.77450942993164 453.3498840332031
58.77602767944336 453.3515930175781
58.77737045288086 453.35345458984375
58.77852249145508 453.3554382324219
58.77947235107422 453.3575134277344
58.78021240234375 453.35968017578125
58.780731201171875 453.3619079589844
58.781036376953125 453.3642578125
58.781124114990234 453.3671875
58.78034591674805 453.3785400390625
58.77775192260742 453.3939208984375
58.77355194091797 453.4093933105469
58.767818450927734 453.4244689941406
58.7606315612793 453.4389343261719
58.75205993652344 453.4526062011719
58.742340087890625 453.4651794433594
58.73662567138672 453.47125244140625
58.723838806152344 453.4823913574219
58.71005630493164 453.4922180175781
58.69538497924805 453.5006408691406
58.679962158203125 453.5075988769531
58.663936614990234 453.5130310058594
58.647457122802734 453.5168762207031
58.63069534301758 453.5190734863281
58.61774826049805 453.5195007324219
58.62771987915039 453.5201416015625
58.638343811035156 453.5218811035156
58.64403533935547 453.5234069824219
58.6453857421875 453.52392578125
58.64667892456055 453.5245666503906
58.64789962768555 453.52532958984375
58.6490364074707 453.5262145996094
58.6501579284668 453.52728271484375
58.655765533447266 453.5337829589844
58.661949157714844 453.54254150390625
58.660057067871094 453.5392150878906
58.65873336791992 453.5362243652344
58.65833282470703 453.5350036621094
58.65871047973633 453.53668212890625
58.659332275390625 453.54168701171875
58.65952682495117 453.54949951171875
58.659210205078125 453.55377197265625
58.65924835205078 453.5535583496094
58.65986251831055 453.5513610839844
58.66069412231445 453.5492248535156
58.6617317199707 453.54718017578125
58.662967681884766 453.5452575683594
58.66438674926758 453.54345703125
58.665977478027344 453.54180908203125
58.667724609375 453.5403137207031
58.66960906982422 453.53900146484375
58.67161178588867 453.53790283203125
58.6737174987793 453.5369873046875
58.675899505615234 453.5362854003906
58.678138732910156 453.53582763671875
58.680416107177734 453.53558349609375
58.68270492553711 453.5355529785156
58.68498611450195 453.5357666015625
58.687232971191406 453.53619384765625
58.68942642211914 453.5368347167969
58.69154357910156 453.5376892089844
58.693565368652344 453.53875732421875
58.69546890258789 453.5400390625
58.69723892211914 453.54150390625
58.698856353759766 453.5431213378906
58.7003059387207 453.5448913574219
58.70157241821289 453.54681396484375
58.702640533447266 453.548828125
58.7035026550293 453.5509338378906
58.70415115356445 453.5531311035156
58.7045783996582 453.5553894042969
58.704795837402344 453.5578308105469
58.70475769042969 453.56170654296875
58.703250885009766 453.5754699707031
58.699974060058594 453.5910339355469
58.695133209228516 453.60638427734375
58.68879318237305 453.6212158203125
58.681026458740234 453.6353759765625
58.67190933227539 453.6487121582031
58.663753509521484 453.6584167480469
58.653587341308594 453.6683654785156
58.640384674072266 453.678955078125
58.626220703125 453.6882019042969
58.61122512817383 453.696044921875
58.59553909301758 453.7023620605469
58.579307556152344 453.7071228027344
58.56269073486328 453.7102966308594
58.546024322509766 453.7118225097656
58.54475021362305 453.7118225097656
58.555397033691406 453.71295166015625
58.56590270996094 453.7151184082031
58.567283630371094 453.7155456542969
58.5686149597168 453.71612548828125
58.569881439208984 453.7168273925781
58.571067810058594 453.7176513671875
58.572174072265625 453.7185974121094
58.57340621948242 453.7198791503906
58.579734802246094 453.72784423828125
58.58539962768555 453.7366027832031
58.58338928222656 453.7326965332031
58.582183837890625 453.72967529296875
58.58183670043945 453.72845458984375
58.58245849609375 453.7318420410156
58.58298873901367 453.7382507324219
58.58287811279297 453.7452697753906
58.58259201049805 453.74774169921875
58.58293533325195 453.74615478515625
58.583641052246094 453.7439880371094
58.584556579589844 453.74188232421875
58.58567810058594 453.7398986816406
58.58699035644531 453.738037109375
58.58848190307617 453.7362976074219
58.59013748168945 453.7347106933594
58.591941833496094 453.7333068847656
58.59387969970703 453.7320861816406
58.59592819213867 453.7310485839844
58.59806823730469 453.730224609375
58.600276947021484 453.7296142578125
58.602535247802734 453.729248046875
58.604820251464844 453.7290954589844
58.60710906982422 453.7291564941406
58.609378814697266 453.7294616699219
58.61160659790039 453.72998046875
58.613773345947266 453.730712890625
58.61585235595703 453.7316589355469
58.617828369140625 453.7328186035156
58.61967849731445 453.7341613769531
58.62138748168945 453.7356872558594
58.6229362487793 453.73736572265625
58.62430953979492 453.73919677734375
58.62549591064453 453.74114990234375
58.62648010253906 453.74322509765625
58.627254486083984 453.7453918457031
58.627811431884766 453.74761962890625
58.62815856933594 453.74993896484375
58.62830352783203 453.7529602050781
58.62784957885742 453.7618103027344
58.62559127807617 453.7767639160156
58.62165451049805 453.7923278808594
58.61618423461914 453.8074951171875
58.60924530029297 453.8220520019531
58.60091018676758 453.83587646484375
58.59130859375 453.8487548828125
58.58507537841797 453.8555908203125
58.572444915771484 453.8669738769531
58.55883026123047 453.87701416015625
58.54430389404297 453.88568115234375
58.52900314331055 453.8929138183594
58.5130729675293 453.89862060546875
58.49666213989258 453.9027404785156
58.47993469238281 453.9052429199219
58.465423583984375 453.9059753417969
58.473793029785156 453.9063720703125
58.48442459106445 453.9079284667969
58.49298858642578 453.9100646972656
58.49435043334961 453.9105529785156
58.49565887451172 453.9111633300781
58.49689483642578 453.9118957519531
58.498046875 453.9127502441406
58.49912643432617 453.9137268066406
58.500877380371094 453.9156799316406
58.507205963134766 453.9243469238281
58.51027297973633 453.9295349121094
58.50889587402344 453.92657470703125
58.508487701416016 453.9254150390625
58.5089111328125 453.9271545410156
58.50962448120117 453.9322204589844
58.50994873046875 453.9400329589844
58.509552001953125 453.9469909667969
58.50960159301758 453.9466552734375
58.51013946533203 453.944580078125
58.51093292236328 453.94244384765625
58.51193618774414 453.9403991699219
58.51313781738281 453.9384460449219
58.5145263671875 453.9366149902344
58.516090393066406 453.9349365234375
58.5178108215332 453.9334411621094
58.51967239379883 453.9320983886719
58.52165603637695 453.93096923828125
58.52374267578125 453.9300231933594
58.52591323852539 453.9292907714844
58.52814483642578 453.92877197265625
58.530418395996094 453.9284973144531
58.53270721435547 453.9284362792969
58.53498840332031 453.9286193847656
58.5372428894043 453.92901611328125
58.53944778442383 453.92962646484375
58.54158020019531 453.9304504394531
58.54362106323242 453.9314880371094
58.54554748535156 453.9327392578125
58.547340393066406 453.9341735839844
58.54898452758789 453.9357604980469
58.55046081542969 453.9375
58.5517578125 453.93939208984375
58.552860260009766 453.94140625
58.55376052856445 453.9435119628906
58.554447174072266 453.9457092285156
58.55491256713867 453.94793701171875
58.5551643371582 453.9503173828125
58.55519104003906 453.95440673828125
58.554073333740234 453.9664611816406
58.55105209350586 453.98211669921875
58.54646682739258 453.99755859375
58.54037857055664 454.01251220703125
58.5328483581543 454.02679443359375
58.523956298828125 454.040283203125
58.51454544067383 454.0518798828125
58.50379943847656 454.062744140625
58.490760803222656 454.0735778808594
58.47675704956055 454.08306884765625
58.46189498901367 454.0911560058594
58.44631576538086 454.0977478027344
58.43016815185547 454.102783203125
58.41360855102539 454.1062316894531
58.39684295654297 454.1080627441406
58.40114212036133 454.1080322265625
58.41172790527344 454.1089782714844
58.422306060791016 454.1109924316406
58.42369079589844 454.11138916015625
58.42502975463867 454.1119384765625
58.426307678222656 454.11260986328125
58.42750930786133 454.1134033203125
58.42862319946289 454.11431884765625
58.42987060546875 454.1155700683594
58.43535614013672 454.1222229003906
58.4412841796875 454.1310729980469
58.439205169677734 454.127197265625
58.437950134277344 454.1241760253906
58.43759536743164 454.1230163574219
58.43795394897461 454.12481689453125
58.4384651184082 454.1299743652344
58.43846893310547 454.13763427734375
58.438072204589844 454.1416931152344
58.43830108642578 454.14056396484375
58.438968658447266 454.13836669921875
58.439849853515625 454.1362609863281
58.44093704223633 454.1342468261719
58.44221878051758 454.1323547363281
58.44368362426758 454.1305847167969
58.4453125 454.12896728515625
58.44709396362305 454.1275329589844
58.44900894165039 454.12628173828125
58.4510383605957 454.1252136230469
58.453163146972656 454.1243591308594
58.45536422729492 454.12371826171875
58.45761489868164 454.123291015625
58.459896087646484 454.12310791015625
58.46218490600586 454.1231384277344
58.46445846557617 454.1234130859375
58.46669387817383 454.1239013671875
58.4688720703125 454.1246032714844
58.47096633911133 454.1255187988281
58.47296142578125 454.12664794921875
58.47483444213867 454.1279602050781
58.476566314697266 454.12945556640625
58.47814178466797 454.131103515625
58.47954559326172 454.1329040527344
58.48076248168945 454.1348571777344
58.481781005859375 454.13690185546875
58.48259353637695 454.1390380859375
58.48318862915039 454.1412353515625
58.48357391357422 454.1435546875
58.48374557495117 454.1462097167969
58.483421325683594 454.1556396484375
58.48139572143555 454.1707763671875
58.47771453857422 454.1864013671875
58.472496032714844 454.20166015625
58.46580123901367 454.2163391113281
58.457698822021484 454.2303161621094
58.44832229614258 454.24334716796875
58.44213104248047 454.2503662109375
58.4296875 454.261962890625
58.41624450683594 454.2722473144531
58.4018669128418 454.2811584472656
58.386688232421875 454.28863525390625
58.370853424072266 454.2945861816406
58.354515075683594 454.2989807128906
58.337833404541016 454.3017578125
58.32121658325195 454.3028869628906
58.327754974365234 454.3031005859375
58.33840560913086 454.3044738769531
58.348506927490234 454.30682373046875
58.34987258911133 454.3072814941406
58.35118865966797 454.3078918457031
58.35243606567383 454.3086242675781
58.353599548339844 454.3094787597656
58.354679107666016 454.3104248046875
58.356468200683594 454.3123474121094
58.362701416015625 454.3205871582031
58.367469787597656 454.328369140625
58.36574935913086 454.3248291015625
58.364933013916016 454.3226013183594
58.364990234375 454.32281494140625
58.36555099487305 454.32635498046875
58.36593246459961 454.3328857421875
58.365657806396484 454.33978271484375
58.3653450012207 454.342041015625
58.36581039428711 454.3401184082031
58.36656951904297 454.33795166015625
58.36753845214844 454.33587646484375
58.36870574951172 454.3338928222656
58.37006378173828 454.3320617675781
58.37159729003906 454.3303527832031
58.373291015625 454.3288269042969
58.37512969970703 454.32745361328125
58.37709426879883 454.3262939453125
58.37916564941406 454.3253173828125
58.381324768066406 454.3245544433594
58.383548736572266 454.3240051269531
58.38581466674805 454.32366943359375
58.38810348510742 454.3235778808594
58.39038848876953 454.3236999511719
58.39265060424805 454.3240661621094
58.394866943359375 454.32464599609375
58.39701461791992 454.325439453125
58.399070739746094 454.3264465332031
58.40101623535156 454.32763671875
58.402835845947266 454.32904052734375
58.40450668334961 454.3305969238281
58.40601348876953 454.3323059082031
58.40734100341797 454.33416748046875
58.408477783203125 454.3361511230469
58.4094123840332 454.3382263183594
58.41013717651367 454.34039306640625
58.410640716552734 454.3426208496094
58.41093063354492 454.344970703125
58.411006927490234 454.3481750488281
58.4099235534668 454.3625183105469
58.40719985961914 454.3780517578125
58.40287780761719 454.3935546875
58.39704513549805 454.4085998535156
58.38976287841797 454.4230041503906
58.381099700927734 454.4366149902344
58.37136459350586 454.44903564453125
58.36366271972656 454.45709228515625
58.35082244873047 454.4681396484375
58.336978912353516 454.4778747558594
58.3222541809082 454.4862060546875
58.30678939819336 454.4930725097656
58.29072952270508 454.4983825683594
58.274227142333984 454.5021057128906
58.25747299194336 454.50421142578125
58.243778228759766 454.50457763671875
58.25334930419922 454.5052490234375
58.26396179199219 454.5070495605469
58.26535415649414 454.5074462890625
58.266700744628906 454.5079650878906
58.26799011230469 454.50860595703125
58.26921081542969 454.5093688964844
58.27033996582031 454.51025390625
58.271392822265625 454.5112609863281
58.27470016479492 454.51513671875
58.28081512451172 454.52392578125
58.27847671508789 454.5197448730469
58.27689743041992 454.51611328125
58.27616882324219 454.51385498046875
58.276222229003906 454.51409912109375
58.276832580566406 454.5193176269531
58.2769660949707 454.52679443359375
58.27651596069336 454.5323486328125
58.27659606933594 454.5318908691406
58.277225494384766 454.5296936035156
58.278072357177734 454.5275573730469
58.27912521362305 454.5255126953125
58.280372619628906 454.5235900878906
58.281803131103516 454.52178955078125
58.28340530395508 454.5201416015625
58.285160064697266 454.5186767578125
58.287052154541016 454.51739501953125
58.2890625 454.51629638671875
58.29117202758789 454.5154113769531
58.29336166381836 454.5147399902344
58.29560470581055 454.5142822265625
58.297882080078125 454.5140380859375
58.3001708984375 454.5140380859375
58.30244827270508 454.5142517089844
58.304691314697266 454.51470947265625
58.306880950927734 454.515380859375
58.30899429321289 454.5162658691406
58.31100845336914 454.5173645019531
58.312904357910156 454.5186462402344
58.31466293334961 454.5201110839844
58.31626892089844 454.521728515625
58.31770324707031 454.52349853515625
58.31895446777344 454.5254211425781
58.320011138916016 454.5274658203125
58.32086181640625 454.52960205078125
58.321495056152344 454.53179931640625
58.32190704345703 454.5340576171875
58.32210922241211 454.5365295410156
58.32202911376953 454.54107666015625
58.320247650146484 454.5563659667969
58.31684875488281 454.5719909667969
58.31189727783203 454.5873107910156
58.30545425415039 454.60211181640625
58.29759216308594 454.6162109375
58.28838348388672 454.6294860839844
58.28070068359375 454.6385192871094
58.2690544128418 454.6497497558594
58.25578689575195 454.6602478027344
58.24156188964844 454.6694030761719
58.22651290893555 454.6771240234375
58.210784912109375 454.683349609375
58.194522857666016 454.6880187988281
58.17788314819336 454.6910705566406
58.16132354736328 454.6924743652344
58.158573150634766 454.69244384765625
58.16899871826172 454.693603515625
58.17950439453125 454.69586181640625
58.18088150024414 454.6962890625
58.18220520019531 454.6968688964844
58.183467864990234 454.69757080078125
58.18465042114258 454.6983947753906
58.18574523925781 454.6993408203125
58.18680191040039 454.700439453125
58.193092346191406 454.7084655761719
58.198577880859375 454.7170715332031
58.19655990600586 454.71307373046875
58.195369720458984 454.71002197265625
58.19505310058594 454.7088928222656
58.19538879394531 454.7107849121094
58.19588851928711 454.7173767089844
58.19571304321289 454.7251892089844
58.19545364379883 454.727294921875
58.19582748413086 454.7256164550781
58.19654846191406 454.72344970703125
58.197479248046875 454.7213439941406
58.198612213134766 454.7193603515625
58.1999397277832 454.7174987792969
58.20144271850586 454.71575927734375
58.20310974121094 454.7142028808594
58.204925537109375 454.7127990722656
58.206871032714844 454.7115783691406
58.208927154541016 454.7105712890625
58.2110710144043 454.70977783203125
58.21328353881836 454.7091979980469
58.215545654296875 454.7088317871094
58.217830657958984 454.7087097167969
58.22011947631836 454.70880126953125
58.22238540649414 454.7091064453125
58.224609375 454.70965576171875
58.226768493652344 454.7104187011719
58.228843688964844 454.7113952636719
58.230812072753906 454.7125549316406
58.2326545715332 454.71392822265625
58.234352111816406 454.7154541015625
58.23588943481445 454.7171630859375
58.23725128173828 454.718994140625
58.23842239379883 454.720947265625
58.23939514160156 454.7230224609375
58.24015808105469 454.7251892089844
58.240699768066406 454.7274169921875
58.241031646728516 454.7297668457031
58.24116897583008 454.73309326171875
58.24057388305664 454.7433776855469
58.23810958862305 454.7590026855469
58.23406219482422 454.7745666503906
58.228492736816406 454.7897033691406
58.221458435058594 454.8042297363281
58.21303176879883 454.8179931640625
58.203369140625 454.8307800292969
58.19541931152344 454.8393859863281
58.182716369628906 454.8507080078125
58.16904067993164 454.8606872558594
58.15446472167969 454.8692626953125
58.139122009277344 454.8763732910156
58.1231575012207 454.8819580078125
58.10672378540039 454.8859558105469
58.08998489379883 454.8883361816406
58.0772590637207 454.8888854980469
58.086483001708984 454.8893737792969
58.09710693359375 454.8909912109375
58.10267639160156 454.8924255371094
58.104034423828125 454.8929138183594
58.10532760620117 454.8935241699219
58.10655975341797 454.894287109375
58.107704162597656 454.8951416015625
58.10877990722656 454.8961486816406
58.11048889160156 454.8980712890625
58.11670684814453 454.9067077636719
58.12110137939453 454.9142761230469
58.119239807128906 454.91021728515625
58.11847686767578 454.9079895019531
58.11820983886719 454.9068603515625
58.11870574951172 454.9105529785156
58.11897277832031 454.9180603027344
58.11854553222656 454.9248352050781
58.11845397949219 454.9253845214844
58.11897277832031 454.9234619140625
58.119781494140625 454.92132568359375
58.12079620361328 454.9192810058594
58.12200927734375 454.9173278808594
58.123409271240234 454.91552734375
58.12498092651367 454.91387939453125
58.126712799072266 454.9123840332031
58.12858200073242 454.91107177734375
58.13057327270508 454.9099426269531
58.132667541503906 454.9090270996094
58.13484191894531 454.9083251953125
58.13707733154297 454.9078369140625
58.13935089111328 454.9075622558594
58.141639709472656 454.90753173828125
58.1439208984375 454.90771484375
58.14617156982422 454.9081115722656
58.148372650146484 454.90875244140625
58.1505012512207 454.90960693359375
58.15253448486328 454.9106750488281
58.15445327758789 454.91192626953125
58.1562385559082 454.9133605957031
58.15787124633789 454.91497802734375
58.159339904785156 454.916748046875
58.16062545776367 454.91864013671875
58.16171646118164 454.920654296875
58.162601470947266 454.9227600097656
58.163272857666016 454.9249572753906
58.163726806640625 454.9272155761719
58.16396713256836 454.92962646484375
58.16396713256836 454.93450927734375
58.16267013549805 454.9476318359375
58.159542083740234 454.96331787109375
58.15485763549805 454.9787292480469
58.14867401123047 454.9936218261719
58.141056060791016 455.0078430175781
58.132080078125 455.0212707519531
58.123104095458984 455.0321960449219
58.11127853393555 455.04400634765625
58.09817886352539 455.05474853515625
58.0841178894043 455.06414794921875
58.069210052490234 455.0721435546875
58.053592681884766 455.0786437988281
58.03741455078125 455.0835876464844
58.02083206176758 455.0869445800781
58.00404357910156 455.0886535644531
58.002647399902344 455.0886535644531
58.013023376464844 455.0896301269531
58.023590087890625 455.0917053222656
58.02497482299805 455.0921325683594
58.02630615234375 455.0926818847656
58.02757263183594 455.0933532714844
58.02877426147461 455.0941467285156
58.029884338378906 455.0950622558594
58.03095626831055 455.09613037109375
58.034149169921875 455.1000671386719
58.03999710083008 455.1089172363281
58.037899017333984 455.1049499511719
58.03665542602539 455.1018981933594
58.03598403930664 455.0996398925781
58.0363655090332 455.10162353515625
58.036865234375 455.10699462890625
58.03682327270508 455.1148376464844
58.0362663269043 455.1202087402344
58.036529541015625 455.1189270019531
58.03721237182617 455.1167297363281
58.03810501098633 455.1146240234375
58.03920364379883 455.11260986328125
58.040496826171875 455.1107177734375
58.041969299316406 455.1089782714844
58.043609619140625 455.1073913574219
58.0453987121582 455.10595703125
58.04732131958008 455.1047058105469
58.04935836791992 455.1036682128906
58.05148696899414 455.10284423828125
58.05369186401367 455.10223388671875
58.055946350097656 455.1018371582031
58.0582275390625 455.1016540527344
58.060516357421875 455.1017150878906
58.06278991699219 455.10198974609375
58.065025329589844 455.10247802734375
58.06719970703125 455.10321044921875
58.06929016113281 455.1041564941406
58.0712776184082 455.10528564453125
58.073143005371094 455.1065979003906
58.074867248535156 455.10809326171875
58.07643508911133 455.1097717285156
58.07782745361328 455.1116027832031
58.07903289794922 455.1135559082031
58.080039978027344 455.1156005859375
58.08083724975586 455.11773681640625
58.0814208984375 455.1199645996094
58.081790924072266 455.1222839355469
58.08195495605469 455.1250915527344
58.08151626586914 455.1359558105469
58.07936477661133 455.1513671875
58.07558822631836 455.1669921875
58.070281982421875 455.1822204589844
58.06350326538086 455.1968688964844
58.055320739746094 455.2107849121094
58.04583740234375 455.2237854003906
58.03956985473633 455.2308044433594
58.02706527709961 455.2423400878906
58.01356506347656 455.2525329589844
57.99913787841797 455.2613525390625
57.983917236328125 455.26873779296875
57.968048095703125 455.27459716796875
57.951683044433594 455.2789001464844
57.93498229980469 455.2815856933594
57.918975830078125 455.2825622558594
57.92549133300781 455.2828063964844
57.9361457824707 455.28424072265625
57.94609069824219 455.2865905761719
57.94745635986328 455.28704833984375
57.948753356933594 455.28765869140625
57.94999694824219 455.28839111328125
57.95115661621094 455.28924560546875
57.95222854614258 455.2901916503906
57.95393753051758 455.29205322265625
57.960060119628906 455.30023193359375
57.96443176269531 455.3074645996094
57.96249008178711 455.30340576171875
57.961368560791016 455.3003234863281
57.961090087890625 455.2992248535156
57.961666107177734 455.302978515625
57.9620246887207 455.3096923828125
57.96172332763672 455.3163757324219
57.961448669433594 455.3182678222656
57.961936950683594 455.3163146972656
57.96270751953125 455.31414794921875
57.963687896728516 455.31207275390625
57.964866638183594 455.31011962890625
57.96623611450195 455.30828857421875
57.96778106689453 455.3066101074219
57.969486236572266 455.3050842285156
57.97133255004883 455.3037414550781
57.973304748535156 455.3025817871094
57.97538375854492 455.3016052246094
57.97754669189453 455.30084228515625
57.979774475097656 455.3003234863281
57.9820442199707 455.3000183105469
57.98433303833008 455.2999267578125
57.98661804199219 455.3000793457031
57.98887634277344 455.3004455566406
57.9910888671875 455.301025390625
57.993228912353516 455.30181884765625
57.99528121948242 455.3028259277344
57.997222900390625 455.3040466308594
57.9990348815918 455.3054504394531
58.00069808959961 455.3070373535156
58.002197265625 455.30877685546875
58.003517150878906 455.3106384277344
58.004642486572266 455.3126220703125
58.00556564331055 455.3147277832031
58.00627899169922 455.31689453125
58.006771087646484 455.3191223144531
58.007049560546875 455.32147216796875
58.007144927978516 455.32672119140625
58.00605392456055 455.3402404785156
58.00322723388672 455.3558654785156
57.998817443847656 455.3713684082031
57.99290466308594 455.3863830566406
57.98554611206055 455.4007568359375
57.976810455322266 455.4143371582031
57.9671745300293 455.426513671875
57.95532989501953 455.43878173828125
57.94242858886719 455.44976806640625
57.92854309082031 455.4594421386719
57.913780212402344 455.46771240234375
57.898284912109375 455.4744873046875
57.8822021484375 455.479736328125
57.865684509277344 455.4833984375
57.84891128540039 455.48541259765625
57.844139099121094 455.4855041503906
57.85415267944336 455.48626708984375
57.86475372314453 455.4881286621094
57.86615753173828 455.488525390625
57.86748504638672 455.4890441894531
57.8687744140625 455.4897155761719
57.86998748779297 455.4905090332031
57.87111282348633 455.49139404296875
57.872154235839844 455.4924011230469
57.87541198730469 455.49627685546875
57.881473541259766 455.5050964355469
57.87911605834961 455.5008239746094
57.87753677368164 455.49713134765625
57.876827239990234 455.4949035644531
57.87690734863281 455.4952697753906
57.87751388549805 455.5007019042969
57.87760925292969 455.5082702636719
57.877159118652344 455.5135192871094
57.877281188964844 455.51287841796875
57.87792205810547 455.51068115234375
57.87877655029297 455.508544921875
57.87984085083008 455.50653076171875
57.881099700927734 455.5046081542969
57.88254165649414 455.5028381347656
57.884151458740234 455.501220703125
57.88591766357422 455.499755859375
57.8878173828125 455.49847412109375
57.889835357666016 455.4974060058594
57.89194869995117 455.49652099609375
57.89413833618164 455.495849609375
57.896385192871094 455.49542236328125
57.89866256713867 455.4952087402344
57.90095138549805 455.4952087402344
57.903228759765625 455.4954528808594
57.90547180175781 455.49591064453125
57.907657623291016 455.49658203125
57.90976333618164 455.4974670410156
57.91176986694336 455.4985656738281
57.913658142089844 455.4998474121094
57.915409088134766 455.5013122558594
57.91700744628906 455.5029602050781
57.918434143066406 455.5047607421875
57.919677734375 455.5066833496094
57.92072296142578 455.50872802734375
57.92156219482422 455.5108642578125
57.922183990478516 455.5130615234375
57.92258834838867 455.5153503417969
57.92278289794922 455.5179138183594
57.9225959777832 455.52618408203125
57.92078399658203 455.5411071777344
57.91729736328125 455.5567626953125
57.912261962890625 455.57208251953125
57.90574645996094 455.58685302734375
57.89781188964844 455.6009216308594
57.8885383605957 455.6141357421875
57.88119888305664 455.6226806640625
57.86882019042969 455.6344909667969
57.855499267578125 455.6449279785156
57.84123229980469 455.6540222167969
57.82614517211914 455.66168212890625
57.810386657714844 455.6678466796875
57.79410171508789 455.67242431640625
57.77745056152344 455.6754150390625
57.76081085205078 455.6767272949219
57.76476287841797 455.6767883300781
57.775299072265625 455.67803955078125
57.78571701049805 455.6803283691406
57.78708267211914 455.6807861328125
57.78840637207031 455.6813659667969
57.78954315185547 455.6820068359375
57.79072189331055 455.6828308105469
57.791812896728516 455.68377685546875
57.79285430908203 455.68487548828125
57.798221588134766 455.6918029785156
57.80384826660156 455.70074462890625
57.801822662353516 455.6966857910156
57.80064392089844 455.693603515625
57.80035400390625 455.69256591796875
57.80071258544922 455.6946716308594
57.80119323730469 455.7014465332031
57.80097579956055 455.70928955078125
57.800537109375 455.7127380371094
57.800846099853516 455.7113952636719
57.80157470703125 455.709228515625
57.80251693725586 455.7071533203125
57.80366134643555 455.7051696777344
57.804996490478516 455.70330810546875
57.80651092529297 455.70159912109375
57.80818557739258 455.7000427246094
57.81000900268555 455.69866943359375
57.81195831298828 455.6974792480469
57.81401824951172 455.69647216796875
57.816165924072266 455.6956787109375
57.818382263183594 455.6950988769531
57.82064437866211 455.69476318359375
57.82292938232422 455.69464111328125
57.825218200683594 455.6947326660156
57.827484130859375 455.695068359375
57.82970428466797 455.69561767578125
57.83185958862305 455.6963806152344
57.833927154541016 455.6973571777344
57.83588790893555 455.69854736328125
57.83772277832031 455.6999206542969
57.839412689208984 455.70147705078125
57.8409423828125 455.70318603515625
57.8422966003418 455.7050476074219
57.84346008300781 455.70703125
57.84442138671875 455.7091064453125
57.84517288208008 455.7112731933594
57.845706939697266 455.7135009765625
57.84602737426758 455.7158508300781
57.84616470336914 455.71966552734375
57.84529495239258 455.7335205078125
57.8427848815918 455.7489929199219
57.838661193847656 455.7645568847656
57.8330192565918 455.7796630859375
57.82592010498047 455.7941589355469
57.81743240356445 455.8078918457031
57.80807113647461 455.8201599121094
57.79761505126953 455.8313903808594
57.784912109375 455.84259033203125
57.77119827270508 455.8525085449219
57.75658416748047 455.86102294921875
57.7412109375 455.8680725097656
57.725223541259766 455.87359619140625
57.708770751953125 455.8775329589844
57.69204330444336 455.8798522949219
57.67633056640625 455.8804931640625
57.68649673461914 455.8810729980469
57.697120666503906 455.88275146484375
57.69992446899414 455.88348388671875
57.70126724243164 455.88397216796875
57.70252227783203 455.88458251953125
57.703739166259766 455.8853454589844
57.70488357543945 455.88623046875
57.70594787597656 455.8872375488281
57.7076301574707 455.88916015625
57.71381378173828 455.8978271484375
57.71776580810547 455.9046936035156
57.71589660644531 455.9005432128906
57.714839935302734 455.8974304199219
57.714595794677734 455.8963928222656
57.71510696411133 455.9002990722656
57.7153434753418 455.90789794921875
57.71490478515625 455.9144287109375
57.71485900878906 455.9147033691406
57.715396881103516 455.9127197265625
57.71621322631836 455.91058349609375
57.71723937988281 455.9085388183594
57.71846008300781 455.9066162109375
57.71986770629883 455.9048156738281
57.7214469909668 455.9031677246094
57.723182678222656 455.90167236328125
57.725059509277344 455.9003601074219
57.727054595947266 455.89923095703125
57.72915267944336 455.8983154296875
57.73133087158203 455.8976135253906
57.73357009887695 455.8971252441406
57.735843658447266 455.8968505859375
57.73813247680664 455.8968200683594
57.740413665771484 455.8970031738281
57.7426643371582 455.8974304199219
57.7448616027832 455.8980712890625
57.746986389160156 455.89892578125
57.74901580810547 455.8999938964844
57.75092697143555 455.9012451171875
57.75270462036133 455.9026794433594
57.75433349609375 455.904296875
57.755794525146484 455.90606689453125
57.75707244873047 455.907958984375
57.758155822753906 455.90997314453125
57.759033203125 455.9120788574219
57.75969696044922 455.9142761230469
57.76013946533203 455.9165344238281
57.760372161865234 455.9189758300781
57.76034927368164 455.92486572265625
57.75879669189453 455.9399719238281
57.755615234375 455.9555969238281
57.7508659362793 455.97100830078125
57.744625091552734 455.98590087890625
57.73695373535156 456.0000915527344
57.72792434692383 456.01348876953125
57.71928405761719 456.02392578125
57.70698165893555 456.0361328125
57.6938591003418 456.04681396484375
57.67976379394531 456.0561828613281
57.664825439453125 456.0641174316406
57.6491813659668 456.070556640625
57.63298416137695 456.075439453125
57.616390228271484 456.0787353515625
57.59968566894531 456.08038330078125
57.59682083129883 456.08038330078125
57.6074104309082 456.0814208984375
57.61796569824219 456.0835266113281
57.619346618652344 456.0839538574219
57.62063217163086 456.0845031738281
57.62186050415039 456.0851745605469
57.6230583190918 456.0859680175781
57.62416458129883 456.0868835449219
57.625221252441406 456.08795166015625
57.628387451171875 456.0918884277344
57.634159088134766 456.1007080078125
57.63187026977539 456.0963439941406
57.6303596496582 456.0926208496094
57.629703521728516 456.09039306640625
57.629791259765625 456.0908508300781
57.63029098510742 456.096435546875
57.63022232055664 456.104248046875
57.62968063354492 456.1092834472656
57.629974365234375 456.1078796386719
57.63066482543945 456.1056823730469
57.631568908691406 456.10357666015625
57.63267517089844 456.1015625
57.633975982666016 456.09967041015625
57.63545608520508 456.0979309082031
57.63710403442383 456.0963439941406
57.63890075683594 456.09490966796875
57.64082717895508 456.09368896484375
57.64286804199219 456.0926513671875
57.64500045776367 456.0918273925781
57.6472053527832 456.0912170410156
57.64945983886719 456.0908203125
57.6517448425293 456.0906677246094
57.65403366088867 456.0907287597656
57.65630340576172 456.09100341796875
57.65853500366211 456.0915222167969
57.66070556640625 456.0922546386719
57.66279220581055 456.09320068359375
57.66477584838867 456.0943298339844
57.6666374206543 456.0956726074219
57.668357849121094 456.0971984863281
57.669918060302734 456.098876953125
57.67130661010742 456.1007080078125
57.67250442504883 456.1026611328125
57.67350387573242 456.1047058105469
57.674293518066406 456.1068420410156
57.674869537353516 456.10906982421875
57.67523193359375 456.11138916015625
57.67539978027344 456.11444091796875
57.67499542236328 456.12359619140625
57.67275619506836 456.1391906738281
57.66892623901367 456.15478515625
57.66355895996094 456.1700134277344
57.65672302246094 456.18463134765625
57.64848709106445 456.1985168457031
57.63896560668945 456.21148681640625
57.630828857421875 456.2205505371094
57.618194580078125 456.23211669921875
57.60466003417969 456.2422790527344
57.59020233154297 456.2510681152344
57.574954986572266 456.2583923339844
57.55906677246094 456.2641906738281
57.542686462402344 456.2684326171875
57.525978088378906 456.27105712890625
57.51054000854492 456.2719421386719
57.515716552734375 456.27215576171875
57.52635192871094 456.2736511230469
57.536582946777344 456.276123046875
57.53791427612305 456.2765808105469
57.539146423339844 456.27716064453125
