59.95065689086914 449.954833984375
60.01484680175781 450.00390625
60.08314514160156 450.0470886230469
60.15501022338867 450.08404541015625
60.22987365722656 450.11444091796875
60.30714416503906 450.1380615234375
60.386207580566406 450.15472412109375
60.4664421081543 450.164306640625
60.547210693359375 450.1667175292969
60.627872467041016 450.1619567871094
60.707794189453125 450.1500244140625
60.786338806152344 450.13104248046875
60.862884521484375 450.10516357421875
60.93682861328125 450.07257080078125
61.00758361816406 450.0335388183594
61.074588775634766 449.9883728027344
61.1373176574707 449.93743896484375
61.19527053833008 449.8811340332031
61.247989654541016 449.81988525390625
61.29505920410156 449.75421142578125
61.33610534667969 449.6846008300781
61.37080383300781 449.61163330078125
61.39887619018555 449.5358581542969
61.42010498046875 449.4578857421875
61.434322357177734 449.3783264160156
61.44649887084961 449.2427062988281
61.44706344604492 449.10418701171875
61.43581008911133 448.96612548828125
61.412818908691406 448.82952880859375
61.37826156616211 448.69537353515625
61.3323860168457 448.5646667480469
61.27553176879883 448.4383544921875
61.208106994628906 448.3173522949219
61.13060760498047 448.2025146484375
61.04359817504883 448.0947265625
60.94771194458008 447.9947509765625
60.84364700317383 447.9033203125
60.73216247558594 447.8210754394531
60.614070892333984 447.7486572265625
60.490230560302734 447.68658447265625
60.36154556274414 447.6352844238281
60.22895431518555 447.59515380859375
60.09342575073242 447.56646728515625
59.9559440612793 447.5494384765625
59.8232536315918 447.5444641113281
59.7432746887207 447.5484619140625
59.664306640625 447.55950927734375
59.586631774902344 447.5775451660156
59.51087188720703 447.6023864746094
59.437679290771484 447.63385009765625
59.36842346191406 447.6712341308594
59.31072235107422 447.70941162109375
59.27860641479492 447.735107421875
59.302982330322266 447.7117004394531
59.34312057495117 447.6656188964844
59.38189697265625 447.61224365234375
59.41624069213867 447.5549621582031
59.44542694091797 447.4948425292969
59.46916961669922 447.4324951171875
59.486934661865234 447.36968994140625
59.49577331542969 447.3229675292969
59.492069244384766 447.361083984375
59.491519927978516 447.4403991699219
59.4980583190918 447.5198669433594
59.51163864135742 447.59844970703125
59.53229904174805 447.6760559082031
59.559940338134766 447.7519836425781
59.59422302246094 447.8251647949219
59.63487243652344 447.8949890136719
59.68156814575195 447.9609375
59.73393630981445 448.0224609375
59.791568756103516 448.0791015625
59.854007720947266 448.1304016113281
59.92075729370117 448.1759338378906
59.99128723144531 448.2153625488281
60.06504440307617 448.24835205078125
60.141441345214844 448.274658203125
60.21987533569336 448.2940979003906
60.29972457885742 448.3064880371094
60.3803596496582 448.31170654296875
60.46113967895508 448.30975341796875
60.54142761230469 448.3006286621094
60.62058639526367 448.2843933105469
60.69799041748047 448.2611999511719
60.77302551269531 448.2312316894531
60.84510040283203 448.1947021484375
60.91364288330078 448.15191650390625
60.978111267089844 448.10321044921875
61.037994384765625 448.0489501953125
61.09281921386719 447.9895935058594
61.14215087890625 447.92559814453125
61.18560028076172 447.85748291015625
61.22282409667969 447.7857666015625
61.25352478027344 447.7110290527344
61.277462005615234 447.63385009765625
61.2944450378418 447.5548400878906
61.3092155456543 447.4361572265625
61.31443786621094 447.2977600097656
61.30783462524414 447.1593933105469
61.289451599121094 447.0220947265625
61.25942611694336 446.8868713378906
61.21797561645508 446.75469970703125
61.165401458740234 446.62652587890625
61.10208511352539 446.5032958984375
61.02849197387695 446.38592529296875
60.94515609741211 446.2752685546875
60.852684020996094 446.172119140625
60.75175094604492 446.0772399902344
60.64309310913086 445.9913024902344
60.527503967285156 445.9149475097656
60.40582275390625 445.8487243652344
60.27893829345703 445.7931213378906
60.14777374267578 445.7485656738281
60.01328659057617 445.71533203125
59.8764533996582 445.6936950683594
59.73829650878906 445.6838073730469
59.62358093261719 445.6855163574219
59.54426574707031 445.6937255859375
59.46599578857422 445.7089538574219
59.38938903808594 445.7310791015625
59.31509017944336 445.7599182128906
59.24422073364258 445.7949523925781
59.1794319152832 445.83453369140625
59.14022445678711 445.8636169433594
59.16116714477539 445.8449401855469
59.19855880737305 445.8050231933594
59.238555908203125 445.75390625
59.274864196777344 445.697998046875
59.306209564208984 445.638916015625
59.33219909667969 445.577392578125
59.3524169921875 445.5146179199219
59.3647575378418 445.4602355957031
59.3687858581543 445.4302673339844
59.3654899597168 445.5052490234375
59.36909484863281 445.5848693847656
59.37976837158203 445.66387939453125
59.39742660522461 445.74163818359375
59.4222526550293 445.81854248046875
59.45381546020508 445.8929138183594
59.49186325073242 445.9642028808594
59.536094665527344 446.0318298339844
59.58616256713867 446.0952453613281
59.64167022705078 446.1539611816406
59.70217514038086 446.20751953125
59.7672004699707 446.2554931640625
59.83623123168945 446.2974853515625
59.908721923828125 446.33319091796875
59.984100341796875 446.3623046875
60.061767578125 446.3846130371094
60.141109466552734 446.3999328613281
60.22149658203125 446.40814208984375
60.30229568481445 446.4091796875
60.38286590576172 446.40301513671875
60.46257019042969 446.38970947265625
60.540775299072266 446.369384765625
60.61686325073242 446.3421936035156
60.69023513793945 446.308349609375
60.76030731201172 446.2680969238281
60.8265266418457 446.2218017578125
60.88836669921875 446.1697998046875
60.94533920288086 446.11248779296875
60.99699401855469 446.05035400390625
61.04292297363281 445.98388671875
61.082763671875 445.91357421875
61.1161994934082 445.8399963378906
61.14296340942383 445.7637634277344
61.162845611572266 445.6854553222656
61.175785064697266 445.6051025390625
61.185707092285156 445.4682922363281
61.18389892578125 445.32977294921875
61.17028045654297 445.1919250488281
61.144954681396484 445.05572509765625
61.10810470581055 444.92218017578125
61.05999755859375 444.7922668457031
61.0009880065918 444.66693115234375
60.93150329589844 444.5470886230469
60.85205078125 444.43359375
60.763206481933594 444.3273010253906
60.66562271118164 444.2289733886719
60.56000518798828 444.13934326171875
60.44712829589844 444.05902099609375
60.32781219482422 443.9886169433594
60.20292663574219 443.92864990234375
60.07338333129883 443.87957763671875
59.94012451171875 443.8417053222656
59.80412292480469 443.8153381347656
59.6663703918457 443.8006896972656
59.53861999511719 443.7981262207031
59.45903015136719 443.8034973144531
59.38026809692383 443.81591796875
59.302921295166016 443.8352966308594
59.22760772705078 443.8614807128906
59.15501403808594 443.8941955566406
59.08696365356445 443.9324951171875
59.03407669067383 443.9688415527344
59.011775970458984 443.9873352050781
59.04161071777344 443.9576416015625
59.08324432373047 443.9081115722656
59.1212158203125 443.8538818359375
59.15460205078125 443.7959289550781
59.182735443115234 443.7353210449219
59.205265045166016 443.67291259765625
59.22188949584961 443.6099853515625
59.22286605834961 443.604248046875
59.21950912475586 443.64727783203125
59.2204704284668 443.7269592285156
59.228519439697266 443.8062744140625
59.243587493896484 443.88458251953125
59.26577377319336 443.9620056152344
59.29485321044922 444.0373840332031
59.33051681518555 444.1098937988281
59.37248229980469 444.178955078125
59.4204216003418 444.2440185546875
59.47394943237305 444.3045349121094
59.53264617919922 444.3600769042969
59.596046447753906 444.4101867675781
59.66364669799805 444.4544372558594
59.73491287231445 444.4925231933594
59.80928421020508 444.52410888671875
59.88616943359375 444.5489807128906
59.96495819091797 444.5669250488281
60.04502868652344 444.5777893066406
60.12574768066406 444.58148193359375
60.206478118896484 444.5780029296875
60.28657913208008 444.5673522949219
60.36541748046875 444.54962158203125
60.44236755371094 444.52496337890625
60.51681900024414 444.4935607910156
60.58818817138672 444.4556579589844
60.655906677246094 444.41156005859375
60.71943664550781 444.36163330078125
60.77827835083008 444.3062438964844
60.831966400146484 444.245849609375
60.88007354736328 444.1809387207031
60.92222213745117 444.11199951171875
60.95807647705078 444.0395812988281
60.98735427856445 443.9642639160156
61.009822845458984 443.88665771484375
61.02530288696289 443.8073425292969
61.03852462768555 443.6820068359375
61.04118347167969 443.54351806640625
61.032020568847656 443.4053039550781
61.01110076904297 443.26837158203125
60.97857666015625 443.13372802734375
60.93468475341797 443.0023193359375
60.87974548339844 442.8751525878906
60.81415939331055 442.7531433105469
60.738407135009766 442.63714599609375
60.653038024902344 442.5280456542969
60.55867385864258 442.4266357421875
60.45600509643555 442.3336181640625
60.34577560424805 442.2497253417969
60.228790283203125 442.175537109375
60.10590362548828 442.111572265625
59.97801208496094 442.058349609375
59.846046447753906 442.0162048339844
59.71096420288086 441.9854736328125
59.57375717163086 441.96636962890625
59.43562316894531 441.9590759277344
59.35541915893555 441.9618225097656
59.27628707885742 441.9716491699219
59.198341369628906 441.98846435546875
59.12220001220703 442.01214599609375
59.04852294921875 442.04248046875
58.978424072265625 442.07891845703125
58.920833587646484 442.1157531738281
58.89054870605469 442.13922119140625
58.90611267089844 442.1247253417969
58.94475555419922 442.0816650390625
58.98442077636719 442.0287170410156
59.01961898803711 441.971923828125
59.049713134765625 441.9122009277344
59.07440185546875 441.85015869140625
59.0932731628418 441.78704833984375
59.10417175292969 441.73382568359375
59.101558685302734 441.7570495605469
59.099830627441406 441.8360595703125
59.10518264770508 441.9156188964844
59.11758804321289 441.994384765625
59.13694763183594 442.0717468261719
59.163455963134766 442.1480712890625
59.19664001464844 442.22174072265625
59.23624038696289 442.29217529296875
59.281944274902344 442.35882568359375
59.33338928222656 442.421142578125
59.39017105102539 442.4786376953125
59.45183563232422 442.5308532714844
59.51789855957031 442.577392578125
59.587833404541016 442.61785888671875
59.66109085083008 442.6519470214844
59.73708724975586 442.6794128417969
59.815223693847656 442.70001220703125
59.89488220214844 442.7135925292969
59.97542953491211 442.72003173828125
60.05622863769531 442.7192687988281
60.13664245605469 442.7113342285156
60.216033935546875 442.6962890625
60.29377365112305 442.67425537109375
60.36924743652344 442.6453857421875
60.44186019897461 442.60992431640625
60.51103210449219 442.5681457519531
60.57622146606445 442.5203857421875
60.636905670166016 442.467041015625
60.69261169433594 442.40850830078125
60.74289321899414 442.3452453613281
60.787353515625 442.27777099609375
60.82564163208008 442.20660400390625
60.85745620727539 442.13232421875
60.88254165649414 442.0555114746094
60.90070343017578 441.9767761230469
60.917091369628906 441.859375
60.92436599731445 441.7210693359375
60.91981506347656 441.5826110839844
60.903472900390625 441.4450378417969
60.875457763671875 441.3093566894531
60.83597183227539 441.17657470703125
60.78530502319336 441.0476379394531
60.72382354736328 440.9234924316406
60.6519775390625 440.8050537109375
60.57029342651367 440.69317626953125
60.47936248779297 440.5886535644531
60.37984848022461 440.4922790527344
60.27248001098633 440.4047546386719
60.15803527832031 440.3266906738281
60.037349700927734 440.2586669921875
59.91130447387695 440.2012023925781
59.78081512451172 440.1546936035156
59.64683532714844 440.1194763183594
59.510337829589844 440.0958251953125
59.3723258972168 440.0838928222656
59.25200653076172 440.0838928222656
59.17256164550781 440.09088134765625
59.09406661987305 440.10491943359375
59.01713180541992 440.1258850097656
58.94237518310547 440.1535949707031
58.87059783935547 440.187744140625
58.80414962768555 440.2269592285156
58.76625061035156 440.2541809082031
58.76276397705078 440.2572021484375
58.8018913269043 440.21661376953125
58.84284973144531 440.1658020019531
58.87998962402344 440.1103820800781
58.91218948364258 440.0517578125
58.939083099365234 439.9905700683594
58.960323333740234 439.9277648925781
58.97441101074219 439.86962890625
58.97431182861328 439.87030029296875
58.96978759765625 439.9484558105469
58.9722785949707 440.0281066894531
58.98184585571289 440.1072692871094
58.9984130859375 440.1852722167969
59.022159576416016 440.26251220703125
59.052677154541016 440.33734130859375
59.089725494384766 440.4091491699219
59.13300704956055 440.4773864746094
59.18218231201172 440.54150390625
59.23686218261719 440.60101318359375
59.29661178588867 440.6554260253906
59.360958099365234 440.7043151855469
59.42939376831055 440.7472839355469
59.50137710571289 440.78399658203125
59.57633972167969 440.8141784667969
59.6536865234375 440.8375549316406
59.73280334472656 440.8539733886719
59.81306838989258 440.8633117675781
59.89384460449219 440.865478515625
59.974491119384766 440.8604431152344
60.05437088012695 440.8482666015625
60.13285446166992 440.82904052734375
60.20931625366211 440.80291748046875
60.28315353393555 440.77008056640625
60.353782653808594 440.7308349609375
60.4206428527832 440.6854553222656
60.48320770263672 440.6343078613281
60.540977478027344 440.57781982421875
60.59349822998047 440.51641845703125
60.64035415649414 440.4505920410156
60.681175231933594 440.380859375
60.71563720703125 440.3077697753906
60.743465423583984 440.2319030761719
60.764442443847656 440.15386962890625
60.778472900390625 440.0738830566406
60.7902946472168 439.9373474121094
60.79042434692383 439.798828125
60.77873611450195 439.6607971191406
60.75531768798828 439.5242614746094
60.720340728759766 439.3902282714844
60.67405700683594 439.2596435546875
60.61680603027344 439.13348388671875
60.54900360107422 439.0126647949219
60.47114562988281 438.8980712890625
60.38379669189453 438.7905578613281
60.28759765625 438.6908874511719
60.18324661254883 438.5997619628906
60.071502685546875 438.51788330078125
59.953182220458984 438.4458312988281
59.82914733886719 438.3841247558594
59.70030212402344 438.3332214355469
59.567588806152344 438.29351806640625
59.431968688964844 438.2652587890625
59.29443359375 438.2486877441406
59.157814025878906 438.24395751953125
59.07793426513672 438.2481689453125
58.99899673461914 438.2594299316406
58.9213752746582 438.2776794433594
58.84568786621094 438.302734375
58.772621154785156 438.3343811035156
58.70405578613281 438.37164306640625
58.6514778137207 438.4066467285156
58.63116455078125 438.4230041503906
58.66332244873047 438.3919372558594
58.70475769042969 438.3440856933594
58.74359130859375 438.2903137207031
58.77779769897461 438.23291015625
58.806827545166016 438.1726989746094
58.830421447753906 438.1102294921875
58.84815216064453 438.0469055175781
58.85776138305664 437.9953918457031
58.85493850708008 438.02520751953125
58.85459899902344 438.1044006347656
58.86134719848633 438.183837890625
58.8751335144043 438.2623596191406
58.895992279052734 438.33990478515625
58.92383575439453 438.415771484375
58.958309173583984 438.4888610839844
58.999141693115234 438.55859375
59.0460090637207 438.6244201660156
59.098541259765625 438.6858215332031
59.15632247924805 438.7423095703125
59.218894958496094 438.7934265136719
59.285762786865234 438.8387756347656
59.35639953613281 438.8780212402344
59.43024444580078 438.91082763671875
59.5067138671875 438.93695068359375
59.585201263427734 438.9561767578125
59.66508483886719 438.9683532714844
59.74573516845703 438.9733581542969
59.82651138305664 438.97119140625
59.90677261352539 438.96185302734375
59.98588943481445 438.9454040527344
60.063232421875 438.9219970703125
60.138187408447266 438.8918151855469
60.21016311645508 438.8551025390625
60.27859115600586 438.8121337890625
60.34292984008789 438.76324462890625
60.40266799926758 438.7088317871094
60.45733642578125 438.6493225097656
60.506500244140625 438.585205078125
60.54977035522461 438.5169677734375
60.5868034362793 438.4451599121094
60.6172981262207 438.370361328125
60.64103317260742 438.2931213378906
60.65781021118164 438.2140808105469
60.672969818115234 438.0898132324219
60.67788314819336 437.9513854980469
60.67097091674805 437.8130187988281
60.65228271484375 437.6757507324219
60.62195587158203 437.54058837890625
60.58020782470703 437.40850830078125
60.527347564697266 437.28045654296875
60.4637565612793 437.1573791503906
60.38990020751953 437.0401916503906
60.30631637573242 436.9297180175781
60.21361541748047 436.8267822265625
60.11247253417969 436.73211669921875
60.003623962402344 436.64642333984375
59.88786315917969 436.5703430175781
59.76603317260742 436.50439453125
59.63902282714844 436.4490966796875
59.50775909423828 436.4048156738281
59.37319564819336 436.37188720703125
59.2363166809082 436.3505554199219
59.09814453125 436.3409729003906
58.98788070678711 436.3428955078125
58.9085807800293 436.3512878417969
58.83034896850586 436.36669921875
58.75379943847656 436.3890075683594
58.67958068847656 436.41802978515625
58.60844802856445 436.45343017578125
58.54393768310547 436.4930725097656
58.5046272277832 436.52239990234375
58.53474044799805 436.4953918457031
58.57516098022461 436.45208740234375
58.615543365478516 436.40032958984375
58.65183639526367 436.34423828125
58.68309020996094 436.28509521484375
58.7089958190918 436.2235107421875
58.72933578491211 436.1600036621094
58.742210388183594 436.1028747558594
58.74713897705078 436.06585693359375
58.74397277832031 436.1397399902344
58.7476692199707 436.2193603515625
58.75843048095703 436.2983703613281
58.77617645263672 436.3761291503906
58.801090240478516 436.4530029296875
58.83273696899414 436.52734375
58.87086486816406 436.59857177734375
58.9151725769043 436.6661376953125
58.96531295776367 436.7294921875
59.0208854675293 436.78814697265625
59.081451416015625 436.8416442871094
59.14653015136719 436.8895263671875
59.21561050415039 436.93145751953125
59.288143157958984 436.9670715332031
59.36355209350586 436.99609375
59.44124221801758 437.018310546875
59.520599365234375 437.0335388183594
59.60099411010742 437.0416564941406
59.681793212890625 437.0426025390625
59.76235580444336 437.0363464355469
59.842044830322266 437.02294921875
59.92022705078125 437.0025329589844
59.99628448486328 436.9752502441406
60.075836181640625 436.9384460449219
60.1458740234375 436.89813232421875
60.21205139160156 436.8517761230469
60.27384567260742 436.7997131347656
60.33076858520508 436.74237060546875
60.38236999511719 436.68017578125
60.42824172973633 436.6136474609375
60.468021392822266 436.5433044433594
60.501373291015625 436.4697570800781
60.528018951416016 436.3936462402344
60.54783248901367 436.3153076171875
60.56085968017578 436.23394775390625
60.57075881958008 436.0959167480469
60.56884765625 435.9573974609375
60.55513000488281 435.8195495605469
60.52970504760742 435.6833801269531
60.49275588989258 435.54986572265625
60.44455337524414 435.41998291015625
60.38544845581055 435.294677734375
60.31587600708008 435.1748962402344
60.2363395690918 435.06146240234375
60.14741897583008 434.9552307128906
60.04976272583008 434.8569641113281
59.9440803527832 434.76739501953125
59.83114242553711 434.6871643066406
59.71177291870117 434.6168518066406
59.58684539794922 434.5569763183594
59.45726776123047 434.50799560546875
59.32398223876953 434.4702453613281
59.18796157836914 434.4440002441406
59.05019760131836 434.429443359375
58.92567825317383 434.4270324707031
58.84610366821289 434.4324951171875
58.76735305786133 434.44500732421875
58.690025329589844 434.4644775390625
58.614742279052734 434.49072265625
58.5422477722168 434.52349853515625
58.475154876708984 434.56134033203125
58.42903137207031 434.5931396484375
58.41933822631836 434.6011962890625
58.45506286621094 434.5655517578125
58.496299743652344 434.5163879394531
58.53435516357422 434.4619140625
58.56768035888672 434.4039306640625
58.59575653076172 434.34326171875
58.61826705932617 434.2806701660156
58.63494110107422 434.2172546386719
58.63717269897461 434.2040710449219
58.634281158447266 434.24163818359375
58.63532257080078 434.3213195800781
58.64345169067383 434.400634765625
58.658599853515625 434.4789123535156
58.680870056152344 434.55633544921875
58.710025787353516 434.6316833496094
58.74576187133789 434.70416259765625
58.78779983520508 434.7731628417969
58.8358039855957 434.8381652832031
58.8893928527832 434.8986511230469
58.94814682006836 434.9541320800781
59.0115966796875 435.0041809082031
59.07924270629883 435.0483703613281
59.150550842285156 435.0863952636719
59.224952697753906 435.117919921875
59.30186080932617 435.1427001953125
59.38066864013672 435.1605529785156
59.460750579833984 435.17132568359375
59.541473388671875 435.1749572753906
59.62220001220703 435.17138671875
59.70228958129883 435.16064453125
59.78110885620117 435.1428527832031
59.8580322265625 435.11810302734375
59.94070053100586 435.0831604003906
60.013389587402344 435.04449462890625
60.08108139038086 435.0003662109375
60.14458084106445 434.9504089355469
60.20338821411133 434.8949890136719
60.25703811645508 434.8345642089844
60.30510711669922 434.7696228027344
60.34721374511719 434.7006530761719
60.38302230834961 434.6282043457031
60.41217041015625 434.5531005859375
60.434566497802734 434.4755554199219
60.44999694824219 434.396240234375
60.46434020996094 434.260009765625
60.46703338623047 434.12152099609375
60.45790100097656 433.9832763671875
60.43701171875 433.8463439941406
60.404518127441406 433.711669921875
60.36065673828125 433.58026123046875
60.305747985839844 433.45306396484375
60.24019241333008 433.3310241699219
60.164466857910156 433.21502685546875
60.079124450683594 433.10589599609375
59.98478317260742 433.00445556640625
59.88213348388672 432.91143798828125
59.77192306518555 432.8275146484375
59.65495681762695 432.7532958984375
59.53208541870117 432.6893005371094
59.404205322265625 432.63604736328125
59.272247314453125 432.5938720703125
59.13717269897461 432.5631103515625
58.999969482421875 432.5439758300781
58.8619270324707 432.5366516113281
58.780853271484375 432.5394287109375
58.701717376708984 432.5492248535156
58.6237678527832 432.5660095214844
58.5476188659668 432.58966064453125
58.47394943237305 432.6199645996094
58.40425491333008 432.65618896484375
58.34693145751953 432.69281005859375
58.31600570678711 432.7167663574219
58.341224670410156 432.69329833984375
58.382022857666016 432.6479187011719
58.421607971191406 432.5951843261719
58.45689010620117 432.53839111328125
58.48704528808594 432.47869873046875
58.51180648803711 432.4166259765625
58.53080749511719 432.3533020019531
58.542232513427734 432.2978210449219
58.54024124145508 432.31536865234375
58.53852081298828 432.39068603515625
58.54380416870117 432.47021484375
58.5561408996582 432.5489807128906
58.575435638427734 432.6263732910156
58.60187530517578 432.7027282714844
58.6349983215332 432.77642822265625
58.674537658691406 432.8468933105469
58.720184326171875 432.91357421875
58.771575927734375 432.9759216308594
58.82830810546875 433.0334777832031
58.88992691040039 433.08575439453125
58.95594787597656 433.1323547363281
59.025848388671875 433.1728820800781
59.09907531738281 433.2070617675781
59.175048828125 433.2345886230469
59.25316619873047 433.2552490234375
59.33281326293945 433.2688903808594
59.41335678100586 433.275390625
59.49415969848633 433.27471923828125
59.574581146240234 433.2668762207031
59.653987884521484 433.25189208984375
59.731746673583984 433.22991943359375
59.828704833984375 433.1929931640625
59.904178619384766 433.1563415527344
59.97343826293945 433.1147155761719
60.03872299194336 433.0671081542969
60.099517822265625 433.0138854980469
60.15534210205078 432.9554748535156
60.205753326416016 432.892333984375
60.25035095214844 432.824951171875
60.28878402709961 432.7538757324219
60.32065200805664 432.6799011230469
60.345855712890625 432.6032409667969
60.36417770385742 432.5245361328125
60.38167953491211 432.40118408203125
60.3892936706543 432.262939453125
60.38508605957031 432.1244812011719
60.369083404541016 431.98687744140625
60.341400146484375 431.85113525390625
60.302242279052734 431.71826171875
60.25189208984375 431.5892028808594
60.19071960449219 431.46490478515625
60.11916732788086 431.3462829589844
60.037757873535156 431.23419189453125
59.947086334228516 431.12945556640625
59.84781265258789 431.0328369140625
59.740657806396484 430.9450378417969
59.626407623291016 430.86669921875
59.505889892578125 430.79840087890625
59.37998580932617 430.7406311035156
59.249610900878906 430.69378662109375
59.115718841552734 430.6582336425781
58.97928237915039 430.6342468261719
58.84130096435547 430.6219787597656
58.72678756713867 430.6217041015625
58.647335052490234 430.6285400390625
58.56881332397461 430.64239501953125
58.49183654785156 430.6631774902344
58.417057037353516 430.6907043457031
58.34568786621094 430.7244567871094
58.28422927856445 430.76055908203125
58.24562072753906 430.7882080078125
58.253753662109375 430.78118896484375
58.29161834716797 430.7420654296875
58.332359313964844 430.6917419433594
58.36956024169922 430.6364440917969
58.40187072753906 430.577880859375
58.428897857666016 430.5167236328125
58.45039749145508 430.45355224609375
58.46589279174805 430.3901672363281
58.47258377075195 430.34619140625
58.4697380065918 430.3928527832031
58.472042083740234 430.4725036621094
58.481422424316406 430.55169677734375
58.497806549072266 430.6297302246094
58.5213737487793 430.70703125
58.55171585083008 430.78192138671875
58.588592529296875 430.85382080078125
58.6317138671875 430.9221496582031
58.68073654174805 430.98638916015625
58.73527526855469 431.0460205078125
58.79489517211914 431.1005554199219
58.859127044677734 431.1495666503906
58.92746353149414 431.19268798828125
58.99936294555664 431.22955322265625
59.07425308227539 431.2598876953125
59.15154266357422 431.283447265625
59.230621337890625 431.300048828125
59.31086349487305 431.3095703125
59.39163589477539 431.3119201660156
59.472293853759766 431.30706787109375
59.55220413208008 431.2950744628906
59.63072967529297 431.2760314941406
59.7320556640625 431.2417297363281
59.842159271240234 431.1933898925781
59.916080474853516 431.1528625488281
59.98320770263672 431.1078796386719
60.04607009887695 431.0570983886719
60.10417175292969 431.0009460449219
60.15705490112305 430.9398498535156
60.20429992675781 430.8742980957031
60.24552917480469 430.8048095703125
60.28030776977539 430.7321472167969
60.308475494384766 430.65673828125
60.329864501953125 430.5789794921875
60.34429168701172 430.4994812011719
60.35697555541992 430.3624267578125
60.3579216003418 430.2239074707031
60.347049713134766 430.0858154296875
60.324440002441406 429.9491271972656
60.290252685546875 429.81488037109375
60.2447395324707 429.6840515136719
60.188232421875 429.55755615234375
60.12114334106445 429.43634033203125
60.04396057128906 429.3212890625
59.95724868774414 429.2132568359375
59.861637115478516 429.1130065917969
59.7578239440918 429.0212707519531
59.646568298339844 428.938720703125
59.5286750793457 428.865966796875
59.405006408691406 428.80352783203125
59.276466369628906 428.7518615722656
59.14398956298828 428.71136474609375
59.008541107177734 428.68231201171875
58.8711051940918 428.6649169921875
58.73338317871094 428.6593322753906
58.65315628051758 428.6630859375
58.574153900146484 428.67388916015625
58.496421813964844 428.691650390625
58.42058563232422 428.71624755859375
58.34739303588867 428.7474365234375
58.27873229980469 428.78424072265625
58.225826263427734 428.8190002441406
58.20352554321289 428.83673095703125
58.23329544067383 428.80828857421875
58.274269104003906 428.76153564453125
58.31351852416992 428.7078552246094
58.34807586669922 428.6506042480469
58.37746810913086 428.59051513671875
58.40142822265625 428.5281677246094
58.4195556640625 428.46484375
58.4315071105957 428.4028625488281
58.42845916748047 428.4330139160156
58.427608489990234 428.5122375488281
58.43384552001953 428.59173583984375
58.44712448120117 428.67034912109375
58.46734619140625 428.74749755859375
58.49470138549805 428.8235168457031
58.52870559692383 428.8968200683594
58.569087982177734 428.966796875
58.61553192138672 429.0329284667969
58.667667388916016 429.09466552734375
58.72508239746094 429.1515197753906
58.787322998046875 429.20306396484375
58.85389709472656 429.2488708496094
58.924278259277344 429.28857421875
58.99790954589844 429.3218688964844
59.0742073059082 429.3484802246094
59.15256881713867 429.3681945800781
59.23237228393555 429.3808898925781
59.31298828125 429.38641357421875
59.393775939941406 429.384765625
59.474098205566406 429.3759460449219
59.55331802368164 429.3600158691406
59.63080978393555 429.3371276855469
59.75754165649414 429.28729248046875
59.86650848388672 429.2331848144531
59.94151306152344 429.1873474121094
60.00645065307617 429.1392517089844
60.06686019897461 429.0855712890625
60.12226104736328 429.0267333984375
60.17221450805664 428.9632263183594
60.21632385253906 428.8955383300781
60.25416946411133 428.8243103027344
60.28543472290039 428.750244140625
60.31002426147461 428.673583984375
60.327735900878906 428.59490966796875
60.345062255859375 428.4662780761719
60.35173034667969 428.32794189453125
60.34657287597656 428.18951416015625
60.329627990722656 428.0520324707031
60.30101776123047 427.9164733886719
60.260948181152344 427.78387451171875
60.209716796875 427.6551513671875
60.1476936340332 427.5312805175781
60.07533264160156 427.41314697265625
59.99315643310547 427.3016357421875
59.90176773071289 427.197509765625
59.80183410644531 427.1015625
59.6940803527832 427.0144958496094
59.57929611206055 426.93695068359375
59.45831298828125 426.8694763183594
59.33201599121094 426.81256103515625
59.201324462890625 426.7666320800781
59.06719207763672 426.73199462890625
58.93059539794922 426.70892333984375
58.79254150390625 426.6976013183594
58.69118118286133 426.6980895996094
58.611785888671875 426.7055358886719
58.53337097167969 426.7200012207031
58.4565544128418 426.74139404296875
58.38196563720703 426.7695007324219
58.31044006347656 426.80401611328125
58.24546813964844 426.84283447265625
58.214107513427734 426.8656311035156
58.22195816040039 426.8587646484375
58.25594711303711 426.8230895996094
58.296485900878906 426.7721862792969
58.333309173583984 426.7165222167969
58.36515808105469 426.6576843261719
58.39169692993164 426.5963134765625
58.41267395019531 426.53302001953125
58.42789077758789 426.46856689453125
58.43293762207031 426.4335021972656
58.42993927001953 426.490234375
58.43287658691406 426.56988525390625
58.44288635253906 426.64898681640625
58.45988845825195 426.7268981933594
58.48406982421875 426.8039855957031
58.51500701904297 426.8786315917969
58.55245590209961 426.9502258300781
58.59611892700195 427.0182189941406
58.645652770996094 427.0820617675781
58.70066452026367 427.1412353515625
58.760719299316406 427.1953125
58.825340270996094 427.24383544921875
58.89401626586914 427.2864074707031
58.96620559692383 427.3227233886719
59.04133605957031 427.35247802734375
59.118812561035156 427.37542724609375
59.198020935058594 427.39141845703125
59.27833557128906 427.4002990722656
59.35912322998047 427.4020080566406
59.43974304199219 427.3965148925781
59.519554138183594 427.3838806152344
59.59792709350586 427.36419677734375
59.72715377807617 427.3194885253906
59.852115631103516 427.2638854980469
59.95960998535156 427.2044982910156
60.026634216308594 427.15936279296875
60.08938217163086 427.10845947265625
60.14735794067383 427.05218505859375
60.200103759765625 426.990966796875
60.24720001220703 426.92529296875
60.288272857666016 426.855712890625
60.322818756103516 426.78314208984375
60.35077667236328 426.7077941894531
60.371971130371094 426.63006591796875
60.3862190246582 426.550537109375
60.39862823486328 426.4130859375
60.39926528930664 426.2745666503906
60.388084411621094 426.136474609375
60.365169525146484 425.9998474121094
60.330684661865234 425.8656921386719
60.284881591796875 425.7349548339844
60.22809600830078 425.6086120605469
60.16073989868164 425.487548828125
60.08330154418945 425.3726806640625
59.9963493347168 425.26483154296875
59.900516510009766 425.164794921875
59.79650115966797 425.07330322265625
59.68505859375 424.99102783203125
59.5670051574707 424.9185485839844
59.443199157714844 424.85638427734375
59.314544677734375 424.8050231933594
59.181976318359375 424.76483154296875
59.04646301269531 424.736083984375
58.90898895263672 424.718994140625
58.77233123779297 424.7137756347656
58.69160079956055 424.7177429199219
58.61262130737305 424.7287292480469
58.53493118286133 424.7466735839844
58.45915603637695 424.7714538574219
58.386051177978516 424.80279541015625
58.318172454833984 424.8393859863281
58.26207733154297 424.8764343261719
58.24671173095703 424.8887023925781
58.27686309814453 424.8597717285156
58.31842041015625 424.8121337890625
58.357574462890625 424.7583312988281
58.39199447631836 424.7010498046875
58.42125701904297 424.6408996582031
58.445068359375 424.57855224609375
58.46321105957031 424.5146484375
58.474632263183594 424.4547119140625
58.475059509277344 424.45037841796875
58.47439193725586 424.5285339355469
58.480804443359375 424.6080017089844
58.494258880615234 424.68658447265625
58.51465606689453 424.7637023925781
58.542179107666016 424.83966064453125
58.57634353637695 424.9128723144531
58.61688232421875 424.9827575683594
58.66347122192383 425.04876708984375
58.71574401855469 425.1103820800781
58.773284912109375 425.1671142578125
58.83563995361328 425.218505859375
58.90231704711914 425.26416015625
58.97278594970703 425.3037109375
59.04648971557617 425.3368225097656
59.12284469604492 425.3632507324219
59.20124816894531 425.3828125
59.28107833862305 425.39532470703125
59.3617057800293 425.40069580078125
59.44248962402344 425.39886474609375
59.52279281616211 425.3898620605469
59.60197830200195 425.3737487792969
59.73340606689453 425.3348388671875
59.862247467041016 425.28436279296875
59.98521041870117 425.2236328125
60.06608581542969 425.1745300292969
60.13116455078125 425.12664794921875
60.19173049926758 425.0731506347656
60.2473030090332 425.0144958496094
60.29744338989258 424.9511413574219
60.34175491333008 424.8835754394531
60.37968063354492 424.8127136230469
60.41112518310547 424.73883056640625
60.43593215942383 424.66229248046875
60.453895568847656 424.5835876464844
60.469688415527344 424.4684753417969
60.47662353515625 424.33013916015625
60.47173309326172 424.1916809082031
60.45505142211914 424.0541687011719
60.426700592041016 423.9185791015625
60.38689041137695 423.785888671875
60.335906982421875 423.6570739746094
60.27412414550781 423.5330810546875
60.201988220214844 423.4148254394531
60.12002944946289 423.3031311035156
60.02884292602539 423.1988525390625
59.92909240722656 423.10272216796875
59.82150650024414 423.01544189453125
59.706871032714844 422.9376525878906
59.58601760864258 422.86993408203125
59.45983123779297 422.8127746582031
59.329227447509766 422.7665710449219
59.195159912109375 422.731689453125
59.0586051940918 422.7083740234375
58.920570373535156 422.69677734375
58.79330825805664 422.6970520019531
58.71388626098633 422.7041931152344
58.63541793823242 422.7183837890625
58.55852508544922 422.7394714355469
58.48384475708008 422.7673034667969
58.412330627441406 422.8014831542969
58.3485221862793 422.83929443359375
58.302738189697266 422.872314453125
58.31638717651367 422.8604431152344
58.351375579833984 422.82403564453125
58.39162063598633 422.7739562988281
58.42869567871094 422.71844482421875
58.4608039855957 422.6597595214844
58.48760986328125 422.5985107421875
58.5088996887207 422.53521728515625
58.52363967895508 422.4739685058594
58.52655792236328 422.4542541503906
58.52217483520508 422.5311279296875
58.52473831176758 422.6107482910156
58.53437805175781 422.6899108886719
58.55101776123047 422.76788330078125
58.57483673095703 422.8450927734375
58.60542297363281 422.9198913574219
58.64253616333008 422.9916687011719
58.685882568359375 423.05987548828125
58.7351188659668 423.12396240234375
58.789852142333984 423.18341064453125
58.84965133666992 423.2377624511719
58.91404342651367 423.2865905761719
58.982521057128906 423.3294982910156
59.05453872680664 423.36614990234375
59.1295280456543 423.396240234375
59.2068977355957 423.4195556640625
59.28602981567383 423.4359130859375
59.366302490234375 423.4451599121094
59.447078704833984 423.4472351074219
59.5277214050293 423.442138671875
59.60758972167969 423.42987060546875
59.72241973876953 423.4017333984375
59.853511810302734 423.35736083984375
59.97964859008789 423.30224609375
60.100303649902344 423.23675537109375
60.17820739746094 423.18524169921875
60.241390228271484 423.1348571777344
60.29984664916992 423.0790710449219
60.353111267089844 423.018310546875
60.40076446533203 422.95306396484375
60.44243240356445 422.8838195800781
60.4775505065918 422.8116149902344
60.506126403808594 422.7365417480469
60.527931213378906 422.6591796875
60.54281997680664 422.5799560546875
60.55626678466797 422.4438781738281
60.55807113647461 422.30535888671875
60.54805374145508 422.1672058105469
60.52628707885742 422.0303955078125
60.4929313659668 421.89593505859375
60.4482307434082 421.7648010253906
60.39250946044922 421.6379699707031
60.326171875 421.516357421875
60.24970245361328 421.4008483886719
60.16366195678711 421.2922668457031
60.06867218017578 421.1914367675781
59.965431213378906 421.09906005859375
59.85468673706055 421.0158386230469
59.737247467041016 420.9423522949219
59.61396789550781 420.879150390625
59.485748291015625 420.8266906738281
59.35352325439453 420.7853698730469
59.21825408935547 420.7554931640625
59.080928802490234 420.73724365234375
58.94365310668945 420.7308349609375
58.86357116699219 420.7341003417969
58.78450393676758 420.7444152832031
58.7066650390625 420.76171875
58.63067626953125 420.7858581542969
58.55721664428711 420.8166198730469
58.488075256347656 420.8531188964844
58.42997360229492 420.8907775878906
58.40877914428711 420.90740966796875
58.431827545166016 420.88568115234375
58.47194290161133 420.8404541015625
58.51142883300781 420.787109375
58.54630661010742 420.7301025390625
58.576053619384766 420.6701965332031
58.60038757324219 420.60797119140625
58.61895751953125 420.54449462890625
58.630043029785156 420.48870849609375
58.62830352783203 420.5050354003906
58.62702941894531 420.58392333984375
58.63283920288086 420.6634521484375
58.645694732666016 420.7421569824219
58.66550064086914 420.81939697265625
58.692447662353516 420.89556884765625
58.72605514526367 420.96905517578125
58.76605987548828 421.0392761230469
58.81214904785156 421.10565185546875
58.86395263671875 421.16766357421875
58.92106246948242 421.2248229980469
58.983028411865234 421.27667236328125
59.04935836791992 421.32281494140625
59.11952590942383 421.3628845214844
59.19297790527344 421.3965759277344
59.26913070678711 421.423583984375
59.34738540649414 421.4437255859375
59.427120208740234 421.45684814453125
59.5077018737793 421.46282958984375
59.588497161865234 421.46160888671875
59.66886520385742 421.4532165527344
59.7481689453125 421.4377136230469
59.881187438964844 421.3994445800781
60.0104866027832 421.3499450683594
60.13488006591797 421.2897033691406
60.252933502197266 421.2195129394531
60.3274040222168 421.16595458984375
60.3885612487793 421.1131591796875
60.444786071777344 421.05511474609375
60.495628356933594 420.9923095703125
60.540687561035156 420.92523193359375
60.57935333251953 420.8548889160156
60.611595153808594 420.78143310546875
60.63720703125 420.705322265625
60.656002044677734 420.62701416015625
60.66810989379883 420.5450134277344
60.67633056640625 420.4068298339844
60.672733306884766 420.2683410644531
60.6573371887207 420.13067626953125
60.630252838134766 419.99481201171875
60.59168243408203 419.86175537109375
60.54190444946289 419.73248291015625
60.48128128051758 419.60791015625
60.410255432128906 419.4889831542969
60.329341888427734 419.37652587890625
60.239131927490234 419.2713928222656
60.14028549194336 419.1743469238281
60.03351974487305 419.0860900878906
59.919612884521484 419.0072326660156
59.79939651489258 418.9383850097656
59.67374801635742 418.8800354003906
59.543582916259766 418.8326416015625
59.409847259521484 418.7965087890625
59.27351760864258 418.77191162109375
59.13558578491211 418.759033203125
59.01937484741211 418.75823974609375
58.93988800048828 418.76470947265625
58.861305236816406 418.7782287597656
58.78423309326172 418.7986755371094
58.70929718017578 418.8258972167969
58.63727569580078 418.85955810546875
58.57124710083008 418.8979187011719
58.528411865234375 418.9282531738281
58.53108596801758 418.92596435546875
58.5672607421875 418.8889465332031
58.60792922973633 418.83917236328125
58.64542007446289 418.7840270996094
58.67800521850586 418.7256164550781
58.70530319213867 418.66461181640625
58.726966857910156 418.6018981933594
58.74269104003906 418.5388488769531
58.74258041381836 418.53955078125
58.737918853759766 418.6116638183594
58.73988723754883 418.69134521484375
58.74893569946289 418.77056884765625
58.764991760253906 418.8486633300781
58.78823471069336 418.9260559082031
58.81826400756836 419.0010681152344
58.85483932495117 419.0731201171875
58.897674560546875 419.1416320800781
58.94643020629883 419.2060852050781
59.0007209777832 419.26593017578125
59.060115814208984 419.3207092285156
59.124141693115234 419.3699951171875
59.19229507446289 419.41339111328125
59.2640380859375 419.4505615234375
59.338802337646484 419.4812316894531
59.415992736816406 419.505126953125
59.49500274658203 419.5220642089844
59.5752067565918 419.53192138671875
59.655967712402344 419.53460693359375
59.73664474487305 419.53009033203125
59.81660461425781 419.5184326171875
59.89521026611328 419.4997253417969
60.02666473388672 419.4560241699219
60.15385818481445 419.4012756347656
60.27540969848633 419.3361511230469
60.36054611206055 419.2805480957031
60.42412567138672 419.23046875
60.482913970947266 419.1750183105469
60.53654479980469 419.11456298828125
60.584590911865234 419.0495910644531
60.62667465209961 418.9806213378906
60.66217803955078 418.90875244140625
60.69118118286133 418.83392333984375
60.713443756103516 418.7567138671875
60.728797912597656 418.6776123046875
60.74312973022461 418.5409851074219
60.74577331542969 418.4024658203125
60.73659133911133 418.2642517089844
60.71565628051758 418.1273193359375
60.6831169128418 417.99267578125
60.63920974731445 417.8612976074219
60.58425521850586 417.734130859375
60.51865768432617 417.61212158203125
60.44289016723633 417.49615478515625
60.35750961303711 417.3870544433594
60.26313400268555 417.28564453125
60.16045379638672 417.1926574707031
60.05021667480469 417.1087646484375
59.933223724365234 417.0345764160156
59.81032943725586 416.97064208984375
59.682430267333984 416.91741943359375
59.55045700073242 416.87530517578125
59.415374755859375 416.8446044921875
59.27816390991211 416.8255310058594
59.139957427978516 416.8182373046875
59.05712890625 416.8210754394531
58.977996826171875 416.8309020996094
58.90005111694336 416.84771728515625
58.823909759521484 416.87139892578125
58.75026321411133 416.9017028808594
58.68074417114258 416.9378662109375
58.62263870239258 416.97503662109375
58.59315872192383 416.99786376953125
58.61417770385742 416.9783020019531
58.655025482177734 416.9328308105469
58.69452667236328 416.8801574707031
58.72975158691406 416.8233947753906
58.75987243652344 416.763671875
58.78458023071289 416.70166015625
58.80365753173828 416.6379699707031
58.813751220703125 416.5887756347656
58.809783935546875 416.62396240234375
58.80801773071289 416.7032470703125
58.81333541870117 416.7828063964844
58.825706481933594 416.861572265625
58.845035552978516 416.93896484375
58.87150955200195 417.01531982421875
58.9046630859375 417.0890197753906
58.944236755371094 417.15948486328125
58.98991394042969 417.22613525390625
59.04133224487305 417.2884826660156
59.098087310791016 417.34600830078125
59.15972900390625 417.39825439453125
59.22576904296875 417.44482421875
59.29568862915039 417.4853210449219
59.36893081665039 417.5194396972656
59.444915771484375 417.54693603515625
59.52304458618164 417.56756591796875
59.60269546508789 417.5811767578125
59.6832389831543 417.587646484375
59.764041900634766 417.5869445800781
59.844459533691406 417.57904052734375
59.923858642578125 417.56402587890625
60.057212829589844 417.52655029296875
60.1868896484375 417.4778137207031
60.31189727783203 417.418212890625
60.43087387084961 417.34844970703125
60.53490447998047 417.2747802734375
60.59651184082031 417.2225036621094
60.653228759765625 417.1649475097656
60.70460510253906 417.1025695800781
60.75023651123047 417.035888671875
60.78946304321289 416.9659423828125
60.82229995727539 416.892822265625
60.84853744506836 416.8169860839844
60.867950439453125 416.739013671875
60.880393981933594 416.6593933105469
60.88978576660156 416.521240234375
60.887359619140625 416.3827209472656
60.87312698364258 416.24493408203125
60.84719467163086 416.1088562011719
60.80975341796875 415.9754943847656
60.76106643676758 415.8457946777344
60.70149612426758 415.7207336425781
60.63147735595703 415.6011962890625
60.551517486572266 415.4880676269531
60.46220016479492 415.3821716308594
60.36417770385742 415.2842712402344
60.25816345214844 415.1950988769531
60.144927978515625 415.11529541015625
60.025299072265625 415.0454406738281
59.900146484375 414.9860534667969
59.7703857421875 414.93756103515625
59.636959075927734 414.9002990722656
59.5008430480957 414.8745422363281
59.3630256652832 414.8605041503906
59.22867202758789 414.8583679199219
59.149044036865234 414.86407470703125
59.07033157348633 414.8768005371094
58.99306106567383 414.896484375
58.91786193847656 414.9229431152344
58.84539794921875 414.9559631347656
58.77714920043945 414.9947204589844
58.722328186035156 415.03271484375
58.720726013183594 415.0340576171875
58.75687789916992 414.9978332519531
58.798343658447266 414.9481506347656
58.836273193359375 414.8935852050781
58.869468688964844 414.83551025390625
58.89741516113281 414.7747802734375
58.919822692871094 414.7120666503906
58.93587875366211 414.65045166015625
58.94052505493164 414.6226501464844
58.9359130859375 414.68359375
58.93702697753906 414.7632141113281
58.945228576660156 414.842529296875
58.96044921875 414.9208068847656
58.98286437988281 414.9984436035156
59.012088775634766 415.07379150390625
59.04789352416992 415.146240234375
59.08999252319336 415.2152099609375
59.13805389404297 415.2801513671875
59.19169998168945 415.340576171875
59.25050354003906 415.39599609375
59.31399917602539 415.44598388671875
59.38168716430664 415.4901123046875
59.45302963256836 415.5280456542969
59.527462005615234 415.55950927734375
59.604393005371094 415.584228515625
59.6832160949707 415.6020202636719
59.763309478759766 415.61273193359375
59.84403610229492 415.61627197265625
59.92475891113281 415.6126403808594
60.00483703613281 415.6018371582031
60.13998031616211 415.5714416503906
60.27204895019531 415.5296325683594
60.40006637573242 415.4766845703125
60.52309799194336 415.41302490234375
60.63971710205078 415.3394470214844
60.71623611450195 415.28131103515625
60.77599334716797 415.2269287109375
60.8306770324707 415.1674499511719
60.879859924316406 415.10333251953125
60.92280197143555 415.03564453125
60.959529876708984 414.9644470214844
60.989803314208984 414.8902282714844
61.013370513916016 414.8135986328125
61.03006362915039 414.7350158691406
61.044185638427734 414.619140625
61.04903793334961 414.480712890625
61.04206466674805 414.34234619140625
61.0233154296875 414.205078125
60.99294662475586 414.07000732421875
60.9511604309082 413.93798828125
60.89824295043945 413.8099670410156
60.834598541259766 413.6869201660156
60.76069259643555 413.56976318359375
60.677059173583984 413.4593200683594
60.584312438964844 413.3564147949219
60.48312759399414 413.2618103027344
60.37424087524414 413.1761779785156
60.258445739746094 413.1001281738281
60.13658905029297 413.03424072265625
60.00955581665039 412.9789733886719
59.878273010253906 412.93475341796875
59.74369430541992 412.9018859863281
59.60680389404297 412.880615234375
59.468685150146484 412.8711242675781
59.3724250793457 412.87286376953125
59.29314041137695 412.8813781738281
59.214927673339844 412.89691162109375
59.138404846191406 412.9193115234375
59.06421661376953 412.94842529296875
58.99351501464844 412.98370361328125
58.93265914916992 413.0212097167969
58.89519500732422 413.0492248535156
58.918174743652344 413.0285339355469
58.956241607666016 412.987548828125
58.996192932128906 412.93609619140625
59.03229904174805 412.8800048828125
59.06341552734375 412.82080078125
59.08917236328125 412.7591552734375
59.10921096801758 412.69610595703125
59.12187194824219 412.6392822265625
59.12080001831055 412.64752197265625
59.11771774291992 412.7260437011719
59.12168502807617 412.8056640625
59.132720947265625 412.8846435546875
59.150733947753906 412.96234130859375
59.17591094970703 413.03912353515625
59.20781326293945 413.1133728027344
59.246185302734375 413.1844787597656
59.29072570800781 413.25189208984375
59.34108352661133 413.3150939941406
59.39685821533203 413.3735656738281
59.45760726928711 413.4268493652344
59.522850036621094 413.4745178222656
59.592071533203125 413.5162048339844
59.66472625732422 413.55157470703125
59.740234375 413.5803527832031
59.81800079345703 413.602294921875
59.89741134643555 413.61724853515625
59.97783660888672 413.6250915527344
60.05863952636719 413.625732421875
60.13917922973633 413.61920166015625
60.21881866455078 413.60552978515625
60.3527946472168 413.5703125
60.483280181884766 413.5238037109375
60.60932159423828 413.46630859375
60.72999954223633 413.3982849121094
60.843841552734375 413.32061767578125
60.91545867919922 413.26202392578125
60.97321701049805 413.20550537109375
61.025726318359375 413.1440734863281
61.07257080078125 413.0782470703125
61.11301803588867 413.0091247558594
61.14715576171875 412.9366760253906
61.17473602294922 412.8614196777344
61.19556427001953 412.7838439941406
61.20942306518555 412.7047119140625
61.22117614746094 412.5684814453125
61.22126007080078 412.4299621582031
61.20952606201172 412.29193115234375
61.18606185913086 412.1553955078125
61.151309967041016 412.0224304199219
61.104976654052734 411.89190673828125
61.047672271728516 411.7657775878906
60.97981643676758 411.6449890136719
60.90190887451172 411.53045654296875
60.81451416015625 411.4229736328125
60.71826934814453 411.3233337402344
60.6138801574707 411.2322692871094
60.50210189819336 411.15045166015625
60.383750915527344 411.0784606933594
60.25968933105469 411.0168151855469
60.13082504272461 410.9659729003906
59.99809265136719 410.9263000488281
59.86246109008789 410.8981018066406
59.724918365478516 410.881591796875
59.59646224975586 410.87725830078125
59.51680374145508 410.8815612792969
59.4378776550293 410.8929138183594
59.36027526855469 410.9112243652344
59.28461456298828 410.9363708496094
59.211578369140625 410.9681091308594
59.14292526245117 411.0055236816406
59.088890075683594 411.0415954589844
59.064945220947266 411.0609130859375
59.09439468383789 411.03240966796875
59.13519287109375 410.9851989746094
59.17387390136719 410.9315185546875
59.20800018310547 410.87408447265625
59.23694610595703 410.8138427734375
59.26043701171875 410.75140380859375
59.27790451049805 410.688720703125
59.286048889160156 410.6446838378906
59.28199005126953 410.6882629394531
59.28175354003906 410.7676696777344
59.28860855102539 410.84710693359375
59.30249786376953 410.9256286621094
59.32352066040039 411.00335693359375
59.351463317871094 411.07916259765625
59.38603210449219 411.1521911621094
59.42695617675781 411.22186279296875
59.47391128540039 411.2876281738281
59.52652359008789 411.3489685058594
59.58437728881836 411.4053649902344
59.64701843261719 411.4564208984375
59.71394729614258 411.501708984375
59.78463363647461 411.5408630371094
59.8585205078125 411.5735778808594
59.935020446777344 411.599609375
60.01353073120117 411.61871337890625
60.09342956542969 411.6307678222656
60.1740837097168 411.63568115234375
60.25485610961914 411.6333923339844
60.335105895996094 411.62396240234375
60.47075271606445 411.5958557128906
60.603511810302734 411.5562744140625
60.7324104309082 411.5055236816406
60.85650634765625 411.4439697265625
60.97487258911133 411.3720703125
61.080936431884766 411.2944641113281
61.147865295410156 411.23590087890625
61.203712463378906 411.177490234375
61.254146575927734 411.1143493652344
61.29839324951172 411.04754638671875
61.33648681640625 410.9771423339844
61.368186950683594 410.9035949707031
61.39324951171875 410.82745361328125
61.41146469116211 410.7492980957031
61.422691345214844 410.6696472167969
61.429996490478516 410.5314025878906
61.425479888916016 410.3929443359375
61.40917205810547 410.25537109375
61.38123321533203 410.1199035644531
61.34193801879883 409.9876708984375
61.291297912597656 409.8587341308594
61.22983932495117 409.7345886230469
61.158016204833984 409.6161193847656
61.076351165771484 409.50421142578125
60.98543930053711 409.3996887207031
60.88594436645508 409.30328369140625
60.77859115600586 409.2157287597656
60.664161682128906 409.13763427734375
60.543487548828125 409.0696105957031
60.417449951171875 409.0121154785156
60.28696823120117 408.965576171875
60.152992248535156 408.9303283691406
60.016502380371094 408.9066467285156
59.87849807739258 408.8946838378906
59.77507400512695 408.89471435546875
59.69564437866211 408.90179443359375
59.617164611816406 408.9158935546875
59.54024887084961 408.9369201660156
59.465518951416016 408.9646911621094
59.39375305175781 408.9989013671875
59.32778549194336 409.03790283203125
59.28239440917969 409.070556640625
59.2861328125 409.06732177734375
59.318946838378906 409.0332336425781
59.35886764526367 408.9836120605469
59.3958740234375 408.9282531738281
59.428009033203125 408.8695983886719
59.454837799072266 408.8083801269531
59.476051330566406 408.74542236328125
59.490604400634766 408.6850891113281
59.493045806884766 408.66864013671875
59.488643646240234 408.7453918457031
59.491180419921875 408.8250732421875
59.50079345703125 408.90423583984375
59.51740646362305 408.98223876953125
59.54119873046875 409.0594482421875
59.57176208496094 409.1342468261719
59.60885238647461 409.2060241699219
59.65217590332031 409.27423095703125
59.70138931274414 409.33831787109375
59.756103515625 409.39776611328125
59.81588363647461 409.4521179199219
59.8802604675293 409.5009460449219
59.94872283935547 409.5438537597656
60.020729064941406 409.5805358886719
60.095706939697266 409.61065673828125
60.173065185546875 409.6340026855469
60.252193450927734 409.650390625
60.332462310791016 409.65966796875
60.413238525390625 409.6617736816406
60.49388122558594 409.65667724609375
60.573753356933594 409.6444396972656
60.708343505859375 409.61163330078125
60.83964538574219 409.5674743652344
60.96670150756836 409.51226806640625
61.088584899902344 409.4464111328125
61.20435333251953 409.3704528808594
61.30319595336914 409.2926940917969
61.362083435058594 409.23736572265625
61.41581726074219 409.1770324707031
61.4639778137207 409.1121520996094
61.50577926635742 409.04388427734375
61.54135513305664 408.97216796875
61.570411682128906 408.8975830078125
61.59273910522461 408.8206481933594
61.6081657409668 408.7419128417969
61.619789123535156 408.6318359375
61.62238693237305 408.49334716796875
61.613162994384766 408.3551330566406
61.592185974121094 408.21820068359375
61.56038284301758 408.08685302734375
61.516456604003906 407.9556579589844
61.461456298828125 407.8285827636719
61.395782470703125 407.70660400390625
61.3199462890625 407.5906677246094
61.2344970703125 407.48162841796875
61.14006042480469 407.3802795410156
61.037322998046875 407.287353515625
60.927032470703125 407.2035217285156
60.809993743896484 407.12939453125
60.68706130981445 407.0655212402344
60.55913162231445 407.01239013671875
60.42713165283203 406.9703369140625
60.292030334472656 406.939697265625
60.154808044433594 406.92071533203125
60.016822814941406 406.91351318359375
59.93208694458008 406.9164733886719
59.85295867919922 406.92633056640625
59.7750244140625 406.94317626953125
59.69889831542969 406.9668884277344
59.625205993652344 406.99725341796875
59.55493927001953 407.0338439941406
59.492774963378906 407.0736389160156
59.46990966796875 407.09136962890625
59.48455810546875 407.0777282714844
59.52363204956055 407.0341491699219
59.562705993652344 406.98193359375
59.59784698486328 406.9251708984375
59.627891540527344 406.865478515625
59.65253829956055 406.8034362792969
59.67134475708008 406.74041748046875
59.6768684387207 406.7132873535156
59.67024612426758 406.7729187011719
59.66857147216797 406.85247802734375
59.673988342285156 406.9320373535156
59.68645477294922 407.01080322265625
59.7059440612793 407.0884094238281
59.732513427734375 407.16473388671875
59.7657585144043 407.2383728027344
59.805416107177734 407.30877685546875
59.851173400878906 407.3753662109375
59.90266799926758 407.4376220703125
59.959495544433594 407.49505615234375
60.021202087402344 407.5472106933594
60.08729934692383 407.59368896484375
60.15726852416992 407.6341247558594
60.230552673339844 407.6681823730469
60.30657196044922 407.6955871582031
60.38472366333008 407.71612548828125
60.464393615722656 407.7296447753906
60.544944763183594 407.73602294921875
60.6257438659668 407.7351989746094
60.706153869628906 407.7272033691406
60.842288970947266 407.7015380859375
60.975738525390625 407.66436767578125
61.105533599853516 407.6159362792969
61.2307243347168 407.5566101074219
61.350399017333984 407.4868469238281
61.463680267333984 407.4071350097656
61.56786346435547 407.3196105957031
61.62496566772461 407.262451171875
61.676761627197266 407.200439453125
61.72241973876953 407.1346740722656
61.76201248168945 407.0651550292969
61.7952880859375 406.99237060546875
61.821964263916016 406.9169006347656
61.84185028076172 406.8392639160156
61.85478973388672 406.75994873046875
61.864845275878906 406.625
61.863304138183594 406.4864807128906
61.849952697753906 406.3486022949219
61.82810592651367 406.2303161621094
61.795013427734375 406.11041259765625
61.74688720703125 405.980712890625
61.68780517578125 405.8554382324219
61.61824035644531 405.7356262207031
61.53871154785156 405.6221923828125
61.449798583984375 405.5159606933594
61.352149963378906 405.4176940917969
61.24647521972656 405.328125
61.133544921875 405.2478942871094
61.014183044433594 405.1775817871094
60.889259338378906 405.1177062988281
60.75968551635742 405.0686950683594
60.62640380859375 405.0309143066406
60.490386962890625 405.004638671875
60.352622985839844 404.9900817871094
60.223663330078125 404.987548828125
60.14406967163086 404.99298095703125
60.06531524658203 405.0054626464844
59.987979888916016 405.0248718261719
59.912681579589844 405.05108642578125
59.84007263183594 405.0838623046875
59.77151107788086 405.12249755859375
59.718841552734375 405.15875244140625
59.68577575683594 405.18621826171875
59.70750427246094 405.1645812988281
59.748226165771484 405.1160583496094
59.78623580932617 405.0616760253906
59.81956481933594 405.0036926269531
59.84762954711914 404.9430847167969
59.869998931884766 404.8809509277344
59.88631820678711 404.8189392089844
59.88512420654297 404.82598876953125
59.87950134277344 404.8985595703125
59.88044738769531 404.9782409667969
59.88848114013672 405.0575866699219
59.903533935546875 405.1358947753906
59.92578125 405.21356201171875
59.9548454284668 405.2889709472656
59.99049377441406 405.3614807128906
60.032447814941406 405.4305419921875
60.08037185668945 405.49560546875
60.133888244628906 405.55615234375
60.19257354736328 405.6116943359375
60.25596237182617 405.66180419921875
60.32355499267578 405.7060852050781
60.394813537597656 405.7441711425781
60.46917724609375 405.7757873535156
60.54605484008789 405.8006591796875
60.624839782714844 405.818603515625
60.70491027832031 405.8294677734375
60.78562927246094 405.83319091796875
60.86635971069336 405.8297119140625
60.94646072387695 405.819091796875
61.0816764831543 405.7889709472656
61.21383285522461 405.7474365234375
61.34196472167969 405.69476318359375
61.46513748168945 405.6313781738281
61.58245086669922 405.5577087402344
61.69297409057617 405.474365234375
61.79317855834961 405.3843688964844
61.84836196899414 405.3253479003906
61.89807891845703 405.26165771484375
61.941497802734375 405.1944580078125
61.9787712097168 405.1236877441406
62.00960922241211 405.04986572265625
62.033775329589844 404.97357177734375
62.05108642578125 404.8952941894531
62.06156921386719 404.8143005371094
62.06731414794922 404.6760559082031
62.06123733520508 404.53765869140625
62.04338073730469 404.4002685546875
62.021934509277344 404.30255126953125
61.984413146972656 404.1826477050781
61.93217849731445 404.0552978515625
61.86886978149414 403.9320983886719
61.79527282714844 403.8147277832031
61.71193313598633 403.7040710449219
61.61946105957031 403.6009216308594
61.51852798461914 403.50604248046875
61.40987014770508 403.42010498046875
61.29427719116211 403.34375
61.17259216308594 403.27752685546875
61.04570388793945 403.221923828125
60.9145393371582 403.1773681640625
60.78004837036133 403.1441650390625
60.64321517944336 403.1225280761719
60.50507736206055 403.1126708984375
60.39899444580078 403.1142883300781
60.319679260253906 403.1225280761719
60.241416931152344 403.1377868652344
60.16482162475586 403.1599426269531
60.09052658081055 403.1888122558594
60.019203186035156 403.22412109375
59.953826904296875 403.26409912109375
59.90283203125 403.30194091796875
59.8946533203125 403.3092346191406
59.928871154785156 403.2726135253906
59.96819305419922 403.2222595214844
60.00450134277344 403.16619873046875
60.0357666015625 403.10711669921875
60.06163024902344 403.0456848144531
60.081851959228516 402.9826354980469
60.091644287109375 402.9391784667969
60.086219787597656 402.9801940917969
60.082923889160156 403.0594482421875
60.086708068847656 403.13909912109375
60.097557067871094 403.2181091308594
60.11539077758789 403.29583740234375
60.14038848876953 403.3726806640625
60.172115325927734 403.4469909667969
60.21031951904297 403.5181884765625
60.254703521728516 403.5857238769531
60.30491256713867 403.6490478515625
60.36054992675781 403.7076416015625
60.421173095703125 403.7610778808594
60.486305236816406 403.80889892578125
60.5554313659668 403.8507385253906
60.62800216674805 403.88629150390625
60.70344161987305 403.9152526855469
60.781158447265625 403.9373779296875
60.86053466796875 403.9525146484375
60.940940856933594 403.9605407714844
61.0217399597168 403.9613952636719
61.102294921875 403.9550476074219
61.23892593383789 403.93218994140625
61.373111724853516 403.89776611328125
61.50387191772461 403.8520202636719
61.630252838134766 403.7952880859375
61.75133514404297 403.7279968261719
61.866233825683594 403.6506042480469
61.9739990234375 403.56378173828125
62.05125427246094 403.4896545410156
62.104400634765625 403.42877197265625
62.151451110839844 403.36407470703125
62.192543029785156 403.29547119140625
62.22739028930664 403.22344970703125
62.255699157714844 403.14862060546875
62.27727127075195 403.07147216796875
62.29191589355469 402.9926452636719
62.3016357421875 402.89080810546875
62.30281066894531 402.7522888183594
62.29216384887695 402.6141662597656
62.27893829345703 402.5343017578125
62.25757598876953 402.4516906738281
62.2128791809082 402.3254699707031
62.155948638916016 402.1999816894531
62.088157653808594 402.07916259765625
62.01030731201172 401.9645690917969
61.92296600341797 401.8570251464844
61.82677459716797 401.75732421875
61.72243118286133 401.66619873046875
61.610694885253906 401.5843200683594
61.49238204956055 401.51226806640625
61.36835479736328 401.4505615234375
61.2395133972168 401.399658203125
61.1068000793457 401.35992431640625
60.97118377685547 401.3316650390625
60.833648681640625 401.3150634765625
60.695457458496094 401.3102722167969
60.61574935913086 401.314453125
60.536808013916016 401.3257141113281
60.45918273925781 401.34393310546875
60.383487701416016 401.3689880371094
60.31038284301758 401.400634765625
60.24094009399414 401.4383544921875
60.182655334472656 401.47711181640625
60.14778137207031 401.5051574707031
60.167301177978516 401.486328125
60.20573806762695 401.44195556640625
60.244083404541016 401.38885498046875
60.27829360961914 401.3314208984375
60.30729675292969 401.271240234375
60.33072280883789 401.20916748046875
60.34735107421875 401.1496887207031
60.350730895996094 401.1314392089844
60.34363555908203 401.2073059082031
60.34330749511719 401.28692626953125
60.35007095336914 401.3663635253906
60.363868713378906 401.44488525390625
60.38487243652344 401.5229187011719
60.41272735595703 401.5987854003906
60.44721221923828 401.671875
60.48805618286133 401.7416076660156
60.534934997558594 401.80743408203125
60.58747482299805 401.86883544921875
60.645263671875 401.9253234863281
60.70784378051758 401.9764404296875
60.77471923828125 402.02178955078125
60.845359802246094 402.06103515625
60.91920852661133 402.0938415527344
60.99567794799805 402.11993408203125
61.07416534423828 402.1391296386719
61.154048919677734 402.1512756347656
61.23469924926758 402.1562805175781
61.31547546386719 402.15411376953125
61.45310592651367 402.1383361816406
61.58888626098633 402.1108703613281
61.721832275390625 402.0719299316406
61.85097122192383 402.02178955078125
61.97536087036133 401.9608154296875
62.09409713745117 401.88946533203125
62.2063102722168 401.8082275390625
62.31093215942383 401.71795654296875
62.378807067871094 401.6482238769531
62.42982482910156 401.5855712890625
62.4745979309082 401.5193176269531
62.513301849365234 401.4493713378906
62.54563522338867 401.3762512207031
62.57135772705078 401.30047607421875
62.59025573730469 401.2226867675781
62.60218048095703 401.1434020996094
62.610694885253906 401.0063171386719
62.607452392578125 400.8678283691406
62.5924072265625 400.7301025390625
62.57670593261719 400.6510314941406
62.55270767211914 400.569091796875
62.5057373046875 400.4488525390625
62.444725036621094 400.3251647949219
62.373069763183594 400.20660400390625
62.291561126708984 400.0945739746094
62.20079803466797 399.98992919921875
62.1014404296875 399.8934020996094
61.99420928955078 399.8056945800781
61.87989044189453 399.7274475097656
61.75931167602539 399.65924072265625
61.633358001708984 399.6015625
61.5029411315918 399.5548400878906
61.369014739990234 399.5194091796875
61.2325553894043 399.49554443359375
61.09456253051758 399.4833984375
60.97693634033203 399.48321533203125
60.897491455078125 399.4901123046875
60.81897735595703 399.5040283203125
60.74201202392578 399.5248718261719
60.667213439941406 399.5524597167969
60.59528732299805 399.5865478515625
60.52727508544922 399.6265563964844
60.469627380371094 399.66778564453125
60.45705032348633 399.6786193847656
60.47809982299805 399.6568603515625
60.51611328125 399.60980224609375
60.55302810668945 399.5548095703125
60.585262298583984 399.4962463378906
60.61215591430664 399.4352111816406
60.63320541381836 399.3731384277344
60.64591598510742 399.3208312988281
60.63739776611328 399.3776550292969
60.63275146484375 399.4561462402344
60.635135650634766 399.5357971191406
60.64459991455078 399.6149597167969
60.661067962646484 399.6929931640625
60.684715270996094 399.770263671875
60.71513366699219 399.8451232910156
60.7520866394043 399.9169921875
60.79528045654297 399.98529052734375
60.8443717956543 400.0494689941406
60.89897155761719 400.1090393066406
60.958648681640625 400.16351318359375
61.02293395996094 400.21246337890625
61.09131622314453 400.2555236816406
61.16325378417969 400.2923278808594
61.23817443847656 400.3226013183594
61.31549072265625 400.3460998535156
61.394588470458984 400.36260986328125
61.4748420715332 400.3720397949219
61.55561447143555 400.3742980957031
61.636268615722656 400.369384765625
61.77328109741211 400.34893798828125
61.908050537109375 400.3168640136719
62.03959274291992 400.2734069824219
62.16695022583008 400.2189025878906
62.28919219970703 400.1537170410156
62.40542984008789 400.078369140625
62.514808654785156 399.9933776855469
62.61650085449219 399.8994140625
62.676368713378906 399.83355712890625
62.72468948364258 399.76983642578125
62.76713562011719 399.7021179199219
62.803401947021484 399.6308898925781
62.83319854736328 399.55670166015625
62.856292724609375 399.4801025390625
62.87249755859375 399.4017028808594
62.8839225769043 399.3030090332031
62.88785171508789 399.1649475097656
62.87996292114258 399.0266418457031
62.868492126464844 398.9476318359375
62.850101470947266 398.8702087402344
62.819969177246094 398.7798767089844
62.771728515625 398.6687316894531
62.70595932006836 398.54705810546875
62.62992858886719 398.4312744140625
62.54429626464844 398.3223876953125
62.44968795776367 398.22119140625
62.34679412841797 398.1284484863281
62.23636245727539 398.0447998046875
62.119197845458984 397.97088623046875
61.996158599853516 397.9072265625
61.86813735961914 397.85430908203125
61.73606872558594 397.8125
61.600914001464844 397.7821044921875
61.463661193847656 397.7633361816406
61.32577896118164 397.7563781738281
61.245155334472656 397.75933837890625
61.166046142578125 397.76934814453125
61.08814239501953 397.7863464355469
61.01205825805664 397.8102111816406
60.938411712646484 397.8407287597656
60.86799240112305 397.8775634765625
60.803401947021484 397.9190673828125
60.7640266418457 397.9496765136719
60.759517669677734 397.9538879394531
60.79228210449219 397.9172058105469
60.829917907714844 397.8666687011719
60.864959716796875 397.80975341796875
60.89480972290039 397.7500915527344
60.91896057128906 397.6888732910156
60.9370231628418 397.6277770996094
60.93622589111328 397.63177490234375
60.92859649658203 397.7025146484375
60.92715072631836 397.78216552734375
60.932796478271484 397.8616943359375
60.945491790771484 397.9404296875
60.965396881103516 398.01873779296875
60.992183685302734 398.094970703125
61.025638580322266 398.16851806640625
61.06549835205078 398.2388000488281
61.111446380615234 398.3052673339844
61.16312026977539 398.3674011230469
61.22011184692383 398.4246826171875
61.28196716308594 398.4766845703125
61.34819793701172 398.5229797363281
61.41828155517578 398.5632019042969
61.491661071777344 398.5970458984375
61.56775665283203 398.6242370605469
61.64596939086914 398.64453125
61.725677490234375 398.6578063964844
61.80624771118164 398.6639404296875
61.887046813964844 398.66290283203125
62.02488327026367 398.6490478515625
62.16103744506836 398.6235046386719
62.29451370239258 398.58642578125
62.42434310913086 398.5381164550781
62.54957580566406 398.4788818359375
62.66930389404297 398.4092102050781
62.782649993896484 398.3295593261719
62.88877868652344 398.24053955078125
62.98066329956055 398.14898681640625
63.03453063964844 398.0849914550781
63.08036422729492 398.0195007324219
63.12019729614258 397.9501953125
63.15372085571289 397.87762451171875
63.1806640625 397.8023376464844
63.2008171081543 397.72491455078125
63.214027404785156 397.6458740234375
63.22271728515625 397.5338134765625
63.221473693847656 397.39532470703125
63.21382141113281 397.3160400390625
63.199623107910156 397.24029541015625
63.17811584472656 397.1639099121094
63.139469146728516 397.06207275390625
63.08242416381836 396.94384765625
63.011810302734375 396.82476806640625
62.93124771118164 396.7120666503906
62.841365814208984 396.6066589355469
62.742820739746094 396.5093078613281
62.636329650878906 396.42071533203125
62.52267074584961 396.3415222167969
62.402671813964844 396.2723083496094
62.27720642089844 396.2135925292969
62.14719009399414 396.165771484375
62.01356887817383 396.12921142578125
61.877315521240234 396.10418701171875
61.73942565917969 396.09088134765625
61.61040496826172 396.08953857421875
61.5308952331543 396.0956726074219
61.45225524902344 396.1088562011719
61.375099182128906 396.1289978027344
61.30004119873047 396.1559143066406
61.22771072387695 396.1893615722656
61.159000396728516 396.2289123535156
61.09952163696289 396.2706298828125
61.06707763671875 396.29803466796875
61.0824089050293 396.2825012207031
61.119327545166016 396.2376708984375
61.15658187866211 396.18328857421875
61.18933868408203 396.12506103515625
61.21672821044922 396.0644226074219
61.237972259521484 396.00360107421875
61.248844146728516 395.9605407714844
61.2430419921875 395.9971618652344
61.237735748291016 396.07611083984375
61.23948287963867 396.15582275390625
61.248313903808594 396.2350769042969
61.264156341552734 396.313232421875
61.28718566894531 396.39068603515625
61.3170051574707 396.4657897949219
61.3533821105957 396.5379333496094
61.396026611328125 396.6065673828125
