59.72210693359375 449.7337646484375
59.43307113647461 449.47967529296875
59.133419036865234 449.2381896972656
58.82370376586914 449.009765625
58.50448989868164 448.7947998046875
58.17636489868164 448.59368896484375
57.83993148803711 448.4068298339844
57.49580764770508 448.2345275878906
57.144622802734375 448.0771179199219
56.787017822265625 447.9349060058594
56.42365264892578 447.8081359863281
56.05519104003906 447.697021484375
55.68231201171875 447.601806640625
55.30569839477539 447.52264404296875
54.92604064941406 447.45965576171875
54.54403305053711 447.4129943847656
54.160377502441406 447.3827209472656
53.775779724121094 447.368896484375
53.39094161987305 447.3715515136719
53.006568908691406 447.39068603515625
52.62337112426758 447.42626953125
52.24204635620117 447.47821044921875
51.86329650878906 447.54644775390625
51.487815856933594 447.6308288574219
51.11629104614258 447.731201171875
50.74940490722656 447.847412109375
50.38783264160156 447.9792175292969
50.03223419189453 448.1263732910156
49.68326187133789 448.28863525390625
49.341556549072266 448.4656677246094
49.00774383544922 448.65716552734375
48.682437896728516 448.86279296875
48.366233825683594 449.0821533203125
48.05971145629883 449.3148498535156
47.76343536376953 449.5604553222656
47.47794723510742 449.81854248046875
47.20376968383789 450.0885925292969
46.94140625 450.3701477050781
46.69133758544922 450.6626892089844
46.45402526855469 450.9656677246094
46.22990036010742 451.27850341796875
46.01937484741211 451.6006774902344
45.822837829589844 451.9315490722656
45.640647888183594 452.2705383300781
45.47313690185547 452.61700439453125
45.320613861083984 452.9703369140625
45.18352127075195 453.3294677734375
45.06784439086914 453.6766052246094
45.05254364013672 453.7299499511719
45.054359436035156 453.7225036621094
45.063812255859375 453.6757507324219
45.0723876953125 453.62298583984375
45.079010009765625 453.5693664550781
45.083595275878906 453.51531982421875
45.08611297607422 453.4610290527344
45.08655548095703 453.4066467285156
45.08491897583008 453.3522644042969
45.08120346069336 453.2980041503906
45.07542037963867 453.2439270019531
45.06757354736328 453.19012451171875
45.05768585205078 453.1366882324219
45.04578399658203 453.0837707519531
45.0318717956543 453.0313720703125
45.016021728515625 452.9797058105469
44.998313903808594 452.92901611328125
44.97868347167969 452.8790283203125
44.95907974243164 452.8342590332031
45.07133483886719 453.0607604980469
45.32503890991211 453.5139465332031
45.61183166503906 453.9779052734375
45.92145538330078 454.4346923828125
46.245460510253906 454.8719177246094
46.52731704711914 455.21844482421875
46.807579040527344 455.5308532714844
47.09823989868164 455.8245544433594
47.40150451660156 456.102294921875
47.71800994873047 456.36474609375
48.047019958496094 456.611328125
48.38774490356445 456.8414306640625
48.73936462402344 457.05450439453125
49.10103225708008 457.2500305175781
49.47187042236328 457.42755126953125
49.85098648071289 457.5866394042969
50.237464904785156 457.7268981933594
50.63039779663086 457.8480224609375
51.10283279418945 457.9693908691406
51.64300537109375 458.0832214355469
52.187469482421875 458.17437744140625
52.73401641845703 458.2425537109375
53.28059387207031 458.2875671386719
53.70839309692383 458.3044128417969
54.09650802612305 458.3028564453125
54.48124313354492 458.2848205566406
54.864845275878906 458.2503356933594
55.246620178222656 458.1994934082031
55.62587356567383 458.1323547363281
56.00190734863281 458.0490417480469
56.374061584472656 457.94970703125
56.7423095703125 457.83428955078125
57.106449127197266 457.7027282714844
57.469261169433594 457.5534362792969
57.83090591430664 457.3853759765625
58.190311431884766 457.19781494140625
58.54851531982422 456.988525390625
58.897789001464844 456.7606201171875
59.23564529418945 456.515380859375
59.56093215942383 456.2535705566406
59.8726692199707 455.9759521484375
60.16462326049805 455.6884765625
60.31535339355469 455.52337646484375
60.38896179199219 455.4330749511719
60.44160842895508 455.3605651855469
60.49010467529297 455.2852783203125
60.534339904785156 455.2074279785156
60.57417297363281 455.1272277832031
60.60948181152344 455.044921875
60.64015579223633 454.9607849121094
60.66610336303711 454.8750915527344
60.68724060058594 454.7880859375
60.7035026550293 454.70001220703125
60.714839935302734 454.6111755371094
60.72121810913086 454.5218200683594
60.722618103027344 454.43218994140625
60.718990325927734 454.3416748046875
60.709197998046875 454.2398376464844
60.66246032714844 453.9313049316406
60.58697509765625 453.5569152832031
60.49459457397461 453.1833801269531
60.386287689208984 452.8140869140625
60.262271881103516 452.44976806640625
60.12276840209961 452.0910949707031
59.96803665161133 451.73870849609375
59.79835891723633 451.3932800292969
59.61404800415039 451.0554504394531
59.415443420410156 450.7257995605469
59.20290756225586 450.40496826171875
58.976829528808594 450.0935363769531
58.73762512207031 449.79205322265625
58.4857292175293 449.5010986328125
58.22160720825195 449.22119140625
57.945743560791016 448.9528503417969
57.65864562988281 448.6965637207031
57.360836029052734 448.45281982421875
57.05286407470703 448.2220458984375
56.735294342041016 448.0046691894531
56.40870666503906 447.80108642578125
56.07370376586914 447.6116638183594
55.73089599609375 447.436767578125
55.380916595458984 447.2767028808594
55.0244026184082 447.13177490234375
54.662010192871094 447.0022277832031
54.294403076171875 446.8883361816406
53.92225646972656 446.790283203125
53.5462532043457 446.708251953125
53.167083740234375 446.64239501953125
52.78544235229492 446.59283447265625
52.40202713012695 446.5596618652344
52.01754379272461 446.5429382324219
51.63269805908203 446.5426940917969
51.248191833496094 446.5589294433594
50.8647346496582 446.59161376953125
50.483028411865234 446.64068603515625
50.1037712097168 446.7060546875
49.7276611328125 446.78759765625
49.355384826660156 446.8851623535156
48.98762893676758 446.9985656738281
48.625064849853516 447.12762451171875
48.26836013793945 447.2720947265625
47.91816711425781 447.43170166015625
47.57512664794922 447.60614013671875
47.239871978759766 447.79510498046875
46.91301345825195 447.9982604980469
46.59515380859375 448.2152099609375
46.28687286376953 448.4455871582031
45.988739013671875 448.6889343261719
45.701297760009766 448.94482421875
45.425079345703125 449.2127990722656
45.160587310791016 449.4923400878906
44.90830612182617 449.782958984375
44.668697357177734 450.0841064453125
44.442203521728516 450.3952331542969
44.22924041748047 450.7157897949219
44.03019714355469 451.045166015625
43.84543991088867 451.38275146484375
43.6753044128418 451.7279357910156
43.520103454589844 452.0801086425781
43.38055419921875 452.4375
43.31725311279297 452.6230163574219
43.292667388916016 452.70672607421875
43.30369186401367 452.6626892089844
43.314613342285156 452.6106262207031
43.323665618896484 452.55743408203125
43.33071517944336 452.503662109375
43.335716247558594 452.44952392578125
43.338645935058594 452.39520263671875
43.33949661254883 452.3408203125
43.3382682800293 452.28643798828125
43.334964752197266 452.2321472167969
43.329586029052734 452.17803955078125
43.32215118408203 452.1242370605469
43.312686920166016 452.07086181640625
43.30124282836914 452.0181579589844
43.28779220581055 451.9659423828125
43.272491455078125 451.91473388671875
43.255245208740234 451.8641662597656
43.23636245727539 451.8150329589844
43.23130416870117 451.80328369140625
43.34355926513672 452.0325012207031
43.559547424316406 452.4201965332031
43.84890365600586 452.8878479003906
44.141929626464844 453.3189392089844
44.39289474487305 453.6536560058594
44.65640640258789 453.97137451171875
44.93427276611328 454.2747497558594
45.2265625 454.56396484375
45.532676696777344 454.83843994140625
45.85190963745117 455.0975341796875
46.18349075317383 455.34063720703125
46.52661895751953 455.567138671875
46.880462646484375 455.7765197753906
47.24416732788086 455.9682312011719
47.616851806640625 456.141845703125
47.99761962890625 456.29693603515625
48.385555267333984 456.4331359863281
48.77975082397461 456.55010986328125
49.28334426879883 456.6743469238281
49.824398040771484 456.783447265625
50.369632720947266 456.869873046875
50.91762161254883 456.93341064453125
51.45488357543945 456.9728698730469
51.85358428955078 456.98504638671875
52.239017486572266 456.9802551269531
52.623592376708984 456.958984375
53.00688934326172 456.9212646484375
53.388221740722656 456.8671875
53.76689529418945 456.7968444824219
54.14223098754883 456.7103576660156
54.51364517211914 456.60784912109375
54.8805046081543 456.4894714355469
55.24564743041992 456.3539733886719
55.60469436645508 456.20263671875
55.9718017578125 456.0279541015625
56.3345832824707 455.83367919921875
56.690513610839844 455.6202392578125
57.03744125366211 455.3881530761719
57.372501373291016 455.13897705078125
57.69474792480469 454.8734130859375
58.00333023071289 454.5921325683594
58.295692443847656 454.297607421875
58.50535202026367 454.0631408691406
58.56853485107422 453.984130859375
58.62059783935547 453.9110107421875
58.668399810791016 453.8352966308594
58.7119140625 453.75701904296875
58.751007080078125 453.67645263671875
58.78555679321289 453.5938415527344
58.81545639038086 453.5094299316406
58.840614318847656 453.4234924316406
58.8609504699707 453.3362731933594
58.87640380859375 453.2480773925781
58.886924743652344 453.1591491699219
58.892478942871094 453.06976318359375
58.8930549621582 452.9801330566406
58.88859939575195 452.8898010253906
58.87886428833008 452.7973937988281
58.85763168334961 452.6665954589844
58.779048919677734 452.3030700683594
58.68079376220703 451.9309997558594
58.566688537597656 451.5634460449219
58.43695068359375 451.2011413574219
58.29182052612305 450.8446960449219
58.131561279296875 450.49481201171875
57.95647048950195 450.152099609375
57.76686477661133 449.81719970703125
57.56309509277344 449.49072265625
57.34553527832031 449.17327880859375
57.11458206176758 448.8654479980469
56.87065887451172 448.5677795410156
56.61421585083008 448.28082275390625
56.34572219848633 448.0050964355469
56.065670013427734 447.7411193847656
55.77457046508789 447.4893798828125
55.47296142578125 447.2503356933594
55.16139602661133 447.0244445800781
54.8404426574707 446.81207275390625
54.51069259643555 446.6136474609375
54.17274856567383 446.4295349121094
53.827232360839844 446.2600402832031
53.47477340698242 446.1054992675781
53.116024017333984 445.9661865234375
52.75163650512695 445.8423767089844
52.38228225708008 445.7342834472656
52.00864028930664 445.64208984375
51.63139343261719 445.56597900390625
51.2512321472168 445.506103515625
50.868858337402344 445.4625549316406
50.48497009277344 445.4354248046875
50.10026931762695 445.42474365234375
49.7154655456543 445.4305419921875
49.33126449584961 445.45281982421875
48.948368072509766 445.49151611328125
48.56747817993164 445.54656982421875
48.18929672241211 445.6178894042969
47.81451416015625 445.705322265625
47.44382095336914 445.8087463378906
47.07789611816406 445.9279479980469
46.7174072265625 446.06268310546875
46.36301803588867 446.2127380371094
46.015380859375 446.3778381347656
45.67512893676758 446.5576477050781
45.34288787841797 446.7518615722656
45.01926803588867 446.96014404296875
44.704864501953125 447.18206787109375
44.40024948120117 447.4172668457031
44.10598373413086 447.665283203125
43.822608947753906 447.9256896972656
43.55064010620117 448.1979675292969
43.29058074951172 448.4816589355469
43.042903900146484 448.7762145996094
42.808067321777344 449.08111572265625
42.58650207519531 449.3957824707031
42.37861251831055 449.7196350097656
42.184776306152344 450.0520935058594
42.00535583496094 450.3925476074219
41.840675354003906 450.7403869628906
41.69131088256836 451.09429931640625
41.56593704223633 451.43121337890625
41.52863311767578 451.54644775390625
41.540061950683594 451.5055236816406
41.55230712890625 451.4541015625
41.562767028808594 451.40130615234375
41.57125473022461 451.3477783203125
41.57771301269531 451.2937927246094
41.58210372924805 451.23956298828125
41.58441925048828 451.1852111816406
41.58465576171875 451.13079833984375
41.58281707763672 451.0764465332031
41.57889938354492 451.022216796875
41.57292175292969 450.9682312011719
41.564903259277344 450.9146728515625
41.55490493774414 450.8617858886719
41.54289245605469 450.809326171875
41.529048919677734 450.75799560546875
41.51325607299805 450.7072448730469
41.495933532714844 450.6582946777344
41.48670196533203 450.6351318359375
41.60396957397461 450.89215087890625
41.77476119995117 451.2174072265625
42.05333709716797 451.6912536621094
42.31461715698242 452.0939025878906
42.554718017578125 452.4278869628906
42.810848236083984 452.7495422363281
43.08245849609375 453.0581970214844
43.3689079284668 453.3531494140625
43.66950988769531 453.6336669921875
43.98353958129883 453.8990783691406
44.31024169921875 454.14874267578125
44.64883804321289 454.3820495605469
44.998497009277344 454.59844970703125
45.358360290527344 454.7973937988281
45.7275505065918 454.9784240722656
46.10517120361328 455.1410827636719
46.49031066894531 455.28497314453125
46.88216781616211 455.4097900390625
47.309688568115234 455.5234375
47.84893798828125 455.6411437988281
48.392723083496094 455.7362365722656
48.93986511230469 455.8085021972656
49.46855163574219 455.855712890625
49.978450775146484 455.8791809082031
50.373870849609375 455.8802795410156
50.75874328613281 455.86480712890625
51.1425666809082 455.8328857421875
51.52467346191406 455.7845764160156
51.90436935424805 455.719970703125
52.28095626831055 455.63916015625
52.65379333496094 455.54229736328125
53.02236557006836 455.42950439453125
53.38725280761719 455.3004455566406
53.75188446044922 455.15325927734375
54.11505126953125 454.9873962402344
54.47661209106445 454.8016357421875
54.83744430541992 454.5937194824219
55.18828582763672 454.3676452636719
55.5274543762207 454.1243896484375
55.854244232177734 453.86444091796875
56.16767120361328 453.5885314941406
56.46649169921875 453.29779052734375
56.72749710083008 453.0166931152344
56.89077377319336 452.82073974609375
56.94740676879883 452.7445068359375
56.99673080444336 452.6697692871094
57.04181671142578 452.5924072265625
57.08252716064453 452.51263427734375
57.118736267089844 452.43072509765625
57.15032958984375 452.346923828125
57.17721176147461 452.2615051269531
57.199302673339844 452.1747131347656
57.216529846191406 452.0868225097656
57.22883987426758 451.9981384277344
57.2361946105957 451.9089050292969
57.23857116699219 451.81939697265625
57.2359619140625 451.7298278808594
57.228309631347656 451.6398010253906
57.21414566040039 451.5396728515625
57.15293502807617 451.2296447753906
57.06083679199219 450.8586730957031
56.95199966430664 450.4895324707031
56.827457427978516 450.1253967285156
56.68743896484375 449.7669372558594
56.532203674316406 449.414794921875
56.362030029296875 449.0696105957031
56.1772346496582 448.7320251464844
55.97815704345703 448.4026794433594
55.765159606933594 448.0821533203125
55.53863525390625 447.7710266113281
55.29899597167969 447.46990966796875
55.04668426513672 447.1793212890625
54.782161712646484 446.8997802734375
54.50591278076172 446.6318359375
54.21844482421875 446.3759765625
53.9202880859375 446.1326599121094
53.61198425292969 445.9023132324219
53.29410171508789 445.6853942871094
52.96722412109375 445.4822692871094
52.6319465637207 445.2933349609375
52.28888702392578 445.1189270019531
51.93867492675781 444.9593811035156
51.58195495605469 444.8149719238281
51.21937561035156 444.6859436035156
50.85160827636719 444.57257080078125
50.47932434082031 444.47503662109375
50.10320281982422 444.3935546875
49.72393798828125 444.3282470703125
49.34222412109375 444.27923583984375
48.958763122558594 444.2466125488281
48.574256896972656 444.2304382324219
48.18941116333008 444.2307434082031
47.804931640625 444.2475280761719
47.4215202331543 444.28076171875
47.03988265991211 444.3303527832031
46.66072082519531 444.396240234375
46.28472900390625 444.4783020019531
45.912593841552734 444.5763854980469
45.54500198364258 444.6903381347656
45.18262481689453 444.8199157714844
44.82612609863281 444.9648742675781
44.47616195678711 445.1249694824219
44.13337326049805 445.2998962402344
43.79838943481445 445.4893493652344
43.471824645996094 445.6929626464844
43.15427780151367 445.9103698730469
42.84632873535156 446.14117431640625
42.548545837402344 446.38494873046875
42.261474609375 446.6412658691406
41.98564147949219 446.9096374511719
41.72154998779297 447.1895751953125
41.46968460083008 447.4805603027344
41.23051071166992 447.7820739746094
41.00446319580078 448.0935363769531
40.791961669921875 448.4143981933594
40.59339141845703 448.7440490722656
40.40911865234375 449.0819091796875
40.239479064941406 449.4273376464844
40.08553695678711 449.77801513671875
39.95256805419922 450.1202087402344
39.95663833618164 450.1083068847656
39.967838287353516 450.0707702636719
39.98089599609375 450.0199279785156
39.99235153198242 449.9670104980469
40.00180435180664 449.9135437011719
40.009220123291016 449.8596496582031
40.01457214355469 449.8055114746094
40.01784896850586 449.751220703125
40.019046783447266 449.6968688964844
40.01816940307617 449.642578125
40.01521682739258 449.5883483886719
40.01020812988281 449.5344543457031
40.00318908691406 449.4811706542969
39.9942741394043 449.4289855957031
39.983367919921875 449.377197265625
39.97087478637695 449.3274230957031
39.9572639465332 449.2808837890625
39.94189453125 449.2349853515625
39.935001373291016 449.2168273925781
40.04853439331055 449.47686767578125
40.28605270385742 449.9541015625
40.55088806152344 450.43377685546875
40.79618835449219 450.8348693847656
41.02834701538086 451.176513671875
41.275856018066406 451.50482177734375
41.53919219970703 451.820556640625
41.81773376464844 452.12298583984375
42.110816955566406 452.411376953125
42.41788864135742 452.6851806640625
42.737937927246094 452.9434814453125
43.07084274291992 453.1861877441406
43.4154167175293 453.41241455078125
43.770626068115234 453.6214599609375
44.13505172729492 453.8125
44.508541107177734 453.9854736328125
44.889892578125 454.13983154296875
45.27811813354492 454.2751770019531
45.67335891723633 454.39154052734375
46.20466995239258 454.5219421386719
46.745731353759766 454.63092041015625
47.29098129272461 454.71722412109375
47.839176177978516 454.7806396484375
48.362579345703125 454.8188171386719
48.78620147705078 454.831298828125
49.17237091064453 454.82598876953125
49.55691146850586 454.80419921875
49.94015884399414 454.7659912109375
50.3214225769043 454.71142578125
50.700008392333984 454.6405944824219
51.07526397705078 454.5536193847656
51.44677734375 454.4505615234375
51.81369400024414 454.33160400390625
52.1766242980957 454.1964416503906
52.538734436035156 454.04327392578125
52.90461349487305 453.8685302734375
53.26699447631836 453.6738586425781
53.623634338378906 453.4592590332031
53.970096588134766 453.2266540527344
54.304710388183594 452.97698974609375
54.62653732299805 452.7109069824219
54.934688568115234 452.4291076660156
55.228294372558594 452.1324157714844
55.4998664855957 451.8289794921875
55.623355865478516 451.67523193359375
55.67694854736328 451.6002502441406
55.72489547729492 451.5246276855469
55.7685546875 451.4464416503906
55.807796478271484 451.3659362792969
55.842498779296875 451.28338623046875
55.872554779052734 451.19903564453125
55.89786911010742 451.1131286621094
55.918365478515625 451.0259704589844
55.93397903442383 450.93780517578125
55.944664001464844 450.8489074707031
55.95038604736328 450.7595520019531
55.95112609863281 450.6700134277344
55.946876525878906 450.58050537109375
55.93763732910156 450.4912109375
55.92152404785156 450.390625
55.85307693481445 450.0741882324219
55.75431823730469 449.7046203613281
55.63896560668945 449.33746337890625
55.507999420166016 448.9755859375
55.36166000366211 448.6196594238281
55.20021438598633 448.27032470703125
55.02396011352539 447.92822265625
54.833221435546875 447.5939636230469
54.62834548950195 447.2681884765625
54.40970993041992 446.95147705078125
54.17771530151367 446.6444091796875
53.93278503417969 446.3475646972656
53.67536926269531 446.0614929199219
53.405941009521484 445.78668212890625
53.124996185302734 445.523681640625
52.833045959472656 445.27294921875
52.5306282043457 445.0349426269531
52.21829605102539 444.8100891113281
51.89662551879883 444.59881591796875
51.56620407104492 444.4015197753906
51.227638244628906 444.2185363769531
50.88154602050781 444.05023193359375
50.528568267822266 443.8968811035156
50.16934585571289 443.7587890625
49.804542541503906 443.6361999511719
49.4348258972168 443.52935791015625
49.06087112426758 443.4384460449219
48.68336868286133 443.3636169433594
48.303009033203125 443.3050231933594
47.92049026489258 443.26275634765625
47.5365104675293 443.2369079589844
47.15177917480469 443.2275390625
46.766998291015625 443.2346496582031
46.38287353515625 443.25823974609375
46.0001106262207 443.2982482910156
45.61941146850586 443.3546142578125
45.24147415161133 443.4272155761719
44.86699295043945 443.51593017578125
44.49665069580078 443.62060546875
44.13113021850586 443.74102783203125
43.77110290527344 443.8769836425781
43.4172248840332 444.0282287597656
43.07014846801758 444.1944885253906
42.73051071166992 444.3754577636719
42.398929595947266 444.57080078125
42.076019287109375 444.7801818847656
41.762367248535156 445.003173828125
41.458553314208984 445.2394104003906
41.165130615234375 445.4884338378906
40.88264083862305 445.7497863769531
40.61159896850586 446.02301025390625
40.352500915527344 446.3075866699219
40.10582733154297 446.6029968261719
39.87202453613281 446.90869140625
39.651527404785156 447.22412109375
39.44473648071289 447.5486755371094
39.25202941894531 447.8818054199219
39.07376480102539 448.2228698730469
38.910675048828125 448.5704040527344
38.76647186279297 448.9154968261719
38.69426727294922 449.1119384765625
38.7082633972168 449.0683898925781
38.722618103027344 449.01702880859375
38.73521423339844 448.9642639160156
38.74580001831055 448.91094970703125
38.75434875488281 448.85723876953125
38.76083755493164 448.80322265625
38.7652587890625 448.7489929199219
38.767601013183594 448.6947021484375
38.76786804199219 448.640380859375
38.76605987548828 448.5862121582031
38.76220703125 448.5325012207031
38.756385803222656 448.479736328125
38.74855041503906 448.4272766113281
38.73871612548828 448.3751525878906
38.727264404296875 448.3251037597656
38.7147216796875 448.27862548828125
38.70042037963867 448.2327575683594
38.71294021606445 448.2677307128906
38.818851470947266 448.52215576171875
39.02204132080078 448.9462585449219
39.272151947021484 449.4124755859375
39.48622512817383 449.7707824707031
39.71415710449219 450.11297607421875
39.95863342285156 450.44354248046875
40.219078063964844 450.76171875
40.4948844909668 451.0667724609375
40.78547668457031 451.3580322265625
41.090274810791016 451.6349182128906
41.410400390625 451.89837646484375
41.7419319152832 452.1451416015625
42.08554458618164 452.3757019042969
42.43992233276367 452.5892028808594
42.80548858642578 452.7858581542969
43.17908477783203 452.9639587402344
43.558589935302734 453.1225891113281
43.94526672363281 453.2622985839844
44.338348388671875 453.3828430175781
44.85927200317383 453.5167541503906
45.399227142333984 453.6314697265625
45.9434928894043 453.7235412597656
46.490142822265625 453.7926330566406
47.03805923461914 453.8387145996094
47.55207443237305 453.8599548339844
47.9635009765625 453.8591003417969
48.34835433959961 453.8417053222656
48.732017517089844 453.807861328125
49.11387634277344 453.75762939453125
49.49324417114258 453.69110107421875
49.869468688964844 453.6083984375
50.24186325073242 453.5096435546875
50.6100959777832 453.3948974609375
50.97608184814453 453.2633056640625
51.34377670288086 453.1124572753906
51.70458984375 452.9450988769531
52.068267822265625 452.75543212890625
52.42717742919922 452.5455322265625
52.77622604370117 452.3175354003906
53.114013671875 452.07208251953125
53.43918228149414 451.8100891113281
53.75088882446289 451.5322265625
54.04814910888672 451.2393798828125
54.32891845703125 450.9336853027344
54.5821418762207 450.62841796875
54.64078903198242 450.54949951171875
54.69019317626953 450.4746398925781
54.73528289794922 450.39727783203125
54.775997161865234 450.3175354003906
54.81221008300781 450.2356262207031
54.84381103515625 450.1518249511719
54.87070083618164 450.06640625
54.89279556274414 449.9796142578125
54.91002655029297 449.8917541503906
54.92234420776367 449.8030700683594
54.92970657348633 449.7138366699219
54.932090759277344 449.62432861328125
54.92948913574219 449.5348205566406
54.921905517578125 449.4455261230469
54.90886306762695 449.353271484375
54.88131332397461 449.21478271484375
54.788848876953125 448.84918212890625
54.67792892456055 448.48065185546875
54.551334381103516 448.1172180175781
54.40929412841797 447.7595520019531
54.252071380615234 447.4082946777344
54.079952239990234 447.0640869140625
53.893253326416016 446.7275695800781
53.692317962646484 446.39935302734375
53.47751235961914 446.08001708984375
53.24923324584961 445.7701721191406
53.007896423339844 445.47039794921875
52.75394821166992 445.1812438964844
52.487850189208984 444.9032287597656
52.2100944519043 444.6368408203125
51.92118835449219 444.3825988769531
51.62166213989258 444.1409606933594
51.31206130981445 443.912353515625
50.992958068847656 443.6972351074219
50.66493606567383 443.4959716796875
50.32859802246094 443.3089294433594
49.984561920166016 443.136474609375
49.63345718383789 442.9788818359375
49.27592468261719 442.83648681640625
48.91262435913086 442.70953369140625
48.544219970703125 442.5982360839844
48.171390533447266 442.5028076171875
47.79481506347656 442.4234313964844
47.41518783569336 442.3602600097656
47.033203125 442.3133850097656
46.64956283569336 442.2829284667969
46.26496887207031 442.2689208984375
45.880130767822266 442.2713928222656
45.495750427246094 442.29034423828125
45.11253356933594 442.3257141113281
44.73118209838867 442.3774719238281
44.35239791870117 442.4455261230469
43.97687530517578 442.52972412109375
43.60530090332031 442.6299133300781
43.23835754394531 442.7459411621094
42.87671661376953 442.8775634765625
42.52104187011719 443.0245361328125
42.1719856262207 443.1866149902344
41.8301887512207 443.3634948730469
41.496280670166016 443.5548400878906
41.17087173461914 443.76031494140625
40.854557037353516 443.9795227050781
40.547916412353516 444.2120666503906
40.25151443481445 444.45751953125
39.96589279174805 444.7154541015625
39.69157791137695 444.9853820800781
39.42906951904297 445.2668151855469
39.17885208129883 445.5592041015625
38.941383361816406 445.862060546875
38.717098236083984 446.1748046875
38.50640869140625 446.4968566894531
38.3097038269043 446.82763671875
38.127342224121094 447.1665344238281
37.959800720214844 447.51263427734375
37.814453125 447.84906005859375
37.76103973388672 447.9890441894531
37.77381134033203 447.950927734375
37.78861618041992 447.900390625
37.801841735839844 447.84783935546875
37.813079833984375 447.7947082519531
37.82229232788086 447.7410888671875
37.82944869995117 447.6871643066406
37.834537506103516 447.63299560546875
37.83755111694336 447.5787048339844
37.83848571777344 447.5244445800781
37.837345123291016 447.47021484375
37.83414840698242 447.41632080078125
37.828956604003906 447.3632507324219
37.82173538208008 447.3104248046875
37.81275177001953 447.2593688964844
37.80244827270508 447.211669921875
37.79169464111328 447.1698303222656
37.77935791015625 447.1285705566406
37.78118896484375 447.1339111328125
37.88760757446289 447.3995361328125
38.10450744628906 447.87030029296875
38.351200103759766 448.3496398925781
38.56258773803711 448.71795654296875
38.78444290161133 449.0641174316406
39.02304458618164 449.3989562988281
39.277828216552734 449.7216796875
39.54823303222656 450.0315856933594
39.8344612121582 450.328857421875
40.13617706298828 450.6130676269531
40.453582763671875 450.8842468261719
40.78795623779297 451.143310546875
41.137542724609375 451.3887023925781
41.490447998046875 451.6121826171875
41.860107421875 451.822265625
42.23463821411133 452.0121765136719
42.615020751953125 452.1825866699219
42.998382568359375 452.3323669433594
43.38845443725586 452.46307373046875
43.7859992980957 452.57489013671875
44.31743240356445 452.6985168457031
44.85987091064453 452.8009033203125
45.40607452392578 452.8805236816406
45.95364761352539 452.9371032714844
46.41693878173828 452.9649353027344
46.810123443603516 452.9714050292969
47.1953239440918 452.9612121582031
47.579559326171875 452.9345703125
47.96229553222656 452.8915100097656
48.34284973144531 452.8321228027344
48.720523834228516 452.7565002441406
49.094688415527344 452.6647644042969
49.46516418457031 452.5569152832031
49.83152389526367 452.4329528808594
50.196502685546875 452.2915344238281
50.56485366821289 452.1294860839844
50.931129455566406 451.947509765625
51.291954040527344 451.74609375
51.64584732055664 451.52508544921875
51.98854064941406 451.2865905761719
52.318931579589844 451.03131103515625
52.63624572753906 450.7598571777344
52.93959426879883 450.47296142578125
53.2279167175293 450.1716613769531
53.498130798339844 449.85943603515625
53.57427978515625 449.7613830566406
53.62797546386719 449.6836242675781
53.67467498779297 449.6072082519531
53.7170524597168 449.5283203125
53.754974365234375 449.44720458984375
53.78832244873047 449.3641052246094
53.816993713378906 449.2792663574219
53.84090042114258 449.1929626464844
53.85997009277344 449.10546875
53.874141693115234 449.0170593261719
53.88336944580078 448.927978515625
53.88762664794922 448.8385314941406
53.88690185546875 448.7489929199219
53.881195068359375 448.65960693359375
53.8704948425293 448.5704650878906
53.85423278808594 448.47857666015625
53.79981994628906 448.2469787597656
53.69468688964844 447.88348388671875
53.57144546508789 447.5188903808594
53.432708740234375 447.159912109375
53.27872848510742 446.8072204589844
53.10979080200195 446.46142578125
52.92620086669922 446.1231994628906
52.72829818725586 445.7931213378906
52.51644515991211 445.4718322753906
52.29103088378906 445.159912109375
52.052467346191406 444.8579406738281
51.80119323730469 444.5664367675781
51.53767013549805 444.2859802246094
51.26237869262695 444.0170593261719
50.975826263427734 443.7601623535156
50.67853927612305 443.5157775878906
50.37105941772461 443.2843322753906
50.053951263427734 443.0662841796875
49.72779846191406 442.86199951171875
49.3931999206543 442.671875
49.05076599121094 442.4962463378906
48.70112609863281 442.33544921875
48.34492111206055 442.18975830078125
47.98280715942383 442.0594482421875
47.61544418334961 441.94476318359375
47.243507385253906 441.8459167480469
46.867679595947266 441.7630920410156
46.488651275634766 441.6964111328125
46.10711669921875 441.6460266113281
45.72377395629883 441.6120300292969
45.33932876586914 441.594482421875
44.95448303222656 441.5934143066406
44.569942474365234 441.60882568359375
44.18641662597656 441.64068603515625
43.804603576660156 441.6889343261719
43.425209045410156 441.75347900390625
43.04892349243164 441.8341979980469
42.67644119262695 441.93096923828125
42.30844497680664 442.0436096191406
41.94560623168945 442.171875
41.588592529296875 442.3155822753906
41.238059997558594 442.47442626953125
40.894649505615234 442.64813232421875
40.558990478515625 442.8363952636719
40.2317008972168 443.0388488769531
39.91337966918945 443.255126953125
39.604610443115234 443.4848327636719
39.30595779418945 443.7275695800781
39.01797103881836 443.98284912109375
38.741180419921875 444.250244140625
38.47609329223633 444.52923583984375
38.22319412231445 444.8193054199219
37.98294448852539 445.1199645996094
37.75578689575195 445.4306335449219
37.54214096069336 445.750732421875
37.3423957824707 446.0796813964844
37.156917572021484 446.4168701171875
36.98636245727539 446.7610778808594
36.86110305786133 447.04412841796875
36.82376480102539 447.13946533203125
36.84051513671875 447.09100341796875
36.85599136352539 447.03997802734375
36.869747161865234 446.98748779296875
36.88151168823242 446.93438720703125
36.891239166259766 446.880859375
36.8989143371582 446.8269958496094
36.90452575683594 446.7729187011719
36.90806198120117 446.7187194824219
36.909515380859375 446.66461181640625
36.908905029296875 446.6109619140625
36.90624237060547 446.557373046875
36.90162658691406 446.50506591796875
36.89531707763672 446.4554443359375
36.88711166381836 446.4061584472656
36.8780403137207 446.36224365234375
36.86946105957031 446.32763671875
36.85957336425781 446.2935791015625
36.87602233886719 446.3424072265625
36.98191452026367 446.6103820800781
37.1972541809082 447.083740234375
37.393890380859375 447.4677429199219
37.59898376464844 447.8242492675781
37.82127380371094 448.1701354980469
38.06032180786133 448.50469970703125
38.31562423706055 448.8272705078125
38.588218688964844 449.1390380859375
38.87824630737305 449.44000244140625
39.18826675415039 449.73248291015625
39.51908493041992 450.0168762207031
39.87533950805664 450.2967224121094
40.249046325683594 450.5654602050781
40.62022018432617 450.808837890625
41.00137710571289 451.03521728515625
41.382164001464844 451.2386474609375
41.76810073852539 451.42230224609375
42.151065826416016 451.5826110839844
42.53764724731445 451.72265625
42.93189239501953 451.84393310546875
43.4636116027832 451.9813537597656
44.003257751464844 452.0969543457031
44.54740905761719 452.18994140625
45.09324645996094 452.2598571777344
45.6280403137207 452.3055419921875
46.07594299316406 452.3243713378906
46.466434478759766 452.32379150390625
46.85122299194336 452.3067321777344
47.23491287231445 452.2732238769531
47.616817474365234 452.22332763671875
47.996253967285156 452.1571350097656
48.37260437011719 452.0747375488281
48.7451286315918 451.9762878417969
49.11393356323242 451.8616943359375
49.48202133178711 451.72955322265625
49.84638595581055 451.58038330078125
50.21467208862305 451.40972900390625
50.57485580444336 451.221923828125
50.93440246582031 451.0118713378906
51.28388977050781 450.7837219238281
51.6217155456543 450.5383605957031
51.94694519042969 450.2764587402344
52.258724212646484 449.9986572265625
52.5562629699707 449.7056884765625
52.838218688964844 449.3988952636719
53.07333755493164 449.1152648925781
53.142234802246094 449.0223388671875
53.191490173339844 448.947509765625
53.236488342285156 448.8700866699219
53.27710723876953 448.790283203125
53.31322479248047 448.7083435058594
53.3447265625 448.62451171875
53.37151336669922 448.5390625
53.39350509643555 448.4522705078125
53.4106330871582 448.3643798828125
53.42284393310547 448.2756652832031
53.43009948730469 448.1864013671875
53.432376861572266 448.0968933105469
53.42967224121094 448.00738525390625
53.42198944091797 447.91815185546875
53.4093132019043 447.8292236328125
53.38827896118164 447.7240295410156
53.32440185546875 447.47686767578125
53.210052490234375 447.1097106933594
53.079978942871094 446.74749755859375
52.93451690673828 446.3912048339844
52.77393341064453 446.0414733886719
52.5985221862793 445.69891357421875
52.408607482910156 445.36419677734375
52.20453643798828 445.03790283203125
51.9866828918457 444.72064208984375
51.75544357299805 444.41302490234375
51.51124572753906 444.1155700683594
51.25453567504883 443.828857421875
50.98578643798828 443.55340576171875
50.70549011230469 443.2897033691406
50.41415786743164 443.0382385253906
50.112327575683594 442.7994689941406
49.80055236816406 442.5738525390625
49.47940444946289 442.3617858886719
49.149471282958984 442.1636657714844
48.81135559082031 441.9798583984375
48.46568298339844 441.8106994628906
48.11308288574219 441.656494140625
47.75420379638672 441.51751708984375
47.38970184326172 441.39404296875
47.02024841308594 441.2862854003906
46.64651870727539 441.1944580078125
46.269203186035156 441.11871337890625
45.88898849487305 441.0591735839844
45.50657272338867 441.0159606933594
45.122657775878906 440.9891662597656
44.73794937133789 440.9788513183594
44.353153228759766 440.9850158691406
43.968971252441406 441.00762939453125
43.58610916137695 441.04669189453125
43.20527267456055 441.10211181640625
42.82715606689453 441.17376708984375
42.452457427978516 441.2615661621094
42.08185958862305 441.3653259277344
41.71604537963867 441.48486328125
41.355682373046875 441.61993408203125
41.001434326171875 441.77032470703125
40.65394973754883 441.93572998046875
40.313865661621094 442.1158752441406
39.98180389404297 442.3103942871094
39.65837860107422 442.51898193359375
39.34417724609375 442.7412109375
39.03977966308594 442.9766845703125
38.74574279785156 443.2249755859375
38.462608337402344 443.4856262207031
38.19089126586914 443.7581787109375
37.931095123291016 444.0421142578125
37.683692932128906 444.3369140625
37.44913864135742 444.64202880859375
37.22786331176758 444.9569091796875
37.02027130126953 445.2809753417969
36.826744079589844 445.6136169433594
36.64763641357422 445.9542541503906
36.48371505737305 446.30133056640625
36.45637893676758 446.3662109375
36.468929290771484 446.33270263671875
36.48533630371094 446.2831726074219
36.500240325927734 446.2316589355469
36.51332473754883 446.178955078125
36.52440643310547 446.1257019042969
36.533443450927734 446.0720520019531
36.5404167175293 446.01812744140625
36.54531478881836 445.9640808105469
36.54814529418945 445.9098815917969
36.54889678955078 445.85589599609375
36.5475959777832 445.8025817871094
36.54425811767578 445.7493591308594
36.53904342651367 445.6979064941406
36.53232955932617 445.6501159667969
36.524967193603516 445.60931396484375
36.51604461669922 445.5689697265625
36.508575439453125 445.5405578613281
36.50003433227539 445.5126647949219
36.56050491333008 445.6816101074219
36.67469787597656 445.95269775390625
36.86716842651367 446.34991455078125
37.064334869384766 446.7109680175781
37.27888488769531 447.06170654296875
37.510528564453125 447.4016418457031
37.75853729248047 447.729736328125
38.022605895996094 448.0455627441406
38.30485153198242 448.3514709472656
38.60743713378906 448.6495056152344
38.933231353759766 448.9419860839844
39.28157424926758 449.2279052734375
39.658042907714844 449.511474609375
40.049407958984375 449.7826232910156
40.43465805053711 450.0268249511719
40.82701873779297 450.2526550292969
41.23847579956055 450.4669189453125
41.628910064697266 450.6489562988281
42.012245178222656 450.8059997558594
42.39988708496094 450.94305419921875
42.79536819458008 451.0613708496094
43.303260803222656 451.18798828125
43.84408950805664 451.2984924316406
44.38909149169922 451.3863220214844
44.93704605102539 451.4512939453125
45.46172332763672 451.4910583496094
45.88713073730469 451.50482177734375
46.27500534057617 451.5005798339844
46.65960693359375 451.4798583984375
47.04296112060547 451.4427185058594
47.42437744140625 451.3891906738281
47.803157806396484 451.31939697265625
48.17863845825195 451.23345947265625
48.55031204223633 451.1314697265625
48.917991638183594 451.0133972167969
49.28194046020508 450.8789978027344
49.64787292480469 450.7253112792969
50.01188659667969 450.5526428222656
50.373355865478516 450.3599548339844
50.7303352355957 450.1468811035156
51.077754974365234 449.9154357910156
51.413299560546875 449.66693115234375
51.73606872558594 449.4019775390625
52.04523849487305 449.12127685546875
52.34001922607422 448.8255310058594
52.61863327026367 448.5166015625
52.8331413269043 448.2525329589844
52.93439865112305 448.1128845214844
52.98291778564453 448.0373840332031
53.02707290649414 447.95947265625
53.06682205200195 447.8792419433594
53.102046966552734 447.7969055175781
53.132633209228516 447.7127380371094
53.15848922729492 447.62701416015625
53.179534912109375 447.53997802734375
53.19570541381836 447.451904296875
53.20695114135742 447.3630676269531
53.213233947753906 447.27374267578125
53.21453857421875 447.1842041015625
53.21085739135742 447.0947265625
53.20220184326172 447.0055847167969
53.188541412353516 446.91668701171875
53.16489791870117 446.8048095703125
53.09080505371094 446.5300598144531
52.972713470458984 446.1639099121094
52.83900833129883 445.80303955078125
52.68997573852539 445.4482116699219
52.5258903503418 445.10009765625
52.347049713134766 444.75933837890625
52.15378189086914 444.4265441894531
51.946441650390625 444.1023254394531
51.72541046142578 443.78729248046875
51.491092681884766 443.48199462890625
51.243919372558594 443.18701171875
50.984344482421875 442.90289306640625
50.71284103393555 442.630126953125
50.429908752441406 442.3692626953125
50.13606643676758 442.1207275390625
49.831851959228516 441.885009765625
49.517826080322266 441.66253662109375
49.19456100463867 441.4537048339844
48.86265182495117 441.2589111328125
48.522708892822266 441.0785217285156
48.17535400390625 440.912841796875
47.821224212646484 440.7621765136719
47.460968017578125 440.6268310546875
47.095245361328125 440.50701904296875
46.724727630615234 440.4029846191406
46.35009765625 440.3149108886719
45.97203826904297 440.2429504394531
45.591243743896484 440.187255859375
45.208412170410156 440.14788818359375
44.824249267578125 440.1249694824219
44.439456939697266 440.1184997558594
44.05474090576172 440.1285095214844
43.670806884765625 440.1549987792969
43.28835678100586 440.1979064941406
42.90809631347656 440.25714111328125
42.53071975708008 440.3326110839844
42.15692138671875 440.4241638183594
41.787384033203125 440.5316467285156
41.422786712646484 440.65484619140625
41.06380081176758 440.7935485839844
40.71107864379883 440.9474792480469
40.365272521972656 441.1163635253906
40.027015686035156 441.2998962402344
39.69692611694336 441.49774169921875
39.3756103515625 441.7095642089844
39.06365966796875 441.9349365234375
38.76164245605469 442.1734619140625
38.470115661621094 442.4246826171875
38.189613342285156 442.68817138671875
37.920650482177734 442.96343994140625
37.663719177246094 443.2499694824219
37.419288635253906 443.5472412109375
37.187808990478516 443.8547058105469
36.96970748901367 444.1717834472656
36.765380859375 444.4978942871094
36.5752067565918 444.83245849609375
36.39952850341797 445.17486572265625
36.260223388671875 445.4779968261719
36.20371627807617 445.6165771484375
36.22056198120117 445.56988525390625
36.236873626708984 445.5185852050781
36.251346588134766 445.4662170410156
36.26382064819336 445.4132995605469
36.27426528930664 445.35992431640625
36.28266143798828 445.3061828613281
36.288997650146484 445.2521667480469
36.29325866699219 445.197998046875
36.295440673828125 445.1438293457031
36.29555130004883 445.0899963378906
36.293601989746094 445.03619384765625
36.2896614074707 444.9834289550781
36.283935546875 444.9329833984375
36.276283264160156 444.8828430175781
36.2675666809082 444.8375549316406
36.25908279418945 444.8011779785156
36.24922180175781 444.7653503417969
36.238014221191406 444.7301330566406
36.338768005371094 445.0007629394531
36.45811080932617 445.2728271484375
36.656158447265625 445.6667175292969
36.8585205078125 446.02471923828125
37.07820510864258 446.3722839355469
37.31492233276367 446.708984375
37.56829071044922 447.0342102050781
37.83905792236328 447.34881591796875
38.12822723388672 447.65374755859375
38.44068145751953 447.9537353515625
38.77883529663086 448.2505187988281
39.14647674560547 448.5469970703125
39.5354118347168 448.8363952636719
39.93655776977539 449.11199951171875
40.3598518371582 449.3807067871094
40.75542068481445 449.6108703613281
41.16997528076172 449.82965087890625
41.56083679199219 450.0147705078125
41.9425163269043 450.173828125
42.32933044433594 450.313232421875
42.722713470458984 450.4335021972656
43.240169525146484 450.56597900390625
43.78026580810547 450.6800842285156
44.32466506958008 450.77154541015625
44.87202072143555 450.84014892578125
45.41920852661133 450.88555908203125
45.925018310546875 450.9058532714844
46.33208084106445 450.90447998046875
46.71690368652344 450.8865966796875
47.100528717041016 450.8522644042969
47.48232650756836 450.80157470703125
47.861610412597656 450.7345886230469
48.23772048950195 450.65142822265625
48.610111236572266 450.55218505859375
48.978092193603516 450.43701171875
49.343841552734375 450.30499267578125
49.70954895019531 450.1546630859375
50.071651458740234 449.9866027832031
50.4362678527832 449.7962646484375
50.795387268066406 449.5859375
51.1444091796875 449.35760498046875
51.482032775878906 449.1119079589844
51.80701446533203 448.84967041015625
52.11852264404297 448.5715637207031
52.4157600402832 448.2783203125
52.697818756103516 447.9708251953125
52.95171356201172 447.6643981933594
53.04186248779297 447.5428771972656
53.09117889404297 447.4679870605469
53.13618850708008 447.39056396484375
53.17681884765625 447.3107604980469
53.212947845458984 447.22882080078125
53.24446105957031 447.1449890136719
53.27125930786133 447.0595397949219
53.29326248168945 446.9727478027344
53.310401916503906 446.8848571777344
53.32262420654297 446.796142578125
53.329891204833984 446.7068786621094
53.33218002319336 446.61737060546875
53.32948684692383 446.5278625488281
53.32181167602539 446.4385986328125
53.309112548828125 446.34942626953125
53.285118103027344 446.22943115234375
53.20852279663086 445.9319763183594
53.09475326538086 445.5643310546875
52.9653434753418 445.201904296875
52.820533752441406 444.8453369140625
52.66059112548828 444.49530029296875
52.48580551147461 444.1524353027344
52.29650115966797 443.8173522949219
52.09302520751953 443.4906921386719
51.87574768066406 443.17303466796875
51.64506912231445 442.864990234375
51.40141296386719 442.5671081542969
51.14522933959961 442.2799072265625
50.876983642578125 442.00396728515625
50.59716796875 441.73974609375
50.306297302246094 441.4877624511719
50.00490188598633 441.2484436035156
49.693538665771484 441.0222473144531
49.37277603149414 440.8096008300781
49.0432014465332 440.6108703613281
48.705421447753906 440.42645263671875
48.36005783081055 440.25665283203125
48.00774002075195 440.101806640625
47.649112701416016 439.9621887207031
47.28483963012695 439.8380432128906
46.915584564208984 439.7296142578125
46.54202651977539 439.6370849609375
46.16484832763672 439.5606384277344
45.78474426269531 439.50042724609375
45.402408599853516 439.45654296875
45.0185432434082 439.4290466308594
44.633853912353516 439.41802978515625
44.249046325683594 439.4234924316406
43.86482620239258 439.4454345703125
43.481895446777344 439.4837951660156
43.10095977783203 439.53851318359375
42.722713470458984 439.6094970703125
42.34785461425781 439.69659423828125
41.97706985473633 439.7996826171875
41.61103820800781 439.9185485839844
41.250431060791016 440.052978515625
40.89590835571289 440.2027282714844
40.54812240600586 440.36749267578125
40.20771026611328 440.5469970703125
39.87529754638672 440.7409362792969
39.551490783691406 440.94891357421875
39.23688507080078 441.1705627441406
38.93206024169922 441.4054870605469
38.6375732421875 441.65325927734375
38.35396194458008 441.91339111328125
38.081748962402344 442.1854248046875
37.821434020996094 442.4688720703125
37.57349395751953 442.7632141113281
37.338382720947266 443.0679016113281
37.11653137207031 443.3823547363281
36.908348083496094 443.7060241699219
36.71421432495117 444.038330078125
36.53448486328125 444.3786315917969
36.36967849731445 444.7259216308594
36.322532653808594 444.8373718261719
36.337913513183594 444.7964172363281
36.35392379760742 444.7482604980469
36.36896896362305 444.6964416503906
36.3820915222168 444.643798828125
36.39322280883789 444.5905456542969
36.402313232421875 444.5368957519531
36.40934371948242 444.48297119140625
36.414302825927734 444.4288635253906
36.41718292236328 444.3747863769531
36.41798400878906 444.3210754394531
36.41672897338867 444.26739501953125
36.41348648071289 444.21490478515625
36.40823745727539 444.16259765625
36.401329040527344 444.113037109375
36.393428802490234 444.06890869140625
36.38588333129883 444.03460693359375
36.37703323364258 444.00079345703125
36.36690902709961 443.9675598144531
36.392112731933594 444.0390319824219
36.51137924194336 444.32861328125
36.718013763427734 444.7654113769531
36.911766052246094 445.12908935546875
37.122684478759766 445.4820251464844
37.3506965637207 445.8241882324219
37.595489501953125 446.1550598144531
37.85688400268555 446.474365234375
38.141448974609375 446.7897644042969
38.45153045654297 447.1031799316406
38.767723083496094 447.3948974609375
39.10722732543945 447.68072509765625
39.47451400756836 447.9639892578125
39.861141204833984 448.2379455566406
40.27254867553711 448.5064392089844
40.69021987915039 448.75738525390625
41.08138656616211 448.9712219238281
41.4715461730957 449.1622619628906
41.856292724609375 449.32879638671875
42.241153717041016 449.4736022949219
42.63263702392578 449.5993347167969
43.161128997802734 449.7428283691406
43.69899368286133 449.8648986816406
44.24197769165039 449.9644775390625
44.788307189941406 450.0412292480469
45.33056640625 450.0943298339844
45.812435150146484 450.12066650390625
46.209632873535156 450.12506103515625
46.59486389160156 450.1127624511719
46.97895050048828 450.0840148925781
47.361446380615234 450.03887939453125
47.741668701171875 449.9774169921875
48.11897277832031 449.89971923828125
48.49262237548828 449.8059387207031
48.86246109008789 449.6960754394531
49.230804443359375 449.569091796875
49.59413146972656 449.42584228515625
49.96165466308594 449.2615966796875
50.33050537109375 449.075439453125
50.69002914428711 448.87152099609375
51.042415618896484 448.6481018066406
51.38347625732422 448.4072570800781
51.71211624145508 448.14971923828125
52.027565002441406 447.8760986328125
52.328983306884766 447.58709716796875
52.61527633666992 447.2837829589844
52.88362121582031 446.96942138671875
52.96033477783203 446.8692321777344
53.013641357421875 446.7908935546875
53.059818267822266 446.71417236328125
53.101654052734375 446.635009765625
53.13901901245117 446.5536193847656
53.17179870605469 446.47027587890625
53.19989013671875 446.38525390625
53.223209381103516 446.2987976074219
53.24168014526367 446.211181640625
53.255245208740234 446.1226806640625
53.26386642456055 446.0335388183594
53.267513275146484 445.9440612792969
53.26617431640625 445.8545227050781
53.259857177734375 445.76519775390625
53.248558044433594 445.6761779785156
53.23182678222656 445.5852355957031
53.18031692504883 445.3726806640625
53.07308578491211 445.0121154785156
52.94697189331055 444.6485290527344
52.80540466308594 444.2906799316406
52.64864730834961 443.939208984375
52.47698211669922 443.5947570800781
52.29072952270508 443.25799560546875
52.09022903442383 442.92950439453125
51.87584686279297 442.6098937988281
51.64797592163086 442.2997741699219
51.40703582763672 441.99969482421875
51.15346908569336 441.710205078125
50.88774108886719 441.43182373046875
50.61033630371094 441.1650695800781
50.3217658996582 440.9104309082031
50.02255630493164 440.66839599609375
49.713260650634766 440.43939208984375
49.39444351196289 440.2238464355469
49.066688537597656 440.02215576171875
48.73059844970703 439.83465576171875
48.38678741455078 439.6617431640625
48.035888671875 439.5036926269531
47.67854690551758 439.3608093261719
47.31541442871094 439.2333679199219
46.94715881347656 439.12158203125
46.57445526123047 439.0256652832031
46.1979866027832 438.94580078125
45.818443298339844 438.88214111328125
45.4365234375 438.83477783203125
45.05292510986328 438.8038024902344
44.66835021972656 438.7892761230469
44.28350830078125 438.7912292480469
43.89910125732422 438.8096618652344
43.515838623046875 438.84454345703125
43.13441848754883 438.89581298828125
42.75554275512695 438.9633483886719
42.379905700683594 439.04705810546875
42.00819778442383 439.1467590332031
41.6411018371582 439.2622985839844
41.27928924560547 439.3934326171875
40.92341995239258 439.5399475097656
40.57415008544922 439.7015686035156
40.232120513916016 439.87799072265625
39.8979606628418 440.0688781738281
39.5722770690918 440.27392578125
39.255672454833984 440.4927062988281
38.948726654052734 440.724853515625
38.652000427246094 440.9699401855469
38.36603927612305 441.2275085449219
38.09136962890625 441.4970703125
37.8284912109375 441.77813720703125
37.57788848876953 442.0702209472656
37.34001922607422 442.37274169921875
37.11532211303711 442.6851806640625
36.90420913696289 443.0069580078125
36.70706558227539 443.33746337890625
36.524253845214844 443.6761169433594
36.356414794921875 444.02166748046875
36.23318862915039 444.30615234375
36.2437629699707 444.2786560058594
36.26034927368164 444.22998046875
36.27561950683594 444.1788330078125
36.289146423339844 444.12628173828125
36.300682067871094 444.0731201171875
36.3101806640625 444.0195617675781
36.31761932373047 443.9656982421875
36.3229866027832 443.9116516113281
36.326271057128906 443.857666015625
36.32748794555664 443.8035888671875
36.32664489746094 443.75006103515625
36.323753356933594 443.69659423828125
36.318939208984375 443.6446228027344
36.3125114440918 443.5957946777344
36.305213928222656 443.55322265625
36.29629135131836 443.5111083984375
36.28843688964844 443.4801025390625
36.27941131591797 443.44964599609375
36.31893539428711 443.5639953613281
36.439693450927734 443.8614196777344
36.655792236328125 444.3251953125
36.84735107421875 444.6905212402344
37.05594253540039 445.0448303222656
37.281707763671875 445.38848876953125
37.5242919921875 445.7209167480469
37.78363800048828 446.0420227050781
38.06061553955078 446.35272216796875
38.35713195800781 446.65484619140625
38.676658630371094 446.9515075683594
39.02058792114258 447.2434997558594
39.39348602294922 447.5343322753906
39.78448486328125 447.8153991699219
40.16890335083008 448.0689697265625
40.563228607177734 448.3060302734375
40.95287322998047 448.5179748535156
41.346290588378906 448.7096252441406
41.73703384399414 448.87811279296875
42.122013092041016 449.0225830078125
42.51361846923828 449.1479797363281
43.01665496826172 449.2835998535156
43.55497741699219 449.4042663574219
44.09822082519531 449.5024108886719
44.64462661743164 449.57769775390625
45.184600830078125 449.62908935546875
45.65283966064453 449.6533508300781
46.04661560058594 449.6566162109375
46.43156433105469 449.6432800292969
46.81556701660156 449.61346435546875
47.19793701171875 449.5672607421875
47.5779914855957 449.5047302246094
47.955101013183594 449.4259948730469
48.32851791381836 449.3311767578125
48.698246002197266 449.22021484375
49.06682205200195 449.0919494628906
49.431053161621094 448.9470520019531
49.80012130737305 448.7806091308594
50.16915512084961 448.59259033203125
50.52867889404297 448.3867492675781
50.879825592041016 448.1620788574219
51.21976089477539 447.9199523925781
51.5473747253418 447.6611022949219
51.861717224121094 447.3861999511719
52.161964416503906 447.0959777832031
52.446903228759766 446.7916564941406
52.71299743652344 446.4773254394531
52.78351593017578 446.3844299316406
52.83572006225586 446.3070373535156
52.881591796875 446.2301330566406
52.92311096191406 446.1507873535156
52.96015167236328 446.0692443847656
52.99259948730469 445.98577880859375
53.02035140991211 445.900634765625
53.0433235168457 445.8140869140625
53.06144332885742 445.72637939453125
53.07465744018555 445.6378173828125
53.08292007446289 445.54864501953125
53.08620834350586 445.45916748046875
53.08451461791992 445.36962890625
53.07783889770508 445.28033447265625
53.06617736816406 445.19134521484375
53.049461364746094 445.10247802734375
52.99383544921875 444.8767395019531
52.88483810424805 444.51483154296875
52.7575798034668 444.1516418457031
52.61488723754883 443.7942199707031
52.4570198059082 443.4432373046875
52.284271240234375 443.0993347167969
52.09695816040039 442.7631530761719
51.895423889160156 442.435302734375
51.68003463745117 442.1163635253906
51.45118713378906 441.80694580078125
51.20930480957031 441.5075988769531
50.95482635498047 441.2189025878906
50.6882209777832 440.9413757324219
50.409976959228516 440.6755065917969
50.12060546875 440.4217834472656
49.82063674926758 440.1806945800781
49.5106201171875 439.9526672363281
49.191123962402344 439.7381286621094
48.862735748291016 439.5374450683594
48.52605438232422 439.35101318359375
48.18170166015625 439.1791687011719
47.83030700683594 439.022216796875
47.47251510620117 438.8804626464844
47.10898208618164 438.754150390625
46.74037551879883 438.6435241699219
46.36737060546875 438.5487976074219
45.99065017700195 438.4701232910156
45.61090850830078 438.40765380859375
45.22883987426758 438.3614807128906
44.84514617919922 438.33172607421875
44.46052932739258 438.31842041015625
44.0756950378418 438.32159423828125
43.691349029541016 438.34124755859375
43.308197021484375 438.3773193359375
42.92694091796875 438.4297790527344
42.548282623291016 438.4985046386719
42.17291259765625 438.5833740234375
41.80152130126953 438.68426513671875
41.434791564941406 438.80096435546875
41.07339096069336 438.9332580566406
40.717987060546875 439.0809020996094
40.36922836303711 439.2436218261719
40.02775573730469 439.4211120605469
39.69419860839844 439.6130676269531
39.369163513183594 439.8191223144531
39.05324935913086 440.0389099121094
38.74703598022461 440.27203369140625
38.45108413696289 440.5180358886719
38.16593551635742 440.7764892578125
37.89211654663086 441.0469055175781
37.630126953125 441.32879638671875
37.38044738769531 441.62164306640625
37.14353561401367 441.9249267578125
36.91982650756836 442.2380676269531
36.7097282409668 442.5605163574219
36.51362991333008 442.89166259765625
36.331886291503906 443.23089599609375
36.16523742675781 443.5767517089844
36.13545608520508 443.64593505859375
36.14793395996094 443.6134033203125
36.1646842956543 443.5640869140625
36.179969787597656 443.5127258300781
36.193450927734375 443.46014404296875
36.20492935180664 443.4070129394531
36.21437454223633 443.3534240722656
36.22175979614258 443.299560546875
36.22706985473633 443.24554443359375
36.23031234741211 443.1913757324219
36.231475830078125 443.13739013671875
36.23058319091797 443.0840759277344
36.2276496887207 443.0308532714844
36.22283172607422 442.97943115234375
36.21651077270508 442.9317932128906
36.20956039428711 442.89154052734375
36.201072692871094 442.85174560546875
36.194175720214844 442.82470703125
36.18626022338867 442.79815673828125
36.24409866333008 442.9635925292969
36.355899810791016 443.2346496582031
36.57098388671875 443.6888122558594
36.764556884765625 444.05218505859375
36.97545623779297 444.4051208496094
37.20347213745117 444.747314453125
37.44837188720703 445.078369140625
37.71037292480469 445.3985290527344
37.989959716796875 445.7082214355469
38.29153060913086 446.0119323730469
38.61846923828125 446.3125
38.97016525268555 446.6089172363281
39.351341247558594 446.9048767089844
39.748355865478516 447.1897888183594
40.13800811767578 447.4469909667969
40.53553771972656 447.68658447265625
40.927589416503906 447.9006652832031
41.321739196777344 448.0936584472656
41.70431900024414 448.2593078613281
42.089176177978516 448.40411376953125
42.48064041137695 448.5298156738281
42.962764739990234 448.6598815917969
43.50130844116211 448.78033447265625
44.04460144042969 448.8782043457031
44.59074020385742 448.95318603515625
45.125179290771484 449.00372314453125
45.57212829589844 449.02655029296875
45.96237564086914 449.0295104980469
46.34739685058594 449.01593017578125
46.73137664794922 448.98590087890625
47.11371612548828 448.939453125
47.493736267089844 448.876708984375
47.8708381652832 448.7977294921875
48.24424743652344 448.7026672363281
48.61381149291992 448.5915222167969
48.97915267944336 448.4642639160156
49.3433837890625 448.3194885253906
49.70390701293945 448.15753173828125
50.067848205566406 447.9736328125
50.42900466918945 447.768798828125
50.780879974365234 447.5456237792969
51.12184143066406 447.3048400878906
51.450496673583984 447.0472717285156
51.765933990478516 446.77362060546875
52.06733322143555 446.484619140625
52.35386276245117 446.1810302734375
52.61951446533203 445.8697204589844
52.685184478759766 445.783935546875
52.73701095581055 445.707763671875
52.78318786621094 445.63104248046875
52.82502365112305 445.5518798828125
52.86239242553711 445.4704895019531
52.895172119140625 445.38714599609375
52.92326354980469 445.3021240234375
52.94658279418945 445.2156677246094
52.96505355834961 445.1280517578125
52.97862243652344 445.03955078125
52.98724365234375 444.9504089355469
52.99089050292969 444.8609313964844
52.98955535888672 444.7713928222656
52.983238220214844 444.68206787109375
52.971927642822266 444.59295654296875
52.95552444458008 444.5038146972656
52.89597702026367 444.2577209472656
52.78821563720703 443.8935546875
52.66284942626953 443.5296936035156
52.52201843261719 443.1715393066406
52.36598205566406 442.8197326660156
52.19502639770508 442.4749450683594
52.009464263916016 442.1377868652344
51.80963897705078 441.80889892578125
51.59591293334961 441.4888610839844
51.368682861328125 441.1782531738281
51.128360748291016 440.8776550292969
50.875389099121094 440.587646484375
50.610233306884766 440.3087158203125
50.333377838134766 440.0414123535156
50.04533004760742 439.78619384765625
49.746620178222656 439.5435485839844
49.43779373168945 439.31390380859375
49.11941909790039 439.0976867675781
48.79207992553711 438.89532470703125
48.45637512207031 438.7071533203125
48.11292266845703 438.5335388183594
47.762351989746094 438.3747863769531
47.405303955078125 438.2311706542969
47.04243469238281 438.10296630859375
46.674407958984375 437.99041748046875
46.301902770996094 437.89373779296875
45.92559814453125 437.8131103515625
45.54618835449219 437.7486572265625
45.164363861083984 437.70050048828125
44.78083038330078 437.6687316894531
44.39628601074219 437.6534118652344
44.01144027709961 437.6545715332031
43.62699890136719 437.6722106933594
43.2436637878418 437.706298828125
42.86214065551758 437.75677490234375
42.48312759399414 437.82354736328125
42.107322692871094 437.9064636230469
41.73541259765625 438.0054016113281
41.368080139160156 438.12017822265625
41.00599670410156 438.2505798339844
40.64982986450195 438.3963623046875
40.30023193359375 438.5572509765625
39.95783996582031 438.73297119140625
39.623287200927734 438.9231872558594
39.297183990478516 439.1275634765625
38.98012924194336 439.345703125
38.672706604003906 439.57720947265625
38.3754768371582 439.8216857910156
38.0889892578125 440.0786437988281
37.81376647949219 440.3476257324219
37.55031204223633 440.628173828125
37.299110412597656 440.91973876953125
37.06062316894531 441.2217712402344
36.83528518676758 441.53375244140625
36.623512268066406 441.8551025390625
36.425689697265625 442.1852111816406
36.242183685302734 442.52349853515625
36.07392883300781 442.86810302734375
35.937034606933594 443.1822204589844
35.950870513916016 443.1465148925781
35.966766357421875 443.10028076171875
35.98228073120117 443.048828125
35.9959602355957 442.99627685546875
36.007633209228516 442.94317626953125
36.01727294921875 442.8896484375
36.02485275268555 442.8358154296875
36.03036880493164 442.78173828125
36.03380584716797 442.7276306152344
36.03516387939453 442.6737365722656
36.03446578979492 442.62066650390625
36.03173828125 442.56768798828125
36.027156829833984 442.516845703125
36.02117156982422 442.4704895019531
36.01340866088867 442.4245300292969
36.005615234375 442.3872985839844
35.99640655517578 442.3505859375
35.98581314086914 442.314453125
36.0421142578125 442.47821044921875
36.153099060058594 442.7513122558594
36.357486724853516 443.18817138671875
36.549400329589844 443.55206298828125
36.75883865356445 443.9058532714844
36.9854621887207 444.2490234375
37.229286193847656 444.58154296875
37.49103546142578 444.90423583984375
37.77190017700195 445.21832275390625
38.077972412109375 445.5301208496094
38.41252517700195 445.8423156738281
38.77802276611328 446.15679931640625
39.16651916503906 446.4667663574219
39.57921600341797 446.7734680175781
39.9730110168457 447.0447082519531
40.390281677246094 447.3095397949219
40.782588958740234 447.5372619628906
41.19438934326172 447.75372314453125
41.58492660522461 447.937744140625
41.96826171875 448.0966491699219
42.35531997680664 448.2353515625
42.74986267089844 448.3551940917969
43.2486572265625 448.4815979003906
43.7890625 448.59405517578125
44.333744049072266 448.6838684082031
44.87933349609375 448.7505187988281
45.40943145751953 448.7926330566406
45.844505310058594 448.8083190917969
46.23334884643555 448.8054504394531
46.61802673339844 448.7861022949219
47.00151062011719 448.7503356933594
47.383113861083984 448.69818115234375
47.76216125488281 448.6297302246094
48.1380729675293 448.54510498046875
48.51006317138672 448.4444580078125
48.87801742553711 448.3277587890625
49.24209213256836 448.1947937011719
49.60760498046875 448.04290771484375
49.970970153808594 447.8723449707031
50.33231735229492 447.6817321777344
50.68998718261719 447.4704284667969
51.0384407043457 447.2406005859375
51.3751106262207 446.9936218261719
51.69908905029297 446.73016357421875
52.00954055786133 446.45086669921875
52.30567169189453 446.1564636230469
52.585906982421875 445.8486022949219
52.809165954589844 445.5764465332031
52.873313903808594 445.48895263671875
52.92227554321289 445.4136962890625
52.96685791015625 445.3360290527344
53.00704574584961 445.2560119628906
53.042720794677734 445.17388916015625
53.073768615722656 445.08990478515625
53.10009765625 445.0043029785156
53.121620178222656 444.9173889160156
53.138275146484375 444.82940673828125
53.15000915527344 444.7406311035156
53.15678405761719 444.6513366699219
53.1585807800293 444.5617980957031
53.155391693115234 444.4722900390625
53.14722442626953 444.3830871582031
53.134063720703125 444.294189453125
53.11186981201172 444.1862487792969
53.04316711425781 443.9260559082031
52.92694091796875 443.55938720703125
52.795047760009766 443.1978454589844
52.647796630859375 442.84228515625
52.48545837402344 442.49334716796875
52.308326721191406 442.15167236328125
52.116729736328125 441.8179016113281
51.91101837158203 441.4926452636719
51.69157028198242 441.1764831542969
51.45878601074219 440.8700256347656
51.213096618652344 440.5738220214844
50.95494842529297 440.28839111328125
50.684818267822266 440.0142822265625
50.4031982421875 439.7519836425781
50.1106071472168 439.5019836425781
49.807579040527344 439.2647399902344
49.49467086791992 439.0406799316406
49.17245864868164 438.8302307128906
48.841529846191406 438.6337890625
48.50249481201172 438.4516906738281
48.155975341796875 438.2842712402344
47.80260467529297 438.1318359375
47.443031311035156 437.9946594238281
47.07791519165039 437.8730163574219
46.707923889160156 437.7671203613281
46.333740234375 437.6771545410156
45.95604705810547 437.6033020019531
45.575538635253906 437.5456848144531
45.192909240722656 437.5044250488281
44.80886459350586 437.4795837402344
44.424110412597656 437.47119140625
44.03934860229492 437.4792785644531
43.6552848815918 437.50384521484375
43.27262496948242 437.5448303222656
42.89207077026367 437.6021423339844
42.514320373535156 437.67572021484375
42.14006805419922 437.765380859375
41.769996643066406 437.8710021972656
41.40478515625 437.99237060546875
41.04510498046875 438.1292724609375
40.69161605834961 438.28143310546875
40.344966888427734 438.4485778808594
40.005794525146484 438.63043212890625
39.67471694946289 438.8266296386719
39.35234451293945 439.0368347167969
39.03926467895508 439.2606506347656
38.73605728149414 439.4976501464844
38.443275451660156 439.7474060058594
38.16145324707031 440.0094909667969
37.89111328125 440.28338623046875
37.632747650146484 440.568603515625
37.3868293762207 440.8646240234375
37.153812408447266 441.1708984375
36.93412399291992 441.48687744140625
36.72816467285156 441.8119812011719
36.536312103271484 442.1455993652344
36.35892105102539 442.48712158203125
36.21603012084961 442.7939758300781
36.196537017822266 442.8409729003906
36.210205078125 442.80389404296875
36.22649383544922 442.75384521484375
36.24131774902344 442.70159912109375
36.254146575927734 442.6487731933594
36.264949798583984 442.595458984375
36.27370834350586 442.5417785644531
36.28040313720703 442.48785400390625
36.285030364990234 442.4336853027344
36.28757858276367 442.3795166015625
36.288047790527344 442.32562255859375
36.28645706176758 442.2717590332031
36.28286361694336 442.2188720703125
36.2774543762207 442.16815185546875
36.27010726928711 442.11773681640625
36.26161193847656 442.0719299316406
36.25318908691406 442.0346984863281
36.24335479736328 441.99798583984375
36.232139587402344 441.9618835449219
36.295528411865234 442.1368713378906
36.41166687011719 442.4095153808594
36.60658264160156 442.80780029296875
36.80506896972656 443.16796875
37.02097702026367 443.51788330078125
37.2540397644043 443.8570861816406
37.503868103027344 444.18499755859375
37.76937484741211 444.50018310546875
38.055389404296875 444.8081359863281
38.36499786376953 445.11163330078125
38.70152282714844 445.4133605957031
39.06715393066406 445.71484375
39.45467758178711 446.010009765625
39.85503005981445 446.2919921875
40.24781036376953 446.54638671875
40.66340637207031 446.79290771484375
41.054893493652344 447.0038146972656
41.44715881347656 447.19293212890625
41.8282356262207 447.35498046875
42.21403503417969 447.4971618652344
42.60647964477539 447.6202697753906
43.11729431152344 447.7548828125
43.656585693359375 447.8727111816406
44.200347900390625 447.9678955078125
44.7473030090332 448.0402526855469
45.29479217529297 448.0894775390625
45.80785369873047 448.1136474609375
46.21998977661133 448.11517333984375
46.604949951171875 448.0999755859375
46.98883056640625 448.0683288574219
47.3709716796875 448.0202941894531
47.75071334838867 447.9559631347656
48.12738800048828 447.87542724609375
48.50043869018555 447.7787780761719
48.86916732788086 447.66619873046875
49.234920501708984 447.5370788574219
49.5971794128418 447.3913269042969
49.95984649658203 447.2265319824219
50.325469970703125 447.0394592285156
50.686187744140625 446.83221435546875
51.037044525146484 446.6068420410156
51.37664031982422 446.364013671875
51.70380401611328 446.1045227050781
52.01762771606445 445.82904052734375
52.31731414794922 445.53826904296875
52.60197067260742 445.23309326171875
52.86970520019531 444.9156799316406
52.96608352661133 444.7882385253906
53.02263641357422 444.70404052734375
53.06834411621094 444.6270446777344
53.10969543457031 444.547607421875
53.14656066894531 444.46600341796875
53.178829193115234 444.3824768066406
53.20640182495117 444.2972717285156
53.229190826416016 444.2106628417969
53.24712371826172 444.1229248046875
53.26014709472656 444.0343322753906
53.26822280883789 443.9451599121094
53.27132034301758 443.85565185546875
53.26943588256836 443.76611328125
53.262569427490234 443.67681884765625
53.25068664550781 443.58758544921875
53.233585357666016 443.49774169921875
53.162166595458984 443.2094421386719
53.05231475830078 442.84375
52.925662994384766 442.4803466796875
52.7835693359375 442.1226806640625
52.62629318237305 441.7714538574219
52.45412063598633 441.4272766113281
52.26736831665039 441.0907897949219
52.06637954711914 440.7626037597656
51.851524353027344 440.4433288574219
51.62319564819336 440.133544921875
51.381813049316406 439.83380126953125
51.1278190612793 439.544677734375
50.86167907714844 439.2666931152344
50.58388137817383 439.0003662109375
50.2949333190918 438.74615478515625
49.99536895751953 438.5045471191406
49.685733795166016 438.2760009765625
49.36659622192383 438.0609130859375
49.038543701171875 437.85968017578125
48.70217514038086 437.6726989746094
48.35811233520508 437.5002746582031
48.006980895996094 437.3427429199219
47.64942932128906 437.2004089355469
47.286109924316406 437.073486328125
46.91769027709961 436.9622497558594
46.54484558105469 436.86688232421875
46.16825866699219 436.7875671386719
45.78861999511719 436.7244567871094
45.4066276550293 436.6776428222656
45.02298355102539 436.6472473144531
44.638389587402344 436.63330078125
44.2535514831543 436.6358337402344
43.86917495727539 436.65484619140625
43.4859619140625 436.6902770996094
43.104618072509766 436.7420959472656
42.72584533691406 436.8101806640625
42.35033416748047 436.8944396972656
41.97877502441406 436.99468994140625
41.611846923828125 437.1107482910156
41.25022506713867 437.242431640625
40.89457321166992 437.38946533203125
40.5455436706543 437.5516052246094
40.20377731323242 437.728515625
39.86989974975586 437.919921875
39.54452133178711 438.12542724609375
39.228240966796875 438.3446960449219
38.92163848876953 438.5773010253906
38.625274658203125 438.82281494140625
38.33969497680664 439.0807800292969
38.06542205810547 439.3507385253906
37.80295944213867 439.6322021484375
37.55278778076172 439.9246520996094
37.31536865234375 440.2275390625
37.09113311767578 440.5403137207031
36.880496978759766 440.8623962402344
