60.54426574707031 450.55621337890625
61.1405029296875 451.1867370605469
61.72881317138672 451.8246765136719
62.309104919433594 452.46990966796875
62.88128662109375 453.1223449707031
63.44526672363281 453.7818908691406
64.00096130371094 454.44842529296875
64.54827880859375 455.1218566894531
65.08714294433594 455.80206298828125
65.61746215820312 456.48895263671875
66.13915252685547 457.18243408203125
66.65213775634766 457.8823547363281
67.15633392333984 458.5886535644531
67.65166473388672 459.3011779785156
68.13804626464844 460.0198669433594
68.61540985107422 460.74456787109375
69.08367919921875 461.4751892089844
69.54277801513672 462.2115783691406
69.99263763427734 462.95367431640625
70.43318939208984 463.7013244628906
70.86436462402344 464.45440673828125
71.28609466552734 465.21282958984375
71.69831085205078 465.9764709472656
72.1009521484375 466.7452087402344
72.49394989013672 467.5189208984375
72.87725067138672 468.2974853515625
73.25078582763672 469.0807800292969
73.614501953125 469.8686828613281
73.96834564208984 470.66107177734375
74.312255859375 471.4577941894531
74.64618682861328 472.2587585449219
74.97007751464844 473.0638427734375
75.28388214111328 473.8729248046875
75.5875473022461 474.68585205078125
75.88103485107422 475.50250244140625
76.16429138183594 476.32275390625
76.43727111816406 477.146484375
76.69993591308594 477.97357177734375
76.95223999023438 478.8038635253906
77.19414520263672 479.63726806640625
77.42562103271484 480.4736328125
77.64662170410156 481.31280517578125
77.85711669921875 482.1546936035156
78.05707550048828 482.9991455078125
78.24646759033203 483.84600830078125
78.42525482177734 484.6951904296875
78.59341430664062 485.5465393066406
78.75092315673828 486.39990234375
78.89775085449219 487.25518798828125
79.03388214111328 488.11224365234375
79.15928649902344 488.9709167480469
79.27395629882812 489.8310852050781
79.37786102294922 490.692626953125
79.47099304199219 491.555419921875
79.55332946777344 492.4193115234375
79.62486267089844 493.2841491699219
79.68558502197266 494.1498107910156
79.73548126220703 495.01617431640625
79.77454376220703 495.8830871582031
79.80277252197266 496.75042724609375
79.82015991210938 497.6180419921875
79.82669830322266 498.4858093261719
79.82239532470703 499.35357666015625
79.80724334716797 500.2212219238281
79.78125 501.088623046875
79.74441528320312 501.95562744140625
79.69674682617188 502.8221130371094
79.63825225830078 503.68792724609375
79.5689468383789 504.5529479980469
79.48883056640625 505.4170227050781
79.39791870117188 506.280029296875
79.29623413085938 507.141845703125
79.18378448486328 508.0023193359375
79.06058502197266 508.861328125
78.9266586303711 509.7187194824219
78.78202819824219 510.5743713378906
78.62671661376953 511.42816162109375
78.46074676513672 512.2799072265625
78.28414154052734 513.1295166015625
78.09693145751953 513.9768676757812
77.8991470336914 514.8218383789062
77.6908187866211 515.6642456054688
77.47197723388672 516.5039672851562
77.24266052246094 517.3408813476562
77.00289916992188 518.1748657226562
76.75273132324219 519.0057983398438
76.49219512939453 519.8335571289062
76.2213363647461 520.6580200195312
75.94019317626953 521.47900390625
75.64881134033203 522.29638671875
75.34723663330078 523.110107421875
75.03551483154297 523.9199829101562
74.71369934082031 524.7258911132812
74.3818359375 525.5277099609375
74.03997802734375 526.3253173828125
73.68817901611328 527.1185913085938
73.32649230957031 527.9074096679688
72.95497131347656 528.691650390625
72.57367706298828 529.47119140625
72.18267059326172 530.2459106445312
71.78201293945312 531.0156860351562
71.37176513671875 531.7803955078125
70.95199584960938 532.5399169921875
70.52276611328125 533.2941284179688
70.08414459228516 534.0429077148438
69.63619232177734 534.7861328125
69.17898559570312 535.5237426757812
68.71260070800781 536.2555541992188
68.23710632324219 536.9815063476562
67.75257110595703 537.701416015625
67.25907897949219 538.4152221679688
66.75670623779297 539.122802734375
66.24552917480469 539.8240356445312
65.72562408447266 540.5188598632812
65.19707489013672 541.2070922851562
64.65996551513672 541.888671875
64.1143798828125 542.5634765625
63.560401916503906 543.2314453125
62.99811935424805 543.8924560546875
62.42761993408203 544.54638671875
61.84899139404297 545.193115234375
61.262325286865234 545.8325805664062
60.6677131652832 546.4646606445312
60.065250396728516 547.0892333984375
59.45502853393555 547.7062377929688
58.83714294433594 548.3155517578125
58.21168899536133 548.9171142578125
57.578765869140625 549.5108032226562
56.938472747802734 550.0965576171875
56.29090881347656 550.6742553710938
55.636173248291016 551.2438354492188
54.97437286376953 551.80517578125
54.305606842041016 552.358154296875
53.629981994628906 552.9027709960938
52.94760513305664 553.4389038085938
52.25857925415039 553.9664306640625
51.56301498413086 554.4853515625
50.861019134521484 554.9955444335938
50.15270233154297 555.4968872070312
49.43817138671875 555.9893188476562
48.71754455566406 556.4728393554688
47.990928649902344 556.947265625
47.25844192504883 557.41259765625
46.52019500732422 557.8687133789062
45.776302337646484 558.3156127929688
45.02688217163086 558.753173828125
44.27205276489258 559.1813354492188
43.511932373046875 559.6000366210938
42.74663543701172 560.0092163085938
41.97628402709961 560.4087524414062
41.20099639892578 560.7986450195312
40.420894622802734 561.1788330078125
39.63610076904297 561.5492553710938
38.846736907958984 561.9098510742188
38.05292510986328 562.2605590820312
37.254791259765625 562.601318359375
36.45245361328125 562.9320678710938
35.64604187011719 563.2527465820312
34.83568572998047 563.5633544921875
34.02150344848633 563.8638305664062
33.203617095947266 564.1541137695312
32.38215637207031 564.4341430664062
31.5572509765625 564.7039184570312
30.729032516479492 564.96337890625
29.897615432739258 565.2124633789062
29.063142776489258 565.451171875
28.225732803344727 565.679443359375
27.38551139831543 565.8972778320312
26.542604446411133 566.1046142578125
25.697120666503906 566.3014526367188
24.849197387695312 566.4877319335938
23.998971939086914 566.6634521484375
23.146547317504883 566.82861328125
22.292049407958984 566.983154296875
21.43553924560547 567.1270751953125
20.577136993408203 567.2603759765625
19.7169189453125 567.3831176757812
18.854917526245117 567.4952392578125
17.990835189819336 567.5968627929688
17.124975204467773 567.68798828125
17.124975204467773 567.68798828125
17.124975204467773 567.68798828125
17.124975204467773 567.68798828125
17.124975204467773 567.68798828125
17.124975204467773 567.68798828125
17.124975204467773 567.68798828125
17.124975204467773 567.68798828125
17.124975204467773 567.68798828125
17.124975204467773 567.68798828125
17.124975204467773 567.68798828125
17.124975204467773 567.68798828125
17.124975204467773 567.68798828125
17.124975204467773 567.68798828125
17.124975204467773 567.68798828125
17.124975204467773 567.68798828125
17.124975204467773 567.68798828125
17.124975204467773 567.68798828125
17.124975204467773 567.68798828125
17.124975204467773 567.68798828125
17.124975204467773 567.68798828125
17.124975204467773 567.68798828125
17.124975204467773 567.68798828125
17.124975204467773 567.68798828125
17.124975204467773 567.68798828125
17.124975204467773 567.68798828125
17.124975204467773 567.68798828125
17.124975204467773 567.68798828125
17.124975204467773 567.68798828125
17.124975204467773 567.68798828125
17.124975204467773 567.68798828125
17.124975204467773 567.68798828125
17.124975204467773 567.68798828125
17.124975204467773 567.68798828125
17.124975204467773 567.68798828125
17.124975204467773 567.68798828125
17.124975204467773 567.68798828125
17.124975204467773 567.68798828125
17.124975204467773 567.68798828125
17.124975204467773 567.68798828125
17.124975204467773 567.68798828125
17.124975204467773 567.68798828125
17.124975204467773 567.68798828125
17.124975204467773 567.68798828125
17.124975204467773 567.68798828125
17.124975204467773 567.68798828125
17.124975204467773 567.68798828125
17.124975204467773 567.68798828125
17.124975204467773 567.68798828125
17.124975204467773 567.68798828125
17.124975204467773 567.68798828125
17.124975204467773 567.68798828125
17.124975204467773 567.68798828125
17.124975204467773 567.68798828125
17.124975204467773 567.68798828125
17.124975204467773 567.68798828125
17.124975204467773 567.68798828125
17.124975204467773 567.68798828125
17.124975204467773 567.68798828125
17.124975204467773 567.68798828125
17.124975204467773 567.68798828125
17.124975204467773 567.68798828125
17.124975204467773 567.68798828125
17.124975204467773 567.68798828125
17.124975204467773 567.68798828125
17.124975204467773 567.68798828125
17.124975204467773 567.68798828125
17.124975204467773 567.68798828125
17.124975204467773 567.68798828125
17.124975204467773 567.68798828125
17.124975204467773 567.68798828125
17.124975204467773 567.68798828125
17.124975204467773 567.68798828125
17.124975204467773 567.68798828125
17.124975204467773 567.68798828125
17.124975204467773 567.68798828125
17.124975204467773 567.68798828125
16.501079559326172 567.0623779296875
16.501079559326172 567.0623779296875
16.501079559326172 567.0623779296875
16.501079559326172 567.0623779296875
16.501079559326172 567.0623779296875
16.501079559326172 567.0623779296875
16.501079559326172 567.0623779296875
16.501079559326172 567.0623779296875
16.501079559326172 567.0623779296875
16.501079559326172 567.0623779296875
16.501079559326172 567.0623779296875
16.501079559326172 567.0623779296875
16.501079559326172 567.0623779296875
16.501079559326172 567.0623779296875
16.501079559326172 567.0623779296875
16.501079559326172 567.0623779296875
16.501079559326172 567.0623779296875
16.501079559326172 567.0623779296875
16.501079559326172 567.0623779296875
16.501079559326172 567.0623779296875
16.501079559326172 567.0623779296875
16.501079559326172 567.0623779296875
16.501079559326172 567.0623779296875
16.501079559326172 567.0623779296875
16.501079559326172 567.0623779296875
16.501079559326172 567.0623779296875
16.501079559326172 567.0623779296875
16.501079559326172 567.0623779296875
16.501079559326172 567.0623779296875
16.501079559326172 567.0623779296875
16.501079559326172 567.0623779296875
16.501079559326172 567.0623779296875
16.501079559326172 567.0623779296875
16.501079559326172 567.0623779296875
16.501079559326172 567.0623779296875
16.501079559326172 567.0623779296875
16.501079559326172 567.0623779296875
16.501079559326172 567.0623779296875
16.501079559326172 567.0623779296875
16.501079559326172 567.0623779296875
16.501079559326172 567.0623779296875
16.501079559326172 567.0623779296875
16.501079559326172 567.0623779296875
16.501079559326172 567.0623779296875
16.501079559326172 567.0623779296875
16.501079559326172 567.0623779296875
16.501079559326172 567.0623779296875
16.501079559326172 567.0623779296875
16.501079559326172 567.0623779296875
16.501079559326172 567.0623779296875
16.501079559326172 567.0623779296875
16.501079559326172 567.0623779296875
16.501079559326172 567.0623779296875
16.501079559326172 567.0623779296875
16.501079559326172 567.0623779296875
16.501079559326172 567.0623779296875
16.501079559326172 567.0623779296875
16.501079559326172 567.0623779296875
16.501079559326172 567.0623779296875
16.501079559326172 567.0623779296875
16.501079559326172 567.0623779296875
16.501079559326172 567.0623779296875
16.501079559326172 567.0623779296875
16.501079559326172 567.0623779296875
16.501079559326172 567.0623779296875
16.501079559326172 567.0623779296875
16.501079559326172 567.0623779296875
16.501079559326172 567.0623779296875
16.501079559326172 567.0623779296875
16.501079559326172 567.0623779296875
16.501079559326172 567.0623779296875
16.501079559326172 567.0623779296875
16.501079559326172 567.0623779296875
16.501079559326172 567.0623779296875
16.501079559326172 567.0623779296875
16.501079559326172 567.0623779296875
16.501079559326172 567.0623779296875
16.501079559326172 567.0623779296875
16.501079559326172 567.0623779296875
16.501079559326172 567.0623779296875
16.501079559326172 567.0623779296875
16.501079559326172 567.0623779296875
16.501079559326172 567.0623779296875
16.501079559326172 567.0623779296875
16.501079559326172 567.0623779296875
16.501079559326172 567.0623779296875
16.501079559326172 567.0623779296875
16.501079559326172 567.0623779296875
16.501079559326172 567.0623779296875
16.501079559326172 567.0623779296875
16.501079559326172 567.0623779296875
16.501079559326172 567.0623779296875
16.501079559326172 567.0623779296875
16.501079559326172 567.0623779296875
16.501079559326172 567.0623779296875
16.501079559326172 567.0623779296875
16.501079559326172 567.0623779296875
16.501079559326172 567.0623779296875
16.501079559326172 567.0623779296875
16.501079559326172 567.0623779296875
16.501079559326172 567.0623779296875
16.501079559326172 567.0623779296875
16.501079559326172 567.0623779296875
16.501079559326172 567.0623779296875
16.501079559326172 567.0623779296875
16.501079559326172 567.0623779296875
16.502649307250977 566.1168823242188
16.508298873901367 565.17138671875
16.518030166625977 564.2259521484375
16.531843185424805 563.2805786132812
16.54973602294922 562.3352661132812
16.57171058654785 561.3900146484375
16.59776496887207 560.4448852539062
16.627899169921875 559.4998779296875
16.662111282348633 558.5549926757812
16.700401306152344 557.6102905273438
16.742769241333008 556.665771484375
16.789215087890625 555.721435546875
16.839736938476562 554.7772827148438
16.894332885742188 553.8333740234375
16.9530029296875 552.8897094726562
17.015745162963867 551.9462890625
17.08255958557129 551.003173828125
17.153444290161133 550.0603637695312
17.2283992767334 549.1178588867188
17.307422637939453 548.1756591796875
17.390512466430664 547.2338256835938
17.4776668548584 546.2923583984375
17.568883895874023 545.3512573242188
17.66416358947754 544.4105834960938
17.76350212097168 543.4703369140625
17.866899490356445 542.530517578125
17.97435188293457 541.5911254882812
18.085859298706055 540.6522216796875
18.201417922973633 539.7138061523438
18.321027755737305 538.77587890625
18.444684982299805 537.8385009765625
18.5723876953125 536.9016723632812
18.704132080078125 535.9653930664062
18.83991813659668 535.0297241210938
18.9797420501709 534.0946044921875
19.12360191345215 533.1600952148438
19.271493911743164 532.2262573242188
19.423416137695312 531.2930297851562
19.579364776611328 530.3604736328125
19.739261627197266 529.4292602539062
19.901391983032227 528.5136108398438
20.070405960083008 527.5885009765625
20.244400024414062 526.6607055664062
20.422698974609375 525.732666015625
20.60352897644043 524.81591796875
20.79053497314453 523.892822265625
20.975147247314453 523.0133056640625
21.162914276123047 522.16455078125
21.361705780029297 521.315185546875
21.572246551513672 520.4605102539062
21.789875030517578 519.6199951171875
22.017864227294922 518.7826538085938
22.256305694580078 517.9482421875
22.505170822143555 517.1168212890625
22.764373779296875 516.2886352539062
23.033906936645508 515.4637451171875
23.31372833251953 514.642333984375
23.60379409790039 513.824462890625
23.9040584564209 513.01025390625
24.214475631713867 512.1998901367188
24.534996032714844 511.3934631347656
24.865571975708008 510.5910949707031
25.20615005493164 509.7929382324219
25.556676864624023 508.99908447265625
25.917097091674805 508.2096862792969
26.287355422973633 507.4248352050781
26.667394638061523 506.6446838378906
27.05715560913086 505.8693542480469
27.456575393676758 505.09893798828125
27.86559295654297 504.3335876464844
28.284143447875977 503.5733947753906
28.712162017822266 502.8185119628906
29.14958381652832 502.06903076171875
29.596338272094727 501.3250732421875
30.05235481262207 500.5867614746094
30.51756477355957 499.8542175292969
30.991893768310547 499.1275329589844
31.47526741027832 498.4068298339844
31.96761131286621 497.6922302246094
32.468849182128906 496.98382568359375
32.97890090942383 496.28173828125
33.49768829345703 495.5860900878906
34.02512741088867 494.89697265625
34.56113815307617 494.2145080566406
35.10563659667969 493.5387878417969
35.658538818359375 492.86993408203125
36.219757080078125 492.2080383300781
36.78920364379883 491.55322265625
37.366790771484375 490.90557861328125
37.95242691040039 490.26519775390625
38.5460205078125 489.6321716308594
39.14748001098633 489.0066223144531
39.756710052490234 488.3886413574219
40.37361526489258 487.7783203125
40.99810028076172 487.1757507324219
41.630069732666016 486.5810546875
42.2694206237793 485.9942932128906
42.916053771972656 485.4155578613281
43.56986999511719 484.844970703125
44.23076629638672 484.2825927734375
44.89863967895508 483.728515625
45.573387145996094 483.1828308105469
46.25490188598633 482.6456298828125
46.943077087402344 482.1169738769531
47.6378059387207 481.5969543457031
48.33898162841797 481.0856628417969
49.04649353027344 480.58319091796875
49.76022720336914 480.089599609375
50.48007583618164 479.6049499511719
51.20592498779297 479.12933349609375
51.93766403198242 478.662841796875
52.675174713134766 478.2055358886719
53.41834259033203 477.7574768066406
54.16705322265625 477.3187255859375
54.92118835449219 476.8893737792969
55.68062973022461 476.469482421875
56.44526290893555 476.0591125488281
57.214962005615234 475.6583251953125
57.9896125793457 475.2672119140625
58.76908874511719 474.88580322265625
59.55327224731445 474.51416015625
60.342041015625 474.15234375
61.13526916503906 473.8004150390625
61.93283462524414 473.45843505859375
62.73461151123047 473.1264343261719
63.54047393798828 472.80450439453125
64.35029602050781 472.4926452636719
65.16395568847656 472.1909484863281
65.9813232421875 471.8994445800781
66.8022689819336 471.6181640625
67.62666320800781 471.34716796875
68.45438385009766 471.0865173339844
69.28529357910156 470.8362121582031
70.11927032470703 470.5963134765625
70.9561767578125 470.3668518066406
71.79588317871094 470.14788818359375
72.63826751708984 469.9394226074219
73.48318481445312 469.74151611328125
74.33051300048828 469.5541687011719
75.18011474609375 469.37744140625
76.0318603515625 469.2113342285156
76.88561248779297 469.0558776855469
77.74124145507812 468.9111022949219
78.59861755371094 468.77703857421875
79.45760345458984 468.6537170410156
80.31806182861328 468.5411376953125
81.17985534667969 468.4393005371094
82.04285430908203 468.3482666015625
82.90692901611328 468.26800537109375
83.77193450927734 468.19854736328125
84.63774108886719 468.1399230957031
85.50421142578125 468.0921325683594
86.3712158203125 468.05517578125
87.23861694335938 468.029052734375
88.10627746582031 468.0137634277344
88.97406005859375 468.0093078613281
89.84182739257812 468.0157165527344
90.7094497680664 468.032958984375
91.57678985595703 468.06103515625
92.44371032714844 468.0999755859375
93.31007385253906 468.1497497558594
94.17575073242188 468.2103271484375
95.04060363769531 468.28173828125
95.90449523925781 468.36395263671875
96.76728820800781 468.4569396972656
97.62885284423828 468.5606994628906
98.48905181884766 468.67523193359375
99.3477554321289 468.8005065917969
100.20482635498047 468.9364929199219
101.06012725830078 469.08319091796875
101.91352844238281 469.2405700683594
102.76490020751953 469.4085998535156
103.61410522460938 469.5872497558594
104.46100616455078 469.7764892578125
105.30548095703125 469.976318359375
106.14739227294922 470.1866760253906
106.98660278320312 470.40753173828125
107.82299041748047 470.6388854980469
108.65641784667969 470.88067626953125
109.48676300048828 471.1328430175781
110.31388854980469 471.3953857421875
111.1376724243164 471.6682434082031
111.95797729492188 471.95135498046875
112.7746810913086 472.2447204589844
113.58765411376953 472.5482482910156
114.39677429199219 472.8619079589844
115.201904296875 473.1856689453125
116.0029296875 473.51947021484375
116.79972076416016 473.8632507324219
117.59214782714844 474.21697998046875
118.38009643554688 474.58056640625
119.16343688964844 474.9539794921875
119.94204711914062 475.337158203125
120.71581268310547 475.73004150390625
121.48460388183594 476.132568359375
122.24830627441406 476.5446472167969
123.00679779052734 476.96624755859375
123.75996398925781 477.3973083496094
124.50768280029297 477.8377380371094
125.24983978271484 478.2874755859375
125.98631286621094 478.7464599609375
126.71699523925781 479.214599609375
127.4417724609375 479.69183349609375
128.1605224609375 480.1781005859375
128.87313842773438 480.6733093261719
129.5795135498047 481.1773986816406
130.27952575683594 481.6902770996094
130.97308349609375 482.21185302734375
131.66006469726562 482.7420654296875
132.34036254882812 483.28082275390625
133.0138702392578 483.8280334472656
133.6804962158203 484.38360595703125
134.34011840820312 484.9474792480469
134.99264526367188 485.5195617675781
135.63796997070312 486.0997619628906
136.2760009765625 486.6879577636719
136.90663146972656 487.2840881347656
137.52975463867188 487.8880615234375
138.14527893066406 488.4997863769531
138.75311279296875 489.119140625
139.35316467285156 489.74603271484375
139.94532775878906 490.3804016113281
140.52951049804688 491.0220947265625
141.1056365966797 491.6710510253906
141.67359924316406 492.3271484375
142.2333221435547 492.99029541015625
142.7847137451172 493.660400390625
143.3276824951172 494.33734130859375
143.86215209960938 495.0210266113281
144.38803100585938 495.7113342285156
144.90524291992188 496.40814208984375
145.41371154785156 497.1113586425781
145.91334533691406 497.8208923339844
146.40406799316406 498.53662109375
146.8858184814453 499.2584228515625
147.35850524902344 499.9861755371094
147.82205200195312 500.71978759765625
148.27639770507812 501.4591369628906
148.72146606445312 502.2041015625
149.15719604492188 502.9545593261719
149.58351135253906 503.7104187011719
150.00035095214844 504.4715576171875
150.4076385498047 505.2378234863281
150.80531311035156 506.0091247558594
151.1933135986328 506.78533935546875
151.57159423828125 507.56634521484375
151.94007873535156 508.3520202636719
152.29872131347656 509.1422424316406
152.6474609375 509.9368896484375
152.98623657226562 510.7358093261719
153.31500244140625 511.5389099121094
153.63369750976562 512.3460693359375
153.94229125976562 513.1571655273438
154.24072265625 513.9720458984375
154.52894592285156 514.7905883789062
154.80691528320312 515.6126708984375
155.0745849609375 516.4381713867188
155.3319091796875 517.2669067382812
155.578857421875 518.0988159179688
155.81539916992188 518.9337768554688
156.04148864746094 519.7716064453125
156.257080078125 520.6121826171875
156.46214294433594 521.4553833007812
156.6566619873047 522.3010864257812
156.84059143066406 523.149169921875
157.01390075683594 523.9994506835938
157.17657470703125 524.8518676757812
157.32858276367188 525.7062377929688
157.4698944091797 526.5624389648438
157.60049438476562 527.4203491210938
157.72036743164062 528.2798461914062
157.82949829101562 529.1407470703125
157.9278564453125 530.0029296875
158.0154266357422 530.8662719726562
158.09219360351562 531.7306518554688
158.1581573486328 532.595947265625
158.2133026123047 533.4619750976562
158.2576141357422 534.32861328125
158.2910919189453 535.1957397460938
158.31373596191406 536.063232421875
158.32553100585938 536.9309692382812
158.32647705078125 537.7987670898438
158.31658935546875 538.66650390625
158.2958526611328 539.5340576171875
158.26426696777344 540.4012451171875
158.2218475341797 541.2680053710938
158.16860961914062 542.1341552734375
158.1045379638672 542.9995727539062
158.0296630859375 543.8641357421875
157.94398498535156 544.7276611328125
157.84751892089844 545.590087890625
157.7402801513672 546.4512329101562
157.62229919433594 547.3109741210938
157.4935760498047 548.169189453125
157.35414123535156 549.0256958007812
157.20401000976562 549.8804321289062
157.04319763183594 550.7332153320312
156.8717498779297 551.5839233398438
156.68968200683594 552.4324340820312
156.4970245361328 553.278564453125
156.29380798339844 554.1222534179688
156.08006286621094 554.9633178710938
155.85581970214844 555.8016967773438
155.62110900878906 556.63720703125
155.3759765625 557.4697265625
155.12045288085938 558.2991333007812
154.85458374023438 559.1254272460938
154.5783233642578 559.9486083984375
154.29188537597656 560.7681884765625
153.99510192871094 561.5846557617188
153.6881561279297 562.3975830078125
153.37107849121094 563.2069091796875
153.04356384277344 564.0136108398438
152.7062530517578 564.8162841796875
152.35867309570312 565.6161499023438
152.00177001953125 566.4110717773438
151.6336669921875 567.20556640625
151.25601196289062 567.9965209960938
150.86825561523438 568.785400390625
150.47169494628906 569.5697021484375
150.0657196044922 570.350830078125
149.65113830566406 571.1272583007812
149.22772216796875 571.8995361328125
148.79576110839844 572.6671142578125
148.3548583984375 573.4307861328125
147.90550231933594 574.1898193359375
147.44752502441406 574.944580078125
146.98141479492188 575.6942749023438
146.50709533691406 576.4390869140625
146.0247039794922 577.1788330078125
145.53427124023438 577.9134521484375
145.03594970703125 578.6427612304688
144.52989196777344 579.3665161132812
144.01589965820312 580.0849609375
144.01589965820312 580.0849609375
144.01589965820312 580.0849609375
144.01589965820312 580.0849609375
144.01589965820312 580.0849609375
144.01589965820312 580.0849609375
144.01589965820312 580.0849609375
144.01589965820312 580.0849609375
144.01589965820312 580.0849609375
144.01589965820312 580.0849609375
144.01589965820312 580.0849609375
144.01589965820312 580.0849609375
144.01589965820312 580.0849609375
144.01589965820312 580.0849609375
144.01589965820312 580.0849609375
144.01589965820312 580.0849609375
144.01589965820312 580.0849609375
144.01589965820312 580.0849609375
144.01589965820312 580.0849609375
144.01589965820312 580.0849609375
144.01589965820312 580.0849609375
144.01589965820312 580.0849609375
144.01589965820312 580.0849609375
144.01589965820312 580.0849609375
144.01589965820312 580.0849609375
144.01589965820312 580.0849609375
144.01589965820312 580.0849609375
144.01589965820312 580.0849609375
144.01589965820312 580.0849609375
144.01589965820312 580.0849609375
144.01589965820312 580.0849609375
144.01589965820312 580.0849609375
144.01589965820312 580.0849609375
144.01589965820312 580.0849609375
144.01589965820312 580.0849609375
144.01589965820312 580.0849609375
144.01589965820312 580.0849609375
144.01589965820312 580.0849609375
144.01589965820312 580.0849609375
144.01589965820312 580.0849609375
144.01589965820312 580.0849609375
144.01589965820312 580.0849609375
144.01589965820312 580.0849609375
143.2360382080078 580.4992065429688
143.2360382080078 580.4992065429688
143.2360382080078 580.4992065429688
143.2360382080078 580.4992065429688
143.2360382080078 580.4992065429688
143.2360382080078 580.4992065429688
143.2360382080078 580.4992065429688
143.2360382080078 580.4992065429688
143.2360382080078 580.4992065429688
143.2360382080078 580.4992065429688
143.2360382080078 580.4992065429688
143.2360382080078 580.4992065429688
143.2360382080078 580.4992065429688
143.2360382080078 580.4992065429688
143.2360382080078 580.4992065429688
143.2360382080078 580.4992065429688
143.2360382080078 580.4992065429688
143.2360382080078 580.4992065429688
143.2360382080078 580.4992065429688
143.2360382080078 580.4992065429688
143.2360382080078 580.4992065429688
143.2360382080078 580.4992065429688
143.2360382080078 580.4992065429688
143.2360382080078 580.4992065429688
143.2360382080078 580.4992065429688
143.2360382080078 580.4992065429688
143.2360382080078 580.4992065429688
143.2360382080078 580.4992065429688
143.2360382080078 580.4992065429688
143.2360382080078 580.4992065429688
143.2360382080078 580.4992065429688
143.2360382080078 580.4992065429688
143.2360382080078 580.4992065429688
143.2360382080078 580.4992065429688
143.2360382080078 580.4992065429688
143.2360382080078 580.4992065429688
143.2360382080078 580.4992065429688
143.2360382080078 580.4992065429688
143.2360382080078 580.4992065429688
143.2360382080078 580.4992065429688
143.2360382080078 580.4992065429688
143.2360382080078 580.4992065429688
143.2360382080078 580.4992065429688
143.2360382080078 580.4992065429688
143.2360382080078 580.4992065429688
143.2360382080078 580.4992065429688
143.2360382080078 580.4992065429688
143.2360382080078 580.4992065429688
143.2360382080078 580.4992065429688
143.2360382080078 580.4992065429688
143.2360382080078 580.4992065429688
143.2360382080078 580.4992065429688
143.2360382080078 580.4992065429688
143.2360382080078 580.4992065429688
143.2360382080078 580.4992065429688
143.2360382080078 580.4992065429688
143.2360382080078 580.4992065429688
143.2360382080078 580.4992065429688
143.2360382080078 580.4992065429688
143.2360382080078 580.4992065429688
143.2360382080078 580.4992065429688
143.2360382080078 580.4992065429688
143.2360382080078 580.4992065429688
143.2360382080078 580.4992065429688
143.2360382080078 580.4992065429688
143.2360382080078 580.4992065429688
143.2360382080078 580.4992065429688
143.2360382080078 580.4992065429688
143.2360382080078 580.4992065429688
143.2360382080078 580.4992065429688
143.2360382080078 580.4992065429688
143.2360382080078 580.4992065429688
143.2360382080078 580.4992065429688
143.2360382080078 580.4992065429688
143.2360382080078 580.4992065429688
143.2360382080078 580.4992065429688
143.2360382080078 580.4992065429688
143.2360382080078 580.4992065429688
143.2360382080078 580.4992065429688
143.2360382080078 580.4992065429688
142.29054260253906 580.499267578125
141.34506225585938 580.4952392578125
140.39959716796875 580.4871826171875
139.4541778564453 580.4750366210938
138.50881958007812 580.4588012695312
137.56353759765625 580.4384765625
136.6183624267578 580.4140625
135.6732940673828 580.3855590820312
134.72836303710938 580.3529663085938
133.7835693359375 580.3163452148438
132.8389434814453 580.275634765625
131.89451599121094 580.2308349609375
130.95028686523438 580.1819458007812
130.0062713623047 580.1289672851562
129.0625 580.0719604492188
128.1189727783203 580.0108642578125
127.17572784423828 579.9456787109375
126.23277282714844 579.87646484375
125.29012298583984 579.8031616210938
124.3478012084961 579.7257690429688
123.40582275390625 579.6443481445312
122.46420288085938 579.558837890625
121.52296447753906 579.46923828125
120.58211517333984 579.3756103515625
119.64168548583984 579.2778930664062
118.7016830444336 579.1761474609375
117.76213073730469 579.0703125
116.82304382324219 578.96044921875
115.88443756103516 578.8465576171875
114.94633483886719 578.7285766601562
114.00875091552734 578.6065673828125
113.07170104980469 578.4805297851562
112.13520050048828 578.3504028320312
111.19927215576172 578.2162475585938
110.26393127441406 578.0780639648438
109.32919311523438 577.9358520507812
108.39508056640625 577.7896118164062
107.46160888671875 577.6393432617188
106.52879333496094 577.4850463867188
105.5968246459961 577.3267211914062
104.66996765136719 577.1649169921875
103.74066925048828 576.9982299804688
102.8112564086914 576.8272705078125
101.89915466308594 576.6544799804688
100.9798812866211 576.474853515625
100.05719757080078 576.2897338867188
99.18316650390625 576.107666015625
98.33492279052734 575.9210815429688
97.48831939697266 575.7238159179688
96.64564514160156 575.5164184570312
95.80559539794922 575.2985229492188
94.96839141845703 575.0701293945312
94.13410949707031 574.831298828125
93.3028793334961 574.5820922851562
92.4748306274414 574.322509765625
91.65008544921875 574.0525512695312
90.82878112792969 573.7723388671875
90.01104736328125 573.4818725585938
89.19700622558594 573.1812133789062
88.38678741455078 572.8704223632812
87.58051300048828 572.5494995117188
86.77831268310547 572.218505859375
85.98030853271484 571.8775634765625
85.18663024902344 571.5266723632812
84.39739990234375 571.1658935546875
83.61273956298828 570.7952270507812
82.83277130126953 570.414794921875
82.05762481689453 570.024658203125
81.28741455078125 569.6248779296875
80.52226257324219 569.2155151367188
79.76228332519531 568.7965698242188
79.00759887695312 568.3681640625
78.25833129882812 567.9303588867188
77.51458740234375 567.4832153320312
76.7764892578125 567.02685546875
76.04415893554688 566.561279296875
75.31770324707031 566.0866088867188
74.59723663330078 565.6029052734375
73.88287353515625 565.1102294921875
73.17472076416016 564.608642578125
72.47289276123047 564.0982666015625
71.77749633789062 563.5791625976562
71.0886459350586 563.0513916015625
70.40644073486328 562.5150756835938
69.73099517822266 561.9702758789062
69.06241607666016 561.4170532226562
68.40080261230469 560.8555297851562
67.74625396728516 560.2857666015625
67.098876953125 559.7078857421875
66.45877838134766 559.1219482421875
65.8260498046875 558.528076171875
65.20079803466797 557.9263305664062
64.58311462402344 557.3167724609375
63.97309494018555 556.6995849609375
63.3708381652832 556.0748291015625
62.77643585205078 555.4425659179688
62.18998336791992 554.8029174804688
61.611572265625 554.156005859375
61.041290283203125 553.5018920898438
60.47922897338867 552.8406982421875
59.925472259521484 552.1725463867188
59.38011169433594 551.49755859375
58.843231201171875 550.8157958984375
58.314910888671875 550.1273803710938
57.79523849487305 549.432373046875
57.2842903137207 548.73095703125
56.78215026855469 548.023193359375
56.28889465332031 547.3092041015625
55.80459976196289 546.589111328125
55.329345703125 545.863037109375
54.86320114135742 545.1310424804688
54.40624237060547 544.393310546875
53.95853805541992 543.64990234375
53.52016067504883 542.9010009765625
53.09117889404297 542.1466674804688
52.67165756225586 541.3870239257812
52.26166534423828 540.6221923828125
51.861263275146484 539.852294921875
51.47051239013672 539.0774536132812
51.0894775390625 538.2977905273438
50.71821594238281 537.513427734375
50.356788635253906 536.7244873046875
50.0052490234375 535.9310913085938
49.66365432739258 535.1333618164062
49.332054138183594 534.3314208984375
49.01050567626953 533.525390625
48.69905471801758 532.7153930664062
48.39775085449219 531.901611328125
48.10664367675781 531.0841064453125
47.825775146484375 530.2630004882812
47.55519104003906 529.4384765625
47.2949333190918 528.6106567382812
47.0450439453125 527.7796020507812
46.80555725097656 526.9454956054688
46.576515197753906 526.1084594726562
46.35795211791992 525.2686157226562
46.14990234375 524.4261474609375
45.95240020751953 523.5811157226562
45.765472412109375 522.7337036132812
45.58915328979492 521.884033203125
45.423465728759766 521.0322265625
45.268436431884766 520.1784057617188
45.12409210205078 519.3226928710938
44.990455627441406 518.4652709960938
44.86754608154297 517.606201171875
44.7553825378418 516.7456665039062
44.65398025512695 515.8838500976562
44.563358306884766 515.0208129882812
44.48352813720703 514.1566772460938
44.41450500488281 513.2916259765625
44.356300354003906 512.42578125
44.308921813964844 511.5592956542969
44.272377014160156 510.6922607421875
44.24666976928711 509.8248596191406
44.231807708740234 508.9571838378906
44.22779083251953 508.08941650390625
44.234619140625 507.2216491699219
44.25229263305664 506.3540344238281
44.28080749511719 505.4867248535156
44.320159912109375 504.61981201171875
44.37034606933594 503.75347900390625
44.43135452270508 502.8878479003906
44.503177642822266 502.0230407714844
44.5858039855957 501.1591796875
44.679222106933594 500.2964172363281
44.78341293334961 499.4349060058594
44.89836502075195 498.57476806640625
45.0240592956543 497.71612548828125
45.16047286987305 496.859130859375
45.307586669921875 496.00390625
45.46537780761719 495.15057373046875
45.63382339477539 494.2992858886719
45.812896728515625 493.4501647949219
46.002567291259766 492.6033630371094
46.20280456542969 491.7590026855469
46.41358184814453 490.9172058105469
46.634864807128906 490.0780944824219
46.866615295410156 489.2418212890625
47.10879898071289 488.40850830078125
47.36138153076172 487.5782775878906
47.62432098388672 486.75128173828125
47.89757537841797 485.9276428222656
48.18110275268555 485.10748291015625
48.474857330322266 484.2909240722656
48.77879333496094 483.47808837890625
49.092864990234375 482.66912841796875
49.417022705078125 481.8641662597656
49.751216888427734 481.06329345703125
50.095394134521484 480.26666259765625
50.449501037597656 479.4743957519531
50.813480377197266 478.6866149902344
51.187278747558594 477.9034423828125
51.57083511352539 477.1250305175781
51.96409225463867 476.3514709472656
52.36698532104492 475.5828857421875
52.77945327758789 474.81939697265625
53.20143127441406 474.0611267089844
53.63285446166992 473.30816650390625
54.07365417480469 472.5606689453125
54.52376174926758 471.8187255859375
54.98310852050781 471.0824890136719
55.451622009277344 470.35205078125
55.92922592163086 469.62750244140625
56.41584777832031 468.90899658203125
56.91141128540039 468.1966247558594
57.41584014892578 467.4905090332031
57.929054260253906 466.7907409667969
58.45097732543945 466.0974426269531
58.98152160644531 465.4107360839844
59.520606994628906 464.730712890625
60.06814956665039 464.0574645996094
60.62406539916992 463.39111328125
61.18826675415039 462.73175048828125
61.76066207885742 462.0794982910156
62.34116744995117 461.4344482421875
62.9296875 460.7967224121094
63.5261344909668 460.1663818359375
64.13040924072266 459.5435485839844
64.74242401123047 458.9283142089844
65.36207580566406 458.32080078125
65.98927307128906 457.7210693359375
66.62391662597656 457.12921142578125
67.26590728759766 456.54534912109375
67.91514587402344 455.96954345703125
68.571533203125 455.4018859863281
69.2349624633789 454.8424987792969
69.90533447265625 454.29144287109375
70.5825424194336 453.7488098144531
71.2664794921875 453.2146911621094
71.95703887939453 452.68914794921875
72.65410614013672 452.1722717285156
73.35758209228516 451.6641540527344
74.06735229492188 451.16485595703125
74.78330993652344 450.6744689941406
75.50534057617188 450.1930847167969
76.23332977294922 449.72076416015625
76.9671630859375 449.257568359375
77.70673370361328 448.8035888671875
78.45191955566406 448.35888671875
79.20260620117188 447.92352294921875
79.95867156982422 447.4975891113281
80.72000122070312 447.08111572265625
81.48648071289062 446.6741943359375
82.25798034667969 446.2768859863281
83.03438568115234 445.8892517089844
83.8155746459961 445.5113525390625
84.60142517089844 445.14324951171875
85.39181518554688 444.7850036621094
86.1866226196289 444.4366760253906
86.98572540283203 444.0982971191406
87.78899383544922 443.7699279785156
88.59629821777344 443.4516296386719
89.40752410888672 443.1434326171875
90.2225341796875 442.84539794921875
91.04120635986328 442.5575866699219
91.86341094970703 442.280029296875
92.68901824951172 442.01275634765625
93.51790618896484 441.7558288574219
94.34993743896484 441.50927734375
95.18498992919922 441.2731628417969
96.0229263305664 441.0474853515625
96.86361694335938 440.8323059082031
97.7069320678711 440.6276550292969
98.552734375 440.4335632324219
99.4009017944336 440.25006103515625
100.25129699707031 440.0771484375
101.1037826538086 439.9148864746094
101.9582290649414 439.7633056640625
102.81450653076172 439.6224060058594
103.67247772216797 439.4922180175781
104.5320053100586 439.3727722167969
105.39295959472656 439.2640686035156
106.25521087646484 439.1661376953125
107.11861419677734 439.0789794921875
107.98303985595703 439.00262451171875
108.84835052490234 438.93707275390625
109.71441650390625 438.8823547363281
110.58110046386719 438.8384704589844
111.4482650756836 438.805419921875
112.3157730102539 438.783203125
113.18348693847656 438.7718200683594
114.05127716064453 438.77130126953125
114.91900634765625 438.7816162109375
115.78653717041016 438.80279541015625
116.65373992919922 438.8348083496094
117.52047729492188 438.8776550292969
118.38660430908203 438.93133544921875
119.25199890136719 438.9958190917969
120.11651611328125 439.0711364746094
120.98002624511719 439.1572265625
121.84239959716797 439.2541198730469
122.70349884033203 439.3617858886719
123.56318664550781 439.4801940917969
124.42134857177734 439.6093444824219
125.27786254882812 439.74920654296875
126.13265228271484 439.8997802734375
126.98553466796875 440.0610046386719
127.83656311035156 440.2328796386719
128.685546875 440.4153747558594
129.53282165527344 440.6085205078125
130.3780975341797 440.8122253417969
131.2213897705078 441.02642822265625
132.06382751464844 441.2513427734375
132.90460205078125 441.48663330078125
133.7437286376953 441.73223876953125
134.58262634277344 441.9884033203125
135.41969299316406 442.25445556640625
136.25521850585938 442.5303955078125
137.08892822265625 442.8160400390625
137.9196319580078 443.11090087890625
138.74746704101562 443.41497802734375
139.5722198486328 443.7281799316406
140.39395141601562 444.0505065917969
141.2122344970703 444.3817443847656
142.0269012451172 444.7218322753906
142.8379364013672 445.0707702636719
143.64517211914062 445.428466796875
144.44851684570312 445.7948913574219
145.24786376953125 446.16998291015625
146.04312133789062 446.5537109375
146.83421325683594 446.9460144042969
147.62103271484375 447.3468322753906
148.40350341796875 447.75616455078125
149.18148803710938 448.1739196777344
149.9550018310547 448.6000671386719
150.7796630859375 449.06256103515625
151.60231018066406 449.52862548828125
152.36749267578125 449.96978759765625
153.18301391601562 450.4482116699219
153.9964599609375 450.9301452636719
154.80783081054688 451.41558837890625
155.56349182128906 451.87542724609375
156.3675079345703 452.3729553222656
157.16937255859375 452.87396240234375
157.16937255859375 452.87396240234375
157.16937255859375 452.87396240234375
157.16937255859375 452.87396240234375
157.16937255859375 452.87396240234375
157.16937255859375 452.87396240234375
157.16937255859375 452.87396240234375
157.16937255859375 452.87396240234375
157.16937255859375 452.87396240234375
157.16937255859375 452.87396240234375
157.16937255859375 452.87396240234375
157.16937255859375 452.87396240234375
157.16937255859375 452.87396240234375
157.16937255859375 452.87396240234375
157.16937255859375 452.87396240234375
157.16937255859375 452.87396240234375
157.16937255859375 452.87396240234375
157.16937255859375 452.87396240234375
157.16937255859375 452.87396240234375
157.16937255859375 452.87396240234375
157.16937255859375 452.87396240234375
157.16937255859375 452.87396240234375
157.16937255859375 452.87396240234375
157.16937255859375 452.87396240234375
157.16937255859375 452.87396240234375
157.16937255859375 452.87396240234375
157.16937255859375 452.87396240234375
157.16937255859375 452.87396240234375
157.16937255859375 452.87396240234375
157.16937255859375 452.87396240234375
157.16937255859375 452.87396240234375
157.16937255859375 452.87396240234375
157.16937255859375 452.87396240234375
157.16937255859375 452.87396240234375
157.16937255859375 452.87396240234375
157.16937255859375 452.87396240234375
157.16937255859375 452.87396240234375
157.16937255859375 452.87396240234375
157.16937255859375 452.87396240234375
157.16937255859375 452.87396240234375
157.16937255859375 452.87396240234375
157.16937255859375 452.87396240234375
157.16937255859375 452.87396240234375
157.16937255859375 452.87396240234375
157.16937255859375 452.87396240234375
157.16937255859375 452.87396240234375
157.16937255859375 452.87396240234375
157.16937255859375 452.87396240234375
157.16937255859375 452.87396240234375
157.16937255859375 452.87396240234375
157.16937255859375 452.87396240234375
157.16937255859375 452.87396240234375
157.16937255859375 452.87396240234375
157.16937255859375 452.87396240234375
157.16937255859375 452.87396240234375
157.16937255859375 452.87396240234375
157.16937255859375 452.87396240234375
157.16937255859375 452.87396240234375
157.16937255859375 452.87396240234375
157.16937255859375 452.87396240234375
157.16937255859375 452.87396240234375
157.16937255859375 452.87396240234375
157.16937255859375 452.87396240234375
157.16937255859375 452.87396240234375
157.16937255859375 452.87396240234375
157.16937255859375 452.87396240234375
157.16937255859375 452.87396240234375
157.16937255859375 452.87396240234375
157.16937255859375 452.87396240234375
157.16937255859375 452.87396240234375
157.16937255859375 452.87396240234375
157.16937255859375 452.87396240234375
157.16937255859375 452.87396240234375
157.16937255859375 452.87396240234375
157.16937255859375 452.87396240234375
157.16937255859375 452.87396240234375
157.16937255859375 452.87396240234375
157.16937255859375 452.87396240234375
157.16937255859375 452.87396240234375
157.16937255859375 452.87396240234375
157.16937255859375 452.87396240234375
157.16937255859375 452.87396240234375
157.16937255859375 452.87396240234375
157.16937255859375 452.87396240234375
157.16937255859375 452.87396240234375
157.16937255859375 452.87396240234375
157.16937255859375 452.87396240234375
157.16937255859375 452.87396240234375
157.16937255859375 452.87396240234375
157.16937255859375 452.87396240234375
157.16937255859375 452.87396240234375
157.16937255859375 452.87396240234375
157.16937255859375 452.87396240234375
157.16937255859375 452.87396240234375
157.16937255859375 452.87396240234375
157.16937255859375 452.87396240234375
157.16937255859375 452.87396240234375
157.16937255859375 452.87396240234375
157.16937255859375 452.87396240234375
157.16937255859375 452.87396240234375
157.16937255859375 452.87396240234375
157.16937255859375 452.87396240234375
157.16937255859375 452.87396240234375
157.16937255859375 452.87396240234375
157.16937255859375 452.87396240234375
157.16937255859375 452.87396240234375
157.16937255859375 452.87396240234375
157.16937255859375 452.87396240234375
157.16937255859375 452.87396240234375
157.16937255859375 452.87396240234375
157.16937255859375 452.87396240234375
157.16937255859375 452.87396240234375
157.16937255859375 452.87396240234375
157.16937255859375 452.87396240234375
157.16937255859375 452.87396240234375
157.16937255859375 452.87396240234375
157.16937255859375 452.87396240234375
157.16937255859375 452.87396240234375
157.16937255859375 452.87396240234375
157.16937255859375 452.87396240234375
157.16937255859375 452.87396240234375
157.16937255859375 452.87396240234375
157.16937255859375 452.87396240234375
157.16937255859375 452.87396240234375
157.16937255859375 452.87396240234375
157.16937255859375 452.87396240234375
157.16937255859375 452.87396240234375
157.16937255859375 452.87396240234375
157.16937255859375 452.87396240234375
157.16937255859375 452.87396240234375
157.16937255859375 452.87396240234375
157.16937255859375 452.87396240234375
157.16937255859375 452.87396240234375
157.16937255859375 452.87396240234375
157.16937255859375 452.87396240234375
157.16937255859375 452.87396240234375
157.16937255859375 452.87396240234375
157.16937255859375 452.87396240234375
157.16937255859375 452.87396240234375
157.16937255859375 452.87396240234375
157.16937255859375 452.87396240234375
157.16937255859375 452.87396240234375
157.16937255859375 452.87396240234375
157.16937255859375 452.87396240234375
157.16937255859375 452.87396240234375
157.16937255859375 452.87396240234375
157.16937255859375 452.87396240234375
157.16937255859375 452.87396240234375
157.16937255859375 452.87396240234375
157.16937255859375 452.87396240234375
157.16937255859375 452.87396240234375
157.47222900390625 453.68719482421875
157.47222900390625 453.68719482421875
157.47222900390625 453.68719482421875
157.47222900390625 453.68719482421875
157.47222900390625 453.68719482421875
157.47222900390625 453.68719482421875
157.47222900390625 453.68719482421875
157.47222900390625 453.68719482421875
157.47222900390625 453.68719482421875
157.47222900390625 453.68719482421875
157.47222900390625 453.68719482421875
157.47222900390625 453.68719482421875
157.47222900390625 453.68719482421875
157.47222900390625 453.68719482421875
157.47222900390625 453.68719482421875
157.47222900390625 453.68719482421875
157.47222900390625 453.68719482421875
157.47222900390625 453.68719482421875
157.47222900390625 453.68719482421875
157.47222900390625 453.68719482421875
157.47222900390625 453.68719482421875
157.47222900390625 453.68719482421875
157.47222900390625 453.68719482421875
157.47222900390625 453.68719482421875
157.47222900390625 453.68719482421875
157.47222900390625 453.68719482421875
157.49960327148438 454.5545654296875
157.49960327148438 454.5545654296875
157.49960327148438 454.5545654296875
157.49444580078125 455.4223327636719
157.4784393310547 456.28997802734375
157.4515838623047 457.1573486328125
157.4138946533203 458.0243225097656
157.36537170410156 458.8907470703125
157.30601501464844 459.7565002441406
157.23585510253906 460.6214599609375
157.15489196777344 461.4854736328125
157.06312561035156 462.348388671875
156.96058654785156 463.2101135253906
156.8472900390625 464.0704650878906
156.72323608398438 464.9293518066406
156.58847045898438 465.78662109375
156.4429931640625 466.6421203613281
156.28683471679688 467.4957580566406
156.12002563476562 468.34735107421875
155.9425811767578 469.1968078613281
155.75453186035156 470.0439758300781
155.555908203125 470.88873291015625
155.34674072265625 471.7309265136719
155.1270751953125 472.5704650878906
154.8969268798828 473.4071960449219
154.65634155273438 474.240966796875
154.4053497314453 475.0716552734375
154.1439971923828 475.899169921875
153.87232971191406 476.72332763671875
153.5903778076172 477.5440368652344
153.29818725585938 478.36114501953125
152.9958038330078 479.174560546875
152.68328857421875 479.984130859375
152.3606719970703 480.78973388671875
152.02801513671875 481.59124755859375
151.68536376953125 482.3885192871094
151.33277893066406 483.18145751953125
150.97030639648438 483.96990966796875
150.59800720214844 484.7537841796875
150.2159423828125 485.5329284667969
149.8241729736328 486.3072509765625
149.42276000976562 487.0766296386719
149.01174926757812 487.8409118652344
148.5912322998047 488.6000061035156
148.1612548828125 489.3537902832031
147.72189331054688 490.1021423339844
147.27320861816406 490.8449401855469
146.81527709960938 491.5820617675781
146.34815979003906 492.31341552734375
145.8719482421875 493.03887939453125
145.38670349121094 493.7583312988281
144.8925018310547 494.4716491699219
144.38941955566406 495.1787414550781
143.87754821777344 495.8794860839844
143.35696411132812 496.57379150390625
142.82772827148438 497.26153564453125
142.28994750976562 497.9425964355469
141.7436981201172 498.61688232421875
141.18905639648438 499.2843017578125
140.62611389160156 499.9447326660156
140.05496215820312 500.59808349609375
139.47569274902344 501.2442321777344
138.88839721679688 501.8830871582031
138.2931671142578 502.5145568847656
137.69007873535156 503.1385498046875
137.07923889160156 503.75494384765625
136.46075439453125 504.3636474609375
135.83470153808594 504.9645690917969
135.20118713378906 505.5576477050781
134.56031799316406 506.14276123046875
133.9121856689453 506.7198181152344
133.2568817138672 507.2887268066406
132.5945281982422 507.8493957519531
131.9252166748047 508.4017333984375
131.24905395507812 508.9456787109375
130.56614685058594 509.4811096191406
129.87660217285156 510.0079650878906
129.18052673339844 510.52618408203125
128.47802734375 511.03564453125
127.76921081542969 511.5362854003906
127.05419158935547 512.0280151367188
126.33308410644531 512.5108032226562
125.60600280761719 512.9844970703125
124.87305450439453 513.4490966796875
124.13436126708984 513.9044799804688
123.39002990722656 514.3505859375
122.64018249511719 514.787353515625
121.88493347167969 515.2147216796875
121.12440490722656 515.6326293945312
120.35871124267578 516.041015625
119.58797454833984 516.4398193359375
118.81230926513672 516.8289184570312
118.03184509277344 517.2083129882812
117.24669647216797 517.5779418945312
116.45699310302734 517.9376831054688
115.66284942626953 518.2875366210938
114.86439514160156 518.62744140625
114.06175994873047 518.9573364257812
113.25506591796875 519.2771606445312
112.4444351196289 519.5869140625
111.62999725341797 519.886474609375
110.81187438964844 520.1758422851562
109.99020385742188 520.4549560546875
109.16510772705078 520.7238159179688
108.33671569824219 520.9822998046875
107.50515747070312 521.2304077148438
106.67056274414062 521.4681396484375
105.83306121826172 521.6954345703125
104.99278259277344 521.9122314453125
104.14986419677734 522.1185302734375
103.30442810058594 522.3142700195312
102.45661163330078 522.4993896484375
101.60655212402344 522.6738891601562
100.75437927246094 522.8377685546875
99.90022277832031 522.990966796875
99.04421997070312 523.1334838867188
98.1865005493164 523.2653198242188
97.32720184326172 523.3864135742188
96.4664535522461 523.4967651367188
95.6043930053711 523.5963745117188
94.74115753173828 523.6851806640625
93.87687683105469 523.76318359375
93.01168823242188 523.8303833007812
92.1457290649414 523.8867797851562
91.27913665771484 523.9323120117188
90.41204071044922 523.967041015625
89.5445785522461 523.9909057617188
88.67688751220703 524.00390625
87.80909729003906 524.006103515625
86.94134521484375 523.9974365234375
86.07377624511719 523.9779052734375
85.20651245117188 523.9475708007812
84.3396987915039 523.9063720703125
83.47346496582031 523.8543701171875
82.60794830322266 523.79150390625
81.7432861328125 523.7178344726562
80.8796157836914 523.6333618164062
80.0170669555664 523.5381469726562
79.15577697753906 523.43212890625
78.2958755493164 523.3153686523438
77.4375 523.1878662109375
76.5807876586914 523.0496215820312
75.72586822509766 522.9006958007812
74.87287902832031 522.7410888671875
74.0219497680664 522.5708618164062
73.1732177734375 522.3900146484375
72.32681274414062 522.1985473632812
71.48286437988281 521.9965209960938
70.64151000976562 521.7839965820312
69.80287170410156 521.5609130859375
68.96708679199219 521.327392578125
68.13428497314453 521.0834350585938
67.30460357666016 520.8291015625
66.47816467285156 520.5643920898438
65.65509796142578 520.2894287109375
64.83553314208984 520.004150390625
64.01959228515625 519.7086791992188
63.20741271972656 519.4030151367188
62.39911651611328 519.0872192382812
61.59482955932617 518.7613525390625
60.794677734375 518.4254760742188
59.99878692626953 518.07958984375
59.207279205322266 517.7238159179688
58.42028045654297 517.358154296875
57.63791275024414 516.9827270507812
56.860294342041016 516.5975341796875
56.08755111694336 516.20263671875
55.31979751586914 515.798095703125
54.557159423828125 515.384033203125
53.79975128173828 514.96044921875
53.04768753051758 514.5274047851562
52.30108642578125 514.0850219726562
51.560062408447266 513.6333618164062
50.82472229003906 513.1724243164062
50.09518814086914 512.7023315429688
49.37155532836914 512.22314453125
48.653926849365234 511.7349548339844
47.94239807128906 511.2378234863281
47.23710250854492 510.7318420410156
46.538055419921875 510.2170104980469
45.84535217285156 509.69342041015625
45.1590461730957 509.1611328125
44.47917556762695 508.6202087402344
43.805633544921875 508.0705871582031
43.138973236083984 507.51275634765625
42.47871398925781 506.9463195800781
41.8255500793457 506.3719177246094
41.178958892822266 505.7890930175781
40.53874969482422 505.1977844238281
39.90593338012695 504.59893798828125
39.27961349487305 503.99176025390625
38.65972900390625 503.3763122558594
38.046241760253906 502.7526550292969
37.439151763916016 502.1209411621094
36.839725494384766 501.4825439453125
36.246826171875 500.8363037109375
35.660621643066406 500.1825256347656
35.08110809326172 499.5213317871094
34.50932312011719 498.85394287109375
33.944557189941406 498.1795654296875
33.38679885864258 497.498291015625
32.8361930847168 496.81036376953125
32.292869567871094 496.11602783203125
31.757400512695312 495.416015625
31.2293643951416 494.7098083496094
30.708873748779297 493.9975891113281
30.196027755737305 493.279541015625
29.691139221191406 492.5561218261719
29.19402313232422 491.8270568847656
28.704933166503906 491.09271240234375
28.22378921508789 490.3529968261719
27.750669479370117 489.6080017089844
27.285585403442383 488.8577880859375
26.82860565185547 488.1025085449219
26.379863739013672 487.34234619140625
25.939369201660156 486.57733154296875
25.507217407226562 485.8076477050781
25.08338737487793 485.0332336425781
24.667936325073242 484.2542419433594
24.26093292236328 483.47076416015625
23.86244773864746 482.6829528808594
23.472490310668945 481.8908386230469
23.091110229492188 481.0945129394531
22.7183895111084 480.2941589355469
22.354331970214844 479.4897766113281
21.998971939086914 478.68145751953125
21.652366638183594 477.8693542480469
21.31456756591797 477.0535583496094
20.985610961914062 476.2341613769531
20.665523529052734 475.4112243652344
20.35436248779297 474.58489990234375
20.052143096923828 473.7552490234375
19.758895874023438 472.9223327636719
19.47430992126465 472.08538818359375
19.199050903320312 471.2463684082031
18.932842254638672 470.4043273925781
18.675697326660156 469.5593566894531
18.427236557006836 468.7103576660156
18.187950134277344 467.8591613769531
17.957406997680664 467.0043029785156
17.735336303710938 466.1452331542969
17.515655517578125 465.2620544433594
17.299489974975586 464.3650817871094
17.086441040039062 463.45684814453125
16.881038665771484 462.5567626953125
16.678504943847656 461.64422607421875
16.678504943847656 461.64422607421875
16.678504943847656 461.64422607421875
16.678504943847656 461.64422607421875
16.678504943847656 461.64422607421875
16.678504943847656 461.64422607421875
16.503326416015625 460.7241516113281
16.503326416015625 460.7241516113281
16.503326416015625 460.7241516113281
16.503326416015625 460.7241516113281
16.503326416015625 460.7241516113281
16.503326416015625 460.7241516113281
16.503326416015625 460.7241516113281
16.503326416015625 460.7241516113281
16.503326416015625 460.7241516113281
16.503326416015625 460.7241516113281
16.503326416015625 460.7241516113281
16.503326416015625 460.7241516113281
16.503326416015625 460.7241516113281
16.503326416015625 460.7241516113281
16.503326416015625 460.7241516113281
16.503326416015625 460.7241516113281
16.503326416015625 460.7241516113281
16.503326416015625 460.7241516113281
16.503326416015625 460.7241516113281
16.503326416015625 460.7241516113281
16.503326416015625 460.7241516113281
16.503326416015625 460.7241516113281
16.503326416015625 460.7241516113281
16.503326416015625 460.7241516113281
16.503326416015625 460.7241516113281
16.503326416015625 460.7241516113281
16.503326416015625 460.7241516113281
16.503326416015625 460.7241516113281
16.503326416015625 460.7241516113281
16.503326416015625 460.7241516113281
16.503326416015625 460.7241516113281
16.503326416015625 460.7241516113281
16.503326416015625 460.7241516113281
16.503326416015625 460.7241516113281
16.503326416015625 460.7241516113281
16.503326416015625 460.7241516113281
16.503326416015625 460.7241516113281
16.503326416015625 460.7241516113281
16.503326416015625 460.7241516113281
16.503326416015625 460.7241516113281
16.503326416015625 460.7241516113281
16.503326416015625 460.7241516113281
16.503326416015625 460.7241516113281
16.503326416015625 460.7241516113281
16.503326416015625 460.7241516113281
16.50324821472168 459.7786560058594
16.507251739501953 458.8331604003906
16.515336990356445 457.8876953125
16.527503967285156 456.9422912597656
16.543750762939453 455.9969482421875
16.56407928466797 455.0516662597656
16.58848762512207 454.1064758300781
16.616975784301758 453.1614074707031
16.6495418548584 452.2164611816406
16.686187744140625 451.27166748046875
16.726911544799805 450.3270568847656
16.771711349487305 449.38262939453125
16.820587158203125 448.4383850097656
16.873538970947266 447.494384765625
16.930564880371094 446.55059814453125
16.99166488647461 445.6070861816406
17.05683708190918 444.6638488769531
17.126081466674805 443.72088623046875
17.19939422607422 442.7782287597656
17.276775360107422 441.8359069824219
17.358224868774414 440.8939208984375
17.44373893737793 439.9523010253906
17.53331756591797 439.01104736328125
17.6269588470459 438.0701904296875
17.724660873413086 437.1297607421875
17.8264217376709 436.18975830078125
17.932239532470703 435.2502136230469
18.042112350463867 434.3111267089844
18.156038284301758 433.3725280761719
18.27401351928711 432.4344177246094
18.396038055419922 431.496826171875
18.52210807800293 430.5597839355469
18.652223587036133 429.623291015625
18.786380767822266 428.6873779296875
18.924575805664062 427.7520446777344
19.06680679321289 426.81732177734375
19.213071823120117 425.8832092285156
19.36336898803711 424.9497375488281
19.5176944732666 424.0169372558594
19.675182342529297 423.0921325683594
19.83804702758789 422.1629943847656
20.005340576171875 421.2330627441406
20.17481803894043 420.3181457519531
20.35112953186035 419.3942565917969
20.532413482666016 418.4678649902344
20.713788986206055 417.5694274902344
20.89459800720215 416.71685791015625
21.086971282958984 415.8594970703125
21.29195213317871 414.9891357421875
21.500507354736328 414.1455993652344
21.719959259033203 413.302490234375
21.94890785217285 412.46533203125
22.188270568847656 411.6311950683594
22.43804168701172 410.80010986328125
22.698177337646484 409.97222900390625
22.968639373779297 409.1476745605469
23.249385833740234 408.3265380859375
23.540372848510742 407.5090026855469
23.841554641723633 406.6951599121094
24.15288543701172 405.8851318359375
24.474315643310547 405.0790710449219
24.805795669555664 404.2770690917969
25.14727210998535 403.4792785644531
25.498693466186523 402.6858215332031
25.860004425048828 401.8968200683594
26.23114776611328 401.1123962402344
26.6120662689209 400.3326721191406
27.002700805664062 399.5577697753906
27.40298843383789 398.7878112792969
27.812868118286133 398.0229187011719
28.232276916503906 397.2632141113281
28.661148071289062 396.5088195800781
29.09941291809082 395.75982666015625
29.54700469970703 395.0163879394531
30.003854751586914 394.2785949707031
30.469890594482422 393.54656982421875
30.945037841796875 392.8204040527344
31.429224014282227 392.1002502441406
31.922372817993164 391.3861999511719
32.424407958984375 390.6783752441406
32.93524932861328 389.97686767578125
33.45481872558594 389.28179931640625
33.983036041259766 388.5932922363281
34.51981735229492 387.91143798828125
35.06507873535156 387.236328125
35.61873245239258 386.568115234375
36.180694580078125 385.9068603515625
36.750877380371094 385.252685546875
37.329193115234375 384.6056823730469
37.915550231933594 383.9659729003906
38.509857177734375 383.3336181640625
39.112022399902344 382.708740234375
39.721946716308594 382.0914306640625
40.33953857421875 381.4818115234375
40.96470260620117 380.87994384765625
41.59733963012695 380.28594970703125
42.23735046386719 379.6999206542969
42.88463592529297 379.1219177246094
43.53909683227539 378.55206298828125
44.20063018798828 377.99041748046875
44.8691291809082 377.4371032714844
45.544490814208984 376.8921813964844
46.22661209106445 376.3557434082031
46.915382385253906 375.8278503417969
47.61069869995117 375.3086242675781
48.31245040893555 374.7981262207031
49.02052688598633 374.29644775390625
49.73481750488281 373.80364990234375
50.4552116394043 373.31982421875
51.18159866333008 372.84503173828125
51.91386032104492 372.3793640136719
52.651885986328125 371.9228820800781
53.39556121826172 371.47564697265625
54.14476776123047 371.0377502441406
54.89938735961914 370.6092529296875
55.659305572509766 370.1902160644531
56.42440414428711 369.78070068359375
57.19456481933594 369.38079833984375
57.969669342041016 368.99053955078125
58.74961471557617 368.6099853515625
59.53424072265625 368.23919677734375
60.323448181152344 367.87823486328125
61.11712646484375 367.52716064453125
61.91515350341797 367.1860046386719
62.71763229370117 366.854736328125
63.52414321899414 366.53350830078125
64.33472442626953 366.2222900390625
65.14867401123047 365.92138671875
65.96631622314453 365.63067626953125
66.78752899169922 365.3501892089844
67.6121826171875 365.0799865722656
68.44014739990234 364.82012939453125
69.27130126953125 364.57061767578125
70.10550689697266 364.3315124511719
70.94263458251953 364.1028747558594
71.78256225585938 363.88470458984375
72.62515258789062 363.67706298828125
73.47026062011719 363.4799499511719
74.3177719116211 363.2934265136719
75.16790008544922 363.1174011230469
76.0205078125 362.951904296875
76.87541198730469 362.79693603515625
77.73942565917969 362.6510314941406
78.60967254638672 362.5142517089844
79.49116516113281 362.3852844238281
80.38243103027344 362.263671875
81.24748992919922 362.1549987792969
82.178955078125 362.046142578125
83.11444091796875 361.9415283203125
84.016357421875 361.8467102050781
84.93425750732422 361.7572937011719
85.86349487304688 361.672607421875
86.80545806884766 361.5915222167969
87.74786376953125 361.5144958496094
88.69066619873047 361.4414978027344
89.63384246826172 361.37255859375
90.57713317871094 361.30767822265625
91.52086639404297 361.2468566894531
92.46353149414062 361.1902160644531
93.40730285644531 361.1376647949219
94.35175323486328 361.08917236328125
95.29674530029297 361.044677734375
96.23942565917969 361.0044250488281
97.18353271484375 360.96832275390625
98.12853240966797 360.936279296875
98.99604034423828 360.9141540527344
99.86376190185547 360.9028625488281
100.73155212402344 360.9024353027344
101.59928131103516 360.912841796875
102.46681213378906 360.93408203125
103.3340072631836 360.9661865234375
104.20073699951172 361.0091247558594
105.06686401367188 361.0628967285156
105.9322509765625 361.1274719238281
106.79676055908203 361.2028503417969
107.66026306152344 361.2890319824219
108.52262115478516 361.3860168457031
109.38369750976562 361.4937744140625
110.24336242675781 361.6122741699219
111.10147857666016 361.74151611328125
111.9579086303711 361.8814697265625
112.8125228881836 362.0321044921875
113.66519165039062 362.19342041015625
114.51577758789062 362.3653869628906
115.36414337158203 362.5479736328125
116.21016693115234 362.74114990234375
117.0537109375 362.94488525390625
117.89464569091797 363.15911865234375
118.73283386230469 363.38385009765625
119.56815338134766 363.6190490722656
120.40046691894531 363.86468505859375
121.22966003417969 364.1206970214844
122.05559539794922 364.3870544433594
122.8781509399414 364.6636962890625
123.69725036621094 364.95062255859375
124.51274108886719 365.2477722167969
125.32451629638672 365.5550842285156
126.13247680664062 365.8725280761719
126.93667602539062 366.2001037597656
127.73680114746094 366.5376892089844
128.53317260742188 366.8853759765625
129.32559204101562 367.2430725097656
130.1140594482422 367.6107177734375
130.89866638183594 367.98828125
131.68017578125 368.3760681152344
132.4580841064453 368.773681640625
133.23240661621094 369.1810607910156
134.0030975341797 369.5980224609375
134.77078247070312 370.0248107910156
135.53453063964844 370.46075439453125
136.2941131591797 370.9056396484375
137.04917907714844 371.35919189453125
137.79989624023438 371.8214416503906
138.5458526611328 372.2920837402344
139.286865234375 372.77099609375
140.0226287841797 373.2579345703125
140.7533416748047 373.7530517578125
141.4786834716797 374.256103515625
142.1986083984375 374.76702880859375
142.91302490234375 375.2857666015625
143.621826171875 375.8122253417969
144.3249053955078 376.3463439941406
145.02218627929688 376.8880310058594
145.7135772705078 377.4372253417969
146.3990020751953 377.9938659667969
147.078369140625 378.5578918457031
147.75161743164062 379.1292419433594
148.4186553955078 379.70782470703125
149.0793914794922 380.2935791015625
149.73377990722656 380.886474609375
150.38172912597656 381.48638916015625
151.0231475830078 382.09326171875
151.65797424316406 382.7070617675781
152.2861328125 383.3276672363281
152.90756225585938 383.9550476074219
153.52218627929688 384.589111328125
154.1299591064453 385.22979736328125
154.73080444335938 385.8770446777344
155.32469177246094 386.5307922363281
155.9115753173828 387.1910095214844
156.49147033691406 387.857666015625
157.06394958496094 388.5303039550781
157.06394958496094 388.5303039550781
157.06394958496094 388.5303039550781
157.06394958496094 388.5303039550781
157.06394958496094 388.5303039550781
157.06394958496094 388.5303039550781
157.06394958496094 388.5303039550781
157.06394958496094 388.5303039550781
157.06394958496094 388.5303039550781
157.06394958496094 388.5303039550781
157.06394958496094 388.5303039550781
157.06394958496094 388.5303039550781
157.06394958496094 388.5303039550781
157.06394958496094 388.5303039550781
157.06394958496094 388.5303039550781
157.06394958496094 388.5303039550781
157.06394958496094 388.5303039550781
157.06394958496094 388.5303039550781
157.49566650390625 389.3006286621094
157.49566650390625 389.3006286621094
157.49566650390625 389.3006286621094
157.49566650390625 389.3006286621094
157.49566650390625 389.3006286621094
157.49566650390625 389.3006286621094
157.49566650390625 389.3006286621094
157.49566650390625 389.3006286621094
157.49566650390625 389.3006286621094
157.49566650390625 389.3006286621094
157.49566650390625 389.3006286621094
157.49566650390625 389.3006286621094
157.49566650390625 389.3006286621094
157.49566650390625 389.3006286621094
157.49566650390625 389.3006286621094
157.49566650390625 389.3006286621094
157.49566650390625 389.3006286621094
157.49566650390625 389.3006286621094
157.49566650390625 389.3006286621094
157.49566650390625 389.3006286621094
157.49566650390625 389.3006286621094
157.49566650390625 389.3006286621094
157.49566650390625 389.3006286621094
157.49566650390625 389.3006286621094
157.49566650390625 389.3006286621094
157.49566650390625 389.3006286621094
157.49566650390625 389.3006286621094
157.49566650390625 389.3006286621094
157.49566650390625 389.3006286621094
157.49566650390625 389.3006286621094
157.49566650390625 389.3006286621094
157.49566650390625 389.3006286621094
157.49566650390625 389.3006286621094
157.49566650390625 389.3006286621094
157.49566650390625 389.3006286621094
157.49566650390625 389.3006286621094
157.49566650390625 389.3006286621094
157.49566650390625 389.3006286621094
157.49566650390625 389.3006286621094
157.49566650390625 389.3006286621094
157.49566650390625 389.3006286621094
157.49566650390625 389.3006286621094
157.49566650390625 389.3006286621094
157.49566650390625 389.3006286621094
157.49566650390625 389.3006286621094
157.49566650390625 389.3006286621094
157.49566650390625 389.3006286621094
157.49566650390625 389.3006286621094
157.49566650390625 389.3006286621094
157.49566650390625 389.3006286621094
157.49566650390625 389.3006286621094
157.49566650390625 389.3006286621094
157.49566650390625 389.3006286621094
157.49566650390625 389.3006286621094
157.49566650390625 389.3006286621094
157.49566650390625 389.3006286621094
157.49566650390625 389.3006286621094
157.49566650390625 389.3006286621094
157.49566650390625 389.3006286621094
157.49566650390625 389.3006286621094
157.49566650390625 389.3006286621094
157.49566650390625 389.3006286621094
157.49566650390625 389.3006286621094
157.49566650390625 389.3006286621094
157.49566650390625 389.3006286621094
157.49566650390625 389.3006286621094
157.49566650390625 389.3006286621094
157.49566650390625 389.3006286621094
157.49566650390625 389.3006286621094
157.49566650390625 389.3006286621094
157.49566650390625 389.3006286621094
157.49566650390625 389.3006286621094
157.49566650390625 389.3006286621094
157.49566650390625 389.3006286621094
157.49566650390625 389.3006286621094
157.49566650390625 389.3006286621094
157.49566650390625 389.3006286621094
157.49566650390625 389.3006286621094
157.49566650390625 389.3006286621094
157.4968719482422 390.2461242675781
157.49398803710938 391.1916198730469
157.48703002929688 392.1370849609375
157.47598266601562 393.08251953125
157.4608612060547 394.02789306640625
157.441650390625 394.97320556640625
157.41836547851562 395.9184265136719
157.3909912109375 396.863525390625
157.3595428466797 397.8085021972656
157.3240203857422 398.7533264160156
157.284423828125 399.697998046875
157.24073791503906 400.6424865722656
157.19297790527344 401.5867614746094
157.14114379882812 402.53082275390625
157.08523559570312 403.47467041015625
157.02525329589844 404.41827392578125
156.96119689941406 405.3616027832031
156.89306640625 406.30462646484375
156.8208770751953 407.24737548828125
156.74461364746094 408.1897888183594
156.66427612304688 409.1318664550781
156.5798797607422 410.0735778808594
156.49142456054688 411.0149230957031
156.39889526367188 411.95587158203125
156.30230712890625 412.89642333984375
156.20166015625 413.8365478515625
156.09695434570312 414.7762145996094
155.98818969726562 415.7154235839844
155.87538146972656 416.6541748046875
155.75851440429688 417.5924072265625
155.63760375976562 418.5301513671875
155.5126495361328 419.46734619140625
155.38365173339844 420.40399169921875
155.2506103515625 421.340087890625
155.113525390625 422.2756042480469
154.97239685058594 423.21051025390625
154.82723999023438 424.1448059082031
154.6780548095703 425.0784606933594
