59.91762161254883 449.91326904296875
59.82719802856445 449.8094177246094
59.740455627441406 449.7024841308594
59.657501220703125 449.59259033203125
59.578433990478516 449.4798583984375
59.503353118896484 449.36444091796875
59.432350158691406 449.2464599609375
59.365509033203125 449.1260681152344
59.302913665771484 449.00341796875
59.2446403503418 448.878662109375
59.19076156616211 448.751953125
59.14134216308594 448.6234436035156
59.096439361572266 448.4932861328125
59.05611038208008 448.36163330078125
59.02040481567383 448.2286376953125
58.9893684387207 448.094482421875
58.96303939819336 447.9593505859375
58.94145584106445 447.82342529296875
58.924652099609375 447.6868591308594
58.912654876708984 447.5498352050781
58.90548324584961 447.4125061035156
58.90314483642578 447.2750244140625
58.9056510925293 447.13739013671875
58.913021087646484 446.9995422363281
58.92549133300781 446.85858154296875
58.94279479980469 446.71832275390625
58.967315673828125 446.56182861328125
59.00022506713867 446.3847351074219
59.037288665771484 446.2107238769531
59.08606719970703 446.00457763671875
59.13774490356445 445.8033752441406
59.203651428222656 445.5611572265625
59.27029037475586 445.32537841796875
59.33793258666992 445.0959167480469
59.41966247558594 444.82489013671875
59.49982452392578 444.56036376953125
59.578887939453125 444.3024597167969
59.65727996826172 444.0512390136719
59.74748611450195 443.7624206542969
59.83456039428711 443.47930908203125
59.91905975341797 443.2021789550781
60.00150680541992 442.9312744140625
60.082393646240234 442.666748046875
60.16218185424805 442.4087219238281
60.24128723144531 442.1572570800781
60.320098876953125 441.912353515625
60.41136932373047 441.6307067871094
60.499996185302734 441.35498046875
60.58649826049805 441.08538818359375
60.67136001586914 440.8221130371094
60.755035400390625 440.5652770996094
60.83794403076172 440.3149719238281
60.92046356201172 440.0711975097656
61.0154914855957 439.79254150390625
61.10792922973633 439.5198059082031
61.19828414916992 439.253173828125
61.28702163696289 438.9928283691406
61.37458801269531 438.7388916015625
61.46138381958008 438.4914245605469
61.54777908325195 438.2504577636719
61.63410568237305 438.0159912109375
61.72066879272461 437.7879638671875
61.82168960571289 437.526611328125
61.9208869934082 437.2716369628906
62.01869583129883 437.02313232421875
62.11552047729492 436.78118896484375
62.211727142333984 436.54583740234375
62.32148742675781 436.2801208496094
62.428768157958984 436.0204772949219
62.534034729003906 435.7671203613281
62.63772201538086 435.5201721191406
62.740234375 435.2797546386719
62.85515213012695 435.0118408203125
62.967254638671875 434.7497253417969
63.07701110839844 434.49365234375
63.18486785888672 434.2438049316406
63.29124069213867 434.00030517578125
63.39651107788086 433.7632141113281
63.501033782958984 433.5325927734375
63.60512924194336 433.3084411621094
63.72294616699219 433.0588073730469
63.83879470825195 432.8153991699219
63.95307922363281 432.578369140625
64.06616973876953 432.3477783203125
64.17840576171875 432.1236572265625
64.30364227294922 431.8771057128906
64.42669677734375 431.63671875
64.5479736328125 431.4026184082031
64.6678466796875 431.1748962402344
64.78665161132812 430.95361328125
64.90470123291016 430.73876953125
65.02228546142578 430.5303649902344
65.15335083007812 430.3028564453125
65.28276062011719 430.0817565917969
65.42313385009766 429.8447265625
65.54853057861328 429.6361999511719
65.68608093261719 429.4117431640625
65.82178497314453 429.1935729980469
65.95597839355469 428.9817810058594
66.10040283203125 428.75732421875
66.24266052246094 428.5389709472656
66.38309478759766 428.32684326171875
66.52201843261719 428.1210021972656
66.65972900390625 427.9214782714844
66.80674743652344 427.7127685546875
66.95205688476562 427.51025390625
67.095947265625 427.31396484375
67.24714660644531 427.11187744140625
67.39668273925781 426.9158935546875
67.5448226928711 426.7260437011719
67.68138885498047 426.5560607910156
67.79634094238281 426.4190979003906
67.90092468261719 426.3013916015625
68.00263214111328 426.1939697265625
68.10234069824219 426.0954895019531
68.2044677734375 426.0013122558594
68.3091812133789 425.9112548828125
68.4168472290039 425.8249816894531
68.52738952636719 425.7425537109375
68.64070892333984 425.66400146484375
68.75666809082031 425.5894470214844
68.8751449584961 425.51898193359375
68.9959945678711 425.4526672363281
69.11907958984375 425.3905944824219
69.24424743652344 425.33282470703125
69.37134552001953 425.2794494628906
69.50021362304688 425.2304992675781
69.63070678710938 425.1860656738281
69.76266479492188 425.14617919921875
69.89592742919922 425.11090087890625
70.03033447265625 425.0802917480469
70.16572570800781 425.0543518066406
70.30193328857422 425.03314208984375
70.43879699707031 425.01666259765625
70.5761489868164 425.00494384765625
70.71382904052734 424.9980163574219
70.8516616821289 424.995849609375
70.98948669433594 424.99847412109375
71.12713623046875 425.0058898925781
71.26445007324219 425.0180969238281
71.40125274658203 425.0350646972656
71.5373764038086 425.0567626953125
71.67266082763672 425.0831604003906
71.80693817138672 425.1142578125
71.94004821777344 425.1499938964844
72.07181549072266 425.1903381347656
72.20205688476562 425.2352294921875
72.33060455322266 425.28460693359375
72.45730590820312 425.33843994140625
72.58199310302734 425.3966369628906
72.70442199707031 425.4591064453125
72.8243408203125 425.5257568359375
72.94129180908203 425.59637451171875
73.05520629882812 425.67095947265625
73.16549682617188 425.74920654296875
73.27045440673828 425.8300476074219
73.37052154541016 425.9139709472656
73.46455383300781 426.0001220703125
73.55058288574219 426.0868225097656
73.62775421142578 426.173095703125
73.69973754882812 426.2629699707031
73.76632690429688 426.35614013671875
73.82772827148438 426.4528503417969
73.8838882446289 426.5530700683594
73.93464660644531 426.656494140625
73.98004150390625 426.7632751464844
74.02086639404297 426.87542724609375
74.05731964111328 426.9936218261719
74.0892562866211 427.117431640625
74.1156234741211 427.24267578125
74.13722229003906 427.3728332519531
74.15374755859375 427.50537109375
74.16535949707031 427.6406555175781
74.1720199584961 427.7769775390625
74.17375946044922 427.9139404296875
74.17062377929688 428.0513916015625
74.16265869140625 428.1888427734375
74.14990234375 428.325927734375
74.13236236572266 428.4625244140625
74.11006164550781 428.5985412597656
74.08304595947266 428.73370361328125
74.05134582519531 428.86785888671875
74.01499938964844 429.0008239746094
73.97406005859375 429.1324462890625
73.92857360839844 429.2625732421875
73.87859344482422 429.3910217285156
73.82418060302734 429.5176696777344
73.76545715332031 429.6422119140625
73.7024154663086 429.7646179199219
73.63513946533203 429.8847351074219
73.56371307373047 430.00244140625
73.48822021484375 430.1175537109375
73.40875244140625 430.2299499511719
73.32540130615234 430.3395080566406
73.23827362060547 430.4460754394531
73.14747619628906 430.5495300292969
73.05311584472656 430.6497497558594
72.95530700683594 430.7466125488281
72.85417175292969 430.8399963378906
72.74983215332031 430.9297790527344
72.64241027832031 431.015869140625
72.53204345703125 431.09814453125
72.41926574707031 431.1761779785156
72.3036880493164 431.2502136230469
72.18592834472656 431.3198547363281
72.06610870361328 431.3849792480469
71.94459533691406 431.4453125
71.82054138183594 431.50128173828125
71.69417572021484 431.55279541015625
71.56529998779297 431.6000061035156
71.4344253540039 431.6427917480469
71.30213928222656 431.68096923828125
71.16859436035156 431.7145080566406
71.03395080566406 431.7433776855469
70.89836883544922 431.76751708984375
70.76200103759766 431.78692626953125
70.62503814697266 431.80157470703125
70.48764038085938 431.8114318847656
70.34998321533203 431.8164978027344
70.21223449707031 431.8167724609375
70.0745620727539 431.8122253417969
69.9371337890625 431.8028869628906
69.80012512207031 431.78875732421875
69.66370391845703 431.7698669433594
69.52803802490234 431.7462463378906
69.39329528808594 431.7178955078125
69.25962829589844 431.6848449707031
69.127197265625 431.64715576171875
68.99616241455078 431.6048583984375
68.86668395996094 431.5580139160156
68.73892211914062 431.5066833496094
68.61302947998047 431.450927734375
68.48916625976562 431.39080810546875
68.36747741699219 431.3263854980469
68.24810791015625 431.25775146484375
68.13121032714844 431.18499755859375
68.01692962646484 431.1081848144531
67.9053955078125 431.0274353027344
67.7967529296875 430.9428405761719
67.69113159179688 430.8545227050781
67.58866119384766 430.7625427246094
67.48946380615234 430.66705322265625
67.39366149902344 430.5681457519531
67.30137634277344 430.4659729003906
67.21271514892578 430.3606262207031
67.1277847290039 430.25225830078125
67.04669189453125 430.1409912109375
66.96953582763672 430.0269470214844
66.89640808105469 429.9102783203125
66.82740020751953 429.7911376953125
66.7625961303711 429.6696472167969
66.70207977294922 429.54595947265625
66.64591979980469 429.4202575683594
66.59418487548828 429.29266357421875
66.54693603515625 429.163330078125
66.50423431396484 429.0324401855469
66.46613311767578 428.9001159667969
66.43267059326172 428.76654052734375
66.40390014648438 428.63189697265625
66.37984466552734 428.496337890625
66.36054229736328 428.3600158691406
66.34601593017578 428.2231140136719
66.33628845214844 428.0858154296875
66.33136749267578 427.94830322265625
66.3312759399414 427.81072998046875
66.33600616455078 427.67327880859375
66.34556579589844 427.5361022949219
66.35993957519531 427.39935302734375
66.3791275024414 427.2630920410156
66.40313720703125 427.1274108886719
66.43199157714844 426.99224853515625
66.46577453613281 426.85736083984375
66.50468444824219 426.72216796875
66.54912567138672 426.5856018066406
66.59980010986328 426.4459533691406
66.65779113769531 426.30084228515625
66.72452545166016 426.1473693847656
66.79502868652344 425.99725341796875
66.8758316040039 425.83685302734375
66.96806335449219 425.6642761230469
67.06266784667969 425.4965515136719
67.1690444946289 425.3169250488281
67.27692413330078 425.1427307128906
67.39596557617188 424.95819091796875
67.51570892333984 424.7794189453125
67.6362533569336 424.60638427734375
67.76669311523438 424.4259033203125
67.8973159790039 424.2513427734375
68.03589630126953 424.07220458984375
68.17427062988281 423.8990173339844
68.3011474609375 423.7462158203125
68.4143295288086 423.61651611328125
68.51998901367188 423.5023498535156
68.61959075927734 423.4014892578125
68.72042083740234 423.30615234375
68.82412719726562 423.2146911621094
68.93075561523438 423.1270446777344
69.04027557373047 423.043212890625
69.1526107788086 422.9632568359375
69.26763916015625 422.88726806640625
69.38522338867188 422.8153076171875
69.50523376464844 422.7474670410156
69.62752532958984 422.683837890625
69.751953125 422.62451171875
69.87837219238281 422.5695495605469
70.00662231445312 422.5190124511719
70.13655090332031 422.4729309082031
70.26799774169922 422.431396484375
70.40081024169922 422.39447021484375
70.53482055664062 422.3621520996094
70.66987609863281 422.33453369140625
70.8058090209961 422.3116149902344
70.94245910644531 422.2934265136719
71.07965850830078 422.2799987792969
71.21723937988281 422.2713317871094
71.35503387451172 422.2674560546875
71.49288177490234 422.26837158203125
71.630615234375 422.2740783691406
71.76806640625 422.2845458984375
71.90506744384766 422.2997741699219
72.04145812988281 422.31976318359375
72.17706298828125 422.344482421875
72.31172180175781 422.3739013671875
72.44526672363281 422.407958984375
72.57752990722656 422.4466552734375
72.70833587646484 422.4898986816406
72.83751678466797 422.53765869140625
72.96492004394531 422.58990478515625
73.09032440185547 422.64654541015625
73.21360778808594 422.70751953125
73.3344955444336 422.772705078125
73.45272827148438 422.84197998046875
73.56800079345703 422.91522216796875
73.6795883178711 422.9920654296875
73.7868423461914 423.0721435546875
73.8896713256836 423.1555480957031
73.98536682128906 423.240234375
74.07289123535156 423.3254089355469
74.15271759033203 423.4114685058594
74.22628021240234 423.4998779296875
74.29459381103516 423.591796875
74.3577880859375 423.6873779296875
74.41571807861328 423.7864074707031
74.46826934814453 423.8887023925781
74.51565551757812 423.9947204589844
74.55795288085938 424.1047668457031
74.59674072265625 424.2231140136719
74.62987518310547 424.3432922363281
74.65837097167969 424.4688720703125
74.68218231201172 424.5992126464844
74.70098114013672 424.7319030761719
74.71492767333984 424.8671875
74.72386932373047 425.0029296875
74.7279052734375 425.1399230957031
74.72708892822266 425.2774353027344
74.72144317626953 425.41497802734375
74.71099090576172 425.55230712890625
74.69575500488281 425.6892395019531
74.6757583618164 425.82562255859375
74.65103912353516 425.9612121582031
74.62162017822266 426.09588623046875
74.58753967285156 426.2294616699219
74.54883575439453 426.36175537109375
74.50556182861328 426.4926452636719
74.45777130126953 426.6219482421875
74.405517578125 426.74951171875
74.34886932373047 426.8751525878906
74.2879409790039 426.9986267089844
74.22274017333984 427.1199035644531
74.1533432006836 427.2388000488281
74.07984161376953 427.3551940917969
74.00231170654297 427.46893310546875
73.92085266113281 427.57989501953125
73.8355712890625 427.6879577636719
73.7465591430664 427.79296875
73.6539306640625 427.894775390625
73.55780029296875 427.9932861328125
73.45828247070312 428.08837890625
73.35549926757812 428.179931640625
73.24957275390625 428.2678527832031
73.14067077636719 428.3519592285156
73.02928924560547 428.4318542480469
72.91504669189453 428.5078125
72.79859161376953 428.579345703125
72.68095397949219 428.6457214355469
72.56040954589844 428.7078857421875
72.43891143798828 428.7647705078125
72.3146743774414 428.81719970703125
72.18795776367188 428.8650817871094
72.05747985839844 428.9090576171875
71.92554473876953 428.9484558105469
71.79230499267578 428.98321533203125
71.65792083740234 429.0133056640625
71.52255249023438 429.0386962890625
71.38636779785156 429.0593566894531
71.24952697753906 429.07525634765625
71.11221313476562 429.08636474609375
70.97459411621094 429.0926818847656
70.83683776855469 429.0942077636719
70.69911193847656 429.0909423828125
70.56159210205078 429.0828857421875
70.42444610595703 429.0700378417969
70.287841796875 429.05242919921875
70.15194702148438 429.0300598144531
70.01692962646484 429.0029602050781
69.8829574584961 428.9711608886719
69.75018310546875 428.9347229003906
69.61875915527344 428.8936462402344
69.48885345458984 428.8480224609375
69.3606185913086 428.7978820800781
69.23421478271484 428.7432861328125
69.10979461669922 428.684326171875
68.98751068115234 428.62103271484375
68.86750793457031 428.55352783203125
68.74993896484375 428.48187255859375
68.63494110107422 428.4061279296875
68.52265930175781 428.326416015625
68.4132308959961 428.2428283691406
68.30679321289062 428.1554870605469
68.2034683227539 428.0644836425781
68.10338592529297 427.96990966796875
68.00666809082031 427.8719177246094
67.9134292602539 427.7705993652344
67.82379150390625 427.66607666015625
67.73785400390625 427.5585021972656
67.65573120117188 427.447998046875
67.5775146484375 427.3346862792969
67.50330352783203 427.2187194824219
67.43318939208984 427.1002197265625
67.36725616455078 426.9793395996094
67.30558776855469 426.8562316894531
67.24825286865234 426.7310485839844
67.19532775878906 426.60394287109375
67.1468734741211 426.4750671386719
67.10295104980469 426.3445739746094
67.06361389160156 426.2126159667969
67.0289077758789 426.0793762207031
66.9988784790039 425.94500732421875
66.97356414794922 425.8096618652344
66.95299530029297 425.67352294921875
66.93719482421875 425.5367431640625
66.92617797851562 425.3995056152344
66.91997528076172 425.26202392578125
66.91859436035156 425.12445068359375
66.92203521728516 424.9869384765625
66.9302978515625 424.84967041015625
66.9433822631836 424.7127685546875
66.96128845214844 424.57635498046875
66.9839859008789 424.440673828125
67.01154327392578 424.30535888671875
67.04400634765625 424.17041015625
67.08152770996094 424.03533935546875
67.12442016601562 423.8992919921875
67.17325592041016 423.7608947753906
67.2289047241211 423.61822509765625
67.28880310058594 423.47808837890625
67.35672760009766 423.3319396972656
67.43399047851562 423.1775207519531
67.5216293334961 423.01318359375
67.61206817626953 422.853271484375
67.71333312988281 422.68365478515625
67.816650390625 422.51904296875
67.93041229248047 422.3460388183594
68.0455093383789 422.1784362792969
68.16987609863281 422.004638671875
68.29499816894531 421.83648681640625
68.42096710205078 421.6739501953125
68.5545425415039 421.50823974609375
68.67566680908203 421.36431884765625
68.78553009033203 421.2405700683594
68.88471221923828 421.1356201171875
68.98491668701172 421.0364990234375
69.08672332763672 420.9425048828125
69.1913070678711 420.8524475097656
69.29894256591797 420.7660827636719
69.40943908691406 420.6835632324219
69.52271270751953 420.6049499511719
69.63863372802734 420.53033447265625
69.75707244873047 420.45977783203125
69.87788391113281 420.3934020996094
70.00093078613281 420.33123779296875
70.12606048583984 420.2734069824219
70.25312042236328 420.2199401855469
70.38196563720703 420.1709289550781
70.51243591308594 420.12640380859375
70.64437103271484 420.0864562988281
70.7776107788086 420.0511169433594
70.91200256347656 420.0204162597656
71.04737854003906 419.9944152832031
71.18357849121094 419.9731140136719
71.3204345703125 419.95654296875
71.45777893066406 419.94476318359375
71.59545135498047 419.937744140625
71.73328399658203 419.9355163574219
71.87110900878906 419.9380798339844
72.0087661743164 419.9454040527344
72.14608001708984 419.95751953125
72.28289031982422 419.9743957519531
72.41902923583984 419.9960021972656
72.55432891845703 420.0223388671875
72.6886215209961 420.0533447265625
72.82174682617188 420.0890197753906
72.95352935791016 420.1292724609375
73.08380126953125 420.1741027832031
73.21238708496094 420.2234191894531
73.3391342163086 420.2771911621094
73.46382141113281 420.3352966308594
73.58622741699219 420.3976745605469
73.70609283447266 420.4642333984375
73.82310485839844 420.5348205566406
73.93710327148438 420.609375
74.04630279541016 420.6868896484375
74.15081787109375 420.767578125
74.2484359741211 420.8498840332031
74.33966827392578 420.93438720703125
74.42296600341797 421.0196228027344
74.499267578125 421.1064758300781
74.57024383544922 421.1967468261719
74.63599395751953 421.29052734375
74.69644927978516 421.3876953125
74.75186920166016 421.48870849609375
74.80194091796875 421.59307861328125
74.84654235839844 421.70062255859375
74.88793182373047 421.81689453125
74.92366027832031 421.9351501464844
74.95477294921875 422.0588073730469
74.98126220703125 422.1875305175781
75.00273895263672 422.31890869140625
75.01919555664062 422.4523620605469
75.03076934814453 422.588134765625
75.03742980957031 422.7247619628906
75.03922271728516 422.8621520996094
75.03617858886719 422.9997863769531
75.02832794189453 423.1372375488281
75.01567840576172 423.2744445800781
74.99826049804688 423.4111633300781
74.97610473632812 423.5472106933594
74.94923400878906 423.6824035644531
74.91767883300781 423.81658935546875
74.88148498535156 423.9495849609375
74.84069061279297 424.0812683105469
74.79534912109375 424.2114562988281
74.74551391601562 424.3399963378906
74.69124603271484 424.4667053222656
74.6326675415039 424.59130859375
74.56977081298828 424.7137756347656
74.50263977050781 424.833984375
74.43135070800781 424.9517517089844
74.35598754882812 425.06695556640625
74.27664947509766 425.179443359375
74.19342803955078 425.2890930175781
74.1064224243164 425.395751953125
74.01573944091797 425.4992980957031
73.92149353027344 425.599609375
73.82379150390625 425.6965637207031
73.7227554321289 425.7900390625
73.61851501464844 425.87994384765625
73.5113525390625 425.9659729003906
73.40190124511719 426.0475769042969
73.28952026367188 426.12518310546875
73.1749496459961 426.1982421875
73.0585708618164 426.26641845703125
72.94075775146484 426.3294372558594
72.82186889648438 426.3869934082031
72.69975280761719 426.4400939941406
72.57477569580078 426.4886779785156
72.44574737548828 426.5332946777344
72.31410217285156 426.5736389160156
72.18111419677734 426.609375
72.04694366455078 426.64044189453125
71.91175079345703 426.66680908203125
71.77571105957031 426.6884460449219
71.63898468017578 426.705322265625
71.50175476074219 426.7174377441406
71.36418151855469 426.7247619628906
71.22643280029297 426.727294921875
71.08868408203125 426.72503662109375
70.95110321044922 426.7179870605469
70.81385803222656 426.7061462402344
70.67711639404297 426.68951416015625
70.54105377197266 426.6681213378906
70.40583038330078 426.6419982910156
70.27162170410156 426.6111755371094
70.13858032226562 426.57568359375
70.0068588256836 426.53558349609375
69.87661743164062 426.49090576171875
69.74801635742188 426.44171142578125
69.6212158203125 426.3880615234375
69.49636840820312 426.33001708984375
69.37361907958984 426.26763916015625
69.25312805175781 426.2010192871094
69.1350326538086 426.1302185058594
69.01948547363281 426.0553283691406
68.90662384033203 425.9764404296875
68.79658508300781 425.8936767578125
68.68950653076172 425.80712890625
68.58552551269531 425.7168884277344
68.4847640991211 425.6230773925781
68.38734436035156 425.5257873535156
68.29338073730469 425.4251708984375
68.20298767089844 425.3213195800781
68.11627197265625 425.21435546875
68.0333480834961 425.10443115234375
67.95430755615234 424.99169921875
67.87925720214844 424.8762512207031
67.80828094482422 424.7582702636719
67.74147033691406 424.63787841796875
67.67890930175781 424.5152282714844
67.62066650390625 424.3904724121094
67.56681823730469 424.26373291015625
67.5174331665039 424.13519287109375
67.47256469726562 424.0050048828125
67.4322738647461 423.87335205078125
67.3966064453125 423.7403564453125
67.3656005859375 423.606201171875
67.33930206298828 423.4710388183594
67.31774139404297 423.3350524902344
67.30094146728516 423.1983947753906
67.28893280029297 423.0612487792969
67.28172302246094 422.9237976074219
67.27933502197266 422.7862243652344
67.28176879882812 422.648681640625
67.28903198242188 422.5113220214844
67.30110931396484 422.37432861328125
67.3179931640625 422.23785400390625
67.33968353271484 422.10198974609375
67.36617279052734 421.9668273925781
67.3974838256836 421.83233642578125
67.43367767333984 421.6983642578125
67.47490692138672 421.5644836425781
67.52149200439453 421.429931640625
67.573974609375 421.2934875488281
67.63318634033203 421.1534423828125
67.70020294189453 421.0078125
67.77617645263672 420.8546447753906
67.85563659667969 420.7051696777344
67.93851470947266 420.5594482421875
68.03130340576172 420.4062194824219
68.1343994140625 420.2451171875
68.24736022949219 420.0768737792969
68.36184692382812 419.9139099121094
68.48500061035156 419.74603271484375
68.6091537475586 419.5836486816406
68.73435974121094 419.4267272949219
68.86656188964844 419.267822265625
68.97163391113281 419.14776611328125
69.07258605957031 419.0394592285156
69.1734390258789 418.938232421875
69.27482604980469 418.8431701660156
69.37879943847656 418.75225830078125
69.48584747314453 418.6650085449219
69.595703125 418.5816650390625
69.70836639404297 418.502197265625
69.82371520996094 418.42669677734375
69.94160461425781 418.3552551269531
70.06190490722656 418.2879333496094
70.1844711303711 418.224853515625
70.30915069580078 418.1660461425781
70.43579864501953 418.1116027832031
70.56426239013672 418.06158447265625
70.69438171386719 418.0160827636719
70.82600402832031 417.9751281738281
70.95896911621094 417.9387512207031
71.0931167602539 417.9070129394531
71.22828674316406 417.87994384765625
71.36431884765625 417.85760498046875
71.50104522705078 417.8399963378906
71.63829803466797 417.8271484375
71.77591705322266 417.8190612792969
71.91372680664062 417.8157653808594
72.05156707763672 417.8172607421875
72.18927764892578 417.82354736328125
72.3266830444336 417.8345947265625
72.463623046875 417.8504333496094
72.59992980957031 417.8710021972656
72.73543548583984 417.89630126953125
72.8699722290039 417.92626953125
73.00337219238281 417.9609069824219
73.1354751586914 418.0001525878906
73.26610565185547 418.0439758300781
73.39508056640625 418.09228515625
73.522216796875 418.1450500488281
73.64730834960938 418.2021789550781
73.7702407836914 418.2636413574219
73.89071655273438 418.3293151855469
74.00814056396484 418.3988952636719
74.1229476928711 418.47271728515625
74.23365020751953 418.54986572265625
74.3400650024414 418.63037109375
74.43988037109375 418.712646484375
74.53377532958984 418.7973937988281
74.61964416503906 418.8827819824219
74.69775390625 418.9689636230469
74.77017211914062 419.05816650390625
74.83740234375 419.1509094238281
74.89933013916016 419.2470703125
74.95616149902344 419.34698486328125
75.00767517089844 419.4502868652344
75.05412292480469 419.5576171875
75.0950927734375 419.6680908203125
75.13239288330078 419.78668212890625
75.16519165039062 419.9107360839844
75.19297790527344 420.0380859375
75.21607208251953 420.1697082519531
75.23419952392578 420.3033752441406
75.24748229980469 420.439208984375
75.25581359863281 420.575439453125
75.25926971435547 420.7126770019531
75.25787353515625 420.85015869140625
75.25164794921875 420.9877014160156
75.2406234741211 421.12506103515625
75.2248306274414 421.261962890625
75.20428466796875 421.39825439453125
75.17901611328125 421.53375244140625
75.14905548095703 421.6683044433594
75.11444091796875 421.8017272949219
75.07521057128906 421.9338684082031
75.03141021728516 422.0645751953125
74.98310089111328 422.1936950683594
74.93033599853516 422.321044921875
74.87318420410156 422.4465026855469
74.811767578125 422.5697326660156
74.74608612060547 422.69073486328125
74.67622375488281 422.8093566894531
74.60225677490234 422.9254455566406
74.52427673339844 423.03887939453125
74.4423828125 423.1495056152344
74.35667419433594 423.2572021484375
74.26725006103516 423.3618469238281
74.1742172241211 423.4632873535156
74.07769775390625 423.5614013671875
73.97779846191406 423.6560974121094
73.87464904785156 423.7472229003906
73.76850128173828 423.8345642089844
73.65955352783203 423.9179382324219
73.54874420166016 423.99652099609375
73.4359359741211 424.0702819824219
73.32157135009766 424.13885498046875
73.20391845703125 424.2032165527344
73.0857925415039 424.2618103027344
72.96598815917969 424.31512451171875
72.84292602539062 424.3638916015625
72.71692657470703 424.4080505371094
72.58537292480469 424.4486999511719
72.45246887207031 424.4847412109375
72.31836700439453 424.51611328125
72.18324279785156 424.5428161621094
72.04724884033203 424.5647888183594
71.91056060791016 424.5820007324219
71.77335357666016 424.5944519042969
71.63579559326172 424.60211181640625
71.49805450439453 424.60498046875
71.36029815673828 424.6030578613281
71.22269439697266 424.5963439941406
71.08541107177734 424.5848388671875
70.94862365722656 424.56854248046875
70.81249237060547 424.5474853515625
70.67719268798828 424.5216979980469
70.54289245605469 424.4912109375
70.40975952148438 424.4560546875
70.27793884277344 424.4162902832031
70.14759063720703 424.3719482421875
70.01886749267578 424.32305908203125
69.89192962646484 424.26971435546875
69.76692962646484 424.21197509765625
69.64402770996094 424.14990234375
69.52336883544922 424.0835876464844
69.40509796142578 424.0130920410156
69.28936004638672 423.9385070800781
69.17630004882812 423.85992431640625
69.06605529785156 423.7774353027344
68.9587631225586 423.691162109375
68.85456085205078 423.6011962890625
68.75357055664062 423.50762939453125
68.65591430664062 423.41058349609375
68.56170654296875 423.3102111816406
68.47106170654297 423.2065734863281
68.38408660888672 423.0998229980469
68.30088806152344 422.9901123046875
68.22157287597656 422.8775634765625
68.146240234375 422.7622985839844
68.07498168945312 422.64447021484375
68.00788116455078 422.52423095703125
67.94501495361328 422.4017333984375
67.88646697998047 422.277099609375
67.83231353759766 422.1505126953125
67.78260803222656 422.0220947265625
67.73741912841797 421.89202880859375
67.6968002319336 421.7604675292969
67.66080474853516 421.6275634765625
67.62947082519531 421.4934997558594
67.60284423828125 421.3583984375
67.58094787597656 421.22247314453125
67.56381225585938 421.0858459472656
67.55146026611328 420.94873046875
67.54391479492188 420.811279296875
67.54118347167969 420.6736755371094
67.54327392578125 420.5361022949219
67.55018615722656 420.39874267578125
67.56192016601562 420.26171875
67.57846069335938 420.1252136230469
67.59980010986328 419.9893493652344
67.62596130371094 419.85406494140625
67.65695190429688 419.71942138671875
67.69284057617188 419.585205078125
67.73380279541016 419.4509582519531
67.78015899658203 419.3158874511719
67.83245849609375 419.17877197265625
67.8891372680664 419.04388427734375
67.95258331298828 418.90576171875
68.02383422851562 418.7626647949219
68.09889221191406 418.622802734375
68.18282318115234 418.4769592285156
68.27643585205078 418.3240966796875
68.37992858886719 418.1641540527344
68.49271392822266 417.99810791015625
68.60710906982422 417.8372497558594
68.72950744628906 417.6725769042969
68.85305786132812 417.5133056640625
68.97543334960938 417.3624572753906
69.10625457763672 417.2081604003906
69.20915222167969 417.093017578125
69.30963897705078 416.98760986328125
69.41075134277344 416.8884582519531
69.5130386352539 416.7947998046875
69.61802673339844 416.7051696777344
69.72598266601562 416.6192932128906
69.83680725097656 416.5372619628906
69.95040130615234 416.4591369628906
70.0666275024414 416.385009765625
70.18535614013672 416.3149719238281
70.30644989013672 416.24908447265625
70.42975616455078 416.18743896484375
70.55513000488281 416.130126953125
70.68241882324219 416.07720947265625
70.81146240234375 416.02874755859375
70.9421157836914 415.9847717285156
71.07421875 415.94537353515625
71.20761108398438 415.91058349609375
71.34212493896484 415.88043212890625
71.47760772705078 415.85498046875
71.6138916015625 415.8342590332031
71.75081634521484 415.8182678222656
71.88821411132812 415.8070373535156
72.02591705322266 415.80059814453125
72.16375732421875 415.7989501953125
72.30157470703125 415.8020935058594
72.43920135498047 415.80999755859375
72.57646179199219 415.82269287109375
72.71320343017578 415.84014892578125
72.84925079345703 415.8623352050781
72.98444366455078 415.88922119140625
73.11860656738281 415.9208068847656
73.25157928466797 415.95703125
73.38319396972656 415.9978332519531
73.51327514648438 416.0431823730469
73.64164733886719 416.093017578125
73.7681655883789 416.1473083496094
73.89265441894531 416.2059631347656
74.0147933959961 416.26885986328125
74.13438415527344 416.3359069824219
74.25128173828125 416.4070739746094
74.36454010009766 416.4818420410156
74.47392272949219 416.5601501464844
74.57882690429688 416.6416931152344
74.67684936523438 416.72479248046875
74.76885223388672 416.810302734375
74.85276794433594 416.8963317871094
74.92903137207031 416.98321533203125
74.99980163574219 417.0733337402344
75.06537628173828 417.1669921875
75.12593841552734 417.2644958496094
75.1816635131836 417.3662414550781
75.23192596435547 417.4712219238281
75.27713012695312 417.5803527832031
75.31658935546875 417.6919860839844
75.35238647460938 417.81201171875
75.38365173339844 417.9374084472656
75.40989685058594 418.06591796875
75.43141174316406 418.1983947753906
75.44796752929688 418.33270263671875
75.45967102050781 418.4688720703125
75.46644592285156 418.60540771484375
75.46834564208984 418.7427673339844
75.46540832519531 418.8804016113281
75.4576644897461 419.0179443359375
75.44512939453125 419.15521240234375
75.4278335571289 419.2919616699219
75.40579986572266 419.42803955078125
75.3790512084961 419.5632629394531
75.34762573242188 419.6974792480469
75.31155395507812 419.8305358886719
75.27088165283203 419.9622497558594
75.22566223144531 420.09246826171875
75.17594909667969 420.2210388183594
75.1218032836914 420.3478088378906
75.06328582763672 420.4726257324219
75.00053405761719 420.5951843261719
74.93354034423828 420.7154541015625
74.86238861083984 420.83331298828125
74.78716278076172 420.9486083984375
74.70795440673828 421.0611877441406
74.6248550415039 421.1709289550781
74.53797149658203 421.2776794433594
74.4474105834961 421.38134765625
74.35327911376953 421.4817810058594
74.25569152832031 421.578857421875
74.1547622680664 421.6724548339844
74.05091094970703 421.7621765136719
73.94425201416016 421.84783935546875
73.83612060546875 421.92828369140625
73.72489166259766 422.00457763671875
73.6120834350586 422.0756530761719
73.49739837646484 422.1416015625
73.38262939453125 422.2012939453125
73.267333984375 422.2548522949219
73.14822387695312 422.3038330078125
73.02566528320312 422.34808349609375
72.89443969726562 422.3897705078125
72.76182556152344 422.4268798828125
72.62797546386719 422.4593200683594
72.49304962158203 422.4870910644531
72.35723114013672 422.5101318359375
72.22068786621094 422.5284423828125
72.08358001708984 422.5419921875
71.94608306884766 422.5507507324219
71.80836486816406 422.5547180175781
71.67059326171875 422.55389404296875
71.5329360961914 422.54827880859375
71.39556121826172 422.5378723144531
71.25863647460938 422.5226745605469
71.1223373413086 422.5027160644531
70.98682403564453 422.47802734375
70.8522720336914 422.4486389160156
70.7188491821289 422.4145812988281
70.58670806884766 422.3758850097656
70.45600128173828 422.33258056640625
70.32688903808594 422.2847595214844
70.19952392578125 422.2324523925781
70.07406616210938 422.17572021484375
69.95066833496094 422.1146545410156
69.82947540283203 422.04931640625
69.71063995361328 421.9797668457031
69.59430694580078 421.9061279296875
69.4806137084961 421.8284606933594
69.36970520019531 421.7468566894531
69.26172637939453 421.66143798828125
69.15680694580078 421.5722961425781
69.0550765991211 421.47955322265625
68.95665740966797 421.3833312988281
68.86165618896484 421.2837219238281
68.77019500732422 421.18084716796875
68.68238067626953 421.0748291015625
68.59831237792969 420.9657897949219
68.51810455322266 420.8538818359375
68.44185638427734 420.7392272949219
68.36965942382812 420.6219787597656
68.30159759521484 420.5022888183594
68.23776245117188 420.3802795410156
68.17822265625 420.2561340332031
68.12305450439453 420.1299743652344
68.07232666015625 420.001953125
68.0261001586914 419.87225341796875
67.98443603515625 419.74102783203125
67.94738006591797 419.6084289550781
67.91497802734375 419.474609375
67.88726806640625 419.3397216796875
67.86428833007812 419.2039489746094
67.84606170654297 419.0674743652344
67.8326187133789 418.9304504394531
67.823974609375 418.7930603027344
67.82014465332031 418.6554870605469
67.82113647460938 418.5179138183594
67.82695007324219 418.3804931640625
67.83759307861328 418.2433776855469
67.85304260253906 418.1067199707031
67.87329864501953 417.9706726074219
67.89834594726562 417.8353576660156
67.92818450927734 417.7008056640625
67.96284484863281 417.5669860839844
68.00240325927734 417.4336853027344
68.04705047607422 417.3004455566406
68.09713745117188 417.1664733886719
68.1532211303711 417.0306091308594
68.21609497070312 416.891357421875
68.28672790527344 416.7471008300781
68.3611831665039 416.6060485839844
68.44432830810547 416.4591979980469
68.53678894042969 416.3058166503906
68.63859558105469 416.1460876464844
68.74270629882812 415.9910888671875
68.8490982055664 415.8408508300781
68.96414184570312 415.6864013671875
69.08092498779297 415.53704833984375
69.20506286621094 415.3855895996094
69.32766723632812 415.24285888671875
69.4281234741211 415.13238525390625
69.52820587158203 415.02935791015625
69.6295394897461 414.931884765625
69.7325668334961 414.83941650390625
69.83839416503906 414.7508544921875
69.9471664428711 414.66607666015625
70.05879211425781 414.58514404296875
70.17314147949219 414.5081481933594
70.29009246826172 414.4351806640625
70.40950775146484 414.3663024902344
70.53124237060547 414.3016357421875
70.6551513671875 414.2412109375
70.78108215332031 414.1851501464844
70.90888214111328 414.13348388671875
71.03839874267578 414.0862731933594
71.16947937011719 414.0436096191406
71.30196380615234 414.0055236816406
71.4356918334961 413.9720458984375
71.57050323486328 413.9432373046875
71.70623016357422 413.91912841796875
71.84271240234375 413.8997497558594
71.97978973388672 413.8851318359375
72.1172866821289 413.8752746582031
72.25504302978516 413.87017822265625
72.39289855957031 413.869873046875
72.53067779541016 413.8743591308594
72.668212890625 413.8836364746094
72.80534362792969 413.8976745605469
72.94190216064453 413.9164733886719
73.07772064208984 413.94000244140625
73.21263885498047 413.9682312011719
73.34648132324219 414.0011291503906
73.47908782958984 414.0386657714844
73.61028289794922 414.0807800292969
73.7398910522461 414.1274108886719
73.86773681640625 414.17852783203125
73.9936752319336 414.23406982421875
74.1175308227539 414.2939453125
74.23904418945312 414.3580627441406
74.35758209228516 414.4261474609375
74.47357177734375 414.4984436035156
74.58570861816406 414.5742492675781
74.69378662109375 414.65350341796875
74.79718017578125 414.73590087890625
74.89341735839844 414.8196105957031
74.98355865478516 414.90570068359375
75.06523132324219 414.99188232421875
75.1395263671875 415.0791931152344
75.20886993408203 415.1703796386719
75.27302551269531 415.26513671875
75.33222198486328 415.36383056640625
75.38626861572266 415.46624755859375
75.43757629394531 415.5776062011719
75.48160552978516 415.6882629394531
75.52005767822266 415.802001953125
75.55516052246094 415.92523193359375
75.58475494384766 416.0500183105469
75.60966491699219 416.17962646484375
75.62981414794922 416.3128356933594
75.6451416015625 416.4483337402344
75.655517578125 416.5843505859375
75.6609878540039 416.72113037109375
75.66159057617188 416.85858154296875
75.6573715209961 416.9963073730469
75.64836120605469 417.13385009765625
75.63457489013672 417.27099609375
75.61602783203125 417.4075927734375
75.5927505493164 417.54345703125
75.56476593017578 417.6784362792969
75.53211212158203 417.8123779296875
75.49482727050781 417.9450988769531
75.45295715332031 418.0764465332031
75.40654754638672 418.20623779296875
75.35565948486328 418.3343505859375
75.30035400390625 418.46063232421875
75.2406997680664 418.58489990234375
75.17683410644531 418.7068786621094
75.1087417602539 418.8265380859375
75.03651428222656 418.9437255859375
74.96023559570312 419.0583190917969
74.8800048828125 419.170166015625
74.79590606689453 419.2791442871094
74.70805358886719 419.3851013183594
74.61654663085938 419.4879150390625
74.52149963378906 419.58746337890625
74.42302703857422 419.6836242675781
74.32129669189453 419.7762451171875
74.21683502197266 419.8647766113281
74.10973358154297 419.9490661621094
74.00033569335938 420.0287780761719
73.8893814086914 420.1032409667969
73.77943420410156 420.1705322265625
73.66619873046875 420.2331848144531
73.55248260498047 420.28961181640625
73.43705749511719 420.34039306640625
73.31926727294922 420.3858337402344
73.19361877441406 420.4281311035156
73.0615463256836 420.46710205078125
72.92816925048828 420.5014343261719
72.79366302490234 420.5310974121094
72.6581802368164 420.5560607910156
72.52190399169922 420.5762939453125
72.38500213623047 420.5917663574219
72.24763488769531 420.60247802734375
72.10997772216797 420.6083984375
71.97219848632812 420.6095275878906
71.83446502685547 420.6058349609375
71.69695281982422 420.59735107421875
71.55982208251953 420.5841064453125
71.4232406616211 420.5660705566406
71.28738403320312 420.5433044433594
71.15242004394531 420.51580810546875
71.01850891113281 420.483642578125
70.88583374023438 420.4468078613281
70.75452423095703 420.4053649902344
70.62474060058594 420.359375
70.49664306640625 420.3088684082031
70.37039184570312 420.2539367675781
70.24613952636719 420.1946105957031
70.12403106689453 420.1309814453125
70.00421905517578 420.0631408691406
69.88684844970703 419.99114990234375
69.77206420898438 419.91510009765625
69.6600112915039 419.8350830078125
69.55083465576172 419.751220703125
69.44467163085938 419.6636047363281
69.34164428710938 419.57232666015625
69.24187469482422 419.4775085449219
69.1454849243164 419.3792419433594
69.0525894165039 419.2776794433594
68.96329498291016 419.17291259765625
68.8777084350586 419.0650634765625
68.79592895507812 418.95428466796875
68.71807098388672 418.8407287597656
68.64422607421875 418.7245178222656
68.5744857788086 418.6058044433594
68.5089340209961 418.4847106933594
68.4476547241211 418.3614196777344
68.39071655273438 418.2360534667969
68.33819580078125 418.1087646484375
68.29015350341797 417.979736328125
68.24664306640625 417.8490905761719
68.20772552490234 417.7170104980469
68.17344665527344 417.5836486816406
68.14384460449219 417.4491882324219
68.11895751953125 417.3137512207031
68.09881591796875 417.17755126953125
68.08344268798828 417.04071044921875
68.07286071777344 416.9034423828125
68.06708526611328 416.7658996582031
68.06612396240234 416.6282958984375
68.06999206542969 416.49078369140625
68.07868194580078 416.353515625
68.0921859741211 416.2166748046875
68.1104965209961 416.08038330078125
68.13359832763672 415.9447937011719
68.16153717041016 415.80975341796875
68.19420623779297 415.67578125
68.231689453125 415.5426025390625
68.27459716796875 415.40826416015625
68.32301330566406 415.27288818359375
68.37751007080078 415.1352844238281
68.43634033203125 415.0
68.50202941894531 414.8614501953125
68.57546997070312 414.71820068359375
68.65265655517578 414.5782775878906
68.73839569091797 414.4331359863281
68.83314514160156 414.2823486328125
68.93675231933594 414.1263732910156
69.04267120361328 413.97509765625
69.1566162109375 413.8204040527344
69.27239227294922 413.67071533203125
69.3899917602539 413.5260314941406
69.50204467773438 413.395263671875
69.60698699951172 413.2798156738281
69.70574188232422 413.1780090332031
69.80647277832031 413.0810241699219
69.90935516357422 412.9886169433594
70.01519012451172 412.89996337890625
70.12394714355469 412.81512451171875
70.23554992675781 412.734130859375
70.3498764038086 412.6570739746094
70.46680450439453 412.58404541015625
70.58619689941406 412.51513671875
70.7079086303711 412.4504089355469
70.83179473876953 412.38995361328125
70.95770263671875 412.3338317871094
71.08548736572266 412.2821044921875
71.2149887084961 412.23486328125
71.34605407714844 412.192138671875
71.47852325439453 412.15399169921875
71.61223602294922 412.1204528808594
71.74703216552734 412.0915832519531
71.88275146484375 412.0674133300781
72.01922607421875 412.0479736328125
72.15629577636719 412.0332946777344
72.29379272460938 412.02337646484375
72.43154907226562 412.01824951171875
72.56939697265625 412.0179138183594
72.7071762084961 412.0223388671875
72.84471893310547 412.03155517578125
72.98185729980469 412.0455322265625
73.11842346191406 412.06427001953125
73.2542495727539 412.0877380371094
73.38917541503906 412.11590576171875
73.52302551269531 412.14874267578125
73.6556396484375 412.18621826171875
73.78684997558594 412.228271484375
73.9164810180664 412.2748718261719
74.04434967041016 412.325927734375
74.17031860351562 412.38140869140625
74.29414367675781 412.44122314453125
74.41559600830078 412.5052795410156
74.53440856933594 412.5734558105469
74.65042877197266 412.64569091796875
74.76253509521484 412.72137451171875
74.8701400756836 412.8002624511719
74.97321319580078 412.8824462890625
75.07080841064453 412.9673156738281
75.16039276123047 413.0527648925781
75.2413101196289 413.1381530761719
75.31549072265625 413.22540283203125
75.38478088378906 413.3166198730469
75.44937133789062 413.412109375
75.50872039794922 413.51116943359375
75.5631332397461 413.6144104003906
75.61848449707031 413.7344055175781
75.66504669189453 413.8507995605469
75.7047119140625 413.96710205078125
75.73988342285156 414.0893249511719
75.77002716064453 414.2149658203125
75.7955322265625 414.34521484375
75.81605529785156 414.477783203125
75.83175659179688 414.6129150390625
75.8425521850586 414.7491455078125
75.84846496582031 414.8860778808594
75.84952545166016 415.0235900878906
75.84577178955078 415.16131591796875
75.83722686767578 415.29888916015625
75.82390594482422 415.43609619140625
75.80582427978516 415.57275390625
75.78301239013672 415.7087097167969
75.7554931640625 415.8437805175781
75.72329711914062 415.9778137207031
75.68646240234375 416.11065673828125
75.6450424194336 416.24212646484375
75.59907531738281 416.3721008300781
75.54862976074219 416.5003967285156
75.49375915527344 416.6268615722656
75.43452453613281 416.7513427734375
75.3710708618164 416.87353515625
75.30339050292969 416.993408203125
75.2315673828125 417.11083984375
75.15568542480469 417.2256774902344
75.07583618164062 417.3377990722656
74.99211120605469 417.4470520019531
74.90461730957031 417.5533142089844
74.81346130371094 417.65643310546875
74.71875762939453 417.7563171386719
74.62062072753906 417.8528137207031
74.51929473876953 417.9456787109375
74.4154281616211 418.03424072265625
74.30907440185547 418.11834716796875
74.199462890625 418.1985778808594
74.09004974365234 418.2722473144531
73.97911834716797 418.34033203125
73.8681869506836 418.4018249511719
73.75568389892578 418.45751953125
73.64376831054688 418.50634765625
73.52809143066406 418.5502014160156
73.40384674072266 418.5909729003906
73.27142333984375 418.6288146972656
73.13774108886719 418.6620178222656
73.00297546386719 418.6905517578125
72.8672866821289 418.71435546875
72.73084259033203 418.7334289550781
72.59380340576172 418.74774169921875
72.45635223388672 418.7572937011719
72.31864929199219 418.7620544433594
72.18086242675781 418.7619934082031
72.04316711425781 418.75714111328125
71.90572357177734 418.74749755859375
71.76870727539062 418.73309326171875
71.63228607177734 418.71392822265625
71.49662780761719 418.69000244140625
71.36190032958984 418.661376953125
71.228271484375 418.6280822753906
71.09591674804688 418.59014892578125
70.9649658203125 418.547607421875
70.83557891845703 418.5005187988281
70.70791625976562 418.4489440917969
70.5821304321289 418.3929443359375
70.45838165283203 418.33258056640625
70.3368148803711 418.2679138183594
70.21758270263672 418.1990661621094
70.100830078125 418.1260681152344
69.9866943359375 418.0490417480469
69.8753433227539 417.9681091308594
69.76689910888672 417.8833312988281
69.6614990234375 417.7948303222656
69.55926513671875 417.70269775390625
69.46031951904297 417.6070251464844
69.36478424072266 417.5079650878906
69.27277374267578 417.4056091308594
69.18439483642578 417.3000793457031
69.09973907470703 417.1914978027344
69.0189208984375 417.08001708984375
68.94204711914062 416.9657897949219
68.86920928955078 416.84893798828125
68.80049133300781 416.7296142578125
68.7359848022461 416.60797119140625
68.67576599121094 416.4841613769531
68.61991119384766 416.3583068847656
68.56848907470703 416.2305908203125
68.52155303955078 416.10113525390625
68.47917175292969 415.9701232910156
68.44139099121094 415.83770751953125
68.40825653076172 415.7040710449219
68.37981414794922 415.5693359375
68.35609436035156 415.4337158203125
68.33712768554688 415.2973327636719
68.32292938232422 415.1603698730469
68.31352996826172 415.02301025390625
68.30894470214844 414.8854675292969
68.30917358398438 414.74786376953125
68.3142318725586 414.6103820800781
68.32410430908203 414.47320556640625
68.33879852294922 414.3364562988281
68.35829162597656 414.2003173828125
68.38256072998047 414.06494140625
68.41162109375 413.93035888671875
68.44546508789062 413.7966003417969
68.48414611816406 413.66357421875
68.52835845947266 413.5291442871094
68.57711791992188 413.3965148925781
68.63146209716797 413.2629699707031
68.69197845458984 413.12744140625
68.75944519042969 412.98858642578125
68.83090209960938 412.8526611328125
68.91011047363281 412.7127380371094
68.99773406982422 412.5679931640625
69.08856964111328 412.42718505859375
69.19364166259766 412.2734375
69.30101776123047 412.1243896484375
69.41574096679688 411.9730529785156
69.5323486328125 411.82666015625
69.65045928955078 411.6856689453125
69.75872802734375 411.5633544921875
69.8621826171875 411.4534912109375
69.96199035644531 411.3542785644531
70.06352233886719 411.2601013183594
70.16800689697266 411.1697082519531
70.27542877197266 411.0830993652344
70.38571166992188 411.0003356933594
70.4988021850586 410.92144775390625
70.61454772949219 410.8465576171875
70.73281860351562 410.7757263183594
70.85347747802734 410.70904541015625
70.97637176513672 410.6466064453125
71.10136413574219 410.5884704589844
71.22830200195312 410.5346984863281
71.35702514648438 410.4853820800781
71.48738861083984 410.4405517578125
71.61923217773438 410.4002990722656
71.75238800048828 410.3646240234375
71.88670349121094 410.3336181640625
72.02201843261719 410.3072814941406
72.15816497802734 410.2856750488281
72.29498291015625 410.268798828125
72.43230438232422 410.2566833496094
72.56996154785156 410.24932861328125
72.7077865600586 410.24676513671875
72.84561920166016 410.2489929199219
72.98329162597656 410.2560119628906
73.12063598632812 410.2677917480469
73.25748443603516 410.2843322753906
73.3936767578125 410.3056335449219
73.52903747558594 410.3316345214844
73.66341400146484 410.3623352050781
73.79662322998047 410.3976745605469
73.92851257324219 410.4376220703125
74.05889892578125 410.48211669921875
74.1876449584961 410.5311279296875
74.31450653076172 410.5845642089844
74.43936920166016 410.64239501953125
74.56198120117188 410.7044982910156
74.68209838867188 410.7707824707031
74.79943084716797 410.84112548828125
74.91310119628906 410.9150695800781
75.02288818359375 410.9925842285156
75.12818145751953 411.0733642578125
75.22689819335938 411.1559753417969
75.31930541992188 411.2407531738281
75.4030990600586 411.32562255859375
75.47945404052734 411.4116516113281
75.55073547363281 411.5014343261719
75.6171875 411.59527587890625
75.67935180664062 411.69415283203125
75.73832702636719 411.80029296875
75.79598236083984 411.91827392578125
75.85519409179688 412.0563659667969
75.90241241455078 412.1831359863281
75.94109344482422 412.3052673339844
75.97457122802734 412.4310607910156
76.00312042236328 412.5599060058594
76.0267105102539 412.6913146972656
76.04533386230469 412.8247985839844
76.05911254882812 412.9604797363281
76.06800079345703 413.0970764160156
76.07205200195312 413.2345886230469
76.07129669189453 413.37237548828125
76.06575012207031 413.51007080078125
76.055419921875 413.64752197265625
76.04032135009766 413.7845458984375
76.02046966552734 413.92095947265625
75.99589538574219 414.0566101074219
75.96662139892578 414.1913146972656
75.93268585205078 414.3249206542969
75.89413452148438 414.457275390625
75.85100555419922 414.58819580078125
75.80335998535156 414.7175598144531
75.75125122070312 414.8451843261719
75.69474029541016 414.9709167480469
75.63389587402344 415.0946044921875
75.56886291503906 415.2159423828125
75.4996337890625 415.3349304199219
75.4262924194336 415.451416015625
75.34892272949219 415.5652770996094
75.26762390136719 415.6763610839844
75.18248748779297 415.7845153808594
75.09362030029297 415.8896179199219
75.00113677978516 415.9915466308594
74.90514373779297 416.0901794433594
74.80582427978516 416.185302734375
74.70340728759766 416.2767028808594
74.5987777709961 416.36346435546875
74.49178314208984 416.4455871582031
74.38569641113281 416.5203552246094
74.27886199951172 416.5887451171875
74.17127990722656 416.65069580078125
74.06304931640625 416.7061462402344
73.95381164550781 416.7552795410156
73.84078216552734 416.79937744140625
73.72200012207031 416.83917236328125
73.58972930908203 416.8775329589844
73.4561767578125 416.9112548828125
73.32151794433594 416.9403076171875
73.1859130859375 416.96466064453125
73.0495376586914 416.9842834472656
72.91255187988281 416.9991455078125
72.77513122558594 417.00921630859375
72.63744354248047 417.0144958496094
72.4996566772461 417.0149841308594
72.3619384765625 417.01068115234375
72.22445678710938 417.0015869140625
72.0873794555664 416.9877014160156
71.95087432861328 416.96905517578125
71.81510925292969 416.9456787109375
71.68025970458984 416.9175720214844
71.5464859008789 416.8847961425781
71.41395568847656 416.8473815917969
71.2828369140625 416.80535888671875
71.15325927734375 416.7587890625
71.025390625 416.7077331542969
70.89938354492188 416.6522216796875
70.775390625 416.59234619140625
70.653564453125 416.5281677246094
70.5340576171875 416.45977783203125
70.41700744628906 416.38726806640625
70.30257415771484 416.3106994628906
70.19090270996094 416.2301940917969
70.08212280273438 416.1458435058594
69.97637176513672 416.0577392578125
69.873779296875 415.96600341796875
69.77446746826172 415.8707275390625
69.67855072021484 415.77203369140625
69.58614349365234 415.6700439453125
69.49735260009766 415.56488037109375
69.41228485107422 415.4566650390625
69.33104705810547 415.34552001953125
69.25373077392578 415.2315979003906
69.1804428100586 415.1150207519531
69.11126708984375 414.9959716796875
69.04629516601562 414.87457275390625
68.98560333251953 414.7509765625
68.92926025390625 414.6253356933594
68.8773422241211 414.497802734375
68.82991027832031 414.3685302734375
68.78702545166016 414.2377014160156
68.74873352050781 414.1054382324219
68.715087890625 413.971923828125
68.68611907958984 413.8373107910156
68.66187286376953 413.7017822265625
68.64237213134766 413.56549072265625
68.62764739990234 413.4285888671875
68.61771392822266 413.291259765625
68.61258697509766 413.1536865234375
68.6122817993164 413.01605224609375
68.61679077148438 412.8785400390625
68.6261215209961 412.7413330078125
68.64026641845703 412.60455322265625
68.65921783447266 412.4683532714844
68.68295288085938 412.3328857421875
68.71148681640625 412.1981201171875
68.74482727050781 412.0641174316406
68.78302764892578 411.93072509765625
68.82622528076172 411.7976379394531
68.87467193603516 411.664306640625
68.92760467529297 411.53289794921875
68.98617553710938 411.4007263183594
69.05097198486328 411.2667236328125
69.12271881103516 411.12982177734375
69.2021255493164 410.9890441894531
69.28968048095703 410.8438720703125
69.38046264648438 410.7026062011719
69.47940826416016 410.5576477050781
69.58110046386719 410.4170227050781
69.69041442871094 410.2740478515625
69.80201721191406 410.1357421875
69.91339874267578 410.0050964355469
70.01795959472656 409.8895263671875
70.1195297241211 409.78424072265625
70.2199478149414 409.68695068359375
70.32254028320312 409.5942077636719
70.4281005859375 409.5052490234375
70.53665924072266 409.4200134277344
70.64800262451172 409.33868408203125
70.7620849609375 409.26129150390625
70.8787841796875 409.1878967285156
70.99795532226562 409.11859130859375
71.11946105957031 409.053466796875
71.24315643310547 408.99261474609375
71.36888885498047 408.93609619140625
71.49650573730469 408.88397216796875
71.6258544921875 408.8363037109375
71.75678253173828 408.7931823730469
71.88912963867188 408.7546081542969
72.02273559570312 408.7206726074219
72.15744018554688 408.6913757324219
72.29308319091797 408.6667785644531
72.42949676513672 408.64691162109375
72.56652069091797 408.6318054199219
72.70398712158203 408.6214599609375
72.84172821044922 408.61590576171875
72.97957611083984 408.6151123046875
73.11737060546875 408.6191101074219
73.25494384765625 408.6278991699219
73.39212799072266 408.6414489746094
73.52875518798828 408.6597595214844
73.66465759277344 408.68280029296875
73.79967498779297 408.7105712890625
73.93363189697266 408.7430114746094
74.06636047363281 408.7800598144531
74.19770812988281 408.82171630859375
74.3274917602539 408.8678894042969
74.45552825927734 408.9185485839844
74.5816879272461 408.9736328125
74.70564270019531 409.03302001953125
74.82733154296875 409.0967102050781
74.9461669921875 409.1643981933594
75.06230926513672 409.2362365722656
75.17450714111328 409.3115539550781
75.28257751464844 409.39031982421875
75.38426971435547 409.4710693359375
75.48046112060547 409.5546569824219
75.5674057006836 409.63787841796875
75.64672088623047 409.72222900390625
75.72045135498047 409.80975341796875
75.78931427001953 409.9012756347656
75.85368347167969 409.99737548828125
75.91988372802734 410.108642578125
75.97988891601562 410.22265625
76.03713989257812 410.346435546875
76.09607696533203 410.4918518066406
76.1467056274414 410.6353759765625
76.18622589111328 410.76678466796875
76.21781158447266 410.8923645019531
76.24479675292969 411.0224914550781
76.26683807373047 411.1549377441406
76.2840805053711 411.2899475097656
76.29644012451172 411.4260559082031
76.30392456054688 411.56292724609375
76.30657958984375 411.7005920410156
76.30443572998047 411.83837890625
76.29750061035156 411.9760437011719
76.2857894897461 412.1134033203125
76.2693099975586 412.2502746582031
76.24809265136719 412.386474609375
76.22215270996094 412.5218505859375
76.1915283203125 412.65625
76.15625762939453 412.7895202636719
76.11637878417969 412.9214782714844
76.07193756103516 413.0519714355469
76.02299499511719 413.18084716796875
75.9696044921875 413.3079528808594
75.91183471679688 413.43310546875
75.8497543334961 413.5561828613281
75.78350830078125 413.6768798828125
75.71308898925781 413.795166015625
75.63858032226562 413.9109191894531
75.56007385253906 414.02398681640625
75.4776611328125 414.13421630859375
75.39144897460938 414.24151611328125
75.3015365600586 414.3457336425781
75.2080307006836 414.44671630859375
75.1110610961914 414.54437255859375
75.01113891601562 414.6380920410156
74.90924072265625 414.72686767578125
74.80530548095703 414.8105163574219
74.6979751586914 414.8901062011719
74.59223175048828 414.9617919921875
74.48593139648438 415.0268859863281
74.37889862060547 415.08544921875
74.27094268798828 415.13763427734375
74.16098022460938 415.1839599609375
74.04732513427734 415.22515869140625
73.91596221923828 415.2665100097656
73.78321838378906 415.3032531738281
73.64926147460938 415.3353576660156
73.51425170898438 415.36279296875
73.37836456298828 415.385498046875
73.24175262451172 415.4034729003906
73.10459899902344 415.4166564941406
72.9670639038086 415.4250793457031
72.82931518554688 415.4287109375
72.6915283203125 415.42755126953125
72.55386352539062 415.42156982421875
72.41649627685547 415.41082763671875
72.27959442138672 415.3952941894531
72.14332580566406 415.375
72.00785827636719 415.3499755859375
71.87335968017578 415.32025146484375
71.73999786376953 415.2858581542969
71.60794067382812 415.2468566894531
71.47733306884766 415.2032470703125
71.34832763671875 415.1551208496094
71.22108459472656 415.1025085449219
71.09575653076172 415.04547119140625
70.97249603271484 414.9841003417969
70.85145568847656 414.91845703125
70.73278045654297 414.8486328125
70.61661529541016 414.77471923828125
70.50313568115234 414.6968078613281
70.39246368408203 414.614990234375
70.28473663330078 414.52935791015625
70.18008422851562 414.44000244140625
70.07862854003906 414.3470458984375
69.98049926757812 414.2505798339844
69.88580322265625 414.1507263183594
69.7946548461914 414.047607421875
69.70716094970703 413.9413757324219
69.62342834472656 413.8321228027344
69.5435562133789 413.7200012207031
69.46763610839844 413.6051330566406
69.3957748413086 413.4876708984375
69.32806396484375 413.3677673339844
69.26457977294922 413.2455749511719
69.20540618896484 413.1212463378906
69.15060424804688 412.99493408203125
69.10025024414062 412.8667907714844
69.05440521240234 412.7369689941406
69.01312255859375 412.6056213378906
68.97645568847656 412.472900390625
68.94444274902344 412.3389892578125
68.91712951660156 412.20404052734375
68.89454650878906 412.0682067871094
68.87671661376953 411.9316711425781
68.8636703491211 411.79461669921875
68.85542297363281 411.6571960449219
68.85198974609375 411.51959228515625
68.8533706665039 411.3819885253906
68.85957336425781 411.24456787109375
68.87059783935547 411.10748291015625
68.88642883300781 410.97088623046875
68.90705871582031 410.8349304199219
68.93246459960938 410.6997375488281
68.96267700195312 410.56524658203125
68.99760437011719 410.4319152832031
69.03731536865234 410.29949951171875
69.08232116699219 410.16650390625
69.13187408447266 410.0352783203125
69.18673706054688 409.9039001464844
69.24736022949219 409.77154541015625
69.31433868408203 409.6372375488281
69.3853759765625 409.5057373046875
69.46340942382812 409.3717956542969
69.5534439086914 409.2273254394531
69.6466293334961 409.0868225097656
69.74752807617188 408.9434814453125
69.85112762451172 408.80450439453125
69.9616928100586 408.6641845703125
70.07455444335938 408.52850341796875
70.19314575195312 408.3933410644531
70.29539489746094 408.2834167480469
70.39449310302734 408.1837463378906
70.4959487915039 408.0885009765625
70.5998764038086 407.99749755859375
70.70687866210938 407.9101867675781
70.81668090820312 407.8267517089844
70.92929077148438 407.7471923828125
71.04458618164062 407.6716003417969
71.16242980957031 407.6000671386719
71.28268432617188 407.5326843261719
71.40520477294922 407.4695129394531
71.52984619140625 407.41064453125
71.65645599365234 407.35614013671875
71.78488159179688 407.3060607910156
71.91497039794922 407.2604675292969
72.04656982421875 407.21942138671875
72.17951202392578 407.1829528808594
72.31364440917969 407.151123046875
72.44879913330078 407.1239929199219
72.5848159790039 407.1015625
72.72152709960938 407.0838623046875
72.85877227783203 407.0709228515625
72.99638366699219 407.062744140625
73.13419342041016 407.0593566894531
73.27204132080078 407.0607604980469
73.40975189208984 407.06695556640625
73.54716491699219 407.0779113769531
73.68411254882812 407.0936584472656
73.82042694091797 407.1141357421875
73.95594787597656 407.13934326171875
74.09050750732422 407.16925048828125
74.22392272949219 407.20379638671875
74.3560562133789 407.2429504394531
74.48670959472656 407.28668212890625
74.6157455444336 407.3349304199219
74.74296569824219 407.38763427734375
74.8681869506836 407.4447021484375
74.9911880493164 407.5060729980469
75.11173248291016 407.5716247558594
75.22953796386719 407.6412658691406
75.34400177001953 407.7146911621094
75.45442199707031 407.79156494140625
75.56044006347656 407.8717346191406
75.66000366210938 407.953857421875
75.75312805175781 408.0380554199219
75.83727264404297 408.1220397949219
75.91416931152344 408.20745849609375
75.98604583740234 408.29669189453125
76.05496978759766 408.3925476074219
76.122802734375 408.4984436035156
76.18327331542969 408.60491943359375
76.26461791992188 408.7654724121094
76.33659362792969 408.923828125
76.42182922363281 409.1317443847656
76.48405456542969 409.3008728027344
76.53034210205078 409.4455871582031
76.56414794921875 409.5701599121094
76.59341430664062 409.6994323730469
76.61775207519531 409.8311462402344
76.63715362548828 409.96484375
76.6517333984375 410.1006164550781
76.66143798828125 410.23724365234375
76.66633605957031 410.3748779296875
76.66643524169922 410.5126953125
76.6617431640625 410.65045166015625
76.65226745605469 410.7879638671875
76.63801574707031 410.9250793457031
76.61901092529297 411.0616149902344
76.59527587890625 411.1974182128906
76.56684112548828 411.3323059082031
76.53373718261719 411.46612548828125
76.49600982666016 411.5987243652344
76.45369720458984 411.72991943359375
76.4068603515625 411.85955810546875
76.35554504394531 411.9875183105469
76.29981994628906 412.1136169433594
76.23974609375 412.2377014160156
76.17539978027344 412.359619140625
76.10694122314453 412.47906494140625
76.03435516357422 412.5960388183594
75.95772552490234 412.71038818359375
75.87714385986328 412.8219909667969
75.79270935058594 412.9306945800781
75.70452880859375 413.036376953125
75.61270141601562 413.1388854980469
75.51741027832031 413.238037109375
75.41887664794922 413.3335876464844
75.3173599243164 413.4252014160156
75.21430206298828 413.5114440917969
75.10954284667969 413.59222412109375
75.00675201416016 413.66455078125
74.90326690673828 413.73016357421875
74.79877471923828 413.7892761230469
74.69303131103516 413.8420715332031
74.58600616455078 413.8885803222656
74.4754867553711 413.9297790527344
74.36073303222656 413.9659118652344
74.2276840209961 414.0016174316406
74.09346008300781 414.0326843261719
73.9582290649414 414.0590515136719
73.82215118408203 414.0806884765625
73.6854019165039 414.09759521484375
73.54814147949219 414.1097106933594
73.41053771972656 414.1170654296875
73.27276611328125 414.11962890625
73.1349868774414 414.11737060546875
72.99736785888672 414.1103210449219
72.8600845336914 414.0985107421875
72.72329711914062 414.0819091796875
72.58718872070312 414.0605773925781
72.45191192626953 414.0345153808594
72.31764221191406 414.0037536621094
72.1845474243164 413.96832275390625
72.05279541015625 413.92828369140625
71.92253112792969 413.8836669921875
71.79390716552734 413.83453369140625
71.66707611083984 413.78094482421875
71.54219055175781 413.72296142578125
71.4194107055664 413.66064453125
71.29888153076172 413.5940856933594
71.18075561523438 413.5233459472656
71.06517791748047 413.4485168457031
70.95230865478516 413.3697204589844
70.84230041503906 413.28704833984375
70.73526763916016 413.2005920410156
70.63134002685547 413.1104431152344
70.53064727783203 413.0166931152344
70.43330383300781 412.9194641113281
70.33942413330078 412.8188781738281
70.2491226196289 412.7150573730469
70.16250610351562 412.6081237792969
70.07966613769531 412.4981994628906
70.00070190429688 412.38543701171875
69.92572021484375 412.26995849609375
69.85481262207031 412.15191650390625
69.78807067871094 412.031494140625
69.72557830810547 411.9088134765625
69.66741180419922 411.7840270996094
69.61363983154297 411.6572570800781
69.56432342529297 411.5286865234375
69.51953125 411.39849853515625
69.47930908203125 411.2668151855469
69.44371032714844 411.1338195800781
69.41278076171875 410.9996337890625
69.38655853271484 410.8644714355469
69.36507415771484 410.72845458984375
69.34835052490234 410.591796875
69.33641052246094 410.4546203613281
69.32927703857422 410.317138671875
69.32695770263672 410.1795349121094
69.32946014404297 410.0419616699219
69.33677673339844 409.90460205078125
69.34890747070312 409.7676086425781
69.3658447265625 409.6311340332031
69.38756561279297 409.4953308105469
69.41405487060547 409.3603820800781
69.4453125 409.2262878417969
69.48133850097656 409.0931396484375
69.52216339111328 408.9609069824219
69.56836700439453 408.827880859375
69.61909484863281 408.6966857910156
69.67517852783203 408.5652770996094
69.73704528808594 408.4328918457031
69.80522155761719 408.29876708984375
69.87743377685547 408.16748046875
69.9564437866211 408.0341491699219
70.04264068603516 407.8984069824219
70.13227081298828 407.7663269042969
70.2291030883789 407.6324157714844
70.3327865600586 407.49737548828125
70.43917846679688 407.36663818359375
70.5474624633789 407.2411193847656
70.65058135986328 407.1286926269531
70.75183868408203 407.0252990722656
70.85271453857422 406.9290466308594
70.9559555053711 406.837158203125
71.06216430664062 406.7490234375
71.17129516601562 406.6647033691406
71.28324890136719 406.5842590332031
71.3979263305664 406.50775146484375
71.51518249511719 406.4352722167969
71.6348876953125 406.3669128417969
71.75689697265625 406.302734375
71.88105773925781 406.2428283691406
72.0072250366211 406.1872863769531
72.13524627685547 406.13616943359375
72.26496124267578 406.0895080566406
72.3962173461914 406.0473937988281
72.52886199951172 406.0098571777344
72.66272735595703 405.9769592285156
72.79765319824219 405.94873046875
72.93347930908203 405.9252014160156
73.0700454711914 405.9064025878906
73.2071762084961 405.8923645019531
73.34471893310547 405.8830871582031
73.48249816894531 405.87860107421875
73.62035369873047 405.8788757324219
73.75811004638672 405.8839416503906
73.8956069946289 405.893798828125
74.03267669677734 405.9084167480469
74.16915893554688 405.92779541015625
74.30487823486328 405.951904296875
74.4396743774414 405.980712890625
74.57337951660156 406.0141906738281
74.70581817626953 406.0522766113281
74.83683776855469 406.0949401855469
74.96623229980469 406.1421203613281
75.0938720703125 406.19378662109375
75.21953582763672 406.2498474121094
75.34300231933594 406.3102111816406
75.46417236328125 406.3748474121094
75.58244323730469 406.4434814453125
75.69757080078125 406.5160217285156
75.80908966064453 406.5922546386719
75.91643524169922 406.6719055175781
76.01776123046875 406.7537841796875
76.11253356933594 406.83758544921875
76.19824981689453 406.9211730957031
76.27628326416016 407.00579833984375
76.34928894042969 407.0942077636719
76.42123413085938 407.1916809082031
76.48767852783203 407.29266357421875
76.55245971679688 407.40350341796875
76.6553726196289 407.5983581542969
76.73389434814453 407.76165771484375
76.845458984375 408.0137634277344
76.92952728271484 408.2187194824219
76.99011993408203 408.3836364746094
77.04220581054688 408.54595947265625
77.07691955566406 408.672119140625
77.10674285888672 408.80120849609375
77.13164520263672 408.9327697753906
77.15179443359375 409.0671081542969
77.16706848144531 409.2027587890625
77.1774673461914 409.3393249511719
77.18306732177734 409.4769287109375
77.18386840820312 409.61474609375
77.17987823486328 409.7525329589844
77.17110443115234 409.8901062011719
77.15756225585938 410.02728271484375
77.1392593383789 410.1639099121094
77.11622619628906 410.2998352050781
77.08848571777344 410.43487548828125
77.05606842041016 410.5688781738281
77.0190200805664 410.70166015625
76.97738647460938 410.83306884765625
76.93121337890625 410.96295166015625
76.88055419921875 411.0911560058594
76.82547760009766 411.217529296875
76.76604461669922 411.3419189453125
76.70233154296875 411.46417236328125
76.63449096679688 411.5839538574219
76.56250762939453 411.7012634277344
76.48646545410156 411.8160095214844
76.40645599365234 411.9280090332031
76.32257843017578 412.0371398925781
76.23493957519531 412.14324951171875
76.14363861083984 412.2462463378906
76.04889678955078 412.3458251953125
75.95093536376953 412.4417419433594
75.85003662109375 412.5336608886719
75.74789428710938 412.6198425292969
75.64423370361328 412.7003173828125
75.54290771484375 412.77191162109375
75.44066619873047 412.83685302734375
75.33723449707031 412.8953552246094
75.23249816894531 412.947509765625
75.12615203857422 412.9935302734375
75.01644897460938 413.0341491699219
74.89681243896484 413.0717468261719
74.7638168334961 413.1076354980469
74.62962341308594 413.1388854980469
74.49441528320312 413.1654357910156
74.35836029052734 413.187255859375
74.22162628173828 413.204345703125
74.08438110351562 413.2166748046875
73.94678497314453 413.2242126464844
73.80900573730469 413.2269592285156
73.67121887207031 413.22491455078125
73.53358459472656 413.21807861328125
73.39627838134766 413.2064514160156
73.25946044921875 413.1900634765625
73.12330627441406 413.1689147949219
72.98797607421875 413.1430358886719
72.85365295410156 413.11248779296875
72.72049713134766 413.0772705078125
72.58867645263672 413.0374450683594
72.45834350585938 412.9930419921875
72.32964324951172 412.944091796875
72.20272827148438 412.89068603515625
72.0777587890625 412.8328857421875
71.95487976074219 412.770751953125
71.8342514038086 412.7043762207031
71.71602630615234 412.6338195800781
71.6003646850586 412.5592041015625
71.4874038696289 412.4805908203125
71.37728881835938 412.3980712890625
71.27014923095703 412.311767578125
71.1661148071289 412.2217712402344
71.06532287597656 412.1282043457031
70.9678726196289 412.0311279296875
70.87388610839844 411.9306945800781
70.78347778320312 411.8270263671875
70.69674682617188 411.72021484375
70.61380004882812 411.61041259765625
70.53473663330078 411.4977722167969
70.45964813232422 411.3824157714844
70.38861846923828 411.26446533203125
70.3217544555664 411.14410400390625
70.2591323852539 411.021484375
70.2008285522461 410.8967590332031
