60.696407318115234 450.69610595703125
61.393409729003906 451.3922119140625
62.090702056884766 452.0880126953125
62.78828430175781 452.7835388183594
63.48615264892578 453.478759765625
64.18431091308594 454.1737060546875
64.88275909423828 454.86834716796875
65.58149719238281 455.5627136230469
66.280517578125 456.25677490234375
66.97982788085938 456.9505615234375
67.67942810058594 457.64404296875
68.37931823730469 458.3372497558594
69.07949829101562 459.0301513671875
69.77996063232422 459.7227783203125
70.480712890625 460.41510009765625
71.18175506591797 461.1071472167969
71.8830795288086 461.79888916015625
72.5846939086914 462.4903259277344
73.2865982055664 463.1814880371094
73.98878479003906 463.8723449707031
74.6912612915039 464.56292724609375
75.39402770996094 465.2532043457031
76.09707641601562 465.9432067871094
76.8004150390625 466.6329040527344
77.50403594970703 467.3222961425781
78.20794677734375 468.01141357421875
78.91213989257812 468.7002258300781
79.61662292480469 469.3887634277344
80.3213882446289 470.0769958496094
81.02644348144531 470.76495361328125
81.73178100585938 471.4526062011719
82.43740844726562 472.13995361328125
83.14331817626953 472.8270263671875
83.8495101928711 473.5137939453125
84.55599212646484 474.20025634765625
85.26275634765625 474.8864440917969
85.96981048583984 475.57232666015625
86.6771469116211 476.2579345703125
87.384765625 476.9432373046875
88.0926742553711 477.62823486328125
88.80086517333984 478.3129577636719
89.50933837890625 478.99737548828125
90.21809387207031 479.6814880371094
90.92713928222656 480.3653259277344
91.63646697998047 481.0488586425781
92.34607696533203 481.7320861816406
93.05596923828125 482.4150390625
93.76615142822266 483.0976867675781
94.47661590576172 483.780029296875
95.18736267089844 484.46209716796875
95.89839172363281 485.14385986328125
96.60970306396484 485.8253173828125
97.32129669189453 486.5065002441406
98.03317260742188 487.1873779296875
98.74533081054688 487.8679504394531
99.45777130126953 488.5482482910156
100.17050170898438 489.2282409667969
100.88351440429688 489.9079284667969
101.59680938720703 490.58734130859375
102.31038665771484 491.2664489746094
103.02424621582031 491.94525146484375
103.73839569091797 492.623779296875
104.4528579711914 493.3020324707031
105.16766357421875 493.9800720214844
105.88291931152344 494.6579895019531
106.5988540649414 495.3360595703125
107.31581115722656 496.0147399902344
108.03392791748047 496.6942443847656
108.75318145751953 497.374755859375
109.47307586669922 498.055908203125
110.19322967529297 498.7373962402344
110.91344451904297 499.4190368652344
111.6336441040039 500.1007995605469
112.35379791259766 500.78265380859375
113.07389068603516 501.464599609375
113.79391479492188 502.1466369628906
114.51387023925781 502.8287353515625
115.23375701904297 503.5108947753906
115.95357513427734 504.1931457519531
116.67332458496094 504.8754577636719
117.39299774169922 505.557861328125
118.11260223388672 506.2403259277344
118.83213806152344 506.9228515625
119.55160522460938 507.60546875
120.27100372314453 508.28814697265625
120.9903335571289 508.9709167480469
121.70958709716797 509.65374755859375
122.42877197265625 510.336669921875
123.14788818359375 511.0196533203125
123.86693572998047 511.70269775390625
124.5859146118164 512.3858032226562
125.30482482910156 513.0690307617188
126.0236587524414 513.7523193359375
126.74242401123047 514.4356689453125
127.46112060546875 515.1190795898438
128.17974853515625 515.8025512695312
128.89830017089844 516.4861450195312
129.61679077148438 517.1697998046875
130.335205078125 517.853515625
131.05355834960938 518.5372924804688
131.77183532714844 519.2211303710938
132.4900360107422 519.9050903320312
133.2081756591797 520.589111328125
133.92623901367188 521.273193359375
134.64422607421875 521.9573364257812
135.36215209960938 522.6415405273438
136.0800018310547 523.3258666992188
136.79779052734375 524.01025390625
137.5155029296875 524.6947021484375
138.23313903808594 525.3792114257812
138.95069885253906 526.0637817382812
139.66818237304688 526.7484130859375
140.38558959960938 527.43310546875
141.10292053222656 528.117919921875
141.82015991210938 528.802734375
142.5373077392578 529.4876098632812
143.25436401367188 530.1725463867188
143.97129821777344 530.8574829101562
144.68809509277344 531.54248046875
145.40472412109375 532.2274169921875
146.12132263183594 532.9124755859375
146.8375244140625 533.5972900390625
147.553466796875 534.281982421875
148.2690887451172 534.9664916992188
148.98472595214844 535.651123046875
149.6996307373047 536.3351440429688
150.4141845703125 537.0189819335938
151.12841796875 537.7025756835938
151.8423614501953 538.385986328125
152.55606079101562 539.0692749023438
153.2695770263672 539.75244140625
153.98294067382812 540.435546875
154.69618225097656 541.1185913085938
155.40940856933594 541.8016967773438
156.1224822998047 542.4847412109375
156.83551025390625 543.1677856445312
157.54849243164062 543.8508911132812
158.2616424560547 544.5341796875
158.97462463378906 545.2174072265625
159.6875457763672 545.900634765625
160.40042114257812 546.5838623046875
161.11325073242188 547.2671508789062
161.82627868652344 547.95068359375
162.53912353515625 548.6340942382812
163.2519073486328 549.3175048828125
163.96463012695312 550.0009765625
164.6773681640625 550.6845092773438
165.38998413085938 551.3679809570312
166.10255432128906 552.051513671875
166.81507873535156 552.7350463867188
167.5277557373047 553.4187622070312
168.2402801513672 554.1024169921875
168.95274353027344 554.7860717773438
169.6651611328125 555.4697875976562
170.3775634765625 556.153564453125
171.09010314941406 556.8375244140625
171.8024139404297 557.5213012695312
172.51466369628906 558.2051391601562
173.22691345214844 558.8890380859375
173.9392547607422 559.5731201171875
174.6514434814453 560.2571411132812
175.3635711669922 560.941162109375
176.0756378173828 561.6251831054688
176.78790283203125 562.3095092773438
177.5000762939453 562.9938354492188
178.2120819091797 563.6780395507812
178.92401123046875 564.3622436523438
179.63592529296875 565.0465698242188
180.3480224609375 565.7311401367188
181.06019592285156 566.4158935546875
181.7722625732422 567.1005859375
182.48440551757812 567.7854614257812
183.19642639160156 568.4703369140625
183.9083251953125 569.1551513671875
184.62033081054688 569.8401489257812
185.3324432373047 570.525390625
186.04440307617188 571.2105712890625
186.75621032714844 571.8956909179688
187.46815490722656 572.5810546875
188.179931640625 573.2664184570312
188.89181518554688 573.9519653320312
189.603515625 574.637451171875
190.31480407714844 575.3226318359375
191.0259246826172 576.0078125
191.73707580566406 576.6931762695312
192.4480438232422 577.3784790039062
193.15882873535156 578.0637817382812
193.86961364746094 578.7492065429688
194.58050537109375 579.4348754882812
195.29116821289062 580.1204223632812
195.29116821289062 580.1204223632812
195.29116821289062 580.1204223632812
195.29116821289062 580.1204223632812
195.29116821289062 580.1204223632812
195.29116821289062 580.1204223632812
195.29116821289062 580.1204223632812
195.29116821289062 580.1204223632812
195.29116821289062 580.1204223632812
195.29116821289062 580.1204223632812
195.29116821289062 580.1204223632812
195.29116821289062 580.1204223632812
195.29116821289062 580.1204223632812
195.29116821289062 580.1204223632812
195.29116821289062 580.1204223632812
195.29116821289062 580.1204223632812
195.29116821289062 580.1204223632812
195.29116821289062 580.1204223632812
195.29116821289062 580.1204223632812
195.29116821289062 580.1204223632812
195.29116821289062 580.1204223632812
195.29116821289062 580.1204223632812
195.29116821289062 580.1204223632812
195.29116821289062 580.1204223632812
195.29116821289062 580.1204223632812
195.29116821289062 580.1204223632812
195.29116821289062 580.1204223632812
195.29116821289062 580.1204223632812
195.29116821289062 580.1204223632812
195.29116821289062 580.1204223632812
195.29116821289062 580.1204223632812
195.29116821289062 580.1204223632812
195.29116821289062 580.1204223632812
195.29116821289062 580.1204223632812
195.29116821289062 580.1204223632812
195.29116821289062 580.1204223632812
195.29116821289062 580.1204223632812
195.29116821289062 580.1204223632812
195.29116821289062 580.1204223632812
195.29116821289062 580.1204223632812
195.29116821289062 580.1204223632812
195.29116821289062 580.1204223632812
195.29116821289062 580.1204223632812
195.29116821289062 580.1204223632812
195.29116821289062 580.1204223632812
195.29116821289062 580.1204223632812
195.29116821289062 580.1204223632812
195.29116821289062 580.1204223632812
195.29116821289062 580.1204223632812
195.29116821289062 580.1204223632812
195.29116821289062 580.1204223632812
195.29116821289062 580.1204223632812
195.29116821289062 580.1204223632812
195.29116821289062 580.1204223632812
195.29116821289062 580.1204223632812
195.29116821289062 580.1204223632812
195.29116821289062 580.1204223632812
195.29116821289062 580.1204223632812
195.29116821289062 580.1204223632812
195.29116821289062 580.1204223632812
195.29116821289062 580.1204223632812
195.29116821289062 580.1204223632812
195.29116821289062 580.1204223632812
195.29116821289062 580.1204223632812
195.29116821289062 580.1204223632812
195.29116821289062 580.1204223632812
195.29116821289062 580.1204223632812
195.29116821289062 580.1204223632812
195.29116821289062 580.1204223632812
195.29116821289062 580.1204223632812
195.29116821289062 580.1204223632812
195.29116821289062 580.1204223632812
195.29116821289062 580.1204223632812
195.29116821289062 580.1204223632812
195.29116821289062 580.1204223632812
195.29116821289062 580.1204223632812
195.29116821289062 580.1204223632812
195.29116821289062 580.1204223632812
195.29116821289062 580.1204223632812
195.29116821289062 580.1204223632812
195.29116821289062 580.1204223632812
195.29116821289062 580.1204223632812
195.29116821289062 580.1204223632812
195.29116821289062 580.1204223632812
195.29116821289062 580.1204223632812
195.29116821289062 580.1204223632812
195.29116821289062 580.1204223632812
195.29116821289062 580.1204223632812
195.29116821289062 580.1204223632812
195.29116821289062 580.1204223632812
195.29116821289062 580.1204223632812
195.29116821289062 580.1204223632812
195.29116821289062 580.1204223632812
195.29116821289062 580.1204223632812
195.29116821289062 580.1204223632812
195.29116821289062 580.1204223632812
195.29116821289062 580.1204223632812
195.29116821289062 580.1204223632812
195.29116821289062 580.1204223632812
195.29116821289062 580.1204223632812
195.29116821289062 580.1204223632812
195.29116821289062 580.1204223632812
195.29116821289062 580.1204223632812
195.29116821289062 580.1204223632812
195.29116821289062 580.1204223632812
195.29116821289062 580.1204223632812
195.29116821289062 580.1204223632812
195.29116821289062 580.1204223632812
195.29116821289062 580.1204223632812
195.29116821289062 580.1204223632812
195.29116821289062 580.1204223632812
195.29116821289062 580.1204223632812
195.29116821289062 580.1204223632812
195.29116821289062 580.1204223632812
195.29116821289062 580.1204223632812
195.29116821289062 580.1204223632812
195.29116821289062 580.1204223632812
195.29116821289062 580.1204223632812
195.29116821289062 580.1204223632812
195.29116821289062 580.1204223632812
195.29116821289062 580.1204223632812
195.29116821289062 580.1204223632812
195.29116821289062 580.1204223632812
195.29116821289062 580.1204223632812
195.29116821289062 580.1204223632812
195.29116821289062 580.1204223632812
195.29116821289062 580.1204223632812
195.29116821289062 580.1204223632812
195.29116821289062 580.1204223632812
195.29116821289062 580.1204223632812
195.29116821289062 580.1204223632812
195.29116821289062 580.1204223632812
195.29116821289062 580.1204223632812
195.29116821289062 580.1204223632812
195.29116821289062 580.1204223632812
195.29116821289062 580.1204223632812
195.29116821289062 580.1204223632812
195.29116821289062 580.1204223632812
195.29116821289062 580.1204223632812
195.29116821289062 580.1204223632812
195.29116821289062 580.1204223632812
195.29116821289062 580.1204223632812
195.29116821289062 580.1204223632812
195.29116821289062 580.1204223632812
195.29116821289062 580.1204223632812
195.29116821289062 580.1204223632812
195.29116821289062 580.1204223632812
195.29116821289062 580.1204223632812
195.29116821289062 580.1204223632812
195.29116821289062 580.1204223632812
195.29116821289062 580.1204223632812
195.29116821289062 580.1204223632812
195.29116821289062 580.1204223632812
195.29116821289062 580.1204223632812
195.29116821289062 580.1204223632812
195.29116821289062 580.1204223632812
195.29116821289062 580.1204223632812
195.29116821289062 580.1204223632812
195.29116821289062 580.1204223632812
195.29116821289062 580.1204223632812
195.29116821289062 580.1204223632812
195.29116821289062 580.1204223632812
195.29116821289062 580.1204223632812
195.29116821289062 580.1204223632812
195.29116821289062 580.1204223632812
195.29116821289062 580.1204223632812
195.29116821289062 580.1204223632812
195.29116821289062 580.1204223632812
195.29116821289062 580.1204223632812
195.29116821289062 580.1204223632812
195.29116821289062 580.1204223632812
195.29116821289062 580.1204223632812
195.29116821289062 580.1204223632812
195.29116821289062 580.1204223632812
195.29116821289062 580.1204223632812
195.29116821289062 580.1204223632812
195.29116821289062 580.1204223632812
195.29116821289062 580.1204223632812
195.29116821289062 580.1204223632812
195.29116821289062 580.1204223632812
195.29116821289062 580.1204223632812
195.29116821289062 580.1204223632812
195.29116821289062 580.1204223632812
195.29116821289062 580.1204223632812
195.29116821289062 580.1204223632812
195.29116821289062 580.1204223632812
195.29116821289062 580.1204223632812
195.29116821289062 580.1204223632812
195.29116821289062 580.1204223632812
195.29116821289062 580.1204223632812
195.29116821289062 580.1204223632812
195.29116821289062 580.1204223632812
195.29116821289062 580.1204223632812
195.29116821289062 580.1204223632812
195.29116821289062 580.1204223632812
195.29116821289062 580.1204223632812
195.29116821289062 580.1204223632812
195.29116821289062 580.1204223632812
195.29116821289062 580.1204223632812
195.29116821289062 580.1204223632812
195.29116821289062 580.1204223632812
195.29116821289062 580.1204223632812
195.29116821289062 580.1204223632812
195.29116821289062 580.1204223632812
195.29116821289062 580.1204223632812
195.29116821289062 580.1204223632812
195.29116821289062 580.1204223632812
195.29116821289062 580.1204223632812
195.29116821289062 580.1204223632812
195.29116821289062 580.1204223632812
195.29116821289062 580.1204223632812
195.29116821289062 580.1204223632812
195.29116821289062 580.1204223632812
195.29116821289062 580.1204223632812
195.29116821289062 580.1204223632812
195.29116821289062 580.1204223632812
195.29116821289062 580.1204223632812
195.29116821289062 580.1204223632812
195.29116821289062 580.1204223632812
195.29116821289062 580.1204223632812
195.29116821289062 580.1204223632812
195.29116821289062 580.1204223632812
195.29116821289062 580.1204223632812
195.29116821289062 580.1204223632812
195.29116821289062 580.1204223632812
195.29116821289062 580.1204223632812
195.29116821289062 580.1204223632812
195.29116821289062 580.1204223632812
195.29116821289062 580.1204223632812
195.29116821289062 580.1204223632812
195.29116821289062 580.1204223632812
195.29116821289062 580.1204223632812
195.29116821289062 580.1204223632812
195.29116821289062 580.1204223632812
195.29116821289062 580.1204223632812
195.29116821289062 580.1204223632812
195.29116821289062 580.1204223632812
195.29116821289062 580.1204223632812
195.29116821289062 580.1204223632812
195.29116821289062 580.1204223632812
195.29116821289062 580.1204223632812
195.29116821289062 580.1204223632812
195.29116821289062 580.1204223632812
195.29116821289062 580.1204223632812
195.29116821289062 580.1204223632812
195.29116821289062 580.1204223632812
195.29116821289062 580.1204223632812
195.29116821289062 580.1204223632812
195.29116821289062 580.1204223632812
195.29116821289062 580.1204223632812
195.29116821289062 580.1204223632812
195.29116821289062 580.1204223632812
195.29116821289062 580.1204223632812
195.29116821289062 580.1204223632812
195.29116821289062 580.1204223632812
195.29116821289062 580.1204223632812
195.29116821289062 580.1204223632812
195.29116821289062 580.1204223632812
195.29116821289062 580.1204223632812
195.29116821289062 580.1204223632812
195.29116821289062 580.1204223632812
195.29116821289062 580.1204223632812
195.29116821289062 580.1204223632812
195.29116821289062 580.1204223632812
195.29116821289062 580.1204223632812
195.29116821289062 580.1204223632812
195.29116821289062 580.1204223632812
195.29116821289062 580.1204223632812
195.29116821289062 580.1204223632812
195.29116821289062 580.1204223632812
195.29116821289062 580.1204223632812
195.29116821289062 580.1204223632812
195.29116821289062 580.1204223632812
195.29116821289062 580.1204223632812
195.29116821289062 580.1204223632812
195.29116821289062 580.1204223632812
195.29116821289062 580.1204223632812
195.29116821289062 580.1204223632812
195.29116821289062 580.1204223632812
195.29116821289062 580.1204223632812
195.29116821289062 580.1204223632812
195.29116821289062 580.1204223632812
195.29116821289062 580.1204223632812
195.29116821289062 580.1204223632812
195.29116821289062 580.1204223632812
195.29116821289062 580.1204223632812
195.29116821289062 580.1204223632812
195.29116821289062 580.1204223632812
195.29116821289062 580.1204223632812
195.29116821289062 580.1204223632812
195.29116821289062 580.1204223632812
195.29116821289062 580.1204223632812
195.29116821289062 580.1204223632812
195.29116821289062 580.1204223632812
195.29116821289062 580.1204223632812
195.29116821289062 580.1204223632812
195.29116821289062 580.1204223632812
195.29116821289062 580.1204223632812
195.29116821289062 580.1204223632812
195.29116821289062 580.1204223632812
195.29116821289062 580.1204223632812
195.29116821289062 580.1204223632812
195.29116821289062 580.1204223632812
195.29116821289062 580.1204223632812
195.29116821289062 580.1204223632812
195.29116821289062 580.1204223632812
195.29116821289062 580.1204223632812
195.29116821289062 580.1204223632812
195.29116821289062 580.1204223632812
195.29116821289062 580.1204223632812
195.29116821289062 580.1204223632812
195.29116821289062 580.1204223632812
195.29116821289062 580.1204223632812
195.29116821289062 580.1204223632812
195.29116821289062 580.1204223632812
195.29116821289062 580.1204223632812
195.29116821289062 580.1204223632812
195.29116821289062 580.1204223632812
195.29116821289062 580.1204223632812
195.29116821289062 580.1204223632812
195.29116821289062 580.1204223632812
195.29116821289062 580.1204223632812
195.29116821289062 580.1204223632812
195.29116821289062 580.1204223632812
195.29116821289062 580.1204223632812
195.29116821289062 580.1204223632812
195.29116821289062 580.1204223632812
195.29116821289062 580.1204223632812
195.29116821289062 580.1204223632812
195.29116821289062 580.1204223632812
195.29116821289062 580.1204223632812
195.29116821289062 580.1204223632812
195.29116821289062 580.1204223632812
195.29116821289062 580.1204223632812
195.29116821289062 580.1204223632812
195.29116821289062 580.1204223632812
195.29116821289062 580.1204223632812
195.29116821289062 580.1204223632812
195.29116821289062 580.1204223632812
195.29116821289062 580.1204223632812
195.29116821289062 580.1204223632812
195.29116821289062 580.1204223632812
195.29116821289062 580.1204223632812
195.29116821289062 580.1204223632812
195.29116821289062 580.1204223632812
195.29116821289062 580.1204223632812
195.29116821289062 580.1204223632812
195.29116821289062 580.1204223632812
195.29116821289062 580.1204223632812
195.29116821289062 580.1204223632812
195.29116821289062 580.1204223632812
195.29116821289062 580.1204223632812
195.29116821289062 580.1204223632812
195.29116821289062 580.1204223632812
195.29116821289062 580.1204223632812
195.29116821289062 580.1204223632812
195.29116821289062 580.1204223632812
195.29116821289062 580.1204223632812
195.29116821289062 580.1204223632812
195.29116821289062 580.1204223632812
195.29116821289062 580.1204223632812
195.29116821289062 580.1204223632812
195.29116821289062 580.1204223632812
195.29116821289062 580.1204223632812
195.29116821289062 580.1204223632812
195.29116821289062 580.1204223632812
195.29116821289062 580.1204223632812
195.29116821289062 580.1204223632812
195.29116821289062 580.1204223632812
195.29116821289062 580.1204223632812
195.29116821289062 580.1204223632812
195.29116821289062 580.1204223632812
195.29116821289062 580.1204223632812
195.29116821289062 580.1204223632812
195.29116821289062 580.1204223632812
195.29116821289062 580.1204223632812
195.29116821289062 580.1204223632812
195.29116821289062 580.1204223632812
195.29116821289062 580.1204223632812
195.29116821289062 580.1204223632812
195.29116821289062 580.1204223632812
195.29116821289062 580.1204223632812
195.29116821289062 580.1204223632812
195.29116821289062 580.1204223632812
195.29116821289062 580.1204223632812
195.29116821289062 580.1204223632812
195.29116821289062 580.1204223632812
195.29116821289062 580.1204223632812
195.29116821289062 580.1204223632812
195.29116821289062 580.1204223632812
195.29116821289062 580.1204223632812
195.29116821289062 580.1204223632812
195.29116821289062 580.1204223632812
195.29116821289062 580.1204223632812
195.29116821289062 580.1204223632812
195.29116821289062 580.1204223632812
195.29116821289062 580.1204223632812
195.29116821289062 580.1204223632812
195.29116821289062 580.1204223632812
195.29116821289062 580.1204223632812
195.29116821289062 580.1204223632812
195.29116821289062 580.1204223632812
195.29116821289062 580.1204223632812
195.29116821289062 580.1204223632812
195.29116821289062 580.1204223632812
195.29116821289062 580.1204223632812
195.29116821289062 580.1204223632812
196.196533203125 580.4994506835938
196.196533203125 580.4994506835938
196.196533203125 580.4994506835938
196.196533203125 580.4994506835938
196.196533203125 580.4994506835938
196.196533203125 580.4994506835938
196.196533203125 580.4994506835938
196.196533203125 580.4994506835938
196.196533203125 580.4994506835938
196.196533203125 580.4994506835938
196.196533203125 580.4994506835938
196.196533203125 580.4994506835938
196.196533203125 580.4994506835938
196.196533203125 580.4994506835938
196.196533203125 580.4994506835938
196.196533203125 580.4994506835938
196.196533203125 580.4994506835938
196.196533203125 580.4994506835938
196.196533203125 580.4994506835938
196.196533203125 580.4994506835938
196.196533203125 580.4994506835938
196.196533203125 580.4994506835938
196.196533203125 580.4994506835938
196.196533203125 580.4994506835938
196.196533203125 580.4994506835938
196.196533203125 580.4994506835938
196.196533203125 580.4994506835938
196.196533203125 580.4994506835938
196.196533203125 580.4994506835938
196.196533203125 580.4994506835938
196.196533203125 580.4994506835938
196.196533203125 580.4994506835938
196.196533203125 580.4994506835938
196.196533203125 580.4994506835938
196.196533203125 580.4994506835938
196.196533203125 580.4994506835938
196.196533203125 580.4994506835938
196.196533203125 580.4994506835938
196.196533203125 580.4994506835938
196.196533203125 580.4994506835938
196.196533203125 580.4994506835938
196.196533203125 580.4994506835938
196.196533203125 580.4994506835938
196.196533203125 580.4994506835938
196.196533203125 580.4994506835938
196.196533203125 580.4994506835938
196.196533203125 580.4994506835938
196.196533203125 580.4994506835938
196.196533203125 580.4994506835938
196.196533203125 580.4994506835938
196.196533203125 580.4994506835938
196.196533203125 580.4994506835938
196.196533203125 580.4994506835938
196.196533203125 580.4994506835938
196.196533203125 580.4994506835938
196.196533203125 580.4994506835938
196.196533203125 580.4994506835938
196.196533203125 580.4994506835938
196.196533203125 580.4994506835938
196.196533203125 580.4994506835938
196.196533203125 580.4994506835938
196.196533203125 580.4994506835938
196.196533203125 580.4994506835938
196.196533203125 580.4994506835938
196.196533203125 580.4994506835938
196.196533203125 580.4994506835938
196.196533203125 580.4994506835938
196.196533203125 580.4994506835938
196.196533203125 580.4994506835938
196.196533203125 580.4994506835938
196.196533203125 580.4994506835938
196.196533203125 580.4994506835938
196.196533203125 580.4994506835938
196.196533203125 580.4994506835938
196.196533203125 580.4994506835938
196.196533203125 580.4994506835938
196.196533203125 580.4994506835938
196.196533203125 580.4994506835938
196.196533203125 580.4994506835938
196.196533203125 580.4994506835938
196.196533203125 580.4994506835938
196.196533203125 580.4994506835938
196.196533203125 580.4994506835938
196.196533203125 580.4994506835938
196.196533203125 580.4994506835938
196.196533203125 580.4994506835938
196.196533203125 580.4994506835938
196.196533203125 580.4994506835938
196.196533203125 580.4994506835938
196.196533203125 580.4994506835938
196.196533203125 580.4994506835938
196.196533203125 580.4994506835938
196.196533203125 580.4994506835938
196.196533203125 580.4994506835938
196.196533203125 580.4994506835938
196.196533203125 580.4994506835938
196.196533203125 580.4994506835938
196.196533203125 580.4994506835938
196.196533203125 580.4994506835938
196.196533203125 580.4994506835938
196.196533203125 580.4994506835938
196.196533203125 580.4994506835938
196.196533203125 580.4994506835938
196.196533203125 580.4994506835938
196.196533203125 580.4994506835938
196.196533203125 580.4994506835938
196.196533203125 580.4994506835938
196.196533203125 580.4994506835938
196.196533203125 580.4994506835938
196.196533203125 580.4994506835938
196.196533203125 580.4994506835938
196.196533203125 580.4994506835938
196.196533203125 580.4994506835938
196.196533203125 580.4994506835938
196.196533203125 580.4994506835938
196.196533203125 580.4994506835938
196.196533203125 580.4994506835938
196.196533203125 580.4994506835938
196.196533203125 580.4994506835938
196.196533203125 580.4994506835938
196.196533203125 580.4994506835938
196.196533203125 580.4994506835938
196.196533203125 580.4994506835938
196.196533203125 580.4994506835938
196.196533203125 580.4994506835938
196.196533203125 580.4994506835938
196.196533203125 580.4994506835938
196.196533203125 580.4994506835938
196.196533203125 580.4994506835938
196.196533203125 580.4994506835938
196.196533203125 580.4994506835938
196.196533203125 580.4994506835938
196.196533203125 580.4994506835938
196.196533203125 580.4994506835938
196.196533203125 580.4994506835938
196.196533203125 580.4994506835938
196.196533203125 580.4994506835938
196.196533203125 580.4994506835938
196.196533203125 580.4994506835938
196.196533203125 580.4994506835938
196.196533203125 580.4994506835938
196.196533203125 580.4994506835938
196.196533203125 580.4994506835938
196.196533203125 580.4994506835938
196.196533203125 580.4994506835938
196.196533203125 580.4994506835938
196.196533203125 580.4994506835938
196.196533203125 580.4994506835938
196.196533203125 580.4994506835938
196.196533203125 580.4994506835938
196.196533203125 580.4994506835938
196.196533203125 580.4994506835938
196.196533203125 580.4994506835938
196.196533203125 580.4994506835938
196.196533203125 580.4994506835938
196.196533203125 580.4994506835938
196.196533203125 580.4994506835938
196.196533203125 580.4994506835938
196.196533203125 580.4994506835938
196.196533203125 580.4994506835938
196.196533203125 580.4994506835938
196.196533203125 580.4994506835938
196.196533203125 580.4994506835938
196.196533203125 580.4994506835938
196.196533203125 580.4994506835938
196.196533203125 580.4994506835938
196.196533203125 580.4994506835938
196.196533203125 580.4994506835938
196.196533203125 580.4994506835938
196.196533203125 580.4994506835938
196.196533203125 580.4994506835938
196.196533203125 580.4994506835938
196.196533203125 580.4994506835938
196.196533203125 580.4994506835938
196.196533203125 580.4994506835938
196.196533203125 580.4994506835938
196.196533203125 580.4994506835938
196.196533203125 580.4994506835938
196.196533203125 580.4994506835938
196.196533203125 580.4994506835938
196.196533203125 580.4994506835938
196.196533203125 580.4994506835938
196.196533203125 580.4994506835938
196.196533203125 580.4994506835938
196.196533203125 580.4994506835938
196.196533203125 580.4994506835938
196.196533203125 580.4994506835938
196.196533203125 580.4994506835938
196.196533203125 580.4994506835938
196.196533203125 580.4994506835938
196.196533203125 580.4994506835938
196.196533203125 580.4994506835938
196.196533203125 580.4994506835938
196.196533203125 580.4994506835938
196.196533203125 580.4994506835938
196.196533203125 580.4994506835938
196.196533203125 580.4994506835938
196.196533203125 580.4994506835938
196.196533203125 580.4994506835938
196.196533203125 580.4994506835938
196.196533203125 580.4994506835938
196.196533203125 580.4994506835938
196.196533203125 580.4994506835938
196.196533203125 580.4994506835938
196.196533203125 580.4994506835938
196.196533203125 580.4994506835938
196.196533203125 580.4994506835938
196.196533203125 580.4994506835938
196.196533203125 580.4994506835938
196.196533203125 580.4994506835938
196.196533203125 580.4994506835938
196.196533203125 580.4994506835938
196.196533203125 580.4994506835938
196.196533203125 580.4994506835938
196.196533203125 580.4994506835938
196.196533203125 580.4994506835938
196.196533203125 580.4994506835938
196.196533203125 580.4994506835938
196.196533203125 580.4994506835938
196.196533203125 580.4994506835938
196.196533203125 580.4994506835938
196.196533203125 580.4994506835938
196.196533203125 580.4994506835938
196.196533203125 580.4994506835938
196.196533203125 580.4994506835938
196.196533203125 580.4994506835938
196.196533203125 580.4994506835938
196.196533203125 580.4994506835938
196.196533203125 580.4994506835938
196.196533203125 580.4994506835938
196.196533203125 580.4994506835938
196.196533203125 580.4994506835938
196.196533203125 580.4994506835938
196.196533203125 580.4994506835938
196.196533203125 580.4994506835938
196.196533203125 580.4994506835938
196.196533203125 580.4994506835938
196.196533203125 580.4994506835938
196.196533203125 580.4994506835938
196.196533203125 580.4994506835938
196.196533203125 580.4994506835938
196.196533203125 580.4994506835938
196.196533203125 580.4994506835938
196.196533203125 580.4994506835938
196.196533203125 580.4994506835938
196.196533203125 580.4994506835938
196.196533203125 580.4994506835938
196.196533203125 580.4994506835938
196.196533203125 580.4994506835938
196.196533203125 580.4994506835938
196.196533203125 580.4994506835938
196.196533203125 580.4994506835938
196.196533203125 580.4994506835938
196.196533203125 580.4994506835938
196.196533203125 580.4994506835938
196.196533203125 580.4994506835938
196.196533203125 580.4994506835938
196.196533203125 580.4994506835938
196.196533203125 580.4994506835938
196.196533203125 580.4994506835938
196.196533203125 580.4994506835938
196.196533203125 580.4994506835938
196.196533203125 580.4994506835938
196.196533203125 580.4994506835938
196.196533203125 580.4994506835938
196.196533203125 580.4994506835938
196.196533203125 580.4994506835938
196.196533203125 580.4994506835938
196.196533203125 580.4994506835938
196.196533203125 580.4994506835938
196.196533203125 580.4994506835938
196.196533203125 580.4994506835938
196.196533203125 580.4994506835938
196.196533203125 580.4994506835938
196.196533203125 580.4994506835938
196.196533203125 580.4994506835938
196.196533203125 580.4994506835938
196.196533203125 580.4994506835938
196.196533203125 580.4994506835938
196.196533203125 580.4994506835938
196.196533203125 580.4994506835938
196.196533203125 580.4994506835938
196.196533203125 580.4994506835938
196.196533203125 580.4994506835938
196.196533203125 580.4994506835938
196.196533203125 580.4994506835938
196.196533203125 580.4994506835938
196.196533203125 580.4994506835938
196.196533203125 580.4994506835938
196.196533203125 580.4994506835938
196.196533203125 580.4994506835938
196.196533203125 580.4994506835938
196.196533203125 580.4994506835938
196.196533203125 580.4994506835938
196.196533203125 580.4994506835938
196.196533203125 580.4994506835938
196.196533203125 580.4994506835938
196.196533203125 580.4994506835938
196.196533203125 580.4994506835938
196.196533203125 580.4994506835938
196.196533203125 580.4994506835938
196.196533203125 580.4994506835938
196.196533203125 580.4994506835938
196.196533203125 580.4994506835938
196.196533203125 580.4994506835938
196.196533203125 580.4994506835938
196.196533203125 580.4994506835938
196.196533203125 580.4994506835938
196.196533203125 580.4994506835938
196.196533203125 580.4994506835938
196.196533203125 580.4994506835938
196.196533203125 580.4994506835938
196.196533203125 580.4994506835938
196.196533203125 580.4994506835938
196.196533203125 580.4994506835938
196.196533203125 580.4994506835938
196.196533203125 580.4994506835938
196.196533203125 580.4994506835938
196.196533203125 580.4994506835938
196.196533203125 580.4994506835938
196.196533203125 580.4994506835938
196.196533203125 580.4994506835938
196.196533203125 580.4994506835938
196.196533203125 580.4994506835938
196.196533203125 580.4994506835938
196.196533203125 580.4994506835938
196.196533203125 580.4994506835938
196.196533203125 580.4994506835938
196.196533203125 580.4994506835938
196.196533203125 580.4994506835938
196.196533203125 580.4994506835938
196.196533203125 580.4994506835938
196.196533203125 580.4994506835938
196.196533203125 580.4994506835938
196.196533203125 580.4994506835938
196.196533203125 580.4994506835938
196.196533203125 580.4994506835938
196.196533203125 580.4994506835938
196.196533203125 580.4994506835938
196.196533203125 580.4994506835938
196.196533203125 580.4994506835938
196.196533203125 580.4994506835938
196.196533203125 580.4994506835938
196.196533203125 580.4994506835938
196.196533203125 580.4994506835938
196.196533203125 580.4994506835938
196.196533203125 580.4994506835938
196.196533203125 580.4994506835938
196.196533203125 580.4994506835938
196.196533203125 580.4994506835938
196.196533203125 580.4994506835938
196.196533203125 580.4994506835938
196.196533203125 580.4994506835938
196.196533203125 580.4994506835938
196.196533203125 580.4994506835938
196.196533203125 580.4994506835938
196.196533203125 580.4994506835938
196.196533203125 580.4994506835938
196.196533203125 580.4994506835938
196.196533203125 580.4994506835938
196.196533203125 580.4994506835938
196.196533203125 580.4994506835938
196.196533203125 580.4994506835938
196.196533203125 580.4994506835938
196.196533203125 580.4994506835938
196.196533203125 580.4994506835938
196.196533203125 580.4994506835938
196.196533203125 580.4994506835938
196.196533203125 580.4994506835938
196.196533203125 580.4994506835938
196.196533203125 580.4994506835938
196.196533203125 580.4994506835938
196.196533203125 580.4994506835938
196.196533203125 580.4994506835938
196.196533203125 580.4994506835938
196.196533203125 580.4994506835938
196.196533203125 580.4994506835938
196.196533203125 580.4994506835938
196.196533203125 580.4994506835938
196.196533203125 580.4994506835938
196.196533203125 580.4994506835938
196.196533203125 580.4994506835938
196.196533203125 580.4994506835938
196.196533203125 580.4994506835938
196.196533203125 580.4994506835938
196.196533203125 580.4994506835938
196.196533203125 580.4994506835938
196.196533203125 580.4994506835938
196.196533203125 580.4994506835938
196.196533203125 580.4994506835938
196.196533203125 580.4994506835938
196.196533203125 580.4994506835938
196.196533203125 580.4994506835938
196.196533203125 580.4994506835938
196.196533203125 580.4994506835938
196.196533203125 580.4994506835938
196.196533203125 580.4994506835938
196.196533203125 580.4994506835938
196.196533203125 580.4994506835938
196.196533203125 580.4994506835938
196.196533203125 580.4994506835938
196.196533203125 580.4994506835938
196.196533203125 580.4994506835938
196.196533203125 580.4994506835938
196.196533203125 580.4994506835938
196.196533203125 580.4994506835938
196.196533203125 580.4994506835938
196.196533203125 580.4994506835938
196.196533203125 580.4994506835938
196.196533203125 580.4994506835938
196.196533203125 580.4994506835938
196.196533203125 580.4994506835938
196.196533203125 580.4994506835938
196.196533203125 580.4994506835938
196.196533203125 580.4994506835938
196.196533203125 580.4994506835938
196.196533203125 580.4994506835938
196.196533203125 580.4994506835938
196.196533203125 580.4994506835938
196.196533203125 580.4994506835938
196.196533203125 580.4994506835938
196.196533203125 580.4994506835938
196.196533203125 580.4994506835938
196.196533203125 580.4994506835938
196.196533203125 580.4994506835938
196.196533203125 580.4994506835938
196.196533203125 580.4994506835938
196.196533203125 580.4994506835938
196.196533203125 580.4994506835938
196.196533203125 580.4994506835938
196.196533203125 580.4994506835938
196.196533203125 580.4994506835938
196.196533203125 580.4994506835938
196.196533203125 580.4994506835938
196.196533203125 580.4994506835938
196.196533203125 580.4994506835938
196.196533203125 580.4994506835938
196.196533203125 580.4994506835938
196.196533203125 580.4994506835938
196.196533203125 580.4994506835938
196.196533203125 580.4994506835938
196.196533203125 580.4994506835938
196.196533203125 580.4994506835938
196.196533203125 580.4994506835938
196.196533203125 580.4994506835938
196.196533203125 580.4994506835938
196.196533203125 580.4994506835938
196.196533203125 580.4994506835938
196.196533203125 580.4994506835938
196.196533203125 580.4994506835938
196.196533203125 580.4994506835938
196.196533203125 580.4994506835938
196.196533203125 580.4994506835938
196.196533203125 580.4994506835938
196.196533203125 580.4994506835938
196.196533203125 580.4994506835938
196.196533203125 580.4994506835938
196.196533203125 580.4994506835938
196.196533203125 580.4994506835938
196.196533203125 580.4994506835938
196.196533203125 580.4994506835938
196.196533203125 580.4994506835938
196.196533203125 580.4994506835938
196.196533203125 580.4994506835938
196.196533203125 580.4994506835938
196.196533203125 580.4994506835938
196.196533203125 580.4994506835938
196.196533203125 580.4994506835938
196.196533203125 580.4994506835938
196.196533203125 580.4994506835938
196.196533203125 580.4994506835938
196.196533203125 580.4994506835938
196.196533203125 580.4994506835938
196.196533203125 580.4994506835938
196.196533203125 580.4994506835938
196.196533203125 580.4994506835938
196.196533203125 580.4994506835938
196.196533203125 580.4994506835938
196.196533203125 580.4994506835938
196.196533203125 580.4994506835938
196.196533203125 580.4994506835938
196.196533203125 580.4994506835938
196.196533203125 580.4994506835938
196.196533203125 580.4994506835938
196.196533203125 580.4994506835938
196.196533203125 580.4994506835938
196.196533203125 580.4994506835938
196.196533203125 580.4994506835938
196.196533203125 580.4994506835938
196.196533203125 580.4994506835938
196.196533203125 580.4994506835938
196.196533203125 580.4994506835938
196.196533203125 580.4994506835938
196.196533203125 580.4994506835938
196.196533203125 580.4994506835938
196.196533203125 580.4994506835938
196.196533203125 580.4994506835938
196.196533203125 580.4994506835938
196.196533203125 580.4994506835938
196.196533203125 580.4994506835938
196.196533203125 580.4994506835938
196.196533203125 580.4994506835938
196.196533203125 580.4994506835938
196.196533203125 580.4994506835938
196.196533203125 580.4994506835938
196.196533203125 580.4994506835938
196.196533203125 580.4994506835938
196.196533203125 580.4994506835938
196.196533203125 580.4994506835938
196.196533203125 580.4994506835938
196.196533203125 580.4994506835938
196.196533203125 580.4994506835938
196.196533203125 580.4994506835938
196.196533203125 580.4994506835938
196.196533203125 580.4994506835938
196.196533203125 580.4994506835938
196.196533203125 580.4994506835938
196.196533203125 580.4994506835938
196.196533203125 580.4994506835938
196.196533203125 580.4994506835938
196.196533203125 580.4994506835938
196.196533203125 580.4994506835938
196.196533203125 580.4994506835938
196.196533203125 580.4994506835938
196.196533203125 580.4994506835938
196.196533203125 580.4994506835938
196.196533203125 580.4994506835938
196.196533203125 580.4994506835938
196.196533203125 580.4994506835938
196.196533203125 580.4994506835938
196.196533203125 580.4994506835938
196.196533203125 580.4994506835938
196.196533203125 580.4994506835938
196.196533203125 580.4994506835938
196.196533203125 580.4994506835938
196.196533203125 580.4994506835938
196.196533203125 580.4994506835938
196.196533203125 580.4994506835938
196.196533203125 580.4994506835938
196.196533203125 580.4994506835938
196.196533203125 580.4994506835938
196.196533203125 580.4994506835938
196.196533203125 580.4994506835938
196.196533203125 580.4994506835938
196.196533203125 580.4994506835938
196.196533203125 580.4994506835938
196.196533203125 580.4994506835938
196.196533203125 580.4994506835938
196.196533203125 580.4994506835938
196.196533203125 580.4994506835938
196.196533203125 580.4994506835938
196.196533203125 580.4994506835938
196.196533203125 580.4994506835938
196.196533203125 580.4994506835938
196.196533203125 580.4994506835938
196.196533203125 580.4994506835938
196.196533203125 580.4994506835938
196.196533203125 580.4994506835938
196.196533203125 580.4994506835938
196.196533203125 580.4994506835938
196.196533203125 580.4994506835938
196.196533203125 580.4994506835938
196.196533203125 580.4994506835938
196.196533203125 580.4994506835938
196.196533203125 580.4994506835938
196.196533203125 580.4994506835938
196.196533203125 580.4994506835938
196.196533203125 580.4994506835938
196.196533203125 580.4994506835938
196.196533203125 580.4994506835938
196.196533203125 580.4994506835938
196.196533203125 580.4994506835938
196.196533203125 580.4994506835938
196.196533203125 580.4994506835938
196.196533203125 580.4994506835938
196.196533203125 580.4994506835938
196.196533203125 580.4994506835938
196.196533203125 580.4994506835938
196.196533203125 580.4994506835938
196.196533203125 580.4994506835938
196.196533203125 580.4994506835938
196.196533203125 580.4994506835938
196.196533203125 580.4994506835938
196.196533203125 580.4994506835938
196.196533203125 580.4994506835938
196.196533203125 580.4994506835938
196.196533203125 580.4994506835938
196.196533203125 580.4994506835938
196.196533203125 580.4994506835938
196.196533203125 580.4994506835938
196.196533203125 580.4994506835938
196.196533203125 580.4994506835938
196.196533203125 580.4994506835938
196.196533203125 580.4994506835938
196.196533203125 580.4994506835938
196.196533203125 580.4994506835938
196.196533203125 580.4994506835938
196.196533203125 580.4994506835938
196.196533203125 580.4994506835938
196.196533203125 580.4994506835938
196.196533203125 580.4994506835938
196.196533203125 580.4994506835938
196.196533203125 580.4994506835938
196.196533203125 580.4994506835938
196.196533203125 580.4994506835938
196.196533203125 580.4994506835938
196.196533203125 580.4994506835938
196.196533203125 580.4994506835938
196.196533203125 580.4994506835938
196.196533203125 580.4994506835938
196.196533203125 580.4994506835938
196.196533203125 580.4994506835938
196.196533203125 580.4994506835938
196.196533203125 580.4994506835938
196.196533203125 580.4994506835938
196.196533203125 580.4994506835938
196.196533203125 580.4994506835938
196.196533203125 580.4994506835938
196.196533203125 580.4994506835938
196.196533203125 580.4994506835938
196.196533203125 580.4994506835938
196.196533203125 580.4994506835938
196.196533203125 580.4994506835938
196.196533203125 580.4994506835938
196.196533203125 580.4994506835938
196.196533203125 580.4994506835938
196.196533203125 580.4994506835938
196.196533203125 580.4994506835938
196.196533203125 580.4994506835938
196.196533203125 580.4994506835938
196.196533203125 580.4994506835938
196.196533203125 580.4994506835938
196.196533203125 580.4994506835938
196.196533203125 580.4994506835938
196.196533203125 580.4994506835938
196.196533203125 580.4994506835938
196.196533203125 580.4994506835938
196.196533203125 580.4994506835938
196.196533203125 580.4994506835938
196.196533203125 580.4994506835938
196.196533203125 580.4994506835938
196.196533203125 580.4994506835938
196.196533203125 580.4994506835938
196.196533203125 580.4994506835938
196.196533203125 580.4994506835938
196.196533203125 580.4994506835938
196.196533203125 580.4994506835938
196.196533203125 580.4994506835938
196.196533203125 580.4994506835938
196.196533203125 580.4994506835938
196.196533203125 580.4994506835938
196.196533203125 580.4994506835938
196.196533203125 580.4994506835938
196.196533203125 580.4994506835938
196.196533203125 580.4994506835938
196.196533203125 580.4994506835938
196.196533203125 580.4994506835938
196.196533203125 580.4994506835938
196.196533203125 580.4994506835938
196.196533203125 580.4994506835938
196.196533203125 580.4994506835938
196.196533203125 580.4994506835938
196.196533203125 580.4994506835938
196.196533203125 580.4994506835938
196.196533203125 580.4994506835938
196.196533203125 580.4994506835938
196.196533203125 580.4994506835938
196.196533203125 580.4994506835938
196.196533203125 580.4994506835938
196.196533203125 580.4994506835938
196.196533203125 580.4994506835938
196.196533203125 580.4994506835938
196.196533203125 580.4994506835938
196.196533203125 580.4994506835938
196.196533203125 580.4994506835938
196.196533203125 580.4994506835938
196.196533203125 580.4994506835938
196.196533203125 580.4994506835938
196.196533203125 580.4994506835938
196.196533203125 580.4994506835938
196.196533203125 580.4994506835938
196.196533203125 580.4994506835938
196.196533203125 580.4994506835938
196.196533203125 580.4994506835938
196.196533203125 580.4994506835938
196.196533203125 580.4994506835938
196.196533203125 580.4994506835938
196.196533203125 580.4994506835938
196.196533203125 580.4994506835938
196.196533203125 580.4994506835938
196.196533203125 580.4994506835938
196.196533203125 580.4994506835938
196.196533203125 580.4994506835938
196.196533203125 580.4994506835938
196.196533203125 580.4994506835938
196.196533203125 580.4994506835938
196.196533203125 580.4994506835938
196.196533203125 580.4994506835938
196.196533203125 580.4994506835938
196.196533203125 580.4994506835938
196.196533203125 580.4994506835938
196.196533203125 580.4994506835938
196.196533203125 580.4994506835938
196.196533203125 580.4994506835938
196.196533203125 580.4994506835938
196.196533203125 580.4994506835938
196.196533203125 580.4994506835938
196.196533203125 580.4994506835938
196.196533203125 580.4994506835938
196.196533203125 580.4994506835938
196.196533203125 580.4994506835938
196.196533203125 580.4994506835938
196.196533203125 580.4994506835938
196.196533203125 580.4994506835938
196.196533203125 580.4994506835938
196.196533203125 580.4994506835938
196.196533203125 580.4994506835938
196.196533203125 580.4994506835938
196.196533203125 580.4994506835938
196.196533203125 580.4994506835938
196.196533203125 580.4994506835938
196.196533203125 580.4994506835938
196.196533203125 580.4994506835938
196.196533203125 580.4994506835938
196.196533203125 580.4994506835938
196.196533203125 580.4994506835938
196.196533203125 580.4994506835938
196.196533203125 580.4994506835938
196.196533203125 580.4994506835938
196.196533203125 580.4994506835938
196.196533203125 580.4994506835938
196.196533203125 580.4994506835938
196.196533203125 580.4994506835938
196.196533203125 580.4994506835938
196.196533203125 580.4994506835938
196.196533203125 580.4994506835938
196.196533203125 580.4994506835938
196.196533203125 580.4994506835938
196.196533203125 580.4994506835938
196.196533203125 580.4994506835938
196.196533203125 580.4994506835938
196.196533203125 580.4994506835938
196.196533203125 580.4994506835938
196.196533203125 580.4994506835938
196.196533203125 580.4994506835938
196.196533203125 580.4994506835938
196.196533203125 580.4994506835938
196.196533203125 580.4994506835938
196.196533203125 580.4994506835938
196.196533203125 580.4994506835938
196.196533203125 580.4994506835938
196.196533203125 580.4994506835938
196.196533203125 580.4994506835938
196.196533203125 580.4994506835938
196.196533203125 580.4994506835938
196.196533203125 580.4994506835938
196.196533203125 580.4994506835938
196.196533203125 580.4994506835938
196.196533203125 580.4994506835938
196.196533203125 580.4994506835938
196.196533203125 580.4994506835938
196.196533203125 580.4994506835938
196.196533203125 580.4994506835938
196.196533203125 580.4994506835938
196.196533203125 580.4994506835938
196.196533203125 580.4994506835938
196.196533203125 580.4994506835938
196.196533203125 580.4994506835938
196.196533203125 580.4994506835938
196.196533203125 580.4994506835938
196.196533203125 580.4994506835938
196.196533203125 580.4994506835938
196.196533203125 580.4994506835938
196.196533203125 580.4994506835938
196.196533203125 580.4994506835938
196.196533203125 580.4994506835938
196.196533203125 580.4994506835938
196.196533203125 580.4994506835938
196.196533203125 580.4994506835938
196.196533203125 580.4994506835938
196.196533203125 580.4994506835938
196.196533203125 580.4994506835938
196.196533203125 580.4994506835938
196.196533203125 580.4994506835938
196.196533203125 580.4994506835938
196.196533203125 580.4994506835938
196.196533203125 580.4994506835938
196.196533203125 580.4994506835938
196.196533203125 580.4994506835938
196.196533203125 580.4994506835938
196.196533203125 580.4994506835938
196.196533203125 580.4994506835938
196.196533203125 580.4994506835938
196.196533203125 580.4994506835938
196.196533203125 580.4994506835938
196.196533203125 580.4994506835938
196.196533203125 580.4994506835938
196.196533203125 580.4994506835938
196.196533203125 580.4994506835938
196.196533203125 580.4994506835938
196.196533203125 580.4994506835938
196.196533203125 580.4994506835938
196.196533203125 580.4994506835938
196.196533203125 580.4994506835938
196.196533203125 580.4994506835938
196.196533203125 580.4994506835938
196.196533203125 580.4994506835938
196.196533203125 580.4994506835938
196.196533203125 580.4994506835938
196.196533203125 580.4994506835938
196.196533203125 580.4994506835938
196.196533203125 580.4994506835938
196.196533203125 580.4994506835938
196.196533203125 580.4994506835938
196.196533203125 580.4994506835938
196.196533203125 580.4994506835938
196.196533203125 580.4994506835938
196.196533203125 580.4994506835938
196.196533203125 580.4994506835938
196.196533203125 580.4994506835938
196.196533203125 580.4994506835938
196.196533203125 580.4994506835938
196.196533203125 580.4994506835938
196.196533203125 580.4994506835938
196.196533203125 580.4994506835938
196.196533203125 580.4994506835938
196.196533203125 580.4994506835938
196.196533203125 580.4994506835938
196.196533203125 580.4994506835938
196.196533203125 580.4994506835938
196.196533203125 580.4994506835938
196.196533203125 580.4994506835938
196.196533203125 580.4994506835938
196.196533203125 580.4994506835938
196.196533203125 580.4994506835938
196.196533203125 580.4994506835938
196.196533203125 580.4994506835938
196.196533203125 580.4994506835938
196.196533203125 580.4994506835938
196.196533203125 580.4994506835938
196.196533203125 580.4994506835938
196.196533203125 580.4994506835938
196.196533203125 580.4994506835938
196.196533203125 580.4994506835938
196.196533203125 580.4994506835938
196.196533203125 580.4994506835938
196.196533203125 580.4994506835938
196.196533203125 580.4994506835938
196.196533203125 580.4994506835938
196.196533203125 580.4994506835938
196.196533203125 580.4994506835938
196.196533203125 580.4994506835938
196.196533203125 580.4994506835938
196.196533203125 580.4994506835938
196.196533203125 580.4994506835938
196.196533203125 580.4994506835938
196.196533203125 580.4994506835938
196.196533203125 580.4994506835938
196.196533203125 580.4994506835938
196.196533203125 580.4994506835938
196.196533203125 580.4994506835938
196.196533203125 580.4994506835938
196.196533203125 580.4994506835938
196.196533203125 580.4994506835938
196.196533203125 580.4994506835938
196.196533203125 580.4994506835938
196.196533203125 580.4994506835938
196.196533203125 580.4994506835938
196.196533203125 580.4994506835938
196.196533203125 580.4994506835938
196.196533203125 580.4994506835938
196.196533203125 580.4994506835938
196.196533203125 580.4994506835938
196.196533203125 580.4994506835938
196.196533203125 580.4994506835938
196.196533203125 580.4994506835938
196.196533203125 580.4994506835938
196.196533203125 580.4994506835938
196.196533203125 580.4994506835938
196.196533203125 580.4994506835938
196.196533203125 580.4994506835938
196.196533203125 580.4994506835938
196.196533203125 580.4994506835938
196.196533203125 580.4994506835938
196.196533203125 580.4994506835938
196.196533203125 580.4994506835938
196.196533203125 580.4994506835938
196.196533203125 580.4994506835938
196.196533203125 580.4994506835938
196.196533203125 580.4994506835938
196.196533203125 580.4994506835938
196.196533203125 580.4994506835938
196.196533203125 580.4994506835938
196.196533203125 580.4994506835938
196.196533203125 580.4994506835938
196.196533203125 580.4994506835938
196.196533203125 580.4994506835938
196.196533203125 580.4994506835938
196.196533203125 580.4994506835938
196.196533203125 580.4994506835938
196.196533203125 580.4994506835938
196.196533203125 580.4994506835938
196.196533203125 580.4994506835938
196.196533203125 580.4994506835938
196.196533203125 580.4994506835938
196.196533203125 580.4994506835938
196.196533203125 580.4994506835938
196.196533203125 580.4994506835938
196.196533203125 580.4994506835938
196.196533203125 580.4994506835938
196.196533203125 580.4994506835938
196.196533203125 580.4994506835938
196.196533203125 580.4994506835938
196.196533203125 580.4994506835938
196.196533203125 580.4994506835938
196.196533203125 580.4994506835938
196.196533203125 580.4994506835938
196.196533203125 580.4994506835938
196.196533203125 580.4994506835938
196.196533203125 580.4994506835938
196.196533203125 580.4994506835938
196.196533203125 580.4994506835938
196.196533203125 580.4994506835938
196.196533203125 580.4994506835938
196.196533203125 580.4994506835938
196.196533203125 580.4994506835938
196.196533203125 580.4994506835938
196.196533203125 580.4994506835938
196.196533203125 580.4994506835938
196.196533203125 580.4994506835938
196.196533203125 580.4994506835938
196.196533203125 580.4994506835938
196.196533203125 580.4994506835938
196.196533203125 580.4994506835938
196.196533203125 580.4994506835938
196.196533203125 580.4994506835938
196.196533203125 580.4994506835938
196.196533203125 580.4994506835938
196.196533203125 580.4994506835938
196.196533203125 580.4994506835938
196.196533203125 580.4994506835938
196.196533203125 580.4994506835938
196.196533203125 580.4994506835938
196.196533203125 580.4994506835938
196.196533203125 580.4994506835938
196.196533203125 580.4994506835938
196.196533203125 580.4994506835938
196.196533203125 580.4994506835938
196.196533203125 580.4994506835938
196.196533203125 580.4994506835938
196.196533203125 580.4994506835938
196.196533203125 580.4994506835938
196.196533203125 580.4994506835938
196.196533203125 580.4994506835938
196.196533203125 580.4994506835938
196.196533203125 580.4994506835938
196.196533203125 580.4994506835938
196.196533203125 580.4994506835938
196.196533203125 580.4994506835938
196.196533203125 580.4994506835938
196.196533203125 580.4994506835938
196.196533203125 580.4994506835938
196.196533203125 580.4994506835938
196.196533203125 580.4994506835938
196.196533203125 580.4994506835938
196.196533203125 580.4994506835938
196.196533203125 580.4994506835938
196.196533203125 580.4994506835938
196.196533203125 580.4994506835938
196.196533203125 580.4994506835938
196.196533203125 580.4994506835938
196.196533203125 580.4994506835938
196.196533203125 580.4994506835938
196.196533203125 580.4994506835938
196.196533203125 580.4994506835938
196.196533203125 580.4994506835938
196.196533203125 580.4994506835938
196.196533203125 580.4994506835938
196.196533203125 580.4994506835938
196.196533203125 580.4994506835938
196.196533203125 580.4994506835938
196.196533203125 580.4994506835938
196.196533203125 580.4994506835938
196.196533203125 580.4994506835938
196.196533203125 580.4994506835938
196.196533203125 580.4994506835938
196.196533203125 580.4994506835938
196.196533203125 580.4994506835938
196.196533203125 580.4994506835938
196.196533203125 580.4994506835938
196.196533203125 580.4994506835938
196.196533203125 580.4994506835938
196.196533203125 580.4994506835938
196.196533203125 580.4994506835938
196.196533203125 580.4994506835938
196.196533203125 580.4994506835938
196.196533203125 580.4994506835938
196.196533203125 580.4994506835938
196.196533203125 580.4994506835938
196.196533203125 580.4994506835938
196.196533203125 580.4994506835938
196.196533203125 580.4994506835938
196.196533203125 580.4994506835938
196.196533203125 580.4994506835938
196.196533203125 580.4994506835938
196.196533203125 580.4994506835938
196.196533203125 580.4994506835938
196.196533203125 580.4994506835938
196.196533203125 580.4994506835938
196.196533203125 580.4994506835938
196.196533203125 580.4994506835938
196.196533203125 580.4994506835938
196.196533203125 580.4994506835938
196.196533203125 580.4994506835938
196.196533203125 580.4994506835938
196.196533203125 580.4994506835938
196.196533203125 580.4994506835938
196.196533203125 580.4994506835938
196.196533203125 580.4994506835938
196.196533203125 580.4994506835938
196.196533203125 580.4994506835938
196.196533203125 580.4994506835938
196.196533203125 580.4994506835938
196.196533203125 580.4994506835938
196.196533203125 580.4994506835938
196.196533203125 580.4994506835938
196.196533203125 580.4994506835938
196.196533203125 580.4994506835938
196.196533203125 580.4994506835938
196.196533203125 580.4994506835938
196.196533203125 580.4994506835938
196.196533203125 580.4994506835938
196.196533203125 580.4994506835938
196.196533203125 580.4994506835938
196.196533203125 580.4994506835938
196.196533203125 580.4994506835938
196.196533203125 580.4994506835938
196.196533203125 580.4994506835938
196.196533203125 580.4994506835938
196.196533203125 580.4994506835938
196.196533203125 580.4994506835938
196.196533203125 580.4994506835938
196.196533203125 580.4994506835938
196.196533203125 580.4994506835938
196.196533203125 580.4994506835938
196.196533203125 580.4994506835938
196.196533203125 580.4994506835938
196.196533203125 580.4994506835938
196.196533203125 580.4994506835938
196.196533203125 580.4994506835938
196.196533203125 580.4994506835938
196.196533203125 580.4994506835938
196.196533203125 580.4994506835938
196.196533203125 580.4994506835938
196.196533203125 580.4994506835938
196.196533203125 580.4994506835938
196.196533203125 580.4994506835938
196.196533203125 580.4994506835938
196.196533203125 580.4994506835938
196.196533203125 580.4994506835938
196.196533203125 580.4994506835938
196.196533203125 580.4994506835938
196.196533203125 580.4994506835938
196.196533203125 580.4994506835938
196.196533203125 580.4994506835938
196.196533203125 580.4994506835938
196.196533203125 580.4994506835938
196.196533203125 580.4994506835938
196.196533203125 580.4994506835938
196.196533203125 580.4994506835938
196.196533203125 580.4994506835938
196.196533203125 580.4994506835938
196.196533203125 580.4994506835938
196.196533203125 580.4994506835938
196.196533203125 580.4994506835938
196.196533203125 580.4994506835938
196.196533203125 580.4994506835938
196.196533203125 580.4994506835938
196.196533203125 580.4994506835938
196.196533203125 580.4994506835938
196.196533203125 580.4994506835938
196.196533203125 580.4994506835938
196.196533203125 580.4994506835938
196.196533203125 580.4994506835938
196.196533203125 580.4994506835938
196.196533203125 580.4994506835938
196.196533203125 580.4994506835938
196.196533203125 580.4994506835938
196.196533203125 580.4994506835938
196.196533203125 580.4994506835938
196.196533203125 580.4994506835938
196.196533203125 580.4994506835938
196.196533203125 580.4994506835938
196.196533203125 580.4994506835938
196.196533203125 580.4994506835938
196.196533203125 580.4994506835938
196.196533203125 580.4994506835938
196.196533203125 580.4994506835938
196.196533203125 580.4994506835938
196.196533203125 580.4994506835938
196.196533203125 580.4994506835938
196.196533203125 580.4994506835938
196.196533203125 580.4994506835938
196.196533203125 580.4994506835938
196.196533203125 580.4994506835938
196.196533203125 580.4994506835938
196.196533203125 580.4994506835938
196.196533203125 580.4994506835938
196.196533203125 580.4994506835938
196.196533203125 580.4994506835938
196.196533203125 580.4994506835938
196.196533203125 580.4994506835938
196.196533203125 580.4994506835938
196.196533203125 580.4994506835938
196.196533203125 580.4994506835938
196.196533203125 580.4994506835938
196.196533203125 580.4994506835938
196.196533203125 580.4994506835938
196.196533203125 580.4994506835938
196.196533203125 580.4994506835938
196.196533203125 580.4994506835938
196.196533203125 580.4994506835938
196.196533203125 580.4994506835938
196.196533203125 580.4994506835938
196.196533203125 580.4994506835938
196.196533203125 580.4994506835938
196.196533203125 580.4994506835938
196.196533203125 580.4994506835938
196.196533203125 580.4994506835938
196.196533203125 580.4994506835938
196.196533203125 580.4994506835938
196.196533203125 580.4994506835938
196.196533203125 580.4994506835938
196.196533203125 580.4994506835938
196.196533203125 580.4994506835938
196.196533203125 580.4994506835938
196.196533203125 580.4994506835938
196.196533203125 580.4994506835938
196.196533203125 580.4994506835938
196.196533203125 580.4994506835938
196.196533203125 580.4994506835938
196.196533203125 580.4994506835938
196.196533203125 580.4994506835938
196.196533203125 580.4994506835938
196.196533203125 580.4994506835938
196.196533203125 580.4994506835938
196.196533203125 580.4994506835938
196.196533203125 580.4994506835938
196.196533203125 580.4994506835938
196.196533203125 580.4994506835938
196.196533203125 580.4994506835938
196.196533203125 580.4994506835938
196.196533203125 580.4994506835938
196.196533203125 580.4994506835938
196.196533203125 580.4994506835938
196.196533203125 580.4994506835938
196.196533203125 580.4994506835938
196.196533203125 580.4994506835938
196.196533203125 580.4994506835938
196.196533203125 580.4994506835938
196.196533203125 580.4994506835938
196.196533203125 580.4994506835938
196.196533203125 580.4994506835938
196.196533203125 580.4994506835938
196.196533203125 580.4994506835938
196.196533203125 580.4994506835938
196.196533203125 580.4994506835938
196.196533203125 580.4994506835938
196.196533203125 580.4994506835938
196.196533203125 580.4994506835938
196.196533203125 580.4994506835938
196.196533203125 580.4994506835938
196.196533203125 580.4994506835938
196.196533203125 580.4994506835938
196.196533203125 580.4994506835938
196.196533203125 580.4994506835938
196.196533203125 580.4994506835938
196.196533203125 580.4994506835938
196.196533203125 580.4994506835938
196.196533203125 580.4994506835938
196.196533203125 580.4994506835938
196.196533203125 580.4994506835938
196.196533203125 580.4994506835938
196.196533203125 580.4994506835938
196.196533203125 580.4994506835938
196.196533203125 580.4994506835938
196.196533203125 580.4994506835938
196.196533203125 580.4994506835938
196.196533203125 580.4994506835938
196.196533203125 580.4994506835938
196.196533203125 580.4994506835938
196.196533203125 580.4994506835938
196.196533203125 580.4994506835938
196.196533203125 580.4994506835938
196.196533203125 580.4994506835938
196.196533203125 580.4994506835938
196.196533203125 580.4994506835938
196.196533203125 580.4994506835938
196.196533203125 580.4994506835938
196.196533203125 580.4994506835938
196.196533203125 580.4994506835938
196.196533203125 580.4994506835938
196.196533203125 580.4994506835938
196.196533203125 580.4994506835938
196.196533203125 580.4994506835938
196.196533203125 580.4994506835938
196.196533203125 580.4994506835938
196.196533203125 580.4994506835938
196.196533203125 580.4994506835938
196.196533203125 580.4994506835938
196.196533203125 580.4994506835938
196.196533203125 580.4994506835938
196.196533203125 580.4994506835938
196.196533203125 580.4994506835938
196.196533203125 580.4994506835938
196.196533203125 580.4994506835938
196.196533203125 580.4994506835938
196.196533203125 580.4994506835938
196.196533203125 580.4994506835938
196.196533203125 580.4994506835938
196.196533203125 580.4994506835938
196.196533203125 580.4994506835938
196.196533203125 580.4994506835938
196.196533203125 580.4994506835938
196.196533203125 580.4994506835938
196.196533203125 580.4994506835938
196.196533203125 580.4994506835938
196.196533203125 580.4994506835938
196.196533203125 580.4994506835938
196.196533203125 580.4994506835938
196.196533203125 580.4994506835938
196.196533203125 580.4994506835938
196.196533203125 580.4994506835938
196.196533203125 580.4994506835938
196.196533203125 580.4994506835938
196.196533203125 580.4994506835938
196.196533203125 580.4994506835938
196.196533203125 580.4994506835938
196.196533203125 580.4994506835938
196.196533203125 580.4994506835938
196.196533203125 580.4994506835938
196.196533203125 580.4994506835938
196.196533203125 580.4994506835938
196.196533203125 580.4994506835938
196.196533203125 580.4994506835938
196.196533203125 580.4994506835938
196.196533203125 580.4994506835938
196.196533203125 580.4994506835938
196.196533203125 580.4994506835938
196.196533203125 580.4994506835938
196.196533203125 580.4994506835938
196.196533203125 580.4994506835938
196.196533203125 580.4994506835938
196.196533203125 580.4994506835938
196.196533203125 580.4994506835938
196.196533203125 580.4994506835938
196.196533203125 580.4994506835938
196.196533203125 580.4994506835938
196.196533203125 580.4994506835938
196.196533203125 580.4994506835938
196.196533203125 580.4994506835938
196.196533203125 580.4994506835938
196.196533203125 580.4994506835938
196.196533203125 580.4994506835938
196.196533203125 580.4994506835938
196.196533203125 580.4994506835938
196.196533203125 580.4994506835938
196.196533203125 580.4994506835938
196.196533203125 580.4994506835938
196.196533203125 580.4994506835938
196.196533203125 580.4994506835938
196.196533203125 580.4994506835938
196.196533203125 580.4994506835938
196.196533203125 580.4994506835938
196.196533203125 580.4994506835938
196.196533203125 580.4994506835938
196.196533203125 580.4994506835938
196.196533203125 580.4994506835938
196.196533203125 580.4994506835938
196.196533203125 580.4994506835938
196.196533203125 580.4994506835938
196.196533203125 580.4994506835938
196.196533203125 580.4994506835938
196.196533203125 580.4994506835938
196.196533203125 580.4994506835938
196.196533203125 580.4994506835938
196.196533203125 580.4994506835938
196.196533203125 580.4994506835938
196.196533203125 580.4994506835938
196.196533203125 580.4994506835938
196.196533203125 580.4994506835938
196.196533203125 580.4994506835938
196.196533203125 580.4994506835938
196.196533203125 580.4994506835938
196.196533203125 580.4994506835938
196.196533203125 580.4994506835938
196.196533203125 580.4994506835938
196.196533203125 580.4994506835938
196.196533203125 580.4994506835938
196.196533203125 580.4994506835938
196.196533203125 580.4994506835938
196.196533203125 580.4994506835938
196.196533203125 580.4994506835938
196.196533203125 580.4994506835938
196.196533203125 580.4994506835938
196.196533203125 580.4994506835938
196.196533203125 580.4994506835938
196.196533203125 580.4994506835938
196.196533203125 580.4994506835938
196.196533203125 580.4994506835938
196.196533203125 580.4994506835938
196.196533203125 580.4994506835938
196.196533203125 580.4994506835938
196.196533203125 580.4994506835938
196.196533203125 580.4994506835938
196.196533203125 580.4994506835938
196.196533203125 580.4994506835938
196.196533203125 580.4994506835938
196.196533203125 580.4994506835938
196.196533203125 580.4994506835938
196.196533203125 580.4994506835938
196.196533203125 580.4994506835938
196.196533203125 580.4994506835938
196.196533203125 580.4994506835938
196.196533203125 580.4994506835938
196.196533203125 580.4994506835938
196.196533203125 580.4994506835938
196.196533203125 580.4994506835938
196.196533203125 580.4994506835938
196.196533203125 580.4994506835938
196.196533203125 580.4994506835938
196.196533203125 580.4994506835938
196.196533203125 580.4994506835938
196.196533203125 580.4994506835938
196.196533203125 580.4994506835938
196.196533203125 580.4994506835938
196.196533203125 580.4994506835938
196.196533203125 580.4994506835938
196.196533203125 580.4994506835938
196.196533203125 580.4994506835938
196.196533203125 580.4994506835938
196.196533203125 580.4994506835938
196.196533203125 580.4994506835938
196.196533203125 580.4994506835938
196.196533203125 580.4994506835938
196.196533203125 580.4994506835938
196.196533203125 580.4994506835938
196.196533203125 580.4994506835938
196.196533203125 580.4994506835938
196.196533203125 580.4994506835938
196.196533203125 580.4994506835938
196.196533203125 580.4994506835938
196.196533203125 580.4994506835938
196.196533203125 580.4994506835938
196.196533203125 580.4994506835938
196.196533203125 580.4994506835938
196.196533203125 580.4994506835938
196.196533203125 580.4994506835938
196.196533203125 580.4994506835938
196.196533203125 580.4994506835938
196.196533203125 580.4994506835938
196.196533203125 580.4994506835938
196.196533203125 580.4994506835938
196.196533203125 580.4994506835938
196.196533203125 580.4994506835938
196.196533203125 580.4994506835938
196.196533203125 580.4994506835938
196.196533203125 580.4994506835938
196.196533203125 580.4994506835938
196.196533203125 580.4994506835938
196.196533203125 580.4994506835938
196.196533203125 580.4994506835938
196.196533203125 580.4994506835938
196.196533203125 580.4994506835938
196.196533203125 580.4994506835938
196.196533203125 580.4994506835938
196.196533203125 580.4994506835938
196.196533203125 580.4994506835938
196.196533203125 580.4994506835938
196.196533203125 580.4994506835938
196.196533203125 580.4994506835938
196.196533203125 580.4994506835938
196.196533203125 580.4994506835938
196.196533203125 580.4994506835938
196.196533203125 580.4994506835938
196.196533203125 580.4994506835938
196.196533203125 580.4994506835938
196.196533203125 580.4994506835938
196.196533203125 580.4994506835938
196.196533203125 580.4994506835938
196.196533203125 580.4994506835938
196.196533203125 580.4994506835938
196.196533203125 580.4994506835938
196.196533203125 580.4994506835938
196.196533203125 580.4994506835938
196.196533203125 580.4994506835938
196.196533203125 580.4994506835938
196.196533203125 580.4994506835938
196.196533203125 580.4994506835938
196.196533203125 580.4994506835938
196.196533203125 580.4994506835938
196.196533203125 580.4994506835938
196.196533203125 580.4994506835938
196.196533203125 580.4994506835938
