60.33710479736328 450.33587646484375
60.96413040161133 450.9609680175781
61.588478088378906 451.5887145996094
62.21013259887695 452.2191467285156
62.82908630371094 452.85223388671875
63.44532775878906 453.4879455566406
64.05884552001953 454.12628173828125
64.66963195800781 454.7672424316406
65.27767181396484 455.41082763671875
65.88294982910156 456.0570068359375
66.48545837402344 456.70574951171875
67.08518981933594 457.3570556640625
67.68212890625 458.01092529296875
68.2762680053711 458.6673583984375
68.86759185791016 459.3263244628906
69.45609283447266 459.98779296875
70.04176330566406 460.65179443359375
70.62458801269531 461.31829833984375
71.20455932617188 461.9872741699219
71.78166198730469 462.6587219238281
72.35588836669922 463.3326416015625
72.92723083496094 464.0090026855469
73.49567413330078 464.68780517578125
74.06121063232422 465.3690185546875
74.62382507324219 466.0526428222656
75.18350982666016 466.7386779785156
75.7402572631836 467.4270935058594
76.29405975341797 468.1178894042969
76.84490203857422 468.81103515625
77.39277648925781 469.50653076171875
77.93766784667969 470.2043762207031
78.47956848144531 470.904541015625
79.01847076416016 471.6070251464844
79.55436706542969 472.3117980957031
80.08724212646484 473.01885986328125
80.6170883178711 473.7281799316406
81.1438980102539 474.43975830078125
81.66766357421875 475.1535949707031
82.18836975097656 475.8696594238281
82.70600891113281 476.58795166015625
83.22057342529297 477.3084411621094
83.73204803466797 478.0311279296875
84.24043273925781 478.7560119628906
84.74571228027344 479.4830627441406
85.24787902832031 480.2122497558594
85.74691772460938 480.9435729980469
86.24282836914062 481.6770324707031
86.735595703125 482.41259765625
87.22521209716797 483.1502685546875
87.711669921875 483.8900451660156
88.19496154785156 484.6318664550781
88.67507934570312 485.3757629394531
89.15200805664062 486.1217041015625
89.62574768066406 486.86968994140625
90.09628295898438 487.61968994140625
90.56360626220703 488.3716735839844
91.0277099609375 489.12567138671875
91.48858642578125 489.88165283203125
91.94622039794922 490.63958740234375
92.4006118774414 491.39947509765625
92.85175323486328 492.1612854003906
93.29962921142578 492.9250183105469
93.74423217773438 493.690673828125
94.18556213378906 494.4582214355469
94.62325286865234 495.2270812988281
95.05661010742188 495.9961853027344
95.48550415039062 496.7655029296875
95.90978240966797 497.5350341796875
96.32930755615234 498.3047790527344
96.7439193725586 499.07470703125
97.1534652709961 499.84478759765625
97.55779266357422 500.6150207519531
97.95504760742188 501.3823547363281
98.3482437133789 502.1529235839844
98.73585510253906 502.9237976074219
99.11860656738281 503.69659423828125
99.49796295166016 504.47412109375
99.87257385253906 505.2534484863281
100.24240112304688 506.0345764160156
100.60741424560547 506.8174743652344
100.96757507324219 507.6021423339844
101.32416534423828 508.3912353515625
101.67411041259766 509.1781005859375
102.01898193359375 509.96661376953125
102.35997009277344 510.7593688964844
102.69597625732422 511.5537109375
103.02696228027344 512.349609375
103.35289001464844 513.1470336914062
103.67567443847656 513.9503784179688
103.99364471435547 514.7551879882812
104.30677032470703 515.5614624023438
104.61502075195312 516.3692016601562
104.91634368896484 517.1735229492188
105.2134017944336 517.9817504882812
105.50529479980469 518.7913208007812
105.7919921875 519.6022338867188
106.0743179321289 520.416748046875
106.35150146484375 521.232421875
106.62337493896484 522.0487670898438
106.8875732421875 522.858642578125
107.14014434814453 523.6438598632812
107.32091522216797 524.1844482421875
107.58473205566406 524.9434814453125
107.75721740722656 525.4175415039062
108.04199981689453 526.1685791015625
108.07283020019531 526.2420043945312
108.413818359375 526.9855346679688
108.735595703125 527.6990966796875
108.95718383789062 528.1783447265625
109.08668518066406 528.4343872070312
109.4515151977539 529.12109375
109.73145294189453 529.6441040039062
110.10133361816406 530.3323364257812
110.12415313720703 530.3718872070312
110.53427124023438 531.0377197265625
110.93246459960938 531.7015991210938
111.29927825927734 532.3247680664062
111.52316284179688 532.6962890625
111.64608001708984 532.8843383789062
112.06986999511719 533.5078125
112.44426727294922 534.06689453125
112.63702392578125 534.3453369140625
113.06851196289062 534.9556274414062
113.46598815917969 535.5305786132812
113.71537780761719 535.8860473632812
113.81881713867188 536.02294921875
114.27415466308594 536.6054077148438
114.6904067993164 537.1513061523438
114.66098022460938 537.1151733398438
115.13764953613281 537.6682739257812
115.60306549072266 538.2258911132812
116.06100463867188 538.7926025390625
116.02356719970703 538.748779296875
116.50692749023438 539.2838745117188
116.9795150756836 539.8247680664062
117.41647338867188 540.338134765625
117.372802734375 540.2899169921875
117.8688735961914 540.8086547851562
118.35272979736328 541.3321533203125
118.81246185302734 541.8450317382812
118.76193237304688 541.7918090820312
119.26472473144531 542.2940063476562
119.38900756835938 542.4151000976562
119.90010070800781 542.9007568359375
120.4021224975586 543.3949584960938
120.80511474609375 543.79931640625
120.98542785644531 543.9745483398438
121.49130249023438 544.45849609375
121.44916534423828 544.4201049804688
121.97145080566406 544.8720092773438
122.49132537841797 545.3372192382812
122.7108154296875 545.5316162109375
123.23294067382812 545.9891357421875
123.7387466430664 546.4473266601562
123.66671752929688 546.3855590820312
124.20293426513672 546.8211669921875
124.7306900024414 547.2648315429688
125.24766540527344 547.71435546875
125.1794204711914 547.6580810546875
125.71720123291016 548.0779418945312
126.24761199951172 548.5057373046875
126.43765258789062 548.6564331054688
126.95950317382812 549.0623779296875
126.89701843261719 549.0164184570312
127.41577911376953 549.376220703125
127.93013763427734 549.7418823242188
128.4398956298828 550.1134643554688
128.94485473632812 550.490966796875
129.4651641845703 550.890625
129.37034606933594 550.8220825195312
129.851318359375 551.1481323242188
130.36834716796875 551.5076293945312
130.87997436523438 551.8733520507812
130.81658935546875 551.83056640625
131.25099182128906 552.1064453125
131.68185424804688 552.3865356445312
132.10899353027344 552.6708374023438
132.58853149414062 552.9982299804688
133.06312561035156 553.3309326171875
132.97776794433594 553.2745361328125
133.30577087402344 553.4783325195312
133.63185119628906 553.6863403320312
134.1221160888672 554.0062255859375
134.50413513183594 554.2570190429688
134.67816162109375 554.3668823242188
135.1446990966797 554.6549682617188
135.0538787841797 554.6022338867188
135.3733673095703 554.7763061523438
135.65000915527344 554.931396484375
135.9254913330078 555.09033203125
136.29791259765625 555.3115844726562
136.667724609375 555.5379638671875
136.8682098388672 555.6590576171875
137.2827911376953 555.9059448242188
137.18963623046875 555.8535766601562
137.46102905273438 555.9972534179688
137.69570922851562 556.1251220703125
137.92953491210938 556.256103515625
138.24288940429688 556.4368896484375
138.55386352539062 556.6220703125
138.38902282714844 556.5303955078125
138.58872985839844 556.6334838867188
138.78857421875 556.7392578125
138.98838806152344 556.8477172851562
139.30516052246094 557.0247802734375
139.61927795410156 557.2062377929688
139.48818969726562 557.1345825195312
139.69342041015625 557.2400512695312
139.8983917236328 557.3482055664062
140.10296630859375 557.4590454101562
140.37025451660156 557.608154296875
140.6355438232422 557.7608642578125
140.44287109375 557.6571655273438
140.6134490966797 557.7423095703125
140.75938415527344 557.8167724609375
140.90696716308594 557.8936767578125
141.11549377441406 558.0049438476562
141.3843231201172 558.15283203125
141.65103149414062 558.304443359375
141.45352172851562 558.1995239257812
141.63314819335938 558.2880249023438
141.813232421875 558.3789672851562
141.99363708496094 558.4722900390625
142.26332092285156 558.615966796875
142.52871704101562 558.7621459960938
142.3096466064453 558.64892578125
142.4955291748047 558.7384033203125
142.6815643310547 558.830322265625
142.8676300048828 558.9246215820312
143.1036376953125 559.0477294921875
143.33816528320312 559.1739501953125
143.57106018066406 559.3032836914062
143.34066772460938 559.1835327148438
143.49217224121094 559.256591796875
143.6449432373047 559.3319091796875
143.7735137939453 559.3965454101562
144.0103759765625 559.518798828125
144.24542236328125 559.6441040039062
144.06649780273438 559.552490234375
144.27891540527344 559.6566772460938
144.49034118652344 559.7634887695312
144.72500610351562 559.8857421875
144.95579528808594 560.0098876953125
144.72149658203125 559.89208984375
144.88807678222656 559.9697875976562
145.10214233398438 560.0723876953125
145.31521606445312 560.177734375
145.5548095703125 560.2996215820312
145.7683868408203 560.4107666015625
145.94363403320312 560.503173828125
146.0714111328125 560.5706176757812
146.15321350097656 560.6132202148438
146.20045471191406 560.63720703125
146.41282653808594 560.744873046875
146.33177185058594 560.70458984375
146.52516174316406 560.798583984375
146.7643280029297 560.9183959960938
146.97499084472656 561.02734375
146.70596313476562 560.8971557617188
146.84765625 560.9607543945312
147.04385375976562 561.0510864257812
147.23941040039062 561.1437377929688
147.41873168945312 561.2310180664062
147.6243133544922 561.3338623046875
147.82290649414062 561.43603515625
147.55262756347656 561.3060913085938
147.7046661376953 561.3739624023438
147.85772705078125 561.44384765625
148.01171875 561.5157470703125
148.20819091796875 561.60986328125
148.36231994628906 561.6852416992188
148.48883056640625 561.7476806640625
148.58486938476562 561.7951049804688
148.63539123535156 561.8197021484375
148.83154296875 561.9154663085938
148.77049255371094 561.8861083984375
148.93161010742188 561.9622802734375
149.12794494628906 562.0575561523438
149.32290649414062 562.1549072265625
149.51617431640625 562.2542114257812
149.21966552734375 562.1114501953125
149.4016571044922 562.1931762695312
149.56748962402344 562.2695922851562
149.76255798339844 562.3618774414062
149.9546356201172 562.4553833007812
150.14247131347656 562.5493774414062
149.8434295654297 562.4093627929688
149.97315979003906 562.4657592773438
150.1044464111328 562.5239868164062
150.29185485839844 562.609130859375
150.47119140625 562.6927490234375
150.14012145996094 562.5485229492188
150.27565002441406 562.6033935546875
150.4127197265625 562.6600952148438
150.55125427246094 562.7186889648438
150.7373809814453 562.7993774414062
150.91046142578125 562.87646484375
151.08340454101562 562.9555053710938
150.75003051757812 562.8132934570312
150.8941650390625 562.870361328125
151.0396270751953 562.9293212890625
151.18629455566406 562.9901123046875
151.37391662597656 563.0699462890625
151.56082153320312 563.1517944335938
151.74684143066406 563.235595703125
151.51344299316406 563.1348266601562
151.7005157470703 563.2120361328125
151.88816833496094 563.2918090820312
152.07460021972656 563.3733520507812
152.25938415527344 563.45654296875
151.93463134765625 563.319091796875
152.12339782714844 563.3939819335938
152.31167602539062 563.470947265625
152.4855499267578 563.5440673828125
152.66738891601562 563.6226196289062
152.8445281982422 563.7012329101562
152.50440979003906 563.5603637695312
152.69451904296875 563.6337280273438
152.88401794433594 563.7091674804688
153.07276916503906 563.78662109375
153.24899291992188 563.8610229492188
153.41221618652344 563.9317626953125
153.57559204101562 564.0043334960938
153.2334442138672 563.8627319335938
153.42340087890625 563.9359130859375
153.61207580566406 564.0108642578125
153.7989959716797 564.08740234375
153.97686767578125 564.162353515625
154.15419006347656 564.2391357421875
154.3204345703125 564.31298828125
153.9775848388672 564.1710205078125
154.1617889404297 564.241943359375
154.34129333496094 564.3130493164062
154.52027893066406 564.385986328125
154.6982421875 564.4605712890625
154.87481689453125 564.53662109375
154.54269409179688 564.4025268554688
154.71176147460938 564.466064453125
154.8602752685547 564.5228881835938
154.98361206054688 564.570556640625
155.07949829101562 564.607666015625
155.149169921875 564.6343994140625
155.1968536376953 564.6524047851562
155.22804260253906 564.6638793945312
155.247802734375 564.6709594726562
154.91844177246094 564.5653686523438
155.13555908203125 564.6298217773438
155.32838439941406 564.6893310546875
155.51966857910156 564.7505493164062
155.17291259765625 564.6484985351562
155.37908935546875 564.7039184570312
155.5684051513672 564.756591796875
155.7342529296875 564.803955078125
155.94046020507812 564.8646240234375
156.1383514404297 564.9251098632812
156.32408142089844 564.9837646484375
155.96873474121094 564.8814697265625
156.0431671142578 564.9003295898438
156.2458038330078 564.9522094726562
156.21121215820312 564.9434814453125
156.4139404296875 564.9939575195312
156.29998779296875 564.966552734375
156.53302001953125 565.0208740234375
156.7633056640625 565.0775756835938
156.50440979003906 565.0181274414062
156.7366180419922 565.067626953125
156.96507263183594 565.1192016601562
157.18771362304688 565.1722412109375
157.40139770507812 565.2256469726562
157.0509796142578 565.1466674804688
157.2724151611328 565.1912841796875
157.48341369628906 565.2361450195312
157.67868041992188 565.279541015625
157.8516082763672 565.3192749023438
157.99563598632812 565.35302734375
158.1068115234375 565.379150390625
158.18600463867188 565.3975219726562
158.2385711669922 565.4093627929688
158.2235565185547 565.4061889648438
158.21592712402344 565.4047241210938
158.45164489746094 565.448974609375
158.67822265625 565.494384765625
158.90396118164062 565.54248046875
158.6489715576172 565.4922485351562
158.88308715820312 565.5346069335938
158.60403442382812 565.4895629882812
158.9072265625 565.5327758789062
159.14019775390625 565.5690307617188
159.3693389892578 565.6074829101562
159.5923614501953 565.6475830078125
159.25253295898438 565.5949096679688
159.48036193847656 565.6246337890625
159.7007293701172 565.6558837890625
159.9093475341797 565.6876831054688
160.10032653808594 565.7184448242188
160.2666778564453 565.746337890625
160.40216064453125 565.76953125
160.5040740966797 565.7869262695312
160.53781127929688 565.7924194335938
160.55567932128906 565.7950439453125
160.56497192382812 565.7962646484375
160.56976318359375 565.7968139648438
160.37667846679688 565.7823486328125
160.68899536132812 565.7993774414062
160.99961853027344 565.8207397460938
161.30697631835938 565.84619140625
161.03451538085938 565.83056640625
161.3479461669922 565.8404541015625
161.64944458007812 565.8539428710938
161.93919372558594 565.87060546875
162.207275390625 565.8889770507812
162.43882751464844 565.9066162109375
162.61782836914062 565.9207763671875
162.73770141601562 565.9298706054688
162.8079376220703 565.9345703125
162.84567260742188 565.9365844726562
162.8422088623047 565.9364624023438
163.153564453125 565.9422607421875
163.00498962402344 565.942138671875
163.23756408691406 565.9378662109375
163.47097778320312 565.936279296875
163.78172302246094 565.9381103515625
164.2130584716797 565.9465942382812
164.01583862304688 565.948486328125
164.4580535888672 565.9312133789062
164.9001007080078 565.9196166992188
165.21067810058594 565.9155883789062
165.52171325683594 565.915771484375
165.63417053222656 565.9154052734375
165.94558715820312 565.9132690429688
165.83331298828125 565.9158325195312
166.27243041992188 565.8984985351562
166.71054077148438 565.88720703125
167.1449432373047 565.8818359375
167.56906127929688 565.882080078125
167.37155151367188 565.8878784179688
167.80813598632812 565.862060546875
168.26556396484375 565.8379516601562
168.52720642089844 565.8214111328125
168.96426391601562 565.7920532226562
168.8699951171875 565.8005981445312
169.44635009765625 565.7339477539062
169.87864685058594 565.6890258789062
170.31248474121094 565.6492919921875
170.86228942871094 565.6051025390625
171.34100341796875 565.5695190429688
171.63397216796875 565.5453491210938
172.21051025390625 565.49609375
172.11000061035156 565.507568359375
172.7574920654297 565.4151611328125
173.40936279296875 565.3311157226562
174.06190490722656 565.255859375
174.45843505859375 565.2097778320312
175.11001586914062 565.133544921875
175.04049682617188 565.1435546875
175.72695922851562 565.02783203125
176.40679931640625 564.9249877929688
176.3103790283203 564.9422607421875
176.9676971435547 564.8046875
177.6544189453125 564.6719360351562
178.34255981445312 564.5513916015625
178.26589965820312 564.5668334960938
178.9185028076172 564.4170532226562
179.57278442382812 564.2763061523438
180.22862243652344 564.144775390625
180.8094940185547 564.0341796875
181.11680603027344 563.9725952148438
181.77099609375 563.8380737304688
181.98390197753906 563.7921142578125
182.59945678710938 563.65234375
182.51280212402344 563.674560546875
183.1594696044922 563.4906005859375
183.80613708496094 563.317138671875
184.444091796875 563.15576171875
184.72891235351562 563.081787109375
185.2611541748047 562.9370727539062
185.57081604003906 562.849853515625
186.08872985839844 562.698974609375
186.4021759033203 562.6049194335938
186.42062377929688 562.5986328125
186.67616271972656 562.5047607421875
187.14064025878906 562.339599609375
187.40228271484375 562.2496337890625
187.82675170898438 562.1090698242188
188.2526397705078 561.9736938476562
188.79339599609375 561.8090209960938
188.6551055908203 561.8558349609375
188.8948974609375 561.7659912109375
189.31361389160156 561.6138916015625
189.73434448242188 561.4661865234375
190.27688598632812 561.2825927734375
190.23504638671875 561.2979125976562
190.43482971191406 561.2186889648438
190.7306365966797 561.1050415039062
191.028076171875 560.994873046875
191.52859497070312 560.8163452148438
192.01223754882812 560.64990234375
192.43983459472656 560.506103515625
192.72726440429688 560.4080810546875
192.85264587402344 560.3623046875
193.1500244140625 560.2507934570312
193.48915100097656 560.1288452148438
193.3270721435547 560.19189453125
193.4850311279297 560.1253051757812
193.6455535888672 560.0592651367188
193.8085479736328 559.9938354492188
194.00050354003906 559.9188842773438
194.27691650390625 559.8148193359375
194.61679077148438 559.6922607421875
194.95651245117188 559.5751953125
194.7989501953125 559.634765625
194.99319458007812 559.5543212890625
195.1890411376953 559.4756469726562
195.3660888671875 559.4065551757812
195.5449981689453 559.3386840820312
195.79412841796875 559.2471313476562
196.02175903320312 559.166015625
196.2149658203125 559.0986328125
196.3621063232422 559.047607421875
196.46063232421875 559.0130615234375
196.51951599121094 558.9918212890625
196.5224609375 558.9906616210938
196.7583465576172 558.8963623046875
197.0336151123047 558.7904663085938
196.8445281982422 558.8681640625
196.9633331298828 558.815673828125
197.08480834960938 558.7630615234375
197.2089385986328 558.7103271484375
197.33570861816406 558.6575927734375
197.57077026367188 558.5625610351562
197.80677795410156 558.4706420898438
198.08349609375 558.3671264648438
197.83851623535156 558.46630859375
197.97401428222656 558.4066772460938
198.14256286621094 558.334228515625
198.31297302246094 558.2628173828125
198.48516845703125 558.1925048828125
198.71670532226562 558.1009521484375
198.94615173339844 558.0135498046875
198.69915771484375 558.1155395507812
198.73043823242188 558.1014404296875
198.76266479492188 558.0870361328125
198.79588317871094 558.0723266601562
198.96917724609375 557.9970703125
199.14413452148438 557.923095703125
199.3206787109375 557.8504028320312
199.4987335205078 557.7791137695312
199.2090606689453 557.9044189453125
199.34747314453125 557.8399047851562
199.48870849609375 557.775390625
199.54244995117188 557.7512817382812
199.6875762939453 557.6871948242188
199.98439025878906 557.5599975585938
200.271728515625 557.4412231445312
200.2504119873047 557.4500732421875
200.5179443359375 557.337646484375
200.37974548339844 557.3974609375
200.53558349609375 557.3279418945312
200.69386291503906 557.2589721679688
200.4667205810547 557.3643798828125
200.54486083984375 557.3257446289062
200.65904235839844 557.2701416015625
200.776123046875 557.214111328125
200.89608764648438 557.1577758789062
201.0570068359375 557.083740234375
201.22021484375 557.0104370117188
201.4530792236328 556.9088745117188
201.17764282226562 557.037353515625
201.27206420898438 556.9899291992188
201.3689727783203 556.9420166015625
201.4683837890625 556.8936767578125
201.57029724121094 556.8449096679688
201.6747283935547 556.7957763671875
201.78167724609375 556.7462768554688
201.98765563964844 556.6532592773438
202.2188720703125 556.55224609375
202.44894409179688 556.4552001953125
202.6519012451172 556.3724365234375
202.328857421875 556.5133666992188
202.4476318359375 556.457763671875
202.5689239501953 556.4020385742188
202.8280029296875 556.2862548828125
203.02133178710938 556.2026977539062
203.215087890625 556.1214599609375
202.901123046875 556.2625732421875
203.08267211914062 556.1752319335938
203.2659454345703 556.08935546875
203.45086669921875 556.0049438476562
203.6999969482422 555.8947143554688
203.88656616210938 555.814697265625
203.8787078857422 555.818115234375
204.1085968017578 555.7186279296875
204.0011749267578 555.7660522460938
204.1889190673828 555.681396484375
203.96957397460938 555.7853393554688
204.139404296875 555.7008666992188
204.31072998046875 555.61767578125
204.48348999023438 555.5358276367188
204.67202758789062 555.4487915039062
204.87921142578125 555.35595703125
204.58070373535156 555.4984741210938
204.7518768310547 555.411376953125
204.92446899414062 555.32568359375
205.09841918945312 555.2413940429688
205.27366638183594 555.1585693359375
205.4634552001953 555.0712890625
205.67022705078125 554.9790649414062
205.3467559814453 555.1329345703125
205.5201416015625 555.0449829101562
205.69480895996094 554.9585571289062
205.87069702148438 554.8737182617188
206.05703735351562 554.7861938476562
206.2420654296875 554.70166015625
206.42442321777344 554.6205444335938
206.6021728515625 554.5435180664062
206.30870056152344 554.68017578125
206.48411560058594 554.5927124023438
206.66043090820312 554.5070190429688
206.8374481201172 554.4231567382812
206.9875946044922 554.353515625
207.12075805664062 554.2926025390625
207.23301696777344 554.2416381835938
207.32225036621094 554.201171875
207.3889923095703 554.1707153320312
207.4362335205078 554.1488647460938
207.46823120117188 554.1337890625
207.63864135742188 554.0535278320312
207.5930633544922 554.0752563476562
207.75975036621094 553.9949951171875
207.92124938964844 553.9189453125
207.5908660888672 554.085205078125
207.75331115722656 553.9982299804688
207.91688537597656 553.91259765625
208.08143615722656 553.828369140625
208.21981811523438 553.7588500976562
208.3430633544922 553.6976318359375
208.44789123535156 553.6458740234375
208.53245544433594 553.6041259765625
208.59703063964844 553.5720825195312
208.64390563964844 553.5485229492188
208.676513671875 553.5318603515625
208.69850158691406 553.5203857421875
208.60267639160156 553.572509765625
208.7498321533203 553.4907836914062
208.71644592285156 553.5090942382812
208.86549377441406 553.42822265625
209.02536010742188 553.3433227539062
209.1866455078125 553.259521484375
209.34927368164062 553.1768798828125
209.05970764160156 553.3316650390625
209.03277587890625 553.346923828125
209.00523376464844 553.3624877929688
208.97706604003906 553.3783569335938
208.94825744628906 553.39453125
208.91880798339844 553.4110107421875
208.88870239257812 553.4277954101562
208.85792541503906 553.4448852539062
208.82647705078125 553.4622802734375
208.7943572998047 553.47998046875
208.7615509033203 553.4979858398438
208.72805786132812 553.516357421875
208.62152099609375 553.5765991210938
208.58572387695312 553.5974731445312
208.5491943359375 553.6187133789062
208.5119171142578 553.6403198242188
208.47389221191406 553.6622924804688
208.38633728027344 553.712890625
208.29847717285156 553.7637939453125
208.21034240722656 553.81494140625
208.12193298339844 553.8663330078125
208.03326416015625 553.91796875
207.94436645507812 553.9697875976562
207.855224609375 554.0218505859375
207.765869140625 554.0741577148438
207.6763153076172 554.1266479492188
207.58656311035156 554.1793823242188
207.4966278076172 554.2322998046875
207.40650939941406 554.2854614257812
207.3162384033203 554.3388061523438
207.22581481933594 554.392333984375
207.13523864746094 554.4461059570312
207.04452514648438 554.5000610351562
206.9536895751953 554.55419921875
206.8627471923828 554.6085205078125
206.7716827392578 554.6630249023438
206.68052673339844 554.7177124023438
206.57891845703125 554.77880859375
206.47740173339844 554.8399658203125
206.37596130371094 554.9011840820312
206.2746124267578 554.9625244140625
206.17335510253906 555.02392578125
206.07217407226562 555.08544921875
205.97108459472656 555.1470336914062
205.87008666992188 555.208740234375
205.76918029785156 555.2705078125
205.66836547851562 555.3323364257812
205.567626953125 555.394287109375
205.46697998046875 555.456298828125
205.36749267578125 555.5177612304688
205.26808166503906 555.579345703125
205.1687469482422 555.6409912109375
205.0695037841797 555.7027587890625
204.9703369140625 555.7645874023438
204.8712615966797 555.8265380859375
204.7722625732422 555.8886108398438
204.66970825195312 555.9530029296875
204.56723022460938 556.0175170898438
204.46482849121094 556.0820922851562
204.3625030517578 556.1467895507812
204.26026916503906 556.2115478515625
204.15811157226562 556.2763671875
204.0560302734375 556.34130859375
203.9540252685547 556.4063110351562
203.8520965576172 556.4713745117188
203.750244140625 556.5365600585938
203.6449432373047 556.6040649414062
203.5397186279297 556.671630859375
203.43455505371094 556.7392578125
203.32945251464844 556.8069458007812
203.2244110107422 556.8746948242188
203.1194305419922 556.9425048828125
203.0145263671875 557.0103759765625
202.90968322753906 557.078369140625
202.80490112304688 557.1464233398438
202.70018005371094 557.2145385742188
202.5955352783203 557.28271484375
202.48854064941406 557.3524780273438
202.38160705566406 557.4223022460938
202.2747344970703 557.4921875
202.16790771484375 557.5621337890625
202.06114196777344 557.6321411132812
201.95443725585938 557.7022094726562
201.8477783203125 557.7723388671875
201.74118041992188 557.8424682617188
201.6346435546875 557.9126586914062
201.52816772460938 557.98291015625
201.42173767089844 558.05322265625
201.31536865234375 558.1235961914062
201.2090606689453 558.1940307617188
201.10281372070312 558.2645263671875
200.9966278076172 558.3350219726562
200.89051818847656 558.4055786132812
200.7845458984375 558.4761352539062
200.67869567871094 558.5466918945312
200.57298278808594 558.6172485351562
200.46739196777344 558.6878051757812
200.3619384765625 558.7584228515625
200.25662231445312 558.8290405273438
200.1514434814453 558.899658203125
200.04640197753906 558.9702758789062
199.94149780273438 559.0408935546875
199.83673095703125 559.1115112304688
199.7321014404297 559.18212890625
199.6276092529297 559.2527465820312
199.52325439453125 559.3233642578125
199.41905212402344 559.39404296875
199.31552124023438 559.46435546875
199.21214294433594 559.53466796875
199.1060791015625 559.6068725585938
199.0001220703125 559.6791381835938
198.894287109375 559.7514038085938
198.78857421875 559.8236694335938
198.6829833984375 559.8959350585938
198.57749938964844 559.9682006835938
198.47213745117188 560.0404663085938
198.3668975830078 560.1127319335938
198.26177978515625 560.1849975585938
198.1567840576172 560.25732421875
198.05191040039062 560.3296508789062
197.94717407226562 560.4019775390625
197.84255981445312 560.4743041992188
197.73806762695312 560.546630859375
197.6337127685547 560.6189575195312
197.52947998046875 560.6912841796875
197.42538452148438 560.7636108398438
197.3214111328125 560.8359375
197.2175750732422 560.9083251953125
197.11386108398438 560.980712890625
197.01028442382812 561.0531005859375
196.90684509277344 561.12548828125
196.8035430908203 561.1978759765625
196.70037841796875 561.270263671875
196.59735107421875 561.3426513671875
196.4944610595703 561.4150390625
196.39170837402344 561.4874877929688
196.2891082763672 561.5599365234375
196.1866455078125 561.6323852539062
196.08432006835938 561.704833984375
195.98214721679688 561.7772827148438
195.880126953125 561.8497314453125
195.7782440185547 561.9221801757812
195.676513671875 561.99462890625
195.57493591308594 562.0670776367188
195.47349548339844 562.1395874023438
195.37220764160156 562.2120971679688
195.2710723876953 562.2846069335938
195.1700897216797 562.3571166992188
195.06927490234375 562.4296264648438
194.96861267089844 562.5021362304688
194.86563110351562 562.576416015625
194.7627716064453 562.6506958007812
194.6600341796875 562.7250366210938
194.5574188232422 562.7993774414062
194.45494079589844 562.8737182617188
194.3525848388672 562.9480590820312
194.2503662109375 563.0223999023438
194.1482696533203 563.0967407226562
194.0463104248047 563.1710815429688
193.94448852539062 563.2454223632812
193.84278869628906 563.31982421875
193.74122619628906 563.3942260742188
193.63980102539062 563.4686279296875
193.53851318359375 563.5430297851562
193.43736267089844 563.617431640625
193.3363494873047 563.6918334960938
193.2354736328125 563.7662353515625
193.13473510742188 563.8406372070312
193.03414916992188 563.9151000976562
192.93370056152344 563.9895629882812
192.83338928222656 564.0640258789062
192.7332305908203 564.1384887695312
192.63320922851562 564.2129516601562
192.53334045410156 564.2874145507812
192.43362426757812 564.3618774414062
192.3340606689453 564.4363403320312
192.23463439941406 564.5108642578125
192.13536071777344 564.5853881835938
192.03623962402344 564.659912109375
191.93727111816406 564.7344360351562
191.8384552001953 564.8089599609375
191.73980712890625 564.8834838867188
191.6413116455078 564.9580078125
191.54296875 565.0325317382812
191.44479370117188 565.1070556640625
191.34677124023438 565.1815795898438
191.24891662597656 565.2561645507812
191.15121459960938 565.3307495117188
191.05368041992188 565.4053344726562
190.95631408691406 565.4799194335938
190.85911560058594 565.5545043945312
190.76206970214844 565.6290893554688
190.66519165039062 565.7036743164062
190.5684814453125 565.7782592773438
190.47195434570312 565.8528442382812
190.37612915039062 565.9270629882812
190.2804718017578 566.0012817382812
190.18499755859375 566.0755004882812
190.08969116210938 566.1497192382812
189.9945526123047 566.2239379882812
189.8995819091797 566.2982177734375
189.80479431152344 566.3724975585938
189.71017456054688 566.44677734375
189.61573791503906 566.5210571289062
189.52146911621094 566.5953369140625
189.42738342285156 566.669677734375
189.33348083496094 566.7440185546875
189.23976135253906 566.818359375
189.14622497558594 566.8927001953125
189.05287170410156 566.967041015625
188.95970153808594 567.0413818359375
188.86671447753906 567.1157836914062
188.77391052246094 567.190185546875
188.68128967285156 567.2645874023438
188.5888671875 567.3389892578125
188.4966278076172 567.4133911132812
188.40457153320312 567.48779296875
188.31271362304688 567.562255859375
188.22105407714844 567.63671875
188.12957763671875 567.711181640625
188.03829956054688 567.78564453125
187.9472198486328 567.860107421875
187.85633850097656 567.9345703125
187.76565551757812 568.009033203125
187.6751708984375 568.0835571289062
187.5848846435547 568.1580810546875
187.4947967529297 568.2326049804688
187.40103149414062 568.310302734375
187.30743408203125 568.3880004882812
187.21400451660156 568.4657592773438
187.12074279785156 568.5435180664062
187.02764892578125 568.6212768554688
186.93472290039062 568.6990356445312
186.84197998046875 568.7767944335938
186.74940490722656 568.8545532226562
186.65699768066406 568.9323120117188
186.5647735595703 569.0100708007812
186.4727325439453 569.0878295898438
186.380859375 569.1655883789062
186.28916931152344 569.2433471679688
186.19766235351562 569.3211059570312
186.10633850097656 569.3988647460938
186.01519775390625 569.4766235351562
185.9242401123047 569.5543823242188
185.83346557617188 569.6321411132812
185.7428741455078 569.7098999023438
185.65248107910156 569.7876586914062
185.56227111816406 569.8654174804688
185.4722442626953 569.9431762695312
185.38241577148438 570.0209350585938
185.29278564453125 570.0986938476562
185.20333862304688 570.1764526367188
185.1140899658203 570.2542114257812
185.02503967285156 570.3319702148438
184.93618774414062 570.4097290039062
184.8475341796875 570.4874877929688
184.7590789794922 570.5652465820312
184.6708221435547 570.6430053710938
184.582763671875 570.7207641601562
184.49490356445312 570.7985229492188
184.40725708007812 570.8762817382812
184.31980895996094 570.9540405273438
184.23255920410156 571.0317993164062
184.14552307128906 571.1095581054688
184.05870056152344 571.1873168945312
183.97207641601562 571.2650756835938
183.8856658935547 571.3427734375
183.79946899414062 571.4204711914062
183.71348571777344 571.4981689453125
183.62771606445312 571.5758666992188
183.5421600341797 571.653564453125
183.45681762695312 571.7312622070312
183.3717041015625 571.8089599609375
183.28680419921875 571.8866577148438
183.20211791992188 571.96435546875
183.11766052246094 572.0419921875
183.03341674804688 572.11962890625
182.94940185546875 572.197265625
182.86561584472656 572.27490234375
182.78204345703125 572.3525390625
182.69869995117188 572.43017578125
182.61558532714844 572.5078125
182.53269958496094 572.5853881835938
182.45004272460938 572.6629638671875
182.36761474609375 572.7405395507812
182.28543090820312 572.818115234375
182.20347595214844 572.8956909179688
182.1217498779297 572.9732055664062
182.04026794433594 573.0507202148438
181.95901489257812 573.1282348632812
181.8780059814453 573.2057495117188
181.7972412109375 573.283203125
181.71670532226562 573.3606567382812
181.63641357421875 573.4381103515625
181.55636596679688 573.5155029296875
181.4765625 573.5928955078125
181.39700317382812 573.6702880859375
181.31768798828125 573.7476806640625
181.23861694335938 573.8250122070312
181.15980529785156 573.90234375
181.08123779296875 573.9796752929688
181.0029296875 574.0569458007812
180.92486572265625 574.1342163085938
180.84706115722656 574.21142578125
180.76950073242188 574.2886352539062
180.69219970703125 574.3658447265625
180.6151580810547 574.4429931640625
180.5383758544922 574.5201416015625
180.46185302734375 574.5972290039062
180.3855743408203 574.67431640625
180.30955505371094 574.7514038085938
180.23377990722656 574.8284301757812
180.15826416015625 574.9054565429688
180.08299255371094 574.9824829101562
180.0079803466797 575.0594482421875
179.9332275390625 575.1364135742188
179.85873413085938 575.21337890625
179.7845001220703 575.290283203125
179.7105255126953 575.3671875
179.63681030273438 575.4440307617188
179.5633544921875 575.5208740234375
179.4901580810547 575.59765625
179.417236328125 575.6744384765625
179.34457397460938 575.7511596679688
179.27218627929688 575.827880859375
179.20005798339844 575.904541015625
179.12820434570312 575.981201171875
179.05661010742188 576.0578002929688
178.98529052734375 576.1343994140625
178.91424560546875 576.2109375
178.84347534179688 576.2874145507812
178.77297973632812 576.3638916015625
178.7027587890625 576.4403076171875
178.6328125 576.5166625976562
178.56314086914062 576.593017578125
178.49374389648438 576.6693115234375
178.42462158203125 576.7455444335938
178.3557891845703 576.82177734375
178.2872314453125 576.89794921875
178.2189483642578 576.9740600585938
178.15130615234375 577.0497436523438
178.08395385742188 577.1253662109375
178.01690673828125 577.200927734375
177.9501495361328 577.2764282226562
177.88369750976562 577.351806640625
177.8175506591797 577.4271240234375
177.75169372558594 577.5023803710938
177.6857147216797 577.5780639648438
177.62002563476562 577.6536865234375
177.55462646484375 577.729248046875
177.48951721191406 577.8047485351562
177.42469787597656 577.8801879882812
177.3601837158203 577.95556640625
177.29595947265625 578.0308837890625
177.23204040527344 578.1061401367188
177.1684112548828 578.1812744140625
177.10508728027344 578.25634765625
177.04205322265625 578.3313598632812
176.9793243408203 578.4063110351562
176.91690063476562 578.4811401367188
176.8547821044922 578.555908203125
176.79296875 578.630615234375
176.73146057128906 578.7052001953125
176.67025756835938 578.7797241210938
176.60935974121094 578.8541259765625
176.54876708984375 578.928466796875
176.48849487304688 579.002685546875
176.42852783203125 579.0768432617188
176.36964416503906 579.14990234375
176.31109619140625 579.2228393554688
176.2528839111328 579.295654296875
176.19500732421875 579.3683471679688
176.13746643066406 579.44091796875
176.08026123046875 579.5133666992188
176.0233917236328 579.5856323242188
175.96685791015625 579.6577758789062
175.91067504882812 579.7297973632812
175.85482788085938 579.8016357421875
175.79933166503906 579.8733520507812
175.74417114257812 579.9448852539062
175.68936157226562 580.0162963867188
175.63490295410156 580.0875244140625
175.58079528808594 580.1585693359375
175.52703857421875 580.2294311523438
175.4736328125 580.3001708984375
175.4205780029297 580.3707275390625
175.36788940429688 580.4411010742188
175.36788940429688 580.4411010742188
175.36788940429688 580.4411010742188
175.36788940429688 580.4411010742188
175.36788940429688 580.4411010742188
175.36788940429688 580.4411010742188
175.36788940429688 580.4411010742188
175.36788940429688 580.4411010742188
175.36788940429688 580.4411010742188
175.36788940429688 580.4411010742188
175.36788940429688 580.4411010742188
175.36788940429688 580.4411010742188
175.36788940429688 580.4411010742188
175.36788940429688 580.4411010742188
175.36788940429688 580.4411010742188
175.36788940429688 580.4411010742188
175.36788940429688 580.4411010742188
175.36788940429688 580.4411010742188
175.36788940429688 580.4411010742188
175.33848571777344 580.4837646484375
175.33848571777344 580.4837646484375
175.33848571777344 580.4837646484375
175.33848571777344 580.4837646484375
175.33848571777344 580.4837646484375
175.33848571777344 580.4837646484375
175.33848571777344 580.4837646484375
175.33848571777344 580.4837646484375
175.33848571777344 580.4837646484375
175.33848571777344 580.4837646484375
175.33848571777344 580.4837646484375
175.33848571777344 580.4837646484375
175.38609313964844 580.4094848632812
175.4309539794922 580.33837890625
175.47328186035156 580.2702026367188
175.51327514648438 580.204833984375
175.55108642578125 580.1420288085938
175.5868682861328 580.0817260742188
175.6207733154297 580.023681640625
175.65292358398438 579.9678344726562
175.6834259033203 579.9140625
175.83840942382812 579.6350708007812
175.98300170898438 579.3672485351562
176.2103729248047 578.9385986328125
176.42994689941406 578.521240234375
176.6411895751953 578.1150512695312
176.8436737060547 577.719970703125
177.10211181640625 577.2158203125
177.3714141845703 576.7000732421875
177.63912963867188 576.1969604492188
177.90431213378906 575.7061767578125
178.16598510742188 575.2275390625
178.42318725585938 574.7608642578125
178.6592559814453 574.3327026367188
178.90367126464844 573.8880004882812
179.14112854003906 573.454833984375
179.3709259033203 573.0331420898438
179.5924530029297 572.622802734375
179.86940002441406 572.112060546875
180.14456176757812 571.61376953125
180.41700744628906 571.127685546875
180.72718811035156 570.585693359375
180.97955322265625 570.1505126953125
181.2847900390625 569.6300659179688
181.52565002441406 569.2225341796875
181.7735595703125 568.800048828125
182.01324462890625 568.3887939453125
182.2975616455078 567.9024658203125
182.57864379882812 567.4277954101562
182.85557556152344 566.964599609375
183.12747192382812 566.5126342773438
183.39346313476562 566.07177734375
183.65277099609375 565.6417846679688
183.90467834472656 565.2225341796875
184.2114715576172 564.716064453125
184.5167694091797 564.2220458984375
184.74920654296875 563.8465576171875
185.04388427734375 563.3701782226562
185.3347930908203 562.9053344726562
185.62103271484375 562.4517822265625
185.9142303466797 561.990966796875
186.1893768310547 561.5606079101562
186.45729064941406 561.1409301757812
186.71728515625 560.7317504882812
186.96876525878906 560.3329467773438
187.22496032714844 559.9234619140625
187.472412109375 559.5247192382812
187.7106170654297 559.1365966796875
187.9391632080078 558.759033203125
188.22947692871094 558.279052734375
188.51617431640625 557.8106689453125
188.79833984375 557.3536987304688
189.07508850097656 556.907958984375
189.34556579589844 556.4732055664062
189.60899353027344 556.0492553710938
189.86468505859375 555.635986328125
190.11203002929688 555.2332153320312
190.41676330566406 554.7393188476562
190.7191619873047 554.2575073242188
191.018310546875 553.7874145507812
191.31260681152344 553.329833984375
191.61241149902344 552.8681030273438
191.9061279296875 552.4195556640625
192.18031311035156 552.0014038085938
192.4456329345703 551.5946044921875
192.70143127441406 551.1988525390625
192.94712829589844 550.81396484375
193.24855041503906 550.3413696289062
193.59127807617188 549.8148193359375
193.88552856445312 549.3698120117188
194.18406677246094 548.9200439453125
194.47634887695312 548.4808349609375
194.74951171875 548.0686645507812
195.01327514648438 547.6665649414062
195.26695251464844 547.2744140625
195.61000061035156 546.7472534179688
195.9148712158203 546.2863159179688
196.25621032714844 545.77734375
196.55181884765625 545.340576171875
196.85006713867188 544.8984375
197.14022827148438 544.4662475585938
197.46751403808594 543.9801635742188
197.79380798339844 543.501708984375
198.12051391601562 543.0293579101562
198.44439697265625 542.5670166015625
198.7643585205078 542.1145629882812
199.09405517578125 541.6533813476562
199.41964721679688 541.2037353515625
199.74021911621094 540.7652587890625
200.05490112304688 540.3377075195312
200.36282348632812 539.9207763671875
200.66319274902344 539.5142822265625
200.9552764892578 539.117919921875
201.23843383789062 538.7315063476562
201.58224487304688 538.2647094726562
201.85952758789062 537.8896484375
202.19180297851562 537.4407348632812
202.51919555664062 537.0030517578125
202.8408203125 536.5762939453125
203.15582275390625 536.16015625
203.46337890625 535.7543334960938
203.7627410888672 535.358642578125
204.0631561279297 534.9603881835938
204.3545379638672 534.5724487304688
204.63626098632812 534.1947021484375
204.90780639648438 533.826904296875
205.16876220703125 533.468994140625
205.41883850097656 533.1207885742188
205.7376708984375 532.6753540039062
206.05101013183594 532.240966796875
206.3579864501953 531.8174438476562
206.6577606201172 531.4044799804688
206.9495849609375 531.0018920898438
207.23277282714844 530.6094360351562
207.57582092285156 530.1369018554688
207.8427276611328 529.7703247070312
208.17425537109375 529.3152465820312
208.5012664794922 528.87158203125
208.8228759765625 528.4390258789062
209.13818359375 528.0172729492188
209.44635009765625 527.6060791015625
209.74658203125 527.2052001953125
210.03819274902344 526.8143920898438
210.32057189941406 526.4334106445312
210.60386657714844 526.0482788085938
210.94032287597656 525.5924072265625
211.27247619628906 525.1480102539062
211.59942626953125 524.7147216796875
211.92030334472656 524.292236328125
212.2342529296875 523.8802490234375
212.5404815673828 523.478515625
212.8480224609375 523.07470703125
213.1469268798828 522.681396484375
213.43650817871094 522.29833984375
213.7799530029297 521.845703125
214.0513458251953 521.4883422851562
214.38168334960938 521.0525512695312
214.70626831054688 520.6275024414062
215.0242462158203 520.2129516601562
215.34368896484375 519.7977905273438
215.65545654296875 519.393310546875
215.95875549316406 518.999267578125
216.25286865234375 518.6153564453125
216.60093688964844 518.1630859375
216.8771514892578 517.8046875
217.2123565673828 517.3692016601562
217.6016845703125 516.8723754882812
217.93551635742188 516.4532470703125
218.26220703125 516.0449829101562
218.58090209960938 515.6472778320312
218.89080810546875 515.2598876953125
219.19122314453125 514.882568359375
219.48155212402344 514.51513671875
219.76129150390625 514.1573486328125
220.10791015625 513.7142944335938
220.44940185546875 513.28271484375
220.78485107421875 512.8622436523438
221.1133575439453 512.4525756835938
221.43405151367188 512.0534057617188
221.74615478515625 511.6645202636719
222.04896545410156 511.28564453125
222.3418731689453 510.91656494140625
222.63497924804688 510.5441589355469
222.91749572753906 510.18182373046875
223.18896484375 509.8294372558594
223.4490509033203 509.4868469238281
223.7711944580078 509.0604553222656
224.0867462158203 508.64459228515625
224.3948974609375 508.239013671875
224.70423889160156 507.8318786621094
225.00521850585938 507.4352111816406
225.29713439941406 507.0487976074219
225.64239501953125 506.5938720703125
225.98353576660156 506.1504211425781
226.24874877929688 505.8052062988281
226.57569885253906 505.37786865234375
226.90475463867188 504.9507751464844
227.22714233398438 504.53460693359375
227.5419921875 504.1291198730469
227.84849548339844 503.7340393066406
228.14593505859375 503.3491516113281
228.43370056152344 502.9742431640625
228.77716064453125 502.52783203125
229.115966796875 502.0925598144531
229.50892639160156 501.59686279296875
229.83819580078125 501.1876525878906
230.15994262695312 500.78863525390625
230.4813995361328 500.3901672363281
230.79417419433594 500.0019836425781
231.09756469726562 499.6238708496094
231.3909454345703 499.255615234375
231.7416229248047 498.81634521484375
232.08729553222656 498.3881530761719
232.42709350585938 497.970703125
232.76016235351562 497.5636901855469
233.08567810058594 497.1667785644531
233.41024780273438 496.7712097167969
233.72605895996094 496.3858642578125
234.09603881835938 495.9376220703125
234.46197509765625 495.5011901855469
234.822998046875 495.07611083984375
235.17822265625 494.6620178222656
235.52676391601562 494.2585144042969
235.86776733398438 493.86529541015625
236.200439453125 493.4820251464844
236.52403259277344 493.1084289550781
236.837890625 492.7442321777344
237.14146423339844 492.3891906738281
237.5102081298828 491.9588928222656
237.79371643066406 491.6279296875
238.14779663085938 491.2132873535156
238.49526977539062 490.8091735839844
238.83529663085938 490.415283203125
239.16708374023438 490.03125
239.48989868164062 489.6568298339844
239.8031005859375 489.2917175292969
240.10614013671875 488.9356994628906
240.4738006591797 488.5047302246094
240.83628845214844 488.0849304199219
241.19273376464844 487.6759338378906
241.5422821044922 487.27734375
241.8840789794922 486.8888244628906
242.21734619140625 486.51007080078125
242.5413818359375 486.1407775878906
242.85556030273438 485.78070068359375
243.15936279296875 485.4295959472656
243.45777893066406 485.0811767578125
243.744873046875 484.741943359375
244.02032470703125 484.4117736816406
244.36790466308594 483.99359130859375
244.70880126953125 483.5861511230469
245.0421600341797 483.1890869140625
245.36715698242188 482.8021240234375
245.68307495117188 482.42498779296875
245.98927307128906 482.05743408203125
246.28518676757812 481.69921875
246.57864379882812 481.3404846191406
246.93138122558594 480.9095764160156
247.2785186767578 480.48968505859375
247.61915588378906 480.0804443359375
247.9524383544922 479.6815490722656
248.27757263183594 479.2926940917969
248.5938262939453 478.9136047363281
248.9005584716797 478.5440368652344
249.20484924316406 478.1748962402344
249.56634521484375 477.73785400390625
249.92286682128906 477.3121032714844
250.27352905273438 476.89727783203125
250.61744689941406 476.4930114746094
250.9537811279297 476.0989685058594
251.28173828125 475.7148742675781
251.60060119628906 475.3404235839844
251.90972900390625 474.9753723144531
252.20860290527344 474.6195068359375
252.77784729003906 473.9413757324219
253.3499755859375 473.26568603515625
253.9250030517578 472.5924377441406
254.50289916992188 471.9216613769531
255.08364868164062 471.25335693359375
255.66725158691406 470.5875549316406
256.2536926269531 469.92425537109375
256.8429870605469 469.2634582519531
257.4357604980469 468.6044006347656
258.0306091308594 467.9486389160156
258.6284484863281 467.29522705078125
259.2323303222656 466.64056396484375
259.8396301269531 465.98724365234375
260.4502258300781 465.3352355957031
261.0621032714844 464.686767578125
261.67730712890625 464.0396423339844
262.2957763671875 463.39385986328125
262.9173889160156 462.7494201660156
263.54205322265625 462.1062927246094
264.1697082519531 461.4644775390625
264.8002624511719 460.8239440917969
265.431884765625 460.18658447265625
266.0664367675781 459.550537109375
266.7051696777344 458.91436767578125
267.3467712402344 458.2792053222656
267.9911193847656 457.6450500488281
268.63812255859375 457.01190185546875
269.2877197265625 456.3797302246094
269.9410095214844 455.7472839355469
270.5973205566406 455.1150207519531
271.2557373046875 454.4836730957031
271.91619873046875 453.853271484375
272.57861328125 453.2237854003906
273.2435302734375 452.5946350097656
273.91021728515625 451.9664001464844
274.57781982421875 451.33990478515625
275.2471618652344 450.71435546875
275.9182434082031 450.0897216796875
276.5917053222656 449.46527099609375
277.2666931152344 448.84173583984375
277.9435729980469 448.2187194824219
278.6218566894531 447.5965881347656
279.3015441894531 446.975341796875
279.9820251464844 446.3554992675781
280.6643981933594 445.7360534667969
281.3475646972656 445.1179504394531
282.03204345703125 444.500732421875
282.7178039550781 443.8843994140625
283.4048156738281 443.2689514160156
284.0930480957031 442.6543884277344
284.78271484375 442.04046630859375
285.4735107421875 441.42742919921875
286.1654357910156 440.81524658203125
286.85845947265625 440.2039489746094
287.55224609375 439.59381103515625
288.24713134765625 438.98455810546875
288.943359375 438.37591552734375
289.6407775878906 437.76800537109375
290.33892822265625 437.1611633300781
291.0380859375 436.5552062988281
291.7382507324219 435.9501037597656
292.4395751953125 435.345703125
293.141845703125 434.7421569824219
293.8448486328125 434.1396484375
294.54888916015625 433.53790283203125
295.25384521484375 432.93701171875
295.9596862792969 432.33697509765625
296.6664123535156 431.7378234863281
297.3741455078125 431.139404296875
298.0826110839844 430.5419616699219
298.79193115234375 429.94537353515625
299.502197265625 429.3495788574219
300.2132873535156 428.7546691894531
300.9252014160156 428.1606140136719
301.637939453125 427.5674133300781
302.3514709472656 426.9750671386719
303.0652770996094 426.3840637207031
303.7798767089844 425.7939758300781
304.4952392578125 425.204833984375
305.21148681640625 424.6165466308594
305.9278869628906 424.02972412109375
306.6448974609375 423.44403076171875
307.36273193359375 422.85931396484375
308.0801086425781 422.2766418457031
308.7984313964844 421.6949462890625
309.51727294921875 421.114501953125
310.2371826171875 420.534912109375
310.9579162597656 419.9564208984375
311.67974853515625 419.37872314453125
312.4008483886719 418.8033752441406
313.1227111816406 418.2292785644531
313.84417724609375 417.6574401855469
314.56573486328125 417.08740234375
315.28887939453125 416.5180358886719
316.012939453125 415.949951171875
316.70196533203125 415.40850830078125
317.4222412109375 414.841796875
318.1437072753906 414.2764892578125
318.8663330078125 413.71258544921875
319.590087890625 413.1501159667969
320.3157958984375 412.5883483886719
321.0419616699219 412.0282897949219
321.76446533203125 411.47344970703125
322.4883728027344 410.9202880859375
323.2059326171875 410.3750915527344
323.924560546875 409.83233642578125
324.6415100097656 409.2935791015625
325.3516540527344 408.76348876953125
326.0639953613281 408.236328125
326.7395324707031 407.7377014160156
327.3416442871094 407.2873840332031
327.7936096191406 406.93487548828125
328.16168212890625 406.6269226074219
328.16168212890625 406.6269226074219
328.16168212890625 406.6269226074219
328.16168212890625 406.6269226074219
328.16168212890625 406.6269226074219
328.16168212890625 406.6269226074219
328.16168212890625 406.6269226074219
328.16168212890625 406.6269226074219
328.2879943847656 406.51751708984375
328.2879943847656 406.51751708984375
328.2879943847656 406.51751708984375
328.2879943847656 406.51751708984375
328.2879943847656 406.51751708984375
328.2879943847656 406.51751708984375
328.2879943847656 406.51751708984375
328.2879943847656 406.51751708984375
328.2879943847656 406.51751708984375
328.2879943847656 406.51751708984375
328.2879943847656 406.51751708984375
328.2879943847656 406.51751708984375
328.2879943847656 406.51751708984375
328.2879943847656 406.51751708984375
328.2879943847656 406.51751708984375
328.2879943847656 406.51751708984375
328.2879943847656 406.51751708984375
328.2879943847656 406.51751708984375
328.2879943847656 406.51751708984375
328.2879943847656 406.51751708984375
328.2879943847656 406.51751708984375
328.2879943847656 406.51751708984375
328.2879943847656 406.51751708984375
328.2879943847656 406.51751708984375
328.2879943847656 406.51751708984375
328.2879943847656 406.51751708984375
328.2879943847656 406.51751708984375
328.2879943847656 406.51751708984375
328.2879943847656 406.51751708984375
328.2879943847656 406.51751708984375
328.2879943847656 406.51751708984375
328.2879943847656 406.51751708984375
328.2879943847656 406.51751708984375
328.2879943847656 406.51751708984375
328.2879943847656 406.51751708984375
328.2879943847656 406.51751708984375
328.2879943847656 406.51751708984375
328.2879943847656 406.51751708984375
328.2879943847656 406.51751708984375
328.2879943847656 406.51751708984375
328.2879943847656 406.51751708984375
328.2879943847656 406.51751708984375
328.2879943847656 406.51751708984375
328.2879943847656 406.51751708984375
328.2879943847656 406.51751708984375
328.2879943847656 406.51751708984375
328.2879943847656 406.51751708984375
328.2879943847656 406.51751708984375
328.2879943847656 406.51751708984375
328.2879943847656 406.51751708984375
328.2879943847656 406.51751708984375
328.2879943847656 406.51751708984375
328.2879943847656 406.51751708984375
328.2879943847656 406.51751708984375
328.2879943847656 406.51751708984375
328.2879943847656 406.51751708984375
328.2879943847656 406.51751708984375
328.2879943847656 406.51751708984375
328.2879943847656 406.51751708984375
328.2879943847656 406.51751708984375
328.2879943847656 406.51751708984375
328.2879943847656 406.51751708984375
328.2879943847656 406.51751708984375
328.2879943847656 406.51751708984375
328.2879943847656 406.51751708984375
328.2879943847656 406.51751708984375
328.2879943847656 406.51751708984375
328.2879943847656 406.51751708984375
328.2879943847656 406.51751708984375
328.2879943847656 406.51751708984375
328.2879943847656 406.51751708984375
328.2879943847656 406.51751708984375
328.2879943847656 406.51751708984375
328.2879943847656 406.51751708984375
328.2879943847656 406.51751708984375
328.2879943847656 406.51751708984375
328.2879943847656 406.51751708984375
328.2879943847656 406.51751708984375
328.2879943847656 406.51751708984375
328.2879943847656 406.51751708984375
328.2879943847656 406.51751708984375
328.2879943847656 406.51751708984375
328.2879943847656 406.51751708984375
328.2879943847656 406.51751708984375
328.2879943847656 406.51751708984375
328.2879943847656 406.51751708984375
328.2879943847656 406.51751708984375
328.2879943847656 406.51751708984375
328.2879943847656 406.51751708984375
328.2879943847656 406.51751708984375
328.2879943847656 406.51751708984375
328.2879943847656 406.51751708984375
328.2879943847656 406.51751708984375
328.2879943847656 406.51751708984375
328.2879943847656 406.51751708984375
328.2879943847656 406.51751708984375
328.2879943847656 406.51751708984375
328.2879943847656 406.51751708984375
328.2879943847656 406.51751708984375
328.2879943847656 406.51751708984375
328.2879943847656 406.51751708984375
328.2879943847656 406.51751708984375
328.2879943847656 406.51751708984375
328.2879943847656 406.51751708984375
328.2879943847656 406.51751708984375
328.2879943847656 406.51751708984375
328.2879943847656 406.51751708984375
328.2879943847656 406.51751708984375
328.2879943847656 406.51751708984375
328.2879943847656 406.51751708984375
328.2879943847656 406.51751708984375
328.2879943847656 406.51751708984375
328.2879943847656 406.51751708984375
328.2879943847656 406.51751708984375
328.2879943847656 406.51751708984375
328.2879943847656 406.51751708984375
328.2879943847656 406.51751708984375
328.2879943847656 406.51751708984375
328.2879943847656 406.51751708984375
328.2879943847656 406.51751708984375
328.2879943847656 406.51751708984375
328.2879943847656 406.51751708984375
328.2879943847656 406.51751708984375
328.2879943847656 406.51751708984375
328.2879943847656 406.51751708984375
328.2879943847656 406.51751708984375
328.2879943847656 406.51751708984375
328.2879943847656 406.51751708984375
328.2879943847656 406.51751708984375
328.2879943847656 406.51751708984375
328.2879943847656 406.51751708984375
328.2879943847656 406.51751708984375
328.2879943847656 406.51751708984375
328.2879943847656 406.51751708984375
328.2879943847656 406.51751708984375
328.2879943847656 406.51751708984375
328.2879943847656 406.51751708984375
328.2879943847656 406.51751708984375
328.2879943847656 406.51751708984375
328.2879943847656 406.51751708984375
328.2879943847656 406.51751708984375
328.2879943847656 406.51751708984375
328.2879943847656 406.51751708984375
328.2879943847656 406.51751708984375
328.2879943847656 406.51751708984375
328.2879943847656 406.51751708984375
328.2879943847656 406.51751708984375
328.2879943847656 406.51751708984375
328.2879943847656 406.51751708984375
328.2879943847656 406.51751708984375
328.2879943847656 406.51751708984375
328.2879943847656 406.51751708984375
328.2879943847656 406.51751708984375
328.2879943847656 406.51751708984375
328.2879943847656 406.51751708984375
328.2879943847656 406.51751708984375
328.2879943847656 406.51751708984375
328.2879943847656 406.51751708984375
328.2879943847656 406.51751708984375
328.2879943847656 406.51751708984375
328.2879943847656 406.51751708984375
328.2879943847656 406.51751708984375
328.2879943847656 406.51751708984375
328.2879943847656 406.51751708984375
328.2879943847656 406.51751708984375
328.2879943847656 406.51751708984375
328.2879943847656 406.51751708984375
328.2879943847656 406.51751708984375
328.2879943847656 406.51751708984375
328.2879943847656 406.51751708984375
328.2879943847656 406.51751708984375
328.2879943847656 406.51751708984375
328.2879943847656 406.51751708984375
328.2879943847656 406.51751708984375
328.2879943847656 406.51751708984375
328.2879943847656 406.51751708984375
328.2879943847656 406.51751708984375
328.2879943847656 406.51751708984375
328.2879943847656 406.51751708984375
328.2879943847656 406.51751708984375
328.2879943847656 406.51751708984375
328.2879943847656 406.51751708984375
328.2879943847656 406.51751708984375
328.2879943847656 406.51751708984375
328.2879943847656 406.51751708984375
328.2879943847656 406.51751708984375
328.2879943847656 406.51751708984375
328.2879943847656 406.51751708984375
328.2879943847656 406.51751708984375
328.2879943847656 406.51751708984375
328.2879943847656 406.51751708984375
328.2879943847656 406.51751708984375
328.2879943847656 406.51751708984375
328.2879943847656 406.51751708984375
328.2879943847656 406.51751708984375
328.2879943847656 406.51751708984375
328.2879943847656 406.51751708984375
328.2879943847656 406.51751708984375
328.2879943847656 406.51751708984375
328.2879943847656 406.51751708984375
328.2879943847656 406.51751708984375
328.2879943847656 406.51751708984375
328.2879943847656 406.51751708984375
328.2879943847656 406.51751708984375
328.2879943847656 406.51751708984375
328.2879943847656 406.51751708984375
328.2879943847656 406.51751708984375
328.2879943847656 406.51751708984375
328.2879943847656 406.51751708984375
328.2879943847656 406.51751708984375
328.2879943847656 406.51751708984375
328.2879943847656 406.51751708984375
328.2879943847656 406.51751708984375
328.2879943847656 406.51751708984375
328.2879943847656 406.51751708984375
328.2879943847656 406.51751708984375
328.2879943847656 406.51751708984375
328.2879943847656 406.51751708984375
328.2879943847656 406.51751708984375
328.2879943847656 406.51751708984375
328.2879943847656 406.51751708984375
328.2879943847656 406.51751708984375
328.2879943847656 406.51751708984375
328.2879943847656 406.51751708984375
328.2879943847656 406.51751708984375
328.2879943847656 406.51751708984375
328.2879943847656 406.51751708984375
328.2879943847656 406.51751708984375
328.2879943847656 406.51751708984375
328.2879943847656 406.51751708984375
328.2879943847656 406.51751708984375
328.2879943847656 406.51751708984375
328.2879943847656 406.51751708984375
328.2879943847656 406.51751708984375
328.2879943847656 406.51751708984375
328.2879943847656 406.51751708984375
328.2879943847656 406.51751708984375
328.2879943847656 406.51751708984375
328.2879943847656 406.51751708984375
328.2879943847656 406.51751708984375
328.2879943847656 406.51751708984375
328.2879943847656 406.51751708984375
328.2879943847656 406.51751708984375
328.2879943847656 406.51751708984375
328.2879943847656 406.51751708984375
328.2879943847656 406.51751708984375
328.2879943847656 406.51751708984375
328.2879943847656 406.51751708984375
328.2879943847656 406.51751708984375
328.2879943847656 406.51751708984375
328.2879943847656 406.51751708984375
328.2879943847656 406.51751708984375
328.2879943847656 406.51751708984375
328.2879943847656 406.51751708984375
328.2879943847656 406.51751708984375
328.2879943847656 406.51751708984375
328.2879943847656 406.51751708984375
328.2879943847656 406.51751708984375
328.2879943847656 406.51751708984375
328.2879943847656 406.51751708984375
328.2879943847656 406.51751708984375
328.2879943847656 406.51751708984375
328.2879943847656 406.51751708984375
328.2879943847656 406.51751708984375
328.2879943847656 406.51751708984375
328.2879943847656 406.51751708984375
328.2879943847656 406.51751708984375
328.2879943847656 406.51751708984375
328.2879943847656 406.51751708984375
328.2879943847656 406.51751708984375
328.2879943847656 406.51751708984375
328.2879943847656 406.51751708984375
328.2879943847656 406.51751708984375
328.2879943847656 406.51751708984375
328.2879943847656 406.51751708984375
328.2879943847656 406.51751708984375
328.2879943847656 406.51751708984375
328.2879943847656 406.51751708984375
328.2879943847656 406.51751708984375
328.2879943847656 406.51751708984375
328.2879943847656 406.51751708984375
328.2879943847656 406.51751708984375
328.2879943847656 406.51751708984375
328.2879943847656 406.51751708984375
328.2879943847656 406.51751708984375
328.2879943847656 406.51751708984375
328.2879943847656 406.51751708984375
328.2879943847656 406.51751708984375
328.2879943847656 406.51751708984375
328.2879943847656 406.51751708984375
328.2879943847656 406.51751708984375
328.2879943847656 406.51751708984375
328.2879943847656 406.51751708984375
328.2879943847656 406.51751708984375
328.2879943847656 406.51751708984375
328.2879943847656 406.51751708984375
328.2879943847656 406.51751708984375
328.2879943847656 406.51751708984375
328.2879943847656 406.51751708984375
328.2879943847656 406.51751708984375
328.2879943847656 406.51751708984375
328.2879943847656 406.51751708984375
328.2879943847656 406.51751708984375
328.2879943847656 406.51751708984375
328.2879943847656 406.51751708984375
328.2879943847656 406.51751708984375
328.2879943847656 406.51751708984375
328.2879943847656 406.51751708984375
328.2879943847656 406.51751708984375
328.2879943847656 406.51751708984375
328.2879943847656 406.51751708984375
328.2879943847656 406.51751708984375
328.2879943847656 406.51751708984375
328.2879943847656 406.51751708984375
328.2879943847656 406.51751708984375
328.2879943847656 406.51751708984375
328.2879943847656 406.51751708984375
328.2879943847656 406.51751708984375
328.2879943847656 406.51751708984375
328.2879943847656 406.51751708984375
328.2879943847656 406.51751708984375
328.2879943847656 406.51751708984375
328.2879943847656 406.51751708984375
328.2879943847656 406.51751708984375
328.2879943847656 406.51751708984375
328.2879943847656 406.51751708984375
328.2879943847656 406.51751708984375
328.2879943847656 406.51751708984375
328.2879943847656 406.51751708984375
328.2879943847656 406.51751708984375
328.2879943847656 406.51751708984375
328.2879943847656 406.51751708984375
328.2879943847656 406.51751708984375
328.2879943847656 406.51751708984375
328.2879943847656 406.51751708984375
328.2879943847656 406.51751708984375
328.2879943847656 406.51751708984375
328.2879943847656 406.51751708984375
328.2879943847656 406.51751708984375
328.2879943847656 406.51751708984375
328.2879943847656 406.51751708984375
328.2879943847656 406.51751708984375
328.2879943847656 406.51751708984375
328.2879943847656 406.51751708984375
328.2879943847656 406.51751708984375
328.2879943847656 406.51751708984375
328.2879943847656 406.51751708984375
328.2879943847656 406.51751708984375
328.2879943847656 406.51751708984375
328.2879943847656 406.51751708984375
328.2879943847656 406.51751708984375
328.2879943847656 406.51751708984375
328.2879943847656 406.51751708984375
328.2879943847656 406.51751708984375
328.2879943847656 406.51751708984375
328.2879943847656 406.51751708984375
328.2879943847656 406.51751708984375
328.2879943847656 406.51751708984375
328.2879943847656 406.51751708984375
328.2879943847656 406.51751708984375
328.2879943847656 406.51751708984375
328.2879943847656 406.51751708984375
328.2879943847656 406.51751708984375
328.2879943847656 406.51751708984375
328.2879943847656 406.51751708984375
328.2879943847656 406.51751708984375
328.2879943847656 406.51751708984375
328.2879943847656 406.51751708984375
328.2879943847656 406.51751708984375
328.2879943847656 406.51751708984375
328.2879943847656 406.51751708984375
328.2879943847656 406.51751708984375
328.2879943847656 406.51751708984375
328.2879943847656 406.51751708984375
328.2879943847656 406.51751708984375
328.2879943847656 406.51751708984375
328.2879943847656 406.51751708984375
328.2879943847656 406.51751708984375
328.2879943847656 406.51751708984375
328.2879943847656 406.51751708984375
328.2879943847656 406.51751708984375
328.2879943847656 406.51751708984375
328.2879943847656 406.51751708984375
328.2879943847656 406.51751708984375
328.2879943847656 406.51751708984375
328.2879943847656 406.51751708984375
328.2879943847656 406.51751708984375
328.2879943847656 406.51751708984375
328.2879943847656 406.51751708984375
328.2879943847656 406.51751708984375
328.2879943847656 406.51751708984375
328.2879943847656 406.51751708984375
328.2879943847656 406.51751708984375
328.2879943847656 406.51751708984375
328.2879943847656 406.51751708984375
328.2879943847656 406.51751708984375
328.2879943847656 406.51751708984375
328.2879943847656 406.51751708984375
328.2879943847656 406.51751708984375
328.2879943847656 406.51751708984375
328.2879943847656 406.51751708984375
328.2879943847656 406.51751708984375
328.2879943847656 406.51751708984375
328.2879943847656 406.51751708984375
328.2879943847656 406.51751708984375
328.2879943847656 406.51751708984375
328.2879943847656 406.51751708984375
328.2879943847656 406.51751708984375
328.2879943847656 406.51751708984375
328.2879943847656 406.51751708984375
328.2879943847656 406.51751708984375
328.2879943847656 406.51751708984375
328.2879943847656 406.51751708984375
328.2879943847656 406.51751708984375
328.2879943847656 406.51751708984375
328.2879943847656 406.51751708984375
328.2879943847656 406.51751708984375
328.2879943847656 406.51751708984375
328.2879943847656 406.51751708984375
328.2879943847656 406.51751708984375
328.2879943847656 406.51751708984375
328.2879943847656 406.51751708984375
328.2879943847656 406.51751708984375
328.2879943847656 406.51751708984375
328.2879943847656 406.51751708984375
328.2879943847656 406.51751708984375
328.2879943847656 406.51751708984375
328.2879943847656 406.51751708984375
328.2879943847656 406.51751708984375
328.2879943847656 406.51751708984375
328.2879943847656 406.51751708984375
328.2879943847656 406.51751708984375
328.2879943847656 406.51751708984375
328.2879943847656 406.51751708984375
328.2879943847656 406.51751708984375
328.2879943847656 406.51751708984375
328.2879943847656 406.51751708984375
328.2879943847656 406.51751708984375
328.2879943847656 406.51751708984375
328.2879943847656 406.51751708984375
328.2879943847656 406.51751708984375
328.2879943847656 406.51751708984375
328.2879943847656 406.51751708984375
328.2879943847656 406.51751708984375
328.2879943847656 406.51751708984375
328.2879943847656 406.51751708984375
328.2879943847656 406.51751708984375
328.2879943847656 406.51751708984375
328.2879943847656 406.51751708984375
328.2879943847656 406.51751708984375
328.2879943847656 406.51751708984375
328.2879943847656 406.51751708984375
328.2879943847656 406.51751708984375
328.2879943847656 406.51751708984375
328.2879943847656 406.51751708984375
328.2879943847656 406.51751708984375
328.2879943847656 406.51751708984375
328.2879943847656 406.51751708984375
328.2879943847656 406.51751708984375
328.2879943847656 406.51751708984375
328.2879943847656 406.51751708984375
328.2879943847656 406.51751708984375
328.2879943847656 406.51751708984375
328.2879943847656 406.51751708984375
328.2879943847656 406.51751708984375
328.2879943847656 406.51751708984375
328.2879943847656 406.51751708984375
328.2879943847656 406.51751708984375
328.2879943847656 406.51751708984375
328.2879943847656 406.51751708984375
328.2879943847656 406.51751708984375
328.2879943847656 406.51751708984375
328.2879943847656 406.51751708984375
328.2879943847656 406.51751708984375
328.2879943847656 406.51751708984375
328.2879943847656 406.51751708984375
328.2879943847656 406.51751708984375
328.2879943847656 406.51751708984375
328.2879943847656 406.51751708984375
328.2879943847656 406.51751708984375
328.2879943847656 406.51751708984375
328.2879943847656 406.51751708984375
328.2879943847656 406.51751708984375
328.2879943847656 406.51751708984375
328.2879943847656 406.51751708984375
328.2879943847656 406.51751708984375
328.2879943847656 406.51751708984375
328.2879943847656 406.51751708984375
328.2879943847656 406.51751708984375
328.2879943847656 406.51751708984375
328.2879943847656 406.51751708984375
328.2879943847656 406.51751708984375
328.2879943847656 406.51751708984375
328.2879943847656 406.51751708984375
328.2879943847656 406.51751708984375
328.2879943847656 406.51751708984375
328.2879943847656 406.51751708984375
328.2879943847656 406.51751708984375
328.2879943847656 406.51751708984375
328.2879943847656 406.51751708984375
328.2879943847656 406.51751708984375
328.2879943847656 406.51751708984375
328.2879943847656 406.51751708984375
328.2879943847656 406.51751708984375
328.2879943847656 406.51751708984375
328.2879943847656 406.51751708984375
328.2879943847656 406.51751708984375
328.2879943847656 406.51751708984375
328.2879943847656 406.51751708984375
328.2879943847656 406.51751708984375
328.2879943847656 406.51751708984375
328.2879943847656 406.51751708984375
328.2879943847656 406.51751708984375
328.2879943847656 406.51751708984375
328.2879943847656 406.51751708984375
328.2879943847656 406.51751708984375
328.2879943847656 406.51751708984375
328.2879943847656 406.51751708984375
328.2879943847656 406.51751708984375
328.2879943847656 406.51751708984375
328.2879943847656 406.51751708984375
328.2879943847656 406.51751708984375
328.2879943847656 406.51751708984375
328.2879943847656 406.51751708984375
328.2879943847656 406.51751708984375
328.2879943847656 406.51751708984375
328.2879943847656 406.51751708984375
328.2879943847656 406.51751708984375
328.2879943847656 406.51751708984375
328.2879943847656 406.51751708984375
328.2879943847656 406.51751708984375
328.2879943847656 406.51751708984375
328.2879943847656 406.51751708984375
328.2879943847656 406.51751708984375
328.2879943847656 406.51751708984375
328.2879943847656 406.51751708984375
328.2879943847656 406.51751708984375
328.2879943847656 406.51751708984375
328.2879943847656 406.51751708984375
328.2879943847656 406.51751708984375
328.2879943847656 406.51751708984375
328.2879943847656 406.51751708984375
328.2879943847656 406.51751708984375
328.2879943847656 406.51751708984375
328.2879943847656 406.51751708984375
328.2879943847656 406.51751708984375
328.2879943847656 406.51751708984375
328.2879943847656 406.51751708984375
328.2879943847656 406.51751708984375
328.2879943847656 406.51751708984375
328.2879943847656 406.51751708984375
328.2879943847656 406.51751708984375
