60.704185485839844 450.7038879394531
61.40867233276367 451.407470703125
62.11345672607422 452.1107482910156
62.81854248046875 452.813720703125
63.52392578125 453.51641845703125
64.22960662841797 454.21881103515625
64.93559265136719 454.9208984375
65.64187622070312 455.6226806640625
66.34845733642578 456.32415771484375
67.05533599853516 457.02532958984375
67.76251220703125 457.7261962890625
68.4699935913086 458.4267578125
69.17777252197266 459.1270446777344
69.88584899902344 459.8270263671875
70.59422302246094 460.5267028808594
71.30289459228516 461.22607421875
72.0118637084961 461.9251403808594
72.72113037109375 462.6239013671875
73.43069458007812 463.3223571777344
74.14055633544922 464.0205078125
74.85071563720703 464.7183532714844
75.56117248535156 465.4158935546875
76.27192687988281 466.1131591796875
76.98297882080078 466.81011962890625
77.69432830810547 467.50677490234375
78.40597534179688 468.203125
79.117919921875 468.899169921875
79.83016204833984 469.59490966796875
80.54269409179688 470.29034423828125
81.25552368164062 470.9854736328125
81.9686508178711 471.6802978515625
82.68207550048828 472.37481689453125
83.39579772949219 473.06903076171875
84.10981750488281 473.762939453125
84.82412719726562 474.45654296875
85.53873443603516 475.14984130859375
86.2536392211914 475.84283447265625
86.96883392333984 476.5355224609375
87.684326171875 477.2279052734375
88.40011596679688 477.91998291015625
89.11619567871094 478.61175537109375
89.83257293701172 479.30322265625
90.54924774169922 479.994384765625
91.2662124633789 480.68524169921875
91.98347473144531 481.37579345703125
92.70103454589844 482.0660400390625
93.41888427734375 482.7559814453125
94.13703155517578 483.44561767578125
94.85546875 484.13494873046875
95.57420349121094 484.823974609375
96.29322814941406 485.5126953125
97.0125503540039 486.20111083984375
97.73216247558594 486.88922119140625
98.45206451416016 487.5770263671875
99.1722640991211 488.2645263671875
99.89275360107422 488.95172119140625
100.61354064941406 489.63861083984375
101.3346176147461 490.3251953125
102.05598449707031 491.0114440917969
102.77764892578125 491.6973876953125
103.49960327148438 492.3830261230469
104.22184753417969 493.068359375
104.94438934326172 493.7533874511719
105.66722106933594 494.4381103515625
106.39034271240234 495.1225280761719
107.11375427246094 495.806640625
107.83746337890625 496.4904479980469
108.56146240234375 497.1739501953125
109.28575134277344 497.8571472167969
110.01033020019531 498.5400390625
110.73519897460938 499.22259521484375
111.46036529541016 499.90484619140625
112.18582153320312 500.5867919921875
112.91156768798828 501.2684326171875
113.63760375976562 501.94976806640625
114.36392974853516 502.63079833984375
115.09054565429688 503.3115234375
115.81745147705078 503.991943359375
116.54464721679688 504.67205810546875
117.27213287353516 505.3518371582031
117.99990844726562 506.03131103515625
118.72797393798828 506.7104797363281
119.45632934570312 507.38934326171875
120.18497467041016 508.0679016113281
120.91390991210938 508.74615478515625
121.64313507080078 509.4241027832031
122.37265014648438 510.10174560546875
123.10245513916016 510.779052734375
123.8325424194336 511.4560546875
124.56291961669922 512.1327514648438
125.29358673095703 512.8091430664062
126.02454376220703 513.4852294921875
126.75578308105469 514.1610107421875
127.48731231689453 514.8364868164062
128.21913146972656 515.5116577148438
128.95123291015625 516.1865234375
129.68362426757812 516.861083984375
130.4163055419922 517.5353393554688
131.14926147460938 518.209228515625
131.88250732421875 518.8828125
132.6160430908203 519.5560913085938
133.34986877441406 520.2290649414062
134.08396911621094 520.9017333984375
134.818359375 521.5740966796875
135.55303955078125 522.2461547851562
136.28799438476562 522.9179077148438
137.0232391357422 523.58935546875
137.75877380371094 524.260498046875
138.4945831298828 524.9313354492188
139.23068237304688 525.601806640625
139.96705627441406 526.27197265625
140.70372009277344 526.9418334960938
141.440673828125 527.6113891601562
142.1779022216797 528.2806396484375
142.91542053222656 528.9495849609375
143.65321350097656 529.6182250976562
144.39129638671875 530.2865600585938
145.12965393066406 530.95458984375
145.86830139160156 531.6222534179688
146.6072235107422 532.2896118164062
147.346435546875 532.9566650390625
148.08592224121094 533.6234130859375
148.82569885253906 534.2898559570312
149.5657501220703 534.9559936523438
150.30609130859375 535.621826171875
151.0467071533203 536.2872924804688
151.78761291503906 536.9524536132812
152.52879333496094 537.6173095703125
153.270263671875 538.2818603515625
154.0120086669922 538.9461059570312
154.7540283203125 539.6100463867188
155.496337890625 540.273681640625
156.23892211914062 540.9369506835938
156.98178100585938 541.5999145507812
157.7249298095703 542.2625732421875
158.46835327148438 542.9249267578125
159.21206665039062 543.5869750976562
159.9560546875 544.2486572265625
160.7003173828125 544.9100341796875
161.4448699951172 545.5711059570312
162.189697265625 546.2318725585938
162.934814453125 546.892333984375
163.68020629882812 547.5524291992188
164.42587280273438 548.2122192382812
165.1718292236328 548.8717041015625
165.91806030273438 549.5308837890625
166.66456604003906 550.189697265625
167.41136169433594 550.8482055664062
168.15843200683594 551.5064086914062
168.90577697753906 552.164306640625
169.65341186523438 552.8218994140625
170.4013214111328 553.4791259765625
171.14950561523438 554.1360473632812
171.89797973632812 554.7926635742188
172.646728515625 555.448974609375
173.39576721191406 556.1049194335938
174.14508056640625 556.7605590820312
174.89462280273438 557.4158325195312
175.64447021484375 558.07080078125
176.3946075439453 558.7254638671875
177.14501953125 559.3798217773438
177.8957061767578 560.0338134765625
178.64663696289062 560.6874389648438
179.3979034423828 561.3408203125
180.14944458007812 561.993896484375
180.90126037597656 562.6466064453125
181.65333557128906 563.2990112304688
182.4056854248047 563.9510498046875
183.15834045410156 564.602783203125
183.91127014160156 565.2542114257812
184.66448974609375 565.9053344726562
185.41799926757812 566.5560913085938
186.17176818847656 567.20654296875
186.92581176757812 567.856689453125
187.6801300048828 568.5064697265625
188.43475341796875 569.1559448242188
189.18963623046875 569.8051147460938
189.94479370117188 570.4539184570312
190.70022583007812 571.1024169921875
191.4559326171875 571.7505493164062
192.21194458007812 572.3983764648438
192.96823120117188 573.0458984375
193.7247772216797 573.6930541992188
194.48159790039062 574.3399047851562
195.23867797851562 574.9863891601562
195.99606323242188 575.632568359375
196.75372314453125 576.2784423828125
197.51162719726562 576.9238891601562
198.26980590820312 577.5690307617188
199.02830505371094 578.2138671875
199.78707885742188 578.8583984375
200.546142578125 579.5025634765625
201.30548095703125 580.1464233398438
201.30548095703125 580.1464233398438
201.30548095703125 580.1464233398438
201.30548095703125 580.1464233398438
201.30548095703125 580.1464233398438
201.30548095703125 580.1464233398438
201.30548095703125 580.1464233398438
201.30548095703125 580.1464233398438
201.30548095703125 580.1464233398438
201.30548095703125 580.1464233398438
201.30548095703125 580.1464233398438
201.30548095703125 580.1464233398438
201.30548095703125 580.1464233398438
201.30548095703125 580.1464233398438
201.30548095703125 580.1464233398438
201.30548095703125 580.1464233398438
201.30548095703125 580.1464233398438
201.30548095703125 580.1464233398438
201.30548095703125 580.1464233398438
201.30548095703125 580.1464233398438
201.30548095703125 580.1464233398438
201.30548095703125 580.1464233398438
201.30548095703125 580.1464233398438
201.30548095703125 580.1464233398438
201.30548095703125 580.1464233398438
201.30548095703125 580.1464233398438
201.30548095703125 580.1464233398438
201.30548095703125 580.1464233398438
201.30548095703125 580.1464233398438
201.30548095703125 580.1464233398438
201.30548095703125 580.1464233398438
201.30548095703125 580.1464233398438
201.30548095703125 580.1464233398438
201.30548095703125 580.1464233398438
201.30548095703125 580.1464233398438
201.30548095703125 580.1464233398438
201.30548095703125 580.1464233398438
201.30548095703125 580.1464233398438
201.30548095703125 580.1464233398438
201.30548095703125 580.1464233398438
201.30548095703125 580.1464233398438
201.30548095703125 580.1464233398438
201.30548095703125 580.1464233398438
201.30548095703125 580.1464233398438
201.30548095703125 580.1464233398438
201.30548095703125 580.1464233398438
201.30548095703125 580.1464233398438
201.30548095703125 580.1464233398438
201.30548095703125 580.1464233398438
201.30548095703125 580.1464233398438
201.30548095703125 580.1464233398438
201.30548095703125 580.1464233398438
201.30548095703125 580.1464233398438
201.30548095703125 580.1464233398438
201.30548095703125 580.1464233398438
201.30548095703125 580.1464233398438
201.30548095703125 580.1464233398438
201.30548095703125 580.1464233398438
201.30548095703125 580.1464233398438
201.30548095703125 580.1464233398438
201.30548095703125 580.1464233398438
201.30548095703125 580.1464233398438
201.30548095703125 580.1464233398438
201.30548095703125 580.1464233398438
201.30548095703125 580.1464233398438
201.30548095703125 580.1464233398438
201.30548095703125 580.1464233398438
201.30548095703125 580.1464233398438
201.30548095703125 580.1464233398438
201.30548095703125 580.1464233398438
201.30548095703125 580.1464233398438
201.30548095703125 580.1464233398438
201.30548095703125 580.1464233398438
201.30548095703125 580.1464233398438
201.30548095703125 580.1464233398438
201.30548095703125 580.1464233398438
201.30548095703125 580.1464233398438
201.30548095703125 580.1464233398438
201.30548095703125 580.1464233398438
201.30548095703125 580.1464233398438
201.30548095703125 580.1464233398438
201.30548095703125 580.1464233398438
201.30548095703125 580.1464233398438
201.30548095703125 580.1464233398438
201.30548095703125 580.1464233398438
201.30548095703125 580.1464233398438
201.30548095703125 580.1464233398438
201.30548095703125 580.1464233398438
201.30548095703125 580.1464233398438
201.30548095703125 580.1464233398438
201.30548095703125 580.1464233398438
201.30548095703125 580.1464233398438
201.30548095703125 580.1464233398438
201.30548095703125 580.1464233398438
201.30548095703125 580.1464233398438
201.30548095703125 580.1464233398438
201.30548095703125 580.1464233398438
201.30548095703125 580.1464233398438
201.30548095703125 580.1464233398438
201.30548095703125 580.1464233398438
201.30548095703125 580.1464233398438
201.30548095703125 580.1464233398438
201.30548095703125 580.1464233398438
201.30548095703125 580.1464233398438
201.30548095703125 580.1464233398438
201.30548095703125 580.1464233398438
201.30548095703125 580.1464233398438
201.30548095703125 580.1464233398438
201.30548095703125 580.1464233398438
201.30548095703125 580.1464233398438
201.30548095703125 580.1464233398438
201.30548095703125 580.1464233398438
201.30548095703125 580.1464233398438
201.30548095703125 580.1464233398438
201.30548095703125 580.1464233398438
201.30548095703125 580.1464233398438
201.30548095703125 580.1464233398438
201.30548095703125 580.1464233398438
201.30548095703125 580.1464233398438
201.30548095703125 580.1464233398438
201.30548095703125 580.1464233398438
201.30548095703125 580.1464233398438
201.30548095703125 580.1464233398438
201.30548095703125 580.1464233398438
201.30548095703125 580.1464233398438
201.30548095703125 580.1464233398438
201.30548095703125 580.1464233398438
201.30548095703125 580.1464233398438
201.30548095703125 580.1464233398438
201.30548095703125 580.1464233398438
201.30548095703125 580.1464233398438
201.30548095703125 580.1464233398438
201.30548095703125 580.1464233398438
201.30548095703125 580.1464233398438
201.30548095703125 580.1464233398438
201.30548095703125 580.1464233398438
201.30548095703125 580.1464233398438
201.30548095703125 580.1464233398438
201.30548095703125 580.1464233398438
201.30548095703125 580.1464233398438
201.30548095703125 580.1464233398438
201.30548095703125 580.1464233398438
201.30548095703125 580.1464233398438
201.30548095703125 580.1464233398438
201.30548095703125 580.1464233398438
201.30548095703125 580.1464233398438
201.30548095703125 580.1464233398438
201.30548095703125 580.1464233398438
201.30548095703125 580.1464233398438
201.30548095703125 580.1464233398438
201.30548095703125 580.1464233398438
201.30548095703125 580.1464233398438
201.30548095703125 580.1464233398438
201.30548095703125 580.1464233398438
201.30548095703125 580.1464233398438
201.30548095703125 580.1464233398438
201.30548095703125 580.1464233398438
201.30548095703125 580.1464233398438
201.30548095703125 580.1464233398438
201.30548095703125 580.1464233398438
201.30548095703125 580.1464233398438
201.30548095703125 580.1464233398438
201.30548095703125 580.1464233398438
201.30548095703125 580.1464233398438
201.30548095703125 580.1464233398438
201.30548095703125 580.1464233398438
201.30548095703125 580.1464233398438
201.30548095703125 580.1464233398438
201.30548095703125 580.1464233398438
201.30548095703125 580.1464233398438
201.30548095703125 580.1464233398438
201.30548095703125 580.1464233398438
201.30548095703125 580.1464233398438
201.30548095703125 580.1464233398438
201.30548095703125 580.1464233398438
201.30548095703125 580.1464233398438
201.30548095703125 580.1464233398438
201.30548095703125 580.1464233398438
201.30548095703125 580.1464233398438
201.30548095703125 580.1464233398438
201.30548095703125 580.1464233398438
201.30548095703125 580.1464233398438
201.30548095703125 580.1464233398438
201.30548095703125 580.1464233398438
201.30548095703125 580.1464233398438
201.30548095703125 580.1464233398438
201.30548095703125 580.1464233398438
201.30548095703125 580.1464233398438
201.30548095703125 580.1464233398438
201.30548095703125 580.1464233398438
201.30548095703125 580.1464233398438
201.30548095703125 580.1464233398438
201.30548095703125 580.1464233398438
201.30548095703125 580.1464233398438
201.30548095703125 580.1464233398438
201.30548095703125 580.1464233398438
201.30548095703125 580.1464233398438
201.30548095703125 580.1464233398438
201.30548095703125 580.1464233398438
201.30548095703125 580.1464233398438
201.30548095703125 580.1464233398438
201.30548095703125 580.1464233398438
201.30548095703125 580.1464233398438
201.30548095703125 580.1464233398438
201.30548095703125 580.1464233398438
201.30548095703125 580.1464233398438
201.30548095703125 580.1464233398438
201.30548095703125 580.1464233398438
201.30548095703125 580.1464233398438
201.30548095703125 580.1464233398438
201.30548095703125 580.1464233398438
201.30548095703125 580.1464233398438
201.30548095703125 580.1464233398438
201.30548095703125 580.1464233398438
201.30548095703125 580.1464233398438
201.30548095703125 580.1464233398438
201.30548095703125 580.1464233398438
201.30548095703125 580.1464233398438
201.30548095703125 580.1464233398438
201.30548095703125 580.1464233398438
201.30548095703125 580.1464233398438
201.30548095703125 580.1464233398438
201.30548095703125 580.1464233398438
201.30548095703125 580.1464233398438
201.30548095703125 580.1464233398438
201.30548095703125 580.1464233398438
201.30548095703125 580.1464233398438
201.30548095703125 580.1464233398438
201.30548095703125 580.1464233398438
201.30548095703125 580.1464233398438
201.30548095703125 580.1464233398438
201.30548095703125 580.1464233398438
201.30548095703125 580.1464233398438
201.30548095703125 580.1464233398438
201.30548095703125 580.1464233398438
201.30548095703125 580.1464233398438
201.30548095703125 580.1464233398438
201.30548095703125 580.1464233398438
201.30548095703125 580.1464233398438
201.30548095703125 580.1464233398438
201.30548095703125 580.1464233398438
201.30548095703125 580.1464233398438
201.30548095703125 580.1464233398438
201.30548095703125 580.1464233398438
201.30548095703125 580.1464233398438
201.30548095703125 580.1464233398438
201.30548095703125 580.1464233398438
201.30548095703125 580.1464233398438
201.30548095703125 580.1464233398438
201.30548095703125 580.1464233398438
201.30548095703125 580.1464233398438
201.30548095703125 580.1464233398438
201.30548095703125 580.1464233398438
201.30548095703125 580.1464233398438
201.30548095703125 580.1464233398438
201.30548095703125 580.1464233398438
201.30548095703125 580.1464233398438
201.30548095703125 580.1464233398438
201.30548095703125 580.1464233398438
201.30548095703125 580.1464233398438
201.30548095703125 580.1464233398438
201.30548095703125 580.1464233398438
201.30548095703125 580.1464233398438
201.30548095703125 580.1464233398438
201.30548095703125 580.1464233398438
201.30548095703125 580.1464233398438
201.30548095703125 580.1464233398438
201.30548095703125 580.1464233398438
201.30548095703125 580.1464233398438
201.30548095703125 580.1464233398438
201.30548095703125 580.1464233398438
201.30548095703125 580.1464233398438
201.30548095703125 580.1464233398438
201.30548095703125 580.1464233398438
201.30548095703125 580.1464233398438
201.30548095703125 580.1464233398438
201.30548095703125 580.1464233398438
201.30548095703125 580.1464233398438
201.30548095703125 580.1464233398438
201.30548095703125 580.1464233398438
201.30548095703125 580.1464233398438
201.30548095703125 580.1464233398438
201.30548095703125 580.1464233398438
201.30548095703125 580.1464233398438
201.30548095703125 580.1464233398438
201.30548095703125 580.1464233398438
201.30548095703125 580.1464233398438
201.30548095703125 580.1464233398438
201.30548095703125 580.1464233398438
201.30548095703125 580.1464233398438
201.30548095703125 580.1464233398438
201.30548095703125 580.1464233398438
201.30548095703125 580.1464233398438
201.30548095703125 580.1464233398438
201.30548095703125 580.1464233398438
201.30548095703125 580.1464233398438
201.30548095703125 580.1464233398438
201.30548095703125 580.1464233398438
201.30548095703125 580.1464233398438
201.30548095703125 580.1464233398438
201.30548095703125 580.1464233398438
201.30548095703125 580.1464233398438
201.30548095703125 580.1464233398438
201.30548095703125 580.1464233398438
201.30548095703125 580.1464233398438
201.30548095703125 580.1464233398438
201.30548095703125 580.1464233398438
201.30548095703125 580.1464233398438
201.30548095703125 580.1464233398438
201.30548095703125 580.1464233398438
201.30548095703125 580.1464233398438
201.30548095703125 580.1464233398438
201.30548095703125 580.1464233398438
201.30548095703125 580.1464233398438
201.30548095703125 580.1464233398438
201.30548095703125 580.1464233398438
201.30548095703125 580.1464233398438
201.30548095703125 580.1464233398438
201.30548095703125 580.1464233398438
201.30548095703125 580.1464233398438
201.30548095703125 580.1464233398438
201.30548095703125 580.1464233398438
201.30548095703125 580.1464233398438
201.30548095703125 580.1464233398438
201.30548095703125 580.1464233398438
201.30548095703125 580.1464233398438
201.30548095703125 580.1464233398438
201.30548095703125 580.1464233398438
201.30548095703125 580.1464233398438
201.30548095703125 580.1464233398438
201.30548095703125 580.1464233398438
201.30548095703125 580.1464233398438
201.30548095703125 580.1464233398438
201.30548095703125 580.1464233398438
201.30548095703125 580.1464233398438
201.30548095703125 580.1464233398438
201.30548095703125 580.1464233398438
201.30548095703125 580.1464233398438
201.30548095703125 580.1464233398438
201.30548095703125 580.1464233398438
201.30548095703125 580.1464233398438
201.30548095703125 580.1464233398438
201.30548095703125 580.1464233398438
201.30548095703125 580.1464233398438
201.30548095703125 580.1464233398438
201.30548095703125 580.1464233398438
201.30548095703125 580.1464233398438
201.30548095703125 580.1464233398438
201.30548095703125 580.1464233398438
201.30548095703125 580.1464233398438
201.30548095703125 580.1464233398438
201.30548095703125 580.1464233398438
201.30548095703125 580.1464233398438
201.30548095703125 580.1464233398438
201.30548095703125 580.1464233398438
201.30548095703125 580.1464233398438
201.30548095703125 580.1464233398438
201.30548095703125 580.1464233398438
201.30548095703125 580.1464233398438
201.30548095703125 580.1464233398438
201.30548095703125 580.1464233398438
201.30548095703125 580.1464233398438
201.30548095703125 580.1464233398438
201.30548095703125 580.1464233398438
201.30548095703125 580.1464233398438
201.30548095703125 580.1464233398438
201.30548095703125 580.1464233398438
201.30548095703125 580.1464233398438
201.30548095703125 580.1464233398438
201.30548095703125 580.1464233398438
201.30548095703125 580.1464233398438
201.30548095703125 580.1464233398438
201.30548095703125 580.1464233398438
201.30548095703125 580.1464233398438
201.30548095703125 580.1464233398438
201.30548095703125 580.1464233398438
201.30548095703125 580.1464233398438
201.30548095703125 580.1464233398438
201.30548095703125 580.1464233398438
201.30548095703125 580.1464233398438
201.30548095703125 580.1464233398438
201.30548095703125 580.1464233398438
201.30548095703125 580.1464233398438
201.30548095703125 580.1464233398438
201.30548095703125 580.1464233398438
201.30548095703125 580.1464233398438
201.30548095703125 580.1464233398438
201.30548095703125 580.1464233398438
201.30548095703125 580.1464233398438
201.30548095703125 580.1464233398438
201.30548095703125 580.1464233398438
201.30548095703125 580.1464233398438
201.30548095703125 580.1464233398438
201.30548095703125 580.1464233398438
201.30548095703125 580.1464233398438
201.30548095703125 580.1464233398438
201.30548095703125 580.1464233398438
201.30548095703125 580.1464233398438
201.30548095703125 580.1464233398438
201.30548095703125 580.1464233398438
201.30548095703125 580.1464233398438
201.30548095703125 580.1464233398438
201.30548095703125 580.1464233398438
201.30548095703125 580.1464233398438
201.30548095703125 580.1464233398438
201.30548095703125 580.1464233398438
201.30548095703125 580.1464233398438
201.30548095703125 580.1464233398438
201.30548095703125 580.1464233398438
201.30548095703125 580.1464233398438
201.30548095703125 580.1464233398438
201.30548095703125 580.1464233398438
201.30548095703125 580.1464233398438
201.30548095703125 580.1464233398438
201.30548095703125 580.1464233398438
201.30548095703125 580.1464233398438
201.30548095703125 580.1464233398438
201.30548095703125 580.1464233398438
201.30548095703125 580.1464233398438
201.30548095703125 580.1464233398438
201.30548095703125 580.1464233398438
201.30548095703125 580.1464233398438
201.30548095703125 580.1464233398438
201.30548095703125 580.1464233398438
201.30548095703125 580.1464233398438
201.30548095703125 580.1464233398438
201.30548095703125 580.1464233398438
201.30548095703125 580.1464233398438
201.30548095703125 580.1464233398438
201.30548095703125 580.1464233398438
201.30548095703125 580.1464233398438
201.30548095703125 580.1464233398438
201.30548095703125 580.1464233398438
201.30548095703125 580.1464233398438
201.30548095703125 580.1464233398438
201.30548095703125 580.1464233398438
201.30548095703125 580.1464233398438
201.30548095703125 580.1464233398438
201.30548095703125 580.1464233398438
201.30548095703125 580.1464233398438
201.30548095703125 580.1464233398438
201.30548095703125 580.1464233398438
201.30548095703125 580.1464233398438
201.30548095703125 580.1464233398438
201.30548095703125 580.1464233398438
201.30548095703125 580.1464233398438
201.30548095703125 580.1464233398438
201.30548095703125 580.1464233398438
201.30548095703125 580.1464233398438
201.30548095703125 580.1464233398438
201.30548095703125 580.1464233398438
201.30548095703125 580.1464233398438
201.30548095703125 580.1464233398438
201.30548095703125 580.1464233398438
201.30548095703125 580.1464233398438
201.30548095703125 580.1464233398438
201.30548095703125 580.1464233398438
201.30548095703125 580.1464233398438
201.30548095703125 580.1464233398438
201.30548095703125 580.1464233398438
201.30548095703125 580.1464233398438
201.30548095703125 580.1464233398438
201.30548095703125 580.1464233398438
201.30548095703125 580.1464233398438
201.30548095703125 580.1464233398438
201.30548095703125 580.1464233398438
201.30548095703125 580.1464233398438
201.30548095703125 580.1464233398438
201.30548095703125 580.1464233398438
201.30548095703125 580.1464233398438
201.30548095703125 580.1464233398438
201.30548095703125 580.1464233398438
201.30548095703125 580.1464233398438
201.30548095703125 580.1464233398438
201.30548095703125 580.1464233398438
201.30548095703125 580.1464233398438
201.30548095703125 580.1464233398438
201.30548095703125 580.1464233398438
201.30548095703125 580.1464233398438
201.30548095703125 580.1464233398438
201.30548095703125 580.1464233398438
201.30548095703125 580.1464233398438
201.30548095703125 580.1464233398438
201.30548095703125 580.1464233398438
201.30548095703125 580.1464233398438
201.30548095703125 580.1464233398438
201.30548095703125 580.1464233398438
201.30548095703125 580.1464233398438
201.30548095703125 580.1464233398438
201.30548095703125 580.1464233398438
201.30548095703125 580.1464233398438
201.30548095703125 580.1464233398438
201.30548095703125 580.1464233398438
201.30548095703125 580.1464233398438
201.30548095703125 580.1464233398438
201.30548095703125 580.1464233398438
201.30548095703125 580.1464233398438
201.30548095703125 580.1464233398438
201.30548095703125 580.1464233398438
201.30548095703125 580.1464233398438
201.30548095703125 580.1464233398438
201.30548095703125 580.1464233398438
201.30548095703125 580.1464233398438
201.30548095703125 580.1464233398438
201.30548095703125 580.1464233398438
201.30548095703125 580.1464233398438
201.30548095703125 580.1464233398438
201.30548095703125 580.1464233398438
201.30548095703125 580.1464233398438
201.30548095703125 580.1464233398438
201.30548095703125 580.1464233398438
201.30548095703125 580.1464233398438
201.30548095703125 580.1464233398438
201.30548095703125 580.1464233398438
201.30548095703125 580.1464233398438
201.30548095703125 580.1464233398438
201.30548095703125 580.1464233398438
201.30548095703125 580.1464233398438
201.30548095703125 580.1464233398438
201.30548095703125 580.1464233398438
201.30548095703125 580.1464233398438
201.30548095703125 580.1464233398438
201.30548095703125 580.1464233398438
201.30548095703125 580.1464233398438
201.30548095703125 580.1464233398438
201.30548095703125 580.1464233398438
201.30548095703125 580.1464233398438
201.30548095703125 580.1464233398438
201.30548095703125 580.1464233398438
201.30548095703125 580.1464233398438
201.30548095703125 580.1464233398438
201.30548095703125 580.1464233398438
201.30548095703125 580.1464233398438
201.30548095703125 580.1464233398438
201.30548095703125 580.1464233398438
201.30548095703125 580.1464233398438
201.30548095703125 580.1464233398438
201.30548095703125 580.1464233398438
201.30548095703125 580.1464233398438
201.30548095703125 580.1464233398438
201.30548095703125 580.1464233398438
201.30548095703125 580.1464233398438
201.30548095703125 580.1464233398438
201.30548095703125 580.1464233398438
201.30548095703125 580.1464233398438
201.30548095703125 580.1464233398438
201.30548095703125 580.1464233398438
201.30548095703125 580.1464233398438
201.30548095703125 580.1464233398438
201.30548095703125 580.1464233398438
201.30548095703125 580.1464233398438
201.30548095703125 580.1464233398438
201.30548095703125 580.1464233398438
201.30548095703125 580.1464233398438
201.30548095703125 580.1464233398438
201.30548095703125 580.1464233398438
201.30548095703125 580.1464233398438
201.30548095703125 580.1464233398438
201.30548095703125 580.1464233398438
201.30548095703125 580.1464233398438
201.30548095703125 580.1464233398438
201.30548095703125 580.1464233398438
201.30548095703125 580.1464233398438
201.30548095703125 580.1464233398438
201.30548095703125 580.1464233398438
201.30548095703125 580.1464233398438
201.30548095703125 580.1464233398438
201.30548095703125 580.1464233398438
201.30548095703125 580.1464233398438
201.30548095703125 580.1464233398438
201.30548095703125 580.1464233398438
201.30548095703125 580.1464233398438
201.30548095703125 580.1464233398438
201.30548095703125 580.1464233398438
201.30548095703125 580.1464233398438
201.30548095703125 580.1464233398438
201.30548095703125 580.1464233398438
201.30548095703125 580.1464233398438
201.30548095703125 580.1464233398438
201.30548095703125 580.1464233398438
201.30548095703125 580.1464233398438
201.30548095703125 580.1464233398438
201.30548095703125 580.1464233398438
201.30548095703125 580.1464233398438
201.30548095703125 580.1464233398438
201.30548095703125 580.1464233398438
201.30548095703125 580.1464233398438
201.30548095703125 580.1464233398438
201.30548095703125 580.1464233398438
201.30548095703125 580.1464233398438
201.30548095703125 580.1464233398438
201.30548095703125 580.1464233398438
201.30548095703125 580.1464233398438
201.30548095703125 580.1464233398438
201.30548095703125 580.1464233398438
201.30548095703125 580.1464233398438
201.30548095703125 580.1464233398438
201.30548095703125 580.1464233398438
201.30548095703125 580.1464233398438
201.30548095703125 580.1464233398438
201.30548095703125 580.1464233398438
201.30548095703125 580.1464233398438
201.30548095703125 580.1464233398438
201.30548095703125 580.1464233398438
201.30548095703125 580.1464233398438
201.30548095703125 580.1464233398438
201.30548095703125 580.1464233398438
201.30548095703125 580.1464233398438
201.30548095703125 580.1464233398438
201.30548095703125 580.1464233398438
201.30548095703125 580.1464233398438
201.30548095703125 580.1464233398438
201.30548095703125 580.1464233398438
201.30548095703125 580.1464233398438
201.30548095703125 580.1464233398438
201.30548095703125 580.1464233398438
201.30548095703125 580.1464233398438
201.30548095703125 580.1464233398438
201.30548095703125 580.1464233398438
201.30548095703125 580.1464233398438
201.30548095703125 580.1464233398438
201.30548095703125 580.1464233398438
201.30548095703125 580.1464233398438
201.30548095703125 580.1464233398438
201.30548095703125 580.1464233398438
201.30548095703125 580.1464233398438
201.30548095703125 580.1464233398438
201.30548095703125 580.1464233398438
201.30548095703125 580.1464233398438
201.30548095703125 580.1464233398438
201.30548095703125 580.1464233398438
201.30548095703125 580.1464233398438
201.30548095703125 580.1464233398438
201.30548095703125 580.1464233398438
201.30548095703125 580.1464233398438
201.30548095703125 580.1464233398438
201.30548095703125 580.1464233398438
201.30548095703125 580.1464233398438
201.30548095703125 580.1464233398438
201.30548095703125 580.1464233398438
201.30548095703125 580.1464233398438
201.30548095703125 580.1464233398438
201.30548095703125 580.1464233398438
201.30548095703125 580.1464233398438
201.30548095703125 580.1464233398438
201.30548095703125 580.1464233398438
201.30548095703125 580.1464233398438
201.30548095703125 580.1464233398438
201.30548095703125 580.1464233398438
201.30548095703125 580.1464233398438
201.30548095703125 580.1464233398438
201.30548095703125 580.1464233398438
201.30548095703125 580.1464233398438
201.30548095703125 580.1464233398438
201.30548095703125 580.1464233398438
201.30548095703125 580.1464233398438
201.30548095703125 580.1464233398438
201.30548095703125 580.1464233398438
201.30548095703125 580.1464233398438
201.30548095703125 580.1464233398438
201.30548095703125 580.1464233398438
201.30548095703125 580.1464233398438
201.30548095703125 580.1464233398438
201.30548095703125 580.1464233398438
201.30548095703125 580.1464233398438
201.30548095703125 580.1464233398438
201.30548095703125 580.1464233398438
201.30548095703125 580.1464233398438
201.30548095703125 580.1464233398438
201.30548095703125 580.1464233398438
201.30548095703125 580.1464233398438
201.30548095703125 580.1464233398438
201.30548095703125 580.1464233398438
201.30548095703125 580.1464233398438
201.30548095703125 580.1464233398438
201.30548095703125 580.1464233398438
201.30548095703125 580.1464233398438
201.30548095703125 580.1464233398438
201.30548095703125 580.1464233398438
201.30548095703125 580.1464233398438
201.30548095703125 580.1464233398438
201.30548095703125 580.1464233398438
201.30548095703125 580.1464233398438
201.30548095703125 580.1464233398438
201.30548095703125 580.1464233398438
201.30548095703125 580.1464233398438
201.30548095703125 580.1464233398438
201.30548095703125 580.1464233398438
201.30548095703125 580.1464233398438
201.30548095703125 580.1464233398438
201.30548095703125 580.1464233398438
201.30548095703125 580.1464233398438
201.30548095703125 580.1464233398438
201.30548095703125 580.1464233398438
201.30548095703125 580.1464233398438
201.30548095703125 580.1464233398438
201.30548095703125 580.1464233398438
201.30548095703125 580.1464233398438
201.30548095703125 580.1464233398438
201.30548095703125 580.1464233398438
201.30548095703125 580.1464233398438
201.30548095703125 580.1464233398438
201.30548095703125 580.1464233398438
201.30548095703125 580.1464233398438
201.30548095703125 580.1464233398438
201.30548095703125 580.1464233398438
201.30548095703125 580.1464233398438
201.30548095703125 580.1464233398438
201.30548095703125 580.1464233398438
201.30548095703125 580.1464233398438
201.30548095703125 580.1464233398438
201.30548095703125 580.1464233398438
201.30548095703125 580.1464233398438
201.30548095703125 580.1464233398438
201.30548095703125 580.1464233398438
201.30548095703125 580.1464233398438
201.30548095703125 580.1464233398438
201.30548095703125 580.1464233398438
201.30548095703125 580.1464233398438
201.30548095703125 580.1464233398438
201.30548095703125 580.1464233398438
201.30548095703125 580.1464233398438
201.30548095703125 580.1464233398438
201.30548095703125 580.1464233398438
201.30548095703125 580.1464233398438
201.30548095703125 580.1464233398438
201.30548095703125 580.1464233398438
201.30548095703125 580.1464233398438
201.30548095703125 580.1464233398438
201.30548095703125 580.1464233398438
201.30548095703125 580.1464233398438
201.30548095703125 580.1464233398438
201.30548095703125 580.1464233398438
201.30548095703125 580.1464233398438
201.30548095703125 580.1464233398438
201.30548095703125 580.1464233398438
201.30548095703125 580.1464233398438
201.30548095703125 580.1464233398438
201.30548095703125 580.1464233398438
201.30548095703125 580.1464233398438
201.30548095703125 580.1464233398438
201.30548095703125 580.1464233398438
201.30548095703125 580.1464233398438
201.30548095703125 580.1464233398438
201.30548095703125 580.1464233398438
201.30548095703125 580.1464233398438
201.30548095703125 580.1464233398438
201.30548095703125 580.1464233398438
201.30548095703125 580.1464233398438
201.30548095703125 580.1464233398438
201.30548095703125 580.1464233398438
201.30548095703125 580.1464233398438
201.30548095703125 580.1464233398438
201.30548095703125 580.1464233398438
201.30548095703125 580.1464233398438
201.30548095703125 580.1464233398438
201.30548095703125 580.1464233398438
201.30548095703125 580.1464233398438
201.30548095703125 580.1464233398438
201.30548095703125 580.1464233398438
201.30548095703125 580.1464233398438
201.30548095703125 580.1464233398438
201.30548095703125 580.1464233398438
202.2359619140625 580.4999389648438
202.2359619140625 580.4999389648438
202.2359619140625 580.4999389648438
202.2359619140625 580.4999389648438
202.2359619140625 580.4999389648438
202.2359619140625 580.4999389648438
202.2359619140625 580.4999389648438
202.2359619140625 580.4999389648438
202.2359619140625 580.4999389648438
202.2359619140625 580.4999389648438
202.2359619140625 580.4999389648438
202.2359619140625 580.4999389648438
202.2359619140625 580.4999389648438
202.2359619140625 580.4999389648438
202.2359619140625 580.4999389648438
202.2359619140625 580.4999389648438
202.2359619140625 580.4999389648438
202.2359619140625 580.4999389648438
202.2359619140625 580.4999389648438
202.2359619140625 580.4999389648438
202.2359619140625 580.4999389648438
202.2359619140625 580.4999389648438
202.2359619140625 580.4999389648438
202.2359619140625 580.4999389648438
202.2359619140625 580.4999389648438
202.2359619140625 580.4999389648438
202.2359619140625 580.4999389648438
202.2359619140625 580.4999389648438
202.2359619140625 580.4999389648438
202.2359619140625 580.4999389648438
202.2359619140625 580.4999389648438
202.2359619140625 580.4999389648438
202.2359619140625 580.4999389648438
202.2359619140625 580.4999389648438
202.2359619140625 580.4999389648438
202.2359619140625 580.4999389648438
202.2359619140625 580.4999389648438
202.2359619140625 580.4999389648438
202.2359619140625 580.4999389648438
202.2359619140625 580.4999389648438
202.2359619140625 580.4999389648438
202.2359619140625 580.4999389648438
202.2359619140625 580.4999389648438
202.2359619140625 580.4999389648438
202.2359619140625 580.4999389648438
202.2359619140625 580.4999389648438
202.2359619140625 580.4999389648438
202.2359619140625 580.4999389648438
202.2359619140625 580.4999389648438
202.2359619140625 580.4999389648438
202.2359619140625 580.4999389648438
202.2359619140625 580.4999389648438
202.2359619140625 580.4999389648438
202.2359619140625 580.4999389648438
202.2359619140625 580.4999389648438
202.2359619140625 580.4999389648438
202.2359619140625 580.4999389648438
202.2359619140625 580.4999389648438
202.2359619140625 580.4999389648438
202.2359619140625 580.4999389648438
202.2359619140625 580.4999389648438
202.2359619140625 580.4999389648438
202.2359619140625 580.4999389648438
202.2359619140625 580.4999389648438
202.2359619140625 580.4999389648438
202.2359619140625 580.4999389648438
202.2359619140625 580.4999389648438
202.2359619140625 580.4999389648438
202.2359619140625 580.4999389648438
202.2359619140625 580.4999389648438
202.2359619140625 580.4999389648438
202.2359619140625 580.4999389648438
202.2359619140625 580.4999389648438
202.2359619140625 580.4999389648438
202.2359619140625 580.4999389648438
202.2359619140625 580.4999389648438
202.2359619140625 580.4999389648438
202.2359619140625 580.4999389648438
202.2359619140625 580.4999389648438
202.2359619140625 580.4999389648438
202.2359619140625 580.4999389648438
202.2359619140625 580.4999389648438
202.2359619140625 580.4999389648438
202.2359619140625 580.4999389648438
202.2359619140625 580.4999389648438
202.2359619140625 580.4999389648438
202.2359619140625 580.4999389648438
202.2359619140625 580.4999389648438
202.2359619140625 580.4999389648438
202.2359619140625 580.4999389648438
202.2359619140625 580.4999389648438
202.2359619140625 580.4999389648438
202.2359619140625 580.4999389648438
202.2359619140625 580.4999389648438
202.2359619140625 580.4999389648438
202.2359619140625 580.4999389648438
202.2359619140625 580.4999389648438
202.2359619140625 580.4999389648438
202.2359619140625 580.4999389648438
202.2359619140625 580.4999389648438
202.2359619140625 580.4999389648438
202.2359619140625 580.4999389648438
202.2359619140625 580.4999389648438
202.2359619140625 580.4999389648438
202.2359619140625 580.4999389648438
202.2359619140625 580.4999389648438
202.2359619140625 580.4999389648438
202.2359619140625 580.4999389648438
202.2359619140625 580.4999389648438
202.2359619140625 580.4999389648438
202.2359619140625 580.4999389648438
202.2359619140625 580.4999389648438
202.2359619140625 580.4999389648438
202.2359619140625 580.4999389648438
202.2359619140625 580.4999389648438
202.2359619140625 580.4999389648438
202.2359619140625 580.4999389648438
202.2359619140625 580.4999389648438
202.2359619140625 580.4999389648438
202.2359619140625 580.4999389648438
202.2359619140625 580.4999389648438
202.2359619140625 580.4999389648438
202.2359619140625 580.4999389648438
202.2359619140625 580.4999389648438
202.2359619140625 580.4999389648438
202.2359619140625 580.4999389648438
202.2359619140625 580.4999389648438
202.2359619140625 580.4999389648438
202.2359619140625 580.4999389648438
202.2359619140625 580.4999389648438
202.2359619140625 580.4999389648438
202.2359619140625 580.4999389648438
202.2359619140625 580.4999389648438
202.2359619140625 580.4999389648438
202.2359619140625 580.4999389648438
202.2359619140625 580.4999389648438
202.2359619140625 580.4999389648438
202.2359619140625 580.4999389648438
202.2359619140625 580.4999389648438
202.2359619140625 580.4999389648438
202.2359619140625 580.4999389648438
202.2359619140625 580.4999389648438
202.2359619140625 580.4999389648438
202.2359619140625 580.4999389648438
202.2359619140625 580.4999389648438
202.2359619140625 580.4999389648438
202.2359619140625 580.4999389648438
202.2359619140625 580.4999389648438
202.2359619140625 580.4999389648438
202.2359619140625 580.4999389648438
202.2359619140625 580.4999389648438
202.2359619140625 580.4999389648438
202.2359619140625 580.4999389648438
202.2359619140625 580.4999389648438
202.2359619140625 580.4999389648438
202.2359619140625 580.4999389648438
202.2359619140625 580.4999389648438
202.2359619140625 580.4999389648438
202.2359619140625 580.4999389648438
202.2359619140625 580.4999389648438
202.2359619140625 580.4999389648438
202.2359619140625 580.4999389648438
202.2359619140625 580.4999389648438
202.2359619140625 580.4999389648438
202.2359619140625 580.4999389648438
202.2359619140625 580.4999389648438
202.2359619140625 580.4999389648438
202.2359619140625 580.4999389648438
202.2359619140625 580.4999389648438
202.2359619140625 580.4999389648438
202.2359619140625 580.4999389648438
202.2359619140625 580.4999389648438
202.2359619140625 580.4999389648438
202.2359619140625 580.4999389648438
202.2359619140625 580.4999389648438
202.2359619140625 580.4999389648438
202.2359619140625 580.4999389648438
202.2359619140625 580.4999389648438
202.2359619140625 580.4999389648438
202.2359619140625 580.4999389648438
202.2359619140625 580.4999389648438
202.2359619140625 580.4999389648438
202.2359619140625 580.4999389648438
202.2359619140625 580.4999389648438
202.2359619140625 580.4999389648438
202.2359619140625 580.4999389648438
202.2359619140625 580.4999389648438
202.2359619140625 580.4999389648438
202.2359619140625 580.4999389648438
202.2359619140625 580.4999389648438
202.2359619140625 580.4999389648438
202.2359619140625 580.4999389648438
202.2359619140625 580.4999389648438
202.2359619140625 580.4999389648438
202.2359619140625 580.4999389648438
202.2359619140625 580.4999389648438
202.2359619140625 580.4999389648438
202.2359619140625 580.4999389648438
202.2359619140625 580.4999389648438
202.2359619140625 580.4999389648438
202.2359619140625 580.4999389648438
202.2359619140625 580.4999389648438
202.2359619140625 580.4999389648438
202.2359619140625 580.4999389648438
202.2359619140625 580.4999389648438
202.2359619140625 580.4999389648438
202.2359619140625 580.4999389648438
202.2359619140625 580.4999389648438
202.2359619140625 580.4999389648438
202.2359619140625 580.4999389648438
202.2359619140625 580.4999389648438
202.2359619140625 580.4999389648438
202.2359619140625 580.4999389648438
202.2359619140625 580.4999389648438
202.2359619140625 580.4999389648438
202.2359619140625 580.4999389648438
202.2359619140625 580.4999389648438
202.2359619140625 580.4999389648438
202.2359619140625 580.4999389648438
202.2359619140625 580.4999389648438
202.2359619140625 580.4999389648438
202.2359619140625 580.4999389648438
202.2359619140625 580.4999389648438
202.2359619140625 580.4999389648438
202.2359619140625 580.4999389648438
202.2359619140625 580.4999389648438
202.2359619140625 580.4999389648438
202.2359619140625 580.4999389648438
202.2359619140625 580.4999389648438
202.2359619140625 580.4999389648438
202.2359619140625 580.4999389648438
202.2359619140625 580.4999389648438
202.2359619140625 580.4999389648438
202.2359619140625 580.4999389648438
202.2359619140625 580.4999389648438
202.2359619140625 580.4999389648438
202.2359619140625 580.4999389648438
202.2359619140625 580.4999389648438
202.2359619140625 580.4999389648438
202.2359619140625 580.4999389648438
202.2359619140625 580.4999389648438
202.2359619140625 580.4999389648438
202.2359619140625 580.4999389648438
202.2359619140625 580.4999389648438
202.2359619140625 580.4999389648438
202.2359619140625 580.4999389648438
202.2359619140625 580.4999389648438
202.2359619140625 580.4999389648438
202.2359619140625 580.4999389648438
202.2359619140625 580.4999389648438
202.2359619140625 580.4999389648438
202.2359619140625 580.4999389648438
202.2359619140625 580.4999389648438
202.2359619140625 580.4999389648438
202.2359619140625 580.4999389648438
202.2359619140625 580.4999389648438
202.2359619140625 580.4999389648438
202.2359619140625 580.4999389648438
202.2359619140625 580.4999389648438
202.2359619140625 580.4999389648438
202.2359619140625 580.4999389648438
202.2359619140625 580.4999389648438
202.2359619140625 580.4999389648438
202.2359619140625 580.4999389648438
202.2359619140625 580.4999389648438
202.2359619140625 580.4999389648438
202.2359619140625 580.4999389648438
202.2359619140625 580.4999389648438
202.2359619140625 580.4999389648438
202.2359619140625 580.4999389648438
202.2359619140625 580.4999389648438
202.2359619140625 580.4999389648438
202.2359619140625 580.4999389648438
202.2359619140625 580.4999389648438
202.2359619140625 580.4999389648438
202.2359619140625 580.4999389648438
202.2359619140625 580.4999389648438
202.2359619140625 580.4999389648438
202.2359619140625 580.4999389648438
202.2359619140625 580.4999389648438
202.2359619140625 580.4999389648438
202.2359619140625 580.4999389648438
202.2359619140625 580.4999389648438
202.2359619140625 580.4999389648438
202.2359619140625 580.4999389648438
202.2359619140625 580.4999389648438
202.2359619140625 580.4999389648438
202.2359619140625 580.4999389648438
202.2359619140625 580.4999389648438
202.2359619140625 580.4999389648438
202.2359619140625 580.4999389648438
202.2359619140625 580.4999389648438
202.2359619140625 580.4999389648438
202.2359619140625 580.4999389648438
202.2359619140625 580.4999389648438
202.2359619140625 580.4999389648438
202.2359619140625 580.4999389648438
202.2359619140625 580.4999389648438
202.2359619140625 580.4999389648438
202.2359619140625 580.4999389648438
202.2359619140625 580.4999389648438
202.2359619140625 580.4999389648438
202.2359619140625 580.4999389648438
202.2359619140625 580.4999389648438
202.2359619140625 580.4999389648438
202.2359619140625 580.4999389648438
202.2359619140625 580.4999389648438
202.2359619140625 580.4999389648438
202.2359619140625 580.4999389648438
202.2359619140625 580.4999389648438
202.2359619140625 580.4999389648438
202.2359619140625 580.4999389648438
202.2359619140625 580.4999389648438
202.2359619140625 580.4999389648438
202.2359619140625 580.4999389648438
202.2359619140625 580.4999389648438
202.2359619140625 580.4999389648438
202.2359619140625 580.4999389648438
202.2359619140625 580.4999389648438
202.2359619140625 580.4999389648438
202.2359619140625 580.4999389648438
202.2359619140625 580.4999389648438
202.2359619140625 580.4999389648438
202.2359619140625 580.4999389648438
202.2359619140625 580.4999389648438
202.2359619140625 580.4999389648438
202.2359619140625 580.4999389648438
202.2359619140625 580.4999389648438
202.2359619140625 580.4999389648438
202.2359619140625 580.4999389648438
202.2359619140625 580.4999389648438
202.2359619140625 580.4999389648438
202.2359619140625 580.4999389648438
202.2359619140625 580.4999389648438
202.2359619140625 580.4999389648438
202.2359619140625 580.4999389648438
202.2359619140625 580.4999389648438
202.2359619140625 580.4999389648438
202.2359619140625 580.4999389648438
202.2359619140625 580.4999389648438
202.2359619140625 580.4999389648438
202.2359619140625 580.4999389648438
202.2359619140625 580.4999389648438
202.2359619140625 580.4999389648438
202.2359619140625 580.4999389648438
202.2359619140625 580.4999389648438
202.2359619140625 580.4999389648438
202.2359619140625 580.4999389648438
202.2359619140625 580.4999389648438
202.2359619140625 580.4999389648438
202.2359619140625 580.4999389648438
202.2359619140625 580.4999389648438
202.2359619140625 580.4999389648438
202.2359619140625 580.4999389648438
202.2359619140625 580.4999389648438
202.2359619140625 580.4999389648438
202.2359619140625 580.4999389648438
202.2359619140625 580.4999389648438
202.2359619140625 580.4999389648438
202.2359619140625 580.4999389648438
202.2359619140625 580.4999389648438
202.2359619140625 580.4999389648438
202.2359619140625 580.4999389648438
202.2359619140625 580.4999389648438
202.2359619140625 580.4999389648438
202.2359619140625 580.4999389648438
202.2359619140625 580.4999389648438
202.2359619140625 580.4999389648438
202.2359619140625 580.4999389648438
202.2359619140625 580.4999389648438
202.2359619140625 580.4999389648438
202.2359619140625 580.4999389648438
202.2359619140625 580.4999389648438
202.2359619140625 580.4999389648438
202.2359619140625 580.4999389648438
202.2359619140625 580.4999389648438
202.2359619140625 580.4999389648438
202.2359619140625 580.4999389648438
202.2359619140625 580.4999389648438
202.2359619140625 580.4999389648438
202.2359619140625 580.4999389648438
202.2359619140625 580.4999389648438
202.2359619140625 580.4999389648438
202.2359619140625 580.4999389648438
202.2359619140625 580.4999389648438
202.2359619140625 580.4999389648438
202.2359619140625 580.4999389648438
202.2359619140625 580.4999389648438
202.2359619140625 580.4999389648438
202.2359619140625 580.4999389648438
202.2359619140625 580.4999389648438
202.2359619140625 580.4999389648438
202.2359619140625 580.4999389648438
202.2359619140625 580.4999389648438
202.2359619140625 580.4999389648438
202.2359619140625 580.4999389648438
202.2359619140625 580.4999389648438
202.2359619140625 580.4999389648438
202.2359619140625 580.4999389648438
202.2359619140625 580.4999389648438
202.2359619140625 580.4999389648438
202.2359619140625 580.4999389648438
202.2359619140625 580.4999389648438
202.2359619140625 580.4999389648438
202.2359619140625 580.4999389648438
202.2359619140625 580.4999389648438
202.2359619140625 580.4999389648438
202.2359619140625 580.4999389648438
202.2359619140625 580.4999389648438
202.2359619140625 580.4999389648438
202.2359619140625 580.4999389648438
202.2359619140625 580.4999389648438
202.2359619140625 580.4999389648438
202.2359619140625 580.4999389648438
202.2359619140625 580.4999389648438
202.2359619140625 580.4999389648438
202.2359619140625 580.4999389648438
202.2359619140625 580.4999389648438
202.2359619140625 580.4999389648438
202.2359619140625 580.4999389648438
202.2359619140625 580.4999389648438
202.2359619140625 580.4999389648438
202.2359619140625 580.4999389648438
202.2359619140625 580.4999389648438
202.2359619140625 580.4999389648438
202.2359619140625 580.4999389648438
202.2359619140625 580.4999389648438
202.2359619140625 580.4999389648438
202.2359619140625 580.4999389648438
202.2359619140625 580.4999389648438
202.2359619140625 580.4999389648438
202.2359619140625 580.4999389648438
202.2359619140625 580.4999389648438
202.2359619140625 580.4999389648438
202.2359619140625 580.4999389648438
202.2359619140625 580.4999389648438
202.2359619140625 580.4999389648438
202.2359619140625 580.4999389648438
202.2359619140625 580.4999389648438
202.2359619140625 580.4999389648438
202.2359619140625 580.4999389648438
202.2359619140625 580.4999389648438
202.2359619140625 580.4999389648438
202.2359619140625 580.4999389648438
202.2359619140625 580.4999389648438
202.2359619140625 580.4999389648438
202.2359619140625 580.4999389648438
202.2359619140625 580.4999389648438
202.2359619140625 580.4999389648438
202.2359619140625 580.4999389648438
202.2359619140625 580.4999389648438
202.2359619140625 580.4999389648438
202.2359619140625 580.4999389648438
202.2359619140625 580.4999389648438
202.2359619140625 580.4999389648438
202.2359619140625 580.4999389648438
202.2359619140625 580.4999389648438
202.2359619140625 580.4999389648438
202.2359619140625 580.4999389648438
202.2359619140625 580.4999389648438
202.2359619140625 580.4999389648438
202.2359619140625 580.4999389648438
202.2359619140625 580.4999389648438
202.2359619140625 580.4999389648438
202.2359619140625 580.4999389648438
202.2359619140625 580.4999389648438
202.2359619140625 580.4999389648438
202.2359619140625 580.4999389648438
202.2359619140625 580.4999389648438
202.2359619140625 580.4999389648438
202.2359619140625 580.4999389648438
202.2359619140625 580.4999389648438
202.2359619140625 580.4999389648438
202.2359619140625 580.4999389648438
202.2359619140625 580.4999389648438
202.2359619140625 580.4999389648438
202.2359619140625 580.4999389648438
202.2359619140625 580.4999389648438
202.2359619140625 580.4999389648438
202.2359619140625 580.4999389648438
202.2359619140625 580.4999389648438
202.2359619140625 580.4999389648438
202.2359619140625 580.4999389648438
202.2359619140625 580.4999389648438
202.2359619140625 580.4999389648438
202.2359619140625 580.4999389648438
202.2359619140625 580.4999389648438
202.2359619140625 580.4999389648438
202.2359619140625 580.4999389648438
202.2359619140625 580.4999389648438
202.2359619140625 580.4999389648438
202.2359619140625 580.4999389648438
202.2359619140625 580.4999389648438
202.2359619140625 580.4999389648438
202.2359619140625 580.4999389648438
202.2359619140625 580.4999389648438
202.2359619140625 580.4999389648438
202.2359619140625 580.4999389648438
202.2359619140625 580.4999389648438
202.2359619140625 580.4999389648438
202.2359619140625 580.4999389648438
202.2359619140625 580.4999389648438
202.2359619140625 580.4999389648438
202.2359619140625 580.4999389648438
202.2359619140625 580.4999389648438
202.2359619140625 580.4999389648438
202.2359619140625 580.4999389648438
202.2359619140625 580.4999389648438
202.2359619140625 580.4999389648438
202.2359619140625 580.4999389648438
202.2359619140625 580.4999389648438
202.2359619140625 580.4999389648438
202.2359619140625 580.4999389648438
202.2359619140625 580.4999389648438
202.2359619140625 580.4999389648438
202.2359619140625 580.4999389648438
202.2359619140625 580.4999389648438
202.2359619140625 580.4999389648438
202.2359619140625 580.4999389648438
202.2359619140625 580.4999389648438
202.2359619140625 580.4999389648438
202.2359619140625 580.4999389648438
202.2359619140625 580.4999389648438
202.2359619140625 580.4999389648438
202.2359619140625 580.4999389648438
202.2359619140625 580.4999389648438
202.2359619140625 580.4999389648438
202.2359619140625 580.4999389648438
202.2359619140625 580.4999389648438
202.2359619140625 580.4999389648438
202.2359619140625 580.4999389648438
202.2359619140625 580.4999389648438
202.2359619140625 580.4999389648438
202.2359619140625 580.4999389648438
202.2359619140625 580.4999389648438
202.2359619140625 580.4999389648438
202.2359619140625 580.4999389648438
202.2359619140625 580.4999389648438
202.2359619140625 580.4999389648438
202.2359619140625 580.4999389648438
202.2359619140625 580.4999389648438
202.2359619140625 580.4999389648438
202.2359619140625 580.4999389648438
202.2359619140625 580.4999389648438
202.2359619140625 580.4999389648438
202.2359619140625 580.4999389648438
202.2359619140625 580.4999389648438
202.2359619140625 580.4999389648438
202.2359619140625 580.4999389648438
202.2359619140625 580.4999389648438
202.2359619140625 580.4999389648438
202.2359619140625 580.4999389648438
202.2359619140625 580.4999389648438
202.2359619140625 580.4999389648438
202.2359619140625 580.4999389648438
202.2359619140625 580.4999389648438
202.2359619140625 580.4999389648438
202.2359619140625 580.4999389648438
202.2359619140625 580.4999389648438
202.2359619140625 580.4999389648438
202.2359619140625 580.4999389648438
202.2359619140625 580.4999389648438
202.2359619140625 580.4999389648438
202.2359619140625 580.4999389648438
202.2359619140625 580.4999389648438
202.2359619140625 580.4999389648438
202.2359619140625 580.4999389648438
202.2359619140625 580.4999389648438
202.2359619140625 580.4999389648438
202.2359619140625 580.4999389648438
202.2359619140625 580.4999389648438
202.2359619140625 580.4999389648438
202.2359619140625 580.4999389648438
202.2359619140625 580.4999389648438
202.2359619140625 580.4999389648438
202.2359619140625 580.4999389648438
202.2359619140625 580.4999389648438
202.2359619140625 580.4999389648438
202.2359619140625 580.4999389648438
202.2359619140625 580.4999389648438
202.2359619140625 580.4999389648438
202.2359619140625 580.4999389648438
202.2359619140625 580.4999389648438
202.2359619140625 580.4999389648438
202.2359619140625 580.4999389648438
202.2359619140625 580.4999389648438
202.2359619140625 580.4999389648438
202.2359619140625 580.4999389648438
202.2359619140625 580.4999389648438
202.2359619140625 580.4999389648438
202.2359619140625 580.4999389648438
202.2359619140625 580.4999389648438
202.2359619140625 580.4999389648438
202.2359619140625 580.4999389648438
202.2359619140625 580.4999389648438
202.2359619140625 580.4999389648438
202.2359619140625 580.4999389648438
202.2359619140625 580.4999389648438
202.2359619140625 580.4999389648438
202.2359619140625 580.4999389648438
202.2359619140625 580.4999389648438
202.2359619140625 580.4999389648438
202.2359619140625 580.4999389648438
202.2359619140625 580.4999389648438
202.2359619140625 580.4999389648438
202.2359619140625 580.4999389648438
202.2359619140625 580.4999389648438
202.2359619140625 580.4999389648438
202.2359619140625 580.4999389648438
202.2359619140625 580.4999389648438
202.2359619140625 580.4999389648438
202.2359619140625 580.4999389648438
202.2359619140625 580.4999389648438
202.2359619140625 580.4999389648438
202.2359619140625 580.4999389648438
202.2359619140625 580.4999389648438
202.2359619140625 580.4999389648438
202.2359619140625 580.4999389648438
202.2359619140625 580.4999389648438
202.2359619140625 580.4999389648438
202.2359619140625 580.4999389648438
202.2359619140625 580.4999389648438
202.2359619140625 580.4999389648438
202.2359619140625 580.4999389648438
202.2359619140625 580.4999389648438
202.2359619140625 580.4999389648438
202.2359619140625 580.4999389648438
202.2359619140625 580.4999389648438
202.2359619140625 580.4999389648438
202.2359619140625 580.4999389648438
202.2359619140625 580.4999389648438
202.2359619140625 580.4999389648438
202.2359619140625 580.4999389648438
202.2359619140625 580.4999389648438
202.2359619140625 580.4999389648438
202.2359619140625 580.4999389648438
202.2359619140625 580.4999389648438
202.2359619140625 580.4999389648438
202.2359619140625 580.4999389648438
202.2359619140625 580.4999389648438
202.2359619140625 580.4999389648438
202.2359619140625 580.4999389648438
202.2359619140625 580.4999389648438
202.2359619140625 580.4999389648438
202.2359619140625 580.4999389648438
202.2359619140625 580.4999389648438
202.2359619140625 580.4999389648438
202.2359619140625 580.4999389648438
202.2359619140625 580.4999389648438
202.2359619140625 580.4999389648438
202.2359619140625 580.4999389648438
202.2359619140625 580.4999389648438
202.2359619140625 580.4999389648438
202.2359619140625 580.4999389648438
202.2359619140625 580.4999389648438
202.2359619140625 580.4999389648438
202.2359619140625 580.4999389648438
202.2359619140625 580.4999389648438
202.2359619140625 580.4999389648438
202.2359619140625 580.4999389648438
202.2359619140625 580.4999389648438
202.2359619140625 580.4999389648438
202.2359619140625 580.4999389648438
202.2359619140625 580.4999389648438
202.2359619140625 580.4999389648438
202.2359619140625 580.4999389648438
202.2359619140625 580.4999389648438
202.2359619140625 580.4999389648438
202.2359619140625 580.4999389648438
202.2359619140625 580.4999389648438
202.2359619140625 580.4999389648438
202.2359619140625 580.4999389648438
202.2359619140625 580.4999389648438
202.2359619140625 580.4999389648438
202.2359619140625 580.4999389648438
202.2359619140625 580.4999389648438
202.2359619140625 580.4999389648438
202.2359619140625 580.4999389648438
202.2359619140625 580.4999389648438
202.2359619140625 580.4999389648438
202.2359619140625 580.4999389648438
202.2359619140625 580.4999389648438
202.2359619140625 580.4999389648438
202.2359619140625 580.4999389648438
202.2359619140625 580.4999389648438
202.2359619140625 580.4999389648438
202.2359619140625 580.4999389648438
202.2359619140625 580.4999389648438
202.2359619140625 580.4999389648438
202.2359619140625 580.4999389648438
202.2359619140625 580.4999389648438
202.2359619140625 580.4999389648438
202.2359619140625 580.4999389648438
202.2359619140625 580.4999389648438
202.2359619140625 580.4999389648438
202.2359619140625 580.4999389648438
202.2359619140625 580.4999389648438
202.2359619140625 580.4999389648438
202.2359619140625 580.4999389648438
202.2359619140625 580.4999389648438
202.2359619140625 580.4999389648438
202.2359619140625 580.4999389648438
202.2359619140625 580.4999389648438
202.2359619140625 580.4999389648438
202.2359619140625 580.4999389648438
202.2359619140625 580.4999389648438
202.2359619140625 580.4999389648438
202.2359619140625 580.4999389648438
202.2359619140625 580.4999389648438
202.2359619140625 580.4999389648438
202.2359619140625 580.4999389648438
202.2359619140625 580.4999389648438
202.2359619140625 580.4999389648438
202.2359619140625 580.4999389648438
202.2359619140625 580.4999389648438
202.2359619140625 580.4999389648438
202.2359619140625 580.4999389648438
202.2359619140625 580.4999389648438
202.2359619140625 580.4999389648438
202.2359619140625 580.4999389648438
202.2359619140625 580.4999389648438
202.2359619140625 580.4999389648438
202.2359619140625 580.4999389648438
202.2359619140625 580.4999389648438
202.2359619140625 580.4999389648438
202.2359619140625 580.4999389648438
202.2359619140625 580.4999389648438
202.2359619140625 580.4999389648438
202.2359619140625 580.4999389648438
202.2359619140625 580.4999389648438
202.2359619140625 580.4999389648438
202.2359619140625 580.4999389648438
202.2359619140625 580.4999389648438
202.2359619140625 580.4999389648438
202.2359619140625 580.4999389648438
202.2359619140625 580.4999389648438
202.2359619140625 580.4999389648438
202.2359619140625 580.4999389648438
202.2359619140625 580.4999389648438
202.2359619140625 580.4999389648438
202.2359619140625 580.4999389648438
202.2359619140625 580.4999389648438
202.2359619140625 580.4999389648438
202.2359619140625 580.4999389648438
202.2359619140625 580.4999389648438
202.2359619140625 580.4999389648438
202.2359619140625 580.4999389648438
202.2359619140625 580.4999389648438
202.2359619140625 580.4999389648438
202.2359619140625 580.4999389648438
202.2359619140625 580.4999389648438
202.2359619140625 580.4999389648438
202.2359619140625 580.4999389648438
202.2359619140625 580.4999389648438
202.2359619140625 580.4999389648438
202.2359619140625 580.4999389648438
202.2359619140625 580.4999389648438
202.2359619140625 580.4999389648438
202.2359619140625 580.4999389648438
202.2359619140625 580.4999389648438
202.2359619140625 580.4999389648438
202.2359619140625 580.4999389648438
202.2359619140625 580.4999389648438
202.2359619140625 580.4999389648438
202.2359619140625 580.4999389648438
202.2359619140625 580.4999389648438
202.2359619140625 580.4999389648438
202.2359619140625 580.4999389648438
202.2359619140625 580.4999389648438
202.2359619140625 580.4999389648438
202.2359619140625 580.4999389648438
202.2359619140625 580.4999389648438
202.2359619140625 580.4999389648438
202.2359619140625 580.4999389648438
202.2359619140625 580.4999389648438
202.2359619140625 580.4999389648438
202.2359619140625 580.4999389648438
202.2359619140625 580.4999389648438
202.2359619140625 580.4999389648438
202.2359619140625 580.4999389648438
202.2359619140625 580.4999389648438
202.2359619140625 580.4999389648438
202.2359619140625 580.4999389648438
202.2359619140625 580.4999389648438
202.2359619140625 580.4999389648438
202.2359619140625 580.4999389648438
202.2359619140625 580.4999389648438
202.2359619140625 580.4999389648438
202.2359619140625 580.4999389648438
202.2359619140625 580.4999389648438
202.2359619140625 580.4999389648438
202.2359619140625 580.4999389648438
202.2359619140625 580.4999389648438
202.2359619140625 580.4999389648438
202.2359619140625 580.4999389648438
202.2359619140625 580.4999389648438
202.2359619140625 580.4999389648438
202.2359619140625 580.4999389648438
202.2359619140625 580.4999389648438
202.2359619140625 580.4999389648438
202.2359619140625 580.4999389648438
202.2359619140625 580.4999389648438
202.2359619140625 580.4999389648438
202.2359619140625 580.4999389648438
202.2359619140625 580.4999389648438
202.2359619140625 580.4999389648438
202.2359619140625 580.4999389648438
202.2359619140625 580.4999389648438
202.2359619140625 580.4999389648438
202.2359619140625 580.4999389648438
202.2359619140625 580.4999389648438
202.2359619140625 580.4999389648438
202.2359619140625 580.4999389648438
202.2359619140625 580.4999389648438
202.2359619140625 580.4999389648438
202.2359619140625 580.4999389648438
202.2359619140625 580.4999389648438
202.2359619140625 580.4999389648438
202.2359619140625 580.4999389648438
202.2359619140625 580.4999389648438
202.2359619140625 580.4999389648438
202.2359619140625 580.4999389648438
202.2359619140625 580.4999389648438
202.2359619140625 580.4999389648438
202.2359619140625 580.4999389648438
202.2359619140625 580.4999389648438
202.2359619140625 580.4999389648438
202.2359619140625 580.4999389648438
202.2359619140625 580.4999389648438
202.2359619140625 580.4999389648438
202.2359619140625 580.4999389648438
202.2359619140625 580.4999389648438
202.2359619140625 580.4999389648438
202.2359619140625 580.4999389648438
202.2359619140625 580.4999389648438
202.2359619140625 580.4999389648438
202.2359619140625 580.4999389648438
202.2359619140625 580.4999389648438
202.2359619140625 580.4999389648438
202.2359619140625 580.4999389648438
202.2359619140625 580.4999389648438
202.2359619140625 580.4999389648438
202.2359619140625 580.4999389648438
202.2359619140625 580.4999389648438
202.2359619140625 580.4999389648438
202.2359619140625 580.4999389648438
202.2359619140625 580.4999389648438
202.2359619140625 580.4999389648438
202.2359619140625 580.4999389648438
202.2359619140625 580.4999389648438
202.2359619140625 580.4999389648438
202.2359619140625 580.4999389648438
202.2359619140625 580.4999389648438
202.2359619140625 580.4999389648438
202.2359619140625 580.4999389648438
202.2359619140625 580.4999389648438
202.2359619140625 580.4999389648438
202.2359619140625 580.4999389648438
202.2359619140625 580.4999389648438
202.2359619140625 580.4999389648438
202.2359619140625 580.4999389648438
202.2359619140625 580.4999389648438
202.2359619140625 580.4999389648438
202.2359619140625 580.4999389648438
202.2359619140625 580.4999389648438
202.2359619140625 580.4999389648438
202.2359619140625 580.4999389648438
202.2359619140625 580.4999389648438
202.2359619140625 580.4999389648438
202.2359619140625 580.4999389648438
202.2359619140625 580.4999389648438
202.2359619140625 580.4999389648438
202.2359619140625 580.4999389648438
202.2359619140625 580.4999389648438
202.2359619140625 580.4999389648438
202.2359619140625 580.4999389648438
202.2359619140625 580.4999389648438
202.2359619140625 580.4999389648438
202.2359619140625 580.4999389648438
202.2359619140625 580.4999389648438
202.2359619140625 580.4999389648438
202.2359619140625 580.4999389648438
202.2359619140625 580.4999389648438
202.2359619140625 580.4999389648438
202.2359619140625 580.4999389648438
202.2359619140625 580.4999389648438
202.2359619140625 580.4999389648438
202.2359619140625 580.4999389648438
202.2359619140625 580.4999389648438
202.2359619140625 580.4999389648438
202.2359619140625 580.4999389648438
202.2359619140625 580.4999389648438
202.2359619140625 580.4999389648438
202.2359619140625 580.4999389648438
202.2359619140625 580.4999389648438
202.2359619140625 580.4999389648438
202.2359619140625 580.4999389648438
202.2359619140625 580.4999389648438
202.2359619140625 580.4999389648438
202.2359619140625 580.4999389648438
202.2359619140625 580.4999389648438
202.2359619140625 580.4999389648438
202.2359619140625 580.4999389648438
202.2359619140625 580.4999389648438
202.2359619140625 580.4999389648438
202.2359619140625 580.4999389648438
202.2359619140625 580.4999389648438
202.2359619140625 580.4999389648438
202.2359619140625 580.4999389648438
202.2359619140625 580.4999389648438
202.2359619140625 580.4999389648438
202.2359619140625 580.4999389648438
202.2359619140625 580.4999389648438
202.2359619140625 580.4999389648438
202.2359619140625 580.4999389648438
202.2359619140625 580.4999389648438
202.2359619140625 580.4999389648438
202.2359619140625 580.4999389648438
202.2359619140625 580.4999389648438
202.2359619140625 580.4999389648438
202.2359619140625 580.4999389648438
202.2359619140625 580.4999389648438
202.2359619140625 580.4999389648438
202.2359619140625 580.4999389648438
202.2359619140625 580.4999389648438
202.2359619140625 580.4999389648438
202.2359619140625 580.4999389648438
202.2359619140625 580.4999389648438
202.2359619140625 580.4999389648438
202.2359619140625 580.4999389648438
202.2359619140625 580.4999389648438
202.2359619140625 580.4999389648438
202.2359619140625 580.4999389648438
202.2359619140625 580.4999389648438
202.2359619140625 580.4999389648438
202.2359619140625 580.4999389648438
202.2359619140625 580.4999389648438
202.2359619140625 580.4999389648438
202.2359619140625 580.4999389648438
202.2359619140625 580.4999389648438
202.2359619140625 580.4999389648438
202.2359619140625 580.4999389648438
202.2359619140625 580.4999389648438
202.2359619140625 580.4999389648438
202.2359619140625 580.4999389648438
202.2359619140625 580.4999389648438
202.2359619140625 580.4999389648438
202.2359619140625 580.4999389648438
202.2359619140625 580.4999389648438
202.2359619140625 580.4999389648438
202.2359619140625 580.4999389648438
202.2359619140625 580.4999389648438
202.2359619140625 580.4999389648438
202.2359619140625 580.4999389648438
202.2359619140625 580.4999389648438
202.2359619140625 580.4999389648438
202.2359619140625 580.4999389648438
202.2359619140625 580.4999389648438
202.2359619140625 580.4999389648438
202.2359619140625 580.4999389648438
202.2359619140625 580.4999389648438
202.2359619140625 580.4999389648438
202.2359619140625 580.4999389648438
202.2359619140625 580.4999389648438
202.2359619140625 580.4999389648438
202.2359619140625 580.4999389648438
202.2359619140625 580.4999389648438
202.2359619140625 580.4999389648438
202.2359619140625 580.4999389648438
202.2359619140625 580.4999389648438
202.2359619140625 580.4999389648438
202.2359619140625 580.4999389648438
202.2359619140625 580.4999389648438
202.2359619140625 580.4999389648438
202.2359619140625 580.4999389648438
202.2359619140625 580.4999389648438
202.2359619140625 580.4999389648438
202.2359619140625 580.4999389648438
202.2359619140625 580.4999389648438
202.2359619140625 580.4999389648438
202.2359619140625 580.4999389648438
202.2359619140625 580.4999389648438
202.2359619140625 580.4999389648438
202.2359619140625 580.4999389648438
202.2359619140625 580.4999389648438
202.2359619140625 580.4999389648438
202.2359619140625 580.4999389648438
202.2359619140625 580.4999389648438
202.2359619140625 580.4999389648438
202.2359619140625 580.4999389648438
202.2359619140625 580.4999389648438
202.2359619140625 580.4999389648438
202.2359619140625 580.4999389648438
202.2359619140625 580.4999389648438
202.2359619140625 580.4999389648438
202.2359619140625 580.4999389648438
202.2359619140625 580.4999389648438
202.2359619140625 580.4999389648438
202.2359619140625 580.4999389648438
202.2359619140625 580.4999389648438
202.2359619140625 580.4999389648438
202.2359619140625 580.4999389648438
202.2359619140625 580.4999389648438
202.2359619140625 580.4999389648438
202.2359619140625 580.4999389648438
202.2359619140625 580.4999389648438
202.2359619140625 580.4999389648438
202.2359619140625 580.4999389648438
202.2359619140625 580.4999389648438
202.2359619140625 580.4999389648438
202.2359619140625 580.4999389648438
202.2359619140625 580.4999389648438
202.2359619140625 580.4999389648438
202.2359619140625 580.4999389648438
202.2359619140625 580.4999389648438
202.2359619140625 580.4999389648438
202.2359619140625 580.4999389648438
202.2359619140625 580.4999389648438
202.2359619140625 580.4999389648438
202.2359619140625 580.4999389648438
202.2359619140625 580.4999389648438
202.2359619140625 580.4999389648438
202.2359619140625 580.4999389648438
202.2359619140625 580.4999389648438
202.2359619140625 580.4999389648438
202.2359619140625 580.4999389648438
202.2359619140625 580.4999389648438
202.2359619140625 580.4999389648438
202.2359619140625 580.4999389648438
202.2359619140625 580.4999389648438
202.2359619140625 580.4999389648438
202.2359619140625 580.4999389648438
202.2359619140625 580.4999389648438
202.2359619140625 580.4999389648438
202.2359619140625 580.4999389648438
202.2359619140625 580.4999389648438
202.2359619140625 580.4999389648438
202.2359619140625 580.4999389648438
202.2359619140625 580.4999389648438
202.2359619140625 580.4999389648438
202.2359619140625 580.4999389648438
202.2359619140625 580.4999389648438
202.2359619140625 580.4999389648438
202.2359619140625 580.4999389648438
202.2359619140625 580.4999389648438
