59.79290771484375 449.7779846191406
59.60286331176758 449.54345703125
59.42961120605469 449.2962646484375
59.27399444580078 449.0376281738281
59.13676834106445 448.7687683105469
59.01860046386719 448.4909973144531
58.92006301879883 448.2056884765625
58.84163284301758 447.9142150878906
58.78369140625 447.61798095703125
58.74652099609375 447.31842041015625
58.73030471801758 447.0169982910156
58.7351188659668 446.71514892578125
58.76094436645508 446.4142761230469
58.807708740234375 446.1155700683594
58.87519836425781 445.82061767578125
58.963287353515625 445.53021240234375
59.071876525878906 445.24517822265625
59.200355529785156 444.96746826171875
59.34895706176758 444.6970520019531
59.517269134521484 444.43524169921875
59.71782302856445 444.16522216796875
59.985572814941406 443.8480529785156
60.28548812866211 443.531494140625
60.61106872558594 443.22406005859375
60.95381164550781 442.9343566894531
61.31304168701172 442.66302490234375
61.68672180175781 442.4117126464844
62.07375717163086 442.1811218261719
62.4727783203125 441.97210693359375
62.88264465332031 441.7852478027344
63.30201721191406 441.62115478515625
63.729248046875 441.4804382324219
64.16303253173828 441.363525390625
64.60016632080078 441.2711486816406
65.03511810302734 441.2041931152344
65.42064666748047 441.167724609375
65.72962951660156 441.15869140625
66.03133392333984 441.1707763671875
66.33137512207031 441.203857421875
66.62837982177734 441.25775146484375
66.92091369628906 441.3321838378906
67.20755004882812 441.42681884765625
67.48690032958984 441.5411682128906
67.75761413574219 441.6747131347656
68.01836395263672 441.8267822265625
68.26789093017578 441.99664306640625
68.50498962402344 442.1834716796875
68.72850036621094 442.3863525390625
68.93733978271484 442.60430908203125
69.1304931640625 442.8362731933594
69.30702209472656 443.08111572265625
69.46607208251953 443.3376770019531
69.60687255859375 443.60467529296875
69.72872924804688 443.8808288574219
69.83106231689453 444.164794921875
69.91336822509766 444.4552001953125
69.97525024414062 444.7506408691406
70.01641082763672 445.0496826171875
70.0366439819336 445.3508605957031
70.03585052490234 445.6527099609375
70.0140380859375 445.9537658691406
69.9713134765625 446.2525939941406
69.90788269042969 446.5476989746094
69.82405090332031 446.8376770019531
69.72023010253906 447.1211242675781
69.596923828125 447.3966369628906
69.45472717285156 447.66290283203125
69.2943344116211 447.9186096191406
69.11652374267578 448.16253662109375
68.92215728759766 448.39349365234375
68.7121810913086 448.6103515625
68.48760986328125 448.8120422363281
68.2495346069336 448.99761962890625
67.99911499023438 449.1661682128906
67.7375717163086 449.3168640136719
67.4661636352539 449.448974609375
67.18621826171875 449.5618591308594
66.89908599853516 449.65496826171875
66.60617065429688 449.7278747558594
66.30888366699219 449.78021240234375
66.00867462158203 449.81170654296875
65.70700073242188 449.82220458984375
65.40532684326172 449.8116760253906
65.10511779785156 449.7801818847656
64.8078384399414 449.72784423828125
64.51492309570312 449.6549377441406
64.22779846191406 449.5617980957031
63.947853088378906 449.4488830566406
63.67645263671875 449.3167724609375
63.41490936279297 449.16607666015625
63.16449737548828 448.9975280761719
62.92643356323242 448.81195068359375
62.70186996459961 448.6102294921875
62.49189758300781 448.39337158203125
62.29753875732422 448.16241455078125
62.11973571777344 447.9184875488281
61.9593505859375 447.66278076171875
61.81716537475586 447.3965148925781
61.69386672973633 447.1210021972656
61.590057373046875 446.8375549316406
61.5062370300293 446.5475769042969
61.44281768798828 446.2524719238281
61.40010452270508 445.9536437988281
61.37830352783203 445.652587890625
61.37752151489258 445.3507385253906
61.39776611328125 445.04949951171875
61.43894958496094 444.7503356933594
61.50090026855469 444.4545593261719
61.58339309692383 444.1634216308594
61.68617630004883 443.8780517578125
61.808719635009766 443.60009765625
61.95050811767578 443.3308410644531
62.11132049560547 443.0709533691406
62.29098129272461 442.821044921875
62.51210021972656 442.5533752441406
62.761783599853516 442.2878723144531
63.07419204711914 441.99334716796875
63.41138458251953 441.7095642089844
63.76800537109375 441.4417419433594
64.14083099365234 441.1926574707031
64.52691650390625 440.96435546875
64.92493438720703 440.75762939453125
65.33369445800781 440.5730895996094
65.75140380859375 440.4115295410156
66.1746826171875 440.2741394042969
66.60259246826172 440.1610107421875
67.0291976928711 440.07342529296875
67.4515609741211 440.01141357421875
67.84842681884766 439.9767150878906
68.15471649169922 439.96978759765625
68.45637512207031 439.98394775390625
68.75617980957031 440.01904296875
69.05281066894531 440.074951171875
69.34483337402344 440.1513671875
69.63082122802734 440.2479248046875
69.90939331054688 440.3641662597656
70.17919158935547 440.4995422363281
70.43890380859375 440.65338134765625
70.6872787475586 440.8249206542969
70.92310333251953 441.0133361816406
71.14523315429688 441.21771240234375
71.35258483886719 441.43707275390625
71.54415893554688 441.67034912109375
71.71902465820312 441.9163818359375
71.87632751464844 442.17401123046875
72.01531219482422 442.44195556640625
72.13529205322266 442.71893310546875
72.2356948852539 443.00360107421875
72.31603240966797 443.2945556640625
72.37590789794922 443.5904235839844
72.41503143310547 443.8897399902344
72.43321990966797 444.1910400390625
72.43038177490234 444.4928894042969
72.40652465820312 444.7937927246094
72.36177062988281 445.0923156738281
72.29634094238281 445.3869934082031
72.2105484008789 445.6763916015625
72.10480499267578 445.9591064453125
71.97962951660156 446.2337951660156
71.83563232421875 446.49908447265625
71.67350769042969 446.7536926269531
71.4940414428711 446.99639892578125
71.29811096191406 447.22601318359375
71.08666229248047 447.4414367675781
70.86072540283203 447.6416015625
70.62139892578125 447.8255615234375
70.36984252929688 447.9924011230469
70.1072769165039 448.1413269042969
69.83497619628906 448.2716064453125
69.55426788330078 448.3825988769531
69.26651000976562 448.4737854003906
68.97310638427734 448.5447082519531
68.67547607421875 448.5950012207031
68.37506103515625 448.62445068359375
68.07332611083984 448.6329040527344
67.77173614501953 448.6203308105469
67.47174835205078 448.5867919921875
67.1748275756836 448.5324401855469
66.88241577148438 448.4575500488281
66.5959243774414 448.3624572753906
66.3167495727539 448.2476501464844
66.04624938964844 448.1136779785156
65.78573608398438 447.9612121582031
65.5364761352539 447.79095458984375
65.29967498779297 447.603759765625
65.07648468017578 447.4005432128906
64.86798858642578 447.1822509765625
64.67520141601562 446.9499816894531
64.49906158447266 446.7048645019531
64.34041595458984 446.44805908203125
64.20004272460938 446.1808166503906
64.07862091064453 445.9044494628906
63.97673797607422 445.62030029296875
63.89488983154297 445.3297424316406
63.833473205566406 445.0342102050781
63.792789459228516 444.735107421875
63.773033142089844 444.43389892578125
63.77429962158203 444.1320495605469
63.79658508300781 443.83099365234375
63.83979034423828 443.53216552734375
63.903717041015625 443.23699951171875
63.988059997558594 442.9469299316406
64.09248352050781 442.6631774902344
64.2165756225586 442.386962890625
64.35986328125 442.1194763183594
64.52176666259766 441.8619689941406
64.70130920410156 441.6161193847656
64.90241241455078 441.37725830078125
65.14013671875 441.1305847167969
65.43122863769531 440.8643493652344
65.7445068359375 440.6105651855469
66.09549713134766 440.3584899902344
66.46646118164062 440.12249755859375
66.85037994384766 439.9073791503906
67.24846649169922 439.71258544921875
67.65353393554688 439.5416259765625
68.06536865234375 439.3943786621094
68.47969818115234 439.2720642089844
68.88394165039062 439.1776123046875
69.28469848632812 439.1084899902344
69.63709259033203 439.0699157714844
69.96053314208984 439.0559997558594
70.2624740600586 439.063720703125
70.56295776367188 439.0924377441406
70.8607177734375 439.1419982910156
71.15430450439453 439.2121887207031
71.44229125976562 439.3026428222656
71.72327423095703 439.4129333496094
71.99589538574219 439.5425109863281
72.25883483886719 439.6907653808594
72.51081085205078 439.8569641113281
72.75059509277344 440.0403137207031
72.9770278930664 440.23992919921875
73.18901062011719 440.454833984375
73.38551330566406 440.6839599609375
73.56558227539062 440.92620849609375
73.72834777832031 441.180419921875
73.87300872802734 441.4453430175781
73.99887084960938 441.7196960449219
74.1053237915039 442.0021667480469
74.19184112548828 442.2913513183594
74.25801086425781 442.58587646484375
74.30351257324219 442.88427734375
74.32811737060547 443.18511962890625
74.33171844482422 443.4869384765625
74.31428527832031 443.7882995605469
74.27590942382812 444.08770751953125
74.2167739868164 444.38372802734375
74.13716888427734 444.6748962402344
74.03748321533203 444.9598083496094
73.91819763183594 445.2370910644531
73.77989196777344 445.5054016113281
73.62323760986328 445.763427734375
73.44898986816406 446.0099182128906
73.25800323486328 446.2436828613281
73.05120086669922 446.46356201171875
72.82958984375 446.66851806640625
72.59423828125 446.8575439453125
72.34629821777344 447.02972412109375
72.08696746826172 447.1842041015625
71.81751251220703 447.32025146484375
71.53923797607422 447.43719482421875
71.25349426269531 447.53448486328125
70.961669921875 447.61163330078125
70.66517639160156 447.66827392578125
70.3654556274414 447.7041320800781
70.06397247314453 447.7190246582031
69.76217651367188 447.712890625
69.4615478515625 447.6857604980469
69.16353607177734 447.63775634765625
68.86959075927734 447.5691223144531
68.58113861083984 447.48016357421875
68.2995834350586 447.371337890625
68.02629089355469 447.2431640625
67.76258850097656 447.0962829589844
67.50975036621094 446.931396484375
67.26901245117188 446.7492980957031
67.04154205322266 446.5508728027344
66.82843780517578 446.33709716796875
66.63074493408203 446.1089782714844
66.44941711425781 445.8676452636719
66.28533172607422 445.6142883300781
66.13928985595703 445.3501281738281
66.01200103759766 445.076416015625
65.90408325195312 444.7945251464844
65.81605529785156 444.50579833984375
65.74835205078125 444.2116394042969
65.70130157470703 443.9134826660156
65.67512512207031 443.6127624511719
65.66995239257812 443.3109436035156
65.6858139038086 443.0094909667969
65.7226333618164 442.7098693847656
65.78023529052734 442.41351318359375
65.85835266113281 442.1217956542969
65.9566421508789 441.8360900878906
66.07467651367188 441.55767822265625
66.21186828613281 441.2879943847656
66.36769104003906 441.0281677246094
66.54144287109375 440.7794494628906
66.73213195800781 440.5433044433594
66.94535827636719 440.31365966796875
67.19486999511719 440.0787048339844
67.48162841796875 439.8414306640625
67.81391143798828 439.598876953125
68.1716079711914 439.3682861328125
68.53935241699219 439.16009521484375
68.92446899414062 438.97027587890625
69.31766510009766 438.8036193847656
69.71539306640625 438.6613464355469
70.10340118408203 438.5476379394531
70.47105407714844 438.4637756347656
70.82805633544922 438.4056701660156
71.16233825683594 438.37335205078125
71.47055053710938 438.364501953125
71.77226257324219 438.37677001953125
72.07228088378906 438.4100036621094
72.36925506591797 438.46405029296875
72.6617431640625 438.5386657714844
72.94832611083984 438.6334533691406
73.22760772705078 438.74798583984375
73.49823760986328 438.8816833496094
73.75890350341797 439.0339050292969
74.00833129882812 439.20391845703125
74.24531555175781 439.390869140625
74.46870422363281 439.5938720703125
74.67741394042969 439.81195068359375
74.87042999267578 440.0440368652344
75.04681396484375 440.28900146484375
75.2057113647461 440.545654296875
75.34635162353516 440.812744140625
75.46804809570312 441.0889892578125
75.5702133178711 441.3730163574219
75.65234375 441.6634826660156
75.71405029296875 441.9589538574219
75.7550277709961 442.2580261230469
75.77507781982422 442.5592041015625
75.77410888671875 442.8610534667969
75.75212097167969 443.162109375
75.70922088623047 443.4609069824219
75.64561462402344 443.7559814453125
75.56161499023438 444.0458984375
75.45762634277344 444.32928466796875
75.33415222167969 444.604736328125
75.1917953491211 444.87091064453125
75.03125 445.12652587890625
74.8532943725586 445.3703308105469
74.6587905883789 445.6011657714844
74.44868469238281 445.8179016113281
74.22399139404297 446.01947021484375
73.98580932617188 446.20489501953125
73.73529052734375 446.373291015625
73.4736557006836 446.5238342285156
73.2021713256836 446.6557922363281
72.92215728759766 446.7685241699219
72.63497161865234 446.8614807128906
72.34201049804688 446.9342041015625
72.04469299316406 446.9863586425781
71.74446868896484 447.0176696777344
71.44279479980469 447.02801513671875
71.14112854003906 447.0173034667969
70.8409423828125 446.9856262207031
70.54369354248047 446.93310546875
70.25082397460938 446.8600158691406
69.96375274658203 446.7667236328125
69.68387603759766 446.6536560058594
69.41255187988281 446.5213623046875
69.1511001586914 446.3705139160156
68.90078735351562 446.2018127441406
68.66283416748047 446.0160827636719
68.43839263916016 445.8142395019531
68.22855377197266 445.5972595214844
68.03433227539062 445.3661804199219
67.85667419433594 445.12213134765625
67.69644165039062 444.8663024902344
67.55441284179688 444.5999450683594
67.43128204345703 444.3243408203125
67.32764434814453 444.04083251953125
67.2439956665039 443.75079345703125
67.18074798583984 443.45562744140625
67.13821411132812 443.15679931640625
67.11659240722656 442.855712890625
67.1159896850586 442.5538635253906
67.13641357421875 442.252685546875
67.1777572631836 441.95367431640625
67.23983764648438 441.658203125
67.32235717773438 441.3677062988281
67.4249496459961 441.0835266113281
67.54711151123047 440.8070983886719
67.68832397460938 440.5396423339844
67.84786987304688 440.28253173828125
68.02507781982422 440.03692626953125
68.218994140625 439.8041687011719
68.4316177368164 439.5822448730469
68.6709976196289 439.36431884765625
68.95259094238281 439.1399230957031
69.26526641845703 438.92138671875
69.60707092285156 438.712158203125
69.96649169921875 438.5205078125
70.34333801269531 438.34716796875
70.72550201416016 438.19781494140625
71.09900665283203 438.0769958496094
71.46320343017578 437.98345947265625
71.80460357666016 437.9186096191406
72.12894439697266 437.8789978027344
72.44029235839844 437.8622741699219
72.7425537109375 437.8669738769531
73.04331970214844 437.8926696777344
73.34156036376953 437.9392395019531
73.63583374023438 438.0064697265625
73.9247055053711 438.0940246582031
74.20677947998047 438.2015075683594
74.48068237304688 438.328369140625
74.74508666992188 438.4739990234375
74.99871063232422 438.6376953125
75.24031829833984 438.8186340332031
75.46873474121094 439.0159606933594
75.682861328125 439.2287292480469
75.88164520263672 439.45587158203125
76.06413269042969 439.6963195800781
76.22943115234375 439.9488830566406
76.37673950195312 440.21234130859375
76.50534057617188 440.4854431152344
76.61460876464844 440.7668151855469
76.70401763916016 441.05511474609375
76.77313232421875 441.34893798828125
76.82161712646484 441.6468811035156
76.84923553466797 441.9474792480469
76.85585021972656 442.249267578125
76.8414306640625 442.55078125
76.8060531616211 442.8505554199219
76.74988555908203 443.1471252441406
76.6731948852539 443.4390869140625
76.57636260986328 443.7249755859375
76.45985412597656 444.0034484863281
76.32423400878906 444.27313232421875
76.170166015625 444.53271484375
75.9983901977539 444.7809143066406
75.80974578857422 445.0165710449219
75.60514831542969 445.238525390625
75.3855972290039 445.4456787109375
75.15215301513672 445.63702392578125
74.90594482421875 445.8116760253906
74.6481704711914 445.96875
74.38008880615234 446.10748291015625
74.10299682617188 446.2272033691406
73.8182373046875 446.32733154296875
73.5271987915039 446.40740966796875
73.23128509521484 446.4670104980469
72.93193817138672 446.505859375
72.630615234375 446.5237731933594
72.32877349853516 446.5206604003906
72.02788543701172 446.49652099609375
71.72940826416016 446.4515075683594
71.4347915649414 446.38580322265625
71.14546203613281 446.29974365234375
70.86283111572266 446.1937561035156
70.58827209472656 446.0683288574219
70.32311248779297 445.924072265625
70.06864166259766 445.76171875
69.82609558105469 445.58203125
69.59664916992188 445.3858947753906
69.38142395019531 445.17425537109375
69.18145751953125 444.9481506347656
68.99772644042969 444.7086486816406
68.83111572265625 444.4569396972656
68.68244171142578 444.1942443847656
68.55242156982422 443.92181396484375
68.44168853759766 443.6409912109375
68.35078430175781 443.3531494140625
68.28014373779297 443.0596923828125
68.23011016845703 442.76202392578125
68.200927734375 442.4615783691406
68.19274139404297 442.1598205566406
68.2055892944336 441.8582458496094
68.23941040039062 441.55828857421875
68.29403686523438 441.26141357421875
68.36921691894531 440.968994140625
68.46458435058594 440.6824951171875
68.57970428466797 440.40325927734375
68.71405792236328 440.132568359375
68.86701965332031 439.8717041015625
69.03788757324219 439.6219482421875
69.22575378417969 439.3846130371094
69.43041229248047 439.16009521484375
69.65489959716797 438.9456787109375
69.91851806640625 438.7257385253906
70.19960021972656 438.52081298828125
70.51065826416016 438.3232116699219
70.84884643554688 438.13677978515625
71.20150756835938 437.96954345703125
71.56010437011719 437.8255920410156
71.919189453125 437.70654296875
72.2697982788086 437.6142883300781
72.60095977783203 437.54974365234375
72.91921997070312 437.50958251953125
73.22804260253906 437.4919128417969
73.53032684326172 437.49560546875
73.8311767578125 437.5202941894531
74.12957000732422 437.56585693359375
74.42406463623047 437.6321105957031
74.7132339477539 437.71868896484375
74.99566650390625 437.8251953125
75.2699966430664 437.95111083984375
75.5348892211914 438.0958251953125
75.7890625 438.2586364746094
76.03128051757812 438.4387512207031
76.26036834716797 438.63531494140625
76.47521209716797 438.84735107421875
76.67476654052734 439.0738220214844
76.85806274414062 439.31365966796875
77.02420806884766 439.565673828125
77.17240142822266 439.8286437988281
77.30192565917969 440.1012878417969
77.41214752197266 440.3822937011719
77.50252532958984 440.6702880859375
77.5726318359375 440.9638977050781
77.62211608886719 441.26165771484375
77.65074920654297 441.5621643066406
77.65838623046875 441.8639221191406
77.64498901367188 442.16546630859375
77.6106185913086 442.4653625488281
77.55545043945312 442.76214599609375
77.47975158691406 443.0543518066406
77.38388061523438 443.340576171875
77.268310546875 443.61944580078125
77.13360595703125 443.88958740234375
76.98041534423828 444.1496887207031
76.80947875976562 444.3984680175781
76.62163543701172 444.634765625
76.41779327392578 444.8573913574219
76.19893646240234 445.0652770996094
75.96613311767578 445.2574157714844
75.72052001953125 445.4328918457031
75.4632797241211 445.5908203125
75.19566345214844 445.73046875
74.91897583007812 445.85113525390625
74.63455963134766 445.9522399902344
74.34378814697266 446.0332946777344
74.04808044433594 446.0939025878906
73.74887084960938 446.1337585449219
73.4476089477539 446.1526794433594
73.14575958251953 446.15057373046875
72.84478759765625 446.1274719238281
72.54615783691406 446.0834655761719
72.2513198852539 446.0187683105469
71.96170806884766 445.9336853027344
71.67871856689453 445.8286437988281
71.40373229980469 445.7041320800781
71.1380844116211 445.560791015625
70.88306427001953 445.3992919921875
70.63990783691406 445.2204284667969
70.40980529785156 445.0250549316406
70.19386291503906 444.81414794921875
69.99313354492188 444.5887145996094
69.80859375 444.349853515625
69.6411361694336 444.09869384765625
69.4915771484375 443.83648681640625
69.36064147949219 443.56451416015625
69.24896240234375 443.2840881347656
69.1570816040039 442.9965515136719
69.08544921875 442.70330810546875
69.03440856933594 442.4057922363281
69.00421142578125 442.1054382324219
68.99500274658203 441.8037109375
69.00682830810547 441.5020751953125
69.03963470458984 441.2019958496094
69.09326171875 440.9049377441406
69.16744995117188 440.6122741699219
69.26184844970703 440.3254699707031
69.37601470947266 440.0458679199219
69.5094223022461 439.7747802734375
69.66145324707031 439.5135192871094
69.83134460449219 439.2633972167969
70.01832580566406 439.02557373046875
70.2214584350586 438.80126953125
70.44328308105469 438.5881042480469
70.6903305053711 438.3812255859375
70.96208953857422 438.1830139160156
71.26168823242188 437.9931335449219
71.5879898071289 437.8143005371094
71.9291763305664 437.65411376953125
72.27656555175781 437.5167236328125
72.62460327148438 437.40380859375
72.96526336669922 437.3169250488281
73.28963470458984 437.2565612792969
73.5989761352539 437.220458984375
73.90425872802734 437.2060546875
74.20619201660156 437.21282958984375
74.50677490234375 437.2405700683594
74.8046875 437.2891845703125
75.0984878540039 437.3584289550781
75.38675689697266 437.4479675292969
75.6680908203125 437.557373046875
75.94112396240234 437.68609619140625
76.20452880859375 437.8335266113281
76.45702362060547 437.9989318847656
76.6973876953125 438.1815185546875
76.92445373535156 438.3804016113281
77.13711547851562 438.5946350097656
77.33434295654297 438.8231506347656
77.51517486572266 439.0648498535156
77.67874145507812 439.31854248046875
77.8242416381836 439.5830078125
77.95096588134766 439.8569641113281
78.05830383300781 440.13909912109375
78.14573669433594 440.4280090332031
78.21283721923828 440.7223205566406
78.25927734375 441.02056884765625
78.28483581542969 441.32135009765625
78.28938293457031 441.6231689453125
78.27290344238281 441.924560546875
78.2354736328125 442.2240905761719
78.17727661132812 442.5202941894531
78.09859466552734 442.81170654296875
77.99980926513672 443.096923828125
77.88140106201172 443.37457275390625
77.74394226074219 443.643310546875
77.58809661865234 443.9018249511719
77.41462707519531 444.14886474609375
77.22438049316406 444.3832092285156
77.01827239990234 444.6037292480469
76.79730224609375 444.80938720703125
76.56255340576172 444.9991455078125
76.31515502929688 445.1720886230469
76.05631256103516 445.327392578125
75.78728485107422 445.46429443359375
75.5093765258789 445.5821228027344
75.22393798828125 445.6802978515625
74.93235778808594 445.75836181640625
74.63604736328125 445.8159484863281
74.33644104003906 445.8527526855469
74.03500366210938 445.86859130859375
73.73319244384766 445.8634033203125
73.4324722290039 445.83721923828125
73.13430786132812 445.7901611328125
72.84014892578125 445.7224426269531
72.5514144897461 445.6343994140625
72.26951599121094 445.5264587402344
71.99581909179688 445.399169921875
71.73165130615234 445.25311279296875
71.4782943725586 445.0890197753906
71.23698425292969 444.9076843261719
71.0088882446289 444.7099914550781
70.79511260986328 444.49688720703125
70.59669494628906 444.2694091796875
70.41460418701172 444.0286560058594
70.24971771240234 443.77581787109375
70.10284423828125 443.5121154785156
69.97469329833984 443.23883056640625
69.86588287353516 442.957275390625
69.77694702148438 442.6688232421875
69.70831298828125 442.3748779296875
69.66031646728516 442.0768737792969
69.63319396972656 441.7762451171875
69.6270751953125 441.4744567871094
69.64198303222656 441.1729736328125
69.6778564453125 440.8732604980469
69.73451232910156 440.5767517089844
69.81169128417969 440.2848815917969
69.90901184082031 439.99908447265625
70.02603912353516 439.72064208984375
70.16221618652344 439.450927734375
70.3168716430664 439.1912841796875
70.48930358886719 438.9429016113281
70.67868041992188 438.70703125
70.88420104980469 438.4847106933594
71.10704040527344 438.2749328613281
71.35214233398438 438.0740966796875
71.62840270996094 437.8771057128906
71.92748260498047 437.6920471191406
72.23920440673828 437.5259704589844
72.56356811523438 437.379150390625
72.90265655517578 437.2510681152344
73.23218536376953 437.1503601074219
73.56053924560547 437.07318115234375
73.87020111083984 437.0220947265625
74.17552185058594 436.99310302734375
74.47911071777344 436.98541259765625
74.7807388305664 436.998779296875
75.08063507080078 437.0331115722656
75.37741088867188 437.0882263183594
75.66963195800781 437.16387939453125
75.95587158203125 437.25970458984375
76.2347412109375 437.375244140625
76.50489044189453 437.5099182128906
76.76500701904297 437.6630859375
77.01382446289062 437.833984375
77.25013732910156 438.02178955078125
77.47279357910156 438.2256164550781
77.68071746826172 438.4444274902344
77.87289428710938 438.6772155761719
78.04839324951172 438.9228210449219
78.20636749267578 439.1800537109375
78.3460464477539 439.4476623535156
78.46675109863281 439.7243347167969
78.5678939819336 440.00872802734375
78.64897918701172 440.29949951171875
78.70962524414062 440.59521484375
78.74952697753906 440.8944091796875
78.76849365234375 441.1956787109375
78.76643371582031 441.4975280761719
78.74336242675781 441.7984924316406
78.69938659667969 442.0971374511719
78.63471984863281 442.3919982910156
78.54967498779297 442.6816101074219
78.44466400146484 442.964599609375
78.32020568847656 443.2395935058594
78.17689514160156 443.5052490234375
78.01543426513672 443.7602844238281
77.83660125732422 444.0034484863281
77.64126586914062 444.23358154296875
77.43038177490234 444.4495544433594
77.20496368408203 444.65032958984375
76.96611785888672 444.83489990234375
76.71499633789062 445.00238037109375
76.45281982421875 445.1519775390625
76.18086242675781 445.282958984375
75.90044403076172 445.3946838378906
75.61292266845703 445.4866027832031
75.3197021484375 445.55828857421875
75.02220153808594 445.609375
74.72186279296875 445.6396179199219
74.42015075683594 445.64886474609375
74.11852264404297 445.6370849609375
73.81845092773438 445.60430908203125
73.52139282226562 445.55072021484375
73.2287826538086 445.4765930175781
72.94204711914062 445.38226318359375
72.6625747680664 445.2681884765625
72.39173126220703 445.1349182128906
72.13082122802734 444.9831237792969
71.88111877441406 444.8135070800781
71.64383697509766 444.6269226074219
71.42012023925781 444.4242858886719
71.2110595703125 444.20654296875
71.01766967773438 443.9747619628906
70.84088897705078 443.7301025390625
70.68157958984375 443.4737243652344
70.54051208496094 443.20684814453125
70.41837310791016 442.9308166503906
70.31575012207031 442.6469421386719
70.23314666748047 442.3565979003906
70.17096710205078 442.06121826171875
70.12950897216797 441.7622375488281
70.10897064208984 441.4610900878906
70.10945892333984 441.15924072265625
70.13096618652344 440.858154296875
70.17338562011719 440.5592956542969
70.23651885986328 440.26409912109375
70.32006072998047 439.9739990234375
70.42361450195312 439.69036865234375
70.54669952392578 439.4145812988281
70.68872833251953 439.14794921875
70.84904479980469 438.8917236328125
71.0268325805664 438.6472473144531
71.22126770019531 438.4156494140625
71.43183135986328 438.1976318359375
71.65988159179688 437.9921569824219
71.91073608398438 437.7955322265625
72.18504333496094 437.60888671875
72.48062133789062 437.4351806640625
72.79241180419922 437.2783508300781
73.11331939697266 437.14227294921875
73.43768310546875 437.0290832519531
73.76007843017578 436.9399108886719
74.07644653320312 436.8748474121094
74.38648223876953 436.83282470703125
74.69034576416016 436.8128356933594
74.99271392822266 436.8139953613281
75.29376983642578 436.8361511230469
75.59253692626953 436.87921142578125
75.88758087158203 436.9429931640625
76.1774673461914 437.02716064453125
76.46078491210938 437.1313171386719
76.73616027832031 437.25494384765625
77.00225830078125 437.3974609375
77.2577896118164 437.5581359863281
77.50151062011719 437.7362365722656
77.73223114013672 437.9308776855469
77.94883728027344 438.14111328125
78.15027618408203 438.36590576171875
78.3355712890625 438.60418701171875
78.50382232666016 438.85479736328125
78.65421295166016 439.11651611328125
78.7860107421875 439.3880615234375
78.8985824584961 439.66815185546875
78.99137115478516 439.95538330078125
79.06393432617188 440.2483825683594
79.11591339111328 440.54571533203125
79.14705657958984 440.845947265625
79.15721893310547 441.14764404296875
79.14634704589844 441.4493103027344
79.11449432373047 441.7494812011719
79.06181335449219 442.04669189453125
78.98856353759766 442.33953857421875
78.89509582519531 442.6265563964844
78.78186798095703 442.9063720703125
78.64942932128906 443.1776123046875
78.49842071533203 443.43896484375
78.32957458496094 443.6891784667969
78.14371490478516 443.9270324707031
77.94174194335938 444.1513671875
77.72463989257812 444.361083984375
77.49345397949219 444.55517578125
77.24931335449219 444.7326965332031
76.993408203125 444.8927917480469
76.72697448730469 445.03466796875
76.45130920410156 445.15765380859375
76.1677474975586 445.2611389160156
75.8776626586914 445.3446350097656
75.58247375488281 445.40771484375
75.28360748291016 445.4500732421875
74.98251342773438 445.4715270996094
74.68065643310547 445.4719543457031
74.37950134277344 445.45135498046875
74.08051300048828 445.40985107421875
73.78514099121094 445.3476257324219
73.49481964111328 445.2649841308594
73.2109603881836 445.1623229980469
72.93494415283203 445.0401306152344
72.66810607910156 444.8990173339844
72.4117431640625 444.7396545410156
72.16709899902344 444.5628356933594
71.93536376953125 444.3694152832031
71.71766662597656 444.1603088378906
71.51505279541016 443.9365539550781
71.3285140991211 443.6992492675781
71.1589584350586 443.44952392578125
71.0072021484375 443.1885986328125
70.87399291992188 442.917724609375
70.75996398925781 442.63824462890625
70.66567993164062 442.35150146484375
70.59159088134766 442.0588684082031
70.5380630493164 441.7618103027344
70.50535583496094 441.46173095703125
70.49362182617188 441.16009521484375
70.50292205810547 440.8583984375
70.53321075439453 440.5580749511719
70.58434295654297 440.26055908203125
70.65607452392578 439.9673156738281
70.74806213378906 439.6797790527344
70.85986328125 439.3992919921875
70.99095916748047 439.127197265625
71.14073181152344 438.86480712890625
71.3084716796875 438.6133728027344
71.49333190917969 438.3741760253906
71.6944351196289 438.14837646484375
71.91156005859375 437.9363098144531
72.14939880371094 437.7341613769531
72.40220642089844 437.5475158691406
72.68287658691406 437.3682556152344
72.98700714111328 437.20111083984375
73.29891204833984 437.0553283691406
73.61681365966797 436.9314270019531
73.93658447265625 436.8305358886719
74.25302124023438 436.7535095214844
74.55956268310547 436.7006530761719
74.86355590820312 436.66961669921875
75.16667175292969 436.6598205566406
75.46835327148438 436.6711120605469
75.76847839355469 436.703369140625
76.06562805175781 436.7564392089844
76.35836029052734 436.830078125
76.64525604248047 436.9239196777344
76.92491912841797 437.0375061035156
77.19599151611328 437.1703186035156
77.4571533203125 437.3216857910156
77.70714569091797 437.4908752441406
77.94474792480469 437.67706298828125
78.16880798339844 437.87933349609375
78.37823486328125 438.0967102050781
78.57201385498047 438.3281555175781
78.74920654296875 438.5725402832031
78.90895080566406 438.82867431640625
79.05046844482422 439.0953063964844
79.17308044433594 439.3711242675781
79.27618408203125 439.6548156738281
79.3592758178711 439.94500732421875
79.42195892333984 440.24029541015625
79.46392822265625 440.5392150878906
79.48497772216797 440.84033203125
79.4850082397461 441.1421813964844
79.4640121459961 441.44329833984375
79.4220962524414 441.7422180175781
79.35946655273438 442.0375061035156
79.27642822265625 442.3277282714844
79.17337799072266 442.6114501953125
79.05081939697266 442.8872985839844
78.90934753417969 443.1539611816406
78.74964904785156 443.4101257324219
78.57250213623047 443.654541015625
78.3787612915039 443.8860168457031
78.16937255859375 444.10345458984375
77.94535064697266 444.3057556152344
77.7077865600586 444.4919738769531
77.45782470703125 444.66119384765625
77.19668579101562 444.8125915527344
76.9256362915039 444.9454345703125
76.64599609375 445.05908203125
76.35911560058594 445.1529846191406
76.06639862060547 445.2266845703125
75.76925659179688 445.2798156738281
75.4691390991211 445.3121337890625
75.16749572753906 445.3234558105469
74.86579895019531 445.3137512207031
74.56550598144531 445.2830505371094
74.26808166503906 445.2315368652344
73.97496795654297 445.159423828125
73.68759155273438 445.06707763671875
73.40734100341797 444.9549255371094
73.13558197021484 444.82354736328125
72.8736343383789 444.6735534667969
72.62276458740234 444.50567626953125
72.38419342041016 444.32073974609375
72.1590805053711 444.11962890625
71.94852447509766 443.9033508300781
71.7535400390625 443.67291259765625
71.5750732421875 443.4294738769531
71.41399383544922 443.1741943359375
71.27108764648438 442.9083251953125
71.14704132080078 442.6331481933594
71.04246520996094 442.3499755859375
70.9578628540039 442.0602111816406
70.89363861083984 441.7652587890625
70.85011291503906 441.466552734375
70.8274917602539 441.1655578613281
70.82588958740234 440.86370849609375
70.8453140258789 440.5624694824219
70.88567352294922 440.2633361816406
70.94676971435547 439.96771240234375
71.02830505371094 439.6770324707031
71.12989807128906 439.3927307128906
71.25106048583984 439.1161193847656
71.39122772216797 438.8485412597656
71.54973602294922 438.5912780761719
71.72579193115234 438.34564208984375
71.91857147216797 438.11279296875
72.12713623046875 437.8938903808594
72.35274505615234 437.6878356933594
72.59532165527344 437.4952697753906
72.86243438720703 437.3114318847656
73.14922332763672 437.1411437988281
73.4516372680664 436.9876708984375
73.76351165771484 436.8544616699219
74.07965087890625 436.7435302734375
74.39543151855469 436.6558837890625
74.70736694335938 436.59161376953125
75.01203918457031 436.55035400390625
75.31534576416016 436.530517578125
75.61761474609375 436.53179931640625
75.91865539550781 436.5541076660156
76.21739959716797 436.5973205566406
76.51241302490234 436.6612243652344
76.80225372314453 436.7455139160156
77.08552551269531 436.84979248046875
77.36084747314453 436.9735412597656
77.62687683105469 437.1161804199219
77.88233184814453 437.2769775390625
78.12596893310547 437.4552001953125
78.35659790039062 437.6499328613281
78.57310485839844 437.8602600097656
78.7744369506836 438.0851745605469
78.95962524414062 438.32354736328125
79.12776184082031 438.5742492675781
79.27803039550781 438.8360290527344
79.40969848632812 439.107666015625
79.52213287353516 439.3877868652344
79.61478424072266 439.6750793457031
79.68721008300781 439.9681091308594
79.73905181884766 440.2654724121094
79.77005767822266 440.56573486328125
79.78007507324219 440.867431640625
79.76905822753906 441.1690979003906
79.737060546875 441.46923828125
79.68424224853516 441.7664489746094
79.61085510253906 442.0592346191406
79.51725006103516 442.3462219238281
79.40389251708984 442.6259765625
79.27132415771484 442.89715576171875
79.12019348144531 443.158447265625
78.95123291015625 443.4085693359375
78.7652587890625 443.6463317871094
78.56317901611328 443.8705749511719
78.34597778320312 444.0802001953125
78.11470031738281 444.274169921875
77.87047576904297 444.4515686035156
77.61449432373047 444.6115417480469
77.34799194335938 444.7532958984375
77.072265625 444.8761291503906
76.78865051269531 444.9794616699219
76.49852752685547 445.06280517578125
76.20330810546875 445.125732421875
75.9044189453125 445.16796875
75.60331726074219 445.18927001953125
75.30146026611328 445.1895446777344
75.00032043457031 445.1688232421875
74.70135498046875 445.1271667480469
74.40601348876953 445.0647888183594
74.11573791503906 444.98199462890625
73.8319320678711 444.8791809082031
73.55596923828125 444.7568664550781
73.28919982910156 444.6156311035156
73.03291320800781 444.4561462402344
72.7883529663086 444.2792053222656
72.55670928955078 444.0856628417969
72.339111328125 443.87646484375
72.13660430908203 443.6526184082031
71.95018005371094 443.41522216796875
71.7807388305664 443.1654052734375
71.62911224365234 442.9043884277344
71.49602508544922 442.6334533691406
71.38213348388672 442.3539123535156
71.2879867553711 442.0671081542969
71.21404266357422 441.7744445800781
71.16065216064453 441.47735595703125
71.12808227539062 441.1772766113281
71.11649322509766 440.8756408691406
71.12593841552734 440.5739440917969
71.1563720703125 440.27362060546875
71.20764923095703 439.97613525390625
71.2795181274414 439.6829528808594
71.37163543701172 439.39544677734375
71.48356628417969 439.1150207519531
71.61477661132812 438.843017578125
71.76465606689453 438.5807189941406
71.93247985839844 438.32940673828125
72.11743927001953 438.09033203125
72.31859588623047 437.86468505859375
72.53550720214844 437.6530456542969
72.76929473876953 437.45465087890625
73.023681640625 437.2672424316406
73.2986068725586 437.0921325683594
73.59095764160156 436.9323425292969
73.89583587646484 436.7911071777344
74.20079040527344 436.6738586425781
74.52047729492188 436.57489013671875
74.8327407836914 436.500732421875
75.13774108886719 436.45001220703125
75.44022369384766 436.4210205078125
75.74267578125 436.41314697265625
76.04428100585938 436.42633056640625
76.34420013427734 436.4604797363281
76.6410140991211 436.5154113769531
76.93328094482422 436.59088134765625
77.2195816040039 436.6865234375
77.49852752685547 436.8018798828125
77.76876068115234 436.9363708496094
78.02896881103516 437.08935546875
78.27789306640625 437.2601013183594
78.51432037353516 437.44775390625
78.73710632324219 437.65142822265625
78.9451675415039 437.8701171875
79.13748931884766 438.102783203125
79.31314086914062 438.3482666015625
79.47127532958984 438.6053771972656
79.61111450195312 438.8728942871094
79.73198699951172 439.1495056152344
79.83330535888672 439.433837890625
79.9145736694336 439.72454833984375
79.97540283203125 440.02020263671875
80.01548767089844 440.31939697265625
80.0346450805664 440.6206359863281
80.03277587890625 440.9224853515625
80.0098876953125 441.2234802246094
79.96609497070312 441.52215576171875
79.901611328125 441.8170471191406
79.8167495727539 442.1067199707031
79.71192169189453 442.3898010253906
79.58763122558594 442.6648864746094
79.44448852539062 442.9306335449219
79.2831802368164 443.1857604980469
79.10449981689453 443.4290466308594
78.90930938720703 443.6593017578125
78.69855499267578 443.8753967285156
78.4732666015625 444.0762939453125
78.23453521728516 444.2610168457031
77.9835205078125 444.4286804199219
77.721435546875 444.57843017578125
77.4495620727539 444.7095642089844
77.1692123413086 444.82147216796875
76.88175201416016 444.91357421875
76.58857727050781 444.9854431152344
76.29110717773438 445.0367126464844
75.99079132080078 445.067138671875
75.6890869140625 445.0765686035156
75.38745880126953 445.0649719238281
75.08736419677734 445.0323791503906
74.79026794433594 444.9789733886719
74.49761199951172 444.905029296875
74.2108154296875 444.8108825683594
73.9312744140625 444.6969909667969
73.66034698486328 444.56390380859375
73.39934539794922 444.4122619628906
73.1495361328125 444.2428283691406
72.9121322631836 444.056396484375
72.68829345703125 443.8538818359375
72.47909545898438 443.6362609863281
72.28556060791016 443.40460205078125
72.10862731933594 443.1600341796875
71.94915771484375 442.90374755859375
71.80792236328125 442.636962890625
71.68560791015625 442.3609924316406
71.58280944824219 442.0771789550781
71.50003051757812 441.7868957519531
71.43766784667969 441.4915466308594
71.3960189819336 441.19256591796875
71.37529754638672 440.89141845703125
71.37559509277344 440.5895690917969
71.39691162109375 440.2884521484375
71.43914794921875 439.98956298828125
71.5020980834961 439.6943359375
71.58545684814453 439.4042053222656
71.68882751464844 439.12054443359375
71.81173706054688 438.8446960449219
71.95356750488281 438.5780334472656
72.1136703491211 438.3218078613281
72.29126739501953 438.0773010253906
72.48546600341797 437.8457336425781
72.6953353881836 437.6282043457031
72.9215316772461 437.42425537109375
73.16646575927734 437.2323303222656
73.43685150146484 437.04864501953125
73.72679138183594 436.8787841796875
74.02355194091797 436.73046875
74.32978057861328 436.6021423339844
74.64683532714844 436.4934387207031
74.96240997314453 436.4082946777344
75.26742553710938 436.3478698730469
75.57132720947266 436.3092041015625
75.87378692626953 436.2919006347656
76.17581939697266 436.2956848144531
76.47666931152344 436.3204650878906
76.7750473022461 436.36614990234375
77.06951904296875 436.4324951171875
77.35865783691406 436.5191955566406
77.64105224609375 436.6258239746094
77.91533660888672 436.7518615722656
78.18018341064453 436.8966979980469
78.43429565429688 437.0596008300781
78.67644500732422 437.23980712890625
78.90545654296875 437.43646240234375
79.12022399902344 437.6485900878906
79.31969451904297 437.8751525878906
79.5029067993164 438.11505126953125
79.66896057128906 438.36712646484375
79.81706237792969 438.6301574707031
79.94648742675781 438.9028625488281
80.05660247802734 439.1839294433594
80.14688110351562 439.4719543457031
80.21688079833984 439.7655944824219
80.2662582397461 440.0633850097656
80.2947769165039 440.3638916015625
80.30229949951172 440.6656494140625
80.28878784179688 440.9671936035156
80.25431060791016 441.2670593261719
80.19903564453125 441.5638122558594
80.12322998046875 441.8559875488281
80.02725982666016 442.1421813964844
79.91159057617188 442.4209899902344
79.77678680419922 442.6910705566406
79.62349700927734 442.95111083984375
79.45247650146484 443.1998291015625
79.2645492553711 443.43603515625
79.06062316894531 443.6585998535156
78.8416976928711 443.8664245605469
78.60882568359375 444.0585021972656
78.36314392089844 444.23388671875
78.10585021972656 444.3917236328125
77.83818817138672 444.5312805175781
77.56145477294922 444.65185546875
77.2770004272461 444.75286865234375
76.98619842529297 444.83380126953125
76.69046783447266 444.894287109375
76.39124298095703 444.9340515136719
76.08997344970703 444.952880859375
75.78812408447266 444.95068359375
75.48716735839844 444.9274597167969
75.18855285644531 444.8833312988281
74.89373779296875 444.8185119628906
74.60415649414062 444.73333740234375
74.32120513916016 444.6282043457031
74.0462646484375 444.50360107421875
73.78067016601562 444.36016845703125
73.52571105957031 444.1985778808594
73.28262329101562 444.0196228027344
73.0525894165039 443.8241882324219
72.83672332763672 443.6131896972656
72.63607788085938 443.3876647949219
72.45162200927734 443.1487121582031
72.28425598144531 442.89752197265625
72.1347885131836 442.6352844238281
72.00394439697266 442.3632507324219
71.89236450195312 442.082763671875
71.80059051513672 441.7951965332031
71.72906494140625 441.501953125
71.67813110351562 441.2044372558594
71.64804077148438 440.9040832519531
71.63894653320312 440.60235595703125
71.65088653564453 440.3007507324219
71.68379974365234 440.0007019042969
71.73753356933594 439.70367431640625
71.81182098388672 439.4111022949219
71.90631103515625 439.1243896484375
72.02056121826172 438.8448791503906
72.15400695800781 438.573974609375
72.3060302734375 438.3129577636719
72.47589874267578 438.0630798339844
72.66279602050781 437.8255920410156
72.86577606201172 437.6016845703125
73.08423614501953 437.3920593261719
73.31879425048828 437.1963806152344
73.57217407226562 437.0130615234375
73.84239959716797 436.8443908691406
74.13085174560547 436.69036865234375
74.43135833740234 436.5549621582031
74.73843383789062 436.4406433105469
75.04705047607422 436.3489074707031
75.35416412353516 436.2799377441406
75.65841674804688 436.2332763671875
75.96087646484375 436.2081604003906
76.26304626464844 436.20416259765625
76.56443786621094 436.22119140625
76.86389923095703 436.2591552734375
77.15998840332031 436.31787109375
77.45126342773438 436.3970642089844
77.73632049560547 436.4963684082031
78.01376342773438 436.6152648925781
78.28225708007812 436.7532043457031
78.54048919677734 436.9095153808594
78.7872085571289 437.08343505859375
79.0212173461914 437.27410888671875
79.24137878417969 437.4806213378906
79.44662475585938 437.70196533203125
79.6359634399414 437.9370422363281
79.8084716796875 438.18475341796875
79.96331024169922 438.4438781738281
80.09972381591797 438.713134765625
80.21705627441406 438.9912414550781
80.31473541259766 439.27685546875
80.39228820800781 439.5685729980469
80.44933319091797 439.864990234375
80.485595703125 440.1646728515625
80.50090026855469 440.46612548828125
80.49517822265625 440.7679138183594
80.46845245361328 441.0685729980469
80.42085266113281 441.36663818359375
80.35260772705078 441.6606750488281
80.26405334472656 441.9492492675781
80.1556167602539 442.23095703125
80.02782440185547 442.5044250488281
79.88129425048828 442.7683410644531
79.71674346923828 443.0213928222656
79.53497314453125 443.26239013671875
79.33686065673828 443.4901428222656
79.12336730957031 443.7035217285156
78.8955307006836 443.9015197753906
78.65445709228516 444.08319091796875
78.40132141113281 444.24761962890625
78.13734436035156 444.3940124511719
77.86381530761719 444.52166748046875
77.58206176757812 444.6299743652344
77.29344940185547 444.7183837890625
76.99937438964844 444.7864990234375
76.7012710571289 444.8339538574219
76.40058898925781 444.86053466796875
76.09878540039062 444.8661193847656
75.79732513427734 444.8506774902344
75.49767303466797 444.81427001953125
75.20128631591797 444.757080078125
74.90959930419922 444.67938232421875
74.62403106689453 444.5815734863281
74.3459701538086 444.464111328125
74.07676696777344 444.32757568359375
73.8177261352539 444.172607421875
73.57009887695312 444.0
73.33509826660156 443.810546875
73.11386108398438 443.6051940917969
72.90746307373047 443.3849182128906
72.71690368652344 443.15081787109375
72.5431137084961 442.9040222167969
72.38693237304688 442.6457214355469
72.24911499023438 442.3771667480469
72.13034057617188 442.09967041015625
72.03117370605469 441.8145751953125
71.95210266113281 441.52325439453125
71.89351654052734 441.2271423339844
71.8556900024414 440.92767333984375
71.83881378173828 440.62628173828125
71.84296417236328 440.324462890625
71.86812591552734 440.0236511230469
71.91417694091797 439.7253112792969
71.98088836669922 439.430908203125
72.06794738769531 439.141845703125
72.17493438720703 438.8595275878906
72.30134582519531 438.5852966308594
72.44656372070312 438.32049560546875
72.60993194580078 438.06634521484375
72.79061126708984 437.82415771484375
72.98772430419922 437.5951232910156
73.20042419433594 437.3802185058594
73.42874908447266 437.1795654296875
73.67410278320312 436.99237060546875
73.93647003173828 436.8193664550781
74.22021484375 436.65875244140625
74.52144622802734 436.5138854980469
74.81961822509766 436.3944091796875
75.12174224853516 436.29656982421875
75.42483520507812 436.2208557128906
75.72774505615234 436.1669921875
76.02948760986328 436.13470458984375
76.3320541381836 436.12347412109375
76.63384246826172 436.13330078125
76.93412017822266 436.16412353515625
77.23152160644531 436.2157897949219
77.52460479736328 436.28802490234375
77.81194305419922 436.3804931640625
78.09214782714844 436.4927673339844
78.36385345458984 436.624267578125
78.62574005126953 436.7743835449219
78.87653350830078 436.9423522949219
79.11502075195312 437.12738037109375
79.34004211425781 437.3285827636719
79.55050659179688 437.5449523925781
79.74539184570312 437.77545166015625
79.92375183105469 438.01898193359375
80.084716796875 438.2743225097656
80.22750854492188 438.5402526855469
80.35143280029297 438.81549072265625
80.45589447021484 439.09869384765625
80.54037475585938 439.38848876953125
80.6044692993164 439.6834716796875
80.64786529541016 439.982177734375
80.67035675048828 440.283203125
80.67182922363281 440.5850524902344
80.65227508544922 440.8862609863281
80.6117935180664 441.1853942871094
80.55057525634766 441.4809875488281
80.46892547607422 441.7715759277344
80.36723327636719 442.0557861328125
80.2459945678711 442.33221435546875
80.10579681396484 442.59954833984375
79.94732666015625 442.8564453125
79.77134704589844 443.1016845703125
79.57872009277344 443.3340759277344
79.37037658691406 443.552490234375
79.14732360839844 443.755859375
78.91065216064453 443.9432067871094
78.66150665283203 444.1136169433594
78.4011001586914 444.2662658691406
78.13069152832031 444.4004211425781
77.85160064697266 444.5154113769531
77.56517791748047 444.6106872558594
77.27281188964844 444.685791015625
76.9759292602539 444.7403564453125
76.67596435546875 444.77410888671875
76.37438201904297 444.7868957519531
76.07263946533203 444.77862548828125
75.77220916748047 444.7493591308594
75.47454071044922 444.6992492675781
75.18108367919922 444.6285400390625
74.89326477050781 444.5375671386719
74.61248016357422 444.4267578125
74.34009552001953 444.2966613769531
74.07743072509766 444.1479187011719
73.82575988769531 443.98126220703125
73.58631134033203 443.7974548339844
73.36024475097656 443.5974426269531
73.14865112304688 443.3821716308594
72.95256805419922 443.1526794433594
72.77294158935547 442.91009521484375
72.61064147949219 442.65557861328125
72.46646118164062 442.390380859375
72.34110260009766 442.11578369140625
72.23516845703125 441.8331298828125
72.14917755126953 441.5437927246094
72.08354949951172 441.2491455078125
72.0385971069336 440.9506530761719
72.01454162597656 440.6497497558594
72.0114974975586 440.347900390625
72.02947998046875 440.04656982421875
72.06840515136719 439.7472229003906
72.12808227539062 439.4513244628906
72.20822143554688 439.1602783203125
72.30844116210938 438.87548828125
72.42826843261719 438.59832763671875
72.56713104248047 438.33013916015625
72.724365234375 438.07220458984375
72.8991928100586 437.8258361816406
73.09078979492188 437.5921630859375
73.29821014404297 437.37237548828125
73.52105712890625 437.1669616699219
73.76012420654297 436.9754943847656
74.01541137695312 436.7984924316406
74.2863998413086 436.63690185546875
74.57112884521484 436.492431640625
74.87135314941406 436.36480712890625
75.17613983154297 436.25885009765625
75.48158264160156 436.1754150390625
75.7847671508789 436.11456298828125
76.0877456665039 436.0752868652344
76.38996887207031 436.05731201171875
76.69197082519531 436.0603942871094
76.99288177490234 436.0845031738281
77.29136657714844 436.1294860839844
77.58599090576172 436.1951599121094
77.87532806396484 436.28118896484375
78.15797424316406 436.38714599609375
78.43254852294922 436.5125427246094
78.69772338867188 436.65673828125
78.95221710205078 436.8190612792969
79.19478607177734 436.99871826171875
79.42425537109375 437.19482421875
79.63951110839844 437.40643310546875
79.83950805664062 437.6325378417969
80.02326965332031 437.87200927734375
80.18991088867188 438.1236877441406
80.33861541748047 438.3863830566406
80.46866607666016 438.6587829589844
80.57942962646484 438.9395751953125
80.67037200927734 439.2274169921875
80.74105072021484 439.5208740234375
80.79112243652344 439.81854248046875
80.82034301757812 440.1189880371094
80.82856750488281 440.42071533203125
80.81575775146484 440.7222900390625
80.78197479248047 441.0222473144531
80.72738647460938 441.3191223144531
80.65225219726562 441.6114807128906
80.55694580078125 441.89788818359375
80.44192504882812 442.1769714355469
80.30774688720703 442.4473571777344
80.15505981445312 442.707763671875
79.98461151123047 442.9568786621094
79.79722595214844 443.19354248046875
79.59381866455078 443.41656494140625
79.37537384033203 443.6248779296875
79.14295196533203 443.8174743652344
78.8976821899414 443.993408203125
78.64075469970703 444.15185546875
78.3734130859375 444.2920227050781
78.09696197509766 444.4132385253906
77.81273651123047 444.514892578125
77.52212524414062 444.59649658203125
77.22653198242188 444.6576843261719
76.92739868164062 444.6981201171875
76.62617492675781 444.7176513671875
76.32432556152344 444.7161560058594
76.0233154296875 444.6936340332031
75.72460174560547 444.65020751953125
75.42964172363281 444.5860900878906
75.13986206054688 444.5015869140625
74.85667419433594 444.3970947265625
74.5814437866211 444.27313232421875
74.31552124023438 444.13031005859375
74.06018829345703 443.96929931640625
73.81668853759766 443.7909240722656
73.5862045288086 443.59600830078125
73.3698501586914 443.3855285644531
73.1686782836914 443.1604919433594
72.98367309570312 442.9219665527344
72.81572723388672 442.671142578125
72.66565704345703 442.40924072265625
72.53418731689453 442.13751220703125
72.42195892333984 441.8572998046875
72.32952117919922 441.5699462890625
72.25731658935547 441.27685546875
72.20569610595703 440.9794616699219
72.17491149902344 440.6791687011719
72.16511535644531 440.3774719238281
72.17635345458984 440.0758361816406
72.20857238769531 439.77569580078125
72.26161193847656 439.4785461425781
72.33522033691406 439.185791015625
72.42904663085938 438.8988342285156
72.54264068603516 438.61907958984375
72.67545318603516 438.347900390625
72.82685852050781 438.0865478515625
72.99613189697266 437.8363342285156
73.18244934082031 437.59844970703125
73.38488006591797 437.3741149902344
73.60270690917969 437.16412353515625
73.83618927001953 436.96844482421875
74.08726501464844 436.7860107421875
74.35426330566406 436.6186828613281
74.6382064819336 436.4665832519531
74.94010925292969 436.3301086425781
75.2426528930664 436.2171325683594
75.5477066040039 436.126220703125
75.85250854492188 436.0576477050781
76.15568542480469 436.0111083984375
76.45785522460938 435.9859924316406
76.75996398925781 435.9819641113281
77.0613784790039 435.99896240234375
77.36083984375 436.0368957519531
77.65692901611328 436.0956115722656
77.94821166992188 436.1748046875
78.23326873779297 436.2740783691406
78.51072692871094 436.3929748535156
78.77922821044922 436.5308837890625
79.0374755859375 436.6871643066406
79.28421020507812 436.8610534667969
79.51823425292969 437.05169677734375
79.73841094970703 437.2581787109375
79.94367218017578 437.4794921875
80.13302612304688 437.7145690917969
80.30554962158203 437.9622497558594
80.46040344238281 438.2213439941406
80.59683990478516 438.4906005859375
80.71418762207031 438.7687072753906
80.81188201904297 439.0543212890625
80.88945007324219 439.3460388183594
80.94651794433594 439.6424560546875
80.98280334472656 439.9421081542969
80.99813079833984 440.2435607910156
80.99242401123047 440.54534912109375
80.96571350097656 440.84600830078125
80.91812896728516 441.14410400390625
80.84990692138672 441.4381408691406
80.76136779785156 441.7267150878906
80.65294647216797 442.0084228515625
80.5251693725586 442.2818908691406
80.378662109375 442.5458068847656
80.21412658691406 442.79888916015625
80.0323715209961 443.0398864746094
79.83427429199219 443.26763916015625
79.62079620361328 443.4810485839844
79.39297485351562 443.6790771484375
79.15191650390625 443.8607482910156
78.89878845214844 444.02520751953125
78.63482666015625 444.171630859375
78.3613052368164 444.29931640625
78.07955932617188 444.40765380859375
77.79095458984375 444.49609375
77.49688720703125 444.564208984375
77.19879150390625 444.6116943359375
76.89810943603516 444.6383056640625
76.59630584716797 444.6439208984375
76.29484558105469 444.62847900390625
75.99519348144531 444.59210205078125
75.69879913330078 444.5349426269531
75.4071044921875 444.457275390625
75.12152862548828 444.3594970703125
74.84346008300781 444.2420654296875
74.5742416381836 444.10552978515625
74.315185546875 443.9505920410156
74.06755065917969 443.7779846191406
73.83253479003906 443.58856201171875
73.61128234863281 443.3832092285156
73.40486907958984 443.1629638671875
73.21429443359375 442.9288635253906
73.04048156738281 442.68206787109375
72.88427734375 442.42376708984375
72.74644470214844 442.15521240234375
72.62764739990234 441.8777160644531
72.5284652709961 441.5926208496094
72.44937896728516 441.3013000488281
72.3907699584961 441.00518798828125
72.35292053222656 440.7057189941406
72.33602142333984 440.4043273925781
72.34014892578125 440.1025085449219
72.36528778076172 439.80169677734375
72.41131591796875 439.50335693359375
72.47801208496094 439.2089538574219
72.56504821777344 438.9198913574219
72.67201232910156 438.6375732421875
72.79840087890625 438.36334228515625
72.94358825683594 438.0985412597656
73.10691833496094 437.8443908691406
73.28755950927734 437.60223388671875
73.48463439941406 437.3731994628906
73.6972427368164 437.15838623046875
73.92520904541016 436.9580383300781
74.16790008544922 436.77294921875
74.42820739746094 436.6014709472656
74.70811462402344 436.4433288574219
75.00017547607422 436.3034362792969
75.29972076416016 436.1841125488281
75.59937286376953 436.0877685546875
75.90245056152344 436.0127868652344
76.20448303222656 435.9598083496094
76.50602722167969 435.9282531738281
76.80815887451172 435.91778564453125
77.10990905761719 435.9283752441406
77.41011810302734 435.9599304199219
77.70738983154297 436.0123291015625
78.00028991699219 436.0852966308594
78.28739929199219 436.178466796875
78.56732177734375 436.2914123535156
78.83869934082031 436.423583984375
79.10021209716797 436.5743408203125
79.35059356689453 436.7429504394531
79.588623046875 436.9285888671875
79.81314849853516 437.1303405761719
80.02307891845703 437.34722900390625
80.21739959716797 437.5782165527344
80.39515686035156 437.8221740722656
80.55549621582031 438.0779113769531
80.6976318359375 438.3442077636719
80.82087707519531 438.6197509765625
80.92463684082031 438.9031982421875
81.00840759277344 439.1932067871094
81.07177734375 439.48834228515625
81.11444091796875 439.78717041015625
81.13619232177734 440.0882263183594
81.13691711425781 440.39007568359375
81.11662292480469 440.6912536621094
81.07540130615234 440.99029541015625
81.01345825195312 441.2857360839844
80.93109130859375 441.5761413574219
80.82869720458984 441.860107421875
80.70677947998047 442.13623046875
80.56592559814453 442.4031982421875
80.40682220458984 442.65972900390625
80.23023986816406 442.904541015625
80.03704071044922 443.136474609375
79.82815551757812 443.3543701171875
79.60459899902344 443.55718994140625
79.36746215820312 443.74395751953125
79.1178970336914 443.91375732421875
78.85710906982422 444.0657653808594
78.58637237548828 444.1992492675781
78.30699920654297 444.31353759765625
78.02033996582031 444.4081115722656
77.72779083251953 444.48248291015625
77.43077087402344 444.53631591796875
77.13072967529297 444.5693359375
76.82911682128906 444.58135986328125
76.52739715576172 444.5723571777344
76.22703552246094 444.5423583984375
75.92948913574219 444.49151611328125
75.6362075805664 444.4200744628906
75.34861755371094 444.3283996582031
75.06810760498047 444.2169189453125
74.7960433959961 444.0861511230469
74.53374481201172 443.936767578125
74.28248596191406 443.76947021484375
74.04348754882812 443.5850830078125
73.81790924072266 443.3844909667969
73.60684967041016 443.168701171875
73.41133117675781 442.938720703125
73.2322998046875 442.6956787109375
73.07063293457031 442.4407653808594
72.92710876464844 442.1752014160156
72.80242919921875 441.9002990722656
72.69719696044922 441.61737060546875
72.61192321777344 441.32781982421875
72.5470199584961 441.03302001953125
72.50279998779297 440.73443603515625
72.47948455810547 440.4334716796875
72.47718048095703 440.1316223144531
72.49590301513672 439.8303527832031
72.53556060791016 439.5311279296875
72.59596252441406 439.2353820800781
72.67681884765625 438.9445495605469
72.77774047851562 438.6600341796875
72.89824676513672 438.3832092285156
73.03775787353516 438.1153869628906
73.19561767578125 437.8578796386719
73.37103271484375 437.6119689941406
73.56317901611328 437.3788146972656
73.77111053466797 437.1595764160156
73.99427032470703 436.95489501953125
74.23309326171875 436.7646179199219
74.49029541015625 436.58721923828125
74.75801086425781 436.42852783203125
75.04505920410156 436.28387451171875
75.34170532226562 436.15875244140625
75.6434326171875 436.0549621582031
75.94670867919922 435.9732971191406
76.24887084960938 435.9138488769531
76.55138397216797 435.8758239746094
76.85353088378906 435.8590393066406
77.15543365478516 435.8633117675781
77.45624542236328 435.8885803222656
77.75455474853516 435.9347229003906
78.04891967773438 436.00152587890625
78.33792114257812 436.08868408203125
78.62014770507812 436.19573974609375
78.89423370361328 436.32220458984375
79.15884399414062 436.4674377441406
79.41270446777344 436.6307678222656
79.65457153320312 436.8113708496094
79.88327026367188 437.00836181640625
80.09769439697266 437.2208251953125
80.29680633544922 437.44769287109375
80.4796371459961 437.6878662109375
80.64529418945312 437.9402160644531
80.79297637939453 438.2034912109375
80.92196655273438 438.4764099121094
81.0316390991211 438.75762939453125
81.1214599609375 439.0458068847656
81.19099426269531 439.33953857421875
81.23989868164062 439.63739013671875
81.2679443359375 439.93792724609375
81.27499389648438 440.23968505859375
81.2610092163086 440.5412292480469
81.22605895996094 440.841064453125
81.1703109741211 441.1377258300781
81.09403991699219 441.4297790527344
80.99761199951172 441.7158203125
80.88150024414062 441.99444580078125
80.74626922607422 442.2643127441406
80.59256744384766 442.52410888671875
80.42115020751953 442.7725830078125
80.23284149169922 443.0085144042969
80.028564453125 443.2307434082031
79.8093032836914 443.4382019042969
79.57612609863281 443.6298828125
79.33016967773438 443.80487060546875
79.07262420654297 443.9623107910156
78.80474090576172 444.1014404296875
78.52781677246094 444.2215576171875
78.24320220947266 444.3221130371094
77.95227813720703 444.402587890625
77.65644836425781 444.4626159667969
77.35716247558594 444.50189208984375
77.05586242675781 444.5202331542969
76.75402069091797 444.5175476074219
76.45309448242188 444.49383544921875
76.15455627441406 444.4492492675781
75.85984802246094 444.38397216796875
75.57039642333984 444.29833984375
75.28761291503906 444.1927490234375
75.01287078857422 444.0677185058594
74.74750518798828 443.9238586425781
74.4927978515625 443.7618713378906
74.24999237060547 443.58251953125
74.020263671875 443.38671875
73.80473327636719 443.1753845214844
73.60444641113281 442.9495544433594
73.42037200927734 442.7103271484375
73.25340270996094 442.4588623046875
73.10435485839844 442.1963806152344
72.97394561767578 441.9241638183594
72.86280822753906 441.6435241699219
72.771484375 441.3558044433594
72.70042419433594 441.06243896484375
72.64996337890625 440.76483154296875
72.62035369873047 440.4644470214844
72.61173248291016 440.1627197265625
72.6241455078125 439.8611145019531
72.65753173828125 439.56109619140625
72.71173095703125 439.2641296386719
72.78648376464844 438.9716491699219
72.88143157958984 438.68505859375
72.9961166381836 438.40576171875
73.1299819946289 438.1351013183594
73.28239440917969 437.8743591308594
73.45262908935547 437.62481689453125
73.63985443115234 437.3876953125
73.8431396484375 437.1641845703125
74.06168365478516 436.9551696777344
74.29549407958984 436.76080322265625
74.54592895507812 436.58038330078125
74.81149291992188 436.4155578613281
75.09513092041016 436.2652587890625
75.39320373535156 436.1322326660156
75.68896484375 436.0235900878906
75.9919204711914 435.9352722167969
76.29268646240234 435.8695983886719
76.59430694580078 435.8253479003906
76.89598083496094 435.80230712890625
77.19806671142578 435.8003234863281
77.49935913085938 435.8193664550781
77.79855346679688 435.8593444824219
78.09423828125 435.9200744628906
78.38497924804688 436.0012512207031
78.66935729980469 436.10247802734375
78.94599914550781 436.2232360839844
79.21355438232422 436.36297607421875
79.47073364257812 436.5210266113281
79.71627807617188 436.69659423828125
79.94900512695312 436.8888244628906
80.16777801513672 437.0968017578125
80.37153625488281 437.31951904296875
80.55928802490234 437.5558776855469
80.7301254272461 437.80474853515625
80.88321685791016 438.0649108886719
81.01781463623047 438.3350830078125
81.13327026367188 438.6139831542969
81.2290267944336 438.9002380371094
81.30461120605469 439.1924743652344
81.35966491699219 439.4892578125
81.39391326904297 439.7891540527344
81.40719604492188 440.0907287597656
81.39944458007812 440.3924865722656
81.37069702148438 440.6929626464844
81.32109069824219 440.99072265625
81.25086975097656 441.2843017578125
81.1603775024414 441.572265625
81.050048828125 441.8532409667969
80.92041778564453 442.1258544921875
80.7721176147461 442.3887634277344
80.60586547851562 442.6407165527344
80.42247772216797 442.8804626464844
80.22283172607422 443.10687255859375
80.00790405273438 443.3188171386719
79.77873992919922 443.5152893066406
79.53645324707031 443.6953125
79.28221130371094 443.8580322265625
79.01725769042969 444.0026550292969
78.74287414550781 444.12847900390625
78.46039581298828 444.2348937988281
78.17119598388672 444.3213806152344
77.87667083740234 444.38751220703125
77.57825469970703 444.4329528808594
77.27739715576172 444.45751953125
76.9755630493164 444.4610595703125
76.6742172241211 444.4435729980469
76.37481689453125 444.4051513671875
76.07881927490234 444.3459777832031
75.78765869140625 444.2663269042969
75.50275421142578 444.1665954589844
75.2254867553711 444.0472717285156
74.95720672607422 443.908935546875
74.69921112060547 443.7522277832031
74.45275115966797 443.57794189453125
74.21903228759766 443.3869323730469
73.99918365478516 443.1800842285156
73.79427337646484 442.95843505859375
73.60529327392578 442.7230529785156
73.43316650390625 442.47509765625
73.27872467041016 442.21575927734375
73.14271545410156 441.9462890625
73.02580261230469 441.6679992675781
72.92855834960938 441.3822326660156
72.85144805908203 441.09039306640625
72.79485321044922 440.79388427734375
72.75904083251953 440.4941711425781
72.74419403076172 440.19268798828125
72.75037384033203 439.8908996582031
72.77755737304688 439.59027099609375
72.82561492919922 439.2922668457031
72.8943099975586 438.9983215332031
72.98330688476562 438.7098693847656
73.0921859741211 438.42828369140625
73.22042846679688 438.1549377441406
73.36742401123047 437.89111328125
73.53246307373047 437.63812255859375
73.71472930908203 437.397216796875
73.9133529663086 437.1695556640625
74.12736511230469 436.95623779296875
74.35707092285156 436.7571105957031
74.60049438476562 436.5740661621094
74.86043548583984 436.4053955078125
75.13617706298828 436.25225830078125
75.4260482788086 436.1161804199219
75.7197494506836 436.00201416015625
76.02083587646484 435.9080810546875
76.32295989990234 435.83612060546875
76.62470245361328 435.78594970703125
76.92620849609375 435.7571105957031
77.22820281982422 435.7493591308594
77.52983093261719 435.76263427734375
77.82974243164062 435.796875
78.12653350830078 435.8519287109375
78.41876983642578 435.9275207519531
78.70503234863281 436.0232849121094
78.98393249511719 436.13873291015625
79.25411987304688 436.2733154296875
79.51427459716797 436.4263916015625
79.76313781738281 436.59722900390625
79.99950408935547 436.78497314453125
80.22222137451172 436.9887390136719
80.43020629882812 437.20751953125
80.62245178222656 437.44024658203125
80.79801940917969 437.685791015625
80.95606231689453 437.9429626464844
81.09580993652344 438.21051025390625
81.21659088134766 438.4871520996094
81.31781005859375 438.7715148925781
81.39897918701172 439.062255859375
81.45970153808594 439.3579406738281
81.49968719482422 439.6571350097656
81.51873779296875 439.9583740234375
81.51676177978516 440.2602233886719
81.4937744140625 440.5611877441406
81.44988250732422 440.8598327636719
81.38529968261719 441.1546936035156
81.30033874511719 441.4443359375
81.1954116821289 441.72735595703125
81.07102966308594 442.00238037109375
80.92779541015625 442.2680969238281
80.76640319824219 442.523193359375
80.58763885498047 442.76641845703125
80.39237213134766 442.9966125488281
80.18154907226562 443.212646484375
79.95619201660156 443.4134826660156
79.71739196777344 443.5981140136719
79.46631622314453 443.76568603515625
79.20417785644531 443.91534423828125
78.93225860595703 444.04638671875
78.65187072753906 444.1581726074219
78.3643798828125 444.25018310546875
78.07117462158203 444.3219299316406
77.77368927001953 444.3730773925781
77.47335815429688 444.4034118652344
77.17164611816406 444.4127502441406
76.8700180053711 444.40106201171875
76.56993865966797 444.3683776855469
76.27286529541016 444.31488037109375
75.98023986816406 444.2408142089844
75.6934814453125 444.14654541015625
75.41397857666016 444.0325622558594
75.14309692382812 443.8993835449219
74.88214874267578 443.7476501464844
74.63240051269531 443.578125
74.39506530761719 443.3916015625
74.17129516601562 443.18902587890625
73.96217346191406 442.9713439941406
73.76872253417969 442.7396240234375
73.59187316894531 442.4949951171875
73.4324951171875 442.2386474609375
73.29135131835938 441.9718322753906
73.16913604736328 441.6958312988281
73.06643676757812 441.4119873046875
72.98375701904297 441.1216735839844
72.92149353027344 440.8263244628906
72.87995147705078 440.52734375
72.85932922363281 440.2261962890625
72.85972595214844 439.9243469238281
72.88114929199219 439.6232604980469
72.9234848022461 439.32440185546875
72.98653411865234 439.0292053222656
73.06999206542969 438.7391052246094
73.1734619140625 438.4554748535156
73.29643249511719 438.1797180175781
73.4383316040039 437.9131774902344
73.59847259521484 437.6571044921875
73.77609252929688 437.4127502441406
73.97029876708984 437.18133544921875
74.18018341064453 436.9639587402344
74.40503692626953 436.76141357421875
74.64505004882812 436.5736999511719
74.901611328125 436.40020751953125
75.17242431640625 436.2430419921875
75.45791625976562 436.10247802734375
75.75279998779297 435.9814453125
76.04934692382812 435.8827819824219
76.34862518310547 435.80560302734375
76.64935302734375 435.7498779296875
76.95027160644531 435.7154846191406
77.25247955322266 435.7021179199219
77.55430603027344 435.7098083496094
77.85480499267578 435.7384948730469
78.1525650024414 435.78802490234375
78.44615173339844 435.8581848144531
78.73414611816406 435.9486083984375
79.01514434814453 436.0588684082031
79.28778076171875 436.1884460449219
79.55072784423828 436.336669921875
79.8027114868164 436.50286865234375
80.04251098632812 436.6861877441406
80.26895904541016 436.8857727050781
80.48096466064453 437.10064697265625
80.677490234375 437.32977294921875
80.85758209228516 437.572021484375
81.0203628540039 437.82623291015625
81.16504669189453 438.0911560058594
81.29093170166016 438.3655090332031
81.39740753173828 438.64794921875
81.48394775390625 438.9371337890625
81.55014038085938 439.23162841796875
81.59566497802734 439.530029296875
81.62030029296875 439.83087158203125
81.6239242553711 440.1326904296875
81.60651397705078 440.4340515136719
81.56816101074219 440.73345947265625
81.50904846191406 441.02947998046875
81.4294662475586 441.3206481933594
81.32980346679688 441.6055603027344
81.21054077148438 441.8828430175781
81.07225036621094 442.1511535644531
80.91561126708984 442.4091796875
80.74138641357422 442.6556701660156
80.5504150390625 442.8894348144531
80.3436279296875 443.1093444824219
80.12203216552734 443.3143005371094
79.8866958618164 443.5033264160156
79.6387710571289 443.6755065917969
79.37945556640625 443.83001708984375
79.1100082397461 443.9660949707031
78.83174133300781 444.08306884765625
78.54600524902344 444.1803894042969
78.25418090820312 444.257568359375
77.95769500732422 444.3142395019531
77.6579818725586 444.3501281738281
77.35649871826172 444.36505126953125
77.05470275878906 444.35894775390625
76.75406646728516 444.33184814453125
76.45604705810547 444.28387451171875
76.16209411621094 444.2152404785156
75.8736343383789 444.1263122558594
75.59207153320312 444.01751708984375
75.31876373291016 443.8893737792969
75.05504608154297 443.7425231933594
74.80220031738281 443.57763671875
74.56144714355469 443.39556884765625
74.3339614868164 443.1971740722656
74.12084197998047 442.9833984375
