59.94804763793945 449.9511413574219
59.8931884765625 449.90557861328125
59.835628509521484 449.8634948730469
59.77558898925781 449.82501220703125
59.713294982910156 449.7903137207031
59.648983001708984 449.759521484375
59.5828971862793 449.73272705078125
59.51528549194336 449.7100524902344
59.446407318115234 449.69158935546875
59.37652587890625 449.6773986816406
59.30590057373047 449.66754150390625
59.23480224609375 449.66204833984375
59.16350173950195 449.66094970703125
59.09226608276367 449.6642150878906
59.02136993408203 449.671875
58.951080322265625 449.6838684082031
58.88166046142578 449.7001647949219
58.813377380371094 449.720703125
58.74648666381836 449.74542236328125
58.681243896484375 449.7742004394531
58.617897033691406 449.80694580078125
58.55668640136719 449.8435363769531
58.497840881347656 449.8838195800781
58.441585540771484 449.9276428222656
58.38813400268555 449.974853515625
58.33769226074219 450.0252685546875
58.29044723510742 450.07867431640625
58.246578216552734 450.1348876953125
58.20625305175781 450.1936950683594
58.16962432861328 450.2548828125
58.1368293762207 450.3182067871094
58.107994079589844 450.3834228515625
58.08322525024414 450.4502868652344
58.0626220703125 450.5185546875
58.04625701904297 450.58795166015625
58.03419494628906 450.6582336425781
58.02648162841797 450.7291259765625
58.02314758300781 450.80035400390625
58.02420425415039 450.87164306640625
58.02964401245117 450.9427490234375
58.039451599121094 451.01336669921875
58.053585052490234 451.083251953125
58.07199478149414 451.1521301269531
58.09461212158203 451.2197570800781
58.12134552001953 451.2858581542969
58.152099609375 451.3501892089844
58.1867561340332 451.4125061035156
58.225181579589844 451.47259521484375
58.267234802246094 451.5301818847656
58.312774658203125 451.5851135253906
58.36181640625 451.6373596191406
58.41413879394531 451.6866455078125
58.470062255859375 451.733154296875
58.530235290527344 451.7771911621094
58.5958251953125 451.8192138671875
58.66571044921875 451.85809326171875
58.73957061767578 451.8933410644531
58.82023239135742 451.92578125
58.904624938964844 451.9537048339844
58.991371154785156 451.9764404296875
59.082271575927734 451.99420166015625
59.15850830078125 452.0041809082031
59.23221969604492 452.00921630859375
59.30475997924805 452.00970458984375
59.37629699707031 452.0057678222656
59.447265625 451.9974670410156
59.51749801635742 451.9848327636719
59.58678436279297 451.9678955078125
59.65489196777344 451.94671630859375
59.721561431884766 451.92138671875
59.78654479980469 451.8919982910156
59.84959411621094 451.8586730957031
59.91047286987305 451.821533203125
59.96895217895508 451.7807312011719
60.02480697631836 451.73638916015625
60.07782745361328 451.6886901855469
60.127811431884766 451.6378479003906
60.1745719909668 451.5840148925781
60.21792984008789 451.52740478515625
60.257720947265625 451.4682312011719
60.29379653930664 451.4067077636719
60.32601547241211 451.34307861328125
60.3542594909668 451.277587890625
60.378421783447266 451.21051025390625
60.398406982421875 451.1420593261719
60.41414260864258 451.072509765625
60.425567626953125 451.00213623046875
60.432640075683594 450.9311828613281
60.43532943725586 450.85992431640625
60.43362808227539 450.78863525390625
60.42754364013672 450.71759033203125
60.41709899902344 450.6470642089844
60.4023323059082 450.5773010253906
60.38330078125 450.5085754394531
60.36007308959961 450.441162109375
60.332740783691406 450.37530517578125
60.30140686035156 450.3112487792969
60.26618957519531 450.2492370605469
60.22722244262695 450.18951416015625
60.184654235839844 450.1322937011719
60.13864517211914 450.07781982421875
60.08937072753906 450.0262756347656
60.037017822265625 449.97784423828125
59.98178482055664 449.9327392578125
59.92388153076172 449.89111328125
59.863525390625 449.8531494140625
59.80094528198242 449.8189697265625
59.73638153076172 449.7886962890625
59.670074462890625 449.762451171875
59.60227966308594 449.7403259277344
59.53325271606445 449.7224426269531
59.4632568359375 449.7088317871094
59.392555236816406 449.6995544433594
59.321414947509766 449.69464111328125
59.25010681152344 449.6941223144531
59.17890167236328 449.697998046875
59.108070373535156 449.70623779296875
59.037879943847656 449.71881103515625
58.968597412109375 449.7356872558594
58.90048599243164 449.7568054199219
58.83380126953125 449.7820739746094
58.768798828125 449.8114013671875
58.70572280883789 449.84466552734375
58.644813537597656 449.8817443847656
58.5863037109375 449.9225158691406
58.53041458129883 449.966796875
58.47735595703125 450.0144348144531
58.427330017089844 450.06524658203125
58.38052749633789 450.1190490722656
58.33712387084961 450.1756286621094
58.29728317260742 450.2347717285156
58.26115798950195 450.2962646484375
58.228885650634766 450.35986328125
58.20058822631836 450.4253234863281
58.17637252807617 450.4924011230469
58.15633010864258 450.5608215332031
58.14053726196289 450.63037109375
58.12905502319336 450.70074462890625
58.121925354003906 450.7716979980469
58.119178771972656 450.84295654296875
58.12082290649414 450.91424560546875
58.12685012817383 450.98529052734375
58.137237548828125 451.05584716796875
58.151947021484375 451.1256103515625
58.17092514038086 451.1943359375
58.19409942626953 451.26177978515625
58.221378326416016 451.3276672363281
58.252662658691406 451.3917541503906
58.2878303527832 451.45379638671875
58.326751708984375 451.5135498046875
58.36928176879883 451.57080078125
58.4152717590332 451.6253662109375
58.46473693847656 451.67718505859375
58.517452239990234 451.72601318359375
58.57432556152344 451.77252197265625
58.634788513183594 451.8160095214844
58.70058059692383 451.8573913574219
58.770599365234375 451.8955993652344
58.84711456298828 451.93133544921875
58.92774963378906 451.9629821777344
59.01205825805664 451.9900817871094
59.098663330078125 452.0119934082031
59.18596649169922 452.0283203125
59.262210845947266 452.0376892089844
59.33519744873047 452.0421142578125
59.40760803222656 452.0420227050781
59.47909927368164 452.0375061035156
59.549983978271484 452.02862548828125
59.6201057434082 452.0154113769531
59.68925476074219 451.9979248046875
59.7571907043457 451.9761962890625
59.82365417480469 451.9503479003906
59.888397216796875 451.9204406738281
59.95117950439453 451.8866271972656
60.01176071166992 451.8489990234375
60.069908142089844 451.8077087402344
60.12540817260742 451.762939453125
60.17804718017578 451.71484375
60.227622985839844 451.66357421875
60.27395248413086 451.609375
60.316856384277344 451.55242919921875
60.35617446899414 451.4929504394531
60.39175796508789 451.43115234375
60.42346954345703 451.3672790527344
60.45119094848633 451.30157470703125
60.474815368652344 451.2342834472656
60.49425506591797 451.1656799316406
60.50943374633789 451.09600830078125
60.520294189453125 451.0255432128906
60.526798248291016 450.95452880859375
60.5289192199707 450.88323974609375
60.526649475097656 450.8119812011719
60.519996643066406 450.7409973144531
60.50898742675781 450.6705322265625
60.4936637878418 450.60089111328125
60.474082946777344 450.5323181152344
60.4503173828125 450.465087890625
60.42245864868164 450.3994445800781
60.3906135559082 450.33563232421875
60.35490417480469 450.2738952636719
60.315460205078125 450.2144775390625
60.272438049316406 450.1576232910156
60.22599411010742 450.103515625
60.17631149291992 450.0523681640625
60.123573303222656 450.0043640136719
60.0679817199707 449.959716796875
60.00974655151367 449.9185485839844
59.94908905029297 449.88104248046875
59.88623809814453 449.84735107421875
59.821434020996094 449.8175964355469
59.754920959472656 449.7919006347656
59.68695068359375 449.77032470703125
59.61778259277344 449.75299072265625
59.54767990112305 449.73992919921875
59.476905822753906 449.731201171875
59.40572738647461 449.72686767578125
59.33441925048828 449.7269287109375
59.263248443603516 449.7313537597656
59.19248580932617 449.74017333984375
59.122398376464844 449.7533264160156
59.053253173828125 449.770751953125
58.985313415527344 449.79241943359375
58.9188346862793 449.8182067871094
58.854068756103516 449.8480529785156
58.791263580322266 449.8818359375
58.730655670166016 449.9194030761719
58.6724739074707 449.96063232421875
58.616939544677734 450.00537109375
58.56426239013672 450.0534362792969
58.514644622802734 450.1046447753906
58.4682731628418 450.1588134765625
58.425323486328125 450.2157287597656
58.38595962524414 450.2751770019531
58.3503303527832 450.3369445800781
58.31856918334961 450.4007873535156
58.29079818725586 450.4664611816406
58.267120361328125 450.5337219238281
58.24762725830078 450.6023254394531
58.232391357421875 450.6719970703125
58.221473693847656 450.7424621582031
58.21491241455078 450.8134765625
58.21273422241211 450.884765625
58.21494674682617 450.9560546875
58.22154235839844 451.0270690917969
58.23249435424805 451.0975341796875
58.247764587402344 451.16717529296875
58.26729202270508 451.2357482910156
58.2910041809082 451.3030090332031
58.318809509277344 451.3686828613281
58.35060501098633 451.4325256347656
58.386268615722656 451.4942932128906
58.42566680908203 451.5537414550781
58.46865463256836 451.61065673828125
58.515098571777344 451.66485595703125
58.564876556396484 451.7161865234375
58.61796951293945 451.76458740234375
58.675167083740234 451.81060791015625
58.73711013793945 451.8544006347656
58.803096771240234 451.8951721191406
58.87324142456055 451.9327087402344
58.94978713989258 451.96771240234375
59.030391693115234 451.99859619140625
59.1170768737793 452.02569580078125
59.20570373535156 452.04736328125
59.29296875 452.06292724609375
59.36921310424805 452.0716552734375
59.44221115112305 452.0754699707031
59.51429748535156 452.07476806640625
59.58574295043945 452.0696716308594
59.65653610229492 452.0602111816406
59.72654342651367 452.0464172363281
59.7955436706543 452.0283508300781
59.8632926940918 452.0060729980469
59.92953872680664 451.97967529296875
59.99403381347656 451.9492492675781
60.0565299987793 451.9149169921875
60.11679458618164 451.8768005371094
60.174598693847656 451.8350524902344
60.22972106933594 451.7898254394531
60.28195571899414 451.74127197265625
60.33110427856445 451.6896057128906
60.37697982788086 451.635009765625
60.41940689086914 451.57769775390625
60.458229064941406 451.51788330078125
60.49329376220703 451.4557800292969
60.524471282958984 451.39166259765625
60.55164337158203 451.32574462890625
60.57470703125 451.2582702636719
60.59357452392578 451.18951416015625
60.60817337036133 451.1197204589844
60.618446350097656 451.0491638183594
60.624359130859375 450.97808837890625
60.625885009765625 450.90679931640625
60.62302017211914 450.8355407714844
60.61577606201172 450.76458740234375
60.60417938232422 450.6942138671875
60.58827590942383 450.62469482421875
60.56812286376953 450.5563049316406
60.543800354003906 450.4892578125
60.51539611816406 450.4238586425781
60.4830207824707 450.3603210449219
60.44679641723633 450.29888916015625
60.4068603515625 450.23980712890625
60.363365173339844 450.18328857421875
60.31647491455078 450.12957763671875
60.26636505126953 450.0788269042969
60.21323013305664 450.0312805175781
60.15726852416992 449.9870910644531
60.09869384765625 449.9464111328125
60.03772735595703 449.909423828125
59.9745979309082 449.8762512207031
59.909549713134766 449.8470458984375
59.84282684326172 449.8218994140625
59.774681091308594 449.8009033203125
59.70537185668945 449.7841491699219
59.635162353515625 449.77166748046875
59.56431579589844 449.7635498046875
59.493106842041016 449.7597961425781
59.42179870605469 449.76043701171875
59.35066604614258 449.7654724121094
59.27997970581055 449.7748718261719
59.21000289916992 449.7886047363281
59.14100646972656 449.8066101074219
59.073246002197266 449.8288269042969
59.00698471069336 449.85516357421875
58.94247055053711 449.8855285644531
58.879947662353516 449.9198303222656
58.81965255737305 449.9579162597656
58.76181411743164 449.9996337890625
58.7066535949707 450.0448303222656
58.654380798339844 450.09332275390625
58.60519027709961 450.14495849609375
58.559268951416016 450.19952392578125
58.51679229736328 450.2568054199219
58.47792434692383 450.31658935546875
58.44281005859375 450.378662109375
58.41157913208008 450.4427795410156
58.38435363769531 450.5086975097656
58.361236572265625 450.5761413574219
58.342315673828125 450.6448974609375
58.327659606933594 450.7146911621094
58.31732940673828 450.7852478027344
58.31135940551758 450.8562927246094
58.309776306152344 450.9275817871094
58.312583923339844 450.99884033203125
58.31977081298828 451.0697937011719
58.3313102722168 451.1401672363281
58.3471565246582 451.2096862792969
58.367252349853516 451.2781066894531
58.39152145385742 451.34515380859375
58.41987228393555 451.41058349609375
58.45219802856445 451.4741516113281
58.488372802734375 451.5356140136719
58.528263092041016 451.5947265625
58.571720123291016 451.6512756347656
58.6186408996582 451.7051086425781
58.66884231567383 451.7560119628906
58.72256851196289 451.8041687011719
58.78010177612305 451.84967041015625
58.842227935791016 451.892822265625
58.908267974853516 451.932861328125
58.978309631347656 451.9696044921875
59.05488586425781 452.00384521484375
59.13489532470703 452.03375244140625
59.221473693847656 452.0600280761719
59.3099479675293 452.0809020996094
59.389991760253906 452.09454345703125
59.46623611450195 452.1026916503906
59.53923797607422 452.10595703125
59.611305236816406 452.104736328125
59.682708740234375 452.0990905761719
59.7534294128418 452.089111328125
59.82332992553711 452.0747985839844
59.89219284057617 452.05621337890625
59.959774017333984 452.0334167480469
60.025821685791016 452.00653076171875
60.090087890625 451.9756164550781
60.15232849121094 451.9407958984375
60.21230697631836 451.9022216796875
60.269798278808594 451.86004638671875
60.3245849609375 451.81439208984375
60.37645721435547 451.7654724121094
60.42522048950195 451.71343994140625
60.47068786621094 451.65850830078125
60.51268768310547 451.60089111328125
60.551063537597656 451.5408020019531
60.58566665649414 451.47845458984375
60.61636734008789 451.4140930175781
60.64304733276367 451.34796142578125
60.66560745239258 451.2803039550781
60.6839599609375 451.2113952636719
60.698036193847656 451.1414794921875
60.707786560058594 451.0708312988281
60.71316909790039 450.9997253417969
60.71416473388672 450.9284362792969
60.71076965332031 450.8572082519531
60.702999114990234 450.78631591796875
60.690879821777344 450.7160339355469
60.67445755004883 450.6466369628906
60.6537971496582 450.5783996582031
60.62897491455078 450.51153564453125
60.6000862121582 450.44635009765625
60.567237854003906 450.383056640625
60.53055953979492 450.3218994140625
60.49018478393555 450.26312255859375
60.44626998901367 450.2069396972656
60.39897918701172 450.153564453125
60.34849548339844 450.10321044921875
60.295005798339844 450.0560607910156
60.23871612548828 450.01226806640625
60.179840087890625 449.9720458984375
60.11859893798828 449.9355163574219
60.05522537231445 449.90283203125
59.989959716796875 449.8741149902344
59.92304992675781 449.8494567871094
59.8547477722168 449.8289489746094
59.785316467285156 449.81268310546875
59.71501541137695 449.8007507324219
59.64411163330078 449.79315185546875
59.5728759765625 449.7899475097656
59.5015754699707 449.7911071777344
59.430484771728516 449.7966613769531
59.35987091064453 449.80657958984375
59.290000915527344 449.8208312988281
59.22113800048828 449.83935546875
59.15354537963867 449.8620910644531
59.08748245239258 449.8889465332031
59.023193359375 449.9197998046875
58.9609260559082 449.9545593261719
58.900917053222656 449.9930725097656
58.84339141845703 450.03521728515625
58.788570404052734 450.080810546875
58.73666000366211 450.12969970703125
58.6878547668457 450.18170166015625
58.64234161376953 450.2366027832031
58.60029602050781 450.294189453125
58.56187438964844 450.354248046875
58.5272216796875 450.41656494140625
58.4964714050293 450.48089599609375
58.4697380065918 450.5469970703125
58.44712448120117 450.6146240234375
58.428714752197266 450.6835021972656
58.414581298828125 450.7533874511719
58.40477752685547 450.8240051269531
58.39933776855469 450.8951110839844
58.398284912109375 450.9664001464844
58.4016227722168 451.0376281738281
58.40933609008789 451.1085205078125
58.4213981628418 451.1788024902344
58.43776321411133 451.2481994628906
58.458370208740234 451.31646728515625
58.48313903808594 451.3833312988281
58.51197814941406 451.44854736328125
58.544776916503906 451.5118713378906
58.5814094543457 451.57305908203125
58.62173843383789 451.6318664550781
58.66562271118164 451.6881103515625
58.71294403076172 451.7416076660156
58.763519287109375 451.7921447753906
58.81758117675781 451.8398742675781
58.875389099121094 451.8848876953125
58.937747955322266 451.9275207519531
59.003963470458984 451.9670104980469
59.074119567871094 452.0031433105469
59.15071487426758 452.0367126464844
59.230690002441406 452.0659484863281
59.316463470458984 452.09130859375
59.403953552246094 452.11126708984375
59.483985900878906 452.1242980957031
59.56022262573242 452.13189697265625
59.63261413574219 452.1346130371094
59.70445251464844 452.13287353515625
59.775779724121094 452.1267395019531
59.8464241027832 452.1162414550781
59.91621780395508 452.1014404296875
59.98494338989258 452.0823669433594
60.05236053466797 452.0591125488281
60.11821365356445 452.03173828125
60.18225860595703 452.0003662109375
60.2442512512207 451.9651184082031
60.303955078125 451.9261169433594
60.36114501953125 451.8835144042969
60.41560745239258 451.8374938964844
60.467132568359375 451.7882080078125
60.515525817871094 451.73583984375
60.560604095458984 451.6805725097656
60.602195739746094 451.6226501464844
60.64014434814453 451.5622863769531
60.6743049621582 451.49969482421875
60.70454788208008 451.43511962890625
60.73075866699219 451.3688049316406
60.752838134765625 451.3009948730469
60.77070236206055 451.2319641113281
60.78428649902344 451.1619567871094
60.79353332519531 451.09124755859375
60.79841232299805 451.0201110839844
60.79890441894531 450.94879150390625
60.795005798339844 450.8775939941406
60.7867317199707 450.8067626953125
60.77411651611328 450.736572265625
60.757205963134766 450.66729736328125
60.736061096191406 450.59918212890625
60.71076583862305 450.5325012207031
60.68141555786133 450.4674987792969
60.64812088012695 450.4044494628906
60.61100769042969 450.34356689453125
60.57021713256836 450.2850646972656
60.52590560913086 450.22918701171875
60.478240966796875 450.1761474609375
60.42740249633789 450.12615966796875
60.37358093261719 450.0793762207031
60.31698226928711 450.0360107421875
60.25782012939453 449.9961853027344
60.196319580078125 449.9600830078125
60.13271713256836 449.9278259277344
60.0672492980957 449.8995666503906
60.00016784667969 449.8753967285156
59.931724548339844 449.8553771972656
59.862178802490234 449.8396301269531
59.79179382324219 449.82818603515625
59.7208366394043 449.8210754394531
59.64957809448242 449.818359375
59.57828903198242 449.8200378417969
59.50723648071289 449.82611083984375
59.43669128417969 449.8365173339844
59.36692428588867 449.85125732421875
59.298194885253906 449.8702697753906
59.23076629638672 449.8934631347656
59.164894104003906 449.9207763671875
59.100826263427734 449.95208740234375
59.0388069152832 449.9872741699219
58.97907257080078 450.0262145996094
58.92184829711914 450.0687561035156
58.86735153198242 450.11474609375
58.81578826904297 450.16400146484375
58.76735305786133 450.2163391113281
58.722232818603516 450.27154541015625
58.68059539794922 450.3294372558594
58.64259719848633 450.3897705078125
58.6083869934082 450.45233154296875
58.57809066772461 450.5168762207031
58.55182647705078 450.5831604003906
58.529693603515625 450.65093994140625
58.51177215576172 450.719970703125
58.49813461303711 450.78997802734375
58.48883056640625 450.8606872558594
58.48389434814453 450.93182373046875
58.48334503173828 451.0031433105469
58.487186431884766 451.0743408203125
58.49540328979492 451.1451721191406
58.507965087890625 451.2153625488281
58.52482223510742 451.2846374511719
58.5459098815918 451.3527526855469
58.57115173339844 451.41943359375
58.60044860839844 451.48443603515625
58.63369369506836 451.5475158691406
58.67075729370117 451.6084289550781
58.71150588989258 451.6669616699219
58.75578689575195 451.7228698730469
58.80348205566406 451.7760314941406
58.85441207885742 451.8262023925781
58.90879440307617 451.87353515625
58.966880798339844 451.9181213378906
59.02945327758789 451.96026611328125
59.09770202636719 452.00030517578125
59.17018127441406 452.0369567871094
59.24940490722656 452.07098388671875
59.33188247680664 452.10040283203125
59.417545318603516 452.125
59.50666809082031 452.14459228515625
59.58767318725586 452.1571350097656
59.66241455078125 452.1639709472656
59.73486328125 452.1661071777344
59.80668258666992 452.1637878417969
59.87788009643555 452.1571044921875
59.948429107666016 452.14605712890625
60.018096923828125 452.1307067871094
60.086669921875 452.111083984375
60.153900146484375 452.0872802734375
60.21953582763672 452.05938720703125
60.283329010009766 452.02752685546875
60.34503936767578 451.9917907714844
60.40443420410156 451.95233154296875
60.46128463745117 451.9093017578125
60.515380859375 451.86285400390625
60.56651306152344 451.8131408691406
60.6144905090332 451.7603759765625
60.65913009643555 451.70477294921875
60.70026397705078 451.6465148925781
60.73773193359375 451.5858459472656
60.77139663696289 451.5229797363281
60.80112838745117 451.4581604003906
60.826812744140625 451.3916320800781
60.84835433959961 451.32366943359375
60.86567306518555 451.2544860839844
60.878700256347656 451.18438720703125
60.88739013671875 451.1136169433594
60.89170837402344 451.0424499511719
60.89163589477539 450.97113037109375
60.887176513671875 450.89996337890625
60.87834548950195 450.8291931152344
60.86517333984375 450.7591247558594
60.847713470458984 450.6899719238281
60.82603073120117 450.6220397949219
60.800209045410156 450.5555725097656
60.770347595214844 450.4908142089844
60.73655700683594 450.4280090332031
60.6989631652832 450.3674011230469
60.657711029052734 450.3092346191406
60.61295700073242 450.25372314453125
60.56487274169922 450.2010498046875
60.51363754272461 450.1514587402344
60.459449768066406 450.1051025390625
60.40251159667969 450.0621643066406
60.34303665161133 450.0228271484375
60.281253814697266 449.9872131347656
60.2173957824707 449.9554748535156
60.15170669555664 449.927734375
60.084434509277344 449.9040832519531
60.01583480834961 449.8846130371094
59.9461669921875 449.8694152832031
59.875694274902344 449.8585205078125
59.804683685302734 449.85198974609375
59.73340606689453 449.8498229980469
59.662132263183594 449.85205078125
59.591129302978516 449.8586730957031
59.52067184448242 449.8696594238281
59.45102310180664 449.88494873046875
59.3824462890625 449.9045104980469
59.31520462036133 449.9282531738281
59.249549865722656 449.9560852050781
59.185733795166016 449.9879150390625
59.12399673461914 450.0235900878906
59.064571380615234 450.0630187988281
59.00768280029297 450.10601806640625
58.953548431396484 450.1524353027344
58.902374267578125 450.20208740234375
58.85435485839844 450.2547912597656
58.809669494628906 450.31036376953125
58.768489837646484 450.36859130859375
58.73097229003906 450.4292297363281
58.69725799560547 450.4920654296875
58.66747283935547 450.5568542480469
58.6417350769043 450.62335205078125
58.62013626098633 450.6913146972656
58.602760314941406 450.7604675292969
58.58967590332031 450.83056640625
58.580928802490234 450.9013366699219
58.57655334472656 450.9725036621094
58.576568603515625 451.0438232421875
58.580970764160156 451.114990234375
58.58974838256836 451.1857604980469
58.60286331176758 451.255859375
58.62026596069336 451.32501220703125
58.64189147949219 451.3929748535156
58.667659759521484 451.45947265625
58.697471618652344 451.5242614746094
58.7312126159668 451.58709716796875
58.76875686645508 451.6477355957031
58.809967041015625 451.7059326171875
58.85468673706055 451.7615051269531
58.90279769897461 451.81427001953125
58.954341888427734 451.8642578125
59.00908279418945 451.9111633300781
59.06747817993164 451.95526123046875
59.13029479980469 451.9968566894531
59.19869613647461 452.0362548828125
59.27125930786133 452.0722351074219
59.3504753112793 452.10552978515625
59.432891845703125 452.13421630859375
59.51844024658203 452.1580505371094
59.607398986816406 452.1768798828125
59.68770217895508 452.18865966796875
59.761390686035156 452.19482421875
59.833839416503906 452.1964111328125
59.9055290222168 452.1935729980469
59.9766731262207 452.18634033203125
60.04713439941406 452.17474365234375
60.11668395996094 452.1588439941406
60.18510818481445 452.1387023925781
60.25215530395508 452.1144104003906
60.31757736206055 452.0860290527344
60.381126403808594 452.0536804199219
60.442562103271484 452.0174865722656
60.50165557861328 451.9775695800781
60.55817794799805 451.93408203125
60.61191940307617 451.88720703125
60.66267395019531 451.8371276855469
60.71024703979492 451.78399658203125
60.75446319580078 451.7280578613281
60.79515075683594 451.66949462890625
60.832157135009766 451.6085510253906
60.86534118652344 451.5454406738281
60.89458084106445 451.48040771484375
60.919761657714844 451.4136962890625
60.94078826904297 451.3455505371094
60.95758056640625 451.2762451171875
60.97007751464844 451.2060241699219
60.97822952270508 451.13519287109375
60.98200607299805 451.0639953613281
60.98139190673828 450.99267578125
60.97639083862305 450.9215393066406
60.96702194213867 450.8508605957031
60.95331954956055 450.7808837890625
60.93533706665039 450.7118835449219
60.91313934326172 450.64410400390625
60.88681411743164 450.57781982421875
60.85646057128906 450.5133056640625
60.82219314575195 450.4507751464844
60.784141540527344 450.3904724121094
60.74245071411133 450.3326110839844
60.6972770690918 450.2774353027344
60.6487922668457 450.22515869140625
60.59718322753906 450.17596435546875
60.54264450073242 450.1300354003906
60.485382080078125 450.0875549316406
60.42560958862305 450.0486755371094
60.36355972290039 450.0135498046875
60.29946517944336 449.9822998046875
60.23356628417969 449.9550476074219
60.166114807128906 449.9319152832031
60.09737014770508 449.9129638671875
60.027587890625 449.8982849121094
59.957035064697266 449.887939453125
59.88597869873047 449.8819580078125
59.8146858215332 449.8803405761719
59.743431091308594 449.88311767578125
59.672481536865234 449.8902893066406
59.602108001708984 449.90179443359375
59.53257751464844 449.9176025390625
59.46415328979492 449.93768310546875
59.397090911865234 449.9619140625
59.33164978027344 449.990234375
59.26807403564453 450.02252197265625
59.206607818603516 450.0586853027344
59.147483825683594 450.0985412597656
59.09092712402344 450.1419677734375
59.037147521972656 450.18878173828125
58.98635482788086 450.23883056640625
58.93873596191406 450.2919006347656
58.894474029541016 450.3478088378906
58.853736877441406 450.4063415527344
58.816680908203125 450.4672546386719
58.783443450927734 450.53033447265625
58.754154205322266 450.5953369140625
58.728919982910156 450.6620178222656
58.70783996582031 450.7301330566406
58.69099044799805 450.7994384765625
58.67844009399414 450.86962890625
58.670230865478516 450.9404602050781
58.66639709472656 451.01165771484375
58.666954040527344 451.0829772949219
58.671897888183594 451.15411376953125
58.681209564208984 451.2248229980469
58.694854736328125 451.2947998046875
58.71278381347656 451.36383056640625
58.734928131103516 451.4316101074219
58.761199951171875 451.4978942871094
58.79150390625 451.56243896484375
58.825721740722656 451.625
58.86372756958008 451.6853332519531
58.90537643432617 451.74322509765625
58.95052719116211 451.7984619140625
58.99903869628906 451.8508605957031
59.05095291137695 451.9004211425781
59.10603332519531 451.9468688964844
59.16472244262695 451.990478515625
59.22919845581055 452.032470703125
59.29774475097656 452.0712585449219
59.370079040527344 452.1064453125
59.44880676269531 452.1388244628906
59.53116226196289 452.1667785644531
59.61659240722656 452.18988037109375
59.705387115478516 452.2079772949219
59.78308868408203 452.21881103515625
59.8565673828125 452.22442626953125
59.929012298583984 452.2254943847656
60.00055694580078 452.2221374511719
60.0716438293457 452.2143859863281
60.14197540283203 452.2023010253906
60.21139907836914 452.1859130859375
60.2796745300293 452.165283203125
60.34654235839844 452.1405029296875
60.41175842285156 452.11163330078125
60.47507095336914 452.0788269042969
60.5362434387207 452.04217529296875
60.59504318237305 452.0018310546875
60.651248931884766 451.95794677734375
60.704647064208984 451.9106750488281
60.755035400390625 451.8602294921875
60.802223205566406 451.8067626953125
60.846031188964844 451.75048828125
60.886295318603516 451.6916198730469
60.92285919189453 451.6304016113281
60.95558547973633 451.5670471191406
60.984352111816406 451.5018005371094
61.00904846191406 451.4349060058594
61.029579162597656 451.3666076660156
61.045867919921875 451.29718017578125
61.05785369873047 451.2268981933594
61.06549072265625 451.156005859375
61.068748474121094 451.08477783203125
61.0676155090332 451.01348876953125
61.06209945678711 450.9423828125
61.052215576171875 450.87176513671875
61.03800582885742 450.8018798828125
61.01952362060547 450.7330017089844
60.9968376159668 450.6654052734375
60.97003173828125 450.5993347167969
60.939208984375 450.5350341796875
60.90448760986328 450.4727478027344
60.86600112915039 450.4127197265625
60.823890686035156 450.35516357421875
60.7783203125 450.3003234863281
60.72945785522461 450.2483825683594
60.677494049072266 450.1995544433594
60.622623443603516 450.1540222167969
60.5650520324707 450.1119384765625
60.505001068115234 450.073486328125
60.44269561767578 450.0387878417969
60.37837600708008 450.00799560546875
60.31228256225586 449.9812316894531
60.244667053222656 449.9585876464844
60.175785064697266 449.9401550292969
60.105899810791016 449.9259948730469
60.035274505615234 449.9161376953125
59.964176177978516 449.91064453125
59.89287567138672 449.9095458984375
59.8216438293457 449.912841796875
59.75074768066406 449.9205017089844
59.680458068847656 449.9325256347656
59.61104202270508 449.9488525390625
59.542762756347656 449.96942138671875
59.47587966918945 449.994140625
59.41064453125 450.02294921875
59.34730529785156 450.05572509765625
59.286102294921875 450.0923156738281
59.22726821899414 450.1325988769531
59.17102813720703 450.17645263671875
59.117591857910156 450.2236633300781
59.067161560058594 450.2740783691406
59.01993179321289 450.3275146484375
58.976078033447266 450.3837585449219
58.935768127441406 450.4425964355469
58.89915466308594 450.5037841796875
58.86637496948242 450.5671081542969
58.83755874633789 450.63232421875
58.812808990478516 450.6991882324219
58.79222106933594 450.7674560546875
58.775875091552734 450.83685302734375
58.763832092285156 450.9071350097656
58.75613784790039 450.97802734375
58.75282287597656 451.04925537109375
58.75389862060547 451.12054443359375
58.75935745239258 451.191650390625
58.76918411254883 451.26226806640625
58.7833366394043 451.3321533203125
58.80176544189453 451.4010314941406
58.824398040771484 451.4686584472656
58.85115051269531 451.5347595214844
58.881919860839844 451.5990905761719
58.91659164428711 451.6614074707031
58.95503234863281 451.7214660644531
58.997100830078125 451.779052734375
59.04265213012695 451.8339538574219
59.09158706665039 451.88604736328125
59.14385223388672 451.93524169921875
59.199588775634766 451.9815673828125
59.259307861328125 452.0252685546875
59.323978424072266 452.06671142578125
59.39265823364258 452.10491943359375
59.46506881713867 452.1394958496094
59.543785095214844 452.17120361328125
59.62607192993164 452.1984558105469
59.710655212402344 452.2206726074219
59.799285888671875 452.2380676269531
59.87504196166992 452.2480773925781
59.94853210449219 452.253173828125
60.02096939086914 452.25372314453125
60.09247589111328 452.2498474121094
60.16347122192383 452.2416076660156
60.233707427978516 452.2290344238281
60.303009033203125 452.212158203125
60.37113571166992 452.1910705566406
60.43783187866211 452.16583251953125
60.50284194946289 452.13653564453125
60.56592559814453 452.103271484375
60.6268424987793 452.0661926269531
60.685359954833984 452.02545166015625
60.74126052856445 451.9811706542969
60.79433059692383 451.93353271484375
60.84436798095703 451.8827209472656
60.89118194580078 451.82891845703125
60.93459701538086 451.7723388671875
60.974449157714844 451.71319580078125
61.01058578491211 451.6517333984375
61.042869567871094 451.5881652832031
61.0711784362793 451.522705078125
61.09540557861328 451.45562744140625
61.11545944213867 451.38720703125
61.131263732910156 451.3176574707031
61.142757415771484 451.2472839355469
61.149898529052734 451.17633056640625
61.15266036987305 451.1050720214844
61.151031494140625 451.0337829589844
61.14501953125 450.9627380371094
61.1346435546875 450.8921813964844
61.11994552612305 450.8224182128906
61.100982666015625 450.753662109375
61.077823638916016 450.68621826171875
61.05055618286133 450.6203308105469
61.019287109375 450.5562438964844
60.984134674072266 450.49420166015625
60.945228576660156 450.4344482421875
60.90271759033203 450.377197265625
60.85676574707031 450.3226623535156
60.80754470825195 450.27105712890625
60.75524139404297 450.22259521484375
60.70005416870117 450.17742919921875
60.64219284057617 450.1357421875
60.58187484741211 450.09771728515625
60.51932907104492 450.0634765625
60.454795837402344 450.03314208984375
60.38851547241211 450.0068359375
60.320743560791016 449.9846496582031
60.25173568725586 449.9666748046875
60.1817512512207 449.9530029296875
60.11105728149414 449.94366455078125
60.039920806884766 449.9386901855469
59.96861267089844 449.9380798339844
59.897403717041016 449.9418640136719
59.82656478881836 449.9500427246094
59.75636291503906 449.9625549316406
59.68706512451172 449.9793701171875
59.61893081665039 450.00042724609375
59.552223205566406 450.025634765625
59.48719024658203 450.0549011230469
59.4240837097168 450.0881042480469
59.36314010620117 450.1251220703125
59.304588317871094 450.16583251953125
59.248653411865234 450.2100524902344
59.1955451965332 450.25762939453125
59.145469665527344 450.30841064453125
59.09861373901367 450.3621520996094
59.055152893066406 450.418701171875
59.015254974365234 450.4778137207031
58.979068756103516 450.53924560546875
58.94673538208008 450.6028137207031
58.918373107910156 450.6682434082031
58.89409255981445 450.73529052734375
58.87398147583008 450.8037109375
58.85811996459961 450.87322998046875
58.8465690612793 450.943603515625
58.83937072753906 451.0145568847656
58.836551666259766 451.0858154296875
58.8381233215332 451.1571044921875
58.844078063964844 451.2281799316406
58.85439682006836 451.2987365722656
58.86903762817383 451.3685302734375
58.88794708251953 451.4372863769531
58.91105270385742 451.5047607421875
58.93826675415039 451.5706787109375
58.969486236572266 451.6347961425781
59.00459289550781 451.6968688964844
59.043453216552734 451.75665283203125
59.08592224121094 451.8139343261719
59.13185501098633 451.8685302734375
59.181148529052734 451.9202880859375
59.23374557495117 451.9691162109375
59.2897834777832 452.0150451660156
59.34975051879883 452.05828857421875
59.41460037231445 452.0992126464844
59.483402252197266 452.1368713378906
59.55819320678711 452.17193603515625
59.63689422607422 452.2029724121094
59.719112396240234 452.22955322265625
59.803585052490234 452.2511291503906
59.88972854614258 452.2674255371094
59.965492248535156 452.27691650390625
60.03898620605469 452.2815246582031
60.11130905151367 452.2815856933594
60.18278503417969 452.2772216796875
60.25368118286133 452.26849365234375
60.323829650878906 452.25543212890625
60.39301681518555 452.23809814453125
60.460994720458984 452.2165222167969
60.52751541137695 452.1908264160156
60.592323303222656 452.16107177734375
60.65517807006836 452.12738037109375
60.71583938598633 452.08990478515625
60.774078369140625 452.04876708984375
60.829673767089844 452.0041198730469
60.882415771484375 451.95611572265625
60.93210220336914 451.90496826171875
60.97854995727539 451.8508605957031
61.021575927734375 451.79400634765625
61.0610237121582 451.7345886230469
61.09674072265625 451.6728820800781
61.12858963012695 451.60906982421875
61.15645217895508 451.5434265136719
61.18022155761719 451.4761962890625
61.19981002807617 451.4076232910156
61.21514129638672 451.3379821777344
61.22615432739258 451.26751708984375
61.232810974121094 451.196533203125
61.235084533691406 451.1252746582031
61.232967376708984 451.0539855957031
61.226470947265625 450.98297119140625
61.215614318847656 450.9125061035156
61.200439453125 450.84283447265625
61.181007385253906 450.77423095703125
61.157386779785156 450.7069396972656
61.12967300415039 450.6412353515625
61.097965240478516 450.5773620605469
61.0623893737793 450.51556396484375
61.023075103759766 450.4560852050781
60.98017501831055 450.39910888671875
60.9338493347168 450.34490966796875
60.88427734375 450.29364013671875
60.831642150878906 450.2455139160156
60.776145935058594 450.20074462890625
60.71799850463867 450.1594543457031
60.65742111206055 450.121826171875
60.594642639160156 450.0880126953125
60.529903411865234 450.05810546875
60.46344757080078 450.0322570800781
60.39552688598633 450.0105285644531
60.32639694213867 449.9930419921875
60.25632095336914 449.9798278808594
60.18556594848633 449.970947265625
60.11439895629883 449.9664611816406
60.0430908203125 449.9663391113281
59.97190856933594 449.9706115722656
59.901126861572266 449.9792785644531
59.83101272583008 449.9922790527344
59.7618293762207 450.0095520019531
59.69384002685547 450.03106689453125
59.62730407714844 450.0567321777344
59.56247329711914 450.08642578125
59.49959182739258 450.12005615234375
59.438899993896484 450.1575012207031
59.3806266784668 450.1986083984375
59.32499694824219 450.24322509765625
59.272216796875 450.2911682128906
59.22248840332031 450.34228515625
59.17599868774414 450.3963623046875
59.13292694091797 450.45318603515625
59.09343338012695 450.5125732421875
59.05766677856445 450.57427978515625
59.02576446533203 450.6380615234375
58.99784851074219 450.70367431640625
58.97402572631836 450.7708740234375
58.954383850097656 450.83941650390625
58.93899917602539 450.9090576171875
58.92792892456055 450.9794921875
58.92121505737305 451.05047607421875
58.91888427734375 451.1217346191406
58.92094421386719 451.1930236816406
58.92738723754883 451.2640380859375
58.93818664550781 451.33453369140625
58.953304290771484 451.40423583984375
58.97268295288086 451.4728698730469
58.996246337890625 451.5401611328125
59.02391052246094 451.60589599609375
59.055564880371094 451.6697998046875
59.091094970703125 451.73162841796875
59.13036346435547 451.7911682128906
59.173221588134766 451.8481750488281
59.219539642333984 451.9024658203125
59.26918411254883 451.9538879394531
59.322105407714844 452.0023498535156
59.37843322753906 452.0478820800781
59.43965530395508 452.0914001464844
59.50468444824219 452.1318054199219
59.5736083984375 452.1689147949219
59.6484375 452.203369140625
59.72711944580078 452.2337646484375
59.811607360839844 452.26043701171875
59.89802932739258 452.2818298339844
59.98413848876953 452.2974853515625
60.05990982055664 452.306396484375
60.13340759277344 452.3104553222656
60.2054328918457 452.30999755859375
60.27687454223633 452.3051452636719
60.34769058227539 452.2959289550781
60.41773986816406 452.2823791503906
60.48680114746094 452.2645263671875
60.554622650146484 452.2424621582031
60.62095642089844 452.2162780761719
60.685550689697266 452.1860656738281
60.74816131591797 452.1519470214844
60.80855178833008 452.114013671875
60.866493225097656 452.07244873046875
60.92176818847656 452.02740478515625
60.97416305541992 451.9790344238281
61.02348327636719 451.9275207519531
61.069541931152344 451.8730773925781
61.112159729003906 451.81591796875
61.151180267333984 451.7562255859375
61.18645477294922 451.6942443847656
61.21784591674805 451.6302185058594
61.245235443115234 451.56439208984375
61.268524169921875 451.4969787597656
61.287620544433594 451.42828369140625
61.302452087402344 451.3585205078125
61.31296157836914 451.2879943847656
61.31911087036133 451.2169494628906
61.32087707519531 451.1456604003906
61.31825256347656 451.07440185546875
61.31124496459961 451.0034484863281
61.29988479614258 450.93304443359375
61.28421401977539 450.86346435546875
61.26428985595703 450.79498291015625
61.24018859863281 450.7278747558594
61.212005615234375 450.6623840332031
61.17984390258789 450.5987548828125
61.14382553100586 450.5372009277344
61.104087829589844 450.4779968261719
61.0607795715332 450.4213562011719
61.014068603515625 450.3674621582031
60.96413040161133 450.3165588378906
60.91115188598633 450.2688293457031
60.85533905029297 450.2244567871094
60.796897888183594 450.18359375
60.736053466796875 450.1463928222656
60.67303466796875 450.1130065917969
60.60808181762695 450.0835876464844
60.54144287109375 450.0581970214844
60.473365783691406 450.0369567871094
60.40411376953125 450.01995849609375
60.333946228027344 450.00726318359375
60.26313018798828 449.9989013671875
60.191932678222656 449.9949035644531
60.12062454223633 449.99530029296875
60.049476623535156 450.0000915527344
59.978759765625 450.0092468261719
59.90873718261719 450.0227355957031
59.83967971801758 450.04052734375
59.771846771240234 450.0625305175781
59.70549774169922 450.0886535644531
59.6408805847168 450.1188049316406
59.578243255615234 450.15289306640625
59.517822265625 450.1907653808594
59.45984649658203 450.2322692871094
59.404537200927734 450.27728271484375
59.35210037231445 450.32562255859375
59.302738189697266 450.3770751953125
59.25663757324219 450.4314880371094
59.21397399902344 450.4886169433594
59.17490768432617 450.54827880859375
59.139583587646484 450.6102294921875
59.10813903808594 450.6742248535156
59.08069610595703 450.74005126953125
59.05735397338867 450.80743408203125
59.038204193115234 450.8761291503906
59.023319244384766 450.94586181640625
59.012752532958984 451.0163879394531
59.00654602050781 451.0874328613281
59.004722595214844 451.1587219238281
59.00728988647461 451.22998046875
59.01424026489258 451.30096435546875
59.025543212890625 451.3713684082031
59.041160583496094 451.4409484863281
59.061031341552734 451.5094299316406
59.085079193115234 451.5765686035156
59.11321258544922 451.64208984375
59.14532470703125 451.70574951171875
59.18129348754883 451.767333984375
59.220985412597656 451.8265686035156
59.264259338378906 451.8832702636719
59.31096267700195 451.9372253417969
59.3609733581543 451.98828125
59.414432525634766 452.0365295410156
59.47154235839844 452.0820007324219
59.53300094604492 452.125
59.59809494018555 452.164794921875
59.66695022583008 452.20123291015625
59.741817474365234 452.23504638671875
59.82048034667969 452.2648010253906
59.90488052368164 452.2908020019531
59.991172790527344 452.3115234375
60.07724380493164 452.3265380859375
60.15301513671875 452.3349304199219
60.225860595703125 452.33843994140625
60.297874450683594 452.33746337890625
60.36924743652344 452.33209228515625
60.439998626708984 452.3223571777344
60.50994873046875 452.3083190917969
60.57888412475586 452.2900085449219
60.64655303955078 452.2674865722656
60.71269989013672 452.2408447265625
60.77708053588867 452.2101745605469
60.83945083618164 452.17559814453125
60.899574279785156 452.13726806640625
60.95722579956055 452.0953063964844
61.012184143066406 452.04986572265625
61.064239501953125 452.0011291503906
61.113197326660156 451.94927978515625
61.158870697021484 451.89453125
61.201087951660156 451.8370666503906
61.239688873291016 451.777099609375
61.27452850341797 451.7148742675781
61.30546951293945 451.650634765625
61.3323974609375 451.5845947265625
61.3552131652832 451.51702880859375
61.37382507324219 451.44818115234375
61.38816833496094 451.3783264160156
61.39818572998047 451.3077392578125
61.40383529663086 451.2366638183594
61.40510177612305 451.1653747558594
61.4019775390625 451.0941467285156
61.394474029541016 451.0232238769531
61.38262176513672 450.9529113769531
61.36646270751953 450.8834533691406
61.34606170654297 450.81512451171875
61.32149124145508 450.7481689453125
61.292850494384766 450.682861328125
61.2602424621582 450.61944580078125
61.223793029785156 450.55816650390625
61.18363952636719 450.4992370605469
61.13993835449219 450.4429016113281
61.09284973144531 450.38934326171875
61.04255676269531 450.33880615234375
60.9892463684082 450.29144287109375
60.93312072753906 450.2474670410156
60.87439727783203 450.2070007324219
60.81329345703125 450.17022705078125
60.75004196166992 450.1372985839844
60.68488693237305 450.10833740234375
60.61806869506836 450.08343505859375
60.54984664916992 450.06268310546875
60.48047637939453 450.0461730957031
60.410221099853516 450.0339660644531
60.33934783935547 450.0260925292969
60.268123626708984 450.0226135253906
60.19681930541992 450.0235290527344
60.12570571899414 450.02880859375
60.0550537109375 450.0384521484375
59.985130310058594 450.05242919921875
59.91619873046875 450.0706787109375
59.8485221862793 450.0931396484375
59.78235626220703 450.1197204589844
59.717952728271484 450.15032958984375
59.655555725097656 450.1848449707031
59.595401763916016 450.22314453125
59.5377197265625 450.26507568359375
59.48272705078125 450.3104553222656
59.43062973022461 450.3591613769531
59.381629943847656 450.4109802246094
59.33591079711914 450.4656982421875
59.29364776611328 450.52313232421875
59.25499725341797 450.58306884765625
59.22010803222656 450.645263671875
59.18911361694336 450.70947265625
59.162132263183594 450.7754821777344
59.13926315307617 450.843017578125
59.1205940246582 450.9118347167969
59.106197357177734 450.981689453125
59.096126556396484 451.0522766113281
59.09041976928711 451.12335205078125
59.08909606933594 451.19464111328125
59.0921630859375 451.2658996582031
59.099609375 451.3368225097656
59.11140823364258 451.4071350097656
59.12751007080078 451.4765930175781
59.147857666015625 451.5449523925781
59.1723747253418 451.6119079589844
59.200965881347656 451.67724609375
59.233524322509766 451.7406921386719
59.26992416381836 451.802001953125
59.31003189086914 451.8609619140625
59.35369873046875 451.9173583984375
59.400779724121094 451.9709777832031
59.451141357421875 452.02166748046875
59.504920959472656 452.06951904296875
59.56229782104492 452.11456298828125
59.62392044067383 452.15704345703125
59.68918991088867 452.1963195800781
59.7581672668457 452.2322082519531
59.83306884765625 452.2654113769531
59.91121292114258 452.2943420410156
59.9948616027832 452.3194885253906
60.081024169921875 452.3395690917969
60.167049407958984 452.3539733886719
60.24244689941406 452.3617858886719
60.314735412597656 452.36480712890625
60.38673400878906 452.3633728027344
60.458065032958984 452.3575439453125
60.52874755859375 452.34735107421875
60.598602294921875 452.33282470703125
60.66741180419922 452.3140563964844
60.73492431640625 452.29107666015625
60.8008918762207 452.26397705078125
60.86506652832031 452.2328796386719
60.92720413208008 452.1979064941406
60.9870719909668 452.1591491699219
61.04444122314453 452.1167907714844
61.09909439086914 452.07098388671875
61.15082550048828 452.02191162109375
61.19943618774414 451.9697265625
61.244747161865234 451.9146728515625
61.286582946777344 451.85693359375
61.32478332519531 451.7967224121094
61.35920715332031 451.7342834472656
61.38972091674805 451.6698303222656
61.41621017456055 451.6036376953125
61.438575744628906 451.5359191894531
61.456729888916016 451.4669494628906
61.47060775756836 451.3970031738281
61.48015213012695 451.3263244628906
61.485328674316406 451.2552185058594
61.48611831665039 451.18389892578125
61.48251724243164 451.1126708984375
61.47454071044922 451.04180908203125
61.46221923828125 450.9715576171875
61.44559860229492 450.9022216796875
61.424739837646484 450.83404541015625
61.39972686767578 450.76727294921875
61.37065124511719 450.7021484375
61.337623596191406 450.6389465332031
61.30076599121094 450.5779113769531
61.260223388671875 450.5192565917969
61.21614456176758 450.46319580078125
61.168701171875 450.40997314453125
61.118072509765625 450.3597717285156
61.064449310302734 450.3127746582031
61.008033752441406 450.2691650390625
60.949039459228516 450.2290954589844
60.887691497802734 450.1927490234375
60.824222564697266 450.1602478027344
60.758872985839844 450.1317138671875
60.691890716552734 450.10723876953125
60.623531341552734 450.0869445800781
60.55405044555664 450.0708923339844
60.48371505737305 450.05914306640625
60.41278839111328 450.0517578125
60.3415412902832 450.0487365722656
60.27024459838867 450.05010986328125
60.19916915893555 450.0558776855469
60.12858200073242 450.0660095214844
60.058753967285156 450.0804748535156
59.98994445800781 450.09918212890625
59.922420501708984 450.1221008300781
59.8564338684082 450.1491394042969
59.792236328125 450.18017578125
59.730072021484375 450.2151184082031
59.67017364501953 450.2538146972656
59.612770080566406 450.2961120605469
59.55807876586914 450.34185791015625
59.506309509277344 450.3908996582031
59.45765686035156 450.4430236816406
59.41230392456055 450.498046875
59.37042236328125 450.5557556152344
59.33217239379883 450.6159362792969
59.297698974609375 450.6783447265625
59.26713180541992 450.7427673339844
59.2405891418457 450.8089599609375
59.218170166015625 450.87664794921875
59.19995880126953 450.9455871582031
59.18602752685547 451.0155334472656
59.17642593383789 451.086181640625
59.17119216918945 451.15728759765625
59.170345306396484 451.22857666015625
59.17388916015625 451.2998046875
59.18180847167969 451.37066650390625
59.19407272338867 451.44091796875
59.21063995361328 451.5102844238281
59.231441497802734 451.5784912109375
59.25640106201172 451.6452941894531
59.28542709350586 451.7104187011719
59.31840515136719 451.7736511230469
59.3552131652832 451.834716796875
59.39570999145508 451.8934020996094
59.439754486083984 451.9494934082031
59.487213134765625 452.0028381347656
59.53791046142578 452.0531921386719
59.59199523925781 452.1006774902344
59.64963912963867 452.1452941894531
59.71147537231445 452.18731689453125
59.776912689208984 452.2261047363281
59.847938537597656 452.262451171875
59.92524719238281 452.29608154296875
60.00337219238281 452.32440185546875
60.08693313598633 452.348876953125
60.172176361083984 452.36810302734375
60.251399993896484 452.3808288574219
60.32716751098633 452.3882141113281
60.399513244628906 452.3907775878906
60.471500396728516 452.3888854980469
60.542724609375 452.3825988769531
60.61333084106445 452.3719482421875
60.6830940246582 452.35699462890625
60.75178146362305 452.3377685546875
60.819149017333984 452.3143615722656
60.884944915771484 452.286865234375
60.94892120361328 452.25537109375
61.01083755493164 452.2200012207031
61.070457458496094 452.1808776855469
61.127559661865234 452.1381530761719
61.181922912597656 452.0920104980469
61.233341217041016 452.0426025390625
61.28162384033203 451.9901123046875
61.32658386230469 451.93475341796875
61.3680534362793 451.8767395019531
61.4058723449707 451.8162841796875
61.43989944458008 451.7536315917969
61.47000503540039 451.6889953613281
61.49607467651367 451.62261962890625
61.51801300048828 451.5547790527344
61.53573226928711 451.4857177734375
61.54916763305664 451.4156799316406
61.558265686035156 451.3449401855469
61.56299591064453 451.2737731933594
61.56333541870117 451.20245361328125
61.559288024902344 451.1312561035156
61.550865173339844 451.0604553222656
61.53810119628906 450.99029541015625
61.52104187011719 450.9210510253906
61.499755859375 450.8529968261719
61.47431945800781 450.786376953125
61.44483184814453 450.721435546875
61.41140365600586 450.658447265625
61.37416458129883 450.5976257324219
61.333251953125 450.5392150878906
61.288822174072266 450.4834289550781
61.24104309082031 450.43048095703125
61.19009780883789 450.3805847167969
61.13617706298828 450.33392333984375
61.07948684692383 450.2906799316406
61.020240783691406 450.2510070800781
60.95866394042969 450.21502685546875
60.89499282836914 450.18292236328125
60.829463958740234 450.15478515625
60.7623291015625 450.1307373046875
60.693843841552734 450.1108703613281
60.624263763427734 450.0952453613281
60.553855895996094 450.0839538574219
60.482887268066406 450.0769958496094
60.411624908447266 450.0744323730469
60.34033966064453 450.0762634277344
60.26930236816406 450.08245849609375
60.19878005981445 450.093017578125
60.12904357910156 450.10791015625
60.06035614013672 450.1270751953125
59.992977142333984 450.1504211425781
59.927162170410156 450.1778564453125
59.863162994384766 450.20928955078125
59.80121994018555 450.24462890625
59.7415657043457 450.28369140625
59.68442916870117 450.32635498046875
59.630027770996094 450.3724670410156
59.57856750488281 450.4218444824219
59.530242919921875 450.4742736816406
59.48523712158203 450.52960205078125
59.443721771240234 450.58758544921875
59.405853271484375 450.64801025390625
59.37177658081055 450.7106628417969
59.341617584228516 450.7752685546875
59.315494537353516 450.84161376953125
59.29350280761719 450.9094543457031
59.27573013305664 450.978515625
59.26224136352539 451.04852294921875
59.25308609008789 451.1192321777344
59.24829864501953 451.19036865234375
59.247901916503906 451.2616882324219
59.25189208984375 451.3328857421875
59.260257720947266 451.4037170410156
59.27296447753906 451.473876953125
59.28996658325195 451.5431213378906
59.31119918823242 451.6112060546875
59.33658218383789 451.6778564453125
59.36601638793945 451.7427978515625
59.39939498901367 451.8058166503906
59.436588287353516 451.8666687011719
59.477455139160156 451.92510986328125
59.5218505859375 451.9809265136719
59.569644927978516 452.0339660644531
59.6207275390625 452.0840759277344
59.67509841918945 452.1311950683594
59.732994079589844 452.1754455566406
59.7950325012207 452.217041015625
59.860626220703125 452.25537109375
59.931732177734375 452.29119873046875
60.00904083251953 452.3242492675781
60.08946228027344 452.3528137207031
60.172935485839844 452.3766784667969
60.259765625 452.39569091796875
60.33927917480469 452.4079284667969
60.41368865966797 452.4147033691406
60.48603820800781 452.4167785644531
60.55793762207031 452.4144287109375
60.62911605834961 452.4076843261719
60.699649810791016 452.3965759277344
60.76931381225586 452.38116455078125
60.83787536621094 452.36151123046875
60.90509033203125 452.3376770019531
60.970706939697266 452.30975341796875
61.034481048583984 452.27783203125
61.096168518066406 452.2420654296875
61.15553665161133 452.20257568359375
61.21236038208008 452.15948486328125
61.26642608642578 452.11297607421875
61.317527770996094 452.063232421875
61.36547088623047 452.01043701171875
61.410072326660156 451.9548034667969
61.45116424560547 451.8965148925781
61.48859405517578 451.8358154296875
61.522216796875 451.7729187011719
61.55190658569336 451.70806884765625
61.57754898071289 451.64154052734375
61.59904861450195 451.57354736328125
61.6163215637207 451.5043640136719
61.629302978515625 451.4342346191406
61.637943267822266 451.36346435546875
61.6422119140625 451.29229736328125
61.642093658447266 451.2209777832031
61.6375846862793 451.1498107910156
61.62870407104492 451.0790710449219
61.61548614501953 451.0090026855469
61.59798049926758 450.93988037109375
61.576255798339844 450.8719482421875
61.550392150878906 450.80548095703125
61.520484924316406 450.7407531738281
61.48665237426758 450.677978515625
61.44902038574219 450.6174011230469
61.40773010253906 450.55926513671875
61.36294174194336 450.5037841796875
61.314823150634766 450.451171875
61.26355743408203 450.401611328125
61.20933532714844 450.35528564453125
61.152366638183594 450.3124084472656
61.09286880493164 450.2731018066406
61.031063079833984 450.237548828125
60.967185974121094 450.2058410644531
60.9014778137207 450.1781311035156
60.834190368652344 450.1545104980469
60.76557540893555 450.1351013183594
60.69589614868164 450.11993408203125
60.62541580200195 450.1091003417969
60.55440139770508 450.10260009765625
60.483123779296875 450.1004943847656
60.41184997558594 450.102783203125
60.34085464477539 450.1094665527344
60.27040481567383 450.1204833984375
60.20076370239258 450.1358337402344
60.1322021484375 450.1554260253906
60.06497573852539 450.17919921875
59.99934005737305 450.2070617675781
59.935543060302734 450.2389221191406
59.87382888793945 450.274658203125
59.814430236816406 450.3141174316406
59.757572174072266 450.3571472167969
59.70347213745117 450.4035949707031
59.6523323059082 450.4532775878906
59.604347229003906 450.5060119628906
59.55970001220703 450.5616149902344
59.518558502197266 450.619873046875
59.4810791015625 450.6805419921875
59.44740676879883 450.743408203125
59.417667388916016 450.8082275390625
59.391971588134766 450.874755859375
59.370418548583984 450.9427185058594
59.35308837890625 451.01190185546875
59.340049743652344 451.0820007324219
59.33135223388672 451.15277099609375
59.3270263671875 451.22393798828125
59.32708740234375 451.2952575683594
59.331539154052734 451.3664245605469
59.340362548828125 451.43719482421875
59.35352325439453 451.5072937011719
59.3709716796875 451.5764465332031
59.392642974853516 451.6443786621094
59.41845703125 451.7108459472656
59.44831085205078 451.7756042480469
59.482093811035156 451.8384094238281
59.51968002319336 451.8990173339844
59.5609245300293 451.9571838378906
59.60567855834961 452.0127258300781
59.653812408447266 452.0654602050781
59.7052116394043 452.115234375
59.7598762512207 452.1619873046875
59.81802749633789 452.2058410644531
59.88026809692383 452.24700927734375
59.94601821899414 452.28485107421875
60.01720428466797 452.32012939453125
60.094512939453125 452.35260009765625
60.17489242553711 452.3805847167969
60.25827407836914 452.4038391113281
60.344966888427734 452.4222412109375
60.42446517944336 452.4339599609375
60.49771499633789 452.4401550292969
60.570064544677734 452.4418029785156
60.6417236328125 452.4389953613281
60.71285629272461 452.43182373046875
60.78329849243164 452.4202880859375
60.85285568237305 452.4044494628906
60.92129135131836 452.3843688964844
60.98835754394531 452.360107421875
61.05379867553711 452.331787109375
61.11737060546875 452.2994689941406
61.1788330078125 452.2633056640625
61.237953186035156 452.22344970703125
61.29450988769531 452.1800231933594
61.34828567504883 452.1331787109375
61.39907455444336 452.0831298828125
61.44668960571289 452.0300598144531
61.49094772338867 451.9741516113281
61.53167724609375 451.9156188964844
61.568729400634766 451.8547058105469
61.60196304321289 451.7916259765625
61.631248474121094 451.7265930175781
61.65647888183594 451.6598815917969
61.677555084228516 451.5917663574219
61.69439697265625 451.5224609375
61.70694351196289 451.4522705078125
61.715145111083984 451.3814392089844
61.718971252441406 451.31024169921875
61.71841049194336 451.2389221191406
61.713462829589844 451.16778564453125
61.70414352416992 451.0970764160156
61.69049072265625 451.027099609375
61.67255783081055 450.95806884765625
61.65040969848633 450.8902893066406
61.6241340637207 450.8240051269531
61.59382629394531 450.75946044921875
61.55960464477539 450.6968994140625
61.52159881591797 450.6365661621094
61.479949951171875 450.57867431640625
61.434818267822266 450.5234680175781
61.386375427246094 450.47113037109375
61.334800720214844 450.421875
61.28029251098633 450.3758850097656
61.223060607910156 450.3333435058594
61.1633186340332 450.2944030761719
61.10129165649414 450.25921630859375
61.0372200012207 450.2279052734375
60.97134017944336 450.20062255859375
60.903907775878906 450.17742919921875
60.835174560546875 450.158447265625
60.765403747558594 450.1437072753906
60.69485855102539 450.13330078125
60.62380599975586 450.12725830078125
60.55251693725586 450.1256103515625
60.481258392333984 450.1283264160156
60.41030502319336 450.13543701171875
60.33992385864258 450.14691162109375
60.270381927490234 450.1626892089844
60.201942443847656 450.1827087402344
60.134864807128906 450.2069091796875
60.069400787353516 450.2351989746094
60.005802154541016 450.2674560546875
59.94430923461914 450.3035583496094
59.885154724121094 450.3433837890625
59.82856369018555 450.38677978515625
59.774749755859375 450.4335632324219
59.72391891479492 450.48358154296875
59.67626190185547 450.53662109375
59.631961822509766 450.5924987792969
59.591182708740234 450.6510009765625
59.554080963134766 450.7118835449219
59.52079772949219 450.77496337890625
59.491458892822266 450.8399658203125
59.4661750793457 450.9066467285156
59.445045471191406 450.9747619628906
59.42814636230469 451.0440368652344
59.41554260253906 451.1142272949219
59.407283782958984 451.18505859375
59.40340042114258 451.2562561035156
59.40390396118164 451.32757568359375
59.40879821777344 451.3987121582031
59.418060302734375 451.46942138671875
59.43165588378906 451.5394287109375
59.44953536987305 451.60845947265625
59.47163009643555 451.67626953125
59.49785232543945 451.7425842285156
59.528106689453125 451.8071594238281
59.562278747558594 451.8697509765625
59.60023880004883 451.93011474609375
59.641845703125 451.988037109375
59.68694305419922 452.0433044433594
59.735443115234375 452.09576416015625
59.787147521972656 452.14520263671875
59.84209060668945 452.1916198730469
59.90048599243164 452.2350769042969
59.962921142578125 452.27581787109375
60.0288200378418 452.3132019042969
60.099815368652344 452.34783935546875
60.176692962646484 452.37957763671875
60.257022857666016 452.406982421875
60.34031295776367 452.4296875
60.42687225341797 452.447509765625
60.50395584106445 452.4584045410156
60.57721710205078 452.46417236328125
60.649566650390625 452.46539306640625
60.72109603881836 452.4621887207031
60.79216766357422 452.45458984375
60.86254119873047 452.4426574707031
60.932003021240234 452.4264221191406
61.00032424926758 452.40594482421875
61.06724548339844 452.3813171386719
61.13252258300781 452.35260009765625
61.19590759277344 452.3199157714844
61.25716018676758 452.2834167480469
61.31604766845703 452.2431945800781
61.37234878540039 452.1994323730469
61.42584991455078 452.15228271484375
61.476348876953125 452.1019287109375
61.52365493774414 452.048583984375
61.56758499145508 451.9924011230469
61.607975006103516 451.9336242675781
61.64467239379883 451.87249755859375
61.67753601074219 451.8092041015625
61.706443786621094 451.7440185546875
61.731285095214844 451.67718505859375
61.7519645690918 451.60894775390625
61.76840591430664 451.53955078125
61.78054428100586 451.4692687988281
61.78833770751953 451.39837646484375
61.791751861572266 451.3271484375
61.790775299072266 451.255859375
61.7854118347168 451.18475341796875
61.77568435668945 451.1141052246094
61.761627197265625 451.044189453125
61.74329376220703 450.97528076171875
61.72075271606445 450.9076232910156
61.694091796875 450.84149169921875
61.66341018676758 450.7771301269531
61.62882614135742 450.71478271484375
61.59046936035156 450.6546630859375
61.548484802246094 450.5970153808594
61.50303268432617 450.5420837402344
61.45428466796875 450.49005126953125
61.402427673339844 450.44110107421875
61.34765625 450.39544677734375
61.29017639160156 450.3532409667969
61.23020935058594 450.3146667480469
61.1679801940918 450.27984619140625
61.10372543334961 450.2489318847656
61.037689208984375 450.2220153808594
60.970123291015625 450.19921875
60.901283264160156 450.1806335449219
60.83142852783203 450.16632080078125
60.76082229614258 450.15631103515625
60.689735412597656 450.1506652832031
60.618438720703125 450.1494140625
60.54719924926758 450.1525573730469
60.476287841796875 450.1600646972656
60.405975341796875 450.17193603515625
60.336524963378906 450.1881103515625
60.2681999206543 450.2085266113281
60.201263427734375 450.2331237792969
60.13596725463867 450.26177978515625
60.07255935668945 450.2944030761719
60.01127624511719 450.33087158203125
59.952354431152344 450.37103271484375
59.89601516723633 450.41473388671875
59.84247589111328 450.4618225097656
59.791934967041016 450.5121154785156
59.74458694458008 450.5654296875
59.70061111450195 450.6215515136719
59.66017150878906 450.6802978515625
59.6234245300293 450.7414245605469
59.59050750732422 450.8046875
59.561546325683594 450.8698425292969
59.536651611328125 450.9366760253906
59.51591491699219 451.0049133300781
59.49941635131836 451.07427978515625
59.487220764160156 451.14453125
59.4793701171875 451.21539306640625
59.47589874267578 451.28662109375
59.4768180847168 451.35791015625
59.48212432861328 451.42901611328125
59.49179458618164 451.4996643066406
59.505794525146484 451.569580078125
59.524070739746094 451.6385192871094
59.54655456542969 451.7061767578125
59.57316207885742 451.7723388671875
59.603790283203125 451.83673095703125
59.63832473754883 451.89910888671875
59.6766357421875 451.9592590332031
59.71857833862305 452.0169372558594
59.76400375366211 452.0719299316406
59.81280517578125 452.1241149902344
59.86490249633789 452.1733703613281
59.920379638671875 452.2196960449219
59.97900390625 452.2627868652344
60.04161834716797 452.3031005859375
60.109169006347656 452.3409118652344
60.18023681640625 452.37506103515625
60.25711441040039 452.4062805175781
60.337398529052734 452.4331359863281
60.419925689697266 452.4551086425781
60.506351470947266 452.4723815917969
60.583431243896484 452.4828186035156
60.65670394897461 452.4881591796875
60.72904586791992 452.48895263671875
60.80055236816406 452.4853210449219
60.87156677246094 452.4773254394531
60.941856384277344 452.4649963378906
61.01121520996094 452.4483642578125
61.07941436767578 452.427490234375
61.14619445800781 452.4024658203125
61.2113037109375 452.3733825683594
61.274497985839844 452.34033203125
61.33553695678711 452.303466796875
61.39419174194336 452.2629089355469
61.45023727416992 452.21881103515625
61.50346374511719 452.1713562011719
61.55366897583008 452.1207275390625
61.60066223144531 452.0671081542969
61.64426803588867 452.01068115234375
61.68431854248047 451.9516906738281
61.72066116333008 451.8903503417969
61.75315856933594 451.8268737792969
61.78168869018555 451.7615051269531
61.8061408996582 451.69451904296875
61.82642364501953 451.62615966796875
61.84246063232422 451.5566711425781
61.854190826416016 451.486328125
61.861572265625 451.4154052734375
61.86457443237305 451.3441467285156
61.86318588256836 451.2728576660156
61.8574104309082 451.2017822265625
61.84727096557617 451.1311950683594
61.83280563354492 451.0613708496094
61.81407165527344 450.9925537109375
61.7911376953125 450.9250183105469
61.76409149169922 450.8590393066406
61.733036041259766 450.79486083984375
61.698089599609375 450.7326965332031
61.659385681152344 450.6728210449219
61.617069244384766 450.61541748046875
61.5713005065918 450.56072998046875
61.52225112915039 450.50897216796875
61.47010803222656 450.4603271484375
61.415069580078125 450.41497802734375
61.35734558105469 450.37310791015625
61.29715347290039 450.3348693847656
61.23472213745117 450.3004150390625
61.1702880859375 450.2698669433594
61.10409927368164 450.24334716796875
61.036399841308594 450.220947265625
60.96745300292969 450.2027587890625
60.89751434326172 450.1888427734375
60.82685089111328 450.17926025390625
60.755733489990234 450.1740417480469
60.68442916870117 450.1732177734375
60.61320877075195 450.1767883300781
60.54234313964844 450.1847229003906
60.47209930419922 450.1969909667969
60.40274429321289 450.21356201171875
60.33454132080078 450.234375
60.26774978637695 450.25933837890625
60.20262145996094 450.2883605957031
60.139404296875 450.32135009765625
60.07833480834961 450.358154296875
60.019649505615234 450.3986511230469
59.963565826416016 450.44268798828125
59.910301208496094 450.4901123046875
59.86005401611328 450.54071044921875
59.81301498413086 450.59429931640625
59.76936721801758 450.65069580078125
59.729270935058594 450.70965576171875
59.69287872314453 450.7709655761719
59.66033172607422 450.83441162109375
59.631752014160156 450.8997497558594
59.60724639892578 450.9667053222656
59.58690643310547 451.0350646972656
59.5708122253418 451.1045227050781
59.559024810791016 451.17486572265625
59.55158996582031 451.24578857421875
59.54853057861328 451.3170471191406
59.549861907958984 451.3883361816406
59.555580139160156 451.45941162109375
59.5656623840332 451.5299987792969
59.58007049560547 451.5998229980469
59.59874725341797 451.66864013671875
59.62162780761719 451.7361755371094
59.64862060546875 451.80218505859375
59.679622650146484 451.86639404296875
59.71451950073242 451.9285888671875
59.753177642822266 451.988525390625
59.79545211791992 452.04595947265625
59.8411979675293 452.1007080078125
59.89030075073242 452.1526184082031
59.94267654418945 452.2015686035156
59.99840545654297 452.24755859375
60.0572509765625 452.2903137207031
60.12120819091797 452.3309631347656
60.18887710571289 452.3683166503906
60.26205062866211 452.4029541015625
60.338924407958984 452.4336242675781
60.419158935546875 452.4599304199219
60.5015983581543 452.4813537597656
60.586585998535156 452.497802734375
60.66366195678711 452.5077819824219
60.736942291259766 452.5126953125
60.809181213378906 452.5130615234375
60.88065719604492 452.5090026855469
60.951622009277344 452.5005798339844
61.02183151245117 452.4878234863281
61.09109115600586 452.47076416015625
61.15916442871094 452.4494934082031
61.22579574584961 452.424072265625
61.290733337402344 452.39459228515625
61.35373306274414 452.3611755371094
61.414554595947266 452.3239440917969
61.47296905517578 452.2830505371094
61.52875518798828 452.2386474609375
61.581703186035156 452.1908874511719
61.63161087036133 452.13995361328125
61.678287506103516 452.0860595703125
61.7215576171875 452.0293884277344
61.76125717163086 451.97015380859375
61.797237396240234 451.9085998535156
61.82936096191406 451.8449401855469
61.857505798339844 451.7794189453125
61.88156509399414 451.7122802734375
61.90144729614258 451.643798828125
61.917076110839844 451.57421875
61.92839431762695 451.5038146972656
61.93535614013672 451.432861328125
61.93793869018555 451.3616027832031
61.93613052368164 451.2903137207031
61.929935455322266 451.2192687988281
61.91938018798828 451.14874267578125
61.90450668334961 451.0790100097656
61.88536834716797 451.01031494140625
61.862037658691406 450.94293212890625
61.8346061706543 450.8771057128906
61.80317306518555 450.8131103515625
61.767860412597656 450.75115966796875
61.72880172729492 450.6914978027344
61.6861457824707 450.63433837890625
61.640052795410156 450.5799255371094
61.5906982421875 450.5284423828125
61.538272857666016 450.4801025390625
61.48297119140625 450.4350891113281
61.42500305175781 450.3935546875
61.36458969116211 450.3556823730469
61.30195999145508 450.32159423828125
61.23735046386719 450.2914123535156
61.17100524902344 450.2652587890625
61.10317611694336 450.2432556152344
61.034122467041016 450.2254638671875
60.96410369873047 450.2119445800781
60.89338684082031 450.2027587890625
60.82223892211914 450.1979675292969
60.75093078613281 450.1975402832031
60.67973327636719 450.2015075683594
60.60891342163086 450.2098693847656
60.53874206542969 450.2225646972656
60.469486236572266 450.23956298828125
60.401405334472656 450.2607727050781
60.33475875854492 450.2861328125
60.26980209350586 450.3155517578125
60.20677947998047 450.3489074707031
60.14592742919922 450.3860778808594
60.08747863769531 450.42694091796875
60.031654357910156 450.4713134765625
59.978668212890625 450.51904296875
59.92871856689453 450.5699462890625
59.881996154785156 450.6238098144531
59.838680267333984 450.6804504394531
59.79893112182617 450.7396545410156
59.762901306152344 450.8011779785156
59.73072814941406 450.86480712890625
59.70252990722656 450.9302978515625
59.67841720581055 450.9974060058594
59.65848159790039 451.06585693359375
59.64279556274414 451.1354064941406
59.63142395019531 451.205810546875
59.62440490722656 451.2767639160156
59.62176513671875 451.3480224609375
59.62351608276367 451.4193115234375
59.62965393066406 451.4903564453125
59.64015197753906 451.5608825683594
59.65496826171875 451.6306457519531
59.67405319213867 451.6993408203125
59.697330474853516 451.7667541503906
59.72471237182617 451.8326110839844
59.7560920715332 451.8966369628906
59.79135513305664 451.9586181640625
59.83036804199219 452.018310546875
59.872982025146484 452.07550048828125
59.91905975341797 452.1299743652344
59.96846389770508 452.18157958984375
60.021121978759766 452.2301940917969
60.07710647583008 452.2758483886719
60.136775970458984 452.31866455078125
60.20089340209961 452.35888671875
60.2686767578125 452.3957824707031
60.341896057128906 452.4299011230469
60.418766021728516 452.4600524902344
60.50112533569336 452.48651123046875
60.58541488647461 452.5078430175781
60.670372009277344 452.52374267578125
60.74744415283203 452.5332336425781
60.82072830200195 452.5376892089844
60.8927001953125 452.53759765625
