59.850765228271484 449.8446350097656
59.707889556884766 449.68341064453125
59.57160568237305 449.5165710449219
59.442134857177734 449.3443908691406
59.31968307495117 449.1671447753906
59.20444869995117 448.9851379394531
59.09661865234375 448.79864501953125
58.996368408203125 448.60797119140625
58.90385818481445 448.4134216308594
58.819236755371094 448.2153015136719
58.74264144897461 448.0139465332031
58.6741943359375 447.8096923828125
58.614009857177734 447.60284423828125
58.56217956542969 447.39373779296875
58.51879119873047 447.1827392578125
58.483924865722656 446.97021484375
58.4576530456543 446.7567138671875
58.440216064453125 446.545166015625
58.43173599243164 446.3432312011719
58.431434631347656 446.1534729003906
58.43645095825195 446.02496337890625
58.44687271118164 445.8946228027344
58.447479248046875 445.8896179199219
58.436553955078125 445.957275390625
58.410396575927734 446.087158203125
58.36843490600586 446.2615661621094
58.31199645996094 446.46356201171875
58.24292755126953 446.6806640625
58.16580581665039 446.896484375
58.07772445678711 447.1182861328125
57.980369567871094 447.34088134765625
57.87540054321289 447.560302734375
57.7630729675293 447.7762145996094
57.64516830444336 447.9858093261719
57.520992279052734 448.1908264160156
57.38409423828125 448.4009094238281
57.242088317871094 448.6033630371094
57.0970573425293 448.7955017089844
56.94603729248047 448.9815979003906
56.791439056396484 449.1589660644531
56.632469177246094 449.3288269042969
56.47075653076172 449.48980712890625
56.314544677734375 449.6345520019531
56.16069412231445 449.7671203613281
56.013877868652344 449.88458251953125
55.87248992919922 449.9893798828125
55.747684478759766 450.0748596191406
55.64924240112305 450.1369323730469
55.563262939453125 450.1866149902344
55.517337799072266 450.2108154296875
55.48612976074219 450.2257080078125
55.503875732421875 450.2181091308594
55.56066131591797 450.1964416503906
55.666812896728516 450.16082763671875
55.78330612182617 450.126953125
55.95319747924805 450.0849609375
56.15430450439453 450.0437927246094
56.36381149291992 450.0096435546875
56.57633972167969 449.98370361328125
56.7906608581543 449.96624755859375
57.00578689575195 449.9574279785156
57.221168518066406 449.9572448730469
57.436424255371094 449.9657287597656
57.65117263793945 449.98284912109375
57.86506271362305 450.0085754394531
58.0777473449707 450.0428771972656
58.288883209228516 450.085693359375
58.49812698364258 450.136962890625
58.705142974853516 450.19659423828125
58.90959930419922 450.2644958496094
59.11116027832031 450.3405456542969
59.309505462646484 450.42462158203125
59.50431442260742 450.5166015625
59.69527053833008 450.6163330078125
59.88206481933594 450.7236633300781
60.06439971923828 450.8384094238281
60.24197769165039 450.96038818359375
60.414512634277344 451.0893859863281
60.58172607421875 451.2252197265625
60.743350982666016 451.3676452636719
60.89912033081055 451.5164489746094
61.048789978027344 451.67138671875
61.19211196899414 451.83221435546875
61.328857421875 451.9986877441406
61.45880889892578 452.1705017089844
61.58175277709961 452.347412109375
61.69775390625 452.5295104980469
61.80626678466797 452.71600341796875
61.90719223022461 452.90667724609375
62.00033187866211 453.10113525390625
62.08555221557617 453.2991027832031
62.16273498535156 453.50030517578125
62.23176574707031 453.70440673828125
62.29254150390625 453.9111022949219
62.3449592590332 454.1200866699219
62.388938903808594 454.33099365234375
62.42441177368164 454.5434875488281
62.45132064819336 454.7572326660156
62.46962356567383 454.9718933105469
62.47929000854492 455.1871032714844
62.48030090332031 455.40252685546875
62.472660064697266 455.6178283691406
62.45637512207031 455.8326416015625
62.43147659301758 456.046630859375
62.39800262451172 456.2594299316406
62.35600662231445 456.4707336425781
62.30555725097656 456.68017578125
62.24673843383789 456.8874206542969
62.17964172363281 457.0921325683594
62.10437774658203 457.2939758300781
62.02106475830078 457.4926452636719
61.929840087890625 457.68780517578125
61.830848693847656 457.879150390625
61.72425079345703 458.06634521484375
61.61022186279297 458.2491149902344
61.48894119262695 458.4271545410156
61.3606071472168 458.6001892089844
61.22542953491211 458.7679138183594
61.083621978759766 458.9300842285156
60.9354133605957 459.08642578125
60.78104782104492 459.2366943359375
60.62076950073242 459.380615234375
60.454837799072266 459.51800537109375
60.28352355957031 459.64862060546875
60.10710144042969 459.7722473144531
59.92585372924805 459.888671875
59.74007797241211 459.99774169921875
59.550071716308594 460.0992431640625
59.35614013671875 460.1930236816406
59.15859603881836 460.2789611816406
58.957759857177734 460.35687255859375
58.75395584106445 460.4266662597656
58.54751205444336 460.48822021484375
58.33876419067383 460.54144287109375
58.128047943115234 460.5862121582031
57.91570281982422 460.62249755859375
57.70207214355469 460.65020751953125
57.48749923706055 460.6693115234375
57.27233123779297 460.6797790527344
57.056915283203125 460.6816101074219
56.84160232543945 460.6747741699219
56.62673568725586 460.6593017578125
56.412662506103516 460.6352233886719
56.199729919433594 460.6025695800781
55.98828125 460.5613708496094
55.77865982055664 460.51171875
55.57120132446289 460.45367431640625
55.366241455078125 460.3873596191406
55.16411209106445 460.3128662109375
54.96513748168945 460.2303161621094
54.76963806152344 460.13983154296875
54.57793045043945 460.04156494140625
54.39032745361328 459.9356689453125
54.20712661743164 459.82232666015625
54.028629302978516 459.70172119140625
53.85511779785156 459.57403564453125
53.68687438964844 459.4394836425781
53.524173736572266 459.29827880859375
53.36727523803711 459.1506652832031
53.2164306640625 458.9968566894531
53.0718879699707 458.8371276855469
52.933876037597656 458.6717224121094
52.80261993408203 458.50091552734375
52.6783332824707 458.324951171875
52.561214447021484 458.1441345214844
52.45145034790039 457.9587707519531
52.349220275878906 457.7691650390625
52.25469207763672 457.5755920410156
52.16801452636719 457.3783874511719
52.08932876586914 457.1778564453125
52.018760681152344 456.9743347167969
51.956424713134766 456.76812744140625
51.90244674682617 456.5596618652344
51.85698318481445 456.3496398925781
51.82038116455078 456.1401672363281
51.793636322021484 455.9398498535156
51.783729553222656 455.8326721191406
51.78193283081055 455.79779052734375
51.78251647949219 455.8487854003906
51.77762222290039 456.0322265625
51.76584243774414 456.2179870605469
51.74409866333008 456.4360046386719
51.7124137878418 456.6700744628906
51.67154312133789 456.9097900390625
51.622535705566406 457.148193359375
51.56605529785156 457.3831481933594
51.505245208740234 457.6050720214844
51.438262939453125 457.82330322265625
51.37382888793945 458.013671875
51.30556869506836 458.1989440917969
51.249629974365234 458.3402404785156
51.19240188598633 458.47625732421875
51.134178161621094 458.60699462890625
51.09742736816406 458.685791015625
51.06095504760742 458.76116943359375
51.02484893798828 458.8332214355469
50.98918914794922 458.90203857421875
50.867679595947266 459.1244812011719
50.74019241333008 459.3423156738281
50.604347229003906 459.55877685546875
50.461544036865234 459.77020263671875
50.31195831298828 459.9761047363281
50.15617752075195 460.1756286621094
49.99536895751953 460.3674621582031
49.8275032043457 460.5541076660156
49.65436935424805 460.7336120605469
49.478389739990234 460.90374755859375
49.29868698120117 461.065673828125
49.1158561706543 461.2191162109375
48.93204879760742 461.3626403808594
48.74274444580078 461.4999694824219
48.55592727661133 461.6256103515625
48.36917495727539 461.74176025390625
48.18305206298828 461.84844970703125
48.001121520996094 461.9441833496094
47.821659088134766 462.03045654296875
47.653892517089844 462.1036682128906
47.51729965209961 462.1573181152344
47.47124481201172 462.1733703613281
47.469383239746094 462.1739501953125
47.59554672241211 462.1410217285156
47.769203186035156 462.1031799316406
47.96799087524414 462.0682067871094
48.17589569091797 462.04022216796875
48.38853454589844 462.020263671875
48.60292053222656 462.0087890625
48.81803894042969 462.0059509277344
49.03333282470703 462.0117492675781
49.24825668334961 462.0262145996094
49.462440490722656 462.0492858886719
49.67552947998047 462.0809326171875
49.887176513671875 462.1211242675781
50.09703826904297 462.1697998046875
50.30477523803711 462.22686767578125
50.51005172729492 462.2922058105469
50.7125358581543 462.3657531738281
50.91189956665039 462.4473571777344
51.10782241821289 462.53692626953125
51.29998779296875 462.63427734375
51.48808670043945 462.7392883300781
51.67181396484375 462.85174560546875
51.85087203979492 462.97149658203125
52.02497863769531 463.0983581542969
52.19384765625 463.23211669921875
52.357208251953125 463.3725280761719
52.514793395996094 463.5194091796875
52.666351318359375 463.6724853515625
52.81163787841797 463.83154296875
52.95042037963867 463.9963073730469
53.08247375488281 464.16650390625
53.20758056640625 464.3418884277344
53.32554244995117 464.52215576171875
53.43617248535156 464.7070007324219
53.53938293457031 464.8963317871094
53.64017105102539 465.1002197265625
53.730770111083984 465.3034973144531
53.812992095947266 465.5097961425781
53.885894775390625 465.71636962890625
53.949928283691406 465.9239807128906
54.005332946777344 466.133056640625
54.05219268798828 466.3437194824219
54.09054946899414 466.5560607910156
54.12031936645508 466.7695617675781
54.1414794921875 466.9840087890625
54.15400695800781 467.1990966796875
54.15788650512695 467.41448974609375
54.15311050415039 467.6298828125
54.139686584472656 467.84490966796875
54.11763381958008 468.0592041015625
54.08699417114258 468.2724304199219
54.047813415527344 468.4842529296875
54.00015640258789 468.6943359375
53.944095611572266 468.90234375
53.87972640991211 469.10791015625
53.807151794433594 469.31072998046875
53.72649002075195 469.5104675292969
53.63787078857422 469.7068176269531
53.54143524169922 469.8994445800781
53.437339782714844 470.0880432128906
53.32575225830078 470.2723083496094
53.206851959228516 470.4519348144531
53.080833435058594 470.62664794921875
52.947898864746094 470.7961730957031
52.80826187133789 470.960205078125
52.662147521972656 471.1184997558594
52.50979232788086 471.2707824707031
52.351444244384766 471.4168395996094
52.187355041503906 471.5564270019531
52.017791748046875 471.6893005371094
51.8430290222168 471.81524658203125
51.66334915161133 471.93408203125
51.47903823852539 472.04559326171875
51.29039764404297 472.1496276855469
51.09772872924805 472.2460021972656
50.90134811401367 472.3345642089844
50.701568603515625 472.4151611328125
50.49871063232422 472.4876708984375
50.29310607910156 472.5519714355469
50.0850830078125 472.6079406738281
49.87498092651367 472.655517578125
49.66313552856445 472.6946105957031
49.449893951416016 472.72515869140625
49.235595703125 472.74713134765625
49.02058792114258 472.7604675292969
48.80521774291992 472.7651672363281
48.5898323059082 472.7611999511719
48.374778747558594 472.74859619140625
48.160404205322266 472.72735595703125
47.94705581665039 472.6975402832031
47.73508071899414 472.6591796875
47.524818420410156 472.6123352050781
47.31660461425781 472.55706787109375
47.11077880859375 472.49346923828125
46.907676696777344 472.4216613769531
46.70762252807617 472.3417663574219
46.51093673706055 472.25390625
46.31793975830078 472.158203125
46.128944396972656 472.0548095703125
45.944252014160156 471.94390869140625
45.764163970947266 471.82568359375
45.58897018432617 471.7003173828125
45.41895294189453 471.5680236816406
45.25438690185547 471.42901611328125
45.09553909301758 471.28350830078125
44.942665100097656 471.1317443847656
44.7960090637207 470.97393798828125
44.65581130981445 470.8103942871094
44.52229690551758 470.6413269042969
44.39567947387695 470.467041015625
44.27616500854492 470.2878112792969
44.16394805908203 470.1039123535156
44.059207916259766 469.9156799316406
43.96211242675781 469.723388671875
43.87281799316406 469.52734375
43.791481018066406 469.327880859375
43.71826934814453 469.1254577636719
43.653499603271484 468.9210510253906
43.59821319580078 468.7186279296875
43.564212799072266 468.57086181640625
43.564002990722656 468.5697326660156
43.588741302490234 468.73675537109375
43.60758590698242 468.90740966796875
43.62506866455078 469.1429138183594
43.634788513183594 469.3863525390625
43.636322021484375 469.63006591796875
43.63010025024414 469.8668518066406
43.61857604980469 470.0731506347656
43.60169982910156 470.2757263183594
43.58786392211914 470.4054260253906
43.57211685180664 470.5305480957031
43.55467987060547 470.6510925292969
43.535770416259766 470.76702880859375
43.53312683105469 470.7821044921875
43.53050231933594 470.79656982421875
43.527896881103516 470.8104553222656
43.52531433105469 470.82379150390625
43.522762298583984 470.8365783691406
43.535972595214844 470.7703857421875
43.53299331665039 470.7853088378906
43.545963287353516 470.72052001953125
43.558250427246094 470.657470703125
43.5544548034668 470.6768798828125
43.56660842895508 470.61505126953125
43.562442779541016 470.6361389160156
43.574493408203125 470.5754699707031
43.5859375 470.5164794921875
43.5810432434082 470.54150390625
43.59246826171875 470.4835205078125
43.603336334228516 470.42718505859375
43.59775924682617 470.455810546875
43.608680725097656 470.4002990722656
43.619083404541016 470.3464050292969
43.612857818603516 470.3782958984375
43.62337875366211 470.3251037597656
43.6334114074707 470.2734680175781
43.64298629760742 470.2233581542969
43.635833740234375 470.2602233886719
43.6456184387207 470.2105407714844
43.65496826171875 470.162353515625
43.663909912109375 470.1156311035156
43.67246627807617 470.0703430175781
43.66416549682617 470.1134338378906
43.673038482666016 470.0682678222656
43.68153762817383 470.0245056152344
43.6896858215332 469.9820861816406
43.697505950927734 469.9410095214844
43.705013275146484 469.9012451171875
43.71222686767578 469.86273193359375
43.71916580200195 469.825439453125
43.7258415222168 469.78936767578125
43.73227310180664 469.75445556640625
43.721675872802734 469.81036376953125
43.72859573364258 469.77484130859375
43.73526382446289 469.740478515625
43.74169158935547 469.7072448730469
43.74789047241211 469.67510986328125
43.75387191772461 469.64404296875
43.75965118408203 469.614013671875
43.765235900878906 469.5849914550781
43.770633697509766 469.5569763183594
43.775856018066406 469.5299072265625
43.78091049194336 469.5037536621094
43.78580856323242 469.478515625
43.79055404663086 469.4541320800781
43.7951545715332 469.43060302734375
43.79961395263672 469.40789794921875
43.80393981933594 469.385986328125
43.80813980102539 469.3648376464844
43.812217712402344 469.3444519042969
43.81617736816406 469.3247985839844
43.82002258300781 469.30584716796875
43.82375717163086 469.2875671386719
43.827388763427734 469.26995849609375
43.83091735839844 469.25299072265625
43.8343505859375 469.23663330078125
43.83768844604492 469.2208557128906
43.84093475341797 469.2056579589844
43.85826110839844 469.12335205078125
43.86067581176758 469.1117248535156
43.86302947998047 469.10052490234375
43.865325927734375 469.0897521972656
43.88205337524414 469.0101623535156
43.883602142333984 469.0027160644531
43.88511276245117 468.99554443359375
43.90125274658203 468.918212890625
43.90208053588867 468.9142150878906
43.90289306640625 468.9103698730469
43.91858673095703 468.83514404296875
43.918766021728516 468.8342590332031
43.9189453125 468.8334045410156
43.93431091308594 468.7601318359375
43.93389892578125 468.7621154785156
43.94872283935547 468.69061279296875
43.9477653503418 468.69525146484375
43.962120056152344 468.6254577636719
43.960655212402344 468.6325988769531
43.974605560302734 468.5644226074219
43.97266387939453 468.5739440917969
43.986270904541016 468.50732421875
43.9838752746582 468.51904296875
43.997188568115234 468.4538879394531
43.99436569213867 468.4676818847656
44.00743103027344 468.4039306640625
44.00419235229492 468.419677734375
44.01705551147461 468.3572692871094
44.01342010498047 468.3748474121094
44.026119232177734 468.3136901855469
44.03818893432617 468.2541809082031
44.03376770019531 468.2758483886719
44.0457649230957 468.2174377441406
44.057186126708984 468.16064453125
44.052040100097656 468.18603515625
44.0634651184082 468.13018798828125
44.07435607910156 468.075927734375
44.06852722167969 468.10467529296875
44.079490661621094 468.05120849609375
44.0899543762207 467.999267578125
44.099945068359375 467.9488525390625
44.09314727783203 467.9826965332031
44.103309631347656 467.93280029296875
44.1130256652832 467.8843994140625
44.1223258972168 467.8374328613281
44.11461639404297 467.875732421875
44.12416076660156 467.8290710449219
44.133304595947266 467.7838439941406
44.14207077026367 467.739990234375
44.150482177734375 467.6974792480469
44.1585578918457 467.6562805175781
44.14942932128906 467.7018737792969
44.157867431640625 467.66058349609375
44.16597366333008 467.62060546875
44.17376708984375 467.5818786621094
44.18126678466797 467.5444030761719
44.18848419189453 467.50811767578125
44.195438385009766 467.4729919433594
44.202144622802734 467.4389953613281
44.208614349365234 467.4060974121094
44.21485900878906 467.3742980957031
44.220890045166016 467.3435363769531
44.22671890258789 467.31378173828125
44.232357025146484 467.2850341796875
44.23781204223633 467.2572326660156
44.24309158325195 467.2303771972656
44.24820327758789 467.20440673828125
44.25315856933594 467.1793212890625
44.25796127319336 467.15509033203125
44.26261901855469 467.1317138671875
44.26713943481445 467.109130859375
44.27152633666992 467.0873107910156
44.275787353515625 467.0662536621094
44.27992630004883 467.0459289550781
44.2839469909668 467.0263366699219
44.2878532409668 467.0074157714844
44.291648864746094 466.9891662597656
44.29534149169922 466.9715881347656
44.29893112182617 466.9546203613281
44.30242156982422 466.9382629394531
44.30582046508789 466.9224853515625
44.30912399291992 466.90728759765625
44.312339782714844 466.89263916015625
44.315467834472656 466.8785400390625
44.318511962890625 466.8649597167969
44.321475982666016 466.85186767578125
44.32435989379883 466.8392639160156
44.32716751098633 466.8271179199219
44.32990264892578 466.8154296875
44.33256530761719 466.80419921875
44.33515548706055 466.7933654785156
44.337677001953125 466.782958984375
44.34012985229492 466.77294921875
44.3425178527832 466.7633056640625
44.34484100341797 466.7540283203125
44.347103118896484 466.7451171875
44.34930419921875 466.7365417480469
44.351444244384766 466.7283020019531
44.370906829833984 466.6527404785156
44.3721923828125 466.647705078125
44.37344741821289 466.6428527832031
44.392330169677734 466.5694580078125
44.39279556274414 466.567626953125
44.410972595214844 466.49615478515625
44.42823028564453 466.42645263671875
44.444618225097656 466.3584899902344
44.46018981933594 466.2922668457031
44.4749870300293 466.2277526855469
44.48905944824219 466.1649169921875
44.502445220947266 466.103759765625
44.51518630981445 466.04425048828125
44.511165618896484 466.06292724609375
44.52378463745117 466.00457763671875
44.53580856323242 465.94781494140625
44.53101348876953 465.97027587890625
44.542999267578125 465.9145202636719
44.55443572998047 465.8603210449219
44.54891586303711 465.88623046875
44.56038284301758 465.8328857421875
44.57134246826172 465.78106689453125
44.58182144165039 465.7307434082031
44.575279235839844 465.76177978515625
44.58588790893555 465.7120666503906
44.59604263305664 465.6637878417969
44.605770111083984 465.616943359375
44.59827423095703 465.6524963378906
44.60821533203125 465.6060485839844
44.61774444580078 465.56097412109375
44.626888275146484 465.51727294921875
44.63566970825195 465.4748840332031
44.644107818603516 465.4338073730469
44.6351318359375 465.4766540527344
44.64390182495117 465.4355773925781
44.65233612060547 465.3957824707031
44.66044998168945 465.3572082519531
44.66826248168945 465.3198547363281
44.67578887939453 465.28369140625
44.68304443359375 465.2486572265625
44.69004440307617 465.2147521972656
44.696800231933594 465.18194580078125
44.70332336425781 465.1501770019531
44.70962905883789 465.11944580078125
44.71572494506836 465.0897216796875
44.721622467041016 465.06097412109375
44.72732925415039 465.0331726074219
44.73285675048828 465.00628662109375
44.73821258544922 464.9803161621094
44.74340057373047 464.9552001953125
44.74843215942383 464.9309387207031
44.75331497192383 464.9075012207031
44.758052825927734 464.8848571777344
44.76264953613281 464.86297607421875
44.76711654663086 464.84185791015625
44.771453857421875 464.82147216796875
44.77566909790039 464.8017883300781
44.77976608276367 464.78277587890625
44.783748626708984 464.7644348144531
44.787620544433594 464.7467346191406
44.791385650634766 464.72967529296875
44.795047760009766 464.7132263183594
44.79861068725586 464.6973571777344
44.80207824707031 464.6820373535156
44.805450439453125 464.6672668457031
44.80873107910156 464.6530456542969
44.81192398071289 464.63934326171875
44.815032958984375 464.6261291503906
44.818058013916016 464.6134033203125
44.82100296020508 464.60113525390625
44.82386779785156 464.5893249511719
44.826656341552734 464.57794189453125
44.82937240600586 464.5669860839844
44.83201599121094 464.55645751953125
44.83458709716797 464.54632568359375
44.83708953857422 464.53656005859375
44.83952713012695 464.52716064453125
44.841896057128906 464.51812744140625
44.84420394897461 464.5094299316406
44.8464469909668 464.5010681152344
44.8660774230957 464.4273986816406
44.867469787597656 464.4221496582031
44.86882400512695 464.4170837402344
44.88787841796875 464.3455505371094
44.88844299316406 464.3434143066406
44.90680694580078 464.2737731933594
44.90664291381836 464.2744140625
44.9064826965332 464.2750244140625
44.92451858520508 464.20721435546875
44.923667907714844 464.2104187011719
44.94115447998047 464.1443176269531
44.93966293334961 464.14996337890625
44.956668853759766 464.08551025390625
44.95457077026367 464.0934753417969
44.97115707397461 464.0305480957031
44.96848678588867 464.0406799316406
44.984710693359375 463.979248046875
44.98149871826172 463.99139404296875
44.997406005859375 463.9313659667969
45.012596130371094 463.8729553222656
45.00831985473633 463.8893127441406
45.02330780029297 463.8321533203125
45.037635803222656 463.7765808105469
45.03239440917969 463.79681396484375
45.046607971191406 463.7423095703125
45.060211181640625 463.6893615722656
45.054073333740234 463.71307373046875
45.06764221191406 463.6610412597656
45.08063888549805 463.61053466796875
45.07365798950195 463.6374206542969
45.086692810058594 463.5876770019531
45.09918975830078 463.5393981933594
45.11117935180664 463.4925842285156
45.122684478759766 463.4471740722656
45.13373565673828 463.40313720703125
45.144351959228516 463.3604431152344
45.15456008911133 463.319091796875
45.16437911987305 463.2790222167969
45.173831939697266 463.2402038574219
45.18293380737305 463.2026062011719
45.19170379638672 463.16619873046875
45.200157165527344 463.1309509277344
45.20831298828125 463.0968322753906
45.216182708740234 463.0638427734375
45.22378158569336 463.03192138671875
45.23112106323242 463.00103759765625
45.238216400146484 462.9711608886719
45.24507522583008 462.9422912597656
45.251712799072266 462.91436767578125
45.25813674926758 462.88739013671875
45.26435470581055 462.8612976074219
45.2703742980957 462.8360900878906
45.276206970214844 462.8117370605469
45.2818603515625 462.7882080078125
45.2873420715332 462.7655029296875
45.29265594482422 462.7435607910156
45.29780960083008 462.7223815917969
45.30281066894531 462.70196533203125
45.30766677856445 462.6822509765625
45.3123779296875 462.6632385253906
45.316951751708984 462.6448974609375
45.32139587402344 462.627197265625
45.32571029663086 462.6101379394531
45.32990264892578 462.59368896484375
45.3339729309082 462.57781982421875
45.337928771972656 462.5625305175781
45.341773986816406 462.54779052734375
45.34550857543945 462.5335998535156
45.34914016723633 462.5199279785156
45.35266876220703 462.5067443847656
45.35609817504883 462.4940490722656
45.359432220458984 462.4818115234375
45.3626708984375 462.47003173828125
45.36581802368164 462.4587097167969
45.36887741088867 462.44781494140625
45.389198303222656 462.3747863769531
45.391353607177734 462.3669738769531
45.39344787597656 462.3594665527344
45.41310119628906 462.2886657714844
45.414363861083984 462.2840881347656
45.43328094482422 462.2151794433594
45.433773040771484 462.21337890625
45.43425369262695 462.2116394042969
45.452762603759766 462.1446533203125
45.452518463134766 462.1455383300781
45.47044372558594 462.08026123046875
45.46952819824219 462.0836181640625
45.4869384765625 462.0199890136719
45.485389709472656 462.0256652832031
45.50234603881836 461.963623046875
45.50020217895508 461.9714660644531
45.51676559448242 461.9109191894531
45.51405715942383 461.9208068847656
45.5302734375 461.8616638183594
45.52702713012695 461.87347412109375
45.542945861816406 461.8157043457031
45.55817794799805 461.7594909667969
45.553871154785156 461.7752990722656
45.568904876708984 461.72027587890625
45.58330154418945 461.66680908203125
45.578025817871094 461.686279296875
45.592315673828125 461.6338195800781
45.606014251708984 461.5828857421875
45.59983825683594 461.6056823730469
45.61350631713867 461.55560302734375
45.626617431640625 461.5069885253906
45.63920593261719 461.4598083496094
45.631736755371094 461.4875183105469
45.64440155029297 461.44097900390625
45.65656661987305 461.3958435058594
45.66825866699219 461.35205078125
45.659603118896484 461.3840637207031
45.67146301269531 461.3406982421875
45.68286895751953 461.2986755371094
45.693843841552734 461.2579345703125
45.704410552978516 461.2184753417969
45.7145881652832 461.18023681640625
45.724395751953125 461.1432189941406
45.73385238647461 461.10736083984375
45.742977142333984 461.0726623535156
45.73139572143555 461.1159362792969
45.74089813232422 461.0810241699219
45.750064849853516 461.0472412109375
45.758914947509766 461.0145568847656
45.767459869384766 460.9829406738281
45.77571487426758 460.9523620605469
45.78369140625 460.9228210449219
45.79140090942383 460.8942565917969
45.798858642578125 460.86663818359375
45.80607223510742 460.8399658203125
45.813053131103516 460.8141784667969
45.8198127746582 460.7892761230469
45.82635498046875 460.7652282714844
45.83269500732422 460.74200439453125
45.838836669921875 460.7195739746094
45.84478759765625 460.69793701171875
45.850555419921875 460.67706298828125
45.85614776611328 460.65692138671875
45.861572265625 460.6374816894531
45.8668327331543 460.61871337890625
45.87193298339844 460.6006164550781
45.87688446044922 460.5831604003906
45.88168716430664 460.56634521484375
45.886348724365234 460.5501403808594
45.890872955322266 460.5345153808594
45.895263671875 460.51947021484375
45.8995246887207 460.5049743652344
45.90365982055664 460.4909973144531
45.92494201660156 460.4184875488281
45.928096771240234 460.40765380859375
45.948482513427734 460.337158203125
45.95074462890625 460.32928466796875
45.952945709228516 460.32171630859375
45.97268295288086 460.2533874511719
45.974056243896484 460.2486267089844
45.97539138793945 460.2440490722656
45.99460983276367 460.1777648925781
45.99517059326172 460.1758117675781
46.01375198364258 460.11126708984375
46.01359558105469 460.11181640625
46.031612396240234 460.0489501953125
46.03078079223633 460.0518493652344
46.04829788208008 459.9906005859375
46.046836853027344 459.9957275390625
46.06391143798828 459.9360046386719
46.061851501464844 459.9432067871094
46.07854080200195 459.8849182128906
46.0759162902832 459.8940734863281
46.09226608276367 459.8371887207031
46.10792922973633 459.7818298339844
46.10419845581055 459.7949523925781
46.119625091552734 459.7408142089844
46.115413665771484 459.7555236816406
46.13064193725586 459.7025451660156
46.1452522277832 459.65106201171875
46.140052795410156 459.6692810058594
46.15454864501953 459.6188049316406
46.16846466064453 459.56976318359375
46.18183135986328 459.5221252441406
46.17524337768555 459.54541015625
46.18861389160156 459.4985656738281
46.20146942138672 459.4530944824219
46.21383285522461 459.4089660644531
46.20598220825195 459.43670654296875
46.21844482421875 459.39312744140625
46.230438232421875 459.3508605957031
46.24198913574219 459.30987548828125
46.253116607666016 459.2701416015625
46.26383972167969 459.23162841796875
46.2741813659668 459.1943054199219
46.26399230957031 459.2305603027344
46.27460479736328 459.1933288574219
46.28483963012695 459.15728759765625
46.294715881347656 459.12237548828125
46.30425262451172 459.08856201171875
46.31346130371094 459.05584716796875
46.322357177734375 459.024169921875
46.330955505371094 458.9935302734375
46.339271545410156 458.9638671875
46.347312927246094 458.9351806640625
46.35509490966797 458.9074401855469
46.36262512207031 458.880615234375
46.36991500854492 458.85467529296875
46.376976013183594 458.8296203613281
46.38381576538086 458.8053894042969
46.390445709228516 458.781982421875
46.39686965942383 458.7593688964844
46.403099060058594 458.737548828125
46.40913772583008 458.7164611816406
46.41499328613281 458.69610595703125
46.42067337036133 458.67645263671875
46.426185607910156 458.657470703125
46.43153381347656 458.63916015625
46.43672561645508 458.6214904785156
46.44176483154297 458.6044616699219
46.4466552734375 458.5880126953125
46.45140075683594 458.5721740722656
46.45600891113281 458.556884765625
46.46048355102539 458.5421447753906
46.46482849121094 458.5279541015625
46.46904754638672 458.5142822265625
46.47314453125 458.5010986328125
46.47712326049805 458.4884033203125
46.480987548828125 458.4761657714844
46.484737396240234 458.4643859863281
46.488380432128906 458.4530334472656
46.49191665649414 458.4421081542969
46.4953498840332 458.4316101074219
46.49868392944336 458.4214782714844
46.501922607421875 458.4117431640625
46.50506591796875 458.4023742675781
46.50811767578125 458.39337158203125
46.511077880859375 458.38470458984375
46.51395034790039 458.3763732910156
46.51673889160156 458.3683776855469
46.53928756713867 458.3033142089844
46.541099548339844 458.2980651855469
46.5428581237793 458.29302978515625
46.56477355957031 458.23004150390625
46.56562042236328 458.22760009765625
46.566444396972656 458.2252502441406
46.58784484863281 458.1641540527344
46.58781051635742 458.16424560546875
46.60856246948242 458.1048583984375
46.607723236083984 458.1072692871094
46.627899169921875 458.0494689941406
46.626304626464844 458.0540466308594
46.64596176147461 457.9977722167969
46.64365768432617 458.0043640136719
46.66285705566406 457.9495544433594
46.65987777709961 457.9580383300781
46.67866897583008 457.90460205078125
46.675048828125 457.9148864746094
46.6934814453125 457.8627624511719
46.68925094604492 457.87469482421875
46.707366943359375 457.82379150390625
46.72477340698242 457.7743835449219
46.719295501708984 457.78985595703125
46.73648452758789 457.74151611328125
46.75300979614258 457.6946105957031
46.74638748168945 457.7132873535156
46.76278305053711 457.66729736328125
46.77855682373047 457.6227111816406
46.7708625793457 457.6443176269531
46.78657913208008 457.60052490234375
46.80170440673828 457.5580749511719
46.793006896972656 457.582275390625
46.80814743041992 457.54046630859375
46.822723388671875 457.4999694824219
46.836761474609375 457.46075439453125
46.85028839111328 457.42279052734375
46.86332321166992 457.38604736328125
46.875892639160156 457.3504943847656
46.88801193237305 457.31610107421875
46.89970397949219 457.2828369140625
46.910987854003906 457.25067138671875
46.921878814697266 457.2195739746094
46.932395935058594 457.18951416015625
46.94255447387695 457.16046142578125
46.952369689941406 457.1324157714844
46.96185302734375 457.1053161621094
46.97101974487305 457.0791320800781
46.979881286621094 457.0538635253906
46.98844909667969 457.02947998046875
46.99673843383789 457.0059509277344
47.004756927490234 456.9832458496094
47.01251220703125 456.9613342285156
47.02001953125 456.940185546875
47.02728271484375 456.9197998046875
47.0343132019043 456.900146484375
47.04111862182617 456.8811950683594
47.04771041870117 456.8629150390625
47.05409240722656 456.8453063964844
47.07870864868164 456.7768859863281
47.083900451660156 456.7623596191406
47.088932037353516 456.74835205078125
47.09381103515625 456.73486328125
47.11741638183594 456.6692810058594
47.121212005615234 456.65869140625
47.12489700317383 456.64849853515625
47.12847137451172 456.638671875
47.15130615234375 456.57568359375
47.15387725830078 456.5685729980469
47.156375885009766 456.5617370605469
47.17851638793945 456.5008239746094
47.18008041381836 456.49652099609375
47.181602478027344 456.49237060546875
47.20317077636719 456.43341064453125
47.20381546020508 456.431640625
47.2247200012207 456.37432861328125
47.224544525146484 456.37481689453125
47.24485397338867 456.319091796875
47.2439079284668 456.3216857910156
47.2636833190918 456.2674865722656
47.26200866699219 456.2720642089844
47.28130340576172 456.21929931640625
47.2789421081543 456.2257385253906
47.297813415527344 456.1743469238281
47.2947998046875 456.1825256347656
47.313289642333984 456.1324462890625
47.309654235839844 456.14227294921875
47.32780838012695 456.0934143066406
47.34527587890625 456.04595947265625
47.34038543701172 456.0591735839844
47.35761260986328 456.0127868652344
47.35219192504883 456.0273132324219
47.36920928955078 455.9819641113281
47.385597229003906 455.9379577636719
47.4013786315918 455.8952941894531
47.39422607421875 455.91448974609375
47.40993118286133 455.87261962890625
47.42506408691406 455.83203125
47.41690444946289 455.853759765625
47.43202209472656 455.8138427734375
47.44659423828125 455.775146484375
47.46064376831055 455.7376708984375
47.47419738769531 455.7013854980469
47.46401596069336 455.7283935546875
47.477691650390625 455.6925048828125
47.490882873535156 455.6577453613281
47.50361251831055 455.6241149902344
47.515899658203125 455.5915832519531
47.52776336669922 455.56011962890625
47.539222717285156 455.5296936035156
47.55029296875 455.5002746582031
47.56098937988281 455.47186279296875
47.571327209472656 455.44439697265625
47.581321716308594 455.4178466796875
47.59098434448242 455.3922119140625
47.60032653808594 455.3674621582031
47.6093635559082 455.34356689453125
47.618106842041016 455.32049560546875
47.626564025878906 455.2982177734375
47.63475036621094 455.2767333984375
47.64267349243164 455.2560119628906
47.65034103393555 455.23602294921875
47.65776443481445 455.21673583984375
47.66495132446289 455.1981201171875
47.67190933227539 455.18017578125
47.678646087646484 455.16290283203125
47.6851692199707 455.146240234375
47.69148635864258 455.13018798828125
47.69760513305664 455.1147155761719
47.70353317260742 455.0998229980469
47.70927429199219 455.0854797363281
47.7148323059082 455.0716857910156
47.720218658447266 455.0583801269531
47.725433349609375 455.04559326171875
47.73048400878906 455.0332946777344
47.735374450683594 455.0214538574219
47.76015853881836 454.961181640625
47.763919830322266 454.9519958496094
47.78779220581055 454.8935852050781
47.790504455566406 454.8869323730469
47.79313659667969 454.8805236816406
47.8162841796875 454.82415771484375
47.817935943603516 454.82012939453125
47.840335845947266 454.76544189453125
47.841068267822266 454.7636413574219
47.86279296875 454.7105407714844
47.862667083740234 454.7108459472656
47.88378143310547 454.6593017578125
47.90410232543945 454.60919189453125
47.90238952636719 454.6134033203125
47.92222595214844 454.5646667480469
47.919803619384766 454.57061767578125
47.939205169677734 454.5231628417969
47.957889556884766 454.4770812988281
47.97589111328125 454.4323425292969
47.99323654174805 454.388916015625
48.00996017456055 454.3468017578125
48.026084899902344 454.3059387207031
48.0416374206543 454.26629638671875
48.056644439697266 454.2278747558594
48.049095153808594 454.2470703125
48.06406021118164 454.2093200683594
48.07850646972656 454.1727294921875
48.09245300292969 454.13726806640625
48.105918884277344 454.1029357910156
48.118927001953125 454.0697021484375
48.10886764526367 454.09515380859375
48.12200164794922 454.0622253417969
48.13468933105469 454.0303649902344
48.146949768066406 453.9995422363281
48.15879821777344 453.9697265625
48.170249938964844 453.9408874511719
48.18132400512695 453.9129943847656
48.19203567504883 453.8860168457031
48.202396392822266 453.8599548339844
48.21241760253906 453.8347473144531
48.22211456298828 453.8103942871094
48.23149871826172 453.786865234375
48.24058151245117 453.76416015625
48.24937438964844 453.7422180175781
48.25788879394531 453.7210388183594
48.26613235473633 453.7005920410156
48.27411651611328 453.68084716796875
48.2818489074707 453.66180419921875
48.289337158203125 453.6434326171875
48.29658889770508 453.6257019042969
48.30361557006836 453.6086120605469
48.310420989990234 453.5921325683594
48.3170166015625 453.57623291015625
48.32340621948242 453.5609130859375
48.329593658447266 453.546142578125
48.33559036254883 453.53192138671875
48.341400146484375 453.5182189941406
48.34703063964844 453.5050354003906
48.35248565673828 453.4923400878906
48.376869201660156 453.4353332519531
48.3812141418457 453.4251403808594
48.38542556762695 453.41534423828125
48.4089469909668 453.3604736328125
48.41212844848633 453.35302734375
48.434844970703125 453.29986572265625
48.43706130981445 453.294677734375
48.459049224853516 453.2431335449219
48.460365295410156 453.24005126953125
48.481689453125 453.1900634765625
48.48215866088867 453.18896484375
48.50288009643555 453.1404724121094
48.5025520324707 453.1412353515625
48.522727966308594 453.0941467285156
48.542179107666016 453.0483703613281
48.54036331176758 453.0526428222656
48.55937957763672 453.0081481933594
48.577720642089844 452.9649353027344
48.574546813964844 452.9723815917969
48.592552185058594 452.9302673339844
48.60992431640625 452.889404296875
48.62668991088867 452.8497619628906
48.62163543701172 452.8616638183594
48.6381950378418 452.82293701171875
48.6541862487793 452.7853698730469
48.66962814331055 452.7489318847656
48.68454360961914 452.713623046875
48.69895553588867 452.6794128417969
48.71288299560547 452.6462707519531
48.726348876953125 452.6141662597656
48.717430114746094 452.63525390625
48.73094940185547 452.60357666015625
48.7440185546875 452.5729064941406
48.756656646728516 452.543212890625
48.76887893676758 452.5144958496094
48.78070068359375 452.4866943359375
48.792137145996094 452.4598083496094
48.80320739746094 452.4338073730469
48.81391906738281 452.4086608886719
48.82428741455078 452.38433837890625
48.83432388305664 452.36083984375
48.84404373168945 452.338134765625
48.85345458984375 452.3161926269531
48.86256790161133 452.2950134277344
48.871395111083984 452.2745361328125
48.87994384765625 452.2547607421875
48.88822555541992 452.2356872558594
48.89624786376953 452.21728515625
48.904022216796875 452.19952392578125
48.91155242919922 452.182373046875
48.91884994506836 452.16583251953125
48.92592239379883 452.1498718261719
48.93277359008789 452.1344909667969
48.93941116333008 452.1196594238281
48.94584274291992 452.1053466796875
48.95207595825195 452.091552734375
48.95811462402344 452.0782775878906
48.904151916503906 452.1947021484375
48.847354888916016 452.31341552734375
48.78766632080078 452.4343566894531
48.6821403503418 452.639404296875
48.5635986328125 452.85723876953125
48.434959411621094 453.07855224609375
48.29909133911133 453.2958679199219
48.156280517578125 453.5081481933594
48.00693130493164 453.7144775390625
47.850669860839844 453.91534423828125
47.688812255859375 454.109130859375
47.52082061767578 454.2966003417969
47.34737777709961 454.4770812988281
47.16892623901367 454.6502685546875
46.98597717285156 454.8157958984375
46.79710006713867 454.97503662109375
46.60529327392578 455.1255798339844
46.410430908203125 455.26776123046875
46.21302795410156 455.4013977050781
46.016822814941406 455.52435302734375
45.815757751464844 455.6406555175781
45.620338439941406 455.7445983886719
45.420494079589844 455.8418884277344
45.23324966430664 455.92486572265625
45.04789352416992 455.9990539550781
44.973243713378906 456.0257263183594
44.94182205200195 456.03558349609375
45.04579162597656 456.007568359375
45.205528259277344 455.971435546875
45.38697814941406 455.93804931640625
45.59011459350586 455.9090881347656
45.800045013427734 455.88775634765625
46.013694763183594 455.87469482421875
46.22852325439453 455.8702087402344
46.44377517700195 455.8743591308594
46.658782958984375 455.88714599609375
46.87312698364258 455.9085693359375
47.086448669433594 455.9385986328125
47.298397064208984 455.9771728515625
47.50862503051758 456.02423095703125
47.716793060302734 456.0796813964844
47.92256546020508 456.1434631347656
48.125606536865234 456.2154541015625
48.32558822631836 456.2955322265625
48.52218246459961 456.3835754394531
48.7150764465332 456.47943115234375
48.903953552246094 456.5829772949219
49.08852005004883 456.69403076171875
49.268470764160156 456.8124084472656
49.44352340698242 456.93792724609375
49.61338806152344 457.07037353515625
49.77779769897461 457.20953369140625
49.93648147583008 457.3551940917969
50.08918762207031 457.5071105957031
50.23566818237305 457.6650390625
50.37568664550781 457.8287353515625
50.50901794433594 457.9979248046875
50.63544464111328 458.1723327636719
50.75476837158203 458.3516845703125
50.866790771484375 458.5356750488281
50.971336364746094 458.7240295410156
51.06875228881836 458.91748046875
51.17169952392578 459.143798828125
51.26063537597656 459.3616638183594
51.340415954589844 459.5815734863281
51.4088249206543 459.7964172363281
51.46726608276367 460.0089416503906
51.516536712646484 460.2210388183594
51.55701446533203 460.43365478515625
51.588836669921875 460.6471252441406
51.612060546875 460.8616943359375
51.62663269042969 461.0767822265625
51.63254928588867 461.29217529296875
51.62981033325195 461.5075988769531
51.6184196472168 461.7227478027344
51.5984001159668 461.937255859375
51.56977844238281 462.1507873535156
51.5326042175293 462.36297607421875
51.486934661865234 462.5735168457031
51.43284606933594 462.78204345703125
51.370426177978516 462.98822021484375
51.299774169921875 463.1917419433594
51.22100830078125 463.3922424316406
51.13425064086914 463.58941650390625
51.039642333984375 463.782958984375
50.93733596801758 463.9725341796875
50.82749557495117 464.1578369140625
50.71030044555664 464.3385925292969
50.585941314697266 464.5144958496094
50.45461654663086 464.6852722167969
50.3165397644043 464.8506164550781
50.171932220458984 465.0102844238281
50.021026611328125 465.1640319824219
49.86406707763672 465.31158447265625
49.70130920410156 465.45269775390625
49.53301239013672 465.587158203125
49.35945129394531 465.7147521972656
49.180904388427734 465.83526611328125
48.997657775878906 465.9485168457031
48.81000900268555 466.0543212890625
48.618263244628906 466.1524963378906
48.4227294921875 466.2428894042969
48.22372055053711 466.32537841796875
48.02156066894531 466.3997802734375
47.81657409667969 466.46600341796875
47.609092712402344 466.5239562988281
47.399452209472656 466.5735168457031
47.18798828125 466.6146240234375
46.97504425048828 466.647216796875
46.760963439941406 466.67120361328125
46.54608917236328 466.68658447265625
46.330772399902344 466.6933288574219
46.115360260009766 466.69140625
45.90019607543945 466.68084716796875
45.685630798339844 466.6616516113281
45.47201156616211 466.63385009765625
45.259681701660156 466.59747314453125
45.04898452758789 466.5526123046875
44.84025955200195 466.49932861328125
44.63384246826172 466.43768310546875
44.43006896972656 466.3677978515625
44.22926712036133 466.289794921875
44.031761169433594 466.20379638671875
43.837867736816406 466.10992431640625
43.64789962768555 466.0083312988281
43.46216583251953 465.8992004394531
43.280967712402344 465.7826843261719
43.10459518432617 465.65899658203125
42.93333435058594 465.5283203125
42.767459869384766 465.390869140625
42.60723876953125 465.2468566894531
42.45293426513672 465.0965270996094
42.30479049682617 464.94012451171875
42.163047790527344 464.77789306640625
42.02793884277344 464.610107421875
41.89967727661133 464.4370422363281
41.77846908569336 464.2589416503906
41.664512634277344 464.0761413574219
41.5579948425293 463.8888854980469
41.459083557128906 463.697509765625
41.36793899536133 463.5023193359375
41.28470993041992 463.3036193847656
41.20960998535156 463.1019592285156
41.14525604248047 462.9053039550781
41.09865951538086 462.7406921386719
41.088661193847656 462.698974609375
41.11674118041992 462.84033203125
41.14876174926758 463.039794921875
41.17730712890625 463.2695617675781
41.19892501831055 463.51153564453125
41.21234130859375 463.75439453125
41.2176628112793 463.99383544921875
41.21702194213867 464.141845703125
41.213409423828125 464.285400390625
41.20707702636719 464.4244079589844
41.198280334472656 464.55877685546875
41.196388244628906 464.582763671875
41.19440841674805 464.6058044433594
41.192352294921875 464.6279296875
41.19023132324219 464.6492004394531
41.18805694580078 464.66961669921875
41.18584060668945 464.689208984375
41.183589935302734 464.7080078125
41.19208908081055 464.6370849609375
41.189579010009766 464.657958984375
41.197967529296875 464.58837890625
41.1952018737793 464.6112060546875
41.203514099121094 464.54290771484375
41.21123123168945 464.4764404296875
41.20802688598633 464.5038146972656
41.21575927734375 464.4384460449219
41.21230697631836 464.46734619140625
41.2200813293457 464.40301513671875
41.22732925415039 464.3404541015625
41.22346496582031 464.3733215332031
41.23082733154297 464.3116455078125
41.23770523071289 464.251708984375
41.23344039916992 464.2882080078125
41.24049377441406 464.2289733886719
41.247100830078125 464.17144775390625
41.242431640625 464.2112121582031
41.249267578125 464.15423583984375
41.25568771362305 464.09893798828125
41.26172637939453 464.0452575683594
41.25653076171875 464.0901794433594
41.26287078857422 464.03680419921875
41.26884841918945 463.98504638671875
41.27449035644531 463.9348449707031
41.279823303222656 463.88616943359375
41.27398681640625 463.9376220703125
41.27970504760742 463.8888854980469
41.28512191772461 463.8416748046875
41.290260314941406 463.7959289550781
41.295143127441406 463.7516174316406
41.29978561401367 463.7087097167969
41.30420684814453 463.66717529296875
41.297481536865234 463.7275695800781
41.3023796081543 463.6854553222656
41.30705261230469 463.6446838378906
41.31151580810547 463.6052551269531
41.31578826904297 463.5671081542969
41.31987762451172 463.53021240234375
41.32380294799805 463.4945068359375
41.327571868896484 463.4599914550781
41.33119583129883 463.4266357421875
41.334686279296875 463.3943786621094
41.338050842285156 463.36322021484375
41.34130096435547 463.3331298828125
41.34444046020508 463.3040466308594
41.347476959228516 463.2759704589844
41.35042190551758 463.24884033203125
41.353275299072266 463.22265625
41.35604476928711 463.1973876953125
41.35873794555664 463.1729736328125
41.36135482788086 463.1494140625
41.3639030456543 463.126708984375
41.36638259887695 463.10479736328125
41.36880111694336 463.0836486816406
41.371158599853516 463.0632629394531
41.37345886230469 463.0436096191406
41.37570571899414 463.024658203125
41.377899169921875 463.0063781738281
41.380043029785156 462.98876953125
41.38214111328125 462.9718017578125
41.393104553222656 462.880126953125
41.394615173339844 462.8670959472656
41.39609909057617 462.85455322265625
41.39755630493164 462.84246826171875
41.398990631103516 462.8308410644531
41.40961456298828 462.74224853515625
41.41054153442383 462.73431396484375
41.41145706176758 462.7266845703125
41.41236114501953 462.7193298339844
41.41325378417969 462.7122802734375
41.423851013183594 462.62640380859375
41.42428207397461 462.6228332519531
41.42470932006836 462.6194152832031
41.434932708740234 462.5356750488281
41.4349479675293 462.5355529785156
41.43496322631836 462.5354309082031
41.444942474365234 462.45367431640625
41.444580078125 462.4566955566406
41.444217681884766 462.4595947265625
41.454063415527344 462.37969970703125
41.453346252441406 462.3855895996094
41.45262908935547 462.3912353515625
41.462432861328125 462.3130187988281
41.46138000488281 462.3215026855469
41.47080993652344 462.2450256347656
41.469444274902344 462.25616455078125
41.468074798583984 462.266845703125
41.477630615234375 462.1918029785156
41.4759521484375 462.2050476074219
41.48523712158203 462.1315612792969
41.48326873779297 462.1471862792969
41.49233627319336 462.0752258300781
41.49008560180664 462.09307861328125
41.49898147583008 462.0225524902344
41.4964599609375 462.0425109863281
41.50522994995117 461.97332763671875
41.51337814331055 461.9059753417969
41.510379791259766 461.93060302734375
41.51850128173828 461.86444091796875
41.5152473449707 461.8907165527344
41.52336883544922 461.8256530761719
41.53094482421875 461.76239013671875
41.527259826660156 461.79278564453125
41.534912109375 461.7304382324219
41.54206848144531 461.6698303222656
41.53797149658203 461.7039794921875
41.54526901245117 461.6441650390625
41.55210876464844 461.5860595703125
41.547603607177734 461.62359619140625
41.55464172363281 461.56610107421875
41.561256408691406 461.5102844238281
41.55633544921875 461.5508728027344
41.563194274902344 461.49554443359375
41.56965637207031 461.44183349609375
41.57575225830078 461.38970947265625
41.57027816772461 461.4352111816406
41.576690673828125 461.3833312988281
41.5827522277832 461.3330078125
41.5884895324707 461.2842102050781
41.593929290771484 461.2369079589844
41.587772369384766 461.28863525390625
41.59360122680664 461.2412414550781
41.59914016723633 461.1953125
41.604408264160156 461.15081787109375
41.60942459106445 461.10772705078125
41.61420440673828 461.06597900390625
41.618770599365234 461.02557373046875
41.62313461303711 460.9864501953125
41.62731170654297 460.9485778808594
41.61996841430664 461.01202392578125
41.62464904785156 460.973388671875
41.62913131713867 460.9360046386719
41.6334342956543 460.89984130859375
41.63756561279297 460.8648681640625
41.64154052734375 460.8310546875
41.64536666870117 460.7983703613281
41.64905548095703 460.76678466796875
41.65261459350586 460.73626708984375
41.65605163574219 460.7067565917969
41.65937805175781 460.6782531738281
41.66259765625 460.6507263183594
41.66571807861328 460.6241455078125
41.66874313354492 460.5984802246094
41.67168045043945 460.5736999511719
41.67453384399414 460.5498046875
41.677310943603516 460.5267333984375
41.68001174926758 460.5044860839844
41.682640075683594 460.4830017089844
41.685203552246094 460.4622802734375
41.68770217895508 460.44232177734375
41.69013977050781 460.4230651855469
41.6925163269043 460.4045104980469
41.6948356628418 460.3866271972656
41.70631408691406 460.2952880859375
41.70801544189453 460.28131103515625
41.709686279296875 460.2678527832031
41.711326599121094 460.2548828125
41.71293640136719 460.2424011230469
41.7240104675293 460.1542053222656
41.7250862121582 460.1454162597656
41.72614669799805 460.136962890625
41.72719192504883 460.1288146972656
41.737945556640625 460.0431823730469
41.73851776123047 460.03851318359375
41.73908615112305 460.0340270996094
41.739646911621094 460.02972412109375
41.75027847290039 459.9463806152344
41.750404357910156 459.94537353515625
41.75053024291992 459.94439697265625
41.76089096069336 459.8630676269531
41.7606201171875 459.865234375
41.76034927368164 459.8673095703125
41.770545959472656 459.7878723144531
41.76990509033203 459.79290771484375
41.76926803588867 459.7977600097656
41.77939987182617 459.72003173828125
41.77840805053711 459.7276916503906
41.78815460205078 459.6517028808594
41.78683853149414 459.6620178222656
41.7855224609375 459.67193603515625
41.79537582397461 459.5973815917969
41.793739318847656 459.6098327636719
41.80331039428711 459.536865234375
41.801368713378906 459.55169677734375
41.81071472167969 459.4802551269531
41.8084831237793 459.497314453125
41.817649841308594 459.42730712890625
41.81513977050781 459.4464416503906
41.82416915893555 459.3777770996094
41.83258056640625 459.3109130859375
41.82957077026367 459.3346862792969
41.83794403076172 459.2690124511719
41.83467483520508 459.2944641113281
41.843040466308594 459.22991943359375
41.850860595703125 459.1671142578125
41.84714126586914 459.1966247558594
41.85503005981445 459.1347961425781
41.85104751586914 459.1656188964844
41.85902404785156 459.10467529296875
41.866512298583984 459.0454406738281
41.8735466003418 458.9878845214844
41.86897277832031 459.0246276855469
41.876197814941406 458.96771240234375
41.882999420166016 458.91241455078125
41.87799835205078 458.9521789550781
41.885040283203125 458.89739990234375
41.891685485839844 458.8442077636719
41.89796447753906 458.7926025390625
41.892391204833984 458.83721923828125
41.89897918701172 458.7858581542969
41.905216217041016 458.73602294921875
41.911128997802734 458.68768310546875
41.916744232177734 458.6408386230469
41.910457611083984 458.6916198730469
41.91645812988281 458.6446838378906
41.92216491699219 458.59918212890625
41.92759704589844 458.55511474609375
41.932777404785156 458.5124206542969
41.937721252441406 458.4710693359375
41.942447662353516 458.4310302734375
41.94697189331055 458.39227294921875
41.9513053894043 458.354736328125
41.94377136230469 458.4170837402344
41.948604583740234 458.3787841796875
41.95323944091797 458.34173583984375
41.95768737792969 458.305908203125
41.96196365356445 458.271240234375
41.96607971191406 458.23773193359375
41.97004699707031 458.205322265625
41.973873138427734 458.1739807128906
41.97756576538086 458.1437072753906
41.981136322021484 458.11444091796875
41.984588623046875 458.086181640625
41.98793411254883 458.0588684082031
41.99117660522461 458.0325012207031
41.994319915771484 458.00701904296875
41.997371673583984 457.982421875
42.00033950805664 457.95867919921875
42.00322341918945 457.9357604980469
42.00603103637695 457.91363525390625
42.008766174316406 457.8923034667969
42.01142883300781 457.8717041015625
42.01402282714844 457.8518371582031
42.01655578613281 457.8326721191406
42.01902389526367 457.814208984375
42.02143478393555 457.7964172363281
42.02378845214844 457.7792663574219
42.026084899902344 457.7627258300781
42.0283317565918 457.7467956542969
42.03052520751953 457.7314453125
42.03266906738281 457.7166442871094
42.0451774597168 457.628173828125
42.04669952392578 457.6171569824219
42.048194885253906 457.6065368652344
42.049659729003906 457.5963134765625
42.06170654296875 457.5105285644531
42.0626220703125 457.5038757324219
42.06352615356445 457.4974670410156
42.07508087158203 457.4139404296875
42.075496673583984 457.410888671875
42.08641052246094 457.329345703125
42.08639144897461 457.3294982910156
42.08637237548828 457.3296203613281
42.0970573425293 457.2500305175781
42.09663772583008 457.253173828125
42.096221923828125 457.2561950683594
42.106781005859375 457.17840576171875
42.105987548828125 457.1842956542969
42.11613082885742 457.1082458496094
42.114994049072266 457.1168212890625
42.11385726928711 457.12506103515625
42.124053955078125 457.050537109375
42.122581481933594 457.0613708496094
42.13247299194336 456.98846435546875
42.130680084228516 457.001708984375
42.14031982421875 456.9303283691406
42.13822555541992 456.9458312988281
42.14766311645508 456.87591552734375
42.14527893066406 456.8935546875
42.15456008911133 456.82501220703125
42.151893615722656 456.84466552734375
42.16105651855469 456.7774353027344
42.15810775756836 456.7989501953125
42.16719055175781 456.73297119140625
42.175689697265625 456.66876220703125
42.1722412109375 456.6946105957031
42.180747985839844 456.6314697265625
42.188724517822266 456.570068359375
42.184810638427734 456.599853515625
42.192867279052734 456.5393371582031
42.200439453125 456.48052978515625
42.19607925415039 456.5138854980469
42.203792572021484 456.455810546875
42.2110595703125 456.3993835449219
42.20625686645508 456.43597412109375
42.21371841430664 456.3801574707031
42.22076416015625 456.3259582519531
42.227420806884766 456.2733154296875
42.22202682495117 456.3149719238281
42.22895812988281 456.2626953125
42.23552322387695 456.21197509765625
42.24174880981445 456.1627502441406
42.235755920410156 456.2088317871094
42.242313385009766 456.1597595214844
42.24854278564453 456.1121520996094
42.25446701049805 456.0660095214844
42.260108947753906 456.0212707519531
42.26548767089844 455.9779052734375
42.25860595703125 456.03143310546875
42.264408111572266 455.98779296875
42.26994705200195 455.9455261230469
42.27524185180664 455.9045715332031
42.280311584472656 455.86492919921875
42.2851676940918 455.8265380859375
42.289825439453125 455.78936767578125
42.2943000793457 455.75341796875
42.29860305786133 455.7186279296875
42.3027458190918 455.6849670410156
42.306739807128906 455.65240478515625
42.31059265136719 455.62091064453125
42.31431198120117 455.5904541015625
42.317909240722656 455.5610046386719
42.321388244628906 455.53253173828125
42.32476043701172 455.5050354003906
42.32802963256836 455.47845458984375
42.331199645996094 455.4527893066406
42.33427810668945 455.427978515625
42.33727264404297 455.4040222167969
42.34018325805664 455.3808898925781
42.343017578125 455.3585510253906
42.34577560424805 455.33697509765625
42.34846496582031 455.316162109375
42.3510856628418 455.29608154296875
42.353641510009766 455.2767028808594
42.356136322021484 455.25799560546875
42.35857391357422 455.2399597167969
42.36095428466797 455.2225646972656
42.363277435302734 455.205810546875
42.36554718017578 455.18963623046875
42.367767333984375 455.1740417480469
42.369937896728516 455.1590270996094
42.3720588684082 455.1445617675781
42.3741340637207 455.130615234375
42.376163482666016 455.1171875
42.38896560668945 455.0305480957031
42.390380859375 455.020751953125
42.39176940917969 455.0113220214844
42.39313507080078 455.00225830078125
42.405540466308594 454.9182434082031
42.40635681152344 454.9126281738281
42.407161712646484 454.9072265625
42.41911697387695 454.82537841796875
42.41942596435547 454.8232116699219
42.41973114013672 454.8211364746094
42.431365966796875 454.7413330078125
42.43122100830078 454.7423400878906
42.44232177734375 454.6644287109375
42.441768646240234 454.6683654785156
42.441219329833984 454.6721496582031
42.45222091674805 454.5959777832031
42.4512825012207 454.6025390625
42.46188735961914 454.528076171875
42.46059036254883 454.5372314453125
42.47085952758789 454.46441650390625
42.4692268371582 454.47601318359375
42.479217529296875 454.4047546386719
42.47726821899414 454.4186706542969
42.48703384399414 454.348876953125
42.48478317260742 454.3649597167969
42.49436950683594 454.2966003417969
42.4918212890625 454.3147277832031
42.50127029418945 454.2476806640625
42.498435974121094 454.2677307128906
42.507781982421875 454.20196533203125
42.516544342041016 454.137939453125
42.51318359375 454.16229248046875
42.52193069458008 454.099365234375
42.5182991027832 454.125244140625
42.527061462402344 454.0633544921875
42.53530502319336 454.003173828125
42.53118896484375 454.0328674316406
42.53951644897461 453.97357177734375
42.547367095947266 453.9159240722656
42.54278564453125 453.9490661621094
42.550777435302734 453.89215087890625
42.558326721191406 453.83685302734375
42.565467834472656 453.7831115722656
42.56025314331055 453.8215637207031
42.567623138427734 453.768310546875
42.57460403442383 453.71661376953125
42.58122634887695 453.66644287109375
42.57539749145508 453.70953369140625
42.58231735229492 453.65960693359375
42.58889389038086 453.61114501953125
42.595149993896484 453.56414794921875
42.60110855102539 453.5185546875
42.594505310058594 453.56756591796875
42.60083770751953 453.52191162109375
42.60688018798828 453.4776611328125
42.612648010253906 453.4347839355469
42.6181640625 453.3932189941406
42.623443603515625 453.35296630859375
42.628501892089844 453.31396484375
42.63335418701172 453.2762145996094
42.63801574707031 453.2396545410156
42.64249801635742 453.2042541503906
42.63436508178711 453.2658386230469
42.63934326171875 453.2296447753906
42.644134521484375 453.1946105957031
42.648746490478516 453.16070556640625
42.65319061279297 453.1279296875
42.65747833251953 453.0962219238281
42.66162109375 453.0655517578125
42.66562271118164 453.0359191894531
42.66949462890625 453.00726318359375
42.67324447631836 452.97955322265625
42.676876068115234 452.9527893066406
42.68040084838867 452.92694091796875
42.68381881713867 452.9019775390625
42.68714141845703 452.8778381347656
42.69036865234375 452.85455322265625
42.69350814819336 452.8320617675781
42.69655990600586 452.8103332519531
42.69953155517578 452.78936767578125
42.70242691040039 452.7691345214844
42.70524978637695 452.7496032714844
42.70800018310547 452.73077392578125
42.7106819152832 452.7126159667969
42.71329879760742 452.6950988769531
42.715850830078125 452.67822265625
42.71834182739258 452.66192626953125
42.72077560424805 452.646240234375
42.72315216064453 452.631103515625
42.7364387512207 452.5445556640625
42.738162994384766 452.5330810546875
42.73985290527344 452.52203369140625
42.74150848388672 452.5113830566406
42.75431442260742 452.4275207519531
42.755393981933594 452.4203186035156
42.75645446777344 452.41339111328125
42.768760681152344 452.3317565917969
42.76930236816406 452.3280944824219
42.76983642578125 452.3245849609375
42.781776428222656 452.24505615234375
42.781837463378906 452.24462890625
42.781898498535156 452.2442321777344
42.79359436035156 452.1666259765625
42.793216705322266 452.1691589355469
42.80442810058594 452.0933532714844
42.80364990234375 452.0986328125
42.802879333496094 452.1037292480469
42.81404495239258 452.0295715332031
42.812889099121094 452.03729248046875
42.823692321777344 451.96478271484375
42.82217788696289 451.9749755859375
42.832679748535156 451.904052734375
42.83082962036133 451.9165954589844
42.84107971191406 451.84716796875
42.838905334472656 451.86187744140625
42.84895324707031 451.79388427734375
42.84646987915039 451.8106689453125
42.85635757446289 451.7440490722656
42.85356903076172 451.76275634765625
42.863338470458984 451.6974182128906
42.860252380371094 451.71795654296875
42.86993408203125 451.6538391113281
42.866554260253906 451.67608642578125
42.876182556152344 451.6131286621094
42.88525390625 451.5518798828125
42.88132858276367 451.578125
42.89042663574219 451.5178527832031
42.8862190246582 451.5454406738281
42.895362854003906 451.4861145019531
42.90400314331055 451.4284362792969
42.91217803955078 451.37237548828125
42.91991424560547 451.3179016113281
42.91477966308594 451.35345458984375
42.922706604003906 451.299560546875
42.93022537231445 451.2472229003906
42.93736267089844 451.1963806152344
42.93157196044922 451.23675537109375
42.93897247314453 451.186279296875
42.94601058959961 451.13726806640625
42.95271301269531 451.0897216796875
42.95909881591797 451.0436096191406
42.96519088745117 450.9988708496094
42.95842742919922 451.0470886230469
42.96488952636719 451.0022888183594
42.971065521240234 450.9588623046875
42.97697067260742 450.916748046875
42.982627868652344 450.8759460449219
42.9880485534668 450.8363952636719
42.99325180053711 450.798095703125
42.99824905395508 450.760986328125
43.0030517578125 450.7250671386719
43.00767517089844 450.6902770996094
43.01213073730469 450.6565856933594
43.003604888916016 450.7183837890625
43.00856399536133 450.683837890625
43.01333999633789 450.6504211425781
43.017948150634766 450.6180725097656
43.022396087646484 450.5867919921875
43.026695251464844 450.5565490722656
43.030853271484375 450.52728271484375
43.03487777709961 450.4989929199219
43.03877639770508 450.4716491699219
43.04255294799805 450.4452209472656
43.04621887207031 450.419677734375
43.04977798461914 450.39501953125
43.0532341003418 450.3711853027344
43.05659484863281 450.3481750488281
43.05986022949219 450.3259582519531
43.06303787231445 450.30450439453125
43.066131591796875 450.2837829589844
43.06914520263672 450.2637939453125
43.07208251953125 450.2444763183594
43.07494354248047 450.2258605957031
43.07773208618164 450.2078857421875
43.08045196533203 450.1905517578125
43.083106994628906 450.173828125
43.085697174072266 450.15771484375
43.088226318359375 450.1421813964844
43.090694427490234 450.127197265625
43.104454040527344 450.0419616699219
43.106258392333984 450.03057861328125
43.10802459716797 450.01959228515625
43.121124267578125 449.9367370605469
43.1223030090332 449.92913818359375
43.12346267700195 449.9218444824219
43.12459945678711 449.914794921875
43.13741683959961 449.8343505859375
43.13801956176758 449.8305358886719
43.13861083984375 449.82684326171875
43.15106201171875 449.74847412109375
43.151161193847656 449.7478332519531
43.16305923461914 449.67132568359375
43.162715911865234 449.6735534667969
43.162376403808594 449.6756896972656
43.174129486083984 449.6009826660156
43.17336654663086 449.6058654785156
43.18470001220703 449.5328674316406
43.18355178833008 449.5403137207031
43.19453048706055 449.46893310546875
43.193016052246094 449.4787902832031
43.20370101928711 449.4089660644531
43.20184326171875 449.4211120605469
43.2122802734375 449.352783203125
43.2100944519043 449.3670654296875
43.220333099365234 449.3001403808594
43.217830657958984 449.31646728515625
43.22791290283203 449.2508850097656
43.22510528564453 449.26910400390625
43.23506546020508 449.2048034667969
43.23195266723633 449.22479248046875
43.24182891845703 449.16168212890625
43.23841857910156 449.183349609375
43.24824142456055 449.12139892578125
43.25751495361328 449.06109619140625
43.253543853759766 449.0867004394531
43.262840270996094 449.0273742675781
43.258583068847656 449.05426025390625
43.267921447753906 448.9958801269531
43.276763916015625 448.9391174316406
43.271968841552734 448.969482421875
43.28091812133789 448.91351318359375
43.28940963745117 448.8591003417969
43.284095764160156 448.89263916015625
43.292747497558594 448.8388671875
43.30097198486328 448.7866516113281
43.295143127441406 448.8230285644531
43.30357360839844 448.77130126953125
43.31159973144531 448.7210998535156
43.31924819946289 448.67236328125
43.31269073486328 448.7132873535156
43.320613861083984 448.6648254394531
43.32817459106445 448.6177978515625
43.33539962768555 448.57220458984375
43.342308044433594 448.5279846191406
43.3348274230957 448.5746765136719
43.34209060668945 448.5304260253906
43.34904479980469 448.4875183105469
43.355709075927734 448.4459533691406
43.362098693847656 448.4056701660156
43.36823272705078 448.36663818359375
43.37412643432617 448.328857421875
43.37979507446289 448.2922668457031
43.385250091552734 448.2568359375
43.390506744384766 448.2225341796875
43.39557647705078 448.1893310546875
43.40046691894531 448.1572265625
43.405189514160156 448.12615966796875
43.40975570678711 448.0960998535156
43.4141731262207 448.0670166015625
43.41844940185547 448.0389099121094
43.42259216308594 448.01171875
43.42660903930664 447.9854431152344
43.430503845214844 447.9600524902344
43.434288024902344 447.9355163574219
43.43796157836914 447.91180419921875
43.441532135009766 447.888916015625
43.445003509521484 447.8667907714844
43.44837951660156 447.8454284667969
43.451663970947266 447.8247985839844
43.454864501953125 447.8049011230469
43.45798110961914 447.7856750488281
43.46101760864258 447.7671203613281
43.4639778137207 447.7492370605469
43.466861724853516 447.7319641113281
43.46967315673828 447.7153015136719
43.472415924072266 447.6992492675781
43.4865837097168 447.6146240234375
43.48863983154297 447.60211181640625
43.49065017700195 447.5900573730469
43.492618560791016 447.57843017578125
43.506256103515625 447.49652099609375
43.50761032104492 447.4882507324219
43.50893783569336 447.48028564453125
43.5102424621582 447.4726257324219
43.51152038574219 447.4652404785156
43.51277542114258 447.4581298828125
43.51400375366211 447.4512939453125
43.51520919799805 447.4447021484375
43.51639175415039 447.4383544921875
43.517547607421875 447.4322509765625
43.518680572509766 447.4263610839844
43.51979064941406 447.42071533203125
43.5208740234375 447.415283203125
43.521934509277344 447.4100646972656
43.537506103515625 447.33258056640625
43.537925720214844 447.3304748535156
43.53833770751953 447.3284606933594
43.55352783203125 447.25299072265625
43.553340911865234 447.2539367675781
43.553157806396484 447.2548522949219
43.56808090209961 447.1812744140625
43.56733322143555 447.1849670410156
43.58174514770508 447.1131591796875
43.58047866821289 447.1195068359375
43.594451904296875 447.04937744140625
43.59269714355469 447.0581970214844
43.606292724609375 446.98968505859375
43.60408020019531 447.0008239746094
43.61735534667969 446.933837890625
43.61471176147461 446.9471740722656
43.627716064453125 446.88165283203125
43.624656677246094 446.8970642089844
43.63743591308594 446.8329162597656
43.633975982666016 446.8502502441406
43.646575927734375 446.78741455078125
43.65852737426758 446.72625732421875
43.65428924560547 446.7478332519531
43.66615676879883 446.6878356933594
43.66156005859375 446.7109375
43.673370361328125 446.6520080566406
43.684600830078125 446.5947265625
43.67929458618164 446.6215515136719
43.69054412841797 446.565185546875
43.701255798339844 446.51043701171875
43.711463928222656 446.4572448730469
43.70517349243164 446.4896240234375
43.715511322021484 446.4371032714844
43.72537612915039 446.3861083984375
43.71846389770508 446.42132568359375
43.728511810302734 446.3708801269531
43.73810958862305 446.3219299316406
43.747283935546875 446.2744445800781
43.75606155395508 446.2283935546875
43.74797821044922 446.27001953125
43.757049560546875 446.2241516113281
43.76573944091797 446.1797180175781
43.77406692504883 446.13665771484375
43.78205490112305 446.0949401855469
43.78972244262695 446.0545349121094
43.79709243774414 446.015380859375
43.804176330566406 445.97747802734375
43.79424285888672 446.029296875
43.8017692565918 445.99102783203125
43.80900573730469 445.9539794921875
43.81597137451172 445.9181213378906
43.82268142700195 445.8834533691406
43.82915115356445 445.84991455078125
43.835391998291016 445.8174743652344
43.84141540527344 445.7861022949219
43.847232818603516 445.75579833984375
43.85285186767578 445.72650146484375
43.85828399658203 445.69818115234375
43.86354064941406 445.67083740234375
43.868629455566406 445.6444091796875
43.873558044433594 445.618896484375
43.878334045410156 445.5942687988281
43.88296127319336 445.5704650878906
43.887451171875 445.5474853515625
43.891807556152344 445.52532958984375
43.896034240722656 445.5039367675781
43.90013885498047 445.4833068847656
43.90412521362305 445.4634094238281
43.907997131347656 445.4442138671875
43.91175842285156 445.4256896972656
43.9154167175293 445.4078369140625
43.91897201538086 445.390625
43.922428131103516 445.3740539550781
43.92578887939453 445.3580627441406
43.92905807495117 445.3426818847656
43.9322395324707 445.3278503417969
43.935333251953125 445.3135681152344
43.952720642089844 445.232177734375
43.954994201660156 445.22137451171875
43.95721435546875 445.21099853515625
43.973876953125 445.1319885253906
43.97535705566406 445.1249084472656
43.976802825927734 445.1180725097656
43.978214263916016 445.11151123046875
43.9945182800293 445.0349426269531
43.99524688720703 445.031494140625
44.01087188720703 444.95684814453125
44.01097869873047 444.9563293457031
44.01108169555664 444.9558410644531
44.026397705078125 444.88311767578125
44.025917053222656 444.8854064941406
44.04070281982422 444.814453125
44.03968048095703 444.8193664550781
44.05400848388672 444.7500915527344
44.05248260498047 444.7574768066406
44.05097961425781 444.76458740234375
44.06528854370117 444.6968078613281
44.063297271728516 444.7062683105469
44.07725524902344 444.6400451660156
44.09048843383789 444.5755310058594
44.08757781982422 444.5896911621094
44.10057830810547 444.52655029296875
44.09725570678711 444.5426330566406
44.11006546020508 444.4808044433594
44.10634994506836 444.4986877441406
44.11900329589844 444.4380798339844
44.131038665771484 444.3791198730469
44.12654113769531 444.4010009765625
44.138511657714844 444.3431396484375
44.14990997314453 444.286865234375
44.144691467285156 444.3124084472656
44.15610122680664 444.2570495605469
44.1669807434082 444.2032775878906
44.16107940673828 444.2321472167969
44.17203903198242 444.17913818359375
44.18250274658203 444.1276550292969
44.192501068115234 444.0776672363281
44.18562698364258 444.1115417480469
44.195796966552734 444.0621032714844
44.20552444458008 444.0141296386719
44.214839935302734 443.9675598144531
44.20705032348633 444.005859375
44.21661376953125 443.9595947265625
44.22577667236328 443.91473388671875
44.23456573486328 443.8712463378906
44.24300003051758 443.8291015625
44.251102447509766 443.78826904296875
