59.99760818481445 449.9978332519531
59.99526596069336 449.99609375
59.99276351928711 449.9945983886719
59.9901237487793 449.9933776855469
59.98737716674805 449.9924011230469
59.98454666137695 449.9917297363281
59.98166275024414 449.9913330078125
59.97875213623047 449.9912109375
59.97584533691406 449.99139404296875
59.97297286987305 449.9918518066406
59.97016143798828 449.99261474609375
59.967437744140625 449.99365234375
59.96482849121094 449.99493408203125
59.96236038208008 449.9964904785156
59.960060119628906 449.998291015625
59.957950592041016 450.00030517578125
59.956050872802734 450.00250244140625
59.95438003540039 450.0048828125
59.95295333862305 450.0074157714844
59.951786041259766 450.01007080078125
59.950889587402344 450.0128479003906
59.95027542114258 450.01568603515625
59.949947357177734 450.0185852050781
59.94990921020508 450.021484375
59.95016098022461 450.0243835449219
59.95069885253906 450.0272521972656
59.95151901245117 450.0300598144531
59.95263671875 450.0328063964844
59.954097747802734 450.03558349609375
59.95601272583008 450.0384826660156
59.9578742980957 450.040771484375
59.95993423461914 450.0428466796875
59.962223052978516 450.04473876953125
59.96470260620117 450.04638671875
59.96733856201172 450.04779052734375
59.97010040283203 450.0489196777344
59.972965240478516 450.0497741699219
59.975982666015625 450.05035400390625
59.979305267333984 450.0506591796875
59.98289489746094 450.0506286621094
59.98646926879883 450.05023193359375
59.989990234375 450.0494689941406
59.9934196472168 450.0483703613281
59.99671936035156 450.04693603515625
59.99984359741211 450.0451965332031
60.002742767333984 450.0431823730469
60.00541305541992 450.0408935546875
60.007835388183594 450.0383605957031
60.009979248046875 450.0356140136719
60.01155090332031 450.03314208984375
60.012855529785156 450.0305480957031
60.013893127441406 450.02783203125
60.01465606689453 450.0250244140625
60.01513671875 450.02215576171875
60.01532745361328 450.0192565917969
60.015228271484375 450.016357421875
60.01483917236328 450.0134582519531
60.01416778564453 450.0106201171875
60.013214111328125 450.00787353515625
60.011993408203125 450.0052185058594
60.01051712036133 450.0027160644531
60.00879669189453 450.0003662109375
60.00685119628906 449.9981994628906
60.00469970703125 449.9962463378906
60.00236511230469 449.9945068359375
59.9998664855957 449.9930114746094
59.997230529785156 449.99176025390625
59.99448776245117 449.99078369140625
59.991661071777344 449.9900817871094
59.98877716064453 449.98968505859375
59.98586654663086 449.98956298828125
59.98295974731445 449.98974609375
59.98008346557617 449.9902038574219
59.97726821899414 449.9909362792969
59.97454071044922 449.991943359375
59.971927642822266 449.99322509765625
59.96945571899414 449.9947509765625
59.96714782714844 449.99652099609375
59.965030670166016 449.9985046386719
59.96311950683594 450.0007019042969
59.9614372253418 450.0030822753906
59.959999084472656 450.005615234375
59.95882034301758 450.0082702636719
59.95791244506836 450.01104736328125
59.9572868347168 450.0138854980469
59.956947326660156 450.01678466796875
59.9568977355957 450.0196838378906
59.95713806152344 450.0225830078125
59.957664489746094 450.02545166015625
59.958473205566406 450.02825927734375
59.95956802368164 450.0309753417969
59.96097183227539 450.0336608886719
59.96287155151367 450.03656005859375
59.9647216796875 450.0388488769531
59.966773986816406 450.0409240722656
59.96905517578125 450.0428161621094
59.97153091430664 450.0444641113281
59.974159240722656 450.0458679199219
59.9769172668457 450.0469970703125
59.97978210449219 450.0478515625
59.98279571533203 450.0484313964844
59.986114501953125 450.0487365722656
59.98970413208008 450.0487060546875
59.993282318115234 450.04833984375
59.996803283691406 450.047607421875
60.000240325927734 450.0465087890625
60.003543853759766 450.04510498046875
60.006675720214844 450.0433654785156
60.00958251953125 450.0413513183594
60.01226043701172 450.0390930175781
60.01469421386719 450.03656005859375
60.016849517822266 450.0338134765625
60.0184326171875 450.0313415527344
60.01974868774414 450.02874755859375
60.02079772949219 450.0260314941406
60.02157211303711 450.0232238769531
60.022064208984375 450.0203552246094
60.02226638793945 450.0174560546875
60.022178649902344 450.0145568847656
60.02180099487305 450.01165771484375
60.02113723754883 450.0088195800781
60.02019500732422 450.0060729980469
60.018985748291016 450.00341796875
60.01751708984375 450.00091552734375
60.015804290771484 449.9985656738281
60.01386642456055 449.99639892578125
60.011722564697266 449.9944152832031
60.00939178466797 449.99267578125
60.006900787353516 449.9911804199219
60.0042724609375 449.98992919921875
60.001529693603516 449.98895263671875
59.99870300292969 449.9882507324219
59.99582290649414 449.9878234863281
59.99291229248047 449.9877014160156
59.99000549316406 449.98785400390625
59.98712921142578 449.9883117675781
59.984310150146484 449.9890441894531
59.9815788269043 449.99005126953125
59.97896194458008 449.9913330078125
59.97648239135742 449.99285888671875
59.97416687011719 449.99462890625
59.972042083740234 449.9966125488281
59.970123291015625 449.9988098144531
59.96843338012695 450.0011901855469
59.96698760986328 450.00372314453125
59.96580123901367 450.0063781738281
59.96488571166992 450.0091552734375
59.96424865722656 450.0119934082031
59.963897705078125 450.014892578125
59.963836669921875 450.0177917480469
59.96406555175781 450.02069091796875
59.96458053588867 450.0235595703125
59.96537780761719 450.0263671875
59.966461181640625 450.02911376953125
59.96785354614258 450.03179931640625
59.96963882446289 450.0345458984375
59.97148132324219 450.0368347167969
59.97352600097656 450.0389099121094
59.975791931152344 450.0408020019531
59.9782600402832 450.04248046875
59.98088455200195 450.04388427734375
59.983638763427734 450.0450439453125
59.98649978637695 450.0459289550781
59.98950958251953 450.0465393066406
59.992828369140625 450.046875
59.99641036987305 450.046875
59.9999885559082 450.0465087890625
60.00351333618164 450.0457763671875
60.006954193115234 450.0447082519531
60.01026916503906 450.0433044433594
60.01340866088867 450.0415954589844
60.016334533691406 450.0395812988281
60.01902389526367 450.0373229980469
60.02146530151367 450.0348205566406
60.02363204956055 450.0321044921875
60.02522277832031 450.0296325683594
60.026546478271484 450.02703857421875
60.02760696411133 450.0243225097656
60.02839279174805 450.0215148925781
60.028892517089844 450.0186462402344
60.02910614013672 450.0157470703125
60.029029846191406 450.0128479003906
60.028663635253906 450.00994873046875
60.028011322021484 450.0071105957031
60.02708053588867 450.0043640136719
60.02587890625 450.001708984375
60.02442169189453 449.9991760253906
60.02272033691406 449.996826171875
60.020790100097656 449.9946594238281
60.018653869628906 449.99267578125
60.01633071899414 449.99090576171875
60.01384353637695 449.9893798828125
60.0112190246582 449.9881286621094
60.008480072021484 449.98712158203125
60.00565719604492 449.9864196777344
60.002777099609375 449.9859924316406
59.99987030029297 449.98583984375
59.99696350097656 449.9859924316406
59.994083404541016 449.9864196777344
59.99126052856445 449.9871520996094
59.988525390625 449.9881591796875
59.98590087890625 449.9894104003906
59.98341751098633 449.9909362792969
59.98109817504883 449.9927062988281
59.978965759277344 449.99468994140625
59.9770393371582 449.99688720703125
59.975341796875 449.9992370605469
59.97388458251953 450.00177001953125
59.972686767578125 450.0044250488281
59.97175979614258 450.0071716308594
59.97111129760742 450.010009765625
59.97074890136719 450.0129089355469
59.97067642211914 450.01580810546875
59.97089385986328 450.0187072753906
59.971397399902344 450.0215759277344
59.97218704223633 450.0243835449219
59.973262786865234 450.0271301269531
59.974647521972656 450.0298156738281
59.97642135620117 450.0325622558594
59.97827911376953 450.0348815917969
59.980316162109375 450.0369873046875
59.982574462890625 450.03887939453125
59.98503494262695 450.0405578613281
59.98765563964844 450.0419921875
59.99040603637695 450.04315185546875
59.993263244628906 450.0440368652344
59.996273040771484 450.0446472167969
59.99959182739258 450.04498291015625
60.003173828125 450.04498291015625
60.00675582885742 450.04461669921875
60.010284423828125 450.0439147949219
60.013729095458984 450.0428466796875
60.01704788208008 450.04144287109375
60.02020263671875 450.03973388671875
60.023136138916016 450.0377502441406
60.02583694458008 450.0354919433594
60.028289794921875 450.0329895019531
60.03046417236328 450.0302734375
60.032100677490234 450.0277404785156
60.0334358215332 450.025146484375
60.03450393676758 450.0224304199219
60.03529739379883 450.0196228027344
60.03580856323242 450.0167541503906
60.036033630371094 450.01385498046875
60.03596878051758 450.0109558105469
60.035614013671875 450.008056640625
60.03497314453125 450.0052185058594
60.034053802490234 450.00244140625
60.03286361694336 449.9997863769531
60.03141403198242 449.99725341796875
60.029720306396484 449.994873046875
60.02779769897461 449.99267578125
60.02566909790039 449.9906921386719
60.023353576660156 449.9889221191406
60.0208740234375 449.9873962402344
60.018253326416016 449.9861145019531
60.01551818847656 449.985107421875
60.012699127197266 449.984375
60.009822845458984 449.9839172363281
60.00691604614258 449.9837646484375
60.004005432128906 449.98388671875
60.00112533569336 449.98431396484375
59.9983024597168 449.9850158691406
59.99556350708008 449.9859924316406
59.99293518066406 449.98724365234375
59.99044418334961 449.9887390136719
59.98811721801758 449.990478515625
59.98597717285156 449.9924621582031
59.98404312133789 449.99462890625
59.98233413696289 449.9969787597656
59.98086929321289 449.9994812011719
59.97966003417969 450.00213623046875
59.978721618652344 450.0048828125
59.97806167602539 450.0077209472656
59.97768783569336 450.0106201171875
59.977603912353516 450.0135192871094
59.97780990600586 450.01641845703125
59.97830581665039 450.019287109375
59.97908401489258 450.0220947265625
59.98014831542969 450.02484130859375
59.98152160644531 450.0275573730469
59.98328399658203 450.0303039550781
59.98513412475586 450.03265380859375
59.98716354370117 450.0347595214844
59.98941421508789 450.0366516113281
59.99186706542969 450.038330078125
59.99448013305664 450.0397644042969
59.99722671508789 450.0409240722656
60.00007629394531 450.04180908203125
60.003082275390625 450.04241943359375
60.00639724731445 450.0427551269531
60.009979248046875 450.04278564453125
60.0135612487793 450.0424499511719
60.017093658447266 450.041748046875
60.02054214477539 450.04071044921875
60.02386474609375 450.0393371582031
60.02702331542969 450.0376281738281
60.02996063232422 450.03564453125
60.03266906738281 450.03338623046875
60.03512954711914 450.0308837890625
60.037315368652344 450.0281677246094
60.03895950317383 450.0256652832031
60.04030227661133 450.0230712890625
60.0413818359375 450.0203552246094
60.04218673706055 450.0175476074219
60.04270935058594 450.0146789550781
60.042945861816406 450.01177978515625
60.04289245605469 450.0088806152344
60.04254913330078 450.0059814453125
60.04191970825195 450.0031433105469
60.04100799560547 450.0003662109375
60.039825439453125 449.9977111816406
60.038387298583984 449.99517822265625
60.03670120239258 449.9927978515625
60.0347900390625 449.9906005859375
60.03266906738281 449.9886169433594
60.03036117553711 449.9868469238281
60.02788543701172 449.9853210449219
60.0252685546875 449.9840393066406
60.02253723144531 449.9830322265625
60.01972198486328 449.9822998046875
60.016845703125 449.9818420410156
60.013938903808594 449.981689453125
60.01102828979492 449.9818115234375
60.00814437866211 449.98223876953125
60.00531768798828 449.9829406738281
60.0025749206543 449.9839172363281
59.999942779541016 449.98516845703125
59.9974479675293 449.9866638183594
59.995113372802734 449.9884033203125
59.99296569824219 449.9903564453125
59.991024017333984 449.9925231933594
59.98930740356445 449.994873046875
59.987831115722656 449.99737548828125
59.98661422729492 450.0000305175781
59.98566436767578 450.0027770996094
59.9849967956543 450.005615234375
59.98461151123047 450.0085144042969
59.98451614379883 450.01141357421875
59.984710693359375 450.0143127441406
59.98519515991211 450.0171813964844
59.9859619140625 450.0199890136719
59.98701477050781 450.0227355957031
59.98837661743164 450.02545166015625
59.99012756347656 450.0281982421875
59.991966247558594 450.0305480957031
59.993988037109375 450.03265380859375
59.99623107910156 450.0345764160156
59.99867630004883 450.0362854003906
60.00128173828125 450.0377197265625
60.00402069091797 450.0389099121094
60.006866455078125 450.0398254394531
60.00987243652344 450.04046630859375
60.013187408447266 450.04083251953125
60.01676559448242 450.0408630371094
60.020347595214844 450.04052734375
60.02388000488281 450.03985595703125
60.0273323059082 450.038818359375
60.030662536621094 450.0374450683594
60.03382873535156 450.0357666015625
60.036773681640625 450.0337829589844
60.03948974609375 450.03155517578125
60.041961669921875 450.0290832519531
60.044158935546875 450.0263977050781
60.045814514160156 450.0238952636719
60.04716873168945 450.0213317871094
60.04825973510742 450.0186462402344
60.049076080322266 450.0158386230469
60.04961013793945 450.0129699707031
60.04985809326172 450.01007080078125
60.0498161315918 450.0071716308594
60.04948425292969 450.0042724609375
60.048866271972656 450.0014343261719
60.04796600341797 449.9986572265625
60.04679489135742 449.9960021972656
60.04536437988281 449.99346923828125
60.0436897277832 449.9910888671875
60.041786193847656 449.9888916015625
60.0396728515625 449.98687744140625
60.03736877441406 449.985107421875
60.0349006652832 449.9835510253906
60.032291412353516 449.9822692871094
60.029563903808594 449.9812316894531
60.02674865722656 449.98046875
60.02387237548828 449.9800109863281
60.020965576171875 449.9798278808594
60.0180549621582 449.9799499511719
60.01517105102539 449.9803466796875
60.0123405456543 449.9810485839844
60.00959396362305 449.9820251464844
60.0069580078125 449.9832458496094
60.00445556640625 449.9847412109375
60.002113342285156 449.9864807128906
59.99995803833008 449.9884338378906
59.998008728027344 449.9906005859375
59.99628448486328 449.9929504394531
59.99480056762695 449.9954528808594
59.99357223510742 449.99810791015625
59.99261474609375 450.0008544921875
59.99193572998047 450.0036926269531
59.991539001464844 450.006591796875
59.991432189941406 450.0094909667969
59.991615295410156 450.01239013671875
59.992088317871094 450.0152587890625
59.99284362792969 450.01806640625
59.9938850402832 450.02081298828125
59.995235443115234 450.0235290527344
59.99697494506836 450.02630615234375
59.99880599975586 450.0286560058594
60.00082015991211 450.03076171875
60.003055572509766 450.0326843261719
60.005496978759766 450.0343933105469
60.00809860229492 450.0358581542969
60.010833740234375 450.03704833984375
60.01367950439453 450.0379638671875
60.016658782958984 450.0386047363281
60.019962310791016 450.0389709472656
60.02354049682617 450.03900146484375
60.027122497558594 450.0386962890625
60.03065872192383 450.03802490234375
60.034114837646484 450.0370178222656
60.03744888305664 450.0356750488281
60.04062271118164 450.03399658203125
60.043575286865234 450.03204345703125
60.04629898071289 450.0298156738281
60.04878234863281 450.02734375
60.050987243652344 450.024658203125
60.052650451660156 450.02215576171875
60.054012298583984 450.01959228515625
60.055110931396484 450.01690673828125
60.055938720703125 450.0141296386719
60.05648422241211 450.0112609863281
60.056739807128906 450.00836181640625
60.056705474853516 450.0054626464844
60.0563850402832 450.0025634765625
60.0557746887207 449.9997253417969
60.05488586425781 449.9969482421875
60.05372619628906 449.9942626953125
60.05230712890625 449.9917297363281
60.05064010620117 449.9893493652344
60.048744201660156 449.9871520996094
60.04663848876953 449.9851379394531
60.044342041015625 449.98333740234375
60.04187774658203 449.9817810058594
60.03927230834961 449.98046875
60.03655242919922 449.97943115234375
60.03374099731445 449.9786682128906
60.03086853027344 449.9781799316406
60.02796173095703 449.9779968261719
60.02505111694336 449.97808837890625
60.02216720581055 449.9784851074219
60.01933670043945 449.9791564941406
60.01658630371094 449.9801025390625
60.01394271850586 449.9813232421875
60.011436462402344 449.9828186035156
60.009090423583984 449.9845275878906
60.006927490234375 449.9864807128906
60.004966735839844 449.9886474609375
60.003231048583984 449.9909973144531
60.00173568725586 449.9934997558594
60.0004997253418 449.9961242675781
59.99953079223633 449.9988708496094
59.99884033203125 450.001708984375
59.998435974121094 450.00457763671875
59.99831771850586 450.0074768066406
59.99848937988281 450.0103759765625
59.99895095825195 450.01324462890625
59.999698638916016 450.01605224609375
60.000732421875 450.018798828125
60.0020751953125 450.0215148925781
60.00380325317383 450.0242919921875
60.00562286376953 450.0266418457031
60.00762939453125 450.0287780761719
60.009857177734375 450.03070068359375
60.01228713989258 450.03240966796875
60.01488494873047 450.03387451171875
60.017616271972656 450.0350646972656
60.02045822143555 450.0359802246094
60.023433685302734 450.03662109375
60.026737213134766 450.0370178222656
60.03031539916992 450.0370788574219
60.03390121459961 450.0367736816406
60.03744125366211 450.0361328125
60.04090118408203 450.0351257324219
60.04424285888672 450.0337829589844
60.04742431640625 450.0321044921875
60.050384521484375 450.0301513671875
60.05311965942383 450.0279235839844
60.05561065673828 450.02545166015625
60.05782699584961 450.02276611328125
60.05949783325195 450.020263671875
60.06087112426758 450.0177001953125
60.061981201171875 450.0150146484375
60.06281661987305 450.0122375488281
60.06337356567383 450.0093688964844
60.06364059448242 450.0064697265625
60.06361770629883 450.0035705566406
60.06330490112305 450.00067138671875
60.062705993652344 449.9978332519531
60.06182861328125 449.99505615234375
60.06067657470703 449.99237060546875
60.05926513671875 449.9898376464844
60.05760955810547 449.9874572753906
60.055721282958984 449.9852294921875
60.05362319946289 449.98321533203125
60.051334381103516 449.9814147949219
60.04887771606445 449.9798583984375
60.0462760925293 449.9785461425781
60.04356002807617 449.9775085449219
60.04075241088867 449.97674560546875
60.037879943847656 449.97625732421875
60.03497314453125 449.97607421875
60.03206253051758 449.9761657714844
60.0291748046875 449.9765319824219
60.02634048461914 449.9772033691406
60.02358627319336 449.9781494140625
60.020938873291016 449.9793701171875
60.01842498779297 449.9808349609375
60.01607131958008 449.9825439453125
60.01390075683594 449.9844970703125
60.011932373046875 449.98663330078125
60.010189056396484 449.98895263671875
60.00868606567383 449.991455078125
60.00743865966797 449.99407958984375
60.0064582824707 449.996826171875
60.00575637817383 449.9996643066406
60.005340576171875 450.0025329589844
60.005210876464844 450.00543212890625
60.005374908447266 450.0083312988281
60.00582504272461 450.0111999511719
60.006561279296875 450.0140075683594
60.00758361816406 450.0167541503906
60.008914947509766 450.01947021484375
60.01063537597656 450.0222473144531
60.012447357177734 450.0246276855469
60.014442443847656 450.0267639160156
60.01666259765625 450.0287170410156
60.01908493041992 450.0304260253906
60.02167510986328 450.0318908691406
60.0244026184082 450.0331115722656
60.02724075317383 450.0340576171875
60.03018569946289 450.0346984863281
60.033485412597656 450.03509521484375
60.03706359863281 450.03515625
60.0406494140625 450.0348815917969
60.044189453125 450.03424072265625
60.04765319824219 450.03326416015625
60.05099868774414 450.03192138671875
60.05418395996094 450.0302734375
60.057151794433594 450.0283508300781
60.05989456176758 450.0261535644531
60.06239318847656 450.023681640625
60.06462097167969 450.02099609375
60.06630325317383 450.01849365234375
60.067684173583984 450.01593017578125
60.06880569458008 450.01324462890625
60.06965255737305 450.0104675292969
60.07021713256836 450.0075988769531
60.07049560546875 450.00469970703125
60.07048416137695 450.0018005371094
60.07018280029297 449.9989013671875
60.06959533691406 449.9960632324219
60.0687255859375 449.9932861328125
60.06758499145508 449.9906005859375
60.066184997558594 449.988037109375
60.064537048339844 449.9856262207031
60.06265640258789 449.9833984375
60.06056594848633 449.98138427734375
60.058284759521484 449.9795837402344
60.05583190917969 449.9779968261719
60.05323791503906 449.9766845703125
60.0505256652832 449.9756164550781
60.04772186279297 449.9748229980469
60.04485321044922 449.9743347167969
60.04195022583008 449.97412109375
60.039039611816406 449.9742126464844
60.03615188598633 449.9745788574219
60.0333137512207 449.9752197265625
60.030555725097656 449.9761657714844
60.02790451049805 449.97735595703125
60.025386810302734 449.97882080078125
60.02302551269531 449.98052978515625
60.02084732055664 449.9824523925781
60.01887130737305 449.9845886230469
60.017120361328125 449.9869079589844
60.01560974121094 449.9894104003906
60.01435089111328 449.9920349121094
60.013362884521484 449.9947814941406
60.01264953613281 449.99761962890625
60.01222229003906 450.00048828125
60.0120849609375 450.0033874511719
60.012237548828125 450.00628662109375
60.01267623901367 450.0091552734375
60.01340103149414 450.011962890625
60.014408111572266 450.01470947265625
60.01570510864258 450.01739501953125
60.01741409301758 450.0201721191406
60.019264221191406 450.0226135253906
60.0212516784668 450.0247497558594
60.02346420288086 450.0267028808594
60.02587890625 450.0284423828125
60.028465270996094 450.0299377441406
60.03118896484375 450.0311584472656
60.03402328491211 450.0321044921875
60.036964416503906 450.03277587890625
60.04026412963867 450.0331726074219
60.04384231567383 450.03326416015625
60.047428131103516 450.0329895019531
60.05097198486328 450.0323486328125
60.054439544677734 450.0313720703125
60.05778884887695 450.0300598144531
60.06098175048828 450.0284118652344
60.063961029052734 450.0264892578125
60.06671142578125 450.0242919921875
60.06922149658203 450.0218505859375
60.071468353271484 450.0191650390625
60.073158264160156 450.0166931152344
60.07455062866211 450.0141296386719
60.075679779052734 450.0114440917969
60.0765380859375 450.0086669921875
60.07711410522461 450.00579833984375
60.0774040222168 450.0028991699219
60.0774040222168 450.0
60.07711410522461 449.9971008300781
60.0765380859375 449.9942321777344
60.075679779052734 449.991455078125
60.07455062866211 449.98876953125
60.073158264160156 449.9862060546875
60.07151794433594 449.9837951660156
60.06964874267578 449.9815673828125
60.06756591796875 449.9795227050781
60.06528854370117 449.9776916503906
60.062843322753906 449.9761047363281
60.06025314331055 449.9747619628906
60.05754470825195 449.97369384765625
60.05474090576172 449.972900390625
60.05187225341797 449.9723815917969
60.04896926879883 449.97216796875
60.046058654785156 449.97222900390625
60.04316711425781 449.97259521484375
60.04032897949219 449.9732360839844
60.037567138671875 449.9741516113281
60.034912109375 449.975341796875
60.032386779785156 449.976806640625
60.03002166748047 449.978515625
60.027835845947266 449.9804382324219
60.02585220336914 449.9825744628906
60.02408981323242 449.9848937988281
60.02256774902344 449.98736572265625
60.02130126953125 449.989990234375
60.020301818847656 449.99273681640625
60.01957702636719 449.99554443359375
60.01913833618164 449.9984130859375
60.01898956298828 450.0013122558594
60.01913070678711 450.00421142578125
60.01955795288086 450.007080078125
60.02027130126953 450.0099182128906
60.02126693725586 450.0126647949219
60.022552490234375 450.0153503417969
60.02425003051758 450.01812744140625
60.026092529296875 450.02056884765625
60.028076171875 450.022705078125
60.0302848815918 450.024658203125
60.03269577026367 450.0263977050781
60.035274505615234 450.02789306640625
60.03799057006836 450.02911376953125
60.04082107543945 450.0300598144531
60.04376220703125 450.0307312011719
60.04705810546875 450.0311584472656
60.05063247680664 450.03125
60.054222106933594 450.031005859375
60.05776596069336 450.0303955078125
60.06123733520508 450.0294189453125
60.06459426879883 450.0281066894531
60.06779479980469 450.0264892578125
60.07078170776367 450.0245666503906
60.07353973388672 450.0223693847656
60.07605743408203 450.0199279785156
60.07831573486328 450.0172424316406
60.08001708984375 450.0147705078125
60.081417083740234 450.01220703125
60.082557678222656 450.009521484375
60.08342742919922 450.0067443847656
60.084014892578125 450.00390625
60.08431625366211 450.0010070800781
60.084327697753906 449.99810791015625
60.084049224853516 449.9952087402344
60.0834846496582 449.9923400878906
60.082637786865234 449.98956298828125
60.08151626586914 449.98687744140625
60.080135345458984 449.98431396484375
60.07850646972656 449.9819030761719
60.07664489746094 449.97967529296875
60.07456970214844 449.9776306152344
60.07229995727539 449.9757995605469
60.069862365722656 449.9742126464844
60.06727600097656 449.9728698730469
60.064571380615234 449.9718017578125
60.061771392822266 449.97100830078125
60.05890655517578 449.9704895019531
60.05600357055664 449.9702453613281
60.05309295654297 449.9703063964844
60.050201416015625 449.97064208984375
60.047359466552734 449.9712829589844
60.044593811035156 449.9721984863281
60.041934967041016 449.973388671875
60.039405822753906 449.9748229980469
60.03703308105469 449.97650146484375
60.03483963012695 449.9784240722656
60.0328483581543 449.9805603027344
60.03107833862305 449.9828796386719
60.02954864501953 449.9853515625
60.02827072143555 449.98797607421875
60.027259826660156 449.9906921386719
60.026527404785156 449.9934997558594
60.02607727050781 449.9963684082031
60.025917053222656 449.999267578125
60.02604675292969 450.0021667480469
60.026466369628906 450.0050354003906
60.02716827392578 450.00787353515625
60.02815246582031 450.0106201171875
60.02942657470703 450.0133056640625
60.03104019165039 450.0159912109375
60.03287124633789 450.0184326171875
60.03484344482422 450.0205993652344
60.037044525146484 450.0225524902344
60.03944778442383 450.0242919921875
60.042022705078125 450.0257873535156
60.044734954833984 450.02703857421875
60.04756164550781 450.02801513671875
60.050498962402344 450.0287170410156
60.053794860839844 450.0291442871094
60.057369232177734 450.0292663574219
60.06095886230469 450.0290222167969
60.06450653076172 450.0284118652344
60.0679817199707 450.0274658203125
60.07134246826172 450.02618408203125
60.074546813964844 450.0245666503906
60.077552795410156 450.02264404296875
60.080318450927734 450.0204772949219
60.082847595214844 450.0180358886719
60.085113525390625 450.015380859375
60.0869026184082 450.0127868652344
60.088314056396484 450.01025390625
60.0894660949707 450.007568359375
60.09034729003906 450.0047912597656
60.090946197509766 450.001953125
60.09125900268555 449.9990539550781
60.09128189086914 449.99615478515625
60.09101486206055 449.9932556152344
60.09046173095703 449.9903869628906
60.08962631225586 449.98760986328125
60.08851623535156 449.98492431640625
60.08714294433594 449.98236083984375
60.08552169799805 449.9799499511719
60.08366775512695 449.9776916503906
60.081600189208984 449.97564697265625
60.07933807373047 449.97381591796875
60.076904296875 449.97222900390625
60.07432556152344 449.97088623046875
60.071624755859375 449.96978759765625
60.06882858276367 449.9689636230469
60.06596374511719 449.96844482421875
60.06306076049805 449.96820068359375
60.060150146484375 449.96826171875
60.05725860595703 449.9685974121094
60.054412841796875 449.9692077636719
60.05164337158203 449.9701232910156
60.04897689819336 449.9712829589844
60.046443939208984 449.97271728515625
60.044063568115234 449.9743957519531
60.04186248779297 449.976318359375
60.03986358642578 449.9784240722656
60.0380859375 449.9807434082031
60.03654479980469 449.98321533203125
60.03525924682617 449.98583984375
60.034236907958984 449.9885559082031
60.03349304199219 449.9913635253906
60.03303146362305 449.9942321777344
60.032859802246094 449.99713134765625
60.03297805786133 450.0000305175781
60.03338623046875 450.0028991699219
60.034080505371094 450.0057373046875
60.03505325317383 450.00848388671875
60.036319732666016 450.01116943359375
60.03792190551758 450.01385498046875
60.03971862792969 450.0162658691406
60.041683197021484 450.0184326171875
60.04387664794922 450.0204162597656
60.04627227783203 450.0221862792969
60.0488395690918 450.0237121582031
60.05154800415039 450.02496337890625
60.05437088012695 450.02593994140625
60.05730438232422 450.0266418457031
60.06059646606445 450.027099609375
60.06414031982422 450.0272216796875
60.06772994995117 450.0269775390625
60.07128143310547 450.0263977050781
60.07476043701172 450.02545166015625
60.078125 450.024169921875
60.081336975097656 450.0225524902344
60.0843505859375 450.0206604003906
60.08712387084961 450.01849365234375
60.08966064453125 450.0160827636719
60.09193801879883 450.013427734375
60.09373474121094 450.0108642578125
60.095157623291016 450.0083312988281
60.096317291259766 450.00567626953125
60.097206115722656 450.0028991699219
60.097816467285156 450.00006103515625
60.098140716552734 449.9971618652344
60.098175048828125 449.9942626953125
60.09791946411133 449.9913635253906
60.097373962402344 449.9884948730469
60.09654998779297 449.9856872558594
60.09545135498047 449.9830017089844
60.09408950805664 449.9804382324219
60.09247589111328 449.97802734375
60.09062957763672 449.97576904296875
60.08856964111328 449.9737243652344
60.0863151550293 449.9718933105469
60.08388900756836 449.97027587890625
60.08131408691406 449.9689025878906
60.078617095947266 449.9678039550781
60.07582473754883 449.96697998046875
60.07296371459961 449.9664306640625
60.070064544677734 449.9661865234375
60.06715393066406 449.9662170410156
60.06425857543945 449.966552734375
60.0614128112793 449.9671630859375
60.05863952636719 449.9680480957031
60.05596923828125 449.9692077636719
60.053428649902344 449.97064208984375
60.05104446411133 449.9723205566406
60.04883575439453 449.9742126464844
60.04682922363281 449.976318359375
60.045040130615234 449.9786071777344
60.04349136352539 449.9810791015625
60.04219436645508 449.9836730957031
60.04116439819336 449.98638916015625
60.040409088134766 449.98919677734375
60.03993606567383 449.9920654296875
60.03975296020508 449.9949645996094
60.039859771728516 449.99786376953125
60.04025650024414 450.0007629394531
60.04093933105469 450.00360107421875
60.04190444946289 450.00634765625
60.04315948486328 450.009033203125
60.04475021362305 450.01171875
60.04677963256836 450.01446533203125
60.048736572265625 450.0166320800781
60.05091094970703 450.01861572265625
60.05329895019531 450.0203857421875
60.05586242675781 450.02191162109375
60.05856704711914 450.0231628417969
60.06138610839844 450.0241394042969
60.06431579589844 450.02484130859375
60.067481994628906 450.0252685546875
60.071022033691406 450.0254211425781
60.07461166381836 450.02520751953125
60.078163146972656 450.0246276855469
60.08164596557617 450.0237121582031
60.08501434326172 450.0224304199219
60.08823013305664 450.0208435058594
60.091251373291016 450.0189514160156
60.09403610229492 450.01678466796875
60.09658432006836 450.0143737792969
60.098873138427734 450.01171875
60.10068130493164 450.0091552734375
60.10211181640625 450.0066223144531
60.1032829284668 450.00396728515625
60.104183197021484 450.0011901855469
60.10480499267578 449.99835205078125
60.105140686035156 449.9954528808594
60.105186462402344 449.9925537109375
60.104942321777344 449.9896545410156
60.104408264160156 449.9867858886719
60.10359191894531 449.9839782714844
60.102500915527344 449.9812927246094
60.10114669799805 449.9787292480469
60.099544525146484 449.9762878417969
60.09770965576172 449.9740295410156
60.09565734863281 449.9719543457031
60.09341049194336 449.9700927734375
60.09098815917969 449.9684753417969
60.088417053222656 449.96710205078125
60.085723876953125 449.96600341796875
60.08293533325195 449.9651794433594
60.080074310302734 449.9646301269531
60.07717514038086 449.96435546875
60.07426452636719 449.9643859863281
60.07136917114258 449.9646911621094
60.068519592285156 449.9653015136719
60.06574630737305 449.9661865234375
60.063072204589844 449.96734619140625
60.06052780151367 449.96875
60.058135986328125 449.97039794921875
60.0559196472168 449.9722900390625
60.05390548706055 449.9743957519531
60.05210876464844 449.9766845703125
60.0505485534668 449.9791564941406
60.04924011230469 449.98175048828125
60.04819869995117 449.9844665527344
60.04743194580078 449.9872741699219
60.04695129394531 449.9901428222656
60.046756744384766 449.9930419921875
60.046852111816406 449.9959411621094
60.047237396240234 449.99884033203125
60.047908782958984 450.0016784667969
60.04886245727539 450.00445556640625
60.050106048583984 450.00714111328125
60.05168914794922 450.00982666015625
60.053707122802734 450.0126037597656
60.05565643310547 450.0147705078125
60.05781555175781 450.0167541503906
60.06019973754883 450.0185241699219
60.0627555847168 450.0200500488281
60.065452575683594 450.0213317871094
60.068267822265625 450.0223388671875
60.07118606567383 450.0230712890625
60.07434844970703 450.0235290527344
60.07788848876953 450.023681640625
60.08148193359375 450.0234680175781
60.08503723144531 450.0229187011719
60.08852005004883 450.0220031738281
60.091896057128906 450.020751953125
60.09511947631836 450.0191650390625
60.09814453125 450.01727294921875
60.10093688964844 450.01513671875
60.103492736816406 450.0127258300781
60.10578918457031 450.0101013183594
60.10770797729492 450.00738525390625
60.10914993286133 450.0048522949219
60.11033248901367 450.002197265625
60.111244201660156 449.9994201660156
60.111873626708984 449.99658203125
60.11221694946289 449.9936828613281
60.112274169921875 449.99078369140625
60.11204147338867 449.9878845214844
60.11151885986328 449.9850158691406
60.110713958740234 449.9822082519531
60.10963439941406 449.9794921875
60.10829162597656 449.9768981933594
60.10669708251953 449.9744567871094
60.1048698425293 449.9721984863281
60.10282516479492 449.9701232910156
60.1005859375 449.96826171875
60.09817123413086 449.9666442871094
60.09560775756836 449.96527099609375
60.092918395996094 449.9641418457031
60.09012985229492 449.9632873535156
60.08727264404297 449.9627380371094
60.084373474121094 449.96246337890625
60.08146286010742 449.96246337890625
60.07856750488281 449.9627685546875
60.07571792602539 449.9633483886719
60.072940826416016 449.9642333984375
60.07026290893555 449.9653625488281
60.067710876464844 449.9667663574219
60.065311431884766 449.9684143066406
60.06309127807617 449.9703063964844
60.06106948852539 449.972412109375
60.05926513671875 449.9747009277344
60.05769729614258 449.9771423339844
60.05638122558594 449.979736328125
60.055328369140625 449.9824523925781
60.05455017089844 449.9852600097656
60.05405807495117 449.9881286621094
60.05385208129883 449.99102783203125
60.05393600463867 449.9939270019531
60.0543098449707 449.996826171875
60.054969787597656 449.9996643066406
60.055912017822266 450.00244140625
60.05714416503906 450.0051574707031
60.0587158203125 450.0078430175781
60.06072235107422 450.0106201171875
60.06266403198242 450.0128173828125
60.064815521240234 450.0148010253906
60.06719207763672 450.0166015625
60.06974411010742 450.0181579589844
60.07243728637695 450.0194396972656
60.07524871826172 450.02044677734375
60.078163146972656 450.02117919921875
60.08132553100586 450.0216369628906
60.08486557006836 450.02178955078125
60.08845901489258 450.0216064453125
60.09201431274414 450.02105712890625
60.09550094604492 450.0201721191406
60.098880767822266 450.0189208984375
60.10211181640625 450.0173645019531
60.10514450073242 450.0155029296875
60.10794448852539 450.01336669921875
60.110511779785156 450.010986328125
60.11281967163086 450.00836181640625
60.11474609375 450.00567626953125
60.11619567871094 450.0031433105469
60.11738586425781 450.00048828125
60.118309020996094 449.9977111816406
60.11894989013672 449.994873046875
60.11930465698242 449.9919738769531
60.1193733215332 449.98907470703125
60.1191520690918 449.9861755371094
60.1186408996582 449.9833068847656
60.11784744262695 449.9804992675781
60.11677932739258 449.977783203125
60.115447998046875 449.9751892089844
60.11386489868164 449.9727478027344
60.11204528808594 449.970458984375
60.110008239746094 449.9683837890625
60.10777282714844 449.9665222167969
60.10536575317383 449.9648742675781
60.102806091308594 449.9634704589844
60.100120544433594 449.96234130859375
60.09733581542969 449.96148681640625
60.094482421875 449.9609069824219
60.091583251953125 449.96063232421875
60.08867263793945 449.96063232421875
60.085777282714844 449.9609375
60.082923889160156 449.9615173339844
60.080142974853516 449.9623718261719
60.07746124267578 449.9635009765625
60.07490539550781 449.96490478515625
60.07250213623047 449.966552734375
60.070274353027344 449.9684143066406
60.068241119384766 449.9704895019531
60.066429138183594 449.9727783203125
60.064849853515625 449.9752197265625
60.06352233886719 449.9778137207031
60.062461853027344 449.98052978515625
60.061676025390625 449.98333740234375
60.06117248535156 449.9862060546875
60.06095504760742 449.9891052246094
60.06102752685547 449.99200439453125
60.0613899230957 449.9949035644531
60.06203842163086 449.99774169921875
60.06296920776367 450.0005187988281
60.06419372558594 450.00323486328125
60.06575393676758 450.0059509277344
60.0677490234375 450.00872802734375
60.06968307495117 450.01092529296875
60.07182693481445 450.0129089355469
60.074195861816406 450.01470947265625
60.07674026489258 450.0162658691406
60.079429626464844 450.0175476074219
60.082237243652344 450.0185546875
60.085147857666016 450.019287109375
60.088253021240234 450.0197448730469
60.091793060302734 450.0199279785156
60.09538650512695 450.0197448730469
60.09894561767578 450.01922607421875
60.10243606567383 450.0183410644531
60.10581970214844 450.0171203613281
60.10905838012695 450.01556396484375
60.112098693847656 450.0137023925781
60.11491394042969 450.0115661621094
60.117488861083984 450.0091857910156
60.119808197021484 450.0065612792969
60.12174606323242 450.0038757324219
60.123207092285156 450.0013427734375
60.12440872192383 449.9986877441406
60.12533950805664 449.9959411621094
60.12599182128906 449.99310302734375
60.12635803222656 449.9902038574219
60.126434326171875 449.9873046875
60.126220703125 449.9844055175781
60.1257209777832 449.9815368652344
60.12493896484375 449.9787292480469
60.12388229370117 449.97601318359375
60.12255859375 449.9734191894531
60.1209831237793 449.9709777832031
60.119171142578125 449.96868896484375
60.11714172363281 449.96661376953125
60.11491394042969 449.9647216796875
60.112510681152344 449.96307373046875
60.109954833984375 449.961669921875
60.10727310180664 449.9605407714844
60.1044921875 449.9596862792969
60.10163879394531 449.9591064453125
60.0987434387207 449.95880126953125
60.09583282470703 449.95880126953125
60.092933654785156 449.9590759277344
60.0900764465332 449.95965576171875
60.0872917175293 449.96051025390625
60.0846061706543 449.9616394042969
60.08204650878906 449.9630126953125
60.07963562011719 449.96466064453125
60.07740020751953 449.9665222167969
60.07535934448242 449.9685974121094
60.07353591918945 449.9708557128906
60.07194900512695 449.9732971191406
60.070613861083984 449.97589111328125
60.069541931152344 449.9786071777344
60.06874465942383 449.9814147949219
60.06822967529297 449.9842834472656
60.06800079345703 449.9871826171875
60.06806182861328 449.9900817871094
60.06841278076172 449.99298095703125
60.06904983520508 449.9958190917969
60.06997299194336 449.99859619140625
60.07118606567383 450.0013122558594
60.07273483276367 450.0040283203125
60.0747184753418 450.0068054199219
60.07664108276367 450.0090026855469
60.07877731323242 450.010986328125
60.08113098144531 450.0127868652344
60.08366775512695 450.01434326171875
60.08634948730469 450.0156555175781
60.089149475097656 450.0166931152344
60.09204864501953 450.0174560546875
60.09515380859375 450.0179443359375
60.098690032958984 450.01812744140625
60.10227966308594 450.0179748535156
60.105838775634766 450.0174560546875
60.10933303833008 450.0165710449219
60.11272048950195 450.0153503417969
60.115962982177734 450.0137939453125
60.119014739990234 450.011962890625
60.1218376159668 450.0098571777344
60.124420166015625 450.0074768066406
60.126747131347656 450.0048522949219
60.12869644165039 450.0021667480469
60.130165100097656 449.9996643066406
60.131378173828125 449.99700927734375
60.132320404052734 449.9942626953125
60.13298416137695 449.9914245605469
60.13336181640625 449.988525390625
60.13344955444336 449.9856262207031
60.13324737548828 449.98272705078125
60.13275909423828 449.9798583984375
60.131988525390625 449.97705078125
60.13093948364258 449.9743347167969
60.1296272277832 449.97174072265625
60.1280632019043 449.96929931640625
60.12626266479492 449.9670104980469
60.12424087524414 449.96490478515625
60.12202072143555 449.9630126953125
60.119625091552734 449.96136474609375
60.1170768737793 449.9599609375
60.11439895629883 449.95880126953125
60.11162185668945 449.9579162597656
60.10877227783203 449.95733642578125
60.10587692260742 449.95703125
60.10296630859375 449.9570007324219
60.100067138671875 449.957275390625
60.09720993041992 449.95782470703125
60.09442138671875 449.95867919921875
60.091732025146484 449.95977783203125
60.08916473388672 449.9611511230469
60.08674621582031 449.9627685546875
60.084503173828125 449.9646301269531
60.082454681396484 449.9667053222656
60.080623626708984 449.9689636230469
60.07902526855469 449.9714050292969
60.07767868041992 449.9739990234375
60.076595306396484 449.9767150878906
60.07578659057617 449.9795227050781
60.075260162353516 449.9823913574219
60.07502365112305 449.98529052734375
60.075077056884766 449.9881896972656
60.075416564941406 449.9910888671875
60.07604217529297 449.9939270019531
60.07695007324219 449.9967041015625
60.07815170288086 449.9994201660156
60.07969284057617 450.00213623046875
60.0816650390625 450.0049133300781
60.083580017089844 450.0071105957031
60.08570861816406 450.0091247558594
60.08805465698242 450.01092529296875
60.0905876159668 450.01251220703125
60.093265533447266 450.0138244628906
60.09606170654297 450.0148620605469
60.09895706176758 450.015625
60.10205841064453 450.01611328125
60.105594635009766 450.0163269042969
60.10918426513672 450.01617431640625
60.11274719238281 450.0156555175781
60.116241455078125 450.0148010253906
60.11963653564453 450.01361083984375
60.122886657714844 450.0120849609375
60.125946044921875 450.01025390625
60.12877655029297 450.0081481933594
60.131370544433594 450.00579833984375
60.13370895385742 450.0032043457031
60.13566589355469 450.0005187988281
60.13714599609375 449.9980163574219
60.13836669921875 449.995361328125
60.139320373535156 449.99261474609375
60.13999557495117 449.9897766113281
60.140384674072266 449.98687744140625
60.14048385620117 449.9839782714844
60.14029312133789 449.9810791015625
60.13981628417969 449.97821044921875
60.13905334472656 449.97540283203125
60.13801574707031 449.9726867675781
60.13671112060547 449.9700927734375
60.135154724121094 449.9676208496094
60.13336181640625 449.96533203125
60.13134765625 449.9632263183594
60.12913513183594 449.9613342285156
60.126747131347656 449.95965576171875
60.124202728271484 449.958251953125
60.12153244018555 449.95709228515625
60.11875915527344 449.9562072753906
60.115909576416016 449.9555969238281
60.113014221191406 449.9552917480469
60.110103607177734 449.95526123046875
60.10720443725586 449.9555358886719
60.10434341430664 449.9560852050781
60.1015510559082 449.9569091796875
60.09885787963867 449.9580078125
60.09628677368164 449.9593811035156
60.09386444091797 449.96099853515625
60.09161376953125 449.9628601074219
60.08955764770508 449.9649353027344
60.08771896362305 449.9671936035156
60.08611297607422 449.9696350097656
60.084754943847656 449.9721984863281
60.08366012573242 449.9748840332031
60.08283996582031 449.9776916503906
60.08230209350586 449.9805603027344
60.082054138183594 449.98345947265625
60.082096099853516 449.9863586425781
60.082427978515625 449.9892578125
60.083045959472656 449.9920959472656
60.08394241333008 449.994873046875
60.08513259887695 449.9975891113281
60.08666229248047 450.00030517578125
60.088623046875 450.00311279296875
60.090538024902344 450.0053405761719
60.09265899658203 450.0073547363281
60.095001220703125 450.0091857910156
60.09752655029297 450.0107727050781
60.10020065307617 450.0120849609375
60.10299301147461 450.0131530761719
60.10588836669922 450.013916015625
60.10898971557617 450.0144348144531
60.112525939941406 450.0146484375
60.11611557006836 450.0145263671875
60.11967849731445 450.0140380859375
60.12317657470703 450.01318359375
60.1265754699707 450.0119934082031
60.12982940673828 450.0104675292969
60.132896423339844 450.0086364746094
60.135738372802734 450.00653076171875
60.13833999633789 450.0041809082031
60.140689849853516 450.0015869140625
60.14265823364258 449.9989318847656
60.14414596557617 449.9964294433594
60.14537811279297 449.9938049316406
60.14634323120117 449.9910583496094
60.147029876708984 449.98822021484375
60.147430419921875 449.9853210449219
60.14754104614258 449.982421875
60.147361755371094 449.9795227050781
60.14689636230469 449.9766540527344
60.14614486694336 449.9738464355469
60.145118713378906 449.97113037109375
60.14382553100586 449.9685363769531
60.14228057861328 449.966064453125
60.14049530029297 449.9637756347656
60.138492584228516 449.961669921875
60.136287689208984 449.95977783203125
60.13390350341797 449.9580993652344
60.13136672973633 449.9566650390625
60.128700256347656 449.95550537109375
60.12593078613281 449.9546203613281
60.123085021972656 449.9540100097656
60.12019348144531 449.95367431640625
60.11728286743164 449.9536437988281
60.1143798828125 449.9538879394531
60.11151885986328 449.9544372558594
60.10872268676758 449.95526123046875
60.106021881103516 449.95635986328125
60.10344314575195 449.95770263671875
60.10101318359375 449.9593200683594
60.0987548828125 449.9611511230469
60.0966911315918 449.96319580078125
60.09484100341797 449.9654541015625
60.09322738647461 449.9678649902344
60.091861724853516 449.9704284667969
60.09075927734375 449.9731140136719
60.089927673339844 449.97589111328125
60.089378356933594 449.978759765625
60.08911895751953 449.9816589355469
60.089149475097656 449.98455810546875
60.08946990966797 449.9874572753906
60.0900764465332 449.99029541015625
60.090965270996094 449.9930725097656
60.09214782714844 449.99578857421875
60.093666076660156 449.9985046386719
60.09561538696289 450.0013122558594
60.09751892089844 450.0035400390625
60.099632263183594 450.00555419921875
60.101966857910156 450.00738525390625
60.10448455810547 450.00897216796875
60.10715103149414 450.01031494140625
60.10993957519531 450.0113830566406
60.112831115722656 450.0121765136719
60.115928649902344 450.0126953125
60.11946487426758 450.012939453125
60.12305450439453 450.0128173828125
60.12662124633789 450.0123291015625
60.130123138427734 450.0115051269531
60.13352584838867 450.01031494140625
60.13679122924805 450.0088195800781
60.13987350463867 450.00701904296875
60.142723083496094 450.00494384765625
60.14533615112305 450.0025939941406
60.14769744873047 450.0
60.14967346191406 449.9973449707031
60.15117645263672 449.9948425292969
60.15242004394531 449.9922180175781
60.15339279174805 449.9894714355469
60.15408706665039 449.98663330078125
60.15449905395508 449.9837646484375
60.15462112426758 449.9808654785156
60.15445327758789 449.97796630859375
60.153995513916016 449.97509765625
60.153255462646484 449.9722900390625
60.15223693847656 449.9695739746094
60.15095520019531 449.9669494628906
60.149417877197266 449.9644775390625
60.14764404296875 449.962158203125
60.14564895629883 449.9600524902344
60.14345169067383 449.9581298828125
60.141075134277344 449.9564514160156
60.13854217529297 449.95501708984375
60.13587951660156 449.9538269042969
60.133113861083984 449.9529113769531
60.130271911621094 449.9522705078125
60.12738037109375 449.9519348144531
60.12446975708008 449.9518737792969
60.12156677246094 449.9521179199219
60.11870193481445 449.95263671875
60.11590576171875 449.95343017578125
60.11320114135742 449.9544982910156
60.110618591308594 449.9558410644531
60.108184814453125 449.9574279785156
60.105918884277344 449.9592590332031
60.10384750366211 449.9613037109375
60.10198974609375 449.9635314941406
60.100364685058594 449.9659423828125
60.0989875793457 449.968505859375
60.09787368774414 449.97119140625
60.0970344543457 449.9739685058594
60.09647750854492 449.9768371582031
60.09620666503906 449.979736328125
60.09622573852539 449.9826354980469
60.096534729003906 449.98553466796875
60.097129821777344 449.9883728027344
60.09800720214844 449.99114990234375
60.099178314208984 449.9938659667969
60.100685119628906 449.99658203125
60.102622985839844 449.9993896484375
60.10451889038086 450.0016174316406
60.106624603271484 450.003662109375
60.108951568603516 450.0054931640625
60.11146545410156 450.0071105957031
60.11412811279297 450.0084533691406
60.116912841796875 450.009521484375
60.11980056762695 450.01031494140625
60.12289810180664 450.0108337402344
60.126434326171875 450.0110778808594
60.13002395629883 450.0109558105469
60.13359069824219 450.010498046875
60.1370964050293 450.0096740722656
60.1405029296875 450.0085144042969
60.14377212524414 450.00701904296875
60.1468620300293 450.0052185058594
60.14971923828125 450.0031433105469
60.152339935302734 450.0008239746094
60.15471267700195 449.99822998046875
60.156700134277344 449.9955749511719
60.15821075439453 449.9930725097656
60.159461975097656 449.9904479980469
60.16044616699219 449.9877014160156
60.16115188598633 449.98486328125
60.16157531738281 449.98199462890625
60.16170883178711 449.9790954589844
60.16155242919922 449.9761962890625
60.16110610961914 449.97332763671875
60.160377502441406 449.97052001953125
60.15937042236328 449.9677734375
60.15809631347656 449.96514892578125
60.15657043457031 449.9626770019531
60.15480422973633 449.9603576660156
60.15281677246094 449.9582214355469
60.15062713623047 449.956298828125
60.148258209228516 449.9546203613281
60.14573287963867 449.95318603515625
60.14307403564453 449.9519958496094
60.14031219482422 449.9510803222656
60.13747024536133 449.950439453125
60.134578704833984 449.9500732421875
60.13166809082031 449.95001220703125
60.12876510620117 449.9502258300781
60.12590026855469 449.95074462890625
60.12310028076172 449.9515380859375
60.120391845703125 449.9526062011719
60.11780548095703 449.9539489746094
60.11536407470703 449.9555358886719
60.113094329833984 449.9573669433594
60.11101531982422 449.95941162109375
60.10914993286133 449.9616394042969
60.10751724243164 449.96405029296875
60.10613250732422 449.96661376953125
60.10500717163086 449.96929931640625
60.104156494140625 449.9720764160156
60.10358810424805 449.9749450683594
60.10330581665039 449.97784423828125
60.10331344604492 449.9807434082031
60.10361099243164 449.983642578125
60.10419464111328 449.9864807128906
60.10506057739258 449.9892578125
60.10622024536133 449.99200439453125
60.10771560668945 449.9947509765625
60.109649658203125 449.9975891113281
60.111549377441406 449.9998474121094
60.1136474609375 450.00189208984375
60.115966796875 450.00372314453125
60.118473052978516 450.0053405761719
60.121131896972656 450.0066833496094
60.1239128112793 450.0077819824219
60.12679672241211 450.0085754394531
60.12989044189453 450.0091247558594
60.1334228515625 450.0093688964844
60.13701248168945 450.00927734375
60.14058303833008 450.0088195800781
60.14409255981445 450.0080261230469
60.14750671386719 450.0068664550781
60.15078353881836 450.00537109375
60.15388107299805 450.0035705566406
60.15674591064453 450.0014953613281
60.15937423706055 449.9991760253906
60.16175842285156 449.9966125488281
60.16375732421875 449.9939880371094
60.165279388427734 449.9914855957031
60.166542053222656 449.9888610839844
60.167537689208984 449.9861145019531
60.16825485229492 449.9833068847656
60.1686897277832 449.9804382324219
60.1688346862793 449.9775390625
60.1686897277832 449.9746398925781
60.16825485229492 449.9717712402344
60.167537689208984 449.9689636230469
60.166542053222656 449.9662170410156
60.165279388427734 449.9635925292969
60.163761138916016 449.96112060546875
60.16200256347656 449.95880126953125
60.1600227355957 449.9566650390625
60.157840728759766 449.9547424316406
60.15547561645508 449.9530334472656
60.1529541015625 449.9515686035156
60.150299072265625 449.95037841796875
60.14754104614258 449.949462890625
60.14470291137695 449.9488220214844
60.141815185546875 449.9484558105469
60.1389045715332 449.9483947753906
60.13600158691406 449.9486083984375
60.13313293457031 449.9491271972656
60.13032913208008 449.9499206542969
60.12761688232422 449.95098876953125
60.125022888183594 449.9523010253906
60.12257385253906 449.9538879394531
60.120296478271484 449.9556884765625
60.11820983886719 449.9577331542969
60.116336822509766 449.9599609375
60.11469268798828 449.9623718261719
60.11329650878906 449.9649353027344
60.11216354370117 449.9676208496094
60.11130142211914 449.97039794921875
60.110721588134766 449.9732666015625
60.11042785644531 449.9761657714844
60.11042404174805 449.97906494140625
60.11071014404297 449.9819641113281
60.11128234863281 449.9848327636719
60.11213684082031 449.98760986328125
60.113285064697266 449.9903564453125
60.114768981933594 449.99310302734375
60.11669158935547 449.9959411621094
60.11857986450195 449.9981994628906
60.120670318603516 450.000244140625
60.122982025146484 450.0021057128906
60.125484466552734 450.00372314453125
60.128135681152344 450.0050964355469
60.13091278076172 450.0061950683594
60.133792877197266 450.00701904296875
60.13688659667969 450.007568359375
60.140350341796875 450.0078430175781
60.14393997192383 450.00775146484375
60.14751052856445 450.00732421875
60.15102005004883 450.00653076171875
60.15443801879883 450.0054016113281
60.157718658447266 450.0039367675781
60.16082000732422 450.0021667480469
60.163692474365234 450.0001220703125
60.16633224487305 449.997802734375
60.168724060058594 449.9952392578125
60.17080307006836 449.9925231933594
60.17234420776367 449.9900207519531
60.17361831665039 449.9873962402344
60.174625396728516 449.9846496582031
60.17535400390625 449.9818420410156
60.17579650878906 449.9789733886719
60.17595291137695 449.97607421875
60.175819396972656 449.9731750488281
60.17539596557617 449.9703063964844
60.174686431884766 449.96746826171875
60.173702239990234 449.9647216796875
60.172447204589844 449.96209716796875
60.17094039916992 449.9595947265625
60.169193267822266 449.957275390625
60.16722106933594 449.95513916015625
60.16504669189453 449.9532165527344
60.162689208984375 449.9515075683594
60.16017532348633 449.9500427246094
60.157527923583984 449.9488220214844
60.15476989746094 449.9478759765625
60.15193557739258 449.94720458984375
60.1490478515625 449.94683837890625
60.14613723754883 449.9467468261719
60.14323425292969 449.94696044921875
60.14036560058594 449.94744873046875
60.13755798339844 449.9482116699219
60.13484191894531 449.9492492675781
60.13224411010742 449.9505615234375
60.129791259765625 449.9521179199219
60.127506256103516 449.95391845703125
60.12541198730469 449.9559326171875
60.123531341552734 449.9581604003906
60.12187957763672 449.9605712890625
60.12047576904297 449.963134765625
60.11933135986328 449.9658203125
60.11845779418945 449.9685974121094
60.11786651611328 449.971435546875
60.11756134033203 449.9743347167969
60.11754608154297 449.97723388671875
60.117820739746094 449.9801330566406
60.11838150024414 449.9830017089844
60.119224548339844 449.98577880859375
60.120365142822266 449.988525390625
60.12184143066406 449.99127197265625
60.12375259399414 449.9941101074219
60.12562942504883 449.9963684082031
60.127708435058594 449.9984130859375
60.13001251220703 450.0002746582031
60.13250732421875 450.00189208984375
60.135154724121094 450.0032653808594
60.1379280090332 450.0043640136719
60.14080810546875 450.00518798828125
60.143898010253906 450.0057373046875
60.147361755371094 450.0060119628906
60.15095138549805 450.0059509277344
60.15452575683594 450.0055236816406
60.15803909301758 450.0047302246094
60.161460876464844 450.00360107421875
60.16474914550781 450.00213623046875
60.1678581237793 450.0003662109375
60.170738220214844 449.9983215332031
60.17338562011719 449.99603271484375
60.17578887939453 449.99346923828125
60.17790985107422 449.99072265625
60.17945861816406 449.98822021484375
60.18074035644531 449.985595703125
60.18175506591797 449.9828796386719
60.1824951171875 449.9800720214844
60.18294906616211 449.9772033691406
60.1831169128418 449.97430419921875
60.1829948425293 449.9714050292969
60.18258285522461 449.9685363769531
60.181884765625 449.9656982421875
60.180908203125 449.96295166015625
60.179664611816406 449.9603271484375
60.178165435791016 449.95782470703125
60.17642593383789 449.9554748535156
60.174461364746094 449.9533386230469
60.17229461669922 449.9513854980469
60.169944763183594 449.9496765136719
60.16743469238281 449.9482116699219
60.164791107177734 449.9469909667969
60.16203689575195 449.946044921875
60.159202575683594 449.94537353515625
60.156314849853516 449.9449768066406
60.153404235839844 449.94488525390625
60.15049743652344 449.945068359375
60.14762496948242 449.945556640625
60.144813537597656 449.9463195800781
60.142093658447266 449.9473571777344
60.13949203491211 449.94866943359375
60.13703155517578 449.9502258300781
60.13473892211914 449.9520263671875
60.13263702392578 449.95404052734375
60.13074493408203 449.9562683105469
60.129085540771484 449.9586486816406
60.12767028808594 449.961181640625
60.12651443481445 449.9638671875
60.125633239746094 449.9666442871094
60.125030517578125 449.969482421875
60.12471389770508 449.9723815917969
60.12468719482422 449.97528076171875
60.12495040893555 449.9781799316406
60.1254997253418 449.9810485839844
60.12633514404297 449.9838562011719
60.127464294433594 449.9866027832031
60.128929138183594 449.9893493652344
60.130828857421875 449.9921875
60.13269805908203 449.99444580078125
60.134769439697266 449.9964904785156
60.13706588745117 449.99835205078125
60.13955307006836 450.0
60.14219284057617 450.0013732910156
60.144962310791016 450.00250244140625
60.1478385925293 450.0033264160156
60.150856018066406 450.0038757324219
60.15431213378906 450.0041809082031
60.157901763916016 450.0041198730469
60.161476135253906 450.00372314453125
60.16499328613281 450.0029602050781
60.168418884277344 450.0018615722656
60.17171096801758 450.00042724609375
60.174827575683594 449.9986572265625
60.17771530151367 449.9966125488281
60.18037033081055 449.99432373046875
60.18278121948242 449.9917907714844
60.184913635253906 449.9890441894531
60.18647384643555 449.9865417480469
60.187767028808594 449.98394775390625
60.18879318237305 449.9812316894531
60.189544677734375 449.9784240722656
60.19001007080078 449.9755554199219
60.190189361572266 449.97265625
60.19007873535156 449.9697570800781
60.18967819213867 449.9668884277344
60.18899154663086 449.96405029296875
60.188026428222656 449.9613037109375
60.18679428100586 449.95867919921875
60.185306549072266 449.9561767578125
60.18357467651367 449.9538269042969
60.181617736816406 449.95166015625
60.17945861816406 449.94970703125
60.1771125793457 449.9479675292969
60.17460632324219 449.94647216796875
60.171966552734375 449.94525146484375
60.16921615600586 449.9443054199219
60.166385650634766 449.9436340332031
60.16350173950195 449.9432373046875
60.16059112548828 449.943115234375
60.157684326171875 449.94329833984375
60.15481185913086 449.9437561035156
60.152000427246094 449.94451904296875
60.14927673339844 449.945556640625
60.14666748046875 449.94683837890625
60.144203186035156 449.9483947753906
60.141902923583984 449.9501953125
60.139793395996094 449.95220947265625
60.13789367675781 449.95440673828125
60.13622283935547 449.956787109375
60.13479995727539 449.9593200683594
60.133636474609375 449.96197509765625
60.13274383544922 449.9647521972656
60.13212966918945 449.96759033203125
60.13180160522461 449.9704895019531
60.13176345825195 449.973388671875
60.132015228271484 449.9762878417969
60.1325569152832 449.9791564941406
60.13338088989258 449.9819641113281
60.134498596191406 449.9847106933594
60.13595199584961 449.9874572753906
60.137840270996094 449.99029541015625
60.13970184326172 449.9925842285156
60.14176559448242 449.9946594238281
60.14405822753906 449.9965515136719
60.146541595458984 449.9981994628906
60.14917755126953 449.9996032714844
60.151939392089844 450.000732421875
60.154808044433594 450.0015869140625
60.1578254699707 450.0021667480469
60.1611442565918 450.0024719238281
60.16473388671875 450.00244140625
60.16830825805664 450.0020446777344
60.17182922363281 450.00128173828125
60.17525863647461 450.00018310546875
60.178558349609375 449.9987487792969
60.18168258666992 449.99700927734375
60.18457794189453 449.9949951171875
60.1872444152832 449.9927062988281
60.189666748046875 449.99017333984375
60.19180679321289 449.9874267578125
60.19337463378906 449.9849548339844
60.19467544555664 449.98236083984375
60.19571304321289 449.9796447753906
60.19647216796875 449.9768371582031
60.19694900512695 449.9739685058594
60.197139739990234 449.9710693359375
60.19704055786133 449.9681701660156
60.196651458740234 449.96527099609375
60.19597625732422 449.9624328613281
60.19502258300781 449.9596862792969
60.19379806518555 449.95703125
60.192317962646484 449.95452880859375
60.19059753417969 449.9521789550781
60.18865203857422 449.95001220703125
60.186500549316406 449.94805908203125
60.18416213989258 449.9463195800781
60.181663513183594 449.94482421875
60.17902755737305 449.9435729980469
60.1762809753418 449.9425964355469
60.17345428466797 449.94189453125
60.170570373535156 449.9414978027344
60.167659759521484 449.9413757324219
60.16475296020508 449.9415588378906
60.1618766784668 449.9420166015625
60.159061431884766 449.9427490234375
60.156333923339844 449.9437561035156
60.15372085571289 449.9450378417969
60.151248931884766 449.9465637207031
60.14894485473633 449.9483337402344
60.146827697753906 449.9503479003906
60.144920349121094 449.9525451660156
60.14324188232422 449.9549255371094
60.141807556152344 449.95745849609375
60.14063262939453 449.9601135253906
60.13972854614258 449.962890625
60.139102935791016 449.9657287597656
60.138763427734375 449.9686279296875
60.13871383666992 449.9715270996094
60.138954162597656 449.97442626953125
60.13948440551758 449.977294921875
60.140296936035156 449.9801025390625
60.14139175415039 449.9828186035156
60.142791748046875 449.9855041503906
60.14466857910156 449.9883728027344
60.14651870727539 449.99066162109375
60.14857482910156 449.99273681640625
60.15085983276367 449.99462890625
60.15333557128906 449.99627685546875
60.155967712402344 449.9976806640625
60.15872573852539 449.9988098144531
60.161590576171875 449.9996643066406
60.16460418701172 450.000244140625
60.16792297363281 450.00054931640625
60.171512603759766 450.0005187988281
60.17509078979492 450.0001220703125
60.178611755371094 449.9993896484375
60.182044982910156 449.998291015625
60.18534851074219 449.9968566894531
60.1884765625 449.9951171875
60.19137954711914 449.99310302734375
60.194053649902344 449.9908142089844
60.19648361206055 449.98828125
60.19863510131836 449.98553466796875
60.20021438598633 449.9830627441406
60.2015266418457 449.98046875
60.202571868896484 449.9777526855469
60.20334243774414 449.9749450683594
60.20383071899414 449.9720764160156
60.20402908325195 449.96917724609375
60.20393753051758 449.9662780761719
60.20355987548828 449.96337890625
60.20289611816406 449.9605407714844
60.20195388793945 449.9577941894531
60.200740814208984 449.95513916015625
60.19927215576172 449.95263671875
60.19755935668945 449.9502868652344
60.195621490478516 449.9481201171875
60.193477630615234 449.9461364746094
60.19114685058594 449.94439697265625
60.18865203857422 449.9429016113281
60.18601989746094 449.941650390625
60.18327713012695 449.940673828125
60.180450439453125 449.9399719238281
60.17757034301758 449.9395446777344
60.174659729003906 449.9394226074219
60.1717529296875 449.9395751953125
60.16887664794922 449.9400329589844
60.16605758666992 449.9407653808594
60.163326263427734 449.9417724609375
60.160709381103516 449.94305419921875
60.158233642578125 449.944580078125
60.155921936035156 449.94635009765625
60.1537971496582 449.9483337402344
60.15188217163086 449.9505310058594
60.15019226074219 449.9529113769531
60.148746490478516 449.9554443359375
60.147560119628906 449.9580993652344
60.146644592285156 449.96087646484375
60.14601135253906 449.9637145996094
60.14566421508789 449.96661376953125
60.14560317993164 449.9695129394531
60.14583206176758 449.972412109375
60.1463508605957 449.97528076171875
60.147151947021484 449.97808837890625
60.14823913574219 449.9808349609375
60.14963150024414 449.9835205078125
60.15149688720703 449.98638916015625
60.15333938598633 449.9886779785156
60.1553840637207 449.9907531738281
60.157649993896484 449.9926452636719
60.160118103027344 449.99432373046875
60.162742614746094 449.9957275390625
60.165496826171875 449.99688720703125
60.168357849121094 449.9977722167969
60.17136764526367 449.9983825683594
60.174686431884766 449.9986877441406
60.17826461791992 449.9986877441406
60.18184280395508 449.9983215332031
60.185367584228516 449.9975891113281
60.18880844116211 449.99652099609375
60.19211959838867 449.9951171875
60.195255279541016 449.993408203125
60.198177337646484 449.99139404296875
60.200862884521484 449.9891357421875
60.203304290771484 449.98663330078125
60.205467224121094 449.9839172363281
60.207054138183594 449.9814453125
60.208377838134766 449.9788513183594
60.209434509277344 449.97613525390625
60.2102165222168 449.97332763671875
60.210716247558594 449.970458984375
60.2109260559082 449.9675598144531
60.210845947265625 449.96466064453125
60.21047592163086 449.9617614746094
60.20982360839844 449.95892333984375
60.20888900756836 449.9561767578125
60.20768737792969 449.9535217285156
60.20622634887695 449.95098876953125
60.20452117919922 449.9486389160156
60.20259094238281 449.94647216796875
60.2004508972168 449.9444885253906
60.19812774658203 449.9427490234375
60.195640563964844 449.94122314453125
60.193016052246094 449.9399719238281
60.190277099609375 449.9389953613281
60.18745422363281 449.93829345703125
60.184574127197266 449.9378662109375
60.18166732788086 449.9377136230469
60.17876052856445 449.9378662109375
60.175880432128906 449.93829345703125
60.17306137084961 449.93902587890625
60.170326232910156 449.9400329589844
60.16770553588867 449.9413146972656
60.16522216796875 449.9428405761719
60.16290283203125 449.9446105957031
60.160770416259766 449.94659423828125
60.15884780883789 449.94879150390625
60.15715026855469 449.951171875
60.155696868896484 449.9537048339844
60.154502868652344 449.95635986328125
60.15357971191406 449.9591064453125
60.15293502807617 449.9619445800781
60.1525764465332 449.96484375
60.15250778198242 449.9677429199219
60.15272903442383 449.97064208984375
60.153236389160156 449.9735107421875
60.15402603149414 449.976318359375
60.15510177612305 449.97906494140625
60.1564826965332 449.98175048828125
60.158241271972656 449.9844665527344
60.160099029541016 449.9867858886719
60.16213607788086 449.9888610839844
60.16439437866211 449.9907531738281
60.1668586730957 449.992431640625
60.16947937011719 449.9938659667969
60.1722297668457 449.9950256347656
60.175086975097656 449.99591064453125
60.178096771240234 449.99652099609375
60.18141174316406 449.9968566894531
60.18498992919922 449.9968566894531
60.18857192993164 449.9964904785156
60.192100524902344 449.99578857421875
60.1955451965332 449.9947204589844
60.1988639831543 449.9933166503906
60.2020149230957 449.9916076660156
60.2049446105957 449.9896240234375
60.2076416015625 449.98736572265625
60.21009063720703 449.98486328125
60.21226119995117 449.9821472167969
60.21385955810547 449.97967529296875
60.21519088745117 449.9770812988281
60.21625900268555 449.974365234375
60.2170524597168 449.9715576171875
60.21756362915039 449.96868896484375
60.2177848815918 449.9657897949219
60.217716217041016 449.962890625
60.21735763549805 449.9599914550781
60.216712951660156 449.9571533203125
60.215789794921875 449.9543762207031
60.214595794677734 449.95172119140625
60.2131462097168 449.9491882324219
60.21145248413086 449.9468078613281
60.209529876708984 449.9446105957031
60.2073974609375 449.942626953125
60.205078125 449.94085693359375
60.20259475708008 449.9393310546875
60.199974060058594 449.93804931640625
60.19723892211914 449.9370422363281
60.194419860839844 449.9363098144531
60.1915397644043 449.9358825683594
60.18863296508789 449.93572998046875
60.185726165771484 449.9358825683594
60.18284606933594 449.9363098144531
60.180023193359375 449.93701171875
60.177284240722656 449.93798828125
60.17465591430664 449.9392395019531
60.17216873168945 449.9407653808594
60.16984176635742 449.9425048828125
60.167701721191406 449.9444885253906
60.165767669677734 449.9466552734375
60.1640625 449.9490051269531
60.16259765625 449.9515075683594
60.16139221191406 449.95416259765625
60.160457611083984 449.9569091796875
60.1598014831543 449.9597473144531
60.15943145751953 449.962646484375
60.15935134887695 449.9655456542969
60.15956115722656 449.96844482421875
60.160057067871094 449.9713134765625
60.16083526611328 449.97412109375
60.16189956665039 449.97686767578125
60.16326904296875 449.97955322265625
60.165016174316406 449.9822692871094
60.16686248779297 449.9845886230469
60.16889190673828 449.9866943359375
60.171142578125 449.98858642578125
60.1735954284668 449.9902648925781
60.17620849609375 449.99169921875
60.178955078125 449.99285888671875
60.18180847167969 449.9937438964844
60.184814453125 449.9943542480469
60.18812942504883 449.99468994140625
60.191707611083984 449.99468994140625
60.195289611816406 449.9943542480469
60.19881820678711 449.99365234375
60.202266693115234 449.99261474609375
60.205589294433594 449.9912414550781
60.20874786376953 449.9895324707031
60.21168518066406 449.987548828125
60.21438980102539 449.98529052734375
60.21685028076172 449.9827880859375
60.219032287597656 449.9800720214844
60.220672607421875 449.9775695800781
60.222015380859375 449.9749755859375
60.22309494018555 449.9722595214844
60.223899841308594 449.9694519042969
60.22441864013672 449.9665832519531
60.22465133666992 449.96368408203125
60.22459411621094 449.9607849121094
60.224246978759766 449.9578857421875
60.22361373901367 449.9550476074219
60.22270202636719 449.9522705078125
60.221519470214844 449.9496154785156
60.22007751464844 449.94708251953125
60.21839141845703 449.9447021484375
60.21647644042969 449.9425048828125
60.214351654052734 449.9405212402344
60.212039947509766 449.9387512207031
60.209564208984375 449.9372253417969
60.206947326660156 449.9359436035156
60.20421600341797 449.9349365234375
60.20139694213867 449.9342041015625
60.19852066040039 449.9337463378906
60.195613861083984 449.93359375
60.19270324707031 449.9337158203125
60.1898193359375 449.93414306640625
60.18699264526367 449.9348449707031
60.18424987792969 449.9358215332031
60.181617736816406 449.93707275390625
60.17912292480469 449.9385681152344
60.17679214477539 449.9403076171875
60.174644470214844 449.9422607421875
60.17270278930664 449.9444274902344
60.17098617553711 449.94677734375
60.16951370239258 449.94927978515625
60.168296813964844 449.9519348144531
60.16735076904297 449.9546813964844
60.166683197021484 449.95751953125
60.16630172729492 449.9604187011719
60.16621017456055 449.96331787109375
60.16640853881836 449.9662170410156
60.166893005371094 449.9690856933594
60.16766357421875 449.9718933105469
60.16871643066406 449.9746398925781
60.17007827758789 449.9773254394531
60.17181396484375 449.9800720214844
60.17365264892578 449.982421875
60.17567443847656 449.9845275878906
60.177921295166016 449.9864501953125
60.18037033081055 449.9881591796875
60.182979583740234 449.9895935058594
60.18572235107422 449.99078369140625
60.18857192993164 449.99169921875
60.19157791137695 449.9923400878906
60.19489288330078 449.9927062988281
60.19847106933594 449.99273681640625
60.20205307006836 449.9924011230469
60.20558547973633 449.9917297363281
60.20903778076172 449.9906921386719
60.212364196777344 449.98931884765625
60.21552658081055 449.9876403808594
60.21847152709961 449.98565673828125
