59.828102111816406 449.8387451171875
59.736576080322266 449.76361083984375
59.64013671875 449.6949157714844
59.53923034667969 449.6329650878906
59.434329986572266 449.5780334472656
59.325923919677734 449.5303955078125
59.21451950073242 449.4902648925781
59.10063552856445 449.45782470703125
58.984806060791016 449.4332275390625
58.8675651550293 449.4165954589844
58.74946594238281 449.40802001953125
58.63105773925781 449.40753173828125
58.51288986206055 449.4151306152344
58.39551544189453 449.4307556152344
58.279483795166016 449.4543762207031
58.16533279418945 449.48583984375
58.05359649658203 449.5250244140625
57.94479751586914 449.5717468261719
57.83944320678711 449.62579345703125
57.73802185058594 449.6869201660156
57.64101028442383 449.75482177734375
57.548858642578125 449.8291931152344
57.461997985839844 449.90966796875
57.38083267211914 449.9958801269531
57.30574417114258 450.0874328613281
57.23707962036133 450.18389892578125
57.1751594543457 450.2848205566406
57.12027359008789 450.3897399902344
57.07267761230469 450.4981689453125
57.0325927734375 450.6095886230469
57.00020980834961 450.7234802246094
56.9757080078125 450.83917236328125
56.95916748046875 450.95623779296875
56.95060729980469 451.0750732421875
56.95024108886719 451.197509765625
56.95875549316406 451.32476806640625
56.977455139160156 451.4592590332031
57.007999420166016 451.6012268066406
57.05121612548828 451.746337890625
57.10491943359375 451.8846130371094
57.1688117980957 452.015869140625
57.240989685058594 452.13720703125
57.312198638916016 452.2364501953125
57.387733459472656 452.3243103027344
57.47019577026367 452.4046936035156
57.559349060058594 452.4774475097656
57.65454864501953 452.5420837402344
57.755062103271484 452.59808349609375
57.860111236572266 452.64501953125
57.9688835144043 452.6825256347656
58.080535888671875 452.7102966308594
58.19428634643555 452.7281494140625
58.314212799072266 452.7362976074219
58.47764587402344 452.7339782714844
58.69256591796875 452.7154235839844
58.915767669677734 452.68109130859375
59.1364860534668 452.6321105957031
59.353511810302734 452.5687255859375
59.56590270996094 452.4912109375
59.772743225097656 452.3999328613281
59.97313690185547 452.2952575683594
60.16621780395508 452.1776428222656
60.35115051269531 452.0475769042969
60.52713394165039 451.9056396484375
60.69341278076172 451.75244140625
60.84926223754883 451.5886535644531
60.9940071105957 451.41497802734375
61.127010345458984 451.232177734375
61.24760055541992 451.0412292480469
61.3553352355957 450.84283447265625
61.44975662231445 450.63787841796875
61.53037643432617 450.427490234375
61.59688949584961 450.21258544921875
61.64882278442383 449.9950256347656
61.68609619140625 449.77581787109375
61.708282470703125 449.5599365234375
61.71564483642578 449.35601806640625
61.710121154785156 449.177001953125
61.697322845458984 449.0475769042969
61.676612854003906 448.9245910644531
61.649009704589844 448.809326171875
61.61363220214844 448.6963195800781
61.57062530517578 448.58599853515625
61.52018737792969 448.4788818359375
61.462554931640625 448.3754577636719
61.39799499511719 448.27618408203125
61.32680892944336 448.1815490722656
61.24932861328125 448.0920104980469
61.16592025756836 448.0079650878906
61.076969146728516 447.9298095703125
60.982887268066406 447.85791015625
60.884117126464844 447.7926025390625
60.78112030029297 447.73419189453125
60.67437744140625 447.6829528808594
60.56438446044922 447.63909912109375
60.45165252685547 447.6028747558594
60.33671188354492 447.5744323730469
60.220096588134766 447.55389404296875
60.102352142333984 447.5413513183594
59.98402404785156 447.5368957519531
59.86566925048828 447.54052734375
59.74783706665039 447.5522155761719
59.63107681274414 447.5719299316406
59.515933990478516 447.59954833984375
59.40294647216797 447.6349792480469
59.292640686035156 447.67803955078125
59.18553161621094 447.728515625
59.082115173339844 447.78619384765625
58.982879638671875 447.8507995605469
58.888282775878906 447.9220275878906
58.798770904541016 447.9995422363281
58.714759826660156 448.0829772949219
58.63663864135742 448.1719665527344
58.56477355957031 448.2660827636719
58.4995002746582 448.3648681640625
58.441123962402344 448.4678955078125
58.389915466308594 448.5746765136719
58.34611511230469 448.6846923828125
58.3099250793457 448.79742431640625
58.281517028808594 448.9123840332031
58.261077880859375 449.0286865234375
58.248592376708984 449.1465148925781
58.2441520690918 449.2664794921875
58.248085021972656 449.38922119140625
58.26156234741211 449.5204162597656
58.28609085083008 449.6591796875
58.32291793823242 449.80328369140625
58.371761322021484 449.9466552734375
58.43168640136719 450.0851135253906
58.50108337402344 450.2151794433594
58.57892608642578 450.3357849121094
58.652122497558594 450.4303283691406
58.73066711425781 450.5152282714844
58.816036224365234 450.5925598144531
58.90781784057617 450.66204833984375
59.00532150268555 450.72314453125
59.10782241821289 450.7754211425781
59.21452331542969 450.8184814453125
59.32460021972656 450.8519592285156
59.43720245361328 450.8756408691406
59.55214309692383 450.889404296875
59.6939582824707 450.8940734863281
59.893463134765625 450.8853454589844
60.115726470947266 450.8605041503906
60.338226318359375 450.8206481933594
60.557674407958984 450.7662658691406
60.773075103759766 450.69757080078125
60.98349380493164 450.6148681640625
61.18802261352539 450.5185241699219
61.38577651977539 450.408935546875
61.57590103149414 450.2865905761719
61.75757598876953 450.1520080566406
61.93001174926758 450.00579833984375
62.092464447021484 449.84857177734375
62.24422836303711 449.6809997558594
62.384639739990234 449.50384521484375
62.5130500793457 449.3179016113281
62.62880325317383 449.12420654296875
62.73152160644531 448.92340087890625
62.82066345214844 448.7166442871094
62.89588928222656 448.50482177734375
62.95685958862305 448.2890930175781
63.003028869628906 448.072021484375
63.03445816040039 447.8546447753906
63.05076599121094 447.64447021484375
63.05283737182617 447.4526062011719
63.04438018798828 447.30340576171875
63.028839111328125 447.179443359375
63.00581741333008 447.0616455078125
62.97522735595703 446.947265625
62.9369010925293 446.8352355957031
62.891014099121094 446.72607421875
62.83778381347656 446.62030029296875
62.77745819091797 446.5184020996094
62.71031951904297 446.4208679199219
62.63667678833008 446.3281555175781
62.55687713623047 446.24066162109375
62.47129440307617 446.1588439941406
62.38032531738281 446.0830383300781
62.284393310546875 446.01361083984375
62.18394470214844 445.9508972167969
62.07945251464844 445.89520263671875
61.97140121459961 445.8467712402344
61.860294342041016 445.8058166503906
61.74665451049805 445.7725524902344
61.63100814819336 445.74713134765625
61.513893127441406 445.7296447753906
61.39585876464844 445.7201843261719
61.2774543762207 445.71881103515625
61.15923309326172 445.72552490234375
61.041748046875 445.74029541015625
60.92554473876953 445.7630615234375
60.81116485595703 445.793701171875
60.69914245605469 445.8320617675781
60.590003967285156 445.87799072265625
60.4842529296875 445.9312744140625
60.38238525390625 445.99163818359375
60.28487777709961 446.0588073730469
60.19218063354492 446.1324768066406
60.104732513427734 446.2123107910156
60.0229377746582 446.2979431152344
59.94717788696289 446.3889465332031
59.877803802490234 446.4848937988281
59.81514358520508 446.5853576660156
59.75948715209961 446.68988037109375
59.71109390258789 446.7979431152344
59.67019271850586 446.9090576171875
59.63697052001953 447.022705078125
59.6115837097168 447.13836669921875
59.594200134277344 447.25518798828125
59.58480453491211 447.37335205078125
59.58351516723633 447.49359130859375
59.59069061279297 447.616455078125
59.60710525512695 447.74371337890625
59.634132385253906 447.877197265625
59.673240661621094 448.0166015625
59.72481155395508 448.15789794921875
59.787723541259766 448.2954406738281
59.861083984375 448.42669677734375
59.943336486816406 448.5491638183594
60.01841354370117 448.6427001953125
60.09879684448242 448.7265625
60.1855354309082 448.8023986816406
60.278541564941406 448.8702697753906
60.377113342285156 448.9296569824219
60.48052215576172 448.9801330566406
60.58797073364258 449.02130126953125
60.69862747192383 449.0528564453125
60.811641693115234 449.0745544433594
60.92847442626953 449.0864562988281
61.0829963684082 449.089111328125
61.29233169555664 449.0771789550781
61.51449966430664 449.049560546875
61.73652267456055 449.0069580078125
61.95528030395508 448.9498291015625
62.1698112487793 448.8784484863281
62.379188537597656 448.79315185546875
62.58250427246094 448.69427490234375
62.77888488769531 448.5822448730469
62.96747589111328 448.4575500488281
63.147464752197266 448.32073974609375
63.31807327270508 448.1723937988281
63.47856140136719 448.0131530761719
63.62822723388672 447.8437194824219
63.76641082763672 447.66485595703125
63.89234924316406 447.4775695800781
64.00556182861328 447.28265380859375
64.10562896728516 447.0809020996094
64.19210052490234 446.873291015625
64.26439666748047 446.6614074707031
64.32231903076172 446.4461975097656
64.36518859863281 446.23138427734375
64.39328002929688 446.0179748535156
64.40556335449219 445.8272399902344
64.40505981445312 445.6500549316406
64.39586639404297 445.5200500488281
64.37899017333984 445.3992614746094
64.3546371459961 445.28338623046875
64.32243347167969 445.16943359375
64.28252410888672 445.0579528808594
64.23509979248047 444.949462890625
64.18038177490234 444.8444519042969
64.11862182617188 444.743408203125
64.05010986328125 444.6468200683594
63.975162506103516 444.5551452636719
63.894134521484375 444.46881103515625
63.80739974975586 444.38818359375
63.71536636352539 444.3136901855469
63.61846160888672 444.2456359863281
63.51713562011719 444.1843566894531
63.411865234375 444.130126953125
63.303138732910156 444.0832214355469
63.191463470458984 444.0438537597656
63.077362060546875 444.01220703125
62.96136474609375 443.9884033203125
62.844017028808594 443.97259521484375
62.725860595703125 443.9648132324219
62.60744857788086 443.9651184082031
62.48933410644531 443.9735107421875
62.3720703125 443.9899597167969
62.25619888305664 444.0143737792969
62.14226531982422 444.046630859375
62.030799865722656 444.0865783691406
61.92232131958008 444.1340637207031
61.81733703613281 444.1888427734375
61.71633529663086 444.2506408691406
61.61978530883789 444.3191833496094
61.528141021728516 444.3941650390625
61.441829681396484 444.4752197265625
61.36125183105469 444.5619812011719
61.28678512573242 444.654052734375
61.21877670288086 444.7509765625
61.15754318237305 444.8523254394531
61.103370666503906 444.9576110839844
61.056514739990234 445.06634521484375
61.017189025878906 445.17803955078125
60.98558044433594 445.2921447753906
60.96183395385742 445.40814208984375
60.94610595703125 445.5251770019531
60.938377380371094 445.6435241699219
60.938777923583984 445.7630615234375
60.947689056396484 445.885986328125
60.965904235839844 446.0130920410156
60.9947509765625 446.14593505859375
61.035606384277344 446.2841491699219
61.08887481689453 446.4241943359375
61.15342712402344 446.560791015625
61.22863006591797 446.6918640136719
61.313209533691406 446.8149719238281
61.3919677734375 446.9111328125
61.473297119140625 446.994384765625
61.56089401245117 447.06951904296875
61.65460968017578 447.13653564453125
61.7537727355957 447.19500732421875
61.85768127441406 447.2445068359375
61.965538024902344 447.28466796875
62.076507568359375 447.315185546875
62.189762115478516 447.3358154296875
62.30514907836914 447.3464660644531
62.451385498046875 447.3473815917969
62.670127868652344 447.33233642578125
62.893714904785156 447.3019714355469
63.115264892578125 447.25689697265625
63.333370208740234 447.1973571777344
63.54709243774414 447.12359619140625
63.7555046081543 447.03594970703125
63.95771026611328 446.934814453125
64.15283203125 446.82061767578125
64.34002685546875 446.69384765625
64.51848602294922 446.5550231933594
64.68743133544922 446.40478515625
64.84613037109375 446.2437744140625
64.99388122558594 446.0727233886719
65.12991333007812 445.8925476074219
65.25357055664062 445.70416259765625
65.36449432373047 445.5081787109375
65.46206665039062 445.3058166503906
65.54593658447266 445.0979309082031
65.61570739746094 444.88568115234375
65.6706771850586 444.6719055175781
65.71025848388672 444.4610900878906
65.734130859375 444.2616882324219
65.74334716796875 444.08514404296875
65.74103546142578 443.9360046386719
65.7308349609375 443.81427001953125
65.71279907226562 443.6964416503906
65.68693542480469 443.5809020996094
65.65324401855469 443.4673767089844
65.61188507080078 443.3564147949219
65.56304931640625 443.24853515625
65.50696563720703 443.1442565917969
65.44389343261719 443.0440368652344
65.3741226196289 442.9483642578125
65.29798889160156 442.857666015625
65.2158432006836 442.77239990234375
65.12806701660156 442.69293212890625
65.03507232666016 442.61962890625
64.93728637695312 442.5528564453125
64.83517456054688 442.492919921875
64.72920227050781 442.4400939941406
64.619873046875 442.3946228027344
64.50769805908203 442.3567199707031
64.39319610595703 442.3265686035156
64.27690124511719 442.3042907714844
64.15935516357422 442.2900085449219
64.04110717773438 442.2837829589844
63.92271041870117 442.28564453125
63.804718017578125 442.2955627441406
63.68767547607422 442.31353759765625
63.5721321105957 442.3394470214844
63.4586296081543 442.3731689453125
63.347694396972656 442.4145812988281
63.239845275878906 442.4634704589844
63.135581970214844 442.51959228515625
63.03539276123047 442.58270263671875
62.93974685668945 442.6524963378906
62.849090576171875 442.7286682128906
62.76384353637695 442.81085205078125
62.68440628051758 442.8986511230469
62.611148834228516 442.9916687011719
62.544410705566406 443.0894775390625
62.48450469970703 443.1916198730469
62.43171310424805 443.297607421875
62.38627624511719 443.4069519042969
62.348411560058594 443.5191345214844
62.318294525146484 443.6336364746094
62.29606246948242 443.74993896484375
62.281864166259766 443.8671569824219
62.275691986083984 443.9853820800781
62.27763366699219 444.1044006347656
62.2879753112793 444.2256164550781
62.30729675292969 444.349609375
62.33667755126953 444.4778747558594
62.37751007080078 444.6110534667969
62.43070602416992 444.7474060058594
62.495994567871094 444.88299560546875
62.57223129272461 445.01385498046875
62.658546447753906 445.1380310058594
62.74588394165039 445.24383544921875
62.82939910888672 445.328857421875
62.91743469238281 445.40399169921875
63.011451721191406 445.47088623046875
63.11080551147461 445.5291442871094
63.214847564697266 445.5783996582031
63.32281494140625 445.6183166503906
63.433895111083984 445.6485595703125
63.547271728515625 445.6689147949219
63.66474914550781 445.67950439453125
63.81231689453125 445.6801452636719
64.03141021728516 445.6646728515625
64.25511932373047 445.6339111328125
64.47659301757812 445.5884704589844
64.69459533691406 445.528564453125
64.90818786621094 445.4544677734375
65.116455078125 445.3664855957031
65.31848907470703 445.2650146484375
65.51341247558594 445.1504821777344
65.70038604736328 445.02337646484375
65.87860107421875 444.88427734375
66.04728698730469 444.7337646484375
66.20570373535156 444.572509765625
66.35309600830078 444.4012756347656
66.48876190185547 444.220947265625
66.61188507080078 444.0326843261719
66.72222900390625 443.8369445800781
66.81929016113281 443.6347351074219
66.90235137939453 443.4277648925781
66.97122192382812 443.2169494628906
67.02495574951172 443.0063171386719
67.06285858154297 442.8020935058594
67.08486938476562 442.6144714355469
67.09288024902344 442.4525146484375
67.09032440185547 442.3140563964844
67.0797348022461 442.19219970703125
67.06146240234375 442.0751953125
67.03524780273438 441.959716796875
67.00120544433594 441.8463134765625
66.95950317382812 441.7354736328125
66.91033172607422 441.62774658203125
66.85392761230469 441.52362060546875
66.79054260253906 441.4236145019531
66.7204818725586 441.3281555175781
66.6440658569336 441.2377014160156
66.56165313720703 441.1526794433594
66.4736328125 441.073486328125
66.38040924072266 441.00048828125
66.28241729736328 440.93402099609375
66.18011474609375 440.8743896484375
66.07398223876953 440.8218688964844
65.96451568603516 440.7767333984375
65.85221862792969 440.7391662597656
65.73762512207031 440.7093505859375
65.62126159667969 440.68743896484375
65.50366973876953 440.67352294921875
65.38540649414062 440.66766357421875
65.26701354980469 440.6698913574219
65.1490478515625 440.68017578125
65.03206634521484 440.698486328125
64.9166030883789 440.7247619628906
64.80320739746094 440.75885009765625
64.69239807128906 440.80059814453125
64.58470153808594 440.8498229980469
64.4806137084961 440.9062805175781
64.38062286376953 440.9696960449219
64.28519439697266 441.039794921875
64.19477081298828 441.1162414550781
64.10977935791016 441.1986999511719
64.03060913085938 441.2867431640625
63.957637786865234 441.3800048828125
63.89120101928711 441.47802734375
63.83161163330078 441.5803527832031
63.779144287109375 441.6864929199219
63.734046936035156 441.7959899902344
63.696529388427734 441.9082946777344
63.66676330566406 442.0229187011719
63.64488983154297 442.1392822265625
63.63105010986328 442.2565612792969
63.625247955322266 442.3745422363281
63.62754821777344 442.49359130859375
63.63814163208008 442.6136169433594
63.65779113769531 442.7374572753906
63.687416076660156 442.8652038574219
63.728294372558594 442.9973449707031
63.781314849853516 443.1324157714844
63.84638595581055 443.26702880859375
63.9222526550293 443.39715576171875
64.00858306884766 443.5216064453125
64.09759521484375 443.62982177734375
64.18338012695312 443.7175598144531
64.27175903320312 443.7933654785156
64.36568450927734 443.8605651855469
64.46500396728516 443.91912841796875
64.56898498535156 443.96868896484375
64.67691040039062 444.0088806152344
64.78797149658203 444.0394287109375
64.9013442993164 444.0600891113281
65.0169448852539 444.0707702636719
65.16575622558594 444.07177734375
65.37796020507812 444.05731201171875
65.60187530517578 444.0270080566406
65.82343292236328 443.9820251464844
66.04156494140625 443.9225769042969
66.25531768798828 443.84893798828125
66.4637680053711 443.76141357421875
66.666015625 443.6603698730469
66.8611831665039 443.5462646484375
67.04843139648438 443.4195861816406
67.22694396972656 443.2808532714844
67.39594268798828 443.1307067871094
67.5546875 442.9698181152344
67.70240783691406 442.7989501953125
67.83792877197266 442.6195983886719
67.96125030517578 442.431884765625
68.07180786132812 442.23675537109375
68.1688461303711 442.03564453125
68.25209045410156 441.8294677734375
68.32057189941406 441.6212463378906
68.37342834472656 441.41558837890625
68.41139221191406 441.21295166015625
68.43206024169922 441.03900146484375
68.43960571289062 440.8900451660156
68.43732452392578 440.7590637207031
68.42700958251953 440.6389465332031
68.40885162353516 440.5219421386719
68.38274383544922 440.40643310546875
68.34881591796875 440.2929992675781
68.30722045898438 440.18212890625
68.2581558227539 440.0743713378906
68.20185089111328 439.97021484375
68.13856506347656 439.8701477050781
68.06859588623047 439.7746276855469
67.99227142333984 439.6841125488281
67.90994262695312 439.5989990234375
67.8219985961914 439.51971435546875
67.72884368896484 439.4466247558594
67.63092041015625 439.38006591796875
67.52867889404297 439.3203430175781
67.42259979248047 439.2677307128906
67.31317901611328 439.22247314453125
67.20092010498047 439.1847839355469
67.08634948730469 439.15484619140625
66.97000885009766 439.1328125
66.85243225097656 439.1187744140625
66.73416900634766 439.11279296875
66.61577606201172 439.1148986816406
66.497802734375 439.1250915527344
66.38079833984375 439.143310546875
66.26531219482422 439.1694641113281
66.1518783569336 439.20343017578125
66.04103088378906 439.24505615234375
65.93338775634766 439.29412841796875
65.8294906616211 439.350341796875
65.72943878173828 439.4136657714844
65.63394165039062 439.4836730957031
65.54344177246094 439.5600280761719
65.45836639404297 439.64239501953125
65.37911224365234 439.7303771972656
65.3060531616211 439.82354736328125
65.2395248413086 439.9215087890625
65.1798324584961 440.0237731933594
65.12726593017578 440.1298828125
65.08206176757812 440.23931884765625
65.04438018798828 440.3517761230469
65.0145034790039 440.46636962890625
64.99251556396484 440.5827331542969
64.97852325439453 440.7002868652344
64.97261047363281 440.8182373046875
64.97478485107422 440.9369201660156
64.98516845703125 441.05615234375
65.0040283203125 441.1763000488281
65.03195190429688 441.2981872558594
65.06991577148438 441.4228515625
65.12039947509766 441.5538330078125
65.18169403076172 441.6833801269531
65.2548599243164 441.81195068359375
65.33904266357422 441.9364929199219
65.4329833984375 442.05450439453125
65.52542114257812 442.15289306640625
65.61421203613281 442.23236083984375
65.70735168457031 442.3020324707031
65.80558776855469 442.3628234863281
65.90866088867188 442.4146728515625
66.0158462524414 442.4572448730469
66.12631225585938 442.4902038574219
66.23936462402344 442.5133361816406
66.35440063476562 442.5264587402344
66.4863052368164 442.52996826171875
66.67703247070312 442.520263671875
66.90097045898438 442.4936218261719
67.12320709228516 442.45220947265625
67.34225463867188 442.3962707519531
67.55715942382812 442.3260803222656
67.76698303222656 442.2419128417969
67.9708251953125 442.1441345214844
68.16779327392578 442.0331726074219
68.35704803466797 441.9095153808594
68.53776550292969 441.773681640625
68.70914459228516 441.62628173828125
68.87042999267578 441.4679870605469
69.02082061767578 441.2995910644531
69.15892791748047 441.122802734375
69.28497314453125 440.9375
69.39816284179688 440.7449645996094
69.49810791015625 440.5460205078125
69.5843276977539 440.3418884277344
69.65576171875 440.13580322265625
69.71149444580078 439.9324035644531
69.7507553100586 439.7396240234375
69.77397155761719 439.567138671875
69.7838134765625 439.4185791015625
69.78356170654297 439.2873840332031
69.77518463134766 439.1681823730469
69.75883483886719 439.0509033203125
69.7345199584961 438.9350280761719
69.70235443115234 438.8210754394531
69.66248321533203 438.7095642089844
69.61509704589844 438.6010437011719
69.56040954589844 438.4960021972656
69.4986801147461 438.39495849609375
69.4301986694336 438.2983703613281
69.35531616210938 438.20672607421875
69.27442932128906 438.1204833984375
69.1878433227539 438.0399475097656
69.09593963623047 437.96551513671875
68.99905395507812 437.8974304199219
68.89775085449219 437.83612060546875
68.79249572753906 437.7818603515625
68.68378448486328 437.73492431640625
68.5721206665039 437.6955261230469
68.4580307006836 437.663818359375
68.342041015625 437.6399841308594
68.22469329833984 437.6241149902344
68.10653686523438 437.6163024902344
67.98812103271484 437.6165771484375
67.87000274658203 437.62493896484375
67.75273132324219 437.6413269042969
67.63685607910156 437.6656799316406
67.52291107177734 437.6979064941406
67.41143035888672 437.7378234863281
67.30310821533203 437.7851867675781
67.19840240478516 437.8397521972656
67.09747314453125 437.9014587402344
67.00090026855469 437.969970703125
66.90923309326172 438.044921875
66.8228988647461 438.1259460449219
66.74229431152344 438.2126770019531
66.66780090332031 438.3047180175781
66.59976196289062 438.4016418457031
66.53849792480469 438.5029602050781
66.48429107666016 438.6082458496094
66.4374008178711 438.71697998046875
66.39794158935547 438.82891845703125
66.36624908447266 438.94317626953125
66.34246826171875 439.0591735839844
66.32666015625 439.176513671875
66.31892395019531 439.2943420410156
66.31925201416016 439.41259765625
66.32772827148438 439.5314025878906
66.34469604492188 439.6517639160156
66.37022399902344 439.7720031738281
66.40518188476562 439.8940124511719
66.45057678222656 440.0184020996094
66.5082015991211 440.1465759277344
66.5719985961914 440.2646789550781
66.65059661865234 440.3875732421875
66.73994445800781 440.5063171386719
66.83929443359375 440.6186828613281
66.93082427978516 440.7061462402344
67.02342987060547 440.7803649902344
67.1202621459961 440.8448791503906
67.22177124023438 440.9002990722656
67.32765197753906 440.946533203125
67.43717193603516 440.9832458496094
67.54956817626953 441.01019287109375
67.66442108154297 441.0272521972656
67.78248596191406 441.0342712402344
67.94998931884766 441.0307312011719
68.17152404785156 441.01055908203125
68.39474487304688 440.97528076171875
68.6152114868164 440.9253845214844
68.83194732666016 440.8611145019531
69.04399108886719 440.7827453613281
69.25042724609375 440.69061279296875
69.45036315917969 440.5850830078125
69.64292907714844 440.4666748046875
69.82728576660156 440.3358459472656
70.00262451171875 440.1932067871094
70.16815948486328 440.0393981933594
70.32304382324219 439.875244140625
70.46611785888672 439.70208740234375
70.59664916992188 439.52105712890625
70.71467590332031 439.3323059082031
70.81963348388672 439.13690185546875
70.91040802001953 438.9373779296875
70.98698425292969 438.7344665527344
71.04776000976562 438.5342102050781
71.09183502197266 438.3442687988281
71.11952209472656 438.1736755371094
71.1344223022461 438.014404296875
71.13774871826172 437.883056640625
71.132568359375 437.7623291015625
71.11942291259766 437.64459228515625
71.09828186035156 437.528076171875
71.0692367553711 437.41326904296875
71.03242492675781 437.30072021484375
70.9880142211914 437.1909484863281
70.93621826171875 437.08447265625
70.87727355957031 436.9817810058594
70.81145477294922 436.88336181640625
70.73918151855469 436.789794921875
70.66072845458984 436.701416015625
70.57644653320312 436.6186218261719
70.48670196533203 436.5417785644531
70.39189147949219 436.4712219238281
70.29241180419922 436.4072570800781
70.18867492675781 436.35015869140625
70.08128356933594 436.3002624511719
69.97074127197266 436.2578125
69.85755920410156 436.2230224609375
69.74226379394531 436.196044921875
69.62539672851562 436.177001953125
69.50743865966797 436.16595458984375
69.38892364501953 436.1629943847656
69.2704849243164 436.1681213378906
69.1527099609375 436.18133544921875
69.03618621826172 436.2025451660156
68.9214096069336 436.23162841796875
68.80888366699219 436.26849365234375
68.69913482666016 436.3129577636719
68.59297943115234 436.3646545410156
68.49058532714844 436.4234924316406
68.3922119140625 436.4893493652344
68.29853820800781 436.561767578125
68.21002197265625 436.6404113769531
68.12706756591797 436.7249450683594
68.05009460449219 436.8149108886719
67.97943878173828 436.9099426269531
67.91543579101562 437.0095520019531
67.85838317871094 437.1133117675781
67.80854797363281 437.2207336425781
67.76607513427734 437.3315124511719
67.73124694824219 437.4449768066406
67.70428466796875 437.5603942871094
67.68528747558594 437.6772766113281
67.67432403564453 437.7950744628906
67.67143249511719 437.91314697265625
67.67662811279297 438.031494140625
67.68997955322266 438.14984130859375
67.7116470336914 438.2682189941406
67.742431640625 438.3886413574219
67.78294372558594 438.5107421875
67.8340835571289 438.63458251953125
67.89115905761719 438.7489929199219
67.9587173461914 438.8633117675781
68.04154205322266 438.9825439453125
68.13377380371094 439.09600830078125
68.23795318603516 439.20550537109375
68.33467864990234 439.2915344238281
68.43115234375 439.3633728027344
68.5302505493164 439.4244384765625
68.63448333740234 439.4766540527344
68.74221801757812 439.51922607421875
68.85333251953125 439.55218505859375
68.96736907958984 439.5753173828125
69.08448028564453 439.5885314941406
69.21688079833984 439.5919189453125
69.42304992675781 439.5813293457031
69.64720153808594 439.5547180175781
69.86933135986328 439.5133972167969
70.08834838867188 439.4575500488281
70.30320739746094 439.3874206542969
70.51301574707031 439.3033142089844
70.71685028076172 439.2055969238281
70.91381072998047 439.0946960449219
71.1030502319336 438.9710998535156
71.28375244140625 438.8353271484375
71.4550552368164 438.68804931640625
71.61616516113281 438.52996826171875
71.76594543457031 438.3623046875
71.90299987792969 438.1868896484375
72.0279541015625 438.0032043457031
72.13982391357422 437.8128967285156
72.23831176757812 437.6167907714844
72.32205200195312 437.4183654785156
72.3898696899414 437.2223205566406
72.44276428222656 437.028564453125
72.47895050048828 436.8496398925781
72.4999008178711 436.69195556640625
72.50833129882812 436.5606994628906
72.50782775878906 436.4376220703125
72.49925994873047 436.3194274902344
72.48265838623047 436.2021789550781
72.45809173583984 436.0863342285156
72.42567443847656 435.9724426269531
72.38555908203125 435.86102294921875
72.33792877197266 435.75262451171875
72.28301239013672 435.647705078125
72.22106170654297 435.5467834472656
72.15250396728516 435.4505310058594
72.07756805419922 435.3592224121094
71.99659729003906 435.27325439453125
71.90994262695312 435.1930236816406
71.81800842285156 435.118896484375
71.72119140625 435.0511779785156
71.61991119384766 434.9902038574219
71.51453399658203 434.9361877441406
71.40571594238281 434.8894958496094
71.2939682006836 434.850341796875
71.1798095703125 434.81890869140625
71.06376647949219 434.79534912109375
70.9461898803711 434.77972412109375
70.8277359008789 434.77215576171875
70.70899963378906 434.772705078125
70.5905990600586 434.7813415527344
70.4731674194336 434.79803466796875
70.35726165771484 434.8226623535156
70.24339294433594 434.8551330566406
70.13200378417969 434.8952941894531
70.02376556396484 434.9429016113281
69.91915130615234 434.99774169921875
69.81852722167969 435.0595703125
69.7222900390625 435.128173828125
69.63069915771484 435.20343017578125
69.54440307617188 435.2847900390625
69.46385192871094 435.37188720703125
69.38946533203125 435.4642333984375
69.32164001464844 435.5613098144531
69.26060485839844 435.66278076171875
69.2066421508789 435.7681884765625
69.15999603271484 435.87701416015625
69.12055206298828 435.98974609375
69.08901977539062 436.1044616699219
69.06543731689453 436.2208557128906
69.04989624023438 436.3382568359375
69.04241180419922 436.456298828125
69.04300689697266 436.57440185546875
69.05169677734375 436.6925354003906
69.06861114501953 436.8108825683594
69.09395599365234 436.9293518066406
69.12869262695312 437.050048828125
69.17332458496094 437.1720886230469
69.22425079345703 437.2858581542969
69.28153991699219 437.3931884765625
69.34841918945312 437.4999084472656
69.43251037597656 437.6147766113281
69.52552795410156 437.72381591796875
69.63237762451172 437.83111572265625
69.73375701904297 437.9173889160156
69.83341217041016 437.98834228515625
69.93460845947266 438.04779052734375
70.04071807861328 438.0981750488281
70.1501235961914 438.1387634277344
70.26283264160156 438.1696472167969
70.37837219238281 438.19061279296875
70.49809265136719 438.2016296386719
70.64100646972656 438.2024841308594
70.85284423828125 438.187744140625
71.07616424560547 438.1572265625
71.29744720458984 438.1119689941406
71.515380859375 438.05224609375
71.72891998291016 437.97833251953125
71.93716430664062 437.8905334472656
72.13919067382812 437.78924560546875
72.33411407470703 437.6748962402344
72.52108001708984 437.5480041503906
72.69929504394531 437.40911865234375
72.8678207397461 437.25897216796875
73.02557373046875 437.0986022949219
73.17061614990234 436.9302978515625
73.30352783203125 436.7537841796875
73.42411041259766 436.5694885253906
73.53118133544922 436.37957763671875
73.62460327148438 436.184814453125
73.7026596069336 435.9899597167969
73.76602935791016 435.79522705078125
73.81268310546875 435.61083984375
73.8410873413086 435.45513916015625
73.85664367675781 435.31744384765625
73.86225891113281 435.19097900390625
73.8593978881836 435.0711975097656
73.84849548339844 434.9532775878906
73.8295669555664 434.8363952636719
73.80270385742188 434.7210693359375
73.76803588867188 434.60784912109375
73.72571563720703 434.49725341796875
73.67594909667969 434.3898010253906
73.61896514892578 434.2860107421875
73.55502319335938 434.18634033203125
73.484619140625 434.0915222167969
73.40792083740234 434.0017395019531
73.32527160644531 433.91741943359375
73.237060546875 433.83892822265625
73.14369201660156 433.76666259765625
73.04558563232422 433.700927734375
72.94316864013672 433.6419982910156
72.83683776855469 433.59014892578125
72.72711944580078 433.5456237792969
72.61461639404297 433.5086975097656
72.4998550415039 433.4795227050781
72.38317108154297 433.4582214355469
72.26508331298828 433.4449157714844
72.1462631225586 433.439697265625
72.02733612060547 433.4425964355469
71.90892028808594 433.45361328125
71.79169464111328 433.47265625
71.67619323730469 433.4996337890625
71.56295776367188 433.53436279296875
71.452392578125 433.5767517089844
71.34525299072266 433.62646484375
71.24169921875 433.68341064453125
71.1423568725586 433.7472229003906
71.04755401611328 433.8177185058594
70.95726776123047 433.89495849609375
70.87240600585938 433.9782409667969
70.79342651367188 434.0671081542969
70.72075653076172 434.1611022949219
70.65480041503906 434.2596435546875
70.5958023071289 434.3623046875
70.5439453125 434.46875
70.49940490722656 434.57867431640625
70.46204376220703 434.69268798828125
70.43264770507812 434.8086242675781
70.41133880615234 434.92572021484375
70.39813995361328 435.04339599609375
70.39301300048828 435.1615295410156
70.39595794677734 435.27960205078125
70.40699768066406 435.39752197265625
70.42625427246094 435.51544189453125
70.45389556884766 435.6331481933594
70.49029541015625 435.7508850097656
70.5360107421875 435.868896484375
70.58694458007812 435.9773864746094
70.64502716064453 436.081787109375
70.71463775634766 436.1886901855469
70.79886627197266 436.2997131347656
70.89154052734375 436.4048767089844
70.9994125366211 436.510009765625
71.10528564453125 436.59759521484375
71.20818328857422 436.6687927246094
71.31233978271484 436.7281494140625
71.42033386230469 436.7777404785156
71.53128051757812 436.81732177734375
71.64564514160156 436.84710693359375
71.76473999023438 436.8672180175781
71.89202880859375 436.87744140625
72.04901123046875 436.87701416015625
72.26490783691406 436.86065673828125
72.48770141601562 436.828857421875
72.70845794677734 436.7823486328125
72.92587280273438 436.72137451171875
73.1388931274414 436.6462097167969
73.34654998779297 436.55718994140625
73.54790496826172 436.4547424316406
73.74208068847656 436.3392639160156
73.92816162109375 436.2113342285156
74.1053237915039 436.071533203125
74.27267456054688 435.9206237792969
74.42866516113281 435.7601318359375
74.571044921875 435.5928649902344
74.70145416259766 435.41741943359375
74.81937408447266 435.2347106933594
74.92330932617188 435.0475769042969
75.01336669921875 434.85662841796875
75.08738708496094 434.6681823730469
75.144287109375 434.48895263671875
75.18421936035156 434.32586669921875
75.20942687988281 434.1810607910156
75.22312927246094 434.0501403808594
75.22750091552734 433.9289245605469
75.22366333007812 433.80987548828125
75.21177673339844 433.6920471191406
75.19187927246094 433.5753173828125
75.1640625 433.4602355957031
75.12844848632812 433.3473205566406
75.08521270751953 433.2370910644531
75.03455352783203 433.13006591796875
74.9767074584961 433.0267333984375
74.91211700439453 432.9278869628906
74.84093475341797 432.83367919921875
74.76348876953125 432.74456787109375
74.68013000488281 432.6609191894531
74.59126281738281 432.5831604003906
74.4972915649414 432.51165771484375
74.3986587524414 432.4467468261719
74.29579162597656 432.3887023925781
74.18910217285156 432.3377685546875
74.07901000976562 432.2941589355469
73.96620178222656 432.2581787109375
73.8511962890625 432.22998046875
73.73409271240234 432.2096252441406
73.61568450927734 432.1972961425781
73.49652099609375 432.19305419921875
73.37732696533203 432.19696044921875
73.25875854492188 432.208984375
73.14143371582031 432.22906494140625
73.02603912353516 432.25701904296875
72.91301727294922 432.292724609375
72.80281066894531 432.3360290527344
72.69612121582031 432.3865966796875
72.59297943115234 432.4444274902344
72.49420166015625 432.5090637207031
72.40001678466797 432.580322265625
72.31014251708984 432.65850830078125
72.2256851196289 432.7427978515625
72.14720916748047 432.8326110839844
72.07514190673828 432.92742919921875
72.00984191894531 433.0267639160156
71.95165252685547 433.1300048828125
71.90068817138672 433.23687744140625
71.85697937011719 433.3473815917969
71.82036590576172 433.4623718261719
71.79181671142578 433.5790710449219
71.77143096923828 433.6966857910156
71.75922393798828 433.814453125
71.75508117675781 433.93280029296875
71.75901794433594 434.05084228515625
71.77104187011719 434.16864013671875
71.791259765625 434.2862854003906
71.81963348388672 434.40277099609375
71.85645294189453 434.5185852050781
71.90269470214844 434.6352844238281
71.95403289794922 434.7425231933594
72.01248931884766 434.8458251953125
72.0802993774414 434.9484558105469
72.15762329101562 435.0494079589844
72.24845123291016 435.1518859863281
72.35492706298828 435.2553405761719
72.46403503417969 435.34552001953125
72.57288360595703 435.4208984375
72.68025207519531 435.4822692871094
72.78925323486328 435.53253173828125
72.90287780761719 435.57330322265625
73.0202865600586 435.60418701171875
73.14187622070312 435.6250305175781
73.27796173095703 435.6364440917969
73.4342269897461 435.63665771484375
73.6544189453125 435.6208801269531
73.87445068359375 435.59039306640625
74.09473419189453 435.544921875
74.3122329711914 435.48486328125
74.52548217773438 435.41058349609375
74.73336029052734 435.32244873046875
74.93501281738281 435.2208251953125
75.1295166015625 435.106201171875
75.31591033935547 434.9791564941406
75.49332427978516 434.8403015136719
75.66067504882812 434.6905517578125
75.8156967163086 434.53228759765625
75.95695495605469 434.36761474609375
76.0865249633789 434.19464111328125
76.2029800415039 434.0155944824219
76.30490112304688 433.8335266113281
76.39273834228516 433.6488342285156
76.4638671875 433.4692687988281
76.52027893066406 433.2932434082031
76.55772399902344 433.1419982910156
76.58174133300781 433.0059509277344
76.59524536132812 432.8797302246094
76.59989929199219 432.7583923339844
76.59635162353516 432.6400451660156
76.58473205566406 432.522216796875
76.56509399414062 432.40545654296875
76.53752899169922 432.290283203125
76.50216674804688 432.1772766113281
76.45917510986328 432.06695556640625
76.40875244140625 431.9598083496094
76.35113525390625 431.8563537597656
76.28677368164062 431.7573547363281
76.21580505371094 431.6629943847656
76.13854217529297 431.57366943359375
76.05535888671875 431.4898376464844
75.96664428710938 431.411865234375
75.87281799316406 431.34014892578125
75.77433013916016 431.2750244140625
75.67162322998047 431.2167663574219
75.56513977050781 431.1656494140625
75.45528411865234 431.1218566894531
75.3425521850586 431.08563232421875
75.22760772705078 431.05718994140625
75.11034393310547 431.0365295410156
74.9915771484375 431.0238952636719
74.8720703125 431.0193786621094
74.75249481201172 431.0230407714844
74.6335220336914 431.03485107421875
74.51590728759766 431.0547180175781
74.40018463134766 431.0824890136719
74.28688049316406 431.1180114746094
74.1764907836914 431.1611022949219
74.0696792602539 431.2114562988281
73.96637725830078 431.26910400390625
73.8674545288086 431.3335266113281
73.77314758300781 431.4045715332031
73.68266296386719 431.48297119140625
73.59762573242188 431.5674743652344
73.51856994628906 431.6575622558594
73.44596862792969 431.7526550292969
73.38030242919922 431.8520812988281
73.3217544555664 431.9554443359375
73.27052307128906 432.0622863769531
73.22673797607422 432.17230224609375
73.18978881835938 432.2874755859375
73.16082763671875 432.4047546386719
73.1401138305664 432.52276611328125
73.12762451171875 432.64080810546875
73.12322998046875 432.7591247558594
73.12691497802734 432.87713623046875
73.13866424560547 432.9947814941406
73.15848541259766 433.1116943359375
73.18641662597656 433.22760009765625
73.22282409667969 433.3431396484375
73.26788330078125 433.45782470703125
73.3190689086914 433.5655822753906
73.37704467773438 433.66876220703125
73.44316101074219 433.7695617675781
73.51750183105469 433.867431640625
73.60533142089844 433.9675598144531
73.70068359375 434.0616760253906
73.81619262695312 434.15960693359375
73.9324722290039 434.242919921875
74.04940032958984 434.3125915527344
74.16067504882812 434.36651611328125
74.27674102783203 434.4107666015625
74.39678192138672 434.4449157714844
74.52153015136719 434.4689636230469
74.6608657836914 434.483642578125
74.81477355957031 434.48712158203125
75.02245330810547 434.47650146484375
75.23856353759766 434.450927734375
75.45840454101562 434.4100341796875
75.67613983154297 434.3544921875
75.89032745361328 434.2845458984375
76.0996322631836 434.2005920410156
76.30302429199219 434.1030578613281
76.4995346069336 433.99237060546875
76.6881103515625 433.8691711425781
76.86787414550781 433.7340393066406
77.03758239746094 433.5880432128906
77.19458770751953 433.4338684082031
77.33682250976562 433.2744140625
77.46768188476562 433.1065368652344
77.58566284179688 432.9325256347656
77.6892318725586 432.7555236816406
77.77889251708984 432.5758361816406
77.85195922851562 432.40106201171875
77.90784454345703 432.23724365234375
77.94763946533203 432.08831787109375
77.97406005859375 431.9532165527344
77.98949432373047 431.83038330078125
77.99638366699219 431.7090148925781
77.99501037597656 431.5906066894531
77.98555755615234 431.4725646972656
77.96807098388672 431.3554382324219
77.942626953125 431.23980712890625
77.90934753417969 431.12615966796875
77.86839294433594 431.0150451660156
77.8199462890625 430.906982421875
77.76423645019531 430.802490234375
77.70169830322266 430.70233154296875
77.63245391845703 430.6066589355469
77.55683135986328 430.51593017578125
77.47516632080078 430.4305419921875
77.38786315917969 430.3509521484375
77.29533386230469 430.2774963378906
77.19803619384766 430.2105712890625
77.0964126586914 430.15045166015625
76.99092102050781 430.097412109375
76.88200378417969 430.0516662597656
76.77001953125 430.0133972167969
76.6556167602539 429.98284912109375
76.5383071899414 429.9599609375
76.41957092285156 429.94512939453125
76.29971313476562 429.93841552734375
76.17959594726562 429.9399108886719
76.05992889404297 429.9495849609375
75.94153594970703 429.96734619140625
75.82495880126953 429.99310302734375
75.71074676513672 430.0266418457031
75.59939575195312 430.0677795410156
75.49134826660156 430.1163330078125
75.38697052001953 430.1720886230469
75.28685760498047 430.2347106933594
75.19127655029297 430.30401611328125
75.1004867553711 430.37982177734375
75.01333618164062 430.46331787109375
74.93207550048828 430.5525817871094
74.85725402832031 430.64697265625
74.78929901123047 430.7458801269531
74.72864532470703 430.8485412597656
74.67534637451172 430.9546813964844
74.6295394897461 431.06390380859375
74.59082794189453 431.1773986816406
74.55927276611328 431.29583740234375
74.53630065917969 431.4139709472656
74.52156066894531 431.53253173828125
74.51500701904297 431.6507568359375
74.51654052734375 431.76904296875
74.526123046875 431.8867492675781
74.54374694824219 432.0036315917969
74.5694351196289 432.11956787109375
74.60337829589844 432.2347106933594
74.64567565917969 432.3486328125
74.69611358642578 432.4601745605469
74.75209045410156 432.5642395019531
74.81513214111328 432.66436767578125
74.88632202148438 432.76190185546875
74.96602630615234 432.8565673828125
75.05707550048828 432.9504699707031
75.1620864868164 433.04412841796875
75.2824935913086 433.1360168457031
75.40355682373047 433.2136535644531
75.52142333984375 433.27587890625
75.64378356933594 433.3276062011719
75.7671890258789 433.36767578125
75.89580535888672 433.39752197265625
76.03588104248047 433.4176940917969
76.18885803222656 433.4271240234375
76.35115051269531 433.42486572265625
76.55140686035156 433.40802001953125
76.76687622070312 433.37530517578125
76.98492431640625 433.3272705078125
77.19954681396484 433.26495361328125
77.41059875488281 433.1882629394531
77.6164321899414 433.0977478027344
77.81591796875 432.9938659667969
78.00772857666016 432.8773498535156
78.19107818603516 432.74871826171875
78.36470031738281 432.6089782714844
78.52520751953125 432.4613342285156
78.66960144042969 432.3096923828125
78.80316162109375 432.14935302734375
78.92431640625 431.9825439453125
79.03276824951172 431.8101806640625
79.12620544433594 431.6370544433594
79.2032470703125 431.4681701660156
79.26329803466797 431.3089599609375
79.307373046875 431.162841796875
79.33799743652344 431.0290222167969
79.35784149169922 430.90350341796875
79.36860656738281 430.7822265625
79.37100982666016 430.6637878417969
79.36531829833984 430.5455017089844
79.35157012939453 430.4278869628906
79.32982635498047 430.3114929199219
79.30018615722656 430.19683837890625
79.2627944946289 430.08447265625
79.21781921386719 429.9749450683594
79.16546630859375 429.8687438964844
79.10614776611328 429.7666320800781
79.03997802734375 429.6687927246094
78.96725463867188 429.5756530761719
78.88831329345703 429.4876708984375
78.80354309082031 429.4052734375
78.71334075927734 429.3288879394531
78.6181640625 429.25885009765625
78.51844787597656 429.19549560546875
78.4146728515625 429.1391296386719
78.30731201171875 429.0899658203125
78.19676208496094 429.0482177734375
78.08338928222656 429.0140380859375
77.96673583984375 428.9874267578125
77.84788513183594 428.9687194824219
77.72789001464844 428.9581604003906
77.60722351074219 428.955810546875
77.48666381835938 428.96173095703125
77.36703491210938 428.975830078125
77.2490234375 428.99798583984375
77.13323211669922 429.0280456542969
77.0199966430664 429.06585693359375
76.91028594970703 429.11102294921875
76.80416870117188 429.1634521484375
76.7021484375 429.2228698730469
76.60447692871094 429.2890625
76.5114974975586 429.36181640625
76.4214096069336 429.44281005859375
76.33655548095703 429.5302734375
76.2579345703125 429.62322998046875
76.18629455566406 429.7207336425781
76.12187194824219 429.822265625
76.06487274169922 429.9273376464844
76.01542663574219 430.0354919433594
75.97362518310547 430.1463928222656
75.93821716308594 430.2641296386719
75.91055297851562 430.3857116699219
75.891845703125 430.50518798828125
75.8814926147461 430.62384033203125
75.87928009033203 430.7422180175781
75.88513946533203 430.8601989746094
75.89904022216797 430.9775085449219
75.92098236083984 431.09393310546875
75.95096588134766 431.20904541015625
75.98902130126953 431.3226013183594
76.0352554321289 431.43438720703125
76.0878677368164 431.54034423828125
76.1474609375 431.6422424316406
76.21394348144531 431.73992919921875
76.287841796875 431.8339538574219
76.37376403808594 431.92889404296875
76.46627807617188 432.01763916015625
76.57524108886719 432.1080322265625
76.69881439208984 432.19549560546875
76.82475280761719 432.2701110839844
76.95276641845703 432.3321838378906
77.08003997802734 432.381103515625
77.21253967285156 432.41949462890625
77.35398864746094 432.4478454589844
77.50479125976562 432.4655456542969
77.65467834472656 432.47161865234375
77.82649993896484 432.46624755859375
78.01778411865234 432.44708251953125
78.22787475585938 432.4117126464844
78.4434814453125 432.3605651855469
78.65676879882812 432.29486083984375
78.86510467529297 432.21533203125
79.06861114501953 432.1218566894531
79.26502227783203 432.0154724121094
79.45356750488281 431.89666748046875
79.63277435302734 431.7665100097656
79.80021667480469 431.62713623046875
79.94961547851562 431.4849853515625
80.08736419677734 431.33526611328125
80.21417236328125 431.17755126953125
80.32820892333984 431.0145568847656
80.42767333984375 430.8500061035156
80.51106262207031 430.6885070800781
80.57767486572266 430.534912109375
80.63092041015625 430.3851318359375
80.669677734375 430.2470703125
80.6956558227539 430.1224670410156
80.71215057373047 430.0030822753906
80.72039031982422 429.88385009765625
80.72047424316406 429.76544189453125
80.71247100830078 429.6473083496094
80.69642639160156 429.5299987792969
80.67240905761719 429.4140625
80.64053344726562 429.3000183105469
80.60094451904297 429.18841552734375
80.5538330078125 429.07977294921875
80.4994125366211 428.974609375
80.43807983398438 428.8736267089844
80.36996459960938 428.77703857421875
80.29537200927734 428.6852722167969
80.21466064453125 428.5987854003906
80.12821960449219 428.5180358886719
80.0364761352539 428.4433898925781
79.93988800048828 428.3752136230469
79.83891296386719 428.3138122558594
79.73402404785156 428.2594909667969
79.6257095336914 428.21246337890625
79.51437377929688 428.17291259765625
79.39905548095703 428.140625
79.28124237060547 428.1161804199219
79.1614990234375 428.0997619628906
79.04049682617188 428.0915222167969
78.91899871826172 428.0915832519531
78.7978286743164 428.09991455078125
78.67797088623047 428.116455078125
78.55979919433594 428.1410827636719
78.44412994384766 428.1735534667969
78.33148193359375 428.2136535644531
78.22264099121094 428.2610168457031
78.11736297607422 428.315673828125
78.0165786743164 428.3770751953125
77.92024993896484 428.4451904296875
77.82874298095703 428.519775390625
77.7402114868164 428.60260009765625
77.65602111816406 428.6929016113281
77.57840728759766 428.7884521484375
77.50820922851562 428.8880615234375
77.44552612304688 428.9913330078125
77.3902816772461 429.09814453125
77.34292602539062 429.2073974609375
77.30330657958984 429.31915283203125
77.26962280273438 429.4397888183594
77.24407196044922 429.5633544921875
77.22785186767578 429.68231201171875
77.21984100341797 429.8013610839844
77.219970703125 429.9197692871094
77.22816467285156 430.0375671386719
77.244384765625 430.154541015625
77.26862335205078 430.2704162597656
77.30084228515625 430.384765625
77.34104919433594 430.4972839355469
77.3892822265625 430.6076965332031
77.4438247680664 430.71234130859375
77.50537109375 430.81298828125
77.57369232177734 430.9092712402344
77.64881896972656 431.0011291503906
77.73515319824219 431.0929260253906
77.8277816772461 431.17852783203125
77.93443298339844 431.26385498046875
78.05690002441406 431.34765625
78.18742370605469 431.4226379394531
78.32154083251953 431.4857482910156
78.45613861083984 431.5359191894531
78.5963363647461 431.57525634765625
78.74507904052734 431.60418701171875
78.89190673828125 431.62103271484375
79.0376205444336 431.626953125
79.2009048461914 431.6220703125
79.38263702392578 431.6041259765625
79.58831787109375 431.56976318359375
79.7938003540039 431.5212097167969
80.00077056884766 431.45758056640625
80.20735168457031 431.3788146972656
80.40958404541016 431.2860107421875
80.60438537597656 431.1805725097656
80.79000091552734 431.06365966796875
80.9673843383789 430.934814453125
81.1302490234375 430.7992248535156
81.27265167236328 430.6636657714844
81.40568542480469 430.5188903808594
81.52698516845703 430.3677673339844
81.63618469238281 430.2113342285156
81.73265838623047 430.0512390136719
81.813720703125 429.8936767578125
81.87604522705078 429.74932861328125
81.92367553710938 429.61456298828125
81.958984375 429.48779296875
81.98412322998047 429.36590576171875
82.00038146972656 429.2463073730469
82.00830078125 429.1279602050781
82.00812530517578 429.0095520019531
81.99986267089844 428.89141845703125
81.98355865478516 428.7741394042969
81.95928955078125 428.6582336425781
81.92716217041016 428.54425048828125
81.8873291015625 428.4327392578125
81.83998107910156 428.32421875
81.78533172607422 428.21917724609375
81.7237548828125 428.1183166503906
81.65536499023438 428.02178955078125
81.58052062988281 427.9301452636719
81.49954986572266 427.8437805175781
81.41284942626953 427.7631530761719
81.32086944580078 427.68865966796875
81.22404479980469 427.6206359863281
81.12285614013672 427.5594177246094
81.017822265625 427.50531005859375
80.90939331054688 427.4585266113281
80.79803466796875 427.41925048828125
80.68270111083984 427.38726806640625
80.56394958496094 427.3629150390625
80.44317626953125 427.3466491699219
80.32136535644531 427.3386535644531
80.19889831542969 427.3389892578125
80.07691192626953 427.3476867675781
79.95625305175781 427.3646240234375
79.83767700195312 427.3896484375
79.72178649902344 427.4224853515625
79.60906982421875 427.46295166015625
79.49991607666016 427.5107727050781
79.3948974609375 427.56561279296875
79.29428100585938 427.62725830078125
79.19812774658203 427.69561767578125
79.10679626464844 427.7704162597656
79.02061462402344 427.8514404296875
78.93526458740234 427.94342041015625
78.85686492919922 428.0404357910156
78.78598022460938 428.14154052734375
78.7225570678711 428.24658203125
78.66709899902344 428.35443115234375
78.61961364746094 428.4646911621094
78.58024597167969 428.5765686035156
78.54644775390625 428.6986999511719
78.5208740234375 428.82391357421875
78.5046615600586 428.9450378417969
78.4969253540039 429.0643615722656
78.49735260009766 429.1827697753906
78.505859375 429.3008728027344
78.5223617553711 429.4178161621094
78.54684448242188 429.5334777832031
78.5792465209961 429.6474609375
78.61963653564453 429.7596740722656
78.66796112060547 429.8695983886719
78.72271728515625 429.9740905761719
78.78446960449219 430.0745849609375
78.85296630859375 430.170654296875
78.92813873291016 430.2621765136719
79.01355743408203 430.3526306152344
79.1050796508789 430.43695068359375
79.20836639404297 430.5194091796875
79.3279800415039 430.6013488769531
79.45905303955078 430.677001953125
79.59564208984375 430.7419738769531
79.73717498779297 430.7958984375
79.88252258300781 430.8384094238281
80.0290298461914 430.86907958984375
80.17163848876953 430.8878173828125
80.31177520751953 430.89593505859375
80.46836853027344 430.8940124511719
80.62324523925781 430.88134765625
80.80367279052734 430.8540954589844
81.00404357910156 430.8099365234375
81.2093276977539 430.75018310546875
81.41566467285156 430.67498779296875
81.61570739746094 430.58673095703125
81.80963897705078 430.4853820800781
81.99555206298828 430.37200927734375
82.16997528076172 430.2491455078125
82.32718658447266 430.1219787597656
82.46538543701172 429.9940185546875
82.59552001953125 429.856201171875
82.71492767333984 429.7114562988281
82.82137298583984 429.56317138671875
82.91309356689453 429.41534423828125
82.99185180664062 429.26690673828125
83.05521392822266 429.1250915527344
83.10433959960938 428.9914245605469
83.14128112792969 428.8648986816406
83.16801452636719 428.74298095703125
83.18565368652344 428.6243896484375
83.19503784179688 428.50634765625
83.19634246826172 428.387939453125
83.18955993652344 428.26971435546875
83.17472839355469 428.1522216796875
83.15190887451172 428.0360412597656
83.12120819091797 427.92169189453125
83.08277893066406 427.8096923828125
83.03678894042969 427.7005615234375
82.98345947265625 427.5948486328125
82.92312622070312 427.4931640625
82.85592651367188 427.395751953125
82.78214263916016 427.3030700683594
82.7021713256836 427.2156066894531
82.61639404296875 427.1338195800781
82.52525329589844 427.05810546875
82.42918395996094 426.98883056640625
82.32868194580078 426.92633056640625
82.22423553466797 426.8708801269531
82.1163558959961 426.82275390625
82.00548553466797 426.7821350097656
81.89126586914062 426.7489318847656
81.77217102050781 426.7229919433594
81.65077209472656 426.7051086425781
81.52816009521484 426.695556640625
81.4047622680664 426.69439697265625
81.28160858154297 426.70166015625
81.1597671508789 426.7172546386719
81.0396957397461 426.7410583496094
80.92235565185547 426.7727966308594
80.80867767333984 426.8120422363281
80.6986312866211 426.8586730957031
80.59278869628906 426.9123229980469
80.4914321899414 426.9727478027344
80.39446258544922 427.0399169921875
80.30229949951172 427.1135559082031
80.21514129638672 427.19354248046875
80.12698364257812 427.2862854003906
80.04589080810547 427.3841857910156
79.97259521484375 427.486083984375
79.90695190429688 427.5918884277344
79.84957122802734 427.7002258300781
79.80039978027344 427.8106994628906
79.75946044921875 427.92266845703125
79.72332763671875 428.04730224609375
79.69615936279297 428.1724548339844
79.677978515625 428.2966613769531
79.6686782836914 428.41729736328125
79.66765594482422 428.5358581542969
79.67472076416016 428.654052734375
79.6897964477539 428.7711486816406
79.71283721923828 428.8869934082031
79.74378204345703 429.00115966796875
79.78263092041016 429.1134338378906
79.82946014404297 429.2236633300781
79.88392639160156 429.3307800292969
79.94446563720703 429.4320068359375
80.01177215576172 429.52886962890625
80.08558654785156 429.6209716796875
80.16596221923828 429.7082824707031
80.25545501708984 429.79296875
80.35061645507812 429.8712463378906
80.45734405517578 429.9471435546875
80.57965850830078 430.0213623046875
80.7110366821289 430.0881042480469
80.8470687866211 430.1446533203125
80.9892349243164 430.19134521484375
81.1297378540039 430.2259216308594
81.26809692382812 430.2492370605469
81.40229797363281 430.26202392578125
81.55217742919922 430.2657775878906
81.70276641845703 430.2591552734375
81.854248046875 430.24200439453125
82.03382110595703 430.20916748046875
82.22715759277344 430.1602478027344
82.42295837402344 430.0965576171875
82.61829376220703 430.0183410644531
82.80963134765625 429.92657470703125
82.99421691894531 429.8224792480469
83.16939544677734 429.7077331542969
83.33203887939453 429.58502197265625
83.47191619873047 429.4640197753906
83.60159301757812 429.33563232421875
83.72191619873047 429.1993408203125
83.83159637451172 429.0568542480469
83.9283218383789 428.9119873046875
84.01066589355469 428.7685546875
84.07819366455078 428.6299743652344
84.1317367553711 428.498046875
84.17304229736328 428.372314453125
84.20396423339844 428.25079345703125
84.22559356689453 428.1325378417969
84.23895263671875 428.0144348144531
84.24419403076172 427.8961486816406
84.24134826660156 427.77777099609375
84.23043060302734 427.65985107421875
84.21149444580078 427.54296875
84.18462371826172 427.4276428222656
84.14994049072266 427.3144226074219
84.10761260986328 427.2038269042969
84.05783081054688 427.09637451171875
84.00091552734375 426.99273681640625
83.9369888305664 426.89312744140625
83.86628723144531 426.7979736328125
83.7891845703125 426.70782470703125
83.70608520507812 426.6231384277344
83.61738586425781 426.5443420410156
83.5235595703125 426.4718322753906
83.42504119873047 426.40594482421875
83.32235717773438 426.3470153808594
83.21604919433594 426.2953186035156
83.10653686523438 426.25103759765625
82.99430847167969 426.21435546875
82.87830352783203 426.1850280761719
82.7571792602539 426.1630859375
82.63394927978516 426.1493835449219
82.50981140136719 426.14410400390625
82.3852310180664 426.1473388671875
82.26155090332031 426.1590576171875
82.13973999023438 426.1790771484375
82.0201187133789 426.2072448730469
81.9041976928711 426.2430419921875
81.79192352294922 426.28631591796875
81.68360137939453 426.3368225097656
81.58028411865234 426.39385986328125
81.48114776611328 426.4577941894531
81.3866195678711 426.5283508300781
81.29705047607422 426.6052551269531
81.21038818359375 426.69061279296875
81.1239242553711 426.7882385253906
81.04524230957031 426.8903503417969
80.97434997558594 426.9966125488281
80.91206359863281 427.1053771972656
80.85836791992188 427.21600341796875
80.81334686279297 427.32757568359375
80.7742691040039 427.4473571777344
80.74258422851562 427.57305908203125
80.7193603515625 427.70184326171875
80.705810546875 427.8245544433594
80.70082092285156 427.9444580078125
80.70398712158203 428.0628356933594
80.7152099609375 428.1805725097656
80.73441314697266 428.2970886230469
80.76155090332031 428.412109375
80.79653930664062 428.5251770019531
80.8393783569336 428.6361083984375
80.88996124267578 428.7443542480469
80.94708251953125 428.8475341796875
81.01111602783203 428.94659423828125
81.0817642211914 429.0410461425781
81.15872955322266 429.1304931640625
81.24395751953125 429.216796875
81.33563232421875 429.297607421875
81.43575286865234 429.3741760253906
81.5445327758789 429.4458312988281
81.66761016845703 429.5146789550781
81.79859161376953 429.5756530761719
81.93505096435547 429.6270751953125
82.07681274414062 429.6685485839844
82.21499633789062 429.69793701171875
82.34703063964844 429.7161560058594
82.48529815673828 429.72540283203125
82.63170623779297 429.7250671386719
82.77738189697266 429.71466064453125
82.92063903808594 429.6944580078125
83.08780670166016 429.65911865234375
83.2784652709961 429.605224609375
83.47222137451172 429.5362243652344
83.66436767578125 429.4530334472656
83.85149383544922 429.3568115234375
84.0307388305664 429.2490539550781
84.19190979003906 429.13690185546875
84.33815002441406 429.0198974609375
84.46744537353516 428.9013366699219
84.58895874023438 428.7738342285156
84.69995880126953 428.6404113769531
84.79998016357422 428.502197265625
84.88654327392578 428.3638000488281
84.96117401123047 428.22430419921875
85.02188873291016 428.0895690917969
85.0682144165039 427.9647216796875
85.10394287109375 427.8437194824219
85.130126953125 427.7259826660156
85.1480712890625 427.607666015625
85.15779876708984 427.4896545410156
85.1594467163086 427.3712463378906
85.15300750732422 427.2530212402344
85.13851165771484 427.135498046875
85.11602783203125 427.01922607421875
85.08566284179688 426.90478515625
85.04755401611328 426.79266357421875
85.00188446044922 426.68341064453125
84.94892120361328 426.5776672363281
84.8888168334961 426.4757080078125
84.8217544555664 426.3779296875
84.74807739257812 426.28485107421875
84.66817474365234 426.1969909667969
84.58240509033203 426.1147766113281
84.49124145507812 426.03863525390625
84.39513397216797 425.9689636230469
84.29459381103516 425.9060974121094
84.19019317626953 425.850341796875
84.08234405517578 425.8019104003906
83.9715347290039 425.760986328125
83.85677337646484 425.7273254394531
83.7392349243164 425.7014465332031
83.61614227294922 425.6830749511719
83.4911880493164 425.6730651855469
83.36540985107422 425.671630859375
83.2399673461914 425.6788024902344
83.11598205566406 425.6944274902344
82.99391174316406 425.7183837890625
82.87547302246094 425.75018310546875
82.76066589355469 425.7895812988281
82.64981842041016 425.8363037109375
82.53152465820312 425.8959655761719
82.4300308227539 425.9561767578125
82.33292388916016 426.02313232421875
82.24060821533203 426.0965881347656
82.15345764160156 426.17620849609375
82.06922912597656 426.2644348144531
81.98442077636719 426.36639404296875
81.90808868408203 426.4720153808594
81.83995056152344 426.581298828125
81.78083038330078 426.69232177734375
81.7309799194336 426.80364990234375
81.689453125 426.91644287109375
81.65319061279297 427.04046630859375
81.62478637695312 427.16986083984375
81.60603332519531 427.2959899902344
81.59642028808594 427.4171142578125
81.5951156616211 427.53729248046875
81.60192108154297 427.655517578125
81.61676788330078 427.7729187011719
81.63954162597656 427.8887634277344
81.67021942138672 428.0029296875
81.70869445800781 428.1149597167969
81.7548828125 428.22442626953125
81.80867767333984 428.3309020996094
81.86894226074219 428.4322814941406
81.93598175048828 428.529296875
82.00951385498047 428.6215515136719
82.0892333984375 428.7086486816406
82.17642211914062 428.79168701171875
82.2698745727539 428.869140625
82.37249755859375 428.9427795410156
82.48387145996094 429.0113525390625
82.60710906982422 429.0754699707031
82.73686981201172 429.13128662109375
82.86761474609375 429.1764831542969
82.99935150146484 429.2115173339844
83.12997436523438 429.2363586425781
83.2586898803711 429.25152587890625
83.40129089355469 429.2583923339844
83.54443359375 429.25543212890625
83.68573760986328 429.24273681640625
83.83110046386719 429.21954345703125
83.98979949951172 429.1830139160156
84.16963958740234 429.1286315917969
84.3531723022461 429.0594482421875
84.53536224365234 428.97650146484375
84.7121810913086 428.88128662109375
84.88005065917969 428.77587890625
85.02922058105469 428.66766357421875
85.16107177734375 428.5577392578125
85.28392791748047 428.4403991699219
85.39892578125 428.3146667480469
85.50344848632812 428.1836242675781
85.59553527832031 428.0506591796875
85.6740951538086 427.9189758300781
85.73914337158203 427.7909240722656
85.79338073730469 427.663330078125
85.83611297607422 427.54010009765625
85.86881256103516 427.4198913574219
85.89234924316406 427.3021545410156
85.90760040283203 427.18463134765625
85.91478729248047 427.0664367675781
85.91388702392578 426.9480285644531
85.9049072265625 426.8299560546875
85.88788604736328 426.7127685546875
85.86290740966797 426.5970153808594
85.83008575439453 426.4832458496094
85.7895736694336 426.3719787597656
85.74156188964844 426.26373291015625
85.68630981445312 426.15911865234375
85.62394714355469 426.0583801269531
85.55474090576172 425.96197509765625
85.47895050048828 425.870361328125
85.39704132080078 425.78411865234375
85.30940246582031 425.70367431640625
85.21650695800781 425.62945556640625
85.11885070800781 425.5618591308594
85.0169448852539 425.50115966796875
84.91128540039062 425.4476623535156
84.80236053466797 425.4015808105469
84.6906967163086 425.36309814453125
84.5750961303711 425.3319091796875
84.45599365234375 425.30841064453125
84.33111572265625 425.29254150390625
84.20506286621094 425.28521728515625
84.07828521728516 425.2865295410156
83.95220947265625 425.2965087890625
83.82762908935547 425.31500244140625
83.70576477050781 425.3417053222656
83.5873794555664 425.37628173828125
83.47354888916016 425.41815185546875
83.36387634277344 425.46722412109375
83.24627685546875 425.5298156738281
83.14614868164062 425.59222412109375
83.050537109375 425.6612854003906
82.95984649658203 425.7367248535156
82.87445068359375 425.8182678222656
82.78645324707031 425.9145812988281
82.70285034179688 426.0196533203125
82.62750244140625 426.12884521484375
82.5615005493164 426.2400207519531
82.50479888916016 426.3523254394531
82.45703887939453 426.46551513671875
82.41780853271484 426.5796813964844
82.37956237792969 426.7218017578125
82.35372924804688 426.8529052734375
82.33760833740234 426.9801330566406
82.33059692382812 427.1017150878906
82.33187103271484 427.220458984375
82.34122467041016 427.3385009765625
82.35856628417969 427.455322265625
82.38384246826172 427.5706787109375
82.4169921875 427.6842346191406
82.45791625976562 427.7955017089844
82.50650787353516 427.904052734375
82.56265258789062 428.0094299316406
82.6250991821289 428.1094970703125
82.69422912597656 428.2050476074219
82.76973724365234 428.2956848144531
82.85140991210938 428.381103515625
82.94091033935547 428.46270751953125
83.03565216064453 428.5378112792969
83.13804626464844 428.6080017089844
83.24775695800781 428.67242431640625
83.36909484863281 428.7325134277344
83.49397277832031 428.78350830078125
83.62197875976562 428.8252868652344
83.75286865234375 428.8577880859375
83.87870788574219 428.87969970703125
84.00675201416016 428.89288330078125
84.14689636230469 428.8975830078125
84.28730773925781 428.89263916015625
84.42578887939453 428.8782043457031
84.56490325927734 428.8539733886719
84.72479248046875 428.81475830078125
84.90642547607422 428.7569885253906
85.09008026123047 428.68475341796875
85.27103424072266 428.5992431640625
85.44538879394531 428.50213623046875
85.60407257080078 428.3992919921875
85.74501037597656 428.2938537597656
85.86953735351562 428.1868591308594
85.98722839355469 428.071044921875
86.09661865234375 427.9477844238281
86.1960678100586 427.81915283203125
86.28336334228516 427.68890380859375
86.3576431274414 427.5599365234375
86.41909790039062 427.4342041015625
86.47017669677734 427.3086853027344
86.509521484375 427.18927001953125
86.53966522216797 427.07122802734375
86.56129455566406 426.9534912109375
86.57469940185547 426.8358154296875
86.58003997802734 426.717529296875
86.5772933959961 426.5991516113281
86.56647491455078 426.4812316894531
86.5476303100586 426.36431884765625
86.5208511352539 426.24896240234375
86.48625946044922 426.1357116699219
86.44401550292969 426.02508544921875
86.39431762695312 425.9176025390625
86.3373794555664 425.813720703125
86.27336120605469 425.71380615234375
86.2025375366211 425.61834716796875
86.12523651123047 425.5278625488281
86.04186248779297 425.44281005859375
85.95286560058594 425.3636779785156
85.85869598388672 425.2908630371094
85.75995635986328 425.22479248046875
85.6571044921875 425.16571044921875
85.55062866210938 425.1138916015625
85.4409408569336 425.06951904296875
85.32642364501953 425.0321044921875
85.20962524414062 425.0026550292969
85.08901977539062 424.98089599609375
84.96243286132812 424.9669189453125
84.83489227294922 424.96160888671875
84.70701599121094 424.9650573730469
84.58012390136719 424.9772033691406
84.4554214477539 424.9978332519531
84.33386993408203 425.0265808105469
84.21612548828125 425.0630798339844
84.10258483886719 425.10699462890625
83.99346160888672 425.15802001953125
83.89018249511719 425.2152099609375
83.79109954833984 425.2792663574219
83.6966552734375 425.34991455078125
83.60723876953125 425.4268798828125
83.52300262451172 425.5100402832031
83.43628692626953 425.6081848144531
83.35285949707031 425.7167053222656
83.27892303466797 425.8277893066406
83.21473693847656 425.94012451171875
83.1600341796875 426.0531005859375
83.11430358886719 426.1667175292969
83.07707977294922 426.28118896484375
83.04161834716797 426.4223327636719
83.01808166503906 426.55328369140625
83.00443267822266 426.6775817871094
82.99942779541016 426.79974365234375
83.00267791748047 426.9184875488281
83.01399230957031 427.0363464355469
83.03327178955078 427.1528625488281
83.06046295166016 427.26776123046875
83.09548950195312 427.3807067871094
83.13823699951172 427.4912109375
83.18858337402344 427.5988464355469
83.24639129638672 427.7031555175781
83.31048583984375 427.8021545410156
83.38118743896484 427.89654541015625
83.45818328857422 427.98590087890625
83.54122161865234 428.0699157714844
83.63172149658203 428.14971923828125
83.72763061523438 428.22320556640625
83.8301773071289 428.29107666015625
83.93939208984375 428.3529052734375
84.05733489990234 428.4090881347656
84.18293762207031 428.4582214355469
84.31098937988281 428.4979553222656
84.43927764892578 428.5279235839844
84.56376647949219 428.5478820800781
84.69705963134766 428.5598449707031
84.8350830078125 428.5627136230469
84.97315216064453 428.55609130859375
85.10922241210938 428.5401611328125
85.24446868896484 428.51483154296875
85.39795684814453 428.4751281738281
85.5730209350586 428.4169921875
85.75043487548828 428.34454345703125
85.92524719238281 428.25909423828125
86.09325408935547 428.1625671386719
86.24077606201172 428.0640869140625
86.36776733398438 427.96630859375
86.48778533935547 427.8602294921875
86.60154724121094 427.74505615234375
86.70635223388672 427.6235046386719
86.80137634277344 427.49688720703125
86.8845443725586 427.36883544921875
86.95516967773438 427.24200439453125
87.0135498046875 427.11798095703125
87.06073760986328 426.9969787597656
87.09797668457031 426.87811279296875
87.12600708007812 426.76123046875
87.14578247070312 426.6439514160156
87.15745544433594 426.526123046875
87.16105651855469 426.40777587890625
87.15657043457031 426.2894592285156
87.1440200805664 426.1717224121094
87.12345886230469 426.05511474609375
87.09498596191406 425.940185546875
87.05873107910156 425.82745361328125
87.0148696899414 425.71746826171875
86.9636001586914 425.6107482910156
86.90504455566406 425.5075988769531
86.83951568603516 425.4085998535156
86.76715850830078 425.3140563964844
86.68839263916016 425.2245788574219
86.6036605834961 425.14068603515625
86.51341247558594 425.06280517578125
86.41810607910156 424.9913635253906
86.31829071044922 424.92669677734375
86.21448516845703 424.869140625
86.10726928710938 424.8189392089844
85.99696350097656 424.7762145996094
85.88137817382812 424.7403564453125
85.76359558105469 424.7125244140625
85.63997650146484 424.692138671875
85.51233673095703 424.67999267578125
85.38383483886719 424.6766052246094
85.25507354736328 424.6820373535156
85.12742614746094 424.6961975097656
85.00218200683594 424.7188720703125
84.8803482055664 424.7496643066406
84.76338958740234 424.78790283203125
84.6501235961914 424.8337097167969
