60.688480377197266 450.6896057128906
61.3513069152832 451.3583679199219
62.01032638549805 452.0308837890625
62.6655158996582 452.7071228027344
63.316856384277344 453.3870849609375
63.964324951171875 454.0707092285156
64.60790252685547 454.75799560546875
65.24756622314453 455.4489440917969
65.88330078125 456.14349365234375
66.51507568359375 456.8416442871094
67.14288330078125 457.54339599609375
67.76669311523438 458.2486877441406
68.38648986816406 458.95751953125
69.00225067138672 459.66986083984375
69.61396026611328 460.38568115234375
70.22159576416016 461.1049499511719
70.82513427734375 461.8276672363281
71.424560546875 462.5538024902344
72.01985931396484 463.2833251953125
72.61100006103516 464.0162048339844
73.1979751586914 464.75244140625
73.78076171875 465.49200439453125
74.35933685302734 466.23486328125
74.93368530273438 466.9809875488281
75.50379180908203 467.7303466796875
76.06963348388672 468.4829406738281
76.63119506835938 469.2387390136719
77.1884536743164 469.9977111816406
77.74139404296875 470.75982666015625
78.29000091552734 471.52508544921875
78.8342514038086 472.2934265136719
79.37413024902344 473.0648498535156
79.90962219238281 473.8393249511719
80.44071197509766 474.6168212890625
80.96737670898438 475.3973388671875
81.4896011352539 476.1808166503906
82.00736999511719 476.9672546386719
82.52066802978516 477.7566223144531
83.02947235107422 478.54888916015625
83.53377532958984 479.3440246582031
84.03355407714844 480.14202880859375
84.52879333496094 480.9428405761719
85.01947784423828 481.7464599609375
85.5055923461914 482.5528564453125
85.98712158203125 483.36199951171875
86.46405029296875 484.1738586425781
86.93636322021484 484.9884033203125
87.40403747558594 485.8056335449219
87.8670654296875 486.62548828125
88.32543182373047 487.4479675292969
88.77912139892578 488.2730407714844
89.22811889648438 489.1006774902344
89.67240905761719 489.93084716796875
90.11198425292969 490.7635192871094
90.54682159423828 491.5986633300781
90.97691345214844 492.436279296875
91.4022445678711 493.27630615234375
91.82279968261719 494.1187438964844
92.23856353759766 494.96356201171875
92.64952087402344 495.81072998046875
93.0556640625 496.66021728515625
93.45697784423828 497.5119934082031
93.85344696044922 498.36602783203125
94.24506378173828 499.2222900390625
94.6318130493164 500.0807800292969
95.01368713378906 500.9414367675781
95.39066314697266 501.80426025390625
95.76273345947266 502.6692199707031
96.12989044189453 503.5362548828125
96.49211883544922 504.4053649902344
96.84941101074219 505.2765197753906
97.20175170898438 506.1496887207031
97.54912567138672 507.02484130859375
97.89152526855469 507.9019470214844
98.22894287109375 508.781005859375
98.56136322021484 509.6619567871094
98.88877868652344 510.5447692871094
99.21117401123047 511.429443359375
99.5285415649414 512.31591796875
99.84087371826172 513.2041625976562
100.14815521240234 514.0941772460938
100.45038604736328 514.9859619140625
100.74754333496094 515.87939453125
101.03962707519531 516.7745361328125
101.32662200927734 517.6713256835938
101.6085205078125 518.5697021484375
101.88531494140625 519.4696655273438
102.15699768066406 520.3712158203125
102.4235610961914 521.2742919921875
102.68498992919922 522.1788330078125
102.94127655029297 523.0848388671875
103.19241333007812 523.9923095703125
103.43839263916016 524.9011840820312
103.67920684814453 525.8114013671875
103.91484832763672 526.7229614257812
104.14530181884766 527.6358642578125
104.37055969238281 528.550048828125
104.59060668945312 529.4654541015625
104.80542755126953 530.3820190429688
105.01500701904297 531.2996826171875
105.21931457519531 532.2184448242188
105.4183349609375 533.13818359375
105.61190032958984 534.058349609375
105.8000259399414 534.9791259765625
105.98265838623047 535.9004516601562
106.15978240966797 536.8224487304688
106.33185577392578 537.7472534179688
106.4985580444336 538.6727905273438
106.66001892089844 539.5997924804688
106.81614685058594 540.5276489257812
106.9670181274414 541.4566650390625
107.1125717163086 542.386474609375
107.25284576416016 543.3173217773438
107.38780975341797 544.2489013671875
107.5174560546875 545.1812133789062
107.6418228149414 546.1144409179688
107.76087951660156 547.04833984375
107.8746337890625 547.9829711914062
107.98306274414062 548.9181518554688
108.086181640625 549.85400390625
108.18397521972656 550.7904052734375
108.27644348144531 551.7273559570312
108.36358642578125 552.664794921875
108.44539642333984 553.6027221679688
108.5218734741211 554.5410766601562
108.59300994873047 555.4797973632812
108.65879821777344 556.4188232421875
108.71923828125 557.3582763671875
108.7743148803711 558.2978515625
108.82402801513672 559.2377319335938
108.86837005615234 560.1777954101562
108.90733337402344 561.1180419921875
108.94091033935547 562.0584106445312
108.96910095214844 562.9989013671875
108.99187469482422 563.9391479492188
109.00918579101562 564.8788452148438
109.02101135253906 565.8184204101562
109.0273208618164 566.7577514648438
109.0280990600586 567.6968994140625
109.02333068847656 568.6358032226562
109.01299285888672 569.5742797851562
108.9970474243164 570.5123901367188
108.97547912597656 571.4501342773438
108.9482421875 572.3855590820312
108.91519165039062 573.3220825195312
108.87642669677734 574.258056640625
108.83192443847656 575.1934204101562
108.78166198730469 576.1277465820312
108.72565460205078 577.055419921875
108.66329193115234 577.9817504882812
108.59432983398438 578.9131469726562
108.51940155029297 579.843505859375
108.51940155029297 579.843505859375
108.51940155029297 579.843505859375
108.51940155029297 579.843505859375
108.51940155029297 579.843505859375
108.51940155029297 579.843505859375
108.51940155029297 579.843505859375
108.51940155029297 579.843505859375
108.51940155029297 579.843505859375
108.51940155029297 579.843505859375
108.51940155029297 579.843505859375
108.51940155029297 579.843505859375
108.51940155029297 579.843505859375
108.51940155029297 579.843505859375
108.51940155029297 579.843505859375
108.51940155029297 579.843505859375
108.51940155029297 579.843505859375
108.51940155029297 579.843505859375
108.51940155029297 579.843505859375
108.51940155029297 579.843505859375
108.51940155029297 579.843505859375
108.51940155029297 579.843505859375
108.51940155029297 579.843505859375
108.51940155029297 579.843505859375
108.51940155029297 579.843505859375
108.51940155029297 579.843505859375
108.51940155029297 579.843505859375
108.51940155029297 579.843505859375
108.51940155029297 579.843505859375
108.51940155029297 579.843505859375
108.51940155029297 579.843505859375
108.51940155029297 579.843505859375
108.51940155029297 579.843505859375
108.51940155029297 579.843505859375
108.51940155029297 579.843505859375
108.51940155029297 579.843505859375
108.51940155029297 579.843505859375
108.51940155029297 579.843505859375
108.51940155029297 579.843505859375
108.51940155029297 579.843505859375
108.51940155029297 579.843505859375
108.51940155029297 579.843505859375
108.51940155029297 579.843505859375
108.51940155029297 579.843505859375
108.51940155029297 579.843505859375
108.51940155029297 579.843505859375
108.51940155029297 579.843505859375
108.51940155029297 579.843505859375
108.51940155029297 579.843505859375
108.51940155029297 579.843505859375
108.51940155029297 579.843505859375
108.51940155029297 579.843505859375
108.51940155029297 579.843505859375
108.51940155029297 579.843505859375
108.51940155029297 579.843505859375
108.51940155029297 579.843505859375
108.51940155029297 579.843505859375
108.51940155029297 579.843505859375
108.51940155029297 579.843505859375
108.51940155029297 579.843505859375
108.51940155029297 579.843505859375
108.51940155029297 579.843505859375
108.51940155029297 579.843505859375
108.51940155029297 579.843505859375
108.51940155029297 579.843505859375
108.51940155029297 579.843505859375
108.51940155029297 579.843505859375
108.51940155029297 579.843505859375
108.51940155029297 579.843505859375
108.51940155029297 579.843505859375
108.51940155029297 579.843505859375
108.51940155029297 579.843505859375
108.51940155029297 579.843505859375
108.51940155029297 579.843505859375
108.51940155029297 579.843505859375
107.91780090332031 580.494384765625
107.91780090332031 580.494384765625
107.91780090332031 580.494384765625
107.91780090332031 580.494384765625
107.91780090332031 580.494384765625
107.91780090332031 580.494384765625
107.91780090332031 580.494384765625
107.91780090332031 580.494384765625
107.91780090332031 580.494384765625
107.91780090332031 580.494384765625
107.91780090332031 580.494384765625
107.91780090332031 580.494384765625
107.91780090332031 580.494384765625
107.91780090332031 580.494384765625
107.91780090332031 580.494384765625
107.91780090332031 580.494384765625
107.91780090332031 580.494384765625
107.91780090332031 580.494384765625
107.91780090332031 580.494384765625
107.91780090332031 580.494384765625
107.91780090332031 580.494384765625
107.91780090332031 580.494384765625
107.91780090332031 580.494384765625
107.91780090332031 580.494384765625
107.91780090332031 580.494384765625
107.91780090332031 580.494384765625
107.91780090332031 580.494384765625
107.91780090332031 580.494384765625
107.91780090332031 580.494384765625
107.91780090332031 580.494384765625
107.91780090332031 580.494384765625
107.91780090332031 580.494384765625
107.91780090332031 580.494384765625
107.91780090332031 580.494384765625
107.91780090332031 580.494384765625
107.91780090332031 580.494384765625
107.91780090332031 580.494384765625
107.91780090332031 580.494384765625
107.91780090332031 580.494384765625
107.91780090332031 580.494384765625
107.91780090332031 580.494384765625
107.91780090332031 580.494384765625
107.91780090332031 580.494384765625
107.91780090332031 580.494384765625
107.91780090332031 580.494384765625
107.91780090332031 580.494384765625
107.91780090332031 580.494384765625
107.91780090332031 580.494384765625
107.91780090332031 580.494384765625
107.91780090332031 580.494384765625
107.91780090332031 580.494384765625
107.91780090332031 580.494384765625
107.91780090332031 580.494384765625
107.91780090332031 580.494384765625
107.1149673461914 580.4996948242188
106.31707000732422 580.4891357421875
105.51563262939453 580.4625854492188
104.71553802490234 580.4202270507812
103.91683959960938 580.362060546875
103.11642456054688 580.2879028320312
102.31637573242188 580.197998046875
101.51835632324219 580.0926513671875
100.72257232666016 579.9718017578125
99.92945098876953 579.8355712890625
99.13844299316406 579.683837890625
98.35017395019531 579.5167236328125
97.5653305053711 579.3344116210938
96.78421783447266 579.136962890625
96.00685119628906 578.9243774414062
95.23367309570312 578.6968383789062
94.46504974365234 578.4544067382812
93.70121002197266 578.1971435546875
92.94227600097656 577.9251098632812
92.18885040283203 577.6385498046875
91.4391860961914 577.3367919921875
90.61820220947266 576.991943359375
89.80107879638672 576.63818359375
88.98768615722656 576.2754516601562
88.17802429199219 575.9037475585938
87.37202453613281 575.5231323242188
86.57032775878906 575.1338500976562
85.77096557617188 574.735107421875
84.97624206542969 574.3280639648438
84.1812515258789 573.9103393554688
83.38047790527344 573.4797973632812
82.58515930175781 573.0427856445312
81.7741928100586 572.588623046875
80.96768951416016 572.1295166015625
80.15481567382812 571.6597290039062
79.34513854980469 571.185302734375
78.53642272949219 570.7050170898438
77.7308349609375 570.2202758789062
76.92828369140625 569.73095703125
76.12882995605469 569.237060546875
75.3328628540039 568.73876953125
74.54022216796875 568.2359619140625
73.75099182128906 567.7286376953125
72.96578979492188 567.2171630859375
72.18433380126953 566.701171875
71.40740203857422 566.18115234375
70.6346206665039 565.6566772460938
69.86614990234375 565.1277465820312
69.10305786132812 564.594970703125
68.34477996826172 564.0577392578125
67.59149932861328 563.5160522460938
66.84449768066406 562.9706420898438
66.1030502319336 562.4207153320312
65.36837005615234 561.866943359375
64.63966369628906 561.3084716796875
63.91798782348633 560.745849609375
63.20268630981445 560.1783447265625
62.49384307861328 559.6058349609375
61.79149627685547 559.0281982421875
61.096466064453125 558.4458618164062
60.40814971923828 557.8580932617188
59.72700500488281 557.26513671875
59.052696228027344 556.6665649414062
58.38521194458008 556.0621948242188
57.7248649597168 555.4522094726562
57.071468353271484 554.8363037109375
56.425052642822266 554.2144165039062
55.78578186035156 553.5866088867188
55.15353012084961 552.9526977539062
54.52841567993164 552.3126831054688
53.910423278808594 551.66650390625
53.29964828491211 551.0142211914062
52.696128845214844 550.3558349609375
52.099876403808594 549.6913452148438
51.510948181152344 549.020751953125
50.929481506347656 548.3441162109375
50.35544204711914 547.6614379882812
49.78895950317383 546.9728393554688
49.229984283447266 546.2782592773438
48.67861557006836 545.5777587890625
48.13499450683594 544.8715209960938
47.59910202026367 544.1595458984375
47.071006774902344 543.4418334960938
46.5507698059082 542.718505859375
46.03843688964844 541.9896240234375
45.53418731689453 541.2554321289062
45.038002014160156 540.515869140625
44.54985046386719 539.7708740234375
44.06984329223633 539.0206298828125
43.59805679321289 538.2652587890625
43.134521484375 537.5047607421875
42.67938995361328 536.7394409179688
42.23261642456055 535.9691772460938
41.79426956176758 535.194091796875
41.36438751220703 534.4142456054688
40.943058013916016 533.6298217773438
40.53029251098633 532.8408203125
40.12617492675781 532.0474243164062
39.73072814941406 531.2496337890625
39.344017028808594 530.4475708007812
38.966094970703125 529.6414184570312
38.59700393676758 528.8311767578125
38.23676681518555 528.0169677734375
37.88544845581055 527.1988525390625
37.54307174682617 526.376953125
37.20969772338867 525.5513916015625
36.8853645324707 524.7222900390625
36.57009506225586 523.8896484375
36.2640495300293 523.0538940429688
35.96707534790039 522.214599609375
35.67931365966797 521.3721923828125
35.40104675292969 520.5274047851562
35.14814376831055 519.7236938476562
34.90596389770508 518.9105834960938
34.67983627319336 518.1054077148438
34.4660758972168 517.2941284179688
34.270076751708984 516.4957885742188
34.0905876159668 515.7027587890625
33.92109680175781 514.8873901367188
33.76841354370117 514.0830688476562
33.62376022338867 513.245849609375
33.495540618896484 512.4259643554688
33.374332427978516 511.56646728515625
33.26780319213867 510.7251892089844
33.168949127197266 509.84991455078125
33.08234405517578 508.98638916015625
33.004600524902344 508.102783203125
32.936424255371094 507.21527099609375
32.8780403137207 506.32781982421875
32.829627990722656 505.4417724609375
32.7909049987793 504.55242919921875
32.7619514465332 503.663330078125
32.742713928222656 502.7730712890625
32.733192443847656 501.8828430175781
32.73337936401367 500.99224853515625
32.74326705932617 500.101806640625
32.76285934448242 499.211669921875
32.79216003417969 498.3215026855469
32.83115005493164 497.4317932128906
32.87982940673828 496.5423583984375
32.938175201416016 495.6535949707031
33.006195068359375 494.7652893066406
33.08384704589844 493.87786865234375
33.1711540222168 492.9910583496094
33.26809310913086 492.10479736328125
33.37458038330078 491.2198181152344
33.49067687988281 490.3354797363281
33.616355895996094 489.45159912109375
33.75142288208008 488.5694580078125
33.89604949951172 487.687744140625
34.049957275390625 486.8080139160156
34.21340560913086 485.9286193847656
34.386375427246094 485.04901123046875
34.56827163696289 484.1719665527344
34.76049041748047 483.2896423339844
34.96095275878906 482.41058349609375
35.17082214355469 481.5292053222656
35.38859558105469 480.6513671875
35.615718841552734 479.7707214355469
35.85194778442383 478.8865966796875
36.095176696777344 478.00634765625
36.34895324707031 477.1155090332031
36.608795166015625 476.22821044921875
36.87480545043945 475.34454345703125
37.150115966796875 474.45294189453125
37.43098068237305 473.56427001953125
37.71857833862305 472.6744689941406
38.01158142089844 471.7873840332031
38.31189727783203 470.8965759277344
38.617340087890625 470.0077819824219
38.92790603637695 469.1210632324219
39.24407958984375 468.2348937988281
39.565311431884766 467.3506774902344
39.89159393310547 466.46844482421875
40.22307586669922 465.5877685546875
40.559730529785156 464.7086486816406
40.90141296386719 463.8313903808594
41.24807357788086 462.9560852050781
41.5997428894043 462.08270263671875
41.95637512207031 461.2113037109375
42.31795120239258 460.3419494628906
42.68445587158203 459.47467041015625
43.05589294433594 458.6094665527344
43.43223571777344 457.7463684082031
43.813472747802734 456.88543701171875
44.1995964050293 456.02667236328125
44.5905876159668 455.17010498046875
44.98643493652344 454.3157653808594
45.38712692260742 453.46368408203125
45.79264831542969 452.6138916015625
46.20298767089844 451.76641845703125
46.618133544921875 450.9212951660156
47.03807067871094 450.07855224609375
47.46278381347656 449.2381896972656
47.89226150512695 448.4002685546875
48.32649230957031 447.5647888183594
48.76545715332031 446.7317810058594
49.209144592285156 445.9012756347656
49.65753936767578 445.07330322265625
50.110626220703125 444.2478942871094
50.56839370727539 443.4250793457031
51.030826568603516 442.6048889160156
51.49790573120117 441.7873229980469
51.96961975097656 440.972412109375
52.445953369140625 440.16021728515625
52.9268913269043 439.3507385253906
53.41241455078125 438.54400634765625
53.90251159667969 437.7400207519531
54.39716339111328 436.9388427734375
54.896358489990234 436.1404724121094
55.40007781982422 435.344970703125
55.90830612182617 434.5523376464844
56.421024322509766 433.7626037597656
56.93821716308594 432.9757995605469
57.459869384765625 432.1919250488281
57.985965728759766 431.4110412597656
58.51648712158203 430.6331481933594
59.051414489746094 429.8582763671875
59.59073257446289 429.0864562988281
60.134422302246094 428.3177185058594
60.68246841430664 427.55206298828125
61.2348518371582 426.78955078125
61.79155731201172 426.0301818847656
62.35256576538086 425.27398681640625
62.9178581237793 424.5209655761719
63.4874153137207 423.77117919921875
64.06121826171875 423.0246276855469
64.63925170898438 422.2813720703125
65.22149658203125 421.5413818359375
65.80792999267578 420.8047180175781
66.3985366821289 420.0714111328125
66.99330139160156 419.3414611816406
67.59220123291016 418.6148986816406
68.1952133178711 417.8917541503906
68.80232238769531 417.1720275878906
69.41350555419922 416.4557800292969
70.02874755859375 415.7430114746094
70.64802551269531 415.03375244140625
71.27132415771484 414.3280029296875
71.89862060546875 413.62579345703125
72.52989196777344 412.9271545410156
73.16511535644531 412.23211669921875
73.80427551269531 411.54071044921875
74.44735717773438 410.8529357910156
75.09432983398438 410.1688232421875
75.74517822265625 409.4883728027344
76.3998794555664 408.8116455078125
77.05841064453125 408.1386413574219
77.72075653076172 407.4693908691406
78.38689422607422 406.80389404296875
79.05680847167969 406.1421813964844
79.73043060302734 405.48431396484375
80.40779113769531 404.83026123046875
81.08887481689453 404.1800537109375
81.77359771728516 403.53375244140625
82.46202087402344 402.89129638671875
83.15413665771484 402.2527160644531
83.84939575195312 401.6185302734375
84.54843139648438 400.9881896972656
85.25121307373047 400.3616943359375
85.95777893066406 399.7389831542969
86.66737365722656 399.1207275390625
87.38090515136719 398.50616455078125
88.09696960449219 397.89654541015625
88.81726837158203 397.2904357910156
89.54013061523438 396.68927001953125
90.26788330078125 396.091064453125
91.000732421875 395.49542236328125
91.73666381835938 394.90386962890625
92.47180938720703 394.31982421875
93.2052993774414 393.7445983886719
93.9420166015625 393.1748046875
94.68197631835938 392.6104736328125
95.42303466796875 392.0534973144531
96.16746520996094 391.5023498535156
96.91389465332031 390.958251953125
97.66616821289062 390.4183654785156
98.4200210571289 389.8858337402344
99.17854309082031 389.3585510253906
99.9403305053711 388.8374938964844
100.71153259277344 388.31817626953125
101.49664306640625 387.7966003417969
102.28426361083984 387.2796936035156
103.07474517822266 386.7672424316406
103.86805725097656 386.25927734375
104.6639404296875 385.7559814453125
105.46257781982422 385.25726318359375
106.26422882080078 384.762939453125
107.068115234375 384.2735290527344
107.87449645996094 383.78887939453125
108.68328094482422 383.3091125488281
109.494384765625 382.83428955078125
110.3077392578125 382.364501953125
111.12258911132812 381.9002685546875
111.93975067138672 381.44122314453125
112.7593002319336 380.9873352050781
113.581298828125 380.53857421875
114.40579986572266 380.094970703125
115.23283386230469 379.656494140625
116.06243133544922 379.2231750488281
116.89464569091797 378.7949523925781
117.72925567626953 378.3719787597656
118.5664291381836 377.95416259765625
119.40613555908203 377.5415344238281
120.24835968017578 377.1341247558594
121.09312438964844 376.73187255859375
121.94034576416016 376.3348388671875
122.78999328613281 375.94305419921875
123.64202880859375 375.5565185546875
124.49636840820312 375.1752624511719
125.35304260253906 374.7992858886719
126.21208190917969 374.4285888671875
127.0733871459961 374.0632019042969
127.93692779541016 373.703125
128.80267333984375 373.348388671875
129.67068481445312 372.99896240234375
130.54083251953125 372.6548767089844
131.41297912597656 372.3161926269531
132.28720092773438 371.98291015625
133.16346740722656 371.6549987792969
134.04176330566406 371.3324890136719
134.92205810546875 371.0154113769531
135.80429077148438 370.7037658691406
136.68844604492188 370.3975524902344
137.5746307373047 370.0967102050781
138.46270751953125 369.8013000488281
139.35255432128906 369.5113525390625
140.2442626953125 369.2268371582031
141.13787841796875 368.9477233886719
142.03350830078125 368.6739807128906
142.93067932128906 368.4057312011719
143.8303680419922 368.14263916015625
144.7314453125 367.8850402832031
145.63482666015625 367.63262939453125
146.5406494140625 367.38531494140625
147.44691467285156 367.14361572265625
148.35536193847656 366.9071044921875
149.2649383544922 366.6759948730469
150.1761932373047 366.4501953125
151.0884552001953 366.2298278808594
152.00282287597656 366.0146484375
152.91940307617188 365.8045349121094
153.83682250976562 365.59979248046875
154.75503540039062 365.40045166015625
155.67471313476562 365.20635986328125
156.5950469970703 365.0177307128906
156.5950469970703 365.0177307128906
156.5950469970703 365.0177307128906
156.5950469970703 365.0177307128906
156.5950469970703 365.0177307128906
156.5950469970703 365.0177307128906
156.5950469970703 365.0177307128906
156.5950469970703 365.0177307128906
156.5950469970703 365.0177307128906
156.5950469970703 365.0177307128906
156.5950469970703 365.0177307128906
156.5950469970703 365.0177307128906
156.5950469970703 365.0177307128906
156.5950469970703 365.0177307128906
156.5950469970703 365.0177307128906
156.5950469970703 365.0177307128906
156.5950469970703 365.0177307128906
156.5950469970703 365.0177307128906
156.5950469970703 365.0177307128906
156.5950469970703 365.0177307128906
156.5950469970703 365.0177307128906
156.5950469970703 365.0177307128906
156.5950469970703 365.0177307128906
156.5950469970703 365.0177307128906
156.5950469970703 365.0177307128906
156.5950469970703 365.0177307128906
156.5950469970703 365.0177307128906
156.5950469970703 365.0177307128906
156.5950469970703 365.0177307128906
156.5950469970703 365.0177307128906
156.5950469970703 365.0177307128906
156.5950469970703 365.0177307128906
156.5950469970703 365.0177307128906
156.5950469970703 365.0177307128906
156.5950469970703 365.0177307128906
156.5950469970703 365.0177307128906
156.5950469970703 365.0177307128906
156.5950469970703 365.0177307128906
156.5950469970703 365.0177307128906
156.5950469970703 365.0177307128906
156.5950469970703 365.0177307128906
156.5950469970703 365.0177307128906
156.5950469970703 365.0177307128906
156.5950469970703 365.0177307128906
156.5950469970703 365.0177307128906
156.5950469970703 365.0177307128906
156.5950469970703 365.0177307128906
156.5950469970703 365.0177307128906
156.5950469970703 365.0177307128906
156.5950469970703 365.0177307128906
156.5950469970703 365.0177307128906
156.5950469970703 365.0177307128906
156.5950469970703 365.0177307128906
156.5950469970703 365.0177307128906
156.5950469970703 365.0177307128906
156.5950469970703 365.0177307128906
156.5950469970703 365.0177307128906
156.5950469970703 365.0177307128906
156.5950469970703 365.0177307128906
156.5950469970703 365.0177307128906
156.5950469970703 365.0177307128906
156.5950469970703 365.0177307128906
156.5950469970703 365.0177307128906
156.5950469970703 365.0177307128906
156.5950469970703 365.0177307128906
156.5950469970703 365.0177307128906
156.5950469970703 365.0177307128906
156.5950469970703 365.0177307128906
156.5950469970703 365.0177307128906
157.49949645996094 365.208740234375
157.49949645996094 365.208740234375
157.49949645996094 365.208740234375
157.49949645996094 365.208740234375
157.49949645996094 365.208740234375
157.49949645996094 365.208740234375
157.49949645996094 365.208740234375
157.49949645996094 365.208740234375
157.49949645996094 365.208740234375
157.49949645996094 365.208740234375
157.49949645996094 365.208740234375
157.49949645996094 365.208740234375
157.49949645996094 365.208740234375
157.49949645996094 365.208740234375
157.49949645996094 365.208740234375
157.49949645996094 365.208740234375
157.49949645996094 365.208740234375
157.49949645996094 365.208740234375
157.49949645996094 365.208740234375
157.49949645996094 365.208740234375
157.49949645996094 365.208740234375
157.49949645996094 365.208740234375
157.49949645996094 365.208740234375
157.49949645996094 365.208740234375
157.49949645996094 365.208740234375
157.49949645996094 365.208740234375
157.49949645996094 365.208740234375
157.49949645996094 365.208740234375
157.49949645996094 365.208740234375
157.49949645996094 365.208740234375
157.49949645996094 365.208740234375
157.49949645996094 365.208740234375
157.49949645996094 365.208740234375
157.49949645996094 365.208740234375
157.49949645996094 365.208740234375
157.49949645996094 365.208740234375
157.49949645996094 365.208740234375
157.49949645996094 365.208740234375
157.49949645996094 365.208740234375
157.49949645996094 365.208740234375
157.49949645996094 365.208740234375
157.49949645996094 365.208740234375
157.49949645996094 365.208740234375
157.49949645996094 365.208740234375
157.49949645996094 365.208740234375
157.49949645996094 365.208740234375
157.49949645996094 365.208740234375
157.49949645996094 365.208740234375
157.49949645996094 365.208740234375
157.49949645996094 365.208740234375
157.49949645996094 365.208740234375
157.49949645996094 365.208740234375
157.49949645996094 365.208740234375
157.49949645996094 365.208740234375
157.49949645996094 365.208740234375
157.49949645996094 365.208740234375
157.49949645996094 365.208740234375
157.49949645996094 365.208740234375
157.49949645996094 365.208740234375
157.49949645996094 365.208740234375
157.49949645996094 365.208740234375
157.49949645996094 365.208740234375
157.49949645996094 365.208740234375
157.49949645996094 365.208740234375
157.49949645996094 365.208740234375
157.49949645996094 365.208740234375
157.49949645996094 365.208740234375
157.49949645996094 365.208740234375
157.49949645996094 365.208740234375
157.49949645996094 365.208740234375
157.49949645996094 365.208740234375
157.49949645996094 365.208740234375
157.49949645996094 365.208740234375
157.49949645996094 365.208740234375
157.49949645996094 365.208740234375
157.49949645996094 365.208740234375
157.49949645996094 365.208740234375
157.49949645996094 365.208740234375
157.49949645996094 365.208740234375
157.49949645996094 365.208740234375
157.49949645996094 365.208740234375
157.49949645996094 365.208740234375
157.49949645996094 365.208740234375
157.49949645996094 365.208740234375
157.49949645996094 365.208740234375
157.49949645996094 365.208740234375
157.49949645996094 365.208740234375
157.49949645996094 365.208740234375
157.49949645996094 365.208740234375
157.49949645996094 365.208740234375
157.49949645996094 365.208740234375
157.49949645996094 365.208740234375
157.49949645996094 365.208740234375
157.49949645996094 365.208740234375
157.49949645996094 365.208740234375
157.49949645996094 365.208740234375
157.49949645996094 365.208740234375
157.49949645996094 365.208740234375
157.49949645996094 365.208740234375
157.49949645996094 365.208740234375
157.49949645996094 365.208740234375
157.49949645996094 365.208740234375
157.49949645996094 365.208740234375
157.49949645996094 365.208740234375
157.49949645996094 365.208740234375
157.49949645996094 365.208740234375
157.49949645996094 365.208740234375
157.49949645996094 365.208740234375
157.49949645996094 365.208740234375
157.49949645996094 365.208740234375
157.49949645996094 365.208740234375
157.48968505859375 366.00982666015625
157.46400451660156 366.8092346191406
157.42242431640625 367.60638427734375
157.36471557617188 368.4063415527344
157.2913055419922 369.2039794921875
157.20191955566406 370.0025329589844
157.0970001220703 370.7985534667969
156.97630310058594 371.5939636230469
156.84019470214844 372.386474609375
156.68850708007812 373.17718505859375
156.52154541015625 373.9645690917969
156.33921813964844 374.7491455078125
156.14175415039062 375.5299377441406
155.92922973632812 376.3066101074219
155.7015838623047 377.0794372558594
155.45896911621094 377.847900390625
155.20150756835938 378.61163330078125
154.92935180664062 379.3702392578125
154.64259338378906 380.1234130859375
154.3410186767578 380.871826171875
153.99652099609375 381.6907043457031
153.6442108154297 382.50238037109375
153.28042602539062 383.3155212402344
152.90786743164062 384.12457275390625
152.52638244628906 384.92987060546875
152.13597106933594 385.73150634765625
151.73655700683594 386.5297546386719
151.3280029296875 387.3250732421875
150.90530395507812 388.1283874511719
150.47598266601562 388.92626953125
150.03651428222656 389.72564697265625
149.58360290527344 390.5341796875
149.1256103515625 391.3379821777344
148.6541290283203 392.15301513671875
148.17803955078125 392.9653625488281
147.6973419189453 393.7749938964844
147.21205139160156 394.5818786621094
146.72219848632812 395.385986328125
146.227783203125 396.18731689453125
145.72882080078125 396.9858093261719
145.225341796875 397.7814636230469
144.71734619140625 398.5742492675781
144.20486450195312 399.3641357421875
143.68789672851562 400.1510925292969
143.16647338867188 400.93511962890625
142.64060974121094 401.7161560058594
142.11032104492188 402.49420166015625
141.57562255859375 403.26922607421875
141.03652954101562 404.04119873046875
140.49307250976562 404.81011962890625
139.94525146484375 405.575927734375
139.39309692382812 406.338623046875
138.8366241455078 407.0981750488281
138.27584838867188 407.85455322265625
137.71078491210938 408.60772705078125
137.14144897460938 409.3576965332031
136.56787109375 410.1044006347656
135.99005126953125 410.84783935546875
135.40802001953125 411.5879821777344
134.82180786132812 412.3248291015625
134.23141479492188 413.0583190917969
133.63687133789062 413.7884521484375
133.03819274902344 414.51519775390625
132.43539428710938 415.238525390625
131.82850646972656 415.95843505859375
131.217529296875 416.67486572265625
130.60250854492188 417.3878173828125
129.9834442138672 418.0972900390625
129.36036682128906 418.80322265625
128.73329162597656 419.505615234375
128.10223388671875 420.2044372558594
127.46721649169922 420.899658203125
126.82826232910156 421.59124755859375
126.18539428710938 422.2792053222656
125.53862762451172 422.9635009765625
124.88799285888672 423.6441345214844
124.2334976196289 424.321044921875
123.5751724243164 424.9942321777344
122.91304016113281 425.6636657714844
122.24711608886719 426.329345703125
121.57742309570312 426.9912109375
120.90398406982422 427.6492919921875
120.22682189941406 428.30352783203125
119.54595184326172 428.95391845703125
118.86140441894531 429.6004333496094
118.1731948852539 430.2430419921875
117.4813461303711 430.8817138671875
116.78588104248047 431.5164489746094
116.08683013916016 432.1472473144531
115.38420867919922 432.7740478515625
114.67803955078125 433.3968505859375
113.96834564208984 434.0156555175781
113.2551498413086 434.6304016113281
112.5384750366211 435.2410888671875
111.81834411621094 435.84771728515625
111.09477996826172 436.4502258300781
110.36780548095703 437.0486145019531
109.637451171875 437.64288330078125
108.90373229980469 438.2330017089844
108.16667175292969 438.8189392089844
107.42630004882812 439.4006652832031
106.6826400756836 439.9781799316406
105.93570709228516 440.5514831542969
105.18553161621094 441.12054443359375
104.43213653564453 441.6853332519531
103.67555236816406 442.2458190917969
102.9157943725586 442.802001953125
102.15289306640625 443.3538818359375
101.38687133789062 443.9013977050781
100.61775207519531 444.444580078125
99.8455581665039 444.9833679199219
99.07032012939453 445.51776123046875
98.29206085205078 446.0477600097656
97.51080322265625 446.5733337402344
96.72657012939453 447.0944519042969
95.93939208984375 447.6111145019531
95.14928436279297 448.1233215332031
94.35627746582031 448.63104248046875
93.56039428710938 449.1342468261719
92.76166534423828 449.6329345703125
91.9601058959961 450.1271057128906
91.1557388305664 450.6167297363281
90.3486099243164 451.1017761230469
89.53877258300781 451.58221435546875
88.72622680664062 452.05804443359375
87.91099548339844 452.5292663574219
87.09310150146484 452.995849609375
86.27257537841797 453.4577941894531
85.44944763183594 453.9150695800781
84.62374114990234 454.36767578125
83.79547882080078 454.8155822753906
82.96469116210938 455.2587890625
82.13140106201172 455.697265625
81.29563903808594 456.1310119628906
80.45744323730469 456.55999755859375
79.6168212890625 456.9842224121094
78.77381134033203 457.4036865234375
77.92843627929688 457.818359375
77.0807113647461 458.22821044921875
76.23067474365234 458.63323974609375
75.37835693359375 459.033447265625
74.52378845214844 459.4288024902344
73.6669921875 459.8193054199219
72.80801391601562 460.2049255371094
71.94686889648438 460.5856628417969
71.08360290527344 460.96148681640625
70.21824645996094 461.3323974609375
69.35084533691406 461.6983642578125
68.48143768310547 462.0593566894531
67.6100845336914 462.41534423828125
66.73685455322266 462.76629638671875
65.86195373535156 463.1120910644531
64.98580169677734 463.4525451660156
64.10816955566406 463.7876892089844
63.22914123535156 464.1174621582031
62.3487548828125 464.4418029785156
61.467002868652344 464.7606506347656
60.58443832397461 465.0737609863281
59.700260162353516 465.3813781738281
58.814422607421875 465.6835021972656
57.926727294921875 465.98016357421875
57.037376403808594 466.2713317871094
56.14644241333008 466.55694580078125
55.25381088256836 466.8370361328125
54.3594970703125 467.1116027832031
53.46353530883789 467.380615234375
52.56593704223633 467.6440734863281
51.66661071777344 467.90203857421875
50.76577377319336 468.1544189453125
49.86311340332031 468.40130615234375
48.959007263183594 468.6426086425781
48.0534782409668 468.8783264160156
47.14627456665039 469.1085510253906
46.237796783447266 469.3331604003906
45.32685089111328 469.552490234375
44.41513442993164 469.7661437988281
43.501461029052734 469.9743957519531
42.58674621582031 470.17706298828125
41.66869354248047 470.3747253417969
40.74974822998047 470.56689453125
39.82874298095703 470.7538757324219
38.90706253051758 470.9353942871094
37.98418045043945 471.1115417480469
37.06053924560547 471.2822265625
36.13438415527344 471.44781494140625
35.20741653442383 471.6080627441406
34.27921676635742 471.7630615234375
33.35052490234375 471.91265869140625
32.4211540222168 472.056884765625
31.49064064025879 472.19580078125
30.559185028076172 472.32940673828125
29.6270809173584 472.4576721191406
28.694377899169922 472.58056640625
27.761213302612305 472.69805908203125
26.827186584472656 472.8102111816406
25.89268684387207 472.9169616699219
24.957773208618164 473.018310546875
24.022218704223633 473.1142578125
23.086305618286133 473.20477294921875
22.15009117126465 473.28985595703125
21.213417053222656 473.3694763183594
20.27655601501465 473.4436340332031
19.339580535888672 473.51226806640625
18.40355110168457 473.5752868652344
17.469758987426758 473.63238525390625
16.53631019592285 473.6835632324219
16.53631019592285 473.6835632324219
16.53631019592285 473.6835632324219
16.53631019592285 473.6835632324219
16.53631019592285 473.6835632324219
16.53631019592285 473.6835632324219
16.53631019592285 473.6835632324219
16.53631019592285 473.6835632324219
16.53631019592285 473.6835632324219
16.53631019592285 473.6835632324219
16.53631019592285 473.6835632324219
16.53631019592285 473.6835632324219
16.53631019592285 473.6835632324219
16.53631019592285 473.6835632324219
16.53631019592285 473.6835632324219
16.53631019592285 473.6835632324219
16.53631019592285 473.6835632324219
16.53631019592285 473.6835632324219
16.53631019592285 473.6835632324219
16.53631019592285 473.6835632324219
16.53631019592285 473.6835632324219
16.53631019592285 473.6835632324219
16.53631019592285 473.6835632324219
16.53631019592285 473.6835632324219
16.53631019592285 473.6835632324219
16.53631019592285 473.6835632324219
16.53631019592285 473.6835632324219
16.53631019592285 473.6835632324219
16.53631019592285 473.6835632324219
16.53631019592285 473.6835632324219
16.53631019592285 473.6835632324219
16.53631019592285 473.6835632324219
16.53631019592285 473.6835632324219
16.53631019592285 473.6835632324219
16.53631019592285 473.6835632324219
16.53631019592285 473.6835632324219
16.53631019592285 473.6835632324219
16.53631019592285 473.6835632324219
16.53631019592285 473.6835632324219
16.53631019592285 473.6835632324219
16.53631019592285 473.6835632324219
16.53631019592285 473.6835632324219
16.53631019592285 473.6835632324219
16.53631019592285 473.6835632324219
16.53631019592285 473.6835632324219
16.53631019592285 473.6835632324219
16.53631019592285 473.6835632324219
16.53631019592285 473.6835632324219
16.53631019592285 473.6835632324219
16.53631019592285 473.6835632324219
16.53631019592285 473.6835632324219
16.53631019592285 473.6835632324219
16.53631019592285 473.6835632324219
16.53631019592285 473.6835632324219
16.53631019592285 473.6835632324219
16.53631019592285 473.6835632324219
16.53631019592285 473.6835632324219
16.53631019592285 473.6835632324219
16.53631019592285 473.6835632324219
16.53631019592285 473.6835632324219
16.53631019592285 473.6835632324219
16.53631019592285 473.6835632324219
16.53631019592285 473.6835632324219
16.53631019592285 473.6835632324219
16.53631019592285 473.6835632324219
16.53631019592285 473.6835632324219
16.53631019592285 473.6835632324219
16.53631019592285 473.6835632324219
16.53631019592285 473.6835632324219
16.53631019592285 473.6835632324219
16.53631019592285 473.6835632324219
16.53631019592285 473.6835632324219
16.53631019592285 473.6835632324219
16.53631019592285 473.6835632324219
16.53631019592285 473.6835632324219
16.53631019592285 473.6835632324219
16.53631019592285 473.6835632324219
16.53631019592285 473.6835632324219
16.53631019592285 473.6835632324219
16.53631019592285 473.6835632324219
16.53631019592285 473.6835632324219
16.53631019592285 473.6835632324219
16.53631019592285 473.6835632324219
16.53631019592285 473.6835632324219
16.53631019592285 473.6835632324219
16.53631019592285 473.6835632324219
16.53631019592285 473.6835632324219
16.53631019592285 473.6835632324219
16.53631019592285 473.6835632324219
16.53631019592285 473.6835632324219
16.53631019592285 473.6835632324219
16.53631019592285 473.6835632324219
16.53631019592285 473.6835632324219
16.53631019592285 473.6835632324219
16.53631019592285 473.6835632324219
16.53631019592285 473.6835632324219
16.53631019592285 473.6835632324219
16.53631019592285 473.6835632324219
16.53631019592285 473.6835632324219
16.53631019592285 473.6835632324219
16.53631019592285 473.6835632324219
16.53631019592285 473.6835632324219
16.53631019592285 473.6835632324219
16.53631019592285 473.6835632324219
16.53631019592285 473.6835632324219
16.53631019592285 473.6835632324219
16.53631019592285 473.6835632324219
16.53631019592285 473.6835632324219
16.53631019592285 473.6835632324219
16.53631019592285 473.6835632324219
16.53631019592285 473.6835632324219
16.53631019592285 473.6835632324219
16.53631019592285 473.6835632324219
16.53631019592285 473.6835632324219
16.53631019592285 473.6835632324219
16.53631019592285 473.6835632324219
16.53631019592285 473.6835632324219
16.53631019592285 473.6835632324219
16.53631019592285 473.6835632324219
16.53631019592285 473.6835632324219
16.53631019592285 473.6835632324219
16.53631019592285 473.6835632324219
16.53631019592285 473.6835632324219
16.53631019592285 473.6835632324219
16.53631019592285 473.6835632324219
16.53631019592285 473.6835632324219
16.53631019592285 473.6835632324219
16.53631019592285 473.6835632324219
16.53631019592285 473.6835632324219
16.53631019592285 473.6835632324219
16.53631019592285 473.6835632324219
16.53631019592285 473.6835632324219
16.53631019592285 473.6835632324219
16.53631019592285 473.6835632324219
16.53631019592285 473.6835632324219
16.53631019592285 473.6835632324219
16.53631019592285 473.6835632324219
16.53631019592285 473.6835632324219
16.53631019592285 473.6835632324219
16.53631019592285 473.6835632324219
16.53631019592285 473.6835632324219
16.53631019592285 473.6835632324219
16.53631019592285 473.6835632324219
16.53631019592285 473.6835632324219
16.53631019592285 473.6835632324219
16.53631019592285 473.6835632324219
16.53631019592285 473.6835632324219
16.53631019592285 473.6835632324219
16.53631019592285 473.6835632324219
16.53631019592285 473.6835632324219
16.53631019592285 473.6835632324219
16.505226135253906 472.8815002441406
16.505226135253906 472.8815002441406
16.506128311157227 472.07977294921875
16.522857666015625 471.27838134765625
16.5554141998291 470.47869873046875
16.60382843017578 469.6812744140625
16.6683406829834 468.8814697265625
16.748517990112305 468.0840148925781
16.84462547302246 467.2860107421875
16.95624542236328 466.4906005859375
17.083600997924805 465.6960754394531
17.226335525512695 464.904541015625
17.384605407714844 464.1150207519531
17.558120727539062 463.32891845703125
17.74696922302246 462.5458068847656
17.950916290283203 461.7666320800781
18.169885635375977 460.9916687011719
18.403934478759766 460.2207336425781
18.65290641784668 459.45428466796875
18.91667366027832 458.69268798828125
19.19509506225586 457.93634033203125
19.48811149597168 457.1853942871094
19.796058654785156 456.4389343261719
20.147565841674805 455.6220703125
20.508522033691406 454.8079528808594
20.878437042236328 453.9975280761719
21.257097244262695 453.1912536621094
21.6446533203125 452.3887939453125
22.041133880615234 451.5899963378906
22.44661521911621 450.7945861816406
22.860416412353516 450.00384521484375
23.28968620300293 449.202880859375
23.725439071655273 448.4073791503906
24.17839241027832 447.59613037109375
24.63631820678711 446.7893981933594
25.099266052246094 445.9873352050781
25.573732376098633 445.17779541015625
26.05409812927246 444.3691711425781
26.539546966552734 443.56256103515625
27.02956771850586 442.7587585449219
27.524145126342773 441.9577941894531
28.023380279541016 441.15948486328125
28.52713966369629 440.364013671875
29.03541374206543 439.5714111328125
29.54818344116211 438.7817077636719
30.0654296875 437.99493408203125
30.587133407592773 437.2110900878906
31.113279342651367 436.43023681640625
31.643850326538086 435.6523742675781
32.178829193115234 434.8775329589844
32.718196868896484 434.1057434082031
33.26193618774414 433.3370361328125
33.81003189086914 432.5714111328125
34.362464904785156 431.8089294433594
34.919219970703125 431.0495910644531
35.48027801513672 430.2934265136719
36.04561996459961 429.54046630859375
36.61522674560547 428.79071044921875
37.18907928466797 428.0442199707031
37.76716232299805 427.3009948730469
38.349456787109375 426.5610656738281
38.93593978881836 425.8244323730469
39.52659606933594 425.0911560058594
40.12140655517578 424.3612365722656
40.72035217285156 423.63470458984375
41.32341003417969 422.9115905761719
41.930564880371094 422.1919250488281
42.54179763793945 421.4757080078125
43.15708541870117 420.7629699707031
43.77640914916992 420.0537414550781
44.399749755859375 419.3480224609375
45.0270881652832 418.6458740234375
45.65840148925781 417.9472961425781
46.293670654296875 417.2523193359375
46.93287658691406 416.5609436035156
47.57599639892578 415.87322998046875
48.2230110168457 415.1891784667969
48.873897552490234 414.5087890625
49.52863693237305 413.8321228027344
50.18720626831055 413.1591796875
50.849586486816406 412.489990234375
51.51575469970703 411.8245544433594
52.185691833496094 411.1629333496094
52.859375 410.505126953125
53.536781311035156 409.85113525390625
54.21788787841797 409.2010192871094
54.90267562866211 408.5547790527344
55.591121673583984 407.91241455078125
56.283203125 407.27398681640625
56.97889709472656 406.6394958496094
57.67818069458008 406.00897216796875
58.38103485107422 405.3824157714844
59.087432861328125 404.7598571777344
59.79735565185547 404.1413269042969
60.51077651977539 403.5268249511719
61.22766876220703 402.9164123535156
61.94801712036133 402.31005859375
62.67176055908203 401.7078552246094
63.39890670776367 401.1097717285156
64.12943267822266 400.5158386230469
64.86331176757812 399.92608642578125
65.60052490234375 399.34051513671875
66.34095001220703 398.7592468261719
67.08464813232422 398.1822509765625
67.83136749267578 397.6097106933594
68.58128356933594 397.0415344238281
69.3338623046875 396.4781799316406
70.08956909179688 395.9193420410156
70.84845733642578 395.3650207519531
71.60913848876953 394.8163146972656
72.37297821044922 394.2723388671875
73.13776397705078 393.7348327636719
73.90567779541016 393.20245361328125
74.67326354980469 392.6778564453125
75.44397735595703 392.1589050292969
76.21163177490234 391.6502380371094
76.9826431274414 391.14801025390625
77.75142669677734 390.65625
78.5238037109375 390.1716003417969
79.29978942871094 389.6941223144531
80.07939147949219 389.223876953125
80.85777282714844 388.76409912109375
81.6400375366211 388.3120422363281
82.4261474609375 387.8677978515625
83.21748352050781 387.4305419921875
84.00707244873047 387.00439453125
84.80066680908203 386.5865173339844
85.59822845458984 386.17694091796875
86.39787292480469 385.7767639160156
87.20147705078125 385.3851318359375
88.00944519042969 385.0018615722656
88.82148742675781 384.6270446777344
89.6372299194336 384.2608947753906
90.45745849609375 383.90301513671875
91.2811508178711 383.5538330078125
92.10771179199219 383.2136535644531
92.94155883789062 382.8805236816406
93.7794418334961 382.5555725097656
94.65997314453125 382.2220458984375
95.5423812866211 381.8935241699219
96.42664337158203 381.57000732421875
97.31272888183594 381.25152587890625
98.20059967041016 380.9380798339844
99.09024047851562 380.6296691894531
99.98161315917969 380.3263244628906
100.87468719482422 380.0280456542969
101.76943969726562 379.7348327636719
102.66583251953125 379.44671630859375
103.56383514404297 379.1636962890625
104.46341705322266 378.8857727050781
105.36451721191406 378.6130065917969
106.2671127319336 378.3453674316406
107.1710205078125 378.08294677734375
108.07626342773438 377.8257141113281
108.98274230957031 377.57373046875
109.89036560058594 377.3270568847656
110.7982177734375 377.08599853515625
111.70761108398438 376.8502197265625
112.61780548095703 376.61993408203125
113.52875518798828 376.39520263671875
114.4404525756836 376.1760559082031
115.35236358642578 375.9626770019531
116.2652587890625 375.75494384765625
117.18110656738281 375.5523681640625
118.097900390625 375.3553466796875
119.01686096191406 375.16357421875
119.93569946289062 374.9775390625
120.85619354248047 374.7969055175781
121.77984619140625 374.6213073730469
122.70431518554688 374.45111083984375
123.63040161132812 374.2861328125
124.55728149414062 374.12652587890625
125.48562622070312 373.9721374511719
126.41475677490234 373.8230895996094
127.34497833251953 373.6792907714844
128.27590942382812 373.54083251953125
129.20782470703125 373.40765380859375
130.1402587890625 373.2798156738281
131.07357788085938 373.15728759765625
132.00765991210938 373.0400695800781
132.94235229492188 372.92816162109375
133.8776397705078 372.82159423828125
134.81350708007812 372.7203674316406
135.74989318847656 372.6244812011719
136.68675231933594 372.533935546875
137.62420654296875 372.44873046875
138.56207275390625 372.3688659667969
139.50035095214844 372.2943420410156
140.43898010253906 372.2251892089844
141.3778076171875 372.1614074707031
142.31690979003906 372.10302734375
143.25625610351562 372.050048828125
144.19577026367188 372.0024719238281
145.1354522705078 371.9602966308594
146.0752410888672 371.9235534667969
147.01461791992188 371.89227294921875
147.9530792236328 371.8665466308594
148.8914031982422 371.8464050292969
149.829345703125 371.8318786621094
150.7670440673828 371.8230285644531
151.70443725585938 371.8198547363281
152.64122009277344 371.8223876953125
153.5775604248047 371.8306884765625
154.51339721679688 371.84478759765625
155.4483642578125 371.86474609375
156.3826141357422 371.8905944824219
157.3160858154297 371.9223937988281
157.3160858154297 371.9223937988281
157.3160858154297 371.9223937988281
157.3160858154297 371.9223937988281
157.3160858154297 371.9223937988281
157.3160858154297 371.9223937988281
157.3160858154297 371.9223937988281
157.3160858154297 371.9223937988281
157.3160858154297 371.9223937988281
157.3160858154297 371.9223937988281
157.3160858154297 371.9223937988281
157.3160858154297 371.9223937988281
157.3160858154297 371.9223937988281
157.3160858154297 371.9223937988281
157.3160858154297 371.9223937988281
157.3160858154297 371.9223937988281
157.3160858154297 371.9223937988281
157.3160858154297 371.9223937988281
157.3160858154297 371.9223937988281
157.3160858154297 371.9223937988281
157.3160858154297 371.9223937988281
157.3160858154297 371.9223937988281
157.3160858154297 371.9223937988281
157.3160858154297 371.9223937988281
157.3160858154297 371.9223937988281
157.3160858154297 371.9223937988281
157.3160858154297 371.9223937988281
157.3160858154297 371.9223937988281
157.3160858154297 371.9223937988281
157.3160858154297 371.9223937988281
157.3160858154297 371.9223937988281
157.3160858154297 371.9223937988281
157.3160858154297 371.9223937988281
157.3160858154297 371.9223937988281
157.3160858154297 371.9223937988281
157.3160858154297 371.9223937988281
157.3160858154297 371.9223937988281
157.3160858154297 371.9223937988281
157.3160858154297 371.9223937988281
157.3160858154297 371.9223937988281
157.3160858154297 371.9223937988281
157.3160858154297 371.9223937988281
157.3160858154297 371.9223937988281
157.3160858154297 371.9223937988281
157.3160858154297 371.9223937988281
157.3160858154297 371.9223937988281
157.3160858154297 371.9223937988281
157.3160858154297 371.9223937988281
157.3160858154297 371.9223937988281
157.3160858154297 371.9223937988281
157.3160858154297 371.9223937988281
157.3160858154297 371.9223937988281
157.3160858154297 371.9223937988281
157.3160858154297 371.9223937988281
157.3160858154297 371.9223937988281
157.3160858154297 371.9223937988281
157.3160858154297 371.9223937988281
157.3160858154297 371.9223937988281
157.3160858154297 371.9223937988281
157.3160858154297 371.9223937988281
157.3160858154297 371.9223937988281
157.3160858154297 371.9223937988281
157.3160858154297 371.9223937988281
157.3160858154297 371.9223937988281
157.3160858154297 371.9223937988281
157.3160858154297 371.9223937988281
157.3160858154297 371.9223937988281
157.3160858154297 371.9223937988281
157.3160858154297 371.9223937988281
157.3160858154297 371.9223937988281
157.3160858154297 371.9223937988281
157.3160858154297 371.9223937988281
157.3160858154297 371.9223937988281
157.3160858154297 371.9223937988281
157.3160858154297 371.9223937988281
157.3160858154297 371.9223937988281
157.3160858154297 371.9223937988281
157.3160858154297 371.9223937988281
157.3160858154297 371.9223937988281
157.3160858154297 371.9223937988281
157.3160858154297 371.9223937988281
157.3160858154297 371.9223937988281
157.3160858154297 371.9223937988281
157.3160858154297 371.9223937988281
157.3160858154297 371.9223937988281
157.3160858154297 371.9223937988281
157.3160858154297 371.9223937988281
157.3160858154297 371.9223937988281
157.3160858154297 371.9223937988281
157.3160858154297 371.9223937988281
157.3160858154297 371.9223937988281
157.3160858154297 371.9223937988281
157.3160858154297 371.9223937988281
157.3160858154297 371.9223937988281
157.3160858154297 371.9223937988281
157.3160858154297 371.9223937988281
157.3160858154297 371.9223937988281
157.3160858154297 371.9223937988281
157.3160858154297 371.9223937988281
157.3160858154297 371.9223937988281
157.3160858154297 371.9223937988281
157.3160858154297 371.9223937988281
157.3160858154297 371.9223937988281
157.3160858154297 371.9223937988281
157.3160858154297 371.9223937988281
157.3160858154297 371.9223937988281
157.3160858154297 371.9223937988281
157.3160858154297 371.9223937988281
157.3160858154297 371.9223937988281
157.3160858154297 371.9223937988281
157.3160858154297 371.9223937988281
157.3160858154297 371.9223937988281
157.3160858154297 371.9223937988281
157.3160858154297 371.9223937988281
157.3160858154297 371.9223937988281
157.3160858154297 371.9223937988281
157.3160858154297 371.9223937988281
157.3160858154297 371.9223937988281
157.3160858154297 371.9223937988281
157.3160858154297 371.9223937988281
157.3160858154297 371.9223937988281
157.3160858154297 371.9223937988281
157.3160858154297 371.9223937988281
157.3160858154297 371.9223937988281
157.3160858154297 371.9223937988281
157.3160858154297 371.9223937988281
157.49366760253906 372.7052307128906
157.49366760253906 372.7052307128906
157.49366760253906 372.7052307128906
157.49366760253906 372.7052307128906
157.49366760253906 372.7052307128906
157.49366760253906 372.7052307128906
157.49366760253906 372.7052307128906
157.49366760253906 372.7052307128906
157.49366760253906 372.7052307128906
157.49366760253906 372.7052307128906
157.49366760253906 372.7052307128906
157.49867248535156 373.5074462890625
157.48788452148438 374.3094787597656
157.46128845214844 375.11004638671875
157.41885375976562 375.9085998535156
157.3605499267578 376.7045593261719
157.2860565185547 377.5030822753906
157.19569396972656 378.3020324707031
157.0897979736328 379.0985412597656
156.96841430664062 379.8922119140625
156.83126831054688 380.6849365234375
156.6787872314453 381.4744873046875
156.51075744628906 382.2618713378906
156.32752990722656 383.045654296875
156.12899780273438 383.8262939453125
155.9154052734375 384.60284423828125
155.6867218017578 385.37542724609375
155.4431610107422 386.1434020996094
155.18472290039062 386.9067077636719
154.9115447998047 387.66497802734375
154.623779296875 388.4178161621094
154.3214874267578 389.1650390625
153.97535705566406 389.9847412109375
153.62071228027344 390.7994079589844
153.2563018798828 391.6119384765625
152.88294982910156 392.4207458496094
152.50067138671875 393.225830078125
152.10943603515625 394.02734375
151.7091522216797 394.8255920410156
151.300537109375 395.6192321777344
150.87623596191406 396.423828125
150.44549560546875 397.2229919433594
150.00819396972656 398.0166931152344
149.5476531982422 398.83795166015625
149.08245849609375 399.6565856933594
148.6126251220703 400.4725646972656
148.13816833496094 401.2858581542969
147.6591033935547 402.0964660644531
147.17544555664062 402.9043273925781
146.6872100830078 403.7094421386719
146.1944122314453 404.5117492675781
145.6970672607422 405.3112487792969
145.1951904296875 406.10791015625
144.6887969970703 406.9017333984375
144.1779022216797 407.6926574707031
143.6625213623047 408.48065185546875
143.14268493652344 409.2657165527344
142.61839294433594 410.0478210449219
142.0896759033203 410.8269348144531
141.55653381347656 411.60302734375
141.0189971923828 412.3760986328125
140.47708129882812 413.1460876464844
139.93080139160156 413.9129943847656
139.3801727294922 414.6767883300781
138.82522583007812 415.43743896484375
138.26596069335938 416.1949462890625
137.70240783691406 416.9492492675781
137.13458251953125 417.7003479003906
136.5625 418.4482116699219
135.98619079589844 419.19281005859375
135.40565490722656 419.93414306640625
134.8209228515625 420.6721496582031
134.2320098876953 421.4068298339844
133.63893127441406 422.1381530761719
133.04171752929688 422.8660888671875
132.4403839111328 423.59063720703125
131.83494567871094 424.311767578125
131.2254180908203 425.0294494628906
130.61183166503906 425.74365234375
129.9941864013672 426.454345703125
129.37252807617188 427.1615295410156
128.74685668945312 427.86517333984375
128.11720275878906 428.56524658203125
127.48358917236328 429.2617492675781
126.84603118896484 429.9546203613281
126.20454406738281 430.64385986328125
125.55915832519531 431.3294677734375
124.9098892211914 432.0113830566406
124.25675964355469 432.6896057128906
123.59979248046875 433.3641052246094
122.93900299072266 434.0348815917969
122.2744140625 434.701904296875
121.6060562133789 435.3651428222656
120.9339370727539 436.0245666503906
120.25808715820312 436.6801452636719
119.57852935791016 437.3318786621094
118.89527893066406 437.9797668457031
118.20836639404297 438.6237487792969
117.51780700683594 439.2638244628906
116.82362365722656 439.89996337890625
116.12583923339844 440.53216552734375
115.42447662353516 441.160400390625
114.71955871582031 441.7846374511719
114.0111083984375 442.40484619140625
113.29914855957031 443.0210266113281
112.58370208740234 443.6331481933594
111.86479187011719 444.2412109375
111.14244079589844 444.8451843261719
110.41667175292969 445.4450378417969
109.68750762939453 446.040771484375
108.9549789428711 446.6323547363281
108.21910095214844 447.2197570800781
107.47989654541016 447.802978515625
106.73739624023438 448.3819885253906
105.99162292480469 448.956787109375
105.24259948730469 449.52734375
104.49034881591797 450.0936279296875
103.73489379882812 450.6556396484375
102.97625732421875 451.2133483886719
102.21446990966797 451.7667541503906
101.44954681396484 452.3158264160156
100.6815185546875 452.86053466796875
99.91041564941406 453.40087890625
99.1362533569336 453.93682861328125
98.35906219482422 454.4683837890625
97.57886505126953 454.9955139160156
96.79568481445312 455.5182189941406
96.0095443725586 456.0364685058594
95.22046661376953 456.5502624511719
94.42848205566406 457.0595703125
93.63361358642578 457.56439208984375
92.83588409423828 458.064697265625
92.03531646728516 458.5604553222656
91.23193359375 459.05169677734375
90.42577362060547 459.5383605957031
89.61687469482422 460.02044677734375
88.80528259277344 460.4979248046875
87.99099731445312 460.9707946777344
87.17404174804688 461.4390563964844
86.35444641113281 461.90264892578125
85.53223419189453 462.3616027832031
84.70744323730469 462.8158874511719
83.88008880615234 463.2654724121094
83.0501937866211 463.7103576660156
82.21778869628906 464.1505432128906
81.38290405273438 464.58599853515625
80.54556274414062 465.0166931152344
79.70580291748047 465.442626953125
78.86363983154297 465.8638000488281
78.01910400390625 466.2801818847656
77.17221069335938 466.6917724609375
76.322998046875 467.0985412597656
75.47148895263672 467.50048828125
74.61772155761719 467.8975830078125
73.76171875 468.2898254394531
72.90351867675781 468.67718505859375
72.04314422607422 469.0596618652344
71.18062591552734 469.437255859375
70.31599426269531 469.8099365234375
69.44933319091797 470.1776428222656
68.58065795898438 470.5404052734375
67.71002960205078 470.8981628417969
66.83750915527344 471.2508850097656
65.96331024169922 471.5984802246094
65.08783721923828 471.94073486328125
64.21087646484375 472.2776794433594
63.33277130126953 472.609130859375
62.45302200317383 472.93524169921875
61.571903228759766 473.2558898925781
60.689369201660156 473.571044921875
59.80552291870117 473.880615234375
58.92008972167969 474.1846923828125
58.033023834228516 474.4832458496094
57.144290924072266 474.7762756347656
56.25395965576172 475.06378173828125
55.3619384765625 475.34576416015625
54.46821975708008 475.6222229003906
53.57283020019531 475.89312744140625
52.6757926940918 476.15850830078125
51.777137756347656 476.4183349609375
50.8768424987793 476.672607421875
49.97500228881836 476.9212951660156
49.071285247802734 477.1645202636719
48.16628646850586 477.4021301269531
47.25968551635742 477.6341857910156
46.35173034667969 477.86065673828125
45.44142532348633 478.0818176269531
44.52996063232422 478.2973937988281
43.616416931152344 478.50762939453125
42.702293395996094 478.712158203125
41.784889221191406 478.9116516113281
40.86658477783203 479.1056823730469
39.946353912353516 479.29443359375
39.0252799987793 479.4777526855469
38.101959228515625 479.6559143066406
37.17781066894531 479.8287048339844
36.252105712890625 479.9962463378906
35.32559585571289 480.158447265625
34.3983268737793 480.3152770996094
33.470054626464844 480.4667663574219
32.54121017456055 480.61285400390625
31.611055374145508 480.753662109375
30.68001365661621 480.8891296386719
29.748191833496094 481.0192565917969
28.815767288208008 481.1440124511719
27.88262367248535 481.263427734375
26.948829650878906 481.3774719238281
26.0145320892334 481.4861145019531
25.079782485961914 481.58935546875
24.144258499145508 481.6872253417969
23.20836067199707 481.7796630859375
22.272144317626953 481.8666687011719
21.33539581298828 481.9482727050781
20.3984432220459 482.0244140625
19.461360931396484 482.0950927734375
18.524988174438477 482.16015625
17.590551376342773 482.2193908691406
16.656387329101562 482.2727966308594
16.656387329101562 482.2727966308594
16.656387329101562 482.2727966308594
16.656387329101562 482.2727966308594
16.656387329101562 482.2727966308594
16.656387329101562 482.2727966308594
16.656387329101562 482.2727966308594
16.656387329101562 482.2727966308594
16.656387329101562 482.2727966308594
16.656387329101562 482.2727966308594
16.656387329101562 482.2727966308594
16.656387329101562 482.2727966308594
16.656387329101562 482.2727966308594
16.656387329101562 482.2727966308594
16.656387329101562 482.2727966308594
16.656387329101562 482.2727966308594
16.656387329101562 482.2727966308594
16.656387329101562 482.2727966308594
16.656387329101562 482.2727966308594
16.656387329101562 482.2727966308594
16.656387329101562 482.2727966308594
16.656387329101562 482.2727966308594
16.656387329101562 482.2727966308594
16.656387329101562 482.2727966308594
16.656387329101562 482.2727966308594
16.656387329101562 482.2727966308594
16.656387329101562 482.2727966308594
16.656387329101562 482.2727966308594
16.656387329101562 482.2727966308594
16.656387329101562 482.2727966308594
16.656387329101562 482.2727966308594
16.656387329101562 482.2727966308594
16.656387329101562 482.2727966308594
16.656387329101562 482.2727966308594
16.656387329101562 482.2727966308594
16.656387329101562 482.2727966308594
16.656387329101562 482.2727966308594
16.656387329101562 482.2727966308594
16.656387329101562 482.2727966308594
16.656387329101562 482.2727966308594
16.656387329101562 482.2727966308594
16.656387329101562 482.2727966308594
16.656387329101562 482.2727966308594
16.656387329101562 482.2727966308594
16.656387329101562 482.2727966308594
16.656387329101562 482.2727966308594
16.656387329101562 482.2727966308594
16.656387329101562 482.2727966308594
16.656387329101562 482.2727966308594
16.656387329101562 482.2727966308594
16.656387329101562 482.2727966308594
16.656387329101562 482.2727966308594
16.656387329101562 482.2727966308594
16.656387329101562 482.2727966308594
16.656387329101562 482.2727966308594
16.656387329101562 482.2727966308594
16.656387329101562 482.2727966308594
16.656387329101562 482.2727966308594
16.656387329101562 482.2727966308594
16.656387329101562 482.2727966308594
16.656387329101562 482.2727966308594
16.656387329101562 482.2727966308594
16.656387329101562 482.2727966308594
16.656387329101562 482.2727966308594
16.656387329101562 482.2727966308594
16.656387329101562 482.2727966308594
16.656387329101562 482.2727966308594
16.656387329101562 482.2727966308594
16.656387329101562 482.2727966308594
16.656387329101562 482.2727966308594
16.656387329101562 482.2727966308594
16.656387329101562 482.2727966308594
16.656387329101562 482.2727966308594
16.656387329101562 482.2727966308594
16.656387329101562 482.2727966308594
16.656387329101562 482.2727966308594
16.656387329101562 482.2727966308594
16.656387329101562 482.2727966308594
16.656387329101562 482.2727966308594
16.656387329101562 482.2727966308594
16.656387329101562 482.2727966308594
16.656387329101562 482.2727966308594
16.656387329101562 482.2727966308594
16.656387329101562 482.2727966308594
16.656387329101562 482.2727966308594
16.656387329101562 482.2727966308594
16.656387329101562 482.2727966308594
16.656387329101562 482.2727966308594
16.656387329101562 482.2727966308594
16.656387329101562 482.2727966308594
16.656387329101562 482.2727966308594
16.656387329101562 482.2727966308594
16.656387329101562 482.2727966308594
16.656387329101562 482.2727966308594
16.656387329101562 482.2727966308594
16.656387329101562 482.2727966308594
16.656387329101562 482.2727966308594
16.656387329101562 482.2727966308594
16.656387329101562 482.2727966308594
16.656387329101562 482.2727966308594
16.656387329101562 482.2727966308594
16.656387329101562 482.2727966308594
16.656387329101562 482.2727966308594
16.656387329101562 482.2727966308594
16.656387329101562 482.2727966308594
16.656387329101562 482.2727966308594
16.656387329101562 482.2727966308594
16.656387329101562 482.2727966308594
16.656387329101562 482.2727966308594
16.656387329101562 482.2727966308594
16.656387329101562 482.2727966308594
16.656387329101562 482.2727966308594
16.656387329101562 482.2727966308594
16.656387329101562 482.2727966308594
16.656387329101562 482.2727966308594
16.656387329101562 482.2727966308594
16.656387329101562 482.2727966308594
16.656387329101562 482.2727966308594
16.656387329101562 482.2727966308594
16.656387329101562 482.2727966308594
16.656387329101562 482.2727966308594
16.656387329101562 482.2727966308594
16.656387329101562 482.2727966308594
16.656387329101562 482.2727966308594
16.656387329101562 482.2727966308594
16.656387329101562 482.2727966308594
16.656387329101562 482.2727966308594
16.656387329101562 482.2727966308594
16.656387329101562 482.2727966308594
16.656387329101562 482.2727966308594
16.656387329101562 482.2727966308594
16.656387329101562 482.2727966308594
16.656387329101562 482.2727966308594
16.656387329101562 482.2727966308594
16.656387329101562 482.2727966308594
16.656387329101562 482.2727966308594
16.656387329101562 482.2727966308594
16.656387329101562 482.2727966308594
16.656387329101562 482.2727966308594
16.656387329101562 482.2727966308594
16.656387329101562 482.2727966308594
16.656387329101562 482.2727966308594
16.656387329101562 482.2727966308594
16.656387329101562 482.2727966308594
16.656387329101562 482.2727966308594
16.500940322875977 481.48529052734375
16.500940322875977 481.48529052734375
16.500940322875977 481.48529052734375
16.500940322875977 481.48529052734375
16.500940322875977 481.48529052734375
16.500940322875977 481.48529052734375
16.500940322875977 481.48529052734375
16.500940322875977 481.48529052734375
16.500940322875977 481.48529052734375
16.500940322875977 481.48529052734375
16.50113868713379 480.6812438964844
16.5170841217041 479.88043212890625
16.548892974853516 479.0814514160156
16.596601486206055 478.2848815917969
16.66047477722168 477.4855041503906
16.740036010742188 476.6885986328125
16.83558464050293 475.8908386230469
16.946659088134766 475.0957336425781
17.073516845703125 474.30133056640625
17.21575927734375 473.5099182128906
17.373571395874023 472.7204284667969
17.546630859375 471.93438720703125
17.735048294067383 471.1512451171875
17.938568115234375 470.3720397949219
18.157114028930664 469.5970764160156
18.39076042175293 468.8260498046875
18.639339447021484 468.0594787597656
18.902721405029297 467.2977600097656
19.180761337280273 466.5412902832031
19.47339630126953 465.7902526855469
19.78075408935547 465.04425048828125
20.131555557250977 464.2281799316406
20.492219924926758 463.4139709472656
20.861848831176758 462.6034851074219
21.240230560302734 461.797119140625
21.62750244140625 460.9945983886719
22.023685455322266 460.19580078125
22.42884635925293 459.40045166015625
22.843116760253906 458.6081237792969
23.271589279174805 457.80792236328125
23.706645965576172 457.0131530761719
24.159029006958008 456.20257568359375
24.616424560546875 455.3966064453125
25.078887939453125 454.59539794921875
25.55327033996582 453.7861328125
26.033660888671875 452.9776306152344
26.519180297851562 452.17108154296875
27.0092716217041 451.3673400878906
27.50397491455078 450.56634521484375
28.003280639648438 449.76806640625
28.507116317749023 448.9726257324219
29.015459060668945 448.1800842285156
29.528297424316406 447.3904113769531
30.045612335205078 446.6036682128906
30.567384719848633 445.81988525390625
31.093599319458008 445.0390625
31.624237060546875 444.2612609863281
32.15928268432617 443.4864807128906
32.6987190246582 442.7147521972656
33.24252700805664 441.9460754394531
33.79069137573242 441.1805114746094
34.34319305419922 440.4180603027344
34.9000129699707 439.6587829589844
35.46113586425781 438.9026794433594
36.02654266357422 438.1497497558594
36.596214294433594 437.4000549316406
37.17013168334961 436.6535949707031
37.7482795715332 435.910400390625
38.33063507080078 435.1705017089844
38.91718292236328 434.4339294433594
39.507904052734375 433.7007141113281
40.102779388427734 432.9708557128906
40.701786041259766 432.244384765625
41.304908752441406 431.5213317871094
41.91212844848633 430.80169677734375
42.52342224121094 430.0855407714844
43.138771057128906 429.37286376953125
43.758155822753906 428.6636962890625
44.38155746459961 427.9580383300781
45.00895690917969 427.2559509277344
45.64033126831055 426.55743408203125
46.27566146850586 425.8625183105469
46.9149284362793 425.17120361328125
47.558109283447266 424.4835205078125
48.20518112182617 423.79949951171875
48.85612869262695 423.1191711425781
49.51092529296875 422.44256591796875
50.1695556640625 421.7696838378906
50.831993103027344 421.1005554199219
51.49821853637695 420.4351806640625
52.168212890625 419.77362060546875
52.84195327758789 419.1158752441406
53.51941680908203 418.4619445800781
54.20058059692383 417.8118896484375
54.88542556762695 417.16571044921875
55.57392501831055 416.5234069824219
56.26605987548828 415.8850402832031
56.96181106567383 415.2506103515625
57.66115188598633 414.6201477050781
58.36405944824219 413.99365234375
59.07051467895508 413.37115478515625
59.78049087524414 412.752685546875
60.49396896362305 412.13824462890625
61.21092224121094 411.5278625488281
61.93132781982422 410.92156982421875
62.6551628112793 410.31939697265625
63.38240432739258 409.7213439941406
64.11302947998047 409.1274108886719
64.84700012207031 408.53765869140625
65.58430480957031 407.95208740234375
66.32489776611328 407.3707275390625
67.06877899169922 406.7936096191406
67.81591796875 406.2207336425781
68.56629180908203 405.6521301269531
69.31987762451172 405.0877990722656
70.07637786865234 404.5279846191406
70.83604431152344 403.9725341796875
71.5985336303711 403.4217529296875
72.36414337158203 402.8753967285156
73.13285064697266 402.3335266113281
73.90463256835938 401.7961730957031
74.67723083496094 401.2650451660156
75.45286560058594 400.73876953125
76.23194885253906 400.2170715332031
77.01399993896484 399.7002868652344
77.79602813720703 399.1905822753906
78.58152770996094 398.6858825683594
79.3699951171875 398.1864929199219
80.15763092041016 397.6950988769531
80.9482421875 397.2095947265625
81.74183654785156 396.73004150390625
82.53841400146484 396.2564697265625
83.33274841308594 395.7923278808594
84.12879180908203 395.335693359375
84.9298324584961 394.8847351074219
85.7337646484375 394.44061279296875
86.53459930419922 394.00701904296875
87.33858489990234 393.5809020996094
88.14781188964844 393.1611328125
88.9600601196289 392.74884033203125
89.7776870727539 392.3427429199219
90.59663391113281 391.9449157714844
91.41844177246094 391.5546875
92.24559783935547 391.1708679199219
93.08287048339844 390.7908020019531
