60.65045928955078 450.64501953125
61.273502349853516 451.2496643066406
61.904457092285156 451.8460693359375
62.543216705322266 452.43408203125
63.189666748046875 453.0136413574219
63.84369659423828 453.5846252441406
64.50519561767578 454.1469421386719
65.17404174804688 454.70050048828125
65.85012817382812 455.2452087402344
66.53333282470703 455.78094482421875
67.2235336303711 456.3076477050781
67.92061614990234 456.8251953125
68.62445831298828 457.3335266113281
69.3349380493164 457.83251953125
70.05192565917969 458.3221130371094
70.77530670166016 458.8022155761719
71.50495147705078 459.27276611328125
72.24073028564453 459.733642578125
72.9825210571289 460.1847839355469
73.73018646240234 460.6261291503906
74.48360443115234 461.0575866699219
75.24263763427734 461.47906494140625
76.00716400146484 461.8905029296875
76.77703857421875 462.2918395996094
77.55213928222656 462.6829833984375
78.33232116699219 463.06390380859375
79.1174545288086 463.43450927734375
79.90740203857422 463.79473876953125
80.7020263671875 464.14453125
81.50119018554688 464.4837951660156
82.30475616455078 464.8125
83.11257934570312 465.130615234375
83.92452239990234 465.43804931640625
84.74044799804688 465.7347412109375
85.56021118164062 466.0206604003906
86.3836669921875 466.2957458496094
87.2106704711914 466.5599670410156
88.04107666015625 466.8132629394531
88.87474060058594 467.05560302734375
89.71154022216797 467.28692626953125
90.55130767822266 467.5072021484375
91.39389038085938 467.71636962890625
92.23914337158203 467.9144287109375
93.08695220947266 468.101318359375
93.93714141845703 468.27703857421875
94.78955841064453 468.4415283203125
95.64409637451172 468.5947570800781
96.50056457519531 468.7367248535156
97.35881805419922 468.86737060546875
98.21874237060547 468.9866943359375
99.08015441894531 469.09466552734375
99.94290161132812 469.1912841796875
100.80687713623047 469.2765197753906
101.67182159423828 469.3503723144531
102.53763580322266 469.41278076171875
103.40425872802734 469.4637756347656
104.27145385742188 469.50335693359375
105.13906860351562 469.531494140625
106.0069351196289 469.5481872558594
106.87503051757812 469.55340576171875
107.74308776855469 469.54718017578125
108.61095428466797 469.5295104980469
109.47858428955078 469.5003967285156
110.34573364257812 469.4598388671875
111.21224212646484 469.4078674316406
112.07805633544922 469.3444519042969
112.94293975830078 469.2696228027344
113.80656433105469 469.18341064453125
114.66911315917969 469.0858154296875
115.53025817871094 468.9768371582031
116.38983917236328 468.85650634765625
117.24768829345703 468.724853515625
118.1038818359375 468.5818786621094
118.9582748413086 468.4275817871094
119.81055450439453 468.2620544433594
120.66058349609375 468.0852966308594
121.50820922851562 467.8973693847656
122.35328674316406 467.6982727050781
123.19566345214844 467.4880676269531
124.03520202636719 467.26678466796875
124.87174987792969 467.0344543457031
125.70516204833984 466.7911376953125
126.5353012084961 466.5368347167969
127.36201477050781 466.2716369628906
128.18516540527344 465.9955749511719
129.00460815429688 465.70867919921875
129.8201904296875 465.4110107421875
130.6317901611328 465.1026306152344
131.4392547607422 464.7835693359375
132.24244689941406 464.45391845703125
133.0412139892578 464.11370849609375
133.83543395996094 463.76300048828125
134.62496948242188 463.40185546875
135.40966796875 463.03033447265625
136.1894073486328 462.64849853515625
136.96405029296875 462.2564392089844
137.73345947265625 461.85418701171875
138.49749755859375 461.44183349609375
139.25604248046875 461.01947021484375
140.0089569091797 460.5871276855469
140.756103515625 460.1449279785156
141.4973602294922 459.6929016113281
142.23260498046875 459.23114013671875
142.96170043945312 458.7597351074219
143.6845245361328 458.2787780761719
144.40093994140625 457.788330078125
145.11083984375 457.2884826660156
145.8140869140625 456.7793273925781
146.51055908203125 456.2609558105469
147.2001495361328 455.73345947265625
147.88272094726562 455.1969299316406
148.55816650390625 454.65142822265625
149.2842559814453 454.0534973144531
150.00686645507812 453.4512023925781
150.72593688964844 452.8446044921875
151.44143676757812 452.2337341308594
152.15333557128906 451.6186218261719
152.86160278320312 450.9992980957031
153.5662078857422 450.37579345703125
154.26712036132812 449.7481384277344
154.9643096923828 449.1163635253906
155.6577606201172 448.48046875
156.34744262695312 447.8404846191406
157.0333251953125 447.1964416503906
157.0333251953125 447.1964416503906
157.0333251953125 447.1964416503906
157.0333251953125 447.1964416503906
157.0333251953125 447.1964416503906
157.0333251953125 447.1964416503906
157.0333251953125 447.1964416503906
157.0333251953125 447.1964416503906
157.0333251953125 447.1964416503906
157.0333251953125 447.1964416503906
157.0333251953125 447.1964416503906
157.0333251953125 447.1964416503906
157.0333251953125 447.1964416503906
157.0333251953125 447.1964416503906
157.0333251953125 447.1964416503906
157.0333251953125 447.1964416503906
157.0333251953125 447.1964416503906
157.0333251953125 447.1964416503906
157.0333251953125 447.1964416503906
157.0333251953125 447.1964416503906
157.0333251953125 447.1964416503906
157.0333251953125 447.1964416503906
157.0333251953125 447.1964416503906
157.0333251953125 447.1964416503906
157.0333251953125 447.1964416503906
157.0333251953125 447.1964416503906
157.0333251953125 447.1964416503906
157.0333251953125 447.1964416503906
157.0333251953125 447.1964416503906
157.0333251953125 447.1964416503906
157.0333251953125 447.1964416503906
157.0333251953125 447.1964416503906
157.0333251953125 447.1964416503906
157.0333251953125 447.1964416503906
157.0333251953125 447.1964416503906
157.0333251953125 447.1964416503906
157.0333251953125 447.1964416503906
157.0333251953125 447.1964416503906
157.0333251953125 447.1964416503906
157.0333251953125 447.1964416503906
157.0333251953125 447.1964416503906
157.0333251953125 447.1964416503906
157.0333251953125 447.1964416503906
157.0333251953125 447.1964416503906
157.0333251953125 447.1964416503906
157.0333251953125 447.1964416503906
157.0333251953125 447.1964416503906
157.0333251953125 447.1964416503906
157.0333251953125 447.1964416503906
157.0333251953125 447.1964416503906
157.0333251953125 447.1964416503906
157.4971466064453 446.37786865234375
157.4971466064453 446.37786865234375
157.4971466064453 446.37786865234375
157.4971466064453 446.37786865234375
157.4971466064453 446.37786865234375
157.4971466064453 446.37786865234375
157.4971466064453 446.37786865234375
157.4971466064453 446.37786865234375
157.4971466064453 446.37786865234375
157.4971466064453 446.37786865234375
157.4971466064453 446.37786865234375
157.4971466064453 446.37786865234375
157.4971466064453 446.37786865234375
157.4971466064453 446.37786865234375
157.4971466064453 446.37786865234375
157.4971466064453 446.37786865234375
157.4971466064453 446.37786865234375
157.4971466064453 446.37786865234375
157.4971466064453 446.37786865234375
157.4971466064453 446.37786865234375
157.4971466064453 446.37786865234375
157.4971466064453 446.37786865234375
157.4971466064453 446.37786865234375
157.4971466064453 446.37786865234375
157.4971466064453 446.37786865234375
157.4971466064453 446.37786865234375
157.4971466064453 446.37786865234375
157.4971466064453 446.37786865234375
157.4971466064453 446.37786865234375
157.4971466064453 446.37786865234375
157.4971466064453 446.37786865234375
157.4971466064453 446.37786865234375
157.4971466064453 446.37786865234375
157.4971466064453 446.37786865234375
157.4971466064453 446.37786865234375
157.4971466064453 446.37786865234375
157.4971466064453 446.37786865234375
157.4971466064453 446.37786865234375
157.4971466064453 446.37786865234375
157.4971466064453 446.37786865234375
157.4971466064453 446.37786865234375
157.4971466064453 446.37786865234375
157.4971466064453 446.37786865234375
157.4971466064453 446.37786865234375
157.4971466064453 446.37786865234375
157.4971466064453 446.37786865234375
157.4971466064453 446.37786865234375
157.4971466064453 446.37786865234375
157.4971466064453 446.37786865234375
157.4971466064453 446.37786865234375
157.4971466064453 446.37786865234375
157.4971466064453 446.37786865234375
157.4971466064453 446.37786865234375
157.4971466064453 446.37786865234375
157.4971466064453 446.37786865234375
157.4971466064453 446.37786865234375
157.4971466064453 446.37786865234375
157.4971466064453 446.37786865234375
157.4971466064453 446.37786865234375
157.47720336914062 445.9036560058594
157.4323272705078 445.4303283691406
157.36683654785156 444.9930419921875
157.27615356445312 444.5550537109375
157.17225646972656 444.1672058105469
157.06370544433594 443.8446350097656
156.94879150390625 443.5671081542969
156.81629943847656 443.3014831542969
156.59799194335938 442.9255676269531
156.1976776123047 442.2970275878906
155.77076721191406 441.6615905761719
155.3287353515625 441.0357971191406
154.86448669433594 440.40924072265625
154.33566284179688 439.72119140625
153.7975616455078 439.0398864746094
153.25050354003906 438.3656921386719
152.69461059570312 437.69879150390625
152.12998962402344 437.03924560546875
151.5567169189453 436.38720703125
150.97491455078125 435.7427673339844
150.38465881347656 435.1060485839844
149.78607177734375 434.4771728515625
149.1792449951172 433.8562316894531
148.56430053710938 433.24334716796875
147.9413299560547 432.63861083984375
147.31044006347656 432.0421447753906
146.6717529296875 431.45404052734375
146.02537536621094 430.8744201660156
145.3714141845703 430.3033447265625
144.70997619628906 429.7409362792969
144.04119873046875 429.1872863769531
143.36517333984375 428.64251708984375
142.68203735351562 428.106689453125
141.9918975830078 427.5799255371094
141.2948760986328 427.0622863769531
140.59109497070312 426.5538635253906
139.88067626953125 426.0547790527344
139.1637420654297 425.5650939941406
138.44041442871094 425.08489990234375
137.71083068847656 424.6142578125
136.97511291503906 424.1532897949219
136.23338317871094 423.7020568847656
135.4857635498047 423.2606201171875
134.73239135742188 422.8290710449219
133.97340393066406 422.4075012207031
133.2093048095703 421.9961853027344
132.44163513183594 421.5960388183594
131.67819213867188 421.2115783691406
130.92918395996094 420.8489685058594
130.18084716796875 420.50238037109375
129.4213104248047 420.1663818359375
128.66294860839844 419.84649658203125
127.89289093017578 419.53729248046875
127.09146881103516 419.22991943359375
126.28863525390625 418.93511962890625
125.46989440917969 418.64727783203125
124.64710235595703 418.3701477050781
123.82072448730469 418.1038818359375
122.99091339111328 417.8485412597656
122.1578140258789 417.6041564941406
121.32156372070312 417.3707580566406
120.48230743408203 417.1484069824219
119.64019775390625 416.9371337890625
118.79537963867188 416.7369689941406
117.947998046875 416.5479431152344
117.09819793701172 416.3701171875
116.24612426757812 416.2034912109375
115.39192962646484 416.0481262207031
114.5357666015625 415.9040222167969
113.67778015136719 415.7712097167969
112.818115234375 415.64971923828125
111.95692443847656 415.53955078125
111.09435272216797 415.44073486328125
110.23056030273438 415.3533020019531
109.36568450927734 415.2772521972656
108.49988555908203 415.2126159667969
107.63330841064453 415.1593933105469
106.76610565185547 415.1175842285156
105.89842987060547 415.08721923828125
105.03042602539062 415.0682678222656
104.16224670410156 415.0607604980469
103.2940444946289 415.064697265625
102.42597198486328 415.080078125
101.55817413330078 415.1069030761719
100.69080352783203 415.1451416015625
99.82401275634766 415.1947937011719
98.95795440673828 415.2558898925781
98.0927734375 415.328369140625
97.22862243652344 415.4122619628906
96.36565399169922 415.5075378417969
95.50401306152344 415.6141662597656
94.64385223388672 415.7321472167969
93.78532409667969 415.8614501953125
92.92857360839844 416.0020446777344
92.07374572753906 416.1539001464844
91.22099304199219 416.3170166015625
90.37046813964844 416.4913635253906
89.5223159790039 416.6768798828125
88.67668151855469 416.8735656738281
87.83370971679688 417.0813903808594
86.99354553222656 417.30029296875
86.15634155273438 417.5302429199219
85.3222427368164 417.7712097167969
84.49138641357422 418.02313232421875
83.66392517089844 418.2859802246094
82.83999633789062 418.5597229003906
82.01974487304688 418.84429931640625
81.20331573486328 419.1396484375
80.3908462524414 419.44573974609375
79.58248138427734 419.76251220703125
78.77836608886719 420.08990478515625
77.97863006591797 420.4278564453125
77.18341827392578 420.77630615234375
76.39286804199219 421.1352233886719
75.60710906982422 421.5045166015625
74.82628631591797 421.8841247558594
74.050537109375 422.27398681640625
73.27999114990234 422.6740417480469
72.51477813720703 423.084228515625
71.75503540039062 423.50445556640625
71.00090026855469 423.9346618652344
70.25249481201172 424.374755859375
69.50995635986328 424.8246765136719
68.77340698242188 425.2843322753906
68.04298400878906 425.753662109375
67.31880187988281 426.2325744628906
66.60099792480469 426.7209777832031
65.88968658447266 427.21881103515625
65.18499755859375 427.7259521484375
64.48705291748047 428.2423400878906
63.79597473144531 428.76788330078125
63.111881256103516 429.302490234375
62.43489074707031 429.8460693359375
61.76511764526367 430.39849853515625
61.102684020996094 430.959716796875
60.44770050048828 431.52960205078125
59.80028533935547 432.10809326171875
59.16054916381836 432.6950378417969
58.52860641479492 433.2903747558594
57.90456008911133 433.89398193359375
57.28852081298828 434.5057678222656
56.68060302734375 435.1256103515625
56.080936431884766 435.7533874511719
55.489585876464844 436.3890075683594
54.906654357910156 437.0323791503906
54.33230209350586 437.6833190917969
53.766563415527344 438.341796875
53.20969772338867 439.0075378417969
52.662193298339844 439.6799621582031
52.12602996826172 440.35687255859375
51.596412658691406 441.0443115234375
51.07686233520508 441.737548828125
50.56624984741211 442.4381408691406
50.067100524902344 443.14276123046875
49.584014892578125 443.8456115722656
49.13096237182617 444.5284729003906
48.68513107299805 445.226806640625
48.28419876098633 445.883544921875
47.89667510986328 446.55224609375
47.52835464477539 447.2230529785156
47.17584228515625 447.9023742675781
46.84218978881836 448.58453369140625
46.52613067626953 449.2723693847656
46.23128128051758 449.9584045410156
45.96057891845703 450.6365966796875
45.71151351928711 451.3139343261719
45.48487091064453 451.98870849609375
45.26738357543945 452.69976806640625
45.069908142089844 453.4107971191406
44.88850784301758 454.13580322265625
44.72666549682617 454.8606262207031
44.58157730102539 455.5976257324219
44.453670501708984 456.3437194824219
44.343238830566406 457.0964050292969
44.25106430053711 457.8501281738281
44.17665481567383 458.6087646484375
44.12040710449219 459.3679504394531
44.08210372924805 460.13043212890625
44.06175994873047 460.8948669433594
44.05937576293945 461.6602478027344
44.07493591308594 462.42584228515625
44.108421325683594 463.1910705566406
44.15979766845703 463.95526123046875
44.22905731201172 464.7182312011719
44.316139221191406 465.47943115234375
44.420989990234375 466.2383728027344
44.54356384277344 466.9947204589844
44.683876037597656 467.7486267089844
44.84192657470703 468.500244140625
45.01797103881836 469.2511291503906
45.217716217041016 470.0281982421875
45.4387092590332 470.8265075683594
45.67848587036133 471.641357421875
45.93338394165039 472.46343994140625
46.20153045654297 473.2884216308594
46.480716705322266 474.1102600097656
46.77077865600586 474.9284973144531
47.07162094116211 475.7428894042969
47.3831787109375 476.55328369140625
47.705387115478516 477.3594970703125
48.03818893432617 478.161376953125
48.381526947021484 478.95880126953125
48.73534393310547 479.75164794921875
49.09957504272461 480.5397644042969
49.474159240722656 481.322998046875
49.859031677246094 482.1012268066406
50.25412368774414 482.87432861328125
50.659366607666016 483.64215087890625
51.07469177246094 484.4045715332031
51.50002670288086 485.1614685058594
51.935298919677734 485.9126892089844
52.38043212890625 486.6581115722656
52.83534622192383 487.3975830078125
53.299964904785156 488.1310119628906
53.774208068847656 488.8582458496094
54.257991790771484 489.57916259765625
54.7512321472168 490.2936706542969
55.253841400146484 491.0016174316406
55.7657356262207 491.702880859375
56.28682327270508 492.3973388671875
56.8170166015625 493.0848693847656
57.356224060058594 493.7653503417969
57.90435028076172 494.43865966796875
58.461299896240234 495.10467529296875
59.026973724365234 495.7633056640625
59.60127639770508 496.4144287109375
60.184104919433594 497.05792236328125
60.775360107421875 497.69366455078125
61.37493896484375 498.3215637207031
61.98273468017578 498.9414978027344
62.59864044189453 499.5533752441406
63.2225456237793 500.1570739746094
63.854339599609375 500.7524719238281
64.49391174316406 501.3394775390625
65.14114379882812 501.91796875
65.79592895507812 502.48785400390625
66.4581298828125 503.04901123046875
67.12764739990234 503.6013488769531
67.80436706542969 504.144775390625
68.48812103271484 504.67913818359375
69.17884063720703 505.20440673828125
69.87631225585938 505.7203674316406
70.58037567138672 506.2269287109375
71.29103088378906 506.72406005859375
72.0081787109375 507.211669921875
72.7314453125 507.68951416015625
73.46098327636719 508.1576843261719
74.19670867919922 508.6161193847656
74.93806457519531 509.0644226074219
75.68541717529297 509.5028381347656
76.43867492675781 509.9313049316406
77.19708251953125 510.3493957519531
77.96122741699219 510.7574157714844
78.73014831542969 511.1548156738281
79.50465393066406 511.5420227050781
80.28356170654297 511.9184265136719
81.06791687011719 512.2845458984375
81.8575668334961 512.6403198242188
82.6512222290039 512.985107421875
83.45000457763672 513.3194580078125
84.2536849975586 513.643310546875
85.06104278564453 513.9561157226562
85.87308502197266 514.25830078125
86.6895523071289 514.5498046875
87.50939178466797 514.8302612304688
88.33338928222656 515.0999755859375
89.16126251220703 515.3588256835938
89.9922103881836 515.6065673828125
90.82673645019531 515.8433837890625
91.66458129882812 516.0692138671875
92.50517272949219 516.2838745117188
93.34876251220703 516.4874267578125
94.19512176513672 516.6798706054688
95.04386138916016 516.861083984375
95.89505004882812 517.0311279296875
96.74848937988281 517.18994140625
97.60391235351562 517.3374633789062
98.46127319335938 517.4736938476562
99.32042694091797 517.5986328125
100.18109893798828 517.7122192382812
101.04322814941406 517.814453125
101.9066162109375 517.9053344726562
102.77114868164062 517.9848022460938
103.63666534423828 518.0529174804688
104.50299072265625 518.109619140625
105.3699951171875 518.1549072265625
106.23753356933594 518.188720703125
107.10543060302734 518.2111206054688
107.97354888916016 518.2221069335938
108.8416976928711 518.2216186523438
109.70974731445312 518.209716796875
110.5775375366211 518.1863403320312
111.44475555419922 518.1515502929688
112.31135559082031 518.1052856445312
113.17716979980469 518.047607421875
114.04202270507812 517.9784545898438
114.90616607666016 517.8978271484375
115.76908874511719 517.8058471679688
116.63060760498047 517.7024536132812
117.49093627929688 517.587646484375
118.34960174560547 517.4614868164062
119.2064437866211 517.3240356445312
120.06159973144531 517.1752319335938
120.91466522216797 517.0151977539062
121.76547241210938 516.8438720703125
122.61386108398438 516.661376953125
123.45965576171875 516.4677124023438
124.30267333984375 516.2628784179688
125.14273071289062 516.0469360351562
125.98052978515625 515.8197021484375
126.81522369384766 515.5814819335938
127.64665222167969 515.332275390625
128.47483825683594 515.0720825195312
129.29949951171875 514.801025390625
130.1204833984375 514.5191040039062
130.9376220703125 514.2263793945312
131.7507781982422 513.9229125976562
132.5597686767578 513.6087646484375
133.36483764648438 513.2838745117188
134.1655731201172 512.9483642578125
134.96182250976562 512.6023559570312
135.75343322753906 512.245849609375
136.54026794433594 511.87896728515625
137.3221893310547 511.5017395019531
138.0990447998047 511.1142578125
138.87078857421875 510.7165222167969
139.63723754882812 510.30865478515625
140.3982391357422 509.8907470703125
141.15367126464844 509.46282958984375
141.9033966064453 509.0249938964844
142.6472930908203 508.57733154296875
143.38522338867188 508.1199035644531
144.1170654296875 507.6528015136719
144.84268188476562 507.17608642578125
145.5619659423828 506.6898498535156
146.2747802734375 506.1941833496094
146.9810028076172 505.68914794921875
147.6804962158203 505.17486572265625
148.37315368652344 504.6513977050781
149.05886840820312 504.1188659667969
149.7375030517578 503.57733154296875
150.408935546875 503.02691650390625
151.07305908203125 502.46771240234375
151.72976684570312 501.8997802734375
152.37892150878906 501.3232727050781
153.0204315185547 500.7382507324219
153.6541748046875 500.14483642578125
154.28004455566406 499.5431213378906
154.89793395996094 498.9331970214844
155.5077362060547 498.315185546875
156.10934448242188 497.689208984375
156.70265197753906 497.05535888671875
157.2875518798828 496.4137268066406
157.86395263671875 495.76446533203125
158.43174743652344 495.107666015625
158.99082946777344 494.44342041015625
159.54112243652344 493.7718811035156
160.08251953125 493.0931396484375
160.6149139404297 492.4073181152344
161.1382293701172 491.71453857421875
161.65237426757812 491.0149230957031
162.15725708007812 490.30859375
162.6527862548828 489.595703125
163.13888549804688 488.8763427734375
163.61546325683594 488.150634765625
164.0824432373047 487.418701171875
164.53973388671875 486.6806945800781
164.9872589111328 485.93670654296875
165.42494201660156 485.1868896484375
165.8527069091797 484.4313659667969
166.27047729492188 483.6702880859375
166.67819213867188 482.9037780761719
167.0757598876953 482.1319580078125
167.463134765625 481.3549499511719
167.84024047851562 480.5729064941406
168.20700073242188 479.7859802246094
168.56336975097656 478.9942626953125
168.90927124023438 478.19793701171875
169.24464416503906 477.3971252441406
169.56944274902344 476.5919494628906
169.88360595703125 475.7825622558594
170.18707275390625 474.9691162109375
170.47979736328125 474.1517333984375
170.76173400878906 473.33056640625
171.03282165527344 472.5057678222656
171.2930145263672 471.6774597167969
171.5422821044922 470.8457946777344
171.7805633544922 470.01092529296875
172.00782775878906 469.1729736328125
172.22402954101562 468.3321228027344
172.42913818359375 467.4884948730469
172.62310791015625 466.6422424316406
172.62310791015625 466.6422424316406
172.62310791015625 466.6422424316406
172.62310791015625 466.6422424316406
172.62310791015625 466.6422424316406
172.62310791015625 466.6422424316406
172.62310791015625 466.6422424316406
172.62310791015625 466.6422424316406
172.62310791015625 466.6422424316406
172.62310791015625 466.6422424316406
172.62310791015625 466.6422424316406
172.62310791015625 466.6422424316406
172.62310791015625 466.6422424316406
172.62310791015625 466.6422424316406
172.62310791015625 466.6422424316406
172.62310791015625 466.6422424316406
172.62310791015625 466.6422424316406
172.62310791015625 466.6422424316406
172.62310791015625 466.6422424316406
172.62310791015625 466.6422424316406
172.62310791015625 466.6422424316406
172.62310791015625 466.6422424316406
172.62310791015625 466.6422424316406
172.62310791015625 466.6422424316406
172.62310791015625 466.6422424316406
172.62310791015625 466.6422424316406
172.62310791015625 466.6422424316406
172.62310791015625 466.6422424316406
172.62310791015625 466.6422424316406
172.62310791015625 466.6422424316406
172.62310791015625 466.6422424316406
172.62310791015625 466.6422424316406
172.62310791015625 466.6422424316406
172.62310791015625 466.6422424316406
172.62310791015625 466.6422424316406
172.62310791015625 466.6422424316406
172.62310791015625 466.6422424316406
172.62310791015625 466.6422424316406
172.62310791015625 466.6422424316406
172.62310791015625 466.6422424316406
172.62310791015625 466.6422424316406
172.62310791015625 466.6422424316406
172.62310791015625 466.6422424316406
172.62310791015625 466.6422424316406
172.62310791015625 466.6422424316406
172.62310791015625 466.6422424316406
172.62310791015625 466.6422424316406
172.62310791015625 466.6422424316406
172.62310791015625 466.6422424316406
172.62310791015625 466.6422424316406
172.62310791015625 466.6422424316406
172.62310791015625 466.6422424316406
172.62310791015625 466.6422424316406
172.62310791015625 466.6422424316406
172.62310791015625 466.6422424316406
172.62310791015625 466.6422424316406
172.62310791015625 466.6422424316406
172.62310791015625 466.6422424316406
172.62310791015625 466.6422424316406
172.62310791015625 466.6422424316406
172.62310791015625 466.6422424316406
172.62310791015625 466.6422424316406
172.62310791015625 466.6422424316406
172.62310791015625 466.6422424316406
172.62310791015625 466.6422424316406
172.62310791015625 466.6422424316406
172.62310791015625 466.6422424316406
172.62310791015625 466.6422424316406
172.62310791015625 466.6422424316406
172.62310791015625 466.6422424316406
172.62310791015625 466.6422424316406
172.62310791015625 466.6422424316406
172.62310791015625 466.6422424316406
172.62310791015625 466.6422424316406
172.62310791015625 466.6422424316406
172.62310791015625 466.6422424316406
172.62310791015625 466.6422424316406
172.62310791015625 466.6422424316406
172.62310791015625 466.6422424316406
172.62310791015625 466.6422424316406
172.62310791015625 466.6422424316406
172.62310791015625 466.6422424316406
172.62310791015625 466.6422424316406
172.62310791015625 466.6422424316406
172.62310791015625 466.6422424316406
172.62310791015625 466.6422424316406
172.62310791015625 466.6422424316406
172.62310791015625 466.6422424316406
172.62310791015625 466.6422424316406
172.62310791015625 466.6422424316406
172.62310791015625 466.6422424316406
172.62310791015625 466.6422424316406
172.62310791015625 466.6422424316406
172.62310791015625 466.6422424316406
172.62310791015625 466.6422424316406
172.62310791015625 466.6422424316406
172.62310791015625 466.6422424316406
172.62310791015625 466.6422424316406
172.62310791015625 466.6422424316406
172.62310791015625 466.6422424316406
172.62310791015625 466.6422424316406
172.62310791015625 466.6422424316406
172.62310791015625 466.6422424316406
172.62310791015625 466.6422424316406
172.62310791015625 466.6422424316406
172.62310791015625 466.6422424316406
172.62310791015625 466.6422424316406
172.62310791015625 466.6422424316406
172.62310791015625 466.6422424316406
172.62310791015625 466.6422424316406
172.62310791015625 466.6422424316406
172.62310791015625 466.6422424316406
172.62310791015625 466.6422424316406
172.62310791015625 466.6422424316406
172.62310791015625 466.6422424316406
172.62310791015625 466.6422424316406
172.62310791015625 466.6422424316406
172.62310791015625 466.6422424316406
172.62310791015625 466.6422424316406
172.62310791015625 466.6422424316406
172.62310791015625 466.6422424316406
172.62310791015625 466.6422424316406
172.62310791015625 466.6422424316406
172.62310791015625 466.6422424316406
172.16404724121094 466.5046691894531
172.16404724121094 466.5046691894531
172.16404724121094 466.5046691894531
172.16404724121094 466.5046691894531
172.16404724121094 466.5046691894531
172.16404724121094 466.5046691894531
172.16404724121094 466.5046691894531
172.16404724121094 466.5046691894531
172.16404724121094 466.5046691894531
172.16404724121094 466.5046691894531
172.16404724121094 466.5046691894531
172.16404724121094 466.5046691894531
172.16404724121094 466.5046691894531
172.16404724121094 466.5046691894531
172.16404724121094 466.5046691894531
172.16404724121094 466.5046691894531
172.16404724121094 466.5046691894531
172.16404724121094 466.5046691894531
172.16404724121094 466.5046691894531
172.16404724121094 466.5046691894531
172.16404724121094 466.5046691894531
171.2958526611328 466.5090026855469
170.4277801513672 466.5247802734375
169.55999755859375 466.552001953125
168.69264221191406 466.59063720703125
167.8258819580078 466.6407165527344
166.95985412597656 466.70220947265625
166.09471130371094 466.77508544921875
165.23060607910156 466.859375
164.36767578125 466.9550476074219
163.50608825683594 467.06207275390625
162.64598083496094 467.1804504394531
161.78750610351562 467.3101501464844
160.93081665039062 467.4511413574219
160.07606506347656 467.6033935546875
159.223388671875 467.76690673828125
158.37294006347656 467.941650390625
157.52487182617188 468.1275634765625
156.6793212890625 468.32464599609375
155.83644104003906 468.5328369140625
154.9963836669922 468.75213623046875
154.15928649902344 468.98248291015625
153.32530212402344 469.2238464355469
152.49456787109375 469.4761657714844
151.66722106933594 469.7394104003906
150.84341430664062 470.0135192871094
150.02330017089844 470.2984619140625
149.20701599121094 470.5942077636719
148.3946990966797 470.9006652832031
147.58648681640625 471.2178039550781
146.7825164794922 471.5455627441406
145.98294067382812 471.8838806152344
145.18789672851562 472.2326965332031
144.3975067138672 472.59197998046875
143.61192321777344 472.9616394042969
142.83128356933594 473.34161376953125
142.0557098388672 473.7318420410156
141.2853546142578 474.13226318359375
140.5203399658203 474.54278564453125
139.76080322265625 474.9633483886719
139.00686645507812 475.3938903808594
138.2586669921875 475.8343200683594
137.51634216308594 476.2845764160156
136.78001403808594 476.74456787109375
136.0498046875 477.2142333984375
135.3258514404297 477.6934814453125
134.6082763671875 478.1822204589844
133.89720153808594 478.68035888671875
133.1927490234375 479.1878356933594
132.4950408935547 479.7045593261719
131.80419921875 480.2304382324219
131.12034606933594 480.7653503417969
130.443603515625 481.3092346191406
129.7740936279297 481.86199951171875
129.11192321777344 482.42352294921875
128.4571990966797 482.99371337890625
127.81005096435547 483.5724792480469
127.17058563232422 484.15972900390625
126.53890991210938 484.75537109375
125.9151382446289 485.3592834472656
125.29937744140625 485.9713439941406
124.69173431396484 486.5914611816406
124.09231567382812 487.21954345703125
123.50122833251953 487.85546875
122.91857147216797 488.4991149902344
122.34444427490234 489.150390625
121.77894592285156 489.8091735839844
121.22217559814453 490.475341796875
120.67423248291016 491.1488037109375
120.13520812988281 491.8294372558594
119.6052017211914 492.51708984375
119.08430480957031 493.211669921875
118.57260131835938 493.9130554199219
118.07018280029297 494.6211242675781
117.57714080810547 495.33575439453125
117.09355926513672 496.05682373046875
116.61951446533203 496.7841796875
116.15509796142578 497.5177307128906
115.70038604736328 498.25732421875
115.25546264648438 499.00286865234375
114.82039642333984 499.75421142578125
114.39527130126953 500.5111999511719
113.98015594482422 501.27374267578125
113.57512664794922 502.04168701171875
113.18025207519531 502.81488037109375
112.79559326171875 503.5932312011719
112.42122650146484 504.3765869140625
112.05721282958984 505.164794921875
111.70361328125 505.9577331542969
111.3604965209961 506.7552795410156
111.02791595458984 507.5572509765625
110.7059326171875 508.3635559082031
110.39459991455078 509.17401123046875
110.0939712524414 509.988525390625
109.8041000366211 510.8069152832031
109.52503967285156 511.6290588378906
109.2568359375 512.4547729492188
108.9995346069336 513.2839965820312
108.75318145751953 514.1165161132812
108.51781463623047 514.9522094726562
108.2934799194336 515.7909545898438
108.08021545410156 516.632568359375
107.87805938720703 517.4769287109375
107.68704223632812 518.3238525390625
107.5072021484375 519.1732177734375
107.33856964111328 520.02490234375
107.1811752319336 520.8787231445312
107.03504180908203 521.7345581054688
106.90019989013672 522.5922241210938
106.77666473388672 523.4515991210938
106.66446685791016 524.3125
106.5636215209961 525.1748046875
106.4741439819336 526.0383911132812
106.39605712890625 526.903076171875
106.3293685913086 527.7687377929688
106.27409362792969 528.6351928710938
106.23023986816406 529.5023193359375
106.19781494140625 530.3699340820312
106.17681884765625 531.2379150390625
106.1672592163086 532.1060791015625
106.16914367675781 532.9743041992188
106.18246459960938 533.8424072265625
106.20722198486328 534.7102661132812
106.24341583251953 535.5776977539062
106.29103088378906 536.444580078125
106.35006713867188 537.310791015625
106.4205093383789 538.1761474609375
106.50234985351562 539.0404663085938
106.59557342529297 539.9036865234375
106.70015716552734 540.7655639648438
106.81608581542969 541.6259765625
106.94334411621094 542.4848022460938
107.0819091796875 543.3418579101562
107.23175048828125 544.197021484375
107.39285278320312 545.0501708984375
107.56517791748047 545.901123046875
107.74870300292969 546.7496948242188
107.94338989257812 547.5958251953125
108.14920806884766 548.4392700195312
108.36611938476562 549.2799682617188
108.5940933227539 550.1177368164062
108.83308410644531 550.952392578125
109.08305358886719 551.7838134765625
109.34395599365234 552.6118774414062
109.6157455444336 553.4364624023438
109.89837646484375 554.2573852539062
110.1917953491211 555.0745239257812
110.49595642089844 555.8877563476562
110.8108139038086 556.6968994140625
111.13631439208984 557.5018920898438
111.4723892211914 558.302490234375
111.81902313232422 559.0987548828125
112.17630004882812 559.890869140625
112.54400634765625 560.6784057617188
112.92240142822266 561.4620361328125
113.31178283691406 562.2426147460938
113.71160888671875 563.019287109375
114.12345886230469 563.7955322265625
114.54582214355469 564.5690307617188
114.98971557617188 565.3621215820312
115.44646453857422 566.1621704101562
115.91122436523438 566.9618530273438
116.38673400878906 567.7670288085938
116.86795806884766 568.570068359375
117.3472900390625 569.3572387695312
117.83451080322266 570.1436767578125
118.33084106445312 570.9321899414062
118.83358001708984 571.7191162109375
119.34276580810547 572.5048217773438
119.8575439453125 573.288330078125
120.37764739990234 574.0693359375
120.90287780761719 574.84765625
121.43258666992188 575.622314453125
121.96733093261719 576.3941650390625
122.50740814208984 577.1637573242188
123.05220031738281 577.9302978515625
123.60147094726562 578.6934204101562
124.15535736083984 579.453369140625
124.71381378173828 580.2100830078125
124.71381378173828 580.2100830078125
124.71381378173828 580.2100830078125
124.71381378173828 580.2100830078125
124.71381378173828 580.2100830078125
124.71381378173828 580.2100830078125
124.71381378173828 580.2100830078125
124.71381378173828 580.2100830078125
124.71381378173828 580.2100830078125
124.71381378173828 580.2100830078125
124.71381378173828 580.2100830078125
124.71381378173828 580.2100830078125
124.71381378173828 580.2100830078125
124.71381378173828 580.2100830078125
124.71381378173828 580.2100830078125
124.71381378173828 580.2100830078125
124.71381378173828 580.2100830078125
124.71381378173828 580.2100830078125
124.71381378173828 580.2100830078125
124.71381378173828 580.2100830078125
124.71381378173828 580.2100830078125
124.71381378173828 580.2100830078125
124.71381378173828 580.2100830078125
124.71381378173828 580.2100830078125
124.71381378173828 580.2100830078125
124.71381378173828 580.2100830078125
124.71381378173828 580.2100830078125
124.71381378173828 580.2100830078125
124.71381378173828 580.2100830078125
124.71381378173828 580.2100830078125
124.71381378173828 580.2100830078125
124.71381378173828 580.2100830078125
124.71381378173828 580.2100830078125
124.71381378173828 580.2100830078125
124.71381378173828 580.2100830078125
124.71381378173828 580.2100830078125
124.71381378173828 580.2100830078125
124.71381378173828 580.2100830078125
124.71381378173828 580.2100830078125
124.71381378173828 580.2100830078125
124.71381378173828 580.2100830078125
124.71381378173828 580.2100830078125
124.71381378173828 580.2100830078125
124.71381378173828 580.2100830078125
124.71381378173828 580.2100830078125
124.71381378173828 580.2100830078125
124.71381378173828 580.2100830078125
124.71381378173828 580.2100830078125
124.71381378173828 580.2100830078125
124.71381378173828 580.2100830078125
124.71381378173828 580.2100830078125
124.71381378173828 580.2100830078125
124.71381378173828 580.2100830078125
124.71381378173828 580.2100830078125
124.71381378173828 580.2100830078125
124.71381378173828 580.2100830078125
124.71381378173828 580.2100830078125
124.71381378173828 580.2100830078125
124.71381378173828 580.2100830078125
124.71381378173828 580.2100830078125
124.71381378173828 580.2100830078125
124.71381378173828 580.2100830078125
124.71381378173828 580.2100830078125
124.71381378173828 580.2100830078125
124.71381378173828 580.2100830078125
124.71381378173828 580.2100830078125
124.71381378173828 580.2100830078125
124.71381378173828 580.2100830078125
124.71381378173828 580.2100830078125
124.71381378173828 580.2100830078125
124.71381378173828 580.2100830078125
124.71381378173828 580.2100830078125
124.71381378173828 580.2100830078125
124.71381378173828 580.2100830078125
124.71381378173828 580.2100830078125
124.71381378173828 580.2100830078125
124.71381378173828 580.2100830078125
124.71381378173828 580.2100830078125
124.71381378173828 580.2100830078125
124.71381378173828 580.2100830078125
124.71381378173828 580.2100830078125
124.71381378173828 580.2100830078125
124.71381378173828 580.2100830078125
124.71381378173828 580.2100830078125
124.71381378173828 580.2100830078125
124.71381378173828 580.2100830078125
124.71381378173828 580.2100830078125
124.71381378173828 580.2100830078125
124.71381378173828 580.2100830078125
124.71381378173828 580.2100830078125
124.71381378173828 580.2100830078125
124.71381378173828 580.2100830078125
124.71381378173828 580.2100830078125
124.71381378173828 580.2100830078125
124.71381378173828 580.2100830078125
124.71381378173828 580.2100830078125
124.71381378173828 580.2100830078125
124.71381378173828 580.2100830078125
124.71381378173828 580.2100830078125
124.71381378173828 580.2100830078125
124.71381378173828 580.2100830078125
124.71381378173828 580.2100830078125
124.71381378173828 580.2100830078125
124.71381378173828 580.2100830078125
124.71381378173828 580.2100830078125
124.71381378173828 580.2100830078125
125.61009979248047 580.495361328125
125.61009979248047 580.495361328125
125.61009979248047 580.495361328125
125.61009979248047 580.495361328125
125.61009979248047 580.495361328125
125.61009979248047 580.495361328125
125.61009979248047 580.495361328125
125.61009979248047 580.495361328125
125.61009979248047 580.495361328125
125.61009979248047 580.495361328125
125.61009979248047 580.495361328125
125.61009979248047 580.495361328125
125.61009979248047 580.495361328125
125.61009979248047 580.495361328125
125.61009979248047 580.495361328125
125.61009979248047 580.495361328125
125.61009979248047 580.495361328125
125.61009979248047 580.495361328125
125.61009979248047 580.495361328125
125.61009979248047 580.495361328125
125.61009979248047 580.495361328125
125.61009979248047 580.495361328125
125.61009979248047 580.495361328125
126.08556365966797 580.4996337890625
126.55977630615234 580.47900390625
127.03240203857422 580.4335327148438
127.49246978759766 580.364501953125
127.9503173828125 580.2705688476562
128.327392578125 580.1704711914062
128.64071655273438 580.0654296875
128.9145965576172 579.9522094726562
129.183837890625 579.8180541992188
129.58236694335938 579.5877075195312
130.2155303955078 579.1875
130.85154724121094 578.7634887695312
131.4788360595703 578.32373046875
132.10968017578125 577.8599243164062
132.798583984375 577.3345947265625
133.4798583984375 576.8004760742188
134.15267944335938 576.2581787109375
134.8203125 575.705078125
135.4801788330078 575.1434326171875
136.1317596435547 574.5736083984375
136.77491760253906 573.9956665039062
137.4119873046875 573.4075317382812
138.0417938232422 572.8104858398438
138.66355895996094 572.2052612304688
139.277099609375 571.5919799804688
139.88284301757812 570.9702758789062
140.4802703857422 570.3406982421875
141.06947326660156 569.703125
141.6502685546875 569.0578002929688
142.22250366210938 568.4049072265625
142.78610229492188 567.7445068359375
143.34095764160156 567.0767211914062
143.886962890625 566.4016723632812
144.4240264892578 565.719482421875
144.95205688476562 565.0302734375
145.47096252441406 564.3341674804688
145.98065185546875 563.6312866210938
146.4810333251953 562.9217529296875
146.97201538085938 562.2056884765625
147.45352172851562 561.4832153320312
147.92547607421875 560.7544555664062
148.38778686523438 560.0195922851562
148.84036254882812 559.2786865234375
149.28314208984375 558.5318603515625
149.71604919433594 557.779296875
150.1389923095703 557.0210571289062
150.55191040039062 556.25732421875
150.95472717285156 555.4882202148438
151.34738159179688 554.7138671875
151.72979736328125 553.9343872070312
152.10191345214844 553.1499633789062
152.4636688232422 552.3607177734375
152.8149871826172 551.5667724609375
153.1558074951172 550.7682495117188
153.486083984375 549.96533203125
153.80575561523438 549.1581420898438
154.11476135253906 548.3468017578125
154.41305541992188 547.5314331054688
154.70057678222656 546.7122192382812
154.97727966308594 545.8892822265625
155.2431182861328 545.062744140625
155.49803161621094 544.2327880859375
155.7419891357422 543.3995361328125
155.97494506835938 542.5631713867188
156.19686889648438 541.7238159179688
156.40771484375 540.881591796875
156.60743713378906 540.0366821289062
156.7960205078125 539.189208984375
156.97341918945312 538.3392944335938
157.1396026611328 537.4871215820312
157.29454040527344 536.6328735351562
157.43821716308594 535.776611328125
157.5706024169922 534.9185791015625
157.69166564941406 534.058837890625
157.8013916015625 533.1975708007812
157.89974975585938 532.3349609375
157.9867401123047 531.4711303710938
158.06234741210938 530.606201171875
158.1265411376953 529.7403564453125
158.1793212890625 528.873779296875
158.22068786621094 528.0065307617188
158.25062561035156 527.1388549804688
158.2691192626953 526.2708129882812
158.27618408203125 525.4026489257812
158.2718048095703 524.534423828125
158.2559814453125 523.6663818359375
158.22872924804688 522.798583984375
158.19004821777344 521.9312133789062
158.1399383544922 521.064453125
158.0784149169922 520.1984252929688
158.00547790527344 519.3333129882812
157.92115783691406 518.46923828125
157.82545471191406 517.6063232421875
157.7183837890625 516.7447509765625
157.5999755859375 515.8846435546875
157.47024536132812 515.0261840820312
157.3292236328125 514.1694946289062
157.1769256591797 513.3147583007812
157.01336669921875 512.4620971679688
156.83859252929688 511.6116638183594
156.6526336669922 510.76361083984375
156.4555206298828 509.9180603027344
156.24728393554688 509.0751953125
156.0279541015625 508.2351379394531
155.79757690429688 507.3980407714844
155.55618286132812 506.5640563964844
155.3038330078125 505.73333740234375
155.06785583496094 505.0047302246094
154.81491088867188 504.28192138671875
154.5452423095703 503.56561279296875
154.2589111328125 502.85601806640625
153.95639038085938 502.1543273925781
153.63819885253906 501.4618835449219
153.30516052246094 500.7806701660156
152.95664978027344 500.1095886230469
152.59300231933594 499.4494323730469
152.20753479003906 498.78778076171875
151.80648803710938 498.135009765625
151.39015197753906 497.4915771484375
150.91676330566406 496.7901306152344
150.42088317871094 496.0774841308594
149.9156494140625 495.3714599609375
149.40113830566406 494.672119140625
148.87745666503906 493.9796142578125
148.34469604492188 493.2940673828125
147.80296325683594 492.6156005859375
147.25233459472656 491.9443359375
146.69290161132812 491.2803955078125
146.12477111816406 490.6238708496094
145.54803466796875 489.9748840332031
144.96279907226562 489.33355712890625
144.36917114257812 488.70001220703125
143.76724243164062 488.0743408203125
143.15711975097656 487.4566345214844
142.53890991210938 486.8470458984375
141.91273498535156 486.2456359863281
141.2786865234375 485.65252685546875
140.63687133789062 485.0678405761719
139.98741149902344 484.4916687011719
139.33041381835938 483.9241027832031
138.66600036621094 483.365234375
137.99427795410156 482.8151550292969
137.31536865234375 482.27398681640625
136.62939453125 481.7418212890625
135.93646240234375 481.2187194824219
135.2366943359375 480.7048034667969
134.53021240234375 480.20013427734375
133.81715393066406 479.704833984375
133.09762573242188 479.2189636230469
132.37176513671875 478.74261474609375
131.63967895507812 478.27587890625
130.90150451660156 477.8188171386719
130.15737915039062 477.37152099609375
129.4074249267578 476.93408203125
128.6517791748047 476.5065612792969
127.89055633544922 476.0890197753906
127.1239013671875 475.6815490722656
126.35194396972656 475.2842102050781
125.57482147216797 474.8970947265625
124.79266357421875 474.5202331542969
124.00560760498047 474.1537170410156
123.21379089355469 473.797607421875
122.41735076904297 473.45196533203125
121.61642456054688 473.1168518066406
120.8111572265625 472.79229736328125
120.00167846679688 472.4783935546875
119.1881332397461 472.1751708984375
118.37066650390625 471.8827209472656
117.5494155883789 471.6010437011719
116.72452545166016 471.3302307128906
115.8961410522461 471.0703125
115.06439971923828 470.8213195800781
114.22945404052734 470.58331298828125
113.39144134521484 470.3563232421875
112.5505142211914 470.140380859375
111.7068099975586 469.935546875
110.86048126220703 469.7418518066406
110.01167297363281 469.559326171875
109.16053771972656 469.38800048828125
108.30722045898438 469.2279052734375
107.45186614990234 469.0790710449219
106.5946273803711 468.9414978027344
105.73564910888672 468.81524658203125
104.87507629394531 468.7003173828125
104.01306915283203 468.59674072265625
103.14977264404297 468.5045471191406
102.28533172607422 468.4237365722656
101.4198989868164 468.35430908203125
100.55362701416016 468.2962951660156
99.6866683959961 468.24969482421875
98.81916809082031 468.2145080566406
97.95128631591797 468.1907653808594
97.08316040039062 468.178466796875
96.21495056152344 468.1776123046875
95.3468017578125 468.1882019042969
94.47887420654297 468.210205078125
93.6113052368164 468.24365234375
92.74425506591797 468.28851318359375
91.87786865234375 468.3448181152344
91.0123062133789 468.41253662109375
90.147705078125 468.49163818359375
89.28422546386719 468.5821228027344
88.42201232910156 468.6839904785156
87.56121826171875 468.7972106933594
86.70198822021484 468.9217529296875
85.84447479248047 469.0576171875
84.98882293701172 469.2047424316406
84.13518524169922 469.3631286621094
83.28370666503906 469.53277587890625
82.43453979492188 469.713623046875
81.58782958984375 469.9056396484375
80.74372100830078 470.1087951660156
79.90235900878906 470.32305908203125
79.06389617919922 470.5483703613281
78.22847747802734 470.78472900390625
77.396240234375 471.0320739746094
76.56733703613281 471.29034423828125
75.74190521240234 471.55950927734375
74.92009735107422 471.83953857421875
74.10205078125 472.13037109375
73.28790283203125 472.43194580078125
72.47779846191406 472.7442321777344
71.67188262939453 473.0671691894531
70.87029266357422 473.40069580078125
70.07316589355469 473.7447509765625
69.2806396484375 474.0992736816406
68.49285125732422 474.4642028808594
67.70994567871094 474.8395080566406
66.93205261230469 475.2250671386719
66.1593017578125 475.620849609375
65.39183807373047 476.02679443359375
64.6297836303711 476.44281005859375
63.8732795715332 476.86883544921875
63.12245559692383 477.3047790527344
62.37744140625 477.7505798339844
61.638362884521484 478.2061462402344
60.90535354614258 478.6714172363281
60.17853927612305 479.14630126953125
59.45804214477539 479.6307373046875
58.74399185180664 480.1246337890625
58.0365104675293 480.62786865234375
57.33572006225586 481.140380859375
56.641746520996094 481.662109375
55.95470428466797 482.19293212890625
55.274715423583984 482.7327575683594
54.601898193359375 483.281494140625
53.936370849609375 483.83905029296875
53.27824783325195 484.40533447265625
52.62763977050781 484.980224609375
51.98466491699219 485.5636291503906
51.349430084228516 486.15545654296875
50.722049713134766 486.755615234375
50.10262680053711 487.3639831542969
49.491275787353516 487.98046875
48.88809585571289 488.6049499511719
48.29319381713867 489.2373352050781
47.706668853759766 489.87750244140625
47.12862777709961 490.52532958984375
46.559173583984375 491.18072509765625
45.99839401245117 491.84356689453125
45.44638442993164 492.5137634277344
44.90324401855469 493.191162109375
44.36907196044922 493.87567138671875
43.84395980834961 494.567138671875
43.32801055908203 495.2654724121094
42.82128143310547 495.9705505371094
42.323856353759766 496.6822814941406
41.835906982421875 497.4004211425781
41.35742950439453 498.1249694824219
40.888671875 498.8555603027344
40.42955017089844 499.59234619140625
39.98122024536133 500.33355712890625
39.542232513427734 501.0816345214844
39.13142013549805 501.80633544921875
38.731224060058594 502.54034423828125
38.35854721069336 503.2540588378906
38.01604080200195 503.9452819824219
37.69245147705078 504.63824462890625
37.393287658691406 505.322021484375
37.10681915283203 506.02362060546875
36.85353469848633 506.6937561035156
36.64604187011719 507.30096435546875
36.47579574584961 507.86932373046875
36.30084228515625 508.53955078125
36.13652801513672 509.25238037109375
35.98959732055664 509.97686767578125
35.8581428527832 510.7210388183594
35.74447250366211 511.4704284667969
35.648048400878906 512.2279052734375
35.568687438964844 512.9935302734375
35.506561279296875 513.7642211914062
35.460140228271484 514.5543823242188
35.42753982543945 515.3788452148438
35.40743637084961 516.2334594726562
35.39954376220703 517.0919189453125
35.403682708740234 517.9534301757812
35.41962432861328 518.8198852539062
35.447113037109375 519.6864624023438
35.486122131347656 520.5535278320312
35.53657913208008 521.4202270507812
35.59845733642578 522.2861938476562
35.67174530029297 523.1513061523438
35.75642776489258 524.015380859375
35.85248947143555 524.8782348632812
35.95991134643555 525.73974609375
36.07867431640625 526.5997924804688
36.20875930786133 527.4581909179688
36.35014343261719 528.3148193359375
36.50279998779297 529.1694946289062
36.66670608520508 530.0220947265625
36.84183120727539 530.8724365234375
37.02814483642578 531.7203979492188
37.225616455078125 532.5658569335938
37.434207916259766 533.4086303710938
37.65388870239258 534.2485961914062
37.88461685180664 535.0855712890625
38.12635040283203 535.91943359375
38.379051208496094 536.7500610351562
38.64267349243164 537.5772705078125
38.917171478271484 538.4009399414062
39.20249938964844 539.220947265625
39.49860763549805 540.037109375
39.805442810058594 540.8493041992188
40.12295150756836 541.6573486328125
40.451080322265625 542.461181640625
40.789772033691406 543.2606201171875
41.13896560668945 544.0554809570312
41.49860382080078 544.845703125
41.868621826171875 545.631103515625
42.248958587646484 546.4115600585938
42.63954544067383 547.1869506835938
43.040313720703125 547.9571533203125
43.45119857788086 548.7219848632812
43.87212371826172 549.4813232421875
44.30302429199219 550.235107421875
44.74382400512695 550.983154296875
45.1944580078125 551.725341796875
45.65484619140625 552.4615478515625
46.12491226196289 553.1917114257812
46.60462188720703 553.915771484375
47.0938835144043 554.633544921875
47.59275436401367 555.34521484375
48.10111618041992 556.0506591796875
48.618865966796875 556.7496948242188
49.14657211303711 557.4432983398438
49.683746337890625 558.130859375
50.23122024536133 558.813720703125
50.78842544555664 559.4913330078125
51.35602569580078 560.1648559570312
51.93430709838867 560.8349609375
52.52349090576172 561.5023803710938
53.12431716918945 562.1685791015625
53.73636245727539 562.8338012695312
54.359954833984375 563.4992065429688
54.993751525878906 564.1641235351562
55.63664627075195 564.8280639648438
56.28680419921875 565.4896240234375
56.94438171386719 566.1493530273438
57.608802795410156 566.80712890625
58.278724670410156 567.4619140625
58.95362854003906 568.1133422851562
59.63303756713867 568.7611083984375
60.31698989868164 569.4052734375
61.0051155090332 570.0455932617188
61.69721221923828 570.6819458007812
62.393253326416016 571.3143310546875
63.0931282043457 571.942626953125
63.79682540893555 572.5668334960938
64.50426483154297 573.1868896484375
65.21538543701172 573.8027954101562
65.93016052246094 574.4144897460938
66.6485595703125 575.02197265625
67.37055969238281 575.6251831054688
68.09612274169922 576.22412109375
68.82521057128906 576.8187866210938
69.55780792236328 577.4091186523438
70.29388427734375 577.9951171875
71.03340911865234 578.5767822265625
71.77635955810547 579.154052734375
72.52271270751953 579.7269287109375
73.2724380493164 580.29541015625
73.2724380493164 580.29541015625
73.2724380493164 580.29541015625
73.2724380493164 580.29541015625
73.2724380493164 580.29541015625
73.2724380493164 580.29541015625
73.2724380493164 580.29541015625
73.2724380493164 580.29541015625
73.2724380493164 580.29541015625
73.2724380493164 580.29541015625
73.2724380493164 580.29541015625
73.2724380493164 580.29541015625
73.2724380493164 580.29541015625
73.2724380493164 580.29541015625
73.2724380493164 580.29541015625
73.2724380493164 580.29541015625
73.2724380493164 580.29541015625
73.2724380493164 580.29541015625
73.2724380493164 580.29541015625
73.2724380493164 580.29541015625
73.2724380493164 580.29541015625
73.2724380493164 580.29541015625
73.2724380493164 580.29541015625
73.2724380493164 580.29541015625
73.2724380493164 580.29541015625
73.2724380493164 580.29541015625
73.2724380493164 580.29541015625
73.2724380493164 580.29541015625
73.2724380493164 580.29541015625
73.2724380493164 580.29541015625
73.2724380493164 580.29541015625
73.2724380493164 580.29541015625
73.2724380493164 580.29541015625
73.2724380493164 580.29541015625
73.2724380493164 580.29541015625
73.2724380493164 580.29541015625
73.2724380493164 580.29541015625
73.2724380493164 580.29541015625
73.2724380493164 580.29541015625
73.2724380493164 580.29541015625
73.2724380493164 580.29541015625
73.2724380493164 580.29541015625
73.2724380493164 580.29541015625
73.2724380493164 580.29541015625
73.2724380493164 580.29541015625
73.2724380493164 580.29541015625
73.2724380493164 580.29541015625
73.2724380493164 580.29541015625
73.2724380493164 580.29541015625
73.2724380493164 580.29541015625
73.2724380493164 580.29541015625
73.2724380493164 580.29541015625
73.2724380493164 580.29541015625
73.2724380493164 580.29541015625
73.2724380493164 580.29541015625
73.2724380493164 580.29541015625
73.2724380493164 580.29541015625
73.2724380493164 580.29541015625
73.2724380493164 580.29541015625
73.2724380493164 580.29541015625
73.2724380493164 580.29541015625
73.2724380493164 580.29541015625
73.2724380493164 580.29541015625
73.2724380493164 580.29541015625
73.2724380493164 580.29541015625
73.2724380493164 580.29541015625
73.2724380493164 580.29541015625
73.2724380493164 580.29541015625
73.2724380493164 580.29541015625
73.2724380493164 580.29541015625
73.2724380493164 580.29541015625
73.2724380493164 580.29541015625
74.17977142333984 580.4952392578125
74.17977142333984 580.4952392578125
74.17977142333984 580.4952392578125
74.17977142333984 580.4952392578125
74.17977142333984 580.4952392578125
74.17977142333984 580.4952392578125
74.17977142333984 580.4952392578125
74.17977142333984 580.4952392578125
74.17977142333984 580.4952392578125
74.65015411376953 580.4775390625
75.12042999267578 580.4348754882812
75.57463073730469 580.3690795898438
76.02762603759766 580.2782592773438
76.44636535644531 580.1699829101562
76.80500793457031 580.0540771484375
77.0760269165039 579.9461059570312
77.35485076904297 579.8117065429688
77.79595184326172 579.56591796875
78.34095001220703 579.23095703125
78.98040771484375 578.8112182617188
79.61083984375 578.3759155273438
80.23625946044922 577.9224243164062
80.86172485351562 577.4474487304688
81.5439224243164 576.9105224609375
82.21903228759766 576.3646240234375
82.88688659667969 575.8098754882812
83.54737854003906 575.246337890625
84.20038604736328 574.6741943359375
84.84579467773438 574.093505859375
85.4834976196289 573.5043334960938
86.1133804321289 572.9067993164062
86.73533630371094 572.301025390625
87.34925842285156 571.6871337890625
87.95503997802734 571.065185546875
88.55257415771484 570.435302734375
89.14175415039062 569.797607421875
89.72248077392578 569.1522216796875
90.2946548461914 568.4992065429688
90.8581771850586 567.8387451171875
91.41294860839844 567.1708984375
91.95886993408203 566.4957885742188
92.495849609375 565.8135375976562
93.02379608154297 565.124267578125
93.54261016845703 564.4281005859375
94.05220794677734 563.7251586914062
94.55250549316406 563.0155639648438
95.04340362548828 562.2994384765625
95.52482604980469 561.576904296875
95.99668884277344 560.84814453125
96.45890808105469 560.1132202148438
96.9113998413086 559.3722534179688
97.35409545898438 558.6253662109375
97.78691101074219 557.8727416992188
98.20977020263672 557.1144409179688
98.62260437011719 556.3506469726562
99.02533721923828 555.5814819335938
99.41790008544922 554.8070678710938
99.80022430419922 554.027587890625
100.17224884033203 553.2431030273438
100.53390502929688 552.4537963867188
100.8851318359375 551.6597900390625
101.22586059570312 550.8612060546875
101.55603790283203 550.0582275390625
101.8756103515625 549.2509765625
102.18451690673828 548.4395751953125
102.48270416259766 547.6242065429688
102.77012634277344 546.804931640625
103.0467300415039 545.98193359375
103.31246185302734 545.1553955078125
103.5672836303711 544.325439453125
103.81114959716797 543.4921875
104.04401397705078 542.65576171875
104.26583862304688 541.8163452148438
104.4765853881836 540.97412109375
104.67621612548828 540.129150390625
104.86469268798828 539.2816162109375
105.04198455810547 538.4317016601562
105.20806884765625 537.5795288085938
105.36290740966797 536.7252197265625
105.50647735595703 535.8689575195312
105.63875579833984 535.0108642578125
105.75971221923828 534.151123046875
105.86933135986328 533.2898559570312
105.96759033203125 532.42724609375
106.05448150634766 531.5634155273438
106.1299819946289 530.698486328125
106.19407653808594 529.8326416015625
106.24675750732422 528.9660034179688
106.28801727294922 528.0987548828125
106.3178482055664 527.2310791015625
106.33624267578125 526.363037109375
106.34320068359375 525.494873046875
106.33871459960938 524.6266479492188
106.32279205322266 523.7586059570312
106.2954330444336 522.890869140625
106.25663757324219 522.0236206054688
106.20641326904297 521.1569213867188
106.14476776123047 520.2908935546875
106.07171630859375 519.42578125
105.98727416992188 518.5617065429688
105.8914566040039 517.6987915039062
105.78427124023438 516.8372192382812
105.6657485961914 515.9771118164062
105.53590393066406 515.11865234375
105.39476013183594 514.261962890625
105.24234008789062 513.4072265625
105.07867431640625 512.5545654296875
104.9037857055664 511.70416259765625
104.71770477294922 510.85614013671875
104.52046966552734 510.0106201171875
104.3121109008789 509.16778564453125
104.09266662597656 508.3277587890625
103.86217498779297 507.4906921386719
103.62067413330078 506.65673828125
103.36820220947266 505.8260498046875
103.10480499267578 504.9987487792969
102.83053588867188 504.17498779296875
102.5454330444336 503.35491943359375
102.24954986572266 502.5386962890625
101.94293975830078 501.7264404296875
101.62565612792969 500.91827392578125
101.2977523803711 500.1143798828125
100.95928192138672 499.3148498535156
100.61030578613281 498.5198669433594
100.25088500976562 497.72955322265625
99.8810806274414 496.94403076171875
99.50096130371094 496.1634521484375
99.11058807373047 495.387939453125
98.71003723144531 494.6176452636719
98.29936981201172 493.8526916503906
97.878662109375 493.0932312011719
97.44798278808594 492.3393859863281
97.00740814208984 491.5912780761719
96.55701446533203 490.8490295410156
96.09687805175781 490.11279296875
95.62708282470703 489.3826904296875
95.14771270751953 488.6588439941406
94.65885162353516 487.9413757324219
94.16058349609375 487.2304382324219
93.65298461914062 486.526123046875
93.13616180419922 485.8285827636719
92.61019897460938 485.1379089355469
92.07518768310547 484.4542541503906
91.5312271118164 483.7777404785156
90.9784164428711 483.1084899902344
90.4168472290039 482.4466247558594
89.84663391113281 481.7922668457031
89.26789855957031 481.1455993652344
88.68073272705078 480.5067138671875
88.08525085449219 479.875732421875
87.48157501220703 479.2528076171875
86.86983489990234 478.6380920410156
86.25016784667969 478.03173828125
85.6227035522461 477.43389892578125
84.98758697509766 476.8447265625
84.344970703125 476.2644348144531
83.69489288330078 475.69305419921875
83.0376205444336 475.130859375
82.37355041503906 474.5782470703125
81.70098114013672 474.0338134765625
81.0189437866211 473.49658203125
80.32972717285156 472.96826171875
79.63362121582031 472.4490661621094
78.93077850341797 471.9390869140625
78.22132873535156 471.4384460449219
77.5053482055664 470.9471740722656
76.78300476074219 470.4654235839844
76.05440521240234 469.99322509765625
75.31964874267578 469.5306701660156
74.57886505126953 469.0778503417969
73.83218383789062 468.63482666015625
73.0797348022461 468.20166015625
72.32164764404297 467.7784729003906
71.55805206298828 467.36529541015625
70.78907775878906 466.96221923828125
70.01486206054688 466.5693054199219
69.23553466796875 466.1866455078125
68.45123291015625 465.81427001953125
67.66209411621094 465.4522705078125
66.86825561523438 465.1006774902344
66.06985473632812 464.75958251953125
65.26702880859375 464.4290466308594
64.45991516113281 464.1091003417969
63.648658752441406 463.7998352050781
62.833396911621094 463.50128173828125
62.0142707824707 463.2135009765625
61.19142532348633 462.9365234375
60.3650016784668 462.67041015625
59.5351448059082 462.41522216796875
58.701995849609375 462.1709899902344
57.865699768066406 461.937744140625
57.026405334472656 461.7155456542969
56.18425369262695 461.5044250488281
55.339393615722656 461.3044128417969
54.491973876953125 461.1155700683594
53.64213943481445 460.9378967285156
52.790035247802734 460.77142333984375
51.935813903808594 460.6162109375
51.079620361328125 460.4722595214844
50.22160339355469 460.339599609375
49.361915588378906 460.21826171875
48.500701904296875 460.1082458496094
47.63811492919922 460.0096130371094
46.7743034362793 459.9223327636719
45.90941619873047 459.846435546875
45.04360580444336 459.7819519042969
44.17702102661133 459.7288818359375
43.309810638427734 459.6872253417969
42.4421272277832 459.6570129394531
41.574119567871094 459.63824462890625
40.70594024658203 459.6308898925781
39.83774185180664 459.6349792480469
38.969669342041016 459.6505126953125
38.10187911987305 459.677490234375
37.234519958496094 459.71588134765625
36.367740631103516 459.7657165527344
35.50169372558594 459.82696533203125
34.63652801513672 459.8996276855469
33.772396087646484 459.9836730957031
32.909446716308594 460.0791015625
32.047828674316406 460.1858825683594
31.187692642211914 460.30401611328125
30.32918930053711 460.4334716796875
29.47246551513672 460.57421875
28.61766815185547 460.72625732421875
27.76494026184082 460.8895263671875
26.914447784423828 461.06402587890625
26.066272735595703 461.2497253417969
25.220590591430664 461.4465637207031
24.377609252929688 461.654541015625
23.537416458129883 461.87359619140625
22.700170516967773 462.10369873046875
21.865814208984375 462.3448486328125
21.034852981567383 462.596923828125
20.207197189331055 462.85992431640625
19.381622314453125 463.13421630859375
18.560834884643555 463.4188537597656
17.74380874633789 463.7142639160156
16.9271297454834 464.02154541015625
16.9271297454834 464.02154541015625
16.9271297454834 464.02154541015625
16.9271297454834 464.02154541015625
16.9271297454834 464.02154541015625
16.9271297454834 464.02154541015625
16.9271297454834 464.02154541015625
16.9271297454834 464.02154541015625
16.9271297454834 464.02154541015625
16.9271297454834 464.02154541015625
16.9271297454834 464.02154541015625
16.9271297454834 464.02154541015625
16.9271297454834 464.02154541015625
16.9271297454834 464.02154541015625
16.9271297454834 464.02154541015625
16.9271297454834 464.02154541015625
16.9271297454834 464.02154541015625
16.9271297454834 464.02154541015625
16.9271297454834 464.02154541015625
16.9271297454834 464.02154541015625
16.9271297454834 464.02154541015625
16.9271297454834 464.02154541015625
16.9271297454834 464.02154541015625
16.9271297454834 464.02154541015625
16.9271297454834 464.02154541015625
16.9271297454834 464.02154541015625
16.9271297454834 464.02154541015625
16.9271297454834 464.02154541015625
16.9271297454834 464.02154541015625
16.9271297454834 464.02154541015625
16.9271297454834 464.02154541015625
16.9271297454834 464.02154541015625
16.9271297454834 464.02154541015625
16.9271297454834 464.02154541015625
16.9271297454834 464.02154541015625
16.9271297454834 464.02154541015625
16.9271297454834 464.02154541015625
16.9271297454834 464.02154541015625
16.9271297454834 464.02154541015625
16.9271297454834 464.02154541015625
16.9271297454834 464.02154541015625
16.9271297454834 464.02154541015625
16.9271297454834 464.02154541015625
16.9271297454834 464.02154541015625
16.9271297454834 464.02154541015625
16.9271297454834 464.02154541015625
16.9271297454834 464.02154541015625
16.9271297454834 464.02154541015625
16.9271297454834 464.02154541015625
16.9271297454834 464.02154541015625
16.9271297454834 464.02154541015625
16.9271297454834 464.02154541015625
16.9271297454834 464.02154541015625
16.9271297454834 464.02154541015625
16.9271297454834 464.02154541015625
16.9271297454834 464.02154541015625
16.9271297454834 464.02154541015625
16.9271297454834 464.02154541015625
16.9271297454834 464.02154541015625
16.9271297454834 464.02154541015625
16.9271297454834 464.02154541015625
16.9271297454834 464.02154541015625
16.9271297454834 464.02154541015625
16.9271297454834 464.02154541015625
16.9271297454834 464.02154541015625
16.9271297454834 464.02154541015625
16.9271297454834 464.02154541015625
16.9271297454834 464.02154541015625
16.9271297454834 464.02154541015625
16.9271297454834 464.02154541015625
16.9271297454834 464.02154541015625
16.9271297454834 464.02154541015625
16.9271297454834 464.02154541015625
16.9271297454834 464.02154541015625
16.9271297454834 464.02154541015625
16.9271297454834 464.02154541015625
16.9271297454834 464.02154541015625
16.9271297454834 464.02154541015625
16.9271297454834 464.02154541015625
16.9271297454834 464.02154541015625
16.9271297454834 464.02154541015625
16.9271297454834 464.02154541015625
16.9271297454834 464.02154541015625
16.9271297454834 464.02154541015625
16.9271297454834 464.02154541015625
16.9271297454834 464.02154541015625
16.9271297454834 464.02154541015625
16.9271297454834 464.02154541015625
16.9271297454834 464.02154541015625
16.9271297454834 464.02154541015625
16.9271297454834 464.02154541015625
16.9271297454834 464.02154541015625
16.9271297454834 464.02154541015625
16.9271297454834 464.02154541015625
16.9271297454834 464.02154541015625
16.9271297454834 464.02154541015625
16.9271297454834 464.02154541015625
16.9271297454834 464.02154541015625
16.9271297454834 464.02154541015625
16.9271297454834 464.02154541015625
16.9271297454834 464.02154541015625
16.9271297454834 464.02154541015625
16.9271297454834 464.02154541015625
16.9271297454834 464.02154541015625
16.9271297454834 464.02154541015625
16.9271297454834 464.02154541015625
16.9271297454834 464.02154541015625
16.9271297454834 464.02154541015625
16.9271297454834 464.02154541015625
16.9271297454834 464.02154541015625
16.500385284423828 464.8600158691406
16.500385284423828 464.8600158691406
16.500385284423828 464.8600158691406
16.500385284423828 464.8600158691406
16.500385284423828 464.8600158691406
16.500385284423828 464.8600158691406
16.500385284423828 464.8600158691406
16.500385284423828 464.8600158691406
16.500385284423828 464.8600158691406
16.500385284423828 464.8600158691406
16.500385284423828 464.8600158691406
16.500385284423828 464.8600158691406
16.500385284423828 464.8600158691406
16.500385284423828 464.8600158691406
16.500385284423828 464.8600158691406
16.500385284423828 464.8600158691406
16.500385284423828 464.8600158691406
16.500385284423828 464.8600158691406
16.500385284423828 464.8600158691406
16.500385284423828 464.8600158691406
16.500385284423828 464.8600158691406
16.500385284423828 464.8600158691406
16.500385284423828 464.8600158691406
16.500385284423828 464.8600158691406
16.500385284423828 464.8600158691406
16.500385284423828 464.8600158691406
16.500385284423828 464.8600158691406
16.500385284423828 464.8600158691406
16.500385284423828 464.8600158691406
16.500385284423828 464.8600158691406
16.500385284423828 464.8600158691406
16.500385284423828 464.8600158691406
16.500385284423828 464.8600158691406
16.500385284423828 464.8600158691406
16.500385284423828 464.8600158691406
16.500385284423828 464.8600158691406
16.500385284423828 464.8600158691406
16.500385284423828 464.8600158691406
16.500385284423828 464.8600158691406
16.500385284423828 464.8600158691406
16.500385284423828 464.8600158691406
16.500385284423828 464.8600158691406
16.500385284423828 464.8600158691406
16.500385284423828 464.8600158691406
16.500385284423828 464.8600158691406
16.500385284423828 464.8600158691406
16.500385284423828 464.8600158691406
16.500385284423828 464.8600158691406
16.500385284423828 464.8600158691406
16.500385284423828 464.8600158691406
16.500385284423828 464.8600158691406
16.519723892211914 465.3324890136719
16.56400489807129 465.8044128417969
16.631790161132812 466.2633056640625
16.7244815826416 466.72021484375
16.822505950927734 467.0923156738281
16.925769805908203 467.4018249511719
17.038127899169922 467.6744079589844
17.172908782958984 467.9457092285156
17.4086856842041 468.3553466796875
17.808076858520508 468.9908142089844
18.230480194091797 469.6280822753906
18.668611526489258 470.25653076171875
19.13168716430664 470.88995361328125
19.65599822998047 471.58160400390625
20.189517974853516 472.2664489746094
20.732070922851562 472.9442443847656
21.28350830078125 473.6148376464844
21.843732833862305 474.2781066894531
22.412649154663086 474.9339294433594
22.990156173706055 475.58221435546875
23.576154708862305 476.22283935546875
24.170543670654297 476.8556823730469
24.773218154907227 477.48065185546875
25.384075164794922 478.0976257324219
26.003007888793945 478.70648193359375
26.62990951538086 479.30712890625
27.264671325683594 479.89947509765625
27.907182693481445 480.4833984375
28.557331085205078 481.0588073730469
29.215003967285156 481.6256103515625
29.880088806152344 482.1836853027344
30.55246925354004 482.7329406738281
31.232027053833008 483.2732849121094
31.91864585876465 483.8046569824219
32.612205505371094 484.3269348144531
33.31258773803711 484.84002685546875
34.01966857910156 485.3438415527344
34.73332595825195 485.8382873535156
35.45343780517578 486.32330322265625
36.17987823486328 486.79876708984375
36.91251754760742 487.2646179199219
37.6512336730957 487.7207946777344
38.39589309692383 488.16717529296875
39.14636993408203 488.6037292480469
39.90253448486328 489.03033447265625
40.66425323486328 489.44696044921875
41.431396484375 489.853515625
42.20383071899414 490.2499084472656
42.98141860961914 490.6361083984375
43.7640266418457 491.01202392578125
44.55152130126953 491.3775939941406
45.34376525878906 491.7327575683594
46.14061737060547 492.07745361328125
46.94194412231445 492.41162109375
47.74760437011719 492.7351989746094
48.557456970214844 493.0481262207031
49.371360778808594 493.3503723144531
50.189178466796875 493.641845703125
51.010765075683594 493.9225158691406
51.83597946166992 494.1923522949219
52.664676666259766 494.4512939453125
53.49671173095703 494.69927978515625
54.33194351196289 494.936279296875
55.17022705078125 495.1622619628906
56.01141357421875 495.377197265625
56.8553581237793 495.5810241699219
57.7019157409668 495.7737121582031
58.55093765258789 495.9552307128906
59.402278900146484 496.12554931640625
60.25579071044922 496.2846374511719
61.111324310302734 496.4324645996094
61.96873092651367 496.5690002441406
62.82786178588867 496.6942138671875
63.688568115234375 496.80810546875
