60.4551887512207 450.4599304199219
60.83958435058594 450.8433837890625
61.23276901245117 451.21783447265625
61.63452911376953 451.58306884765625
62.044647216796875 451.9388732910156
62.46290588378906 452.28509521484375
62.88908004760742 452.62152099609375
63.322940826416016 452.9479675292969
63.76425552368164 453.2642822265625
64.21278381347656 453.57025146484375
64.66828918457031 453.8657531738281
65.13052368164062 454.1506042480469
65.59923553466797 454.4246826171875
66.07417297363281 454.68780517578125
66.55508422851562 454.9398498535156
67.04170989990234 455.1806640625
67.5337905883789 455.4101257324219
68.03105926513672 455.6281433105469
68.53324890136719 455.8345642089844
69.04009246826172 456.0292663574219
69.55131530761719 456.2121887207031
70.06664276123047 456.3832092285156
70.5857925415039 456.542236328125
71.10848999023438 456.6891784667969
71.63445281982422 456.8239440917969
72.16339874267578 456.9465026855469
72.6950454711914 457.0567626953125
73.2291030883789 457.1546630859375
73.76528930664062 457.2401428222656
74.30331420898438 457.31317138671875
74.84288787841797 457.37371826171875
75.38372039794922 457.4217224121094
75.92552185058594 457.4571838378906
76.4679946899414 457.4800720214844
77.01085662841797 457.4903564453125
77.5538101196289 457.4880676269531
78.09661102294922 457.4731750488281
78.63893127441406 457.4457092285156
79.18046569824219 457.4056701660156
79.72093200683594 457.35308837890625
80.2600326538086 457.2879638671875
80.7974853515625 457.2103576660156
81.33299255371094 457.12030029296875
81.86627197265625 457.0178527832031
82.39703369140625 456.903076171875
82.92498779296875 456.7760009765625
83.4498519897461 456.63671875
83.97134399414062 456.4853210449219
84.48918151855469 456.3218688964844
85.00308990478516 456.14642333984375
85.51278686523438 455.9591064453125
86.01801300048828 455.7600402832031
86.51847839355469 455.5492858886719
87.013916015625 455.3269958496094
87.50405883789062 455.09326171875
87.98865509033203 454.8482360839844
88.4674301147461 454.592041015625
88.94013214111328 454.3247985839844
89.40650177001953 454.04669189453125
89.86628723144531 453.7578430175781
90.31924438476562 453.4584045410156
90.76513671875 453.1485595703125
91.20372009277344 452.82843017578125
91.63475799560547 452.49822998046875
92.05802154541016 452.15814208984375
92.47328186035156 451.8083190917969
92.88029479980469 451.448974609375
93.27886962890625 451.0802917480469
93.66878509521484 450.7024841308594
94.04983520507812 450.31573486328125
94.42182159423828 449.9202575683594
94.78453826904297 449.5162658691406
95.1377944946289 449.1039733886719
95.48139190673828 448.68359375
95.81515502929688 448.25537109375
96.13890075683594 447.81951904296875
96.45245361328125 447.37628173828125
96.75564575195312 446.9259033203125
97.0483169555664 446.4685974121094
97.33030700683594 446.004638671875
97.6014633178711 445.5342712402344
97.86164093017578 445.0577392578125
98.11070251464844 444.5753173828125
98.34851837158203 444.0872497558594
98.574951171875 443.5937805175781
98.78988647460938 443.09521484375
98.99320220947266 442.591796875
99.1847915649414 442.08380126953125
99.36455535888672 441.5715026855469
99.53239440917969 441.05517578125
99.68821716308594 440.53509521484375
99.83193969726562 440.01153564453125
99.96348571777344 439.4847717285156
100.0827865600586 438.9551086425781
100.18977355957031 438.4228210449219
100.28439331054688 437.88818359375
100.36659240722656 437.35150146484375
100.43632507324219 436.81304931640625
100.4935531616211 436.27313232421875
100.53825378417969 435.7320251464844
100.57039642333984 435.19000244140625
100.58995819091797 434.6473388671875
100.59693145751953 434.1043701171875
100.59130859375 433.5613708496094
100.57308959960938 433.0186462402344
100.54228973388672 432.47650146484375
100.4989242553711 431.93524169921875
100.44302368164062 431.3951416015625
100.3746109008789 430.8564758300781
100.2937240600586 430.3195495605469
100.2004165649414 429.78466796875
100.09473419189453 429.2521057128906
99.97673034667969 428.7221374511719
99.84646606445312 428.1950378417969
99.70401763916016 427.6711120605469
99.5494613647461 427.1506042480469
99.38287353515625 426.6338195800781
99.20435333251953 426.1210632324219
99.01399230957031 425.6125793457031
98.8118896484375 425.108642578125
98.59815979003906 424.6095275878906
98.37290954589844 424.115478515625
98.13626861572266 423.6268005371094
97.88835144042969 423.14373779296875
97.62930297851562 422.66656494140625
97.3592529296875 422.19549560546875
97.07835388183594 421.7308349609375
96.78675079345703 421.2727966308594
96.48460388183594 420.8216552734375
96.17207336425781 420.37762451171875
95.84935760498047 419.94097900390625
95.5166015625 419.5119323730469
95.17398834228516 419.0907287597656
94.82170104980469 418.6775817871094
94.45993041992188 418.272705078125
94.0888671875 417.8763427734375
93.7087173461914 417.4886779785156
93.3196792602539 417.10992431640625
92.92195892333984 416.74029541015625
92.5157699584961 416.3799743652344
92.10133361816406 416.0291748046875
91.67887878417969 415.6880798339844
91.24861145019531 415.35687255859375
90.81077575683594 415.0357360839844
90.36558532714844 414.7248229980469
89.91329956054688 414.42431640625
89.45416259765625 414.1343688964844
88.98839569091797 413.8551330566406
88.51626586914062 413.5867614746094
88.03801727294922 413.32940673828125
87.55392456054688 413.0832214355469
87.06420135498047 412.84832763671875
86.56916046142578 412.6248474121094
86.06902313232422 412.41290283203125
85.56405639648438 412.2126159667969
85.05458068847656 412.02410888671875
84.54084014892578 411.84747314453125
84.02308654785156 411.68280029296875
83.50165557861328 411.53021240234375
82.97679901123047 411.3897705078125
82.44876861572266 411.26153564453125
81.91789245605469 411.1455993652344
81.38442993164062 411.0420227050781
80.84876251220703 410.9508972167969
80.31111145019531 410.8722229003906
79.771728515625 410.8060607910156
79.23095703125 410.75244140625
78.68903350830078 410.71142578125
78.14628601074219 410.6829833984375
77.60299682617188 410.66717529296875
77.05944061279297 410.6639709472656
76.51587677001953 410.6733703613281
75.9727554321289 410.6954040527344
75.43030548095703 410.7300109863281
74.88882446289062 410.7771911621094
74.34861755371094 410.8369140625
73.8099365234375 410.9091796875
73.27313995361328 410.993896484375
72.73854064941406 411.0910339355469
72.20630645751953 411.2005615234375
71.67680358886719 411.3223876953125
71.15027618408203 411.4564514160156
70.62701416015625 411.6026916503906
70.10733795166016 411.7610168457031
69.59147644042969 411.9313659667969
69.07970428466797 412.1136474609375
68.57232666015625 412.3077392578125
68.06963348388672 412.5135192871094
67.57184600830078 412.73089599609375
67.07926940917969 412.9597473144531
66.59213256835938 413.1999816894531
66.11072540283203 413.4514465332031
65.63530731201172 413.7139892578125
65.16609954833984 413.98748779296875
64.70338439941406 414.27178955078125
64.24738311767578 414.5667419433594
63.79836654663086 414.8721923828125
63.35655212402344 415.1879577636719
62.92219543457031 415.5138854980469
62.495540618896484 415.84979248046875
62.07678985595703 416.19549560546875
61.666168212890625 416.5508117675781
61.263916015625 416.91552734375
60.8702278137207 417.28948974609375
60.48531723022461 417.6724853515625
60.109405517578125 418.06427001953125
59.74268341064453 418.46466064453125
59.38534164428711 418.87347412109375
59.03758239746094 419.2904357910156
58.699588775634766 419.7153625488281
58.37154006958008 420.14801025390625
58.053611755371094 420.588134765625
57.745975494384766 421.0354919433594
57.448795318603516 421.4898681640625
57.1622314453125 421.9510192871094
56.886436462402344 422.4186706542969
56.62155532836914 422.8926086425781
56.367733001708984 423.37255859375
56.12510681152344 423.8582458496094
55.893802642822266 424.34942626953125
55.673946380615234 424.8458557128906
55.465660095214844 425.34722900390625
55.26905059814453 425.8533020019531
55.084224700927734 426.3638000488281
54.911285400390625 426.8784484863281
54.75032043457031 427.39697265625
54.60142135620117 427.9190673828125
54.464664459228516 428.4444885253906
54.340126037597656 428.9729309082031
54.22787094116211 429.5041198730469
54.127960205078125 430.03778076171875
54.04044723510742 430.5736083984375
53.96537780761719 431.111328125
53.902793884277344 431.650634765625
53.85272979736328 432.1912536621094
53.81521224975586 432.7328796386719
53.790260314941406 433.2752380371094
53.777889251708984 433.8180236816406
53.77810287475586 434.3609619140625
53.7909049987793 434.90374755859375
53.816287994384766 435.4460754394531
53.8542366027832 435.9876708984375
53.90473175048828 436.52825927734375
53.967742919921875 437.0675354003906
54.04323959350586 437.6051940917969
54.13118362426758 438.1409606933594
54.23152542114258 438.674560546875
54.34421157836914 439.2056884765625
54.469181060791016 439.7340393066406
54.60636901855469 440.2593688964844
54.75570297241211 440.7813720703125
54.91709899902344 441.2997741699219
55.09047317504883 441.8143005371094
55.27573013305664 442.3246765136719
55.47277069091797 442.83062744140625
55.681488037109375 443.3318786621094
55.901771545410156 443.8281555175781
56.13350296020508 444.3191833496094
56.376556396484375 444.8046875
56.630802154541016 445.2844543457031
56.89610290527344 445.7581787109375
57.17231750488281 446.2256164550781
57.45929718017578 446.6865234375
57.75688552856445 447.1406555175781
58.06492233276367 447.5877685546875
58.383243560791016 448.0276184082031
58.71167755126953 448.4599914550781
59.050048828125 448.8846130371094
59.39817428588867 449.30126953125
59.75586700439453 449.7097473144531
60.1229362487793 450.1098327636719
60.499183654785156 450.50128173828125
60.88440704345703 450.8839111328125
61.27839660644531 451.25750732421875
61.68094253540039 451.6218566894531
62.09183120727539 451.9767761230469
62.51083755493164 452.32208251953125
62.93773651123047 452.6575927734375
63.37229919433594 452.98309326171875
63.814292907714844 453.2984313964844
64.26348114013672 453.60345458984375
64.71961975097656 453.8979797363281
65.18246459960938 454.1818542480469
65.65176391601562 454.45489501953125
66.12727355957031 454.71697998046875
66.60872650146484 454.9679870605469
67.09587097167969 455.207763671875
67.58844757080078 455.4361877441406
68.08618927001953 455.6531066894531
68.58882141113281 455.8584289550781
69.09608459472656 456.05206298828125
69.60769653320312 456.23388671875
70.1233901977539 456.4037780761719
70.64288330078125 456.5616760253906
71.1658935546875 456.7074890136719
71.69214630126953 456.84112548828125
72.22135925292969 456.9625244140625
72.75324249267578 457.0716247558594
73.28751373291016 457.1683654785156
73.82388305664062 457.252685546875
74.362060546875 457.3245544433594
74.90176391601562 457.3839111328125
75.44269561767578 457.4307556152344
75.98457336425781 457.46502685546875
76.527099609375 457.4867248535156
77.06998443603516 457.495849609375
77.61293029785156 457.49237060546875
78.15570068359375 457.476318359375
78.69795989990234 457.44769287109375
79.23941040039062 457.406494140625
79.7797622680664 457.35272216796875
80.3187255859375 457.28643798828125
80.85600280761719 457.2076721191406
81.39131927490234 457.1164855957031
81.92437744140625 457.01287841796875
82.45489501953125 456.8969421386719
82.98257446289062 456.76873779296875
83.50714111328125 456.6283264160156
84.02830505371094 456.4757995605469
84.54579162597656 456.31121826171875
85.059326171875 456.1346740722656
85.56861877441406 455.9462585449219
86.07341003417969 455.74609375
86.57341766357422 455.5342712402344
87.06836700439453 455.3109130859375
87.5580062866211 455.0761413574219
88.04206848144531 454.830078125
88.5202865600586 454.5728454589844
88.9924087524414 454.3045959472656
89.45817565917969 454.0254821777344
89.9173355102539 453.7356262207031
90.36964416503906 453.4352111816406
90.81486511230469 453.1243896484375
91.25276184082031 452.8033142089844
91.68309020996094 452.4721984863281
92.1056137084961 452.1311950683594
92.52011108398438 451.7804870605469
92.92634582519531 451.4202880859375
93.3241195678711 451.0507507324219
93.71321868896484 450.6720886230469
94.09343719482422 450.2845153808594
94.46456909179688 449.88824462890625
94.826416015625 449.48345947265625
95.17877960205078 449.0704040527344
95.52146911621094 448.6492919921875
95.85430908203125 448.2203369140625
96.17710876464844 447.7837829589844
96.48970794677734 447.3398742675781
96.79193115234375 446.8888244628906
97.08361053466797 446.430908203125
97.3646011352539 445.9663391113281
97.6347427368164 445.4953918457031
97.8938980102539 445.018310546875
98.14192199707031 444.53533935546875
98.37867736816406 444.0467529296875
98.60404968261719 443.55279541015625
98.81790924072266 443.0537414550781
99.0201416015625 442.54986572265625
99.21063232421875 442.04144287109375
99.38928985595703 441.52874755859375
99.55601501464844 441.0120544433594
99.7107162475586 440.49163818359375
99.85330963134766 439.9677734375
99.98371887207031 439.44073486328125
100.10187530517578 438.9107971191406
100.20771026611328 438.3782653808594
100.30117797851562 437.84344482421875
100.38221740722656 437.30657958984375
100.45079040527344 436.7679748535156
100.5068588256836 436.2279357910156
100.5503921508789 435.6867370605469
100.58136749267578 435.1446533203125
100.59976196289062 434.6019592285156
100.6055679321289 434.0589904785156
100.5987777709961 433.5159912109375
100.57939147949219 432.9732971191406
100.54742431640625 432.43121337890625
100.50289154052734 431.8900451660156
100.4458236694336 431.3500671386719
100.37625122070312 430.8115539550781
100.2942123413086 430.2748107910156
100.19975280761719 429.7401428222656
100.0929183959961 429.2077941894531
99.97377014160156 428.6780700683594
99.84236907958984 428.1512451171875
99.69879150390625 427.62762451171875
99.5431137084961 427.1074523925781
99.37541198730469 426.5910339355469
99.19578552246094 426.0786437988281
99.00432586669922 425.570556640625
98.80113983154297 425.0670471191406
98.58633422851562 424.5683898925781
98.36001586914062 424.0748291015625
98.122314453125 423.586669921875
97.87335968017578 423.1041259765625
97.61328125 422.62750244140625
97.34221649169922 422.1570129394531
97.06031799316406 421.6929626464844
96.76773071289062 421.2355651855469
96.46461486816406 420.7850646972656
96.15115356445312 420.34173583984375
95.82749938964844 419.9057922363281
95.49382781982422 419.47747802734375
95.15031433105469 419.0570068359375
94.7971420288086 418.6446228027344
94.43450164794922 418.24053955078125
94.06259155273438 417.844970703125
93.68160247802734 417.4581298828125
93.291748046875 417.0802307128906
92.89323425292969 416.7114562988281
92.48626708984375 416.3520202636719
92.07107543945312 416.0021057128906
91.64787292480469 415.66192626953125
91.2168960571289 415.3316345214844
90.77836608886719 415.0114440917969
90.33251190185547 414.70147705078125
89.87958526611328 414.4019470214844
89.41983032226562 414.11297607421875
88.95346069335938 413.8347473144531
88.48075866699219 413.5674133300781
88.00196075439453 413.31109619140625
87.51734161376953 413.0659484863281
87.02711486816406 412.83209228515625
86.5315933227539 412.60968017578125
86.03099822998047 412.3988037109375
85.52560424804688 412.1996154785156
85.01569366455078 412.01220703125
84.50157165527344 411.836669921875
83.98345947265625 411.6731262207031
83.461669921875 411.5216369628906
82.93650817871094 411.38232421875
82.408203125 411.2552490234375
81.8770751953125 411.1404724121094
81.3433837890625 411.0380554199219
80.8075180053711 410.9480895996094
80.26969909667969 410.87060546875
79.73017120361328 410.80560302734375
79.18928527832031 410.753173828125
78.64727020263672 410.71331787109375
78.10445404052734 410.6860656738281
77.56114196777344 410.6714172363281
77.017578125 410.66937255859375
76.47408294677734 410.6799621582031
75.9310073852539 410.7031555175781
75.3886947631836 410.7389221191406
74.8473129272461 410.7872619628906
74.30723571777344 410.84814453125
73.76876068115234 410.9215393066406
73.23214721679688 411.0074157714844
72.69775390625 411.105712890625
72.16575622558594 411.21636962890625
71.63651275634766 411.3393249511719
71.11026763916016 411.47454833984375
70.58734893798828 411.6219177246094
70.0680160522461 411.7813720703125
69.55252075195312 411.95281982421875
69.04114532470703 412.1361999511719
68.53418731689453 412.33135986328125
68.03193664550781 412.5382385253906
67.53465270996094 412.7566833496094
67.04257202148438 412.9866027832031
66.55595397949219 413.2278747558594
66.07508850097656 413.4803771972656
65.60023498535156 413.7439270019531
65.1316146850586 414.0184326171875
64.66950988769531 414.3037109375
64.21414947509766 414.5996398925781
63.76578903198242 414.9060363769531
63.32465744018555 415.2227783203125
62.8910026550293 415.5496520996094
62.46507263183594 415.886474609375
62.04706954956055 416.2330627441406
61.63721466064453 416.5892639160156
61.235748291015625 416.9548645019531
60.84286880493164 417.3296813964844
60.45878219604492 417.7135009765625
60.08371353149414 418.1061096191406
59.71785354614258 418.5072937011719
59.36140060424805 418.9168701171875
59.0145378112793 419.3345947265625
58.677459716796875 419.7602233886719
58.350341796875 420.1935729980469
58.033363342285156 420.6343688964844
57.726688385009766 421.0823974609375
57.43048858642578 421.53741455078125
57.14491653442383 421.9991760253906
56.8701286315918 422.4674377441406
56.60626983642578 422.9419250488281
56.35348129272461 423.4223937988281
56.111900329589844 423.9085998535156
55.881656646728516 424.4002685546875
55.662872314453125 424.89715576171875
55.455665588378906 425.39898681640625
55.26014709472656 425.9054870605469
55.07642364501953 426.4163818359375
54.90459060668945 426.931396484375
54.74474334716797 427.45025634765625
54.59696960449219 427.9726867675781
54.46134567260742 428.4984130859375
54.33794403076172 429.0271301269531
54.22683334350586 429.5585632324219
54.12807083129883 430.0924377441406
54.04171371459961 430.6284484863281
53.967803955078125 431.16632080078125
53.9063835144043 431.70574951171875
53.857486724853516 432.2464599609375
53.821136474609375 432.7881774902344
53.79735565185547 433.3305969238281
53.786155700683594 433.8734130859375
53.787540435791016 434.4163513183594
53.801509857177734 434.9591064453125
53.828060150146484 435.5013732910156
53.8671760559082 436.04290771484375
53.9188346862793 436.5833740234375
53.983009338378906 437.12249755859375
54.05966567993164 437.6600036621094
54.14876174926758 438.1955871582031
54.25025177001953 438.72894287109375
54.36408233642578 439.25982666015625
54.49018859863281 439.7879333496094
54.62850570678711 440.3129577636719
54.778961181640625 440.83465576171875
54.94147491455078 441.35272216796875
55.1159553527832 441.86688232421875
55.302310943603516 442.3768615722656
55.50044250488281 442.88238525390625
55.71023941040039 443.3831787109375
55.93159103393555 443.87896728515625
56.16437911987305 444.3694763183594
56.408477783203125 444.8544616699219
56.66375732421875 445.33367919921875
56.93008041381836 445.80682373046875
57.20730209350586 446.273681640625
57.49527359008789 446.7339782714844
57.79383850097656 447.1874694824219
58.102840423583984 447.6339111328125
58.42211151123047 448.0730895996094
58.7514762878418 448.5047302246094
59.090763092041016 448.9286193847656
59.43978500366211 449.34454345703125
59.79835891723633 449.75225830078125
60.166290283203125 450.15155029296875
60.54338073730469 450.5422058105469
60.92942810058594 450.92401123046875
61.324222564697266 451.2967529296875
61.72755432128906 451.6602478027344
62.13920593261719 452.0142822265625
62.558956146240234 452.3586730957031
62.986576080322266 452.6932373046875
63.42184066772461 453.017822265625
63.8645133972168 453.33221435546875
64.3143539428711 453.6362609863281
64.77112579345703 453.9298095703125
65.23458099365234 454.2126770019531
65.7044677734375 454.4847106933594
66.1805419921875 454.74578857421875
66.66253662109375 454.9957580566406
67.15019989013672 455.2344665527344
67.64326477050781 455.4618225097656
68.14147186279297 455.67767333984375
68.64454650878906 455.8819274902344
69.1522216796875 456.074462890625
69.66422271728516 456.2551574707031
70.18028259277344 456.4239501953125
70.70011138916016 456.5807189941406
71.22343444824219 456.72540283203125
71.7499771118164 456.85791015625
72.27944946289062 456.9781799316406
72.81156921386719 457.08612060546875
73.3460464477539 457.18170166015625
73.88259887695312 457.2648620605469
74.42093658447266 457.3355712890625
74.96076202392578 457.3937683105469
75.50179290771484 457.439453125
76.04373931884766 457.4725646972656
76.58631134033203 457.49310302734375
77.12921142578125 457.5010681152344
77.67214965820312 457.4964294433594
78.21488189697266 457.4792175292969
78.75707244873047 457.44940185546875
79.29843139648438 457.4070129394531
79.83866119384766 457.3520812988281
80.37747955322266 457.2846374511719
80.91458892822266 457.2047119140625
81.44970703125 457.11236572265625
81.98253631591797 457.00762939453125
82.51280212402344 456.89056396484375
83.04020690917969 456.76123046875
83.56446838378906 456.61968994140625
84.0853042602539 456.4660339355469
84.60243225097656 456.3003234863281
85.11558532714844 456.1226806640625
85.62447357177734 455.93316650390625
86.12882995605469 455.7319030761719
86.62837982177734 455.5190124511719
87.12284851074219 455.2945861816406
87.61197662353516 455.0587463378906
88.09551239013672 454.8116149902344
88.57318115234375 454.5533447265625
89.04472351074219 454.2840881347656
89.5098876953125 454.00396728515625
89.96842193603516 453.713134765625
90.42008209228516 453.4117431640625
90.86463165283203 453.0999755859375
91.30183410644531 452.7779846191406
91.7314453125 452.4459228515625
92.15323638916016 452.10400390625
92.56697845458984 451.7524108886719
92.9724349975586 451.3913269042969
93.36941528320312 451.02093505859375
93.75769805908203 450.6414489746094
94.13707733154297 450.2530517578125
94.50735473632812 449.8559875488281
94.86832427978516 449.450439453125
95.21979522705078 449.03662109375
95.56157684326172 448.6147766113281
95.89348602294922 448.18511962890625
96.21534729003906 447.74786376953125
96.52698516845703 447.30328369140625
96.82823181152344 446.8515930175781
97.11892700195312 446.3930358886719
97.39891052246094 445.9278564453125
97.66803741455078 445.4563293457031
97.92616271972656 444.9786682128906
98.17314147949219 444.49517822265625
98.40884399414062 444.0060729980469
98.63314819335938 443.5116271972656
98.84593200683594 443.0121154785156
99.04707336425781 442.5078125
99.2364730834961 441.9989929199219
99.41402435302734 441.48590087890625
99.57963562011719 440.9688415527344
99.73321533203125 440.4480895996094
99.87467956542969 439.9239196777344
100.00395202636719 439.3966064453125
100.12096405029297 438.8664245605469
100.22565460205078 438.33367919921875
100.31796264648438 437.79864501953125
100.39784240722656 437.2616271972656
100.46525573730469 436.722900390625
100.52015686035156 436.1827392578125
100.5625228881836 435.64141845703125
100.59232330322266 435.0992736816406
100.60954284667969 434.5565490722656
100.61417388916016 434.0135498046875
100.60620880126953 433.4705810546875
100.58564758300781 432.92791748046875
100.55250549316406 432.3858947753906
100.50680541992188 431.8448181152344
100.44857025146484 431.3049621582031
100.3778305053711 430.7666015625
100.29463195800781 430.23004150390625
100.19901275634766 429.695556640625
100.09102630615234 429.1634521484375
99.97073364257812 428.63397216796875
99.83819580078125 428.1074523925781
99.69348907470703 427.5841369628906
99.53668212890625 427.0643005371094
99.36786651611328 426.5482482910156
99.1871337890625 426.0362548828125
98.99457550048828 425.5285949707031
98.79029846191406 425.0255432128906
98.57440948486328 424.52734375
98.34703063964844 424.0343017578125
98.1082763671875 423.5466613769531
97.8582763671875 423.0646667480469
97.59716796875 422.5885925292969
97.32508850097656 422.11871337890625
97.04218292236328 421.6552734375
96.74860382080078 421.198486328125
96.44451141357422 420.7486572265625
96.13008880615234 420.3059997558594
95.80548858642578 419.8707580566406
95.47088623046875 419.44317626953125
95.12646484375 419.0234680175781
94.77239990234375 418.6118469238281
94.40888977050781 418.20855712890625
94.03612518310547 417.81378173828125
93.65430450439453 417.4277648925781
93.26363372802734 417.0506896972656
92.86431884765625 416.6827697753906
92.45658111572266 416.32421875
92.04063415527344 415.9752197265625
91.61669921875 415.6359558105469
91.18500518798828 415.3066101074219
90.74578857421875 414.98736572265625
90.29926300048828 414.6783752441406
89.84568786621094 414.37982177734375
89.38530731201172 414.09185791015625
88.91834259033203 413.81463623046875
88.445068359375 413.5483093261719
87.96571350097656 413.29302978515625
87.4805679321289 413.0489501953125
86.9898452758789 412.816162109375
86.49384307861328 412.5948181152344
85.9927978515625 412.3850402832031
85.48696899414062 412.1869201660156
84.97665405273438 412.0006103515625
84.46215057373047 411.8262023925781
83.94368743896484 411.66375732421875
83.42156982421875 411.5133972167969
82.89611053466797 411.3752136230469
82.36752319335938 411.249267578125
81.83614349365234 411.1356506347656
81.30227661132812 411.0343933105469
80.76622009277344 410.9455871582031
80.22823333740234 410.8692626953125
79.68856048583984 410.8054504394531
79.1475601196289 410.7541809082031
78.60545349121094 410.7154846191406
78.06257629394531 410.68939208984375
77.51922607421875 410.6759033203125
76.97565460205078 410.675048828125
76.43217468261719 410.6867980957031
75.88914489746094 410.7111511230469
75.34690856933594 410.74810791015625
74.80564880371094 410.7976379394531
74.26570129394531 410.8597106933594
73.72743225097656 410.93426513671875
73.19100189208984 411.02130126953125
72.65682220458984 411.1207275390625
72.12510681152344 411.2325439453125
71.59613037109375 411.3566589355469
71.07017517089844 411.4930114746094
70.54757690429688 411.6415100097656
70.0285873413086 411.8020935058594
69.51346588134766 411.97467041015625
69.00247955322266 412.1591491699219
68.49595642089844 412.35540771484375
67.99414825439453 412.5633544921875
67.4973373413086 412.7828674316406
67.00575256347656 413.01385498046875
66.5196533203125 413.2561950683594
66.03933715820312 413.50970458984375
65.56505584716797 413.7742919921875
65.09705352783203 414.0498046875
64.63556671142578 414.3360900878906
64.18084716796875 414.63299560546875
63.733150482177734 414.94036865234375
63.292701721191406 415.258056640625
62.8597526550293 415.5858459472656
62.43455123901367 415.923583984375
62.017295837402344 416.2710876464844
61.60820770263672 416.628173828125
61.2075309753418 416.99462890625
60.815460205078125 417.3702697753906
60.43220520019531 417.7549133300781
60.057987213134766 418.1483154296875
59.692996978759766 418.55029296875
59.33742904663086 418.96063232421875
58.99147033691406 419.37908935546875
58.65531539916992 419.8054504394531
58.329132080078125 420.239501953125
58.01310729980469 420.6809997558594
57.70740509033203 421.12969970703125
57.41218566894531 421.5853576660156
57.12761306762695 422.0477294921875
56.85383605957031 422.5165710449219
56.59100341796875 422.99163818359375
56.33925247192383 423.47265625
56.09872055053711 423.9593811035156
55.869537353515625 424.4515686035156
55.651824951171875 424.94891357421875
55.445701599121094 425.451171875
55.251277923583984 425.9580993652344
55.06865692138672 426.4693908691406
54.8979377746582 426.9847717285156
54.73921203613281 427.50396728515625
54.59256362915039 428.0267028808594
54.458072662353516 428.5527038574219
54.335811614990234 429.0816955566406
54.22584915161133 429.6133728027344
54.128238677978516 430.1474609375
54.04303741455078 430.68365478515625
53.97028732299805 431.2216796875
53.910030364990234 431.7612609863281
53.86229705810547 432.3020935058594
53.82711410522461 432.8438720703125
53.804500579833984 433.3863220214844
53.794471740722656 433.9291687011719
53.797027587890625 434.4720764160156
53.81216812133789 435.0148010253906
53.83988952636719 435.5570373535156
53.88017272949219 436.0984802246094
53.93299865722656 436.6388244628906
53.99833679199219 437.1778259277344
54.07615280151367 437.71514892578125
54.166404724121094 438.2505187988281
54.269046783447266 438.7836608886719
54.3840217590332 439.3143005371094
54.511268615722656 439.8421325683594
54.650718688964844 440.36688232421875
54.80229949951172 440.88824462890625
54.9659309387207 441.40594482421875
55.14152145385742 441.91973876953125
55.328975677490234 442.4293212890625
55.528194427490234 442.9344177246094
55.739070892333984 443.43475341796875
55.96149444580078 443.9300537109375
56.195343017578125 444.4200744628906
56.440486907958984 444.904541015625
56.696800231933594 445.3831787109375
56.964141845703125 445.8557434082031
57.24237060546875 446.3219909667969
57.531333923339844 446.78167724609375
57.83087921142578 447.2345275878906
58.14084243774414 447.6803283691406
58.4610595703125 448.1188049316406
58.79135513305664 448.54974365234375
59.131553649902344 448.972900390625
59.48147201538086 449.3880615234375
59.84092330932617 449.7950134277344
60.209712982177734 450.1935119628906
60.587642669677734 450.5833435058594
60.974510192871094 450.9643249511719
61.37010955810547 451.3362121582031
61.77422332763672 451.6988220214844
62.18663787841797 452.0519714355469
62.60712814331055 452.3954772949219
63.03546905517578 452.7291259765625
63.471431732177734 453.0527648925781
63.9147834777832 453.3662109375
64.36528015136719 453.6692810058594
64.82268524169922 453.9618225097656
65.28675079345703 454.2436828613281
65.7572250366211 454.51470947265625
66.23385620117188 454.7747497558594
66.71639251708984 455.023681640625
67.2045669555664 455.2613525390625
67.6981201171875 455.4876403808594
68.19679260253906 455.7024230957031
68.70030975341797 455.90557861328125
69.20840454101562 456.0970153808594
69.72079467773438 456.276611328125
70.23721313476562 456.44427490234375
70.75738525390625 456.59991455078125
71.28102111816406 456.74346923828125
71.80784606933594 456.8748474121094
72.33757781982422 456.99395751953125
72.86992645263672 457.10076904296875
73.40460968017578 457.1951904296875
73.94133758544922 457.2771911621094
74.47982025146484 457.34674072265625
75.019775390625 457.4037780761719
75.56090545654297 457.4482727050781
76.10292053222656 457.480224609375
76.6455307006836 457.4996032714844
77.18844604492188 457.5063781738281
77.73137664794922 457.5005798339844
78.27407836914062 457.482177734375
78.81620788574219 457.4512023925781
79.35747528076172 457.40765380859375
79.89759063720703 457.3515625
80.43626403808594 457.282958984375
80.97319793701172 457.2018737792969
81.50811767578125 457.1083679199219
82.04072570800781 457.0024719238281
82.57073211669922 456.8842468261719
83.09785461425781 456.7537536621094
83.62181091308594 456.611083984375
84.1423110961914 456.456298828125
84.6590805053711 456.28948974609375
85.17183685302734 456.1107482910156
85.68031311035156 455.9201354980469
86.18423461914062 455.7178039550781
86.6833267211914 455.5038146972656
87.17730712890625 455.2783203125
87.66593170166016 455.04144287109375
88.14893341064453 454.79327392578125
88.62604522705078 454.53399658203125
89.09700775146484 454.2637023925781
89.56156158447266 453.9825744628906
90.01947021484375 453.69073486328125
90.4704818725586 453.38836669921875
90.91436004638672 453.07562255859375
91.35086822509766 452.752685546875
91.7797622680664 452.4197082519531
92.20081329345703 452.0768737792969
92.6137924194336 451.7243957519531
93.01847076416016 451.3624267578125
93.4146499633789 450.9911804199219
93.80211639404297 450.6108703613281
94.18065643310547 450.2216796875
94.5500717163086 449.82379150390625
94.91016387939453 449.4174499511719
95.2607421875 449.00286865234375
95.60161590576172 448.5802917480469
95.93260192871094 448.14990234375
96.2535171508789 447.71197509765625
96.56419372558594 447.2667236328125
96.86446380615234 446.81439208984375
97.15416717529297 446.355224609375
97.43315124511719 445.88946533203125
97.70126342773438 445.4173583984375
97.95835876464844 444.93914794921875
98.20429992675781 444.4551086425781
98.43894958496094 443.96551513671875
98.66218566894531 443.4706115722656
98.87388610839844 442.97064208984375
99.07394409179688 442.4659118652344
99.26224517822266 441.9566650390625
99.43869018554688 441.4432067871094
99.60317993164062 440.92578125
99.75563049316406 440.4046936035156
99.89596557617188 439.8802185058594
100.02410125732422 439.3526306152344
100.13996887207031 438.82220458984375
100.2435073852539 438.28924560546875
100.33466339111328 437.7540283203125
100.41338348388672 437.2168273925781
100.47962951660156 436.6779479980469
100.53336334228516 436.1376647949219
100.5745620727539 435.59625244140625
100.60319519042969 435.05401611328125
100.61924743652344 434.51123046875
100.6227035522461 433.9682312011719
100.61356353759766 433.4252624511719
100.59183502197266 432.88262939453125
100.55752563476562 432.3406982421875
100.51065826416016 431.7997131347656
100.45125579833984 431.2599792480469
100.37935638427734 430.7218017578125
100.29499816894531 430.1854248046875
100.19822692871094 429.6511535644531
100.08909606933594 429.1192626953125
99.96765899658203 428.5900573730469
99.833984375 428.0638122558594
99.68814849853516 427.5408020019531
99.53022003173828 427.0213317871094
99.36029052734375 426.5056457519531
99.17845153808594 425.9940490722656
98.98480224609375 425.4867858886719
98.7794418334961 424.9841613769531
98.56248474121094 424.4864196777344
98.33403778076172 423.9938659667969
98.09423065185547 423.5067138671875
97.84319305419922 423.0252685546875
97.58106231689453 422.5497741699219
97.30796813964844 422.0804748535156
97.02406311035156 421.61761474609375
96.72949981689453 421.1614685058594
96.4244384765625 420.7122802734375
96.10906219482422 420.27032470703125
95.78352355957031 419.8357849121094
95.447998046875 419.4089050292969
95.10266876220703 418.98992919921875
94.74771881103516 418.5790710449219
94.38333892822266 418.1765441894531
94.00971984863281 417.7825927734375
93.62706756591797 417.39739990234375
93.23558044433594 417.02117919921875
92.8354721069336 416.6541442871094
92.42695617675781 416.2964782714844
92.01026153564453 415.9483642578125
91.5855941772461 415.6100158691406
91.15319061279297 415.2815856933594
90.71326446533203 414.9632568359375
90.26607513427734 414.65521240234375
89.81185150146484 414.3576354980469
89.35084533691406 414.0706787109375
88.8832778930664 413.7944641113281
88.409423828125 413.5291748046875
87.92951965332031 413.2749328613281
87.44384765625 413.0318908691406
86.95262145996094 412.8001708984375
86.45613861083984 412.57989501953125
85.95463562011719 412.3711853027344
85.44840240478516 412.1741638183594
84.93768310546875 411.98895263671875
84.42280578613281 411.8156433105469
83.90399169921875 411.6543273925781
83.38154602050781 411.5050964355469
82.85578918457031 411.3680419921875
82.32693481445312 411.24322509765625
81.7953109741211 411.1307373046875
81.26126861572266 411.0306396484375
80.72501373291016 410.9429931640625
80.18685913085938 410.8678283691406
79.64704895019531 410.80517578125
79.1059341430664 410.75506591796875
78.56378173828125 410.7175598144531
78.0208511352539 410.692626953125
77.47747039794922 410.6803283691406
76.93388366699219 410.6806335449219
76.39042663574219 410.69354248046875
75.84744262695312 410.71905517578125
75.30528259277344 410.7571716308594
74.76412963867188 410.807861328125
74.22431182861328 410.87109375
73.68620300292969 410.9468078613281
73.14995574951172 411.0350036621094
72.6159896850586 411.1355895996094
72.08454895019531 411.24853515625
71.55583953857422 411.373779296875
71.03018188476562 411.5112609863281
70.50790405273438 411.660888671875
69.9892578125 411.82257080078125
69.47450256347656 411.9962463378906
68.96391296386719 412.18182373046875
68.45780944824219 412.3791809082031
67.95645141601562 412.58819580078125
67.46011352539062 412.80877685546875
66.96902465820312 413.0408020019531
66.48344421386719 413.2841796875
66.00367736816406 413.5387268066406
65.52996063232422 413.8043212890625
65.06255340576172 414.0808410644531
64.6016845703125 414.3681335449219
64.14759826660156 414.666015625
63.7005615234375 414.9743347167969
63.26081466674805 415.2929382324219
62.82857131958008 415.6216735839844
62.40409469604492 415.9603271484375
61.98758316040039 416.3087158203125
61.579261779785156 416.66668701171875
61.17937088012695 417.03399658203125
60.78810501098633 417.4104919433594
60.40568923950195 417.7959289550781
60.03231430053711 418.1901550292969
59.668182373046875 418.5929260253906
59.31349182128906 419.0040283203125
58.96842956542969 419.4232482910156
58.63318634033203 419.850341796875
58.30793380737305 420.28509521484375
57.992855072021484 420.7272644042969
57.688114166259766 421.1766052246094
57.39387130737305 421.6329040527344
57.110286712646484 422.09588623046875
56.8375129699707 422.5653076171875
56.5756950378418 423.0409240722656
56.324974060058594 423.5224914550781
56.08548355102539 424.0097351074219
55.85735321044922 424.5024108886719
55.64070510864258 425.000244140625
55.4356575012207 425.5029602050781
55.24231719970703 426.0102844238281
55.060791015625 426.52197265625
54.89117431640625 427.0377197265625
54.733558654785156 427.5572509765625
54.58803176879883 428.080322265625
54.45466995239258 428.6065979003906
54.33354187011719 429.1358337402344
54.22471618652344 429.667724609375
54.12825012207031 430.2019958496094
54.04419708251953 430.7383728027344
53.972599029541016 431.27655029296875
53.91349792480469 431.8162536621094
53.86692428588867 432.357177734375
53.83290100097656 432.8990478515625
53.81145095825195 433.4415588378906
53.802581787109375 433.9844055175781
53.80630111694336 434.5273132324219
53.82260513305664 435.07000732421875
53.85148620605469 435.6121826171875
53.89292907714844 436.1535339355469
53.9469108581543 436.69378662109375
54.01340103149414 437.2326354980469
54.092369079589844 437.7698059082031
54.18376922607422 438.30499267578125
54.28755187988281 438.8379211425781
54.403663635253906 439.3683166503906
54.532039642333984 439.8958740234375
54.67261505126953 440.4203186035156
54.825313568115234 440.9413757324219
54.99005126953125 441.458740234375
55.16674041748047 441.9721374511719
55.35528564453125 442.4812927246094
55.55558776855469 442.9859619140625
55.76753616333008 443.48583984375
55.99101638793945 443.9806823730469
56.22591018676758 444.47021484375
56.47209167480469 444.95416259765625
56.729427337646484 445.4322509765625
56.997779846191406 445.9042663574219
57.27700424194336 446.36993408203125
57.566951751708984 446.8289794921875
57.86746597290039 447.28118896484375
58.178382873535156 447.726318359375
58.49953842163086 448.16412353515625
58.83075714111328 448.5943603515625
59.1718635559082 449.01678466796875
59.52267074584961 449.4311828613281
59.882991790771484 449.83734130859375
60.25263595581055 450.23504638671875
60.63140106201172 450.62408447265625
61.01908493041992 451.00421142578125
61.41547775268555 451.375244140625
61.82036590576172 451.73699951171875
62.23353576660156 452.0892639160156
62.654762268066406 452.4318542480469
63.08381652832031 452.76458740234375
63.52047348022461 453.0872802734375
63.96449279785156 453.3997802734375
64.41564178466797 453.701904296875
64.87367248535156 453.99346923828125
65.33834075927734 454.27435302734375
65.80939483642578 454.54437255859375
66.28658294677734 454.80340576171875
66.76964569091797 455.0513000488281
67.25833129882812 455.2879333496094
67.75237274169922 455.5131530761719
68.25150299072266 455.72686767578125
68.75545501708984 455.928955078125
69.26395416259766 456.1192932128906
69.7767333984375 456.29779052734375
70.29351043701172 456.46435546875
70.81401062011719 456.618896484375
71.33795166015625 456.7613220214844
71.86505889892578 456.8915710449219
72.3950424194336 457.0095520019531
72.92761993408203 457.1152038574219
73.4625015258789 457.20849609375
73.99940490722656 457.28936767578125
74.53804016113281 457.3577575683594
75.07811737060547 457.41363525390625
75.61933898925781 457.45697021484375
76.16142272949219 457.4877624511719
76.7040786743164 457.5059814453125
77.24700927734375 457.5115966796875
77.78997039794922 457.504638671875
78.33262634277344 457.4850769042969
78.87468719482422 457.45294189453125
79.41586303710938 457.4082336425781
79.95585632324219 457.3509826660156
80.49437713623047 457.2812194824219
81.03114318847656 457.1990051269531
81.56585693359375 457.1043395996094
82.09823608398438 456.997314453125
82.62798309326172 456.8779602050781
83.15483093261719 456.746337890625
83.67848205566406 456.6025390625
84.19865417480469 456.4466247558594
84.7150650024414 456.2786865234375
85.2274398803711 456.0988464355469
85.73551177978516 455.90716552734375
86.23899841308594 455.7037353515625
86.73763275146484 455.4886779785156
87.23112487792969 455.2621154785156
87.71923828125 455.024169921875
88.20170593261719 454.77496337890625
88.67825317382812 454.5146484375
89.14863586425781 454.24334716796875
89.61257934570312 453.9612121582031
90.06986236572266 453.66839599609375
90.52022552490234 453.36505126953125
90.96342468261719 453.0513610839844
91.39923095703125 452.72747802734375
91.82740783691406 452.3935852050781
92.24772644042969 452.04986572265625
92.65995025634766 451.6965026855469
93.06385040283203 451.33367919921875
93.459228515625 450.9615783691406
93.84587860107422 450.5804138183594
94.22358703613281 450.1903991699219
94.59214782714844 449.7917175292969
94.95137023925781 449.3846130371094
95.30105590820312 448.96929931640625
95.64102172851562 448.5459899902344
95.97108459472656 448.1148986816406
96.29106140136719 447.67626953125
96.60078430175781 447.2303466796875
96.90008544921875 446.7773742675781
97.18880462646484 446.31756591796875
97.46678924560547 445.8511962890625
97.73388671875 445.3785095214844
97.98995208740234 444.8997497558594
98.23484802246094 444.4151916503906
98.46844482421875 443.9250793457031
98.69062042236328 443.4296875
98.90125274658203 442.9292907714844
99.10022735595703 442.42413330078125
99.28743743896484 441.91448974609375
99.46277618408203 441.400634765625
99.62615966796875 440.88287353515625
99.77749633789062 440.3614501953125
99.91670227050781 439.836669921875
100.043701171875 439.3088073730469
100.15843200683594 438.77813720703125
100.26082611083984 438.24493408203125
100.35083770751953 437.7095031738281
100.42840576171875 437.172119140625
100.49349975585938 436.6330871582031
100.54607391357422 436.0926818847656
100.58610534667969 435.5511779785156
100.61357116699219 435.0089111328125
100.62845611572266 434.4660949707031
100.63075256347656 433.9230651855469
100.62045288085938 433.380126953125
100.5975570678711 432.8375549316406
100.56208038330078 432.2956848144531
100.51405334472656 431.7547912597656
100.4534912109375 431.2151794433594
100.38043975830078 430.6771545410156
100.29492950439453 430.1409606933594
100.19701385498047 429.6069030761719
100.08673858642578 429.07525634765625
99.96416473388672 428.54632568359375
99.82936096191406 428.0203552246094
99.68240356445312 427.4976501464844
99.52336120605469 426.978515625
99.35232543945312 426.46319580078125
99.16938781738281 425.9519958496094
98.97464752197266 425.4451599121094
98.7682113647461 424.9429931640625
98.55018615722656 424.44573974609375
98.32068634033203 423.95367431640625
98.079833984375 423.467041015625
97.82776641845703 422.98614501953125
97.56461334228516 422.5111999511719
97.29051208496094 422.04248046875
97.005615234375 421.5802307128906
96.71007537841797 421.1247253417969
96.404052734375 420.67620849609375
96.08773040771484 420.23492431640625
95.76126098632812 419.80108642578125
95.42481994628906 419.37493896484375
95.0785903930664 418.9566955566406
94.7227554321289 418.5466003417969
94.35751342773438 418.1448669433594
93.98304748535156 417.751708984375
93.59957122802734 417.3673400878906
93.20728302001953 416.9919738769531
92.80638885498047 416.62579345703125
92.39710998535156 416.2690124511719
91.97966766357422 415.92181396484375
91.55427551269531 415.5843811035156
91.12116241455078 415.25689697265625
90.68054962158203 414.93951416015625
90.2326889038086 414.6324462890625
89.77783203125 414.3358459472656
89.31621551513672 414.04986572265625
88.84805297851562 413.774658203125
88.3736343383789 413.5103759765625
87.89318084716797 413.2571716308594
87.40696716308594 413.0151672363281
86.91524505615234 412.7845153808594
86.41828918457031 412.5653076171875
85.91633605957031 412.3576965332031
85.40967559814453 412.1617736816406
84.8985595703125 411.9776611328125
84.38330841064453 411.80548095703125
83.86414337158203 411.6452941894531
83.34137725830078 411.4971923828125
82.81532287597656 411.36126708984375
82.28619384765625 411.23760986328125
81.75432586669922 411.12628173828125
81.2200698852539 411.02734375
80.68362426757812 410.9408264160156
80.14530944824219 410.8668212890625
79.60536193847656 410.8053283691406
79.06412506103516 410.7563781738281
78.52188873291016 410.72003173828125
77.97889709472656 410.6962890625
77.43548583984375 410.6851501464844
76.89189910888672 410.6866149902344
76.34846496582031 410.7007141113281
75.80553436279297 410.7274169921875
75.26345825195312 410.7666931152344
74.722412109375 410.81854248046875
74.1827621459961 410.8829345703125
73.64481353759766 410.9598083496094
73.10874938964844 411.0491638183594
72.57499694824219 411.1509094238281
72.04379272460938 411.2649841308594
71.51535034179688 411.391357421875
70.98998260498047 411.52996826171875
70.46802520751953 411.68072509765625
69.9497299194336 411.8435363769531
69.43534851074219 412.018310546875
68.92515563964844 412.2049865722656
68.41947937011719 412.4034118652344
67.91857147216797 412.613525390625
67.4227066040039 412.8351745605469
66.93211364746094 413.0682678222656
66.44705963134766 413.31268310546875
65.96784210205078 413.5682678222656
65.49469757080078 413.83489990234375
65.02788543701172 414.1124267578125
64.56763458251953 414.40069580078125
64.11418914794922 414.6995544433594
63.667816162109375 415.00885009765625
63.228755950927734 415.3283996582031
62.79722213745117 415.6580505371094
62.373477935791016 415.99761962890625
61.95771789550781 416.346923828125
61.5501823425293 416.70574951171875
61.151084899902344 417.07391357421875
60.7606315612793 417.4512634277344
60.37904739379883 417.8375244140625
60.00651931762695 418.2325439453125
59.64325714111328 418.6360778808594
59.28945541381836 419.0479431152344
58.94529724121094 419.4678955078125
58.6109733581543 419.89569091796875
58.286659240722656 420.3311462402344
57.9725341796875 420.77398681640625
57.66876220703125 421.2239990234375
57.37550354003906 421.680908203125
57.092918395996094 422.1445007324219
56.82115936279297 422.614501953125
56.560367584228516 423.0906982421875
56.31068801879883 423.57281494140625
56.07225036621094 424.0605773925781
55.845184326171875 424.5537414550781
55.62961196899414 425.0520324707031
55.4256477355957 425.55517578125
55.233402252197266 426.06292724609375
55.052978515625 426.5749816894531
54.88447570800781 427.0910949707031
54.72798156738281 427.6109619140625
54.583580017089844 428.13433837890625
54.451351165771484 428.6609191894531
54.331363677978516 429.1904296875
54.22368621826172 429.7225646972656
54.12837219238281 430.2570495605469
54.045475006103516 430.7936096191406
53.97503662109375 431.3319396972656
53.91709899902344 431.87176513671875
53.8716926574707 432.41278076171875
53.83884048461914 432.9547119140625
53.81855773925781 433.49725341796875
53.81085968017578 434.0401306152344
53.81575012207031 434.5830383300781
53.83322525024414 435.1257019042969
53.86327362060547 435.66778564453125
53.9058837890625 436.20904541015625
53.961029052734375 436.7491760253906
54.028682708740234 437.2878723144531
54.10880661010742 437.8248596191406
54.201358795166016 438.35986328125
54.30628967285156 438.892578125
54.42354202270508 439.4226989746094
54.55305480957031 439.9499816894531
54.694759368896484 440.47412109375
54.84857940673828 440.9948425292969
55.014434814453125 441.5118408203125
55.192230224609375 442.0248718261719
55.381874084472656 442.53363037109375
55.5832633972168 443.0378723144531
55.79629135131836 443.53729248046875
56.02083969116211 444.0316467285156
56.25679016113281 444.5206604003906
56.5040168762207 445.0040588378906
56.76238250732422 445.4815979003906
57.03175354003906 445.9530334472656
57.311981201171875 446.4180908203125
57.6029167175293 446.87652587890625
57.90440368652344 447.3280944824219
58.216278076171875 447.7725524902344
58.53837585449219 448.20965576171875
58.870521545410156 448.63916015625
59.2125358581543 449.06085205078125
59.56423568725586 449.4745178222656
59.92543411254883 449.8799133300781
60.29593276977539 450.2768249511719
60.675537109375 450.6650390625
61.06403732299805 451.0443420410156
61.46123123168945 451.4145202636719
61.86690139770508 451.775390625
62.28083038330078 452.12677001953125
62.70279312133789 452.46844482421875
63.132564544677734 452.8002624511719
63.569915771484375 453.12200927734375
64.01461029052734 453.43353271484375
64.4664077758789 453.73468017578125
64.92506408691406 454.0252685546875
65.39033508300781 454.3051452636719
65.86196899414062 454.57415771484375
66.33971405029297 454.8321533203125
66.82331085205078 455.0790100097656
67.31250762939453 455.3145751953125
67.8070297241211 455.5387268066406
68.3066177368164 455.7513732910156
68.81100463867188 455.9523620605469
69.31991577148438 456.1416015625
69.83307647705078 456.3190002441406
70.35021209716797 456.4844665527344
70.87104797363281 456.63787841796875
71.39529418945312 456.7791748046875
71.92267608642578 456.9082946777344
72.45291137695312 457.025146484375
72.9857177734375 457.1296691894531
73.52079772949219 457.2218017578125
74.05787658691406 457.301513671875
74.5966567993164 457.3687438964844
75.13684844970703 457.4234619140625
75.67816925048828 457.46563720703125
76.22032165527344 457.4952392578125
76.76301574707031 457.51226806640625
77.30595397949219 457.5167236328125
77.8488998413086 457.5085754394531
78.39151763916016 457.48785400390625
78.93350982666016 457.45452880859375
79.4745864868164 457.4086608886719
80.01445770263672 457.3502502441406
80.55282592773438 457.2793273925781
81.08940887451172 457.1959533691406
81.62391662597656 457.10015869140625
82.15605926513672 456.9919738769531
82.68555450439453 456.8714904785156
83.21211242675781 456.7387390136719
83.7354507446289 456.59381103515625
84.25528717041016 456.4367980957031
84.77133178710938 456.26776123046875
85.28331756591797 456.0867919921875
85.79096984863281 455.8940124511719
86.29402160644531 455.6894836425781
86.79218292236328 455.4733581542969
87.28518676757812 455.2457580566406
87.77278137207031 455.00677490234375
88.25470733642578 454.75653076171875
88.73069763183594 454.49517822265625
89.20049285888672 454.2228698730469
89.66383361816406 453.93975830078125
90.1204833984375 453.6459655761719
90.5701904296875 453.3416748046875
91.0127182006836 453.02703857421875
91.44782257080078 452.70220947265625
91.87528228759766 452.3674011230469
92.29485321044922 452.02276611328125
92.70631408691406 451.6684875488281
93.10943603515625 451.3047790527344
93.50401306152344 450.93182373046875
93.88983917236328 450.5498352050781
94.2667007446289 450.15899658203125
94.63440704345703 449.759521484375
94.99275207519531 449.3516540527344
95.34154510498047 448.9355773925781
95.68059539794922 448.51153564453125
96.00972747802734 448.0797424316406
96.3287582397461 447.64044189453125
96.63751983642578 447.19384765625
96.93584442138672 446.740234375
97.22357177734375 446.2798156738281
97.50054931640625 445.8128356933594
97.7666244506836 445.3395690917969
98.02165985107422 444.8602600097656
98.26551055908203 444.37518310546875
98.49805450439453 443.88458251953125
98.71916198730469 443.3887023925781
98.9287109375 442.8878479003906
99.12659454345703 442.38226318359375
99.31269836425781 441.8722229003906
99.48693084716797 441.3580017089844
99.6491928100586 440.8398742675781
99.79940032958984 440.3181457519531
99.9374771118164 439.7930603027344
100.06333923339844 439.2649230957031
100.17692565917969 438.7340087890625
100.2781753540039 438.2005920410156
100.36702728271484 437.66497802734375
100.44343566894531 437.12744140625
100.50736236572266 436.5882873535156
100.55877685546875 436.04779052734375
100.59764099121094 435.5062255859375
100.62393951416016 434.9638671875
100.63765716552734 434.4210205078125
100.63877868652344 433.87799072265625
100.62730407714844 433.3350830078125
100.60324096679688 432.7926025390625
100.56660461425781 432.2508239746094
100.51741027832031 431.7100524902344
100.4556884765625 431.17059326171875
100.38147735595703 430.6327209472656
100.29481506347656 430.0967102050781
100.19574737548828 429.5628662109375
100.0843276977539 429.0314636230469
99.96061706542969 428.5027770996094
99.8246841430664 427.97711181640625
99.67659759521484 427.4547424316406
99.51644134521484 426.9359436035156
99.34429931640625 426.4209899902344
99.16026306152344 425.9101867675781
98.96443176269531 425.4037780761719
98.75691223144531 424.90203857421875
98.53781127929688 424.4052429199219
98.3072509765625 423.9136657714844
98.06535339355469 423.42755126953125
97.81224822998047 422.9471740722656
97.5480728149414 422.4728088378906
97.27296447753906 422.00469970703125
96.98707580566406 421.5430908203125
96.6905517578125 421.0882263183594
96.38356018066406 420.6403503417969
96.0662841796875 420.1997375488281
95.73888397216797 419.7666015625
95.40152740478516 419.3411865234375
95.05439758300781 418.9237060546875
94.69768524169922 418.5143737792969
94.33157348632812 418.1134338378906
93.95626068115234 417.7210693359375
93.57195281982422 417.3375244140625
93.1788558959961 416.9629821777344
92.77717590332031 416.59765625
92.36712646484375 416.2417297363281
91.94893646240234 415.8954162597656
91.52281951904297 415.55889892578125
91.08900451660156 415.2323303222656
90.64771270751953 414.9158935546875
90.1991958618164 414.6097717285156
89.74369812011719 414.31414794921875
89.28146362304688 414.0291748046875
88.81271362304688 413.7549743652344
88.33772277832031 413.4917297363281
87.85672760009766 413.23956298828125
87.36998748779297 412.99859619140625
86.87776947021484 412.76898193359375
86.38034057617188 412.55084228515625
85.87794494628906 412.34429931640625
85.37086486816406 412.14947509765625
84.8593521118164 411.9664611816406
84.3437271118164 411.7953796386719
83.82424926757812 411.6363220214844
83.30116271972656 411.4893493652344
82.77478790283203 411.35455322265625
82.24539184570312 411.2320251464844
81.7132797241211 411.121826171875
81.1788101196289 411.0240478515625
80.64218139648438 410.9386901855469
80.10370635986328 410.8658447265625
79.5636215209961 410.8055114746094
79.02227020263672 410.75775146484375
78.4799575805664 410.7225646972656
77.9369125366211 410.6999816894531
77.39347839355469 410.6900329589844
76.84989166259766 410.69268798828125
76.30648803710938 410.70794677734375
75.76361083984375 410.7358093261719
75.22161102294922 410.7762451171875
74.68067169189453 410.8292541503906
74.14115905761719 410.8948059082031
73.6033706665039 410.97283935546875
73.06749725341797 411.0633239746094
72.53396606445312 411.16619873046875
72.00300598144531 411.28143310546875
71.47483825683594 411.4089660644531
70.94976806640625 411.5487060546875
70.42813110351562 411.7005615234375
69.91020965576172 411.8644714355469
69.39620208740234 412.0403747558594
68.88645935058594 412.2281188964844
68.38121032714844 412.4276428222656
67.88076782226562 412.6388244628906
67.38538360595703 412.8615417480469
66.89529418945312 413.095703125
66.4107666015625 413.3411560058594
65.93209838867188 413.5977783203125
65.45953369140625 413.86541748046875
64.99332427978516 414.1439514160156
64.53369903564453 414.4332275390625
64.08092498779297 414.7330627441406
63.63521957397461 415.0433349609375
63.19684982299805 415.36383056640625
62.766029357910156 415.6944274902344
62.343017578125 416.0348815917969
61.92801284790039 416.38507080078125
61.5212516784668 416.7447814941406
61.122947692871094 417.11383056640625
60.733306884765625 417.49200439453125
60.35255432128906 417.87908935546875
59.98088073730469 418.27490234375
59.61848831176758 418.6792297363281
59.26557540893555 419.09185791015625
58.92232131958008 419.5125427246094
58.58892059326172 419.9410705566406
58.26554870605469 420.377197265625
57.95237731933594 420.8207092285156
57.649574279785156 421.2713623046875
57.3572998046875 421.7289123535156
57.07571792602539 422.193115234375
56.804969787597656 422.6637268066406
56.545204162597656 423.1404724121094
56.29656219482422 423.62310791015625
56.059173583984375 424.11138916015625
55.833168029785156 424.60504150390625
55.61866760253906 425.1037902832031
55.41578674316406 425.6073913574219
55.22463607788086 426.11553955078125
55.04531478881836 426.62799072265625
54.87792205810547 427.14447021484375
54.72254943847656 427.6646728515625
54.57927703857422 428.1883544921875
54.44818115234375 428.7152099609375
54.3293342590332 429.2449645996094
54.222801208496094 429.77734375
54.128639221191406 430.3120422363281
54.046897888183594 430.8487854003906
53.97761917114258 431.38726806640625
53.92084503173828 431.9272155761719
53.87660217285156 432.46832275390625
53.84491729736328 433.01031494140625
53.8258056640625 433.55291748046875
53.81927490234375 434.0957946777344
53.82533264160156 434.6387023925781
53.84397506713867 435.1813049316406
53.87519073486328 435.72332763671875
53.91896438598633 436.2644958496094
53.97527313232422 436.80450439453125
54.04408645629883 437.3430480957031
54.1253662109375 437.8798522949219
54.21907043457031 438.4146423339844
54.32514953613281 438.9471130371094
54.443546295166016 439.47698974609375
54.574195861816406 440.0039978027344
54.7170295715332 440.52783203125
54.871971130371094 441.0482177734375
55.038936614990234 441.56488037109375
55.217838287353516 442.0775146484375
55.40857696533203 442.58587646484375
55.611053466796875 443.08966064453125
55.82515335083008 443.588623046875
56.05076599121094 444.0824890136719
56.28776931762695 444.57098388671875
56.536033630371094 445.0538635253906
56.79542922973633 445.5308532714844
57.06581497192383 446.001708984375
57.3470458984375 446.4661560058594
57.63896942138672 446.9239501953125
57.941429138183594 447.3748474121094
58.2542610168457 447.8186340332031
58.577301025390625 448.2550354003906
58.910369873046875 448.683837890625
59.253292083740234 449.10479736328125
59.60588455200195 449.5177001953125
59.967952728271484 449.92230224609375
60.33930587768555 450.31842041015625
60.71974563598633 450.705810546875
61.10906219482422 451.0842590332031
61.507049560546875 451.4535827636719
61.91349411010742 451.8135986328125
62.32817840576172 452.1640930175781
62.750877380371094 452.5048828125
63.18136215209961 452.83575439453125
63.61940383911133 453.15655517578125
64.06476593017578 453.4671325683594
64.5172119140625 453.7673034667969
64.97649383544922 454.056884765625
65.44236755371094 454.33575439453125
65.91458129882812 454.6037292480469
66.39288330078125 454.8606872558594
66.87701416015625 455.10650634765625
67.36671447753906 455.3410339355469
67.8617172241211 455.5641174316406
68.36176300048828 455.7756652832031
68.8665771484375 455.9755859375
69.37589263916016 456.1637268066406
69.88943481445312 456.34002685546875
70.40692901611328 456.5043640136719
70.92809295654297 456.6566467285156
71.45264434814453 456.79681396484375
71.98030853271484 456.9247741699219
72.51079559326172 457.04046630859375
73.0438232421875 457.1438293457031
73.5791015625 457.23480224609375
74.11634826660156 457.3133544921875
74.6552734375 457.3794250488281
75.19558715820312 457.4329833984375
75.73699188232422 457.4739990234375
76.27920532226562 457.50244140625
76.82192993164062 457.518310546875
77.36487579345703 457.5216064453125
77.90780639648438 457.5122985839844
78.45037841796875 457.4903869628906
78.99229431152344 457.4559020996094
79.53327178955078 457.40887451171875
80.07301330566406 457.34930419921875
80.6112289428711 457.2772216796875
81.14763641357422 457.19268798828125
81.68193817138672 457.0957336425781
82.21385192871094 456.9864196777344
82.74308013916016 456.8647766113281
83.26934814453125 456.73089599609375
83.79237365722656 456.5848388671875
84.3118667602539 456.42669677734375
84.82755279541016 456.2565612792969
85.33914947509766 456.0744934082031
85.84638977050781 455.880615234375
86.3489990234375 455.6750183105469
86.84668731689453 455.45782470703125
87.33920288085938 455.2291564941406
87.82628631591797 454.9891052246094
88.30767822265625 454.7378234863281
88.7831039428711 454.4754638671875
89.25231170654297 454.2021484375
89.71503448486328 453.91802978515625
90.17105102539062 453.6232604980469
90.62010192871094 453.3179931640625
91.06195068359375 453.0024108886719
91.49635314941406 452.6766662597656
91.92308807373047 452.3409118652344
92.3419189453125 451.995361328125
92.75259399414062 451.6402282714844
93.1549301147461 451.2756652832031
93.5487060546875 450.9018859863281
93.93370819091797 450.5190734863281
94.30973052978516 450.12744140625
94.67657470703125 449.7272033691406
95.03404235839844 449.31854248046875
95.3819351196289 448.9017028808594
95.7200698852539 448.4769287109375
96.04827117919922 448.04443359375
96.3663558959961 447.60443115234375
96.67415618896484 447.15716552734375
96.97150421142578 446.7029113769531
97.25823974609375 446.24188232421875
97.53421020507812 445.7743225097656
97.79926300048828 445.30047607421875
98.05326080322266 444.82061767578125
98.29606628417969 444.3349914550781
98.52754974365234 443.8438720703125
98.74758911132812 443.3475341796875
98.95606231689453 442.8462219238281
99.1528549194336 442.3402099609375
99.3378677368164 441.82977294921875
99.51099395751953 441.315185546875
99.6721420288086 440.7967224121094
99.82122802734375 440.274658203125
99.95816802978516 439.749267578125
100.08289337158203 439.2208557128906
100.1953353881836 438.689697265625
100.2954330444336 438.15606689453125
100.38313293457031 437.6202697753906
100.45838928222656 437.08258056640625
100.52115631103516 436.54327392578125
100.57140350341797 436.0026550292969
100.6091079711914 435.46099853515625
100.63423919677734 434.9185791015625
100.64678192138672 434.3757019042969
100.64673614501953 433.8326721191406
100.63409423828125 433.289794921875
100.6088638305664 432.7473449707031
100.57105255126953 432.20562744140625
100.52069091796875 431.6649475097656
100.45780944824219 431.1256103515625
100.38243865966797 430.587890625
100.29462432861328 430.0520935058594
100.19440460205078 429.5184631347656
100.08184051513672 428.9873046875
99.95699310302734 428.4588928222656
99.81993103027344 427.93353271484375
99.67072296142578 427.4114685058594
99.50944519042969 426.89300537109375
99.33618927001953 426.37841796875
99.15105438232422 425.8680114746094
98.95413208007812 425.3620300292969
98.74552917480469 424.8607482910156
98.52536010742188 424.36444091796875
98.29373931884766 423.87335205078125
98.05079650878906 423.3877868652344
97.7966537475586 422.907958984375
97.53145599365234 422.43414306640625
97.25534057617188 421.96661376953125
96.96845245361328 421.505615234375
96.67095184326172 421.0513916015625
96.36299896240234 420.60418701171875
96.0447769165039 420.1642761230469
95.71644592285156 419.7318420410156
95.378173828125 419.3071594238281
95.0301513671875 418.8904113769531
94.67255401611328 418.4818420410156
94.30558013916016 418.0816955566406
93.92942810058594 417.6901550292969
93.54429626464844 417.30743408203125
93.150390625 416.9337463378906
92.7479248046875 416.56927490234375
92.33711242675781 416.2142333984375
91.91817474365234 415.86883544921875
91.4913330078125 415.5332336425781
91.05681610107422 415.2076110839844
90.6148452758789 414.8921203613281
90.16566467285156 414.58697509765625
89.70953369140625 414.2923278808594
89.24668884277344 414.0083312988281
88.77734375 413.7351379394531
88.30178833007812 413.472900390625
87.82025146484375 413.2217712402344
87.33299255371094 412.98187255859375
86.84027862548828 412.7533264160156
86.34237670898438 412.5362854003906
85.83950805664062 412.330810546875
85.3320083618164 412.1370849609375
84.82009887695312 411.9551696777344
84.3040771484375 411.7851867675781
83.78425598144531 411.6272277832031
83.26084899902344 411.48138427734375
82.73418426513672 411.3477478027344
82.20452117919922 411.22637939453125
81.67217254638672 411.1173400878906
81.13748931884766 411.0207214355469
80.60066986083984 410.9365234375
80.0620346069336 410.8648376464844
79.52182006835938 410.8056640625
78.9803695678711 410.7590637207031
78.43798065185547 410.7250671386719
77.89488220214844 410.70367431640625
77.3514175415039 410.69488525390625
76.80783081054688 410.6986999511719
76.26446533203125 410.71514892578125
75.72164916992188 410.74420166015625
75.17974090576172 410.78582763671875
74.63897705078125 410.8399963378906
74.09960174560547 410.9067077636719
73.56198120117188 410.98590087890625
73.02630615234375 411.0775451660156
72.49299621582031 411.18157958984375
71.96228790283203 411.2979431152344
71.43438720703125 411.4266052246094
70.90962219238281 411.5674743652344
70.38831329345703 411.720458984375
69.87074279785156 411.885498046875
69.35713958740234 412.0625
68.84780883789062 412.2513427734375
68.3429946899414 412.45196533203125
67.84300994873047 412.6642150878906
67.34810638427734 412.88800048828125
66.85852813720703 413.12322998046875
66.3745346069336 413.3697509765625
65.89642333984375 413.6274108886719
65.4244384765625 413.8960876464844
64.95883178710938 414.1756286621094
64.49983215332031 414.46588134765625
64.0477066040039 414.7666931152344
63.6026725769043 415.0779113769531
63.16499710083008 415.39935302734375
62.73490524291992 415.7308654785156
62.31262969970703 416.0722351074219
61.89838409423828 416.4233093261719
61.492401123046875 416.7839050292969
61.094886779785156 417.15380859375
60.7060661315918 417.5328369140625
60.32615280151367 417.9207458496094
59.95533752441406 418.3173828125
59.59382247924805 418.7225036621094
59.24180221557617 419.1358947753906
58.89945983886719 419.5573425292969
58.56698989868164 419.9866027832031
58.244564056396484 420.4234313964844
57.93235397338867 420.86761474609375
57.63052749633789 421.31890869140625
57.3392448425293 421.777099609375
57.05866622924805 422.2419128417969
56.7889404296875 422.7131042480469
56.530208587646484 423.1903991699219
56.28261184692383 423.673583984375
56.04628372192383 424.1623840332031
55.82135009765625 424.6565246582031
55.60792922973633 425.1557312011719
55.4061393737793 425.6597595214844
55.216087341308594 426.1683349609375
55.03787612915039 426.6811828613281
54.87160110473633 427.1980285644531
54.71735382080078 427.71856689453125
54.57521438598633 428.2425537109375
54.44525909423828 428.7696838378906
54.32756042480469 429.2996826171875
54.2221794128418 429.832275390625
54.129173278808594 430.3671875
54.04859161376953 430.90411376953125
53.9804801940918 431.4427490234375
53.92487335205078 431.9828186035156
53.88180160522461 432.5240478515625
53.851287841796875 433.0661315917969
53.833351135253906 433.6087646484375
53.82799530029297 434.15167236328125
53.835227966308594 434.6945495605469
53.855045318603516 435.23712158203125
53.88743591308594 435.7790832519531
53.93238067626953 436.3201599121094
53.9898567199707 436.86004638671875
54.05983352661133 437.3984375
54.142276763916016 437.9350891113281
54.23713684082031 438.46966552734375
54.34436798095703 439.0019226074219
54.46390914916992 439.53155517578125
54.595699310302734 440.0582580566406
54.73966598510742 440.581787109375
54.89573669433594 441.1018371582031
55.063819885253906 441.6181335449219
55.243831634521484 442.13037109375
55.4356689453125 442.6383056640625
55.63923263549805 443.14166259765625
55.85441207885742 443.6401672363281
56.081092834472656 444.133544921875
56.31915283203125 444.62152099609375
56.56846237182617 445.1038513183594
56.828887939453125 445.5802917480469
57.10029220581055 446.050537109375
57.38252639770508 446.5143737792969
57.675437927246094 446.9715576171875
57.97887420654297 447.42181396484375
58.292667388916016 447.8648986816406
58.61664962768555 448.30059814453125
58.950645446777344 448.7286682128906
59.29447937011719 449.1488952636719
59.64796447753906 449.56103515625
60.01091003417969 449.9648742675781
60.383121490478516 450.36016845703125
60.76439666748047 450.7467346191406
61.15453338623047 451.1243591308594
61.553321838378906 451.4928283691406
61.96054458618164 451.8519592285156
62.37598419189453 452.2015380859375
62.79941940307617 452.5414123535156
63.230621337890625 452.8713684082031
63.66935729980469 453.19122314453125
64.11539459228516 453.5008239746094
64.56848907470703 453.8000183105469
65.02839660644531 454.088623046875
65.494873046875 454.3664855957031
65.96766662597656 454.6334533691406
66.44652557373047 454.8893737792969
66.93119049072266 455.1341247558594
67.42139434814453 455.3675842285156
67.91687774658203 455.589599609375
68.4173812866211 455.8000793457031
68.9226303100586 455.9989013671875
69.4323501586914 456.1859436035156
69.94627380371094 456.3611145019531
70.46411895751953 456.5243225097656
70.98561096191406 456.67547607421875
71.51046752929688 456.81451416015625
72.03840637207031 456.94134521484375
72.56914520263672 457.055908203125
73.1023941040039 457.1581115722656
73.63787078857422 457.2479248046875
74.17528533935547 457.3253173828125
74.71434783935547 457.3902282714844
75.25477600097656 457.442626953125
75.79627227783203 457.48248291015625
76.33854675292969 457.509765625
76.88130950927734 457.52447509765625
77.42426300048828 457.5265808105469
77.96717071533203 457.5160827636719
78.50968933105469 457.4930114746094
79.0515365600586 457.4573669433594
79.5924072265625 457.4091491699219
80.13201904296875 457.3484191894531
80.67007446289062 457.2751770019531
81.20629119873047 457.1894836425781
81.74038696289062 457.09136962890625
82.27206420898438 456.98089599609375
82.80103302001953 456.8581237792969
83.32701110839844 456.7231140136719
83.84971618652344 456.575927734375
84.36886596679688 456.4166564941406
84.8841781616211 456.2453918457031
85.39537811279297 456.0622253417969
85.9021987915039 455.86724853515625
86.40436553955078 455.6605529785156
86.9015884399414 455.4422912597656
87.39360809326172 455.2125549316406
87.88017272949219 454.9714660644531
88.36101531982422 454.7191467285156
88.83586883544922 454.45574951171875
89.30448150634766 454.1814270019531
89.76659393310547 453.89630126953125
90.22196197509766 453.6005554199219
90.67034912109375 453.2943115234375
91.11151123046875 452.9777526855469
91.54521179199219 452.65106201171875
91.97122192382812 452.31439208984375
92.3893051147461 451.96795654296875
92.79920959472656 451.6119384765625
93.20075225830078 451.24652099609375
93.59371948242188 450.87188720703125
93.97789001464844 450.4882507324219
94.35306549072266 450.0957946777344
94.71903991699219 449.69476318359375
95.07562255859375 449.28533935546875
95.42261505126953 448.8677673339844
95.75983428955078 448.4422607421875
96.08709716796875 448.009033203125
96.40422821044922 447.568359375
96.7110595703125 447.1204528808594
97.0074234008789 446.66552734375
97.29315948486328 446.203857421875
97.568115234375 445.7356872558594
97.83214569091797 445.26129150390625
98.0851058959961 444.7808837890625
98.32685852050781 444.29473876953125
98.55728149414062 443.8031311035156
98.7762451171875 443.3063049316406
98.98362731933594 442.8045349121094
99.1793212890625 442.298095703125
99.36322784423828 441.7872619628906
99.53524017333984 441.2723083496094
99.69526672363281 440.75347900390625
99.84322357177734 440.2310791015625
99.9790267944336 439.7054138183594
100.10260772705078 439.1767272949219
100.21389770507812 438.64532470703125
100.3128433227539 438.1114807128906
100.39938354492188 437.5754699707031
100.47347259521484 437.03759765625
100.53507232666016 436.4981689453125
100.58415222167969 435.95745849609375
100.62068176269531 435.41571044921875
100.64463806152344 434.87322998046875
100.656005859375 434.3303527832031
100.65478515625 433.7873229980469
