59.947853088378906 449.9524230957031
59.89278793334961 449.9107360839844
59.834136962890625 449.874267578125
59.77239227294922 449.84332275390625
59.708072662353516 449.81817626953125
59.641719818115234 449.79901123046875
59.573890686035156 449.7860107421875
59.505157470703125 449.7792663574219
59.43609619140625 449.77886962890625
59.367286682128906 449.7847900390625
59.29930877685547 449.7969970703125
59.23273468017578 449.81536865234375
59.168121337890625 449.8397521972656
59.106014251708984 449.8699645996094
59.04693603515625 449.9057312011719
58.99137878417969 449.9467468261719
58.939815521240234 449.99267578125
58.892677307128906 450.04315185546875
58.85035705566406 450.09771728515625
58.81321334838867 450.15594482421875
58.781558990478516 450.2173156738281
58.75566101074219 450.2813415527344
58.73573684692383 450.34747314453125
58.72193908691406 450.4151916503906
58.71428298950195 450.4849548339844
58.71302032470703 450.55615234375
58.718318939208984 450.6278991699219
58.730289459228516 450.6997375488281
58.74881362915039 450.7703552246094
58.77388381958008 450.8395080566406
58.805274963378906 450.9063415527344
58.84268569946289 450.97015380859375
58.88435363769531 451.0283203125
58.92817687988281 451.0789489746094
58.97431182861328 451.1232604980469
59.02229690551758 451.1615295410156
59.07176208496094 451.1939697265625
59.12286376953125 451.2210693359375
59.174781799316406 451.2427062988281
59.227630615234375 451.2591552734375
59.28107452392578 451.2704772949219
59.339385986328125 451.2772521972656
59.40254592895508 451.2787170410156
59.46882247924805 451.2741394042969
59.53783416748047 451.2629699707031
59.607818603515625 451.24493408203125
59.67982482910156 451.2191467285156
59.7520637512207 451.185546875
59.823020935058594 451.1443176269531
59.892662048339844 451.0948791503906
59.96085739135742 451.0365295410156
60.02553939819336 450.97021484375
60.08684539794922 450.8948974609375
60.144405364990234 450.8097229003906
60.19654846191406 450.71563720703125
60.24010467529297 450.6175842285156
60.27437210083008 450.5175476074219
60.299072265625 450.4173583984375
60.314327239990234 450.31854248046875
60.32039260864258 450.2242431640625
60.318111419677734 450.13372802734375
60.308406829833984 450.0498046875
60.29316711425781 449.976806640625
60.2729377746582 449.9107666015625
60.24674606323242 449.84686279296875
60.214813232421875 449.7856140136719
60.17740249633789 449.7275695800781
60.13483428955078 449.6731872558594
60.08746337890625 449.6229248046875
60.03569030761719 449.57720947265625
59.97994613647461 449.53643798828125
59.92070388793945 449.5009460449219
59.85845947265625 449.4710388183594
59.79373550415039 449.44696044921875
59.72707748413086 449.42889404296875
59.6590461730957 449.4170227050781
59.5902099609375 449.4114074707031
59.52115249633789 449.4121398925781
59.452449798583984 449.419189453125
59.384681701660156 449.4324951171875
59.318416595458984 449.45196533203125
59.254215240478516 449.4774169921875
59.19261169433594 449.5086364746094
59.13412857055664 449.5453796386719
59.079254150390625 449.5873107910156
59.0284538269043 449.63409423828125
58.98215103149414 449.6853332519531
58.94073486328125 449.7406005859375
58.90455627441406 449.7994384765625
58.87391662597656 449.861328125
58.84907531738281 449.92578125
58.83024215698242 449.9922180175781
58.81755828857422 450.0601806640625
58.81105041503906 450.1300964355469
58.81095886230469 450.2013244628906
58.81745910644531 450.2732238769531
58.83061218261719 450.3448791503906
58.850345611572266 450.4154052734375
58.876548767089844 450.4841613769531
58.909034729003906 450.55047607421875
58.947547912597656 450.61376953125
58.98939514160156 450.6701965332031
59.03398132324219 450.72003173828125
59.080116271972656 450.7629089355469
59.128055572509766 450.7998352050781
59.17747116088867 450.8310852050781
59.22849655151367 450.8570556640625
59.280738830566406 450.8778076171875
59.33383560180664 450.89337158203125
59.387451171875 450.9037780761719
59.4472541809082 450.90972900390625
59.5103759765625 450.91015625
59.57807922363281 450.90435791015625
59.64828872680664 450.89178466796875
59.71933364868164 450.8722229003906
59.791072845458984 450.8451843261719
59.86290740966797 450.8103332519531
59.93400573730469 450.7674255371094
60.0034065246582 450.7164306640625
60.07076644897461 450.6568908691406
60.13454818725586 450.58935546875
60.194580078125 450.51312255859375
60.251644134521484 450.4256896972656
60.30229568481445 450.33074951171875
60.344242095947266 450.23211669921875
60.3768424987793 450.1317443847656
60.399879455566406 450.03143310546875
60.413265228271484 449.9344177246094
60.41778564453125 449.84033203125
60.4140510559082 449.75018310546875
60.40327835083008 449.6687316894531
60.386898040771484 449.59625244140625
60.36558151245117 449.5305480957031
60.338340759277344 449.4670715332031
60.30540084838867 449.4063720703125
60.26704025268555 449.34893798828125
60.22357940673828 449.2952575683594
60.175384521484375 449.24578857421875
60.12286376953125 449.200927734375
60.06645584106445 449.16107177734375
60.00663375854492 449.1265563964844
59.943904876708984 449.09765625
59.87879180908203 449.07464599609375
59.81184387207031 449.05767822265625
59.74362564086914 449.0469055175781
59.674705505371094 449.0424499511719
59.60566711425781 449.0443115234375
59.53709030151367 449.052490234375
59.46955108642578 449.0669250488281
59.40361785888672 449.08746337890625
59.33984375 449.1139831542969
59.27876663208008 449.1462097167969
59.22089767456055 449.18389892578125
59.166725158691406 449.22674560546875
59.116703033447266 449.27435302734375
59.071250915527344 449.32635498046875
59.03075408935547 449.3822937011719
58.99555206298828 449.44171142578125
58.965938568115234 449.50408935546875
58.94216537475586 449.5689392089844
58.92443084716797 449.63568115234375
58.912864685058594 449.7038879394531
58.907466888427734 449.7744445800781
58.90855026245117 449.845947265625
58.91623306274414 449.9177551269531
58.93056106567383 449.98919677734375
58.951454162597656 450.05938720703125
58.97883987426758 450.1278381347656
59.01240921020508 450.1936340332031
59.05195236206055 450.25628662109375
59.09464645385742 450.3119201660156
59.138580322265625 450.35943603515625
59.184715270996094 450.4009094238281
59.23320770263672 450.4369812011719
59.28305435180664 450.46734619140625
59.334407806396484 450.492431640625
59.386959075927734 450.5122985839844
59.440284729003906 450.5269470214844
59.49394607543945 450.53643798828125
59.5549430847168 450.5414733886719
59.61955642700195 450.54083251953125
59.687294006347656 450.5339050292969
59.75743103027344 450.5201416015625
59.828208923339844 450.4993896484375
59.90061569213867 450.4707336425781
59.97202682495117 450.43463134765625
60.04331970214844 450.3900146484375
60.112850189208984 450.3371887207031
60.179351806640625 450.2764587402344
60.243080139160156 450.2067565917969
60.30385208129883 450.1270446777344
60.35960388183594 450.0386657714844
60.40873336791992 449.94305419921875
60.44883728027344 449.84454345703125
60.47980880737305 449.743896484375
60.50090026855469 449.64501953125
60.51272201538086 449.548095703125
60.515682220458984 449.4562072753906
60.510738372802734 449.37042236328125
60.49896240234375 449.2914123535156
60.48230743408203 449.22308349609375
60.45988082885742 449.15777587890625
60.43156433105469 449.09478759765625
60.39759826660156 449.03466796875
60.3582649230957 448.9779052734375
60.313899993896484 448.92498779296875
60.26487350463867 448.8763427734375
60.21159744262695 448.8323974609375
60.15452194213867 448.79351806640625
60.09412384033203 448.7600402832031
60.03091049194336 448.7322082519531
59.965415954589844 448.7102966308594
59.898189544677734 448.6944885253906
59.829795837402344 448.68487548828125
59.76081085205078 448.68157958984375
59.69181442260742 448.68463134765625
59.62338638305664 448.6939697265625
59.55610275268555 448.70953369140625
59.49052810668945 448.731201171875
59.42721176147461 448.7587890625
59.36669158935547 448.79205322265625
59.309471130371094 448.8307189941406
59.25603103637695 448.8744812011719
59.206825256347656 448.9229431152344
59.16226577758789 448.9757080078125
59.12272262573242 449.0323181152344
59.08853530883789 449.0923156738281
59.05998611450195 449.15521240234375
59.037315368652344 449.220458984375
59.02071762084961 449.2875061035156
59.010223388671875 449.3564453125
59.006019592285156 449.4270935058594
59.00831985473633 449.4988098144531
59.017242431640625 449.5707092285156
59.03281784057617 449.64208984375
59.054893493652344 449.7119445800781
59.083431243896484 449.7799377441406
59.1181640625 449.8452453613281
59.1588020324707 449.90728759765625
59.20161819458008 449.961181640625
59.246307373046875 450.00787353515625
59.2930793762207 450.0484924316406
59.34212112426758 450.0837097167969
59.39242935180664 450.1131896972656
59.44373321533203 450.1371765136719
59.49650573730469 450.1560974121094
59.54996109008789 450.1697998046875
59.6038703918457 450.17840576171875
59.66490173339844 450.1824035644531
59.729618072509766 450.1806640625
59.797359466552734 450.1725769042969
59.8671875 450.15765380859375
59.9381103515625 450.1355285644531
60.01016616821289 450.1055908203125
60.081851959228516 450.06781005859375
60.15305709838867 450.0215759277344
60.22180938720703 449.9674987792969
60.28849411010742 449.9045104980469
60.35206604003906 449.8326416015625
60.41157531738281 449.75189208984375
60.46747589111328 449.6600036621094
60.51502990722656 449.5636901855469
60.55347442626953 449.4647216796875
60.58240509033203 449.364990234375
60.60182571411133 449.2660827636719
60.61203384399414 449.1693115234375
60.613487243652344 449.07769775390625
60.60716247558594 448.9923400878906
60.59445571899414 448.915771484375
60.57698440551758 448.8489685058594
60.553466796875 448.7840270996094
60.52410125732422 448.7215270996094
60.489131927490234 448.6619567871094
60.448856353759766 448.6058654785156
60.40361022949219 448.5536804199219
60.35377502441406 448.505859375
60.29977035522461 448.4627990722656
60.24205017089844 448.42486572265625
60.18109893798828 448.39239501953125
60.117431640625 448.3656311035156
60.051578521728516 448.3448181152344
59.98409652709961 448.3301086425781
59.91555404663086 448.3216552734375
59.84652328491211 448.31951904296875
59.777587890625 448.3236999511719
59.709327697753906 448.3341979980469
59.64231491088867 448.35089111328125
59.577110290527344 448.3736572265625
59.51426696777344 448.40228271484375
59.45431137084961 448.4365539550781
59.39774703979492 448.4761657714844
59.34504699707031 448.52081298828125
59.29665756225586 448.5700988769531
59.25298309326172 448.62359619140625
59.214393615722656 448.6808776855469
59.18121337890625 448.741455078125
59.15372085571289 448.8048095703125
59.132144927978516 448.87042236328125
59.116668701171875 448.937744140625
59.10732650756836 449.0068664550781
59.10429000854492 449.0778503417969
59.1077880859375 449.1495666503906
59.11791229248047 449.2213134765625
59.134681701660156 449.2924499511719
59.15797805786133 449.3620910644531
59.18764877319336 449.4295959472656
59.22346496582031 449.49432373046875
59.265132904052734 449.5556640625
59.30876922607422 449.6087341308594
59.35416793823242 449.6546325683594
59.40155029296875 449.6944274902344
59.44999313354492 449.7279968261719
59.5007438659668 449.756591796875
59.55241012573242 449.7796936035156
59.6051139831543 449.7975769042969
59.65850830078125 449.8103332519531
59.714759826660156 449.8183288574219
59.77596664428711 449.8213195800781
59.84211730957031 449.81842041015625
59.910850524902344 449.8090515136719
59.98057556152344 449.7929382324219
60.052391052246094 449.7692565917969
60.1246223449707 449.73785400390625
60.19648361206055 449.698486328125
60.26705551147461 449.6510009765625
60.33504104614258 449.595703125
60.40079879760742 449.53155517578125
60.46327590942383 449.4585876464844
60.5224494934082 449.37554931640625
60.576908111572266 449.28277587890625
60.6226692199707 449.1862487792969
60.65946960449219 449.0868835449219
60.68674087524414 448.9869689941406
60.704532623291016 448.8880310058594
60.71299743652344 448.793212890625
60.71296691894531 448.701904296875
60.70545959472656 448.61895751953125
60.691551208496094 448.54290771484375
60.6729850769043 448.47637939453125
60.64840316772461 448.4118347167969
60.61801528930664 448.3498229980469
60.58207321166992 448.2908630371094
60.5408821105957 448.2354431152344
60.49478530883789 448.18402099609375
60.44417190551758 448.13702392578125
60.389469146728516 448.0948791503906
60.33113479614258 448.05792236328125
60.26966094970703 448.0264587402344
60.205562591552734 448.0007629394531
60.13937759399414 447.9810485839844
60.07166290283203 447.96746826171875
60.00299072265625 447.96014404296875
59.933937072753906 447.9591369628906
59.86507797241211 447.9644470214844
59.7969970703125 447.9760437011719
59.73026657104492 447.99383544921875
59.66544723510742 448.0176696777344
59.60308074951172 448.0473327636719
59.54369354248047 448.08258056640625
59.48778533935547 448.1231384277344
59.43582534790039 448.16864013671875
59.38825225830078 448.2187194824219
59.34546661376953 448.2729187011719
59.307823181152344 448.330810546875
59.27564239501953 448.39190673828125
59.24919509887695 448.4557189941406
59.228702545166016 448.52166748046875
59.21433639526367 448.5892333984375
59.20609664916992 448.6587829589844
59.204227447509766 448.7298278808594
59.20890426635742 448.8014831542969
59.22020721435547 448.8730773925781
59.23814392089844 448.9439392089844
59.2625846862793 449.01318359375
59.29336166381836 449.0802001953125
59.33023452758789 449.14434814453125
59.37252426147461 449.2044677734375
59.416255950927734 449.2558898925781
59.462345123291016 449.30096435546875
59.50970458984375 449.33941650390625
59.558624267578125 449.3721008300781
59.60930633544922 449.3995666503906
59.661319732666016 449.4217834472656
59.714290618896484 449.43878173828125
59.76787567138672 449.45062255859375
59.825439453125 449.45782470703125
59.88814163208008 449.4598388671875
59.955322265625 449.455810546875
60.02402877807617 449.4452819824219
60.09463882446289 449.427734375
60.16621017456055 449.4028015136719
60.238059997558594 449.3701171875
60.30939865112305 449.3294677734375
60.380123138427734 449.2801818847656
60.44818878173828 449.22296142578125
60.512977600097656 449.15765380859375
60.57530212402344 449.0824279785156
60.633182525634766 448.99835205078125
60.68612289428711 448.90472412109375
60.73025894165039 448.8076171875
60.765018463134766 448.7088928222656
60.79059982299805 448.6087951660156
60.806453704833984 448.51153564453125
60.813331604003906 448.41693115234375
60.81180191040039 448.3259582519531
60.80275344848633 448.241455078125
60.788028717041016 448.1678161621094
60.76836395263672 448.10162353515625
60.74271774291992 448.0375061035156
60.7113037109375 447.97601318359375
60.67438888549805 447.9176330566406
60.632286071777344 447.8628845214844
60.58534622192383 447.8122253417969
60.53396224975586 447.7660827636719
60.47856903076172 447.7248229980469
60.41962814331055 447.6888122558594
60.35763931274414 447.6583557128906
60.293121337890625 447.63372802734375
60.226619720458984 447.6151123046875
60.15869140625 447.6026611328125
60.08990478515625 447.5964660644531
60.020843505859375 447.59661865234375
59.952083587646484 447.60308837890625
59.88420486450195 447.6158142089844
59.817779541015625 447.63470458984375
59.75336456298828 447.65960693359375
59.691497802734375 447.6903076171875
59.63270568847656 447.7265319824219
59.577476501464844 447.76800537109375
59.52627944946289 447.8143615722656
59.47954177856445 447.8652038574219
59.43765640258789 447.92010498046875
59.400978088378906 447.9786376953125
59.36981201171875 448.040283203125
59.344425201416016 448.1045227050781
59.32502746582031 448.1708068847656
59.3117790222168 448.23858642578125
59.304664611816406 448.3085632324219
59.30397033691406 448.3796691894531
59.30984878540039 448.45147705078125
59.32237243652344 448.5231018066406
59.34147644042969 448.5936584472656
59.36705780029297 448.6625061035156
59.3989372253418 448.72900390625
59.43686294555664 448.79254150390625
59.478553771972656 448.8497619628906
59.522361755371094 448.8995666503906
59.568458557128906 448.9431457519531
59.61640548706055 448.9807434082031
59.66582489013672 449.0125732421875
59.71692657470703 449.0391540527344
59.768898010253906 449.060302734375
59.82183074951172 449.0762939453125
59.87528991699219 449.087158203125
59.934326171875 449.0935363769531
59.998268127441406 449.0945129394531
60.06556701660156 449.0893249511719
60.13398361206055 449.0776672363281
60.20474624633789 449.0588073730469
60.276512145996094 449.0324401855469
60.34857177734375 448.9981994628906
60.41936492919922 448.956298828125
60.4893913269043 448.9057312011719
60.55685806274414 448.8470764160156
60.62160873413086 448.7796325683594
60.682762145996094 448.70330810546875
60.73994064331055 448.6173095703125
60.79133987426758 448.52288818359375
60.83383560180664 448.42523193359375
60.86727523803711 448.32513427734375
60.890830993652344 448.226318359375
60.90505599975586 448.1291198730469
60.91037368774414 448.03472900390625
60.90742492675781 447.9460754394531
60.897491455078125 447.8659973144531
60.8815803527832 447.7928771972656
60.86079406738281 447.7270202636719
60.83406066894531 447.663330078125
60.80160903930664 447.60235595703125
60.763710021972656 447.54461669921875
60.720680236816406 447.4906005859375
60.67288589477539 447.44073486328125
60.6207275390625 447.3954772949219
60.564640045166016 447.3551940917969
60.505096435546875 447.3201904296875
60.44260025024414 447.2908020019531
60.3776741027832 447.26727294921875
60.31086349487305 447.2497863769531
60.242733001708984 447.2384948730469
60.173851013183594 447.2334899902344
60.104801177978516 447.23480224609375
60.03615951538086 447.242431640625
59.968505859375 447.2563171386719
59.902408599853516 447.2763366699219
59.83842468261719 447.3023376464844
59.7770881652832 447.3340759277344
59.71891784667969 447.3713073730469
59.66440200805664 447.4136962890625
59.61399841308594 447.4609069824219
59.56813049316406 447.5125427246094
59.527183532714844 447.5681457519531
59.49150466918945 447.6272888183594
59.46139144897461 447.689453125
59.437095642089844 447.75408935546875
59.4188232421875 447.8206787109375
59.40673065185547 447.888671875
59.400779724121094 447.95904541015625
59.40129089355469 448.0304260253906
59.40838623046875 448.1021423339844
59.422122955322266 448.1735534667969
59.44242477416992 448.2438049316406
59.4692268371582 448.3123779296875
59.502227783203125 448.3783264160156
59.54122543334961 448.4411926269531
59.583805084228516 448.49761962890625
59.628360748291016 448.54656982421875
59.674476623535156 448.5887145996094
59.722389221191406 448.6249694824219
59.77178955078125 448.6556091308594
59.8232421875 448.6812438964844
59.87546920776367 448.70147705078125
59.92864990234375 448.716552734375
59.982276916503906 448.72650146484375
60.041526794433594 448.73187255859375
60.10560607910156 448.73175048828125
60.1727180480957 448.72540283203125
60.24366760253906 448.7120666503906
60.31427001953125 448.69195556640625
60.38673782348633 448.6639404296875
60.4583740234375 448.62841796875
60.529327392578125 448.5848083496094
60.59862518310547 448.5329895019531
60.6661376953125 448.4722900390625
60.7298583984375 448.4036865234375
60.790767669677734 448.3250732421875
60.847633361816406 448.2364807128906
60.89748001098633 448.14129638671875
60.93833923339844 448.04315185546875
60.97010040283203 447.9427185058594
60.99200439453125 447.84381103515625
61.00462341308594 447.7467041015625
61.00831985473633 447.6544494628906
61.0040283203125 447.5681457519531
60.9928092956543 447.4885559082031
60.976985931396484 447.42132568359375
60.95507049560547 447.3558349609375
60.927249908447266 447.2926330566406
60.89375686645508 447.23223876953125
60.85487365722656 447.1751708984375
60.8109245300293 447.12188720703125
60.76228332519531 447.0728759765625
60.709354400634766 447.02850341796875
60.652584075927734 446.9891662597656
60.59244918823242 446.9552001953125
60.529457092285156 446.9268798828125
60.46413803100586 446.9044494628906
60.397037506103516 446.8880920410156
60.3287239074707 446.8779602050781
60.259769439697266 446.8741149902344
60.19075012207031 446.8766174316406
60.122249603271484 446.88543701171875
60.05484390258789 446.9004821777344
59.98910140991211 446.921630859375
59.92557144165039 446.94873046875
59.86478805541992 446.98150634765625
59.80726623535156 447.01971435546875
59.75348663330078 447.06304931640625
59.70389938354492 447.1111145019531
59.6589241027832 447.16351318359375
59.61893844604492 447.2198181152344
59.58427810668945 447.279541015625
59.55523681640625 447.3421936035156
59.53205490112305 447.4072570800781
59.514930725097656 447.4741516113281
59.504005432128906 447.5423583984375
59.49925994873047 447.61285400390625
59.50099563598633 447.6842346191406
59.50932312011719 447.755859375
59.52428436279297 447.8270568847656
59.5457878112793 447.8969421386719
59.57376480102539 447.9650573730469
59.60795211791992 448.0305480957031
59.648067474365234 448.09283447265625
59.69153594970703 448.1484069824219
59.736183166503906 448.19580078125
59.782962799072266 448.2370910644531
59.83146667480469 448.2724914550781
59.88185501098633 448.30255126953125
59.933258056640625 448.3270568847656
59.98579788208008 448.34637451171875
60.03940963745117 448.360595703125
60.093387603759766 448.36962890625
60.15397262573242 448.37408447265625
60.218170166015625 448.37286376953125
60.285301208496094 448.3653564453125
60.35462951660156 448.3511047363281
60.425045013427734 448.3297424316406
60.49717712402344 448.3004150390625
60.56851577758789 448.2635192871094
60.63942337036133 448.2182312011719
60.70794677734375 448.1651611328125
60.774513244628906 448.1032409667969
60.83810043334961 448.03240966796875
60.897735595703125 447.95269775390625
60.95425033569336 447.861328125
61.00247573852539 447.7654113769531
61.04163360595703 447.666748046875
61.071319580078125 447.567138671875
61.09150695800781 447.4681701660156
61.10245895385742 447.37115478515625
61.10459899902344 447.2791442871094
61.098876953125 447.1932373046875
61.08666229248047 447.1160583496094
61.06969451904297 447.0491027832031
61.04666519165039 446.9839782714844
61.01776885986328 446.9212646484375
60.98324966430664 446.8614501953125
60.943397521972656 446.8050537109375
60.89854431152344 446.7525329589844
60.84907150268555 446.704345703125
60.79539108276367 446.660888671875
60.73795700073242 446.6225280761719
60.67725372314453 446.589599609375
60.61378860473633 446.5623779296875
60.548095703125 446.54107666015625
60.48072814941406 446.52587890625
60.41225051879883 446.51690673828125
60.343238830566406 446.5142517089844
60.27427291870117 446.5179138183594
60.2059326171875 446.52789306640625
60.1387939453125 446.5440979003906
60.073421478271484 446.5663757324219
60.0103645324707 446.59454345703125
59.95015335083008 446.62835693359375
59.89329147338867 446.66754150390625
59.84025955200195 446.7117919921875
59.791500091552734 446.7607116699219
59.74742889404297 446.8138732910156
59.708412170410156 446.870849609375
59.67477798461914 446.9311828613281
59.64680862426758 446.99432373046875
59.62474060058594 447.05975341796875
59.608760833740234 447.126953125
59.59891891479492 447.1958923339844
59.59537124633789 447.2664794921875
59.598331451416016 447.33807373046875
59.607906341552734 447.4097900390625
59.62411880493164 447.4809265136719
59.6468620300293 447.5506286621094
59.67599105834961 447.6182556152344
59.711280822753906 447.68316650390625
59.752445220947266 447.7447509765625
59.796024322509766 447.7985534667969
59.84141159057617 447.8451232910156
59.88820266723633 447.885009765625
59.937252044677734 447.9195556640625
59.988101959228516 447.94873046875
60.03988265991211 447.97235107421875
60.09272003173828 447.9907531738281
60.146263122558594 448.00396728515625
60.20095443725586 448.0121765136719
60.26171875 448.0155944824219
60.327186584472656 448.0132141113281
60.39543151855469 448.0044250488281
60.46446990966797 447.989013671875
60.535797119140625 447.966064453125
60.60757827758789 447.9354553222656
60.679046630859375 447.8969421386719
60.74931335449219 447.85040283203125
60.81705856323242 447.79608154296875
60.88268280029297 447.7329406738281
60.94515609741211 447.6609802246094
61.00444030761719 447.5789489746094
61.059486389160156 447.486572265625
61.105873107910156 447.3904113769531
61.143333435058594 447.2912902832031
61.171302795410156 447.1914367675781
61.18949508666992 447.0940246582031
61.1986198425293 446.9989318847656
61.19919967651367 446.9072265625
61.192203521728516 446.82373046875
61.178714752197266 446.7470703125
61.16059875488281 446.680419921875
61.13645553588867 446.61572265625
61.10648727416992 446.5534973144531
61.070945739746094 446.4942932128906
61.030128479003906 446.4385681152344
60.98438262939453 446.3868408203125
60.93408966064453 446.3395080566406
60.87967300415039 446.2969970703125
60.821590423583984 446.2596435546875
60.76033020019531 446.2277526855469
60.696407318115234 446.20159912109375
60.63035583496094 446.1814270019531
60.56273651123047 446.1673889160156
60.49411392211914 446.15960693359375
60.42506790161133 446.15814208984375
60.35617446899414 446.1629943847656
60.28801727294922 446.17413330078125
60.221168518066406 446.19146728515625
60.15618896484375 446.2148742675781
60.093624114990234 446.2441101074219
60.034000396728516 446.2789611816406
59.977821350097656 446.3191223144531
59.92555618286133 446.3642578125
59.877647399902344 446.41400146484375
59.834495544433594 446.4679260253906
59.79646301269531 446.52557373046875
59.76387023925781 446.5864562988281
59.73699188232422 446.65008544921875
59.7160530090332 446.7159118652344
59.701229095458984 446.7833557128906
59.692535400390625 446.85272216796875
59.690181732177734 446.92388916015625
59.69437789916992 446.99566650390625
59.705177307128906 447.06719970703125
59.72260665893555 447.1380615234375
59.74654006958008 447.2073669433594
59.77682113647461 447.27447509765625
59.81321716308594 447.3387756347656
59.85542678833008 447.399658203125
59.89914321899414 447.4517822265625
59.944580078125 447.496826171875
59.992000579833984 447.5358581542969
60.04100799560547 447.569091796875
60.09180450439453 447.5970458984375
60.14395523071289 447.6197509765625
60.197078704833984 447.63720703125
60.250728607177734 447.6494445800781
60.30786895751953 447.6570129394531
60.36994934082031 447.659423828125
60.43665313720703 447.6558837890625
60.5048713684082 447.6459045410156
60.57537841796875 447.62890625
60.646881103515625 447.60455322265625
60.71828842163086 447.57269287109375
60.789241790771484 447.5329284667969
60.859642028808594 447.4845886230469
60.927757263183594 447.4281005859375
60.99337387084961 447.3628845214844
61.055702209472656 447.2886962890625
61.1146240234375 447.2043762207031
61.168190002441406 447.1111755371094
61.212982177734375 447.0144348144531
61.248443603515625 446.9158935546875
61.274749755859375 446.81585693359375
61.29132843017578 446.71844482421875
61.29890060424805 446.6235046386719
61.29801940917969 446.5340270996094
61.289695739746094 446.4509582519531
61.275718688964844 446.3785400390625
61.256492614746094 446.31219482421875
61.23126983642578 446.2478942871094
61.20026397705078 446.1861877441406
61.16373825073242 446.1275634765625
61.12199783325195 446.0725402832031
61.07539367675781 446.0215759277344
61.024314880371094 445.97509765625
60.96919631958008 445.9335021972656
60.91049575805664 445.8971252441406
60.84870910644531 445.86627197265625
60.78435516357422 445.8412170410156
60.71797561645508 445.8221435546875
60.65013122558594 445.8092346191406
60.581390380859375 445.8025817871094
60.5123291015625 445.8022766113281
60.44352722167969 445.80828857421875
60.37556457519531 445.8205871582031
60.30901336669922 445.83905029296875
60.24443435668945 445.863525390625
60.182369232177734 445.893798828125
60.12333679199219 445.9296569824219
60.06783676147461 445.97076416015625
60.016334533691406 446.01678466796875
59.969261169433594 446.06732177734375
59.9270133972168 446.1219482421875
59.889949798583984 446.18023681640625
59.85837936401367 446.2416687011719
59.83256530761719 446.30572509765625
59.81272888183594 446.37188720703125
59.799034118652344 446.4395751953125
59.79146957397461 446.5093688964844
59.79030227661133 446.58056640625
59.79569625854492 446.65228271484375
59.80768966674805 446.7236633300781
59.82630157470703 446.7942199707031
59.85139083862305 446.8631286621094
59.882789611816406 446.92974853515625
59.92025375366211 446.9934387207031
59.963409423828125 447.0534973144531
60.007205963134766 447.1039733886719
60.0533332824707 447.148193359375
60.10134506225586 447.1863708496094
60.150856018066406 447.21875
60.20207595825195 447.245849609375
60.254173278808594 447.2674865722656
60.307247161865234 447.283935546875
60.36085891723633 447.29522705078125
60.4182243347168 447.30181884765625
60.481685638427734 447.30322265625
60.5484733581543 447.29852294921875
60.61664962768555 447.2873840332031
60.686851501464844 447.2691955566406
60.75912094116211 447.2431945800781
60.83070373535156 447.20977783203125
60.90181350708008 447.1683349609375
60.971519470214844 447.11871337890625
61.039695739746094 447.06024169921875
61.10432052612305 446.99383544921875
61.16548156738281 446.9185485839844
61.22372055053711 446.83221435546875
61.27572250366211 446.7381896972656
61.31885528564453 446.640869140625
61.35261917114258 446.5419921875
61.37687301635742 446.44317626953125
61.391788482666016 446.3457946777344
61.39763641357422 446.2529296875
61.39525604248047 446.1637878417969
61.38578796386719 446.0831298828125
61.37063217163086 446.01123046875
61.35027313232422 445.94525146484375
61.32395553588867 445.88140869140625
61.291900634765625 445.8202209472656
61.25437545776367 445.7622375488281
61.211700439453125 445.70794677734375
61.16423034667969 445.65777587890625
61.11236572265625 445.6121826171875
61.056541442871094 445.571533203125
60.99722671508789 445.5361633300781
60.93492126464844 445.5063781738281
60.87015151977539 445.482421875
60.8034553527832 445.4644775390625
60.73539733886719 445.4527282714844
60.66654968261719 445.447265625
60.59749221801758 445.4481201171875
60.528804779052734 445.4552917480469
60.461063385009766 445.46875
60.39483642578125 445.48834228515625
60.330684661865234 445.513916015625
60.26914596557617 445.5452575683594
60.21073532104492 445.58209228515625
60.15594482421875 445.6241455078125
60.1052360534668 445.6710205078125
60.05903625488281 445.72235107421875
60.017730712890625 445.7777099609375
59.981666564941406 445.83660888671875
59.951148986816406 445.8985595703125
59.92643737792969 445.9630432128906
59.90773391723633 446.0295104980469
59.895198822021484 446.097412109375
59.88882827758789 446.1673583984375
59.888877868652344 446.23858642578125
59.89550018310547 446.3102111816406
59.908790588378906 446.3818054199219
59.92860412597656 446.4520568847656
59.954925537109375 446.52069091796875
59.98751449584961 446.5868835449219
60.02610778808594 446.6499938964844
60.068695068359375 446.7071838378906
60.1132926940918 446.7568359375
60.16012191772461 446.8002014160156
60.20871353149414 446.8374938964844
60.258731842041016 446.8689880371094
60.30986022949219 446.8948974609375
60.36222839355469 446.91558837890625
60.41547393798828 446.93109130859375
60.46926498413086 446.9414367675781
60.528079986572266 446.9471740722656
60.591678619384766 446.9474792480469
60.65829086303711 446.941650390625
60.72746276855469 446.92913818359375
60.79750061035156 446.9096984863281
60.869468688964844 446.8824157714844
60.94145965576172 446.8473205566406
61.01262664794922 446.80419921875
61.081607818603516 446.7533264160156
61.148895263671875 446.693603515625
61.21248245239258 446.6260070800781
61.273380279541016 446.5484313964844
61.33021926879883 446.4610595703125
61.380615234375 446.36627197265625
61.42205810546875 446.2684020996094
61.4541015625 446.169189453125
61.47664260864258 446.0702209472656
61.489646911621094 445.974609375
61.49391174316406 445.8819580078125
61.490116119384766 445.7951354980469
61.479305267333984 445.7149353027344
61.46377182006836 445.6470947265625
61.442256927490234 445.58148193359375
61.41482162475586 445.5180969238281
61.38169860839844 445.4574890136719
61.343162536621094 445.4001770019531
61.29954147338867 445.3466491699219
61.251197814941406 445.2973327636719
61.19853973388672 445.2526550292969
61.14200973510742 445.2129821777344
61.08208465576172 445.17864990234375
61.01926803588867 445.14996337890625
60.95408630371094 445.12713623046875
60.887088775634766 445.1103820800781
60.8188362121582 445.0998229980469
60.74990463256836 445.0955810546875
60.68087387084961 445.09765625
60.61232376098633 445.1060485839844
60.544830322265625 445.12066650390625
60.47895812988281 445.14141845703125
60.41526412963867 445.1681213378906
60.35428237915039 445.2005310058594
60.29652786254883 445.2384033203125
60.24248504638672 445.2814025878906
60.19260787963867 445.32916259765625
60.147315979003906 445.38128662109375
60.10698699951172 445.4373474121094
60.071964263916016 445.4968566894531
60.04254150390625 445.559326171875
60.01896286010742 445.6242370605469
60.00143051147461 445.6910400390625
59.99006652832031 445.7593078613281
59.984901428222656 445.8296203613281
59.98619842529297 445.9008483886719
59.99409866333008 445.97259521484375
60.00864028930664 446.0439453125
60.02973556518555 446.114013671875
60.057254791259766 446.18218994140625
60.09099578857422 446.247802734375
60.13068389892578 446.31024169921875
60.174190521240234 446.3665771484375
60.21887969970703 446.41461181640625
60.2657356262207 446.45648193359375
60.3143196105957 446.4924011230469
60.36431884765625 446.52264404296875
60.415863037109375 446.5476379394531
60.468563079833984 446.5673828125
60.52206039428711 446.5819396972656
60.57600021362305 446.5913391113281
60.6359977722168 446.59613037109375
60.70088195800781 446.5953063964844
60.768863677978516 446.5881652832031
60.83919143676758 446.57415771484375
60.91020965576172 446.5531311035156
60.981849670410156 446.5245361328125
61.053367614746094 446.4881286621094
61.12390899658203 446.4437255859375
61.193355560302734 446.3906555175781
61.25971603393555 446.3297119140625
61.32321548461914 446.2598876953125
61.382686614990234 446.1814270019531
61.43956756591797 446.0907287597656
61.48815155029297 445.9955749511719
61.52790451049805 445.897216796875
61.55784606933594 445.7989501953125
61.578346252441406 445.701416015625
61.589698791503906 445.60589599609375
61.592384338378906 445.51348876953125
61.587135314941406 445.42706298828125
61.575294494628906 445.3492736816406
61.55865478515625 445.2819519042969
61.536014556884766 445.2167053222656
61.50749206542969 445.15380859375
61.47332763671875 445.0937805175781
61.43381118774414 445.0371398925781
61.38927459716797 444.9843444824219
61.340087890625 444.93585205078125
61.28667068481445 444.89208984375
61.22946548461914 444.8533935546875
61.1689567565918 444.8200988769531
61.105655670166016 444.79248046875
61.04008865356445 444.7707824707031
60.97281265258789 444.75518798828125
60.904388427734375 444.7458190917969
60.835391998291016 444.74273681640625
60.76640701293945 444.7460021972656
60.6980094909668 444.7555847167969
60.630775451660156 444.7713623046875
60.56527328491211 444.7932434082031
60.50204849243164 444.821044921875
60.44163513183594 444.8545227050781
60.38454055786133 444.89337158203125
60.33124542236328 444.9372863769531
60.282196044921875 444.98590087890625
60.23780822753906 445.038818359375
60.19845199584961 445.0955810546875
60.164459228515625 445.15570068359375
60.13611602783203 445.21868896484375
60.1136589050293 445.28399658203125
60.0972785949707 445.35107421875
60.08700942993164 445.4200744628906
60.08303451538086 445.4907531738281
60.0855598449707 445.5622253417969
60.094688415527344 445.63385009765625
60.110450744628906 445.7049560546875
60.13274383544922 445.7746887207031
60.16148376464844 445.8424987792969
60.19639587402344 445.9076232910156
60.237144470214844 445.9693603515625
60.280052185058594 446.0229797363281
60.3248405456543 446.0694580078125
60.3717155456543 446.1098937988281
60.42087173461914 446.1449279785156
60.4713134765625 446.17425537109375
60.523193359375 446.1982727050781
60.57612609863281 446.217041015625
60.629852294921875 446.23065185546875
60.684043884277344 446.2391052246094
60.74536895751953 446.242919921875
60.81035232543945 446.240966796875
60.87809371948242 446.2326354980469
60.9481086730957 446.2174377441406
61.01890563964844 446.1950988769531
61.091087341308594 446.1648254394531
61.162811279296875 446.1267395019531
61.23347091674805 446.0805358886719
61.30210494995117 446.02618408203125
61.36845016479492 445.963134765625
61.43180465698242 445.89105224609375
61.49187469482422 445.80902099609375
61.54730987548828 445.71734619140625
61.594268798828125 445.6215515136719
61.63199996948242 445.5235900878906
61.660247802734375 445.42510986328125
61.67908477783203 445.3275451660156
61.68882751464844 445.2321472167969
61.68994903564453 445.14190673828125
61.683563232421875 445.059814453125
61.670753479003906 444.98443603515625
61.653018951416016 444.9176940917969
61.62924575805664 444.85284423828125
61.59963607788086 444.79046630859375
61.56443405151367 444.7310485839844
61.5239372253418 444.67510986328125
61.47848892211914 444.62310791015625
61.428466796875 444.57550048828125
61.37429428100586 444.53265380859375
61.31642532348633 444.4949645996094
61.255348205566406 444.4627380371094
61.19157409667969 444.43621826171875
61.125640869140625 444.4156494140625
61.058101654052734 444.4012145996094
60.989524841308594 444.3930358886719
60.92048645019531 444.39117431640625
60.851566314697266 444.3956298828125
60.783348083496094 444.4063720703125
60.716400146484375 444.42333984375
60.65128707885742 444.44635009765625
60.58855438232422 444.4752502441406
60.52873229980469 444.509765625
60.47232437133789 444.54962158203125
60.4197998046875 444.5944519042969
60.371604919433594 444.6439208984375
60.32814407348633 444.6976013183594
60.28977966308594 444.7550354003906
60.2568359375 444.81573486328125
60.229591369628906 444.87921142578125
60.208274841308594 444.9449157714844
60.19306182861328 445.01226806640625
60.183990478515625 445.0814514160156
60.181243896484375 445.1521911621094
60.18502426147461 445.223876953125
60.19540023803711 445.29534912109375
60.212398529052734 445.3661804199219
60.235904693603516 445.4355163574219
60.26576232910156 445.5027160644531
60.30179977416992 445.5672302246094
60.343658447265625 445.6283264160156
60.38742446899414 445.6811218261719
60.432952880859375 445.7267761230469
60.48046875 445.766357421875
60.530174255371094 445.8005065917969
60.58107376098633 445.82891845703125
60.63291549682617 445.8518371582031
60.68580627441406 445.86956787109375
60.73939895629883 445.88214111328125
60.795955657958984 445.88995361328125
60.857452392578125 445.8927001953125
60.92230224609375 445.8896179199219
60.99016189575195 445.8800964355469
61.059898376464844 445.8636779785156
61.130821228027344 445.8399353027344
61.20314407348633 445.80810546875
61.274993896484375 445.7683410644531
61.3454475402832 445.72052001953125
61.41414260864258 445.6641845703125
61.47962188720703 445.59979248046875
61.542686462402344 445.52557373046875
61.60142135620117 445.4424743652344
61.655296325683594 445.34991455078125
61.70058059692383 445.25347900390625
61.7365837097168 445.1551208496094
61.76310348510742 445.0564270019531
61.780242919921875 444.9588317871094
61.78818893432617 444.86541748046875
61.78776931762695 444.7754821777344
61.78001022338867 444.6938171386719
61.766300201416016 444.62078857421875
61.747413635253906 444.5543518066406
61.7225227355957 444.48992919921875
61.69183349609375 444.4280700683594
61.655609130859375 444.3692626953125
61.61415100097656 444.31402587890625
61.567806243896484 444.2628173828125
61.5169677734375 444.216064453125
61.46206283569336 444.1741638183594
61.40354919433594 444.1374816894531
61.341922760009766 444.1063232421875
61.2776985168457 444.0809326171875
61.21141815185547 444.0615234375
61.143638610839844 444.04827880859375
61.07493209838867 444.0412902832031
61.0058708190918 444.0406188964844
60.93703842163086 444.0462646484375
60.869014739990234 444.0581970214844
60.802371978759766 444.0763244628906
60.737667083740234 444.1004638671875
60.675445556640625 444.13043212890625
60.61623001098633 444.1659851074219
60.56052017211914 444.206787109375
60.50878143310547 444.2525329589844
60.46145248413086 444.3028259277344
60.41892623901367 444.35723876953125
60.38156509399414 444.4153137207031
60.34967803955078 444.4765625
60.32353591918945 444.5404968261719
60.30335998535156 444.6065368652344
60.2893180847168 444.6741638183594
60.28144454956055 444.7435302734375
60.2799186706543 444.8145751953125
60.284942626953125 444.8861999511719
60.29658889770508 444.95770263671875
60.31481170654297 445.0282287597656
60.339569091796875 445.0973205566406
60.37063980102539 445.16412353515625
60.40773010253906 445.2279052734375
60.45058822631836 445.2882080078125
60.49518966674805 445.34014892578125
60.54142761230469 445.3849182128906
60.58956527709961 445.4236145019531
60.63922882080078 445.45648193359375
60.690574645996094 445.4839782714844
60.74277877807617 445.5059814453125
60.79594802856445 445.52276611328125
60.8497428894043 445.5343933105469
60.90640640258789 445.5412292480469
60.96805953979492 445.54290771484375
61.034114837646484 445.5386047363281
61.1027717590332 445.52777099609375
61.172367095947266 445.5101013183594
61.244083404541016 445.4847106933594
61.31599807739258 445.45159912109375
61.38661193847656 445.4109191894531
61.455894470214844 445.36212158203125
61.52372360229492 445.3045349121094
61.58807373046875 445.2390441894531
61.65003204345703 445.1635437011719
61.708290100097656 445.0780944824219
61.76054000854492 444.9847106933594
61.80379867553711 444.88836669921875
61.83766174316406 444.79071044921875
61.862422943115234 444.69183349609375
61.87757110595703 444.5959167480469
61.883872985839844 444.5026550292969
61.88193130493164 444.41497802734375
61.87297821044922 444.3356628417969
61.85802459716797 444.2631530761719
61.837955474853516 444.19708251953125
61.811920166015625 444.13311767578125
61.78013229370117 444.0718078613281
61.742862701416016 444.013671875
61.70042419433594 443.9591979980469
61.653175354003906 443.9088134765625
61.60151290893555 443.86297607421875
61.545867919921875 443.82208251953125
61.48670959472656 443.78643798828125
61.424537658691406 443.7563781738281
61.35987091064453 443.73211669921875
61.29325485229492 443.7138977050781
61.225250244140625 443.70184326171875
61.156429290771484 443.6960754394531
61.08736801147461 443.6966247558594
61.01865005493164 443.7035217285156
60.95085144042969 443.7166748046875
60.88454055786133 443.7359619140625
60.82027816772461 443.7612609863281
60.758602142333984 443.7923278808594
60.70003128051758 443.82891845703125
60.645057678222656 443.8707275390625
60.59414291381836 443.9173889160156
60.54771423339844 443.968505859375
60.50616455078125 444.023681640625
60.469844818115234 444.0824279785156
60.439056396484375 444.1442565917969
60.414058685302734 444.2086486816406
60.39506149291992 444.2750549316406
60.38222885131836 444.3429260253906
60.37556457519531 444.4126892089844
60.375301361083984 444.4837951660156
60.38161849975586 444.5555419921875
60.394535064697266 444.6268615722656
60.41400909423828 444.69708251953125
60.43999099731445 444.7657165527344
60.47224426269531 444.8319396972656
60.51051712036133 444.8951416015625
60.55397033691406 444.95404052734375
60.598690032958984 445.0042724609375
60.64567184448242 445.04815673828125
60.69382858276367 445.08544921875
60.7440299987793 445.11737060546875
60.795345306396484 445.1436767578125
60.84790802001953 445.16473388671875
60.90135192871094 445.1805725097656
60.95523452758789 445.1911926269531
61.01474380493164 445.1972961425781
61.07768249511719 445.1979064941406
61.1451301574707 445.19232177734375
61.213714599609375 445.18023681640625
61.28434371948242 445.1609802246094
61.355751037597656 445.1343078613281
61.42721176147461 445.0998840332031
61.497901916503906 445.0574951171875
61.56770706176758 445.0065002441406
61.63463592529297 444.9476623535156
61.698974609375 444.8799133300781
61.76054000854492 444.80224609375
61.81739807128906 444.71575927734375
61.868011474609375 444.62164306640625
61.90956497192383 444.5247802734375
61.94169998168945 444.42681884765625
61.96472930908203 444.3277893066406
61.978214263916016 444.2319030761719
61.9829216003418 444.13885498046875
61.97950744628906 444.0515441894531
61.96924591064453 443.9726867675781
61.95389938354492 443.90423583984375
61.93268585205078 443.8385009765625
61.905540466308594 443.7749938964844
61.8726921081543 443.7142333984375
61.83441925048828 443.65673828125
61.79104232788086 443.6029968261719
61.742923736572266 443.553466796875
61.69047164916992 443.508544921875
61.634124755859375 443.4685974121094
61.57435607910156 443.4339904785156
61.51166915893555 443.4049987792969
61.446590423583984 443.3818664550781
61.379669189453125 443.36480712890625
61.311466217041016 443.35394287109375
61.2425537109375 443.349365234375
61.17351150512695 443.35113525390625
61.104923248291016 443.3592224121094
61.03736114501953 443.37353515625
60.971397399902344 443.39398193359375
60.9075813293457 443.4203796386719
60.84645462036133 443.4525146484375
60.78852844238281 443.4901123046875
60.73428726196289 443.5328674316406
60.6841926574707 443.5804138183594
60.6386604309082 443.6323547363281
60.59807586669922 443.688232421875
60.562782287597656 443.7475891113281
60.53307342529297 443.8099365234375
60.50920104980469 443.874755859375
60.491363525390625 443.94146728515625
60.47970962524414 444.0095520019531
60.47423553466797 444.0797119140625
60.47521209716797 444.15106201171875
60.48277282714844 444.22271728515625
60.49696731567383 444.29400634765625
60.5177116394043 444.36407470703125
60.5449333190918 444.4324035644531
60.57832717895508 444.4980773925781
60.61768341064453 444.56060791015625
60.660545349121094 444.61663818359375
60.70536422729492 444.6652526855469
60.752376556396484 444.7076416015625
60.8011360168457 444.7440490722656
60.851280212402344 444.77471923828125
60.90296173095703 444.8000793457031
60.955787658691406 444.8201599121094
61.00948715209961 444.83502197265625
61.06353759765625 444.8446960449219
61.12293243408203 444.8497009277344
61.18598556518555 444.84918212890625
61.25344467163086 444.8423767089844
61.32169723510742 444.8291015625
61.39212417602539 444.8085632324219
61.46319580078125 444.7805480957031
61.534175872802734 444.7447814941406
61.60496520996094 444.70062255859375
61.673973083496094 444.6483154296875
61.740882873535156 444.5873718261719
61.805076599121094 444.5173645019531
61.8653450012207 444.4385681152344
61.92233657836914 444.3485412597656
61.97128677368164 444.2536926269531
62.011112213134766 444.1563415527344
62.04150390625 444.0580749511719
62.06246566772461 443.9604187011719
62.07426452636719 443.8646240234375
62.07728958129883 443.773681640625
62.072471618652344 443.6886901855469
62.06113815307617 443.6122131347656
62.044822692871094 443.54510498046875
62.022430419921875 443.4797668457031
61.99414825439453 443.416748046875
61.9602165222168 443.3565979003906
61.92091751098633 443.2998046875
61.876583099365234 443.2468566894531
61.82758331298828 443.19818115234375
61.774330139160156 443.1542053222656
61.7172737121582 443.11529541015625
61.65689468383789 443.0817565917969
61.59369659423828 443.05389404296875
61.52821350097656 443.0319519042969
61.460994720458984 443.0160827636719
61.392608642578125 443.0064392089844
61.32362747192383 443.00311279296875
61.25463104248047 443.006103515625
61.18619918823242 443.0154113769531
61.1189079284668 443.03094482421875
61.053321838378906 443.0525817871094
60.989990234375 443.08013916015625
60.92945098876953 443.1133728027344
60.87220764160156 443.1520080566406
60.81874465942383 443.19573974609375
60.76951217651367 443.2441711425781
60.72492218017578 443.2969055175781
60.68534851074219 443.353515625
60.651126861572266 443.41351318359375
60.62254333496094 443.47637939453125
60.59983825683594 443.5415954589844
60.58320236206055 443.6086120605469
60.57277297973633 443.6769104003906
60.56854248046875 443.7474365234375
60.570796966552734 443.81878662109375
60.57964324951172 443.89031982421875
60.595115661621094 443.96136474609375
60.61711502075195 444.0310363769531
60.64556121826172 444.098876953125
60.6801872253418 444.1640319824219
60.720706939697266 444.2259216308594
60.764495849609375 444.28106689453125
60.809444427490234 444.3280944824219
60.85650634765625 444.3690185546875
60.90586471557617 444.4045104980469
60.956512451171875 444.4342346191406
61.0081787109375 444.4584045410156
61.06133270263672 444.4775085449219
61.11518096923828 444.4913635253906
61.16938781738281 444.50006103515625
61.228973388671875 444.5039978027344
61.29342269897461 444.5022888183594
61.360748291015625 444.4942932128906
61.4301643371582 444.4794921875
61.50068664550781 444.4575500488281
61.571876525878906 444.4280090332031
61.64297103881836 444.3905944824219
61.71310043334961 444.3450927734375
61.782161712646484 444.2908020019531
61.84827423095703 444.2284240722656
61.91127014160156 444.1572570800781
61.97114944458008 444.0760803222656
62.02702331542969 443.984375
62.074275970458984 443.8888244628906
62.11234664916992 443.7909851074219
62.14097213745117 443.6924743652344
62.160194396972656 443.5947265625
62.17011260986328 443.50079345703125
62.171504974365234 443.4120178222656
62.16534423828125 443.3293762207031
62.152687072753906 443.2533874511719
62.13517379760742 443.18658447265625
62.11161422729492 443.1216735839844
62.08220672607422 443.0591735839844
62.047203063964844 442.9996337890625
62.006893157958984 442.94354248046875
61.96161651611328 442.8913879394531
61.91175079345703 442.8435974121094
61.85771942138672 442.8005676269531
61.79997634887695 442.7626953125
61.73900604248047 442.7302551269531
61.67531967163086 442.70355224609375
61.60945510864258 442.6827697753906
61.54196548461914 442.6681213378906
61.47341537475586 442.6596984863281
61.40438461303711 442.6575927734375
61.335453033447266 442.6618347167969
61.26719665527344 442.67236328125
61.200191497802734 442.6890869140625
61.13500213623047 442.7118835449219
61.072174072265625 442.7405700683594
61.012237548828125 442.7748718261719
60.95569610595703 442.8145446777344
60.90302658081055 442.8592224121094
60.85466766357422 442.9085388183594
60.81102752685547 442.9620666503906
60.77247619628906 443.0193786621094
60.73933410644531 443.0799560546875
60.71187973022461 443.1433410644531
60.690345764160156 443.2089538574219
60.67491149902344 443.2762756347656
60.66563034057617 443.34527587890625
60.66265869140625 443.4158630371094
60.66618728637695 443.4871826171875
60.67634201049805 443.55877685546875
60.69308090209961 443.6295471191406
60.71637725830078 443.6990051269531
60.746028900146484 443.7663269042969
60.78181076049805 443.83087158203125
60.823421478271484 443.89202880859375
60.867366790771484 443.9454040527344
60.91309356689453 443.9915466308594
60.9608268737793 444.03155517578125
61.01017761230469 444.0657043457031
61.061309814453125 444.094482421875
61.113372802734375 444.1177062988281
61.166481018066406 444.1357116699219
61.22028350830078 444.1485290527344
61.27516555786133 444.15631103515625
61.336204528808594 444.15924072265625
61.40034103393555 444.1564025878906
61.46873092651367 444.14703369140625
61.53775405883789 444.1310119628906
61.609130859375 444.1073913574219
61.679935455322266 444.0765075683594
61.750492095947266 444.0377502441406
61.81992721557617 443.99090576171875
61.88812255859375 443.935302734375
61.95415115356445 443.8707580566406
62.016902923583984 443.7973327636719
62.07541275024414 443.7150573730469
62.12948989868164 443.6227111816406
62.17470169067383 443.527099609375
62.21097946166992 443.4288024902344
62.2378044128418 443.3300476074219
62.254966735839844 443.2338562011719
62.26319122314453 443.1400451660156
62.263004302978516 443.05157470703125
62.25539779663086 442.9693298339844
62.242103576660156 442.89752197265625
62.2233772277832 442.8310546875
62.198638916015625 442.7665710449219
62.16809844970703 442.7046203613281
62.132015228271484 442.6457214355469
62.09069061279297 442.59039306640625
62.044471740722656 442.5390625
61.99374771118164 442.4921875
61.938941955566406 442.4501647949219
61.88051986694336 442.413330078125
61.8189697265625 442.38201904296875
61.75480651855469 442.3564758300781
61.688575744628906 442.3369140625
61.62083053588867 442.323486328125
61.55213928222656 442.3163146972656
61.48308181762695 442.31549072265625
61.41423797607422 442.32098388671875
61.346187591552734 442.332763671875
61.27949905395508 442.3507080078125
61.21473693847656 442.37469482421875
61.152442932128906 442.4045104980469
61.093143463134766 442.4399108886719
61.03733444213867 442.4805908203125
60.9854850769043 442.5262145996094
60.93803405761719 442.5763854980469
60.89537811279297 442.6307067871094
60.85787582397461 442.6886901855469
60.825843811035156 442.7498779296875
60.7995491027832 442.8137512207031
60.779212951660156 442.8797607421875
60.76500701904297 442.9473571777344
60.75695037841797 443.0168151855469
60.7552490234375 443.0879821777344
60.760101318359375 443.1596984863281
60.77155303955078 443.2311096191406
60.78961944580078 443.3017578125
60.814170837402344 443.37078857421875
60.845035552978516 443.43756103515625
60.88197708129883 443.5014343261719
60.92466354370117 443.5617980957031
60.96879577636719 443.61346435546875
61.01529312133789 443.6587219238281
61.06306838989258 443.69732666015625
61.11241149902344 443.7301330566406
61.16352462768555 443.7576599121094
61.215972900390625 443.7799072265625
61.269378662109375 443.79693603515625
61.32329559326172 443.8087463378906
61.380741119384766 443.8158264160156
61.44307327270508 443.81768798828125
61.508609771728516 443.8135986328125
61.57670593261719 443.8030090332031
61.64711380004883 443.78533935546875
61.7186279296875 443.7602233886719
61.78992462158203 443.72760009765625
61.860633850097656 443.6871032714844
61.93064498901367 443.6380615234375
61.99822998046875 443.5809631347656
62.063209533691406 443.5151672363281
62.125694274902344 443.4394226074219
62.18463897705078 443.35345458984375
62.23709487915039 443.26031494140625
62.280609130859375 443.16412353515625
62.31477355957031 443.0664978027344
62.339847564697266 442.967529296875
62.355316162109375 442.871337890625
62.36177444458008 442.779541015625
62.36009216308594 442.69329833984375
62.35148620605469 442.6153259277344
62.33695983886719 442.5440368652344
62.31704330444336 442.4779052734375
62.29115295410156 442.41387939453125
62.25950622558594 442.3525085449219
62.22237014770508 442.2942810058594
62.180057525634766 442.23968505859375
62.1329231262207 442.189208984375
62.081363677978516 442.14324951171875
62.025814056396484 442.1022033691406
61.966739654541016 442.0664367675781
61.90463638305664 442.0362243652344
61.84002685546875 442.0118408203125
61.77345275878906 441.99346923828125
61.705474853515625 441.98126220703125
61.63666534423828 441.975341796875
61.567604064941406 441.9757385253906
61.498870849609375 441.9824523925781
61.4310417175293 441.9954528808594
61.364688873291016 442.0146179199219
61.30036544799805 442.0397644042969
61.238616943359375 442.0707092285156
61.179962158203125 442.107177734375
61.12489318847656 442.14886474609375
61.07387161254883 442.1954040527344
61.02732849121094 442.2464294433594
60.985652923583984 442.301513671875
60.949195861816406 442.36016845703125
60.91826629638672 442.4219055175781
60.893123626708984 442.4862365722656
60.87397766113281 442.5525817871094
60.86098861694336 442.62042236328125
60.85415267944336 442.6902770996094
60.85372543334961 442.761474609375
60.859867095947266 442.8330993652344
60.872596740722656 442.904296875
60.891929626464844 442.974609375
60.91777038574219 443.0433349609375
60.9498291015625 443.10955810546875
60.98790740966797 443.1727600097656
61.03159713745117 443.23223876953125
61.075870513916016 443.2821960449219
61.1224365234375 443.3258972167969
61.17085266113281 443.36358642578125
61.220741271972656 443.3954772949219
61.27231216430664 443.42205810546875
61.324745178222656 443.4432067871094
61.37813186645508 443.4591369628906
61.43203353881836 443.46990966796875
61.489566802978516 443.4759216308594
61.55327606201172 443.4766540527344
61.62002182006836 443.4712829589844
61.68803787231445 443.4594421386719
61.75827407836914 443.4404602050781
61.830474853515625 443.41363525390625
61.90189743041992 443.37939453125
61.97270584106445 443.337158203125
62.041954040527344 443.28680419921875
62.10952377319336 443.2276611328125
62.17438507080078 443.15966796875
62.23658752441406 443.0815734863281
62.29388427734375 442.994873046875
62.34440994262695 442.9014587402344
62.38580322265625 442.80560302734375
62.41819763183594 442.7076110839844
62.441165924072266 442.60986328125
62.45491409301758 442.5137023925781
62.45975112915039 442.4220886230469
62.45656967163086 442.336181640625
62.44639587402344 442.2567443847656
62.431419372558594 442.1893310546875
62.41033172607422 442.1235656738281
62.38330841064453 442.05999755859375
62.35057830810547 441.9991760253906
62.312416076660156 441.9416198730469
62.269142150878906 441.8877868652344
62.22111892700195 441.8381652832031
62.16875457763672 441.79315185546875
62.112483978271484 441.75311279296875
62.05278396606445 441.7183837890625
61.99015426635742 441.68927001953125
61.92512130737305 441.666015625
61.85823440551758 441.6488342285156
61.79005432128906 441.6378479003906
61.721153259277344 441.6331481933594
61.6521110534668 441.634765625
61.5835075378418 441.6427001953125
61.51591873168945 441.6568908691406
61.449913024902344 441.6772155761719
61.38604736328125 441.7034912109375
61.32485580444336 441.7355041503906
61.2668571472168 441.77301025390625
61.2125358581543 441.8156433105469
61.162349700927734 441.86309814453125
61.11671829223633 441.9149475097656
61.076026916503906 441.97076416015625
61.040618896484375 442.0300598144531
61.01078796386719 442.09234619140625
60.98678970336914 442.1571044921875
60.96882247924805 442.2237854003906
60.95703887939453 442.2918395996094
60.951438903808594 442.3618469238281
60.952274322509766 442.4328308105469
60.959686279296875 442.5043640136719
60.97372055053711 442.5755615234375
60.994300842285156 442.6455383300781
61.021358489990234 442.71380615234375
61.05464172363281 442.779541015625
61.0938835144043 442.8421630859375
61.137027740478516 442.8987731933594
61.18212890625 442.9478759765625
61.22941589355469 442.9906921386719
61.27842712402344 443.0274353027344
61.32883834838867 443.05841064453125
61.380340576171875 443.08380126953125
61.43305206298828 443.10394287109375
61.48661422729492 443.118896484375
61.54069519042969 443.1286926269531
61.59965515136719 443.1337890625
61.6619758605957 443.1333923339844
61.72874069213867 443.1268005371094
61.79768753051758 443.113525390625
61.868072509765625 443.0931396484375
61.9399299621582 443.0649719238281
62.01166915893555 443.02899169921875
62.08243179321289 442.98504638671875
62.152103424072266 442.9324951171875
62.218719482421875 442.8720703125
62.28247833251953 442.8028259277344
62.34336471557617 442.72357177734375
62.40077590942383 442.63336181640625
62.44961166381836 442.53924560546875
62.48926544189453 442.4429016113281
62.5198974609375 442.3446044921875
62.541114807128906 442.24676513671875
62.552940368652344 442.1523742675781
62.5561637878418 442.06097412109375
62.55158996582031 441.9773864746094
62.540321350097656 441.90032958984375
62.524139404296875 441.83319091796875
62.50187683105469 441.767822265625
62.47372055053711 441.70477294921875
62.43990707397461 441.6445617675781
62.400718688964844 441.58770751953125
62.35648727416992 441.53466796875
62.30758285522461 441.48590087890625
62.254417419433594 441.44183349609375
62.19743728637695 441.4028015136719
62.137123107910156 441.3691711425781
62.07398223876953 441.3411865234375
62.008544921875 441.3191223144531
61.94136047363281 441.3031311035156
61.87299346923828 441.2933654785156
61.80401611328125 441.2898864746094
61.73501205444336 441.2927551269531
61.666561126708984 441.30194091796875
61.599239349365234 441.3173522949219
61.53361129760742 441.3388671875
61.4702262878418 441.3663024902344
61.40962219238281 441.3994140625
61.35230255126953 441.43792724609375
61.29875564575195 441.4815368652344
61.249427795410156 441.5298767089844
61.204734802246094 441.58251953125
61.1650505065918 441.6390380859375
61.13071060180664 441.6989440917969
61.10200119018555 441.7617492675781
61.079166412353516 441.8269348144531
61.06239700317383 441.8939208984375
61.051815032958984 441.9623107910156
61.047454833984375 442.0326843261719
61.049564361572266 442.1038818359375
61.05828094482422 442.1755065917969
61.073585510253906 442.2464599609375
61.09546661376953 442.31622314453125
61.12373733520508 442.3840026855469
61.15818786621094 442.44915771484375
61.19853973388672 442.51104736328125
61.242618560791016 442.5668029785156
61.28852462768555 442.6150207519531
61.33584976196289 442.6563415527344
61.384864807128906 442.6917419433594
61.43578338623047 442.7217712402344
61.487701416015625 442.7462158203125
61.54074478149414 442.7654113769531
61.59455490112305 442.7793884277344
61.6488151550293 442.7882080078125
61.70783996582031 442.792236328125
61.77158737182617 442.7906799316406
61.839210510253906 442.78277587890625
61.90804672241211 442.76824951171875
61.97939682006836 442.7462158203125
62.051414489746094 442.7165222167969
62.12330627441406 442.67889404296875
62.19340515136719 442.6336364746094
62.26224899291992 442.57977294921875
62.3278923034668 442.5180969238281
62.391456604003906 442.4466247558594
62.45102310180664 442.36627197265625
62.506893157958984 442.2750244140625
62.55402374267578 442.18023681640625
62.59230041503906 442.0824890136719
62.62117004394531 441.9839172363281
62.64033889770508 441.88751220703125
62.650489807128906 441.793212890625
62.652076721191406 441.7039489746094
62.646053314208984 441.6207275390625
62.63346862792969 441.5441589355469
62.61610412597656 441.4773254394531
62.592689514160156 441.412353515625
62.56342315673828 441.34979248046875
62.52854919433594 441.2901916503906
62.48836135864258 441.2340393066406
62.443199157714844 441.1817932128906
62.39344024658203 441.1339111328125
62.33950424194336 441.0907897949219
62.28184509277344 441.0527648925781
62.220947265625 441.02020263671875
62.15732192993164 440.99334716796875
62.09150314331055 440.9724426269531
62.024044036865234 440.9576416015625
61.95551300048828 440.9490661621094
61.8864860534668 440.9468078613281
61.817543029785156 440.9508972167969
61.749263763427734 440.9612731933594
61.68222427368164 440.9778747558594
61.61698532104492 441.00054931640625
61.55409622192383 441.0290832519531
61.494083404541016 441.0632629394531
61.43745422363281 441.102783203125
61.38468551635742 441.1473388671875
61.336219787597656 441.196533203125
61.29246139526367 441.2499694824219
61.253780364990234 441.30718994140625
61.22050476074219 441.3677062988281
61.192909240722656 441.4310302734375
61.17123031616211 441.4966125488281
61.15564727783203 441.56390380859375
61.14619827270508 441.6330261230469
61.143062591552734 441.7037353515625
61.14643859863281 441.775146484375
61.15641403198242 441.84661865234375
61.17296600341797 441.91729736328125
61.19607162475586 441.9866943359375
61.225528717041016 442.0539855957031
61.2611198425293 442.1185302734375
61.302547454833984 442.1797180175781
61.34676742553711 442.2336730957031
61.39274597167969 442.2802734375
61.44011306762695 442.3201599121094
61.48970413208008 442.3546447753906
61.54059600830078 442.3834228515625
61.59284973144531 442.4068908691406
61.646121978759766 442.4250793457031
61.7000617980957 442.43804931640625
61.75456619262695 442.4458923339844
61.81499481201172 442.4489440917969
61.87995910644531 442.4461975097656
61.947792053222656 442.4370422363281
62.01740646362305 442.4210510253906
62.088130950927734 442.3977966308594
62.15922164916992 442.3669738769531
62.22990036010742 442.3283386230469
62.3000602722168 442.28125
62.367706298828125 442.2263488769531
62.43325424194336 442.16253662109375
62.49658203125 442.0887451171875
62.555728912353516 442.0059814453125
62.60995864868164 441.91387939453125
62.65536880493164 441.8184509277344
62.69150924682617 441.7212219238281
62.718589782714844 441.6224060058594
62.73602294921875 441.52593994140625
62.7444953918457 441.4317626953125
62.7445182800293 441.3428039550781
62.73722839355469 441.2619323730469
62.723995208740234 441.1895446777344
62.705421447753906 441.1230163574219
62.68083190917969 441.0584716796875
62.65043640136719 440.9964599609375
62.61448669433594 440.9375
62.57328796386719 440.882080078125
62.527183532714844 440.8306579589844
62.476566314697266 440.7836608886719
62.42185592651367 440.74151611328125
62.36351776123047 440.7045593261719
62.30203628540039 440.673095703125
62.23793411254883 440.64739990234375
62.17174530029297 440.627685546875
62.10403060913086 440.6141052246094
62.03535461425781 440.6067810058594
61.9662971496582 440.60577392578125
61.89744186401367 440.6111145019531
61.82936477661133 440.62274169921875
61.76263427734375 440.6405334472656
61.69781494140625 440.66436767578125
61.63544464111328 440.6940612792969
61.57606506347656 440.7293395996094
61.520164489746094 440.7698974609375
61.46821212768555 440.8153991699219
61.42064666748047 440.865478515625
61.377864837646484 440.9197082519531
61.34022903442383 440.9776306152344
61.30805587768555 441.0387268066406
61.2816162109375 441.1025390625
61.261131286621094 441.1684875488281
61.24677276611328 441.2360534667969
61.23857498168945 441.30535888671875
61.236724853515625 441.3761291503906
61.24140930175781 441.4477233886719
61.252681732177734 441.5190124511719
61.27056121826172 441.5895690917969
61.294918060302734 441.6585388183594
61.325592041015625 441.72528076171875
61.362342834472656 441.7891540527344
61.404869079589844 441.8495788574219
61.449249267578125 441.9017639160156
61.49600601196289 441.9474792480469
61.544036865234375 441.9864501953125
61.5936393737793 442.01959228515625
61.64496612548828 442.0473937988281
61.69760513305664 442.06988525390625
61.75117874145508 442.08709716796875
61.80533218383789 442.0990905761719
61.86223602294922 442.1062316894531
61.922698974609375 442.1081848144531
61.98773193359375 442.1042785644531
62.05527114868164 442.09393310546875
62.12494659423828 442.07659912109375
62.196815490722656 442.0515441894531
62.26802062988281 442.0191650390625
62.33879470825195 441.97882080078125
62.408226013183594 441.9303894042969
62.476200103759766 441.8731994628906
62.54071044921875 441.80816650390625
62.60280227661133 441.73321533203125
62.66127014160156 441.6483154296875
62.713592529296875 441.5558166503906
62.75689697265625 441.4605712890625
62.791255950927734 441.3629150390625
62.816200256347656 441.26519775390625
62.831878662109375 441.1687316894531
62.83852767944336 441.0765075683594
62.83698654174805 440.98974609375
62.828460693359375 440.91119384765625
62.8139533996582 440.8393249511719
62.794158935546875 440.7731628417969
62.76839065551758 440.7090759277344
62.73686218261719 440.64764404296875
62.69983673095703 440.58935546875
62.65762710571289 440.5346984863281
62.61058807373047 440.484130859375
62.55911636352539 440.4380798339844
62.50364303588867 440.3969421386719
62.44463348388672 440.3610534667969
62.38258743286133 440.3307189941406
62.318023681640625 440.30621337890625
62.25148391723633 440.2877197265625
62.18353271484375 440.275390625
62.1147346496582 440.26934814453125
62.04567337036133 440.2696228027344
61.976924896240234 440.2762145996094
61.9090690612793 440.2890930175781
61.84267807006836 440.30810546875
61.7783088684082 440.3331298828125
61.716461181640625 440.36395263671875
61.657737731933594 440.4002990722656
61.60258865356445 440.4418640136719
61.55147933959961 440.4883117675781
61.50484085083008 440.53924560546875
61.46306228637695 440.59423828125
61.42649459838867 440.65283203125
61.39544677734375 440.7145080566406
61.370182037353516 440.7787780761719
61.35091018676758 440.8450927734375
61.337791442871094 440.91290283203125
61.33086395263672 440.98236083984375
61.33030700683594 441.05340576171875
61.3363037109375 441.1249084472656
61.34891891479492 441.19622802734375
61.36808776855469 441.2664489746094
61.393760681152344 441.3351135253906
61.42570877075195 441.4013977050781
61.46367263793945 441.4646911621094
61.5073356628418 441.5243835449219
61.55259323120117 441.5756530761719
61.59943389892578 441.6197814941406
61.648109436035156 441.6578369140625
61.698265075683594 441.6900634765625
61.74958801269531 441.7166748046875
61.8026008605957 441.7381896972656
61.8564567565918 441.75439453125
61.91080856323242 441.765380859375
61.967933654785156 441.771484375
62.02836990356445 441.7723083496094
62.0943489074707 441.7671203613281
62.16284942626953 441.7553405761719
62.23234939575195 441.7366943359375
62.30389404296875 441.71026611328125
62.375484466552734 441.6761169433594
62.4462890625 441.634033203125
62.515777587890625 441.5837097167969
62.58281707763672 441.5252380371094
62.64717483520508 441.4580078125
62.708961486816406 441.3807067871094
62.765987396240234 441.29473876953125
62.81661605834961 441.20147705078125
62.8581657409668 441.10565185546875
62.89034652709961 441.0088195800781
62.91350555419922 440.9109191894531
62.92719268798828 440.81610107421875
62.93217849731445 440.72406005859375
62.92909622192383 440.63763427734375
62.9192008972168 440.5595397949219
62.90421676635742 440.4916687011719
62.883216857910156 440.4258728027344
62.85628128051758 440.3622741699219
62.82363510131836 440.3014221191406
62.78554916381836 440.2438049316406
62.742347717285156 440.1899108886719
62.694393157958984 440.14019775390625
62.642086029052734 440.0950927734375
62.58586883544922 440.0549621582031
62.526214599609375 440.0201721191406
62.463623046875 439.990966796875
62.39862060546875 439.9676208496094
62.331756591796875 439.9503479003906
62.263587951660156 439.93927001953125
62.1946907043457 439.9344787597656
62.12564468383789 439.9360046386719
62.057029724121094 439.94384765625
61.98942184448242 439.95794677734375
61.92338943481445 439.9781799316406
61.85948944091797 440.0043640136719
61.798255920410156 440.03631591796875
61.74020767211914 440.07373046875
61.685829162597656 440.1163024902344
61.63557815551758 440.1636657714844
61.58987808227539 440.2154541015625
61.549110412597656 440.2712097167969
61.51362228393555 440.3304443359375
61.483707427978516 440.3927001953125
61.45962142944336 440.4574279785156
61.441566467285156 440.5240783691406
61.429691314697266 440.59210205078125
61.42401123046875 440.6619567871094
61.42475128173828 440.7330322265625
61.43207550048828 440.8046569824219
61.44599151611328 440.875732421875
61.46649169921875 440.94580078125
61.49341583251953 441.0140075683594
61.52656555175781 441.0797119140625
61.565677642822266 441.1423034667969
61.609886169433594 441.2004699707031
61.655277252197266 441.2500305175781
61.70219802856445 441.2926330566406
61.75090789794922 441.3292541503906
61.801612854003906 441.3605041503906
61.85338592529297 441.3861389160156
61.9063606262207 441.406494140625
61.96017074584961 441.4216003417969
62.014373779296875 441.4314880371094
62.074005126953125 441.4367370605469
62.13715362548828 441.4364318847656
62.20314407348633 441.4300231933594
62.27147674560547 441.4169921875
62.342323303222656 441.3966064453125
62.413997650146484 441.36865234375
62.4857177734375 441.3328552246094
62.555877685546875 441.2894592285156
62.62497329711914 441.23748779296875
62.69105529785156 441.177734375
62.75530242919922 441.1081848144531
62.815635681152344 441.0299072265625
62.87285614013672 440.9402770996094
62.921791076660156 440.8463134765625
62.96159744262695 440.75
62.99201965332031 440.6528625488281
63.013092041015625 440.5562744140625
63.025081634521484 440.4615173339844
63.02836227416992 440.37152099609375
63.02395248413086 440.289306640625
63.012943267822266 440.2135314941406
62.996768951416016 440.14617919921875
62.97456359863281 440.0807800292969
62.94646072387695 440.0177001953125
62.91270065307617 439.95745849609375
62.87356185913086 439.9005432128906
62.829376220703125 439.84747314453125
62.780513763427734 439.7986755371094
62.727386474609375 439.7545471191406
62.670440673828125 439.7154846191406
62.61015701293945 439.6817932128906
62.54703903198242 439.65374755859375
