60.222190856933594 450.2259826660156
60.532257080078125 450.5645446777344
60.82356643676758 450.91937255859375
61.09526824951172 451.2894287109375
61.34656524658203 451.67364501953125
61.576725006103516 452.0708923339844
61.78507614135742 452.47998046875
61.97100830078125 452.8997497558594
62.133975982666016 453.3289489746094
62.273502349853516 453.7663269042969
62.389183044433594 454.2106018066406
62.480674743652344 454.6604919433594
62.54771423339844 455.11468505859375
62.59027862548828 455.5733337402344
62.60819625854492 456.03582763671875
62.601383209228516 456.51300048828125
62.56599044799805 457.08575439453125
62.50180435180664 457.71734619140625
62.41340637207031 458.3575439453125
62.29206085205078 459.0696716308594
62.15009689331055 459.78369140625
61.985652923583984 460.5101318359375
61.80216598510742 461.2347717285156
61.59877014160156 461.9615478515625
61.377296447753906 462.6842956542969
61.13741683959961 463.4042663574219
60.88008117675781 464.1187744140625
60.60548400878906 464.82733154296875
60.31381607055664 465.52947998046875
60.005279541015625 466.2247619628906
59.67991638183594 466.9131164550781
59.338157653808594 467.5936279296875
58.9802131652832 468.26593017578125
58.60624694824219 468.9296875
58.2165641784668 469.58441162109375
57.811397552490234 470.22967529296875
57.391414642333984 470.8644104003906
56.956871032714844 471.4881896972656
56.50880432128906 472.09942626953125
56.048789978027344 472.6958312988281
55.579673767089844 473.2734069824219
55.119834899902344 473.80877685546875
54.66990661621094 474.3005065917969
54.235679626464844 474.7423400878906
53.82001495361328 475.1323547363281
53.41756057739258 475.4772644042969
53.02241516113281 475.78399658203125
52.633453369140625 476.0551452636719
52.23665237426758 476.3016357421875
51.83070755004883 476.524658203125
51.415252685546875 476.7246398925781
50.990596771240234 476.9015197753906
50.557491302490234 477.0550537109375
50.1168327331543 477.1849365234375
49.66997146606445 477.290771484375
49.21809005737305 477.3722839355469
48.76246643066406 477.42926025390625
48.30400085449219 477.4615478515625
47.84196853637695 477.4691467285156
47.347801208496094 477.45147705078125
46.848541259765625 477.408447265625
46.35091018676758 477.3404541015625
45.85704803466797 477.24774169921875
45.368350982666016 477.1305847167969
44.88603210449219 476.9892578125
44.41107940673828 476.8240661621094
43.944915771484375 476.6354675292969
43.48825454711914 476.4237365722656
43.04270553588867 476.18963623046875
42.609535217285156 475.9338073730469
42.18976593017578 475.6568908691406
41.78422164916992 475.3594055175781
41.39423751831055 475.0423583984375
41.02056884765625 474.7063903808594
40.664119720458984 474.352294921875
40.32575988769531 473.98095703125
40.006317138671875 473.5932922363281
39.70658493041992 473.19024658203125
39.427345275878906 472.77288818359375
39.16925048828125 472.34222412109375
38.93330383300781 471.8999328613281
38.7199821472168 471.4469909667969
38.53104782104492 470.9874267578125
38.383304595947266 470.5660400390625
38.26179122924805 470.1457214355469
38.164894104003906 469.722412109375
38.0914421081543 469.29095458984375
38.040802001953125 468.8446350097656
38.01449966430664 468.3923645019531
38.01288986206055 467.9366760253906
38.03611755371094 467.4799499511719
38.084205627441406 467.02362060546875
38.15693283081055 466.5703430175781
38.25408935546875 466.12152099609375
38.375362396240234 465.6785888671875
38.5203857421875 465.2428894042969
38.6887321472168 464.8157043457031
38.879913330078125 464.39825439453125
39.093360900878906 463.9917907714844
39.328468322753906 463.59747314453125
39.58454895019531 463.2164306640625
39.86085510253906 462.84979248046875
40.156578063964844 462.4986267089844
40.47085189819336 462.1639404296875
40.802757263183594 461.84674072265625
41.15132141113281 461.5479431152344
41.51552963256836 461.2684326171875
41.89431381225586 461.009033203125
42.28656768798828 460.7704772949219
42.69114303588867 460.553466796875
43.10685729980469 460.358642578125
43.53249740600586 460.18658447265625
43.96681594848633 460.03778076171875
44.40854263305664 459.9126892089844
44.85638427734375 459.8116455078125
45.30903625488281 459.7349548339844
45.76517105102539 459.682861328125
46.223453521728516 459.6554870605469
46.68254470825195 459.6529235839844
47.1411018371582 459.6752014160156
47.59778594970703 459.72222900390625
48.05126190185547 459.79388427734375
48.50020217895508 459.88995361328125
48.94329071044922 460.0101318359375
49.379234313964844 460.1540832519531
49.806758880615234 460.3214111328125
50.224613189697266 460.5115966796875
50.63157653808594 460.7240905761719
51.026458740234375 460.9582824707031
51.408103942871094 461.2134704589844
51.775394439697266 461.4889221191406
52.12725830078125 461.7838134765625
52.46266555786133 462.0972900390625
52.780635833740234 462.4284362792969
53.08024215698242 462.77630615234375
53.36060333251953 463.1398620605469
53.62090301513672 463.5180358886719
53.86037826538086 463.90972900390625
54.078330993652344 464.31378173828125
54.27412033081055 464.7290344238281
54.447174072265625 465.1542663574219
54.596988677978516 465.5882263183594
54.72312545776367 466.0296630859375
54.825313568115234 466.4776611328125
54.90359115600586 466.9327697753906
54.961448669433594 467.4208068847656
55.00297546386719 467.9997863769531
55.02444839477539 468.64862060546875
55.02497100830078 469.35247802734375
55.00489807128906 470.0874328613281
54.965309143066406 470.82562255859375
54.905948638916016 471.5753479003906
54.82791519165039 472.32501220703125
54.73101806640625 473.0772399902344
54.615909576416016 473.8275451660156
54.482521057128906 474.5765686035156
54.33121871948242 475.32244873046875
54.16210174560547 476.064697265625
53.97528076171875 476.8028564453125
53.77081298828125 477.5367736816406
53.54891586303711 478.2656555175781
53.309722900390625 478.98907470703125
53.053428649902344 479.7064208984375
52.780174255371094 480.41729736328125
52.49013900756836 481.1212463378906
52.184051513671875 481.8163757324219
51.86178207397461 482.5028991699219
51.523681640625 483.17999267578125
51.17017364501953 483.8466796875
50.797035217285156 484.5111083984375
50.408729553222656 485.16546630859375
50.005706787109375 485.8089294433594
49.587013244628906 486.4430236816406
49.154727935791016 487.06451416015625
48.71654510498047 487.6618957519531
48.27467346191406 488.2315368652344
47.83287048339844 488.7679748535156
47.40314865112305 489.2562561035156
46.991004943847656 489.6905517578125
46.59379577636719 490.0750732421875
46.206111907958984 490.41693115234375
45.831703186035156 490.71502685546875
45.4426155090332 490.9929504394531
45.04728698730469 491.2450256347656
44.64238739013672 491.47381591796875
44.22934341430664 491.67877197265625
43.80638885498047 491.8609619140625
43.37434387207031 492.02001953125
42.934757232666016 492.1554260253906
42.48872756958008 492.266845703125
42.03746795654297 492.35400390625
41.5821647644043 492.4166564941406
41.12364196777344 492.4546813964844
40.658504486083984 492.4681701660156
40.1898193359375 492.456787109375
39.701812744140625 492.41943359375
39.2036018371582 492.3559265136719
38.708736419677734 492.26763916015625
38.218589782714844 492.1548156738281
37.73462677001953 492.01776123046875
37.257686614990234 491.8567199707031
36.78934097290039 491.6722106933594
36.3294563293457 491.4641418457031
35.879493713378906 491.2331237792969
35.43962478637695 490.9791564941406
35.01222610473633 490.7035217285156
34.60026931762695 490.4081726074219
34.204551696777344 490.09375
33.82571792602539 489.7608642578125
33.463623046875 489.409423828125
33.12001037597656 489.0411376953125
32.79549789428711 488.6567077636719
32.490760803222656 488.2569885253906
32.206443786621094 487.8428649902344
31.943416595458984 487.4156188964844
31.702314376831055 486.97637939453125
31.483495712280273 486.52581787109375
31.288225173950195 486.066650390625
31.117616653442383 485.60186767578125
30.969539642333984 485.1257019042969
30.854434967041016 484.6744079589844
30.7673397064209 484.2344665527344
30.703794479370117 483.78533935546875
30.664939880371094 483.33404541015625
30.65065574645996 482.8783264160156
30.661169052124023 482.427734375
30.695480346679688 481.9946594238281
30.754743576049805 481.5596008300781
30.840665817260742 481.1146545410156
30.951461791992188 480.67205810546875
31.086822509765625 480.2337646484375
31.245859146118164 479.8029479980469
31.427947998046875 479.38134765625
31.632535934448242 478.9702453613281
31.8590145111084 478.57086181640625
32.10673522949219 478.184326171875
32.3749885559082 477.8117370605469
32.66299057006836 477.4541931152344
32.96989822387695 477.1127624511719
33.29481506347656 476.7884216308594
33.63679122924805 476.48211669921875
33.99482345581055 476.1947326660156
34.36786651611328 475.9271240234375
34.75483322143555 475.6800842285156
35.15458679199219 475.4543151855469
35.56595993041992 475.25048828125
35.98775100708008 475.0692138671875
36.418724060058594 474.9109802246094
36.85762023925781 474.7762756347656
37.303157806396484 474.6654968261719
37.754032135009766 474.5789794921875
38.20892333984375 474.5169677734375
38.666500091552734 474.4796142578125
39.12542724609375 474.4670715332031
39.5843620300293 474.4793395996094
40.041961669921875 474.51641845703125
40.496891021728516 474.5781555175781
40.94781494140625 474.6643981933594
41.39341735839844 474.77490234375
41.832393646240234 474.9093322753906
42.26346206665039 475.0672912597656
42.685359954833984 475.2483215332031
43.09685516357422 475.451904296875
43.49674606323242 475.67742919921875
43.88385772705078 475.92425537109375
44.25706100463867 476.1916198730469
44.615264892578125 476.4787902832031
44.95742416381836 476.7848815917969
45.282535552978516 477.1090393066406
45.58964920043945 477.4502868652344
45.877864837646484 477.8076477050781
46.146339416503906 478.1800537109375
46.394290924072266 478.5664367675781
46.62099075317383 478.9656677246094
46.82577896118164 479.3765563964844
47.008056640625 479.79791259765625
47.16728973388672 480.228515625
47.30315399169922 480.6675109863281
47.41987609863281 481.13043212890625
47.52777862548828 481.66754150390625
47.62446975708008 482.2797546386719
47.7140007019043 482.9988708496094
47.78666687011719 483.7422180175781
47.841514587402344 484.4963684082031
47.87804412841797 485.25262451171875
47.8962516784668 486.0103759765625
47.89614486694336 486.7690734863281
47.87776565551758 487.5296936035156
47.84120178222656 488.2899169921875
47.78646469116211 489.04974365234375
47.71364212036133 489.80810546875
47.62278366088867 490.56451416015625
47.51395034790039 491.3184509277344
47.387210845947266 492.0694274902344
47.242942810058594 492.8149719238281
47.08099365234375 493.5556640625
46.901519775390625 494.29058837890625
46.70473098754883 495.0186462402344
46.4941291809082 495.72601318359375
46.26469039916992 496.428955078125
46.01945877075195 497.117919921875
45.75904083251953 497.79071044921875
45.48275375366211 498.44866943359375
45.186973571777344 499.1003112792969
44.855037689208984 499.78338623046875
44.50565719604492 500.46063232421875
44.14057159423828 501.1287841796875
43.760135650634766 501.787109375
43.363807678222656 502.4365234375
42.95465087890625 503.0718994140625
42.53367614746094 503.6913757324219
42.10435485839844 504.2894287109375
41.672428131103516 504.8574523925781
41.242488861083984 505.3888244628906
40.825157165527344 505.8702087402344
40.39087677001953 506.33587646484375
40.004600524902344 506.7174377441406
39.601932525634766 507.0803527832031
39.20851135253906 507.4024353027344
38.8153190612793 507.69268798828125
38.41962814331055 507.9542236328125
38.01590347290039 508.19140625
37.604270935058594 508.404541015625
37.18305206298828 508.5946960449219
36.75151443481445 508.7622375488281
36.311927795410156 508.90625
35.866424560546875 509.0260925292969
35.41518020629883 509.12176513671875
34.95995330810547 509.19293212890625
34.50148010253906 509.2394714355469
34.040714263916016 509.2612609863281
33.572120666503906 509.2583312988281
33.0882682800293 509.2299499511719
32.59196090698242 509.1754455566406
32.095314025878906 509.0956726074219
31.60268783569336 508.9912414550781
31.115447998046875 508.8623962402344
30.634748458862305 508.70941162109375
30.161592483520508 508.5325927734375
29.69699478149414 508.332275390625
29.24298667907715 508.10931396484375
28.79633331298828 507.8620300292969
28.36046600341797 507.59210205078125
27.924997329711914 507.2926330566406
27.50241470336914 506.9718017578125
27.100221633911133 506.6353759765625
26.712881088256836 506.27880859375
26.347660064697266 505.9089660644531
26.004716873168945 505.5263671875
25.67979621887207 505.12640380859375
25.38039779663086 504.7186279296875
25.098369598388672 504.29205322265625
24.841522216796875 503.8586120605469
24.606142044067383 503.412353515625
24.394819259643555 502.9583435058594
24.207122802734375 502.4960021972656
24.043224334716797 502.0259094238281
23.897005081176758 501.5291748046875
23.775941848754883 501.02984619140625
23.684654235839844 500.5499572753906
23.629053115844727 500.1353759765625
23.596494674682617 499.7063903808594
23.588054656982422 499.26739501953125
23.60431671142578 498.8231506347656
23.64545440673828 498.3770751953125
23.711078643798828 497.9344177246094
23.801612854003906 497.4929504394531
23.917194366455078 497.0531311035156
24.0507869720459 496.6396789550781
24.21331024169922 496.21844482421875
24.400306701660156 495.8028869628906
24.611122131347656 495.39508056640625
24.843746185302734 494.9991149902344
25.097389221191406 494.61639404296875
25.371318817138672 494.24798583984375
25.664764404296875 493.8948974609375
25.97686767578125 493.5581970214844
26.30671501159668 493.2388610839844
26.653343200683594 492.9378356933594
27.015737533569336 492.6559753417969
27.392837524414062 492.3941345214844
27.78354263305664 492.1530456542969
28.186708450317383 491.9334411621094
28.60115623474121 491.7359313964844
29.02567481994629 491.5611267089844
29.459022521972656 491.4095153808594
29.899930953979492 491.28155517578125
30.34711265563965 491.1776123046875
30.799257278442383 491.0980224609375
31.25504493713379 491.04296875
31.71314239501953 491.01263427734375
32.17220687866211 491.0071105957031
32.63090133666992 491.02642822265625
33.0878791809082 491.07049560546875
33.54180908203125 491.13922119140625
33.99135971069336 491.23236083984375
34.43521499633789 491.34967041015625
34.8720817565918 491.4908142089844
35.30067825317383 491.6553649902344
35.71975326538086 491.84283447265625
36.128082275390625 492.0527038574219
36.52446746826172 492.2843322753906
36.907752990722656 492.53704833984375
37.276817321777344 492.81011962890625
37.6306037902832 493.1027526855469
37.96806716918945 493.4140930175781
38.28822326660156 493.74322509765625
38.590126037597656 494.0892028808594
38.87289047241211 494.45098876953125
39.135677337646484 494.8275146484375
39.37771224975586 495.2176818847656
39.59830093383789 495.6203308105469
39.79678726196289 496.0343017578125
39.97329330444336 496.4599609375
40.13026428222656 496.9041442871094
40.31739807128906 497.5191345214844
40.49401092529297 498.1785888671875
40.66459655761719 498.89813232421875
40.814910888671875 499.6159362792969
40.944618225097656 500.3310241699219
41.05768585205078 501.06475830078125
41.151248931884766 501.7977294921875
41.22732162475586 502.5448913574219
41.28458023071289 503.29205322265625
41.32296371459961 504.0389099121094
41.34294891357422 504.79345703125
41.34441375732422 505.5478515625
41.327415466308594 506.3059997558594
41.2921028137207 507.0633544921875
41.23849105834961 507.81964111328125
41.1664924621582 508.5765075683594
41.076377868652344 509.3313293457031
40.968177795410156 510.08392333984375
40.84197998046875 510.8336486816406
40.69768142700195 511.58123779296875
40.535667419433594 512.32470703125
40.35580062866211 513.0647583007812
40.15830993652344 513.8004150390625
39.94332504272461 514.53125
39.71102523803711 515.2566528320312
39.462371826171875 515.9735107421875
39.197669982910156 516.6806030273438
38.92123031616211 517.36572265625
38.63060760498047 518.0341796875
38.31755447387695 518.7049560546875
37.97970962524414 519.3839111328125
37.624488830566406 520.0567626953125
37.253299713134766 520.7208862304688
36.86820602416992 521.3724975585938
36.470359802246094 522.0093383789062
36.06264114379883 522.6264038085938
35.63902282714844 523.2326049804688
35.23008728027344 523.783447265625
34.80464553833008 524.3203735351562
34.36256790161133 524.8435668945312
33.9337043762207 525.3176879882812
33.51960754394531 525.7415161132812
33.12055206298828 526.1163330078125
32.729270935058594 526.4507446289062
32.32695388793945 526.7619018554688
31.92223358154297 527.0438232421875
31.507841110229492 527.3021850585938
31.0902156829834 527.5335083007812
30.669139862060547 527.738525390625
30.23780632019043 527.9208374023438
29.79800796508789 528.0797729492188
29.351823806762695 528.214599609375
28.89891242980957 528.325439453125
28.442646026611328 528.4115600585938
27.981931686401367 528.4732055664062
27.517885208129883 528.5101928710938
27.05039405822754 528.5224609375
26.568946838378906 528.5098266601562
26.07109832763672 528.4713134765625
25.570947647094727 528.4074096679688
25.07394790649414 528.3187255859375
24.581518173217773 528.2054443359375
24.093975067138672 528.067626953125
23.614503860473633 527.9061279296875
23.141477584838867 527.7203979492188
22.67766761779785 527.5114135742188
22.21908950805664 527.2772827148438
21.771642684936523 527.020751953125
21.331092834472656 526.7392578125
20.889562606811523 526.427490234375
20.463594436645508 526.0972900390625
20.09437370300293 525.7864990234375
19.74882698059082 525.47412109375
19.377355575561523 525.1119995117188
19.082990646362305 524.803955078125
18.80994987487793 524.5011596679688
18.556655883789062 524.20458984375
18.26298713684082 523.8388671875
17.992971420288086 523.4783325195312
17.700143814086914 523.05615234375
17.43082618713379 522.6332397460938
17.1610107421875 522.1683959960938
16.909326553344727 521.6866455078125
16.6781005859375 521.1906127929688
16.6781005859375 521.1906127929688
16.6781005859375 521.1906127929688
16.51976776123047 520.6766357421875
16.51976776123047 520.6766357421875
16.51976776123047 520.6766357421875
16.51976776123047 520.6766357421875
16.51976776123047 520.6766357421875
16.502756118774414 520.3118286132812
16.508888244628906 519.9324340820312
16.538421630859375 519.5560302734375
16.59339714050293 519.1650390625
16.67141342163086 518.7808227539062
16.777997970581055 518.380126953125
16.913257598876953 517.9686889648438
17.074993133544922 517.5563354492188
17.261320114135742 517.1492309570312
17.473628997802734 516.7454223632812
17.704790115356445 516.358642578125
17.961448669433594 515.9779663085938
18.23834800720215 515.6116943359375
18.53460693359375 515.2609252929688
18.849374771118164 514.9266967773438
19.18174934387207 514.6099853515625
19.530757904052734 514.3117065429688
19.8953800201416 514.03271484375
20.27454948425293 513.7738647460938
20.667156219482422 513.535888671875
21.072053909301758 513.3194580078125
21.48805809020996 513.125244140625
21.913951873779297 512.9537963867188
22.34848976135254 512.8056640625
22.790401458740234 512.6812133789062
23.238393783569336 512.580810546875
23.6911563873291 512.5048217773438
24.147367477416992 512.453369140625
24.605690002441406 512.4266967773438
25.06478500366211 512.4248046875
25.5233097076416 512.44775390625
25.979923248291016 512.4954833984375
26.43330192565918 512.5678100585938
26.882280349731445 512.66455078125
27.32592010498047 512.7855834960938
27.763927459716797 512.9308471679688
28.197284698486328 513.100830078125
28.624740600585938 513.2953491210938
29.052230834960938 513.5176391601562
29.476642608642578 513.7667846679688
29.898759841918945 514.0439453125
30.318931579589844 514.35009765625
30.74321174621582 514.6907348632812
31.162561416625977 515.0595703125
31.572141647338867 515.4528198242188
31.973682403564453 515.8726196289062
32.36200714111328 516.3139038085938
32.691017150878906 516.7230224609375
32.98318099975586 517.1251220703125
33.23931121826172 517.5188598632812
33.470401763916016 517.9193725585938
33.67856979370117 518.3297119140625
33.86394500732422 518.7499389648438
34.0273551940918 519.1820678710938
34.16951370239258 519.6288452148438
34.307899475097656 520.1520385742188
34.43230438232422 520.7222290039062
34.542694091796875 521.3444213867188
34.62777328491211 521.9566040039062
34.69594192504883 522.6202392578125
34.74125289916992 523.2786254882812
34.76723861694336 523.982177734375
34.77244186401367 524.687255859375
34.756935119628906 525.3983154296875
34.72053909301758 526.1354370117188
34.664825439453125 526.8718872070312
34.58980941772461 527.6077880859375
34.49531936645508 528.3452758789062
34.38079833984375 529.090087890625
34.24798583984375 529.8316650390625
34.096595764160156 530.5717163085938
33.92710494995117 531.3080444335938
33.738956451416016 532.0433349609375
33.53316879272461 532.7738037109375
33.31026840209961 533.4974365234375
33.06938171386719 534.2171020507812
32.81183624267578 534.9288330078125
32.5370979309082 535.634033203125
32.24638366699219 536.3294067382812
31.943809509277344 537.0045776367188
31.627166748046875 537.6638793945312
31.300148010253906 538.299072265625
30.936904907226562 538.9608764648438
30.55858612060547 539.6116943359375
30.168560028076172 540.245361328125
29.771547317504883 540.8536987304688
29.357959747314453 541.4511108398438
28.941452026367188 542.0175170898438
28.5120849609375 542.5661010742188
28.06624984741211 543.1014404296875
27.663619995117188 543.5519409179688
27.241392135620117 543.9884643554688
26.835786819458008 544.374267578125
26.43979835510254 544.7177734375
26.002458572387695 545.0632934570312
25.577957153320312 545.3680419921875
25.140239715576172 545.651611328125
24.70815658569336 545.9024047851562
24.279510498046875 546.1228637695312
23.840593338012695 546.320556640625
23.397151947021484 546.4931030273438
22.946500778198242 546.6417236328125
22.48762321472168 546.7667846679688
22.02124786376953 546.8680419921875
21.54986000061035 546.94482421875
21.076757431030273 546.9967041015625
20.598222732543945 547.0239868164062
20.104206085205078 547.0267944335938
19.60787010192871 547.0045166015625
19.10110092163086 546.9564819335938
18.600765228271484 546.884033203125
18.106046676635742 546.7871704101562
17.60979461669922 546.6644287109375
17.119142532348633 546.5172729492188
16.631887435913086 546.344970703125
16.631887435913086 546.344970703125
16.631887435913086 546.344970703125
16.631887435913086 546.344970703125
16.631887435913086 546.344970703125
16.631887435913086 546.344970703125
16.631887435913086 546.344970703125
16.631887435913086 546.344970703125
16.631887435913086 546.344970703125
16.631887435913086 546.344970703125
16.631887435913086 546.344970703125
16.631887435913086 546.344970703125
16.631887435913086 546.344970703125
16.631887435913086 546.344970703125
16.631887435913086 546.344970703125
16.631887435913086 546.344970703125
16.631887435913086 546.344970703125
16.631887435913086 546.344970703125
16.631887435913086 546.344970703125
16.631887435913086 546.344970703125
16.631887435913086 546.344970703125
16.631887435913086 546.344970703125
16.631887435913086 546.344970703125
16.631887435913086 546.344970703125
16.631887435913086 546.344970703125
16.631887435913086 546.344970703125
16.631887435913086 546.344970703125
16.631887435913086 546.344970703125
16.631887435913086 546.344970703125
16.631887435913086 546.344970703125
16.631887435913086 546.344970703125
16.631887435913086 546.344970703125
16.631887435913086 546.344970703125
16.631887435913086 546.344970703125
16.631887435913086 546.344970703125
16.51018714904785 545.8355102539062
16.51018714904785 545.8355102539062
16.51018714904785 545.8355102539062
16.51018714904785 545.8355102539062
16.50105857849121 545.46142578125
16.51529312133789 545.0899658203125
16.552730560302734 544.72119140625
16.614917755126953 544.3443603515625
16.704326629638672 543.9525146484375
16.822731018066406 543.54541015625
16.968915939331055 543.1320190429688
17.140605926513672 542.7210083007812
17.338542938232422 542.31201171875
17.54965591430664 541.9312133789062
17.793004989624023 541.54443359375
18.0581111907959 541.1697998046875
18.34321403503418 540.8098754882812
18.647306442260742 540.4659423828125
18.969547271728516 540.138916015625
19.30899429321289 539.829833984375
19.664653778076172 539.53955078125
20.03548812866211 539.2689208984375
20.42041015625 539.0186767578125
20.818296432495117 538.7896118164062
21.227981567382812 538.5823974609375
21.64826774597168 538.3976440429688
22.077926635742188 538.2359008789062
22.515701293945312 538.0975952148438
22.960311889648438 537.983154296875
23.410457611083984 537.8929443359375
23.866310119628906 537.8269653320312
24.331844329833984 537.7848510742188
24.82987403869629 537.7656860351562
25.419038772583008 537.7698974609375
26.071842193603516 537.7992553710938
26.734195709228516 537.8517456054688
27.44087028503418 537.9299926757812
28.171232223510742 538.0313110351562
28.911617279052734 538.1534423828125
29.650585174560547 538.2943115234375
30.387435913085938 538.4537353515625
31.124387741088867 538.632080078125
31.858793258666992 538.82861328125
32.588600158691406 539.0427856445312
33.31334686279297 539.2744750976562
34.03298568725586 539.5236206054688
34.7465934753418 539.7898559570312
35.4537467956543 540.0730590820312
36.15402603149414 540.373046875
36.84701156616211 540.6896362304688
37.53227996826172 541.0226440429688
38.20936965942383 541.3718872070312
38.87785339355469 541.737060546875
39.53688049316406 542.1177978515625
40.187313079833984 542.5145263671875
40.8267936706543 542.9258422851562
41.45616912841797 543.3523559570312
42.0732307434082 543.7925415039062
42.670616149902344 544.2413940429688
43.24464416503906 544.696533203125
43.75701141357422 545.1282958984375
44.25326156616211 545.5753784179688
44.700775146484375 546.00830078125
45.06787109375 546.3947143554688
45.396217346191406 546.7755126953125
45.69401550292969 547.158447265625
45.96455383300781 547.5464477539062
46.21048355102539 547.9423828125
46.43285369873047 548.3472900390625
46.63280487060547 548.762939453125
46.80979919433594 549.1881103515625
46.963382720947266 549.62158203125
47.0932502746582 550.0623779296875
47.19907760620117 550.5093994140625
47.28058624267578 550.9614868164062
47.33753967285156 551.417236328125
47.369789123535156 551.8754272460938
47.377323150634766 552.3370361328125
47.359642028808594 552.8269653320312
47.31765365600586 553.3052978515625
47.25212097167969 553.7700805664062
47.16102600097656 554.2366333007812
47.04800033569336 554.6871337890625
46.911685943603516 555.1286010742188
46.75236511230469 555.560546875
46.56999969482422 555.9832153320312
46.36470413208008 556.3963012695312
46.13646697998047 556.799560546875
45.88566970825195 557.1920776367188
45.61338424682617 557.5719604492188
45.31829071044922 557.9407348632812
44.996883392333984 558.302001953125
44.62713623046875 558.6783447265625
44.24067306518555 559.0361938476562
43.81306076049805 559.3973388671875
43.36502456665039 559.7433471679688
42.90448760986328 560.0680541992188
42.46453857421875 560.3490600585938
42.029396057128906 560.5979614257812
41.59121322631836 560.820068359375
41.1523551940918 561.014892578125
40.71381759643555 561.1826171875
40.27228927612305 561.3250122070312
39.82506561279297 561.4431762695312
39.37331008911133 561.536865234375
38.917320251464844 561.6060791015625
38.458072662353516 561.650634765625
37.98468780517578 561.6712646484375
37.495445251464844 561.6671752929688
37.00770568847656 561.6381225585938
36.510887145996094 561.583251953125
36.01472473144531 561.5032348632812
35.52278518676758 561.3985595703125
35.03642654418945 561.26953125
34.55668258666992 561.1163940429688
34.08437728881836 560.9393920898438
33.62084197998047 560.739013671875
33.16674041748047 560.5154418945312
32.721946716308594 560.2685546875
32.28226852416992 559.9956665039062
31.85909652709961 559.7037353515625
31.453346252441406 559.3936157226562
31.062440872192383 559.0633544921875
30.690397262573242 558.7164306640625
30.337526321411133 558.3533325195312
30.00260353088379 557.9728393554688
29.689044952392578 557.5789184570312
29.39592742919922 557.1705932617188
29.12384796142578 556.748779296875
28.873350143432617 556.3143310546875
28.645299911499023 555.8688354492188
28.4403076171875 555.4136352539062
28.258974075317383 554.9501953125
28.101926803588867 554.4804077148438
27.964366912841797 553.9889526367188
27.861709594726562 553.53369140625
27.78783416748047 553.0962524414062
27.738021850585938 552.652587890625
27.71263885498047 552.2044067382812
27.711912155151367 551.7527465820312
27.735919952392578 551.3023071289062
27.78472137451172 550.8524780273438
27.858352661132812 550.4039306640625
27.953462600708008 549.9745483398438
28.074493408203125 549.5432739257812
28.221811294555664 549.11083984375
28.3931941986084 548.6848754882812
28.587383270263672 548.2687377929688
28.80377197265625 547.8637084960938
29.041702270507812 547.4710083007812
29.300491333007812 547.091796875
29.57940101623535 546.7271118164062
29.87761688232422 546.3780517578125
30.194265365600586 546.045654296875
30.52842140197754 545.7308349609375
30.879106521606445 545.4345092773438
31.245296478271484 545.1575927734375
31.62592124938965 544.90087890625
32.019866943359375 544.6651000976562
32.42597961425781 544.4509887695312
32.843074798583984 544.2591552734375
33.269927978515625 544.0901489257812
33.70529556274414 543.9444580078125
34.14790344238281 543.822509765625
34.59967041015625 543.723876953125
35.06118392944336 543.6487426757812
35.561279296875 543.593505859375
36.226253509521484 543.5479125976562
36.94119644165039 543.5210571289062
37.663021087646484 543.5142211914062
38.407352447509766 543.5270385742188
39.15388870239258 543.5588989257812
39.90793991088867 543.60986328125
40.661582946777344 543.6793212890625
41.41421890258789 543.7671508789062
42.167049407958984 543.8734130859375
42.917449951171875 543.9977416992188
43.665557861328125 544.14013671875
44.410179138183594 544.3003540039062
45.1508674621582 544.478271484375
45.88727569580078 544.673828125
46.618797302246094 544.8868408203125
47.34498596191406 545.1171875
48.06537628173828 545.36474609375
48.778594970703125 545.6290283203125
49.484615325927734 545.9100952148438
50.17936706542969 546.2063598632812
50.86863327026367 546.5203247070312
51.542564392089844 546.84765625
52.206295013427734 547.19091796875
52.874351501464844 547.5574951171875
53.533287048339844 547.939697265625
54.181663513183594 548.3367919921875
54.8183479309082 548.7481689453125
55.44474411010742 549.1746826171875
56.04883575439453 549.6084594726562
56.64109420776367 550.0571899414062
57.18329620361328 550.4924926757812
57.68339920043945 550.9212646484375
58.12938690185547 551.3330078125
58.523651123046875 551.7286987304688
58.87370300292969 552.1139526367188
59.18858337402344 552.4967651367188
59.473453521728516 552.8817138671875
59.733306884765625 553.2744140625
59.96898651123047 553.6753540039062
60.18183898925781 554.08642578125
60.37151336669922 554.5066528320312
60.53795623779297 554.9356689453125
60.68093490600586 555.3728637695312
60.8000602722168 555.8169555664062
60.89504623413086 556.266845703125
60.96556854248047 556.7210083007812
61.011470794677734 557.178466796875
61.032657623291016 557.638427734375
61.029319763183594 558.1179809570312
61.0009651184082 558.598876953125
60.946327209472656 559.0940551757812
60.86630630493164 559.5903930664062
60.76169204711914 560.082275390625
60.632728576660156 560.5685424804688
60.479713439941406 561.0479736328125
60.30309295654297 561.5192260742188
60.103389739990234 561.9808959960938
59.88108444213867 562.431884765625
59.63665008544922 562.8712768554688
59.37068557739258 563.2979736328125
59.083953857421875 563.7107543945312
58.777191162109375 564.1085815429688
58.451019287109375 564.4906616210938
58.10765075683594 564.8544921875
57.75076675415039 565.1964111328125
57.375755310058594 565.5210571289062
56.99562072753906 565.8175659179688
56.61233139038086 566.08544921875
56.22110366821289 566.3287353515625
55.81932067871094 566.5494384765625
55.40301513671875 566.7496948242188
54.9755859375 566.9276733398438
54.54283905029297 567.0811157226562
54.10292434692383 567.2107543945312
53.6564826965332 567.3164672851562
53.20463943481445 567.39794921875
52.73871994018555 567.4564208984375
52.255035400390625 567.4915771484375
51.75926208496094 567.5023193359375
51.25883865356445 567.488037109375
50.758113861083984 567.4486694335938
50.259857177734375 567.3844604492188
49.76536560058594 567.2955322265625
49.27587890625 567.18212890625
48.792564392089844 567.0444946289062
48.31654739379883 566.8829345703125
47.84913635253906 566.6979370117188
47.39149856567383 566.4899291992188
46.94482421875 566.2594604492188
46.510135650634766 566.007080078125
46.08865737915039 565.7334594726562
45.68129348754883 565.439208984375
45.28913879394531 565.1251220703125
44.913108825683594 564.7919311523438
44.55413055419922 564.4404907226562
44.21310043334961 564.0716552734375
43.89085388183594 563.6863403320312
43.58818817138672 563.2854614257812
43.30586242675781 562.8700561523438
43.0445671081543 562.441162109375
42.805458068847656 562.0006713867188
42.596954345703125 561.565185546875
42.42227554321289 561.1444091796875
42.27214431762695 560.7184448242188
42.14677810668945 560.2886352539062
42.0445556640625 559.849609375
41.966064453125 559.4030151367188
41.91178894042969 558.9507446289062
41.88197708129883 558.4935913085938
41.876949310302734 558.0349731445312
41.896751403808594 557.5762939453125
41.94132614135742 557.1192626953125
42.01054000854492 556.665283203125
42.10418701171875 556.2156982421875
42.221988677978516 555.7718505859375
42.36359786987305 555.3350830078125
42.52859878540039 554.9066162109375
42.71651077270508 554.4877319335938
42.926780700683594 554.07958984375
43.15880584716797 553.6834106445312
43.41190719604492 553.3003540039062
43.68534469604492 552.9315795898438
43.97831726074219 552.578125
44.28997039794922 552.2410278320312
44.61939239501953 551.9212646484375
44.96561813354492 551.6197509765625
45.32763671875 551.33740234375
45.70438766479492 551.0750732421875
46.09476852416992 550.83349609375
46.497642517089844 550.6133422851562
46.911827087402344 550.415283203125
47.33611297607422 550.2399291992188
47.76935958862305 550.0877075195312
48.21263122558594 549.9583740234375
48.67594909667969 549.8494873046875
49.33047866821289 549.7250366210938
49.99885940551758 549.6205444335938
50.71699523925781 549.5302734375
51.45993423461914 549.456787109375
52.21391677856445 549.4010620117188
52.97003936767578 549.3637084960938
53.72771072387695 549.3446655273438
54.48635482788086 549.3439331054688
55.24773406982422 549.3614501953125
56.00859069824219 549.3970947265625
56.76847457885742 549.4508666992188
57.52698516845703 549.5227661132812
58.28351593017578 549.6126708984375
59.0375862121582 549.7205810546875
59.78870391845703 549.8463745117188
60.53436279296875 549.9896850585938
61.2751350402832 550.1506958007812
62.01008987426758 550.3292236328125
62.73813247680664 550.5250854492188
63.4449348449707 550.734619140625
64.14017486572266 550.9609985351562
64.80952453613281 551.1998291015625
65.479248046875 551.4605712890625
66.12650299072266 551.734375
66.7800064086914 552.0333862304688
67.46456146240234 552.3683471679688
68.14099884033203 552.719482421875
68.80811309814453 553.0862426757812
69.46517944335938 553.46826171875
70.11155700683594 553.8651733398438
70.7444076538086 554.2753295898438
71.35944366455078 554.6961669921875
71.94931030273438 555.1229858398438
72.50300598144531 555.54833984375
73.01461791992188 555.9680786132812
73.47089385986328 556.3711547851562
73.8735122680664 556.7578125
74.23148345947266 557.1348266601562
74.5538101196289 557.5096435546875
74.84750366210938 557.888916015625
75.11531066894531 558.2750244140625
75.3600082397461 558.6712646484375
75.58160400390625 559.0772705078125
75.78068542480469 559.4938354492188
75.9570083618164 559.9203491210938
76.11024475097656 560.3560791015625
76.23958587646484 560.7986450195312
76.34481048583984 561.2471923828125
76.42572021484375 561.7008056640625
76.48204803466797 562.157958984375
76.51382446289062 562.6194458007812
76.52082824707031 563.08349609375
76.50293731689453 563.5494384765625
76.45819091796875 564.0439453125
76.38794708251953 564.5413208007812
76.2928695678711 565.0357055664062
76.17328643798828 565.525146484375
76.02954864501953 566.0081787109375
75.862060546875 566.4833984375
75.67066192626953 566.9512329101562
75.45564270019531 567.4107055664062
75.21793365478516 567.859619140625
74.95796966552734 568.2971801757812
74.6778335571289 568.7198486328125
74.37720489501953 569.1282348632812
74.057861328125 569.5199584960938
73.71944427490234 569.8955688476562
73.36389923095703 570.2528686523438
72.99192810058594 570.59130859375
72.60433959960938 570.9102172851562
72.2019271850586 571.208984375
71.78515625 571.4873046875
71.35694885253906 571.7432861328125
70.91500091552734 571.9783325195312
70.4642105102539 572.1898193359375
70.00596618652344 572.3773193359375
69.54151916503906 572.5404052734375
69.08721160888672 572.6740112304688
68.64013671875 572.7799682617188
68.18595123291016 572.8619995117188
67.69725036621094 572.9241333007812
67.20963287353516 572.9610595703125
66.72132110595703 572.9729614257812
66.22620391845703 572.9598999023438
65.72869110107422 572.9216918945312
65.233642578125 572.8585815429688
64.74059295654297 572.7705078125
64.25179290771484 572.6577758789062
63.76863098144531 572.5206909179688
63.29281234741211 572.3597412109375
62.82555389404297 572.17529296875
62.368019104003906 571.9678344726562
61.92136764526367 571.7378540039062
61.4867057800293 571.4859619140625
61.06511688232422 571.2127685546875
60.65764236450195 570.9189453125
60.26536560058594 570.6052856445312
59.88932800292969 570.2725830078125
59.53334045410156 569.9244384765625
59.213287353515625 569.5774536132812
58.917781829833984 569.220703125
58.64432144165039 568.851806640625
58.39129638671875 568.4688110351562
58.15926742553711 568.0725708007812
57.9489860534668 567.6643676757812
57.761070251464844 567.245361328125
57.5960693359375 566.8168334960938
57.4544677734375 566.3800048828125
57.3366813659668 565.9361572265625
57.24305725097656 565.486572265625
57.17387008666992 565.0325927734375
57.12931823730469 564.5755615234375
57.109535217285156 564.1167602539062
57.11457824707031 563.6575927734375
57.14442825317383 563.1994018554688
57.19900131225586 562.7435302734375
57.278133392333984 562.291259765625
57.381591796875 561.8439331054688
57.50907516479492 561.4028930664062
57.660213470458984 560.9693603515625
57.83456802368164 560.544677734375
58.03162384033203 560.1300048828125
58.25080871582031 559.7266235351562
58.491477966308594 559.335693359375
58.7529296875 558.9583129882812
59.034400939941406 558.5956420898438
59.33506774902344 558.2487182617188
59.654048919677734 557.9185180664062
59.990413665771484 557.6060791015625
60.343177795410156 557.312255859375
60.711307525634766 557.0379638671875
61.09373092651367 556.783935546875
61.48932647705078 556.5509643554688
61.89693832397461 556.3397216796875
62.315372467041016 556.1508178710938
62.74419403076172 555.9844970703125
63.214019775390625 555.8299560546875
63.86008071899414 555.6469116210938
64.5613021850586 555.4710083007812
65.2905044555664 555.3084716796875
66.02588653564453 555.1638793945312
66.77257537841797 555.0361328125
67.52509307861328 554.9259643554688
68.28031921386719 554.8338012695312
69.03778076171875 554.7597045898438
69.79700469970703 554.7036743164062
70.55793762207031 554.6657104492188
71.31959533691406 554.6458740234375
72.0815200805664 554.6441650390625
72.84001922607422 554.66064453125
73.59644317626953 554.6954345703125
74.35496520996094 554.7486572265625
75.10406494140625 554.819580078125
75.84757995605469 554.9087524414062
76.58404541015625 555.0160522460938
77.29067993164062 555.1385498046875
77.98819732666016 555.2800903320312
78.67671203613281 555.4407348632812
79.34939575195312 555.6190185546875
80.01519775390625 555.8173828125
80.67378234863281 556.0357055664062
81.32476043701172 556.27392578125
81.97490692138672 556.534423828125
82.6705551147461 556.8352661132812
83.36267852783203 557.1544799804688
84.04670715332031 557.4899291992188
84.72201538085938 557.84130859375
85.38630676269531 558.20751953125
86.0300521850586 558.58349609375
86.66905212402344 558.9785766601562
87.2918472290039 559.3857421875
87.88822937011719 559.798583984375
88.40878295898438 560.1836547851562
88.8717269897461 560.5540771484375
89.31771850585938 560.9418334960938
89.71529388427734 561.3187255859375
90.06990814208984 561.6880493164062
90.3910903930664 562.057861328125
90.68421173095703 562.432861328125
90.95233917236328 562.8159790039062
91.197998046875 563.210205078125
91.42142486572266 563.6156616210938
91.6229019165039 564.0327758789062
91.80340576171875 564.4639282226562
91.95982360839844 564.9017944335938
92.0929183959961 565.3483276367188
92.20136260986328 565.7990112304688
92.28570556640625 566.255859375
92.34520721435547 566.7147827148438
92.38002014160156 567.1766357421875
92.39007568359375 567.641357421875
92.37516784667969 568.117431640625
92.33421325683594 568.611572265625
92.2681655883789 569.1053466796875
92.17655181884766 569.6007690429688
92.06031799316406 570.091796875
91.91968536376953 570.5773315429688
91.75497436523438 571.0560913085938
91.56649017333984 571.527099609375
91.35492706298828 571.988525390625
91.1194839477539 572.44189453125
90.85972595214844 572.8876342773438
90.5771713256836 573.3228149414062
90.26443481445312 573.758056640625
89.93122863769531 574.1793823242188
89.58343505859375 574.5794677734375
89.21627807617188 574.9638671875
88.83031463623047 575.3319702148438
88.4336166381836 575.6762084960938
88.02747344970703 575.995849609375
87.6043701171875 576.2970581054688
87.1733627319336 576.5734252929688
86.7338638305664 576.8257446289062
86.28540802001953 577.0545043945312
85.82823181152344 577.2597045898438
85.35882568359375 577.4429321289062
84.8740234375 577.6051635742188
84.37151336669922 577.7467041015625
83.86801147460938 577.8627319335938
83.3770523071289 577.95068359375
82.88963317871094 578.0128173828125
82.4011001586914 578.0499877929688
81.90863037109375 578.0623168945312
81.4161605834961 578.0496826171875
80.92510986328125 578.0120849609375
80.43414306640625 577.9493408203125
79.94739532470703 577.8619995117188
79.46173095703125 577.7493286132812
78.97731018066406 577.6112060546875
78.49486541748047 577.447509765625
78.03763580322266 577.2664184570312
77.59243774414062 577.0632934570312
77.17094421386719 576.843994140625
76.77444458007812 576.6100463867188
76.39218139648438 576.3557739257812
76.02428436279297 576.0812377929688
75.67176818847656 575.7871704101562
75.33565521240234 575.4744873046875
75.01689910888672 575.14404296875
74.71641540527344 574.7968139648438
74.43513488769531 574.433837890625
74.17388916015625 574.0562133789062
73.93343353271484 573.6649780273438
73.7144775390625 573.2613525390625
73.51765441894531 572.8464965820312
73.34355163574219 572.421630859375
73.19266510009766 571.9879760742188
73.06544494628906 571.5468139648438
72.9622573852539 571.099365234375
72.88340759277344 570.6470336914062
72.8291244506836 570.1911010742188
72.79956817626953 569.73291015625
72.7948226928711 569.2738037109375
72.81489562988281 568.8151245117188
72.85973358154297 568.3582153320312
72.92920684814453 567.9044189453125
73.02310943603516 567.4550170898438
73.14116668701172 567.0113525390625
73.28303527832031 566.57470703125
73.44830322265625 566.1463623046875
73.63648223876953 565.7276000976562
73.8470230102539 565.3196411132812
74.07931518554688 564.9236450195312
74.33267211914062 564.540771484375
74.60635375976562 564.1721801757812
74.8995590209961 563.8189086914062
75.21143341064453 563.4819946289062
75.54106903076172 563.1624145507812
75.88749694824219 562.8611450195312
76.24970245361328 562.5790405273438
76.62662506103516 562.3169555664062
77.01716613769531 562.0756225585938
77.42018127441406 561.855712890625
77.8360824584961 561.6571044921875
78.28926849365234 561.46923828125
78.91822052001953 561.2388916015625
79.62545776367188 561.0031127929688
80.34092712402344 560.7845458984375
81.0704345703125 560.5812377929688
81.80778503417969 560.394775390625
82.54966735839844 560.2259521484375
83.29627990722656 560.07470703125
84.04634857177734 559.9412841796875
84.79930114746094 559.8257446289062
85.55230712890625 559.7285766601562
86.30952453613281 559.6492919921875
87.06336975097656 559.5886840820312
87.81610107421875 559.5466918945312
88.54440307617188 559.5249633789062
89.26683044433594 559.523193359375
89.98306274414062 559.5415649414062
90.69306945800781 559.5801391601562
91.38658905029297 559.6384887695312
92.07681274414062 559.7177734375
92.7634048461914 559.8179931640625
93.44483184814453 559.9389038085938
94.12207794189453 560.0807495117188
94.79438018798828 560.2432861328125
95.46144104003906 560.426513671875
96.12248992919922 560.6301879882812
96.77701568603516 560.8541870117188
97.47450256347656 561.1150512695312
98.18151092529297 561.3995361328125
98.881591796875 561.7007446289062
99.57353973388672 562.0182495117188
100.25712585449219 562.3518676757812
100.93245697021484 562.7017211914062
101.59085083007812 563.0634765625
102.229248046875 563.4357299804688
102.8456802368164 563.817626953125
103.42243957519531 564.1986694335938
103.94566345214844 564.5700073242188
104.4532241821289 564.9584350585938
104.90233612060547 565.3306274414062
105.2996826171875 565.6906127929688
105.64383697509766 566.034423828125
105.9694595336914 566.39501953125
106.2688980102539 566.763427734375
106.54446411132812 567.1416625976562
106.7994613647461 567.5338745117188
107.03357696533203 567.939697265625
107.24639129638672 568.3584594726562
107.43750762939453 568.78955078125
107.60523223876953 569.2293090820312
107.74945068359375 569.6773071289062
107.86915588378906 570.1301879882812
107.96479034423828 570.5894775390625
108.035400390625 571.0502319335938
108.08142852783203 571.514892578125
108.102783203125 571.9835815429688
108.09938049316406 572.4611206054688
108.07097625732422 572.9398803710938
108.01625061035156 573.4334106445312
107.93558502197266 573.93212890625
107.82994842529297 574.4284057617188
107.69985961914062 574.9195556640625
107.54569244384766 575.4039916992188
107.36795043945312 575.880126953125
107.16625213623047 576.348876953125
106.93984985351562 576.8115844726562
106.69052124023438 577.2642211914062
106.41622161865234 577.710205078125
106.12287139892578 578.1397094726562
105.79788208007812 578.5712890625
105.51055145263672 578.9236450195312
105.30609130859375 579.161865234375
105.04270935058594 579.4555053710938
104.78113555908203 579.7325439453125
104.52102661132812 579.9950561523438
104.26361083984375 580.2432861328125
104.0099868774414 580.4776611328125
104.0099868774414 580.4776611328125
104.0099868774414 580.4776611328125
104.0099868774414 580.4776611328125
104.0099868774414 580.4776611328125
104.0099868774414 580.4776611328125
104.0099868774414 580.4776611328125
104.0099868774414 580.4776611328125
104.0099868774414 580.4776611328125
104.0099868774414 580.4776611328125
104.0099868774414 580.4776611328125
104.0099868774414 580.4776611328125
104.0099868774414 580.4776611328125
104.0099868774414 580.4776611328125
104.0099868774414 580.4776611328125
104.0099868774414 580.4776611328125
104.0099868774414 580.4776611328125
104.0099868774414 580.4776611328125
104.0099868774414 580.4776611328125
104.0099868774414 580.4776611328125
104.0099868774414 580.4776611328125
103.61705780029297 580.486328125
103.22188568115234 580.4710693359375
102.80672454833984 580.4302978515625
102.38096618652344 580.363525390625
101.9689712524414 580.2744750976562
101.55738830566406 580.1603393554688
101.14332580566406 580.019775390625
100.73206329345703 579.85400390625
100.32232666015625 579.6619262695312
99.92056274414062 579.4461059570312
99.53544616699219 579.2112426757812
99.15705108642578 578.9512329101562
98.79322052001953 578.6710815429688
98.44511413574219 578.3717651367188
98.11370086669922 578.0540161132812
97.79994201660156 577.7188110351562
97.5047607421875 577.3671875
97.22901916503906 577.0001220703125
96.97352600097656 576.61865234375
96.73902893066406 576.2239379882812
96.52621459960938 575.817138671875
96.33570098876953 575.3994140625
96.16804504394531 574.9720458984375
96.02374267578125 574.5361938476562
95.90321350097656 574.0932006835938
95.80680847167969 573.6443481445312
95.73480224609375 573.19091796875
95.68741607666016 572.7342529296875
95.66478729248047 572.2756958007812
95.66697692871094 571.8165893554688
95.69397735595703 571.3582763671875
95.74571990966797 570.902099609375
95.8220443725586 570.4494018554688
95.9227294921875 570.00146484375
96.04747772216797 569.5596313476562
96.19593048095703 569.1251831054688
96.3676528930664 568.6994018554688
96.56214141845703 568.2835083007812
96.77882385253906 567.8787841796875
97.0170669555664 567.486328125
97.27617645263672 567.1073608398438
97.5553970336914 566.742919921875
97.85391235351562 566.3941040039062
98.17084503173828 566.0619506835938
98.5052719116211 565.7474365234375
98.85620880126953 565.451416015625
99.2226333618164 565.1748046875
99.60347747802734 564.9183959960938
99.99761962890625 564.6829833984375
100.40406799316406 564.4691162109375
100.87882232666016 564.2493896484375
101.49313354492188 563.9948120117188
102.18942260742188 563.7300415039062
102.90279388427734 563.4789428710938
103.62580871582031 563.2439575195312
104.35456848144531 563.0262451171875
105.08940124511719 562.82568359375
105.82888793945312 562.6427001953125
106.57254791259766 562.4773559570312
107.31981658935547 562.3297729492188
108.07019805908203 562.2000732421875
108.81890869140625 562.0891723632812
109.56793975830078 561.996826171875
110.31608581542969 561.9232788085938
111.03665161132812 561.8715209960938
111.75240325927734 561.8402709960938
112.46332550048828 561.82958984375
113.15875244140625 561.8397827148438
113.85245513916016 561.8711547851562
114.54407501220703 561.9236450195312
115.23211669921875 561.9971923828125
115.91746520996094 562.0918579101562
116.59949493408203 562.2075805664062
117.27758026123047 562.3442993164062
117.9510269165039 562.5018310546875
118.61927795410156 562.6800537109375
119.28175354003906 562.8787841796875
119.96697998046875 563.1064453125
120.68392181396484 563.3653564453125
121.3945083618164 563.6412353515625
122.0980453491211 563.9337768554688
122.79393768310547 564.2427978515625
123.48118591308594 564.56787109375
124.15807342529297 564.9082641601562
124.81155395507812 565.2576904296875
125.44827270507812 565.6199951171875
126.06182098388672 565.9918212890625
126.63128662109375 566.3609008789062
127.14384460449219 566.718994140625
127.60568237304688 567.0697631835938
128.0431671142578 567.4324340820312
128.43600463867188 567.7891235351562
128.78955078125 568.142822265625
129.11326599121094 568.5014038085938
129.4120330810547 568.8692016601562
129.6888885498047 569.2493896484375
129.9456787109375 569.6443481445312
130.17929077148438 570.0491943359375
130.3930206298828 570.4696044921875
130.583740234375 570.8995971679688
130.7535858154297 571.3443603515625
130.8992919921875 571.795654296875
131.02255249023438 572.2589721679688
131.11964416503906 572.7200317382812
131.1925506591797 573.1874389648438
131.24034118652344 573.6548461914062
131.26345825195312 574.1262817382812
131.2618865966797 574.6091918945312
131.2355194091797 575.0863037109375
131.1829833984375 575.5770874023438
131.10418701171875 576.0758056640625
131.0005645751953 576.5712890625
130.87179565429688 577.0646362304688
130.71885681152344 577.5515747070312
130.54197692871094 578.0313110351562
130.34170532226562 578.5023193359375
130.11875915527344 578.9628295898438
129.872314453125 579.4144287109375
129.6005096435547 579.8600463867188
129.30433654785156 580.2974853515625
129.30433654785156 580.2974853515625
129.30433654785156 580.2974853515625
129.30433654785156 580.2974853515625
129.16033935546875 580.467529296875
129.16033935546875 580.467529296875
129.16033935546875 580.467529296875
129.16033935546875 580.467529296875
129.16033935546875 580.467529296875
129.16033935546875 580.467529296875
129.16033935546875 580.467529296875
129.16033935546875 580.467529296875
129.16033935546875 580.467529296875
129.16033935546875 580.467529296875
129.16033935546875 580.467529296875
129.16033935546875 580.467529296875
129.16033935546875 580.467529296875
129.16033935546875 580.467529296875
129.16033935546875 580.467529296875
129.16033935546875 580.467529296875
129.16033935546875 580.467529296875
129.16033935546875 580.467529296875
129.16033935546875 580.467529296875
129.16033935546875 580.467529296875
129.16033935546875 580.467529296875
129.16033935546875 580.467529296875
129.16033935546875 580.467529296875
129.16033935546875 580.467529296875
129.16033935546875 580.467529296875
129.16033935546875 580.467529296875
129.16033935546875 580.467529296875
129.16033935546875 580.467529296875
129.16033935546875 580.467529296875
129.16033935546875 580.467529296875
128.71405029296875 580.4983520507812
128.71405029296875 580.4983520507812
128.34202575683594 580.4786987304688
127.95884704589844 580.4344482421875
127.58134460449219 580.3671264648438
127.18859100341797 580.272216796875
126.78132629394531 580.148193359375
126.36228942871094 579.9943237304688
125.94888305664062 579.8160400390625
125.54170227050781 579.6133422851562
125.16262817382812 579.3976440429688
124.77841186523438 579.1499633789062
124.4064712524414 578.880615234375
124.04972839355469 578.5916137695312
123.70914459228516 578.2837524414062
123.38570404052734 577.9579467773438
123.0803451538086 577.6151123046875
122.7939682006836 577.2562866210938
122.52740478515625 576.8825073242188
122.28144073486328 576.494873046875
122.05679321289062 576.094482421875
121.85411071777344 575.6825561523438
121.67399597167969 575.26025390625
121.51697540283203 574.828857421875
121.38350677490234 574.3895874023438
121.27397918701172 573.9437255859375
121.18871307373047 573.4926147460938
121.1279525756836 573.0375366210938
121.09188079833984 572.579833984375
121.08060455322266 572.120849609375
121.09415435791016 571.6619262695312
121.13249206542969 571.2044067382812
121.19550323486328 570.7496337890625
121.28300476074219 570.2989501953125
121.39474487304688 569.8536376953125
121.5303955078125 569.4150390625
121.6895523071289 568.9844360351562
121.87175750732422 568.5630493164062
122.07647705078125 568.152099609375
122.30310821533203 567.7528686523438
122.55099487304688 567.366455078125
122.81940460205078 566.9940185546875
123.10755920410156 566.6365966796875
123.41461181640625 566.2952880859375
123.73966979980469 565.9710693359375
124.08177947998047 565.6649169921875
124.43993377685547 565.377685546875
124.81311798095703 565.1102294921875
125.2005615234375 564.8630981445312
125.60083770751953 564.63720703125
126.0145263671875 564.432373046875
126.64408111572266 564.1532592773438
127.3227767944336 563.8755493164062
128.01255798339844 563.6143798828125
128.72389221191406 563.3655395507812
129.44651794433594 563.13232421875
130.17501831054688 562.9163818359375
130.9104766845703 562.7174072265625
131.65048217773438 562.5359497070312
132.3946075439453 562.3721923828125
133.1423797607422 562.2261962890625
133.89334106445312 562.0980834960938
134.64486694335938 561.98828125
135.3848114013672 561.8988037109375
136.12171936035156 561.828857421875
136.85430908203125 561.7787475585938
137.5815887451172 561.7485961914062
138.28260803222656 561.7395629882812
138.9906005859375 561.7513427734375
139.716064453125 561.783935546875
140.47506713867188 561.8375854492188
141.23345947265625 561.909423828125
141.9899139404297 561.9993286132812
142.7444305419922 562.1072387695312
143.49618530273438 562.2330322265625
144.24473571777344 562.376708984375
144.9896697998047 562.5381469726562
145.73056030273438 562.7172241210938
146.46685791015625 562.913818359375
147.1983184814453 563.1279296875
147.92446899414062 563.359375
148.64480590820312 563.6079711914062
149.3589630126953 563.8735961914062
150.06668090820312 564.1561889648438
150.7671356201172 564.4553833007812
151.45870971679688 564.7705688476562
152.14242553710938 565.1022338867188
152.81703186035156 565.4497680664062
153.4717559814453 565.8078002929688
154.08673095703125 566.1660766601562
154.6543731689453 566.520751953125
155.20091247558594 566.8883056640625
155.71253967285156 567.2593994140625
156.2162322998047 567.6535034179688
156.67623901367188 568.0424194335938
157.08470153808594 568.4183959960938
157.45654296875 568.7935180664062
157.7967071533203 569.1714477539062
158.11749267578125 569.565185546875
158.40855407714844 569.9613647460938
158.680419921875 570.3737182617188
158.92356872558594 570.7871704101562
159.14480590820312 571.2125854492188
159.34092712402344 571.6433715820312
159.5160369873047 572.0885009765625
159.66590881347656 572.5371704101562
159.792236328125 572.9940795898438
159.893310546875 573.4526977539062
159.9701385498047 573.9170532226562
160.02247619628906 574.38623046875
160.05043029785156 574.8628540039062
160.05361938476562 575.3457641601562
160.03173828125 575.8335571289062
159.9838104248047 576.3355102539062
159.91116333007812 576.8336181640625
159.8129425048828 577.3330078125
159.68992614746094 577.8287963867188
159.54302978515625 578.3172607421875
159.3716583251953 578.8001708984375
159.177734375 579.2720947265625
158.95904541015625 579.73828125
158.71644592285156 580.1964721679688
158.71644592285156 580.1964721679688
158.71644592285156 580.1964721679688
158.71644592285156 580.1964721679688
158.71644592285156 580.1964721679688
158.5260009765625 580.427978515625
158.5260009765625 580.427978515625
158.5260009765625 580.427978515625
158.5260009765625 580.427978515625
158.5260009765625 580.427978515625
158.5260009765625 580.427978515625
158.5260009765625 580.427978515625
158.5260009765625 580.427978515625
158.5260009765625 580.427978515625
158.5260009765625 580.427978515625
158.5260009765625 580.427978515625
158.5260009765625 580.427978515625
158.5260009765625 580.427978515625
158.5260009765625 580.427978515625
158.5260009765625 580.427978515625
158.5260009765625 580.427978515625
158.5260009765625 580.427978515625
158.5260009765625 580.427978515625
158.5260009765625 580.427978515625
158.5260009765625 580.427978515625
158.5260009765625 580.427978515625
158.5260009765625 580.427978515625
158.5260009765625 580.427978515625
158.5260009765625 580.427978515625
158.5260009765625 580.427978515625
158.5260009765625 580.427978515625
158.5260009765625 580.427978515625
158.5260009765625 580.427978515625
158.5260009765625 580.427978515625
158.5260009765625 580.427978515625
158.5260009765625 580.427978515625
158.5260009765625 580.427978515625
158.5260009765625 580.427978515625
158.0373992919922 580.47509765625
157.67239379882812 580.4893188476562
157.30296325683594 580.4803466796875
156.9249267578125 580.4474487304688
156.5312957763672 580.3887939453125
156.144775390625 580.3070678710938
155.741943359375 580.1965942382812
155.32972717285156 580.0576782226562
154.9177703857422 579.8926391601562
154.51156616210938 579.703125
154.10971069335938 579.4880981445312
153.72386169433594 579.253662109375
153.3450164794922 578.9942626953125
152.980712890625 578.7147216796875
152.63211059570312 578.4159545898438
152.3001708984375 578.0988159179688
151.98585510253906 577.76416015625
151.69009399414062 577.4130249023438
151.4137420654297 577.04638671875
151.15762329101562 576.6653442382812
150.92247009277344 576.2710571289062
150.70896911621094 575.8646240234375
150.51776123046875 575.447265625
150.34939575195312 575.0201416015625
150.20436096191406 574.5845336914062
150.0830841064453 574.1417236328125
149.9859161376953 573.6929931640625
149.91314697265625 573.2396850585938
149.864990234375 572.7831420898438
149.84158325195312 572.3246459960938
149.84300231933594 571.8655395507812
149.86923217773438 571.4071655273438
149.9202117919922 570.950927734375
149.9957733154297 570.4981079101562
150.095703125 570.0499877929688
150.21971130371094 569.6079711914062
150.367431640625 569.1732788085938
150.53843688964844 568.7471923828125
150.7322235107422 568.3309936523438
150.94822692871094 567.9259033203125
151.18582153320312 567.5330810546875
151.44430541992188 567.1536865234375
151.72300720214844 566.7886352539062
152.022216796875 566.437744140625
152.34359741210938 566.099365234375
152.71754455566406 565.7437744140625
153.15914916992188 565.360107421875
153.62451171875 564.9880981445312
154.1595458984375 564.5918579101562
154.71580505371094 564.2075805664062
155.3227996826172 563.8146362304688
155.94505310058594 563.4356079101562
156.58157348632812 563.0709838867188
157.2416534423828 562.7152099609375
157.90879821777344 562.376953125
158.58912658691406 562.0530395507812
159.2759552001953 561.7466430664062
159.9763641357422 561.4544677734375
160.6841278076172 561.1790771484375
161.3987579345703 560.9205932617188
162.11976623535156 560.67919921875
162.8458251953125 560.455322265625
163.57620239257812 560.2492065429688
164.31187438964844 560.0606079101562
165.04713439941406 559.8910522460938
165.78451538085938 559.7400512695312
166.52500915527344 559.607421875
167.25193786621094 559.496337890625
167.97731018066406 559.4052124023438
168.66409301757812 559.3390502929688
169.34701538085938 559.2947998046875
170.0634765625 559.2698364257812
170.73077392578125 559.2671508789062
171.33116149902344 559.2867431640625
171.98263549804688 559.3323364257812
172.61856079101562 559.3995361328125
173.19021606445312 559.482666015625
173.80172729492188 559.5967407226562
174.3527069091797 559.7228393554688
174.8876953125 559.870361328125
175.42987060546875 560.0457153320312
176.0150604248047 560.2613525390625
176.53245544433594 560.4763793945312
177.0443115234375 560.7158813476562
177.53453063964844 560.97216796875
178.07949829101562 561.2860717773438
178.5844268798828 561.6035766601562
179.069580078125 561.9369506835938
179.5792694091797 562.3170776367188
180.1172332763672 562.747314453125
180.61314392089844 563.1714477539062
181.06248474121094 563.5853271484375
181.46206665039062 563.9850463867188
181.84793090820312 564.4058837890625
182.21954345703125 564.8475341796875
182.55075073242188 565.2782592773438
182.8616180419922 565.7232055664062
183.12387084960938 566.1400146484375
183.3644561767578 566.5692749023438
183.57884216308594 567.00244140625
183.76773071289062 567.4398803710938
183.93222045898438 567.8834838867188
184.07151794433594 568.3303833007812
184.18663024902344 568.7832641601562
184.27740478515625 569.2413330078125
184.34332275390625 569.7015991210938
184.38462829589844 570.1656494140625
184.40142822265625 570.63671875
184.39346313476562 571.1267700195312
184.36033630371094 571.6203002929688
184.30226135253906 572.1122436523438
184.21824645996094 572.6089477539062
184.10928344726562 573.10302734375
183.97573852539062 573.5924072265625
183.8185577392578 574.0736083984375
183.63699340820312 574.548828125
183.43218994140625 575.0148315429688
183.20375061035156 575.472412109375
182.95278930664062 575.919189453125
182.674560546875 576.3629760742188
182.3689727783203 576.8031005859375
182.05868530273438 577.2112426757812
181.80320739746094 577.5247802734375
181.54937744140625 577.81982421875
181.29954528808594 578.095947265625
180.9886016845703 578.420654296875
180.68069458007812 578.7225952148438
180.37745666503906 579.0029296875
180.0800018310547 579.2631225585938
179.78900146484375 579.5048828125
179.4225616455078 579.79150390625
179.06268310546875 580.0542602539062
178.70957946777344 580.2957153320312
178.70957946777344 580.2957153320312
178.70957946777344 580.2957153320312
178.70957946777344 580.2957153320312
178.70957946777344 580.2957153320312
178.70957946777344 580.2957153320312
178.19873046875 580.4989624023438
178.19873046875 580.4989624023438
178.19873046875 580.4989624023438
178.19873046875 580.4989624023438
178.19873046875 580.4989624023438
178.19873046875 580.4989624023438
178.19873046875 580.4989624023438
178.19873046875 580.4989624023438
177.82008361816406 580.4869384765625
177.44471740722656 580.4515991210938
177.05545043945312 580.390625
176.67324829101562 580.3067016601562
176.2750701904297 580.1940307617188
175.8662567138672 580.0524291992188
175.45672607421875 579.8842163085938
175.04510498046875 579.6880493164062
174.64454650878906 579.4696655273438
174.26148986816406 579.2327880859375
173.88475036621094 578.9703979492188
173.52268981933594 578.68798828125
173.17648315429688 578.386474609375
172.84707641601562 578.0667114257812
172.5354461669922 577.7295532226562
172.24249267578125 577.3760986328125
171.9690704345703 577.00732421875
171.7159881591797 576.624267578125
171.48397827148438 576.2280883789062
171.2737274169922 575.8199462890625
171.08584594726562 575.4010620117188
170.92088317871094 574.9725952148438
170.77932739257812 574.535888671875
170.66159057617188 574.0921630859375
170.56800842285156 573.6427001953125
170.4988555908203 573.1888427734375
170.454345703125 572.73193359375
170.43460083007812 572.2732543945312
170.43968200683594 571.814208984375
170.46957397460938 571.3560791015625
170.52418518066406 570.9002685546875
170.6033477783203 570.4480590820312
170.70684814453125 570.0007934570312
170.83438110351562 569.5597534179688
170.98556518554688 569.1262817382812
171.1599578857422 568.7015991210938
171.35731506347656 568.286376953125
171.58078002929688 567.8746948242188
171.84242248535156 567.44677734375
172.1653594970703 566.9695434570312
172.56387329101562 566.4256591796875
173.01426696777344 565.8477172851562
173.49200439453125 565.2662353515625
173.98541259765625 564.6949462890625
174.49343872070312 564.135009765625
175.01564025878906 563.5868530273438
175.55160522460938 563.0509033203125
176.10250854492188 562.52587890625
176.66641235351562 562.0136108398438
177.2420196533203 561.5151977539062
177.82974243164062 561.0303344726562
178.4288330078125 560.5595703125
179.0389404296875 560.1032104492188
179.65972900390625 559.6614990234375
180.29078674316406 559.2347412109375
180.9317169189453 558.8232421875
181.57814025878906 558.4298706054688
182.23204040527344 558.0535278320312
182.89236450195312 557.6948852539062
183.5631103515625 557.351806640625
184.23924255371094 557.0269165039062
184.91725158691406 556.7219848632812
185.60560607910156 556.4332885742188
186.31503295898438 556.1560668945312
187.03121948242188 555.8956909179688
187.75331115722656 555.6524658203125
188.48023986816406 555.4267578125
189.19859313964844 555.222900390625
189.9213104248047 555.0374755859375
190.62191772460938 554.8775634765625
191.27133178710938 554.7503662109375
191.8094940185547 554.6669921875
192.397705078125 554.6016845703125
192.98574829101562 554.5606689453125
193.4828338623047 554.5487670898438
193.97373962402344 554.5618286132812
194.44583129882812 554.5989379882812
194.9076385498047 554.6599731445312
195.3644561767578 554.7454223632812
195.811767578125 554.854248046875
196.2519989013672 554.9868774414062
196.6844940185547 555.1431274414062
197.10818481445312 555.3225708007812
197.52166748046875 555.524658203125
197.9243927001953 555.7491455078125
198.31556701660156 555.9956665039062
198.6918182373047 556.2620849609375
199.05447387695312 556.5493774414062
199.4046173095703 556.858642578125
199.735107421875 557.18359375
200.04800415039062 557.526123046875
200.3450164794922 557.8883056640625
200.62005615234375 558.2627563476562
200.8745880126953 558.6513061523438
201.10791015625 559.0527954101562
201.3196258544922 559.4666748046875
201.50991821289062 559.8933715820312
201.67916870117188 560.3343505859375
201.82354736328125 560.7796630859375
201.9428253173828 561.2278442382812
202.03782653808594 561.681396484375
202.10858154296875 562.140625
202.15464782714844 562.6029052734375
202.17672729492188 563.0784912109375
202.17420959472656 563.5730590820312
202.1466827392578 564.0682373046875
202.09385681152344 564.566162109375
202.01593017578125 565.063232421875
201.91339111328125 565.555908203125
201.7864227294922 566.0433349609375
201.63531494140625 566.5242309570312
201.46043395996094 566.9974365234375
201.26185607910156 567.4625854492188
201.04034423828125 567.9177856445312
200.79339599609375 568.3677978515625
200.52447509765625 568.805908203125
200.22401428222656 569.2468872070312
199.9031219482422 569.6737670898438
199.56639099121094 570.0806274414062
199.20945739746094 570.4727783203125
198.84494018554688 570.8367919921875
198.46205139160156 571.1837768554688
198.0670166015625 571.50830078125
197.65554809570312 571.81396484375
197.22857666015625 572.0999755859375
196.79246520996094 572.3621826171875
196.34689331054688 572.6010131835938
195.8935546875 572.8157958984375
195.43235778808594 573.0067138671875
194.9628448486328 573.174072265625
194.4650421142578 573.3244018554688
193.96275329589844 573.4500732421875
193.48048400878906 573.545654296875
193.03759765625 573.6092529296875
192.6028594970703 573.6470947265625
192.1683349609375 573.6603393554688
191.7264404296875 573.64892578125
191.28155517578125 573.6126708984375
190.8399200439453 573.5519409179688
190.3991241455078 573.4662475585938
189.95697021484375 573.3549194335938
189.54014587402344 573.2250366210938
189.12002563476562 573.0679321289062
188.70115661621094 572.8846435546875
188.291259765625 572.6781005859375
187.89291381835938 572.4495849609375
187.5075225830078 572.1998901367188
187.13626098632812 571.9298095703125
186.7801513671875 571.6400756835938
186.4402313232422 571.3314819335938
186.11749267578125 571.0049438476562
185.8128662109375 570.6614379882812
185.52725219726562 570.302001953125
185.26148986816406 569.9276733398438
185.016357421875 569.5394897460938
184.7925567626953 569.1386108398438
184.59075927734375 568.7262573242188
184.4115447998047 568.3035888671875
184.2554473876953 567.871826171875
184.12290954589844 567.4322509765625
184.0143280029297 566.9861450195312
183.93002319335938 566.5348510742188
183.8702392578125 566.0796508789062
183.83514404296875 565.6218872070312
183.82484436035156 565.1629028320312
183.83938598632812 564.7040405273438
183.8787078857422 564.2466430664062
183.9427032470703 563.7920532226562
184.0311737060547 563.341552734375
184.1438751220703 562.896484375
184.28045654296875 562.4581909179688
184.44058227539062 562.0277709960938
184.62416076660156 561.6055908203125
184.85569763183594 561.1395874023438
185.16458129882812 560.5783081054688
185.53192138671875 559.95849609375
185.93165588378906 559.3229370117188
186.34805297851562 558.696044921875
186.78067016601562 558.0783081054688
187.2296905517578 557.4694213867188
187.69393920898438 556.8709106445312
188.17466735839844 556.281005859375
188.66810607910156 555.704345703125
189.17684936523438 555.1378784179688
189.69906616210938 554.5836181640625
190.23443603515625 554.0418701171875
190.78269958496094 553.5128784179688
191.3433380126953 552.9971313476562
191.91598510742188 552.4949951171875
192.50033569335938 552.0067749023438
193.095947265625 551.5327758789062
193.69537353515625 551.0791625976562
194.30288696289062 550.6428833007812
194.91738891601562 550.224853515625
195.5377655029297 549.8259887695312
196.16929626464844 549.4429321289062
196.80552673339844 549.0797119140625
197.4226837158203 548.750244140625
198.05812072753906 548.4347534179688
198.73135375976562 548.1232299804688
199.43063354492188 547.8204345703125
200.1366729736328 547.5344848632812
200.84857177734375 547.2657470703125
201.56341552734375 547.0154418945312
202.2747802734375 546.7859497070312
202.99969482421875 546.57177734375
203.7175750732422 546.3790893554688
204.43492126464844 546.2063598632812
205.1194610595703 546.061767578125
205.69839477539062 545.9608764648438
206.21603393554688 545.8942260742188
206.7008514404297 545.8561401367188
207.21299743652344 545.8416137695312
207.68429565429688 545.8521728515625
