60.62606430053711 450.625244140625
61.2529411315918 451.24969482421875
61.8806266784668 451.8733215332031
62.50912094116211 452.4961242675781
63.13842010498047 453.1181335449219
63.768524169921875 453.73931884765625
64.3994369506836 454.35968017578125
65.0311508178711 454.9792175292969
65.66366577148438 455.5979309082031
66.29698181152344 456.2158508300781
66.93109893798828 456.83294677734375
67.5660171508789 457.44921875
68.20173645019531 458.0646667480469
68.83824920654297 458.6792907714844
69.4755630493164 459.2930908203125
70.1136703491211 459.9060363769531
70.75257110595703 460.5181579589844
71.39226531982422 461.12945556640625
72.03275299072266 461.73992919921875
72.67402648925781 462.3495788574219
73.31609344482422 462.9584045410156
73.95894622802734 463.5663757324219
74.60259246826172 464.17352294921875
75.24702453613281 464.77984619140625
75.89224243164062 465.38531494140625
76.53824615478516 465.9899597167969
77.18502807617188 466.59375
77.83259582519531 467.19671630859375
78.48094177246094 467.798828125
79.13006591796875 468.4001159667969
79.77997589111328 469.00054931640625
80.4306640625 469.6001281738281
81.08212280273438 470.1988830566406
81.73435974121094 470.7967834472656
82.38737487792969 471.3938293457031
83.0411605834961 471.99005126953125
83.69571685791016 472.5854187011719
84.35104370117188 473.179931640625
85.00714111328125 473.7735900878906
85.66400909423828 474.36639404296875
86.32164764404297 474.9583435058594
86.98004913330078 475.5494384765625
87.63922119140625 476.1396789550781
88.29915618896484 476.72906494140625
88.95985412597656 477.3175964355469
89.6213150024414 477.9052734375
90.28353881835938 478.4920959472656
90.94651794433594 479.07806396484375
91.61026000976562 479.6631774902344
92.2747573852539 480.2474365234375
92.94001770019531 480.830810546875
93.60603332519531 481.413330078125
94.2728042602539 481.9949951171875
94.94032287597656 482.5757751464844
95.60859680175781 483.15570068359375
96.27761840820312 483.7347717285156
96.94739532470703 484.3129577636719
97.617919921875 484.8902893066406
98.28919219970703 485.46673583984375
98.96121215820312 486.0423278808594
99.63397979736328 486.6170349121094
100.30748748779297 487.19085693359375
100.98174285888672 487.7638244628906
101.65673828125 488.3359069824219
102.33247375488281 488.9071044921875
103.00894927978516 489.4774475097656
103.68616485595703 490.0469055175781
104.36412048339844 490.615478515625
105.04280853271484 491.18316650390625
105.72223663330078 491.7499694824219
106.40239715576172 492.31591796875
107.08329010009766 492.8809814453125
107.7649154663086 493.4451599121094
108.44727325439453 494.0084533691406
109.13035583496094 494.57086181640625
109.81417083740234 495.13238525390625
110.49871063232422 495.6930236816406
111.18397521972656 496.2527770996094
111.86996459960938 496.8116149902344
112.55667877197266 497.36956787109375
113.2441177368164 497.9266357421875
113.93228149414062 498.4828186035156
114.62116241455078 499.0381164550781
115.31076049804688 499.5924987792969
116.00108337402344 500.14599609375
116.69212341308594 500.6986083984375
117.38387298583984 501.25030517578125
118.07633972167969 501.8011169433594
118.76952362060547 502.35101318359375
119.46341705322266 502.9000244140625
120.15802001953125 503.4481201171875
120.85333251953125 503.9953308105469
121.54935455322266 504.5416259765625
122.24608612060547 505.0870361328125
122.94352722167969 505.63153076171875
123.64167022705078 506.1751403808594
124.34051513671875 506.71783447265625
125.04006958007812 507.2596130371094
125.74032592773438 507.80047607421875
126.44127655029297 508.3404541015625
127.14292907714844 508.8795166015625
127.84528350830078 509.41766357421875
128.54833984375 509.95489501953125
129.25209045410156 510.4912109375
129.95652770996094 511.026611328125
130.6616668701172 511.56109619140625
131.36749267578125 512.0946655273438
132.07400512695312 512.6273193359375
132.78121948242188 513.1590576171875
133.48912048339844 513.6898803710938
134.1977081298828 514.2197875976562
134.906982421875 514.748779296875
135.616943359375 515.2767944335938
136.3275909423828 515.8038940429688
137.03892517089844 516.330078125
137.75094604492188 516.8553466796875
138.46365356445312 517.379638671875
139.1770477294922 517.9030151367188
139.89112854003906 518.4254150390625
140.60589599609375 518.9468994140625
141.32135009765625 519.4674072265625
142.03749084472656 519.9869384765625
142.7543182373047 520.5054931640625
143.47183227539062 521.0230712890625
144.19003295898438 521.5396728515625
144.90892028808594 522.0552368164062
145.62852478027344 522.56982421875
146.34872436523438 523.0833740234375
147.06954956054688 523.5958251953125
147.791015625 524.1072387695312
148.51303100585938 524.6174926757812
149.23585510253906 525.1267700195312
149.959228515625 525.6348876953125
150.68319702148438 526.1417846679688
151.40708923339844 526.64697265625
152.1318359375 527.1510009765625
152.85704040527344 527.6535034179688
153.58229064941406 528.1541748046875
154.30584716796875 528.6514282226562
155.02870178222656 529.1456298828125
155.75157165527344 529.636962890625
156.47335815429688 530.1243286132812
157.19400024414062 530.6072998046875
157.9136199951172 531.0855102539062
158.63363647460938 531.5595703125
159.35073852539062 532.02685546875
160.068359375 532.4890747070312
160.7869873046875 532.9462890625
161.50753784179688 533.39892578125
162.2296905517578 533.8466796875
162.9541015625 534.2899169921875
163.68167114257812 534.7291259765625
164.41146850585938 535.163818359375
165.14312744140625 535.5936889648438
165.87686157226562 536.0187377929688
166.61282348632812 536.4390258789062
167.3509521484375 536.8544921875
168.09161376953125 537.2652587890625
168.834716796875 537.6713256835938
169.58033752441406 538.0726928710938
170.32850646972656 538.4694213867188
171.0791473388672 538.8613891601562
171.8320770263672 539.24853515625
172.58743286132812 539.6309204101562
173.3451385498047 540.008544921875
174.1051788330078 540.38134765625
174.86756896972656 540.7493286132812
175.6322479248047 541.1124877929688
176.3992156982422 541.4708251953125
177.1684112548828 541.8242797851562
177.9398193359375 542.1729125976562
178.71340942382812 542.5166625976562
179.48916625976562 542.8555297851562
180.26702880859375 543.189453125
181.0469970703125 543.5184936523438
181.8290252685547 543.8425903320312
182.6130828857422 544.1617431640625
183.39915466308594 544.4758911132812
184.1871795654297 544.7850952148438
184.97714233398438 545.0892944335938
185.76901245117188 545.3885498046875
186.56275939941406 545.6828002929688
187.3583526611328 545.9719848632812
188.15574645996094 546.2561645507812
188.95492553710938 546.5352783203125
189.75584411621094 546.8093872070312
190.55848693847656 547.0784301757812
191.36280822753906 547.3423461914062
192.1687774658203 547.6011962890625
192.9763641357422 547.85498046875
193.78553771972656 548.1036376953125
194.5962677001953 548.34716796875
195.40850830078125 548.5855712890625
196.22222900390625 548.81884765625
197.03741455078125 549.0469970703125
197.85403442382812 549.2699584960938
198.6720428466797 549.48779296875
199.4914093017578 549.700439453125
200.31210327148438 549.9078979492188
201.13404846191406 550.1101684570312
201.95724487304688 550.3072509765625
202.78170776367188 550.4990844726562
203.6072998046875 550.6856689453125
204.4340362548828 550.8670043945312
205.26190185546875 551.0430908203125
206.0908660888672 551.2139282226562
206.9209747314453 551.3795166015625
207.75201416015625 551.5398559570312
208.58404541015625 551.6948852539062
209.4167938232422 551.8445434570312
210.25047302246094 551.9888305664062
211.08505249023438 552.1277465820312
211.92050170898438 552.2612915039062
212.7567596435547 552.389404296875
213.59381103515625 552.5121459960938
214.43162536621094 552.6294555664062
215.26950073242188 552.7412109375
216.10806274414062 552.8473510742188
216.94793701171875 552.9480590820312
217.78842163085938 553.0433349609375
218.62860107421875 553.1329345703125
219.46932983398438 553.2168579101562
220.31065368652344 553.2951049804688
221.15277099609375 553.3677368164062
221.9958953857422 553.434814453125
222.8396759033203 553.4963989257812
223.6846923828125 553.5526123046875
224.55836486816406 553.6068115234375
225.44140625 553.659912109375
226.32794189453125 553.7124633789062
227.2155303955078 553.7646484375
228.05978393554688 553.811279296875
228.90577697753906 553.8524169921875
228.90577697753906 553.8524169921875
228.90577697753906 553.8524169921875
228.90577697753906 553.8524169921875
228.90577697753906 553.8524169921875
228.90577697753906 553.8524169921875
228.90577697753906 553.8524169921875
228.90577697753906 553.8524169921875
228.90577697753906 553.8524169921875
228.90577697753906 553.8524169921875
228.90577697753906 553.8524169921875
228.90577697753906 553.8524169921875
228.90577697753906 553.8524169921875
228.90577697753906 553.8524169921875
228.90577697753906 553.8524169921875
228.90577697753906 553.8524169921875
228.90577697753906 553.8524169921875
228.90577697753906 553.8524169921875
228.90577697753906 553.8524169921875
228.90577697753906 553.8524169921875
228.90577697753906 553.8524169921875
228.90577697753906 553.8524169921875
228.90577697753906 553.8524169921875
228.90577697753906 553.8524169921875
228.90577697753906 553.8524169921875
228.90577697753906 553.8524169921875
228.90577697753906 553.8524169921875
228.90577697753906 553.8524169921875
228.90577697753906 553.8524169921875
228.90577697753906 553.8524169921875
228.90577697753906 553.8524169921875
228.90577697753906 553.8524169921875
228.90577697753906 553.8524169921875
228.90577697753906 553.8524169921875
228.90577697753906 553.8524169921875
228.90577697753906 553.8524169921875
228.90577697753906 553.8524169921875
228.90577697753906 553.8524169921875
228.90577697753906 553.8524169921875
228.90577697753906 553.8524169921875
228.90577697753906 553.8524169921875
228.90577697753906 553.8524169921875
228.90577697753906 553.8524169921875
228.90577697753906 553.8524169921875
228.90577697753906 553.8524169921875
228.90577697753906 553.8524169921875
228.90577697753906 553.8524169921875
228.90577697753906 553.8524169921875
228.90577697753906 553.8524169921875
228.90577697753906 553.8524169921875
228.90577697753906 553.8524169921875
228.90577697753906 553.8524169921875
228.90577697753906 553.8524169921875
228.90577697753906 553.8524169921875
228.90577697753906 553.8524169921875
228.90577697753906 553.8524169921875
228.90577697753906 553.8524169921875
228.90577697753906 553.8524169921875
228.90577697753906 553.8524169921875
228.90577697753906 553.8524169921875
228.90577697753906 553.8524169921875
228.90577697753906 553.8524169921875
228.90577697753906 553.8524169921875
228.90577697753906 553.8524169921875
228.90577697753906 553.8524169921875
228.90577697753906 553.8524169921875
228.90577697753906 553.8524169921875
228.90577697753906 553.8524169921875
228.90577697753906 553.8524169921875
228.90577697753906 553.8524169921875
228.90577697753906 553.8524169921875
228.90577697753906 553.8524169921875
228.90577697753906 553.8524169921875
228.90577697753906 553.8524169921875
228.90577697753906 553.8524169921875
228.90577697753906 553.8524169921875
228.90577697753906 553.8524169921875
228.90577697753906 553.8524169921875
228.90577697753906 553.8524169921875
228.90577697753906 553.8524169921875
228.90577697753906 553.8524169921875
228.90577697753906 553.8524169921875
228.90577697753906 553.8524169921875
228.90577697753906 553.8524169921875
228.90577697753906 553.8524169921875
228.90577697753906 553.8524169921875
228.90577697753906 553.8524169921875
228.90577697753906 553.8524169921875
228.90577697753906 553.8524169921875
228.90577697753906 553.8524169921875
228.90577697753906 553.8524169921875
228.90577697753906 553.8524169921875
228.90577697753906 553.8524169921875
228.90577697753906 553.8524169921875
228.90577697753906 553.8524169921875
228.90577697753906 553.8524169921875
228.90577697753906 553.8524169921875
228.90577697753906 553.8524169921875
228.90577697753906 553.8524169921875
228.90577697753906 553.8524169921875
228.90577697753906 553.8524169921875
228.90577697753906 553.8524169921875
228.90577697753906 553.8524169921875
228.90577697753906 553.8524169921875
228.90577697753906 553.8524169921875
228.90577697753906 553.8524169921875
228.90577697753906 553.8524169921875
228.90577697753906 553.8524169921875
228.90577697753906 553.8524169921875
228.90577697753906 553.8524169921875
228.90577697753906 553.8524169921875
228.90577697753906 553.8524169921875
228.90577697753906 553.8524169921875
228.90577697753906 553.8524169921875
228.90577697753906 553.8524169921875
228.90577697753906 553.8524169921875
228.90577697753906 553.8524169921875
228.90577697753906 553.8524169921875
228.90577697753906 553.8524169921875
228.90577697753906 553.8524169921875
228.90577697753906 553.8524169921875
228.90577697753906 553.8524169921875
228.90577697753906 553.8524169921875
228.90577697753906 553.8524169921875
228.90577697753906 553.8524169921875
228.90577697753906 553.8524169921875
228.90577697753906 553.8524169921875
228.90577697753906 553.8524169921875
228.90577697753906 553.8524169921875
228.90577697753906 553.8524169921875
228.90577697753906 553.8524169921875
228.90577697753906 553.8524169921875
228.90577697753906 553.8524169921875
228.90577697753906 553.8524169921875
228.90577697753906 553.8524169921875
228.90577697753906 553.8524169921875
228.90577697753906 553.8524169921875
228.90577697753906 553.8524169921875
228.90577697753906 553.8524169921875
228.90577697753906 553.8524169921875
228.90577697753906 553.8524169921875
228.90577697753906 553.8524169921875
228.90577697753906 553.8524169921875
228.90577697753906 553.8524169921875
228.90577697753906 553.8524169921875
228.90577697753906 553.8524169921875
228.90577697753906 553.8524169921875
228.90577697753906 553.8524169921875
228.90577697753906 553.8524169921875
228.90577697753906 553.8524169921875
228.90577697753906 553.8524169921875
228.90577697753906 553.8524169921875
228.90577697753906 553.8524169921875
228.90577697753906 553.8524169921875
228.90577697753906 553.8524169921875
228.90577697753906 553.8524169921875
228.90577697753906 553.8524169921875
228.90577697753906 553.8524169921875
228.90577697753906 553.8524169921875
228.90577697753906 553.8524169921875
228.90577697753906 553.8524169921875
228.90577697753906 553.8524169921875
228.90577697753906 553.8524169921875
228.90577697753906 553.8524169921875
228.90577697753906 553.8524169921875
228.90577697753906 553.8524169921875
228.90577697753906 553.8524169921875
228.90577697753906 553.8524169921875
228.90577697753906 553.8524169921875
228.90577697753906 553.8524169921875
228.90577697753906 553.8524169921875
228.90577697753906 553.8524169921875
228.90577697753906 553.8524169921875
228.90577697753906 553.8524169921875
228.90577697753906 553.8524169921875
228.90577697753906 553.8524169921875
228.90577697753906 553.8524169921875
228.90577697753906 553.8524169921875
228.90577697753906 553.8524169921875
228.90577697753906 553.8524169921875
228.90577697753906 553.8524169921875
228.90577697753906 553.8524169921875
228.90577697753906 553.8524169921875
228.90577697753906 553.8524169921875
228.90577697753906 553.8524169921875
228.90577697753906 553.8524169921875
228.90577697753906 553.8524169921875
228.90577697753906 553.8524169921875
228.90577697753906 553.8524169921875
228.90577697753906 553.8524169921875
228.90577697753906 553.8524169921875
228.90577697753906 553.8524169921875
228.90577697753906 553.8524169921875
228.90577697753906 553.8524169921875
228.90577697753906 553.8524169921875
228.90577697753906 553.8524169921875
228.90577697753906 553.8524169921875
228.90577697753906 553.8524169921875
228.90577697753906 553.8524169921875
228.90577697753906 553.8524169921875
228.90577697753906 553.8524169921875
228.90577697753906 553.8524169921875
228.90577697753906 553.8524169921875
228.90577697753906 553.8524169921875
228.90577697753906 553.8524169921875
228.90577697753906 553.8524169921875
228.90577697753906 553.8524169921875
228.90577697753906 553.8524169921875
228.90577697753906 553.8524169921875
228.90577697753906 553.8524169921875
228.90577697753906 553.8524169921875
228.90577697753906 553.8524169921875
228.90577697753906 553.8524169921875
228.90577697753906 553.8524169921875
228.90577697753906 553.8524169921875
228.90577697753906 553.8524169921875
228.90577697753906 553.8524169921875
228.90577697753906 553.8524169921875
228.90577697753906 553.8524169921875
228.90577697753906 553.8524169921875
228.90577697753906 553.8524169921875
228.90577697753906 553.8524169921875
228.90577697753906 553.8524169921875
228.90577697753906 553.8524169921875
228.90577697753906 553.8524169921875
228.90577697753906 553.8524169921875
228.90577697753906 553.8524169921875
228.90577697753906 553.8524169921875
228.90577697753906 553.8524169921875
228.90577697753906 553.8524169921875
228.90577697753906 553.8524169921875
228.90577697753906 553.8524169921875
228.90577697753906 553.8524169921875
228.90577697753906 553.8524169921875
228.90577697753906 553.8524169921875
228.90577697753906 553.8524169921875
228.90577697753906 553.8524169921875
228.90577697753906 553.8524169921875
228.90577697753906 553.8524169921875
228.90577697753906 553.8524169921875
228.90577697753906 553.8524169921875
228.90577697753906 553.8524169921875
228.90577697753906 553.8524169921875
228.90577697753906 553.8524169921875
228.90577697753906 553.8524169921875
228.90577697753906 553.8524169921875
228.90577697753906 553.8524169921875
228.90577697753906 553.8524169921875
228.90577697753906 553.8524169921875
228.90577697753906 553.8524169921875
228.90577697753906 553.8524169921875
228.90577697753906 553.8524169921875
228.90577697753906 553.8524169921875
228.90577697753906 553.8524169921875
228.90577697753906 553.8524169921875
228.90577697753906 553.8524169921875
228.90577697753906 553.8524169921875
228.90577697753906 553.8524169921875
228.90577697753906 553.8524169921875
228.90577697753906 553.8524169921875
228.90577697753906 553.8524169921875
228.90577697753906 553.8524169921875
228.90577697753906 553.8524169921875
228.90577697753906 553.8524169921875
228.90577697753906 553.8524169921875
228.90577697753906 553.8524169921875
228.90577697753906 553.8524169921875
228.90577697753906 553.8524169921875
228.90577697753906 553.8524169921875
228.90577697753906 553.8524169921875
228.90577697753906 553.8524169921875
228.90577697753906 553.8524169921875
228.90577697753906 553.8524169921875
228.90577697753906 553.8524169921875
228.90577697753906 553.8524169921875
228.90577697753906 553.8524169921875
228.90577697753906 553.8524169921875
228.90577697753906 553.8524169921875
228.90577697753906 553.8524169921875
228.90577697753906 553.8524169921875
228.90577697753906 553.8524169921875
229.70867919921875 553.4969482421875
230.5026397705078 553.1416625976562
231.3064422607422 552.779052734375
232.11434936523438 552.4129638671875
232.11434936523438 552.4129638671875
232.11434936523438 552.4129638671875
232.11434936523438 552.4129638671875
232.11434936523438 552.4129638671875
232.11434936523438 552.4129638671875
232.11434936523438 552.4129638671875
232.11434936523438 552.4129638671875
232.11434936523438 552.4129638671875
232.11434936523438 552.4129638671875
232.11434936523438 552.4129638671875
232.11434936523438 552.4129638671875
232.11434936523438 552.4129638671875
232.11434936523438 552.4129638671875
232.11434936523438 552.4129638671875
232.11434936523438 552.4129638671875
232.11434936523438 552.4129638671875
232.11434936523438 552.4129638671875
232.11434936523438 552.4129638671875
232.11434936523438 552.4129638671875
232.11434936523438 552.4129638671875
232.11434936523438 552.4129638671875
232.11434936523438 552.4129638671875
232.11434936523438 552.4129638671875
232.11434936523438 552.4129638671875
232.11434936523438 552.4129638671875
232.11434936523438 552.4129638671875
232.11434936523438 552.4129638671875
232.11434936523438 552.4129638671875
232.11434936523438 552.4129638671875
232.11434936523438 552.4129638671875
232.11434936523438 552.4129638671875
232.11434936523438 552.4129638671875
232.11434936523438 552.4129638671875
232.11434936523438 552.4129638671875
232.11434936523438 552.4129638671875
232.11434936523438 552.4129638671875
232.11434936523438 552.4129638671875
232.11434936523438 552.4129638671875
232.11434936523438 552.4129638671875
232.11434936523438 552.4129638671875
232.11434936523438 552.4129638671875
232.11434936523438 552.4129638671875
232.11434936523438 552.4129638671875
232.11434936523438 552.4129638671875
232.11434936523438 552.4129638671875
232.11434936523438 552.4129638671875
232.11434936523438 552.4129638671875
232.11434936523438 552.4129638671875
232.11434936523438 552.4129638671875
232.11434936523438 552.4129638671875
232.11434936523438 552.4129638671875
232.11434936523438 552.4129638671875
232.11434936523438 552.4129638671875
232.11434936523438 552.4129638671875
232.11434936523438 552.4129638671875
232.11434936523438 552.4129638671875
232.11434936523438 552.4129638671875
232.11434936523438 552.4129638671875
232.11434936523438 552.4129638671875
232.11434936523438 552.4129638671875
232.11434936523438 552.4129638671875
232.11434936523438 552.4129638671875
232.11434936523438 552.4129638671875
232.11434936523438 552.4129638671875
232.11434936523438 552.4129638671875
232.11434936523438 552.4129638671875
232.11434936523438 552.4129638671875
232.11434936523438 552.4129638671875
232.11434936523438 552.4129638671875
232.11434936523438 552.4129638671875
232.11434936523438 552.4129638671875
232.11434936523438 552.4129638671875
232.11434936523438 552.4129638671875
232.11434936523438 552.4129638671875
232.11434936523438 552.4129638671875
232.11434936523438 552.4129638671875
232.11434936523438 552.4129638671875
232.11434936523438 552.4129638671875
232.11434936523438 552.4129638671875
232.11434936523438 552.4129638671875
232.11434936523438 552.4129638671875
232.11434936523438 552.4129638671875
232.11434936523438 552.4129638671875
232.11434936523438 552.4129638671875
232.11434936523438 552.4129638671875
232.11434936523438 552.4129638671875
232.11434936523438 552.4129638671875
232.11434936523438 552.4129638671875
232.11434936523438 552.4129638671875
232.11434936523438 552.4129638671875
232.11434936523438 552.4129638671875
232.11434936523438 552.4129638671875
232.11434936523438 552.4129638671875
232.11434936523438 552.4129638671875
232.11434936523438 552.4129638671875
232.11434936523438 552.4129638671875
232.11434936523438 552.4129638671875
232.11434936523438 552.4129638671875
232.11434936523438 552.4129638671875
232.11434936523438 552.4129638671875
232.11434936523438 552.4129638671875
232.11434936523438 552.4129638671875
232.11434936523438 552.4129638671875
232.11434936523438 552.4129638671875
232.11434936523438 552.4129638671875
232.11434936523438 552.4129638671875
232.11434936523438 552.4129638671875
232.11434936523438 552.4129638671875
232.11434936523438 552.4129638671875
232.11434936523438 552.4129638671875
232.11434936523438 552.4129638671875
232.11434936523438 552.4129638671875
232.11434936523438 552.4129638671875
232.11434936523438 552.4129638671875
232.11434936523438 552.4129638671875
232.11434936523438 552.4129638671875
232.11434936523438 552.4129638671875
232.11434936523438 552.4129638671875
232.11434936523438 552.4129638671875
232.11434936523438 552.4129638671875
232.11434936523438 552.4129638671875
232.11434936523438 552.4129638671875
232.11434936523438 552.4129638671875
232.11434936523438 552.4129638671875
232.11434936523438 552.4129638671875
232.11434936523438 552.4129638671875
232.11434936523438 552.4129638671875
232.11434936523438 552.4129638671875
232.11434936523438 552.4129638671875
232.11434936523438 552.4129638671875
232.11434936523438 552.4129638671875
232.11434936523438 552.4129638671875
232.11434936523438 552.4129638671875
232.11434936523438 552.4129638671875
232.11434936523438 552.4129638671875
232.11434936523438 552.4129638671875
232.11434936523438 552.4129638671875
232.11434936523438 552.4129638671875
232.11434936523438 552.4129638671875
232.11434936523438 552.4129638671875
232.11434936523438 552.4129638671875
232.11434936523438 552.4129638671875
232.11434936523438 552.4129638671875
232.11434936523438 552.4129638671875
232.11434936523438 552.4129638671875
232.11434936523438 552.4129638671875
232.11434936523438 552.4129638671875
232.11434936523438 552.4129638671875
232.11434936523438 552.4129638671875
232.11434936523438 552.4129638671875
232.11434936523438 552.4129638671875
232.11434936523438 552.4129638671875
232.11434936523438 552.4129638671875
232.11434936523438 552.4129638671875
232.11434936523438 552.4129638671875
232.11434936523438 552.4129638671875
232.11434936523438 552.4129638671875
232.11434936523438 552.4129638671875
232.11434936523438 552.4129638671875
232.11434936523438 552.4129638671875
232.11434936523438 552.4129638671875
232.11434936523438 552.4129638671875
232.11434936523438 552.4129638671875
232.11434936523438 552.4129638671875
232.11434936523438 552.4129638671875
232.11434936523438 552.4129638671875
232.11434936523438 552.4129638671875
232.11434936523438 552.4129638671875
232.11434936523438 552.4129638671875
232.11434936523438 552.4129638671875
232.11434936523438 552.4129638671875
232.11434936523438 552.4129638671875
232.11434936523438 552.4129638671875
232.11434936523438 552.4129638671875
232.11434936523438 552.4129638671875
232.11434936523438 552.4129638671875
232.11434936523438 552.4129638671875
232.11434936523438 552.4129638671875
232.11434936523438 552.4129638671875
232.11434936523438 552.4129638671875
232.11434936523438 552.4129638671875
232.11434936523438 552.4129638671875
232.11434936523438 552.4129638671875
232.11434936523438 552.4129638671875
232.11434936523438 552.4129638671875
232.11434936523438 552.4129638671875
232.11434936523438 552.4129638671875
232.11434936523438 552.4129638671875
232.11434936523438 552.4129638671875
232.11434936523438 552.4129638671875
232.11434936523438 552.4129638671875
232.11434936523438 552.4129638671875
232.11434936523438 552.4129638671875
232.11434936523438 552.4129638671875
232.11434936523438 552.4129638671875
232.11434936523438 552.4129638671875
232.11434936523438 552.4129638671875
232.11434936523438 552.4129638671875
232.11434936523438 552.4129638671875
232.11434936523438 552.4129638671875
232.11434936523438 552.4129638671875
232.11434936523438 552.4129638671875
232.11434936523438 552.4129638671875
232.11434936523438 552.4129638671875
232.11434936523438 552.4129638671875
232.11434936523438 552.4129638671875
232.11434936523438 552.4129638671875
232.11434936523438 552.4129638671875
232.11434936523438 552.4129638671875
232.11434936523438 552.4129638671875
232.11434936523438 552.4129638671875
232.11434936523438 552.4129638671875
232.11434936523438 552.4129638671875
232.11434936523438 552.4129638671875
232.11434936523438 552.4129638671875
232.11434936523438 552.4129638671875
232.11434936523438 552.4129638671875
232.11434936523438 552.4129638671875
232.11434936523438 552.4129638671875
232.11434936523438 552.4129638671875
232.11434936523438 552.4129638671875
232.11434936523438 552.4129638671875
232.11434936523438 552.4129638671875
232.11434936523438 552.4129638671875
232.11434936523438 552.4129638671875
232.11434936523438 552.4129638671875
232.11434936523438 552.4129638671875
232.11434936523438 552.4129638671875
232.11434936523438 552.4129638671875
232.11434936523438 552.4129638671875
232.11434936523438 552.4129638671875
232.11434936523438 552.4129638671875
232.11434936523438 552.4129638671875
232.11434936523438 552.4129638671875
232.11434936523438 552.4129638671875
232.11434936523438 552.4129638671875
232.11434936523438 552.4129638671875
232.11434936523438 552.4129638671875
232.11434936523438 552.4129638671875
232.11434936523438 552.4129638671875
232.11434936523438 552.4129638671875
232.11434936523438 552.4129638671875
232.11434936523438 552.4129638671875
232.11434936523438 552.4129638671875
232.11434936523438 552.4129638671875
232.11434936523438 552.4129638671875
232.11434936523438 552.4129638671875
232.11434936523438 552.4129638671875
232.11434936523438 552.4129638671875
232.11434936523438 552.4129638671875
232.11434936523438 552.4129638671875
232.11434936523438 552.4129638671875
232.11434936523438 552.4129638671875
232.11434936523438 552.4129638671875
232.11434936523438 552.4129638671875
232.11434936523438 552.4129638671875
232.11434936523438 552.4129638671875
232.11434936523438 552.4129638671875
232.11434936523438 552.4129638671875
232.11434936523438 552.4129638671875
232.11434936523438 552.4129638671875
232.11434936523438 552.4129638671875
232.11434936523438 552.4129638671875
232.11434936523438 552.4129638671875
232.11434936523438 552.4129638671875
232.11434936523438 552.4129638671875
232.11434936523438 552.4129638671875
232.11434936523438 552.4129638671875
232.11434936523438 552.4129638671875
232.11434936523438 552.4129638671875
232.11434936523438 552.4129638671875
232.11434936523438 552.4129638671875
232.11434936523438 552.4129638671875
232.11434936523438 552.4129638671875
232.11434936523438 552.4129638671875
232.11434936523438 552.4129638671875
232.11434936523438 552.4129638671875
232.11434936523438 552.4129638671875
232.11434936523438 552.4129638671875
232.11434936523438 552.4129638671875
232.11434936523438 552.4129638671875
232.11434936523438 552.4129638671875
232.11434936523438 552.4129638671875
232.11434936523438 552.4129638671875
232.11434936523438 552.4129638671875
232.11434936523438 552.4129638671875
232.11434936523438 552.4129638671875
232.11434936523438 552.4129638671875
232.11434936523438 552.4129638671875
232.11434936523438 552.4129638671875
232.11434936523438 552.4129638671875
232.11434936523438 552.4129638671875
232.11434936523438 552.4129638671875
232.11434936523438 552.4129638671875
232.11434936523438 552.4129638671875
232.11434936523438 552.4129638671875
232.11434936523438 552.4129638671875
232.11434936523438 552.4129638671875
232.11434936523438 552.4129638671875
232.11434936523438 552.4129638671875
232.11434936523438 552.4129638671875
232.11434936523438 552.4129638671875
232.11434936523438 552.4129638671875
232.11434936523438 552.4129638671875
232.11434936523438 552.4129638671875
232.11434936523438 552.4129638671875
232.11434936523438 552.4129638671875
232.11434936523438 552.4129638671875
232.11434936523438 552.4129638671875
232.11434936523438 552.4129638671875
232.11434936523438 552.4129638671875
232.11434936523438 552.4129638671875
232.11434936523438 552.4129638671875
232.11434936523438 552.4129638671875
232.11434936523438 552.4129638671875
232.11434936523438 552.4129638671875
232.11434936523438 552.4129638671875
232.11434936523438 552.4129638671875
232.11434936523438 552.4129638671875
232.11434936523438 552.4129638671875
232.11434936523438 552.4129638671875
232.11434936523438 552.4129638671875
232.11434936523438 552.4129638671875
232.11434936523438 552.4129638671875
232.11434936523438 552.4129638671875
232.11434936523438 552.4129638671875
232.11434936523438 552.4129638671875
232.11434936523438 552.4129638671875
232.11434936523438 552.4129638671875
232.11434936523438 552.4129638671875
232.11434936523438 552.4129638671875
232.11434936523438 552.4129638671875
232.11434936523438 552.4129638671875
232.11434936523438 552.4129638671875
232.11434936523438 552.4129638671875
232.11434936523438 552.4129638671875
232.11434936523438 552.4129638671875
232.11434936523438 552.4129638671875
232.11434936523438 552.4129638671875
232.11434936523438 552.4129638671875
232.11434936523438 552.4129638671875
232.11434936523438 552.4129638671875
232.11434936523438 552.4129638671875
232.11434936523438 552.4129638671875
232.11434936523438 552.4129638671875
232.11434936523438 552.4129638671875
232.11434936523438 552.4129638671875
232.11434936523438 552.4129638671875
232.11434936523438 552.4129638671875
232.11434936523438 552.4129638671875
232.11434936523438 552.4129638671875
232.11434936523438 552.4129638671875
232.11434936523438 552.4129638671875
232.11434936523438 552.4129638671875
232.11434936523438 552.4129638671875
232.11434936523438 552.4129638671875
232.11434936523438 552.4129638671875
232.11434936523438 552.4129638671875
232.11434936523438 552.4129638671875
232.11434936523438 552.4129638671875
232.11434936523438 552.4129638671875
232.11434936523438 552.4129638671875
232.11434936523438 552.4129638671875
232.11434936523438 552.4129638671875
232.11434936523438 552.4129638671875
232.11434936523438 552.4129638671875
232.11434936523438 552.4129638671875
232.11434936523438 552.4129638671875
232.11434936523438 552.4129638671875
232.11434936523438 552.4129638671875
232.11434936523438 552.4129638671875
232.11434936523438 552.4129638671875
232.11434936523438 552.4129638671875
232.11434936523438 552.4129638671875
232.11434936523438 552.4129638671875
232.11434936523438 552.4129638671875
232.11434936523438 552.4129638671875
232.11434936523438 552.4129638671875
232.11434936523438 552.4129638671875
232.11434936523438 552.4129638671875
232.11434936523438 552.4129638671875
232.11434936523438 552.4129638671875
232.11434936523438 552.4129638671875
232.11434936523438 552.4129638671875
232.11434936523438 552.4129638671875
232.11434936523438 552.4129638671875
232.11434936523438 552.4129638671875
232.11434936523438 552.4129638671875
232.11434936523438 552.4129638671875
232.11434936523438 552.4129638671875
232.11434936523438 552.4129638671875
232.11434936523438 552.4129638671875
232.11434936523438 552.4129638671875
232.11434936523438 552.4129638671875
232.11434936523438 552.4129638671875
232.11434936523438 552.4129638671875
232.11434936523438 552.4129638671875
232.11434936523438 552.4129638671875
232.11434936523438 552.4129638671875
232.11434936523438 552.4129638671875
232.11434936523438 552.4129638671875
232.11434936523438 552.4129638671875
232.11434936523438 552.4129638671875
232.11434936523438 552.4129638671875
232.11434936523438 552.4129638671875
232.11434936523438 552.4129638671875
232.11434936523438 552.4129638671875
232.11434936523438 552.4129638671875
232.11434936523438 552.4129638671875
232.11434936523438 552.4129638671875
232.11434936523438 552.4129638671875
232.11434936523438 552.4129638671875
232.11434936523438 552.4129638671875
232.11434936523438 552.4129638671875
232.11434936523438 552.4129638671875
232.11434936523438 552.4129638671875
232.11434936523438 552.4129638671875
232.11434936523438 552.4129638671875
232.11434936523438 552.4129638671875
232.11434936523438 552.4129638671875
232.11434936523438 552.4129638671875
232.11434936523438 552.4129638671875
232.11434936523438 552.4129638671875
232.11434936523438 552.4129638671875
232.11434936523438 552.4129638671875
232.11434936523438 552.4129638671875
232.11434936523438 552.4129638671875
232.11434936523438 552.4129638671875
232.11434936523438 552.4129638671875
232.11434936523438 552.4129638671875
232.11434936523438 552.4129638671875
232.11434936523438 552.4129638671875
232.11434936523438 552.4129638671875
232.11434936523438 552.4129638671875
232.11434936523438 552.4129638671875
232.11434936523438 552.4129638671875
232.11434936523438 552.4129638671875
232.11434936523438 552.4129638671875
232.11434936523438 552.4129638671875
232.11434936523438 552.4129638671875
232.11434936523438 552.4129638671875
232.11434936523438 552.4129638671875
232.11434936523438 552.4129638671875
232.11434936523438 552.4129638671875
232.11434936523438 552.4129638671875
232.11434936523438 552.4129638671875
232.11434936523438 552.4129638671875
232.11434936523438 552.4129638671875
232.11434936523438 552.4129638671875
232.11434936523438 552.4129638671875
232.11434936523438 552.4129638671875
232.11434936523438 552.4129638671875
232.11434936523438 552.4129638671875
232.11434936523438 552.4129638671875
232.11434936523438 552.4129638671875
232.11434936523438 552.4129638671875
232.11434936523438 552.4129638671875
232.11434936523438 552.4129638671875
232.11434936523438 552.4129638671875
232.11434936523438 552.4129638671875
232.11434936523438 552.4129638671875
232.11434936523438 552.4129638671875
232.11434936523438 552.4129638671875
232.11434936523438 552.4129638671875
232.11434936523438 552.4129638671875
232.11434936523438 552.4129638671875
232.11434936523438 552.4129638671875
232.11434936523438 552.4129638671875
232.11434936523438 552.4129638671875
232.11434936523438 552.4129638671875
232.11434936523438 552.4129638671875
232.11434936523438 552.4129638671875
232.11434936523438 552.4129638671875
232.11434936523438 552.4129638671875
232.11434936523438 552.4129638671875
232.11434936523438 552.4129638671875
232.11434936523438 552.4129638671875
232.11434936523438 552.4129638671875
232.11434936523438 552.4129638671875
232.11434936523438 552.4129638671875
232.11434936523438 552.4129638671875
232.11434936523438 552.4129638671875
232.11434936523438 552.4129638671875
232.11434936523438 552.4129638671875
232.11434936523438 552.4129638671875
232.11434936523438 552.4129638671875
232.11434936523438 552.4129638671875
232.11434936523438 552.4129638671875
232.11434936523438 552.4129638671875
232.11434936523438 552.4129638671875
232.11434936523438 552.4129638671875
232.11434936523438 552.4129638671875
232.11434936523438 552.4129638671875
232.11434936523438 552.4129638671875
232.11434936523438 552.4129638671875
232.11434936523438 552.4129638671875
232.11434936523438 552.4129638671875
232.11434936523438 552.4129638671875
232.11434936523438 552.4129638671875
232.11434936523438 552.4129638671875
232.11434936523438 552.4129638671875
232.11434936523438 552.4129638671875
232.11434936523438 552.4129638671875
232.11434936523438 552.4129638671875
232.11434936523438 552.4129638671875
232.11434936523438 552.4129638671875
232.11434936523438 552.4129638671875
232.11434936523438 552.4129638671875
232.11434936523438 552.4129638671875
232.11434936523438 552.4129638671875
232.11434936523438 552.4129638671875
232.11434936523438 552.4129638671875
232.11434936523438 552.4129638671875
232.11434936523438 552.4129638671875
232.11434936523438 552.4129638671875
232.11434936523438 552.4129638671875
232.11434936523438 552.4129638671875
232.11434936523438 552.4129638671875
232.11434936523438 552.4129638671875
232.11434936523438 552.4129638671875
232.11434936523438 552.4129638671875
232.11434936523438 552.4129638671875
232.11434936523438 552.4129638671875
232.11434936523438 552.4129638671875
232.11434936523438 552.4129638671875
232.11434936523438 552.4129638671875
232.11434936523438 552.4129638671875
232.11434936523438 552.4129638671875
232.11434936523438 552.4129638671875
232.11434936523438 552.4129638671875
232.11434936523438 552.4129638671875
232.11434936523438 552.4129638671875
232.11434936523438 552.4129638671875
232.11434936523438 552.4129638671875
232.11434936523438 552.4129638671875
232.11434936523438 552.4129638671875
232.11434936523438 552.4129638671875
232.11434936523438 552.4129638671875
232.11434936523438 552.4129638671875
232.11434936523438 552.4129638671875
232.11434936523438 552.4129638671875
232.11434936523438 552.4129638671875
232.11434936523438 552.4129638671875
232.11434936523438 552.4129638671875
232.11434936523438 552.4129638671875
232.11434936523438 552.4129638671875
232.11434936523438 552.4129638671875
232.11434936523438 552.4129638671875
232.11434936523438 552.4129638671875
232.11434936523438 552.4129638671875
232.11434936523438 552.4129638671875
232.11434936523438 552.4129638671875
232.11434936523438 552.4129638671875
232.11434936523438 552.4129638671875
232.11434936523438 552.4129638671875
232.11434936523438 552.4129638671875
232.11434936523438 552.4129638671875
232.11434936523438 552.4129638671875
232.11434936523438 552.4129638671875
232.11434936523438 552.4129638671875
232.11434936523438 552.4129638671875
232.11434936523438 552.4129638671875
232.11434936523438 552.4129638671875
232.11434936523438 552.4129638671875
232.11434936523438 552.4129638671875
232.11434936523438 552.4129638671875
232.11434936523438 552.4129638671875
232.11434936523438 552.4129638671875
232.11434936523438 552.4129638671875
232.11434936523438 552.4129638671875
232.11434936523438 552.4129638671875
232.11434936523438 552.4129638671875
232.11434936523438 552.4129638671875
232.11434936523438 552.4129638671875
232.11434936523438 552.4129638671875
232.11434936523438 552.4129638671875
232.11434936523438 552.4129638671875
232.11434936523438 552.4129638671875
232.11434936523438 552.4129638671875
232.11434936523438 552.4129638671875
232.11434936523438 552.4129638671875
232.11434936523438 552.4129638671875
232.11434936523438 552.4129638671875
232.11434936523438 552.4129638671875
232.11434936523438 552.4129638671875
232.11434936523438 552.4129638671875
232.11434936523438 552.4129638671875
232.11434936523438 552.4129638671875
232.11434936523438 552.4129638671875
232.11434936523438 552.4129638671875
232.11434936523438 552.4129638671875
232.11434936523438 552.4129638671875
232.11434936523438 552.4129638671875
232.11434936523438 552.4129638671875
232.11434936523438 552.4129638671875
232.11434936523438 552.4129638671875
232.11434936523438 552.4129638671875
232.11434936523438 552.4129638671875
232.11434936523438 552.4129638671875
232.11434936523438 552.4129638671875
232.11434936523438 552.4129638671875
232.11434936523438 552.4129638671875
232.11434936523438 552.4129638671875
232.11434936523438 552.4129638671875
232.11434936523438 552.4129638671875
232.11434936523438 552.4129638671875
232.11434936523438 552.4129638671875
232.11434936523438 552.4129638671875
232.11434936523438 552.4129638671875
232.11434936523438 552.4129638671875
232.11434936523438 552.4129638671875
232.11434936523438 552.4129638671875
232.11434936523438 552.4129638671875
232.11434936523438 552.4129638671875
232.11434936523438 552.4129638671875
232.11434936523438 552.4129638671875
232.11434936523438 552.4129638671875
232.11434936523438 552.4129638671875
232.11434936523438 552.4129638671875
232.11434936523438 552.4129638671875
232.11434936523438 552.4129638671875
232.11434936523438 552.4129638671875
232.11434936523438 552.4129638671875
232.11434936523438 552.4129638671875
232.11434936523438 552.4129638671875
232.11434936523438 552.4129638671875
232.11434936523438 552.4129638671875
232.11434936523438 552.4129638671875
232.11434936523438 552.4129638671875
232.11434936523438 552.4129638671875
232.11434936523438 552.4129638671875
232.11434936523438 552.4129638671875
232.11434936523438 552.4129638671875
232.11434936523438 552.4129638671875
232.11434936523438 552.4129638671875
232.11434936523438 552.4129638671875
232.11434936523438 552.4129638671875
232.11434936523438 552.4129638671875
232.11434936523438 552.4129638671875
232.11434936523438 552.4129638671875
232.11434936523438 552.4129638671875
232.11434936523438 552.4129638671875
232.11434936523438 552.4129638671875
232.11434936523438 552.4129638671875
232.11434936523438 552.4129638671875
232.11434936523438 552.4129638671875
232.11434936523438 552.4129638671875
232.11434936523438 552.4129638671875
232.11434936523438 552.4129638671875
232.11434936523438 552.4129638671875
232.11434936523438 552.4129638671875
232.11434936523438 552.4129638671875
232.11434936523438 552.4129638671875
232.11434936523438 552.4129638671875
232.11434936523438 552.4129638671875
232.11434936523438 552.4129638671875
232.11434936523438 552.4129638671875
232.11434936523438 552.4129638671875
232.11434936523438 552.4129638671875
232.11434936523438 552.4129638671875
232.11434936523438 552.4129638671875
232.11434936523438 552.4129638671875
232.11434936523438 552.4129638671875
232.11434936523438 552.4129638671875
232.11434936523438 552.4129638671875
232.11434936523438 552.4129638671875
232.11434936523438 552.4129638671875
232.11434936523438 552.4129638671875
232.11434936523438 552.4129638671875
232.11434936523438 552.4129638671875
232.11434936523438 552.4129638671875
232.11434936523438 552.4129638671875
232.11434936523438 552.4129638671875
232.11434936523438 552.4129638671875
232.11434936523438 552.4129638671875
232.11434936523438 552.4129638671875
232.11434936523438 552.4129638671875
232.11434936523438 552.4129638671875
232.11434936523438 552.4129638671875
232.11434936523438 552.4129638671875
232.11434936523438 552.4129638671875
232.11434936523438 552.4129638671875
232.11434936523438 552.4129638671875
232.11434936523438 552.4129638671875
232.11434936523438 552.4129638671875
232.11434936523438 552.4129638671875
232.11434936523438 552.4129638671875
232.11434936523438 552.4129638671875
232.11434936523438 552.4129638671875
232.11434936523438 552.4129638671875
232.11434936523438 552.4129638671875
232.11434936523438 552.4129638671875
232.11434936523438 552.4129638671875
232.11434936523438 552.4129638671875
232.11434936523438 552.4129638671875
232.11434936523438 552.4129638671875
232.11434936523438 552.4129638671875
232.11434936523438 552.4129638671875
232.11434936523438 552.4129638671875
232.11434936523438 552.4129638671875
232.11434936523438 552.4129638671875
232.11434936523438 552.4129638671875
232.11434936523438 552.4129638671875
232.11434936523438 552.4129638671875
232.11434936523438 552.4129638671875
232.11434936523438 552.4129638671875
232.11434936523438 552.4129638671875
232.11434936523438 552.4129638671875
232.11434936523438 552.4129638671875
232.11434936523438 552.4129638671875
232.11434936523438 552.4129638671875
232.11434936523438 552.4129638671875
232.11434936523438 552.4129638671875
232.11434936523438 552.4129638671875
232.11434936523438 552.4129638671875
232.11434936523438 552.4129638671875
232.11434936523438 552.4129638671875
232.11434936523438 552.4129638671875
232.11434936523438 552.4129638671875
232.11434936523438 552.4129638671875
232.11434936523438 552.4129638671875
232.11434936523438 552.4129638671875
232.11434936523438 552.4129638671875
232.11434936523438 552.4129638671875
232.11434936523438 552.4129638671875
232.11434936523438 552.4129638671875
232.11434936523438 552.4129638671875
232.11434936523438 552.4129638671875
232.11434936523438 552.4129638671875
232.11434936523438 552.4129638671875
232.11434936523438 552.4129638671875
232.11434936523438 552.4129638671875
232.11434936523438 552.4129638671875
232.11434936523438 552.4129638671875
232.11434936523438 552.4129638671875
232.11434936523438 552.4129638671875
232.11434936523438 552.4129638671875
232.11434936523438 552.4129638671875
232.11434936523438 552.4129638671875
232.11434936523438 552.4129638671875
232.11434936523438 552.4129638671875
232.11434936523438 552.4129638671875
232.11434936523438 552.4129638671875
232.11434936523438 552.4129638671875
232.11434936523438 552.4129638671875
232.11434936523438 552.4129638671875
232.11434936523438 552.4129638671875
232.11434936523438 552.4129638671875
232.11434936523438 552.4129638671875
232.11434936523438 552.4129638671875
232.11434936523438 552.4129638671875
232.11434936523438 552.4129638671875
232.11434936523438 552.4129638671875
232.11434936523438 552.4129638671875
232.11434936523438 552.4129638671875
232.11434936523438 552.4129638671875
232.11434936523438 552.4129638671875
232.11434936523438 552.4129638671875
232.11434936523438 552.4129638671875
232.11434936523438 552.4129638671875
232.11434936523438 552.4129638671875
232.11434936523438 552.4129638671875
232.11434936523438 552.4129638671875
232.11434936523438 552.4129638671875
232.11434936523438 552.4129638671875
232.11434936523438 552.4129638671875
232.11434936523438 552.4129638671875
232.11434936523438 552.4129638671875
232.11434936523438 552.4129638671875
232.11434936523438 552.4129638671875
232.11434936523438 552.4129638671875
232.11434936523438 552.4129638671875
232.11434936523438 552.4129638671875
232.11434936523438 552.4129638671875
232.11434936523438 552.4129638671875
232.11434936523438 552.4129638671875
232.11434936523438 552.4129638671875
232.11434936523438 552.4129638671875
232.11434936523438 552.4129638671875
232.11434936523438 552.4129638671875
232.11434936523438 552.4129638671875
232.11434936523438 552.4129638671875
232.11434936523438 552.4129638671875
232.11434936523438 552.4129638671875
232.11434936523438 552.4129638671875
232.11434936523438 552.4129638671875
232.11434936523438 552.4129638671875
232.11434936523438 552.4129638671875
232.11434936523438 552.4129638671875
232.11434936523438 552.4129638671875
232.11434936523438 552.4129638671875
232.11434936523438 552.4129638671875
232.11434936523438 552.4129638671875
232.11434936523438 552.4129638671875
232.11434936523438 552.4129638671875
232.11434936523438 552.4129638671875
232.11434936523438 552.4129638671875
232.11434936523438 552.4129638671875
232.11434936523438 552.4129638671875
232.11434936523438 552.4129638671875
232.11434936523438 552.4129638671875
232.11434936523438 552.4129638671875
232.11434936523438 552.4129638671875
232.11434936523438 552.4129638671875
232.11434936523438 552.4129638671875
232.11434936523438 552.4129638671875
232.11434936523438 552.4129638671875
232.11434936523438 552.4129638671875
232.11434936523438 552.4129638671875
232.11434936523438 552.4129638671875
232.11434936523438 552.4129638671875
232.11434936523438 552.4129638671875
232.11434936523438 552.4129638671875
232.11434936523438 552.4129638671875
232.11434936523438 552.4129638671875
232.11434936523438 552.4129638671875
232.11434936523438 552.4129638671875
232.11434936523438 552.4129638671875
232.11434936523438 552.4129638671875
232.11434936523438 552.4129638671875
232.11434936523438 552.4129638671875
232.11434936523438 552.4129638671875
232.11434936523438 552.4129638671875
232.11434936523438 552.4129638671875
232.11434936523438 552.4129638671875
232.11434936523438 552.4129638671875
232.11434936523438 552.4129638671875
232.11434936523438 552.4129638671875
232.11434936523438 552.4129638671875
232.11434936523438 552.4129638671875
232.11434936523438 552.4129638671875
232.11434936523438 552.4129638671875
232.11434936523438 552.4129638671875
232.11434936523438 552.4129638671875
232.11434936523438 552.4129638671875
232.11434936523438 552.4129638671875
232.11434936523438 552.4129638671875
232.11434936523438 552.4129638671875
232.11434936523438 552.4129638671875
232.11434936523438 552.4129638671875
232.11434936523438 552.4129638671875
232.11434936523438 552.4129638671875
232.11434936523438 552.4129638671875
232.11434936523438 552.4129638671875
232.11434936523438 552.4129638671875
232.11434936523438 552.4129638671875
232.11434936523438 552.4129638671875
232.11434936523438 552.4129638671875
232.11434936523438 552.4129638671875
232.11434936523438 552.4129638671875
232.11434936523438 552.4129638671875
232.11434936523438 552.4129638671875
232.11434936523438 552.4129638671875
232.11434936523438 552.4129638671875
232.11434936523438 552.4129638671875
232.11434936523438 552.4129638671875
232.11434936523438 552.4129638671875
232.11434936523438 552.4129638671875
232.11434936523438 552.4129638671875
232.11434936523438 552.4129638671875
232.11434936523438 552.4129638671875
232.11434936523438 552.4129638671875
232.11434936523438 552.4129638671875
232.11434936523438 552.4129638671875
232.11434936523438 552.4129638671875
232.11434936523438 552.4129638671875
232.11434936523438 552.4129638671875
232.11434936523438 552.4129638671875
232.11434936523438 552.4129638671875
232.11434936523438 552.4129638671875
232.11434936523438 552.4129638671875
232.11434936523438 552.4129638671875
232.11434936523438 552.4129638671875
232.11434936523438 552.4129638671875
232.11434936523438 552.4129638671875
232.11434936523438 552.4129638671875
232.11434936523438 552.4129638671875
232.11434936523438 552.4129638671875
232.11434936523438 552.4129638671875
232.11434936523438 552.4129638671875
232.11434936523438 552.4129638671875
232.11434936523438 552.4129638671875
232.11434936523438 552.4129638671875
232.11434936523438 552.4129638671875
232.11434936523438 552.4129638671875
232.11434936523438 552.4129638671875
232.11434936523438 552.4129638671875
232.11434936523438 552.4129638671875
232.11434936523438 552.4129638671875
232.11434936523438 552.4129638671875
232.11434936523438 552.4129638671875
232.11434936523438 552.4129638671875
232.11434936523438 552.4129638671875
232.11434936523438 552.4129638671875
232.11434936523438 552.4129638671875
232.11434936523438 552.4129638671875
232.11434936523438 552.4129638671875
232.11434936523438 552.4129638671875
232.11434936523438 552.4129638671875
232.11434936523438 552.4129638671875
232.11434936523438 552.4129638671875
232.11434936523438 552.4129638671875
232.11434936523438 552.4129638671875
232.11434936523438 552.4129638671875
232.11434936523438 552.4129638671875
232.11434936523438 552.4129638671875
232.11434936523438 552.4129638671875
232.11434936523438 552.4129638671875
232.11434936523438 552.4129638671875
232.11434936523438 552.4129638671875
232.11434936523438 552.4129638671875
232.11434936523438 552.4129638671875
232.11434936523438 552.4129638671875
232.11434936523438 552.4129638671875
232.11434936523438 552.4129638671875
232.11434936523438 552.4129638671875
232.11434936523438 552.4129638671875
232.11434936523438 552.4129638671875
232.11434936523438 552.4129638671875
232.11434936523438 552.4129638671875
232.11434936523438 552.4129638671875
232.11434936523438 552.4129638671875
232.11434936523438 552.4129638671875
232.11434936523438 552.4129638671875
232.11434936523438 552.4129638671875
232.11434936523438 552.4129638671875
232.11434936523438 552.4129638671875
232.11434936523438 552.4129638671875
232.11434936523438 552.4129638671875
232.11434936523438 552.4129638671875
232.11434936523438 552.4129638671875
232.11434936523438 552.4129638671875
232.11434936523438 552.4129638671875
232.11434936523438 552.4129638671875
232.11434936523438 552.4129638671875
232.11434936523438 552.4129638671875
232.11434936523438 552.4129638671875
232.11434936523438 552.4129638671875
232.11434936523438 552.4129638671875
232.11434936523438 552.4129638671875
232.11434936523438 552.4129638671875
232.11434936523438 552.4129638671875
232.11434936523438 552.4129638671875
232.11434936523438 552.4129638671875
232.11434936523438 552.4129638671875
232.11434936523438 552.4129638671875
232.11434936523438 552.4129638671875
232.11434936523438 552.4129638671875
232.11434936523438 552.4129638671875
232.11434936523438 552.4129638671875
232.11434936523438 552.4129638671875
232.11434936523438 552.4129638671875
232.11434936523438 552.4129638671875
232.11434936523438 552.4129638671875
232.11434936523438 552.4129638671875
232.11434936523438 552.4129638671875
232.11434936523438 552.4129638671875
232.11434936523438 552.4129638671875
232.11434936523438 552.4129638671875
232.11434936523438 552.4129638671875
232.11434936523438 552.4129638671875
232.11434936523438 552.4129638671875
232.11434936523438 552.4129638671875
232.11434936523438 552.4129638671875
232.11434936523438 552.4129638671875
232.11434936523438 552.4129638671875
232.11434936523438 552.4129638671875
232.11434936523438 552.4129638671875
232.11434936523438 552.4129638671875
232.11434936523438 552.4129638671875
232.11434936523438 552.4129638671875
232.11434936523438 552.4129638671875
232.11434936523438 552.4129638671875
232.11434936523438 552.4129638671875
232.11434936523438 552.4129638671875
232.11434936523438 552.4129638671875
232.11434936523438 552.4129638671875
232.11434936523438 552.4129638671875
232.11434936523438 552.4129638671875
232.11434936523438 552.4129638671875
232.11434936523438 552.4129638671875
232.11434936523438 552.4129638671875
232.11434936523438 552.4129638671875
232.11434936523438 552.4129638671875
232.11434936523438 552.4129638671875
232.11434936523438 552.4129638671875
232.11434936523438 552.4129638671875
232.11434936523438 552.4129638671875
232.11434936523438 552.4129638671875
232.11434936523438 552.4129638671875
232.11434936523438 552.4129638671875
232.11434936523438 552.4129638671875
232.11434936523438 552.4129638671875
232.11434936523438 552.4129638671875
232.11434936523438 552.4129638671875
232.11434936523438 552.4129638671875
232.11434936523438 552.4129638671875
232.11434936523438 552.4129638671875
232.11434936523438 552.4129638671875
232.11434936523438 552.4129638671875
232.11434936523438 552.4129638671875
232.11434936523438 552.4129638671875
232.11434936523438 552.4129638671875
232.11434936523438 552.4129638671875
232.11434936523438 552.4129638671875
232.11434936523438 552.4129638671875
232.11434936523438 552.4129638671875
232.11434936523438 552.4129638671875
232.11434936523438 552.4129638671875
232.11434936523438 552.4129638671875
232.11434936523438 552.4129638671875
232.11434936523438 552.4129638671875
232.11434936523438 552.4129638671875
232.11434936523438 552.4129638671875
232.11434936523438 552.4129638671875
232.11434936523438 552.4129638671875
232.11434936523438 552.4129638671875
232.11434936523438 552.4129638671875
232.11434936523438 552.4129638671875
232.11434936523438 552.4129638671875
232.11434936523438 552.4129638671875
232.11434936523438 552.4129638671875
232.11434936523438 552.4129638671875
232.11434936523438 552.4129638671875
232.11434936523438 552.4129638671875
232.11434936523438 552.4129638671875
232.11434936523438 552.4129638671875
232.11434936523438 552.4129638671875
232.11434936523438 552.4129638671875
232.11434936523438 552.4129638671875
232.11434936523438 552.4129638671875
232.11434936523438 552.4129638671875
232.11434936523438 552.4129638671875
232.11434936523438 552.4129638671875
232.11434936523438 552.4129638671875
232.11434936523438 552.4129638671875
232.11434936523438 552.4129638671875
232.11434936523438 552.4129638671875
232.11434936523438 552.4129638671875
232.11434936523438 552.4129638671875
232.11434936523438 552.4129638671875
232.11434936523438 552.4129638671875
232.11434936523438 552.4129638671875
232.11434936523438 552.4129638671875
232.11434936523438 552.4129638671875
232.11434936523438 552.4129638671875
232.11434936523438 552.4129638671875
232.11434936523438 552.4129638671875
232.11434936523438 552.4129638671875
232.11434936523438 552.4129638671875
232.11434936523438 552.4129638671875
232.11434936523438 552.4129638671875
232.11434936523438 552.4129638671875
232.11434936523438 552.4129638671875
232.11434936523438 552.4129638671875
232.11434936523438 552.4129638671875
232.11434936523438 552.4129638671875
232.11434936523438 552.4129638671875
232.11434936523438 552.4129638671875
232.11434936523438 552.4129638671875
232.11434936523438 552.4129638671875
232.11434936523438 552.4129638671875
232.11434936523438 552.4129638671875
232.11434936523438 552.4129638671875
232.11434936523438 552.4129638671875
232.11434936523438 552.4129638671875
232.11434936523438 552.4129638671875
232.11434936523438 552.4129638671875
232.11434936523438 552.4129638671875
232.11434936523438 552.4129638671875
232.11434936523438 552.4129638671875
232.11434936523438 552.4129638671875
232.11434936523438 552.4129638671875
232.11434936523438 552.4129638671875
232.11434936523438 552.4129638671875
232.11434936523438 552.4129638671875
232.11434936523438 552.4129638671875
232.11434936523438 552.4129638671875
232.11434936523438 552.4129638671875
232.11434936523438 552.4129638671875
232.11434936523438 552.4129638671875
232.11434936523438 552.4129638671875
232.11434936523438 552.4129638671875
232.11434936523438 552.4129638671875
232.11434936523438 552.4129638671875
232.11434936523438 552.4129638671875
232.11434936523438 552.4129638671875
232.11434936523438 552.4129638671875
232.11434936523438 552.4129638671875
232.11434936523438 552.4129638671875
232.11434936523438 552.4129638671875
232.11434936523438 552.4129638671875
232.11434936523438 552.4129638671875
232.11434936523438 552.4129638671875
232.11434936523438 552.4129638671875
232.11434936523438 552.4129638671875
232.11434936523438 552.4129638671875
232.11434936523438 552.4129638671875
232.11434936523438 552.4129638671875
232.11434936523438 552.4129638671875
232.11434936523438 552.4129638671875
232.11434936523438 552.4129638671875
232.11434936523438 552.4129638671875
232.11434936523438 552.4129638671875
232.11434936523438 552.4129638671875
232.11434936523438 552.4129638671875
232.11434936523438 552.4129638671875
232.11434936523438 552.4129638671875
232.11434936523438 552.4129638671875
232.11434936523438 552.4129638671875
232.11434936523438 552.4129638671875
232.11434936523438 552.4129638671875
232.11434936523438 552.4129638671875
232.11434936523438 552.4129638671875
232.11434936523438 552.4129638671875
232.11434936523438 552.4129638671875
232.11434936523438 552.4129638671875
232.11434936523438 552.4129638671875
232.11434936523438 552.4129638671875
232.11434936523438 552.4129638671875
232.11434936523438 552.4129638671875
232.11434936523438 552.4129638671875
232.11434936523438 552.4129638671875
232.11434936523438 552.4129638671875
232.11434936523438 552.4129638671875
232.11434936523438 552.4129638671875
232.11434936523438 552.4129638671875
232.11434936523438 552.4129638671875
232.11434936523438 552.4129638671875
232.11434936523438 552.4129638671875
232.11434936523438 552.4129638671875
232.11434936523438 552.4129638671875
232.11434936523438 552.4129638671875
232.11434936523438 552.4129638671875
232.11434936523438 552.4129638671875
232.11434936523438 552.4129638671875
232.11434936523438 552.4129638671875
232.11434936523438 552.4129638671875
232.11434936523438 552.4129638671875
232.11434936523438 552.4129638671875
232.11434936523438 552.4129638671875
232.11434936523438 552.4129638671875
232.11434936523438 552.4129638671875
232.11434936523438 552.4129638671875
232.11434936523438 552.4129638671875
232.11434936523438 552.4129638671875
232.11434936523438 552.4129638671875
232.11434936523438 552.4129638671875
232.11434936523438 552.4129638671875
232.11434936523438 552.4129638671875
232.11434936523438 552.4129638671875
232.11434936523438 552.4129638671875
232.11434936523438 552.4129638671875
232.11434936523438 552.4129638671875
232.11434936523438 552.4129638671875
232.11434936523438 552.4129638671875
232.11434936523438 552.4129638671875
232.11434936523438 552.4129638671875
232.11434936523438 552.4129638671875
232.11434936523438 552.4129638671875
232.11434936523438 552.4129638671875
232.11434936523438 552.4129638671875
232.11434936523438 552.4129638671875
232.11434936523438 552.4129638671875
232.11434936523438 552.4129638671875
232.11434936523438 552.4129638671875
232.11434936523438 552.4129638671875
232.11434936523438 552.4129638671875
232.11434936523438 552.4129638671875
232.11434936523438 552.4129638671875
232.11434936523438 552.4129638671875
232.11434936523438 552.4129638671875
232.11434936523438 552.4129638671875
232.11434936523438 552.4129638671875
232.11434936523438 552.4129638671875
232.11434936523438 552.4129638671875
232.11434936523438 552.4129638671875
232.11434936523438 552.4129638671875
232.11434936523438 552.4129638671875
232.11434936523438 552.4129638671875
232.11434936523438 552.4129638671875
232.11434936523438 552.4129638671875
232.11434936523438 552.4129638671875
232.11434936523438 552.4129638671875
232.11434936523438 552.4129638671875
232.11434936523438 552.4129638671875
232.11434936523438 552.4129638671875
232.11434936523438 552.4129638671875
232.11434936523438 552.4129638671875
232.11434936523438 552.4129638671875
232.11434936523438 552.4129638671875
232.11434936523438 552.4129638671875
232.11434936523438 552.4129638671875
232.11434936523438 552.4129638671875
232.11434936523438 552.4129638671875
232.11434936523438 552.4129638671875
232.11434936523438 552.4129638671875
232.11434936523438 552.4129638671875
232.11434936523438 552.4129638671875
232.11434936523438 552.4129638671875
232.11434936523438 552.4129638671875
232.11434936523438 552.4129638671875
232.11434936523438 552.4129638671875
232.11434936523438 552.4129638671875
232.11434936523438 552.4129638671875
232.11434936523438 552.4129638671875
232.11434936523438 552.4129638671875
232.11434936523438 552.4129638671875
232.11434936523438 552.4129638671875
232.11434936523438 552.4129638671875
232.11434936523438 552.4129638671875
232.11434936523438 552.4129638671875
232.11434936523438 552.4129638671875
232.11434936523438 552.4129638671875
232.11434936523438 552.4129638671875
232.11434936523438 552.4129638671875
232.11434936523438 552.4129638671875
232.11434936523438 552.4129638671875
232.11434936523438 552.4129638671875
232.11434936523438 552.4129638671875
232.11434936523438 552.4129638671875
232.11434936523438 552.4129638671875
232.11434936523438 552.4129638671875
232.11434936523438 552.4129638671875
232.11434936523438 552.4129638671875
232.11434936523438 552.4129638671875
232.11434936523438 552.4129638671875
232.11434936523438 552.4129638671875
232.11434936523438 552.4129638671875
232.11434936523438 552.4129638671875
232.11434936523438 552.4129638671875
232.11434936523438 552.4129638671875
232.11434936523438 552.4129638671875
232.11434936523438 552.4129638671875
232.11434936523438 552.4129638671875
232.11434936523438 552.4129638671875
232.11434936523438 552.4129638671875
232.11434936523438 552.4129638671875
232.11434936523438 552.4129638671875
232.11434936523438 552.4129638671875
232.11434936523438 552.4129638671875
232.11434936523438 552.4129638671875
232.11434936523438 552.4129638671875
232.11434936523438 552.4129638671875
232.11434936523438 552.4129638671875
232.11434936523438 552.4129638671875
232.11434936523438 552.4129638671875
232.11434936523438 552.4129638671875
232.11434936523438 552.4129638671875
232.11434936523438 552.4129638671875
232.11434936523438 552.4129638671875
232.11434936523438 552.4129638671875
232.11434936523438 552.4129638671875
232.11434936523438 552.4129638671875
232.11434936523438 552.4129638671875
232.11434936523438 552.4129638671875
232.11434936523438 552.4129638671875
232.11434936523438 552.4129638671875
232.11434936523438 552.4129638671875
232.11434936523438 552.4129638671875
232.11434936523438 552.4129638671875
232.11434936523438 552.4129638671875
232.11434936523438 552.4129638671875
232.11434936523438 552.4129638671875
232.11434936523438 552.4129638671875
232.11434936523438 552.4129638671875
232.11434936523438 552.4129638671875
232.11434936523438 552.4129638671875
232.11434936523438 552.4129638671875
232.11434936523438 552.4129638671875
232.11434936523438 552.4129638671875
232.11434936523438 552.4129638671875
232.11434936523438 552.4129638671875
232.11434936523438 552.4129638671875
232.11434936523438 552.4129638671875
232.11434936523438 552.4129638671875
232.11434936523438 552.4129638671875
232.11434936523438 552.4129638671875
232.11434936523438 552.4129638671875
232.11434936523438 552.4129638671875
232.11434936523438 552.4129638671875
232.11434936523438 552.4129638671875
232.11434936523438 552.4129638671875
232.11434936523438 552.4129638671875
232.11434936523438 552.4129638671875
232.11434936523438 552.4129638671875
232.11434936523438 552.4129638671875
232.11434936523438 552.4129638671875
232.11434936523438 552.4129638671875
232.11434936523438 552.4129638671875
232.11434936523438 552.4129638671875
232.11434936523438 552.4129638671875
232.11434936523438 552.4129638671875
232.11434936523438 552.4129638671875
232.11434936523438 552.4129638671875
232.11434936523438 552.4129638671875
232.11434936523438 552.4129638671875
232.11434936523438 552.4129638671875
232.11434936523438 552.4129638671875
232.11434936523438 552.4129638671875
232.11434936523438 552.4129638671875
232.11434936523438 552.4129638671875
232.11434936523438 552.4129638671875
232.11434936523438 552.4129638671875
232.11434936523438 552.4129638671875
232.11434936523438 552.4129638671875
232.11434936523438 552.4129638671875
232.11434936523438 552.4129638671875
232.11434936523438 552.4129638671875
232.11434936523438 552.4129638671875
232.11434936523438 552.4129638671875
232.11434936523438 552.4129638671875
232.11434936523438 552.4129638671875
232.11434936523438 552.4129638671875
232.11434936523438 552.4129638671875
232.11434936523438 552.4129638671875
232.11434936523438 552.4129638671875
232.11434936523438 552.4129638671875
232.11434936523438 552.4129638671875
232.11434936523438 552.4129638671875
232.11434936523438 552.4129638671875
232.11434936523438 552.4129638671875
232.11434936523438 552.4129638671875
232.11434936523438 552.4129638671875
232.11434936523438 552.4129638671875
232.11434936523438 552.4129638671875
232.11434936523438 552.4129638671875
232.11434936523438 552.4129638671875
232.11434936523438 552.4129638671875
232.11434936523438 552.4129638671875
232.11434936523438 552.4129638671875
232.11434936523438 552.4129638671875
232.11434936523438 552.4129638671875
232.11434936523438 552.4129638671875
232.11434936523438 552.4129638671875
232.11434936523438 552.4129638671875
232.11434936523438 552.4129638671875
232.11434936523438 552.4129638671875
232.11434936523438 552.4129638671875
232.11434936523438 552.4129638671875
232.11434936523438 552.4129638671875
232.11434936523438 552.4129638671875
232.11434936523438 552.4129638671875
232.11434936523438 552.4129638671875
232.11434936523438 552.4129638671875
232.11434936523438 552.4129638671875
232.11434936523438 552.4129638671875
232.11434936523438 552.4129638671875
232.11434936523438 552.4129638671875
232.11434936523438 552.4129638671875
232.11434936523438 552.4129638671875
232.11434936523438 552.4129638671875
232.11434936523438 552.4129638671875
232.11434936523438 552.4129638671875
232.11434936523438 552.4129638671875
232.11434936523438 552.4129638671875
232.11434936523438 552.4129638671875
232.11434936523438 552.4129638671875
232.11434936523438 552.4129638671875
232.11434936523438 552.4129638671875
232.11434936523438 552.4129638671875
232.11434936523438 552.4129638671875
232.11434936523438 552.4129638671875
232.11434936523438 552.4129638671875
232.11434936523438 552.4129638671875
232.11434936523438 552.4129638671875
232.11434936523438 552.4129638671875
232.11434936523438 552.4129638671875
232.11434936523438 552.4129638671875
232.11434936523438 552.4129638671875
232.11434936523438 552.4129638671875
232.11434936523438 552.4129638671875
232.11434936523438 552.4129638671875
232.11434936523438 552.4129638671875
232.11434936523438 552.4129638671875
232.11434936523438 552.4129638671875
232.11434936523438 552.4129638671875
232.11434936523438 552.4129638671875
232.11434936523438 552.4129638671875
232.11434936523438 552.4129638671875
232.11434936523438 552.4129638671875
232.11434936523438 552.4129638671875
232.11434936523438 552.4129638671875
232.11434936523438 552.4129638671875
232.11434936523438 552.4129638671875
232.11434936523438 552.4129638671875
232.11434936523438 552.4129638671875
232.11434936523438 552.4129638671875
232.11434936523438 552.4129638671875
232.11434936523438 552.4129638671875
232.11434936523438 552.4129638671875
232.11434936523438 552.4129638671875
232.11434936523438 552.4129638671875
232.11434936523438 552.4129638671875
232.11434936523438 552.4129638671875
232.11434936523438 552.4129638671875
232.11434936523438 552.4129638671875
232.11434936523438 552.4129638671875
232.11434936523438 552.4129638671875
232.11434936523438 552.4129638671875
232.11434936523438 552.4129638671875
232.11434936523438 552.4129638671875
232.11434936523438 552.4129638671875
232.11434936523438 552.4129638671875
232.11434936523438 552.4129638671875
232.11434936523438 552.4129638671875
232.11434936523438 552.4129638671875
232.11434936523438 552.4129638671875
232.11434936523438 552.4129638671875
232.11434936523438 552.4129638671875
232.11434936523438 552.4129638671875
232.11434936523438 552.4129638671875
232.11434936523438 552.4129638671875
232.11434936523438 552.4129638671875
232.11434936523438 552.4129638671875
232.11434936523438 552.4129638671875
232.11434936523438 552.4129638671875
232.11434936523438 552.4129638671875
232.11434936523438 552.4129638671875
232.11434936523438 552.4129638671875
232.11434936523438 552.4129638671875
232.11434936523438 552.4129638671875
232.11434936523438 552.4129638671875
232.11434936523438 552.4129638671875
232.11434936523438 552.4129638671875
232.11434936523438 552.4129638671875
232.11434936523438 552.4129638671875
232.11434936523438 552.4129638671875
232.11434936523438 552.4129638671875
232.11434936523438 552.4129638671875
232.11434936523438 552.4129638671875
232.11434936523438 552.4129638671875
232.11434936523438 552.4129638671875
232.11434936523438 552.4129638671875
232.11434936523438 552.4129638671875
232.11434936523438 552.4129638671875
232.11434936523438 552.4129638671875
232.11434936523438 552.4129638671875
232.11434936523438 552.4129638671875
232.11434936523438 552.4129638671875
232.11434936523438 552.4129638671875
232.11434936523438 552.4129638671875
232.11434936523438 552.4129638671875
232.11434936523438 552.4129638671875
232.11434936523438 552.4129638671875
232.11434936523438 552.4129638671875
232.11434936523438 552.4129638671875
232.11434936523438 552.4129638671875
232.11434936523438 552.4129638671875
232.11434936523438 552.4129638671875
232.11434936523438 552.4129638671875
232.11434936523438 552.4129638671875
232.11434936523438 552.4129638671875
232.11434936523438 552.4129638671875
232.11434936523438 552.4129638671875
232.11434936523438 552.4129638671875
232.11434936523438 552.4129638671875
232.11434936523438 552.4129638671875
232.11434936523438 552.4129638671875
232.11434936523438 552.4129638671875
232.11434936523438 552.4129638671875
232.11434936523438 552.4129638671875
232.11434936523438 552.4129638671875
232.11434936523438 552.4129638671875
232.11434936523438 552.4129638671875
232.11434936523438 552.4129638671875
232.11434936523438 552.4129638671875
232.11434936523438 552.4129638671875
232.11434936523438 552.4129638671875
232.11434936523438 552.4129638671875
232.11434936523438 552.4129638671875
232.11434936523438 552.4129638671875
232.11434936523438 552.4129638671875
232.11434936523438 552.4129638671875
232.11434936523438 552.4129638671875
232.11434936523438 552.4129638671875
232.11434936523438 552.4129638671875
232.11434936523438 552.4129638671875
232.11434936523438 552.4129638671875
232.11434936523438 552.4129638671875
232.11434936523438 552.4129638671875
232.11434936523438 552.4129638671875
232.11434936523438 552.4129638671875
