60.49699401855469 450.50482177734375
60.988853454589844 451.0202331542969
61.472679138183594 451.5431823730469
61.94834899902344 452.07354736328125
62.41575241088867 452.6112365722656
62.874778747558594 453.1560974121094
63.3253173828125 453.7079772949219
63.76725769042969 454.26678466796875
64.20049285888672 454.8323669433594
64.62492370605469 455.4045715332031
65.04045104980469 455.9832763671875
65.44696807861328 456.568359375
65.8443832397461 457.1596374511719
66.23259735107422 457.75701904296875
66.61151885986328 458.3603210449219
66.9810562133789 458.96942138671875
67.34111785888672 459.58416748046875
67.69161987304688 460.20440673828125
68.03247833251953 460.83001708984375
68.36361694335938 461.4608154296875
68.68495178222656 462.0966796875
68.99640655517578 462.7374267578125
69.29790496826172 463.3829345703125
69.58937072753906 464.03302001953125
69.87074279785156 464.6875305175781
70.14195251464844 465.3463134765625
70.4029312133789 466.00921630859375
70.65361785888672 466.67608642578125
70.89395141601562 467.3467712402344
71.12387084960938 468.0210876464844
71.34333038330078 468.6988830566406
71.5522689819336 469.3800048828125
71.75064086914062 470.06427001953125
71.93840026855469 470.75152587890625
72.11549377441406 471.44158935546875
72.2818832397461 472.1343078613281
72.43753051757812 472.82952880859375
72.5823974609375 473.5270690917969
72.7164535522461 474.2267761230469
72.83966064453125 474.928466796875
72.95199584960938 475.6319885253906
73.05342864990234 476.337158203125
73.14392852783203 477.0438232421875
73.22348022460938 477.7518005371094
73.29206848144531 478.4609375
73.34967041015625 479.1710510253906
73.39627075195312 479.8819580078125
73.4318618774414 480.593505859375
73.45643615722656 481.3055114746094
73.46998596191406 482.0177307128906
73.47247314453125 482.72802734375
73.46390533447266 483.4372863769531
73.44429016113281 484.1458740234375
73.41361999511719 484.85400390625
73.37190246582031 485.5615234375
73.31915283203125 486.26812744140625
73.25537872314453 486.97381591796875
73.18059539794922 487.6783447265625
73.09481811523438 488.3816223144531
72.9980697631836 489.0834655761719
72.89037322998047 489.78369140625
72.7717514038086 490.48211669921875
72.6422348022461 491.1786193847656
72.5018539428711 491.87298583984375
72.35064697265625 492.5650634765625
72.18864440917969 493.25469970703125
72.01588439941406 493.9417419433594
71.83241271972656 494.6259765625
71.63827514648438 495.3072814941406
71.43351745605469 495.9854431152344
71.21819305419922 496.66033935546875
70.99234771728516 497.331787109375
70.75604248046875 497.9996337890625
70.50933074951172 498.6636962890625
70.25227355957031 499.3238220214844
69.98493957519531 499.9798583984375
69.70738220214844 500.6316223144531
69.419677734375 501.27899169921875
69.12189483642578 501.9217834472656
68.8141098022461 502.5598449707031
68.49639129638672 503.1930236816406
68.1688232421875 503.8211669921875
67.83147430419922 504.4441223144531
67.48443603515625 505.0617370605469
67.1277847290039 505.6738586425781
66.76160430908203 506.2803649902344
66.38599395751953 506.881103515625
66.00100708007812 507.4759826660156
65.60678100585938 508.0648193359375
65.203369140625 508.64752197265625
64.79090118408203 509.22393798828125
64.36943054199219 509.7939758300781
63.93934631347656 510.3571472167969
63.5004997253418 510.91357421875
63.05314254760742 511.46295166015625
62.597259521484375 512.0053100585938
62.132965087890625 512.5404663085938
61.660369873046875 513.068359375
61.179622650146484 513.5887451171875
60.690826416015625 514.1015625
60.19408416748047 514.606689453125
59.689510345458984 515.10400390625
59.177207946777344 515.5933837890625
58.65731430053711 516.07470703125
58.12975311279297 516.5480346679688
57.593719482421875 517.0140991210938
57.050376892089844 517.4718627929688
56.49348068237305 517.9266357421875
55.93521499633789 518.368408203125
55.36142349243164 518.808349609375
54.74995803833008 519.263427734375
54.12125778198242 519.718505859375
53.480770111083984 520.1697387695312
52.78678894042969 520.6470336914062
52.08285140991211 521.1211547851562
51.37077331542969 521.591064453125
50.64802551269531 522.05859375
49.91883850097656 522.5211791992188
49.176666259765625 522.9832153320312
48.43033218383789 523.4393920898438
47.67963409423828 523.889892578125
46.925437927246094 524.3342895507812
46.16733169555664 524.7727661132812
45.4056510925293 525.2052612304688
44.64094543457031 525.6314697265625
43.87321853637695 526.0514526367188
43.10302734375 526.4649658203125
42.33073425292969 526.8718872070312
41.557167053222656 527.2717895507812
40.78179168701172 527.6651000976562
40.004947662353516 528.0516967773438
39.23413848876953 528.42822265625
38.463993072509766 528.7976684570312
37.695167541503906 529.1599731445312
36.93369674682617 529.5127563476562
36.179710388183594 529.8565673828125
35.437435150146484 530.1903686523438
34.70095443725586 530.5177001953125
33.97124099731445 530.8388061523438
33.26252365112305 531.1488037109375
32.563568115234375 531.4540405273438
31.87543296813965 531.7549438476562
31.199121475219727 532.0520629882812
30.549331665039062 532.3404541015625
29.899425506591797 532.6328735351562
29.266538619995117 532.9220581054688
28.61532211303711 533.2240600585938
27.97785758972168 533.523681640625
27.404396057128906 533.7997436523438
26.845767974853516 534.0780029296875
26.2899169921875 534.3646850585938
25.71588706970215 534.6699829101562
25.15692710876465 534.9760131835938
24.61292266845703 535.2833862304688
24.085668563842773 535.5916748046875
23.525558471679688 535.9292602539062
22.982040405273438 536.2657470703125
22.453887939453125 536.6025390625
21.975807189941406 536.9188232421875
21.478666305541992 537.2606811523438
20.996313095092773 537.6045532226562
20.52848243713379 537.9510498046875
20.074901580810547 538.3005981445312
19.632043838500977 538.6561889648438
19.16857147216797 539.0426025390625
18.754150390625 539.402099609375
18.322410583496094 539.7926025390625
17.905696868896484 540.1847534179688
17.503803253173828 540.5789794921875
17.116077423095703 540.9761962890625
16.74294090270996 541.3761596679688
16.74294090270996 541.3761596679688
16.74294090270996 541.3761596679688
16.74294090270996 541.3761596679688
16.74294090270996 541.3761596679688
16.74294090270996 541.3761596679688
16.74294090270996 541.3761596679688
16.74294090270996 541.3761596679688
16.74294090270996 541.3761596679688
16.74294090270996 541.3761596679688
16.74294090270996 541.3761596679688
16.74294090270996 541.3761596679688
16.74294090270996 541.3761596679688
16.74294090270996 541.3761596679688
16.74294090270996 541.3761596679688
16.74294090270996 541.3761596679688
16.74294090270996 541.3761596679688
16.74294090270996 541.3761596679688
16.74294090270996 541.3761596679688
16.74294090270996 541.3761596679688
16.74294090270996 541.3761596679688
16.74294090270996 541.3761596679688
16.74294090270996 541.3761596679688
16.74294090270996 541.3761596679688
16.74294090270996 541.3761596679688
16.74294090270996 541.3761596679688
16.74294090270996 541.3761596679688
16.74294090270996 541.3761596679688
16.74294090270996 541.3761596679688
16.74294090270996 541.3761596679688
16.74294090270996 541.3761596679688
16.74294090270996 541.3761596679688
16.74294090270996 541.3761596679688
16.74294090270996 541.3761596679688
16.74294090270996 541.3761596679688
16.74294090270996 541.3761596679688
16.74294090270996 541.3761596679688
16.74294090270996 541.3761596679688
16.74294090270996 541.3761596679688
16.74294090270996 541.3761596679688
16.74294090270996 541.3761596679688
16.51888084411621 542.0978393554688
16.51888084411621 542.0978393554688
16.51888084411621 542.0978393554688
16.51888084411621 542.0978393554688
16.51888084411621 542.0978393554688
16.51888084411621 542.0978393554688
16.51888084411621 542.0978393554688
16.51888084411621 542.0978393554688
16.51888084411621 542.0978393554688
16.51888084411621 542.0978393554688
16.51888084411621 542.0978393554688
16.51888084411621 542.0978393554688
16.51888084411621 542.0978393554688
16.51888084411621 542.0978393554688
16.51888084411621 542.0978393554688
16.51888084411621 542.0978393554688
16.51888084411621 542.0978393554688
16.51888084411621 542.0978393554688
16.51888084411621 542.0978393554688
16.51888084411621 542.0978393554688
16.51888084411621 542.0978393554688
16.51888084411621 542.0978393554688
16.50853729248047 542.78955078125
16.507221221923828 543.4737548828125
16.515033721923828 544.1567993164062
16.532236099243164 544.84619140625
16.558378219604492 545.5629272460938
16.591583251953125 546.2825927734375
16.632144927978516 547.005859375
16.682004928588867 547.7655639648438
16.73992919921875 548.5702514648438
16.798912048339844 549.3428344726562
16.862483978271484 550.1221923828125
16.93092918395996 550.937255859375
16.997024536132812 551.7255249023438
17.064159393310547 552.5208740234375
17.131881713867188 553.33984375
17.196767807006836 554.1639404296875
17.25731658935547 554.968994140625
17.315813064575195 555.7803955078125
17.372631072998047 556.5975341796875
17.425643920898438 557.4099731445312
17.472332000732422 558.203125
17.514413833618164 559.0023803710938
17.552417755126953 559.8110961914062
17.58510398864746 560.6229248046875
17.61042022705078 561.416259765625
17.629220962524414 562.2149047851562
17.641834259033203 563.0186767578125
17.647762298583984 563.8291625976562
17.646432876586914 564.6441650390625
17.638141632080078 565.463134765625
17.623214721679688 566.285400390625
17.60134506225586 567.114501953125
17.57236671447754 567.9464721679688
17.53692054748535 568.7623901367188
17.49375343322754 569.582275390625
17.4427490234375 570.40625
17.38418960571289 571.2337646484375
17.318511962890625 572.0620727539062
17.24712371826172 572.872802734375
17.168081283569336 573.68798828125
17.081748962402344 574.5071411132812
16.988250732421875 575.3285522460938
16.887441635131836 576.1528930664062
16.779706954956055 576.9795532226562
16.665491104125977 577.8078002929688
16.54466438293457 578.6384887695312
16.54466438293457 578.6384887695312
16.54466438293457 578.6384887695312
16.54466438293457 578.6384887695312
16.54466438293457 578.6384887695312
16.54466438293457 578.6384887695312
16.54466438293457 578.6384887695312
16.54466438293457 578.6384887695312
16.54466438293457 578.6384887695312
16.54466438293457 578.6384887695312
16.54466438293457 578.6384887695312
16.54466438293457 578.6384887695312
16.54466438293457 578.6384887695312
16.54466438293457 578.6384887695312
16.54466438293457 578.6384887695312
16.54466438293457 578.6384887695312
16.54466438293457 578.6384887695312
16.54466438293457 578.6384887695312
16.54466438293457 578.6384887695312
16.54466438293457 578.6384887695312
16.54466438293457 578.6384887695312
16.54466438293457 578.6384887695312
16.54466438293457 578.6384887695312
16.54466438293457 578.6384887695312
16.54466438293457 578.6384887695312
16.54466438293457 578.6384887695312
16.54466438293457 578.6384887695312
16.54466438293457 578.6384887695312
16.54466438293457 578.6384887695312
16.54466438293457 578.6384887695312
16.54466438293457 578.6384887695312
16.54466438293457 578.6384887695312
16.54466438293457 578.6384887695312
16.54466438293457 578.6384887695312
16.54466438293457 578.6384887695312
16.54466438293457 578.6384887695312
16.54466438293457 578.6384887695312
16.54466438293457 578.6384887695312
16.54466438293457 578.6384887695312
16.54466438293457 578.6384887695312
16.54466438293457 578.6384887695312
16.54466438293457 578.6384887695312
16.54466438293457 578.6384887695312
16.54466438293457 578.6384887695312
16.54466438293457 578.6384887695312
16.54466438293457 578.6384887695312
16.54466438293457 578.6384887695312
16.54466438293457 578.6384887695312
16.54466438293457 578.6384887695312
16.54466438293457 578.6384887695312
16.54466438293457 578.6384887695312
16.54466438293457 578.6384887695312
16.54466438293457 578.6384887695312
16.54466438293457 578.6384887695312
16.54466438293457 578.6384887695312
16.54466438293457 578.6384887695312
16.54466438293457 578.6384887695312
16.54466438293457 578.6384887695312
16.54466438293457 578.6384887695312
16.54466438293457 578.6384887695312
16.54466438293457 578.6384887695312
16.54466438293457 578.6384887695312
16.54466438293457 578.6384887695312
16.54466438293457 578.6384887695312
16.54466438293457 578.6384887695312
16.54466438293457 578.6384887695312
16.54466438293457 578.6384887695312
16.54466438293457 578.6384887695312
16.54466438293457 578.6384887695312
16.54466438293457 578.6384887695312
16.54466438293457 578.6384887695312
16.54466438293457 578.6384887695312
16.54466438293457 578.6384887695312
16.54466438293457 578.6384887695312
16.54466438293457 578.6384887695312
16.54466438293457 578.6384887695312
16.54466438293457 578.6384887695312
16.54466438293457 578.6384887695312
16.54466438293457 578.6384887695312
16.54466438293457 578.6384887695312
16.54466438293457 578.6384887695312
16.54466438293457 578.6384887695312
16.54466438293457 578.6384887695312
16.54466438293457 578.6384887695312
16.54466438293457 578.6384887695312
16.54466438293457 578.6384887695312
16.54466438293457 578.6384887695312
16.54466438293457 578.6384887695312
16.54466438293457 578.6384887695312
16.54466438293457 578.6384887695312
16.54466438293457 578.6384887695312
16.54466438293457 578.6384887695312
16.54466438293457 578.6384887695312
16.54466438293457 578.6384887695312
16.54466438293457 578.6384887695312
16.54466438293457 578.6384887695312
16.54466438293457 578.6384887695312
16.54466438293457 578.6384887695312
16.54466438293457 578.6384887695312
16.54466438293457 578.6384887695312
16.54466438293457 578.6384887695312
16.54466438293457 578.6384887695312
16.54466438293457 578.6384887695312
16.54466438293457 578.6384887695312
16.54466438293457 578.6384887695312
16.54466438293457 578.6384887695312
16.54466438293457 578.6384887695312
16.54466438293457 578.6384887695312
16.54466438293457 578.6384887695312
16.54466438293457 578.6384887695312
16.54466438293457 578.6384887695312
16.54466438293457 578.6384887695312
16.54466438293457 578.6384887695312
16.54466438293457 578.6384887695312
16.54466438293457 578.6384887695312
16.54466438293457 578.6384887695312
16.54466438293457 578.6384887695312
16.54466438293457 578.6384887695312
16.54466438293457 578.6384887695312
16.54466438293457 578.6384887695312
16.54466438293457 578.6384887695312
16.54466438293457 578.6384887695312
16.54466438293457 578.6384887695312
16.54466438293457 578.6384887695312
16.54466438293457 578.6384887695312
16.54466438293457 578.6384887695312
16.54466438293457 578.6384887695312
16.54466438293457 578.6384887695312
16.54466438293457 578.6384887695312
16.54466438293457 578.6384887695312
16.54466438293457 578.6384887695312
16.54466438293457 578.6384887695312
16.54466438293457 578.6384887695312
16.54466438293457 578.6384887695312
16.54466438293457 578.6384887695312
16.54466438293457 578.6384887695312
16.54466438293457 578.6384887695312
16.54466438293457 578.6384887695312
16.54466438293457 578.6384887695312
16.54466438293457 578.6384887695312
16.54466438293457 578.6384887695312
16.54466438293457 578.6384887695312
16.54466438293457 578.6384887695312
16.54466438293457 578.6384887695312
16.54466438293457 578.6384887695312
16.54466438293457 578.6384887695312
16.54466438293457 578.6384887695312
16.54466438293457 578.6384887695312
16.54466438293457 578.6384887695312
16.54466438293457 578.6384887695312
16.54466438293457 578.6384887695312
16.54466438293457 578.6384887695312
16.54466438293457 578.6384887695312
16.54466438293457 578.6384887695312
16.54466438293457 578.6384887695312
16.54466438293457 578.6384887695312
16.54466438293457 578.6384887695312
16.54466438293457 578.6384887695312
16.54466438293457 578.6384887695312
16.54466438293457 578.6384887695312
16.54466438293457 578.6384887695312
16.54466438293457 578.6384887695312
16.54466438293457 578.6384887695312
16.54466438293457 578.6384887695312
16.54466438293457 578.6384887695312
16.54466438293457 578.6384887695312
16.54466438293457 578.6384887695312
16.54466438293457 578.6384887695312
16.54466438293457 578.6384887695312
16.54466438293457 578.6384887695312
16.54466438293457 578.6384887695312
16.54466438293457 578.6384887695312
16.54466438293457 578.6384887695312
16.54466438293457 578.6384887695312
16.54466438293457 578.6384887695312
16.54466438293457 578.6384887695312
16.54466438293457 578.6384887695312
16.54466438293457 578.6384887695312
16.54466438293457 578.6384887695312
16.54466438293457 578.6384887695312
16.54466438293457 578.6384887695312
16.54466438293457 578.6384887695312
16.54466438293457 578.6384887695312
16.54466438293457 578.6384887695312
16.54466438293457 578.6384887695312
16.54466438293457 578.6384887695312
16.54466438293457 578.6384887695312
16.54466438293457 578.6384887695312
16.54466438293457 578.6384887695312
16.54466438293457 578.6384887695312
16.54466438293457 578.6384887695312
16.54466438293457 578.6384887695312
16.54466438293457 578.6384887695312
16.54466438293457 578.6384887695312
16.54466438293457 578.6384887695312
16.54466438293457 578.6384887695312
16.54466438293457 578.6384887695312
16.54466438293457 578.6384887695312
16.54466438293457 578.6384887695312
16.54466438293457 578.6384887695312
16.54466438293457 578.6384887695312
16.54466438293457 578.6384887695312
16.54466438293457 578.6384887695312
16.54466438293457 578.6384887695312
16.54466438293457 578.6384887695312
16.54466438293457 578.6384887695312
16.54466438293457 578.6384887695312
16.54466438293457 578.6384887695312
16.54466438293457 578.6384887695312
16.54466438293457 578.6384887695312
16.54466438293457 578.6384887695312
16.54466438293457 578.6384887695312
16.54466438293457 578.6384887695312
16.54466438293457 578.6384887695312
16.54466438293457 578.6384887695312
16.54466438293457 578.6384887695312
16.54466438293457 578.6384887695312
16.54466438293457 578.6384887695312
16.54466438293457 578.6384887695312
16.54466438293457 578.6384887695312
16.54466438293457 578.6384887695312
16.54466438293457 578.6384887695312
16.54466438293457 578.6384887695312
16.54466438293457 578.6384887695312
16.54466438293457 578.6384887695312
16.54466438293457 578.6384887695312
16.54466438293457 578.6384887695312
16.54466438293457 578.6384887695312
16.54466438293457 578.6384887695312
16.54466438293457 578.6384887695312
16.54466438293457 578.6384887695312
16.54466438293457 578.6384887695312
16.54466438293457 578.6384887695312
16.54466438293457 578.6384887695312
16.54466438293457 578.6384887695312
16.54466438293457 578.6384887695312
16.54466438293457 578.6384887695312
16.54466438293457 578.6384887695312
16.54466438293457 578.6384887695312
16.54466438293457 578.6384887695312
16.54466438293457 578.6384887695312
16.54466438293457 578.6384887695312
16.54466438293457 578.6384887695312
16.54466438293457 578.6384887695312
16.54466438293457 578.6384887695312
16.54466438293457 578.6384887695312
16.54466438293457 578.6384887695312
16.54466438293457 578.6384887695312
16.54466438293457 578.6384887695312
16.54466438293457 578.6384887695312
16.54466438293457 578.6384887695312
16.54466438293457 578.6384887695312
16.54466438293457 578.6384887695312
16.54466438293457 578.6384887695312
16.54466438293457 578.6384887695312
16.54466438293457 578.6384887695312
16.54466438293457 578.6384887695312
16.54466438293457 578.6384887695312
16.54466438293457 578.6384887695312
16.54466438293457 578.6384887695312
16.54466438293457 578.6384887695312
16.54466438293457 578.6384887695312
16.54466438293457 578.6384887695312
16.54466438293457 578.6384887695312
16.54466438293457 578.6384887695312
16.54466438293457 578.6384887695312
16.54466438293457 578.6384887695312
16.54466438293457 578.6384887695312
16.54466438293457 578.6384887695312
16.54466438293457 578.6384887695312
16.54466438293457 578.6384887695312
16.54466438293457 578.6384887695312
16.54466438293457 578.6384887695312
16.54466438293457 578.6384887695312
16.54466438293457 578.6384887695312
16.54466438293457 578.6384887695312
16.54466438293457 578.6384887695312
16.54466438293457 578.6384887695312
16.54466438293457 578.6384887695312
16.54466438293457 578.6384887695312
16.54466438293457 578.6384887695312
16.54466438293457 578.6384887695312
16.54466438293457 578.6384887695312
16.54466438293457 578.6384887695312
16.54466438293457 578.6384887695312
16.54466438293457 578.6384887695312
16.54466438293457 578.6384887695312
16.54466438293457 578.6384887695312
16.54466438293457 578.6384887695312
16.54466438293457 578.6384887695312
16.54466438293457 578.6384887695312
16.54466438293457 578.6384887695312
16.54466438293457 578.6384887695312
16.54466438293457 578.6384887695312
16.54466438293457 578.6384887695312
16.54466438293457 578.6384887695312
16.54466438293457 578.6384887695312
16.54466438293457 578.6384887695312
16.54466438293457 578.6384887695312
16.54466438293457 578.6384887695312
16.54466438293457 578.6384887695312
16.54466438293457 578.6384887695312
16.54466438293457 578.6384887695312
16.54466438293457 578.6384887695312
16.54466438293457 578.6384887695312
16.54466438293457 578.6384887695312
16.54466438293457 578.6384887695312
16.54466438293457 578.6384887695312
16.54466438293457 578.6384887695312
16.54466438293457 578.6384887695312
16.54466438293457 578.6384887695312
16.54466438293457 578.6384887695312
16.54466438293457 578.6384887695312
16.54466438293457 578.6384887695312
16.54466438293457 578.6384887695312
16.54466438293457 578.6384887695312
16.54466438293457 578.6384887695312
16.54466438293457 578.6384887695312
16.54466438293457 578.6384887695312
16.54466438293457 578.6384887695312
16.54466438293457 578.6384887695312
16.54466438293457 578.6384887695312
16.54466438293457 578.6384887695312
16.54466438293457 578.6384887695312
16.54466438293457 578.6384887695312
16.54466438293457 578.6384887695312
16.54466438293457 578.6384887695312
16.54466438293457 578.6384887695312
16.54466438293457 578.6384887695312
16.54466438293457 578.6384887695312
16.54466438293457 578.6384887695312
16.54466438293457 578.6384887695312
16.54466438293457 578.6384887695312
16.54466438293457 578.6384887695312
16.54466438293457 578.6384887695312
16.54466438293457 578.6384887695312
16.54466438293457 578.6384887695312
16.503005981445312 577.9164428710938
16.503005981445312 577.9164428710938
16.503005981445312 577.9164428710938
16.503005981445312 577.9164428710938
16.502073287963867 577.191650390625
16.5111026763916 576.4658203125
16.530038833618164 575.7410278320312
16.559064865112305 575.0172729492188
16.598316192626953 574.2945556640625
16.647735595703125 573.570068359375
16.706924438476562 572.8472290039062
16.775880813598633 572.1215209960938
16.853818893432617 571.3980102539062
16.940792083740234 570.6705932617188
17.035533905029297 569.9456787109375
17.138530731201172 569.2232666015625
17.250194549560547 568.5034790039062
17.37086296081543 567.7862548828125
17.50092124938965 567.0658569335938
17.638790130615234 566.3483276367188
17.7847957611084 565.6276245117188
17.93705940246582 564.9092407226562
18.09543800354004 564.1895141601562
18.258424758911133 563.4711303710938
18.42656135559082 562.7545166015625
18.60038185119629 562.0400390625
18.77958869934082 561.3251953125
18.962871551513672 560.6114501953125
19.15071678161621 559.899169921875
19.342426300048828 559.1879272460938
19.536041259765625 558.4785766601562
19.730806350708008 557.7704467773438
19.926774978637695 557.0625
20.124055862426758 556.354736328125
20.322328567504883 555.6478271484375
20.521642684936523 554.9411010742188
20.72183609008789 554.2349853515625
20.92293930053711 553.529052734375
21.124984741210938 552.8233032226562
21.32787322998047 552.1179809570312
21.531625747680664 551.4129028320312
21.73625946044922 550.7080078125
21.94179916381836 550.0033569335938
22.148168563842773 549.299072265625
22.355384826660156 548.5950317382812
22.563459396362305 547.8912353515625
22.77233123779297 547.187744140625
22.982006072998047 546.4844970703125
23.192485809326172 545.781494140625
23.40377426147461 545.0787353515625
23.615861892700195 544.376220703125
23.82874870300293 543.6739501953125
24.042436599731445 542.971923828125
24.256927490234375 542.2701416015625
24.47221565246582 541.568603515625
24.688297271728516 540.8673095703125
24.905174255371094 540.166259765625
25.122844696044922 539.4654541015625
25.34130859375 538.7649536132812
25.560565948486328 538.064697265625
25.78061866760254 537.3646850585938
26.001466751098633 536.6649169921875
26.223203659057617 535.96533203125
26.445802688598633 535.2660522460938
26.670480728149414 534.5678100585938
26.894847869873047 533.89404296875
27.13007926940918 533.2210083007812
27.376367568969727 532.5458374023438
27.628591537475586 531.8836669921875
27.891056060791016 531.2256469726562
28.163768768310547 530.5718383789062
28.44666290283203 529.92236328125
28.739669799804688 529.2774047851562
29.04271697998047 528.6370849609375
29.355730056762695 528.0015869140625
29.678634643554688 527.3710327148438
30.011350631713867 526.74560546875
30.35379981994629 526.12548828125
30.705902099609375 525.5107421875
31.068145751953125 524.9005737304688
31.439748764038086 524.2963256835938
31.822330474853516 523.6953125
32.214168548583984 523.100341796875
32.615169525146484 522.511474609375
33.025238037109375 521.9288940429688
33.44427490234375 521.3527221679688
33.8721809387207 520.7830810546875
34.30885314941406 520.2201538085938
34.75418472290039 519.6640625
35.208072662353516 519.1149291992188
35.670406341552734 518.5728759765625
36.14107131958008 518.0380249023438
36.61996078491211 517.5105590820312
37.106956481933594 516.9905395507812
37.60194396972656 516.4781494140625
38.104801177978516 515.9734497070312
38.61540985107422 515.4766235351562
39.13364791870117 514.9877319335938
39.659393310546875 514.5069580078125
40.1925163269043 514.0343627929688
40.73289108276367 513.570068359375
41.28038787841797 513.1141967773438
41.834877014160156 512.6668701171875
42.39622116088867 512.2281494140625
42.964290618896484 511.7981872558594
43.53894805908203 511.3770751953125
44.120052337646484 510.96490478515625
44.70746612548828 510.5617980957031
45.30105209350586 510.1678161621094
45.900665283203125 509.7830810546875
46.506160736083984 509.40765380859375
47.117393493652344 509.0416564941406
47.73421859741211 508.6851501464844
48.35648727416992 508.3382568359375
48.98405456542969 508.00103759765625
49.616764068603516 507.6735534667969
50.25446701049805 507.35589599609375
50.897010803222656 507.04815673828125
51.54424285888672 506.7503967285156
52.19600296020508 506.46270751953125
52.85213851928711 506.18511962890625
53.51249313354492 505.917724609375
54.17690658569336 505.66058349609375
54.84522247314453 505.41375732421875
55.517276763916016 505.17730712890625
56.19291305541992 504.9512939453125
56.87196350097656 504.73577880859375
57.55427169799805 504.5307922363281
58.23966979980469 504.3363952636719
58.92799377441406 504.1526184082031
59.61907958984375 503.9795227050781
60.31276321411133 503.817138671875
61.00887680053711 503.66552734375
61.707252502441406 503.5246887207031
62.4077262878418 503.3946838378906
63.11012649536133 503.2755432128906
63.81428909301758 503.16729736328125
64.5200424194336 503.0699462890625
65.22721862792969 502.9835510253906
65.9356460571289 502.9081115722656
66.64515686035156 502.8436279296875
67.35558319091797 502.7901306152344
68.0667495727539 502.7476501464844
68.77848815917969 502.7161865234375
69.49063110351562 502.69573974609375
70.2030029296875 502.6863098144531
70.91543579101562 502.68792724609375
71.62776184082031 502.7005615234375
72.33980560302734 502.7242126464844
73.05139923095703 502.7588806152344
73.76236724853516 502.8045654296875
74.47254180908203 502.86126708984375
75.18175506591797 502.928955078125
75.88983917236328 503.0075988769531
76.59661865234375 503.0971984863281
77.30192565917969 503.1977233886719
78.0055923461914 503.30914306640625
78.70745086669922 503.43145751953125
79.40733337402344 503.5646057128906
80.10507202148438 503.7085876464844
80.80049133300781 503.86334228515625
81.49343872070312 504.0288391113281
82.1837387084961 504.2050476074219
82.87113189697266 504.39190673828125
83.55522155761719 504.58929443359375
84.2347640991211 504.7968444824219
84.91073608398438 505.0148620605469
85.5825424194336 505.2431335449219
86.2509765625 505.48193359375
86.91509246826172 505.7309265136719
87.57514190673828 505.9902038574219
88.2308120727539 506.2596435546875
88.88214111328125 506.5392761230469
89.52897644042969 506.8290100097656
90.17109680175781 507.1287536621094
90.80843353271484 507.4384765625
91.44083404541016 507.7580871582031
92.06814575195312 508.0875244140625
92.69019317626953 508.42669677734375
93.30685424804688 508.7755432128906
93.91797637939453 509.13397216796875
94.52340698242188 509.50189208984375
95.12300872802734 509.8792419433594
95.71663665771484 510.2658996582031
96.30415344238281 510.6617736816406
96.88540649414062 511.0667724609375
97.46025848388672 511.4808044433594
98.028564453125 511.90374755859375
98.59019470214844 512.3355102539062
99.14500427246094 512.7760009765625
99.69286346435547 513.22509765625
100.233642578125 513.6827392578125
100.76720428466797 514.1487426757812
101.29341888427734 514.623046875
101.8121566772461 515.10546875
102.32329559326172 515.595947265625
102.82670593261719 516.0943603515625
103.322265625 516.6005859375
103.80986022949219 517.114501953125
104.28936767578125 517.635986328125
104.76066589355469 518.1648559570312
105.22366333007812 518.7010498046875
105.67823791503906 519.2444458007812
106.1247787475586 519.7954711914062
106.56289672851562 520.3536987304688
106.99269104003906 520.919189453125
107.41395568847656 521.4917602539062
107.84497833251953 522.0963134765625
108.27625274658203 522.7195434570312
108.70719146728516 523.3605346679688
109.13876342773438 524.0205078125
109.60610961914062 524.7518920898438
110.06832122802734 525.489013671875
110.52569580078125 526.2322387695312
110.97779846191406 526.980712890625
111.42432403564453 527.7338256835938
111.86553955078125 528.491943359375
112.30069732666016 529.2537231445312
112.72974395751953 530.0191040039062
113.15262603759766 530.7879638671875
113.5693130493164 531.5601806640625
113.97976684570312 532.3357543945312
114.38392639160156 533.114501953125
114.78177642822266 533.8963623046875
115.17318725585938 534.6810913085938
115.55819702148438 535.4686889648438
115.93690490722656 536.2593383789062
116.30890655517578 537.0521850585938
116.67428588867188 537.8472900390625
117.03292083740234 538.644287109375
117.38465881347656 539.4428100585938
117.7283935546875 540.239990234375
118.0645751953125 541.03662109375
118.3929214477539 541.8316650390625
118.711669921875 542.620361328125
119.02207946777344 543.405029296875
119.3242416381836 544.1849975585938
119.61836242675781 544.95947265625
119.90473175048828 545.7276000976562
120.18366241455078 546.4882202148438
120.45105743408203 547.2257690429688
120.71314239501953 547.952880859375
120.97889709472656 548.6947021484375
121.2398910522461 549.4283447265625
121.48759460449219 550.1240234375
121.7497787475586 550.8600463867188
122.01174926757812 551.6008911132812
122.26908111572266 552.3335571289062
122.5244140625 553.06396484375
122.77570343017578 553.7844848632812
123.03182220458984 554.521240234375
123.28359985351562 555.2484741210938
123.53981018066406 555.9921264648438
123.79137420654297 556.7265625
124.04545593261719 557.4729614257812
124.3022232055664 558.2349243164062
124.55355834960938 558.9889526367188
124.79850006103516 559.7294311523438
125.05349731445312 560.5087280273438
125.30245971679688 561.28125
125.54574584960938 562.0459594726562
125.79080963134766 562.8267211914062
126.03630828857422 563.6222534179688
126.28082275390625 564.4302978515625
126.51909637451172 565.2337646484375
126.75130462646484 566.0316162109375
126.9836196899414 566.8457641601562
127.2098617553711 567.655517578125
127.43406677246094 568.4754638671875
127.65232849121094 569.2915649414062
127.86827087402344 570.1181640625
128.07809448242188 570.941650390625
128.28192138671875 571.7610473632812
128.48182678222656 572.583740234375
128.6761016845703 573.4016723632812
128.8680419921875 574.2289428710938
129.05447387695312 575.0520629882812
129.23731994628906 575.8793334960938
129.4147186279297 576.7020263671875
129.58689880371094 577.5189819335938
129.75845336914062 578.3541870117188
129.92457580566406 579.1870727539062
130.0854949951172 580.0167236328125
130.0854949951172 580.0167236328125
130.0854949951172 580.0167236328125
130.0854949951172 580.0167236328125
130.0854949951172 580.0167236328125
130.0854949951172 580.0167236328125
130.0854949951172 580.0167236328125
130.0854949951172 580.0167236328125
130.0854949951172 580.0167236328125
130.0854949951172 580.0167236328125
130.0854949951172 580.0167236328125
130.0854949951172 580.0167236328125
130.0854949951172 580.0167236328125
130.0854949951172 580.0167236328125
130.0854949951172 580.0167236328125
130.0854949951172 580.0167236328125
130.0854949951172 580.0167236328125
130.0854949951172 580.0167236328125
130.0854949951172 580.0167236328125
130.0854949951172 580.0167236328125
130.0854949951172 580.0167236328125
130.0854949951172 580.0167236328125
130.0854949951172 580.0167236328125
130.0854949951172 580.0167236328125
130.0854949951172 580.0167236328125
130.0854949951172 580.0167236328125
130.0854949951172 580.0167236328125
130.0854949951172 580.0167236328125
130.0854949951172 580.0167236328125
130.0854949951172 580.0167236328125
130.0854949951172 580.0167236328125
130.0854949951172 580.0167236328125
130.0854949951172 580.0167236328125
130.0854949951172 580.0167236328125
130.0854949951172 580.0167236328125
130.0854949951172 580.0167236328125
130.0854949951172 580.0167236328125
130.0854949951172 580.0167236328125
130.0854949951172 580.0167236328125
130.0854949951172 580.0167236328125
130.0854949951172 580.0167236328125
130.0854949951172 580.0167236328125
130.0854949951172 580.0167236328125
130.0854949951172 580.0167236328125
130.0854949951172 580.0167236328125
130.0854949951172 580.0167236328125
130.0854949951172 580.0167236328125
130.0854949951172 580.0167236328125
130.0854949951172 580.0167236328125
130.0854949951172 580.0167236328125
130.0854949951172 580.0167236328125
130.0854949951172 580.0167236328125
130.0854949951172 580.0167236328125
130.0854949951172 580.0167236328125
130.0854949951172 580.0167236328125
130.0854949951172 580.0167236328125
130.0854949951172 580.0167236328125
130.0854949951172 580.0167236328125
130.0854949951172 580.0167236328125
130.0854949951172 580.0167236328125
130.0854949951172 580.0167236328125
130.0854949951172 580.0167236328125
130.0854949951172 580.0167236328125
130.0854949951172 580.0167236328125
130.0854949951172 580.0167236328125
130.0854949951172 580.0167236328125
130.0854949951172 580.0167236328125
130.0854949951172 580.0167236328125
130.0854949951172 580.0167236328125
130.0854949951172 580.0167236328125
130.0854949951172 580.0167236328125
130.0854949951172 580.0167236328125
130.0854949951172 580.0167236328125
130.0854949951172 580.0167236328125
130.0854949951172 580.0167236328125
130.0854949951172 580.0167236328125
130.0854949951172 580.0167236328125
130.0854949951172 580.0167236328125
130.0854949951172 580.0167236328125
130.0854949951172 580.0167236328125
130.0854949951172 580.0167236328125
130.0854949951172 580.0167236328125
130.0854949951172 580.0167236328125
130.0854949951172 580.0167236328125
130.0854949951172 580.0167236328125
130.0854949951172 580.0167236328125
130.0854949951172 580.0167236328125
130.0854949951172 580.0167236328125
130.0854949951172 580.0167236328125
130.0854949951172 580.0167236328125
130.0854949951172 580.0167236328125
130.0854949951172 580.0167236328125
130.0854949951172 580.0167236328125
130.0854949951172 580.0167236328125
130.0854949951172 580.0167236328125
130.0854949951172 580.0167236328125
130.0854949951172 580.0167236328125
130.0854949951172 580.0167236328125
130.0854949951172 580.0167236328125
130.0854949951172 580.0167236328125
130.0854949951172 580.0167236328125
130.0854949951172 580.0167236328125
130.0854949951172 580.0167236328125
130.0854949951172 580.0167236328125
130.0854949951172 580.0167236328125
130.0854949951172 580.0167236328125
130.0854949951172 580.0167236328125
130.0854949951172 580.0167236328125
130.0854949951172 580.0167236328125
130.0854949951172 580.0167236328125
130.0854949951172 580.0167236328125
130.0854949951172 580.0167236328125
130.0854949951172 580.0167236328125
130.0854949951172 580.0167236328125
130.0854949951172 580.0167236328125
130.0854949951172 580.0167236328125
130.0854949951172 580.0167236328125
130.0854949951172 580.0167236328125
130.0854949951172 580.0167236328125
130.0854949951172 580.0167236328125
130.0854949951172 580.0167236328125
130.0854949951172 580.0167236328125
130.0854949951172 580.0167236328125
130.0854949951172 580.0167236328125
130.0854949951172 580.0167236328125
130.0854949951172 580.0167236328125
130.0854949951172 580.0167236328125
130.0854949951172 580.0167236328125
130.0854949951172 580.0167236328125
130.0854949951172 580.0167236328125
130.0854949951172 580.0167236328125
130.0854949951172 580.0167236328125
130.0854949951172 580.0167236328125
130.0854949951172 580.0167236328125
130.0854949951172 580.0167236328125
130.0854949951172 580.0167236328125
130.0854949951172 580.0167236328125
130.0854949951172 580.0167236328125
130.0854949951172 580.0167236328125
130.0854949951172 580.0167236328125
130.0854949951172 580.0167236328125
130.0854949951172 580.0167236328125
130.0854949951172 580.0167236328125
130.0854949951172 580.0167236328125
130.0854949951172 580.0167236328125
130.0854949951172 580.0167236328125
130.0854949951172 580.0167236328125
130.0854949951172 580.0167236328125
130.0854949951172 580.0167236328125
130.0854949951172 580.0167236328125
129.40533447265625 580.4923706054688
129.40533447265625 580.4923706054688
129.40533447265625 580.4923706054688
129.40533447265625 580.4923706054688
129.40533447265625 580.4923706054688
129.40533447265625 580.4923706054688
129.40533447265625 580.4923706054688
129.40533447265625 580.4923706054688
129.40533447265625 580.4923706054688
129.40533447265625 580.4923706054688
129.40533447265625 580.4923706054688
129.40533447265625 580.4923706054688
129.40533447265625 580.4923706054688
129.40533447265625 580.4923706054688
129.40533447265625 580.4923706054688
129.40533447265625 580.4923706054688
129.40533447265625 580.4923706054688
129.40533447265625 580.4923706054688
129.40533447265625 580.4923706054688
129.40533447265625 580.4923706054688
129.40533447265625 580.4923706054688
129.40533447265625 580.4923706054688
129.40533447265625 580.4923706054688
129.40533447265625 580.4923706054688
129.40533447265625 580.4923706054688
129.40533447265625 580.4923706054688
129.40533447265625 580.4923706054688
129.40533447265625 580.4923706054688
129.40533447265625 580.4923706054688
129.40533447265625 580.4923706054688
129.40533447265625 580.4923706054688
129.40533447265625 580.4923706054688
129.40533447265625 580.4923706054688
129.40533447265625 580.4923706054688
129.40533447265625 580.4923706054688
129.40533447265625 580.4923706054688
129.40533447265625 580.4923706054688
129.40533447265625 580.4923706054688
129.40533447265625 580.4923706054688
129.40533447265625 580.4923706054688
129.40533447265625 580.4923706054688
129.40533447265625 580.4923706054688
128.67874145507812 580.494873046875
127.95452880859375 580.4874267578125
127.23103332519531 580.4697265625
126.50557708740234 580.44189453125
125.78144836425781 580.4041748046875
125.05860900878906 580.3564453125
124.33348083496094 580.2987060546875
123.61026000976562 580.2315673828125
122.88357543945312 580.1549682617188
122.1592788696289 580.0698852539062
121.43737030029297 579.9759521484375
120.71173095703125 579.8729858398438
119.9886474609375 579.762451171875
119.26824951171875 579.6438598632812
118.55059051513672 579.5167846679688
117.82951354980469 579.3807983398438
117.11111450195312 579.2377319335938
116.39022064208984 579.0874633789062
115.67120361328125 578.9317016601562
114.9544677734375 578.7699584960938
114.23680877685547 578.6023559570312
113.52037811279297 578.4303588867188
112.80558013916016 578.2534790039062
112.09280395507812 578.0712280273438
111.38006591796875 577.8839111328125
110.66917419433594 577.694091796875
109.95853424072266 577.5020141601562
109.2482681274414 577.307373046875
108.54065704345703 577.1114501953125
107.83322143554688 576.9144897460938
107.1259536743164 576.7163696289062
106.41886138916016 576.5169677734375
105.71281433105469 576.3167114257812
105.0069808959961 576.1156005859375
104.30136108398438 575.9136352539062
103.59595489501953 575.7107543945312
102.89075469970703 575.5069580078125
102.18596649169922 575.3023071289062
101.48139953613281 575.0968017578125
100.77705383300781 574.8904418945312
100.07292175292969 574.6832275390625
99.3691635131836 574.4751586914062
98.66568756103516 574.2662963867188
97.96244812011719 574.0565795898438
97.25946807861328 573.8460693359375
96.55672454833984 573.634765625
95.85421752929688 573.4226684570312
95.1519546508789 573.2097778320312
94.449951171875 572.99609375
93.74818420410156 572.7816162109375
93.04666137695312 572.5662841796875
92.34536743164062 572.3501586914062
91.64871978759766 572.1319580078125
90.95280456542969 571.9081420898438
90.2551498413086 571.6795043945312
89.5827865600586 571.4520874023438
88.91532135009766 571.2147827148438
88.25164794921875 570.967041015625
87.5919189453125 570.708984375
86.9363021850586 570.4406127929688
86.28495788574219 570.1620483398438
85.63804626464844 569.8733520507812
84.9957275390625 569.5745849609375
84.3581314086914 569.2658081054688
83.72535705566406 568.9470825195312
83.09768676757812 568.6185302734375
82.47343444824219 568.2792358398438
81.84866333007812 567.9270629882812
81.2293472290039 567.5653686523438
80.62040710449219 567.1970825195312
80.01628875732422 566.8187866210938
79.42047882080078 566.4326782226562
78.83150482177734 566.037841796875
78.24871063232422 565.6338500976562
77.67263793945312 565.2210693359375
77.1030502319336 564.79931640625
76.540283203125 564.3688354492188
75.98429107666016 563.9296264648438
75.435302734375 563.4818115234375
74.89336395263672 563.0254516601562
74.35865783691406 562.5607299804688
73.83128356933594 562.0877075195312
73.31136322021484 561.6065063476562
72.79902648925781 561.1172485351562
72.29439544677734 560.6200561523438
71.79759979248047 560.1150512695312
71.30875396728516 559.6023559570312
70.8279800415039 559.0820922851562
70.35539245605469 558.5543823242188
69.89110565185547 558.0193481445312
69.43523406982422 557.4771118164062
68.9878921508789 556.9277954101562
68.54918670654297 556.37158203125
68.11922454833984 555.80859375
67.69810485839844 555.2389526367188
67.28594207763672 554.6627807617188
66.88282775878906 554.0802612304688
66.48886108398438 553.4915161132812
66.10414123535156 552.8966674804688
65.72876739501953 552.2958984375
65.36282348632812 551.6893310546875
65.00640106201172 551.0771484375
64.65958404541016 550.45947265625
64.32246398925781 549.83642578125
63.9951171875 549.2081909179688
63.6776237487793 548.5748901367188
63.37006378173828 547.9367065429688
63.072509765625 547.2938232421875
62.785037994384766 546.6463623046875
62.50771713256836 545.9945068359375
62.2406120300293 545.33837890625
61.98379135131836 544.6781616210938
61.7373161315918 544.0140380859375
61.50124740600586 543.3461303710938
61.27564239501953 542.6746215820312
61.0605583190918 541.9996337890625
60.85604476928711 541.3214111328125
60.66215133666992 540.6400756835938
60.47892761230469 539.9557495117188
60.30641555786133 539.2686767578125
60.14466094970703 538.5789794921875
59.99370193481445 537.8868408203125
59.853572845458984 537.1924438476562
59.72431182861328 536.4959106445312
59.6059455871582 535.7974853515625
59.49850845336914 535.0972900390625
59.40202331542969 534.3955078125
59.31651306152344 533.6922607421875
59.242000579833984 532.98779296875
59.178504943847656 532.2822265625
59.12603759765625 531.5757446289062
59.08461380004883 530.8685302734375
59.05424499511719 530.1607666015625
59.03493881225586 529.45263671875
59.02669906616211 528.7442626953125
59.02952575683594 528.035888671875
59.043418884277344 527.32763671875
59.06837463378906 526.6196899414062
59.10438919067383 525.9121704101562
59.15145492553711 525.205322265625
59.209556579589844 524.4993286132812
59.278682708740234 523.7943115234375
59.35881423950195 523.0904541015625
59.44993209838867 522.387939453125
59.55201721191406 521.6868896484375
59.66504669189453 520.9874877929688
59.78904342651367 520.2896118164062
59.92390441894531 519.5938110351562
60.0703239440918 518.8966064453125
60.22746276855469 518.2020263671875
60.39540100097656 517.5096435546875
60.57403564453125 516.8199462890625
60.76332473754883 516.1331176757812
60.96322250366211 515.4492797851562
61.173683166503906 514.7686157226562
61.3946533203125 514.09130859375
61.62607955932617 513.41748046875
61.8679084777832 512.747314453125
62.120079040527344 512.0809936523438
62.38253402709961 511.4186706542969
62.655208587646484 510.760498046875
62.93804168701172 510.1065979003906
63.230960845947266 509.4571533203125
63.533897399902344 508.8123474121094
63.846778869628906 508.17230224609375
64.1695327758789 507.53717041015625
64.5020751953125 506.9071044921875
64.84432983398438 506.2822570800781
65.19622039794922 505.66278076171875
65.55765533447266 505.048828125
65.92855072021484 504.4405517578125
66.3088150024414 503.83807373046875
66.69835662841797 503.2415771484375
67.09708404541016 502.65118408203125
67.5049057006836 502.0670166015625
67.92172241210938 501.4892272949219
68.34742736816406 500.91796875
68.78192901611328 500.3533630371094
69.22511291503906 499.7955627441406
69.6768798828125 499.24468994140625
70.13712310791016 498.70086669921875
70.60572814941406 498.16424560546875
71.08258056640625 497.6349182128906
71.56757354736328 497.113037109375
72.06058502197266 496.5987243652344
72.5615005493164 496.0921325683594
73.0701904296875 495.5933532714844
73.58654022216797 495.1025085449219
74.11042785644531 494.61968994140625
74.64173126220703 494.1450500488281
75.18031311035156 493.6786804199219
75.7260513305664 493.220703125
76.27880859375 492.771240234375
76.83846282958984 492.33038330078125
77.40486907958984 491.89825439453125
77.97789764404297 491.4749450683594
78.55741119384766 491.060546875
79.14327239990234 490.6551818847656
79.73533630371094 490.2589111328125
80.33346557617188 489.8718566894531
80.93750762939453 489.4941101074219
81.54732513427734 489.1257629394531
82.16277313232422 488.76690673828125
82.78441619873047 488.4172058105469
83.4474868774414 488.056884765625
84.1329345703125 487.6962585449219
84.8432846069336 487.3338317871094
85.57833099365234 486.96942138671875
86.35340118408203 486.5947570800781
87.13823699951172 486.22381591796875
87.9300308227539 485.8577575683594
88.72859191894531 485.49652099609375
89.53057098388672 485.14154052734375
90.3356704711914 484.7929382324219
91.14371490478516 484.4507751464844
91.95463562011719 484.1150817871094
92.76824951171875 483.78594970703125
93.58450317382812 483.46337890625
94.40333557128906 483.14739990234375
95.22469329833984 482.8380126953125
96.04851531982422 482.5352478027344
96.87474822998047 482.2391357421875
97.7033462524414 481.94970703125
98.53424835205078 481.6669616699219
99.36740112304688 481.39093017578125
100.20275115966797 481.1216125488281
101.04024505615234 480.8590393066406
101.87982177734375 480.60321044921875
102.563720703125 480.4035949707031
103.25062561035156 480.214599609375
103.94037628173828 480.0362548828125
104.63280487060547 479.86859130859375
105.32774353027344 479.711669921875
106.0250244140625 479.5655212402344
106.7244873046875 479.43017578125
107.42596435546875 479.3056945800781
108.12928009033203 479.19207763671875
108.83427429199219 479.08935546875
109.54019165039062 478.9976501464844
110.24449920654297 478.9172668457031
110.94956970214844 478.8479309082031
111.65562438964844 478.78961181640625
112.36247253417969 478.7423400878906
113.06996154785156 478.70611572265625
113.77792358398438 478.6809387207031
114.48619079589844 478.6668395996094
115.19458770751953 478.663818359375
115.90294647216797 478.6718444824219
116.61109161376953 478.6909484863281
117.31885528564453 478.7210998535156
118.02606201171875 478.7622985839844
118.73253631591797 478.8145446777344
119.4381103515625 478.8778381347656
120.14260864257812 478.9521484375
120.84586334228516 479.0374450683594
121.54769897460938 479.13372802734375
122.24794006347656 479.240966796875
122.94642639160156 479.359130859375
123.64297485351562 479.4881896972656
124.3374252319336 479.62811279296875
125.02960205078125 479.77886962890625
125.71934509277344 479.9404296875
126.4066162109375 480.1127624511719
127.09136199951172 480.29583740234375
127.77384948730469 480.4896240234375
128.45225524902344 480.69366455078125
129.1273651123047 480.90826416015625
129.79904174804688 481.1333923339844
130.4671173095703 481.3689880371094
131.13143920898438 481.614990234375
131.7956085205078 481.87274169921875
132.45570373535156 482.1407470703125
133.111572265625 482.4189453125
133.7630615234375 482.707275390625
134.41000366210938 483.0056457519531
135.05226135253906 483.3139953613281
135.68966674804688 483.6322326660156
136.3220672607422 483.9602966308594
136.94931030273438 484.2981262207031
137.5712432861328 484.6456298828125
138.18772888183594 485.0027160644531
138.79861450195312 485.3692932128906
139.40374755859375 485.74530029296875
140.00299072265625 486.130615234375
140.59620666503906 486.525146484375
141.18324279785156 486.9288330078125
141.7639617919922 487.341552734375
142.3382110595703 487.7632141113281
142.90586853027344 488.1936950683594
143.466796875 488.6329345703125
144.02085876464844 489.0807800292969
144.5679168701172 489.53717041015625
145.10784912109375 490.001953125
145.64051818847656 490.47503662109375
146.16580200195312 490.9563293457031
146.68357849121094 491.4456787109375
147.19342041015625 491.9427185058594
147.6951446533203 492.4472351074219
148.18870544433594 492.9591979980469
148.67401123046875 493.478515625
149.15101623535156 494.005126953125
149.61959838867188 494.53887939453125
150.07972717285156 495.0797424316406
150.53123474121094 495.6275634765625
150.9740447998047 496.18218994140625
151.4081268310547 496.74359130859375
151.83331298828125 497.31158447265625
152.24951171875 497.8860168457031
152.65670776367188 498.46685791015625
153.0547332763672 499.0538635253906
153.44357299804688 499.64703369140625
153.82305908203125 500.2461242675781
154.19309997558594 500.8509826660156
154.55361938476562 501.4614562988281
154.90452575683594 502.0774230957031
155.24574279785156 502.69873046875
155.57723999023438 503.3253173828125
155.89915466308594 503.95745849609375
156.2127685546875 504.59765625
156.5172576904297 505.24432373046875
156.81764221191406 505.9081726074219
157.11431884765625 506.5901184082031
157.41903686523438 507.3169860839844
157.71762084960938 508.0545349121094
158.0215606689453 508.8302917480469
158.32676696777344 509.6321716308594
158.62203979492188 510.43017578125
158.91123962402344 511.2348937988281
159.1974639892578 512.05419921875
159.47828674316406 512.8804321289062
159.75022888183594 513.7034301757812
160.0156707763672 514.5305786132812
160.27615356445312 515.3662109375
160.52992248535156 516.204345703125
160.776123046875 517.0422973632812
161.01512145996094 517.8815307617188
161.247314453125 518.7233276367188
161.47317504882812 519.5692749023438
161.69241333007812 520.4181518554688
161.9044647216797 521.2677001953125
162.10986328125 522.1200561523438
162.30807495117188 522.9730224609375
162.49940490722656 523.8279418945312
162.6840362548828 524.685546875
162.86175537109375 525.544677734375
163.03244018554688 526.4048461914062
163.19618225097656 527.2664794921875
163.35302734375 528.1298217773438
163.5029296875 528.9945068359375
163.64581298828125 529.8601684570312
163.78170776367188 530.7269897460938
163.91062927246094 531.5950317382812
164.03256225585938 532.464111328125
164.14749145507812 533.3341674804688
164.25540161132812 534.205078125
164.35629272460938 535.0768432617188
164.45016479492188 535.9494018554688
164.53700256347656 536.8226928710938
164.61680603027344 537.6966552734375
164.6895751953125 538.5711669921875
164.75531005859375 539.4462280273438
164.81399536132812 540.32177734375
164.8656463623047 541.19775390625
164.91024780273438 542.0740966796875
164.94781494140625 542.95068359375
164.9783477783203 543.827392578125
165.0018768310547 544.7042846679688
165.0183868408203 545.5813598632812
165.02789306640625 546.4584350585938
165.03038024902344 547.3356323242188
165.02586364746094 548.2127685546875
165.0143280029297 549.0900268554688
164.9957733154297 549.9671020507812
164.97019958496094 550.8439331054688
164.9376220703125 551.7205200195312
164.89804077148438 552.5967407226562
164.85145568847656 553.47265625
164.79788208007812 554.3480834960938
164.73731994628906 555.2229614257812
164.6697998046875 556.0972290039062
164.59532165527344 556.9710083007812
164.51388549804688 557.8441772460938
164.42550659179688 558.7166137695312
164.3302001953125 559.588134765625
164.2279815673828 560.4588623046875
164.11886596679688 561.32861328125
164.00283813476562 562.1975708007812
163.8799285888672 563.0654296875
163.75021362304688 563.931884765625
163.61366271972656 564.7973022460938
163.4702911376953 565.6614990234375
163.32009887695312 566.5244750976562
163.1631317138672 567.3861083984375
162.9993896484375 568.246337890625
162.82888793945312 569.1051025390625
162.65170288085938 569.9623413085938
162.4678192138672 570.8180541992188
162.27728271484375 571.6720581054688
162.08029174804688 572.5238037109375
161.87681579589844 573.3736572265625
161.6669464111328 574.2214965820312
161.4509735107422 575.0665283203125
161.2290496826172 575.9082641601562
161.0009002685547 576.7478637695312
160.76670837402344 577.5851440429688
160.5272674560547 578.4173583984375
160.2817840576172 579.2473754882812
160.02980041503906 580.0763549804688
160.02980041503906 580.0763549804688
160.02980041503906 580.0763549804688
160.02980041503906 580.0763549804688
160.02980041503906 580.0763549804688
160.02980041503906 580.0763549804688
160.02980041503906 580.0763549804688
160.02980041503906 580.0763549804688
160.02980041503906 580.0763549804688
160.02980041503906 580.0763549804688
160.02980041503906 580.0763549804688
160.02980041503906 580.0763549804688
160.02980041503906 580.0763549804688
160.02980041503906 580.0763549804688
160.02980041503906 580.0763549804688
160.02980041503906 580.0763549804688
160.02980041503906 580.0763549804688
160.02980041503906 580.0763549804688
160.02980041503906 580.0763549804688
160.02980041503906 580.0763549804688
160.02980041503906 580.0763549804688
160.02980041503906 580.0763549804688
160.02980041503906 580.0763549804688
160.02980041503906 580.0763549804688
160.02980041503906 580.0763549804688
160.02980041503906 580.0763549804688
160.02980041503906 580.0763549804688
160.02980041503906 580.0763549804688
160.02980041503906 580.0763549804688
160.02980041503906 580.0763549804688
160.02980041503906 580.0763549804688
160.02980041503906 580.0763549804688
160.02980041503906 580.0763549804688
160.02980041503906 580.0763549804688
160.02980041503906 580.0763549804688
160.02980041503906 580.0763549804688
160.02980041503906 580.0763549804688
160.02980041503906 580.0763549804688
160.02980041503906 580.0763549804688
160.02980041503906 580.0763549804688
160.02980041503906 580.0763549804688
160.02980041503906 580.0763549804688
160.02980041503906 580.0763549804688
160.02980041503906 580.0763549804688
160.02980041503906 580.0763549804688
160.02980041503906 580.0763549804688
160.02980041503906 580.0763549804688
160.02980041503906 580.0763549804688
160.02980041503906 580.0763549804688
160.02980041503906 580.0763549804688
160.02980041503906 580.0763549804688
160.02980041503906 580.0763549804688
160.02980041503906 580.0763549804688
160.02980041503906 580.0763549804688
160.02980041503906 580.0763549804688
160.02980041503906 580.0763549804688
160.02980041503906 580.0763549804688
160.02980041503906 580.0763549804688
160.02980041503906 580.0763549804688
160.02980041503906 580.0763549804688
160.02980041503906 580.0763549804688
160.02980041503906 580.0763549804688
160.02980041503906 580.0763549804688
160.02980041503906 580.0763549804688
160.02980041503906 580.0763549804688
160.02980041503906 580.0763549804688
160.02980041503906 580.0763549804688
160.02980041503906 580.0763549804688
159.3114013671875 580.4921264648438
159.3114013671875 580.4921264648438
159.3114013671875 580.4921264648438
159.3114013671875 580.4921264648438
159.3114013671875 580.4921264648438
159.3114013671875 580.4921264648438
159.3114013671875 580.4921264648438
159.3114013671875 580.4921264648438
159.3114013671875 580.4921264648438
159.3114013671875 580.4921264648438
159.3114013671875 580.4921264648438
159.3114013671875 580.4921264648438
159.3114013671875 580.4921264648438
159.3114013671875 580.4921264648438
159.3114013671875 580.4921264648438
159.3114013671875 580.4921264648438
159.3114013671875 580.4921264648438
159.3114013671875 580.4921264648438
159.3114013671875 580.4921264648438
159.3114013671875 580.4921264648438
159.3114013671875 580.4921264648438
159.3114013671875 580.4921264648438
159.3114013671875 580.4921264648438
159.3114013671875 580.4921264648438
159.3114013671875 580.4921264648438
159.3114013671875 580.4921264648438
159.3114013671875 580.4921264648438
159.3114013671875 580.4921264648438
159.3114013671875 580.4921264648438
159.3114013671875 580.4921264648438
159.3114013671875 580.4921264648438
159.3114013671875 580.4921264648438
159.3114013671875 580.4921264648438
159.3114013671875 580.4921264648438
159.3114013671875 580.4921264648438
159.3114013671875 580.4921264648438
159.3114013671875 580.4921264648438
158.58494567871094 580.4903564453125
157.86085510253906 580.4786987304688
157.1375274658203 580.4567260742188
156.412353515625 580.4246215820312
155.6885528564453 580.3826293945312
154.96607971191406 580.33056640625
154.24143981933594 580.2684936523438
153.51873779296875 580.1969604492188
152.7926788330078 580.1159057617188
152.0690460205078 580.0263671875
151.34783935546875 579.927978515625
150.62298583984375 579.8204956054688
149.90072631835938 579.7053833007812
149.18118286132812 579.5822143554688
148.45819091796875 579.45068359375
147.7376251220703 579.3125610351562
147.01976013183594 579.1672973632812
146.2993927001953 579.0147094726562
145.5809326171875 578.8566284179688
144.8647918701172 578.6925048828125
144.147705078125 578.5225219726562
143.431884765625 578.34814453125
142.7177276611328 578.1688232421875
142.005615234375 577.9840698242188
141.29470825195312 577.7955322265625
140.583984375 577.6050415039062
139.87351989746094 577.4122314453125
139.16476440429688 577.2178955078125
138.45700073242188 577.0225219726562
137.74940490722656 576.8260498046875
137.0419921875 576.62841796875
136.33474731445312 576.4295043945312
135.62855529785156 576.2297973632812
134.92257690429688 576.0292358398438
134.21681213378906 575.8277587890625
133.51126098632812 575.6254272460938
132.805908203125 575.422119140625
132.10096740722656 575.218017578125
131.39625549316406 575.0130615234375
130.69175720214844 574.8071899414062
129.98748779296875 574.6004638671875
129.28358459472656 574.3928833007812
128.57997131347656 574.1845092773438
127.8765869140625 573.975341796875
127.1734619140625 573.765380859375
126.47057342529297 573.5545654296875
125.7679214477539 573.3429565429688
125.06550598144531 573.1305541992188
124.36334991455078 572.9173583984375
123.66143035888672 572.703369140625
122.95975494384766 572.4885864257812
122.25833129882812 572.2730102539062
121.55715942382812 572.056640625
120.85623168945312 571.8394775390625
120.15554809570312 571.6215209960938
119.45510864257812 571.4027709960938
118.7548828125 571.1831665039062
118.0549545288086 570.9627075195312
117.35528564453125 570.741455078125
116.65587615966797 570.5194091796875
115.97378540039062 570.2974853515625
115.28668212890625 570.0650024414062
114.6182632446289 569.8292236328125
113.95294952392578 569.5828857421875
113.2899169921875 569.325927734375
112.63336944580078 569.0598754882812
111.9810562133789 568.7835693359375
111.33314514160156 568.4971313476562
110.68978118896484 568.2006225585938
110.05113220214844 567.8941040039062
109.41735076904297 567.57763671875
108.78858947753906 567.2512817382812
108.16500091552734 566.9151611328125
107.5467300415039 566.5693359375
106.93394470214844 566.2138671875
106.32621002197266 565.8485717773438
105.72137451171875 565.4721069335938
105.12244415283203 565.0863037109375
104.52955627441406 564.6912841796875
103.94285583496094 564.287109375
103.36300659179688 563.874267578125
102.79048156738281 563.453125
102.22489166259766 563.0233764648438
101.66651153564453 562.585205078125
101.11531829833984 562.1386108398438
100.57128143310547 561.68359375
100.0345687866211 561.2202758789062
99.50526428222656 560.748779296875
98.98343658447266 560.2691040039062
98.46922302246094 559.7814331054688
97.96273040771484 559.2858276367188
97.46406555175781 558.7824096679688
96.97335052490234 558.271240234375
96.49069213867188 557.7525024414062
96.01620483398438 557.226318359375
95.55001068115234 556.6928100585938
95.09221649169922 556.152099609375
94.6429214477539 555.6043090820312
94.2022476196289 555.049560546875
93.77030181884766 554.4879760742188
93.34718322753906 553.9197387695312
92.93299865722656 553.344970703125
92.52784729003906 552.7637939453125
92.13182067871094 552.1763916015625
91.7450180053711 551.5828247070312
91.36753845214844 550.9833374023438
90.99947357177734 550.3779907226562
90.64090728759766 549.7669677734375
90.29193115234375 549.1504516601562
89.95262908935547 548.528564453125
89.62307739257812 547.9014282226562
89.30335998535156 547.2692260742188
88.99356079101562 546.632080078125
88.6937484741211 545.9901733398438
88.40400695800781 545.3436889648438
88.12440490722656 544.6927490234375
87.85498809814453 544.0374755859375
87.59583282470703 543.3780517578125
87.34701538085938 542.7147216796875
87.10858154296875 542.0475463867188
86.88060760498047 541.3767700195312
86.66312408447266 540.7024536132812
86.45620727539062 540.0248413085938
86.2598648071289 539.343994140625
86.07415008544922 538.6600341796875
85.89915466308594 537.9733276367188
85.73487091064453 537.2838134765625
85.5813217163086 536.5916748046875
85.43861389160156 535.8972778320312
85.30670928955078 535.2005004882812
85.18561553955078 534.5013427734375
85.0754623413086 533.8005981445312
84.97594451904297 533.0962524414062
84.88721466064453 532.3893432617188
84.8094482421875 531.6812133789062
84.74264526367188 530.971923828125
84.68682861328125 530.2616577148438
84.64201354980469 529.5506591796875
84.60820770263672 528.8390502929688
84.5854263305664 528.126953125
84.57366943359375 527.4146118164062
84.57293701171875 526.7021484375
84.58323669433594 525.9898071289062
84.60456085205078 525.2777099609375
84.63690185546875 524.5660400390625
84.68025970458984 523.8549194335938
84.734619140625 523.14453125
84.79996490478516 522.4351196289062
84.87628173828125 521.726806640625
84.96355438232422 521.0197143554688
85.06175994873047 520.3140869140625
85.1708755493164 519.6100463867188
85.29087829589844 518.9077758789062
85.42173767089844 518.2074584960938
85.56342315673828 517.50927734375
85.71589660644531 516.8133544921875
85.8791275024414 516.119873046875
86.05307006835938 515.4290161132812
86.23768615722656 514.7409057617188
86.43292999267578 514.0557250976562
86.63875579833984 513.3736572265625
86.85511779785156 512.6948852539062
87.08195495605469 512.01953125
87.31922149658203 511.3477783203125
87.56685638427734 510.6797790527344
87.8248062133789 510.01568603515625
88.09300231933594 509.35565185546875
88.37138366699219 508.6998596191406
88.65988159179688 508.0484619140625
88.95842742919922 507.401611328125
89.26695251464844 506.75946044921875
89.58538055419922 506.1221618652344
89.91363525390625 505.4898681640625
90.25163269042969 504.86273193359375
90.59929656982422 504.2408752441406
90.95655059814453 503.6244812011719
91.32330322265625 503.0137023925781
91.699462890625 502.4086608886719
92.08494567871094 501.80950927734375
92.47965240478516 501.2164001464844
92.88349151611328 500.6294860839844
93.29637145996094 500.04888916015625
93.71818542480469 499.4747619628906
94.14883422851562 498.9072265625
94.58821868896484 498.3464050292969
95.0362319946289 497.79248046875
95.49276733398438 497.24554443359375
95.95771026611328 496.70574951171875
96.43095397949219 496.1732177734375
96.91238403320312 495.6480712890625
97.40188598632812 495.13043212890625
97.89934539794922 494.62042236328125
98.40463256835938 494.1181945800781
98.9306411743164 493.6109619140625
99.51182556152344 493.0653991699219
100.1443862915039 492.4840393066406
100.78791809082031 491.90301513671875
101.43988037109375 491.3243713378906
102.10045623779297 490.74774169921875
102.76597595214844 490.1762390136719
103.43624877929688 489.6099853515625
104.11116027832031 489.0491027832031
104.79061889648438 488.4936218261719
105.4745864868164 487.943603515625
106.1629638671875 487.39910888671875
106.855712890625 486.86016845703125
107.55278015136719 486.32684326171875
108.25411987304688 485.7991638183594
108.95968627929688 485.2771301269531
109.66943359375 484.76080322265625
110.38330841064453 484.2502136230469
111.10126495361328 483.74542236328125
111.82325744628906 483.2464294433594
112.54924011230469 482.7532653808594
113.27915954589844 482.2659606933594
114.01292419433594 481.7845764160156
114.7505111694336 481.30914306640625
115.4919204711914 480.8396301269531
116.23699188232422 480.37615966796875
116.98558807373047 479.91876220703125
117.73772430419922 479.4674377441406
118.49333190917969 479.0221862792969
119.2523193359375 478.5830383300781
120.01419067382812 478.1502380371094
120.77962493896484 477.7233581542969
121.5481185913086 477.30267333984375
122.31874084472656 476.8885803222656
123.09188079833984 476.480712890625
123.86727905273438 476.0791320800781
124.6446304321289 475.683837890625
125.42089080810547 475.2959899902344
126.2008056640625 474.91302490234375
126.98127746582031 474.5364074707031
127.7615966796875 474.1661071777344
128.53407287597656 473.8049621582031
129.30252075195312 473.4501647949219
130.0653839111328 473.10162353515625
130.82089233398438 472.7592468261719
131.56719970703125 472.4228210449219
132.31365966796875 472.08758544921875
133.05332946777344 471.7562561035156
133.7853546142578 471.4284362792969
134.5089111328125 471.10369873046875
135.26441955566406 470.76513671875
136.01431274414062 470.430908203125
136.75767517089844 470.1007080078125
137.53759765625 469.7570495605469
138.31558227539062 469.4187316894531
139.07730102539062 469.0907287597656
139.85989379882812 468.7572021484375
140.64918518066406 468.4256591796875
141.44435119628906 468.0970153808594
142.23887634277344 467.7740478515625
143.03219604492188 467.4566345214844
143.84719848632812 467.13671875
144.6643524169922 466.8232421875
145.48434448242188 466.5159912109375
146.30641174316406 466.2152404785156
147.13040161132812 465.9209899902344
147.9562225341797 465.6332092285156
148.78375244140625 465.3518981933594
149.61590576171875 465.0762023925781
150.45065307617188 464.8070068359375
151.2874298095703 464.54449462890625
152.1263427734375 464.2886657714844
152.96731567382812 464.0395812988281
153.80886840820312 463.7978515625
154.64610290527344 463.56549072265625
155.35731506347656 463.3733825683594
156.19166564941406 463.15460205078125
157.01040649414062 462.95025634765625
157.82888793945312 462.7575988769531
158.64212036132812 462.5782470703125
159.4557342529297 462.411376953125
160.16664123535156 462.2763671875
160.16664123535156 462.2763671875
160.16664123535156 462.2763671875
160.16664123535156 462.2763671875
160.16664123535156 462.2763671875
160.16664123535156 462.2763671875
160.16664123535156 462.2763671875
160.16664123535156 462.2763671875
160.16664123535156 462.2763671875
160.16664123535156 462.2763671875
160.16664123535156 462.2763671875
160.16664123535156 462.2763671875
160.16664123535156 462.2763671875
160.16664123535156 462.2763671875
160.16664123535156 462.2763671875
160.16664123535156 462.2763671875
160.16664123535156 462.2763671875
160.16664123535156 462.2763671875
160.16664123535156 462.2763671875
160.16664123535156 462.2763671875
160.16664123535156 462.2763671875
160.16664123535156 462.2763671875
160.16664123535156 462.2763671875
160.16664123535156 462.2763671875
160.16664123535156 462.2763671875
160.16664123535156 462.2763671875
160.16664123535156 462.2763671875
160.16664123535156 462.2763671875
160.16664123535156 462.2763671875
160.16664123535156 462.2763671875
160.16664123535156 462.2763671875
160.16664123535156 462.2763671875
160.16664123535156 462.2763671875
160.16664123535156 462.2763671875
160.16664123535156 462.2763671875
160.16664123535156 462.2763671875
160.16664123535156 462.2763671875
160.16664123535156 462.2763671875
160.16664123535156 462.2763671875
160.16664123535156 462.2763671875
160.16664123535156 462.2763671875
160.16664123535156 462.2763671875
160.16664123535156 462.2763671875
160.16664123535156 462.2763671875
160.16664123535156 462.2763671875
160.16664123535156 462.2763671875
160.16664123535156 462.2763671875
160.16664123535156 462.2763671875
160.16664123535156 462.2763671875
160.16664123535156 462.2763671875
160.16664123535156 462.2763671875
160.16664123535156 462.2763671875
160.16664123535156 462.2763671875
160.16664123535156 462.2763671875
160.16664123535156 462.2763671875
160.16664123535156 462.2763671875
160.16664123535156 462.2763671875
160.16664123535156 462.2763671875
160.16664123535156 462.2763671875
160.16664123535156 462.2763671875
160.16664123535156 462.2763671875
160.16664123535156 462.2763671875
160.16664123535156 462.2763671875
160.16664123535156 462.2763671875
160.16664123535156 462.2763671875
160.16664123535156 462.2763671875
160.16664123535156 462.2763671875
160.16664123535156 462.2763671875
160.16664123535156 462.2763671875
160.16664123535156 462.2763671875
160.16664123535156 462.2763671875
160.16664123535156 462.2763671875
160.16664123535156 462.2763671875
160.16664123535156 462.2763671875
160.16664123535156 462.2763671875
160.16664123535156 462.2763671875
160.16664123535156 462.2763671875
160.16664123535156 462.2763671875
160.16664123535156 462.2763671875
160.16664123535156 462.2763671875
160.16664123535156 462.2763671875
160.16664123535156 462.2763671875
160.16664123535156 462.2763671875
160.16664123535156 462.2763671875
160.16664123535156 462.2763671875
160.16664123535156 462.2763671875
160.16664123535156 462.2763671875
160.16664123535156 462.2763671875
160.16664123535156 462.2763671875
160.16664123535156 462.2763671875
160.16664123535156 462.2763671875
160.16664123535156 462.2763671875
160.16664123535156 462.2763671875
160.16664123535156 462.2763671875
160.16664123535156 462.2763671875
160.16664123535156 462.2763671875
160.495849609375 462.9081726074219
160.81524658203125 463.5450134277344
161.12474060058594 464.18670654296875
161.4242706298828 464.8331298828125
161.71376037597656 465.4841003417969
161.99313354492188 466.13946533203125
162.2623291015625 466.799072265625
162.5212860107422 467.4627685546875
162.76992797851562 468.1304016113281
163.00820922851562 468.80181884765625
163.23606872558594 469.4768371582031
163.45346069335938 470.1553039550781
163.6603240966797 470.8370361328125
163.8566131591797 471.52191162109375
164.04226684570312 472.209716796875
164.21725463867188 472.90032958984375
164.38153076171875 473.59356689453125
164.53506469726562 474.2892761230469
164.6778106689453 474.9872741699219
164.8097381591797 475.6873779296875
164.93080139160156 476.38946533203125
165.04098510742188 477.09332275390625
165.1402587890625 477.7987976074219
165.22860717773438 478.5057373046875
165.30599975585938 479.2139587402344
165.37242126464844 479.92327880859375
165.4278564453125 480.633544921875
165.4722900390625 481.3446044921875
165.50570678710938 482.0562438964844
