60.66179656982422 450.6594543457031
60.817588806152344 450.8257751464844
60.9609375 451.0029296875
61.091094970703125 451.1899719238281
61.207374572753906 451.3859558105469
61.30916976928711 451.58984375
61.39594650268555 451.8005676269531
61.467247009277344 452.0169982910156
61.522701263427734 452.238037109375
61.56201934814453 452.4624938964844
61.584964752197266 452.68896484375
61.591453552246094 452.9164733886719
61.58146286010742 453.14373779296875
61.55504608154297 453.3696594238281
61.51234817504883 453.5930480957031
61.45359420776367 453.812744140625
61.37908935546875 454.027587890625
61.28923034667969 454.2364807128906
61.18448257446289 454.43829345703125
61.065399169921875 454.6319885253906
60.93259048461914 454.81658935546875
60.785282135009766 454.9928894042969
60.6088981628418 455.1758728027344
60.26121139526367 455.4967346191406
59.74616241455078 455.93804931640625
59.09116744995117 456.4798889160156
58.41084671020508 457.03485107421875
57.692893981933594 457.6172790527344
56.9841194152832 458.1913146972656
56.26720428466797 458.7707824707031
55.545169830322266 459.35443115234375
54.820228576660156 459.9412841796875
54.09071731567383 460.53363037109375
53.363685607910156 461.126220703125
52.63658905029297 461.7210693359375
51.909912109375 462.3180236816406
51.18393325805664 462.9170227050781
50.458885192871094 463.51800537109375
49.73493576049805 464.1209411621094
49.01221466064453 464.7257995605469
48.290802001953125 465.3325500488281
47.570762634277344 465.9411926269531
46.852149963378906 466.55169677734375
46.135005950927734 467.1640625
45.41935729980469 467.77825927734375
44.705230712890625 468.3943176269531
43.99264144897461 469.01220703125
43.2816047668457 469.6319274902344
42.57213592529297 470.25347900390625
41.86427688598633 470.8768005371094
41.15799331665039 471.501953125
40.45329284667969 472.12890625
39.75019073486328 472.7576904296875
39.04869079589844 473.3882751464844
38.34880065917969 474.0206604003906
37.65052795410156 474.6548156738281
36.953880310058594 475.290771484375
36.25886535644531 475.92852783203125
35.565486907958984 476.56805419921875
34.87375259399414 477.2093505859375
34.18367385864258 477.8524169921875
33.495262145996094 478.4972229003906
32.80853271484375 479.143798828125
32.12348556518555 479.7921142578125
31.440168380737305 480.442138671875
30.758739471435547 481.09375
30.079267501831055 481.7469177246094
29.401634216308594 482.40179443359375
28.726268768310547 483.0580139160156
28.053571701049805 483.7153015136719
27.38568115234375 484.37188720703125
26.72279930114746 485.0281066894531
26.0633602142334 485.685791015625
25.41086196899414 486.3419189453125
24.770219802856445 486.99267578125
24.1378173828125 487.6428527832031
23.510717391967773 488.2958984375
22.89146614074707 488.94952392578125
22.27912139892578 489.605224609375
21.672874450683594 490.26422119140625
21.07209014892578 490.9273681640625
20.4763240814209 491.5953063964844
19.887060165405273 492.2664489746094
19.302818298339844 492.9425048828125
18.720094680786133 493.6275329589844
18.145082473754883 494.3142395019531
17.57440185546875 495.0066833496094
17.00778579711914 495.7051696777344
17.00778579711914 495.7051696777344
17.00778579711914 495.7051696777344
17.00778579711914 495.7051696777344
17.00778579711914 495.7051696777344
17.00778579711914 495.7051696777344
17.00778579711914 495.7051696777344
17.00778579711914 495.7051696777344
17.00778579711914 495.7051696777344
17.00778579711914 495.7051696777344
17.00778579711914 495.7051696777344
16.504114151000977 496.4457092285156
16.504114151000977 496.4457092285156
16.504114151000977 496.4457092285156
16.504114151000977 496.4457092285156
16.504114151000977 496.4457092285156
16.504114151000977 496.4457092285156
16.504114151000977 496.4457092285156
16.504114151000977 496.4457092285156
16.504114151000977 496.4457092285156
16.504114151000977 496.4457092285156
16.504114151000977 496.4457092285156
16.504114151000977 496.4457092285156
16.504114151000977 496.4457092285156
16.504114151000977 496.4457092285156
16.504114151000977 496.4457092285156
16.504114151000977 496.4457092285156
16.504114151000977 496.4457092285156
16.504114151000977 496.4457092285156
16.504114151000977 496.4457092285156
16.504114151000977 496.4457092285156
16.504114151000977 496.4457092285156
16.504114151000977 496.4457092285156
16.504114151000977 496.4457092285156
16.504114151000977 496.4457092285156
16.504114151000977 496.4457092285156
16.504114151000977 496.4457092285156
16.504114151000977 496.4457092285156
16.504114151000977 496.4457092285156
16.504114151000977 496.4457092285156
16.504114151000977 496.4457092285156
16.504114151000977 496.4457092285156
16.504114151000977 496.4457092285156
16.504114151000977 496.4457092285156
16.504114151000977 496.4457092285156
16.504114151000977 496.4457092285156
16.504114151000977 496.4457092285156
16.504114151000977 496.4457092285156
16.504114151000977 496.4457092285156
16.504114151000977 496.4457092285156
16.504114151000977 496.4457092285156
16.504114151000977 496.4457092285156
16.504114151000977 496.4457092285156
16.504114151000977 496.4457092285156
16.504114151000977 496.4457092285156
16.504114151000977 496.4457092285156
16.504114151000977 496.4457092285156
16.504114151000977 496.4457092285156
16.504114151000977 496.4457092285156
16.504114151000977 496.4457092285156
16.504114151000977 496.4457092285156
16.504114151000977 496.4457092285156
16.504114151000977 496.4457092285156
16.504114151000977 496.4457092285156
16.504114151000977 496.4457092285156
16.504114151000977 496.4457092285156
16.504114151000977 496.4457092285156
16.504114151000977 496.4457092285156
16.504114151000977 496.4457092285156
16.504114151000977 496.4457092285156
16.504114151000977 496.4457092285156
16.504114151000977 496.4457092285156
16.504114151000977 496.4457092285156
16.504114151000977 496.4457092285156
16.504114151000977 496.4457092285156
16.504114151000977 496.4457092285156
16.504114151000977 496.4457092285156
16.504114151000977 496.4457092285156
16.504114151000977 496.4457092285156
16.504114151000977 496.4457092285156
16.504114151000977 496.4457092285156
16.504114151000977 496.4457092285156
16.504114151000977 496.4457092285156
16.504114151000977 496.4457092285156
16.504114151000977 496.4457092285156
16.504114151000977 496.4457092285156
16.504114151000977 496.4457092285156
16.504114151000977 496.4457092285156
16.504114151000977 496.4457092285156
16.504114151000977 496.4457092285156
16.504114151000977 496.4457092285156
16.504114151000977 496.4457092285156
16.504114151000977 496.4457092285156
16.504114151000977 496.4457092285156
16.504114151000977 496.4457092285156
16.504114151000977 496.4457092285156
16.504114151000977 496.4457092285156
16.504114151000977 496.4457092285156
16.504114151000977 496.4457092285156
16.504114151000977 496.4457092285156
16.504114151000977 496.4457092285156
16.504114151000977 496.4457092285156
16.504114151000977 496.4457092285156
16.504114151000977 496.4457092285156
16.504114151000977 496.4457092285156
16.504114151000977 496.4457092285156
16.504114151000977 496.4457092285156
16.504114151000977 496.4457092285156
16.504114151000977 496.4457092285156
16.504114151000977 496.4457092285156
16.504114151000977 496.4457092285156
16.504114151000977 496.4457092285156
16.504114151000977 496.4457092285156
16.504114151000977 496.4457092285156
16.504114151000977 496.4457092285156
16.504114151000977 496.4457092285156
16.504114151000977 496.4457092285156
16.504114151000977 496.4457092285156
16.504114151000977 496.4457092285156
16.504114151000977 496.4457092285156
16.504114151000977 496.4457092285156
16.504114151000977 496.4457092285156
16.504114151000977 496.4457092285156
16.504114151000977 496.4457092285156
16.504114151000977 496.4457092285156
16.504114151000977 496.4457092285156
16.504114151000977 496.4457092285156
16.504114151000977 496.4457092285156
16.504114151000977 496.4457092285156
16.504114151000977 496.4457092285156
16.504114151000977 496.4457092285156
16.504114151000977 496.4457092285156
16.504114151000977 496.4457092285156
16.504114151000977 496.4457092285156
16.504114151000977 496.4457092285156
16.504114151000977 496.4457092285156
16.504114151000977 496.4457092285156
16.504114151000977 496.4457092285156
16.504114151000977 496.4457092285156
16.504114151000977 496.4457092285156
16.504114151000977 496.4457092285156
16.504114151000977 496.4457092285156
16.504114151000977 496.4457092285156
16.504114151000977 496.4457092285156
16.504114151000977 496.4457092285156
16.504114151000977 496.4457092285156
16.504114151000977 496.4457092285156
16.504114151000977 496.4457092285156
16.504114151000977 496.4457092285156
16.504114151000977 496.4457092285156
16.504114151000977 496.4457092285156
16.504114151000977 496.4457092285156
16.504114151000977 496.4457092285156
16.504114151000977 496.4457092285156
16.504114151000977 496.4457092285156
16.504114151000977 496.4457092285156
16.504114151000977 496.4457092285156
16.504114151000977 496.4457092285156
16.504114151000977 496.4457092285156
16.504114151000977 496.4457092285156
16.504114151000977 496.4457092285156
16.504114151000977 496.4457092285156
16.504114151000977 496.4457092285156
16.504114151000977 496.4457092285156
16.504114151000977 496.4457092285156
16.504114151000977 496.4457092285156
16.504114151000977 496.4457092285156
16.504114151000977 496.4457092285156
16.504114151000977 496.4457092285156
16.504114151000977 496.4457092285156
16.504114151000977 496.4457092285156
16.504114151000977 496.4457092285156
16.504114151000977 496.4457092285156
16.504114151000977 496.4457092285156
16.504114151000977 496.4457092285156
16.504114151000977 496.4457092285156
16.504114151000977 496.4457092285156
16.504114151000977 496.4457092285156
16.504114151000977 496.4457092285156
16.504114151000977 496.4457092285156
16.504114151000977 496.4457092285156
16.504114151000977 496.4457092285156
16.504114151000977 496.4457092285156
16.504114151000977 496.4457092285156
16.504114151000977 496.4457092285156
16.504114151000977 496.4457092285156
16.504114151000977 496.4457092285156
16.504114151000977 496.4457092285156
16.504114151000977 496.4457092285156
16.504114151000977 496.4457092285156
16.504114151000977 496.4457092285156
16.504114151000977 496.4457092285156
16.504114151000977 496.4457092285156
16.504114151000977 496.4457092285156
16.504114151000977 496.4457092285156
16.504114151000977 496.4457092285156
16.504114151000977 496.4457092285156
16.504114151000977 496.4457092285156
16.504114151000977 496.4457092285156
16.504114151000977 496.4457092285156
16.504114151000977 496.4457092285156
16.504114151000977 496.4457092285156
16.504114151000977 496.4457092285156
16.504114151000977 496.4457092285156
16.504114151000977 496.4457092285156
16.504114151000977 496.4457092285156
16.504114151000977 496.4457092285156
16.504114151000977 496.4457092285156
16.504114151000977 496.4457092285156
16.504114151000977 496.4457092285156
16.504114151000977 496.4457092285156
16.504114151000977 496.4457092285156
16.504114151000977 496.4457092285156
16.504114151000977 496.4457092285156
16.504114151000977 496.4457092285156
16.504114151000977 496.4457092285156
16.504114151000977 496.4457092285156
16.504114151000977 496.4457092285156
16.504114151000977 496.4457092285156
16.504114151000977 496.4457092285156
16.504114151000977 496.4457092285156
16.504114151000977 496.4457092285156
16.504114151000977 496.4457092285156
16.504114151000977 496.4457092285156
16.504114151000977 496.4457092285156
16.504114151000977 496.4457092285156
16.504114151000977 496.4457092285156
16.504114151000977 496.4457092285156
16.504114151000977 496.4457092285156
16.504114151000977 496.4457092285156
16.504114151000977 496.4457092285156
16.504114151000977 496.4457092285156
16.504114151000977 496.4457092285156
16.504114151000977 496.4457092285156
16.504114151000977 496.4457092285156
16.504114151000977 496.4457092285156
16.504114151000977 496.4457092285156
16.504114151000977 496.4457092285156
16.504114151000977 496.4457092285156
16.504114151000977 496.4457092285156
16.504114151000977 496.4457092285156
16.504114151000977 496.4457092285156
16.504114151000977 496.4457092285156
16.504114151000977 496.4457092285156
16.504114151000977 496.4457092285156
16.504114151000977 496.4457092285156
16.504114151000977 496.4457092285156
16.504114151000977 496.4457092285156
16.504114151000977 496.4457092285156
16.504114151000977 496.4457092285156
16.504114151000977 496.4457092285156
16.504114151000977 496.4457092285156
16.504114151000977 496.4457092285156
16.504114151000977 496.4457092285156
16.504114151000977 496.4457092285156
16.504114151000977 496.4457092285156
16.504114151000977 496.4457092285156
16.504114151000977 496.4457092285156
16.504114151000977 496.4457092285156
16.504114151000977 496.4457092285156
16.504114151000977 496.4457092285156
16.504114151000977 496.4457092285156
16.504114151000977 496.4457092285156
16.504114151000977 496.4457092285156
16.504114151000977 496.4457092285156
16.504114151000977 496.4457092285156
16.504114151000977 496.4457092285156
16.504114151000977 496.4457092285156
16.504114151000977 496.4457092285156
16.504114151000977 496.4457092285156
16.504114151000977 496.4457092285156
16.504114151000977 496.4457092285156
16.504114151000977 496.4457092285156
16.504114151000977 496.4457092285156
16.504114151000977 496.4457092285156
16.504114151000977 496.4457092285156
16.504114151000977 496.4457092285156
16.504114151000977 496.4457092285156
16.504114151000977 496.4457092285156
16.504114151000977 496.4457092285156
16.504114151000977 496.4457092285156
16.504114151000977 496.4457092285156
16.504114151000977 496.4457092285156
16.504114151000977 496.4457092285156
16.504114151000977 496.4457092285156
16.504114151000977 496.4457092285156
16.504114151000977 496.4457092285156
16.504114151000977 496.4457092285156
16.504114151000977 496.4457092285156
16.504114151000977 496.4457092285156
16.504114151000977 496.4457092285156
16.504114151000977 496.4457092285156
16.504114151000977 496.4457092285156
16.504114151000977 496.4457092285156
16.504114151000977 496.4457092285156
16.504114151000977 496.4457092285156
16.504114151000977 496.4457092285156
16.504114151000977 496.4457092285156
16.504114151000977 496.4457092285156
16.504114151000977 496.4457092285156
16.504114151000977 496.4457092285156
16.504114151000977 496.4457092285156
16.504114151000977 496.4457092285156
16.504114151000977 496.4457092285156
16.504114151000977 496.4457092285156
16.504114151000977 496.4457092285156
16.504114151000977 496.4457092285156
16.504114151000977 496.4457092285156
16.504114151000977 496.4457092285156
16.504114151000977 496.4457092285156
16.504114151000977 496.4457092285156
16.504114151000977 496.4457092285156
16.504114151000977 496.4457092285156
16.504114151000977 496.4457092285156
16.504114151000977 496.4457092285156
16.504114151000977 496.4457092285156
16.504114151000977 496.4457092285156
16.504114151000977 496.4457092285156
16.504114151000977 496.4457092285156
16.504114151000977 496.4457092285156
16.504114151000977 496.4457092285156
16.504114151000977 496.4457092285156
16.504114151000977 496.4457092285156
16.504114151000977 496.4457092285156
16.504114151000977 496.4457092285156
16.504114151000977 496.4457092285156
16.504114151000977 496.4457092285156
16.504114151000977 496.4457092285156
16.504114151000977 496.4457092285156
16.504114151000977 496.4457092285156
16.504114151000977 496.4457092285156
16.504114151000977 496.4457092285156
16.504114151000977 496.4457092285156
16.504114151000977 496.4457092285156
16.504114151000977 496.4457092285156
16.504114151000977 496.4457092285156
16.504114151000977 496.4457092285156
16.504114151000977 496.4457092285156
16.504114151000977 496.4457092285156
16.504114151000977 496.4457092285156
16.504114151000977 496.4457092285156
16.504114151000977 496.4457092285156
16.504114151000977 496.4457092285156
16.504114151000977 496.4457092285156
16.504114151000977 496.4457092285156
16.504114151000977 496.4457092285156
16.504114151000977 496.4457092285156
16.504114151000977 496.4457092285156
16.504114151000977 496.4457092285156
16.504114151000977 496.4457092285156
16.504114151000977 496.4457092285156
16.504114151000977 496.4457092285156
16.504114151000977 496.4457092285156
16.504114151000977 496.4457092285156
16.504114151000977 496.4457092285156
16.504114151000977 496.4457092285156
16.504114151000977 496.4457092285156
16.504114151000977 496.4457092285156
16.504114151000977 496.4457092285156
16.504114151000977 496.4457092285156
16.504114151000977 496.4457092285156
16.504114151000977 496.4457092285156
16.504114151000977 496.4457092285156
16.504114151000977 496.4457092285156
16.504114151000977 496.4457092285156
16.504114151000977 496.4457092285156
16.504114151000977 496.4457092285156
16.504114151000977 496.4457092285156
16.504114151000977 496.4457092285156
16.504114151000977 496.4457092285156
16.504114151000977 496.4457092285156
16.504114151000977 496.4457092285156
16.504114151000977 496.4457092285156
16.504114151000977 496.4457092285156
16.504114151000977 496.4457092285156
16.504114151000977 496.4457092285156
16.504114151000977 496.4457092285156
16.504114151000977 496.4457092285156
16.504114151000977 496.4457092285156
16.504114151000977 496.4457092285156
16.504114151000977 496.4457092285156
16.504114151000977 496.4457092285156
16.504114151000977 496.4457092285156
16.504114151000977 496.4457092285156
16.504114151000977 496.4457092285156
16.504114151000977 496.4457092285156
16.504114151000977 496.4457092285156
16.504114151000977 496.4457092285156
16.504114151000977 496.4457092285156
16.504114151000977 496.4457092285156
16.504114151000977 496.4457092285156
16.504114151000977 496.4457092285156
16.504114151000977 496.4457092285156
16.504114151000977 496.4457092285156
16.504114151000977 496.4457092285156
16.504114151000977 496.4457092285156
16.504114151000977 496.4457092285156
16.504114151000977 496.4457092285156
16.504114151000977 496.4457092285156
16.504114151000977 496.4457092285156
16.504114151000977 496.4457092285156
16.504114151000977 496.4457092285156
16.504114151000977 496.4457092285156
16.504114151000977 496.4457092285156
16.504114151000977 496.4457092285156
16.504114151000977 496.4457092285156
16.504114151000977 496.4457092285156
16.504114151000977 496.4457092285156
16.504114151000977 496.4457092285156
16.504114151000977 496.4457092285156
16.504114151000977 496.4457092285156
16.504114151000977 496.4457092285156
16.504114151000977 496.4457092285156
16.504114151000977 496.4457092285156
16.504114151000977 496.4457092285156
16.504114151000977 496.4457092285156
16.504114151000977 496.4457092285156
16.504114151000977 496.4457092285156
16.504114151000977 496.4457092285156
16.504114151000977 496.4457092285156
16.504114151000977 496.4457092285156
16.504114151000977 496.4457092285156
16.504114151000977 496.4457092285156
16.504114151000977 496.4457092285156
16.504114151000977 496.4457092285156
16.504114151000977 496.4457092285156
16.504114151000977 496.4457092285156
16.504114151000977 496.4457092285156
16.504114151000977 496.4457092285156
16.504114151000977 496.4457092285156
16.504114151000977 496.4457092285156
16.504114151000977 496.4457092285156
16.504114151000977 496.4457092285156
16.504114151000977 496.4457092285156
16.504114151000977 496.4457092285156
16.504114151000977 496.4457092285156
16.504114151000977 496.4457092285156
16.504114151000977 496.4457092285156
16.504114151000977 496.4457092285156
16.504114151000977 496.4457092285156
16.504114151000977 496.4457092285156
16.504114151000977 496.4457092285156
16.504114151000977 496.4457092285156
16.504114151000977 496.4457092285156
16.504114151000977 496.4457092285156
16.504114151000977 496.4457092285156
16.504114151000977 496.4457092285156
16.504114151000977 496.4457092285156
16.504114151000977 496.4457092285156
16.504114151000977 496.4457092285156
16.504114151000977 496.4457092285156
16.504114151000977 496.4457092285156
16.504114151000977 496.4457092285156
16.504114151000977 496.4457092285156
16.504114151000977 496.4457092285156
16.504114151000977 496.4457092285156
16.504114151000977 496.4457092285156
16.504114151000977 496.4457092285156
16.504114151000977 496.4457092285156
16.504114151000977 496.4457092285156
16.504114151000977 496.4457092285156
16.504114151000977 496.4457092285156
16.504114151000977 496.4457092285156
16.504114151000977 496.4457092285156
16.504114151000977 496.4457092285156
16.504114151000977 496.4457092285156
16.504114151000977 496.4457092285156
16.504114151000977 496.4457092285156
16.504114151000977 496.4457092285156
16.504114151000977 496.4457092285156
16.504114151000977 496.4457092285156
16.504114151000977 496.4457092285156
16.504114151000977 496.4457092285156
16.504114151000977 496.4457092285156
16.504114151000977 496.4457092285156
16.504114151000977 496.4457092285156
16.504114151000977 496.4457092285156
16.504114151000977 496.4457092285156
16.504114151000977 496.4457092285156
16.504114151000977 496.4457092285156
16.504114151000977 496.4457092285156
16.504114151000977 496.4457092285156
16.504114151000977 496.4457092285156
16.504114151000977 496.4457092285156
16.504114151000977 496.4457092285156
16.504114151000977 496.4457092285156
16.504114151000977 496.4457092285156
16.504114151000977 496.4457092285156
16.504114151000977 496.4457092285156
16.504114151000977 496.4457092285156
16.504114151000977 496.4457092285156
16.504114151000977 496.4457092285156
16.504114151000977 496.4457092285156
16.504114151000977 496.4457092285156
16.504114151000977 496.4457092285156
16.504114151000977 496.4457092285156
16.504114151000977 496.4457092285156
16.504114151000977 496.4457092285156
16.504114151000977 496.4457092285156
16.504114151000977 496.4457092285156
16.504114151000977 496.4457092285156
16.504114151000977 496.4457092285156
16.504114151000977 496.4457092285156
16.504114151000977 496.4457092285156
16.504114151000977 496.4457092285156
16.504114151000977 496.4457092285156
16.504114151000977 496.4457092285156
16.504114151000977 496.4457092285156
16.504114151000977 496.4457092285156
16.504114151000977 496.4457092285156
16.504114151000977 496.4457092285156
16.504114151000977 496.4457092285156
16.504114151000977 496.4457092285156
16.504114151000977 496.4457092285156
16.504114151000977 496.4457092285156
16.504114151000977 496.4457092285156
16.504114151000977 496.4457092285156
16.504114151000977 496.4457092285156
16.504114151000977 496.4457092285156
16.504114151000977 496.4457092285156
16.504114151000977 496.4457092285156
16.504114151000977 496.4457092285156
16.504114151000977 496.4457092285156
16.504114151000977 496.4457092285156
16.504114151000977 496.4457092285156
16.504114151000977 496.4457092285156
16.504114151000977 496.4457092285156
16.504114151000977 496.4457092285156
16.504114151000977 496.4457092285156
16.504114151000977 496.4457092285156
16.504114151000977 496.4457092285156
16.504114151000977 496.4457092285156
16.504114151000977 496.4457092285156
16.504114151000977 496.4457092285156
16.504114151000977 496.4457092285156
16.504114151000977 496.4457092285156
16.504114151000977 496.4457092285156
16.504114151000977 496.4457092285156
16.504114151000977 496.4457092285156
16.504114151000977 496.4457092285156
16.504114151000977 496.4457092285156
16.504114151000977 496.4457092285156
16.504114151000977 496.4457092285156
16.504114151000977 496.4457092285156
16.504114151000977 496.4457092285156
16.504114151000977 496.4457092285156
16.504114151000977 496.4457092285156
16.504114151000977 496.4457092285156
16.504114151000977 496.4457092285156
16.504114151000977 496.4457092285156
16.504114151000977 496.4457092285156
16.504114151000977 496.4457092285156
16.504114151000977 496.4457092285156
16.504114151000977 496.4457092285156
16.504114151000977 496.4457092285156
16.504114151000977 496.4457092285156
16.504114151000977 496.4457092285156
16.504114151000977 496.4457092285156
16.504114151000977 496.4457092285156
16.504114151000977 496.4457092285156
16.504114151000977 496.4457092285156
16.504114151000977 496.4457092285156
16.504114151000977 496.4457092285156
16.504114151000977 496.4457092285156
16.504114151000977 496.4457092285156
16.504114151000977 496.4457092285156
16.504114151000977 496.4457092285156
16.504114151000977 496.4457092285156
16.504114151000977 496.4457092285156
16.504114151000977 496.4457092285156
16.504114151000977 496.4457092285156
16.504114151000977 496.4457092285156
16.504114151000977 496.4457092285156
16.504114151000977 496.4457092285156
16.504114151000977 496.4457092285156
16.504114151000977 496.4457092285156
16.504114151000977 496.4457092285156
16.504114151000977 496.4457092285156
16.504114151000977 496.4457092285156
16.504114151000977 496.4457092285156
16.504114151000977 496.4457092285156
16.504114151000977 496.4457092285156
16.504114151000977 496.4457092285156
16.504114151000977 496.4457092285156
16.504114151000977 496.4457092285156
16.504114151000977 496.4457092285156
16.504114151000977 496.4457092285156
16.504114151000977 496.4457092285156
16.504114151000977 496.4457092285156
16.504114151000977 496.4457092285156
16.504114151000977 496.4457092285156
16.504114151000977 496.4457092285156
16.504114151000977 496.4457092285156
16.504114151000977 496.4457092285156
16.504114151000977 496.4457092285156
16.504114151000977 496.4457092285156
16.504114151000977 496.4457092285156
16.504114151000977 496.4457092285156
16.504114151000977 496.4457092285156
16.504114151000977 496.4457092285156
16.504114151000977 496.4457092285156
16.504114151000977 496.4457092285156
16.504114151000977 496.4457092285156
16.504114151000977 496.4457092285156
16.504114151000977 496.4457092285156
16.504114151000977 496.4457092285156
16.504114151000977 496.4457092285156
16.504114151000977 496.4457092285156
16.504114151000977 496.4457092285156
16.504114151000977 496.4457092285156
16.504114151000977 496.4457092285156
16.504114151000977 496.4457092285156
16.504114151000977 496.4457092285156
16.504114151000977 496.4457092285156
16.504114151000977 496.4457092285156
16.504114151000977 496.4457092285156
16.504114151000977 496.4457092285156
16.504114151000977 496.4457092285156
16.504114151000977 496.4457092285156
16.504114151000977 496.4457092285156
16.504114151000977 496.4457092285156
16.504114151000977 496.4457092285156
16.504114151000977 496.4457092285156
16.504114151000977 496.4457092285156
16.504114151000977 496.4457092285156
16.504114151000977 496.4457092285156
16.504114151000977 496.4457092285156
16.504114151000977 496.4457092285156
16.504114151000977 496.4457092285156
16.504114151000977 496.4457092285156
16.504114151000977 496.4457092285156
16.504114151000977 496.4457092285156
16.504114151000977 496.4457092285156
16.504114151000977 496.4457092285156
16.504114151000977 496.4457092285156
16.504114151000977 496.4457092285156
16.504114151000977 496.4457092285156
16.504114151000977 496.4457092285156
16.504114151000977 496.4457092285156
16.504114151000977 496.4457092285156
16.504114151000977 496.4457092285156
16.504114151000977 496.4457092285156
16.504114151000977 496.4457092285156
16.504114151000977 496.4457092285156
16.504114151000977 496.4457092285156
16.504114151000977 496.4457092285156
16.504114151000977 496.4457092285156
16.504114151000977 496.4457092285156
16.504114151000977 496.4457092285156
16.504114151000977 496.4457092285156
16.504114151000977 496.4457092285156
16.504114151000977 496.4457092285156
16.504114151000977 496.4457092285156
16.504114151000977 496.4457092285156
16.504114151000977 496.4457092285156
16.504114151000977 496.4457092285156
16.504114151000977 496.4457092285156
16.504114151000977 496.4457092285156
16.504114151000977 496.4457092285156
16.504114151000977 496.4457092285156
16.504114151000977 496.4457092285156
16.504114151000977 496.4457092285156
16.504114151000977 496.4457092285156
16.504114151000977 496.4457092285156
16.504114151000977 496.4457092285156
16.504114151000977 496.4457092285156
16.504114151000977 496.4457092285156
16.504114151000977 496.4457092285156
16.504114151000977 496.4457092285156
16.504114151000977 496.4457092285156
16.504114151000977 496.4457092285156
16.504114151000977 496.4457092285156
16.504114151000977 496.4457092285156
16.504114151000977 496.4457092285156
16.504114151000977 496.4457092285156
16.504114151000977 496.4457092285156
16.504114151000977 496.4457092285156
16.504114151000977 496.4457092285156
16.504114151000977 496.4457092285156
16.504114151000977 496.4457092285156
16.504114151000977 496.4457092285156
16.504114151000977 496.4457092285156
16.504114151000977 496.4457092285156
16.504114151000977 496.4457092285156
16.504114151000977 496.4457092285156
16.504114151000977 496.4457092285156
16.504114151000977 496.4457092285156
16.504114151000977 496.4457092285156
16.504114151000977 496.4457092285156
16.504114151000977 496.4457092285156
16.504114151000977 496.4457092285156
16.504114151000977 496.4457092285156
16.504114151000977 496.4457092285156
16.504114151000977 496.4457092285156
16.504114151000977 496.4457092285156
16.504114151000977 496.4457092285156
16.504114151000977 496.4457092285156
16.504114151000977 496.4457092285156
16.504114151000977 496.4457092285156
16.504114151000977 496.4457092285156
16.504114151000977 496.4457092285156
16.504114151000977 496.4457092285156
16.504114151000977 496.4457092285156
16.504114151000977 496.4457092285156
16.504114151000977 496.4457092285156
16.504114151000977 496.4457092285156
16.504114151000977 496.4457092285156
16.504114151000977 496.4457092285156
16.504114151000977 496.4457092285156
16.504114151000977 496.4457092285156
16.504114151000977 496.4457092285156
16.504114151000977 496.4457092285156
16.504114151000977 496.4457092285156
16.504114151000977 496.4457092285156
16.504114151000977 496.4457092285156
16.504114151000977 496.4457092285156
16.504114151000977 496.4457092285156
16.504114151000977 496.4457092285156
16.504114151000977 496.4457092285156
16.504114151000977 496.4457092285156
16.504114151000977 496.4457092285156
16.504114151000977 496.4457092285156
16.504114151000977 496.4457092285156
16.504114151000977 496.4457092285156
16.504114151000977 496.4457092285156
16.504114151000977 496.4457092285156
16.504114151000977 496.4457092285156
16.504114151000977 496.4457092285156
16.504114151000977 496.4457092285156
16.504114151000977 496.4457092285156
16.504114151000977 496.4457092285156
16.504114151000977 496.4457092285156
16.504114151000977 496.4457092285156
16.504114151000977 496.4457092285156
16.504114151000977 496.4457092285156
16.504114151000977 496.4457092285156
16.504114151000977 496.4457092285156
16.504114151000977 496.4457092285156
16.504114151000977 496.4457092285156
16.504114151000977 496.4457092285156
16.504114151000977 496.4457092285156
16.504114151000977 496.4457092285156
16.504114151000977 496.4457092285156
16.504114151000977 496.4457092285156
16.504114151000977 496.4457092285156
16.504114151000977 496.4457092285156
16.504114151000977 496.4457092285156
16.504114151000977 496.4457092285156
16.504114151000977 496.4457092285156
16.504114151000977 496.4457092285156
16.504114151000977 496.4457092285156
16.504114151000977 496.4457092285156
16.504114151000977 496.4457092285156
16.504114151000977 496.4457092285156
16.504114151000977 496.4457092285156
16.504114151000977 496.4457092285156
16.504114151000977 496.4457092285156
16.504114151000977 496.4457092285156
16.504114151000977 496.4457092285156
16.504114151000977 496.4457092285156
16.504114151000977 496.4457092285156
16.504114151000977 496.4457092285156
16.504114151000977 496.4457092285156
16.504114151000977 496.4457092285156
16.504114151000977 496.4457092285156
16.504114151000977 496.4457092285156
16.504114151000977 496.4457092285156
16.504114151000977 496.4457092285156
16.504114151000977 496.4457092285156
16.504114151000977 496.4457092285156
16.504114151000977 496.4457092285156
16.504114151000977 496.4457092285156
16.504114151000977 496.4457092285156
16.504114151000977 496.4457092285156
16.504114151000977 496.4457092285156
16.504114151000977 496.4457092285156
16.504114151000977 496.4457092285156
16.504114151000977 496.4457092285156
16.504114151000977 496.4457092285156
16.504114151000977 496.4457092285156
16.504114151000977 496.4457092285156
16.504114151000977 496.4457092285156
16.504114151000977 496.4457092285156
16.504114151000977 496.4457092285156
16.504114151000977 496.4457092285156
16.504114151000977 496.4457092285156
16.504114151000977 496.4457092285156
16.504114151000977 496.4457092285156
16.504114151000977 496.4457092285156
16.504114151000977 496.4457092285156
16.504114151000977 496.4457092285156
16.504114151000977 496.4457092285156
16.504114151000977 496.4457092285156
16.504114151000977 496.4457092285156
16.504114151000977 496.4457092285156
16.504114151000977 496.4457092285156
16.504114151000977 496.4457092285156
16.504114151000977 496.4457092285156
16.504114151000977 496.4457092285156
16.504114151000977 496.4457092285156
16.504114151000977 496.4457092285156
16.504114151000977 496.4457092285156
16.504114151000977 496.4457092285156
16.504114151000977 496.4457092285156
16.504114151000977 496.4457092285156
16.504114151000977 496.4457092285156
16.504114151000977 496.4457092285156
16.504114151000977 496.4457092285156
16.504114151000977 496.4457092285156
16.504114151000977 496.4457092285156
16.504114151000977 496.4457092285156
16.504114151000977 496.4457092285156
16.504114151000977 496.4457092285156
16.504114151000977 496.4457092285156
16.504114151000977 496.4457092285156
16.504114151000977 496.4457092285156
16.504114151000977 496.4457092285156
16.504114151000977 496.4457092285156
16.504114151000977 496.4457092285156
16.504114151000977 496.4457092285156
16.504114151000977 496.4457092285156
16.504114151000977 496.4457092285156
16.504114151000977 496.4457092285156
16.504114151000977 496.4457092285156
16.504114151000977 496.4457092285156
16.504114151000977 496.4457092285156
16.504114151000977 496.4457092285156
16.504114151000977 496.4457092285156
16.504114151000977 496.4457092285156
16.504114151000977 496.4457092285156
16.504114151000977 496.4457092285156
16.504114151000977 496.4457092285156
16.504114151000977 496.4457092285156
16.504114151000977 496.4457092285156
16.504114151000977 496.4457092285156
16.504114151000977 496.4457092285156
16.504114151000977 496.4457092285156
16.504114151000977 496.4457092285156
16.504114151000977 496.4457092285156
16.504114151000977 496.4457092285156
16.504114151000977 496.4457092285156
16.504114151000977 496.4457092285156
16.504114151000977 496.4457092285156
16.504114151000977 496.4457092285156
16.504114151000977 496.4457092285156
16.504114151000977 496.4457092285156
16.504114151000977 496.4457092285156
16.504114151000977 496.4457092285156
16.504114151000977 496.4457092285156
16.504114151000977 496.4457092285156
16.504114151000977 496.4457092285156
16.504114151000977 496.4457092285156
16.504114151000977 496.4457092285156
16.504114151000977 496.4457092285156
16.504114151000977 496.4457092285156
16.504114151000977 496.4457092285156
16.504114151000977 496.4457092285156
16.504114151000977 496.4457092285156
16.504114151000977 496.4457092285156
16.504114151000977 496.4457092285156
16.504114151000977 496.4457092285156
16.504114151000977 496.4457092285156
16.504114151000977 496.4457092285156
16.504114151000977 496.4457092285156
16.504114151000977 496.4457092285156
16.504114151000977 496.4457092285156
16.504114151000977 496.4457092285156
16.504114151000977 496.4457092285156
16.504114151000977 496.4457092285156
16.504114151000977 496.4457092285156
16.504114151000977 496.4457092285156
16.504114151000977 496.4457092285156
16.504114151000977 496.4457092285156
16.504114151000977 496.4457092285156
16.504114151000977 496.4457092285156
16.504114151000977 496.4457092285156
16.504114151000977 496.4457092285156
16.504114151000977 496.4457092285156
16.504114151000977 496.4457092285156
16.504114151000977 496.4457092285156
16.504114151000977 496.4457092285156
16.504114151000977 496.4457092285156
16.504114151000977 496.4457092285156
16.504114151000977 496.4457092285156
16.504114151000977 496.4457092285156
16.504114151000977 496.4457092285156
16.504114151000977 496.4457092285156
16.504114151000977 496.4457092285156
16.504114151000977 496.4457092285156
16.504114151000977 496.4457092285156
16.504114151000977 496.4457092285156
16.504114151000977 496.4457092285156
16.504114151000977 496.4457092285156
16.504114151000977 496.4457092285156
16.504114151000977 496.4457092285156
16.504114151000977 496.4457092285156
16.504114151000977 496.4457092285156
16.504114151000977 496.4457092285156
16.504114151000977 496.4457092285156
16.504114151000977 496.4457092285156
16.504114151000977 496.4457092285156
16.504114151000977 496.4457092285156
16.504114151000977 496.4457092285156
16.504114151000977 496.4457092285156
16.504114151000977 496.4457092285156
16.504114151000977 496.4457092285156
16.504114151000977 496.4457092285156
16.504114151000977 496.4457092285156
16.504114151000977 496.4457092285156
16.504114151000977 496.4457092285156
16.504114151000977 496.4457092285156
16.504114151000977 496.4457092285156
16.504114151000977 496.4457092285156
16.504114151000977 496.4457092285156
16.504114151000977 496.4457092285156
16.504114151000977 496.4457092285156
16.504114151000977 496.4457092285156
16.504114151000977 496.4457092285156
16.504114151000977 496.4457092285156
16.504114151000977 496.4457092285156
16.504114151000977 496.4457092285156
16.504114151000977 496.4457092285156
16.504114151000977 496.4457092285156
16.504114151000977 496.4457092285156
16.504114151000977 496.4457092285156
16.504114151000977 496.4457092285156
16.504114151000977 496.4457092285156
16.504114151000977 496.4457092285156
16.504114151000977 496.4457092285156
16.504114151000977 496.4457092285156
16.504114151000977 496.4457092285156
16.504114151000977 496.4457092285156
16.504114151000977 496.4457092285156
16.504114151000977 496.4457092285156
16.504114151000977 496.4457092285156
16.504114151000977 496.4457092285156
16.504114151000977 496.4457092285156
16.504114151000977 496.4457092285156
16.504114151000977 496.4457092285156
16.504114151000977 496.4457092285156
16.504114151000977 496.4457092285156
16.504114151000977 496.4457092285156
16.504114151000977 496.4457092285156
16.504114151000977 496.4457092285156
16.504114151000977 496.4457092285156
16.504114151000977 496.4457092285156
16.504114151000977 496.4457092285156
16.504114151000977 496.4457092285156
16.504114151000977 496.4457092285156
16.504114151000977 496.4457092285156
16.504114151000977 496.4457092285156
16.504114151000977 496.4457092285156
16.504114151000977 496.4457092285156
16.504114151000977 496.4457092285156
16.504114151000977 496.4457092285156
16.504114151000977 496.4457092285156
16.504114151000977 496.4457092285156
16.504114151000977 496.4457092285156
16.504114151000977 496.4457092285156
16.504114151000977 496.4457092285156
16.504114151000977 496.4457092285156
16.504114151000977 496.4457092285156
16.504114151000977 496.4457092285156
16.504114151000977 496.4457092285156
16.504114151000977 496.4457092285156
16.504114151000977 496.4457092285156
16.504114151000977 496.4457092285156
16.504114151000977 496.4457092285156
16.504114151000977 496.4457092285156
16.504114151000977 496.4457092285156
16.504114151000977 496.4457092285156
16.504114151000977 496.4457092285156
16.504114151000977 496.4457092285156
16.504114151000977 496.4457092285156
16.504114151000977 496.4457092285156
16.504114151000977 496.4457092285156
16.504114151000977 496.4457092285156
16.504114151000977 496.4457092285156
16.504114151000977 496.4457092285156
16.504114151000977 496.4457092285156
16.504114151000977 496.4457092285156
16.504114151000977 496.4457092285156
16.504114151000977 496.4457092285156
16.504114151000977 496.4457092285156
16.504114151000977 496.4457092285156
16.504114151000977 496.4457092285156
16.504114151000977 496.4457092285156
16.504114151000977 496.4457092285156
16.504114151000977 496.4457092285156
16.504114151000977 496.4457092285156
16.504114151000977 496.4457092285156
16.504114151000977 496.4457092285156
16.504114151000977 496.4457092285156
16.504114151000977 496.4457092285156
16.504114151000977 496.4457092285156
16.504114151000977 496.4457092285156
16.504114151000977 496.4457092285156
16.504114151000977 496.4457092285156
16.504114151000977 496.4457092285156
16.504114151000977 496.4457092285156
16.504114151000977 496.4457092285156
16.504114151000977 496.4457092285156
16.504114151000977 496.4457092285156
16.504114151000977 496.4457092285156
16.504114151000977 496.4457092285156
16.504114151000977 496.4457092285156
16.504114151000977 496.4457092285156
16.504114151000977 496.4457092285156
16.504114151000977 496.4457092285156
16.504114151000977 496.4457092285156
16.504114151000977 496.4457092285156
16.504114151000977 496.4457092285156
16.504114151000977 496.4457092285156
16.504114151000977 496.4457092285156
16.504114151000977 496.4457092285156
16.504114151000977 496.4457092285156
16.504114151000977 496.4457092285156
16.504114151000977 496.4457092285156
16.504114151000977 496.4457092285156
16.504114151000977 496.4457092285156
16.504114151000977 496.4457092285156
16.504114151000977 496.4457092285156
16.504114151000977 496.4457092285156
16.504114151000977 496.4457092285156
16.504114151000977 496.4457092285156
16.504114151000977 496.4457092285156
16.504114151000977 496.4457092285156
16.504114151000977 496.4457092285156
16.504114151000977 496.4457092285156
16.504114151000977 496.4457092285156
16.504114151000977 496.4457092285156
16.504114151000977 496.4457092285156
16.504114151000977 496.4457092285156
16.504114151000977 496.4457092285156
16.504114151000977 496.4457092285156
16.504114151000977 496.4457092285156
16.504114151000977 496.4457092285156
16.504114151000977 496.4457092285156
16.504114151000977 496.4457092285156
16.504114151000977 496.4457092285156
16.504114151000977 496.4457092285156
16.504114151000977 496.4457092285156
16.504114151000977 496.4457092285156
16.504114151000977 496.4457092285156
16.504114151000977 496.4457092285156
16.504114151000977 496.4457092285156
16.504114151000977 496.4457092285156
16.504114151000977 496.4457092285156
16.504114151000977 496.4457092285156
16.504114151000977 496.4457092285156
16.504114151000977 496.4457092285156
16.504114151000977 496.4457092285156
16.504114151000977 496.4457092285156
16.504114151000977 496.4457092285156
16.504114151000977 496.4457092285156
16.504114151000977 496.4457092285156
16.504114151000977 496.4457092285156
16.504114151000977 496.4457092285156
16.504114151000977 496.4457092285156
16.504114151000977 496.4457092285156
16.504114151000977 496.4457092285156
16.504114151000977 496.4457092285156
16.504114151000977 496.4457092285156
16.504114151000977 496.4457092285156
16.504114151000977 496.4457092285156
16.504114151000977 496.4457092285156
16.504114151000977 496.4457092285156
16.504114151000977 496.4457092285156
16.504114151000977 496.4457092285156
16.504114151000977 496.4457092285156
16.504114151000977 496.4457092285156
16.504114151000977 496.4457092285156
16.504114151000977 496.4457092285156
16.504114151000977 496.4457092285156
16.504114151000977 496.4457092285156
16.504114151000977 496.4457092285156
16.504114151000977 496.4457092285156
16.504114151000977 496.4457092285156
16.504114151000977 496.4457092285156
16.504114151000977 496.4457092285156
16.504114151000977 496.4457092285156
16.504114151000977 496.4457092285156
16.504114151000977 496.4457092285156
16.504114151000977 496.4457092285156
16.504114151000977 496.4457092285156
16.504114151000977 496.4457092285156
16.504114151000977 496.4457092285156
16.504114151000977 496.4457092285156
16.504114151000977 496.4457092285156
16.504114151000977 496.4457092285156
16.504114151000977 496.4457092285156
16.504114151000977 496.4457092285156
16.504114151000977 496.4457092285156
16.504114151000977 496.4457092285156
16.504114151000977 496.4457092285156
16.504114151000977 496.4457092285156
16.504114151000977 496.4457092285156
16.504114151000977 496.4457092285156
16.504114151000977 496.4457092285156
16.504114151000977 496.4457092285156
16.504114151000977 496.4457092285156
16.504114151000977 496.4457092285156
16.504114151000977 496.4457092285156
16.504114151000977 496.4457092285156
16.504114151000977 496.4457092285156
16.504114151000977 496.4457092285156
16.504114151000977 496.4457092285156
16.504114151000977 496.4457092285156
16.504114151000977 496.4457092285156
16.504114151000977 496.4457092285156
16.504114151000977 496.4457092285156
16.504114151000977 496.4457092285156
16.504114151000977 496.4457092285156
16.504114151000977 496.4457092285156
16.504114151000977 496.4457092285156
16.504114151000977 496.4457092285156
16.504114151000977 496.4457092285156
16.504114151000977 496.4457092285156
16.504114151000977 496.4457092285156
16.504114151000977 496.4457092285156
16.504114151000977 496.4457092285156
16.504114151000977 496.4457092285156
16.504114151000977 496.4457092285156
16.504114151000977 496.4457092285156
16.504114151000977 496.4457092285156
16.504114151000977 496.4457092285156
16.504114151000977 496.4457092285156
16.504114151000977 496.4457092285156
16.504114151000977 496.4457092285156
16.504114151000977 496.4457092285156
16.504114151000977 496.4457092285156
16.504114151000977 496.4457092285156
16.504114151000977 496.4457092285156
16.504114151000977 496.4457092285156
16.504114151000977 496.4457092285156
16.504114151000977 496.4457092285156
16.504114151000977 496.4457092285156
16.504114151000977 496.4457092285156
16.504114151000977 496.4457092285156
16.504114151000977 496.4457092285156
16.504114151000977 496.4457092285156
16.504114151000977 496.4457092285156
16.504114151000977 496.4457092285156
16.504114151000977 496.4457092285156
16.504114151000977 496.4457092285156
16.504114151000977 496.4457092285156
16.504114151000977 496.4457092285156
16.504114151000977 496.4457092285156
16.504114151000977 496.4457092285156
16.504114151000977 496.4457092285156
16.504114151000977 496.4457092285156
16.504114151000977 496.4457092285156
16.504114151000977 496.4457092285156
16.504114151000977 496.4457092285156
16.504114151000977 496.4457092285156
16.504114151000977 496.4457092285156
16.504114151000977 496.4457092285156
16.504114151000977 496.4457092285156
16.504114151000977 496.4457092285156
16.504114151000977 496.4457092285156
16.504114151000977 496.4457092285156
16.504114151000977 496.4457092285156
16.504114151000977 496.4457092285156
16.504114151000977 496.4457092285156
16.504114151000977 496.4457092285156
16.504114151000977 496.4457092285156
16.504114151000977 496.4457092285156
16.504114151000977 496.4457092285156
16.504114151000977 496.4457092285156
16.504114151000977 496.4457092285156
16.504114151000977 496.4457092285156
16.504114151000977 496.4457092285156
16.504114151000977 496.4457092285156
16.504114151000977 496.4457092285156
16.504114151000977 496.4457092285156
16.504114151000977 496.4457092285156
16.504114151000977 496.4457092285156
16.504114151000977 496.4457092285156
16.504114151000977 496.4457092285156
16.504114151000977 496.4457092285156
16.504114151000977 496.4457092285156
16.504114151000977 496.4457092285156
16.504114151000977 496.4457092285156
16.504114151000977 496.4457092285156
16.504114151000977 496.4457092285156
16.504114151000977 496.4457092285156
16.504114151000977 496.4457092285156
16.504114151000977 496.4457092285156
16.504114151000977 496.4457092285156
16.504114151000977 496.4457092285156
16.504114151000977 496.4457092285156
16.504114151000977 496.4457092285156
16.504114151000977 496.4457092285156
16.504114151000977 496.4457092285156
16.504114151000977 496.4457092285156
16.504114151000977 496.4457092285156
16.504114151000977 496.4457092285156
16.504114151000977 496.4457092285156
16.504114151000977 496.4457092285156
16.504114151000977 496.4457092285156
16.504114151000977 496.4457092285156
16.504114151000977 496.4457092285156
16.504114151000977 496.4457092285156
16.504114151000977 496.4457092285156
16.504114151000977 496.4457092285156
16.504114151000977 496.4457092285156
16.504114151000977 496.4457092285156
16.504114151000977 496.4457092285156
16.504114151000977 496.4457092285156
16.504114151000977 496.4457092285156
16.504114151000977 496.4457092285156
16.504114151000977 496.4457092285156
16.504114151000977 496.4457092285156
16.504114151000977 496.4457092285156
16.504114151000977 496.4457092285156
16.504114151000977 496.4457092285156
16.504114151000977 496.4457092285156
16.504114151000977 496.4457092285156
16.504114151000977 496.4457092285156
16.504114151000977 496.4457092285156
16.504114151000977 496.4457092285156
16.504114151000977 496.4457092285156
16.504114151000977 496.4457092285156
16.504114151000977 496.4457092285156
16.504114151000977 496.4457092285156
16.504114151000977 496.4457092285156
16.504114151000977 496.4457092285156
16.504114151000977 496.4457092285156
16.504114151000977 496.4457092285156
16.504114151000977 496.4457092285156
16.504114151000977 496.4457092285156
16.504114151000977 496.4457092285156
16.504114151000977 496.4457092285156
16.504114151000977 496.4457092285156
16.504114151000977 496.4457092285156
16.504114151000977 496.4457092285156
16.504114151000977 496.4457092285156
16.504114151000977 496.4457092285156
16.504114151000977 496.4457092285156
16.504114151000977 496.4457092285156
16.504114151000977 496.4457092285156
16.504114151000977 496.4457092285156
16.504114151000977 496.4457092285156
16.504114151000977 496.4457092285156
16.504114151000977 496.4457092285156
16.504114151000977 496.4457092285156
16.504114151000977 496.4457092285156
16.504114151000977 496.4457092285156
16.504114151000977 496.4457092285156
16.504114151000977 496.4457092285156
16.504114151000977 496.4457092285156
16.504114151000977 496.4457092285156
16.504114151000977 496.4457092285156
16.504114151000977 496.4457092285156
16.504114151000977 496.4457092285156
16.504114151000977 496.4457092285156
16.504114151000977 496.4457092285156
16.504114151000977 496.4457092285156
16.504114151000977 496.4457092285156
16.504114151000977 496.4457092285156
16.504114151000977 496.4457092285156
16.504114151000977 496.4457092285156
16.504114151000977 496.4457092285156
16.504114151000977 496.4457092285156
16.504114151000977 496.4457092285156
16.504114151000977 496.4457092285156
16.504114151000977 496.4457092285156
16.504114151000977 496.4457092285156
16.504114151000977 496.4457092285156
16.504114151000977 496.4457092285156
16.504114151000977 496.4457092285156
16.504114151000977 496.4457092285156
16.504114151000977 496.4457092285156
16.504114151000977 496.4457092285156
16.504114151000977 496.4457092285156
16.504114151000977 496.4457092285156
16.504114151000977 496.4457092285156
16.504114151000977 496.4457092285156
16.504114151000977 496.4457092285156
16.504114151000977 496.4457092285156
16.504114151000977 496.4457092285156
16.504114151000977 496.4457092285156
16.504114151000977 496.4457092285156
16.504114151000977 496.4457092285156
16.504114151000977 496.4457092285156
16.504114151000977 496.4457092285156
16.504114151000977 496.4457092285156
16.504114151000977 496.4457092285156
16.504114151000977 496.4457092285156
16.504114151000977 496.4457092285156
16.504114151000977 496.4457092285156
16.504114151000977 496.4457092285156
16.504114151000977 496.4457092285156
16.504114151000977 496.4457092285156
16.504114151000977 496.4457092285156
16.504114151000977 496.4457092285156
16.504114151000977 496.4457092285156
16.504114151000977 496.4457092285156
16.504114151000977 496.4457092285156
16.504114151000977 496.4457092285156
16.504114151000977 496.4457092285156
16.504114151000977 496.4457092285156
16.504114151000977 496.4457092285156
16.504114151000977 496.4457092285156
16.504114151000977 496.4457092285156
16.504114151000977 496.4457092285156
16.504114151000977 496.4457092285156
16.504114151000977 496.4457092285156
16.504114151000977 496.4457092285156
16.504114151000977 496.4457092285156
16.504114151000977 496.4457092285156
16.504114151000977 496.4457092285156
16.504114151000977 496.4457092285156
16.504114151000977 496.4457092285156
16.504114151000977 496.4457092285156
16.504114151000977 496.4457092285156
16.504114151000977 496.4457092285156
16.504114151000977 496.4457092285156
16.504114151000977 496.4457092285156
16.504114151000977 496.4457092285156
16.504114151000977 496.4457092285156
16.504114151000977 496.4457092285156
16.504114151000977 496.4457092285156
16.504114151000977 496.4457092285156
16.504114151000977 496.4457092285156
16.504114151000977 496.4457092285156
16.504114151000977 496.4457092285156
16.504114151000977 496.4457092285156
16.504114151000977 496.4457092285156
16.504114151000977 496.4457092285156
16.504114151000977 496.4457092285156
16.504114151000977 496.4457092285156
16.504114151000977 496.4457092285156
16.504114151000977 496.4457092285156
16.504114151000977 496.4457092285156
16.504114151000977 496.4457092285156
16.504114151000977 496.4457092285156
16.504114151000977 496.4457092285156
16.504114151000977 496.4457092285156
16.504114151000977 496.4457092285156
16.504114151000977 496.4457092285156
16.504114151000977 496.4457092285156
16.504114151000977 496.4457092285156
16.504114151000977 496.4457092285156
16.504114151000977 496.4457092285156
16.504114151000977 496.4457092285156
16.504114151000977 496.4457092285156
16.504114151000977 496.4457092285156
16.504114151000977 496.4457092285156
16.504114151000977 496.4457092285156
16.504114151000977 496.4457092285156
16.504114151000977 496.4457092285156
16.504114151000977 496.4457092285156
16.504114151000977 496.4457092285156
16.504114151000977 496.4457092285156
16.504114151000977 496.4457092285156
16.504114151000977 496.4457092285156
16.504114151000977 496.4457092285156
16.504114151000977 496.4457092285156
16.504114151000977 496.4457092285156
16.504114151000977 496.4457092285156
16.504114151000977 496.4457092285156
16.504114151000977 496.4457092285156
16.504114151000977 496.4457092285156
16.504114151000977 496.4457092285156
16.504114151000977 496.4457092285156
16.504114151000977 496.4457092285156
16.504114151000977 496.4457092285156
16.504114151000977 496.4457092285156
16.504114151000977 496.4457092285156
16.504114151000977 496.4457092285156
16.504114151000977 496.4457092285156
16.504114151000977 496.4457092285156
16.504114151000977 496.4457092285156
16.504114151000977 496.4457092285156
16.504114151000977 496.4457092285156
16.504114151000977 496.4457092285156
16.504114151000977 496.4457092285156
16.504114151000977 496.4457092285156
16.504114151000977 496.4457092285156
16.504114151000977 496.4457092285156
16.504114151000977 496.4457092285156
16.504114151000977 496.4457092285156
16.504114151000977 496.4457092285156
16.504114151000977 496.4457092285156
16.504114151000977 496.4457092285156
16.504114151000977 496.4457092285156
16.504114151000977 496.4457092285156
16.504114151000977 496.4457092285156
16.504114151000977 496.4457092285156
16.504114151000977 496.4457092285156
16.504114151000977 496.4457092285156
16.504114151000977 496.4457092285156
16.504114151000977 496.4457092285156
16.504114151000977 496.4457092285156
16.504114151000977 496.4457092285156
16.504114151000977 496.4457092285156
16.504114151000977 496.4457092285156
16.504114151000977 496.4457092285156
16.504114151000977 496.4457092285156
16.504114151000977 496.4457092285156
16.504114151000977 496.4457092285156
16.504114151000977 496.4457092285156
16.504114151000977 496.4457092285156
16.504114151000977 496.4457092285156
16.504114151000977 496.4457092285156
16.504114151000977 496.4457092285156
16.504114151000977 496.4457092285156
16.504114151000977 496.4457092285156
16.504114151000977 496.4457092285156
16.504114151000977 496.4457092285156
16.504114151000977 496.4457092285156
16.504114151000977 496.4457092285156
16.504114151000977 496.4457092285156
16.504114151000977 496.4457092285156
16.504114151000977 496.4457092285156
16.504114151000977 496.4457092285156
16.504114151000977 496.4457092285156
16.504114151000977 496.4457092285156
16.504114151000977 496.4457092285156
16.504114151000977 496.4457092285156
16.504114151000977 496.4457092285156
16.504114151000977 496.4457092285156
16.504114151000977 496.4457092285156
16.504114151000977 496.4457092285156
16.504114151000977 496.4457092285156
16.504114151000977 496.4457092285156
16.504114151000977 496.4457092285156
16.504114151000977 496.4457092285156
16.504114151000977 496.4457092285156
16.504114151000977 496.4457092285156
16.504114151000977 496.4457092285156
16.504114151000977 496.4457092285156
16.504114151000977 496.4457092285156
16.504114151000977 496.4457092285156
16.504114151000977 496.4457092285156
16.504114151000977 496.4457092285156
16.504114151000977 496.4457092285156
16.504114151000977 496.4457092285156
16.504114151000977 496.4457092285156
16.504114151000977 496.4457092285156
16.504114151000977 496.4457092285156
16.504114151000977 496.4457092285156
16.504114151000977 496.4457092285156
16.504114151000977 496.4457092285156
16.504114151000977 496.4457092285156
16.504114151000977 496.4457092285156
16.504114151000977 496.4457092285156
16.504114151000977 496.4457092285156
16.504114151000977 496.4457092285156
16.504114151000977 496.4457092285156
16.504114151000977 496.4457092285156
16.504114151000977 496.4457092285156
16.504114151000977 496.4457092285156
16.504114151000977 496.4457092285156
16.504114151000977 496.4457092285156
16.504114151000977 496.4457092285156
16.504114151000977 496.4457092285156
16.504114151000977 496.4457092285156
16.504114151000977 496.4457092285156
16.504114151000977 496.4457092285156
16.504114151000977 496.4457092285156
16.504114151000977 496.4457092285156
16.504114151000977 496.4457092285156
16.504114151000977 496.4457092285156
16.504114151000977 496.4457092285156
16.504114151000977 496.4457092285156
16.504114151000977 496.4457092285156
16.504114151000977 496.4457092285156
16.504114151000977 496.4457092285156
16.504114151000977 496.4457092285156
16.504114151000977 496.4457092285156
16.504114151000977 496.4457092285156
16.504114151000977 496.4457092285156
16.504114151000977 496.4457092285156
16.504114151000977 496.4457092285156
16.504114151000977 496.4457092285156
16.504114151000977 496.4457092285156
16.504114151000977 496.4457092285156
16.504114151000977 496.4457092285156
16.504114151000977 496.4457092285156
16.504114151000977 496.4457092285156
16.504114151000977 496.4457092285156
16.504114151000977 496.4457092285156
16.504114151000977 496.4457092285156
16.504114151000977 496.4457092285156
16.504114151000977 496.4457092285156
16.504114151000977 496.4457092285156
16.504114151000977 496.4457092285156
16.504114151000977 496.4457092285156
16.504114151000977 496.4457092285156
16.504114151000977 496.4457092285156
16.504114151000977 496.4457092285156
16.504114151000977 496.4457092285156
16.504114151000977 496.4457092285156
16.504114151000977 496.4457092285156
16.504114151000977 496.4457092285156
16.504114151000977 496.4457092285156
16.504114151000977 496.4457092285156
16.504114151000977 496.4457092285156
16.504114151000977 496.4457092285156
16.504114151000977 496.4457092285156
16.504114151000977 496.4457092285156
16.504114151000977 496.4457092285156
16.504114151000977 496.4457092285156
16.504114151000977 496.4457092285156
16.504114151000977 496.4457092285156
16.504114151000977 496.4457092285156
16.504114151000977 496.4457092285156
16.504114151000977 496.4457092285156
16.504114151000977 496.4457092285156
16.504114151000977 496.4457092285156
16.504114151000977 496.4457092285156
16.504114151000977 496.4457092285156
16.504114151000977 496.4457092285156
16.504114151000977 496.4457092285156
16.504114151000977 496.4457092285156
16.504114151000977 496.4457092285156
16.504114151000977 496.4457092285156
16.504114151000977 496.4457092285156
16.504114151000977 496.4457092285156
16.504114151000977 496.4457092285156
16.504114151000977 496.4457092285156
16.504114151000977 496.4457092285156
16.504114151000977 496.4457092285156
16.504114151000977 496.4457092285156
16.504114151000977 496.4457092285156
16.504114151000977 496.4457092285156
16.504114151000977 496.4457092285156
16.504114151000977 496.4457092285156
16.504114151000977 496.4457092285156
16.504114151000977 496.4457092285156
16.504114151000977 496.4457092285156
16.504114151000977 496.4457092285156
16.504114151000977 496.4457092285156
16.504114151000977 496.4457092285156
16.504114151000977 496.4457092285156
16.504114151000977 496.4457092285156
16.504114151000977 496.4457092285156
16.504114151000977 496.4457092285156
16.504114151000977 496.4457092285156
16.504114151000977 496.4457092285156
16.504114151000977 496.4457092285156
16.504114151000977 496.4457092285156
16.504114151000977 496.4457092285156
16.504114151000977 496.4457092285156
16.504114151000977 496.4457092285156
16.504114151000977 496.4457092285156
16.504114151000977 496.4457092285156
16.504114151000977 496.4457092285156
16.504114151000977 496.4457092285156
16.504114151000977 496.4457092285156
16.504114151000977 496.4457092285156
16.504114151000977 496.4457092285156
16.504114151000977 496.4457092285156
16.504114151000977 496.4457092285156
16.504114151000977 496.4457092285156
16.504114151000977 496.4457092285156
16.504114151000977 496.4457092285156
16.504114151000977 496.4457092285156
16.504114151000977 496.4457092285156
16.504114151000977 496.4457092285156
16.504114151000977 496.4457092285156
16.504114151000977 496.4457092285156
16.504114151000977 496.4457092285156
16.504114151000977 496.4457092285156
16.504114151000977 496.4457092285156
16.504114151000977 496.4457092285156
16.504114151000977 496.4457092285156
16.504114151000977 496.4457092285156
16.504114151000977 496.4457092285156
16.504114151000977 496.4457092285156
16.504114151000977 496.4457092285156
16.504114151000977 496.4457092285156
16.504114151000977 496.4457092285156
16.504114151000977 496.4457092285156
16.504114151000977 496.4457092285156
16.504114151000977 496.4457092285156
16.504114151000977 496.4457092285156
16.504114151000977 496.4457092285156
16.504114151000977 496.4457092285156
16.504114151000977 496.4457092285156
16.504114151000977 496.4457092285156
16.504114151000977 496.4457092285156
16.504114151000977 496.4457092285156
16.504114151000977 496.4457092285156
16.504114151000977 496.4457092285156
16.504114151000977 496.4457092285156
16.504114151000977 496.4457092285156
16.504114151000977 496.4457092285156
16.504114151000977 496.4457092285156
16.504114151000977 496.4457092285156
16.504114151000977 496.4457092285156
16.504114151000977 496.4457092285156
16.504114151000977 496.4457092285156
16.504114151000977 496.4457092285156
16.504114151000977 496.4457092285156
16.504114151000977 496.4457092285156
16.504114151000977 496.4457092285156
16.504114151000977 496.4457092285156
16.504114151000977 496.4457092285156
16.504114151000977 496.4457092285156
16.504114151000977 496.4457092285156
16.504114151000977 496.4457092285156
16.504114151000977 496.4457092285156
16.504114151000977 496.4457092285156
16.504114151000977 496.4457092285156
16.504114151000977 496.4457092285156
16.504114151000977 496.4457092285156
16.504114151000977 496.4457092285156
16.504114151000977 496.4457092285156
16.504114151000977 496.4457092285156
16.504114151000977 496.4457092285156
16.504114151000977 496.4457092285156
16.504114151000977 496.4457092285156
16.504114151000977 496.4457092285156
16.504114151000977 496.4457092285156
16.504114151000977 496.4457092285156
16.504114151000977 496.4457092285156
16.504114151000977 496.4457092285156
16.504114151000977 496.4457092285156
16.504114151000977 496.4457092285156
16.504114151000977 496.4457092285156
16.504114151000977 496.4457092285156
16.504114151000977 496.4457092285156
16.504114151000977 496.4457092285156
16.504114151000977 496.4457092285156
16.504114151000977 496.4457092285156
16.504114151000977 496.4457092285156
16.504114151000977 496.4457092285156
16.504114151000977 496.4457092285156
16.504114151000977 496.4457092285156
16.504114151000977 496.4457092285156
16.504114151000977 496.4457092285156
16.504114151000977 496.4457092285156
16.504114151000977 496.4457092285156
16.504114151000977 496.4457092285156
16.504114151000977 496.4457092285156
16.504114151000977 496.4457092285156
16.504114151000977 496.4457092285156
16.504114151000977 496.4457092285156
16.504114151000977 496.4457092285156
16.504114151000977 496.4457092285156
16.504114151000977 496.4457092285156
16.504114151000977 496.4457092285156
16.504114151000977 496.4457092285156
16.504114151000977 496.4457092285156
16.504114151000977 496.4457092285156
16.504114151000977 496.4457092285156
16.504114151000977 496.4457092285156
16.504114151000977 496.4457092285156
16.504114151000977 496.4457092285156
16.504114151000977 496.4457092285156
16.504114151000977 496.4457092285156
16.504114151000977 496.4457092285156
16.504114151000977 496.4457092285156
16.504114151000977 496.4457092285156
16.504114151000977 496.4457092285156
16.504114151000977 496.4457092285156
16.504114151000977 496.4457092285156
16.504114151000977 496.4457092285156
16.504114151000977 496.4457092285156
16.504114151000977 496.4457092285156
16.504114151000977 496.4457092285156
16.504114151000977 496.4457092285156
16.504114151000977 496.4457092285156
16.504114151000977 496.4457092285156
16.504114151000977 496.4457092285156
16.504114151000977 496.4457092285156
16.504114151000977 496.4457092285156
16.504114151000977 496.4457092285156
16.504114151000977 496.4457092285156
16.504114151000977 496.4457092285156
16.504114151000977 496.4457092285156
16.504114151000977 496.4457092285156
16.504114151000977 496.4457092285156
16.504114151000977 496.4457092285156
16.504114151000977 496.4457092285156
16.504114151000977 496.4457092285156
16.504114151000977 496.4457092285156
16.504114151000977 496.4457092285156
16.504114151000977 496.4457092285156
16.504114151000977 496.4457092285156
16.504114151000977 496.4457092285156
16.504114151000977 496.4457092285156
16.504114151000977 496.4457092285156
16.504114151000977 496.4457092285156
16.504114151000977 496.4457092285156
16.504114151000977 496.4457092285156
16.504114151000977 496.4457092285156
16.504114151000977 496.4457092285156
16.504114151000977 496.4457092285156
16.504114151000977 496.4457092285156
16.504114151000977 496.4457092285156
16.504114151000977 496.4457092285156
16.504114151000977 496.4457092285156
16.504114151000977 496.4457092285156
16.504114151000977 496.4457092285156
16.504114151000977 496.4457092285156
16.504114151000977 496.4457092285156
16.504114151000977 496.4457092285156
16.504114151000977 496.4457092285156
16.504114151000977 496.4457092285156
16.504114151000977 496.4457092285156
16.504114151000977 496.4457092285156
16.504114151000977 496.4457092285156
16.504114151000977 496.4457092285156
16.504114151000977 496.4457092285156
16.504114151000977 496.4457092285156
16.504114151000977 496.4457092285156
16.504114151000977 496.4457092285156
16.504114151000977 496.4457092285156
16.504114151000977 496.4457092285156
16.504114151000977 496.4457092285156
16.504114151000977 496.4457092285156
16.504114151000977 496.4457092285156
16.504114151000977 496.4457092285156
16.504114151000977 496.4457092285156
16.504114151000977 496.4457092285156
16.504114151000977 496.4457092285156
16.504114151000977 496.4457092285156
16.504114151000977 496.4457092285156
16.504114151000977 496.4457092285156
16.504114151000977 496.4457092285156
16.504114151000977 496.4457092285156
16.504114151000977 496.4457092285156
16.504114151000977 496.4457092285156
16.504114151000977 496.4457092285156
16.504114151000977 496.4457092285156
16.504114151000977 496.4457092285156
16.504114151000977 496.4457092285156
16.504114151000977 496.4457092285156
16.504114151000977 496.4457092285156
16.504114151000977 496.4457092285156
16.504114151000977 496.4457092285156
16.504114151000977 496.4457092285156
16.504114151000977 496.4457092285156
16.504114151000977 496.4457092285156
16.504114151000977 496.4457092285156
16.504114151000977 496.4457092285156
16.504114151000977 496.4457092285156
16.504114151000977 496.4457092285156
16.504114151000977 496.4457092285156
16.504114151000977 496.4457092285156
16.504114151000977 496.4457092285156
16.504114151000977 496.4457092285156
16.504114151000977 496.4457092285156
16.504114151000977 496.4457092285156
16.504114151000977 496.4457092285156
16.504114151000977 496.4457092285156
16.504114151000977 496.4457092285156
16.504114151000977 496.4457092285156
16.504114151000977 496.4457092285156
16.504114151000977 496.4457092285156
16.504114151000977 496.4457092285156
16.504114151000977 496.4457092285156
16.504114151000977 496.4457092285156
16.504114151000977 496.4457092285156
16.504114151000977 496.4457092285156
16.504114151000977 496.4457092285156
16.504114151000977 496.4457092285156
16.504114151000977 496.4457092285156
16.504114151000977 496.4457092285156
16.504114151000977 496.4457092285156
16.504114151000977 496.4457092285156
16.504114151000977 496.4457092285156
16.504114151000977 496.4457092285156
16.504114151000977 496.4457092285156
16.504114151000977 496.4457092285156
16.504114151000977 496.4457092285156
16.504114151000977 496.4457092285156
16.504114151000977 496.4457092285156
16.504114151000977 496.4457092285156
16.504114151000977 496.4457092285156
16.504114151000977 496.4457092285156
16.504114151000977 496.4457092285156
16.504114151000977 496.4457092285156
16.504114151000977 496.4457092285156
16.504114151000977 496.4457092285156
16.504114151000977 496.4457092285156
16.504114151000977 496.4457092285156
16.504114151000977 496.4457092285156
16.504114151000977 496.4457092285156
16.504114151000977 496.4457092285156
16.504114151000977 496.4457092285156
16.504114151000977 496.4457092285156
16.504114151000977 496.4457092285156
16.504114151000977 496.4457092285156
16.504114151000977 496.4457092285156
16.504114151000977 496.4457092285156
16.504114151000977 496.4457092285156
16.504114151000977 496.4457092285156
16.504114151000977 496.4457092285156
16.504114151000977 496.4457092285156
16.504114151000977 496.4457092285156
16.504114151000977 496.4457092285156
16.504114151000977 496.4457092285156
16.504114151000977 496.4457092285156
16.504114151000977 496.4457092285156
16.504114151000977 496.4457092285156
16.504114151000977 496.4457092285156
16.504114151000977 496.4457092285156
16.504114151000977 496.4457092285156
16.504114151000977 496.4457092285156
16.504114151000977 496.4457092285156
16.504114151000977 496.4457092285156
16.504114151000977 496.4457092285156
16.504114151000977 496.4457092285156
16.504114151000977 496.4457092285156
16.504114151000977 496.4457092285156
16.504114151000977 496.4457092285156
16.504114151000977 496.4457092285156
16.504114151000977 496.4457092285156
16.504114151000977 496.4457092285156
16.504114151000977 496.4457092285156
16.504114151000977 496.4457092285156
16.504114151000977 496.4457092285156
16.504114151000977 496.4457092285156
16.504114151000977 496.4457092285156
16.504114151000977 496.4457092285156
16.504114151000977 496.4457092285156
16.504114151000977 496.4457092285156
16.504114151000977 496.4457092285156
16.504114151000977 496.4457092285156
16.504114151000977 496.4457092285156
16.504114151000977 496.4457092285156
16.504114151000977 496.4457092285156
16.504114151000977 496.4457092285156
16.504114151000977 496.4457092285156
16.504114151000977 496.4457092285156
16.504114151000977 496.4457092285156
16.504114151000977 496.4457092285156
16.504114151000977 496.4457092285156
16.504114151000977 496.4457092285156
16.504114151000977 496.4457092285156
16.504114151000977 496.4457092285156
16.504114151000977 496.4457092285156
16.504114151000977 496.4457092285156
16.504114151000977 496.4457092285156
16.504114151000977 496.4457092285156
16.504114151000977 496.4457092285156
16.504114151000977 496.4457092285156
16.504114151000977 496.4457092285156
16.504114151000977 496.4457092285156
16.504114151000977 496.4457092285156
16.504114151000977 496.4457092285156
16.504114151000977 496.4457092285156
16.504114151000977 496.4457092285156
16.504114151000977 496.4457092285156
16.504114151000977 496.4457092285156
16.504114151000977 496.4457092285156
16.504114151000977 496.4457092285156
16.504114151000977 496.4457092285156
16.504114151000977 496.4457092285156
16.504114151000977 496.4457092285156
16.504114151000977 496.4457092285156
16.504114151000977 496.4457092285156
16.504114151000977 496.4457092285156
16.504114151000977 496.4457092285156
16.504114151000977 496.4457092285156
16.504114151000977 496.4457092285156
16.504114151000977 496.4457092285156
16.504114151000977 496.4457092285156
16.504114151000977 496.4457092285156
16.504114151000977 496.4457092285156
16.504114151000977 496.4457092285156
16.504114151000977 496.4457092285156
16.504114151000977 496.4457092285156
16.504114151000977 496.4457092285156
16.504114151000977 496.4457092285156
16.504114151000977 496.4457092285156
16.504114151000977 496.4457092285156
16.504114151000977 496.4457092285156
16.504114151000977 496.4457092285156
16.504114151000977 496.4457092285156
16.504114151000977 496.4457092285156
16.504114151000977 496.4457092285156
16.504114151000977 496.4457092285156
16.504114151000977 496.4457092285156
16.504114151000977 496.4457092285156
16.504114151000977 496.4457092285156
16.504114151000977 496.4457092285156
16.504114151000977 496.4457092285156
16.504114151000977 496.4457092285156
16.504114151000977 496.4457092285156
16.504114151000977 496.4457092285156
16.504114151000977 496.4457092285156
16.504114151000977 496.4457092285156
16.504114151000977 496.4457092285156
16.504114151000977 496.4457092285156
16.504114151000977 496.4457092285156
16.504114151000977 496.4457092285156
16.504114151000977 496.4457092285156
16.504114151000977 496.4457092285156
16.504114151000977 496.4457092285156
16.504114151000977 496.4457092285156
16.504114151000977 496.4457092285156
16.504114151000977 496.4457092285156
16.504114151000977 496.4457092285156
16.504114151000977 496.4457092285156
16.504114151000977 496.4457092285156
16.504114151000977 496.4457092285156
16.504114151000977 496.4457092285156
16.504114151000977 496.4457092285156
16.504114151000977 496.4457092285156
16.504114151000977 496.4457092285156
16.504114151000977 496.4457092285156
16.504114151000977 496.4457092285156
16.504114151000977 496.4457092285156
16.504114151000977 496.4457092285156
16.504114151000977 496.4457092285156
16.504114151000977 496.4457092285156
16.504114151000977 496.4457092285156
