59.83681106567383 449.8322448730469
59.529911041259766 449.50213623046875
59.22890853881836 449.1666259765625
58.93389892578125 448.8258361816406
58.64497756958008 448.4798889160156
58.36223220825195 448.1288757324219
58.085750579833984 447.77288818359375
57.81562042236328 447.41204833984375
57.55192565917969 447.0464782714844
57.29475021362305 446.6763000488281
57.04417419433594 446.3016357421875
56.80027770996094 445.9225769042969
56.56313705444336 445.5392761230469
56.33282470703125 445.1518249511719
56.10941696166992 444.7603454589844
55.89297866821289 444.3649597167969
55.6835823059082 443.9658203125
55.481292724609375 443.5630187988281
55.286170959472656 443.1567077636719
55.0982780456543 442.74700927734375
54.91767501831055 442.33404541015625
54.74441909790039 441.9179382324219
54.57856369018555 441.4988098144531
54.420162200927734 441.0768127441406
54.269264221191406 440.6520690917969
54.12591552734375 440.2247314453125
53.99016189575195 439.794921875
53.86204528808594 439.3627624511719
53.741607666015625 438.92840576171875
53.6262321472168 438.482177734375
53.518611907958984 438.0341796875
53.41838455200195 437.5829162597656
53.325931549072266 437.1300354003906
53.24116897583008 436.6751403808594
53.16421890258789 436.2188720703125
53.09496307373047 435.76055908203125
53.03355026245117 435.3011779785156
52.97990798950195 434.84027099609375
52.93412780761719 434.3786315917969
52.89591979980469 433.91351318359375
52.86552810668945 433.4481506347656
52.84234619140625 432.9743347167969
52.82675552368164 432.5012512207031
52.81877899169922 432.0289611816406
52.8182258605957 431.5499572753906
52.82487487792969 431.05999755859375
52.83842849731445 430.57281494140625
52.859188079833984 430.06964111328125
52.88611602783203 429.57086181640625
52.9202995300293 429.0491027832031
52.959442138671875 428.53399658203125
53.00579833984375 427.9869384765625
53.05523681640625 427.449462890625
53.10833740234375 426.9206848144531
53.16885757446289 426.353759765625
53.23060989379883 425.7986755371094
53.294456481933594 425.2543640136719
53.36550521850586 424.6667175292969
53.43573760986328 424.09271240234375
53.50633239746094 423.5313415527344
53.58322525024414 422.9232177734375
53.65723419189453 422.3298034667969
53.729827880859375 421.7503662109375
53.8022575378418 421.1839599609375
53.87559509277344 420.6295166015625
53.955955505371094 420.0303039550781
54.034149169921875 419.4454345703125
54.11152648925781 418.8739929199219
54.189247131347656 418.31500244140625
54.27385711669922 417.7110290527344
54.3557014465332 417.1215515136719
54.43620681762695 416.5457763671875
54.516597747802734 415.9827575683594
54.59791946411133 415.4314880371094
54.68690872192383 414.8375244140625
54.77389907836914 414.257568359375
54.86019515991211 413.6907653808594
54.94691848754883 413.1360778808594
55.041316986083984 412.53875732421875
55.13320541381836 411.9555969238281
55.22395324707031 411.3857727050781
55.314735412597656 410.8283386230469
55.41312789916992 410.22857666015625
55.508644104003906 409.64300537109375
55.59685134887695 409.116943359375
55.6943359375 408.55706787109375
55.79243087768555 408.0088806152344
55.89204406738281 407.4714050292969
55.99394226074219 406.9437561035156
56.105716705322266 406.38214111328125
56.21741485595703 405.83270263671875
56.33003616333008 405.2944641113281
56.45253372192383 404.7198181152344
56.57340621948242 404.1584777832031
56.69386291503906 403.6094665527344
56.82378387451172 403.02264404296875
56.950679779052734 402.44976806640625
57.07593536376953 401.8900451660156
57.200748443603516 401.342529296875
57.335140228271484 400.758544921875
57.466590881347656 400.18829345703125
57.59645462036133 399.6309814453125
57.72590637207031 399.085693359375
57.86507797241211 398.5055236816406
58.00145721435547 397.9388122558594
58.1363639831543 397.3847961425781
58.27094268798828 396.8425598144531
58.41541290283203 396.2671813964844
58.55730438232422 395.7049865722656
58.689796447753906 395.1923522949219
58.82534408569336 394.6880187988281
58.97187042236328 394.16064453125
59.119754791259766 393.6432800292969
59.2787971496582 393.0993957519531
59.437286376953125 392.567138671875
59.596214294433594 392.04559326171875
59.766300201416016 391.4974060058594
59.93494415283203 390.9613037109375
60.103248596191406 390.4364318847656
60.282535552978516 389.8854064941406
60.45969772338867 389.34674072265625
60.63590621948242 388.819580078125
60.822792053222656 388.2672424316406
61.007080078125 387.7273254394531
61.18998336791992 387.19903564453125
61.37255096435547 386.68157958984375
61.56587219238281 386.14208984375
61.747920989990234 385.6436767578125
61.94107437133789 385.1271057128906
62.13436508178711 384.6208190917969
62.3286247253418 384.12408447265625
62.533851623535156 383.61041259765625
62.738834381103516 383.10711669921875
62.944435119628906 382.6134948730469
63.160743713378906 382.1045837402344
63.37661361694336 381.6059875488281
63.60261917114258 381.0926513671875
63.82730484008789 380.5899963378906
64.0516357421875 380.097412109375
64.27645111083984 379.6142578125
64.50247955322266 379.13995361328125
64.73846435546875 378.65582275390625
64.97496795654297 378.180908203125
65.21269226074219 377.7146911621094
65.4598617553711 377.2408142089844
65.70773315429688 376.7758483886719
65.95696258544922 376.3193359375
66.21504211425781 375.857421875
66.47412109375 375.4040832519531
66.73479461669922 374.9588623046875
67.00367736816406 374.5104675292969
67.27395629882812 374.0702209472656
67.55165100097656 373.62835693359375
67.8307113647461 373.19451904296875
68.1163558959961 372.7607116699219
68.40349578857422 372.3347473144531
68.69259643554688 371.9163513183594
68.98405456542969 371.5052795410156
69.28164672851562 371.0963134765625
69.58173370361328 370.69451904296875
69.88462829589844 370.29974365234375
70.1930923461914 369.908447265625
70.50453186035156 369.5240173339844
70.82093811035156 369.14410400390625
71.14053344726562 368.7709045410156
71.46530151367188 368.4021911621094
71.79276275634766 368.0408935546875
72.1336669921875 367.6750183105469
72.47582244873047 367.31756591796875
72.82768249511719 366.959716796875
73.18050384521484 366.6103210449219
73.54248046875 366.26123046875
73.91311645507812 365.9127197265625
74.28368377685547 365.5729675292969
74.66288757324219 365.2340087890625
75.04180908203125 364.90380859375
75.42719268798828 364.57647705078125
75.8125228881836 364.2575988769531
76.20111083984375 363.9444580078125
76.5904541015625 363.63909912109375
76.97856140136719 363.3432922363281
77.36372375488281 363.0583801269531
77.75204467773438 362.77984619140625
78.13212585449219 362.51580810546875
78.51758575439453 362.2567443847656
78.82720184326172 362.05633544921875
79.13414764404297 361.8661193847656
79.4512939453125 361.6782531738281
79.72163391113281 361.5257873535156
79.96710968017578 361.394775390625
80.20365905761719 361.27581787109375
80.44359588623047 361.1624450683594
80.67842864990234 361.05853271484375
80.9156494140625 360.96063232421875
81.15345001220703 360.86944580078125
81.38335418701172 360.7880554199219
81.61639404296875 360.7124328613281
81.84879302978516 360.6437683105469
82.08069610595703 360.5819396972656
82.31231689453125 360.5268249511719
82.54389190673828 360.47833251953125
82.7752456665039 360.43646240234375
83.00712585449219 360.4010314941406
83.23951721191406 360.3720397949219
83.47224426269531 360.3494873046875
83.70549774169922 360.3333740234375
83.93910217285156 360.3236999511719
84.17288208007812 360.3204650878906
84.40665435791016 360.32366943359375
84.64024353027344 360.33331298828125
84.87345886230469 360.3493957519531
85.10614013671875 360.37188720703125
85.33809661865234 360.4007873535156
85.56913757324219 360.4360656738281
85.79907989501953 360.4776916503906
86.02778625488281 360.5256652832031
86.255126953125 360.5799255371094
86.48107147216797 360.6405029296875
86.70832824707031 360.7081604003906
86.93663024902344 360.78302001953125
87.36420440673828 360.93389892578125
87.80264282226562 361.0970764160156
88.24683380126953 361.2705993652344
88.6874771118164 361.45074462890625
89.31454467773438 361.70294189453125
89.76646423339844 361.8814392089844
90.40444946289062 362.1312255859375
90.85448455810547 362.30596923828125
91.49205017089844 362.5518493652344
91.9561767578125 362.729248046875
92.59852600097656 362.97161865234375
93.24836730957031 363.2017822265625
93.72749328613281 363.3697509765625
94.3773193359375 363.5955505371094
95.0252685546875 363.8089294433594
95.52786254882812 363.97320556640625
96.1747817993164 364.1784362792969
96.66987609863281 364.3310546875
97.32251739501953 364.52667236328125
97.79496765136719 364.66497802734375
98.45194244384766 364.85296630859375
98.91661834716797 364.983154296875
99.57689666748047 365.16448974609375
100.03623962402344 365.28826904296875
100.65623474121094 365.45831298828125
101.216552734375 365.59747314453125
101.67140197753906 365.70440673828125
102.23578643798828 365.82965087890625
102.6916732788086 365.9248962402344
103.1454086303711 366.0277099609375
103.80366516113281 366.1772155761719
104.36505126953125 366.2876281738281
104.82106018066406 366.3713684082031
105.2754898071289 366.4628601074219
105.83830261230469 366.5688171386719
106.29473114013672 366.6488037109375
106.86193084716797 366.7409362792969
107.43262481689453 366.8091735839844
107.88079071044922 366.85723876953125
108.32803344726562 366.9132385253906
108.89945983886719 366.977783203125
109.34793090820312 367.0229187011719
109.92095947265625 367.0736083984375
110.49443054199219 367.10009765625
110.94490814208984 367.11541748046875
111.3950424194336 367.13873291015625
111.9690170288086 367.16143798828125
112.41958618164062 367.1737976074219
112.86986541748047 367.1941223144531
113.43643951416016 367.21258544921875
114.00372314453125 367.206787109375
114.454345703125 367.196533203125
114.90508270263672 367.19427490234375
115.47335052490234 367.1843566894531
115.92388916015625 367.1708679199219
116.49027252197266 367.14678955078125
117.05758666992188 367.0983581542969
117.50617980957031 367.054443359375
117.95548248291016 367.01849365234375
118.40534973144531 366.9905090332031
118.9742202758789 366.94805908203125
119.53924560546875 366.88165283203125
120.10302734375 366.79095458984375
120.54712677001953 366.7138671875
120.99252319335938 366.6446838378906
121.55631256103516 366.54998779296875
122.11582946777344 366.43145751953125
122.55560302734375 366.3326416015625
122.99706268310547 366.24163818359375
123.4400634765625 366.1584777832031
124.00012969970703 366.0461730957031
124.44094848632812 365.9521179199219
124.99983978271484 365.82568359375
125.55308532714844 365.6757507324219
125.98665618896484 365.55255126953125
126.53636169433594 365.3890686035156
126.966796875 365.25531005859375
127.3995361328125 365.12921142578125
127.94852447509766 364.9619445800781
128.3780517578125 364.8253173828125
128.9230499267578 364.6446228027344
129.34913635253906 364.4975891113281
129.88885498046875 364.3039245605469
130.42098999023438 364.0872802734375
130.83636474609375 363.9122619628906
131.3624267578125 363.6830139160156
131.77340698242188 363.4979248046875
132.18760681152344 363.32012939453125
132.7124481201172 363.0872497558594
133.1221923828125 362.8994445800781
133.5352020263672 362.71893310546875
134.05787658691406 362.4828186035156
134.4663543701172 362.2922668457031
134.98422241210938 362.04296875
135.38795471191406 361.8425598144531
135.795166015625 361.6493225097656
136.3116455078125 361.3965148925781
136.81639099121094 361.1225891113281
137.20989990234375 360.9028015136719
137.70875549316406 360.6161804199219
138.09683227539062 360.38690185546875
138.48890686035156 360.16455078125
138.98614501953125 359.8745422363281
139.3727264404297 359.64276123046875
139.7633514404297 359.4178771972656
140.2582244873047 359.1249084472656
140.7427520751953 358.8099670410156
141.11770629882812 358.559814453125
141.49703979492188 358.31634521484375
141.97683715820312 358.0000915527344
142.4446563720703 357.66278076171875
142.80706787109375 357.394775390625
143.17417907714844 357.13323974609375
143.63916015625 356.79345703125
143.9998321533203 356.52313232421875
144.36524963378906 356.2592468261719
144.8283233642578 355.9162292480469
145.187255859375 355.6435852050781
145.55096435546875 355.3773498535156
146.0112762451172 355.0317687988281
146.45680236816406 354.6671142578125
146.8021240234375 354.37744140625
147.25982666015625 353.98516845703125
147.5989532470703 353.6882629394531
148.05552673339844 353.2803649902344
148.38864135742188 352.9767150878906
148.72708129882812 352.67901611328125
149.19638061523438 352.2587585449219
149.65707397460938 351.8162841796875
149.9795684814453 351.5013732910156
150.405517578125 351.07647705078125
150.7212371826172 350.7547912597656
151.0426025390625 350.4387512207031
151.47691345214844 350.0031433105469
151.79200744628906 349.68084716796875
152.11276245117188 349.3641662597656
152.52066040039062 348.9517822265625
152.91171264648438 348.5222473144531
153.21119689941406 348.1853942871094
153.5166015625 347.8538818359375
153.9071502685547 347.419921875
154.20474243164062 347.0813903808594
154.50828552246094 346.7481994628906
154.899658203125 346.30865478515625
155.27462768554688 345.8516845703125
155.56399536132812 345.4906311035156
155.85195922851562 345.1438903808594
156.2320556640625 344.6762390136719
156.51995849609375 344.3140563964844
156.89480590820312 343.8326110839844
157.1754150390625 343.4646301269531
157.1754150390625 343.4646301269531
157.44894409179688 343.09130859375
157.44894409179688 343.09130859375
157.44894409179688 343.09130859375
157.44894409179688 343.09130859375
157.44894409179688 343.09130859375
157.44894409179688 343.09130859375
157.44894409179688 343.09130859375
157.44894409179688 343.09130859375
157.44894409179688 343.09130859375
157.44894409179688 343.09130859375
157.44894409179688 343.09130859375
157.44894409179688 343.09130859375
157.44894409179688 343.09130859375
157.44894409179688 343.09130859375
157.44894409179688 343.09130859375
157.44894409179688 343.09130859375
157.44894409179688 343.09130859375
157.44894409179688 343.09130859375
157.44894409179688 343.09130859375
157.44894409179688 343.09130859375
157.44894409179688 343.09130859375
157.44894409179688 343.09130859375
157.44894409179688 343.09130859375
157.44894409179688 343.09130859375
157.44894409179688 343.09130859375
157.44894409179688 343.09130859375
157.44894409179688 343.09130859375
157.44894409179688 343.09130859375
157.44894409179688 343.09130859375
157.44894409179688 343.09130859375
157.44894409179688 343.09130859375
157.44894409179688 343.09130859375
157.44894409179688 343.09130859375
157.44894409179688 343.09130859375
157.44894409179688 343.09130859375
157.44894409179688 343.09130859375
157.44894409179688 343.09130859375
157.44894409179688 343.09130859375
157.44894409179688 343.09130859375
157.44894409179688 343.09130859375
157.44894409179688 343.09130859375
157.44894409179688 343.09130859375
157.44894409179688 343.09130859375
157.44894409179688 343.09130859375
157.44894409179688 343.09130859375
157.44894409179688 343.09130859375
157.44894409179688 343.09130859375
157.44894409179688 343.09130859375
157.44894409179688 343.09130859375
157.44894409179688 343.09130859375
157.44894409179688 343.09130859375
157.44894409179688 343.09130859375
157.44894409179688 343.09130859375
157.44894409179688 343.09130859375
157.44894409179688 343.09130859375
157.44894409179688 343.09130859375
157.44894409179688 343.09130859375
157.44894409179688 343.09130859375
157.44894409179688 343.09130859375
157.44894409179688 343.09130859375
157.44894409179688 343.09130859375
157.44894409179688 343.09130859375
157.44894409179688 343.09130859375
157.44894409179688 343.09130859375
157.44894409179688 343.09130859375
157.44894409179688 343.09130859375
157.44894409179688 343.09130859375
157.44894409179688 343.09130859375
157.44894409179688 343.09130859375
157.44894409179688 343.09130859375
157.44894409179688 343.09130859375
157.44894409179688 343.09130859375
157.44894409179688 343.09130859375
157.44894409179688 343.09130859375
157.44894409179688 343.09130859375
157.44894409179688 343.09130859375
157.44894409179688 343.09130859375
157.44894409179688 343.09130859375
157.44894409179688 343.09130859375
157.44894409179688 343.09130859375
157.44894409179688 343.09130859375
157.44894409179688 343.09130859375
157.44894409179688 343.09130859375
157.44894409179688 343.09130859375
157.44894409179688 343.09130859375
157.44894409179688 343.09130859375
157.44894409179688 343.09130859375
157.44894409179688 343.09130859375
157.44894409179688 343.09130859375
157.44894409179688 343.09130859375
157.44894409179688 343.09130859375
157.44894409179688 343.09130859375
157.44894409179688 343.09130859375
157.44894409179688 343.09130859375
157.44894409179688 343.09130859375
157.44894409179688 343.09130859375
157.44894409179688 343.09130859375
157.44894409179688 343.09130859375
157.44894409179688 343.09130859375
157.44894409179688 343.09130859375
157.44894409179688 343.09130859375
157.44894409179688 343.09130859375
157.44894409179688 343.09130859375
157.44894409179688 343.09130859375
157.44894409179688 343.09130859375
157.44894409179688 343.09130859375
157.44894409179688 343.09130859375
157.44894409179688 343.09130859375
157.44894409179688 343.09130859375
157.44894409179688 343.09130859375
157.44894409179688 343.09130859375
157.44894409179688 343.09130859375
157.44894409179688 343.09130859375
157.44894409179688 343.09130859375
157.44894409179688 343.09130859375
157.44894409179688 343.09130859375
157.44894409179688 343.09130859375
157.44894409179688 343.09130859375
157.44894409179688 343.09130859375
157.44894409179688 343.09130859375
157.44894409179688 343.09130859375
157.44894409179688 343.09130859375
157.44894409179688 343.09130859375
157.44894409179688 343.09130859375
157.44894409179688 343.09130859375
157.44894409179688 343.09130859375
157.44894409179688 343.09130859375
157.44894409179688 343.09130859375
157.44894409179688 343.09130859375
157.44894409179688 343.09130859375
157.44894409179688 343.09130859375
157.44894409179688 343.09130859375
157.44894409179688 343.09130859375
157.44894409179688 343.09130859375
157.44894409179688 343.09130859375
157.44894409179688 343.09130859375
157.44894409179688 343.09130859375
157.44894409179688 343.09130859375
157.44894409179688 343.09130859375
157.44894409179688 343.09130859375
157.44894409179688 343.09130859375
157.44894409179688 343.09130859375
157.44894409179688 343.09130859375
157.44894409179688 343.09130859375
157.44894409179688 343.09130859375
157.44894409179688 343.09130859375
157.44894409179688 343.09130859375
157.44894409179688 343.09130859375
157.44894409179688 343.09130859375
157.44894409179688 343.09130859375
157.44894409179688 343.09130859375
157.44894409179688 343.09130859375
157.44894409179688 343.09130859375
157.44894409179688 343.09130859375
157.44894409179688 343.09130859375
157.44894409179688 343.09130859375
157.44894409179688 343.09130859375
157.44894409179688 343.09130859375
157.44894409179688 343.09130859375
157.44894409179688 343.09130859375
157.44894409179688 343.09130859375
157.44894409179688 343.09130859375
157.44894409179688 343.09130859375
157.44894409179688 343.09130859375
157.44894409179688 343.09130859375
157.44894409179688 343.09130859375
157.44894409179688 343.09130859375
157.44894409179688 343.09130859375
157.44894409179688 343.09130859375
157.44894409179688 343.09130859375
157.44894409179688 343.09130859375
157.44894409179688 343.09130859375
157.44894409179688 343.09130859375
157.44894409179688 343.09130859375
157.44894409179688 343.09130859375
157.44894409179688 343.09130859375
157.44894409179688 343.09130859375
157.44894409179688 343.09130859375
157.44894409179688 343.09130859375
157.44894409179688 343.09130859375
157.44894409179688 343.09130859375
157.44894409179688 343.09130859375
157.44894409179688 343.09130859375
157.44894409179688 343.09130859375
157.44894409179688 343.09130859375
157.44894409179688 343.09130859375
157.44894409179688 343.09130859375
157.44894409179688 343.09130859375
157.44894409179688 343.09130859375
157.44894409179688 343.09130859375
157.44894409179688 343.09130859375
157.44894409179688 343.09130859375
157.44894409179688 343.09130859375
157.44894409179688 343.09130859375
157.44894409179688 343.09130859375
157.44894409179688 343.09130859375
157.44894409179688 343.09130859375
157.44894409179688 343.09130859375
157.44894409179688 343.09130859375
157.44894409179688 343.09130859375
157.44894409179688 343.09130859375
157.44894409179688 343.09130859375
157.44894409179688 343.09130859375
157.44894409179688 343.09130859375
157.44894409179688 343.09130859375
157.44894409179688 343.09130859375
157.44894409179688 343.09130859375
157.44894409179688 343.09130859375
157.44894409179688 343.09130859375
157.44894409179688 343.09130859375
157.44894409179688 343.09130859375
157.44894409179688 343.09130859375
157.44894409179688 343.09130859375
157.44894409179688 343.09130859375
157.44894409179688 343.09130859375
157.44894409179688 343.09130859375
157.44894409179688 343.09130859375
157.44894409179688 343.09130859375
157.44894409179688 343.09130859375
157.44894409179688 343.09130859375
157.44894409179688 343.09130859375
157.44894409179688 343.09130859375
157.44894409179688 343.09130859375
157.44894409179688 343.09130859375
157.44894409179688 343.09130859375
157.44894409179688 343.09130859375
157.44894409179688 343.09130859375
157.44894409179688 343.09130859375
157.44894409179688 343.09130859375
157.44894409179688 343.09130859375
157.44894409179688 343.09130859375
157.44894409179688 343.09130859375
157.44894409179688 343.09130859375
157.44894409179688 343.09130859375
157.44894409179688 343.09130859375
157.44894409179688 343.09130859375
157.44894409179688 343.09130859375
157.44894409179688 343.09130859375
157.44894409179688 343.09130859375
157.44894409179688 343.09130859375
157.44894409179688 343.09130859375
157.44894409179688 343.09130859375
157.44894409179688 343.09130859375
157.44894409179688 343.09130859375
157.44894409179688 343.09130859375
157.44894409179688 343.09130859375
157.44894409179688 343.09130859375
157.44894409179688 343.09130859375
157.44894409179688 343.09130859375
157.44894409179688 343.09130859375
157.44894409179688 343.09130859375
157.44894409179688 343.09130859375
157.44894409179688 343.09130859375
157.44894409179688 343.09130859375
157.44894409179688 343.09130859375
157.44894409179688 343.09130859375
157.44894409179688 343.09130859375
157.44894409179688 343.09130859375
157.44894409179688 343.09130859375
157.44894409179688 343.09130859375
157.44894409179688 343.09130859375
157.44894409179688 343.09130859375
157.44894409179688 343.09130859375
157.44894409179688 343.09130859375
157.44894409179688 343.09130859375
157.44894409179688 343.09130859375
157.44894409179688 343.09130859375
157.44894409179688 343.09130859375
157.44894409179688 343.09130859375
157.44894409179688 343.09130859375
157.44894409179688 343.09130859375
157.44894409179688 343.09130859375
157.44894409179688 343.09130859375
157.44894409179688 343.09130859375
157.44894409179688 343.09130859375
157.44894409179688 343.09130859375
157.44894409179688 343.09130859375
157.44894409179688 343.09130859375
157.44894409179688 343.09130859375
157.44894409179688 343.09130859375
157.44894409179688 343.09130859375
157.44894409179688 343.09130859375
157.44894409179688 343.09130859375
157.44894409179688 343.09130859375
157.44894409179688 343.09130859375
157.44894409179688 343.09130859375
157.44894409179688 343.09130859375
157.44894409179688 343.09130859375
157.44894409179688 343.09130859375
157.44894409179688 343.09130859375
157.44894409179688 343.09130859375
157.44894409179688 343.09130859375
157.44894409179688 343.09130859375
157.44894409179688 343.09130859375
157.44894409179688 343.09130859375
157.44894409179688 343.09130859375
157.44894409179688 343.09130859375
157.44894409179688 343.09130859375
157.44894409179688 343.09130859375
157.44894409179688 343.09130859375
157.44894409179688 343.09130859375
157.44894409179688 343.09130859375
157.44894409179688 343.09130859375
157.44894409179688 343.09130859375
157.44894409179688 343.09130859375
157.44894409179688 343.09130859375
157.44894409179688 343.09130859375
157.44894409179688 343.09130859375
157.44894409179688 343.09130859375
157.44894409179688 343.09130859375
157.44894409179688 343.09130859375
157.44894409179688 343.09130859375
157.44894409179688 343.09130859375
157.44894409179688 343.09130859375
157.44894409179688 343.09130859375
157.44894409179688 343.09130859375
157.44894409179688 343.09130859375
157.44894409179688 343.09130859375
157.44894409179688 343.09130859375
157.44894409179688 343.09130859375
157.44894409179688 343.09130859375
157.44894409179688 343.09130859375
157.44894409179688 343.09130859375
157.44894409179688 343.09130859375
157.44894409179688 343.09130859375
157.44894409179688 343.09130859375
157.44894409179688 343.09130859375
157.44894409179688 343.09130859375
157.44894409179688 343.09130859375
157.44894409179688 343.09130859375
157.44894409179688 343.09130859375
157.44894409179688 343.09130859375
157.44894409179688 343.09130859375
157.44894409179688 343.09130859375
157.44894409179688 343.09130859375
157.44894409179688 343.09130859375
157.44894409179688 343.09130859375
157.44894409179688 343.09130859375
157.44894409179688 343.09130859375
157.44894409179688 343.09130859375
157.44894409179688 343.09130859375
157.44894409179688 343.09130859375
157.44894409179688 343.09130859375
157.44894409179688 343.09130859375
157.44894409179688 343.09130859375
157.44894409179688 343.09130859375
157.44894409179688 343.09130859375
157.44894409179688 343.09130859375
157.44894409179688 343.09130859375
157.44894409179688 343.09130859375
157.44894409179688 343.09130859375
157.44894409179688 343.09130859375
157.44894409179688 343.09130859375
157.44894409179688 343.09130859375
157.44894409179688 343.09130859375
157.44894409179688 343.09130859375
157.44894409179688 343.09130859375
157.44894409179688 343.09130859375
157.44894409179688 343.09130859375
157.44894409179688 343.09130859375
157.44894409179688 343.09130859375
157.44894409179688 343.09130859375
157.44894409179688 343.09130859375
157.44894409179688 343.09130859375
157.44894409179688 343.09130859375
157.44894409179688 343.09130859375
157.44894409179688 343.09130859375
157.44894409179688 343.09130859375
157.44894409179688 343.09130859375
157.44894409179688 343.09130859375
157.44894409179688 343.09130859375
157.44894409179688 343.09130859375
157.44894409179688 343.09130859375
157.44894409179688 343.09130859375
157.44894409179688 343.09130859375
157.44894409179688 343.09130859375
157.44894409179688 343.09130859375
157.44894409179688 343.09130859375
157.44894409179688 343.09130859375
157.44894409179688 343.09130859375
157.44894409179688 343.09130859375
157.44894409179688 343.09130859375
157.44894409179688 343.09130859375
157.44894409179688 343.09130859375
157.44894409179688 343.09130859375
157.44894409179688 343.09130859375
157.44894409179688 343.09130859375
157.44894409179688 343.09130859375
157.44894409179688 343.09130859375
157.44894409179688 343.09130859375
157.44894409179688 343.09130859375
157.44894409179688 343.09130859375
157.44894409179688 343.09130859375
157.44894409179688 343.09130859375
157.44894409179688 343.09130859375
157.44894409179688 343.09130859375
157.44894409179688 343.09130859375
157.44894409179688 343.09130859375
157.44894409179688 343.09130859375
157.44894409179688 343.09130859375
157.44894409179688 343.09130859375
157.44894409179688 343.09130859375
157.44894409179688 343.09130859375
157.44894409179688 343.09130859375
157.44894409179688 343.09130859375
157.44894409179688 343.09130859375
157.44894409179688 343.09130859375
157.44894409179688 343.09130859375
157.44894409179688 343.09130859375
157.44894409179688 343.09130859375
157.44894409179688 343.09130859375
157.44894409179688 343.09130859375
157.44894409179688 343.09130859375
157.44894409179688 343.09130859375
157.44894409179688 343.09130859375
157.44894409179688 343.09130859375
157.44894409179688 343.09130859375
157.44894409179688 343.09130859375
157.44894409179688 343.09130859375
157.44894409179688 343.09130859375
157.44894409179688 343.09130859375
157.44894409179688 343.09130859375
157.44894409179688 343.09130859375
157.44894409179688 343.09130859375
157.44894409179688 343.09130859375
157.44894409179688 343.09130859375
157.44894409179688 343.09130859375
157.44894409179688 343.09130859375
157.44894409179688 343.09130859375
157.44894409179688 343.09130859375
157.44894409179688 343.09130859375
157.44894409179688 343.09130859375
157.44894409179688 343.09130859375
157.44894409179688 343.09130859375
157.44894409179688 343.09130859375
157.44894409179688 343.09130859375
157.44894409179688 343.09130859375
157.44894409179688 343.09130859375
157.44894409179688 343.09130859375
157.44894409179688 343.09130859375
157.44894409179688 343.09130859375
157.44894409179688 343.09130859375
157.44894409179688 343.09130859375
157.44894409179688 343.09130859375
157.44894409179688 343.09130859375
157.44894409179688 343.09130859375
157.44894409179688 343.09130859375
157.44894409179688 343.09130859375
157.44894409179688 343.09130859375
157.44894409179688 343.09130859375
157.44894409179688 343.09130859375
157.44894409179688 343.09130859375
157.44894409179688 343.09130859375
157.44894409179688 343.09130859375
157.44894409179688 343.09130859375
157.44894409179688 343.09130859375
157.44894409179688 343.09130859375
157.44894409179688 343.09130859375
157.44894409179688 343.09130859375
157.44894409179688 343.09130859375
157.44894409179688 343.09130859375
157.44894409179688 343.09130859375
157.44894409179688 343.09130859375
157.44894409179688 343.09130859375
157.44894409179688 343.09130859375
157.44894409179688 343.09130859375
157.44894409179688 343.09130859375
157.44894409179688 343.09130859375
157.44894409179688 343.09130859375
157.44894409179688 343.09130859375
157.44894409179688 343.09130859375
157.44894409179688 343.09130859375
157.44894409179688 343.09130859375
157.44894409179688 343.09130859375
157.44894409179688 343.09130859375
157.44894409179688 343.09130859375
157.44894409179688 343.09130859375
157.44894409179688 343.09130859375
157.44894409179688 343.09130859375
157.44894409179688 343.09130859375
157.44894409179688 343.09130859375
157.44894409179688 343.09130859375
157.44894409179688 343.09130859375
157.44894409179688 343.09130859375
157.44894409179688 343.09130859375
157.44894409179688 343.09130859375
157.44894409179688 343.09130859375
157.44894409179688 343.09130859375
157.44894409179688 343.09130859375
157.44894409179688 343.09130859375
157.44894409179688 343.09130859375
157.44894409179688 343.09130859375
157.44894409179688 343.09130859375
157.44894409179688 343.09130859375
157.44894409179688 343.09130859375
157.44894409179688 343.09130859375
157.44894409179688 343.09130859375
157.44894409179688 343.09130859375
157.44894409179688 343.09130859375
157.44894409179688 343.09130859375
157.44894409179688 343.09130859375
157.44894409179688 343.09130859375
157.44894409179688 343.09130859375
157.44894409179688 343.09130859375
157.44894409179688 343.09130859375
157.44894409179688 343.09130859375
157.44894409179688 343.09130859375
157.44894409179688 343.09130859375
157.44894409179688 343.09130859375
157.44894409179688 343.09130859375
157.44894409179688 343.09130859375
157.44894409179688 343.09130859375
157.44894409179688 343.09130859375
157.44894409179688 343.09130859375
157.44894409179688 343.09130859375
157.44894409179688 343.09130859375
157.44894409179688 343.09130859375
157.44894409179688 343.09130859375
157.44894409179688 343.09130859375
157.44894409179688 343.09130859375
157.44894409179688 343.09130859375
157.44894409179688 343.09130859375
157.44894409179688 343.09130859375
157.44894409179688 343.09130859375
157.44894409179688 343.09130859375
157.44894409179688 343.09130859375
157.44894409179688 343.09130859375
157.44894409179688 343.09130859375
157.44894409179688 343.09130859375
157.44894409179688 343.09130859375
157.44894409179688 343.09130859375
157.44894409179688 343.09130859375
157.44894409179688 343.09130859375
157.44894409179688 343.09130859375
157.44894409179688 343.09130859375
157.44894409179688 343.09130859375
157.44894409179688 343.09130859375
157.44894409179688 343.09130859375
157.44894409179688 343.09130859375
157.44894409179688 343.09130859375
157.44894409179688 343.09130859375
157.44894409179688 343.09130859375
157.44894409179688 343.09130859375
157.44894409179688 343.09130859375
157.44894409179688 343.09130859375
157.44894409179688 343.09130859375
157.44894409179688 343.09130859375
157.44894409179688 343.09130859375
157.44894409179688 343.09130859375
157.44894409179688 343.09130859375
157.44894409179688 343.09130859375
157.44894409179688 343.09130859375
157.44894409179688 343.09130859375
157.44894409179688 343.09130859375
157.44894409179688 343.09130859375
157.44894409179688 343.09130859375
157.44894409179688 343.09130859375
157.44894409179688 343.09130859375
157.44894409179688 343.09130859375
157.44894409179688 343.09130859375
157.44894409179688 343.09130859375
157.44894409179688 343.09130859375
157.44894409179688 343.09130859375
157.44894409179688 343.09130859375
157.44894409179688 343.09130859375
157.44894409179688 343.09130859375
157.44894409179688 343.09130859375
157.44894409179688 343.09130859375
157.44894409179688 343.09130859375
157.44894409179688 343.09130859375
157.44894409179688 343.09130859375
157.44894409179688 343.09130859375
157.44894409179688 343.09130859375
157.44894409179688 343.09130859375
157.44894409179688 343.09130859375
157.44894409179688 343.09130859375
157.44894409179688 343.09130859375
157.44894409179688 343.09130859375
157.44894409179688 343.09130859375
157.44894409179688 343.09130859375
157.44894409179688 343.09130859375
157.44894409179688 343.09130859375
157.44894409179688 343.09130859375
157.44894409179688 343.09130859375
157.44894409179688 343.09130859375
157.44894409179688 343.09130859375
157.44894409179688 343.09130859375
157.44894409179688 343.09130859375
157.44894409179688 343.09130859375
157.44894409179688 343.09130859375
157.44894409179688 343.09130859375
157.44894409179688 343.09130859375
157.44894409179688 343.09130859375
157.44894409179688 343.09130859375
157.44894409179688 343.09130859375
157.44894409179688 343.09130859375
157.44894409179688 343.09130859375
157.44894409179688 343.09130859375
157.44894409179688 343.09130859375
157.44894409179688 343.09130859375
157.44894409179688 343.09130859375
157.44894409179688 343.09130859375
157.44894409179688 343.09130859375
157.44894409179688 343.09130859375
157.44894409179688 343.09130859375
157.44894409179688 343.09130859375
157.44894409179688 343.09130859375
157.44894409179688 343.09130859375
157.44894409179688 343.09130859375
157.44894409179688 343.09130859375
157.44894409179688 343.09130859375
157.44894409179688 343.09130859375
157.44894409179688 343.09130859375
157.44894409179688 343.09130859375
157.44894409179688 343.09130859375
157.44894409179688 343.09130859375
157.44894409179688 343.09130859375
157.44894409179688 343.09130859375
157.44894409179688 343.09130859375
157.44894409179688 343.09130859375
157.44894409179688 343.09130859375
157.44894409179688 343.09130859375
157.44894409179688 343.09130859375
157.44894409179688 343.09130859375
157.44894409179688 343.09130859375
157.44894409179688 343.09130859375
157.44894409179688 343.09130859375
157.44894409179688 343.09130859375
157.44894409179688 343.09130859375
157.44894409179688 343.09130859375
157.44894409179688 343.09130859375
157.44894409179688 343.09130859375
157.44894409179688 343.09130859375
157.44894409179688 343.09130859375
157.44894409179688 343.09130859375
157.44894409179688 343.09130859375
157.44894409179688 343.09130859375
157.44894409179688 343.09130859375
157.44894409179688 343.09130859375
157.44894409179688 343.09130859375
157.44894409179688 343.09130859375
157.44894409179688 343.09130859375
157.44894409179688 343.09130859375
157.44894409179688 343.09130859375
157.44894409179688 343.09130859375
157.44894409179688 343.09130859375
157.44894409179688 343.09130859375
157.44894409179688 343.09130859375
157.44894409179688 343.09130859375
157.44894409179688 343.09130859375
157.44894409179688 343.09130859375
157.44894409179688 343.09130859375
157.44894409179688 343.09130859375
157.44894409179688 343.09130859375
157.44894409179688 343.09130859375
157.44894409179688 343.09130859375
157.44894409179688 343.09130859375
157.44894409179688 343.09130859375
157.44894409179688 343.09130859375
157.44894409179688 343.09130859375
157.44894409179688 343.09130859375
157.44894409179688 343.09130859375
157.44894409179688 343.09130859375
157.44894409179688 343.09130859375
157.44894409179688 343.09130859375
157.44894409179688 343.09130859375
157.44894409179688 343.09130859375
157.44894409179688 343.09130859375
157.44894409179688 343.09130859375
157.44894409179688 343.09130859375
157.44894409179688 343.09130859375
157.44894409179688 343.09130859375
157.44894409179688 343.09130859375
157.44894409179688 343.09130859375
157.44894409179688 343.09130859375
157.44894409179688 343.09130859375
157.44894409179688 343.09130859375
157.44894409179688 343.09130859375
157.44894409179688 343.09130859375
157.44894409179688 343.09130859375
157.44894409179688 343.09130859375
157.44894409179688 343.09130859375
157.44894409179688 343.09130859375
157.44894409179688 343.09130859375
157.44894409179688 343.09130859375
157.44894409179688 343.09130859375
157.44894409179688 343.09130859375
157.44894409179688 343.09130859375
157.44894409179688 343.09130859375
157.44894409179688 343.09130859375
157.44894409179688 343.09130859375
157.44894409179688 343.09130859375
157.44894409179688 343.09130859375
157.44894409179688 343.09130859375
157.44894409179688 343.09130859375
157.44894409179688 343.09130859375
157.44894409179688 343.09130859375
157.44894409179688 343.09130859375
157.44894409179688 343.09130859375
157.44894409179688 343.09130859375
157.44894409179688 343.09130859375
157.44894409179688 343.09130859375
157.44894409179688 343.09130859375
157.44894409179688 343.09130859375
157.44894409179688 343.09130859375
157.44894409179688 343.09130859375
157.44894409179688 343.09130859375
157.44894409179688 343.09130859375
157.44894409179688 343.09130859375
157.44894409179688 343.09130859375
157.44894409179688 343.09130859375
157.44894409179688 343.09130859375
157.44894409179688 343.09130859375
157.44894409179688 343.09130859375
157.44894409179688 343.09130859375
157.44894409179688 343.09130859375
157.44894409179688 343.09130859375
157.44894409179688 343.09130859375
157.44894409179688 343.09130859375
157.44894409179688 343.09130859375
157.44894409179688 343.09130859375
157.44894409179688 343.09130859375
157.44894409179688 343.09130859375
157.44894409179688 343.09130859375
157.44894409179688 343.09130859375
157.44894409179688 343.09130859375
157.44894409179688 343.09130859375
157.44894409179688 343.09130859375
157.44894409179688 343.09130859375
157.44894409179688 343.09130859375
157.44894409179688 343.09130859375
157.44894409179688 343.09130859375
157.44894409179688 343.09130859375
157.44894409179688 343.09130859375
157.44894409179688 343.09130859375
157.44894409179688 343.09130859375
157.44894409179688 343.09130859375
157.44894409179688 343.09130859375
157.44894409179688 343.09130859375
157.44894409179688 343.09130859375
157.44894409179688 343.09130859375
157.44894409179688 343.09130859375
157.44894409179688 343.09130859375
157.44894409179688 343.09130859375
157.44894409179688 343.09130859375
157.44894409179688 343.09130859375
157.44894409179688 343.09130859375
157.44894409179688 343.09130859375
157.44894409179688 343.09130859375
157.44894409179688 343.09130859375
157.44894409179688 343.09130859375
157.44894409179688 343.09130859375
157.44894409179688 343.09130859375
157.44894409179688 343.09130859375
157.44894409179688 343.09130859375
157.44894409179688 343.09130859375
157.44894409179688 343.09130859375
157.44894409179688 343.09130859375
157.44894409179688 343.09130859375
157.44894409179688 343.09130859375
157.44894409179688 343.09130859375
157.44894409179688 343.09130859375
157.44894409179688 343.09130859375
157.44894409179688 343.09130859375
157.44894409179688 343.09130859375
157.44894409179688 343.09130859375
157.44894409179688 343.09130859375
157.44894409179688 343.09130859375
157.44894409179688 343.09130859375
157.44894409179688 343.09130859375
157.44894409179688 343.09130859375
157.44894409179688 343.09130859375
157.44894409179688 343.09130859375
157.44894409179688 343.09130859375
157.44894409179688 343.09130859375
157.44894409179688 343.09130859375
157.44894409179688 343.09130859375
157.44894409179688 343.09130859375
157.44894409179688 343.09130859375
157.44894409179688 343.09130859375
157.44894409179688 343.09130859375
157.44894409179688 343.09130859375
157.44894409179688 343.09130859375
157.44894409179688 343.09130859375
157.44894409179688 343.09130859375
157.44894409179688 343.09130859375
157.44894409179688 343.09130859375
157.44894409179688 343.09130859375
157.44894409179688 343.09130859375
157.44894409179688 343.09130859375
157.44894409179688 343.09130859375
157.44894409179688 343.09130859375
157.44894409179688 343.09130859375
157.44894409179688 343.09130859375
157.44894409179688 343.09130859375
157.44894409179688 343.09130859375
157.44894409179688 343.09130859375
157.44894409179688 343.09130859375
157.44894409179688 343.09130859375
157.44894409179688 343.09130859375
157.44894409179688 343.09130859375
157.44894409179688 343.09130859375
157.44894409179688 343.09130859375
157.44894409179688 343.09130859375
157.44894409179688 343.09130859375
157.44894409179688 343.09130859375
157.44894409179688 343.09130859375
157.44894409179688 343.09130859375
157.44894409179688 343.09130859375
157.44894409179688 343.09130859375
157.44894409179688 343.09130859375
157.44894409179688 343.09130859375
157.44894409179688 343.09130859375
157.44894409179688 343.09130859375
157.44894409179688 343.09130859375
157.44894409179688 343.09130859375
157.44894409179688 343.09130859375
157.44894409179688 343.09130859375
157.44894409179688 343.09130859375
157.44894409179688 343.09130859375
157.44894409179688 343.09130859375
157.44894409179688 343.09130859375
157.44894409179688 343.09130859375
157.44894409179688 343.09130859375
157.44894409179688 343.09130859375
157.44894409179688 343.09130859375
157.44894409179688 343.09130859375
157.44894409179688 343.09130859375
157.44894409179688 343.09130859375
157.44894409179688 343.09130859375
157.44894409179688 343.09130859375
157.44894409179688 343.09130859375
157.44894409179688 343.09130859375
157.44894409179688 343.09130859375
157.44894409179688 343.09130859375
157.44894409179688 343.09130859375
157.44894409179688 343.09130859375
157.44894409179688 343.09130859375
157.44894409179688 343.09130859375
157.44894409179688 343.09130859375
157.44894409179688 343.09130859375
157.44894409179688 343.09130859375
157.44894409179688 343.09130859375
157.44894409179688 343.09130859375
157.44894409179688 343.09130859375
157.44894409179688 343.09130859375
157.44894409179688 343.09130859375
157.44894409179688 343.09130859375
157.44894409179688 343.09130859375
157.44894409179688 343.09130859375
157.44894409179688 343.09130859375
157.44894409179688 343.09130859375
157.44894409179688 343.09130859375
157.44894409179688 343.09130859375
157.44894409179688 343.09130859375
157.44894409179688 343.09130859375
157.44894409179688 343.09130859375
157.44894409179688 343.09130859375
157.44894409179688 343.09130859375
157.44894409179688 343.09130859375
157.44894409179688 343.09130859375
157.44894409179688 343.09130859375
157.44894409179688 343.09130859375
157.44894409179688 343.09130859375
157.44894409179688 343.09130859375
157.44894409179688 343.09130859375
157.44894409179688 343.09130859375
157.44894409179688 343.09130859375
157.44894409179688 343.09130859375
157.44894409179688 343.09130859375
157.44894409179688 343.09130859375
157.44894409179688 343.09130859375
157.44894409179688 343.09130859375
157.44894409179688 343.09130859375
157.44894409179688 343.09130859375
157.44894409179688 343.09130859375
157.44894409179688 343.09130859375
157.44894409179688 343.09130859375
157.44894409179688 343.09130859375
157.44894409179688 343.09130859375
157.44894409179688 343.09130859375
157.44894409179688 343.09130859375
157.44894409179688 343.09130859375
157.44894409179688 343.09130859375
157.44894409179688 343.09130859375
157.44894409179688 343.09130859375
157.44894409179688 343.09130859375
157.44894409179688 343.09130859375
157.44894409179688 343.09130859375
157.44894409179688 343.09130859375
157.44894409179688 343.09130859375
157.44894409179688 343.09130859375
157.44894409179688 343.09130859375
157.44894409179688 343.09130859375
157.44894409179688 343.09130859375
157.44894409179688 343.09130859375
157.44894409179688 343.09130859375
157.44894409179688 343.09130859375
157.44894409179688 343.09130859375
157.44894409179688 343.09130859375
157.44894409179688 343.09130859375
157.44894409179688 343.09130859375
157.44894409179688 343.09130859375
157.44894409179688 343.09130859375
157.44894409179688 343.09130859375
157.44894409179688 343.09130859375
157.44894409179688 343.09130859375
157.44894409179688 343.09130859375
157.44894409179688 343.09130859375
157.44894409179688 343.09130859375
157.44894409179688 343.09130859375
157.44894409179688 343.09130859375
157.44894409179688 343.09130859375
157.44894409179688 343.09130859375
157.44894409179688 343.09130859375
157.44894409179688 343.09130859375
157.44894409179688 343.09130859375
157.44894409179688 343.09130859375
157.44894409179688 343.09130859375
157.44894409179688 343.09130859375
157.44894409179688 343.09130859375
157.44894409179688 343.09130859375
157.44894409179688 343.09130859375
157.44894409179688 343.09130859375
157.44894409179688 343.09130859375
157.44894409179688 343.09130859375
157.44894409179688 343.09130859375
157.44894409179688 343.09130859375
157.44894409179688 343.09130859375
157.44894409179688 343.09130859375
157.44894409179688 343.09130859375
157.44894409179688 343.09130859375
157.44894409179688 343.09130859375
157.44894409179688 343.09130859375
157.44894409179688 343.09130859375
157.44894409179688 343.09130859375
157.44894409179688 343.09130859375
157.44894409179688 343.09130859375
157.44894409179688 343.09130859375
157.44894409179688 343.09130859375
157.44894409179688 343.09130859375
157.44894409179688 343.09130859375
157.44894409179688 343.09130859375
157.44894409179688 343.09130859375
157.44894409179688 343.09130859375
157.44894409179688 343.09130859375
157.44894409179688 343.09130859375
157.44894409179688 343.09130859375
157.44894409179688 343.09130859375
157.44894409179688 343.09130859375
157.44894409179688 343.09130859375
157.44894409179688 343.09130859375
157.44894409179688 343.09130859375
157.44894409179688 343.09130859375
157.44894409179688 343.09130859375
157.44894409179688 343.09130859375
157.44894409179688 343.09130859375
157.44894409179688 343.09130859375
157.44894409179688 343.09130859375
157.44894409179688 343.09130859375
157.44894409179688 343.09130859375
157.44894409179688 343.09130859375
157.44894409179688 343.09130859375
157.44894409179688 343.09130859375
157.44894409179688 343.09130859375
157.44894409179688 343.09130859375
157.44894409179688 343.09130859375
157.44894409179688 343.09130859375
157.44894409179688 343.09130859375
157.44894409179688 343.09130859375
157.44894409179688 343.09130859375
157.44894409179688 343.09130859375
157.44894409179688 343.09130859375
157.44894409179688 343.09130859375
157.44894409179688 343.09130859375
157.44894409179688 343.09130859375
157.44894409179688 343.09130859375
157.44894409179688 343.09130859375
157.44894409179688 343.09130859375
157.44894409179688 343.09130859375
157.44894409179688 343.09130859375
157.44894409179688 343.09130859375
157.44894409179688 343.09130859375
157.44894409179688 343.09130859375
157.44894409179688 343.09130859375
157.44894409179688 343.09130859375
157.44894409179688 343.09130859375
157.44894409179688 343.09130859375
157.44894409179688 343.09130859375
157.44894409179688 343.09130859375
157.44894409179688 343.09130859375
157.44894409179688 343.09130859375
157.44894409179688 343.09130859375
157.44894409179688 343.09130859375
157.44894409179688 343.09130859375
157.44894409179688 343.09130859375
157.44894409179688 343.09130859375
157.44894409179688 343.09130859375
157.44894409179688 343.09130859375
157.44894409179688 343.09130859375
157.44894409179688 343.09130859375
157.44894409179688 343.09130859375
157.44894409179688 343.09130859375
157.44894409179688 343.09130859375
157.44894409179688 343.09130859375
157.44894409179688 343.09130859375
157.44894409179688 343.09130859375
157.44894409179688 343.09130859375
157.44894409179688 343.09130859375
157.44894409179688 343.09130859375
157.44894409179688 343.09130859375
157.44894409179688 343.09130859375
157.44894409179688 343.09130859375
157.44894409179688 343.09130859375
157.44894409179688 343.09130859375
157.44894409179688 343.09130859375
157.44894409179688 343.09130859375
157.44894409179688 343.09130859375
157.44894409179688 343.09130859375
157.44894409179688 343.09130859375
157.44894409179688 343.09130859375
157.44894409179688 343.09130859375
157.44894409179688 343.09130859375
157.44894409179688 343.09130859375
157.44894409179688 343.09130859375
157.44894409179688 343.09130859375
157.44894409179688 343.09130859375
157.44894409179688 343.09130859375
157.44894409179688 343.09130859375
157.44894409179688 343.09130859375
157.44894409179688 343.09130859375
157.44894409179688 343.09130859375
157.44894409179688 343.09130859375
157.44894409179688 343.09130859375
157.44894409179688 343.09130859375
157.44894409179688 343.09130859375
157.44894409179688 343.09130859375
157.44894409179688 343.09130859375
157.44894409179688 343.09130859375
157.44894409179688 343.09130859375
157.44894409179688 343.09130859375
157.44894409179688 343.09130859375
157.44894409179688 343.09130859375
157.44894409179688 343.09130859375
157.44894409179688 343.09130859375
157.44894409179688 343.09130859375
157.44894409179688 343.09130859375
157.44894409179688 343.09130859375
157.44894409179688 343.09130859375
157.44894409179688 343.09130859375
157.44894409179688 343.09130859375
157.44894409179688 343.09130859375
157.44894409179688 343.09130859375
157.44894409179688 343.09130859375
157.44894409179688 343.09130859375
157.44894409179688 343.09130859375
157.44894409179688 343.09130859375
157.44894409179688 343.09130859375
157.44894409179688 343.09130859375
157.44894409179688 343.09130859375
157.44894409179688 343.09130859375
157.44894409179688 343.09130859375
157.44894409179688 343.09130859375
157.44894409179688 343.09130859375
157.44894409179688 343.09130859375
157.44894409179688 343.09130859375
157.44894409179688 343.09130859375
157.44894409179688 343.09130859375
157.44894409179688 343.09130859375
157.44894409179688 343.09130859375
157.44894409179688 343.09130859375
157.44894409179688 343.09130859375
157.44894409179688 343.09130859375
157.44894409179688 343.09130859375
157.44894409179688 343.09130859375
157.44894409179688 343.09130859375
157.44894409179688 343.09130859375
157.44894409179688 343.09130859375
157.44894409179688 343.09130859375
157.44894409179688 343.09130859375
157.44894409179688 343.09130859375
157.44894409179688 343.09130859375
157.44894409179688 343.09130859375
157.44894409179688 343.09130859375
157.44894409179688 343.09130859375
157.44894409179688 343.09130859375
157.44894409179688 343.09130859375
157.44894409179688 343.09130859375
157.44894409179688 343.09130859375
157.44894409179688 343.09130859375
157.44894409179688 343.09130859375
157.44894409179688 343.09130859375
157.44894409179688 343.09130859375
157.44894409179688 343.09130859375
157.44894409179688 343.09130859375
157.44894409179688 343.09130859375
157.44894409179688 343.09130859375
157.44894409179688 343.09130859375
157.44894409179688 343.09130859375
157.44894409179688 343.09130859375
157.44894409179688 343.09130859375
157.44894409179688 343.09130859375
157.44894409179688 343.09130859375
157.44894409179688 343.09130859375
157.44894409179688 343.09130859375
157.44894409179688 343.09130859375
157.44894409179688 343.09130859375
157.44894409179688 343.09130859375
157.44894409179688 343.09130859375
157.44894409179688 343.09130859375
157.44894409179688 343.09130859375
157.44894409179688 343.09130859375
157.44894409179688 343.09130859375
157.44894409179688 343.09130859375
157.44894409179688 343.09130859375
157.44894409179688 343.09130859375
157.44894409179688 343.09130859375
157.44894409179688 343.09130859375
157.44894409179688 343.09130859375
157.44894409179688 343.09130859375
157.44894409179688 343.09130859375
157.44894409179688 343.09130859375
157.44894409179688 343.09130859375
157.44894409179688 343.09130859375
157.44894409179688 343.09130859375
157.44894409179688 343.09130859375
157.44894409179688 343.09130859375
157.44894409179688 343.09130859375
157.44894409179688 343.09130859375
157.44894409179688 343.09130859375
157.44894409179688 343.09130859375
157.44894409179688 343.09130859375
157.44894409179688 343.09130859375
157.44894409179688 343.09130859375
157.44894409179688 343.09130859375
157.44894409179688 343.09130859375
157.44894409179688 343.09130859375
157.44894409179688 343.09130859375
157.44894409179688 343.09130859375
157.44894409179688 343.09130859375
157.44894409179688 343.09130859375
157.44894409179688 343.09130859375
157.44894409179688 343.09130859375
157.44894409179688 343.09130859375
157.44894409179688 343.09130859375
157.44894409179688 343.09130859375
157.44894409179688 343.09130859375
157.44894409179688 343.09130859375
157.44894409179688 343.09130859375
157.44894409179688 343.09130859375
157.44894409179688 343.09130859375
157.44894409179688 343.09130859375
157.44894409179688 343.09130859375
157.44894409179688 343.09130859375
157.44894409179688 343.09130859375
157.44894409179688 343.09130859375
157.44894409179688 343.09130859375
157.44894409179688 343.09130859375
157.44894409179688 343.09130859375
157.44894409179688 343.09130859375
157.44894409179688 343.09130859375
157.44894409179688 343.09130859375
157.44894409179688 343.09130859375
157.44894409179688 343.09130859375
157.44894409179688 343.09130859375
157.44894409179688 343.09130859375
157.44894409179688 343.09130859375
157.44894409179688 343.09130859375
157.44894409179688 343.09130859375
157.44894409179688 343.09130859375
157.44894409179688 343.09130859375
157.44894409179688 343.09130859375
157.44894409179688 343.09130859375
157.44894409179688 343.09130859375
157.44894409179688 343.09130859375
157.44894409179688 343.09130859375
157.44894409179688 343.09130859375
157.44894409179688 343.09130859375
157.44894409179688 343.09130859375
157.44894409179688 343.09130859375
157.44894409179688 343.09130859375
157.44894409179688 343.09130859375
157.44894409179688 343.09130859375
157.44894409179688 343.09130859375
157.44894409179688 343.09130859375
157.44894409179688 343.09130859375
157.44894409179688 343.09130859375
157.44894409179688 343.09130859375
157.44894409179688 343.09130859375
157.44894409179688 343.09130859375
157.44894409179688 343.09130859375
157.44894409179688 343.09130859375
157.44894409179688 343.09130859375
157.44894409179688 343.09130859375
157.44894409179688 343.09130859375
157.44894409179688 343.09130859375
157.44894409179688 343.09130859375
157.44894409179688 343.09130859375
157.44894409179688 343.09130859375
157.44894409179688 343.09130859375
157.44894409179688 343.09130859375
157.44894409179688 343.09130859375
157.44894409179688 343.09130859375
157.44894409179688 343.09130859375
157.44894409179688 343.09130859375
157.44894409179688 343.09130859375
157.44894409179688 343.09130859375
157.44894409179688 343.09130859375
157.44894409179688 343.09130859375
157.44894409179688 343.09130859375
157.44894409179688 343.09130859375
157.44894409179688 343.09130859375
157.44894409179688 343.09130859375
157.44894409179688 343.09130859375
157.44894409179688 343.09130859375
157.44894409179688 343.09130859375
157.44894409179688 343.09130859375
157.44894409179688 343.09130859375
157.44894409179688 343.09130859375
157.44894409179688 343.09130859375
157.44894409179688 343.09130859375
157.44894409179688 343.09130859375
157.44894409179688 343.09130859375
157.44894409179688 343.09130859375
157.44894409179688 343.09130859375
157.44894409179688 343.09130859375
157.44894409179688 343.09130859375
157.44894409179688 343.09130859375
157.44894409179688 343.09130859375
157.44894409179688 343.09130859375
157.44894409179688 343.09130859375
157.44894409179688 343.09130859375
157.44894409179688 343.09130859375
157.44894409179688 343.09130859375
157.44894409179688 343.09130859375
157.44894409179688 343.09130859375
157.44894409179688 343.09130859375
157.44894409179688 343.09130859375
157.44894409179688 343.09130859375
157.44894409179688 343.09130859375
157.44894409179688 343.09130859375
157.44894409179688 343.09130859375
157.44894409179688 343.09130859375
157.44894409179688 343.09130859375
157.44894409179688 343.09130859375
157.44894409179688 343.09130859375
157.44894409179688 343.09130859375
157.44894409179688 343.09130859375
157.44894409179688 343.09130859375
157.44894409179688 343.09130859375
157.44894409179688 343.09130859375
157.44894409179688 343.09130859375
157.44894409179688 343.09130859375
157.44894409179688 343.09130859375
157.44894409179688 343.09130859375
157.44894409179688 343.09130859375
157.44894409179688 343.09130859375
157.44894409179688 343.09130859375
157.44894409179688 343.09130859375
157.44894409179688 343.09130859375
157.44894409179688 343.09130859375
157.44894409179688 343.09130859375
157.44894409179688 343.09130859375
157.44894409179688 343.09130859375
157.44894409179688 343.09130859375
157.44894409179688 343.09130859375
157.44894409179688 343.09130859375
157.44894409179688 343.09130859375
157.44894409179688 343.09130859375
157.44894409179688 343.09130859375
157.44894409179688 343.09130859375
157.44894409179688 343.09130859375
157.44894409179688 343.09130859375
157.44894409179688 343.09130859375
157.44894409179688 343.09130859375
157.44894409179688 343.09130859375
157.44894409179688 343.09130859375
157.44894409179688 343.09130859375
157.44894409179688 343.09130859375
157.44894409179688 343.09130859375
157.44894409179688 343.09130859375
157.44894409179688 343.09130859375
157.44894409179688 343.09130859375
157.44894409179688 343.09130859375
157.44894409179688 343.09130859375
157.44894409179688 343.09130859375
157.44894409179688 343.09130859375
157.44894409179688 343.09130859375
157.44894409179688 343.09130859375
157.44894409179688 343.09130859375
157.44894409179688 343.09130859375
157.44894409179688 343.09130859375
157.44894409179688 343.09130859375
157.44894409179688 343.09130859375
157.44894409179688 343.09130859375
157.44894409179688 343.09130859375
157.44894409179688 343.09130859375
157.44894409179688 343.09130859375
157.44894409179688 343.09130859375
157.44894409179688 343.09130859375
157.44894409179688 343.09130859375
157.44894409179688 343.09130859375
157.44894409179688 343.09130859375
157.44894409179688 343.09130859375
157.44894409179688 343.09130859375
157.44894409179688 343.09130859375
157.44894409179688 343.09130859375
157.44894409179688 343.09130859375
157.44894409179688 343.09130859375
157.44894409179688 343.09130859375
157.44894409179688 343.09130859375
157.44894409179688 343.09130859375
157.44894409179688 343.09130859375
157.44894409179688 343.09130859375
157.44894409179688 343.09130859375
157.44894409179688 343.09130859375
157.44894409179688 343.09130859375
157.44894409179688 343.09130859375
157.44894409179688 343.09130859375
157.44894409179688 343.09130859375
157.44894409179688 343.09130859375
157.44894409179688 343.09130859375
157.44894409179688 343.09130859375
157.44894409179688 343.09130859375
157.44894409179688 343.09130859375
157.44894409179688 343.09130859375
157.44894409179688 343.09130859375
157.44894409179688 343.09130859375
157.44894409179688 343.09130859375
157.44894409179688 343.09130859375
157.44894409179688 343.09130859375
157.44894409179688 343.09130859375
157.44894409179688 343.09130859375
157.44894409179688 343.09130859375
157.44894409179688 343.09130859375
157.44894409179688 343.09130859375
157.44894409179688 343.09130859375
157.44894409179688 343.09130859375
157.44894409179688 343.09130859375
157.44894409179688 343.09130859375
157.44894409179688 343.09130859375
157.44894409179688 343.09130859375
157.44894409179688 343.09130859375
157.44894409179688 343.09130859375
157.44894409179688 343.09130859375
157.44894409179688 343.09130859375
157.44894409179688 343.09130859375
157.44894409179688 343.09130859375
157.44894409179688 343.09130859375
157.44894409179688 343.09130859375
157.44894409179688 343.09130859375
157.44894409179688 343.09130859375
157.44894409179688 343.09130859375
157.44894409179688 343.09130859375
157.44894409179688 343.09130859375
157.44894409179688 343.09130859375
157.44894409179688 343.09130859375
157.44894409179688 343.09130859375
157.44894409179688 343.09130859375
157.44894409179688 343.09130859375
157.44894409179688 343.09130859375
157.44894409179688 343.09130859375
157.44894409179688 343.09130859375
157.44894409179688 343.09130859375
157.44894409179688 343.09130859375
157.44894409179688 343.09130859375
157.44894409179688 343.09130859375
157.44894409179688 343.09130859375
157.44894409179688 343.09130859375
157.44894409179688 343.09130859375
157.44894409179688 343.09130859375
157.44894409179688 343.09130859375
157.44894409179688 343.09130859375
157.44894409179688 343.09130859375
157.44894409179688 343.09130859375
157.44894409179688 343.09130859375
157.44894409179688 343.09130859375
157.44894409179688 343.09130859375
157.44894409179688 343.09130859375
157.44894409179688 343.09130859375
157.44894409179688 343.09130859375
157.44894409179688 343.09130859375
157.44894409179688 343.09130859375
157.44894409179688 343.09130859375
157.44894409179688 343.09130859375
157.44894409179688 343.09130859375
157.44894409179688 343.09130859375
157.44894409179688 343.09130859375
157.44894409179688 343.09130859375
157.44894409179688 343.09130859375
157.44894409179688 343.09130859375
157.44894409179688 343.09130859375
157.44894409179688 343.09130859375
157.44894409179688 343.09130859375
157.44894409179688 343.09130859375
157.44894409179688 343.09130859375
157.44894409179688 343.09130859375
157.44894409179688 343.09130859375
157.44894409179688 343.09130859375
157.44894409179688 343.09130859375
157.44894409179688 343.09130859375
157.44894409179688 343.09130859375
157.44894409179688 343.09130859375
157.44894409179688 343.09130859375
157.44894409179688 343.09130859375
157.44894409179688 343.09130859375
157.44894409179688 343.09130859375
157.44894409179688 343.09130859375
157.44894409179688 343.09130859375
157.44894409179688 343.09130859375
157.44894409179688 343.09130859375
157.44894409179688 343.09130859375
157.44894409179688 343.09130859375
157.44894409179688 343.09130859375
157.44894409179688 343.09130859375
157.44894409179688 343.09130859375
157.44894409179688 343.09130859375
157.44894409179688 343.09130859375
157.44894409179688 343.09130859375
157.44894409179688 343.09130859375
157.44894409179688 343.09130859375
157.44894409179688 343.09130859375
157.44894409179688 343.09130859375
157.44894409179688 343.09130859375
157.44894409179688 343.09130859375
157.44894409179688 343.09130859375
157.44894409179688 343.09130859375
157.44894409179688 343.09130859375
157.44894409179688 343.09130859375
157.44894409179688 343.09130859375
157.44894409179688 343.09130859375
157.44894409179688 343.09130859375
157.44894409179688 343.09130859375
157.44894409179688 343.09130859375
157.44894409179688 343.09130859375
157.44894409179688 343.09130859375
157.44894409179688 343.09130859375
157.44894409179688 343.09130859375
157.44894409179688 343.09130859375
157.44894409179688 343.09130859375
157.44894409179688 343.09130859375
157.44894409179688 343.09130859375
157.44894409179688 343.09130859375
157.44894409179688 343.09130859375
157.44894409179688 343.09130859375
157.44894409179688 343.09130859375
157.44894409179688 343.09130859375
157.44894409179688 343.09130859375
157.44894409179688 343.09130859375
157.44894409179688 343.09130859375
157.44894409179688 343.09130859375
157.44894409179688 343.09130859375
157.44894409179688 343.09130859375
157.44894409179688 343.09130859375
157.44894409179688 343.09130859375
157.44894409179688 343.09130859375
157.44894409179688 343.09130859375
157.44894409179688 343.09130859375
157.44894409179688 343.09130859375
157.44894409179688 343.09130859375
157.44894409179688 343.09130859375
157.44894409179688 343.09130859375
157.44894409179688 343.09130859375
157.44894409179688 343.09130859375
157.44894409179688 343.09130859375
157.44894409179688 343.09130859375
157.44894409179688 343.09130859375
157.44894409179688 343.09130859375
157.44894409179688 343.09130859375
157.44894409179688 343.09130859375
157.44894409179688 343.09130859375
157.44894409179688 343.09130859375
157.44894409179688 343.09130859375
157.44894409179688 343.09130859375
157.44894409179688 343.09130859375
157.44894409179688 343.09130859375
157.44894409179688 343.09130859375
157.44894409179688 343.09130859375
157.44894409179688 343.09130859375
157.44894409179688 343.09130859375
157.44894409179688 343.09130859375
157.44894409179688 343.09130859375
157.44894409179688 343.09130859375
157.44894409179688 343.09130859375
157.44894409179688 343.09130859375
157.44894409179688 343.09130859375
157.44894409179688 343.09130859375
157.44894409179688 343.09130859375
157.44894409179688 343.09130859375
157.44894409179688 343.09130859375
157.44894409179688 343.09130859375
157.44894409179688 343.09130859375
157.44894409179688 343.09130859375
157.44894409179688 343.09130859375
157.44894409179688 343.09130859375
157.44894409179688 343.09130859375
157.44894409179688 343.09130859375
157.44894409179688 343.09130859375
157.44894409179688 343.09130859375
157.44894409179688 343.09130859375
157.44894409179688 343.09130859375
157.44894409179688 343.09130859375
157.44894409179688 343.09130859375
157.44894409179688 343.09130859375
157.44894409179688 343.09130859375
157.44894409179688 343.09130859375
157.44894409179688 343.09130859375
157.44894409179688 343.09130859375
157.44894409179688 343.09130859375
157.44894409179688 343.09130859375
157.44894409179688 343.09130859375
157.44894409179688 343.09130859375
157.44894409179688 343.09130859375
157.44894409179688 343.09130859375
157.44894409179688 343.09130859375
157.44894409179688 343.09130859375
157.44894409179688 343.09130859375
157.44894409179688 343.09130859375
157.44894409179688 343.09130859375
157.44894409179688 343.09130859375
157.44894409179688 343.09130859375
157.44894409179688 343.09130859375
157.44894409179688 343.09130859375
157.44894409179688 343.09130859375
157.44894409179688 343.09130859375
157.44894409179688 343.09130859375
157.44894409179688 343.09130859375
157.44894409179688 343.09130859375
157.44894409179688 343.09130859375
157.44894409179688 343.09130859375
157.44894409179688 343.09130859375
157.44894409179688 343.09130859375
157.44894409179688 343.09130859375
157.44894409179688 343.09130859375
157.44894409179688 343.09130859375
157.44894409179688 343.09130859375
157.44894409179688 343.09130859375
157.44894409179688 343.09130859375
157.44894409179688 343.09130859375
157.44894409179688 343.09130859375
157.44894409179688 343.09130859375
157.44894409179688 343.09130859375
157.44894409179688 343.09130859375
157.44894409179688 343.09130859375
157.44894409179688 343.09130859375
157.44894409179688 343.09130859375
157.44894409179688 343.09130859375
157.44894409179688 343.09130859375
157.44894409179688 343.09130859375
157.44894409179688 343.09130859375
157.44894409179688 343.09130859375
157.44894409179688 343.09130859375
157.44894409179688 343.09130859375
157.44894409179688 343.09130859375
157.44894409179688 343.09130859375
157.44894409179688 343.09130859375
157.44894409179688 343.09130859375
157.44894409179688 343.09130859375
157.44894409179688 343.09130859375
157.44894409179688 343.09130859375
157.44894409179688 343.09130859375
157.44894409179688 343.09130859375
157.44894409179688 343.09130859375
157.44894409179688 343.09130859375
157.44894409179688 343.09130859375
157.44894409179688 343.09130859375
157.44894409179688 343.09130859375
157.44894409179688 343.09130859375
157.44894409179688 343.09130859375
157.44894409179688 343.09130859375
157.44894409179688 343.09130859375
157.44894409179688 343.09130859375
157.44894409179688 343.09130859375
157.44894409179688 343.09130859375
157.44894409179688 343.09130859375
157.44894409179688 343.09130859375
157.44894409179688 343.09130859375
157.44894409179688 343.09130859375
157.44894409179688 343.09130859375
157.44894409179688 343.09130859375
157.44894409179688 343.09130859375
157.44894409179688 343.09130859375
157.44894409179688 343.09130859375
157.44894409179688 343.09130859375
157.44894409179688 343.09130859375
157.44894409179688 343.09130859375
157.44894409179688 343.09130859375
157.44894409179688 343.09130859375
157.44894409179688 343.09130859375
157.44894409179688 343.09130859375
157.44894409179688 343.09130859375
157.44894409179688 343.09130859375
157.44894409179688 343.09130859375
157.44894409179688 343.09130859375
157.44894409179688 343.09130859375
157.44894409179688 343.09130859375
157.44894409179688 343.09130859375
157.44894409179688 343.09130859375
157.44894409179688 343.09130859375
157.44894409179688 343.09130859375
157.44894409179688 343.09130859375
157.44894409179688 343.09130859375
157.44894409179688 343.09130859375
157.44894409179688 343.09130859375
157.44894409179688 343.09130859375
157.44894409179688 343.09130859375
157.44894409179688 343.09130859375
157.44894409179688 343.09130859375
157.44894409179688 343.09130859375
157.44894409179688 343.09130859375
157.44894409179688 343.09130859375
157.44894409179688 343.09130859375
157.44894409179688 343.09130859375
157.44894409179688 343.09130859375
157.44894409179688 343.09130859375
157.44894409179688 343.09130859375
157.44894409179688 343.09130859375
157.44894409179688 343.09130859375
157.44894409179688 343.09130859375
157.44894409179688 343.09130859375
157.44894409179688 343.09130859375
157.44894409179688 343.09130859375
157.44894409179688 343.09130859375
157.44894409179688 343.09130859375
157.44894409179688 343.09130859375
157.44894409179688 343.09130859375
157.44894409179688 343.09130859375
157.44894409179688 343.09130859375
