60.46575927734375 450.48114013671875
60.91563034057617 450.9771728515625
61.34914016723633 451.4875793457031
61.76582717895508 452.0118103027344
62.165252685546875 452.54931640625
62.5469970703125 453.0995178222656
62.91065216064453 453.6618347167969
63.255836486816406 454.23565673828125
63.58218765258789 454.8204040527344
63.88935470581055 455.41546630859375
64.17701721191406 456.02020263671875
64.44486999511719 456.63397216796875
64.692626953125 457.256103515625
64.92002868652344 457.8859558105469
65.12683868408203 458.52288818359375
65.31283569335938 459.16619873046875
65.47782135009766 459.8152160644531
65.62162017822266 460.46923828125
65.74408721923828 461.1275939941406
65.84508514404297 461.7895812988281
65.92452239990234 462.45458984375
65.98234558105469 463.1221618652344
66.01854705810547 463.7921142578125
66.03335571289062 464.4686584472656
66.02668762207031 465.1465148925781
65.9984130859375 465.8505554199219
65.94879913330078 466.5848083496094
65.87989044189453 467.3255615234375
65.78948211669922 468.10467529296875
65.67987823486328 468.9151611328125
65.55577850341797 469.7297058105469
65.41764831542969 470.5473327636719
65.26593780517578 471.3670959472656
65.10108184814453 472.1880187988281
64.92349243164062 473.009033203125
64.73342895507812 473.829833984375
64.53179931640625 474.6468200683594
64.3187026977539 475.4593200683594
64.09416961669922 476.2668151855469
63.85924530029297 477.0647277832031
63.61237716674805 477.85760498046875
63.35348892211914 478.6454772949219
63.08251953125 479.4283447265625
62.79943084716797 480.2062072753906
62.504207611083984 480.97900390625
62.19685745239258 481.7466735839844
61.87750244140625 482.5088195800781
61.546024322509766 483.26568603515625
61.20249938964844 484.0171203613281
60.84700012207031 484.7629089355469
60.4796142578125 485.5028991699219
60.100433349609375 486.2369079589844
59.70954895019531 486.9647521972656
59.30706024169922 487.6862487792969
58.89306640625 488.4012451171875
58.46767807006836 489.1095275878906
58.031002044677734 489.8109130859375
57.583152770996094 490.5052185058594
57.122920989990234 491.1944580078125
56.645572662353516 491.8864440917969
56.1567497253418 492.57373046875
55.65013122558594 493.2661437988281
55.135005950927734 493.95172119140625
54.609161376953125 494.6335754394531
54.074989318847656 495.30877685546875
53.533363342285156 495.97613525390625
52.98346710205078 496.63653564453125
52.42801284790039 497.2864990234375
51.8642578125 497.9289855957031
51.2973747253418 498.5576477050781
50.722007751464844 499.177978515625
50.147010803222656 499.7798156738281
49.55405044555664 500.3822937011719
48.976295471191406 500.9508056640625
48.4069709777832 501.48980712890625
47.82733154296875 502.0162048339844
47.259521484375 502.5090637207031
46.678497314453125 502.989501953125
46.090030670166016 503.4526672363281
45.5094108581543 503.8860168457031
44.91801071166992 504.3031005859375
44.32996368408203 504.6937561035156
43.74434280395508 505.0582580566406
43.148258209228516 505.404541015625
42.54707336425781 505.7294616699219
41.93556594848633 506.0357971191406
41.31342315673828 506.32373046875
40.68903732299805 506.5893249511719
40.05392074584961 506.8362121582031
39.41777038574219 507.06060791015625
38.77470016479492 507.2645263671875
38.127811431884766 507.447021484375
37.475284576416016 507.60858154296875
36.81829071044922 507.7489318847656
36.15824890136719 507.8677673339844
35.49474334716797 507.96514892578125
34.82847595214844 508.0409851074219
34.161163330078125 508.0950927734375
33.49254608154297 508.1274719238281
32.823307037353516 508.13812255859375
32.15480041503906 508.12701416015625
31.487096786499023 508.0941467285156
30.820898056030273 508.0395812988281
30.15680503845215 507.9633483886719
29.496076583862305 507.8656005859375
28.839208602905273 507.7464294433594
28.186614990234375 507.60589599609375
27.538925170898438 507.44415283203125
26.89704704284668 507.2614440917969
26.261484146118164 507.0578918457031
25.63304901123047 506.8337707519531
25.012250900268555 506.5892639160156
24.399795532226562 506.3246154785156
23.796302795410156 506.0401306152344
23.202434539794922 505.7361145019531
22.61880111694336 505.4128723144531
22.04602813720703 505.0707702636719
21.484710693359375 504.71014404296875
20.935426712036133 504.3313903808594
20.398815155029297 503.9349365234375
19.875375747680664 503.5211486816406
19.365612030029297 503.0904235839844
18.87006378173828 502.6431884765625
18.389204025268555 502.1799011230469
17.92388343811035 501.7013854980469
17.47429084777832 501.20782470703125
17.04083824157715 500.6996765136719
16.624420166015625 500.1780090332031
16.624420166015625 500.1780090332031
16.624420166015625 500.1780090332031
16.624420166015625 500.1780090332031
16.624420166015625 500.1780090332031
16.624420166015625 500.1780090332031
16.624420166015625 500.1780090332031
16.624420166015625 500.1780090332031
16.624420166015625 500.1780090332031
16.624420166015625 500.1780090332031
16.624420166015625 500.1780090332031
16.624420166015625 500.1780090332031
16.624420166015625 500.1780090332031
16.624420166015625 500.1780090332031
16.624420166015625 500.1780090332031
16.502262115478516 499.52215576171875
16.502262115478516 499.52215576171875
16.502262115478516 499.52215576171875
16.502262115478516 499.52215576171875
16.502262115478516 499.52215576171875
16.50051498413086 498.9249572753906
16.52254295349121 498.32806396484375
16.568307876586914 497.7325134277344
16.637739181518555 497.1392517089844
16.73072624206543 496.5492248535156
16.84712028503418 495.96337890625
16.986736297607422 495.38262939453125
17.149354934692383 494.80792236328125
17.334716796875 494.2401428222656
17.54252815246582 493.6802062988281
17.7724609375 493.12896728515625
18.024160385131836 492.5873107910156
18.297216415405273 492.05609130859375
18.59153938293457 491.5355224609375
18.90848159790039 491.0233154296875
19.25596809387207 490.50701904296875
19.649002075195312 489.9648742675781
20.059486389160156 489.4357604980469
20.4869441986084 488.9202880859375
20.930932998657227 488.4189758300781
21.39098358154297 487.932373046875
21.866609573364258 487.4609680175781
22.35730743408203 487.0052795410156
22.862560272216797 486.5657653808594
23.381832122802734 486.1429138183594
23.914575576782227 485.7371826171875
24.46022605895996 485.3489685058594
25.018207550048828 484.97869873046875
25.58793067932129 484.62677001953125
26.168792724609375 484.2935485839844
26.760181427001953 483.9793701171875
27.361469268798828 483.6846008300781
27.972021102905273 483.4095153808594
28.5911922454834 483.1544189453125
29.21832847595215 482.9195861816406
29.852766036987305 482.7052917480469
30.49383544921875 482.51171875
31.140857696533203 482.3390808105469
31.793149948120117 482.18756103515625
32.45002365112305 482.0573425292969
33.110782623291016 481.94854736328125
33.77473068237305 481.8612976074219
34.441162109375 481.795654296875
35.109375 481.751708984375
35.778663635253906 481.7295227050781
36.44831848144531 481.7290954589844
37.11763381958008 481.75042724609375
37.78590393066406 481.79351806640625
38.45241928100586 481.8583068847656
39.11647415161133 481.9447326660156
39.77737045288086 482.0527038574219
40.43440628051758 482.1820983886719
41.086891174316406 482.3327941894531
41.734130859375 482.5046081542969
42.37544250488281 482.6973571777344
43.01015090942383 482.9108581542969
43.63758087158203 483.1448974609375
44.25707244873047 483.3992004394531
44.86796951293945 483.6734924316406
45.469627380371094 483.9674987792969
46.06140899658203 484.2809143066406
46.64269256591797 484.6134033203125
47.212860107421875 484.9646301269531
47.77130889892578 485.3341979980469
48.317447662353516 485.7217102050781
48.85070037841797 486.12677001953125
49.370506286621094 486.5489501953125
49.876312255859375 486.9878234863281
50.367584228515625 487.4429016113281
50.84380340576172 487.9136962890625
51.304466247558594 488.39971923828125
51.749088287353516 488.9004821777344
52.17719650268555 489.4154357910156
52.588340759277344 489.94403076171875
52.98208236694336 490.4856872558594
53.358009338378906 491.03985595703125
53.715721130371094 491.60595703125
54.05484390258789 492.18341064453125
54.37501525878906 492.7715759277344
54.675899505615234 493.3698425292969
54.957176208496094 493.9775695800781
55.21854782104492 494.5941162109375
55.459739685058594 495.2188415527344
55.68049621582031 495.85107421875
55.880584716796875 496.4901428222656
56.05978012084961 497.1353454589844
56.2179069519043 497.7860412597656
56.35487365722656 498.44183349609375
56.47054672241211 499.10211181640625
56.565189361572266 499.768310546875
56.63876724243164 500.44012451171875
56.69150161743164 501.1193542480469
56.72373580932617 501.8096923828125
56.73590087890625 502.5172424316406
56.72846984863281 503.2498779296875
56.70196533203125 503.98126220703125
56.655616760253906 504.74462890625
56.591861724853516 505.5086364746094
56.51101303100586 506.2696228027344
56.41035461425781 507.0582580566406
56.29399108886719 507.8478088378906
56.16263961791992 508.6336669921875
56.01546859741211 509.4212341308594
55.84913635253906 510.23272705078125
55.66987609863281 511.0413513183594
55.47675323486328 511.85198974609375
55.27125549316406 512.6589965820312
55.05320739746094 513.4629516601562
54.81957244873047 514.2767944335938
54.574771881103516 515.0865478515625
54.31810760498047 515.8946533203125
54.05121612548828 516.6959228515625
53.7733039855957 517.4923095703125
53.48504638671875 518.281494140625
53.18515396118164 519.0667724609375
52.874996185302734 519.8442993164062
52.55467987060547 520.6132202148438
52.2252082824707 521.3703002929688
51.88428497314453 522.1202392578125
51.531307220458984 522.8642578125
51.16643524169922 523.6019897460938
50.79011535644531 524.3324584960938
50.40141677856445 525.057373046875
50.00054931640625 525.7764892578125
49.58761978149414 526.4896850585938
49.1631965637207 527.196044921875
48.727012634277344 527.89599609375
48.27959060668945 528.5887451171875
47.821044921875 529.274169921875
47.35170364379883 529.9517211914062
46.870914459228516 530.6223754882812
46.37996292114258 531.2843017578125
45.880916595458984 531.9345092773438
45.37118911743164 532.5760498046875
44.851741790771484 533.2077026367188
44.32158279418945 533.83056640625
43.781192779541016 534.4440307617188
43.228084564208984 535.051025390625
42.665122985839844 535.6484985351562
42.09206771850586 536.2367553710938
41.51190948486328 536.8125
40.93485641479492 537.36474609375
40.34791946411133 537.9052734375
39.75129318237305 538.433837890625
39.167240142822266 538.9298095703125
38.56967544555664 539.4146728515625
37.96211242675781 539.8856201171875
37.369564056396484 540.3225708007812
36.78260040283203 540.7316284179688
36.18526077270508 541.1236572265625
35.58903503417969 541.490966796875
34.98277282714844 541.8402709960938
34.35597610473633 542.177734375
33.731937408447266 542.4908447265625
33.10657501220703 542.7814331054688
32.47288131713867 543.052734375
31.836814880371094 543.3021850585938
31.196760177612305 543.5303344726562
30.550180435180664 543.7380981445312
29.899227142333984 543.9247436523438
29.242366790771484 544.0907592773438
28.584007263183594 544.2349853515625
27.921401977539062 544.3580322265625
27.255699157714844 544.459716796875
26.587120056152344 544.5399780273438
25.915849685668945 544.5988159179688
25.24376678466797 544.6360473632812
24.570863723754883 544.6516723632812
23.897829055786133 544.6456909179688
23.225435256958008 544.6181030273438
22.55686378479004 544.5690307617188
21.890308380126953 544.4983520507812
21.22599220275879 544.4060668945312
20.56507682800293 544.2924194335938
19.909870147705078 544.15771484375
19.260223388671875 544.0020141601562
18.613536834716797 543.8246459960938
17.974475860595703 543.6268920898438
17.34278678894043 543.40869140625
16.71831512451172 543.1699829101562
16.71831512451172 543.1699829101562
16.71831512451172 543.1699829101562
16.71831512451172 543.1699829101562
16.71831512451172 543.1699829101562
16.71831512451172 543.1699829101562
16.71831512451172 543.1699829101562
16.71831512451172 543.1699829101562
16.71831512451172 543.1699829101562
16.71831512451172 543.1699829101562
16.71831512451172 543.1699829101562
16.71831512451172 543.1699829101562
16.71831512451172 543.1699829101562
16.71831512451172 543.1699829101562
16.71831512451172 543.1699829101562
16.71831512451172 543.1699829101562
16.71831512451172 543.1699829101562
16.71831512451172 543.1699829101562
16.71831512451172 543.1699829101562
16.71831512451172 543.1699829101562
16.71831512451172 543.1699829101562
16.71831512451172 543.1699829101562
16.71831512451172 543.1699829101562
16.71831512451172 543.1699829101562
16.71831512451172 543.1699829101562
16.71831512451172 543.1699829101562
16.71831512451172 543.1699829101562
16.50543212890625 542.5377197265625
16.50543212890625 542.5377197265625
16.50543212890625 542.5377197265625
16.50543212890625 542.5377197265625
16.50543212890625 542.5377197265625
16.50543212890625 542.5377197265625
16.50543212890625 542.5377197265625
16.50543212890625 542.5377197265625
16.50543212890625 542.5377197265625
16.50543212890625 542.5377197265625
16.521432876586914 541.9406127929688
16.56118392944336 541.3446044921875
16.624622344970703 540.7506713867188
16.711647033691406 540.1597290039062
16.822120666503906 539.57275390625
16.95586585998535 538.9906616210938
17.112674713134766 538.414306640625
17.29229164123535 537.8446655273438
17.49443817138672 537.2826538085938
17.718793869018555 536.7291259765625
17.96500587463379 536.1849365234375
18.232696533203125 535.6510009765625
18.521469116210938 535.1280517578125
18.834877014160156 534.6098022460938
19.181995391845703 534.081787109375
19.566871643066406 533.5382690429688
19.971532821655273 533.0046997070312
20.393310546875 532.4845581054688
20.83177375793457 531.9783935546875
21.28645896911621 531.4867553710938
21.756885528564453 531.0101928710938
22.242555618286133 530.5491333007812
22.742956161499023 530.1041259765625
23.257558822631836 529.6755981445312
23.785818099975586 529.2640380859375
24.327177047729492 528.869873046875
24.88106346130371 528.4935302734375
25.44689178466797 528.1353759765625
26.024063110351562 527.7957763671875
26.611968994140625 527.4751586914062
27.20998764038086 527.173828125
27.817485809326172 526.89208984375
28.433822631835938 526.6302490234375
29.058345794677734 526.3885498046875
29.69039535522461 526.1672973632812
30.329301834106445 525.9666748046875
30.97439193725586 525.7869873046875
31.624982833862305 525.6283569335938
32.28038787841797 525.490966796875
32.93991470336914 525.3749389648438
33.60286331176758 525.2803955078125
34.26853561401367 525.2074584960938
34.93622589111328 525.1561889648438
35.60523223876953 525.1266479492188
36.275264739990234 525.1188354492188
36.94596481323242 525.1328125
37.61761474609375 525.1685180664062
38.297630310058594 525.226318359375
38.97759246826172 525.3054809570312
39.68912887573242 525.4094848632812
40.404056549072266 525.5338745117188
41.14912796020508 525.6827392578125
41.8993034362793 525.8504638671875
42.65447998046875 526.0367431640625
43.43669891357422 526.24609375
44.22190856933594 526.4711303710938
45.009281158447266 526.7112426757812
45.807044982910156 526.96826171875
46.60321807861328 527.23779296875
47.39686965942383 527.5194091796875
48.187076568603516 527.8126831054688
48.97294616699219 528.1172485351562
49.750770568847656 528.4317626953125
50.522117614746094 528.7570190429688
51.286739349365234 529.093017578125
52.04450607299805 529.4398193359375
52.795379638671875 529.7975463867188
53.5378303527832 530.1655883789062
54.27374267578125 530.5449829101562
55.00307083129883 530.9357299804688
55.72574234008789 531.3378295898438
56.44166564941406 531.7512817382812
57.15072250366211 532.176025390625
57.852783203125 532.6119384765625
58.54770278930664 533.0589599609375
59.23533248901367 533.5170288085938
59.915504455566406 533.9860229492188
60.588138580322266 534.4658813476562
61.26069641113281 534.9616088867188
61.92765808105469 535.46875
62.600547790527344 535.995361328125
63.26788330078125 536.53173828125
63.93104934692383 537.0787353515625
64.58741760253906 537.6340942382812
65.23436737060547 538.1957397460938
65.87386322021484 538.7655029296875
66.50067901611328 539.339111328125
67.1192626953125 539.9208984375
67.72075653076172 540.5031127929688
68.2997055053711 541.081787109375
68.86795043945312 541.6694946289062
69.40806579589844 542.2492065429688
69.93574523925781 542.838623046875
70.43054962158203 543.4159545898438
70.9107894897461 544.0033569335938
71.36029052734375 544.581787109375
71.79385375976562 545.1708374023438
72.19677734375 545.7509765625
72.57546997070312 546.3319702148438
72.93621826171875 546.9236450195312
73.27307891845703 547.5162963867188
73.5892105102539 548.1156616210938
73.8861083984375 548.724609375
74.16349792480469 549.3425903320312
74.41950225830078 549.9653930664062
74.65497589111328 550.5951538085938
74.87007141113281 551.2322998046875
75.06404876708984 551.8746337890625
75.23716735839844 552.5230102539062
75.38898468017578 553.17578125
75.51954650878906 553.8331298828125
75.6286849975586 554.4942626953125
75.71623229980469 555.1580810546875
75.78215026855469 555.8242797851562
75.82633972167969 556.4918212890625
75.84876251220703 557.1600341796875
75.84941101074219 557.8284912109375
75.82829284667969 558.4965209960938
75.78543090820312 559.1634521484375
75.72089385986328 559.8282470703125
75.63475799560547 560.4902954101562
75.5270767211914 561.149169921875
75.39800262451172 561.8040161132812
75.2476577758789 562.4541625976562
75.07618713378906 563.0990600585938
74.88378143310547 563.7379760742188
74.67064666748047 564.3701782226562
74.43700408935547 564.9950561523438
74.18309020996094 565.6119995117188
73.9091796875 566.2203369140625
73.61557006835938 566.8193969726562
73.30256652832031 567.4085693359375
72.97050476074219 567.9871826171875
72.61973571777344 568.5546875
72.2506332397461 569.1104125976562
71.86358642578125 569.65380859375
71.45901489257812 570.1842651367188
71.03734588623047 570.7012329101562
70.59902954101562 571.2041625976562
70.14453887939453 571.6925659179688
69.67434692382812 572.1658325195312
69.18896484375 572.62353515625
68.68889617919922 573.0651245117188
68.1746826171875 573.4901733398438
67.6468734741211 573.8982543945312
67.10602569580078 574.2888793945312
66.55271911621094 574.66162109375
65.98754119873047 575.01611328125
65.41109466552734 575.3519897460938
64.82398986816406 575.6688842773438
64.22684478759766 575.9664306640625
63.62028884887695 576.244384765625
63.004947662353516 576.5023803710938
62.38153839111328 576.7401733398438
61.75059509277344 576.95751953125
61.11276626586914 577.1542358398438
60.46882247924805 577.3300170898438
59.82889175415039 577.4821166992188
59.20561599731445 577.6075439453125
58.577213287353516 577.710693359375
57.92677307128906 577.7943115234375
57.264442443847656 577.8571166992188
56.59819030761719 577.8983154296875
55.9309196472168 577.917724609375
55.26347351074219 577.9154052734375
54.59644317626953 577.8912963867188
53.93067169189453 577.845458984375
53.266822814941406 577.7778930664062
52.60558319091797 577.688720703125
51.94763946533203 577.5780029296875
51.293670654296875 577.4459228515625
50.644378662109375 577.2925415039062
50.00044250488281 577.1180419921875
49.362552642822266 576.9226684570312
48.73137664794922 576.70654296875
48.10758972167969 576.469970703125
47.491859436035156 576.213134765625
46.88483428955078 575.9363403320312
46.287166595458984 575.639892578125
45.69948959350586 575.3240966796875
45.122432708740234 574.9893188476562
44.55660629272461 574.6358642578125
44.00261688232422 574.26416015625
43.46105194091797 573.8745727539062
42.932491302490234 573.467529296875
42.41749572753906 573.04345703125
41.9166145324707 572.602783203125
41.430381774902344 572.14599609375
40.959312438964844 571.673583984375
40.503910064697266 571.18603515625
40.06466293334961 570.6838989257812
39.64203643798828 570.1676635742188
39.236480712890625 569.637939453125
38.848426818847656 569.0952758789062
38.47828674316406 568.5402221679688
38.1264533996582 567.973388671875
37.79328918457031 567.3953247070312
37.47917175292969 566.8067016601562
37.18439483642578 566.2080688476562
36.909278869628906 565.60009765625
36.65402603149414 564.9832153320312
36.418739318847656 564.3576049804688
36.20561599731445 563.72900390625
36.034542083740234 563.1566162109375
35.88640213012695 562.5779418945312
35.76141357421875 561.9938354492188
35.65976333618164 561.4052124023438
35.581607818603516 560.8129272460938
35.527069091796875 560.2178955078125
35.49622344970703 559.6209716796875
35.48912048339844 559.02294921875
35.50577926635742 558.4244384765625
35.546207427978516 557.82568359375
35.61045837402344 557.2265014648438
35.6987190246582 556.6256713867188
35.81357955932617 556.0069580078125
35.953453063964844 555.3799438476562
36.1178092956543 554.747314453125
36.306800842285156 554.1085815429688
36.517513275146484 553.4735717773438
36.748966217041016 552.8452758789062
37.0007438659668 552.2247314453125
37.2725715637207 551.6126708984375
37.564144134521484 551.0098266601562
37.875152587890625 550.416748046875
38.20527267456055 549.8341064453125
38.55415725708008 549.2625122070312
38.92144012451172 548.7025756835938
39.30672836303711 548.1548461914062
39.709617614746094 547.6199340820312
40.12968444824219 547.098388671875
40.56648254394531 546.5908203125
41.01955032348633 546.0977172851562
41.488407135009766 545.6195678710938
41.97256088256836 545.1569213867188
42.47149658203125 544.7102661132812
42.98468780517578 544.2800903320312
43.511592864990234 543.8668212890625
44.05165481567383 543.4708862304688
44.60430145263672 543.0927124023438
45.168949127197266 542.732666015625
45.74500274658203 542.3911743164062
46.331851959228516 542.068603515625
46.92887496948242 541.7652587890625
47.53544235229492 541.4815063476562
48.15091323852539 541.2176513671875
48.77463912963867 540.9739379882812
49.40595626831055 540.7506103515625
50.0442008972168 540.5479125976562
50.688697814941406 540.3660888671875
51.33876419067383 540.205322265625
51.9949836730957 540.0654296875
52.65770721435547 539.9463500976562
53.324546813964844 539.8485107421875
54.013282775878906 539.7692260742188
54.7320671081543 539.707275390625
55.53059387207031 539.6570434570312
56.303688049316406 539.6242065429688
57.11815643310547 539.6055908203125
57.939361572265625 539.6008911132812
58.76629638671875 539.6097412109375
59.60795211791992 539.631591796875
60.450069427490234 539.6656494140625
61.29168701171875 539.7117919921875
62.12651443481445 539.769775390625
62.95848083496094 539.8401489257812
63.78749465942383 539.9230346679688
64.61355590820312 540.0184326171875
65.43670654296875 540.1265258789062
66.25698852539062 540.247314453125
67.07442474365234 540.380859375
67.88900756835938 540.5272216796875
68.69998931884766 540.6863403320312
69.50821685791016 540.8583374023438
70.31352233886719 541.0432739257812
71.11572265625 541.2410278320312
71.91462707519531 541.4515991210938
72.71005249023438 541.6749267578125
73.50180053710938 541.9109497070312
74.28968048095703 542.1596069335938
75.07347869873047 542.4208984375
75.8530044555664 542.6947021484375
76.62806701660156 542.9808959960938
77.39844512939453 543.2794799804688
78.16394805908203 543.59033203125
78.92438507080078 543.9134521484375
79.67955780029297 544.2486572265625
80.42927551269531 544.595947265625
81.17334747314453 544.9551391601562
81.91157531738281 545.3262329101562
82.6437759399414 545.7091064453125
83.3697738647461 546.1036376953125
84.08938598632812 546.5097045898438
84.80542755126953 546.9288330078125
85.51576232910156 547.359619140625
86.23323059082031 547.809326171875
86.95637512207031 548.2759399414062
87.67444610595703 548.7518920898438
88.38731384277344 549.2371215820312
89.09431457519531 549.7310791015625
89.79548645019531 550.2338256835938
90.49101257324219 550.7454223632812
91.17916870117188 551.2645874023438
91.85871124267578 551.7905883789062
92.53536224365234 552.3276977539062
93.20828247070312 552.8748779296875
93.87921905517578 553.4329223632812
94.54205322265625 553.9964599609375
95.199462890625 554.5678100585938
95.85346221923828 555.1483764648438
96.50302124023438 555.73681640625
97.13739013671875 556.323974609375
97.76531219482422 556.9185180664062
98.37218475341797 557.5076293945312
98.97042083740234 558.1043701171875
99.55976104736328 558.70849609375
100.13996124267578 559.3199462890625
100.6957015991211 559.9236450195312
101.24061584472656 560.5354614257812
101.77448272705078 561.1552734375
102.28430938720703 561.7688598632812
102.78168487548828 562.3910522460938
103.266357421875 563.0216064453125
103.72909545898438 563.649169921875
104.17779541015625 564.2850341796875
104.61204528808594 564.9287109375
105.03138732910156 565.5796508789062
105.42850494384766 566.2269897460938
105.81197357177734 566.8851318359375
106.18477630615234 567.5588989257812
106.54019165039062 568.236083984375
106.88359069824219 568.9269409179688
107.20606994628906 569.6138305664062
107.4902114868164 570.2620849609375
107.75243377685547 570.9108276367188
107.99311065673828 571.561279296875
108.21206665039062 572.213134765625
108.41085052490234 572.8711547851562
108.58953094482422 573.5355224609375
108.74525451660156 574.1957397460938
108.8800277709961 574.8604736328125
108.99372100830078 575.529052734375
109.08621978759766 576.2008056640625
109.15743255615234 576.8750610351562
109.2072525024414 577.5507202148438
109.23567199707031 578.2277221679688
109.2426528930664 578.905029296875
109.22819519042969 579.58203125
109.19230651855469 580.258056640625
109.19230651855469 580.258056640625
109.19230651855469 580.258056640625
109.19230651855469 580.258056640625
109.19230651855469 580.258056640625
109.19230651855469 580.258056640625
109.19230651855469 580.258056640625
109.19230651855469 580.258056640625
109.19230651855469 580.258056640625
109.19230651855469 580.258056640625
109.19230651855469 580.258056640625
109.19230651855469 580.258056640625
109.19230651855469 580.258056640625
109.19230651855469 580.258056640625
109.19230651855469 580.258056640625
109.19230651855469 580.258056640625
109.19230651855469 580.258056640625
109.19230651855469 580.258056640625
109.19230651855469 580.258056640625
109.19230651855469 580.258056640625
109.19230651855469 580.258056640625
109.19230651855469 580.258056640625
109.19230651855469 580.258056640625
109.19230651855469 580.258056640625
109.19230651855469 580.258056640625
109.19230651855469 580.258056640625
109.19230651855469 580.258056640625
109.19230651855469 580.258056640625
109.19230651855469 580.258056640625
109.19230651855469 580.258056640625
109.19230651855469 580.258056640625
109.19230651855469 580.258056640625
109.19230651855469 580.258056640625
109.19230651855469 580.258056640625
109.19230651855469 580.258056640625
109.19230651855469 580.258056640625
108.56488800048828 580.48486328125
108.56488800048828 580.48486328125
108.56488800048828 580.48486328125
108.56488800048828 580.48486328125
108.56488800048828 580.48486328125
108.56488800048828 580.48486328125
108.56488800048828 580.48486328125
108.56488800048828 580.48486328125
108.56488800048828 580.48486328125
108.56488800048828 580.48486328125
107.96770477294922 580.486328125
107.37081146240234 580.4639892578125
106.77528381347656 580.4179077148438
106.18206787109375 580.3482055664062
105.59210205078125 580.2549438476562
105.00631713867188 580.1382446289062
104.42565155029297 579.9983520507812
103.85101318359375 579.83544921875
103.28331756591797 579.6497802734375
102.72347259521484 579.4417114257812
102.17235565185547 579.2114868164062
101.63082885742188 578.9595336914062
101.09972381591797 578.6862182617188
100.57949829101562 578.3917236328125
100.0686264038086 578.0751953125
99.54186248779297 577.7206420898438
98.99945068359375 577.3279418945312
98.47008514404297 576.9177856445312
97.95433807373047 576.4906616210938
97.45274353027344 576.0469970703125
96.96583557128906 575.5872192382812
96.49412536621094 575.1118774414062
96.03811645507812 574.6214599609375
95.5982894897461 574.116455078125
95.17510986328125 573.597412109375
94.76902770996094 573.0648803710938
94.3804702758789 572.5194702148438
94.00984191894531 571.9617309570312
93.65753936767578 571.3922119140625
93.32393646240234 570.8115234375
93.00939178466797 570.2203369140625
92.71422576904297 569.6192016601562
92.43875885009766 569.0087890625
92.18328094482422 568.3897705078125
91.94805908203125 567.7627563476562
91.73334503173828 567.1284790039062
91.53936004638672 566.487548828125
91.3663101196289 565.8406372070312
91.21438598632812 565.1884155273438
91.083740234375 564.5316162109375
90.97451782226562 563.8709106445312
90.88682556152344 563.20703125
90.82076263427734 562.5406494140625
90.77639770507812 561.8724365234375
90.75377655029297 561.2031860351562
90.75292205810547 560.5335083007812
90.77384185791016 559.8641967773438
90.8165054321289 559.1959228515625
90.88087463378906 558.5293579101562
90.96687316894531 557.865234375
91.07441711425781 557.2042846679688
91.2033920288086 556.5471801757812
91.35365295410156 555.8945922851562
91.52505493164062 555.2472534179688
91.7174072265625 554.6058349609375
91.93051147460938 553.9710083007812
92.16413879394531 553.3434448242188
92.41803741455078 552.7238159179688
92.69194793701172 552.1127319335938
92.98558044433594 551.5108642578125
93.29862213134766 550.9188842773438
93.6307373046875 550.33740234375
93.98158264160156 549.7670288085938
94.35078430175781 549.2083129882812
94.73795318603516 548.6619262695312
95.1426773071289 548.12841796875
95.56452941894531 547.6083374023438
96.00306701660156 547.1022338867188
96.45782470703125 546.6106567382812
96.9283218383789 546.1341552734375
97.4140625 545.6731567382812
97.9145278930664 545.2282104492188
98.42919158935547 544.7997436523438
98.95751190185547 544.3882446289062
99.49893188476562 543.994140625
100.05287170410156 543.6178588867188
100.6187515258789 543.259765625
101.19597625732422 542.9202880859375
101.78392791748047 542.5997314453125
102.38198852539062 542.2984619140625
102.9895248413086 542.0167846679688
103.60589599609375 541.7550048828125
104.23045349121094 541.513427734375
104.86253356933594 541.292236328125
105.50147247314453 541.0917358398438
106.14659118652344 540.912109375
106.79723358154297 540.7535400390625
107.45353698730469 540.6160278320312
108.1190414428711 540.498779296875
108.79725646972656 540.401123046875
109.49877166748047 540.3214111328125
110.239013671875 540.2573852539062
111.0262451171875 540.2071533203125
111.82280731201172 540.172119140625
112.65219116210938 540.1502075195312
113.46538543701172 540.142333984375
114.30830383300781 540.1476440429688
115.15081787109375 540.1650390625
115.99211120605469 540.1945190429688
116.83150482177734 540.2361450195312
117.66844940185547 540.2899169921875
118.50257873535156 540.35595703125
119.33368682861328 540.4343872070312
120.16169738769531 540.5252685546875
120.98662567138672 540.628662109375
121.80598449707031 540.7444458007812
122.62297821044922 540.8731689453125
123.43751525878906 541.0148315429688
124.24947357177734 541.16943359375
125.0587158203125 541.3369750976562
125.86508178710938 541.5173950195312
126.66832733154297 541.710693359375
127.46837615966797 541.9168090820312
128.26502990722656 542.1357421875
129.05807495117188 542.3673706054688
129.84732055664062 542.6116943359375
130.63255310058594 542.8685913085938
131.41358947753906 543.1380615234375
132.19021606445312 543.4199829101562
132.9622802734375 543.7142944335938
133.72955322265625 544.0209350585938
134.49180603027344 544.3397827148438
135.24935913085938 544.6710205078125
136.0017547607422 545.0143432617188
136.74822998046875 545.3694458007812
137.4890899658203 545.7365112304688
138.2282257080078 546.1173095703125
138.95913696289062 546.5084228515625
139.68458557128906 546.9113159179688
140.40199279785156 547.3246459960938
141.11326599121094 547.7495727539062
141.82510375976562 548.1897583007812
142.5465087890625 548.6498413085938
143.26490783691406 549.1209716796875
143.97842407226562 549.601806640625
144.68821716308594 550.0928955078125
145.392333984375 550.5927734375
146.0906982421875 551.101318359375
146.78280639648438 551.6181640625
147.46771240234375 552.1426391601562
148.1493682861328 552.6775512695312
148.82395935058594 553.2197265625
149.49685668945312 553.7731323242188
150.15939331054688 554.3305053710938
150.81747436523438 554.8969116210938
151.4703369140625 555.4713745117188
152.11793518066406 556.0537109375
152.75550842285156 556.6398315429688
153.37600708007812 557.2243041992188
153.9672088623047 557.7976684570312
154.54043579101562 558.3726806640625
155.12246704101562 558.9757080078125
155.6892852783203 559.5811157226562
156.20611572265625 560.1544189453125
156.7040252685547 560.7322387695312
157.18905639648438 561.3218383789062
157.6423797607422 561.9010009765625
158.08099365234375 562.4920654296875
158.50254821777344 563.0919189453125
158.8986053466797 563.68896484375
159.2797393798828 564.29931640625
159.63494873046875 564.9056396484375
159.96719360351562 565.5133666992188
160.27816772460938 566.125732421875
160.56973266601562 566.7465209960938
160.845947265625 567.38427734375
161.10516357421875 568.0349731445312
161.3394775390625 568.678955078125
161.55422973632812 569.3310546875
161.7470703125 569.9841918945312
161.91937255859375 570.6431274414062
162.07098388671875 571.3072509765625
162.20130920410156 571.9739990234375
162.31063842773438 572.6448974609375
162.39878845214844 573.3186645507812
162.46505737304688 573.989990234375
162.5098114013672 574.6629028320312
162.5330047607422 575.3365478515625
162.53463745117188 576.010498046875
162.5146942138672 576.6839599609375
162.47320556640625 577.3563232421875
162.41038513183594 578.0238647460938
162.3257293701172 578.692138671875
162.21963500976562 579.3579711914062
162.09231567382812 580.0200805664062
162.09231567382812 580.0200805664062
162.09231567382812 580.0200805664062
162.09231567382812 580.0200805664062
162.09231567382812 580.0200805664062
162.09231567382812 580.0200805664062
162.09231567382812 580.0200805664062
162.09231567382812 580.0200805664062
162.09231567382812 580.0200805664062
162.09231567382812 580.0200805664062
162.09231567382812 580.0200805664062
162.09231567382812 580.0200805664062
162.09231567382812 580.0200805664062
162.09231567382812 580.0200805664062
162.09231567382812 580.0200805664062
162.09231567382812 580.0200805664062
162.09231567382812 580.0200805664062
162.09231567382812 580.0200805664062
161.62498474121094 580.4962768554688
161.62498474121094 580.4962768554688
161.62498474121094 580.4962768554688
161.62498474121094 580.4962768554688
161.62498474121094 580.4962768554688
161.62498474121094 580.4962768554688
161.62498474121094 580.4962768554688
161.62498474121094 580.4962768554688
161.62498474121094 580.4962768554688
161.62498474121094 580.4962768554688
161.62498474121094 580.4962768554688
161.62498474121094 580.4962768554688
161.62498474121094 580.4962768554688
161.62498474121094 580.4962768554688
161.62498474121094 580.4962768554688
161.62498474121094 580.4962768554688
161.62498474121094 580.4962768554688
161.62498474121094 580.4962768554688
161.62498474121094 580.4962768554688
161.62498474121094 580.4962768554688
161.62498474121094 580.4962768554688
161.62498474121094 580.4962768554688
161.62498474121094 580.4962768554688
161.62498474121094 580.4962768554688
161.02780151367188 580.4924926757812
160.43112182617188 580.4649658203125
159.83602905273438 580.4136962890625
159.2434539794922 580.3388061523438
158.65432739257812 580.2403564453125
158.06959533691406 580.1185302734375
157.49017333984375 579.9735717773438
156.9169921875 579.8056640625
156.3509521484375 579.6150512695312
155.79295349121094 579.4020385742188
155.24388122558594 579.1669921875
154.70458984375 578.9102783203125
154.1758270263672 578.6322631835938
153.6576690673828 578.3329467773438
153.14645385742188 578.0101318359375
152.59645080566406 577.634521484375
152.05609130859375 577.239013671875
151.5288543701172 576.8261108398438
151.0153350830078 576.3963012695312
150.51605224609375 575.9500122070312
150.0315399169922 575.4877319335938
149.56231689453125 575.0099487304688
149.10887145996094 574.5171508789062
148.67169189453125 574.0098876953125
148.251220703125 573.4887084960938
147.84791564941406 572.9541015625
147.4622039794922 572.4066772460938
147.09449768066406 571.8469848632812
146.74517822265625 571.275634765625
146.41461181640625 570.6932373046875
146.1031494140625 570.1004028320312
145.81112670898438 569.497802734375
145.53884887695312 568.885986328125
145.28660583496094 568.265625
145.05465698242188 567.637451171875
144.84324645996094 567.0020141601562
144.65260314941406 566.3600463867188
144.48292541503906 565.7122192382812
144.3343963623047 565.0592651367188
144.20718383789062 564.4017944335938
144.10140991210938 563.7405395507812
144.01718139648438 563.076171875
143.95458984375 562.409423828125
143.91371154785156 561.7410278320312
143.8945770263672 561.0716552734375
143.897216796875 560.4019775390625
143.92161560058594 559.7327880859375
143.96775817871094 559.064697265625
144.0355987548828 558.3984985351562
144.12506103515625 557.73486328125
144.23605346679688 557.074462890625
144.3684539794922 556.4180297851562
144.52210998535156 555.7662353515625
144.69688415527344 555.1198120117188
144.892578125 554.4793701171875
145.10897827148438 553.8456420898438
145.3458709716797 553.2192993164062
145.60299682617188 552.6009521484375
145.88009643554688 551.9913330078125
146.17686462402344 551.3910522460938
146.49298095703125 550.8007202148438
146.828125 550.220947265625
147.18194580078125 549.6524047851562
147.55406188964844 549.0956420898438
147.94407653808594 548.55126953125
148.35157775878906 548.0198974609375
148.77613830566406 547.5020141601562
149.21730041503906 546.9982299804688
149.6746063232422 546.509033203125
150.14759826660156 546.0349731445312
150.63577270507812 545.5764770507812
151.13861083984375 545.1340942382812
151.65589904785156 544.7080078125
152.18771362304688 544.298095703125
152.73268127441406 543.9054565429688
153.29388427734375 543.52783203125
153.87513732910156 543.16259765625
154.48411560058594 542.8048095703125
155.1074981689453 542.4620361328125
155.76841735839844 542.1212158203125
156.4434356689453 541.7938232421875
157.1194305419922 541.4862670898438
157.85133361816406 541.1727294921875
158.59654235839844 540.8701171875
159.33872985839844 540.5850219726562
160.0937957763672 540.3114624023438
160.88442993164062 540.0400390625
161.681884765625 539.779541015625
162.46920776367188 539.535888671875
163.27769470214844 539.29931640625
164.0900115966797 539.07421875
164.90525817871094 538.8609008789062
165.72352600097656 538.6592407226562
166.54476928710938 538.4693603515625
167.36436462402344 538.2923583984375
168.18917846679688 538.1268310546875
169.01475524902344 537.9736328125
169.8406524658203 537.8328857421875
170.66661071777344 537.704833984375
171.4925079345703 537.5895385742188
172.3356170654297 537.4841918945312
173.17845153808594 537.390625
174.02171325683594 537.308837890625
174.8659210205078 537.23876953125
175.7091827392578 537.1807250976562
176.53436279296875 537.136474609375
177.355224609375 537.10595703125
178.1753387451172 537.0892944335938
178.95797729492188 537.088134765625
179.70376586914062 537.10400390625
180.41427612304688 537.137939453125
181.1510467529297 537.1929931640625
181.85350036621094 537.2646484375
182.53594970703125 537.3547973632812
183.20541381835938 537.4645385742188
183.87901306152344 537.5966186523438
184.5402069091797 537.7478637695312
185.19155883789062 537.9188842773438
185.83523559570312 538.1102294921875
186.4718475341797 538.3221435546875
187.1016082763672 538.5546875
187.72256469726562 538.8070678710938
188.33499145507812 539.0794677734375
188.93853759765625 539.3717041015625
189.53318786621094 539.6837768554688
190.1165313720703 540.0144653320312
190.68946838378906 540.3641967773438
191.25083923339844 540.7323608398438
191.79940795898438 541.1180419921875
192.3357391357422 541.521728515625
192.85818481445312 541.942138671875
193.36752319335938 542.3798828125
193.8616943359375 542.8331909179688
194.34088134765625 543.30224609375
194.8046112060547 543.7865600585938
195.2531280517578 544.2864379882812
195.68637084960938 544.8017578125
196.10182189941406 545.3295288085938
196.49981689453125 545.8701782226562
196.88121032714844 546.4249267578125
197.24461364746094 546.9916381835938
197.58853149414062 547.568115234375
197.91470336914062 548.1571655273438
198.22178649902344 548.7564086914062
198.5084991455078 549.36328125
198.77542114257812 549.9791259765625
199.02476501464844 550.6089477539062
199.2525634765625 551.2427368164062
199.45986938476562 551.8834228515625
199.64581298828125 552.5283813476562
199.810791015625 553.178955078125
199.9546356201172 553.8344116210938
200.0771026611328 554.4937744140625
200.17799377441406 555.1558837890625
200.25730895996094 555.8207397460938
200.31492614746094 556.4871826171875
200.350830078125 557.1550903320312
200.36495971679688 557.8233032226562
200.35733032226562 558.4915161132812
200.32794189453125 559.1591186523438
200.27684020996094 559.8250732421875
200.2040557861328 560.4889526367188
200.10971069335938 561.1498413085938
199.9938507080078 561.8073120117188
199.85667419433594 562.4603271484375
199.69827270507812 563.1084594726562
199.51878356933594 563.7511596679688
199.31845092773438 564.3876342773438
199.09747314453125 565.0171508789062
198.8560791015625 565.6390991210938
198.59451293945312 566.2528686523438
198.3130645751953 566.8577270507812
198.01202392578125 567.4530639648438
197.6917266845703 568.0382690429688
197.3524932861328 568.6127319335938
196.99468994140625 569.1758422851562
196.61871337890625 569.7269287109375
196.22494506835938 570.2654418945312
195.81381225585938 570.7908325195312
195.38575744628906 571.3025512695312
194.94122314453125 571.7999877929688
194.48069763183594 572.2826538085938
194.00466918945312 572.7500610351562
193.5136260986328 573.20166015625
193.00811767578125 573.6370239257812
192.48866271972656 574.0556640625
191.95582580566406 574.4570922851562
191.41017150878906 574.8409423828125
190.85227966308594 575.206787109375
190.28274536132812 575.55419921875
189.70217895507812 575.8828735351562
189.1112060546875 576.1924438476562
188.51043701171875 576.4825439453125
187.90052795410156 576.7528686523438
187.28211975097656 577.003173828125
186.65586853027344 577.233154296875
186.02244567871094 577.4425659179688
185.3825225830078 577.6312255859375
184.73678588867188 577.7988891601562
184.08592224121094 577.9453735351562
183.4306182861328 578.070556640625
182.7716064453125 578.1742553710938
182.17886352539062 578.2456665039062
181.58346557617188 578.29345703125
180.9866485595703 578.3175048828125
180.38934326171875 578.3177490234375
179.79251098632812 578.2942504882812
179.19708251953125 578.2470092773438
178.60401916503906 578.1760864257812
178.0142364501953 578.0816040039062
177.42869567871094 577.9637451171875
176.8483123779297 577.8226928710938
176.27401733398438 577.6586303710938
175.7067108154297 577.4718627929688
175.14727783203125 577.2626342773438
174.59658813476562 577.0313110351562
174.05523681640625 576.7781372070312
173.52232360839844 576.5026245117188
172.99766540527344 576.2046508789062
172.43792724609375 575.8591918945312
171.88058471679688 575.4891357421875
171.33502197265625 575.1007690429688
170.80238342285156 574.6948852539062
170.28323364257812 574.2719116210938
169.77810668945312 573.832275390625
169.28753662109375 573.37646484375
168.81204223632812 572.9049072265625
168.3521270751953 572.4181518554688
167.9082794189453 571.9166870117188
167.48095703125 571.4010620117188
167.0706329345703 570.871826171875
166.67771911621094 570.3295288085938
166.30264282226562 569.7747802734375
165.94580078125 569.2081298828125
165.60757446289062 568.6301879882812
165.28831481933594 568.0415649414062
164.9883575439453 567.44287109375
164.70802307128906 566.834716796875
164.44760131835938 566.2177734375
164.20736694335938 565.5927124023438
163.98757934570312 564.9601440429688
163.78846740722656 564.32080078125
163.61024475097656 563.67529296875
163.45310974121094 563.0243530273438
163.3172149658203 562.36865234375
163.2027130126953 561.7088623046875
163.10971069335938 561.0457153320312
163.03831481933594 560.3798828125
162.9886016845703 559.7120971679688
162.96063232421875 559.0430297851562
162.9544219970703 558.3734130859375
162.96998596191406 557.7039184570312
163.00729370117188 557.0352783203125
163.0663299560547 556.3682250976562
163.1470184326172 555.7034301757812
163.249267578125 555.0416259765625
163.3729705810547 554.3834838867188
163.51800537109375 553.729736328125
163.68421936035156 553.0810546875
163.87142944335938 552.4381103515625
164.07943725585938 551.8015747070312
164.3080291748047 551.172119140625
164.5569610595703 550.5504760742188
164.8259735107422 549.937255859375
165.11477661132812 549.3330688476562
165.42306518554688 548.7385864257812
165.75051879882812 548.1544799804688
166.09678649902344 547.581298828125
166.4615020751953 547.0196533203125
166.8442840576172 546.4701538085938
167.24478149414062 545.933349609375
167.66287231445312 545.4093627929688
168.0989990234375 544.8976440429688
168.55563354492188 544.3952026367188
169.02894592285156 543.90625
169.53382873535156 543.415283203125
170.07992553710938 542.9121704101562
170.64053344726562 542.4208984375
171.21649169921875 541.9405517578125
171.80740356445312 541.4712524414062
172.43211364746094 540.9972534179688
173.09609985351562 540.5126953125
173.7725067138672 540.0358276367188
174.46029663085938 539.5670166015625
175.158447265625 539.1066284179688
175.86866760253906 538.6531372070312
176.58456420898438 538.2103881835938
177.30645751953125 537.7782592773438
178.03219604492188 537.358154296875
178.7624053955078 536.9498291015625
179.49697875976562 536.553466796875
180.23831176757812 536.1677856445312
180.9837646484375 535.794189453125
181.73336791992188 535.4328002929688
182.4871826171875 535.0836181640625
183.24526977539062 534.7467041015625
184.0076904296875 534.422119140625
184.77310180664062 534.1105346679688
185.54331970214844 533.811279296875
186.3181610107422 533.5244140625
187.0974578857422 533.25
187.8810272216797 532.9880981445312
188.66871643066406 532.73876953125
189.4602813720703 532.5020751953125
190.25552368164062 532.278076171875
191.05763244628906 532.0657958984375
191.86692810058594 531.8649291992188
192.69212341308594 531.6727905273438
193.52255249023438 531.4913330078125
194.363525390625 531.319091796875
195.208984375 531.1569213867188
196.05325317382812 531.0059814453125
196.8992156982422 530.8658447265625
197.7457275390625 530.7367553710938
198.5935516357422 530.61865234375
199.44252014160156 530.5115966796875
200.27967834472656 530.4176635742188
201.11737060546875 530.3359985351562
201.9286346435547 530.27001953125
202.7396240234375 530.2183837890625
203.5481719970703 530.181396484375
204.35597229003906 530.1590576171875
205.1296844482422 530.1531372070312
205.86129760742188 530.1650390625
206.56298828125 530.1958618164062
207.26272583007812 530.2471313476562
207.9449462890625 530.3177490234375
208.637451171875 530.41064453125
209.3269500732422 530.5239868164062
210.00143432617188 530.6558227539062
210.66098022460938 530.8062744140625
211.3168182373047 530.9779663085938
211.9697723388672 531.1710815429688
212.619384765625 531.3854370117188
213.2560272216797 531.6178588867188
213.8787841796875 531.8681030273438
214.49391174316406 532.138671875
215.09996032714844 532.428955078125
215.69638061523438 532.7386474609375
216.2821502685547 533.0672607421875
216.8559112548828 533.4140014648438
217.41842651367188 533.7793579101562
217.9696502685547 534.1632690429688
218.50814819335938 534.564697265625
219.03335571289062 534.9832763671875
219.54238891601562 535.4166870117188
220.03700256347656 535.866455078125
220.51649475097656 536.3318481445312
220.98094177246094 536.81298828125
221.4291534423828 537.3086547851562
221.86062622070312 537.8182373046875
222.27523803710938 538.3416137695312
222.6724853515625 538.8781127929688
223.05194091796875 539.4271850585938
223.4131622314453 539.9881591796875
223.7559051513672 540.5606079101562
224.07977294921875 541.1439208984375
224.3844451904297 541.737548828125
224.66957092285156 542.3407592773438
224.9348602294922 542.9529418945312
225.18002319335938 543.5734252929688
225.40480041503906 544.2015991210938
225.6089630126953 544.8367919921875
225.79229736328125 545.478271484375
225.95458984375 546.1254272460938
226.09568786621094 546.7775268554688
226.21542358398438 547.433837890625
226.3136749267578 548.09375
226.39035034179688 548.7564697265625
226.4453582763672 549.4213256835938
226.4786376953125 550.087646484375
226.4901580810547 550.7546997070312
226.4799041748047 551.4217529296875
226.4478759765625 552.088134765625
226.3941192626953 552.7531127929688
226.31869506835938 553.416015625
226.2216796875 554.0760498046875
226.10317993164062 554.7326049804688
225.96331787109375 555.3849487304688
225.80224609375 556.0323486328125
225.62013244628906 556.6741333007812
225.4171600341797 557.3096313476562
225.1935577392578 557.9381713867188
224.94956970214844 558.55908203125
224.68544006347656 559.1716918945312
224.68544006347656 559.1716918945312
224.68544006347656 559.1716918945312
224.68544006347656 559.1716918945312
224.68544006347656 559.1716918945312
224.68544006347656 559.1716918945312
224.68544006347656 559.1716918945312
224.68544006347656 559.1716918945312
224.68544006347656 559.1716918945312
224.68544006347656 559.1716918945312
224.68544006347656 559.1716918945312
224.68544006347656 559.1716918945312
224.68544006347656 559.1716918945312
224.68544006347656 559.1716918945312
224.68544006347656 559.1716918945312
224.68544006347656 559.1716918945312
224.68544006347656 559.1716918945312
224.68544006347656 559.1716918945312
224.68544006347656 559.1716918945312
224.68544006347656 559.1716918945312
224.10348510742188 559.4979248046875
224.10348510742188 559.4979248046875
224.10348510742188 559.4979248046875
223.49185180664062 559.7659912109375
222.87132263183594 560.01416015625
222.242919921875 560.2420043945312
221.61143493652344 560.4478149414062
221.03680419921875 560.6121826171875
220.45643615722656 560.7534790039062
219.87086486816406 560.87158203125
219.28099060058594 560.96630859375
218.68783569335938 561.0374755859375
218.0922088623047 561.0850219726562
217.4949493408203 561.1088256835938
216.89581298828125 561.1089477539062
216.29742431640625 561.0853271484375
215.6990203857422 561.0379028320312
215.10031127929688 560.9666748046875
214.5000457763672 560.8713989257812
213.88182067871094 560.749267578125
213.25563049316406 560.60205078125
212.61611938476562 560.428466796875
211.979248046875 560.2327880859375
211.34645080566406 560.0154418945312
210.72056579589844 559.7774658203125
210.1027069091797 559.5192260742188
209.49354553222656 559.2410278320312
208.8937530517578 558.9431762695312
208.30397033691406 558.6259765625
207.72482299804688 558.289794921875
207.1569061279297 557.9349365234375
206.60081481933594 557.5618286132812
206.05714416503906 557.1708374023438
205.52647399902344 556.7623901367188
205.00936889648438 556.3369140625
204.50636291503906 555.8948364257812
204.0179901123047 555.4366455078125
203.54476928710938 554.9628295898438
203.0872039794922 554.473876953125
202.64578247070312 553.9702758789062
202.22096252441406 553.45263671875
201.8131866455078 552.9214477539062
201.4228973388672 552.3772583007812
201.05050659179688 551.8206787109375
200.6964111328125 551.2523193359375
200.36097717285156 550.6727294921875
200.0445556640625 550.08251953125
199.7474822998047 549.4823608398438
199.47007751464844 548.8728637695312
199.21263122558594 548.2546997070312
198.9754180908203 547.6284790039062
198.7587127685547 546.9949340820312
198.56272888183594 546.3546752929688
198.38768005371094 545.7084350585938
198.23373413085938 545.0568237304688
198.10105895996094 544.4005737304688
197.9897918701172 543.7403564453125
197.90003967285156 543.0767211914062
197.8319091796875 542.4105224609375
197.78546142578125 541.7424926757812
197.76075744628906 541.0733032226562
197.75782775878906 540.4036254882812
197.7766571044922 539.7342529296875
197.81724548339844 539.0658569335938
197.87953186035156 538.3991088867188
197.96347045898438 537.7347412109375
198.06895446777344 537.0734252929688
198.1958770751953 536.4158935546875
198.3441162109375 535.7628784179688
198.5135040283203 535.114990234375
198.703857421875 534.4729614257812
198.91497802734375 533.8374633789062
199.1466522216797 533.2091674804688
199.39862060546875 532.5887451171875
199.67063903808594 531.976806640625
199.96287536621094 531.3729858398438
200.27581787109375 530.7762451171875
200.6080780029297 530.1891479492188
200.95547485351562 529.619140625
201.36082458496094 528.9951782226562
201.80979919433594 528.3363647460938
202.27587890625 527.679443359375
202.76170349121094 527.019775390625
203.27198791503906 526.34912109375
203.78477478027344 525.6958618164062
204.31488037109375 525.0410766601562
204.85369873046875 524.394775390625
205.40087890625 523.757568359375
205.95616149902344 523.1298217773438
206.5194091796875 522.5119018554688
207.0906219482422 521.9039306640625
207.66983032226562 521.3060302734375
208.2571258544922 520.7182006835938
208.85057067871094 520.1426391601562
209.45298767089844 519.5767822265625
210.06427001953125 519.0206909179688
210.68431091308594 518.4745483398438
211.31297302246094 517.9384155273438
211.95008850097656 517.4124145507812
212.59555053710938 516.896728515625
213.24917602539062 516.3914184570312
213.91082763671875 515.8966064453125
214.580322265625 515.4124755859375
215.25747680664062 514.9390869140625
215.942138671875 514.4766235351562
216.6341094970703 514.025146484375
217.33322143554688 513.5848388671875
218.03929138183594 513.15576171875
218.75213623046875 512.738037109375
219.47158813476562 512.3317260742188
220.19744873046875 511.93701171875
220.92953491210938 511.553955078125
221.6676483154297 511.1826477050781
222.41162109375 510.8232116699219
223.1612548828125 510.4757080078125
223.91635131835938 510.1402587890625
224.67672729492188 509.8169250488281
225.44216918945312 509.50579833984375
226.2182159423828 509.2044372558594
227.0004119873047 508.91436767578125
227.78883361816406 508.6354064941406
228.58963012695312 508.36505126953125
229.3915252685547 508.10693359375
230.2051544189453 507.857421875
231.03370666503906 507.6148376464844
231.8656768798828 507.38214111328125
232.70140075683594 507.1591491699219
233.53817749023438 506.9465637207031
234.38034057617188 506.74322509765625
235.22897338867188 506.54852294921875
236.0765838623047 506.3640441894531
236.9451904296875 506.1840515136719
237.81640625 506.01123046875
238.68951416015625 505.8456115722656
239.5533447265625 505.6898193359375
240.4182891845703 505.54248046875
241.2841339111328 505.4037170410156
242.1531524658203 505.2730712890625
243.000244140625 505.1552429199219
243.84808349609375 505.0480651855469
244.69639587402344 504.95166015625
245.53392028808594 504.86773681640625
246.34954833984375 504.798583984375
247.1650390625 504.74310302734375
247.98013305664062 504.7013854980469
248.76608276367188 504.67572021484375
249.55136108398438 504.6658935546875
250.33555603027344 504.6719665527344
251.1182403564453 504.6939697265625
251.89942932128906 504.73193359375
252.6780242919922 504.7858581542969
253.4533233642578 504.85577392578125
254.2244873046875 504.941650390625
254.9905548095703 505.0434875488281
255.75363159179688 505.1615905761719
256.4811706542969 505.29144287109375
257.1985778808594 505.43804931640625
257.9107666015625 505.60235595703125
258.64105224609375 505.7896423339844
259.3139953613281 505.9813537597656
260.0149841308594 506.20208740234375
260.6966857910156 506.43670654296875
261.3398742675781 506.6791076660156
261.9756164550781 506.94122314453125
262.6091003417969 507.2251892089844
263.2494201660156 507.534912109375
263.8815002441406 507.8629150390625
264.515380859375 508.21429443359375
265.11328125 508.5682678222656
265.69219970703125 508.9352111816406
266.27301025390625 509.3282775878906
266.8419189453125 509.738037109375
267.39837646484375 510.1640930175781
267.92681884765625 510.59466552734375
268.4493103027344 511.0477600097656
268.4493103027344 511.0477600097656
268.4493103027344 511.0477600097656
268.4493103027344 511.0477600097656
268.4493103027344 511.0477600097656
268.4493103027344 511.0477600097656
268.4493103027344 511.0477600097656
268.4493103027344 511.0477600097656
268.4493103027344 511.0477600097656
268.4493103027344 511.0477600097656
268.4493103027344 511.0477600097656
268.4493103027344 511.0477600097656
268.4493103027344 511.0477600097656
268.4493103027344 511.0477600097656
268.4493103027344 511.0477600097656
268.4493103027344 511.0477600097656
268.4493103027344 511.0477600097656
268.4493103027344 511.0477600097656
268.4493103027344 511.0477600097656
268.4493103027344 511.0477600097656
268.4493103027344 511.0477600097656
268.4493103027344 511.0477600097656
268.4493103027344 511.0477600097656
268.4493103027344 511.0477600097656
268.4493103027344 511.0477600097656
268.4493103027344 511.0477600097656
268.4493103027344 511.0477600097656
268.4493103027344 511.0477600097656
268.4493103027344 511.0477600097656
268.4493103027344 511.0477600097656
268.4493103027344 511.0477600097656
268.4493103027344 511.0477600097656
268.4493103027344 511.0477600097656
268.4493103027344 511.0477600097656
268.4493103027344 511.0477600097656
268.4493103027344 511.0477600097656
268.4493103027344 511.0477600097656
268.4493103027344 511.0477600097656
268.4493103027344 511.0477600097656
268.4493103027344 511.0477600097656
268.4493103027344 511.0477600097656
268.4493103027344 511.0477600097656
268.4493103027344 511.0477600097656
268.4493103027344 511.0477600097656
268.4493103027344 511.0477600097656
268.4493103027344 511.0477600097656
268.4493103027344 511.0477600097656
268.4493103027344 511.0477600097656
268.0581359863281 511.4989929199219
268.0581359863281 511.4989929199219
268.0581359863281 511.4989929199219
268.0581359863281 511.4989929199219
268.0581359863281 511.4989929199219
268.0581359863281 511.4989929199219
268.0581359863281 511.4989929199219
268.0581359863281 511.4989929199219
268.0581359863281 511.4989929199219
268.0581359863281 511.4989929199219
268.0581359863281 511.4989929199219
268.0581359863281 511.4989929199219
268.0581359863281 511.4989929199219
268.0581359863281 511.4989929199219
268.0581359863281 511.4989929199219
268.0581359863281 511.4989929199219
268.0581359863281 511.4989929199219
268.0581359863281 511.4989929199219
268.0581359863281 511.4989929199219
268.0581359863281 511.4989929199219
268.0581359863281 511.4989929199219
268.0581359863281 511.4989929199219
268.0581359863281 511.4989929199219
267.3885192871094 511.49285888671875
266.7194519042969 511.4649658203125
266.0516357421875 511.41534423828125
265.3857727050781 511.3440246582031
264.72259521484375 511.2510986328125
264.0627746582031 511.1366882324219
263.40704345703125 511.0008850097656
262.7560729980469 510.8438415527344
262.11053466796875 510.66571044921875
261.47113037109375 510.4666748046875
260.8385314941406 510.2469787597656
260.2134094238281 510.0068359375
259.596435546875 509.7464904785156
258.9882507324219 509.4662170410156
258.3894958496094 509.16632080078125
257.8008117675781 508.8471374511719
257.2228088378906 508.50897216796875
256.6560974121094 508.1521911621094
256.10137939453125 507.7772521972656
255.5591583251953 507.38446044921875
255.0299835205078 506.9742431640625
254.51441955566406 506.5470275878906
254.01296997070312 506.1032409667969
253.52618408203125 505.64337158203125
253.0546112060547 505.16790771484375
252.59873962402344 504.6773681640625
252.1590576171875 504.1722717285156
251.73602294921875 503.65313720703125
251.33009338378906 503.12054443359375
250.9416961669922 502.5750427246094
250.57122802734375 502.0171813964844
250.21908569335938 501.44757080078125
249.88565063476562 500.8668212890625
249.57127380371094 500.2755432128906
249.27627563476562 499.6743469238281
249.0009765625 499.06390380859375
248.74566650390625 498.44482421875
248.5106201171875 497.8177795410156
248.29608154296875 497.18341064453125
248.10227966308594 496.5423889160156
247.92941284179688 495.8953857421875
247.7776641845703 495.24310302734375
247.64718627929688 494.58624267578125
247.5381317138672 493.9255065917969
247.45062255859375 493.2615661621094
247.38473510742188 492.5951232910156
247.34054565429688 491.9269104003906
247.31809997558594 491.2575988769531
247.31741333007812 490.5879211425781
247.3385009765625 489.9185791015625
247.38133239746094 489.25030517578125
247.44586181640625 488.5837707519531
247.5320281982422 487.919677734375
247.63973999023438 487.25872802734375
247.7688751220703 486.6016540527344
247.9193115234375 485.9491271972656
248.09088134765625 485.30181884765625
248.2834014892578 484.6604309082031
248.4966583251953 484.025634765625
248.73043823242188 483.3981018066406
248.9844970703125 482.77850341796875
249.25856018066406 482.1675109863281
249.55233764648438 481.56573486328125
249.8655242919922 480.97381591796875
250.19778442382812 480.39239501953125
250.5487823486328 479.82208251953125
250.91812133789062 479.26348876953125
251.30543518066406 478.7171936035156
251.8009033203125 478.0529479980469
252.306640625 477.3967590332031
252.822265625 476.74920654296875
253.3477783203125 476.1103210449219
253.883056640625 475.4802551269531
254.42819213867188 474.8589782714844
254.98309326171875 474.2466125488281
255.5476531982422 473.64324951171875
256.12176513671875 473.0490417480469
256.7052917480469 472.4641418457031
257.298095703125 471.8886413574219
257.9000244140625 471.3227233886719
258.5109558105469 470.7665100097656
259.1307067871094 470.2201232910156
259.7591247558594 469.6837158203125
260.39605712890625 469.1574401855469
261.04132080078125 468.64141845703125
261.69476318359375 468.13580322265625
262.3562316894531 467.64068603515625
263.0255432128906 467.1562194824219
263.7025146484375 466.6825256347656
264.3869934082031 466.2197265625
265.0787658691406 465.7679443359375
265.7776794433594 465.3272705078125
266.48358154296875 464.8978576660156
267.1962585449219 464.47979736328125
267.91552734375 464.07318115234375
268.6412353515625 463.6781311035156
269.3731689453125 463.29473876953125
270.1111145019531 462.923095703125
270.85491943359375 462.5633239746094
271.6044006347656 462.2154846191406
272.3593444824219 461.8796691894531
273.11956787109375 461.55596923828125
273.8848876953125 461.2444763183594
274.65509033203125 460.9452819824219
275.4300231933594 460.6584167480469
276.20941162109375 460.3840026855469
276.9930725097656 460.1221008300781
277.78082275390625 459.8727722167969
278.5725402832031 459.63604736328125
279.36810302734375 459.4119567871094
280.167236328125 459.2005615234375
280.9698181152344 459.00189208984375
281.77496337890625 458.816162109375
282.584228515625 458.64300537109375
283.3955078125 458.48284912109375
284.20953369140625 458.3355712890625
285.02972412109375 458.20037841796875
285.8497619628906 458.0782775878906
286.67266845703125 457.9688415527344
287.4944152832031 457.8726806640625
288.3365783691406 457.7866516113281
289.1835632324219 457.7114562988281
290.0250244140625 457.64813232421875
290.85748291015625 457.59759521484375
291.7008361816406 457.55859375
292.5395202636719 457.53167724609375
293.4020690917969 457.5151062011719
294.2575378417969 457.5088195800781
295.1219482421875 457.5125732421875
295.9877624511719 457.52581787109375
296.8567810058594 457.5483093261719
297.7260437011719 457.57977294921875
298.5950012207031 457.6201171875
299.4619140625 457.66937255859375
300.329833984375 457.72772216796875
301.1972351074219 457.7949523925781
302.0639343261719 457.87103271484375
302.92974853515625 457.9559631347656
303.79461669921875 458.04974365234375
304.65850830078125 458.1523742675781
305.5213928222656 458.2638244628906
306.3830871582031 458.3840637207031
307.2434997558594 458.5130920410156
308.1025390625 458.6509094238281
308.96014404296875 458.7974853515625
309.8161926269531 458.95281982421875
310.6706237792969 459.11688232421875
311.5233459472656 459.2896728515625
312.3742370605469 459.4711608886719
313.2232360839844 459.66131591796875
314.07025146484375 459.8601379394531
314.9151916503906 460.0675964355469
315.7579650878906 460.2836608886719
315.7579650878906 460.2836608886719
315.7579650878906 460.2836608886719
315.7579650878906 460.2836608886719
315.7579650878906 460.2836608886719
315.7579650878906 460.2836608886719
315.7579650878906 460.2836608886719
315.7579650878906 460.2836608886719
315.7579650878906 460.2836608886719
315.7579650878906 460.2836608886719
315.7579650878906 460.2836608886719
315.7579650878906 460.2836608886719
315.7579650878906 460.2836608886719
315.7579650878906 460.2836608886719
315.7579650878906 460.2836608886719
315.7579650878906 460.2836608886719
315.7579650878906 460.2836608886719
315.7579650878906 460.2836608886719
315.7579650878906 460.2836608886719
315.7579650878906 460.2836608886719
315.7579650878906 460.2836608886719
315.7579650878906 460.2836608886719
315.7579650878906 460.2836608886719
315.7579650878906 460.2836608886719
315.7579650878906 460.2836608886719
315.7579650878906 460.2836608886719
315.7579650878906 460.2836608886719
315.7579650878906 460.2836608886719
315.7579650878906 460.2836608886719
315.7579650878906 460.2836608886719
315.7579650878906 460.2836608886719
315.7579650878906 460.2836608886719
315.7579650878906 460.2836608886719
315.7579650878906 460.2836608886719
315.7579650878906 460.2836608886719
315.7579650878906 460.2836608886719
315.7579650878906 460.2836608886719
315.7579650878906 460.2836608886719
315.7579650878906 460.2836608886719
315.7579650878906 460.2836608886719
315.7579650878906 460.2836608886719
315.7579650878906 460.2836608886719
315.7579650878906 460.2836608886719
315.7579650878906 460.2836608886719
315.7579650878906 460.2836608886719
315.7579650878906 460.2836608886719
315.7579650878906 460.2836608886719
315.7579650878906 460.2836608886719
315.7579650878906 460.2836608886719
315.7579650878906 460.2836608886719
315.7579650878906 460.2836608886719
315.7579650878906 460.2836608886719
315.7579650878906 460.2836608886719
315.7579650878906 460.2836608886719
315.7579650878906 460.2836608886719
315.7579650878906 460.2836608886719
315.7579650878906 460.2836608886719
315.7579650878906 460.2836608886719
315.7579650878906 460.2836608886719
315.7579650878906 460.2836608886719
315.7579650878906 460.2836608886719
315.7579650878906 460.2836608886719
315.7579650878906 460.2836608886719
315.7579650878906 460.2836608886719
315.7579650878906 460.2836608886719
315.7579650878906 460.2836608886719
315.7579650878906 460.2836608886719
315.7579650878906 460.2836608886719
315.7579650878906 460.2836608886719
315.7579650878906 460.2836608886719
315.7579650878906 460.2836608886719
315.7579650878906 460.2836608886719
315.7579650878906 460.2836608886719
315.7579650878906 460.2836608886719
315.7579650878906 460.2836608886719
315.7579650878906 460.2836608886719
315.7579650878906 460.2836608886719
315.7579650878906 460.2836608886719
315.7579650878906 460.2836608886719
315.7579650878906 460.2836608886719
315.7579650878906 460.2836608886719
315.7579650878906 460.2836608886719
315.7579650878906 460.2836608886719
315.7579650878906 460.2836608886719
315.7579650878906 460.2836608886719
315.7579650878906 460.2836608886719
315.7579650878906 460.2836608886719
315.7579650878906 460.2836608886719
315.7579650878906 460.2836608886719
315.7579650878906 460.2836608886719
315.7579650878906 460.2836608886719
315.7579650878906 460.2836608886719
315.7579650878906 460.2836608886719
315.7579650878906 460.2836608886719
315.7579650878906 460.2836608886719
315.7579650878906 460.2836608886719
315.7579650878906 460.2836608886719
315.7579650878906 460.2836608886719
315.7579650878906 460.2836608886719
315.7579650878906 460.2836608886719
315.7579650878906 460.2836608886719
315.7579650878906 460.2836608886719
315.7579650878906 460.2836608886719
315.7579650878906 460.2836608886719
315.7579650878906 460.2836608886719
315.7579650878906 460.2836608886719
315.7579650878906 460.2836608886719
315.7579650878906 460.2836608886719
315.7579650878906 460.2836608886719
315.7579650878906 460.2836608886719
315.7579650878906 460.2836608886719
315.7579650878906 460.2836608886719
315.7579650878906 460.2836608886719
315.7579650878906 460.2836608886719
315.7579650878906 460.2836608886719
315.7579650878906 460.2836608886719
315.7579650878906 460.2836608886719
315.7579650878906 460.2836608886719
315.7579650878906 460.2836608886719
315.7579650878906 460.2836608886719
315.7579650878906 460.2836608886719
315.1944580078125 460.4813537597656
315.1944580078125 460.4813537597656
315.1944580078125 460.4813537597656
315.1944580078125 460.4813537597656
315.1944580078125 460.4813537597656
315.1944580078125 460.4813537597656
315.1944580078125 460.4813537597656
315.1944580078125 460.4813537597656
315.1944580078125 460.4813537597656
314.52484130859375 460.486083984375
313.85540771484375 460.4690246582031
313.1868896484375 460.4302062988281
312.51995849609375 460.36968994140625
311.8553466796875 460.28753662109375
311.19378662109375 460.1838073730469
310.5359191894531 460.0586242675781
309.8824768066406 459.9121398925781
309.2341613769531 459.7444763183594
308.59161376953125 459.5558166503906
307.9555358886719 459.34637451171875
307.3266296386719 459.1163635253906
306.70550537109375 458.86602783203125
306.0928649902344 458.59564208984375
305.48931884765625 458.30548095703125
304.8948059082031 457.9955139160156
304.3101806640625 457.6661682128906
303.7326965332031 457.3159484863281
303.1643981933594 456.9460754394531
302.5907897949219 456.5472412109375
302.02557373046875 456.129150390625
301.4646301269531 455.6888732910156
300.8711242675781 455.1984558105469
300.2816162109375 454.6894226074219
299.6961364746094 454.1622314453125
299.11480712890625 453.6175537109375
298.53643798828125 453.0548095703125
297.9630432128906 452.4765930175781
297.3804626464844 451.8699645996094
296.8058166503906 451.2539978027344
296.2397155761719 450.6294250488281
295.68280029296875 449.9969787597656
295.1356201171875 449.3572692871094
294.59869384765625 448.7107849121094
294.07763671875 448.0638427734375
293.5674743652344 447.4097595214844
293.0682067871094 446.74847412109375
292.5798645019531 446.0799255371094
292.10247802734375 445.4041748046875
291.6361389160156 444.7212219238281
291.180908203125 444.0311584472656
290.7368469238281 443.3340759277344
290.3040466308594 442.6300964355469
289.882568359375 441.9192810058594
289.4725341796875 441.2018737792969
289.0740661621094 440.4780578613281
288.687255859375 439.74798583984375
288.31219482421875 439.0118408203125
287.948974609375 438.2698059082031
287.59161376953125 437.510498046875
287.2442321777344 436.7436828613281
286.9046325683594 435.9652404785156
286.5723571777344 435.1752624511719
286.2503356933594 434.3812561035156
285.9386291503906 433.5833435058594
285.6372985839844 432.7817077636719
285.3492431640625 431.9832458496094
285.07232666015625 431.1812438964844
284.8119201660156 430.38970947265625
284.566650390625 429.6022033691406
284.3275146484375 428.7911376953125
284.1086730957031 428.003662109375
283.9037780761719 427.2138671875
283.7151184082031 426.4294128417969
283.5412292480469 425.64306640625
283.393310546875 424.90069580078125
283.2531433105469 424.11041259765625
283.1372985839844 423.3653259277344
283.0461120605469 422.6584777832031
282.97723388671875 421.9670104980469
282.9293518066406 421.2761535644531
282.90362548828125 420.601806640625
282.89947509765625 419.9271240234375
282.91693115234375 419.25274658203125
282.9560546875 418.5741271972656
283.0162353515625 417.9026794433594
283.0979919433594 417.2322692871094
283.20068359375 416.5684509277344
283.3245849609375 415.9093933105469
283.46978759765625 415.2546081542969
283.6361389160156 414.60479736328125
283.82342529296875 413.9608154296875
284.031494140625 413.3232116699219
284.260009765625 412.69293212890625
284.50885009765625 412.0704040527344
284.77789306640625 411.45587158203125
