59.99981689453125 449.9997863769531
59.999656677246094 449.99957275390625
59.99951934814453 449.99932861328125
59.99940490722656 449.99908447265625
59.99931335449219 449.99884033203125
59.99924850463867 449.9985656738281
59.999210357666016 449.998291015625
59.99919891357422 449.9980163574219
59.99921798706055 449.99774169921875
59.999271392822266 449.9974060058594
59.9994010925293 449.9969177246094
59.99961471557617 449.996337890625
59.99989700317383 449.99578857421875
60.00023651123047 449.9952392578125
60.000614166259766 449.9947509765625
60.000831604003906 449.9945373535156
60.00096893310547 449.9944152832031
60.00111770629883 449.99432373046875
60.001319885253906 449.99420166015625
60.00162124633789 449.99407958984375
60.00197219848633 449.99395751953125
60.00233459472656 449.9938659667969
60.00261306762695 449.99383544921875
60.00288391113281 449.99383544921875
60.00315475463867 449.9938659667969
60.003421783447266 449.9939270019531
60.00368118286133 449.9940185546875
60.00393295288086 449.9941101074219
60.004173278808594 449.9942321777344
60.004398345947266 449.994384765625
60.004608154296875 449.99456787109375
60.004798889160156 449.9947509765625
60.00497055053711 449.9949645996094
60.005123138427734 449.9952087402344
60.005279541015625 449.9955139160156
60.0053825378418 449.9957580566406
60.00545883178711 449.99603271484375
60.00550842285156 449.9963073730469
60.005531311035156 449.99658203125
60.005523681640625 449.9968566894531
60.005489349365234 449.99713134765625
60.005428314208984 449.9974060058594
60.005340576171875 449.9976501464844
60.00522994995117 449.9978942871094
60.00509262084961 449.9981384277344
60.00493240356445 449.99835205078125
60.00475311279297 449.9985656738281
60.004554748535156 449.9987487792969
60.004337310791016 449.9989013671875
60.00410461425781 449.9990539550781
60.00386047363281 449.9991760253906
60.003604888916016 449.999267578125
60.00334167480469 449.99932861328125
60.00307083129883 449.9993591308594
60.00279998779297 449.9993591308594
60.00252914428711 449.9993591308594
60.00225830078125 449.99932861328125
60.00199508666992 449.999267578125
60.001739501953125 449.9991760253906
60.001495361328125 449.9990539550781
60.00126266479492 449.9989013671875
60.00104522705078 449.9987487792969
60.00084686279297 449.9985656738281
60.000667572021484 449.99835205078125
60.00050735473633 449.9981384277344
60.000370025634766 449.9978942871094
60.00025939941406 449.9976501464844
60.00017166137695 449.9974060058594
60.0001106262207 449.99713134765625
60.00007629394531 449.9968566894531
60.00007247924805 449.99658203125
60.00009536743164 449.9963073730469
60.000160217285156 449.9959411621094
60.00029754638672 449.9954833984375
60.00052261352539 449.99493408203125
60.00081253051758 449.994384765625
60.00115966796875 449.9938659667969
60.001522064208984 449.993408203125
60.00174331665039 449.9931945800781
60.00188064575195 449.9930725097656
60.00204849243164 449.9929504394531
60.00226974487305 449.9928283691406
60.00258255004883 449.9927062988281
60.0029411315918 449.9925842285156
60.0033073425293 449.9925231933594
60.00358581542969 449.99249267578125
60.00385665893555 449.99249267578125
60.004127502441406 449.9925231933594
60.00439453125 449.9925842285156
60.00465393066406 449.99267578125
60.004905700683594 449.9927978515625
60.00514221191406 449.992919921875
60.005367279052734 449.9930725097656
60.00557327270508 449.9932556152344
60.005760192871094 449.9934387207031
60.00592803955078 449.99365234375
60.00607681274414 449.993896484375
60.00621032714844 449.9941711425781
60.006309509277344 449.9944152832031
60.00638198852539 449.99468994140625
60.00642776489258 449.9949645996094
60.006446838378906 449.9952392578125
60.00643539428711 449.9955139160156
60.00639724731445 449.99578857421875
60.00633239746094 449.9960632324219
60.00624084472656 449.9963073730469
60.006126403808594 449.9965515136719
60.005985260009766 449.9967956542969
60.00582504272461 449.99700927734375
60.00564193725586 449.9972229003906
60.00543975830078 449.9974060058594
60.005218505859375 449.99755859375
60.004981994628906 449.9977111816406
60.00473403930664 449.9978332519531
60.00447463989258 449.9979248046875
60.004207611083984 449.99798583984375
60.003936767578125 449.9980163574219
60.003665924072266 449.9980163574219
60.003395080566406 449.99798583984375
60.00312423706055 449.9979553222656
60.00286102294922 449.9978942871094
60.00260543823242 449.997802734375
60.00236129760742 449.9976806640625
60.002132415771484 449.9975280761719
60.00191879272461 449.9973449707031
60.0017204284668 449.9971618652344
60.00154495239258 449.9969482421875
60.00138854980469 449.9967346191406
60.00125503540039 449.9964904785156
60.00114822387695 449.9962463378906
60.00106430053711 449.9959716796875
60.001007080078125 449.9956970214844
60.0009765625 449.99542236328125
60.0009765625 449.9951477050781
60.00100326538086 449.994873046875
60.0010871887207 449.99444580078125
60.001243591308594 449.9939270019531
60.00148010253906 449.99334716796875
60.00178146362305 449.9927978515625
60.002140045166016 449.9922790527344
60.00251007080078 449.9918212890625
60.00273513793945 449.9916076660156
60.00286865234375 449.99151611328125
60.00303649902344 449.99139404296875
60.00328063964844 449.99127197265625
60.00360870361328 449.99114990234375
60.003971099853516 449.9910583496094
60.00432205200195 449.9909973144531
60.00459671020508 449.990966796875
60.00486755371094 449.990966796875
60.0051383972168 449.9909973144531
60.00540542602539 449.9910583496094
60.00566482543945 449.99114990234375
60.00591278076172 449.99127197265625
60.00614929199219 449.99139404296875
60.006370544433594 449.9915466308594
60.00657653808594 449.9917297363281
60.00676345825195 449.991943359375
60.006927490234375 449.9921569824219
60.007080078125 449.9924011230469
60.00720977783203 449.99267578125
60.007301330566406 449.992919921875
60.00736999511719 449.9931945800781
60.00741195678711 449.99346923828125
60.007423400878906 449.9937438964844
60.007408142089844 449.9940185546875
60.00736618041992 449.9942932128906
60.00729751586914 449.99456787109375
60.0072021484375 449.99481201171875
60.007083892822266 449.99505615234375
60.00694274902344 449.99530029296875
60.006778717041016 449.9955139160156
60.006591796875 449.9957275390625
60.006385803222656 449.99591064453125
60.00616455078125 449.9960632324219
60.00592803955078 449.9961853027344
60.005680084228516 449.9963073730469
60.00542068481445 449.99639892578125
60.00515365600586 449.9964599609375
60.0048828125 449.9964904785156
60.00461196899414 449.9964904785156
60.00434112548828 449.9964599609375
60.00407409667969 449.99639892578125
60.00381088256836 449.996337890625
60.00355911254883 449.9962463378906
60.003318786621094 449.9961242675781
60.003089904785156 449.9959716796875
60.00287628173828 449.99578857421875
60.002681732177734 449.99560546875
60.002506256103516 449.9953918457031
60.00235366821289 449.99517822265625
60.00222396850586 449.99493408203125
60.00212097167969 449.99468994140625
60.002044677734375 449.9944152832031
60.001991271972656 449.994140625
60.00196838378906 449.9938659667969
60.00197219848633 449.99359130859375
60.00200653076172 449.9932861328125
60.00209426879883 449.99285888671875
60.00225830078125 449.9923400878906
60.00250244140625 449.99176025390625
60.002811431884766 449.9912109375
60.003177642822266 449.9906921386719
60.00353240966797 449.9902648925781
60.00370788574219 449.9900817871094
60.003841400146484 449.989990234375
60.00401306152344 449.9898681640625
60.0042724609375 449.98974609375
60.00460433959961 449.9896240234375
60.004966735839844 449.9895324707031
60.00531768798828 449.9894714355469
60.00558853149414 449.98944091796875
60.005859375 449.98944091796875
60.00613021850586 449.9894714355469
60.00639343261719 449.9895324707031
60.006649017333984 449.9896240234375
60.00689697265625 449.98974609375
60.00712966918945 449.9898986816406
60.007347106933594 449.99005126953125
60.00754928588867 449.990234375
60.00773239135742 449.9904479980469
60.00789260864258 449.99066162109375
60.00806427001953 449.9909362792969
60.008182525634766 449.9911804199219
60.008270263671875 449.9914245605469
60.00833511352539 449.99169921875
60.00837326049805 449.9919738769531
60.00838088989258 449.99224853515625
60.00836181640625 449.9925231933594
60.00831604003906 449.9927978515625
60.008243560791016 449.9930725097656
60.00814437866211 449.9933166503906
60.00802230834961 449.9935607910156
60.007877349853516 449.9938049316406
60.00770950317383 449.9940185546875
60.00751876831055 449.99420166015625
60.0073127746582 449.994384765625
60.00708770751953 449.9945373535156
60.0068473815918 449.9946594238281
60.006595611572266 449.9947814941406
60.0063362121582 449.994873046875
60.00606918334961 449.99493408203125
60.00579833984375 449.9949645996094
60.00552749633789 449.9949645996094
60.00525665283203 449.99493408203125
60.00498962402344 449.994873046875
60.004730224609375 449.9947814941406
60.004478454589844 449.99468994140625
60.00423812866211 449.99456787109375
60.00401306152344 449.9944152832031
60.00380325317383 449.9942321777344
60.00361251831055 449.9940490722656
60.003440856933594 449.99383544921875
60.003292083740234 449.9936218261719
60.00316619873047 449.9933776855469
60.00306701660156 449.9931335449219
60.002994537353516 449.99285888671875
60.00294494628906 449.9925842285156
60.002925872802734 449.9923095703125
60.002933502197266 449.9920349121094
60.00297164916992 449.9917297363281
60.00306701660156 449.9913024902344
60.00325012207031 449.9907531738281
60.00350570678711 449.9902038574219
60.003822326660156 449.9896545410156
60.00419616699219 449.9891357421875
60.00450897216797 449.98876953125
60.00469207763672 449.98858642578125
60.00482940673828 449.9884948730469
60.0050163269043 449.9883728027344
60.005279541015625 449.9882507324219
60.00562286376953 449.9881286621094
60.005985260009766 449.988037109375
60.00634002685547 449.98797607421875
60.00661087036133 449.98797607421875
60.00688171386719 449.98797607421875
60.00715255737305 449.9880065917969
60.007415771484375 449.9880676269531
60.00767135620117 449.9881591796875
60.00791549682617 449.98828125
60.008148193359375 449.9884338378906
60.008365631103516 449.98858642578125
60.00856399536133 449.98876953125
60.00874328613281 449.9889831542969
60.00890350341797 449.98919677734375
60.009071350097656 449.989501953125
60.009185791015625 449.98974609375
60.00926971435547 449.989990234375
60.00932693481445 449.9902648925781
60.00935745239258 449.99053955078125
60.009361267089844 449.9908142089844
60.00933837890625 449.9910888671875
60.0092887878418 449.9913635253906
60.009212493896484 449.99163818359375
60.00910949707031 449.99188232421875
60.00898361206055 449.99212646484375
60.00883483886719 449.9923400878906
60.008663177490234 449.9925537109375
60.00847244262695 449.99273681640625
60.008262634277344 449.992919921875
60.00803756713867 449.9930725097656
60.00779724121094 449.9931945800781
60.007545471191406 449.9932861328125
60.007286071777344 449.9933776855469
60.00701904296875 449.9934387207031
60.00674819946289 449.99346923828125
60.00647735595703 449.99346923828125
60.00620651245117 449.9934387207031
60.00593948364258 449.9933776855469
60.005680084228516 449.9932861328125
60.005428314208984 449.9931640625
60.005191802978516 449.9930419921875
60.004966735839844 449.9928894042969
60.0047607421875 449.9927062988281
60.004573822021484 449.9925231933594
60.0044059753418 449.9923095703125
60.0042610168457 449.9920654296875
60.0041389465332 449.9918212890625
60.00404357910156 449.9915771484375
60.00397491455078 449.9913024902344
60.00393295288086 449.99102783203125
60.0039176940918 449.9907531738281
60.003929138183594 449.990478515625
60.00397491455078 449.9901428222656
60.00408935546875 449.9896545410156
60.0042839050293 449.9891052246094
60.004547119140625 449.9885559082031
60.0048713684082 449.9880065917969
60.00524139404297 449.9875183105469
60.005558013916016 449.9871826171875
60.00569152832031 449.987060546875
60.005828857421875 449.9869689941406
60.00603103637695 449.9868469238281
60.00632858276367 449.9867248535156
60.00667953491211 449.9866027832031
60.00704574584961 449.98651123046875
60.007328033447266 449.9864807128906
60.007598876953125 449.9864807128906
60.007869720458984 449.98651123046875
60.00813674926758 449.9865417480469
60.008399963378906 449.9866027832031
60.0086555480957 449.9866943359375
60.0088996887207 449.98681640625
60.00912857055664 449.9869689941406
60.009342193603516 449.9871520996094
60.00953674316406 449.9873352050781
60.00971221923828 449.987548828125
60.00986862182617 449.9877624511719
60.01002883911133 449.9880676269531
60.01013946533203 449.9883117675781
60.01021957397461 449.98858642578125
60.01027297973633 449.9888610839844
60.01029968261719 449.9891357421875
60.01029968261719 449.9894104003906
60.01027297973633 449.98968505859375
60.01021957397461 449.9899597167969
60.01013946533203 449.990234375
60.010032653808594 449.990478515625
60.00990295410156 449.99072265625
60.00975036621094 449.9909362792969
60.00957489013672 449.99114990234375
60.00938034057617 449.9913330078125
60.0091667175293 449.99151611328125
60.00893783569336 449.9916687011719
60.00869369506836 449.9917907714844
60.00843811035156 449.99188232421875
60.008174896240234 449.991943359375
60.00790786743164 449.99200439453125
60.00763702392578 449.9920349121094
60.00736618041992 449.9920349121094
60.00709533691406 449.99200439453125
60.00682830810547 449.991943359375
60.006568908691406 449.9918518066406
60.00632095336914 449.9917297363281
60.00608444213867 449.9916076660156
60.005863189697266 449.991455078125
60.00565719604492 449.99127197265625
60.005470275878906 449.9910583496094
60.005306243896484 449.9908447265625
60.005165100097656 449.9906005859375
60.00504684448242 449.9903564453125
60.00495529174805 449.9901123046875
60.00489044189453 449.9898376464844
60.004852294921875 449.98956298828125
60.00484085083008 449.9892883300781
60.00485610961914 449.989013671875
60.004905700683594 449.9886779785156
60.005027770996094 449.9881896972656
60.0052375793457 449.98760986328125
60.00551223754883 449.987060546875
60.0058479309082 449.98651123046875
60.00621795654297 449.98602294921875
60.00642013549805 449.9858093261719
60.006553649902344 449.9856872558594
60.00669479370117 449.985595703125
60.00689697265625 449.9854736328125
60.00719451904297 449.9853515625
60.007545471191406 449.9852294921875
60.007904052734375 449.9851379394531
60.00818634033203 449.985107421875
60.00845718383789 449.985107421875
60.00872802734375 449.9851379394531
60.008995056152344 449.9851989746094
60.00925827026367 449.9852600097656
60.0095100402832 449.9853515625
60.00975036621094 449.9854736328125
60.009979248046875 449.9856262207031
60.010189056396484 449.9858093261719
60.01038360595703 449.9859924316406
60.010555267333984 449.9862060546875
60.01070785522461 449.9864501953125
60.010868072509766 449.98675537109375
60.0109748840332 449.98699951171875
60.011051177978516 449.9872741699219
60.01110076904297 449.987548828125
60.01112365722656 449.9878234863281
60.0111198425293 449.98809814453125
60.01108932495117 449.9883728027344
60.01103210449219 449.9886474609375
60.010948181152344 449.9889221191406
60.01083755493164 449.9891662597656
60.010704040527344 449.9894104003906
60.01054763793945 449.9896240234375
60.01036834716797 449.9898376464844
60.010169982910156 449.9900207519531
60.00995635986328 449.99017333984375
60.00972366333008 449.9903259277344
60.00947952270508 449.9904479980469
60.00922393798828 449.99053955078125
60.00896072387695 449.9906005859375
60.008689880371094 449.9906311035156
60.008419036865234 449.99066162109375
60.008148193359375 449.99066162109375
60.007877349853516 449.9906311035156
60.00761413574219 449.9905700683594
60.00735855102539 449.990478515625
60.007110595703125 449.9903564453125
60.00687789916992 449.9902038574219
60.00666046142578 449.99005126953125
60.0064582824707 449.9898681640625
60.00627517700195 449.9896545410156
60.0061149597168 449.98944091796875
60.005977630615234 449.98919677734375
60.005863189697266 449.98895263671875
60.005775451660156 449.98870849609375
60.005714416503906 449.9884338378906
60.005680084228516 449.9881591796875
60.005672454833984 449.9878845214844
60.00569152832031 449.98760986328125
60.00574493408203 449.9872741699219
60.00587463378906 449.9867858886719
60.0060920715332 449.9862365722656
60.00637435913086 449.9856872558594
60.006717681884766 449.9851379394531
60.00709533691406 449.9846496582031
60.0073127746582 449.98443603515625
60.007450103759766 449.98431396484375
60.007598876953125 449.9842224121094
60.00782012939453 449.9841003417969
60.008121490478516 449.9839782714844
60.00847625732422 449.9838562011719
60.00884246826172 449.9837951660156
60.00912094116211 449.9837646484375
60.00939178466797 449.9837646484375
60.00966262817383 449.9837951660156
60.00992965698242 449.9838562011719
60.010189056396484 449.98394775390625
60.010440826416016 449.9840393066406
60.01068115234375 449.9841613769531
60.01090621948242 449.98431396484375
60.01111602783203 449.9844970703125
60.01130676269531 449.98468017578125
60.011478424072266 449.9848937988281
60.01163101196289 449.9851379394531
60.01176834106445 449.98541259765625
60.01186752319336 449.98565673828125
60.011940002441406 449.9859313964844
60.011985778808594 449.9862060546875
60.01200485229492 449.9864807128906
60.01199722290039 449.98675537109375
60.011962890625 449.9870300292969
60.01190185546875 449.9873046875
60.01181411743164 449.987548828125
60.01169967651367 449.98779296875
60.01156234741211 449.988037109375
60.01140213012695 449.9882507324219
60.01122283935547 449.98846435546875
60.01102066040039 449.9886474609375
60.01080322265625 449.9888000488281
60.01057052612305 449.98895263671875
60.01032257080078 449.98907470703125
60.010066986083984 449.9891662597656
60.009803771972656 449.9892272949219
60.0095329284668 449.9892578125
60.00926208496094 449.9892578125
60.00899124145508 449.9892578125
60.00872039794922 449.9892272949219
60.00845718383789 449.9891662597656
60.008201599121094 449.98907470703125
60.007957458496094 449.98895263671875
60.00772476196289 449.9888000488281
60.00750732421875 449.9886474609375
60.00730895996094 449.98846435546875
60.00712966918945 449.9882507324219
60.00697326660156 449.988037109375
60.006839752197266 449.98779296875
60.00672912597656 449.987548828125
60.00664520263672 449.9873046875
60.006587982177734 449.9870300292969
60.00655746459961 449.98675537109375
60.006553649902344 449.9864807128906
60.00657653808594 449.9862060546875
60.00664520263672 449.98583984375
60.006797790527344 449.9853210449219
60.007022857666016 449.9847717285156
60.00731658935547 449.9842224121094
60.007667541503906 449.98370361328125
60.008033752441406 449.9832458496094
60.00825500488281 449.9830322265625
60.008384704589844 449.98291015625
60.00855255126953 449.9827880859375
60.0087776184082 449.982666015625
60.009090423583984 449.9825439453125
60.00944900512695 449.9824523925781
60.00981521606445 449.9823913574219
60.010093688964844 449.98236083984375
60.0103645324707 449.98236083984375
60.01063537597656 449.9823913574219
60.010902404785156 449.9824523925781
60.01116180419922 449.9825439453125
60.011409759521484 449.982666015625
60.01164627075195 449.9827880859375
60.011871337890625 449.9829406738281
60.01207733154297 449.9831237792969
60.012264251708984 449.9833068847656
60.01243209838867 449.9835205078125
60.01258087158203 449.9837646484375
60.01271438598633 449.9840393066406
60.01280975341797 449.9842834472656
60.01287841796875 449.98455810546875
60.01292037963867 449.9848327636719
60.012935638427734 449.985107421875
60.01292419433594 449.9853820800781
60.01288604736328 449.98565673828125
60.012821197509766 449.9859313964844
60.01272964477539 449.9861755371094
60.012611389160156 449.9864196777344
60.01247024536133 449.9866638183594
60.012306213378906 449.98687744140625
60.012123107910156 449.9870910644531
60.01192092895508 449.9872741699219
60.01169967651367 449.9874267578125
60.0114631652832 449.9875793457031
60.01121520996094 449.9877014160156
60.010955810546875 449.98779296875
60.01068878173828 449.98785400390625
60.01041793823242 449.9878845214844
60.01014709472656 449.9878845214844
60.0098762512207 449.98785400390625
60.00960922241211 449.98779296875
60.00934600830078 449.98773193359375
60.009090423583984 449.9876403808594
60.008846282958984 449.9875183105469
60.00861740112305 449.98736572265625
60.00840377807617 449.9871826171875
60.008209228515625 449.98699951171875
60.008033752441406 449.9867858886719
60.00788116455078 449.986572265625
60.00775146484375 449.986328125
60.00764465332031 449.986083984375
60.007564544677734 449.9858093261719
60.007511138916016 449.98553466796875
60.007484436035156 449.9852600097656
60.007484436035156 449.9849853515625
60.00751495361328 449.98468017578125
60.007598876953125 449.9842529296875
60.00775909423828 449.9837341308594
60.007999420166016 449.983154296875
60.00830078125 449.98260498046875
60.00865936279297 449.9820861816406
60.009029388427734 449.98162841796875
60.00920486450195 449.9814453125
60.00933837890625 449.9813537597656
60.00950622558594 449.9812316894531
60.00975036621094 449.9811096191406
60.01007843017578 449.9809875488281
60.010440826416016 449.98089599609375
60.01079177856445 449.9808349609375
60.01106262207031 449.9808044433594
60.01133346557617 449.9808044433594
60.01160430908203 449.9808349609375
60.011871337890625 449.98089599609375
60.01213073730469 449.9809875488281
60.01237869262695 449.9811096191406
60.01261520385742 449.9812316894531
60.01283645629883 449.98138427734375
60.013038635253906 449.9815673828125
60.013221740722656 449.9817810058594
60.01338577270508 449.98199462890625
60.0135383605957 449.98223876953125
60.0136604309082 449.98248291015625
60.01375198364258 449.98272705078125
60.013816833496094 449.9830017089844
60.01385498046875 449.9832763671875
60.01386642456055 449.9835510253906
60.013851165771484 449.98382568359375
60.01380920410156 449.9841003417969
60.01374053955078 449.984375
60.01364517211914 449.984619140625
60.013526916503906 449.98486328125
60.01338195800781 449.985107421875
60.013214111328125 449.9853210449219
60.01302719116211 449.98553466796875
60.012821197509766 449.9857177734375
60.01259994506836 449.9858703613281
60.01236343383789 449.9859924316406
60.012115478515625 449.9861145019531
60.01185607910156 449.9862060546875
60.01158905029297 449.98626708984375
60.01131820678711 449.9862976074219
60.01104736328125 449.9862976074219
60.01077651977539 449.98626708984375
60.0105094909668 449.9862060546875
60.01024627685547 449.9861145019531
60.00999450683594 449.98602294921875
60.0097541809082 449.98590087890625
60.009525299072266 449.9857482910156
60.009315490722656 449.9855651855469
60.00912094116211 449.9853820800781
60.008949279785156 449.98516845703125
60.00879669189453 449.9849548339844
60.008670806884766 449.9847106933594
60.008567810058594 449.9844665527344
60.00849151611328 449.98419189453125
60.00844192504883 449.9839172363281
60.008419036865234 449.983642578125
60.0084228515625 449.9833679199219
60.00845718383789 449.9830627441406
60.008548736572266 449.9826354980469
60.00871658325195 449.98211669921875
60.00896453857422 449.9815368652344
60.009273529052734 449.9809875488281
60.009639739990234 449.98046875
60.00994873046875 449.9801025390625
60.010128021240234 449.97991943359375
60.01026153564453 449.9798278808594
60.010433197021484 449.979736328125
60.01069641113281 449.9796142578125
60.01102828979492 449.9794921875
60.01139450073242 449.9794006347656
60.011749267578125 449.9793395996094
60.012020111083984 449.97930908203125
60.012290954589844 449.97930908203125
60.0125617980957 449.9793395996094
60.01282501220703 449.9794006347656
60.01308059692383 449.9794921875
60.013328552246094 449.9796142578125
60.0135612487793 449.9797668457031
60.01377868652344 449.97991943359375
60.013980865478516 449.9801025390625
60.014163970947266 449.9803161621094
60.01432418823242 449.98052978515625
60.01449203491211 449.9808044433594
60.014610290527344 449.9810485839844
60.01469802856445 449.9812927246094
60.0147590637207 449.9815673828125
60.014793395996094 449.9818420410156
60.014801025390625 449.98211669921875
60.0147819519043 449.9823913574219
60.01473617553711 449.982666015625
60.01466369628906 449.9829406738281
60.014564514160156 449.9831848144531
60.014442443847656 449.9834289550781
60.0142936706543 449.9836730957031
60.01412582397461 449.98388671875
60.01393508911133 449.98406982421875
60.01372528076172 449.9842529296875
60.01350021362305 449.9844055175781
60.01325988769531 449.9845275878906
60.01300811767578 449.984619140625
60.01274871826172 449.9847106933594
60.012481689453125 449.9847717285156
60.012210845947266 449.98480224609375
60.011940002441406 449.98480224609375
60.01166915893555 449.9847717285156
60.01140213012695 449.9847106933594
60.01114273071289 449.984619140625
60.01089096069336 449.9845275878906
60.010650634765625 449.9844055175781
60.01042556762695 449.9842529296875
60.010215759277344 449.98406982421875
60.01002502441406 449.98388671875
60.009857177734375 449.9836730957031
60.009708404541016 449.9834289550781
60.009586334228516 449.9831848144531
60.00948715209961 449.9829406738281
60.00941467285156 449.982666015625
60.009368896484375 449.9823913574219
60.00934982299805 449.98211669921875
60.00935745239258 449.9818420410156
60.009395599365234 449.9815368652344
60.009490966796875 449.9811096191406
60.00967788696289 449.9805603027344
60.00993347167969 449.9800109863281
60.010250091552734 449.9794616699219
60.010623931884766 449.97894287109375
60.01093673706055 449.97857666015625
60.0111198425293 449.9783935546875
60.01125717163086 449.9783020019531
60.011444091796875 449.9781799316406
60.01172637939453 449.9780578613281
60.01206970214844 449.9779357910156
60.01243209838867 449.97784423828125
60.01273727416992 449.9778137207031
60.01301193237305 449.9778137207031
60.013282775878906 449.97784423828125
60.013553619384766 449.9778747558594
60.013816833496094 449.9779357910156
60.01407241821289 449.97802734375
60.01431655883789 449.9781494140625
60.014549255371094 449.9783020019531
60.014766693115234 449.97845458984375
60.01496505737305 449.9786376953125
60.01514434814453 449.9788513183594
60.01530075073242 449.97906494140625
60.015464782714844 449.9793701171875
60.01557922363281 449.9796142578125
60.015663146972656 449.9798889160156
60.01572036743164 449.98016357421875
60.015750885009766 449.9804382324219
60.01575469970703 449.980712890625
60.01573181152344 449.9809875488281
60.015682220458984 449.98126220703125
60.01560592651367 449.9815368652344
60.0155029296875 449.9817810058594
60.015377044677734 449.9820251464844
60.01522445678711 449.98223876953125
60.015052795410156 449.9824523925781
60.01485824584961 449.9826354980469
60.0146484375 449.9828186035156
60.01441955566406 449.98297119140625
60.01417922973633 449.98309326171875
60.0139274597168 449.9831848144531
60.01366424560547 449.9832763671875
60.013397216796875 449.98333740234375
60.013126373291016 449.9833679199219
60.012855529785156 449.9833679199219
60.0125846862793 449.98333740234375
60.0123176574707 449.9832763671875
60.01205825805664 449.9831848144531
60.011810302734375 449.9830627441406
60.011573791503906 449.9829406738281
60.0113525390625 449.9827880859375
60.011146545410156 449.98260498046875
60.01095962524414 449.982421875
60.01079177856445 449.9822082519531
60.01064682006836 449.9819641113281
60.01052474975586 449.9817199707031
60.01042938232422 449.9814758300781
60.01036071777344 449.981201171875
60.010318756103516 449.9809265136719
60.01030349731445 449.98065185546875
60.01031494140625 449.9803771972656
60.01036071777344 449.98004150390625
60.01047897338867 449.97955322265625
60.01067352294922 449.97900390625
60.01093673706055 449.97845458984375
60.01126480102539 449.9779052734375
60.01164245605469 449.9774169921875
60.011962890625 449.9770812988281
60.0120964050293 449.9769592285156
60.01223373413086 449.97686767578125
60.01243591308594 449.97674560546875
60.012733459472656 449.97662353515625
60.013084411621094 449.97650146484375
60.013450622558594 449.9764099121094
60.01373291015625 449.97637939453125
60.01400375366211 449.97637939453125
60.01427459716797 449.9764099121094
60.01454162597656 449.9764709472656
60.01480484008789 449.9765319824219
60.01506042480469 449.97662353515625
60.01530456542969 449.97674560546875
60.015533447265625 449.9768981933594
60.0157470703125 449.9770812988281
60.01594161987305 449.9772644042969
60.016117095947266 449.97747802734375
60.016273498535156 449.9776916503906
60.01643371582031 449.9779968261719
60.016544342041016 449.9782409667969
60.016624450683594 449.978515625
60.01667785644531 449.9787902832031
60.01670455932617 449.97906494140625
60.01670455932617 449.9793395996094
60.01667785644531 449.9796142578125
60.016624450683594 449.9798889160156
60.016544342041016 449.98016357421875
60.01643753051758 449.98040771484375
60.01630783081055 449.98065185546875
60.01615524291992 449.9808654785156
60.0159797668457 449.9810791015625
60.015785217285156 449.98126220703125
60.01557159423828 449.9814453125
60.015342712402344 449.9815979003906
60.015098571777344 449.9817199707031
60.01484298706055 449.9818115234375
60.01457977294922 449.98187255859375
60.014312744140625 449.98193359375
60.014041900634766 449.9819641113281
60.013771057128906 449.9819641113281
60.01350021362305 449.98193359375
60.01323318481445 449.98187255859375
60.01297378540039 449.9817810058594
60.012725830078125 449.9816589355469
60.012489318847656 449.98150634765625
60.01226806640625 449.9813537597656
60.01206588745117 449.9811706542969
60.01188278198242 449.98095703125
60.01171875 449.9807434082031
60.01157760620117 449.9804992675781
60.01145935058594 449.9802551269531
60.01136779785156 449.9800109863281
60.01130294799805 449.979736328125
60.01126480102539 449.9794616699219
60.011253356933594 449.97918701171875
60.011268615722656 449.9789123535156
60.011322021484375 449.97857666015625
60.01144790649414 449.97808837890625
60.01165771484375 449.9775085449219
60.01193618774414 449.9769592285156
60.012271881103516 449.9764099121094
60.01264572143555 449.9759216308594
60.01285171508789 449.9757080078125
60.01298522949219 449.9755859375
60.013126373291016 449.9754943847656
60.013328552246094 449.9753723144531
60.01362991333008 449.9752502441406
60.013980865478516 449.9751281738281
60.014339447021484 449.97503662109375
60.01462173461914 449.9750061035156
60.014892578125 449.9750061035156
60.01516342163086 449.97503662109375
60.01543045043945 449.97509765625
60.01569366455078 449.9751892089844
60.01594543457031 449.97528076171875
60.01618576049805 449.97540283203125
60.016414642333984 449.9755554199219
60.016624450683594 449.9757385253906
60.016815185546875 449.9759216308594
60.01698684692383 449.97613525390625
60.01713943481445 449.97637939453125
60.017295837402344 449.9766845703125
60.01740264892578 449.9769287109375
60.017478942871094 449.9772033691406
60.01752853393555 449.97747802734375
60.01755142211914 449.9777526855469
60.017547607421875 449.97802734375
60.01751708984375 449.9783020019531
60.017459869384766 449.97857666015625
60.01737594604492 449.97882080078125
60.01726531982422 449.97906494140625
60.01713180541992 449.97930908203125
60.01697540283203 449.9795227050781
60.01679611206055 449.979736328125
60.016597747802734 449.97991943359375
60.016380310058594 449.9800720214844
60.01614761352539 449.980224609375
60.01590347290039 449.9803466796875
60.015647888183594 449.9804382324219
60.015384674072266 449.9804992675781
60.015113830566406 449.98052978515625
60.01484298706055 449.98052978515625
60.01457214355469 449.98052978515625
60.01430130004883 449.9804992675781
60.0140380859375 449.9804382324219
60.0137825012207 449.9803466796875
60.01353454589844 449.980224609375
60.013301849365234 449.9800720214844
60.013084411621094 449.97991943359375
60.012882232666016 449.979736328125
60.01270294189453 449.9795227050781
60.012542724609375 449.97930908203125
60.01240539550781 449.97906494140625
60.012290954589844 449.97882080078125
60.012203216552734 449.97857666015625
60.012142181396484 449.9783020019531
60.012107849121094 449.97802734375
60.01210021972656 449.9777526855469
60.01211929321289 449.97747802734375
60.012184143066406 449.97711181640625
60.0123176574707 449.9766540527344
60.01253890991211 449.9761047363281
60.01282501220703 449.9755554199219
60.01316833496094 449.97503662109375
60.0135498046875 449.97454833984375
60.01376724243164 449.9743347167969
60.0139045715332 449.9742126464844
60.01407241821289 449.9740905761719
60.0142936706543 449.9739685058594
60.01460647583008 449.9738464355469
60.01496505737305 449.9737243652344
60.01533126831055 449.9736633300781
60.01560974121094 449.9736328125
60.0158805847168 449.9736328125
60.016151428222656 449.9736633300781
60.01641845703125 449.9737243652344
60.01667785644531 449.97381591796875
60.016929626464844 449.9739074707031
60.01716995239258 449.9740295410156
60.01739501953125 449.97418212890625
60.01760482788086 449.974365234375
60.01779556274414 449.97454833984375
60.01796340942383 449.9747619628906
60.01811599731445 449.9750061035156
60.01824951171875 449.97528076171875
60.018348693847656 449.97552490234375
60.0184211730957 449.9757995605469
60.01846694946289 449.97607421875
60.01848602294922 449.9763488769531
60.01847839355469 449.97662353515625
60.0184440612793 449.9768981933594
60.01838302612305 449.9771728515625
60.01829528808594 449.9774169921875
60.01818084716797 449.9776611328125
60.018043518066406 449.9779052734375
60.01788330078125 449.9781188964844
60.0177001953125 449.97833251953125
60.01749801635742 449.978515625
60.01728057861328 449.9786682128906
60.01704788208008 449.97882080078125
60.01679992675781 449.97894287109375
60.016544342041016 449.9790344238281
60.01628112792969 449.9790954589844
60.01601028442383 449.9791259765625
60.01573944091797 449.9791259765625
60.01546859741211 449.9790954589844
60.01519775390625 449.97906494140625
60.01493453979492 449.97900390625
60.014678955078125 449.9789123535156
60.014434814453125 449.9787902832031
60.01420211791992 449.9786376953125
60.01398468017578 449.9784851074219
60.01378631591797 449.9783020019531
60.013607025146484 449.97808837890625
60.013450622558594 449.9778747558594
60.0133171081543 449.9776306152344
60.013206481933594 449.9773864746094
60.01312255859375 449.97711181640625
60.013065338134766 449.9768371582031
60.01303482055664 449.9765625
60.013031005859375 449.9762878417969
60.013057708740234 449.97601318359375
60.01313781738281 449.9755859375
60.01329040527344 449.9750671386719
60.01352310180664 449.9744873046875
60.01382064819336 449.97393798828125
60.01417541503906 449.9734191894531
60.01454162597656 449.97296142578125
60.01476287841797 449.9727478027344
60.014896392822266 449.9726257324219
60.01506423950195 449.9725036621094
60.015289306640625 449.9723815917969
60.01561737060547 449.9722595214844
60.0159797668457 449.97216796875
60.0163459777832 449.97210693359375
60.01662063598633 449.9720764160156
60.01689147949219 449.9720764160156
60.01716232299805 449.97210693359375
60.01742935180664 449.97216796875
60.0176887512207 449.9722595214844
60.01793670654297 449.9723815917969
60.01817321777344 449.9725036621094
60.018394470214844 449.97265625
60.01860046386719 449.97283935546875
60.0187873840332 449.9730529785156
60.01895523071289 449.9732666015625
60.01910400390625 449.9735107421875
60.01923370361328 449.9737854003906
60.01932907104492 449.9740295410156
60.0193977355957 449.97430419921875
60.019439697265625 449.9745788574219
60.01945495605469 449.974853515625
60.01944351196289 449.9751281738281
60.019405364990234 449.97540283203125
60.01934051513672 449.9756774902344
60.019248962402344 449.9759216308594
60.01913070678711 449.9761657714844
60.01898956298828 449.9764099121094
60.01882553100586 449.97662353515625
60.01864242553711 449.9768371582031
60.01844024658203 449.9770202636719
60.018218994140625 449.9771728515625
60.017982482910156 449.977294921875
60.01773452758789 449.9774169921875
60.01747512817383 449.9775085449219
60.017208099365234 449.9775695800781
60.016937255859375 449.97760009765625
60.016666412353516 449.97760009765625
60.016395568847656 449.9775695800781
60.01612854003906 449.9775085449219
60.015865325927734 449.9774475097656
60.01560974121094 449.97735595703125
60.01536560058594 449.97723388671875
60.01513671875 449.9770812988281
60.014923095703125 449.9768981933594
60.01472854614258 449.9767150878906
60.01455307006836 449.97650146484375
60.014400482177734 449.9762878417969
60.0142707824707 449.9760437011719
60.014163970947266 449.9757995605469
60.01408386230469 449.97552490234375
60.01403045654297 449.9752502441406
60.01400375366211 449.9749755859375
60.01400375366211 449.9747009277344
60.014034271240234 449.9743957519531
60.014122009277344 449.9739685058594
60.0142822265625 449.97344970703125
60.014522552490234 449.9728698730469
60.014827728271484 449.9723205566406
60.01519012451172 449.9718017578125
60.015541076660156 449.97137451171875
60.015716552734375 449.97119140625
60.01585006713867 449.9710998535156
60.016021728515625 449.9709777832031
60.016265869140625 449.9708557128906
60.016597747802734 449.9707336425781
60.01696014404297 449.97064208984375
60.017311096191406 449.9705810546875
60.017581939697266 449.9705505371094
60.017852783203125 449.9705505371094
60.018123626708984 449.9705810546875
60.01839065551758 449.97064208984375
60.01865005493164 449.9707336425781
60.018898010253906 449.9708557128906
60.019134521484375 449.97100830078125
60.01935577392578 449.9711608886719
60.01955795288086 449.9713439941406
60.01974105834961 449.9715576171875
60.01990509033203 449.9717712402344
60.020057678222656 449.9720153808594
60.02017593383789 449.9722595214844
60.020267486572266 449.9725036621094
60.02033233642578 449.9727783203125
60.02037048339844 449.9730529785156
60.020381927490234 449.97332763671875
60.02036666870117 449.9736022949219
60.02032470703125 449.973876953125
60.02025604248047 449.9741516113281
60.02016067504883 449.9743957519531
60.02003860473633 449.9746398925781
60.019893646240234 449.9748840332031
60.01972579956055 449.97509765625
60.01953887939453 449.97528076171875
60.01933288574219 449.9754638671875
60.019107818603516 449.9756164550781
60.01887130737305 449.9757385253906
60.018619537353516 449.9758605957031
60.01836013793945 449.9759521484375
60.01809310913086 449.97601318359375
60.017822265625 449.9760437011719
60.01755142211914 449.9760437011719
60.01728057861328 449.97601318359375
60.01701354980469 449.9759521484375
60.01675033569336 449.9758605957031
60.01649856567383 449.97576904296875
60.016258239746094 449.97564697265625
60.01603317260742 449.9754943847656
60.01582336425781 449.9753112792969
60.01563262939453 449.9751281738281
60.01546096801758 449.97491455078125
60.01531219482422 449.9747009277344
60.01518630981445 449.9744567871094
60.01508331298828 449.9742126464844
60.01500701904297 449.97393798828125
60.014957427978516 449.9736633300781
60.01493453979492 449.973388671875
60.01493835449219 449.9731140136719
60.01497268676758 449.9728088378906
60.01506423950195 449.9723815917969
60.0152473449707 449.9718322753906
60.015499114990234 449.97125244140625
60.015811920166016 449.970703125
60.01618194580078 449.9701843261719
60.0164909362793 449.9698181152344
60.01667022705078 449.96966552734375
60.01680374145508 449.9695739746094
60.01697540283203 449.969482421875
60.01723861694336 449.9693603515625
60.01757049560547 449.96923828125
60.01793670654297 449.9691467285156
60.01829147338867 449.9690856933594
60.01856231689453 449.9690856933594
60.01883316040039 449.9690856933594
60.01910400390625 449.9691162109375
60.01936721801758 449.96917724609375
60.019622802734375 449.9692687988281
60.019866943359375 449.9693908691406
60.02009963989258 449.96954345703125
60.02031707763672 449.9696960449219
60.02051544189453 449.9698791503906
60.020694732666016 449.9700927734375
60.02085494995117 449.9703063964844
60.02102279663086 449.9705810546875
60.02113723754883 449.9708251953125
60.02122497558594 449.9710693359375
60.02128601074219 449.9713439941406
60.02132034301758 449.97161865234375
60.02132797241211 449.9718933105469
60.02130889892578 449.97216796875
60.021263122558594 449.9724426269531
60.02119064331055 449.97271728515625
60.02109146118164 449.97296142578125
60.020965576171875 449.97320556640625
60.020816802978516 449.9734191894531
60.02064514160156 449.9736328125
60.02045440673828 449.97381591796875
60.02024459838867 449.9739990234375
60.02001953125 449.9741516113281
60.019779205322266 449.9742736816406
60.019527435302734 449.974365234375
60.01926803588867 449.9744567871094
60.01900100708008 449.9745178222656
60.01873016357422 449.97454833984375
60.01845932006836 449.97454833984375
60.0181884765625 449.9745178222656
60.017921447753906 449.9744567871094
60.017662048339844 449.974365234375
60.01741027832031 449.9742431640625
60.01716995239258 449.97412109375
60.016944885253906 449.9739685058594
60.01673889160156 449.9737854003906
60.01654815673828 449.9736022949219
60.016380310058594 449.973388671875
60.0162353515625 449.97314453125
60.01611328125 449.972900390625
60.016014099121094 449.97265625
60.01594161987305 449.9723815917969
60.01589584350586 449.97210693359375
60.01587677001953 449.9718322753906
60.01588439941406 449.9715576171875
60.01592254638672 449.97125244140625
60.016021728515625 449.9708251953125
60.016212463378906 449.97027587890625
60.01647186279297 449.9697265625
60.01679229736328 449.96917724609375
60.01716995239258 449.9686584472656
60.017486572265625 449.96832275390625
60.017669677734375 449.9681701660156
60.01780700683594 449.96807861328125
60.018009185791016 449.96795654296875
60.01829147338867 449.96783447265625
60.01863479614258 449.96771240234375
60.01900100708008 449.9676208496094
60.01930618286133 449.96759033203125
60.01958084106445 449.96759033203125
60.01985168457031 449.9676208496094
60.02012252807617 449.9676513671875
60.0203857421875 449.96771240234375
60.0206413269043 449.9678039550781
60.0208854675293 449.9679260253906
60.0211181640625 449.96807861328125
60.021331787109375 449.9682312011719
60.02153015136719 449.9684143066406
60.02170944213867 449.9686279296875
60.02186584472656 449.9688415527344
60.022029876708984 449.9691467285156
60.02214050292969 449.9693908691406
60.02222442626953 449.96966552734375
60.022281646728516 449.9699401855469
60.02231216430664 449.97021484375
60.022315979003906 449.9704895019531
60.02229309082031 449.97076416015625
60.02224349975586 449.9710388183594
60.02216720581055 449.9713134765625
60.022064208984375 449.9715576171875
60.021934509277344 449.9718017578125
60.02178192138672 449.9720153808594
60.021610260009766 449.97222900390625
60.02141571044922 449.972412109375
60.021202087402344 449.97259521484375
60.020973205566406 449.9727478027344
60.02073287963867 449.9728698730469
60.02048110961914 449.97296142578125
60.02021789550781 449.9730224609375
60.01995086669922 449.97308349609375
60.01968002319336 449.9731140136719
60.0194091796875 449.9731140136719
60.01913833618164 449.97308349609375
60.01887130737305 449.9730224609375
60.018611907958984 449.9729309082031
60.01836395263672 449.9728088378906
60.01812744140625 449.9726867675781
60.017906188964844 449.9725341796875
60.0177001953125 449.97235107421875
60.017513275146484 449.9721374511719
60.01734924316406 449.971923828125
60.017208099365234 449.9716796875
60.01708984375 449.971435546875
60.01699447631836 449.97119140625
60.01692581176758 449.9709167480469
60.016883850097656 449.97064208984375
60.016868591308594 449.9703674316406
60.01688003540039 449.9700927734375
60.016929626464844 449.9697570800781
60.017051696777344 449.9692687988281
60.017250061035156 449.9687194824219
60.01751708984375 449.9681701660156
60.01784896850586 449.9676208496094
60.018226623535156 449.9671325683594
60.01854705810547 449.966796875
60.018680572509766 449.9666748046875
60.018821716308594 449.9665832519531
60.01902389526367 449.9664611816406
60.01932144165039 449.9663391113281
60.01967239379883 449.9662170410156
60.02003860473633 449.96612548828125
60.020320892333984 449.9660949707031
60.020591735839844 449.9660949707031
60.0208625793457 449.96612548828125
60.0211296081543 449.9661865234375
60.021392822265625 449.96624755859375
60.021644592285156 449.9663391113281
60.021888732910156 449.9664611816406
60.022117614746094 449.96661376953125
60.02233123779297 449.966796875
60.022525787353516 449.96697998046875
60.022701263427734 449.9671936035156
60.022857666015625 449.9674072265625
60.02301788330078 449.96771240234375
60.02312469482422 449.96795654296875
60.0232048034668 449.9682312011719
60.023258209228516 449.968505859375
60.023284912109375 449.9687805175781
60.023284912109375 449.96905517578125
60.023258209228516 449.9693298339844
60.02320098876953 449.9696044921875
60.02312088012695 449.9698791503906
60.023014068603516 449.9701232910156
60.02288055419922 449.9703674316406
60.02272415161133 449.9705810546875
60.02254867553711 449.9707946777344
60.0223503112793 449.9709777832031
60.02213668823242 449.9711608886719
60.021907806396484 449.9713134765625
60.021663665771484 449.971435546875
60.02140808105469 449.9715270996094
60.02114486694336 449.9715881347656
60.020877838134766 449.97161865234375
60.020606994628906 449.9716491699219
60.02033615112305 449.9716491699219
60.02006530761719 449.97161865234375
60.019798278808594 449.9715576171875
60.01953887939453 449.9714660644531
60.019290924072266 449.9713439941406
60.0190544128418 449.97119140625
60.01883316040039 449.9710388183594
60.01863098144531 449.9708557128906
60.01844787597656 449.97064208984375
60.01828384399414 449.9704284667969
60.01814270019531 449.9701843261719
60.018028259277344 449.9699401855469
60.01793670654297 449.9696960449219
60.01787185668945 449.96942138671875
60.0178337097168 449.9691467285156
60.017822265625 449.9688720703125
60.01784133911133 449.9685974121094
60.01789474487305 449.96826171875
60.01802062988281 449.9677734375
60.01823425292969 449.9671936035156
60.01851272583008 449.9666442871094
60.01885223388672 449.9660949707031
60.019229888916016 449.9656066894531
60.019447326660156 449.96539306640625
60.01958084106445 449.96527099609375
60.01972961425781 449.9651794433594
60.01993179321289 449.9650573730469
60.020233154296875 449.9649353027344
60.02058410644531 449.9648132324219
60.02094268798828 449.9647216796875
60.02122116088867 449.9646911621094
60.02149200439453 449.9646911621094
60.02176284790039 449.9647216796875
60.022029876708984 449.96478271484375
60.02228927612305 449.9648742675781
60.02254104614258 449.9649658203125
60.02278137207031 449.965087890625
60.023006439208984 449.9652404785156
60.023216247558594 449.9654235839844
60.023406982421875 449.9656066894531
60.02357864379883 449.9658203125
60.02373123168945 449.966064453125
60.023887634277344 449.96636962890625
60.023990631103516 449.96661376953125
60.02406692504883 449.9668884277344
60.02411651611328 449.9671630859375
60.024139404296875 449.9674377441406
60.02413558959961 449.96771240234375
60.02410125732422 449.9679870605469
60.02404022216797 449.96826171875
60.023956298828125 449.968505859375
60.02384567260742 449.96875
60.023712158203125 449.968994140625
60.02355194091797 449.9692077636719
60.023372650146484 449.96942138671875
60.02317428588867 449.9696044921875
60.02295684814453 449.9697570800781
60.02272415161133 449.96990966796875
60.02248001098633 449.97003173828125
60.02222442626953 449.9701232910156
60.0219612121582 449.9701843261719
60.021690368652344 449.97021484375
60.021419525146484 449.97021484375
60.021148681640625 449.97021484375
60.020877838134766 449.9701843261719
60.02061462402344 449.9701232910156
60.02035903930664 449.97003173828125
60.02011489868164 449.96990966796875
60.01988220214844 449.9697570800781
60.0196647644043 449.9696044921875
60.019466400146484 449.96942138671875
60.019287109375 449.9692077636719
60.019126892089844 449.968994140625
60.01898956298828 449.96875
60.01887893676758 449.968505859375
60.01879119873047 449.96826171875
60.01873016357422 449.9679870605469
60.01869583129883 449.96771240234375
60.0186882019043 449.9674377441406
60.01871109008789 449.9671630859375
60.018775939941406 449.966796875
60.0189094543457 449.9663391113281
60.01913070678711 449.9657897949219
60.01941680908203 449.9652404785156
60.0197639465332 449.9647216796875
60.02012634277344 449.9642639160156
60.020347595214844 449.96405029296875
60.020484924316406 449.96392822265625
60.020652770996094 449.96380615234375
60.0208740234375 449.96368408203125
60.02118682861328 449.96356201171875
60.02154541015625 449.96343994140625
60.02191162109375 449.96337890625
60.02219009399414 449.9633483886719
60.0224609375 449.9633483886719
60.02273178100586 449.96337890625
60.02299880981445 449.96343994140625
60.023258209228516 449.9635314941406
60.02350997924805 449.9636535644531
60.02375030517578 449.9637756347656
60.02397537231445 449.96392822265625
60.0241813659668 449.964111328125
60.02436828613281 449.96429443359375
60.0245361328125 449.9645080566406
60.02468490600586 449.9647521972656
60.024818420410156 449.96502685546875
60.02491760253906 449.96527099609375
60.02499008178711 449.9655456542969
60.0250358581543 449.9658203125
60.025054931640625 449.9660949707031
60.025047302246094 449.96636962890625
60.02500915527344 449.9666442871094
60.02494430541992 449.9669189453125
60.02485656738281 449.9671630859375
60.024742126464844 449.9674072265625
60.02460479736328 449.9676513671875
60.024444580078125 449.9678649902344
60.024261474609375 449.96807861328125
60.0240592956543 449.96826171875
60.023841857910156 449.9684143066406
60.02360916137695 449.96856689453125
60.02336120605469 449.96868896484375
60.02310562133789 449.9687805175781
60.02284240722656 449.9688415527344
60.0225715637207 449.9688720703125
60.022300720214844 449.9688720703125
60.022029876708984 449.9688415527344
60.021759033203125 449.96881103515625
60.0214958190918 449.96875
60.021240234375 449.9686584472656
60.02099609375 449.9685363769531
60.02076721191406 449.9683837890625
60.02055358886719 449.96820068359375
60.020355224609375 449.968017578125
60.020179748535156 449.9678039550781
60.020023345947266 449.96759033203125
60.01988983154297 449.96734619140625
60.01978302001953 449.96710205078125
60.01969909667969 449.9668273925781
60.0196418762207 449.966552734375
60.01961135864258 449.9662780761719
60.01960754394531 449.96600341796875
60.01963424682617 449.9657287597656
60.01971435546875 449.9653015136719
60.01987075805664 449.96478271484375
60.02010726928711 449.9642028808594
60.02040481567383 449.9636535644531
60.02075958251953 449.963134765625
60.0211296081543 449.9626770019531
60.02135467529297 449.96246337890625
60.021488189697266 449.9623718261719
60.02165603637695 449.9622497558594
60.021881103515625 449.9621276855469
60.02220916748047 449.9620056152344
60.0225715637207 449.9619140625
60.02292251586914 449.96185302734375
60.023197174072266 449.9618225097656
60.023468017578125 449.9618225097656
60.023738861083984 449.96185302734375
60.02400588989258 449.9619140625
60.02426528930664 449.9620056152344
60.024513244628906 449.9621276855469
60.024749755859375 449.9622497558594
60.02497100830078 449.96240234375
60.025177001953125 449.96258544921875
60.02536392211914 449.9627990722656
60.02552795410156 449.9630126953125
60.02568054199219 449.9632568359375
60.02581024169922 449.9635314941406
60.02590560913086 449.9637756347656
60.02597427368164 449.96405029296875
60.02601623535156 449.9643249511719
60.026031494140625 449.964599609375
60.02601623535156 449.9648742675781
60.02597427368164 449.96514892578125
60.02590560913086 449.9654235839844
60.025814056396484 449.9656677246094
60.02569580078125 449.9659118652344
60.02555465698242 449.9661560058594
60.025390625 449.96636962890625
60.025203704833984 449.9665832519531
60.02499771118164 449.9667663574219
60.024776458740234 449.9669189453125
60.024539947509766 449.967041015625
60.0242919921875 449.9671630859375
60.02403259277344 449.9672546386719
60.023765563964844 449.9673156738281
60.023494720458984 449.96734619140625
60.023223876953125 449.96734619140625
60.022953033447266 449.9673156738281
60.02268600463867 449.9672546386719
60.022422790527344 449.9671936035156
60.02217102050781 449.96710205078125
60.02193069458008 449.96697998046875
60.02170181274414 449.9668273925781
60.021488189697266 449.9666442871094
60.02129364013672 449.9664611816406
60.0211181640625 449.96624755859375
60.020965576171875 449.9660339355469
60.020835876464844 449.9657897949219
60.02073287963867 449.9655456542969
60.020652770996094 449.96527099609375
60.020599365234375 449.9649963378906
60.020572662353516 449.9647216796875
60.02057647705078 449.9644470214844
60.020606994628906 449.9641418457031
60.020694732666016 449.9637145996094
60.02085876464844 449.96319580078125
60.02110290527344 449.9626159667969
60.02140808105469 449.9620666503906
60.02177047729492 449.9615478515625
60.022125244140625 449.96112060546875
60.022300720214844 449.9609375
60.02243423461914 449.9608459472656
60.022605895996094 449.9607238769531
60.022865295410156 449.9606018066406
60.023197174072266 449.9604797363281
60.0235595703125 449.96038818359375
60.0239143371582 449.9603271484375
60.02418518066406 449.9602966308594
60.02445602416992 449.9602966308594
60.02472686767578 449.9603271484375
60.02499008178711 449.96038818359375
60.025245666503906 449.9604797363281
60.02549362182617 449.9606018066406
60.025726318359375 449.96075439453125
60.02594757080078 449.9609069824219
60.02614974975586 449.9610900878906
60.02633285522461 449.9613037109375
60.02649688720703 449.9615173339844
60.026668548583984 449.9617919921875
60.02678680419922 449.9620361328125
60.026878356933594 449.9622802734375
60.02694320678711 449.9625549316406
60.026981353759766 449.96282958984375
60.02699279785156 449.9631042480469
60.026973724365234 449.96337890625
60.02692794799805 449.9636535644531
60.02685546875 449.96392822265625
60.02676010131836 449.96417236328125
60.02663803100586 449.96441650390625
60.026493072509766 449.96466064453125
60.02632522583008 449.9648742675781
60.02613830566406 449.9650573730469
60.02593231201172 449.9652404785156
60.02570724487305 449.96539306640625
60.02546691894531 449.96551513671875
60.02521514892578 449.96563720703125
60.02495574951172 449.9657287597656
60.024688720703125 449.9657897949219
60.024417877197266 449.9658203125
60.024147033691406 449.9658203125
60.02387619018555 449.9657897949219
60.02360916137695 449.9657287597656
60.02334976196289 449.96563720703125
60.02309799194336 449.9655456542969
60.022857666015625 449.9654235839844
60.02263259887695 449.96527099609375
60.022422790527344 449.965087890625
60.02223205566406 449.96490478515625
60.02206039428711 449.9646911621094
60.02191162109375 449.9644775390625
60.021785736083984 449.9642333984375
60.02168655395508 449.9639892578125
60.021610260009766 449.9637145996094
60.02156066894531 449.96343994140625
60.02153778076172 449.9631652832031
60.02154541015625 449.962890625
60.021583557128906 449.96258544921875
60.02167892456055 449.962158203125
60.0218620300293 449.96160888671875
60.02211380004883 449.9610595703125
60.022430419921875 449.96051025390625
60.02280044555664 449.9599914550781
60.02311325073242 449.9596252441406
60.02329635620117 449.9594421386719
60.023433685302734 449.9593505859375
60.02362060546875 449.959228515625
60.02388381958008 449.9591064453125
60.02422332763672 449.958984375
60.02458572387695 449.9588928222656
60.024940490722656 449.9588317871094
60.025211334228516 449.9588317871094
60.025482177734375 449.9588317871094
60.025753021240234 449.9588623046875
60.02601623535156 449.95892333984375
60.02627182006836 449.9590148925781
60.02651596069336 449.9591369628906
60.02674865722656 449.95928955078125
60.0269660949707 449.9594421386719
60.027164459228516 449.9596252441406
60.02734375 449.9598388671875
60.027503967285156 449.9600524902344
60.027671813964844 449.9603271484375
60.02778625488281 449.9605712890625
60.02787399291992 449.9608154296875
60.02793502807617 449.9610900878906
60.02796936035156 449.96136474609375
60.02797317504883 449.9616394042969
60.027950286865234 449.9619140625
60.02790069580078 449.9621887207031
60.02782440185547 449.96246337890625
60.02772521972656 449.96270751953125
60.0275993347168 449.96295166015625
60.02745056152344 449.9631652832031
60.027278900146484 449.96337890625
60.0270881652832 449.96356201171875
60.026878356933594 449.9637451171875
60.02665328979492 449.9638977050781
60.02641296386719 449.9640197753906
60.026161193847656 449.964111328125
60.025901794433594 449.9642028808594
60.025634765625 449.9642639160156
60.02536392211914 449.96429443359375
60.02509307861328 449.96429443359375
60.02482223510742 449.9642639160156
60.02455520629883 449.9642028808594
60.024295806884766 449.964111328125
60.024044036865234 449.9639892578125
60.023807525634766 449.9638671875
60.023582458496094 449.9637145996094
60.02337646484375 449.9635314941406
60.023189544677734 449.9633483886719
60.02302169799805 449.963134765625
60.02287673950195 449.962890625
60.02275466918945 449.962646484375
60.02265930175781 449.96240234375
60.022586822509766 449.9621276855469
60.02254104614258 449.96185302734375
60.022525787353516 449.9615783691406
60.02253723144531 449.9613037109375
60.0225830078125 449.9609680175781
60.02269744873047 449.9604797363281
60.02288818359375 449.9599304199219
60.02315139770508 449.9593811035156
60.023475646972656 449.9588317871094
60.02385330200195 449.95831298828125
60.024169921875 449.9579772949219
60.024322509765625 449.9578552246094
60.02445983886719 449.957763671875
60.024662017822266 449.9576416015625
60.02494430541992 449.95751953125
60.02529525756836 449.9573974609375
60.02566146850586 449.9573059082031
60.025943756103516 449.957275390625
60.026214599609375 449.957275390625
60.026485443115234 449.9573059082031
60.02675247192383 449.95733642578125
60.027015686035156 449.9573974609375
60.02727127075195 449.9574890136719
60.02751541137695 449.9576110839844
60.02774429321289 449.957763671875
60.027957916259766 449.95794677734375
60.02815628051758 449.9581298828125
60.0283317565918 449.9583435058594
60.02848815917969 449.95855712890625
60.028648376464844 449.9588623046875
60.02875900268555 449.9591064453125
60.02884292602539 449.9593811035156
60.028900146484375 449.95965576171875
60.0289306640625 449.9599304199219
60.0289306640625 449.960205078125
60.02890396118164 449.9604797363281
60.02885055541992 449.96075439453125
60.028770446777344 449.9610290527344
60.02866744995117 449.9612731933594
60.02853775024414 449.9615173339844
60.028385162353516 449.96173095703125
60.0282096862793 449.9619445800781
60.02801513671875 449.9621276855469
60.027801513671875 449.9623107910156
60.02757263183594 449.96246337890625
60.02732849121094 449.96258544921875
60.027076721191406 449.9626770019531
60.02681350708008 449.9627380371094
60.026546478271484 449.9627990722656
60.026275634765625 449.96282958984375
60.026004791259766 449.96282958984375
60.025733947753906 449.9627990722656
60.02546691894531 449.9627380371094
60.02520751953125 449.962646484375
60.024959564208984 449.9625244140625
60.024723052978516 449.96240234375
60.02450180053711 449.9622497558594
60.024295806884766 449.9620666503906
60.02410888671875 449.96185302734375
60.02394485473633 449.9616394042969
60.0238037109375 449.9613952636719
60.023685455322266 449.9611511230469
60.02359390258789 449.9609069824219
60.02352523803711 449.96063232421875
60.02348327636719 449.9603576660156
60.02347183227539 449.9600830078125
60.02348709106445 449.9598083496094
60.023536682128906 449.95947265625
60.023658752441406 449.958984375
60.023868560791016 449.9584045410156
60.02414321899414 449.9578552246094
60.02447509765625 449.9573059082031
60.024845123291016 449.9568176269531
60.025047302246094 449.95660400390625
60.02518081665039 449.95648193359375
60.02532196044922 449.9563903808594
60.0255241394043 449.9562683105469
60.025821685791016 449.9561462402344
60.02617263793945 449.9560241699219
60.02654266357422 449.9559326171875
60.026824951171875 449.9559020996094
60.027095794677734 449.9559020996094
60.027366638183594 449.9559326171875
60.02763366699219 449.95599365234375
60.027896881103516 449.9560546875
60.02814865112305 449.9561462402344
60.02838897705078 449.9562683105469
60.02861785888672 449.9564208984375
60.028831481933594 449.95660400390625
60.02902603149414 449.956787109375
60.02920150756836 449.9570007324219
60.029354095458984 449.9572448730469
60.02951431274414 449.9575500488281
60.02962112426758 449.9577941894531
60.029701232910156 449.95806884765625
60.029754638671875 449.9583435058594
60.02977752685547 449.9586181640625
60.0297737121582 449.9588928222656
60.02974319458008 449.95916748046875
60.029685974121094 449.9594421386719
60.02960205078125 449.959716796875
60.02949523925781 449.9599609375
60.029361724853516 449.960205078125
60.029205322265625 449.9604187011719
60.02902603149414 449.96063232421875
60.02882766723633 449.9608154296875
60.02861404418945 449.9609680175781
60.028385162353516 449.96112060546875
60.028141021728516 449.96124267578125
60.02788543701172 449.9613342285156
60.02762222290039 449.9613952636719
60.02735137939453 449.96142578125
60.02708053588867 449.9614562988281
60.02680969238281 449.9614562988281
60.02653884887695 449.96142578125
60.026275634765625 449.96136474609375
60.02602005004883 449.9612731933594
60.02577209472656 449.9611511230469
60.02553939819336 449.96099853515625
60.02532196044922 449.9608459472656
60.02511978149414 449.9606628417969
60.02493667602539 449.96044921875
60.024776458740234 449.9602355957031
60.02463912963867 449.9599914550781
60.0245246887207 449.9597473144531
60.024436950683594 449.9595031738281
60.02437210083008 449.959228515625
60.02433776855469 449.9589538574219
60.024330139160156 449.95867919921875
60.024349212646484 449.9584045410156
60.0244026184082 449.95806884765625
60.024532318115234 449.9576110839844
60.024749755859375 449.9570617675781
60.02503204345703 449.9565124511719
60.02537155151367 449.9559631347656
60.02574920654297 449.9554748535156
60.02596664428711 449.95526123046875
60.02610397338867 449.95513916015625
60.02625274658203 449.9550476074219
60.026458740234375 449.9549255371094
60.02676010131836 449.9548034667969
60.0271110534668 449.9546813964844
60.02747344970703 449.9546203613281
60.02775192260742 449.95458984375
60.02802276611328 449.95458984375
60.02829360961914 449.9546203613281
60.028560638427734 449.9546813964844
60.0288200378418 449.95477294921875
60.02907180786133 449.9548645019531
60.02931213378906 449.9549865722656
60.029537200927734 449.95513916015625
60.029747009277344 449.955322265625
60.029937744140625 449.95550537109375
60.03010940551758 449.9557189941406
60.03025817871094 449.9559631347656
60.0303955078125 449.95623779296875
60.030494689941406 449.95648193359375
60.03056716918945 449.9567565917969
60.03061294555664 449.95703125
60.03063201904297 449.9573059082031
60.03062438964844 449.95758056640625
60.03059005737305 449.9578552246094
60.0305290222168 449.9581298828125
60.03044128417969 449.9583740234375
60.030330657958984 449.9586181640625
60.03019332885742 449.9588623046875
60.030033111572266 449.9590759277344
60.02985382080078 449.95928955078125
60.02965545654297 449.95947265625
60.02943801879883 449.9596252441406
60.029205322265625 449.95977783203125
60.028961181640625 449.95989990234375
60.02870559692383 449.9599914550781
60.0284423828125 449.9600524902344
60.02817153930664 449.9600830078125
60.02790069580078 449.9600830078125
60.02762985229492 449.9600830078125
60.02735900878906 449.9600524902344
60.027095794677734 449.9599914550781
60.02684020996094 449.95989990234375
60.02659606933594 449.95977783203125
60.026363372802734 449.9596252441406
60.026145935058594 449.95947265625
60.02594757080078 449.95928955078125
60.0257682800293 449.9590759277344
60.025611877441406 449.9588623046875
60.02547836303711 449.9586181640625
60.025367736816406 449.9583740234375
60.02528381347656 449.9581298828125
60.02522659301758 449.9578552246094
60.02519607543945 449.95758056640625
60.02519226074219 449.9573059082031
60.02521514892578 449.95703125
60.02528381347656 449.9566650390625
60.025421142578125 449.9562072753906
60.0256462097168 449.9556579589844
60.025936126708984 449.9551086425781
60.02628707885742 449.95458984375
60.026649475097656 449.9541320800781
60.02687072753906 449.95391845703125
60.027000427246094 449.95379638671875
60.02716827392578 449.95367431640625
60.02738952636719 449.95355224609375
60.02770233154297 449.95343017578125
60.02806091308594 449.95330810546875
60.02842712402344 449.9532470703125
60.02870559692383 449.9532165527344
60.02897644042969 449.9532165527344
60.02924728393555 449.9532470703125
60.02951431274414 449.95330810546875
60.0297737121582 449.9533996582031
60.030025482177734 449.9535217285156
60.0302619934082 449.9536437988281
60.030487060546875 449.95379638671875
60.03069305419922 449.9539794921875
60.030879974365234 449.95416259765625
60.03104782104492 449.9543762207031
60.03119659423828 449.9546203613281
60.03133010864258 449.95489501953125
60.03142547607422 449.95513916015625
60.031494140625 449.9554138183594
60.03153610229492 449.9556884765625
60.031551361083984 449.9559631347656
60.03153991699219 449.95623779296875
60.03150177001953 449.9565124511719
60.031436920166016 449.956787109375
60.03134536743164 449.95703125
60.03123092651367 449.957275390625
60.031089782714844 449.95751953125
60.03092575073242 449.9577331542969
60.03074264526367 449.95794677734375
60.030540466308594 449.9581298828125
60.03031921386719 449.9582824707031
60.03008270263672 449.95843505859375
60.02983474731445 449.95855712890625
60.02957534790039 449.9586486816406
60.0293083190918 449.9587097167969
60.02903747558594 449.958740234375
60.02876663208008 449.958740234375
60.02849578857422 449.9587097167969
60.028228759765625 449.95867919921875
60.0279655456543 449.9586181640625
60.0277099609375 449.9585266113281
60.0274658203125 449.9584045410156
60.02723693847656 449.958251953125
60.02702331542969 449.95806884765625
60.02682876586914 449.9578857421875
60.02665328979492 449.9576721191406
60.02649688720703 449.95745849609375
60.0263671875 449.95721435546875
60.02626037597656 449.95697021484375
60.026180267333984 449.9566955566406
60.026126861572266 449.9564208984375
60.026100158691406 449.9561462402344
60.026100158691406 449.95587158203125
60.02613067626953 449.95556640625
60.026214599609375 449.95513916015625
60.02637481689453 449.9546203613281
60.026615142822266 449.95404052734375
60.02691650390625 449.9534912109375
60.02727508544922 449.9529724121094
60.027645111083984 449.9525146484375
60.0278205871582 449.95233154296875
60.0279541015625 449.9522399902344
60.02812194824219 449.9521179199219
60.02836608886719 449.9519958496094
60.02869415283203 449.9518737792969
60.029056549072266 449.9517822265625
60.0294075012207 449.95172119140625
60.02968215942383 449.9516906738281
60.02995300292969 449.9516906738281
60.03022384643555 449.95172119140625
60.03049087524414 449.9517822265625
60.0307502746582 449.9518737792969
60.03099822998047 449.9519958496094
60.03123474121094 449.9521179199219
60.031455993652344 449.9522705078125
60.03165817260742 449.95245361328125
60.03184127807617 449.9526672363281
60.032005310058594 449.952880859375
60.03215789794922 449.953125
60.03227996826172 449.953369140625
60.032371520996094 449.95361328125
60.03243637084961 449.9538879394531
60.032474517822266 449.95416259765625
60.03248596191406 449.9544372558594
60.032470703125 449.9547119140625
60.03242874145508 449.9549865722656
60.0323600769043 449.95526123046875
60.032264709472656 449.95550537109375
60.03214645385742 449.95574951171875
60.03200149536133 449.95599365234375
60.031837463378906 449.9562072753906
60.03165054321289 449.9564208984375
60.03144454956055 449.95660400390625
60.03122329711914 449.9567565917969
60.03098678588867 449.9568786621094
60.030738830566406 449.9570007324219
60.030479431152344 449.95709228515625
60.03021240234375 449.9571533203125
60.02994155883789 449.9571838378906
60.02967071533203 449.9571838378906
60.02939987182617 449.9571533203125
60.02913284301758 449.95709228515625
60.02886962890625 449.95703125
60.02861785888672 449.9569396972656
60.028377532958984 449.9568176269531
60.02814865112305 449.9566650390625
60.02793884277344 449.95648193359375
60.02774429321289 449.956298828125
60.02757263183594 449.9560852050781
60.02742004394531 449.95587158203125
60.02729034423828 449.95562744140625
60.02718734741211 449.95538330078125
60.0271110534668 449.9551086425781
60.027061462402344 449.954833984375
60.02703857421875 449.9545593261719
60.027042388916016 449.95428466796875
60.027076721191406 449.9539794921875
60.02716827392578 449.95355224609375
60.02733612060547 449.9530334472656
60.027584075927734 449.95245361328125
60.02789306640625 449.951904296875
60.02825927734375 449.9513854980469
60.02861404418945 449.9509582519531
60.02879333496094 449.9507751464844
60.028926849365234 449.95068359375
60.02909851074219 449.9505615234375
60.02935791015625 449.950439453125
60.02968978881836 449.9503173828125
60.030052185058594 449.9502258300781
60.0304069519043 449.9501647949219
60.030677795410156 449.95013427734375
60.030948638916016 449.95013427734375
60.031219482421875 449.9501647949219
60.0314826965332 449.9502258300781
60.03173828125 449.9503173828125
60.031986236572266 449.950439453125
60.03221893310547 449.9505920410156
60.03243637084961 449.95074462890625
60.03263854980469 449.950927734375
60.03282165527344 449.9511413574219
60.032981872558594 449.95135498046875
60.03314971923828 449.9516296386719
60.033267974853516 449.9518737792969
60.033355712890625 449.9521179199219
60.033416748046875 449.952392578125
60.033451080322266 449.9526672363281
60.0334587097168 449.95294189453125
60.03343963623047 449.9532165527344
60.03339385986328 449.9534912109375
60.033321380615234 449.9537658691406
60.03322219848633 449.9540100097656
60.03310012817383 449.9542541503906
60.032955169677734 449.9544982910156
60.03278732299805 449.9547119140625
60.032596588134766 449.95489501953125
60.032386779785156 449.955078125
60.032161712646484 449.9552307128906
60.03192138671875 449.9553527832031
60.03166961669922 449.9554443359375
60.031410217285156 449.9555358886719
60.03114318847656 449.9555969238281
60.0308723449707 449.95562744140625
60.030601501464844 449.95562744140625
60.030330657958984 449.9555969238281
60.03006362915039 449.9555358886719
60.02980422973633 449.9554443359375
60.0295524597168 449.9553527832031
60.02931213378906 449.9552307128906
60.02908706665039 449.955078125
60.02887725830078 449.95489501953125
60.0286865234375 449.9547119140625
60.02851486206055 449.9544982910156
60.02836608886719 449.9542541503906
60.02824020385742 449.9540100097656
60.028141021728516 449.9537658691406
60.02806854248047 449.9534912109375
60.02802276611328 449.9532165527344
60.02800369262695 449.95294189453125
60.028011322021484 449.9526672363281
60.02804946899414 449.9523620605469
60.02814483642578 449.9519348144531
60.0283317565918 449.9513854980469
60.028587341308594 449.9508361816406
60.02890396118164 449.9502868652344
60.02927780151367 449.94976806640625
60.02959060668945 449.94940185546875
60.0297737121582 449.94921875
60.029911041259766 449.9491271972656
60.03009796142578 449.9490051269531
60.03038024902344 449.9488830566406
60.030723571777344 449.9487609863281
60.03108596801758 449.94866943359375
60.03139114379883 449.9486389160156
60.03166580200195 449.9486389160156
60.03193664550781 449.9486389160156
60.03220748901367 449.94866943359375
60.032470703125 449.94873046875
60.0327262878418 449.9488220214844
60.0329704284668 449.9489440917969
60.033203125 449.9490966796875
60.03342056274414 449.9492492675781
60.03361892700195 449.9494323730469
60.03379821777344 449.94964599609375
60.03395462036133 449.9498596191406
60.03411865234375 449.9501647949219
60.03423309326172 449.9504089355469
60.03431701660156 449.95068359375
60.03437423706055 449.9509582519531
60.03440475463867 449.95123291015625
60.03440856933594 449.9515075683594
60.034385681152344 449.9517822265625
60.03433609008789 449.9520568847656
60.03425979614258 449.95233154296875
60.034156799316406 449.95257568359375
60.03403091430664 449.95281982421875
60.03388214111328 449.9530334472656
60.03371047973633 449.9532470703125
60.03351974487305 449.95343017578125
60.03330993652344 449.95361328125
60.0330810546875 449.9537658691406
60.032840728759766 449.9538879394531
60.032588958740234 449.9539794921875
