59.839656829833984 449.8494873046875
59.84658432006836 449.8551940917969
59.853878021240234 449.86041259765625
59.86150360107422 449.8651428222656
59.86942672729492 449.8693542480469
59.87761306762695 449.8730163574219
59.88602828979492 449.8761291503906
59.894630432128906 449.8786926269531
59.903385162353516 449.88067626953125
59.91225051879883 449.8820495605469
59.92118835449219 449.8828430175781
59.93016052246094 449.8830261230469
59.939125061035156 449.88262939453125
59.94804382324219 449.8816223144531
59.95687484741211 449.8800354003906
59.965579986572266 449.8778381347656
59.97412109375 449.8750915527344
59.98245620727539 449.87176513671875
59.99055099487305 449.8678894042969
59.99837112426758 449.8634948730469
60.00587844848633 449.85858154296875
60.01304244995117 449.8531799316406
60.019832611083984 449.8473205566406
60.026214599609375 449.84100341796875
60.032161712646484 449.83428955078125
60.03764724731445 449.8271789550781
60.04264831542969 449.8197326660156
60.04713821411133 449.81195068359375
60.05110168457031 449.80389404296875
60.05451965332031 449.79559326171875
60.057376861572266 449.7870788574219
60.05965805053711 449.7784118652344
60.061397552490234 449.7693786621094
60.06304931640625 449.7561950683594
60.06435012817383 449.7356262207031
60.064517974853516 449.7099914550781
60.06327819824219 449.68408203125
60.060630798339844 449.65826416015625
60.05658721923828 449.6325988769531
60.0511589050293 449.607177734375
60.04436111450195 449.58209228515625
60.03621292114258 449.5574035644531
60.02658462524414 449.5328063964844
60.015628814697266 449.5087585449219
59.99920654296875 449.47747802734375
59.9739990234375 449.4356994628906
59.94132614135742 449.38861083984375
59.92445755004883 449.3671569824219
59.907432556152344 449.3477783203125
59.893951416015625 449.3341064453125
59.88576889038086 449.3267822265625
59.87721633911133 449.3200988769531
59.86824417114258 449.31402587890625
59.858882904052734 449.3085632324219
59.849178314208984 449.3037414550781
59.83917236328125 449.299560546875
59.82891082763672 449.2960510253906
59.81843566894531 449.2932434082031
59.807796478271484 449.2911376953125
59.79709243774414 449.2897644042969
59.787593841552734 449.2891845703125
59.830875396728516 449.2889709472656
60.09425354003906 449.27252197265625
60.411590576171875 449.2370300292969
60.729591369628906 449.1862487792969
61.04478454589844 449.1206359863281
61.35600662231445 449.0404357910156
61.66315841674805 448.9457092285156
61.965457916259766 448.836669921875
62.26256561279297 448.71343994140625
62.55364990234375 448.5763244628906
62.838218688964844 448.4255065917969
63.115596771240234 448.26129150390625
63.38517379760742 448.083984375
63.646331787109375 447.89385986328125
63.898685455322266 447.6910095214844
64.14151000976562 447.4755859375
64.37376403808594 447.2480773925781
64.59493255615234 447.0082092285156
64.82914733886719 446.726806640625
65.05406188964844 446.4267272949219
65.25508117675781 446.1256408691406
65.44220733642578 445.80828857421875
65.616943359375 445.47271728515625
65.7750015258789 445.12799072265625
65.91709899902344 444.7737731933594
66.0428695678711 444.4137878417969
66.15241241455078 444.0513916015625
66.2462158203125 443.6892395019531
66.32489013671875 443.3294677734375
66.38890075683594 442.9744567871094
66.43839263916016 442.628173828125
66.47319793701172 442.2978820800781
66.48995971679688 442.0370178222656
66.49337005615234 441.8370361328125
66.4903335571289 441.7578430175781
66.48869323730469 441.7417297363281
66.49018859863281 441.7505798339844
66.49227142333984 441.7593078613281
66.49493408203125 441.76788330078125
66.49816131591797 441.7762451171875
66.50193786621094 441.7843933105469
66.5062484741211 441.7922668457031
66.51107788085938 441.7998352050781
66.51639556884766 441.80706787109375
66.52218627929688 441.8139343261719
66.5284194946289 441.8204040527344
66.53507232666016 441.826416015625
66.5421142578125 441.83197021484375
66.54950714111328 441.8370666503906
66.55722045898438 441.8416442871094
66.56522369384766 441.845703125
66.57347869873047 441.8492126464844
66.58195495605469 441.8521728515625
66.59060668945312 441.85455322265625
66.59939575195312 441.8563537597656
66.60828399658203 441.8575744628906
66.61723327636719 441.8581848144531
66.62620544433594 441.85821533203125
66.63516235351562 441.8576354980469
66.64405822753906 441.8564453125
66.6528549194336 441.85467529296875
66.66151428222656 441.8523254394531
66.66999816894531 441.8493957519531
66.67826843261719 441.8459167480469
66.68628692626953 441.8418884277344
66.69402313232422 441.83734130859375
66.70143127441406 441.832275390625
66.70848846435547 441.82672119140625
66.71516418457031 441.8207092285156
66.72142028808594 441.81427001953125
66.72723388671875 441.80743408203125
66.73258209228516 441.80023193359375
66.73743438720703 441.7926940917969
66.74177551269531 441.78485107421875
66.7455825805664 441.7767333984375
66.74884033203125 441.76837158203125
66.7514419555664 441.76007080078125
66.75355529785156 441.7513427734375
66.75508117675781 441.74249267578125
66.75605773925781 441.7331848144531
66.7564926147461 441.7216491699219
66.7560043334961 441.7023620605469
66.75398254394531 441.677978515625
66.75045013427734 441.6524963378906
66.74549865722656 441.6270446777344
66.73917388916016 441.60186767578125
66.73148345947266 441.5770568847656
66.72245788574219 441.5527038574219
66.71212768554688 441.52886962890625
66.70052337646484 441.505615234375
66.68767547607422 441.4830322265625
66.67362213134766 441.461181640625
66.65840148925781 441.44012451171875
66.64205169677734 441.419921875
66.62464141845703 441.400634765625
66.60684204101562 441.3829650878906
66.59432983398438 441.3719177246094
66.58544921875 441.3650207519531
66.57645416259766 441.35894775390625
66.56707763671875 441.353515625
66.55735778808594 441.3487243652344
66.5473403930664 441.3445739746094
66.53707122802734 441.3410949707031
66.5265884399414 441.33831787109375
66.51595306396484 441.33624267578125
66.50521850585938 441.33489990234375
66.49475860595703 441.33428955078125
66.51622772216797 441.3341064453125
66.82844543457031 441.3139343261719
67.14833068847656 441.2780456542969
67.4668197631836 441.22711181640625
67.78258514404297 441.16131591796875
68.09494018554688 441.080810546875
68.4031982421875 440.98577880859375
68.70667266845703 440.87640380859375
69.00473022460938 440.7529296875
69.2967300415039 440.6155700683594
69.58203887939453 440.46466064453125
69.86009216308594 440.3004150390625
70.1302261352539 440.1231994628906
70.39193725585938 439.9332580566406
70.64453887939453 439.7309265136719
70.88777923583984 439.5162048339844
71.12144470214844 439.2889099121094
71.35919189453125 439.0350341796875
71.60691833496094 438.74615478515625
71.84196472167969 438.44720458984375
72.06385040283203 438.1390075683594
72.27186584472656 437.8232116699219
72.4657974243164 437.5012512207031
72.64553833007812 437.1745910644531
72.81102752685547 436.8447265625
72.9621810913086 436.5133056640625
73.09871673583984 436.1824035644531
73.2226791381836 435.8480224609375
73.33142852783203 435.518310546875
73.42394256591797 435.19854736328125
73.4987564086914 434.89703369140625
73.55440521240234 434.6256408691406
73.5820541381836 434.4485778808594
73.59432983398438 434.3265686035156
73.59598541259766 434.28521728515625
73.59603881835938 434.2873229980469
73.59686279296875 434.2962646484375
73.59827423095703 434.30511474609375
73.60027313232422 434.3138732910156
73.60285186767578 434.3224792480469
73.60600280761719 434.33087158203125
73.60970306396484 434.33905029296875
73.61394500732422 434.3469543457031
73.61870574951172 434.35455322265625
73.62491607666016 434.3631591796875
73.63182067871094 434.3714904785156
73.63935089111328 434.3794250488281
73.6474380493164 434.38690185546875
73.65593719482422 434.3937683105469
73.66474914550781 434.39996337890625
73.67375183105469 434.4054260253906
73.68272399902344 434.41009521484375
73.6911392211914 434.4137878417969
73.6995849609375 434.4168395996094
73.70821380615234 434.4193115234375
73.71698760986328 434.42120361328125
73.72422790527344 434.4222717285156
73.73092651367188 434.42279052734375
73.73709869384766 434.4228515625
73.74323272705078 434.4225158691406
73.74957275390625 434.4217529296875
73.75631713867188 434.42047119140625
73.76390838623047 434.4184875488281
73.77200317382812 434.4158020019531
73.78031158447266 434.41241455078125
73.79093170166016 434.4072265625
73.80232238769531 434.40069580078125
73.81144714355469 434.3946533203125
73.81891632080078 434.3889465332031
73.81985473632812 434.38812255859375
73.81981658935547 434.3881530761719
73.81969451904297 434.3883056640625
73.82024383544922 434.3876037597656
73.82244873046875 434.38427734375
73.82553100585938 434.37890625
73.82904815673828 434.3717041015625
73.83244323730469 434.3634033203125
73.83366394042969 434.3597412109375
73.83403778076172 434.3583068847656
73.83527374267578 434.351806640625
73.83619689941406 434.3442077636719
73.83668518066406 434.3352355957031
73.83656311035156 434.3253173828125
73.83563995361328 434.3136291503906
73.83344268798828 434.29840087890625
73.82866668701172 434.275146484375
73.82218170166016 434.25054931640625
73.81423950195312 434.2259521484375
73.8049545288086 434.2017517089844
73.79434967041016 434.1780700683594
73.78250885009766 434.1550598144531
73.76946258544922 434.13275146484375
73.75516510009766 434.111083984375
73.73970794677734 434.0902099609375
73.72312927246094 434.0702209472656
73.70549011230469 434.0511474609375
73.68687438964844 434.0330810546875
73.66809844970703 434.0167541503906
73.65525817871094 434.0068359375
73.64593505859375 434.00054931640625
73.63655853271484 433.9951171875
73.62683868408203 433.9903259277344
73.6168212890625 433.9861755371094
73.60655212402344 433.9826965332031
73.59607696533203 433.97991943359375
73.58545684814453 433.97784423828125
73.57496643066406 433.9765319824219
73.56736755371094 433.97607421875
73.58820343017578 433.9759216308594
73.88519287109375 433.95660400390625
74.19869995117188 433.9210510253906
74.5125503540039 433.8703308105469
74.8265151977539 433.8043212890625
75.13752746582031 433.7235412597656
75.44514465332031 433.6280212402344
75.74826049804688 433.5180969238281
76.04569244384766 433.3941955566406
76.33704376220703 433.2564697265625
76.62179565429688 433.1051330566406
76.89886474609375 432.9407653808594
77.16806030273438 432.76348876953125
77.42857360839844 432.57379150390625
77.67987060546875 432.37200927734375
77.92682647705078 432.15411376953125
78.1849594116211 431.90655517578125
78.43595886230469 431.64739990234375
78.67631530761719 431.3804016113281
78.90599060058594 431.1058349609375
79.12401580810547 430.8250732421875
79.3296127319336 430.5394592285156
79.52188873291016 430.250732421875
79.69974517822266 429.96112060546875
79.8617935180664 429.6737365722656
80.00625610351562 429.3929443359375
80.13101196289062 429.12469482421875
80.23387908935547 428.876708984375
80.32426452636719 428.62872314453125
80.38069152832031 428.4476318359375
80.40616607666016 428.3466796875
80.4136962890625 428.306640625
80.41471099853516 428.2983093261719
80.41445922851562 428.30279541015625
80.41455841064453 428.311767578125
80.4152603149414 428.3207092285156
80.41655731201172 428.32958984375
80.41844177246094 428.3383483886719
80.42090606689453 428.34698486328125
80.42394256591797 428.3554382324219
80.42753601074219 428.3636474609375
80.43167114257812 428.3716125488281
80.43807220458984 428.3821716308594
80.44586944580078 428.3933410644531
80.4552001953125 428.405029296875
80.46592712402344 428.4168701171875
80.47767639160156 428.4283142089844
80.48991394042969 428.4388427734375
80.50208282470703 428.44805908203125
80.51429748535156 428.4561462402344
80.52581787109375 428.4627380371094
80.53667449951172 428.4680480957031
80.54711151123047 428.4723205566406
80.55703735351562 428.47564697265625
80.56111907958984 428.4767150878906
80.56171417236328 428.4768371582031
80.56049346923828 428.4766845703125
80.55854034423828 428.4765625
80.55567169189453 428.4765930175781
80.55303192138672 428.476806640625
80.55156707763672 428.4770202636719
80.55091857910156 428.4771423339844
80.5521469116211 428.476806640625
80.55531311035156 428.4756774902344
80.56019592285156 428.47357177734375
80.57015991210938 428.46844482421875
80.59210968017578 428.4554443359375
80.61347198486328 428.441162109375
80.6334228515625 428.4261779785156
80.65253448486328 428.4101257324219
80.66568756103516 428.39776611328125
80.61971282958984 428.4463806152344
80.57945251464844 428.4945983886719
80.54877471923828 428.536376953125
80.52483367919922 428.5736999511719
80.51091003417969 428.5987854003906
80.50480651855469 428.6116943359375
80.50357818603516 428.61480712890625
80.49856567382812 428.6304626464844
80.49510192871094 428.6443786621094
80.49198150634766 428.6616516113281
80.49166870117188 428.6643981933594
80.49189758300781 428.659423828125
80.49171447753906 428.65045166015625
80.49089050292969 428.6410217285156
80.4892349243164 428.63037109375
80.48638153076172 428.61761474609375
80.48146057128906 428.6006774902344
80.47347259521484 428.57818603515625
80.46391296386719 428.55535888671875
80.45289611816406 428.53265380859375
80.4406509399414 428.51055908203125
80.42729949951172 428.4892883300781
80.41264343261719 428.4685363769531
80.39671325683594 428.4483947753906
80.37960815429688 428.4290466308594
80.36140441894531 428.4105529785156
80.34223175048828 428.3930969238281
80.32219696044922 428.3767395019531
80.30641174316406 428.36529541015625
80.29656982421875 428.35906982421875
80.28700256347656 428.3538513183594
80.27716064453125 428.34930419921875
80.26704406738281 428.3454284667969
80.2567138671875 428.3422546386719
80.24632263183594 428.3398132324219
80.23641967773438 428.3381652832031
80.23358917236328 428.337890625
80.30677795410156 428.3403015136719
80.38591766357422 428.3379211425781
80.4822769165039 428.3290100097656
80.66838073730469 428.3006896972656
80.93978118896484 428.2445068359375
81.22148895263672 428.1714782714844
81.51238250732422 428.0807800292969
81.80593872070312 427.9736022949219
82.08876037597656 427.854736328125
82.37039947509766 427.72021484375
82.64295959472656 427.57366943359375
82.91009521484375 427.41314697265625
83.16534423828125 427.2426452636719
83.40719604492188 427.06378173828125
83.64366912841797 426.871337890625
83.87425231933594 426.6669006347656
84.09640502929688 426.4536437988281
84.30831909179688 426.2333984375
84.50824737548828 426.0082092285156
84.69440460205078 425.7805480957031
84.86494445800781 425.55340576171875
85.0179672241211 425.3304138183594
85.14237976074219 425.1304016113281
85.2549819946289 424.92889404296875
85.33402252197266 424.7693176269531
85.39146423339844 424.63580322265625
85.42028045654297 424.5565185546875
85.43092346191406 424.5203857421875
85.43318939208984 424.51031494140625
85.43276977539062 424.5129699707031
85.43196868896484 424.52191162109375
85.43177032470703 424.5308837890625
85.43216705322266 424.53985595703125
85.43315887451172 424.54876708984375
85.43474578857422 424.5575866699219
85.43692016601562 424.5662841796875
85.43966674804688 424.5748291015625
85.44297790527344 424.5831604003906
85.44947052001953 424.5968322753906
85.45760345458984 424.6115417480469
85.46829223632812 424.6283874511719
85.48120880126953 424.6463317871094
85.49586486816406 424.6644287109375
85.51173400878906 424.6819152832031
85.52877044677734 424.6986999511719
85.54664611816406 424.7144470214844
85.56539154052734 424.7291564941406
85.58451080322266 424.7425231933594
85.6033706665039 424.754150390625
85.6209945678711 424.763671875
85.63629913330078 424.7707824707031
85.64910888671875 424.7757873535156
85.65921783447266 424.77899169921875
85.66795349121094 424.7811279296875
85.65982818603516 424.77972412109375
85.64332580566406 424.7779541015625
85.62548828125 424.7772216796875
85.60638427734375 424.7776794433594
85.58799743652344 424.7793273925781
85.57080078125 424.7820129394531
85.55885314941406 424.7846984863281
85.5513916015625 424.7868957519531
85.54833221435547 424.78802490234375
85.54904174804688 424.7877197265625
85.39799499511719 424.86669921875
85.41898345947266 424.85418701171875
85.44017791748047 424.83990478515625
85.46023559570312 424.8247375488281
85.47901916503906 424.8088684082031
85.49616241455078 424.792724609375
85.51005554199219 424.77813720703125
85.43560028076172 424.865234375
85.32356262207031 425.0109558105469
85.2352294921875 425.1393737792969
85.16434478759766 425.2556457519531
85.11943054199219 425.3398742675781
85.09609985351562 425.3908996582031
85.08692169189453 425.4148864746094
85.08496856689453 425.42120361328125
85.0579833984375 425.53302001953125
85.048583984375 425.5863342285156
85.04593658447266 425.6103210449219
85.04537200927734 425.6230163574219
85.04534912109375 425.62200927734375
85.04459381103516 425.613525390625
85.04320526123047 425.6046447753906
85.04084014892578 425.5941467285156
85.03752899169922 425.5829772949219
85.03209686279297 425.5682067871094
85.02405548095703 425.54986572265625
85.01358795166016 425.5293273925781
85.00103759765625 425.50775146484375
84.98834991455078 425.4884338378906
84.97484588623047 425.4701232910156
84.95882415771484 425.4507141113281
84.9417724609375 425.4322204589844
84.92328643798828 425.41424560546875
84.90391540527344 425.3973388671875
84.88381958007812 425.38165283203125
84.86643981933594 425.3695983886719
84.85606384277344 425.3633117675781
84.84635925292969 425.3582763671875
84.83643341064453 425.35394287109375
84.82627868652344 425.35028076171875
84.8160629272461 425.3473815917969
84.80724334716797 425.3454895019531
84.80445861816406 425.3450927734375
84.84064483642578 425.34796142578125
84.8784408569336 425.3484802246094
84.91715240478516 425.3465270996094
84.95352935791016 425.3423156738281
85.00110626220703 425.33367919921875
85.14300537109375 425.29876708984375
85.34452819824219 425.23687744140625
85.58264923095703 425.149658203125
85.81462097167969 425.05078125
86.05177307128906 424.9349670410156
86.2932357788086 424.801513671875
86.50371551513672 424.67071533203125
86.7006607055664 424.5335693359375
86.87464141845703 424.3988342285156
87.05335998535156 424.2462158203125
87.22573852539062 424.0845031738281
87.38905334472656 423.9162902832031
87.53832244873047 423.7472839355469
87.67643737792969 423.5749206542969
87.79254150390625 423.4144592285156
87.89012908935547 423.2639465332031
87.95861053466797 423.1446838378906
88.0091323852539 423.0438232421875
88.03567504882812 422.9818420410156
88.04631805419922 422.951904296875
88.04886627197266 422.94293212890625
88.04837036132812 422.9452819824219
88.04708862304688 422.9541320800781
88.04639434814453 422.96307373046875
88.04630279541016 422.9720458984375
88.04680633544922 422.98101806640625
88.04790496826172 422.98992919921875
88.04959869384766 422.9987487792969
88.05187225341797 423.0074157714844
88.05472564697266 423.01593017578125
88.05813598632812 423.02423095703125
88.06697082519531 423.0423889160156
88.07819366455078 423.06243896484375
88.09097290039062 423.08251953125
88.10539245605469 423.1026306152344
88.12105560302734 423.1221008300781
88.137939453125 423.140869140625
88.1558609008789 423.1587219238281
88.17473602294922 423.1755676269531
88.19446563720703 423.19134521484375
88.21482849121094 423.20587158203125
88.23576354980469 423.2191162109375
88.2566146850586 423.2307434082031
88.27738189697266 423.2408447265625
88.29620361328125 423.2486877441406
88.30635070800781 423.252197265625
88.31639099121094 423.2549133300781
88.3252944946289 423.2567138671875
88.32760620117188 423.25701904296875
88.29541778564453 423.2548828125
88.26236724853516 423.2548522949219
88.2297134399414 423.2569580078125
88.19853973388672 423.260986328125
88.17178344726562 423.2662353515625
88.15113067626953 423.271728515625
88.13722229003906 423.27642822265625
88.12970733642578 423.279541015625
87.89433288574219 423.39312744140625
87.65350341796875 423.5248107910156
87.6747055053711 423.51171875
87.69550323486328 423.49725341796875
87.71477508544922 423.48223876953125
87.73267364501953 423.4666748046875
87.74968719482422 423.4501647949219
87.76240539550781 423.4364013671875
87.67858123779297 423.5371398925781
87.53155517578125 423.73187255859375
87.40296173095703 423.9198303222656
87.30436706542969 424.08038330078125
87.22708129882812 424.222412109375
87.16988372802734 424.3428649902344
87.1397476196289 424.417236328125
87.127685546875 424.45330810546875
87.12468719482422 424.46466064453125
87.09320831298828 424.6228942871094
87.08700561523438 424.66845703125
87.0858154296875 424.6853942871094
87.08578491210938 424.6925964355469
87.08538818359375 424.6861572265625
87.08423614501953 424.67724609375
87.0824966430664 424.66845703125
87.0796890258789 424.6579895019531
87.0759048461914 424.6468811035156
87.07062530517578 424.6341552734375
87.06220245361328 424.616943359375
87.05134582519531 424.59771728515625
87.03972625732422 424.57958984375
87.02735900878906 424.56243896484375
87.01261901855469 424.544189453125
86.99600982666016 424.5257873535156
86.97798156738281 424.50787353515625
86.95875549316406 424.49072265625
86.93933868408203 424.4752197265625
86.9193344116211 424.46099853515625
86.90650177001953 424.4529724121094
86.89672088623047 424.44769287109375
86.88684844970703 424.4432067871094
86.87676239013672 424.43939208984375
86.86659240722656 424.4363098144531
86.85745239257812 424.4342041015625
86.85353088378906 424.4335632324219
86.87657928466797 424.43572998046875
86.90127563476562 424.4364318847656
86.92755889892578 424.43548583984375
86.9529800415039 424.4328918457031
86.97525024414062 424.42913818359375
87.03710174560547 424.41455078125
87.14619445800781 424.3815612792969
87.3082275390625 424.32196044921875
87.49604797363281 424.24066162109375
87.67135620117188 424.1529541015625
87.84861755371094 424.0516662597656
87.99993133544922 423.95361328125
88.13932800292969 423.8519287109375
88.28691101074219 423.73187255859375
88.43197631835938 423.6011047363281
88.57135772705078 423.4620666503906
88.70149993896484 423.31842041015625
88.81861114501953 423.1750793457031
88.9210205078125 423.0354919433594
88.99970245361328 422.9151306152344
89.0523452758789 422.8236389160156
89.08173370361328 422.7646179199219
89.10039520263672 422.7204284667969
89.10716247558594 422.7010192871094
89.10819244384766 422.6972961425781
89.10724639892578 422.7018737792969
89.10601806640625 422.71075439453125
89.10538482666016 422.7196960449219
89.10535430908203 422.7286682128906
89.10591888427734 422.73760986328125
89.1070785522461 422.74652099609375
89.10883331298828 422.75531005859375
89.11116790771484 422.76397705078125
89.11407470703125 422.7724609375
89.11754608154297 422.7807312011719
89.12713623046875 422.8001403808594
89.13893127441406 422.8209228515625
89.15240478515625 422.8418884277344
89.16716766357422 422.8622741699219
89.18319702148438 422.8820495605469
89.20032501220703 422.9009704589844
89.21849060058594 422.9189453125
89.23760986328125 422.9359130859375
89.25760650634766 422.9518127441406
89.27831268310547 422.96649169921875
89.29946899414062 422.97979736328125
89.32133483886719 422.991943359375
89.34302520751953 423.0024719238281
89.36337280273438 423.0109558105469
89.37354278564453 423.01446533203125
89.3836898803711 423.0172424316406
89.39286041259766 423.01910400390625
89.39714050292969 423.0196838378906
89.35811614990234 423.0170593261719
89.31808471679688 423.0169677734375
89.2784194946289 423.0194396972656
89.24044799804688 423.0242919921875
89.20751953125 423.03070068359375
89.18162536621094 423.0375061035156
89.16357421875 423.04351806640625
89.15302276611328 423.0478210449219
88.89981842041016 423.1688537597656
88.64449310302734 423.30682373046875
88.66478729248047 423.29443359375
88.6855697631836 423.2801513671875
88.7049789428711 423.26519775390625
88.72278594970703 423.2498474121094
88.73944854736328 423.23382568359375
88.7509765625 423.2214660644531
88.72166442871094 423.2564697265625
88.5577621459961 423.4723205566406
88.41182708740234 423.68310546875
88.28559875488281 423.8844299316406
88.19154357910156 424.05206298828125
88.11969757080078 424.1973876953125
88.06829833984375 424.31756591796875
88.04325866699219 424.3871765136719
88.03434753417969 424.4178771972656
88.00638580322266 424.5425720214844
87.98548126220703 424.6714172363281
87.98060607910156 424.7205810546875
87.98002624511719 424.7375793457031
87.98004150390625 424.738037109375
87.97923278808594 424.7298278808594
87.97775268554688 424.7209777832031
87.97554779052734 424.711669921875
87.97230529785156 424.7011413574219
87.96769714355469 424.6890563964844
87.96112060546875 424.6746520996094
87.95282745361328 424.65911865234375
87.94048309326172 424.6388854980469
87.9284896850586 424.6214294433594
87.916259765625 424.6055603027344
87.90105438232422 424.5879211425781
87.88392639160156 424.57012939453125
87.8651351928711 424.5526123046875
87.84589385986328 424.53656005859375
87.82652282714844 424.5221252441406
87.8069076538086 424.5091552734375
87.79627990722656 424.5030212402344
87.7864990234375 424.4981994628906
87.77649688720703 424.49407958984375
87.76640319824219 424.4906921386719
87.7567138671875 424.4881591796875
87.74974060058594 424.48681640625
87.76669311523438 424.4889221191406
87.7870101928711 424.4901123046875
87.8088150024414 424.4899597167969
87.8299331665039 424.4884338378906
87.84979248046875 424.48565673828125
87.86610412597656 424.4822998046875
87.92782592773438 424.46533203125
88.0405044555664 424.42669677734375
88.18898010253906 424.36578369140625
88.3426742553711 424.2921142578125
88.47879028320312 424.2169189453125
88.62883758544922 424.1224060058594
88.75003051757812 424.0362243652344
88.88382720947266 423.9297180175781
89.01604461669922 423.8126220703125
89.14349365234375 423.6872863769531
89.26273345947266 423.5570983886719
89.36494445800781 423.4328918457031
89.45826721191406 423.3061218261719
89.52935028076172 423.1974792480469
89.57638549804688 423.1156005859375
89.60231018066406 423.0633544921875
89.61343383789062 423.0368347167969
89.61637115478516 423.0283203125
89.6158447265625 423.0302734375
89.61412811279297 423.0387878417969
89.6129379272461 423.04766845703125
89.61235046386719 423.0566101074219
89.61235809326172 423.0655822753906
89.61296081542969 423.07452392578125
89.61416625976562 423.0834045410156
89.61595916748047 423.0921936035156
89.61833190917969 423.1008605957031
89.62127685546875 423.1093444824219
89.6247787475586 423.11761474609375
89.63530731201172 423.13873291015625
89.64737701416016 423.1598815917969
89.6610336303711 423.1809997558594
89.67594146728516 423.2015075683594
89.69208526611328 423.2213439941406
89.70932006835938 423.24029541015625
89.72758483886719 423.25830078125
89.7468032836914 423.2752990722656
89.76689147949219 423.29119873046875
89.78771209716797 423.305908203125
89.80919647216797 423.31939697265625
89.83122253417969 423.3315734863281
89.85317993164062 423.3421936035156
89.87397003173828 423.350830078125
89.8841781616211 423.3543395996094
89.89447021484375 423.3571472167969
89.9036636352539 423.3590087890625
89.90797424316406 423.3595886230469
89.86512756347656 423.35675048828125
89.82132720947266 423.3566589355469
89.77813720703125 423.359375
89.73687744140625 423.3646545410156
89.701171875 423.37158203125
89.673095703125 423.3789367675781
89.64952850341797 423.38677978515625
89.63426208496094 423.39300537109375
89.36880493164062 423.5195007324219
89.11511993408203 423.6560363769531
89.13318634033203 423.6450500488281
89.15386962890625 423.6308288574219
89.17339324951172 423.61578369140625
89.1910629272461 423.6005554199219
89.2073745727539 423.5848693847656
89.21717071533203 423.5743408203125
89.1756362915039 423.6239318847656
89.00592803955078 423.846923828125
88.85414123535156 424.06524658203125
88.72212219238281 424.2744445800781
88.61137390136719 424.46954345703125
88.53478240966797 424.621826171875
88.47962188720703 424.7481689453125
88.44287109375 424.84747314453125
88.4275131225586 424.8982238769531
88.38908386230469 425.05963134765625
88.36719512939453 425.1834411621094
88.36060333251953 425.2414855957031
88.35991668701172 425.2556457519531
88.36001586914062 425.26141357421875
88.35943603515625 425.2545471191406
88.35808563232422 425.24566650390625
88.3561019897461 425.2366943359375
88.3530502319336 425.22625732421875
88.3490219116211 425.2152404785156
88.34354400634766 425.20281982421875
88.33586120605469 425.1880187988281
88.32563018798828 425.1709289550781
88.31363677978516 425.15325927734375
88.30089569091797 425.13653564453125
88.28565979003906 425.11865234375
88.26856231689453 425.10064697265625
88.24987030029297 425.0830078125
88.23040008544922 425.0665283203125
88.21133422851562 425.0521240234375
88.19205474853516 425.0391845703125
88.1810302734375 425.03271484375
88.17125701904297 425.02783203125
88.16130065917969 425.0236511230469
88.15125274658203 425.02020263671875
88.14154815673828 425.017578125
88.13438415527344 425.0161437988281
88.14945220947266 425.01812744140625
88.16783905029297 425.0193176269531
88.18780517578125 425.0193176269531
88.20731353759766 425.0180358886719
88.22573852539062 425.0155944824219
88.24093627929688 425.0125427246094
88.29077911376953 424.9991455078125
88.37841796875 424.9695739746094
88.4993896484375 424.9203796386719
88.66558837890625 424.8412780761719
88.79027557373047 424.7728576660156
88.93052673339844 424.6849060058594
89.04277801513672 424.6052551269531
89.1679916381836 424.5055847167969
89.29248809814453 424.3951110839844
89.41307067871094 424.2760925292969
89.52671813964844 424.1513671875
89.6246109008789 424.0316162109375
89.70796966552734 423.9173889160156
89.77631378173828 423.8117370605469
89.82178497314453 423.7315673828125
89.8470458984375 423.679931640625
89.85800170898438 423.65338134765625
89.8609619140625 423.6446533203125
89.8604965209961 423.6463928222656
89.85884094238281 423.6548156738281
89.85770416259766 423.6637268066406
89.85716247558594 423.6726989746094
89.85722351074219 423.6816711425781
89.85787963867188 423.69061279296875
89.859130859375 423.6994934082031
89.86096954345703 423.7082824707031
89.86339569091797 423.7169189453125
89.86638641357422 423.7253723144531
89.86993408203125 423.7336120605469
89.88031768798828 423.7541198730469
89.89264678955078 423.7754211425781
89.906494140625 423.79656982421875
89.92157745361328 423.81707763671875
89.9378662109375 423.83685302734375
89.95523834228516 423.8557434082031
89.97362518310547 423.8736877441406
89.99295806884766 423.8905944824219
90.0131607055664 423.9064025878906
90.03408813476562 423.9210205078125
90.05567932128906 423.9344177246094
90.07779693603516 423.9465026855469
90.09983825683594 423.9570007324219
90.12067413330078 423.9655456542969
90.13089752197266 423.9690246582031
90.14118957519531 423.9717712402344
90.15023040771484 423.9735412597656
90.15373229980469 423.9739990234375
90.10872650146484 423.97125244140625
90.06294250488281 423.9714050292969
90.01818084716797 423.97442626953125
89.97559356689453 423.9800720214844
89.93902587890625 423.98736572265625
89.9104995727539 423.9949951171875
89.88665771484375 424.0030822753906
89.87135314941406 424.0093994140625
89.60350799560547 424.13861083984375
89.34730529785156 424.27801513671875
89.36478424072266 424.26727294921875
89.38528442382812 424.2530212402344
89.40459442138672 424.23797607421875
89.42198181152344 424.22283935546875
89.43788146972656 424.2073974609375
89.44520568847656 424.199462890625
89.38813018798828 424.2681579589844
89.21322631835938 424.4993896484375
89.06062316894531 424.719970703125
88.92807006835938 424.9310302734375
88.81710815429688 425.1274108886719
88.72850799560547 425.3038635253906
88.67388153076172 425.4288024902344
88.63776397705078 425.5262756347656
88.62296295166016 425.57513427734375
88.62129211425781 425.582275390625
88.60186767578125 425.6977844238281
88.59642791748047 425.749755859375
88.59542083740234 425.7751159667969
88.59553527832031 425.7796325683594
88.5948715209961 425.7724609375
88.59344482421875 425.76361083984375
88.5914306640625 425.7548522949219
88.58831787109375 425.7445373535156
88.58425903320312 425.7337341308594
88.57884216308594 425.72174072265625
88.57132720947266 425.70758056640625
88.56126403808594 425.6911315917969
88.5489273071289 425.67333984375
88.53559112548828 425.65618896484375
88.51997375488281 425.6382141113281
88.50261688232422 425.62030029296875
88.4837417602539 425.60284423828125
88.46498107910156 425.5873107910156
88.44611358642578 425.5733947753906
88.42733764648438 425.5611267089844
88.4162826538086 425.5548095703125
88.40646362304688 425.550048828125
88.39645385742188 425.5459899902344
88.3864974975586 425.5426940917969
88.37747955322266 425.5403747558594
88.3736801147461 425.5396728515625
88.38933563232422 425.5415344238281
88.40757751464844 425.5425109863281
88.42640686035156 425.5422668457031
88.44495391845703 425.5408020019531
88.4613265991211 425.5384216308594
88.47419738769531 425.5356750488281
88.53433227539062 425.5187683105469
88.60218048095703 425.4949645996094
88.7121810913086 425.4485778808594
88.85326385498047 425.37896728515625
88.99179077148438 425.3003234863281
89.12434387207031 425.2145690917969
89.23877716064453 425.1309814453125
89.35649871826172 425.0346374511719
89.47409057617188 424.92724609375
89.59101867675781 424.8083801269531
89.69740295410156 424.68798828125
89.78530883789062 424.5768127441406
89.86520385742188 424.4633483886719
89.92310333251953 424.3702697753906
89.95902252197266 424.30401611328125
89.97721862792969 424.26483154296875
89.9840087890625 424.2473449707031
89.98504638671875 424.2440490722656
89.98394012451172 424.24859619140625
89.98240661621094 424.2574462890625
89.9814682006836 424.266357421875
89.98112487792969 424.27532958984375
89.98137664794922 424.2843017578125
89.98223114013672 424.2932434082031
89.98368072509766 424.3020935058594
89.9857177734375 424.3108215332031
89.98832702636719 424.31939697265625
89.99150848388672 424.3277893066406
90.00057983398438 424.3478698730469
90.01177978515625 424.3693542480469
90.0244369506836 424.3906555175781
90.03856658935547 424.4117126464844
90.05391693115234 424.43206787109375
90.07044982910156 424.4516906738281
90.08805084228516 424.47039794921875
90.10665893554688 424.4881286621094
90.12619018554688 424.50482177734375
90.14657592773438 424.5204162597656
90.16767120361328 424.5347900390625
90.18940734863281 424.5479431152344
90.21165466308594 424.5597839355469
90.23377990722656 424.5700378417969
90.25459289550781 424.5782775878906
90.26481628417969 424.58160400390625
90.27494049072266 424.58416748046875
90.2839584350586 424.5858154296875
90.2857437133789 424.5860290527344
90.24114990234375 424.58380126953125
90.1942367553711 424.58447265625
90.14876556396484 424.58807373046875
90.105712890625 424.59429931640625
90.06906127929688 424.6020202636719
90.03680419921875 424.6110534667969
90.01329040527344 424.61932373046875
90.00212860107422 424.62408447265625
89.73845672607422 424.7550048828125
89.47636413574219 424.9014587402344
89.49166870117188 424.8918151855469
89.51187133789062 424.87744140625
89.53057861328125 424.8625183105469
89.54761505126953 424.8473205566406
89.56298828125 424.83203125
89.56739044189453 424.8271484375
89.40962982177734 425.02008056640625
89.23628234863281 425.2511901855469
89.08607482910156 425.47027587890625
88.95636749267578 425.67889404296875
88.8386459350586 425.8891906738281
88.75332641601562 426.06060791015625
88.68988800048828 426.206787109375
88.65641784667969 426.29766845703125
88.64320373535156 426.3417053222656
88.6419906616211 426.3469543457031
88.61917114257812 426.4844665527344
88.61512756347656 426.5237121582031
88.61431884765625 426.54522705078125
88.61439514160156 426.5480041503906
88.6135482788086 426.53912353515625
88.61210632324219 426.5302734375
88.60992431640625 426.5208740234375
88.60671997070312 426.5103454589844
88.6026840209961 426.4996643066406
88.59735870361328 426.48797607421875
88.59001159667969 426.4742431640625
88.58011627197266 426.45819091796875
88.56732940673828 426.43988037109375
88.55377960205078 426.4225769042969
88.53784942626953 426.40435791015625
88.52029418945312 426.3863525390625
88.50135040283203 426.3689270019531
88.48284149169922 426.35369873046875
88.46387481689453 426.3398132324219
88.44491577148438 426.3275146484375
88.43467712402344 426.32171630859375
88.42488098144531 426.3170166015625
88.41486358642578 426.31298828125
88.40483856201172 426.3097229003906
88.39556121826172 426.307373046875
88.39056396484375 426.30645751953125
88.40573120117188 426.3081970214844
88.42367553710938 426.30908203125
88.4426040649414 426.30877685546875
88.46054077148438 426.3072814941406
88.47718048095703 426.3048095703125
88.4903564453125 426.30194091796875
88.54520416259766 426.2862548828125
88.63616943359375 426.2539367675781
88.77021789550781 426.197021484375
88.90713500976562 426.129150390625
89.02590942382812 426.0613098144531
89.15730285644531 425.9756774902344
89.267578125 425.8945007324219
89.39049530029297 425.7931823730469
89.51114654541016 425.6823425292969
89.62650299072266 425.56439208984375
89.73251342773438 425.4436950683594
89.82108306884766 425.3310241699219
89.89498138427734 425.225341796875
89.95414733886719 425.12945556640625
89.99152374267578 425.0599670410156
90.01091766357422 425.0178527832031
90.01847076416016 424.99822998046875
90.01988983154297 424.9936828613281
90.01895141601562 424.9975891113281
90.01744079589844 425.0064392089844
90.01652526855469 425.015380859375
90.01620483398438 425.02435302734375
90.0164794921875 425.0333251953125
90.0173568725586 425.0422668457031
90.01882934570312 425.0511169433594
90.02088928222656 425.0598449707031
90.02352142333984 425.06842041015625
90.02672576904297 425.0768127441406
90.03601837158203 425.0972595214844
90.04700469970703 425.1181945800781
90.05978393554688 425.1395568847656
90.07389068603516 425.16046142578125
90.08931732177734 425.1808166503906
90.10591125488281 425.2004089355469
90.12355041503906 425.21905517578125
90.1422119140625 425.23675537109375
90.16178894042969 425.2533874511719
90.18222045898438 425.2689208984375
90.20333862304688 425.2832336425781
90.22508239746094 425.2962951660156
90.247314453125 425.30804443359375
90.26934051513672 425.31817626953125
90.28986358642578 425.32623291015625
90.30011749267578 425.32952880859375
90.31038665771484 425.33209228515625
90.31906127929688 425.3336486816406
90.31967163085938 425.3337097167969
90.27429962158203 425.33160400390625
90.22705078125 425.33245849609375
90.18170928955078 425.336181640625
90.13899230957031 425.3424987792969
90.10301971435547 425.3502197265625
90.07154083251953 425.359130859375
90.04891967773438 425.3671569824219
90.03488159179688 425.3731994628906
89.76634979248047 425.50750732421875
89.50975036621094 425.65185546875
89.26266479492188 425.8072509765625
89.28299713134766 425.7929382324219
89.30177307128906 425.77813720703125
89.31884765625 425.7630920410156
89.33403778076172 425.7481689453125
89.3348388671875 425.7472839355469
89.16297149658203 425.9548034667969
88.99256896972656 426.1790466308594
88.83965301513672 426.3992614746094
88.70606231689453 426.6111145019531
88.59333801269531 426.8096923828125
88.51416778564453 426.9669189453125
88.45652770996094 427.09857177734375
88.42748260498047 427.17694091796875
88.41667175292969 427.21282958984375
88.38606262207031 427.34295654296875
88.36795043945312 427.4479675292969
88.36466217041016 427.4783935546875
88.36437225341797 427.4853515625
88.36439514160156 427.48626708984375
88.36366271972656 427.4782409667969
88.36225891113281 427.4693908691406
88.36015319824219 427.4601745605469
88.35700988769531 427.4496765136719
88.35285186767578 427.43853759765625
88.34715270996094 427.42584228515625
88.33917236328125 427.41070556640625
88.3262710571289 427.3893127441406
88.31321716308594 427.3701171875
88.29908752441406 427.3515930175781
88.28311157226562 427.3328552246094
88.2656478881836 427.3144836425781
88.24691009521484 427.29681396484375
88.22772979736328 427.2806091308594
88.20870208740234 427.2662658691406
88.18951416015625 427.25341796875
88.17898559570312 427.24725341796875
88.16919708251953 427.24237060546875
88.15922546386719 427.2381896972656
88.14917755126953 427.2347717285156
88.1396255493164 427.2322082519531
88.13322448730469 427.23095703125
88.1488037109375 427.23297119140625
88.16751098632812 427.2341613769531
88.18710327148438 427.234130859375
88.20642852783203 427.2328186035156
88.22454833984375 427.2303771972656
88.23926544189453 427.2274169921875
88.29410552978516 427.2126159667969
88.38700103759766 427.18115234375
88.5251693725586 427.1249084472656
88.66851043701172 427.05657958984375
88.7945327758789 426.9872131347656
88.93470001220703 426.8990478515625
89.0474853515625 426.81884765625
89.17481994628906 426.7174072265625
89.2939224243164 426.611572265625
89.41517639160156 426.4916687011719
89.52825927734375 426.3673400878906
89.6245346069336 426.2492980957031
89.71231842041016 426.1287841796875
89.77849578857422 426.0263366699219
89.82169342041016 425.95001220703125
89.8450927734375 425.9020080566406
89.8548583984375 425.87823486328125
89.85721588134766 425.8712158203125
89.85651397705078 425.8738708496094
89.85482025146484 425.882568359375
89.85369873046875 425.8914794921875
89.8531723022461 425.90045166015625
89.8532485961914 425.909423828125
89.85391998291016 425.9183654785156
89.85518646240234 425.92724609375
89.85704040527344 425.93603515625
89.85948181152344 425.9446716308594
89.86248779296875 425.953125
89.86605072021484 425.96136474609375
89.8768081665039 425.9825439453125
89.88932037353516 426.0041198730469
89.90315246582031 426.02520751953125
89.9182357788086 426.045654296875
89.93453216552734 426.0653991699219
89.95191955566406 426.0842590332031
89.97032928466797 426.1021728515625
89.98968505859375 426.1190490722656
90.0099105834961 426.1348571777344
90.03087615966797 426.14947509765625
90.05236053466797 426.1627502441406
90.07454681396484 426.1748352050781
90.09673309326172 426.1853942871094
90.11788940429688 426.19403076171875
90.12809753417969 426.1974792480469
90.13829803466797 426.2001953125
90.1463394165039 426.2017517089844
90.15070343017578 426.2023010253906
90.10611724853516 426.1996154785156
90.06053161621094 426.1997985839844
90.01551818847656 426.202880859375
89.97248077392578 426.2086181640625
89.93511962890625 426.2160949707031
89.90560913085938 426.2240295410156
89.88480377197266 426.2311096191406
89.87229919433594 426.2362976074219
89.61006927490234 426.3631591796875
89.34799194335938 426.5061340332031
89.1003646850586 426.6573791503906
89.11893463134766 426.6446838378906
89.13822174072266 426.6298828125
89.15554809570312 426.6150207519531
89.17064666748047 426.6005554199219
89.18057250976562 426.5899658203125
89.0661849975586 426.72515869140625
88.89224243164062 426.9500427246094
88.74055480957031 427.1645812988281
88.60885620117188 427.36981201171875
88.4986343383789 427.560791015625
88.41057586669922 427.732421875
88.34416961669922 427.8804016113281
88.30791473388672 427.97509765625
88.29288482666016 428.0229187011719
88.2911376953125 428.030029296875
88.27576446533203 428.1163330078125
88.27178192138672 428.1514587402344
88.27153778076172 428.1566467285156
88.27153015136719 428.1563720703125
88.27081298828125 428.1480407714844
88.26944732666016 428.13916015625
88.2674331665039 428.1300964355469
88.26435852050781 428.11962890625
88.26029205322266 428.10858154296875
88.2547378540039 428.0960388183594
88.24694061279297 428.0810546875
88.23658752441406 428.0638122558594
88.22295379638672 428.04376220703125
88.20855712890625 428.0248718261719
88.19243621826172 428.0059509277344
88.1749038696289 427.9875183105469
88.15616607666016 427.9698486328125
88.13716888427734 427.95379638671875
88.11803436279297 427.9393615722656
88.09867095947266 427.9263916015625
88.08775329589844 427.9200134277344
88.0779800415039 427.9151306152344
88.06802368164062 427.91094970703125
88.05797576904297 427.9075012207031
88.04838562011719 427.9049072265625
88.04125213623047 427.90350341796875
88.05675506591797 427.905517578125
88.07559204101562 427.90673828125
88.09599304199219 427.9067077636719
88.11589050292969 427.9053649902344
88.1346664428711 427.9028625488281
88.150146484375 427.8997497558594
88.20263671875 427.8856201171875
88.29367065429688 427.8548583984375
88.41812133789062 427.80419921875
88.58729553222656 427.7236633300781
88.71477508544922 427.6537170410156
88.85748291015625 427.56427001953125
88.97195434570312 427.4831237792969
89.0992660522461 427.3819274902344
89.22567749023438 427.26995849609375
89.34798431396484 427.1495056152344
89.46307373046875 427.0235290527344
89.56211853027344 426.9027099609375
89.65250396728516 426.77935791015625
89.72160339355469 426.67315673828125
89.76753234863281 426.5926818847656
89.79300689697266 426.54095458984375
89.80403900146484 426.5144348144531
89.8070068359375 426.5057678222656
89.80652618408203 426.507568359375
89.80484771728516 426.5160217285156
89.8036880493164 426.5249328613281
89.8031234741211 426.53387451171875
89.80315399169922 426.5428466796875
89.80378723144531 426.5517883300781
89.80501556396484 426.5606689453125
89.80683135986328 426.5694580078125
89.80923461914062 426.5780944824219
89.81220245361328 426.5865478515625
89.81573486328125 426.59478759765625
89.82601165771484 426.615234375
89.8382568359375 426.63653564453125
89.85203552246094 426.65771484375
89.86705017089844 426.67822265625
89.8832778930664 426.6980285644531
89.90059661865234 426.7169494628906
89.91893768310547 426.73492431640625
89.93822479248047 426.7518615722656
89.95838165283203 426.7677307128906
89.97926330566406 426.7823791503906
90.00080871582031 426.7958068847656
90.02288818359375 426.8079528808594
90.0448989868164 426.8185119628906
90.06571960449219 426.82708740234375
90.07593536376953 426.83056640625
90.08621978759766 426.8333435058594
90.09529113769531 426.83514404296875
90.09898376464844 426.83563232421875
90.0544662475586 426.8327941894531
90.00912475585938 426.83282470703125
89.96470642089844 426.8357238769531
89.92240905761719 426.84124755859375
89.88601684570312 426.8484191894531
89.85757446289062 426.85595703125
89.83377838134766 426.86395263671875
89.81847381591797 426.8702392578125
89.55096435546875 426.9985046386719
89.29512023925781 427.136962890625
89.04203033447266 427.2904052734375
89.06010437011719 427.27813720703125
89.07946014404297 427.2633972167969
89.09668731689453 427.24871826171875
89.11132049560547 427.23480224609375
89.11968231201172 427.2259521484375
88.98584747314453 427.3827209472656
88.81261444091797 427.6044006347656
88.65608215332031 427.8233947753906
88.52656555175781 428.0229797363281
88.40886688232422 428.2243347167969
88.3123550415039 428.4093017578125
88.24870300292969 428.5484619140625
88.21488189697266 428.6351623535156
88.19465637207031 428.697998046875
88.1880874633789 428.7239074707031
88.17002868652344 428.82037353515625
88.16722106933594 428.8433532714844
88.16654968261719 428.85528564453125
88.16653442382812 428.8539123535156
88.1658706665039 428.8453369140625
88.16458892822266 428.8364562988281
88.1626968383789 428.8276062011719
88.15972900390625 428.8171691894531
88.15579986572266 428.8061828613281
88.15042877197266 428.7937927246094
88.14286041259766 428.7789611816406
88.13272857666016 428.7617492675781
88.11909484863281 428.7413330078125
88.10462188720703 428.7220153808594
88.08853149414062 428.70281982421875
88.07109069824219 428.6841735839844
88.0525131225586 428.6663513183594
88.0337142944336 428.65020751953125
88.01460266113281 428.63555908203125
87.99517822265625 428.622314453125
87.98379516601562 428.61553955078125
87.97402954101562 428.6105651855469
87.96410369873047 428.6062927246094
87.95405578613281 428.6027526855469
87.94424438476562 428.6000061035156
87.93649291992188 428.598388671875
87.95191955566406 428.6005554199219
87.97089385986328 428.6019592285156
87.99169158935547 428.60211181640625
88.01222229003906 428.6009216308594
88.03173065185547 428.5985107421875
88.04806518554688 428.59539794921875
88.09840393066406 428.58233642578125
88.18791961669922 428.552978515625
88.31233978271484 428.5036315917969
88.48372650146484 428.4239196777344
88.61370849609375 428.3541259765625
88.76016235351562 428.2641906738281
88.87869262695312 428.1817626953125
89.00694274902344 428.0816650390625
89.1404800415039 427.965576171875
89.26496887207031 427.8453063964844
89.38328552246094 427.71832275390625
89.486328125 427.59521484375
89.57476043701172 427.4770812988281
89.64793395996094 427.3670654296875
89.69758605957031 427.28216552734375
89.72586822509766 427.2262878417969
89.73860168457031 427.1966247558594
89.74237823486328 427.18597412109375
89.7421646118164 427.18670654296875
89.74077606201172 427.19329833984375
89.73950958251953 427.2021789550781
89.73883819580078 427.21112060546875
89.73876953125 427.2200927734375
89.73929595947266 427.22906494140625
89.74041748046875 427.23797607421875
89.74213409423828 427.2467956542969
89.74443054199219 427.2554626464844
89.74729919433594 427.26397705078125
89.750732421875 427.27227783203125
89.76085662841797 427.29302978515625
89.77288055419922 427.3145446777344
89.78628540039062 427.335693359375
89.80097961425781 427.35626220703125
89.81694030761719 427.376220703125
89.83403015136719 427.3953552246094
89.8521499633789 427.4135437011719
89.8712387084961 427.43072509765625
89.89119720458984 427.4468078613281
89.91195678710938 427.46173095703125
89.93330383300781 427.4753723144531
89.95516967773438 427.48773193359375
89.97737884521484 427.49871826171875
89.99888610839844 427.5079040527344
90.01802062988281 427.5148010253906
90.02824401855469 427.51776123046875
90.03797149658203 427.5198974609375
90.04487609863281 427.52093505859375
90.01432037353516 427.51837158203125
89.97003936767578 427.5175476074219
89.9252700805664 427.51959228515625
89.88192749023438 427.5243835449219
89.84336853027344 427.53118896484375
89.81206512451172 427.538818359375
89.7852783203125 427.5472412109375
89.77088928222656 427.5528259277344
89.76380920410156 427.5561218261719
89.50495147705078 427.6952819824219
89.24950408935547 427.8490905761719
89.26583099365234 427.83807373046875
89.28499603271484 427.82354736328125
89.30186462402344 427.8092346191406
89.3177490234375 427.794189453125
89.32344818115234 427.7881774902344
89.17157745361328 427.9650573730469
88.99583435058594 428.1882629394531
88.83705139160156 428.4085998535156
88.6971206665039 428.6219482421875
88.57770538330078 428.82354736328125
88.47992706298828 429.0083312988281
88.41586303710938 429.146240234375
88.37156677246094 429.25750732421875
88.35152435302734 429.3181457519531
88.34515380859375 429.3424987792969
88.334228515625 429.3987731933594
88.32945251464844 429.4360656738281
88.32882690429688 429.4460754394531
88.32881927490234 429.4438781738281
88.32819366455078 429.4350891113281
88.32696533203125 429.42620849609375
88.32514190673828 429.41741943359375
88.322265625 429.40704345703125
88.31845092773438 429.39617919921875
88.31330871582031 429.38409423828125
88.30608367919922 429.3697509765625
88.29631805419922 429.3529968261719
88.28233337402344 429.33184814453125
88.26782989501953 429.31231689453125
88.25176239013672 429.29296875
88.23464965820312 429.2745056152344
88.21614837646484 429.256591796875
88.19775390625 429.24066162109375
88.17877960205078 429.2259826660156
88.15947723388672 429.21270751953125
88.14749145507812 429.2054748535156
88.13770294189453 429.2004089355469
88.12779235839844 429.19610595703125
88.11774444580078 429.1925048828125
88.10787963867188 429.189697265625
88.09982299804688 429.18798828125
88.11266326904297 429.1898498535156
88.13066101074219 429.1912536621094
88.15062713623047 429.1914978027344
88.17053985595703 429.1904296875
88.1895523071289 429.18817138671875
88.20561981201172 429.1851806640625
88.24919128417969 429.174072265625
88.33025360107422 429.1478576660156
88.44651794433594 429.1022033691406
88.58610534667969 429.0376281738281
88.7113265991211 428.97052001953125
88.83715057373047 428.89324951171875
88.9535140991211 428.8121643066406
89.07776641845703 428.71484375
89.20248413085938 428.60589599609375
89.32762145996094 428.48431396484375
89.44441223144531 428.3582458496094
89.54694366455078 428.2350158691406
89.63532257080078 428.1162109375
89.70880889892578 428.0050354003906
89.75928497314453 427.9181823730469
89.78849792480469 427.860107421875
89.80194854736328 427.8285827636719
89.80614471435547 427.816650390625
89.80613708496094 427.8166809082031
89.8048324584961 427.8229064941406
89.8035888671875 427.831787109375
89.80294036865234 427.8407287597656
89.80288696289062 427.8497009277344
89.80343627929688 427.8586730957031
89.80458068847656 427.8675842285156
89.80631256103516 427.87640380859375
89.80863189697266 427.88507080078125
89.8115234375 427.8935546875
89.81497192382812 427.9018249511719
89.82526397705078 427.92279052734375
89.8371353149414 427.94390869140625
89.85063171386719 427.965087890625
89.86540222167969 427.9856872558594
89.88142395019531 428.005615234375
89.89854431152344 428.0246887207031
89.91670227050781 428.0428466796875
89.93582916259766 428.05999755859375
89.95584869384766 428.0760498046875
89.97663116455078 428.0909423828125
89.99798583984375 428.1045227050781
90.02005767822266 428.116943359375
90.04222869873047 428.1278381347656
90.06360626220703 428.13690185546875
90.08244323730469 428.1436462402344
90.09273529052734 428.1466064453125
90.1028060913086 428.1488037109375
90.10906982421875 428.14971923828125
90.07418060302734 428.1468811035156
90.02919006347656 428.1461181640625
89.98408508300781 428.14825439453125
89.94060516357422 428.15313720703125
89.90225219726562 428.15997314453125
89.87140655517578 428.1675720214844
89.84515380859375 428.1758728027344
89.82750701904297 428.1827697753906
89.81769561767578 428.1873474121094
89.55366516113281 428.3298645019531
89.30314636230469 428.4812927246094
89.318359375 428.4709777832031
89.33724975585938 428.45660400390625
89.35354614257812 428.4427185058594
89.36920928955078 428.4278259277344
89.37164306640625 428.42523193359375
89.20564270019531 428.6189880371094
89.02698516845703 428.8460998535156
88.869140625 429.06524658203125
88.73056030273438 429.2767333984375
88.61289978027344 429.4757080078125
88.5171890258789 429.65704345703125
88.44342041015625 429.8159484863281
88.40120697021484 429.92181396484375
88.38261413574219 429.97802734375
88.376953125 429.9996643066406
88.36264038085938 430.0732727050781
88.35894012451172 430.1020202636719
88.35843658447266 430.11004638671875
88.3584213256836 430.10699462890625
88.3577880859375 430.0980529785156
88.35655975341797 430.08917236328125
88.35474395751953 430.08038330078125
88.35189056396484 430.0700988769531
88.3481216430664 430.0593566894531
88.34307861328125 430.0475158691406
88.3360366821289 430.0335388183594
88.32646179199219 430.0171203613281
88.31242370605469 429.9959411621094
88.2977066040039 429.9761657714844
88.28154754638672 429.95672607421875
88.26434326171875 429.93817138671875
88.2458267211914 429.9202575683594
88.2276840209961 429.9045715332031
88.20884704589844 429.8900146484375
88.1894760131836 429.876708984375
88.17668151855469 429.8690185546875
88.16682434082031 429.8639221191406
88.15689849853516 429.859619140625
88.14691925048828 429.8560485839844
88.13735961914062 429.85333251953125
88.12892150878906 429.8515319824219
88.13819122314453 429.8528747558594
88.15706634521484 429.8543395996094
88.17678833007812 429.8545837402344
88.19667053222656 429.853515625
88.21575927734375 429.8512268066406
88.23209381103516 429.8481750488281
88.27132415771484 429.8381652832031
88.34715270996094 429.8135681152344
88.45875549316406 429.7696228027344
88.59510803222656 429.7063293457031
88.74162292480469 429.627685546875
88.8844985961914 429.54010009765625
88.99980163574219 429.4599304199219
89.12081146240234 429.36529541015625
89.24297332763672 429.2586364746094
89.36672973632812 429.138427734375
89.48272705078125 429.0132141113281
89.58545684814453 428.88970947265625
89.67445373535156 428.7700500488281
89.74124908447266 428.66888427734375
89.78460693359375 428.593994140625
89.8151626586914 428.5329284667969
89.82958984375 428.4989318847656
89.83433532714844 428.4853515625
89.83457946777344 428.4844665527344
89.8333740234375 428.4902648925781
89.83213806152344 428.4991455078125
89.83149719238281 428.5080871582031
89.83145904541016 428.5170593261719
89.83201599121094 428.5260009765625
89.83317565917969 428.534912109375
89.83492279052734 428.543701171875
89.83724975585938 428.5523681640625
89.84015655517578 428.56085205078125
89.84362030029297 428.5691223144531
89.85404968261719 428.5903015136719
89.86602783203125 428.6115417480469
89.87959289550781 428.63275146484375
89.89441680908203 428.6533508300781
89.91046905517578 428.67327880859375
89.92761993408203 428.6923522949219
89.94580841064453 428.7104797363281
89.96495819091797 428.72760009765625
89.98499298095703 428.7436218261719
90.00578308105469 428.75848388671875
90.02726745605469 428.7721252441406
90.04932403564453 428.78448486328125
90.07142639160156 428.7953186035156
90.09260559082031 428.80426025390625
90.11289978027344 428.8114929199219
90.12317657470703 428.814453125
90.1331558227539 428.8166198730469
90.13856506347656 428.8174133300781
90.09654235839844 428.8139953613281
90.0525131225586 428.813232421875
90.00739288330078 428.81536865234375
89.96408081054688 428.8202209472656
89.92622375488281 428.82696533203125
89.8960952758789 428.8343811035156
89.87059783935547 428.8424377441406
89.85372161865234 428.8490295410156
89.84458923339844 428.8533020019531
89.58004760742188 428.99603271484375
89.32918548583984 429.1476135253906
89.34297180175781 429.1382751464844
89.3615493774414 429.1241455078125
89.37760925292969 429.1104736328125
89.39281463623047 429.0960388183594
89.3909683227539 429.0979919433594
89.21244049072266 429.3060302734375
89.03408813476562 429.5322265625
88.87165832519531 429.7570495605469
88.7345962524414 429.9654846191406
88.6189193725586 430.1605529785156
88.52554321289062 430.3371276855469
88.45425415039062 430.4905700683594
88.41437530517578 430.59063720703125
88.3973159790039 430.642333984375
88.38862609863281 430.6756286621094
88.37683868408203 430.73638916015625
88.37408447265625 430.7579345703125
88.37370300292969 430.76416015625
88.3736801147461 430.76031494140625
88.37303924560547 430.7513732910156
88.3718032836914 430.74249267578125
88.3699722290039 430.73370361328125
88.36712646484375 430.7234802246094
88.36337280273438 430.71282958984375
88.35840606689453 430.70123291015625
88.35076904296875 430.68609619140625
88.34062957763672 430.668701171875
88.32657623291016 430.6474609375
88.31175994873047 430.62750244140625
88.2955322265625 430.60797119140625
88.27825927734375 430.5893249511719
88.25975036621094 430.5714111328125
88.2416000366211 430.5556945800781
88.22273254394531 430.5411071777344
88.20367431640625 430.52801513671875
88.19081115722656 430.520263671875
88.18096923828125 430.5151672363281
88.17107391357422 430.5108642578125
88.16106414794922 430.5072937011719
88.15137481689453 430.5045471191406
88.14427947998047 430.5030212402344
88.15961456298828 430.5052490234375
88.17814636230469 430.5066833496094
88.19762420654297 430.5069274902344
88.21748352050781 430.505859375
88.2356948852539 430.5036926269531
88.25057983398438 430.50091552734375
88.30361938476562 430.4874267578125
88.37418365478516 430.4646301269531
88.48089599609375 430.4226989746094
88.59883117675781 430.3679504394531
88.74375915527344 430.2900390625
88.88643646240234 430.2024230957031
89.00057220458984 430.12310791015625
89.11927795410156 430.03045654296875
89.23979949951172 429.9254150390625
89.36307525634766 429.8058166503906
89.47862243652344 429.68121337890625
89.58238983154297 429.556640625
89.67278289794922 429.4353332519531
89.74150085449219 429.33148193359375
89.7868423461914 429.25341796875
89.81175231933594 429.2037658691406
89.82238006591797 429.1787414550781
89.82510375976562 429.1709289550781
89.8244857788086 429.17315673828125
89.82340240478516 429.17840576171875
89.82217407226562 429.1872863769531
89.82154083251953 429.19622802734375
89.8215103149414 429.2052001953125
89.82207489013672 429.2141418457031
89.82323455810547 429.2230529785156
89.82498931884766 429.2318420410156
89.82732391357422 429.2405090332031
89.83023071289062 429.2489929199219
89.83370208740234 429.25726318359375
89.83771514892578 429.2652893066406
89.84999084472656 429.2864990234375
89.86381530761719 429.3076171875
89.8788833618164 429.3280944824219
89.8951644897461 429.3478698730469
89.91252899169922 429.36676025390625
89.93091583251953 429.3846740722656
89.95024871826172 429.4015808105469
89.970458984375 429.4173889160156
89.99139404296875 429.4320068359375
90.0128402709961 429.4452819824219
90.03498840332031 429.4573669433594
90.05709838867188 429.4678955078125
90.0781021118164 429.47650146484375
90.09612274169922 429.482666015625
90.10641479492188 429.4854736328125
90.1156234741211 429.4873352050781
90.1199722290039 429.4879150390625
90.07548522949219 429.4848937988281
90.03005981445312 429.4847412109375
89.9853515625 429.4874572753906
89.94266510009766 429.4928283691406
89.9057388305664 429.49993896484375
89.87670135498047 429.50750732421875
89.85231018066406 429.5155944824219
89.83646392822266 429.52203369140625
89.82817840576172 429.52606201171875
89.5655288696289 429.6724853515625
89.31693267822266 429.827392578125
89.3288345336914 429.819091796875
89.34689331054688 429.8049621582031
89.3617935180664 429.79193115234375
89.37141418457031 429.78253173828125
89.31895446777344 429.83941650390625
89.13304901123047 430.0605773925781
88.9588394165039 430.2862548828125
88.80718994140625 430.50115966796875
88.67572021484375 430.7064514160156
88.55618286132812 430.9135437011719
88.46855926513672 431.083984375
88.4027099609375 431.2304382324219
88.3670883178711 431.3233337402344
88.35250091552734 431.3696594238281
88.34860229492188 431.3855285644531
88.33397674560547 431.4672546386719
88.33212280273438 431.48358154296875
88.33191680908203 431.4880065917969
88.33182525634766 431.4834289550781
88.3310546875 431.4744873046875
88.3296890258789 431.4656066894531
88.32770538330078 431.45672607421875
88.32463836669922 431.4463195800781
88.32060241699219 431.4353332519531
88.31512451171875 431.4229736328125
88.30744171142578 431.40826416015625
88.29720306396484 431.3912353515625
88.28280639648438 431.3701171875
88.2676010131836 431.3502197265625
88.25102233886719 431.330810546875
88.23329162597656 431.31219482421875
88.21469116210938 431.294677734375
88.19639587402344 431.2792663574219
88.1774673461914 431.2650451660156
88.15808868408203 431.25213623046875
88.14689636230469 431.24560546875
88.13709259033203 431.24072265625
88.12712097167969 431.236572265625
88.11705780029297 431.233154296875
88.10740661621094 431.2305908203125
88.10002899169922 431.2291259765625
88.11509704589844 431.2310791015625
88.13462829589844 431.2322998046875
88.15472412109375 431.23223876953125
88.17442321777344 431.2308654785156
88.19306182861328 431.22833251953125
88.20851135253906 431.2251892089844
88.25767517089844 431.21185302734375
88.34474182128906 431.1822204589844
88.46549987792969 431.13275146484375
88.63201141357422 431.052978515625
88.7792739868164 430.9718322753906
88.90245056152344 430.8943176269531
89.0154800415039 430.813720703125
89.14046478271484 430.7137451171875
89.27002716064453 430.5982971191406
89.39065551757812 430.47882080078125
89.504638671875 430.3533020019531
89.60311889648438 430.2324523925781
89.6871337890625 430.1169738769531
89.75614929199219 430.0099792480469
89.80230712890625 429.9283752441406
89.82811737060547 429.8754577636719
89.83942413330078 429.8479919433594
89.84255981445312 429.83868408203125
89.84217071533203 429.84014892578125
89.84053802490234 429.8485107421875
89.83940887451172 429.857421875
89.83887481689453 429.86639404296875
89.83894348144531 429.8753662109375
89.83960723876953 429.8843078613281
89.84086608886719 429.8931884765625
89.84271240234375 429.9019775390625
89.84514617919922 429.9106140136719
89.84814453125 429.9190673828125
89.85169982910156 429.92730712890625
89.85579681396484 429.935302734375
89.86856079101562 429.9568176269531
89.88263702392578 429.9778137207031
89.89793395996094 429.9981384277344
89.9144287109375 430.0177307128906
89.93199920654297 430.03643798828125
89.95057678222656 430.0541687011719
89.97008514404297 430.07086181640625
89.99044799804688 430.0864562988281
90.01152038574219 430.100830078125
90.0330581665039 430.1138610839844
90.05529022216797 430.1257019042969
90.07740020751953 430.1359558105469
90.09822845458984 430.14422607421875
90.11585998535156 430.1500549316406
90.12615203857422 430.1527404785156
90.13511657714844 430.1544494628906
90.13823699951172 430.15484619140625
90.09324645996094 430.15228271484375
90.04754638671875 430.1526184082031
90.00298309326172 430.15582275390625
89.96065521240234 430.16162109375
89.92440795898438 430.16900634765625
89.89623260498047 430.17669677734375
89.87273406982422 430.1847839355469
89.85774230957031 430.1910705566406
89.85016632080078 430.1948547363281
89.58882904052734 430.3444519042969
89.34254455566406 430.5018310546875
89.36051177978516 430.4889831542969
89.37805938720703 430.4749450683594
89.39189910888672 430.46258544921875
89.39860534667969 430.4559020996094
89.33078002929688 430.5309143066406
89.14442443847656 430.7568359375
88.97296905517578 430.9831848144531
88.8248062133789 431.1973571777344
88.6971664428711 431.4009704589844
88.5813980102539 431.6062316894531
88.49787902832031 431.7729187011719
88.43592071533203 431.9148254394531
88.40331268310547 432.00286865234375
88.39044189453125 432.04547119140625
88.3892822265625 432.0504455566406
88.38243103027344 432.0920104980469
88.38128662109375 432.1036682128906
88.38118743896484 432.106689453125
88.38093566894531 432.099365234375
88.3800277709961 432.0904235839844
88.37852478027344 432.0815734863281
88.37622833251953 432.0719909667969
88.37293243408203 432.0613708496094
88.36854553222656 432.0499572753906
88.36300659179688 432.0379638671875
88.3545150756836 432.022216796875
88.34423828125 432.0056457519531
88.32975769042969 431.9850158691406
88.3142318725586 431.96527099609375
88.29735565185547 431.9460754394531
88.27935028076172 431.9277038574219
88.26058959960938 431.9105224609375
88.24208068847656 431.8953552246094
88.22293853759766 431.88140869140625
88.20382690429688 431.8690490722656
88.19376373291016 431.8634033203125
88.18396759033203 431.8587341308594
88.17394256591797 431.854736328125
88.16392517089844 431.85150146484375
88.15471649169922 431.8492126464844
88.15011596679688 431.848388671875
88.16649627685547 431.8502502441406
88.18562316894531 431.85113525390625
88.20539855957031 431.85076904296875
88.22421264648438 431.84918212890625
88.24161529541016 431.8465576171875
88.2554931640625 431.843505859375
88.31878662109375 431.8252868652344
88.41971588134766 431.7892761230469
88.56368255615234 431.72802734375
88.7088623046875 431.65606689453125
88.834716796875 431.5842590332031
88.97212219238281 431.4949035644531
89.08880615234375 431.4093017578125
89.21730041503906 431.3038635253906
89.34288787841797 431.1891174316406
89.4625473022461 431.0675964355469
89.5718765258789 430.944091796875
89.66277313232422 430.8294372558594
89.74543762207031 430.7124328613281
89.80585479736328 430.6157531738281
89.84375762939453 430.5462646484375
89.86323547363281 430.5046081542969
89.8707046508789 430.48553466796875
89.87202453613281 430.48138427734375
89.87100219726562 430.48553466796875
89.86943817138672 430.494384765625
89.86846923828125 430.5032958984375
89.86809539794922 430.51226806640625
89.86832427978516 430.521240234375
89.86914825439453 430.5301818847656
89.87056732177734 430.5390319824219
89.87257385253906 430.54779052734375
89.87516021728516 430.556396484375
89.87831115722656 430.5647888183594
89.88201904296875 430.5729675292969
89.89334106445312 430.5943298339844
89.90630340576172 430.6158447265625
89.92042541503906 430.6365966796875
89.9358901977539 430.6568603515625
89.9525375366211 430.6763610839844
89.97024536132812 430.6949462890625
89.98895263671875 430.7125549316406
90.00857543945312 430.7291259765625
90.02904510498047 430.74456787109375
90.05020904541016 430.7587890625
90.0719985961914 430.7717590332031
90.09426879882812 430.7834167480469
90.11634063720703 430.79345703125
90.13697052001953 430.8014831542969
90.15421295166016 430.8070373535156
90.16449737548828 430.80963134765625
90.17337799072266 430.8112487792969
90.17507934570312 430.8114318847656
90.13115692138672 430.80926513671875
90.08506774902344 430.8099670410156
90.04053497314453 430.8135070800781
89.9984359741211 430.8196105957031
89.96273803710938 430.8271789550781
89.93138885498047 430.8359680175781
89.90867614746094 430.8439636230469
89.89443969726562 430.8500671386719
89.88749694824219 430.8536071777344
89.62687683105469 431.00543212890625
89.38705444335938 431.16131591796875
89.40415954589844 431.1488952636719
89.42118835449219 431.1350402832031
89.4345703125 431.1228942871094
89.41080474853516 431.1469421386719
89.32572937011719 431.24212646484375
89.14112854003906 431.4682312011719
88.97181701660156 431.6941833496094
88.8266372680664 431.906494140625
88.70237731933594 432.1072692871094
88.58992004394531 432.3095703125
88.5101547241211 432.471435546875
88.45173645019531 432.60791015625
88.42184448242188 432.6905517578125
88.41049194335938 432.7292785644531
88.40971374511719 432.7327575683594
88.40464782714844 432.7652282714844
88.40392303466797 432.7732849121094
88.40398406982422 432.7705078125
88.40364837646484 432.7628173828125
88.40265655517578 432.75390625
88.40107727050781 432.7450866699219
88.3985824584961 432.7350769042969
88.39521026611328 432.7245788574219
88.39078521728516 432.71337890625
88.38406372070312 432.6991271972656
88.37564849853516 432.6838073730469
88.36470031738281 432.66644287109375
88.34999084472656 432.6457824707031
88.33423614501953 432.62603759765625
88.31719970703125 432.6069030761719
88.29911041259766 432.58868408203125
88.28031921386719 432.57171630859375
88.26168823242188 432.5566711425781
88.24269104003906 432.54302978515625
88.22599029541016 432.5324401855469
88.21563720703125 432.5267333984375
88.205810546875 432.52215576171875
88.19576263427734 432.5182800292969
88.1856689453125 432.51513671875
88.17721557617188 432.5130920410156
88.1865005493164 432.5146789550781
88.20399475097656 432.5165100097656
88.22274780273438 432.5172119140625
88.24256134033203 432.51666259765625
88.26140594482422 432.514892578125
88.27892303466797 432.5120849609375
88.30107879638672 432.50701904296875
88.35221099853516 432.4918212890625
88.4365234375 432.4608459472656
88.54821014404297 432.4118957519531
88.69107055664062 432.33892822265625
88.83618927001953 432.2539367675781
88.97126770019531 432.1640319824219
89.08428192138672 432.0792541503906
89.21009063720703 431.97369384765625
89.33354949951172 431.8583679199219
89.4526596069336 431.73468017578125
89.5614013671875 431.6091003417969
89.65264892578125 431.4914245605469
89.72898864746094 431.3808288574219
89.78202056884766 431.2936706542969
89.81317138671875 431.2347412109375
89.82781219482422 431.2022705078125
89.83256530761719 431.1896057128906
89.83269500732422 431.1891784667969
89.83191680908203 431.19256591796875
89.83049011230469 431.201416015625
89.82965087890625 431.2103576660156
89.82941436767578 431.2193298339844
89.82977294921875 431.2283020019531
89.83073425292969 431.2372131347656
89.83228302001953 431.2460632324219
89.83441925048828 431.2547912597656
89.8371353149414 431.2633361816406
89.84041595458984 431.2716979980469
89.84424591064453 431.2798156738281
89.85594177246094 431.3011474609375
89.8692398071289 431.322509765625
89.8838119506836 431.34326171875
