59.744972229003906 449.7515869140625
59.4835090637207 449.50994873046875
59.215797424316406 449.2752380371094
58.9420166015625 449.0476379394531
58.662357330322266 448.8273010253906
58.37701416015625 448.6143798828125
58.086181640625 448.4090270996094
57.79005813598633 448.21136474609375
57.48884963989258 448.02154541015625
57.182762145996094 447.8397216796875
56.87200927734375 447.6659851074219
56.55680465698242 447.5004577636719
56.237361907958984 447.34326171875
55.91390609741211 447.1944885253906
55.5866584777832 447.05426025390625
55.25584411621094 446.92266845703125
54.921688079833984 446.7998046875
54.58442306518555 446.6857604980469
54.24428176879883 446.5805969238281
53.90149688720703 446.4844055175781
53.556304931640625 446.3972473144531
53.208946228027344 446.3191833496094
52.859657287597656 446.250244140625
52.5086784362793 446.19049072265625
52.156253814697266 446.1399841308594
51.80262756347656 446.0987548828125
51.44804000854492 446.0668029785156
51.092735290527344 446.0441589355469
50.73695755004883 446.0308532714844
50.38095474243164 446.0268859863281
50.02497100830078 446.03228759765625
49.66925048828125 446.0470275878906
49.31404113769531 446.0710754394531
48.9595832824707 446.1044616699219
48.60612487792969 446.1471252441406
48.25390625 446.19903564453125
47.90317153930664 446.26019287109375
47.55416488647461 446.3305358886719
47.207122802734375 446.4100036621094
46.86228561401367 446.4985656738281
46.51988983154297 446.59613037109375
46.180171966552734 446.70263671875
45.84336853027344 446.8180236816406
45.509708404541016 446.9422302246094
45.17942428588867 447.07513427734375
44.85274124145508 447.2166748046875
44.529884338378906 447.3667297363281
44.21107864379883 447.52520751953125
43.896541595458984 447.6919860839844
43.586490631103516 447.8669738769531
43.2811393737793 448.050048828125
42.98069763183594 448.2410583496094
42.68537139892578 448.43988037109375
42.39536666870117 448.6463928222656
42.11088180541992 448.8604431152344
41.83211135864258 449.0819091796875
41.55924987792969 449.31060791015625
41.292484283447266 449.54638671875
41.03199768066406 449.7890930175781
40.77796936035156 450.0385437011719
40.530574798583984 450.2945556640625
40.28998565673828 450.5569763183594
40.056365966796875 450.82562255859375
39.82987594604492 451.1003112792969
39.61067199707031 451.380859375
39.39890670776367 451.66705322265625
39.194725036621094 451.9587097167969
38.998268127441406 452.255615234375
38.80967330932617 452.5575866699219
38.629066467285156 452.8644104003906
38.456573486328125 453.1758728027344
38.29231643676758 453.4917297363281
38.1279182434082 453.83001708984375
37.9521484375 454.2215576171875
37.76405334472656 454.6841125488281
37.57511520385742 455.20843505859375
37.4051628112793 455.75054931640625
37.252716064453125 456.3180236816406
37.11271667480469 456.9326477050781
36.992122650146484 457.5655517578125
36.89258575439453 458.2084655761719
36.815162658691406 458.8546142578125
36.76039123535156 459.4991455078125
36.72841262817383 460.1396789550781
36.719173431396484 460.77557373046875
36.73257827758789 461.40753173828125
36.7686882019043 462.03948974609375
36.827232360839844 462.6671142578125
36.90819549560547 463.2906494140625
37.01140594482422 463.9091491699219
37.13614273071289 464.5189208984375
37.28104782104492 465.11474609375
37.448890686035156 465.70849609375
37.63594436645508 466.28741455078125
37.84891891479492 466.8719177246094
38.0853385925293 467.4540100097656
38.34371566772461 468.0296325683594
38.622432708740234 468.59503173828125
38.91435241699219 469.1358642578125
39.21818542480469 469.6501770019531
39.529541015625 470.13128662109375
39.86060333251953 470.5985107421875
40.21138381958008 471.0518798828125
40.58110046386719 471.4903259277344
40.968963623046875 471.9129333496094
41.374420166015625 472.3190612792969
41.796810150146484 472.7080383300781
42.2352294921875 473.07904052734375
42.68886184692383 473.43133544921875
43.15690231323242 473.76434326171875
43.63850784301758 474.0774230957031
44.13282775878906 474.37005615234375
44.63899230957031 474.6416931152344
45.156105041503906 474.8918762207031
45.683258056640625 475.1201477050781
46.219520568847656 475.3261413574219
46.763946533203125 475.50946044921875
47.315582275390625 475.6697998046875
47.873451232910156 475.8068542480469
48.43656539916992 475.92041015625
49.003814697265625 476.0102233886719
49.574039459228516 476.0761413574219
50.1456184387207 476.11798095703125
50.711395263671875 476.13555908203125
51.27290344238281 476.12933349609375
51.75010681152344 476.10516357421875
52.154659271240234 476.0709228515625
52.53562545776367 476.0272216796875
52.87968826293945 475.978271484375
53.21836471557617 475.92132568359375
53.550479888916016 475.8569641113281
53.880409240722656 475.7845458984375
54.20799255371094 475.70416259765625
54.5333366394043 475.6158142089844
54.856353759765625 475.51953125
55.17691421508789 475.4153747558594
55.49482345581055 475.3033752441406
55.80988693237305 475.1836242675781
56.121917724609375 475.0561828613281
56.43073272705078 474.921142578125
56.736141204833984 474.7785949707031
57.0379638671875 474.62860107421875
57.33601760864258 474.47125244140625
57.630126953125 474.306640625
57.92011260986328 474.1348571777344
58.2057991027832 473.9560241699219
58.48701858520508 473.770263671875
58.76359939575195 473.5776672363281
59.035377502441406 473.3783264160156
59.302188873291016 473.1723937988281
59.56386947631836 472.9599914550781
59.82026672363281 472.7412414550781
60.07122802734375 472.5162658691406
60.31659698486328 472.28521728515625
60.55623245239258 472.0482177734375
60.78998565673828 471.805419921875
61.01771926879883 471.55694580078125
61.239295959472656 471.302978515625
61.45458221435547 471.0436706542969
61.663448333740234 470.7791442871094
61.86576843261719 470.50958251953125
62.06142044067383 470.2351379394531
62.25028610229492 469.95599365234375
62.432254791259766 469.67230224609375
62.607215881347656 469.3842468261719
62.775062561035156 469.09197998046875
62.93569564819336 468.7956848144531
63.089019775390625 468.49554443359375
63.23494338989258 468.1917419433594
63.373374938964844 467.88446044921875
63.504234313964844 467.5738525390625
63.62744140625 467.2601318359375
63.742923736572266 466.9435119628906
63.85061264038086 466.6241455078125
63.950443267822266 466.30224609375
64.04235076904297 465.9779968261719
64.12628936767578 465.6515808105469
64.20220184326172 465.3232116699219
64.2700424194336 464.9930725097656
64.32977294921875 464.661376953125
64.38135528564453 464.32830810546875
64.42475891113281 463.99407958984375
64.4599609375 463.65887451171875
64.48693084716797 463.3229064941406
64.50566101074219 462.98638916015625
64.5161361694336 462.64947509765625
64.51835632324219 462.3124084472656
64.5123062133789 461.9753112792969
64.49798583984375 461.6383361816406
64.47537994384766 461.3015441894531
64.44444274902344 460.9647521972656
64.40521240234375 460.6287536621094
64.35700988769531 460.2892761230469
64.29898834228516 459.9438781738281
64.23090362548828 459.59442138671875
64.15367126464844 459.24688720703125
64.06734466552734 458.9014892578125
63.97198486328125 458.5584716796875
63.867652893066406 458.21807861328125
63.754425048828125 457.8805236816406
63.63237762451172 457.54608154296875
63.50159454345703 457.2149353027344
63.36216735839844 456.8873596191406
63.21419143676758 456.56353759765625
63.05776596069336 456.24371337890625
62.893001556396484 455.9281005859375
62.72001266479492 455.6169128417969
62.538917541503906 455.3103942871094
62.34983825683594 455.00872802734375
62.15290832519531 454.7121276855469
61.94826126098633 454.4208068847656
61.73603820800781 454.13494873046875
61.516387939453125 453.8547668457031
61.289459228515625 453.5804443359375
61.0554084777832 453.3121643066406
60.81439971923828 453.05010986328125
60.56659698486328 452.7944641113281
60.312171936035156 452.54541015625
60.05129623413086 452.3031311035156
59.78415298461914 452.0677795410156
59.51092529296875 451.83953857421875
59.2318000793457 451.6185302734375
58.94697189331055 451.4049377441406
58.65663528442383 451.1988830566406
58.360992431640625 451.0005187988281
58.060245513916016 450.8099670410156
57.754600524902344 450.62738037109375
57.444271087646484 450.452880859375
57.12946701049805 450.2865905761719
56.81040954589844 450.1286315917969
56.4873161315918 449.9790954589844
56.16040802001953 449.83807373046875
55.82991027832031 449.7056884765625
55.49605178833008 449.58203125
55.15906524658203 449.4671630859375
54.81917953491211 449.3611755371094
54.47663116455078 449.26416015625
54.13165283203125 449.1761474609375
53.78448486328125 449.09722900390625
53.43536376953125 449.0274658203125
53.08453369140625 448.9668884277344
52.732234954833984 448.91552734375
52.37870788574219 448.8734436035156
52.02419662475586 448.84063720703125
51.668949127197266 448.817138671875
51.31320571899414 448.802978515625
50.95721435546875 448.79815673828125
50.601219177246094 448.80267333984375
50.24546432495117 448.8165283203125
49.89019775390625 448.8397216796875
49.53565979003906 448.8722229003906
49.182098388671875 448.9140319824219
48.82975387573242 448.9651184082031
48.47887420654297 449.0254211425781
48.129695892333984 449.09490966796875
47.78246307373047 449.17352294921875
47.43741226196289 449.26123046875
47.094783782958984 449.35797119140625
46.75481033325195 449.46368408203125
46.417728424072266 449.5782775878906
46.083770751953125 449.70166015625
45.75316619873047 449.8337707519531
45.42613983154297 449.9745178222656
45.10292053222656 450.1238098144531
44.783729553222656 450.2815246582031
44.468788146972656 450.4475402832031
44.1583137512207 450.62176513671875
43.85251998901367 450.8040771484375
43.55161666870117 450.9943542480469
43.25580978393555 451.1924743652344
42.96530532836914 451.3982849121094
42.680301666259766 451.6116638183594
42.40099334716797 451.8324279785156
42.12757873535156 452.0604553222656
41.8602409362793 452.29559326171875
41.59916687011719 452.53765869140625
41.34453582763672 452.7864990234375
41.096519470214844 453.04193115234375
40.85529327392578 453.30377197265625
40.62102127075195 453.5718688964844
40.39386749267578 453.84600830078125
40.17398452758789 454.1260070800781
39.96152877807617 454.41168212890625
39.75664138793945 454.7028503417969
39.55946731567383 454.9992980957031
39.370140075683594 455.3008117675781
39.18878936767578 455.607177734375
39.01554489135742 455.918212890625
38.850521087646484 456.2336730957031
38.69383239746094 456.5533752441406
38.53806686401367 456.8942565917969
38.372589111328125 457.2874450683594
38.18632507324219 457.7796325683594
38.007320404052734 458.3190002441406
37.84973907470703 458.8702392578125
37.712162017822266 459.4395446777344
37.59430694580078 460.0296630859375
37.49197769165039 460.66400146484375
37.41047668457031 461.3112487792969
37.35126495361328 461.9598693847656
37.31459426879883 462.6068115234375
37.30055236816406 463.2494812011719
37.309085845947266 463.88677978515625
37.34011459350586 464.5191345214844
37.393611907958984 465.1473083496094
37.46955490112305 465.7716064453125
37.56807327270508 466.3931579589844
37.688751220703125 467.0093994140625
37.83113479614258 467.61834716796875
37.99401092529297 468.2155456542969
38.17960739135742 468.80938720703125
38.38742446899414 469.3979187011719
38.618228912353516 469.98297119140625
38.871002197265625 470.5616760253906
39.143829345703125 471.1295166015625
39.434974670410156 471.6828918457031
39.73140335083008 472.1974792480469
40.03858184814453 472.68365478515625
40.364532470703125 473.1545715332031
40.71043395996094 473.6119384765625
41.07521438598633 474.0543212890625
41.4585075378418 474.4812927246094
41.85954284667969 474.8919372558594
42.27764892578125 475.28558349609375
42.7119140625 475.6613464355469
43.16162109375 476.01861572265625
43.625946044921875 476.35675048828125
44.104068756103516 476.6751403808594
44.59513473510742 476.97320556640625
45.09827423095703 477.25042724609375
45.61259460449219 477.50628662109375
46.1371955871582 477.7403564453125
46.6711540222168 477.9522399902344
47.21352767944336 478.14154052734375
47.763362884521484 478.3079528808594
48.3196907043457 478.4511413574219
48.88153076171875 478.5708923339844
49.4478759765625 478.6669616699219
50.01760482788086 478.73919677734375
50.58838653564453 478.7873229980469
51.157379150390625 478.811279296875
51.71685028076172 478.811279296875
52.18501281738281 478.7929382324219
52.64840316772461 478.758056640625
53.05169677734375 478.7141418457031
53.39480972290039 478.6670227050781
53.73304748535156 478.6118469238281
54.066287994384766 478.5489501953125
54.396488189697266 478.4781799316406
54.72483444213867 478.3993225097656
55.05073928833008 478.3125305175781
55.374244689941406 478.2178039550781
55.69530487060547 478.1152038574219
56.01375198364258 478.0047607421875
56.32939910888672 477.88653564453125
56.64204406738281 477.7606201171875
56.95151138305664 477.6270751953125
57.25761032104492 477.4859924316406
57.560157775878906 477.33746337890625
57.858970642089844 477.1815490722656
58.153873443603516 477.01837158203125
58.44468688964844 476.8479919433594
58.73123550415039 476.6705627441406
59.01335144042969 476.48614501953125
59.290863037109375 476.2948913574219
59.563602447509766 476.0968933105469
59.83140563964844 475.8922424316406
60.094112396240234 475.68109130859375
60.351566314697266 475.4635925292969
60.60361099243164 475.2398376464844
60.85009765625 475.0099792480469
61.090877532958984 474.7741394042969
61.3258056640625 474.532470703125
61.55474090576172 474.2851257324219
61.77754211425781 474.0322265625
61.99407958984375 473.7739562988281
62.2042236328125 473.5104675292969
62.40784454345703 473.24188232421875
62.60482406616211 472.9683837890625
62.795040130615234 472.6901550292969
62.97837829589844 472.4073486328125
63.15473175048828 472.1201477050781
63.32399368286133 471.8287048339844
63.486061096191406 471.533203125
63.640838623046875 471.2337951660156
63.788230895996094 470.9306945800781
63.92815017700195 470.62408447265625
64.06051635742188 470.3141174316406
64.18524169921875 470.0010070800781
64.30225372314453 469.6849365234375
64.41149139404297 469.3660888671875
64.51287841796875 469.044677734375
64.60635375976562 468.7208557128906
64.6918716430664 468.39483642578125
64.76937103271484 468.06683349609375
64.83880615234375 467.7370300292969
64.90013885498047 467.4056091308594
64.95333099365234 467.0727844238281
64.99835205078125 466.73876953125
65.03517150878906 466.40374755859375
65.06377410888672 466.0679016113281
65.08413696289062 465.7314758300781
65.09624481201172 465.3946228027344
65.10009002685547 465.05755615234375
65.09567260742188 464.72039794921875
65.0829849243164 464.38330078125
65.06200408935547 464.0462951660156
65.03266906738281 463.7091369628906
64.99481964111328 463.3711242675781
64.9480209350586 463.03033447265625
64.8911361694336 462.68231201171875
64.8245620727539 462.33258056640625
64.74882507324219 461.9847106933594
64.66398620605469 461.6389465332031
64.57010650634766 461.2955322265625
64.46724700927734 460.9546813964844
64.35547637939453 460.6166687011719
64.23487091064453 460.2817077636719
64.10551452636719 459.95001220703125
63.967498779296875 459.621826171875
63.820919036865234 459.29736328125
63.66587448120117 458.97686767578125
63.502471923828125 458.6605529785156
63.33082580566406 458.3486328125
63.15105056762695 458.04132080078125
62.96327590942383 457.73883056640625
62.76762771606445 457.4413757324219
62.564239501953125 457.149169921875
62.35325241088867 456.8623962402344
62.13481140136719 456.5812683105469
61.9090690612793 456.30596923828125
61.676177978515625 456.03668212890625
61.43629837036133 455.7735900878906
61.189598083496094 455.51690673828125
60.93624496459961 455.26678466796875
60.676414489746094 455.02337646484375
60.41028594970703 454.7868957519531
60.13804244995117 454.5574645996094
59.8598747253418 454.33526611328125
59.57596969604492 454.12042236328125
59.28652572631836 453.9131164550781
58.99174118041992 453.7134704589844
58.69181823730469 453.5216369628906
58.386962890625 453.3377380371094
58.077388763427734 453.1618957519531
57.7633056640625 452.9942626953125
57.44493103027344 452.8349304199219
57.12248229980469 452.6839904785156
56.79618453979492 452.54156494140625
56.46626281738281 452.4077453613281
56.13294219970703 452.28265380859375
55.796451568603516 452.1663513183594
55.457027435302734 452.05889892578125
55.114898681640625 451.96038818359375
54.770301818847656 451.87091064453125
54.42347717285156 451.7904968261719
54.07466125488281 451.7192077636719
53.72409439086914 451.6571044921875
53.37201690673828 451.6042175292969
53.018672943115234 451.56060791015625
52.664306640625 451.5262756347656
52.30916213989258 451.5012512207031
51.95348358154297 451.4855651855469
51.59751510620117 451.4792175292969
51.24150085449219 451.4822082519531
50.88568878173828 451.4945373535156
50.53032302856445 451.5162048339844
50.1756477355957 451.54718017578125
49.8219108581543 451.58746337890625
49.46935272216797 451.63702392578125
49.11821365356445 451.69580078125
48.76873779296875 451.7637939453125
48.42116928100586 451.8409118652344
48.07574462890625 451.9271240234375
47.73270034790039 452.02239990234375
47.392276763916016 452.1266174316406
47.05470275878906 452.23974609375
46.72021484375 452.3616943359375
46.389041900634766 452.49237060546875
46.0614128112793 452.6317138671875
45.737552642822266 452.77960205078125
45.417686462402344 452.9359436035156
45.10203170776367 453.1006164550781
44.790809631347656 453.2735290527344
44.484230041503906 453.45452880859375
44.1825065612793 453.6435241699219
43.88584899902344 453.8403625488281
43.594459533691406 454.044921875
43.30854034423828 454.2570495605469
43.02828598022461 454.47662353515625
42.75389099121094 454.7034606933594
42.48554229736328 454.93743896484375
42.223426818847656 455.1783752441406
41.96772384643555 455.4261169433594
41.71861267089844 455.68048095703125
41.476261138916016 455.9412841796875
41.24083709716797 456.2083740234375
41.01250457763672 456.4815368652344
40.791419982910156 456.7605895996094
40.57773208618164 457.04534912109375
40.3715934753418 457.33563232421875
40.17314147949219 457.6312255859375
39.98251724243164 457.9319152832031
39.79985046386719 458.2375183105469
39.625267028808594 458.54779052734375
39.458885192871094 458.862548828125
39.30082321166992 459.1815490722656
39.14320373535156 459.52264404296875
38.975467681884766 459.9166259765625
38.78688430786133 460.4089050292969
38.60938262939453 460.93658447265625
38.44953536987305 461.4872131347656
38.30960464477539 462.0560607910156
38.18931198120117 462.6457824707031
38.08440399169922 463.2795715332031
38.000675201416016 463.9239196777344
37.93887710571289 464.5732116699219
37.8996696472168 465.2202453613281
37.883094787597656 465.8632507324219
37.888980865478516 466.50787353515625
37.91712951660156 467.1407470703125
37.967960357666016 467.77325439453125
38.04104995727539 468.4004211425781
38.13640594482422 469.022705078125
38.25395202636719 469.6398620605469
38.39336013793945 470.2503967285156
38.55369186401367 470.85076904296875
38.73658752441406 471.447265625
38.93910217285156 472.0305480957031
39.16706085205078 472.6171569824219
39.4171142578125 473.1977844238281
39.68803405761719 473.7694396972656
39.973838806152344 474.3195495605469
40.266361236572266 474.83294677734375
40.57119369506836 475.3203125
40.895477294921875 475.7934265136719
41.23920440673828 476.2523193359375
41.60206604003906 476.6965637207031
41.983463287353516 477.1253967285156
42.382652282714844 477.5379638671875
42.7989501953125 477.93359375
43.23149108886719 478.3114013671875
43.67953872680664 478.6707763671875
44.14229965209961 479.0110778808594
44.61893844604492 479.3316955566406
45.108612060546875 479.6320495605469
45.610450744628906 479.9115905761719
46.12357711791992 480.16986083984375
46.6470832824707 480.4064025878906
47.18004608154297 480.62078857421875
47.72153091430664 480.8126220703125
48.27058410644531 480.9815979003906
48.826236724853516 481.12738037109375
49.38751220703125 481.249755859375
49.953392028808594 481.3484802246094
50.522735595703125 481.4233703613281
51.09429168701172 481.4742736816406
51.66611099243164 481.5010681152344
52.22319793701172 481.5037536621094
52.74675750732422 481.48468017578125
53.24405288696289 481.44683837890625
53.6204719543457 481.4054870605469
53.9777717590332 481.35626220703125
54.31875991821289 481.30023193359375
54.6528434753418 481.2366943359375
54.98292541503906 481.1654357910156
55.310733795166016 481.0862121582031
55.636497497558594 480.99896240234375
55.95986557006836 480.90380859375
56.28078842163086 480.8007507324219
56.59908676147461 480.68988037109375
56.91456985473633 480.57122802734375
57.22704315185547 480.44488525390625
57.53632736206055 480.3109130859375
57.84223175048828 480.1694030761719
58.14457702636719 480.02044677734375
58.44317626953125 479.8641357421875
58.73785400390625 479.7005310058594
59.02843475341797 479.5297546386719
59.31474304199219 479.3519287109375
59.59660339355469 479.1671447753906
59.87385177612305 478.9754943847656
60.14632034301758 478.777099609375
60.41384506225586 478.57208251953125
60.67626190185547 478.360595703125
60.93341827392578 478.1427307128906
61.185157775878906 477.91864013671875
61.43132781982422 477.6884460449219
61.671783447265625 477.4522705078125
61.90637969970703 477.21026611328125
62.13497543334961 476.96258544921875
62.35742950439453 476.7093811035156
62.573612213134766 476.4508056640625
62.78339385986328 476.18701171875
62.98664855957031 475.91815185546875
63.183250427246094 475.6444091796875
63.373085021972656 475.36590576171875
63.55603790283203 475.0828552246094
63.731998443603516 474.79541015625
63.90085983276367 474.50372314453125
64.0625228881836 474.2079772949219
64.21688842773438 473.9083557128906
64.3638687133789 473.60504150390625
64.50336456298828 473.2982177734375
64.63529968261719 472.9880676269531
64.75959777832031 472.6747741699219
64.87618255615234 472.3585510253906
64.98497772216797 472.03955078125
65.08592224121094 471.7179870605469
65.178955078125 471.39404296875
65.26402282714844 471.06793212890625
65.34107208251953 470.73980712890625
65.4100570678711 470.409912109375
65.47093963623047 470.07843017578125
65.523681640625 469.74554443359375
65.56824493408203 469.4114685058594
65.60460662841797 469.0763854980469
65.63274383544922 468.7405090332031
65.65264129638672 468.4040222167969
65.66429138183594 468.067138671875
65.66767883300781 467.73004150390625
65.66279602050781 467.39288330078125
65.6496353149414 467.0557556152344
65.628173828125 466.7186279296875
65.59834289550781 466.3812255859375
65.55992889404297 466.0426025390625
65.51240539550781 465.7004699707031
65.45440673828125 465.3494873046875
65.38716888427734 464.9998779296875
65.31077575683594 464.6521301269531
65.22528076171875 464.3065185546875
65.13074493408203 463.9632873535156
65.02723693847656 463.6226501464844
64.91482543945312 463.28485107421875
64.79358673095703 462.9501037597656
64.66360473632812 462.61865234375
64.52497100830078 462.2907409667969
64.37777709960938 461.9665832519531
64.22212982177734 461.6463928222656
64.0581283569336 461.33038330078125
63.88589096069336 461.018798828125
63.705535888671875 460.7118225097656
63.51718521118164 460.4096984863281
63.32097244262695 460.11260986328125
63.11703109741211 459.8207702636719
62.90550231933594 459.5343933105469
62.68653106689453 459.253662109375
62.46026611328125 458.9787902832031
62.226863861083984 458.7099304199219
61.986488342285156 458.4472961425781
61.73930358886719 458.1910705566406
61.485477447509766 457.94140625
61.225189208984375 457.698486328125
60.958614349365234 457.4624938964844
60.68593978881836 457.23358154296875
60.4073486328125 457.01190185546875
60.1230354309082 456.797607421875
59.83319854736328 456.5908508300781
59.53803634643555 456.39178466796875
59.23775100708008 456.2005310058594
58.93254852294922 456.0172119140625
58.62263870239258 455.84197998046875
58.3082389831543 455.6749267578125
57.98956298828125 455.51617431640625
57.666831970214844 455.3658447265625
57.34026336669922 455.2240295410156
57.01008605957031 455.0908508300781
56.67652893066406 454.96636962890625
56.339820861816406 454.8507080078125
56.00019073486328 454.743896484375
55.657875061035156 454.64605712890625
55.3131103515625 454.5572204589844
54.96613311767578 454.47747802734375
54.617183685302734 454.4068603515625
54.26649856567383 454.3454284667969
53.91432189941406 454.293212890625
53.56089782714844 454.2502746582031
53.20646667480469 454.21661376953125
52.85127639770508 454.1922607421875
52.495567321777344 454.17724609375
52.13958740234375 454.17156982421875
51.7835807800293 454.17523193359375
51.42779541015625 454.188232421875
51.072471618652344 454.2105712890625
50.717857360839844 454.2422180175781
50.36419677734375 454.2831726074219
50.0117301940918 454.3334045410156
49.66070556640625 454.3928527832031
49.31135940551758 454.46148681640625
48.96393585205078 454.5392761230469
48.618675231933594 454.62615966796875
48.275814056396484 454.7220764160156
47.935585021972656 454.82696533203125
47.598228454589844 454.94073486328125
47.263973236083984 455.0633239746094
46.933048248291016 455.19464111328125
46.60568618774414 455.3345947265625
46.282108306884766 455.48309326171875
45.96253967285156 455.6400451660156
45.64719772338867 455.8053283691406
45.3363037109375 455.97882080078125
45.030067443847656 456.160400390625
44.728702545166016 456.3499755859375
44.43241882324219 456.5473937988281
44.14141845703125 456.75250244140625
43.855899810791016 456.9651794433594
43.5760612487793 457.1852722167969
43.302093505859375 457.4126281738281
43.03418731689453 457.6470947265625
42.77252960205078 457.8885192871094
42.517295837402344 458.13671875
42.2686653137207 458.39154052734375
42.02680969238281 458.6528015136719
41.791893005371094 458.9203186035156
41.5640754699707 459.19390869140625
41.3435173034668 459.473388671875
41.13037109375 459.758544921875
40.924781799316406 460.0492248535156
40.726890563964844 460.3451843261719
40.536834716796875 460.646240234375
40.3547477722168 460.9521789550781
40.18075180053711 461.2627868652344
40.01496505737305 461.5778503417969
39.857505798339844 461.89715576171875
39.70033264160156 462.2389831542969
39.533084869384766 462.63397216796875
39.34538650512695 463.1269226074219
39.1689338684082 463.6549987792969
39.01178741455078 464.20068359375
38.87319564819336 464.76959228515625
38.75436782836914 465.3590087890625
38.65102767944336 465.9925231933594
38.56886672973633 466.6368103027344
38.508628845214844 467.2861633300781
38.47064971923828 467.93701171875
38.455081939697266 468.5863952636719
38.461944580078125 469.2315979003906
38.491153717041016 469.870849609375
38.5426139831543 470.5039367675781
38.616302490234375 471.1315002441406
38.71222686767578 471.7540283203125
38.83063507080078 472.37322998046875
38.97099685668945 472.9863586425781
39.13313674926758 473.59283447265625
39.316524505615234 474.19085693359375
39.52008819580078 474.77734375
39.74724197387695 475.362060546875
39.99643325805664 475.9405822753906
40.26701736450195 476.51129150390625
40.55725860595703 477.07037353515625
40.8565559387207 477.5976257324219
41.1622428894043 478.08917236328125
41.48601531982422 478.564453125
41.82845687866211 479.0244445800781
42.19011688232422 479.4698791503906
42.5702018737793 479.8997802734375
42.96813201904297 480.3135070800781
43.383243560791016 480.7103271484375
43.8146858215332 481.0894470214844
44.261680603027344 481.4501647949219
44.72342300415039 481.7918395996094
45.1991081237793 482.1138610839844
45.68789291381836 482.4156494140625
46.18890380859375 482.6966857910156
46.701263427734375 482.95648193359375
47.22406768798828 483.1945495605469
47.75639343261719 483.4104919433594
48.29730987548828 483.60394287109375
48.84585952758789 483.7745361328125
49.40108108520508 483.9219665527344
49.96199035644531 484.0459899902344
50.52757263183594 484.1463928222656
51.0967903137207 484.22296142578125
51.6681022644043 484.2755432128906
52.23957443237305 484.30401611328125
52.8072624206543 484.3083801269531
53.35128402709961 484.289794921875
53.81294250488281 484.2561340332031
54.18741226196289 484.216796875
54.543190002441406 484.1695556640625
54.889503479003906 484.11431884765625
55.223663330078125 484.0523376464844
55.55443572998047 483.98248291015625
55.882930755615234 483.9046325683594
56.209068298339844 483.81884765625
56.53285217285156 483.7251281738281
56.85422897338867 483.6235046386719
57.17301559448242 483.5140380859375
57.4890251159668 483.39678955078125
57.802059173583984 483.2718505859375
58.111934661865234 483.1392517089844
58.4184684753418 482.9991149902344
58.72146987915039 482.85150146484375
59.0207633972168 482.6965026855469
59.316165924072266 482.5342102050781
59.60750198364258 482.36474609375
59.894596099853516 482.1882019042969
60.177276611328125 482.0046691894531
60.45537567138672 481.81427001953125
60.728721618652344 481.6170959472656
60.997154235839844 481.41326904296875
61.2605094909668 481.20294189453125
61.51863098144531 480.9862365722656
61.771366119384766 480.76324462890625
62.018558502197266 480.5341491699219
62.26006317138672 480.2990417480469
62.495731353759766 480.05810546875
62.725425720214844 479.81146240234375
62.949005126953125 479.55926513671875
63.16633605957031 479.3016662597656
63.377288818359375 479.038818359375
63.58173370361328 478.7708740234375
63.7795524597168 478.49798583984375
63.97062301635742 478.2203369140625
64.15483093261719 477.9381103515625
64.33206939697266 477.65142822265625
64.50222778320312 477.3605041503906
64.66520690917969 477.06549072265625
64.8208999633789 476.7665710449219
64.96922302246094 476.46392822265625
65.1100845336914 476.1577453613281
65.24340057373047 475.84820556640625
65.36908721923828 475.5354919433594
65.48707580566406 475.21978759765625
65.5972900390625 474.9012756347656
65.69966888427734 474.5801696777344
65.79414367675781 474.25665283203125
65.88066101074219 473.930908203125
65.95916748046875 473.6031494140625
66.02961730957031 473.2735595703125
66.09197235107422 472.9423522949219
66.14618682861328 472.6097106933594
66.1922378540039 472.27581787109375
66.23008728027344 471.9408874511719
66.25971984863281 471.6051330566406
66.28112030029297 471.26873779296875
66.29426574707031 470.9319152832031
66.29914855957031 470.5948181152344
66.29576873779297 470.2576904296875
66.28411102294922 469.9204406738281
66.2641372680664 469.5830993652344
66.23577117919922 469.2452697753906
66.19876861572266 468.9058532714844
66.1511459350586 468.55303955078125
66.09428405761719 468.20159912109375
66.02821350097656 467.85174560546875
65.95298767089844 467.5037536621094
65.86865234375 467.1578674316406
65.7752685546875 466.8143005371094
65.67290496826172 466.4732971191406
65.5616226196289 466.1351013183594
65.4415054321289 465.7999572753906
65.31263732910156 465.46807861328125
65.17510223388672 465.1396789550781
65.02899169921875 464.81500244140625
64.8744125366211 464.4942932128906
64.71147155761719 464.177734375
64.540283203125 463.8655700683594
64.36095428466797 463.5580139160156
64.17362213134766 463.2552490234375
63.9784049987793 462.95751953125
63.77544403076172 462.6650085449219
63.564876556396484 462.3779296875
63.34684753417969 462.0964660644531
63.12150573730469 461.8208312988281
62.889007568359375 461.55120849609375
62.649513244628906 461.28778076171875
62.4031867980957 461.0307312011719
62.15019989013672 460.7802429199219
61.89072799682617 460.5364685058594
61.62494659423828 460.2995910644531
61.3530387878418 460.06976318359375
61.0751953125 459.8471374511719
60.791603088378906 459.63189697265625
60.50246047973633 459.4241638183594
60.20796585083008 459.2240905761719
59.908321380615234 459.0318298339844
59.60373306274414 458.8475036621094
59.29441452026367 458.6712341308594
58.98057556152344 458.5031433105469
58.66243362426758 458.34332275390625
58.340206146240234 458.1919250488281
58.01411819458008 458.0490417480469
57.684391021728516 457.9147644042969
57.351253509521484 457.7891845703125
57.01493453979492 457.6723937988281
56.67566680908203 457.564453125
56.333683013916016 457.4654541015625
55.989219665527344 457.3754577636719
55.642513275146484 457.2945556640625
55.293800354003906 457.2227783203125
54.94332504272461 457.16015625
54.59132766723633 457.10675048828125
54.2380485534668 457.0626220703125
53.883731842041016 457.02777099609375
53.52862548828125 457.0022277832031
53.172969818115234 456.98602294921875
52.817012786865234 456.9791564941406
52.460994720458984 456.98162841796875
52.105167388916016 456.9934387207031
51.74977111816406 457.01458740234375
51.39505386352539 457.0450439453125
51.041255950927734 457.0848083496094
50.68862533569336 457.13385009765625
50.33740234375 457.192138671875
49.987831115722656 457.2596130371094
49.6401481628418 457.33624267578125
49.29459762573242 457.4219665527344
48.951416015625 457.5167236328125
48.61083984375 457.6204528808594
48.273101806640625 457.73309326171875
47.938438415527344 457.85455322265625
47.60707473754883 457.9847717285156
47.27924346923828 458.1236267089844
46.955169677734375 458.2710266113281
46.635074615478516 458.4268798828125
46.319183349609375 458.5910949707031
46.00770950317383 458.7635498046875
45.70086669921875 458.9441223144531
45.398868560791016 459.1326599121094
45.101924896240234 459.3290710449219
44.810237884521484 459.533203125
44.524009704589844 459.74493408203125
44.24343490600586 459.9640808105469
43.96870803833008 460.1905212402344
43.70001983642578 460.4241027832031
43.43755340576172 460.6646423339844
43.18149185180664 460.9119873046875
42.9320068359375 461.1659851074219
42.689273834228516 461.4264221191406
42.453460693359375 461.6931457519531
42.224727630615234 461.9659729003906
42.00323486328125 462.2447204589844
41.78913497924805 462.5291748046875
41.58257293701172 462.81915283203125
41.38369369506836 463.11444091796875
41.192630767822266 463.41485595703125
41.009517669677734 463.7201843261719
40.83448028564453 464.03021240234375
40.667640686035156 464.3447265625
40.50911331176758 464.66351318359375
40.35719299316406 464.99041748046875
40.208709716796875 465.33416748046875
40.05187225341797 465.7296447753906
39.87632369995117 466.2242431640625
39.70861053466797 466.766845703125
39.56255340576172 467.32086181640625
39.43730163574219 467.8908386230469
39.33265686035156 468.47918701171875
39.24442672729492 469.1123046875
39.1775016784668 469.7571105957031
39.132564544677734 470.4073791503906
39.11004638671875 471.0566711425781
39.1099967956543 471.7021484375
39.13239669799805 472.3485412597656
39.176971435546875 472.98876953125
39.243595123291016 473.62213134765625
39.33223342895508 474.2489929199219
39.44290542602539 474.8699035644531
39.575592041015625 475.4849853515625
39.73051452636719 476.0953063964844
39.90650939941406 476.69647216796875
40.1044921875 477.2917175292969
40.32414245605469 477.8799743652344
40.565921783447266 478.4623718261719
40.83000946044922 479.0391845703125
41.114444732666016 479.60595703125
41.41050720214844 480.1454162597656
41.71273422241211 480.6482849121094
42.0289306640625 481.12835693359375
42.36447525024414 481.5940856933594
42.71915054321289 482.045166015625
43.0925407409668 482.4810791015625
43.484012603759766 482.90106201171875
43.89283752441406 483.3043212890625
44.318275451660156 483.69012451171875
44.759559631347656 484.05780029296875
45.215904235839844 484.4066467285156
45.68648910522461 484.736083984375
46.17048263549805 485.0455017089844
46.66703414916992 485.3343505859375
47.175262451171875 485.6021423339844
47.694271087646484 485.848388671875
48.22315216064453 486.0726318359375
48.76097106933594 486.2745056152344
49.30678176879883 486.45367431640625
49.859622955322266 486.60980224609375
50.41852569580078 486.74261474609375
50.98249435424805 486.85186767578125
51.55049514770508 486.9373474121094
52.1212158203125 486.9989013671875
52.69316101074219 487.0364074707031
53.261661529541016 487.0497131347656
53.802146911621094 487.039794921875
54.28624725341797 487.01177978515625
54.675254821777344 486.9761962890625
55.0438232421875 486.9318542480469
55.38956069946289 486.8808898925781
55.72419738769531 486.8229064941406
56.05636215209961 486.7568664550781
56.385711669921875 486.68292236328125
56.71282196044922 486.6009826660156
57.0377082824707 486.5110778808594
57.36027526855469 486.4132385253906
57.68034744262695 486.3075256347656
57.997718811035156 486.1940002441406
58.31221008300781 486.07275390625
58.623626708984375 485.9438171386719
58.93178939819336 485.8072814941406
59.236515045166016 485.6632385253906
59.53761291503906 485.51177978515625
59.83490753173828 485.3529968261719
60.12822341918945 485.1869812011719
60.41737747192383 485.0138244628906
60.70220184326172 484.8336181640625
60.98252487182617 484.646484375
61.258174896240234 484.4525451660156
61.52899169921875 484.2519226074219
61.79480743408203 484.0447082519531
62.05546569824219 483.8310546875
62.31081008911133 483.6110534667969
62.56068420410156 483.3848876953125
62.80493927001953 483.15264892578125
63.04343032836914 482.91448974609375
63.2760124206543 482.6705627441406
63.50254821777344 482.4210205078125
63.722900390625 482.1659851074219
63.93693542480469 481.9056396484375
64.14452362060547 481.6401062011719
64.34554290771484 481.36956787109375
64.53987121582031 481.0942077636719
64.7273941040039 480.81414794921875
64.90799713134766 480.5295715332031
65.0815658569336 480.24066162109375
65.24800872802734 479.9476013183594
65.40721893310547 479.6505432128906
65.55909729003906 479.34967041015625
65.70355987548828 479.045166015625
65.84051513671875 478.7372131347656
65.96987915039062 478.4259948730469
66.0915756225586 478.1116943359375
66.20553588867188 477.79449462890625
66.31169128417969 477.474609375
66.40997314453125 477.1522216796875
66.50032043457031 476.8275146484375
66.58268737792969 476.5007019042969
66.65702056884766 476.1719665527344
66.72327423095703 475.84149169921875
66.78141021728516 475.5094909667969
66.83139038085938 475.1761779785156
66.87318420410156 474.84173583984375
66.90676879882812 474.50634765625
66.93212890625 474.17022705078125
66.9492416381836 473.83355712890625
66.95809936523438 473.49652099609375
66.95868682861328 473.15936279296875
66.95099639892578 472.8219299316406
66.93498229980469 472.4842224121094
66.91065979003906 472.14691162109375
66.87759399414062 471.80633544921875
66.83597564697266 471.46630859375
66.78368377685547 471.1141357421875
66.72216796875 470.7634582519531
66.6514663696289 470.4145202636719
66.5716323852539 470.06756591796875
66.48271942138672 469.7228088378906
66.38479614257812 469.3805236816406
66.27791595458984 469.0409240722656
66.16216278076172 468.7042541503906
66.03761291503906 468.3707275390625
65.90435791015625 468.04058837890625
65.76248168945312 467.71405029296875
65.6120834350586 467.391357421875
65.4532699584961 467.0727233886719
65.28614807128906 466.75836181640625
65.11083221435547 466.448486328125
64.92744445800781 466.143310546875
64.73611450195312 465.84307861328125
64.53697204589844 465.5479736328125
64.33014678955078 465.2581787109375
64.11579132080078 464.9739074707031
63.89405059814453 464.69537353515625
63.66507339477539 464.4227600097656
63.429019927978516 464.15625
63.18605422973633 463.8960266113281
62.936344146728516 463.64227294921875
62.680057525634766 463.3951416015625
62.41737365722656 463.1548156738281
62.148475646972656 462.9214782714844
61.8735466003418 462.6952819824219
61.5927734375 462.47637939453125
61.30635452270508 462.2649230957031
61.01448440551758 462.06103515625
60.71736526489258 461.8648986816406
60.415199279785156 461.6766052246094
60.10819625854492 461.4963073730469
59.796566009521484 461.3241271972656
59.480525970458984 461.1601867675781
59.16029357910156 461.0046081542969
58.83608627319336 460.85748291015625
58.50813293457031 460.71893310546875
58.17665481567383 460.5890197753906
57.841880798339844 460.4678649902344
57.50404357910156 460.35552978515625
57.16337203979492 460.2521057128906
56.820106506347656 460.15765380859375
56.47447967529297 460.0722351074219
56.12672805786133 459.99591064453125
55.777095794677734 459.9287414550781
55.425819396972656 459.87078857421875
55.073143005371094 459.8220520019531
54.71931076049805 459.7825927734375
54.36456298828125 459.75244140625
54.00914764404297 459.7315979003906
53.6533088684082 459.7200927734375
53.29729080200195 459.7179260253906
52.94133758544922 459.7251281738281
52.585697174072266 459.7416687011719
52.230613708496094 459.76751708984375
51.8763313293457 459.80267333984375
51.523094177246094 459.8471374511719
51.171142578125 459.9008483886719
50.82072448730469 459.9637756347656
50.472076416015625 460.035888671875
50.12544250488281 460.11712646484375
49.78105926513672 460.2074279785156
49.43916320800781 460.3067321777344
49.09999084472656 460.41497802734375
48.76377487182617 460.5320739746094
48.430747985839844 460.657958984375
48.10114288330078 460.79254150390625
47.77518081665039 460.93572998046875
47.45309066772461 461.0874328613281
47.13508987426758 461.2475280761719
46.8213996887207 461.4159240722656
46.512237548828125 461.59246826171875
46.20781707763672 461.7770690917969
45.90834426879883 461.9696044921875
45.61402893066406 462.169921875
45.3250732421875 462.3778991699219
45.04167556762695 462.5933837890625
44.76403045654297 462.8162536621094
44.49232864379883 463.04632568359375
44.22676086425781 463.283447265625
43.967506408691406 463.5274658203125
43.714744567871094 463.7781982421875
43.468650817871094 464.03546142578125
43.229393005371094 464.2991027832031
42.997135162353516 464.5689392089844
42.77204132080078 464.84478759765625
42.554264068603516 465.1264343261719
42.34395217895508 465.4136962890625
42.14125061035156 465.7063903808594
41.9463005065918 466.0043029785156
41.75923538208008 466.3072204589844
41.58018493652344 466.6149597167969
41.409271240234375 466.9272766113281
41.24661636352539 467.2439880371094
41.09232711791992 467.5648498535156
40.93890380859375 467.9073791503906
40.77627944946289 468.3020935058594
40.59395980834961 468.7950744628906
40.42661666870117 469.3117980957031
40.274505615234375 469.8584899902344
40.14155197143555 470.4267578125
40.028968811035156 471.01361083984375
39.93223571777344 471.64520263671875
39.85664367675781 472.28887939453125
39.80295944213867 472.9383850097656
39.77168273925781 473.5875549316406
39.762908935546875 474.2333984375
39.77656173706055 474.88037109375
39.812469482421875 475.5216369628906
39.870513916015625 476.1563720703125
39.95064163208008 476.7848205566406
40.0528564453125 477.4075012207031
40.17753601074219 478.0268249511719
40.324012756347656 478.6395263671875
40.49221420288086 479.2454528808594
40.681922912597656 479.8438720703125
40.89335250854492 480.4355163574219
41.12617874145508 481.0194396972656
41.38187026977539 481.59918212890625
41.659095764160156 482.1715087890625
41.956153869628906 482.7328186035156
42.25636672973633 483.251953125
42.56544876098633 483.7397155761719
42.8933219909668 484.2123107910156
43.240108489990234 484.66998291015625
43.60561752319336 485.11248779296875
43.989479064941406 485.5393981933594
44.3909912109375 485.94989013671875
44.80946731567383 486.3432922363281
45.24410629272461 486.71881103515625
45.694129943847656 487.0758056640625
46.15873336791992 487.4136047363281
46.63710021972656 487.73162841796875
47.128395080566406 488.0293273925781
47.631744384765625 488.3061828613281
48.14625930786133 488.5616760253906
48.67103576660156 488.7953796386719
49.20515060424805 489.0068664550781
49.74766540527344 489.1957702636719
50.29762268066406 489.36175537109375
50.85405349731445 489.5045471191406
51.41597366333008 489.6238708496094
51.982337951660156 489.7195129394531
52.55206298828125 489.79132080078125
53.12419509887695 489.8391418457031
53.69595718383789 489.86285400390625
54.26371765136719 489.86248779296875
54.780826568603516 489.8409118652344
55.22643280029297 489.8056945800781
55.59402084350586 489.7651672363281
55.94062042236328 489.71759033203125
56.2805290222168 489.662109375
56.61321258544922 489.5992431640625
56.94353485107422 489.52838134765625
57.271697998046875 489.4494934082031
57.597434997558594 489.3626708984375
57.92091751098633 489.2679138183594
58.241981506347656 489.1652526855469
58.560428619384766 489.05474853515625
58.876060485839844 488.9364929199219
59.188697814941406 488.8105163574219
59.49814987182617 488.67694091796875
59.804229736328125 488.5357971191406
60.10675811767578 488.38720703125
60.40555191040039 488.23126220703125
60.70043182373047 488.0680236816406
60.9912223815918 487.8976135253906
61.27774429321289 487.7201232910156
61.55983352661133 487.5356750488281
61.83731460571289 487.3443603515625
62.110023498535156 487.14630126953125
62.3777961730957 486.9416198730469
62.640472412109375 486.7304382324219
62.89789581298828 486.51287841796875
63.14990997314453 486.2890930175781
63.3963623046875 486.0591735839844
63.63710403442383 485.82330322265625
63.87199401855469 485.58160400390625
64.10089111328125 485.334228515625
64.32365417480469 485.081298828125
64.54015350341797 484.822998046875
64.75025939941406 484.5594482421875
64.95384216308594 484.29083251953125
65.1507797241211 484.017333984375
65.34095001220703 483.73907470703125
65.52424621582031 483.45623779296875
65.70055389404297 483.16900634765625
65.8697738647461 482.8775329589844
66.03179931640625 482.5820007324219
66.18653106689453 482.2825927734375
66.33387756347656 481.9794616699219
66.4737548828125 481.6728210449219
66.60607147216797 481.36285400390625
66.73075103759766 481.0497131347656
66.84771728515625 480.7336120605469
66.95690155029297 480.4147644042969
67.05824279785156 480.09332275390625
67.15167236328125 479.7695007324219
67.23713684082031 479.4434814453125
67.31459045410156 479.1154479980469
67.38397979736328 478.7856140136719
67.44526672363281 478.4541931152344
67.4984130859375 478.1213684082031
67.54338836669922 477.7873229980469
67.58016204833984 477.4522705078125
67.60871124267578 477.1164245605469
67.62902069091797 476.7799377441406
67.64107513427734 476.44305419921875
67.64486694335938 476.10589599609375
67.64038848876953 475.7685852050781
67.6275863647461 475.4305419921875
67.60645294189453 475.09283447265625
67.5765380859375 474.7511291503906
67.53800964355469 474.4098205566406
67.48973846435547 474.0619201660156
67.43164825439453 473.7106628417969
67.3643569946289 473.3610534667969
67.28791809082031 473.0133361816406
67.20237731933594 472.667724609375
67.10779571533203 472.3244934082031
67.00424194335938 471.9838562011719
66.89178466796875 471.64605712890625
66.77050018310547 471.31134033203125
66.64047241210938 470.97991943359375
66.50179290771484 470.6520080566406
66.35455322265625 470.3278503417969
66.19886016845703 470.0076599121094
66.0348129272461 469.6916809082031
65.86253356933594 469.380126953125
65.68213653564453 469.07318115234375
65.49374389648438 468.7710876464844
65.29749298095703 468.4740295410156
65.09351348876953 468.1822204589844
64.88194274902344 467.8958740234375
64.66293334960938 467.61517333984375
64.43663024902344 467.34033203125
64.20319366455078 467.071533203125
63.96278381347656 466.8089294433594
63.7155647277832 466.552734375
63.46170425415039 466.3031005859375
63.20138168334961 466.06024169921875
62.934776306152344 465.82427978515625
62.66206741333008 465.59539794921875
62.383445739746094 465.3737487792969
62.09910583496094 465.15948486328125
61.80923843383789 464.9527587890625
61.5140495300293 464.75372314453125
61.21373748779297 464.5625
60.90850830078125 464.37921142578125
60.598575592041016 464.2040100097656
60.28415298461914 464.0369873046875
59.9654541015625 463.8782958984375
59.6427001953125 463.72802734375
59.31611251831055 463.5862731933594
58.98591995239258 463.453125
58.652347564697266 463.3287048339844
58.31562423706055 463.21307373046875
57.975982666015625 463.1063232421875
57.6336555480957 463.0085144042969
57.28887939453125 462.91973876953125
56.941890716552734 462.84002685546875
56.59292984008789 462.76947021484375
56.24223709106445 462.70806884765625
55.890052795410156 462.6559143066406
55.53662109375 462.6130065917969
55.182186126708984 462.57940673828125
54.82699203491211 462.55511474609375
54.471282958984375 462.5401306152344
54.11530303955078 462.5345153808594
53.75929641723633 462.5382385253906
53.40351104736328 462.5513000488281
53.04819107055664 462.5736999511719
52.693580627441406 462.60540771484375
52.33992385864258 462.64642333984375
51.987464904785156 462.6966857910156
51.63644790649414 462.7561950683594
51.287113189697266 462.82489013671875
50.939701080322266 462.9027404785156
50.594451904296875 462.9896545410156
50.25160217285156 463.0856018066406
49.9113883972168 463.1905212402344
49.57404708862305 463.3043518066406
49.23980712890625 463.4269714355469
48.90890121459961 463.5583190917969
48.58155822753906 463.69830322265625
48.257999420166016 463.8468322753906
47.93844985961914 464.0038146972656
47.623130798339844 464.16912841796875
47.312259674072266 464.3426513671875
47.00605010986328 464.5242919921875
46.7047119140625 464.7138977050781
46.40845489501953 464.9113464355469
46.11748123168945 465.1164855957031
45.831993103027344 465.3291931152344
45.55218505859375 465.54931640625
45.27825164794922 465.7767333984375
45.010379791259766 466.0112609863281
44.74875259399414 466.2527160644531
44.493553161621094 466.5009765625
44.244956970214844 466.7558288574219
44.003135681152344 467.0171203613281
43.768253326416016 467.28466796875
43.54047393798828 467.55828857421875
43.31995391845703 467.8377990722656
43.10684585571289 468.12298583984375
42.90129470825195 468.4136657714844
42.70344543457031 468.70965576171875
42.513431549072266 469.0107421875
42.33138656616211 469.31671142578125
42.157432556152344 469.6273498535156
41.99169158935547 469.94244384765625
41.83427429199219 470.26177978515625
41.68529510498047 470.58514404296875
41.53813552856445 470.9287109375
41.38307189941406 471.3231201171875
41.20948791503906 471.8165588378906
41.04707717895508 472.3470764160156
40.90321731567383 472.8988342285156
40.78152084350586 473.4610900878906
40.67961883544922 474.0466003417969
40.59805679321289 474.6546936035156
40.53727340698242 475.28436279296875
40.4981689453125 475.9279479980469
40.48121643066406 476.57843017578125
40.486663818359375 477.2257080078125
40.5145263671875 477.8735046386719
40.564781188964844 478.5209655761719
40.63642883300781 479.1560974121094
40.72995376586914 479.7842102050781
40.84535217285156 480.40570068359375
40.983154296875 481.02349853515625
41.142513275146484 481.6339111328125
41.32339096069336 482.23687744140625
41.52564239501953 482.8320617675781
41.74943542480469 483.419921875
41.99554443359375 484.0024108886719
42.26523208618164 484.58221435546875
42.55317687988281 485.14776611328125
42.86162567138672 485.7034606933594
43.17048263549805 486.21356201171875
43.4891471862793 486.6945495605469
43.8265495300293 487.16033935546875
44.18254089355469 487.61077880859375
44.55712127685547 488.0458984375
44.949668884277344 488.4649658203125
45.3595085144043 488.86724853515625
45.785926818847656 489.2520751953125
46.22813034057617 489.6186828613281
46.68533706665039 489.9664306640625
47.15673065185547 490.2947082519531
47.6414794921875 490.6029357910156
48.13873291015625 490.8905944824219
48.647613525390625 491.1571350097656
49.16722106933594 491.402099609375
49.6966438293457 491.62506103515625
50.23495101928711 491.8256530761719
50.78119659423828 492.00347900390625
51.334415435791016 492.15826416015625
51.893638610839844 492.2897033691406
52.45786666870117 492.3975830078125
53.02604675292969 492.481689453125
53.59706115722656 492.5418701171875
54.167823791503906 492.577880859375
54.73446273803711 492.5897521972656
55.274024963378906 492.5785217285156
55.754886627197266 492.5495910644531
56.14067840576172 492.51348876953125
56.50675582885742 492.4687805175781
56.8466911315918 492.4181823730469
57.18236541748047 492.3595886230469
57.51418685913086 492.2931823730469
57.84336853027344 492.2188415527344
58.17029571533203 492.13653564453125
58.495079040527344 492.0462341308594
58.81753158569336 491.947998046875
59.137474060058594 491.8418884277344
59.45471954345703 491.7279968261719
59.769065856933594 491.6063537597656
60.0803337097168 491.47705078125
60.388336181640625 491.34014892578125
60.69288635253906 491.19573974609375
60.993804931640625 491.0439147949219
61.29090881347656 490.884765625
61.584022521972656 490.7183837890625
61.87296676635742 490.54486083984375
62.15757369995117 490.36431884765625
62.43766784667969 490.1768493652344
62.71308135986328 489.9825744628906
62.98365020751953 489.7816162109375
63.24921417236328 489.5740661621094
63.509613037109375 489.3600769042969
63.764686584472656 489.1397705078125
64.0142822265625 488.9132995605469
64.25825500488281 488.6807556152344
64.49645233154297 488.44232177734375
64.7287368774414 488.1981201171875
64.95496368408203 487.94830322265625
65.17500305175781 487.6929931640625
65.38871765136719 487.432373046875
65.59598541259766 487.1665954589844
65.79667663574219 486.89581298828125
65.99066925048828 486.6202087402344
66.17784881591797 486.3399353027344
66.35810089111328 486.0551452636719
66.53131866455078 485.7660217285156
66.69740295410156 485.4727478027344
66.85624694824219 485.17547607421875
67.00775909423828 484.8744201660156
67.15184783935547 484.5697326660156
67.2884292602539 484.2615966796875
67.41741180419922 483.9502258300781
67.53872680664062 483.6357727050781
67.65229797363281 483.3184509277344
67.758056640625 482.9984436035156
67.85594177246094 482.6759338378906
67.9458999633789 482.35113525390625
68.02787017822266 482.0242004394531
68.10179901123047 481.69537353515625
68.16764831542969 481.3648376464844
68.22537994384766 481.03277587890625
68.27495574951172 480.6993713378906
68.31634521484375 480.3648681640625
68.34952545166016 480.0294189453125
68.37447357177734 479.6932678222656
68.39117431640625 479.3565673828125
68.39962005615234 479.01953125
68.39979553222656 478.68212890625
68.39167022705078 478.34442138671875
68.37519836425781 478.00616455078125
68.3502197265625 477.6665344238281
68.31634521484375 477.323486328125
68.27256774902344 476.972412109375
68.21929168701172 476.6203918457031
68.15679168701172 476.2698974609375
68.08512115478516 475.9211730957031
68.00431823730469 475.5744323730469
67.91444396972656 475.2299499511719
67.81555938720703 474.887939453125
67.70773315429688 474.54864501953125
67.5910415649414 474.2122802734375
67.46556091308594 473.87908935546875
67.33138275146484 473.54931640625
67.18859100341797 473.2231750488281
67.03729248046875 472.9009094238281
66.8775863647461 472.58270263671875
66.70958709716797 472.268798828125
66.53340911865234 471.95941162109375
66.34917449951172 471.6547546386719
66.1570053100586 471.35504150390625
65.95703887939453 471.06048583984375
65.74940490722656 470.7712707519531
65.53425598144531 470.48760986328125
65.31173706054688 470.2096862792969
65.08200073242188 469.9377136230469
64.84520721435547 469.6718444824219
64.60151672363281 469.41229248046875
64.3510971069336 469.1592102050781
64.09412384033203 468.9128112792969
63.830772399902344 468.6732177734375
63.561222076416016 468.4406433105469
63.28565979003906 468.2152099609375
63.004276275634766 467.9971008300781
62.71726608276367 467.78643798828125
62.424827575683594 467.5833740234375
62.127159118652344 467.3880615234375
61.824466705322266 467.20062255859375
61.51696014404297 467.0212097167969
61.20485305786133 466.84991455078125
60.88835525512695 466.6868591308594
60.56768798828125 466.53216552734375
60.243072509765625 466.3859558105469
59.914730072021484 466.2483215332031
59.582889556884766 466.1193542480469
59.247779846191406 465.9991149902344
58.909629821777344 465.8877258300781
58.56867218017578 465.7852478027344
58.22514343261719 465.6917419433594
57.87928009033203 465.6072998046875
57.53131866455078 465.5319519042969
57.18149948120117 465.46575927734375
56.83006286621094 465.4087829589844
56.47725296020508 465.3610534667969
56.12331008911133 465.3226013183594
55.76848220825195 465.2934265136719
55.41300964355469 465.2735900878906
55.0571403503418 465.2630920410156
54.70111846923828 465.2619323730469
54.34518814086914 465.2701110839844
53.989593505859375 465.2876281738281
53.63458251953125 465.3144836425781
53.280399322509766 465.35064697265625
52.927284240722656 465.3960876464844
52.57548522949219 465.4507751464844
52.225242614746094 465.5146789550781
51.87679672241211 465.5877685546875
51.53038787841797 465.6699523925781
51.186256408691406 465.7611999511719
50.84463882446289 465.8614501953125
50.50577163696289 465.97064208984375
50.169883728027344 466.08868408203125
49.83721160888672 466.21551513671875
49.50798034667969 466.35101318359375
49.18241882324219 466.4951171875
48.86075210571289 466.647705078125
48.5432014465332 466.8086853027344
48.229984283447266 466.9779357910156
47.92131805419922 467.1553649902344
47.61741256713867 467.3408203125
47.3184814453125 467.5341796875
47.02472686767578 467.7353210449219
46.736351013183594 467.9441223144531
46.453556060791016 468.160400390625
46.17653274536133 468.384033203125
45.90547561645508 468.6148681640625
45.640567779541016 468.85272216796875
45.381996154785156 469.0974426269531
45.12993621826172 469.348876953125
44.884559631347656 469.6068420410156
44.64603805541992 469.87115478515625
44.41453552246094 470.1416320800781
44.19021224975586 470.4180908203125
43.97322082519531 470.7003479003906
43.76371383666992 470.9881896972656
43.561832427978516 471.28143310546875
43.36771774291992 471.57989501953125
43.18149948120117 471.8833312988281
43.00331115722656 472.1915588378906
42.83327102661133 472.5043640136719
42.67150115966797 472.8215026855469
42.51810836791992 473.1427917480469
42.373199462890625 473.4679870605469
42.230716705322266 473.8124694824219
42.081268310546875 474.20684814453125
41.91432571411133 474.7006530761719
41.75861740112305 475.2322998046875
41.62091827392578 475.7878723144531
41.506107330322266 476.35113525390625
41.4117546081543 476.9354248046875
41.33823013305664 477.5409851074219
41.285789489746094 478.16827392578125
41.255191802978516 478.81048583984375
41.24674987792969 479.4627380371094
41.2606086730957 480.1143798828125
41.296695709228516 480.7628173828125
41.35513687133789 481.4104919433594
41.43488311767578 482.04644775390625
41.53636169433594 482.6749267578125
41.6595458984375 483.2961730957031
41.80509948730469 483.91363525390625
41.97201156616211 484.5230712890625
42.1602668762207 485.1246032714844
42.3697624206543 485.7179870605469
42.6013069152832 486.3054504394531
42.85466384887695 486.88629150390625
43.130653381347656 487.46221923828125
43.42390441894531 488.0218811035156
43.72420120239258 488.5461120605469
44.0389289855957 489.0484313964844
44.36472702026367 489.5240173339844
44.708839416503906 489.9838562011719
45.071876525878906 490.42877197265625
45.45325469970703 490.8580627441406
45.85236740112305 491.27105712890625
46.26845932006836 491.6669616699219
46.700836181640625 492.04510498046875
47.148704528808594 492.40478515625
47.61127471923828 492.7453918457031
48.08772659301758 493.0663146972656
48.57721710205078 493.3669738769531
49.078887939453125 493.6468505859375
49.591854095458984 493.90545654296875
50.11521530151367 494.1423034667969
50.64804458618164 494.35699462890625
51.18941116333008 494.5491638183594
51.73835754394531 494.7184753417969
52.29391860961914 494.8646240234375
52.8551139831543 494.9873352050781
53.42094421386719 495.08642578125
53.99029541015625 495.16168212890625
54.56195068359375 495.21295166015625
55.13262939453125 495.24005126953125
55.69773483276367 495.2430725097656
56.23030090332031 495.2237854003906
56.66853332519531 495.1914978027344
57.031612396240234 495.15362548828125
57.39289093017578 495.1060485839844
57.73143768310547 495.0524597167969
58.06486892700195 494.99114990234375
58.395450592041016 494.9219055175781
58.72366714477539 494.8446960449219
59.04987335205078 494.75946044921875
59.37388229370117 494.666259765625
59.69546890258789 494.5651550292969
60.01445388793945 494.4562072753906
60.33067321777344 494.3394775390625
60.6439208984375 494.21502685546875
60.95402526855469 494.08294677734375
61.26079177856445 493.94329833984375
61.56404495239258 493.7961730957031
61.86359786987305 493.64166259765625
62.159271240234375 493.4798583984375
62.450889587402344 493.31085205078125
62.738277435302734 493.134765625
63.021263122558594 492.9516906738281
63.29967498779297 492.7617492675781
63.57334899902344 492.5650329589844
63.84211730957031 492.3616638183594
64.10581970214844 492.1517639160156
64.36429595947266 491.9354553222656
64.61739349365234 491.712890625
64.86495971679688 491.48419189453125
65.10684967041016 491.2494812011719
65.3429183959961 491.0089111328125
65.57301330566406 490.76263427734375
65.79700469970703 490.51080322265625
66.01476287841797 490.2535400390625
66.22615051269531 489.99102783203125
66.43103790283203 489.7234191894531
66.62930297851562 489.45086669921875
66.82083129882812 489.1735534667969
67.00550842285156 488.8916015625
67.18321990966797 488.605224609375
67.3538589477539 488.3145751953125
67.51731872558594 488.01983642578125
67.67350769042969 487.7211608886719
67.82233428955078 487.41876220703125
67.96369934082031 487.11279296875
68.09752655029297 486.803466796875
68.2237319946289 486.4909362792969
68.34223937988281 486.1754150390625
68.4529800415039 485.8570861816406
68.5558853149414 485.5361328125
68.65089416503906 485.2127685546875
68.73795318603516 484.8871765136719
68.81700134277344 484.5595397949219
68.88800048828125 484.2300720214844
68.9509048461914 483.8989562988281
69.00566864013672 483.5663757324219
69.0522689819336 483.2325439453125
69.0906753540039 482.8976745605469
69.12086486816406 482.56195068359375
69.14281463623047 482.22552490234375
69.15650939941406 481.8886413574219
69.16194152832031 481.55120849609375
69.15908813476562 481.2137145996094
69.1479263305664 480.8758850097656
69.12821960449219 480.5351867675781
69.10000610351562 480.1947326660156
69.06153106689453 479.8407897949219
69.01377868652344 479.48797607421875
68.956787109375 479.13653564453125
68.89059448242188 478.7867126464844
68.81523895263672 478.4387512207031
68.73078155517578 478.0928955078125
68.63727569580078 477.7493591308594
68.53478240966797 477.4084167480469
68.42337799072266 477.0702819824219
68.30313873291016 476.73516845703125
68.17414855957031 476.4033203125
68.03649139404297 476.0749816894531
67.89026641845703 475.7503662109375
67.7355728149414 475.4297180175781
67.57251739501953 475.11322021484375
67.40121459960938 474.8011169433594
67.2217788696289 474.4936218261719
67.03433227539062 474.1909484863281
66.83900451660156 473.8932800292969
66.63593292236328 473.6008605957031
66.42525482177734 473.3138732910156
66.20712280273438 473.0325012207031
65.98168182373047 472.7569580078125
65.74908447265625 472.4874267578125
65.50949096679688 472.2240905761719
65.26306915283203 471.9671325683594
65.00999450683594 471.71673583984375
64.75043487548828 471.4730529785156
64.48456573486328 471.23626708984375
64.21257781982422 471.00653076171875
63.93465042114258 470.7840270996094
63.650978088378906 470.5688781738281
63.361759185791016 470.36126708984375
63.06719207763672 470.16131591796875
62.767478942871094 469.9691467285156
62.462825775146484 469.784912109375
62.1534423828125 469.6087341308594
61.839542388916016 469.44073486328125
61.521339416503906 469.2810363769531
61.199058532714844 469.1297607421875
60.87291717529297 468.9869689941406
60.54314041137695 468.8528137207031
60.209957122802734 468.72735595703125
59.87359619140625 468.6106872558594
59.53428649902344 468.50286865234375
59.192264556884766 468.40399169921875
58.8477668762207 468.3141174316406
58.50102996826172 468.23333740234375
58.15229034423828 468.16168212890625
57.80179214477539 468.0992126464844
57.44977569580078 468.04595947265625
57.09648132324219 468.001953125
56.74215316772461 467.96722412109375
56.38703536987305 467.9418029785156
56.0313720703125 467.92572021484375
55.675411224365234 467.9189758300781
55.31939697265625 467.92156982421875
54.96357345581055 467.9335021972656
54.608184814453125 467.95477294921875
54.25347900390625 467.9853820800781
53.899696350097656 468.0252685546875
53.547080993652344 468.0744323730469
53.19588088989258 468.1328430175781
52.84633255004883 468.200439453125
52.498680114746094 468.2771911621094
52.153160095214844 468.363037109375
51.81001281738281 468.4579162597656
51.46947479248047 468.561767578125
51.131778717041016 468.6745300292969
50.797157287597656 468.7961120605469
50.465843200683594 468.9264221191406
50.1380615234375 469.0653991699219
49.81404113769531 469.2129211425781
49.49400329589844 469.368896484375
49.17816925048828 469.5332336425781
48.866756439208984 469.7057800292969
48.55998229980469 469.8864440917969
48.258052825927734 470.0751037597656
47.961181640625 470.2716369628906
47.6695671081543 470.47589111328125
47.38341522216797 470.6877136230469
47.10292053222656 470.906982421875
46.828277587890625 471.133544921875
46.55967330932617 471.3672180175781
46.29729461669922 471.6078796386719
46.04132080078125 471.8553161621094
45.79193115234375 472.1094055175781
45.549293518066406 472.36993408203125
45.31357955932617 472.6367492675781
45.0849494934082 472.90966796875
44.86355972290039 473.1884765625
44.64956283569336 473.4730224609375
44.44310760498047 473.7630615234375
44.24433517456055 474.0584411621094
44.053382873535156 474.3589172363281
43.87038040161133 474.664306640625
43.695457458496094 474.9743957519531
43.52873229980469 475.2889709472656
43.37031936645508 475.6078186035156
43.22032928466797 475.9306945800781
43.07886505126953 476.2574157714844
42.9401969909668 476.60296630859375
42.79527282714844 476.99786376953125
42.63383865356445 477.4922180175781
42.48379135131836 478.0248718261719
42.35188674926758 478.5816345214844
42.24180603027344 479.1510009765625
42.15355682373047 479.7343444824219
42.08652877807617 480.3377380371094
42.04086685180664 480.9627685546875
42.01660919189453 481.6122131347656
42.014644622802734 482.2643737792969
42.03497314453125 482.9134521484375
42.077667236328125 483.5622863769531
42.14238357543945 484.2059326171875
42.22889709472656 484.8426208496094
42.337032318115234 485.4715881347656
42.46672439575195 486.09283447265625
42.61875534057617 486.7102355957031
42.79196548461914 487.3191223144531
42.98634338378906 487.91961669921875
43.201812744140625 488.5115966796875
43.43940353393555 489.09783935546875
43.69889831542969 489.6777038574219
43.9802360534668 490.2508544921875
44.2777099609375 490.8056335449219
44.58097839355469 491.3231201171875
44.899017333984375 491.8193054199219
45.22954177856445 492.2911071777344
45.5785026550293 492.7473449707031
45.946224212646484 493.1884460449219
46.33213806152344 493.61376953125
46.735572814941406 494.0225524902344
47.15582275390625 494.4140930175781
47.592159271240234 494.7876892089844
48.04378890991211 495.1426696777344
48.50991439819336 495.4783935546875
48.989707946777344 495.7942810058594
49.482330322265625 496.08978271484375
49.98691177368164 496.3643798828125
50.5025634765625 496.6175842285156
51.02838134765625 496.84893798828125
51.56343460083008 497.05804443359375
52.10678482055664 497.2445373535156
52.65747833251953 497.4080810546875
53.214542388916016 497.54840087890625
53.77699661254883 497.66522216796875
54.34382629394531 497.75836181640625
54.91389465332031 497.82763671875
55.485958099365234 497.8728942871094
56.05436706542969 497.8938903808594
56.61198806762695 497.8910217285156
57.11321258544922 497.8681335449219
57.540138244628906 497.83331298828125
57.899105072021484 497.79327392578125
58.24795150756836 497.7450256347656
58.583553314208984 497.6899108886719
58.916385650634766 497.62677001953125
59.24648666381836 497.5556945800781
59.5743293762207 497.47662353515625
59.900054931640625 497.3895568847656
60.22353744506836 497.2945251464844
60.5445442199707 497.1916198730469
60.8629150390625 497.08087158203125
61.178462982177734 496.9623718261719
61.49100875854492 496.836181640625
61.80036926269531 496.7023620605469
62.106346130371094 496.5610046386719
62.40876388549805 496.4122009277344
62.70744323730469 496.2560119628906
63.00220489501953 496.0925598144531
63.292869567871094 495.92193603515625
63.57926559448242 495.7442321777344
63.8612174987793 495.5595703125
64.13855743408203 495.3680419921875
64.41112518310547 495.1697692871094
64.67874908447266 494.9648742675781
64.94126892089844 494.7535095214844
65.19852447509766 494.5357666015625
65.45037078857422 494.311767578125
65.69664764404297 494.0816650390625
65.93721008300781 493.8456115722656
66.17192077636719 493.6037292480469
66.40062713623047 493.3561706542969
66.62319946289062 493.10308837890625
66.8395004272461 492.8446044921875
67.04940032958984 492.5809020996094
67.25277709960938 492.3121337890625
67.44950866699219 492.0384826660156
67.63947296142578 491.76007080078125
67.82255554199219 491.47711181640625
67.99864959716797 491.1897277832031
68.16764831542969 490.89813232421875
68.32945251464844 490.60247802734375
68.48395538330078 490.3029479980469
68.63107299804688 489.9997253417969
68.77071380615234 489.6929626464844
68.90279388427734 489.38287353515625
69.02723693847656 489.06964111328125
69.14396667480469 488.7534484863281
69.25291442871094 488.43450927734375
69.35401153564453 488.11297607421875
69.44719696044922 487.7890625
69.53241729736328 487.4629821777344
69.609619140625 487.1348876953125
69.67875671386719 486.8050231933594
69.73979187011719 486.4735412597656
69.79268646240234 486.1406555175781
69.83740997314453 485.80657958984375
69.87393188476562 485.47149658203125
69.90223693847656 485.1355285644531
69.92229461669922 484.7989501953125
69.93409729003906 484.46185302734375
69.9376220703125 484.124267578125
69.9328384399414 483.78607177734375
69.91972351074219 483.447998046875
69.89795684814453 483.1061706542969
69.86697387695312 482.7586364746094
69.82617950439453 482.40496826171875
69.776123046875 482.052490234375
69.71682739257812 481.7014465332031
69.6483383178711 481.3520812988281
69.57070922851562 481.0046081542969
69.4839859008789 480.6593017578125
69.38822937011719 480.31640625
69.28350830078125 479.97613525390625
69.16989135742188 479.63873291015625
69.0474624633789 479.3044128417969
68.91629791259766 478.9734191894531
68.77649688720703 478.64599609375
68.6281509399414 478.3223571777344
68.47135925292969 478.0027160644531
68.30623626708984 477.6872863769531
68.13288879394531 477.3763122558594
67.9514389038086 477.07000732421875
67.76201629638672 476.7685546875
67.56474304199219 476.47216796875
67.3597640991211 476.1810607910156
67.147216796875 475.89544677734375
66.92724609375 475.6155090332031
66.70000457763672 475.3414306640625
66.46564483642578 475.07342529296875
66.22433471679688 474.8116455078125
65.97623443603516 474.5563049316406
65.72151947021484 474.30755615234375
65.46036529541016 474.0655822753906
65.19295501708984 473.8305358886719
64.91946411132812 473.60260009765625
64.64008331298828 473.3819274902344
64.35501098632812 473.16864013671875
64.06443786621094 472.9629211425781
63.7685661315918 472.764892578125
63.46759796142578 472.57470703125
63.1617431640625 472.3924865722656
62.85121154785156 472.2183532714844
62.536216735839844 472.05242919921875
62.216976165771484 471.89483642578125
61.89371109008789 471.74566650390625
61.56664276123047 471.60504150390625
61.23599624633789 471.4730224609375
60.90199661254883 471.3497314453125
60.564876556396484 471.2352600097656
60.22486877441406 471.1296691894531
59.882205963134766 471.0330505371094
59.53712844848633 470.9454345703125
59.18986892700195 470.8669128417969
58.840667724609375 470.79754638671875
58.489768981933594 470.73736572265625
58.13740921020508 470.6864013671875
57.78383255004883 470.64471435546875
57.429283142089844 470.6123046875
57.07400894165039 470.5892333984375
56.7182502746582 470.5754699707031
56.36225128173828 470.571044921875
56.00625991821289 470.57598876953125
55.65052032470703 470.59027099609375
55.29528045654297 470.6138916015625
54.94078063964844 470.6468200683594
54.5872688293457 470.68902587890625
54.2349853515625 470.7405090332031
53.88417434692383 470.80120849609375
53.53507614135742 470.87109375
53.187931060791016 470.95013427734375
52.842979431152344 471.0382385253906
52.50046157836914 471.1353759765625
52.16061019897461 471.241455078125
51.82366180419922 471.3564147949219
51.489845275878906 471.4801940917969
