60.071067810058594 450.06494140625
60.13462829589844 450.1134948730469
60.20213317871094 450.1564025878906
60.2730827331543 450.1933288574219
60.34695053100586 450.2239990234375
60.42318344116211 450.2481994628906
60.501216888427734 450.2657470703125
60.58047103881836 450.2765197753906
60.66035842895508 450.2804260253906
60.74028396606445 450.2774353027344
60.81965637207031 450.2675476074219
60.89788055419922 450.2508850097656
60.97438049316406 450.2275390625
61.048583984375 450.19769287109375
61.11994171142578 450.16156005859375
61.187923431396484 450.1194152832031
61.25202560424805 450.0715637207031
61.311767578125 450.01837158203125
61.36670684814453 449.9602355957031
61.416439056396484 449.8975830078125
61.46059036254883 449.8309020996094
61.49883270263672 449.7606506347656
61.5308837890625 449.6873779296875
61.55650329589844 449.6116027832031
61.575504302978516 449.5339050292969
61.58774185180664 449.4548645019531
61.5913200378418 449.4012756347656
61.590248107910156 449.3502197265625
61.584800720214844 449.30035400390625
61.57501983642578 449.2512512207031
61.56118392944336 449.20391845703125
61.55780029296875 449.1953125
61.55404281616211 449.1878356933594
61.549407958984375 449.1803894042969
61.54386901855469 449.173095703125
61.53720474243164 449.1658020019531
61.52857971191406 449.157958984375
61.503971099853516 449.13934326171875
61.44184112548828 449.1004333496094
61.337398529052734 449.0468444824219
61.0911865234375 448.9437561035156
60.62601852416992 448.78125
59.94416046142578 448.5724792480469
59.14349365234375 448.3468322753906
58.274967193603516 448.11444091796875
57.44058609008789 447.9017333984375
56.53894805908203 447.68182373046875
55.637962341308594 447.46893310546875
54.72431182861328 447.2595520019531
53.82244873046875 447.0593566894531
52.90813446044922 446.8630676269531
51.99467849731445 446.67315673828125
51.07011032104492 446.48681640625
50.14075469970703 446.3047180175781
49.20245361328125 446.12554931640625
48.25654220581055 445.94891357421875
47.310569763183594 445.77593994140625
46.38353729248047 445.6109924316406
45.442039489746094 445.4483642578125
44.50118637084961 445.2901611328125
43.55632019042969 445.1355285644531
42.6332893371582 444.989501953125
41.6996955871582 444.8475036621094
40.761661529541016 444.7099304199219
39.81932830810547 444.57647705078125
38.89524841308594 444.4509582519531
37.960655212402344 444.32989501953125
36.99469757080078 444.2088317871094
36.04713439941406 444.0934753417969
35.09575653076172 443.9818115234375
34.137454986572266 443.873046875
33.19925308227539 443.7708435058594
32.2567138671875 443.67327880859375
31.30571746826172 443.57940673828125
30.350961685180664 443.4892272949219
29.42023277282715 443.40625
28.484678268432617 443.3287353515625
27.539430618286133 443.2557373046875
26.589866638183594 443.1871032714844
25.632410049438477 443.1220703125
24.666824340820312 443.0599670410156
23.726728439331055 443.00372314453125
22.777294158935547 442.95196533203125
21.823583602905273 442.9044189453125
20.862258911132812 442.86041259765625
19.93109703063965 442.8226623535156
18.989017486572266 442.7903137207031
18.041301727294922 442.7629089355469
17.084613800048828 442.7397155761719
17.084613800048828 442.7397155761719
17.084613800048828 442.7397155761719
17.084613800048828 442.7397155761719
17.084613800048828 442.7397155761719
17.084613800048828 442.7397155761719
17.084613800048828 442.7397155761719
17.084613800048828 442.7397155761719
17.084613800048828 442.7397155761719
17.084613800048828 442.7397155761719
17.084613800048828 442.7397155761719
17.084613800048828 442.7397155761719
17.084613800048828 442.7397155761719
17.084613800048828 442.7397155761719
17.084613800048828 442.7397155761719
17.084613800048828 442.7397155761719
17.084613800048828 442.7397155761719
17.084613800048828 442.7397155761719
17.084613800048828 442.7397155761719
17.084613800048828 442.7397155761719
17.084613800048828 442.7397155761719
17.084613800048828 442.7397155761719
17.084613800048828 442.7397155761719
17.084613800048828 442.7397155761719
17.084613800048828 442.7397155761719
17.084613800048828 442.7397155761719
17.084613800048828 442.7397155761719
17.084613800048828 442.7397155761719
17.084613800048828 442.7397155761719
17.084613800048828 442.7397155761719
17.084613800048828 442.7397155761719
17.084613800048828 442.7397155761719
17.084613800048828 442.7397155761719
17.084613800048828 442.7397155761719
17.084613800048828 442.7397155761719
17.084613800048828 442.7397155761719
17.084613800048828 442.7397155761719
17.084613800048828 442.7397155761719
17.084613800048828 442.7397155761719
17.084613800048828 442.7397155761719
17.084613800048828 442.7397155761719
17.084613800048828 442.7397155761719
17.084613800048828 442.7397155761719
17.084613800048828 442.7397155761719
17.084613800048828 442.7397155761719
17.084613800048828 442.7397155761719
17.084613800048828 442.7397155761719
17.084613800048828 442.7397155761719
17.084613800048828 442.7397155761719
17.084613800048828 442.7397155761719
17.084613800048828 442.7397155761719
17.084613800048828 442.7397155761719
17.084613800048828 442.7397155761719
17.084613800048828 442.7397155761719
17.084613800048828 442.7397155761719
17.084613800048828 442.7397155761719
17.084613800048828 442.7397155761719
17.084613800048828 442.7397155761719
17.084613800048828 442.7397155761719
17.084613800048828 442.7397155761719
17.084613800048828 442.7397155761719
17.084613800048828 442.7397155761719
17.084613800048828 442.7397155761719
17.084613800048828 442.7397155761719
17.084613800048828 442.7397155761719
17.084613800048828 442.7397155761719
17.084613800048828 442.7397155761719
17.084613800048828 442.7397155761719
17.084613800048828 442.7397155761719
17.084613800048828 442.7397155761719
17.084613800048828 442.7397155761719
17.084613800048828 442.7397155761719
17.084613800048828 442.7397155761719
17.084613800048828 442.7397155761719
17.084613800048828 442.7397155761719
17.084613800048828 442.7397155761719
17.084613800048828 442.7397155761719
17.084613800048828 442.7397155761719
17.084613800048828 442.7397155761719
17.084613800048828 442.7397155761719
17.084613800048828 442.7397155761719
17.084613800048828 442.7397155761719
17.084613800048828 442.7397155761719
17.084613800048828 442.7397155761719
17.084613800048828 442.7397155761719
17.084613800048828 442.7397155761719
17.084613800048828 442.7397155761719
17.084613800048828 442.7397155761719
17.084613800048828 442.7397155761719
17.084613800048828 442.7397155761719
17.084613800048828 442.7397155761719
17.084613800048828 442.7397155761719
17.084613800048828 442.7397155761719
17.084613800048828 442.7397155761719
17.084613800048828 442.7397155761719
17.084613800048828 442.7397155761719
17.084613800048828 442.7397155761719
17.084613800048828 442.7397155761719
17.084613800048828 442.7397155761719
17.084613800048828 442.7397155761719
17.084613800048828 442.7397155761719
17.084613800048828 442.7397155761719
17.084613800048828 442.7397155761719
17.084613800048828 442.7397155761719
17.084613800048828 442.7397155761719
17.084613800048828 442.7397155761719
17.084613800048828 442.7397155761719
17.084613800048828 442.7397155761719
17.084613800048828 442.7397155761719
17.084613800048828 442.7397155761719
17.084613800048828 442.7397155761719
17.084613800048828 442.7397155761719
17.084613800048828 442.7397155761719
17.084613800048828 442.7397155761719
17.084613800048828 442.7397155761719
17.084613800048828 442.7397155761719
17.084613800048828 442.7397155761719
17.084613800048828 442.7397155761719
17.084613800048828 442.7397155761719
17.084613800048828 442.7397155761719
17.084613800048828 442.7397155761719
17.084613800048828 442.7397155761719
17.084613800048828 442.7397155761719
17.084613800048828 442.7397155761719
17.084613800048828 442.7397155761719
17.084613800048828 442.7397155761719
17.084613800048828 442.7397155761719
17.084613800048828 442.7397155761719
17.084613800048828 442.7397155761719
17.084613800048828 442.7397155761719
17.084613800048828 442.7397155761719
17.084613800048828 442.7397155761719
17.084613800048828 442.7397155761719
17.084613800048828 442.7397155761719
17.084613800048828 442.7397155761719
17.084613800048828 442.7397155761719
17.084613800048828 442.7397155761719
17.084613800048828 442.7397155761719
17.084613800048828 442.7397155761719
17.084613800048828 442.7397155761719
17.084613800048828 442.7397155761719
17.084613800048828 442.7397155761719
17.084613800048828 442.7397155761719
17.084613800048828 442.7397155761719
17.084613800048828 442.7397155761719
17.084613800048828 442.7397155761719
17.084613800048828 442.7397155761719
17.084613800048828 442.7397155761719
17.084613800048828 442.7397155761719
17.084613800048828 442.7397155761719
17.084613800048828 442.7397155761719
17.084613800048828 442.7397155761719
17.084613800048828 442.7397155761719
17.084613800048828 442.7397155761719
17.084613800048828 442.7397155761719
17.084613800048828 442.7397155761719
17.084613800048828 442.7397155761719
17.084613800048828 442.7397155761719
17.084613800048828 442.7397155761719
17.084613800048828 442.7397155761719
17.084613800048828 442.7397155761719
17.084613800048828 442.7397155761719
17.084613800048828 442.7397155761719
17.084613800048828 442.7397155761719
17.084613800048828 442.7397155761719
17.084613800048828 442.7397155761719
17.084613800048828 442.7397155761719
17.084613800048828 442.7397155761719
17.084613800048828 442.7397155761719
17.084613800048828 442.7397155761719
17.084613800048828 442.7397155761719
17.084613800048828 442.7397155761719
17.084613800048828 442.7397155761719
17.084613800048828 442.7397155761719
17.084613800048828 442.7397155761719
17.084613800048828 442.7397155761719
17.084613800048828 442.7397155761719
17.084613800048828 442.7397155761719
17.084613800048828 442.7397155761719
17.084613800048828 442.7397155761719
17.084613800048828 442.7397155761719
17.084613800048828 442.7397155761719
17.084613800048828 442.7397155761719
17.084613800048828 442.7397155761719
17.084613800048828 442.7397155761719
17.084613800048828 442.7397155761719
17.084613800048828 442.7397155761719
17.084613800048828 442.7397155761719
17.084613800048828 442.7397155761719
17.084613800048828 442.7397155761719
17.084613800048828 442.7397155761719
17.084613800048828 442.7397155761719
17.084613800048828 442.7397155761719
17.084613800048828 442.7397155761719
17.084613800048828 442.7397155761719
17.084613800048828 442.7397155761719
17.084613800048828 442.7397155761719
17.084613800048828 442.7397155761719
17.084613800048828 442.7397155761719
17.084613800048828 442.7397155761719
17.084613800048828 442.7397155761719
17.084613800048828 442.7397155761719
17.084613800048828 442.7397155761719
17.084613800048828 442.7397155761719
17.084613800048828 442.7397155761719
17.084613800048828 442.7397155761719
17.084613800048828 442.7397155761719
17.084613800048828 442.7397155761719
17.084613800048828 442.7397155761719
17.084613800048828 442.7397155761719
17.084613800048828 442.7397155761719
17.084613800048828 442.7397155761719
17.084613800048828 442.7397155761719
17.084613800048828 442.7397155761719
17.084613800048828 442.7397155761719
17.084613800048828 442.7397155761719
17.084613800048828 442.7397155761719
17.084613800048828 442.7397155761719
17.084613800048828 442.7397155761719
17.084613800048828 442.7397155761719
17.084613800048828 442.7397155761719
17.084613800048828 442.7397155761719
17.084613800048828 442.7397155761719
17.084613800048828 442.7397155761719
17.084613800048828 442.7397155761719
17.084613800048828 442.7397155761719
17.084613800048828 442.7397155761719
17.084613800048828 442.7397155761719
17.084613800048828 442.7397155761719
17.084613800048828 442.7397155761719
17.084613800048828 442.7397155761719
17.084613800048828 442.7397155761719
17.084613800048828 442.7397155761719
17.084613800048828 442.7397155761719
17.084613800048828 442.7397155761719
17.084613800048828 442.7397155761719
17.084613800048828 442.7397155761719
17.084613800048828 442.7397155761719
17.084613800048828 442.7397155761719
17.084613800048828 442.7397155761719
17.084613800048828 442.7397155761719
17.084613800048828 442.7397155761719
17.084613800048828 442.7397155761719
17.084613800048828 442.7397155761719
17.084613800048828 442.7397155761719
17.084613800048828 442.7397155761719
17.084613800048828 442.7397155761719
17.084613800048828 442.7397155761719
17.084613800048828 442.7397155761719
17.084613800048828 442.7397155761719
17.084613800048828 442.7397155761719
17.084613800048828 442.7397155761719
17.084613800048828 442.7397155761719
17.084613800048828 442.7397155761719
17.084613800048828 442.7397155761719
17.084613800048828 442.7397155761719
17.084613800048828 442.7397155761719
17.084613800048828 442.7397155761719
17.084613800048828 442.7397155761719
17.084613800048828 442.7397155761719
17.084613800048828 442.7397155761719
17.084613800048828 442.7397155761719
17.084613800048828 442.7397155761719
17.084613800048828 442.7397155761719
17.084613800048828 442.7397155761719
17.084613800048828 442.7397155761719
17.084613800048828 442.7397155761719
17.084613800048828 442.7397155761719
17.084613800048828 442.7397155761719
17.084613800048828 442.7397155761719
17.084613800048828 442.7397155761719
17.084613800048828 442.7397155761719
17.084613800048828 442.7397155761719
17.084613800048828 442.7397155761719
17.084613800048828 442.7397155761719
17.084613800048828 442.7397155761719
17.084613800048828 442.7397155761719
17.084613800048828 442.7397155761719
17.084613800048828 442.7397155761719
17.084613800048828 442.7397155761719
17.084613800048828 442.7397155761719
17.084613800048828 442.7397155761719
17.084613800048828 442.7397155761719
17.084613800048828 442.7397155761719
17.084613800048828 442.7397155761719
17.084613800048828 442.7397155761719
17.084613800048828 442.7397155761719
17.084613800048828 442.7397155761719
17.084613800048828 442.7397155761719
17.084613800048828 442.7397155761719
17.084613800048828 442.7397155761719
17.084613800048828 442.7397155761719
17.084613800048828 442.7397155761719
17.084613800048828 442.7397155761719
17.084613800048828 442.7397155761719
17.084613800048828 442.7397155761719
17.084613800048828 442.7397155761719
17.084613800048828 442.7397155761719
17.084613800048828 442.7397155761719
17.084613800048828 442.7397155761719
17.084613800048828 442.7397155761719
17.084613800048828 442.7397155761719
17.084613800048828 442.7397155761719
17.084613800048828 442.7397155761719
17.084613800048828 442.7397155761719
17.084613800048828 442.7397155761719
17.084613800048828 442.7397155761719
17.084613800048828 442.7397155761719
17.084613800048828 442.7397155761719
17.084613800048828 442.7397155761719
17.084613800048828 442.7397155761719
17.084613800048828 442.7397155761719
17.084613800048828 442.7397155761719
17.084613800048828 442.7397155761719
17.084613800048828 442.7397155761719
17.084613800048828 442.7397155761719
17.084613800048828 442.7397155761719
17.084613800048828 442.7397155761719
17.084613800048828 442.7397155761719
17.084613800048828 442.7397155761719
17.084613800048828 442.7397155761719
17.084613800048828 442.7397155761719
17.084613800048828 442.7397155761719
17.084613800048828 442.7397155761719
17.084613800048828 442.7397155761719
17.084613800048828 442.7397155761719
17.084613800048828 442.7397155761719
17.084613800048828 442.7397155761719
17.084613800048828 442.7397155761719
17.084613800048828 442.7397155761719
17.084613800048828 442.7397155761719
17.084613800048828 442.7397155761719
17.084613800048828 442.7397155761719
17.084613800048828 442.7397155761719
17.084613800048828 442.7397155761719
17.084613800048828 442.7397155761719
17.084613800048828 442.7397155761719
17.084613800048828 442.7397155761719
17.084613800048828 442.7397155761719
17.084613800048828 442.7397155761719
17.084613800048828 442.7397155761719
17.084613800048828 442.7397155761719
17.084613800048828 442.7397155761719
17.084613800048828 442.7397155761719
17.084613800048828 442.7397155761719
17.084613800048828 442.7397155761719
17.084613800048828 442.7397155761719
17.084613800048828 442.7397155761719
17.084613800048828 442.7397155761719
17.084613800048828 442.7397155761719
17.084613800048828 442.7397155761719
17.084613800048828 442.7397155761719
17.084613800048828 442.7397155761719
17.084613800048828 442.7397155761719
17.084613800048828 442.7397155761719
17.084613800048828 442.7397155761719
17.084613800048828 442.7397155761719
17.084613800048828 442.7397155761719
17.084613800048828 442.7397155761719
17.084613800048828 442.7397155761719
17.084613800048828 442.7397155761719
17.084613800048828 442.7397155761719
17.084613800048828 442.7397155761719
17.084613800048828 442.7397155761719
17.084613800048828 442.7397155761719
17.084613800048828 442.7397155761719
17.084613800048828 442.7397155761719
17.084613800048828 442.7397155761719
17.084613800048828 442.7397155761719
17.084613800048828 442.7397155761719
17.084613800048828 442.7397155761719
17.084613800048828 442.7397155761719
17.084613800048828 442.7397155761719
17.084613800048828 442.7397155761719
17.084613800048828 442.7397155761719
17.084613800048828 442.7397155761719
17.084613800048828 442.7397155761719
17.084613800048828 442.7397155761719
17.084613800048828 442.7397155761719
17.084613800048828 442.7397155761719
17.084613800048828 442.7397155761719
17.084613800048828 442.7397155761719
17.084613800048828 442.7397155761719
17.084613800048828 442.7397155761719
17.084613800048828 442.7397155761719
17.084613800048828 442.7397155761719
17.084613800048828 442.7397155761719
17.084613800048828 442.7397155761719
17.084613800048828 442.7397155761719
17.084613800048828 442.7397155761719
17.084613800048828 442.7397155761719
17.084613800048828 442.7397155761719
17.084613800048828 442.7397155761719
17.084613800048828 442.7397155761719
17.084613800048828 442.7397155761719
17.084613800048828 442.7397155761719
17.084613800048828 442.7397155761719
17.084613800048828 442.7397155761719
17.084613800048828 442.7397155761719
17.084613800048828 442.7397155761719
17.084613800048828 442.7397155761719
17.084613800048828 442.7397155761719
17.084613800048828 442.7397155761719
17.084613800048828 442.7397155761719
17.084613800048828 442.7397155761719
17.084613800048828 442.7397155761719
17.084613800048828 442.7397155761719
17.084613800048828 442.7397155761719
17.084613800048828 442.7397155761719
17.084613800048828 442.7397155761719
17.084613800048828 442.7397155761719
17.084613800048828 442.7397155761719
17.084613800048828 442.7397155761719
17.084613800048828 442.7397155761719
17.084613800048828 442.7397155761719
17.084613800048828 442.7397155761719
17.084613800048828 442.7397155761719
17.084613800048828 442.7397155761719
17.084613800048828 442.7397155761719
17.084613800048828 442.7397155761719
17.084613800048828 442.7397155761719
17.084613800048828 442.7397155761719
17.084613800048828 442.7397155761719
17.084613800048828 442.7397155761719
17.084613800048828 442.7397155761719
17.084613800048828 442.7397155761719
17.084613800048828 442.7397155761719
17.084613800048828 442.7397155761719
17.084613800048828 442.7397155761719
17.084613800048828 442.7397155761719
17.084613800048828 442.7397155761719
17.084613800048828 442.7397155761719
17.084613800048828 442.7397155761719
17.084613800048828 442.7397155761719
17.084613800048828 442.7397155761719
17.084613800048828 442.7397155761719
17.084613800048828 442.7397155761719
17.084613800048828 442.7397155761719
17.084613800048828 442.7397155761719
17.084613800048828 442.7397155761719
17.084613800048828 442.7397155761719
17.084613800048828 442.7397155761719
17.084613800048828 442.7397155761719
17.084613800048828 442.7397155761719
17.084613800048828 442.7397155761719
17.084613800048828 442.7397155761719
17.084613800048828 442.7397155761719
17.084613800048828 442.7397155761719
17.084613800048828 442.7397155761719
17.084613800048828 442.7397155761719
17.084613800048828 442.7397155761719
17.084613800048828 442.7397155761719
17.084613800048828 442.7397155761719
17.084613800048828 442.7397155761719
17.084613800048828 442.7397155761719
17.084613800048828 442.7397155761719
17.084613800048828 442.7397155761719
17.084613800048828 442.7397155761719
17.084613800048828 442.7397155761719
17.084613800048828 442.7397155761719
17.084613800048828 442.7397155761719
17.084613800048828 442.7397155761719
17.084613800048828 442.7397155761719
17.084613800048828 442.7397155761719
17.084613800048828 442.7397155761719
17.084613800048828 442.7397155761719
17.084613800048828 442.7397155761719
17.084613800048828 442.7397155761719
17.084613800048828 442.7397155761719
17.084613800048828 442.7397155761719
17.084613800048828 442.7397155761719
17.084613800048828 442.7397155761719
17.084613800048828 442.7397155761719
17.084613800048828 442.7397155761719
17.084613800048828 442.7397155761719
17.084613800048828 442.7397155761719
17.084613800048828 442.7397155761719
17.084613800048828 442.7397155761719
17.084613800048828 442.7397155761719
17.084613800048828 442.7397155761719
17.084613800048828 442.7397155761719
17.084613800048828 442.7397155761719
17.084613800048828 442.7397155761719
17.084613800048828 442.7397155761719
17.084613800048828 442.7397155761719
17.084613800048828 442.7397155761719
17.084613800048828 442.7397155761719
17.084613800048828 442.7397155761719
17.084613800048828 442.7397155761719
17.084613800048828 442.7397155761719
17.084613800048828 442.7397155761719
17.084613800048828 442.7397155761719
17.084613800048828 442.7397155761719
17.084613800048828 442.7397155761719
17.084613800048828 442.7397155761719
17.084613800048828 442.7397155761719
17.084613800048828 442.7397155761719
17.084613800048828 442.7397155761719
17.084613800048828 442.7397155761719
17.084613800048828 442.7397155761719
17.084613800048828 442.7397155761719
17.084613800048828 442.7397155761719
17.084613800048828 442.7397155761719
17.084613800048828 442.7397155761719
17.084613800048828 442.7397155761719
17.084613800048828 442.7397155761719
17.084613800048828 442.7397155761719
17.084613800048828 442.7397155761719
17.084613800048828 442.7397155761719
17.084613800048828 442.7397155761719
17.084613800048828 442.7397155761719
17.084613800048828 442.7397155761719
17.084613800048828 442.7397155761719
17.084613800048828 442.7397155761719
17.084613800048828 442.7397155761719
17.084613800048828 442.7397155761719
17.084613800048828 442.7397155761719
17.084613800048828 442.7397155761719
17.084613800048828 442.7397155761719
17.084613800048828 442.7397155761719
17.084613800048828 442.7397155761719
17.084613800048828 442.7397155761719
17.084613800048828 442.7397155761719
17.084613800048828 442.7397155761719
17.084613800048828 442.7397155761719
17.084613800048828 442.7397155761719
17.084613800048828 442.7397155761719
17.084613800048828 442.7397155761719
17.084613800048828 442.7397155761719
17.084613800048828 442.7397155761719
17.084613800048828 442.7397155761719
17.084613800048828 442.7397155761719
17.084613800048828 442.7397155761719
17.084613800048828 442.7397155761719
17.084613800048828 442.7397155761719
17.084613800048828 442.7397155761719
17.084613800048828 442.7397155761719
17.084613800048828 442.7397155761719
17.084613800048828 442.7397155761719
17.084613800048828 442.7397155761719
17.084613800048828 442.7397155761719
17.084613800048828 442.7397155761719
17.084613800048828 442.7397155761719
17.084613800048828 442.7397155761719
17.084613800048828 442.7397155761719
17.084613800048828 442.7397155761719
17.084613800048828 442.7397155761719
17.084613800048828 442.7397155761719
17.084613800048828 442.7397155761719
17.084613800048828 442.7397155761719
17.084613800048828 442.7397155761719
17.084613800048828 442.7397155761719
17.084613800048828 442.7397155761719
17.084613800048828 442.7397155761719
17.084613800048828 442.7397155761719
17.084613800048828 442.7397155761719
17.084613800048828 442.7397155761719
17.084613800048828 442.7397155761719
17.084613800048828 442.7397155761719
17.084613800048828 442.7397155761719
17.084613800048828 442.7397155761719
17.084613800048828 442.7397155761719
17.084613800048828 442.7397155761719
17.084613800048828 442.7397155761719
17.084613800048828 442.7397155761719
17.084613800048828 442.7397155761719
17.084613800048828 442.7397155761719
17.084613800048828 442.7397155761719
17.084613800048828 442.7397155761719
17.084613800048828 442.7397155761719
17.084613800048828 442.7397155761719
17.084613800048828 442.7397155761719
17.084613800048828 442.7397155761719
17.084613800048828 442.7397155761719
17.084613800048828 442.7397155761719
17.084613800048828 442.7397155761719
17.084613800048828 442.7397155761719
17.084613800048828 442.7397155761719
17.084613800048828 442.7397155761719
17.084613800048828 442.7397155761719
17.084613800048828 442.7397155761719
17.084613800048828 442.7397155761719
17.084613800048828 442.7397155761719
17.084613800048828 442.7397155761719
17.084613800048828 442.7397155761719
17.084613800048828 442.7397155761719
17.084613800048828 442.7397155761719
17.084613800048828 442.7397155761719
17.084613800048828 442.7397155761719
17.084613800048828 442.7397155761719
17.084613800048828 442.7397155761719
17.084613800048828 442.7397155761719
17.084613800048828 442.7397155761719
17.084613800048828 442.7397155761719
17.084613800048828 442.7397155761719
17.084613800048828 442.7397155761719
17.084613800048828 442.7397155761719
17.084613800048828 442.7397155761719
17.084613800048828 442.7397155761719
17.084613800048828 442.7397155761719
17.084613800048828 442.7397155761719
17.084613800048828 442.7397155761719
17.084613800048828 442.7397155761719
17.084613800048828 442.7397155761719
17.084613800048828 442.7397155761719
17.084613800048828 442.7397155761719
17.084613800048828 442.7397155761719
17.084613800048828 442.7397155761719
17.084613800048828 442.7397155761719
17.084613800048828 442.7397155761719
17.084613800048828 442.7397155761719
17.084613800048828 442.7397155761719
17.084613800048828 442.7397155761719
17.084613800048828 442.7397155761719
17.084613800048828 442.7397155761719
17.084613800048828 442.7397155761719
17.084613800048828 442.7397155761719
17.084613800048828 442.7397155761719
17.084613800048828 442.7397155761719
17.084613800048828 442.7397155761719
17.084613800048828 442.7397155761719
17.084613800048828 442.7397155761719
17.084613800048828 442.7397155761719
17.084613800048828 442.7397155761719
17.084613800048828 442.7397155761719
17.084613800048828 442.7397155761719
17.084613800048828 442.7397155761719
17.084613800048828 442.7397155761719
17.084613800048828 442.7397155761719
17.084613800048828 442.7397155761719
17.084613800048828 442.7397155761719
17.084613800048828 442.7397155761719
17.084613800048828 442.7397155761719
17.084613800048828 442.7397155761719
17.084613800048828 442.7397155761719
17.084613800048828 442.7397155761719
17.084613800048828 442.7397155761719
17.084613800048828 442.7397155761719
17.084613800048828 442.7397155761719
17.084613800048828 442.7397155761719
17.084613800048828 442.7397155761719
17.084613800048828 442.7397155761719
17.084613800048828 442.7397155761719
17.084613800048828 442.7397155761719
17.084613800048828 442.7397155761719
17.084613800048828 442.7397155761719
17.084613800048828 442.7397155761719
17.084613800048828 442.7397155761719
17.084613800048828 442.7397155761719
17.084613800048828 442.7397155761719
17.084613800048828 442.7397155761719
17.084613800048828 442.7397155761719
17.084613800048828 442.7397155761719
17.084613800048828 442.7397155761719
17.084613800048828 442.7397155761719
17.084613800048828 442.7397155761719
17.084613800048828 442.7397155761719
17.084613800048828 442.7397155761719
17.084613800048828 442.7397155761719
17.084613800048828 442.7397155761719
17.084613800048828 442.7397155761719
17.084613800048828 442.7397155761719
17.084613800048828 442.7397155761719
17.084613800048828 442.7397155761719
17.084613800048828 442.7397155761719
17.084613800048828 442.7397155761719
17.084613800048828 442.7397155761719
17.084613800048828 442.7397155761719
17.084613800048828 442.7397155761719
17.084613800048828 442.7397155761719
17.084613800048828 442.7397155761719
17.084613800048828 442.7397155761719
17.084613800048828 442.7397155761719
17.084613800048828 442.7397155761719
17.084613800048828 442.7397155761719
17.084613800048828 442.7397155761719
17.084613800048828 442.7397155761719
17.084613800048828 442.7397155761719
17.084613800048828 442.7397155761719
17.084613800048828 442.7397155761719
17.084613800048828 442.7397155761719
17.084613800048828 442.7397155761719
17.084613800048828 442.7397155761719
17.084613800048828 442.7397155761719
17.084613800048828 442.7397155761719
17.084613800048828 442.7397155761719
17.084613800048828 442.7397155761719
17.084613800048828 442.7397155761719
17.084613800048828 442.7397155761719
17.084613800048828 442.7397155761719
17.084613800048828 442.7397155761719
17.084613800048828 442.7397155761719
17.084613800048828 442.7397155761719
17.084613800048828 442.7397155761719
17.084613800048828 442.7397155761719
17.084613800048828 442.7397155761719
17.084613800048828 442.7397155761719
17.084613800048828 442.7397155761719
17.084613800048828 442.7397155761719
17.084613800048828 442.7397155761719
17.084613800048828 442.7397155761719
17.084613800048828 442.7397155761719
17.084613800048828 442.7397155761719
17.084613800048828 442.7397155761719
17.084613800048828 442.7397155761719
17.084613800048828 442.7397155761719
17.084613800048828 442.7397155761719
17.084613800048828 442.7397155761719
17.084613800048828 442.7397155761719
17.084613800048828 442.7397155761719
17.084613800048828 442.7397155761719
17.084613800048828 442.7397155761719
17.084613800048828 442.7397155761719
17.084613800048828 442.7397155761719
17.084613800048828 442.7397155761719
17.084613800048828 442.7397155761719
17.084613800048828 442.7397155761719
17.084613800048828 442.7397155761719
17.084613800048828 442.7397155761719
17.084613800048828 442.7397155761719
17.084613800048828 442.7397155761719
17.084613800048828 442.7397155761719
17.084613800048828 442.7397155761719
17.084613800048828 442.7397155761719
17.084613800048828 442.7397155761719
17.084613800048828 442.7397155761719
17.084613800048828 442.7397155761719
17.084613800048828 442.7397155761719
17.084613800048828 442.7397155761719
17.084613800048828 442.7397155761719
17.084613800048828 442.7397155761719
17.084613800048828 442.7397155761719
17.084613800048828 442.7397155761719
17.084613800048828 442.7397155761719
17.084613800048828 442.7397155761719
17.084613800048828 442.7397155761719
17.084613800048828 442.7397155761719
17.084613800048828 442.7397155761719
17.084613800048828 442.7397155761719
17.084613800048828 442.7397155761719
17.084613800048828 442.7397155761719
17.084613800048828 442.7397155761719
17.084613800048828 442.7397155761719
17.084613800048828 442.7397155761719
17.084613800048828 442.7397155761719
17.084613800048828 442.7397155761719
17.084613800048828 442.7397155761719
17.084613800048828 442.7397155761719
17.084613800048828 442.7397155761719
17.084613800048828 442.7397155761719
17.084613800048828 442.7397155761719
17.084613800048828 442.7397155761719
17.084613800048828 442.7397155761719
17.084613800048828 442.7397155761719
17.084613800048828 442.7397155761719
17.084613800048828 442.7397155761719
17.084613800048828 442.7397155761719
17.084613800048828 442.7397155761719
17.084613800048828 442.7397155761719
17.084613800048828 442.7397155761719
17.084613800048828 442.7397155761719
17.084613800048828 442.7397155761719
17.084613800048828 442.7397155761719
17.084613800048828 442.7397155761719
17.084613800048828 442.7397155761719
17.084613800048828 442.7397155761719
17.084613800048828 442.7397155761719
17.084613800048828 442.7397155761719
17.084613800048828 442.7397155761719
17.084613800048828 442.7397155761719
17.084613800048828 442.7397155761719
17.084613800048828 442.7397155761719
17.084613800048828 442.7397155761719
17.084613800048828 442.7397155761719
17.084613800048828 442.7397155761719
17.084613800048828 442.7397155761719
17.084613800048828 442.7397155761719
17.084613800048828 442.7397155761719
17.084613800048828 442.7397155761719
17.084613800048828 442.7397155761719
17.084613800048828 442.7397155761719
17.084613800048828 442.7397155761719
17.084613800048828 442.7397155761719
17.084613800048828 442.7397155761719
17.084613800048828 442.7397155761719
17.084613800048828 442.7397155761719
17.084613800048828 442.7397155761719
17.084613800048828 442.7397155761719
17.084613800048828 442.7397155761719
17.084613800048828 442.7397155761719
17.084613800048828 442.7397155761719
17.084613800048828 442.7397155761719
17.084613800048828 442.7397155761719
17.084613800048828 442.7397155761719
17.084613800048828 442.7397155761719
17.084613800048828 442.7397155761719
17.084613800048828 442.7397155761719
17.084613800048828 442.7397155761719
17.084613800048828 442.7397155761719
17.084613800048828 442.7397155761719
17.084613800048828 442.7397155761719
17.084613800048828 442.7397155761719
17.084613800048828 442.7397155761719
17.084613800048828 442.7397155761719
17.084613800048828 442.7397155761719
17.084613800048828 442.7397155761719
17.084613800048828 442.7397155761719
17.084613800048828 442.7397155761719
17.084613800048828 442.7397155761719
17.084613800048828 442.7397155761719
17.084613800048828 442.7397155761719
17.084613800048828 442.7397155761719
17.084613800048828 442.7397155761719
17.084613800048828 442.7397155761719
17.084613800048828 442.7397155761719
17.084613800048828 442.7397155761719
17.084613800048828 442.7397155761719
17.084613800048828 442.7397155761719
17.084613800048828 442.7397155761719
17.084613800048828 442.7397155761719
17.084613800048828 442.7397155761719
17.084613800048828 442.7397155761719
17.084613800048828 442.7397155761719
17.084613800048828 442.7397155761719
17.084613800048828 442.7397155761719
17.084613800048828 442.7397155761719
17.084613800048828 442.7397155761719
17.084613800048828 442.7397155761719
17.084613800048828 442.7397155761719
17.084613800048828 442.7397155761719
17.084613800048828 442.7397155761719
17.084613800048828 442.7397155761719
17.084613800048828 442.7397155761719
17.084613800048828 442.7397155761719
17.084613800048828 442.7397155761719
17.084613800048828 442.7397155761719
17.084613800048828 442.7397155761719
17.084613800048828 442.7397155761719
17.084613800048828 442.7397155761719
17.084613800048828 442.7397155761719
17.084613800048828 442.7397155761719
17.084613800048828 442.7397155761719
17.084613800048828 442.7397155761719
17.084613800048828 442.7397155761719
17.084613800048828 442.7397155761719
17.084613800048828 442.7397155761719
17.084613800048828 442.7397155761719
17.084613800048828 442.7397155761719
17.084613800048828 442.7397155761719
17.084613800048828 442.7397155761719
17.084613800048828 442.7397155761719
17.084613800048828 442.7397155761719
17.084613800048828 442.7397155761719
17.084613800048828 442.7397155761719
17.084613800048828 442.7397155761719
17.084613800048828 442.7397155761719
17.084613800048828 442.7397155761719
17.084613800048828 442.7397155761719
17.084613800048828 442.7397155761719
17.084613800048828 442.7397155761719
17.084613800048828 442.7397155761719
17.084613800048828 442.7397155761719
17.084613800048828 442.7397155761719
17.084613800048828 442.7397155761719
17.084613800048828 442.7397155761719
17.084613800048828 442.7397155761719
17.084613800048828 442.7397155761719
17.084613800048828 442.7397155761719
17.084613800048828 442.7397155761719
17.084613800048828 442.7397155761719
17.084613800048828 442.7397155761719
17.084613800048828 442.7397155761719
17.084613800048828 442.7397155761719
17.084613800048828 442.7397155761719
17.084613800048828 442.7397155761719
17.084613800048828 442.7397155761719
17.084613800048828 442.7397155761719
17.084613800048828 442.7397155761719
17.084613800048828 442.7397155761719
17.084613800048828 442.7397155761719
17.084613800048828 442.7397155761719
17.084613800048828 442.7397155761719
17.084613800048828 442.7397155761719
17.084613800048828 442.7397155761719
17.084613800048828 442.7397155761719
17.084613800048828 442.7397155761719
17.084613800048828 442.7397155761719
17.084613800048828 442.7397155761719
17.084613800048828 442.7397155761719
17.084613800048828 442.7397155761719
17.084613800048828 442.7397155761719
17.084613800048828 442.7397155761719
17.084613800048828 442.7397155761719
17.084613800048828 442.7397155761719
17.084613800048828 442.7397155761719
17.084613800048828 442.7397155761719
17.084613800048828 442.7397155761719
17.084613800048828 442.7397155761719
17.084613800048828 442.7397155761719
17.084613800048828 442.7397155761719
17.084613800048828 442.7397155761719
17.084613800048828 442.7397155761719
17.084613800048828 442.7397155761719
17.084613800048828 442.7397155761719
17.084613800048828 442.7397155761719
17.084613800048828 442.7397155761719
17.084613800048828 442.7397155761719
17.084613800048828 442.7397155761719
17.084613800048828 442.7397155761719
17.084613800048828 442.7397155761719
17.084613800048828 442.7397155761719
17.084613800048828 442.7397155761719
17.084613800048828 442.7397155761719
17.084613800048828 442.7397155761719
17.084613800048828 442.7397155761719
17.084613800048828 442.7397155761719
17.084613800048828 442.7397155761719
17.084613800048828 442.7397155761719
17.084613800048828 442.7397155761719
17.084613800048828 442.7397155761719
17.084613800048828 442.7397155761719
17.084613800048828 442.7397155761719
17.084613800048828 442.7397155761719
17.084613800048828 442.7397155761719
17.084613800048828 442.7397155761719
17.084613800048828 442.7397155761719
17.084613800048828 442.7397155761719
17.084613800048828 442.7397155761719
17.084613800048828 442.7397155761719
17.084613800048828 442.7397155761719
17.084613800048828 442.7397155761719
17.084613800048828 442.7397155761719
17.084613800048828 442.7397155761719
17.084613800048828 442.7397155761719
17.084613800048828 442.7397155761719
17.084613800048828 442.7397155761719
17.084613800048828 442.7397155761719
17.084613800048828 442.7397155761719
17.084613800048828 442.7397155761719
17.084613800048828 442.7397155761719
17.084613800048828 442.7397155761719
17.084613800048828 442.7397155761719
17.084613800048828 442.7397155761719
17.084613800048828 442.7397155761719
17.084613800048828 442.7397155761719
17.084613800048828 442.7397155761719
17.084613800048828 442.7397155761719
17.084613800048828 442.7397155761719
17.084613800048828 442.7397155761719
17.084613800048828 442.7397155761719
17.084613800048828 442.7397155761719
17.084613800048828 442.7397155761719
17.084613800048828 442.7397155761719
17.084613800048828 442.7397155761719
17.084613800048828 442.7397155761719
17.084613800048828 442.7397155761719
17.084613800048828 442.7397155761719
17.084613800048828 442.7397155761719
17.084613800048828 442.7397155761719
17.084613800048828 442.7397155761719
17.084613800048828 442.7397155761719
17.084613800048828 442.7397155761719
17.084613800048828 442.7397155761719
17.084613800048828 442.7397155761719
17.084613800048828 442.7397155761719
17.084613800048828 442.7397155761719
17.084613800048828 442.7397155761719
17.084613800048828 442.7397155761719
17.084613800048828 442.7397155761719
17.084613800048828 442.7397155761719
17.084613800048828 442.7397155761719
17.084613800048828 442.7397155761719
17.084613800048828 442.7397155761719
17.084613800048828 442.7397155761719
17.084613800048828 442.7397155761719
17.084613800048828 442.7397155761719
17.084613800048828 442.7397155761719
17.084613800048828 442.7397155761719
17.084613800048828 442.7397155761719
17.084613800048828 442.7397155761719
17.084613800048828 442.7397155761719
17.084613800048828 442.7397155761719
17.084613800048828 442.7397155761719
17.084613800048828 442.7397155761719
17.084613800048828 442.7397155761719
17.084613800048828 442.7397155761719
17.084613800048828 442.7397155761719
17.084613800048828 442.7397155761719
17.084613800048828 442.7397155761719
17.084613800048828 442.7397155761719
17.084613800048828 442.7397155761719
17.084613800048828 442.7397155761719
17.084613800048828 442.7397155761719
17.084613800048828 442.7397155761719
17.084613800048828 442.7397155761719
17.084613800048828 442.7397155761719
17.084613800048828 442.7397155761719
17.084613800048828 442.7397155761719
17.084613800048828 442.7397155761719
17.084613800048828 442.7397155761719
17.084613800048828 442.7397155761719
17.084613800048828 442.7397155761719
17.084613800048828 442.7397155761719
17.084613800048828 442.7397155761719
17.084613800048828 442.7397155761719
17.084613800048828 442.7397155761719
17.084613800048828 442.7397155761719
17.084613800048828 442.7397155761719
17.084613800048828 442.7397155761719
17.084613800048828 442.7397155761719
17.084613800048828 442.7397155761719
17.084613800048828 442.7397155761719
17.084613800048828 442.7397155761719
17.084613800048828 442.7397155761719
17.084613800048828 442.7397155761719
17.084613800048828 442.7397155761719
17.084613800048828 442.7397155761719
17.084613800048828 442.7397155761719
17.084613800048828 442.7397155761719
17.084613800048828 442.7397155761719
17.084613800048828 442.7397155761719
17.084613800048828 442.7397155761719
17.084613800048828 442.7397155761719
17.084613800048828 442.7397155761719
17.084613800048828 442.7397155761719
17.084613800048828 442.7397155761719
17.084613800048828 442.7397155761719
17.084613800048828 442.7397155761719
17.084613800048828 442.7397155761719
17.084613800048828 442.7397155761719
17.084613800048828 442.7397155761719
17.084613800048828 442.7397155761719
17.084613800048828 442.7397155761719
17.084613800048828 442.7397155761719
17.084613800048828 442.7397155761719
17.084613800048828 442.7397155761719
17.084613800048828 442.7397155761719
17.084613800048828 442.7397155761719
17.084613800048828 442.7397155761719
17.084613800048828 442.7397155761719
17.084613800048828 442.7397155761719
17.084613800048828 442.7397155761719
17.084613800048828 442.7397155761719
17.084613800048828 442.7397155761719
17.084613800048828 442.7397155761719
17.084613800048828 442.7397155761719
17.084613800048828 442.7397155761719
17.084613800048828 442.7397155761719
17.084613800048828 442.7397155761719
17.084613800048828 442.7397155761719
17.084613800048828 442.7397155761719
17.084613800048828 442.7397155761719
17.084613800048828 442.7397155761719
17.084613800048828 442.7397155761719
17.084613800048828 442.7397155761719
17.084613800048828 442.7397155761719
17.084613800048828 442.7397155761719
17.084613800048828 442.7397155761719
17.084613800048828 442.7397155761719
17.084613800048828 442.7397155761719
17.084613800048828 442.7397155761719
17.084613800048828 442.7397155761719
17.084613800048828 442.7397155761719
17.084613800048828 442.7397155761719
17.084613800048828 442.7397155761719
17.084613800048828 442.7397155761719
17.084613800048828 442.7397155761719
17.084613800048828 442.7397155761719
17.084613800048828 442.7397155761719
17.084613800048828 442.7397155761719
17.084613800048828 442.7397155761719
17.084613800048828 442.7397155761719
17.084613800048828 442.7397155761719
17.084613800048828 442.7397155761719
17.084613800048828 442.7397155761719
17.084613800048828 442.7397155761719
17.084613800048828 442.7397155761719
17.084613800048828 442.7397155761719
17.084613800048828 442.7397155761719
17.084613800048828 442.7397155761719
17.084613800048828 442.7397155761719
17.084613800048828 442.7397155761719
17.084613800048828 442.7397155761719
17.084613800048828 442.7397155761719
17.084613800048828 442.7397155761719
17.084613800048828 442.7397155761719
17.084613800048828 442.7397155761719
17.084613800048828 442.7397155761719
17.084613800048828 442.7397155761719
17.084613800048828 442.7397155761719
17.084613800048828 442.7397155761719
17.084613800048828 442.7397155761719
17.084613800048828 442.7397155761719
17.084613800048828 442.7397155761719
17.084613800048828 442.7397155761719
17.084613800048828 442.7397155761719
17.084613800048828 442.7397155761719
17.084613800048828 442.7397155761719
17.084613800048828 442.7397155761719
17.084613800048828 442.7397155761719
17.084613800048828 442.7397155761719
17.084613800048828 442.7397155761719
17.084613800048828 442.7397155761719
17.084613800048828 442.7397155761719
17.084613800048828 442.7397155761719
17.084613800048828 442.7397155761719
17.084613800048828 442.7397155761719
17.084613800048828 442.7397155761719
17.084613800048828 442.7397155761719
17.084613800048828 442.7397155761719
17.084613800048828 442.7397155761719
17.084613800048828 442.7397155761719
17.084613800048828 442.7397155761719
17.084613800048828 442.7397155761719
17.084613800048828 442.7397155761719
17.084613800048828 442.7397155761719
17.084613800048828 442.7397155761719
17.084613800048828 442.7397155761719
17.084613800048828 442.7397155761719
17.084613800048828 442.7397155761719
17.084613800048828 442.7397155761719
17.084613800048828 442.7397155761719
17.084613800048828 442.7397155761719
17.084613800048828 442.7397155761719
17.084613800048828 442.7397155761719
17.084613800048828 442.7397155761719
17.084613800048828 442.7397155761719
17.084613800048828 442.7397155761719
17.084613800048828 442.7397155761719
17.084613800048828 442.7397155761719
17.084613800048828 442.7397155761719
17.084613800048828 442.7397155761719
17.084613800048828 442.7397155761719
17.084613800048828 442.7397155761719
17.084613800048828 442.7397155761719
17.084613800048828 442.7397155761719
17.084613800048828 442.7397155761719
17.084613800048828 442.7397155761719
17.084613800048828 442.7397155761719
17.084613800048828 442.7397155761719
17.084613800048828 442.7397155761719
17.084613800048828 442.7397155761719
17.084613800048828 442.7397155761719
17.084613800048828 442.7397155761719
17.084613800048828 442.7397155761719
17.084613800048828 442.7397155761719
17.084613800048828 442.7397155761719
17.084613800048828 442.7397155761719
17.084613800048828 442.7397155761719
17.084613800048828 442.7397155761719
17.084613800048828 442.7397155761719
17.084613800048828 442.7397155761719
17.084613800048828 442.7397155761719
17.084613800048828 442.7397155761719
17.084613800048828 442.7397155761719
17.084613800048828 442.7397155761719
17.084613800048828 442.7397155761719
17.084613800048828 442.7397155761719
17.084613800048828 442.7397155761719
17.084613800048828 442.7397155761719
17.084613800048828 442.7397155761719
17.084613800048828 442.7397155761719
17.084613800048828 442.7397155761719
17.084613800048828 442.7397155761719
17.084613800048828 442.7397155761719
17.084613800048828 442.7397155761719
17.084613800048828 442.7397155761719
17.084613800048828 442.7397155761719
17.084613800048828 442.7397155761719
17.084613800048828 442.7397155761719
17.084613800048828 442.7397155761719
17.084613800048828 442.7397155761719
17.084613800048828 442.7397155761719
17.084613800048828 442.7397155761719
17.084613800048828 442.7397155761719
17.084613800048828 442.7397155761719
17.084613800048828 442.7397155761719
17.084613800048828 442.7397155761719
17.084613800048828 442.7397155761719
17.084613800048828 442.7397155761719
17.084613800048828 442.7397155761719
17.084613800048828 442.7397155761719
17.084613800048828 442.7397155761719
17.084613800048828 442.7397155761719
17.084613800048828 442.7397155761719
17.084613800048828 442.7397155761719
17.084613800048828 442.7397155761719
17.084613800048828 442.7397155761719
17.084613800048828 442.7397155761719
17.084613800048828 442.7397155761719
17.084613800048828 442.7397155761719
17.084613800048828 442.7397155761719
17.084613800048828 442.7397155761719
17.084613800048828 442.7397155761719
17.084613800048828 442.7397155761719
17.084613800048828 442.7397155761719
17.084613800048828 442.7397155761719
17.084613800048828 442.7397155761719
17.084613800048828 442.7397155761719
17.084613800048828 442.7397155761719
17.084613800048828 442.7397155761719
17.084613800048828 442.7397155761719
17.084613800048828 442.7397155761719
17.084613800048828 442.7397155761719
17.084613800048828 442.7397155761719
17.084613800048828 442.7397155761719
17.084613800048828 442.7397155761719
17.084613800048828 442.7397155761719
17.084613800048828 442.7397155761719
17.084613800048828 442.7397155761719
17.084613800048828 442.7397155761719
17.084613800048828 442.7397155761719
17.084613800048828 442.7397155761719
17.084613800048828 442.7397155761719
17.084613800048828 442.7397155761719
17.084613800048828 442.7397155761719
17.084613800048828 442.7397155761719
17.084613800048828 442.7397155761719
17.084613800048828 442.7397155761719
17.084613800048828 442.7397155761719
17.084613800048828 442.7397155761719
17.084613800048828 442.7397155761719
17.084613800048828 442.7397155761719
17.084613800048828 442.7397155761719
17.084613800048828 442.7397155761719
17.084613800048828 442.7397155761719
17.084613800048828 442.7397155761719
17.084613800048828 442.7397155761719
17.084613800048828 442.7397155761719
17.084613800048828 442.7397155761719
17.084613800048828 442.7397155761719
17.084613800048828 442.7397155761719
17.084613800048828 442.7397155761719
17.084613800048828 442.7397155761719
17.084613800048828 442.7397155761719
17.084613800048828 442.7397155761719
17.084613800048828 442.7397155761719
17.084613800048828 442.7397155761719
17.084613800048828 442.7397155761719
17.084613800048828 442.7397155761719
17.084613800048828 442.7397155761719
17.084613800048828 442.7397155761719
17.084613800048828 442.7397155761719
17.084613800048828 442.7397155761719
17.084613800048828 442.7397155761719
17.084613800048828 442.7397155761719
17.084613800048828 442.7397155761719
17.084613800048828 442.7397155761719
17.084613800048828 442.7397155761719
17.084613800048828 442.7397155761719
17.084613800048828 442.7397155761719
17.084613800048828 442.7397155761719
17.084613800048828 442.7397155761719
17.084613800048828 442.7397155761719
17.084613800048828 442.7397155761719
17.084613800048828 442.7397155761719
17.084613800048828 442.7397155761719
17.084613800048828 442.7397155761719
17.084613800048828 442.7397155761719
17.084613800048828 442.7397155761719
17.084613800048828 442.7397155761719
17.084613800048828 442.7397155761719
17.084613800048828 442.7397155761719
17.084613800048828 442.7397155761719
17.084613800048828 442.7397155761719
17.084613800048828 442.7397155761719
17.084613800048828 442.7397155761719
17.084613800048828 442.7397155761719
17.084613800048828 442.7397155761719
17.084613800048828 442.7397155761719
17.084613800048828 442.7397155761719
17.084613800048828 442.7397155761719
17.084613800048828 442.7397155761719
17.084613800048828 442.7397155761719
17.084613800048828 442.7397155761719
17.084613800048828 442.7397155761719
17.084613800048828 442.7397155761719
17.084613800048828 442.7397155761719
17.084613800048828 442.7397155761719
17.084613800048828 442.7397155761719
17.084613800048828 442.7397155761719
17.084613800048828 442.7397155761719
17.084613800048828 442.7397155761719
17.084613800048828 442.7397155761719
17.084613800048828 442.7397155761719
17.084613800048828 442.7397155761719
17.084613800048828 442.7397155761719
17.084613800048828 442.7397155761719
17.084613800048828 442.7397155761719
17.084613800048828 442.7397155761719
17.084613800048828 442.7397155761719
17.084613800048828 442.7397155761719
17.084613800048828 442.7397155761719
17.084613800048828 442.7397155761719
17.084613800048828 442.7397155761719
17.084613800048828 442.7397155761719
17.084613800048828 442.7397155761719
17.084613800048828 442.7397155761719
17.084613800048828 442.7397155761719
17.084613800048828 442.7397155761719
17.084613800048828 442.7397155761719
17.084613800048828 442.7397155761719
17.084613800048828 442.7397155761719
17.084613800048828 442.7397155761719
17.084613800048828 442.7397155761719
17.084613800048828 442.7397155761719
17.084613800048828 442.7397155761719
17.084613800048828 442.7397155761719
17.084613800048828 442.7397155761719
17.084613800048828 442.7397155761719
17.084613800048828 442.7397155761719
17.084613800048828 442.7397155761719
17.084613800048828 442.7397155761719
17.084613800048828 442.7397155761719
17.084613800048828 442.7397155761719
17.084613800048828 442.7397155761719
17.084613800048828 442.7397155761719
17.084613800048828 442.7397155761719
17.084613800048828 442.7397155761719
17.084613800048828 442.7397155761719
17.084613800048828 442.7397155761719
17.084613800048828 442.7397155761719
17.084613800048828 442.7397155761719
17.084613800048828 442.7397155761719
17.084613800048828 442.7397155761719
17.084613800048828 442.7397155761719
17.084613800048828 442.7397155761719
17.084613800048828 442.7397155761719
17.084613800048828 442.7397155761719
17.084613800048828 442.7397155761719
17.084613800048828 442.7397155761719
17.084613800048828 442.7397155761719
17.084613800048828 442.7397155761719
17.084613800048828 442.7397155761719
17.084613800048828 442.7397155761719
17.084613800048828 442.7397155761719
17.084613800048828 442.7397155761719
17.084613800048828 442.7397155761719
17.084613800048828 442.7397155761719
17.084613800048828 442.7397155761719
17.084613800048828 442.7397155761719
17.084613800048828 442.7397155761719
17.084613800048828 442.7397155761719
17.084613800048828 442.7397155761719
17.084613800048828 442.7397155761719
17.084613800048828 442.7397155761719
17.084613800048828 442.7397155761719
17.084613800048828 442.7397155761719
17.084613800048828 442.7397155761719
17.084613800048828 442.7397155761719
17.084613800048828 442.7397155761719
17.084613800048828 442.7397155761719
17.084613800048828 442.7397155761719
17.084613800048828 442.7397155761719
17.084613800048828 442.7397155761719
17.084613800048828 442.7397155761719
17.084613800048828 442.7397155761719
17.084613800048828 442.7397155761719
17.084613800048828 442.7397155761719
17.084613800048828 442.7397155761719
17.084613800048828 442.7397155761719
17.084613800048828 442.7397155761719
17.084613800048828 442.7397155761719
17.084613800048828 442.7397155761719
17.084613800048828 442.7397155761719
17.084613800048828 442.7397155761719
17.084613800048828 442.7397155761719
17.084613800048828 442.7397155761719
17.084613800048828 442.7397155761719
17.084613800048828 442.7397155761719
17.084613800048828 442.7397155761719
17.084613800048828 442.7397155761719
17.084613800048828 442.7397155761719
17.084613800048828 442.7397155761719
17.084613800048828 442.7397155761719
17.084613800048828 442.7397155761719
17.084613800048828 442.7397155761719
17.084613800048828 442.7397155761719
17.084613800048828 442.7397155761719
17.084613800048828 442.7397155761719
17.084613800048828 442.7397155761719
17.084613800048828 442.7397155761719
17.084613800048828 442.7397155761719
17.084613800048828 442.7397155761719
17.084613800048828 442.7397155761719
17.084613800048828 442.7397155761719
17.084613800048828 442.7397155761719
17.084613800048828 442.7397155761719
17.084613800048828 442.7397155761719
17.084613800048828 442.7397155761719
17.084613800048828 442.7397155761719
17.084613800048828 442.7397155761719
17.084613800048828 442.7397155761719
17.084613800048828 442.7397155761719
17.084613800048828 442.7397155761719
17.084613800048828 442.7397155761719
17.084613800048828 442.7397155761719
17.084613800048828 442.7397155761719
17.084613800048828 442.7397155761719
17.084613800048828 442.7397155761719
17.084613800048828 442.7397155761719
17.084613800048828 442.7397155761719
17.084613800048828 442.7397155761719
17.084613800048828 442.7397155761719
17.084613800048828 442.7397155761719
17.084613800048828 442.7397155761719
17.084613800048828 442.7397155761719
17.084613800048828 442.7397155761719
17.084613800048828 442.7397155761719
17.084613800048828 442.7397155761719
17.084613800048828 442.7397155761719
17.084613800048828 442.7397155761719
17.084613800048828 442.7397155761719
17.084613800048828 442.7397155761719
17.084613800048828 442.7397155761719
17.084613800048828 442.7397155761719
17.084613800048828 442.7397155761719
17.084613800048828 442.7397155761719
17.084613800048828 442.7397155761719
17.084613800048828 442.7397155761719
17.084613800048828 442.7397155761719
17.084613800048828 442.7397155761719
17.084613800048828 442.7397155761719
17.084613800048828 442.7397155761719
17.084613800048828 442.7397155761719
17.084613800048828 442.7397155761719
17.084613800048828 442.7397155761719
17.084613800048828 442.7397155761719
17.084613800048828 442.7397155761719
17.084613800048828 442.7397155761719
17.084613800048828 442.7397155761719
17.084613800048828 442.7397155761719
17.084613800048828 442.7397155761719
17.084613800048828 442.7397155761719
17.084613800048828 442.7397155761719
17.084613800048828 442.7397155761719
17.084613800048828 442.7397155761719
17.084613800048828 442.7397155761719
17.084613800048828 442.7397155761719
17.084613800048828 442.7397155761719
17.084613800048828 442.7397155761719
17.084613800048828 442.7397155761719
17.084613800048828 442.7397155761719
17.084613800048828 442.7397155761719
17.084613800048828 442.7397155761719
17.084613800048828 442.7397155761719
17.084613800048828 442.7397155761719
17.084613800048828 442.7397155761719
17.084613800048828 442.7397155761719
17.084613800048828 442.7397155761719
17.084613800048828 442.7397155761719
17.084613800048828 442.7397155761719
17.084613800048828 442.7397155761719
17.084613800048828 442.7397155761719
17.084613800048828 442.7397155761719
17.084613800048828 442.7397155761719
17.084613800048828 442.7397155761719
17.084613800048828 442.7397155761719
17.084613800048828 442.7397155761719
17.084613800048828 442.7397155761719
17.084613800048828 442.7397155761719
17.084613800048828 442.7397155761719
17.084613800048828 442.7397155761719
17.084613800048828 442.7397155761719
17.084613800048828 442.7397155761719
17.084613800048828 442.7397155761719
17.084613800048828 442.7397155761719
17.084613800048828 442.7397155761719
17.084613800048828 442.7397155761719
17.084613800048828 442.7397155761719
17.084613800048828 442.7397155761719
17.084613800048828 442.7397155761719
17.084613800048828 442.7397155761719
17.084613800048828 442.7397155761719
17.084613800048828 442.7397155761719
17.084613800048828 442.7397155761719
17.084613800048828 442.7397155761719
17.084613800048828 442.7397155761719
17.084613800048828 442.7397155761719
17.084613800048828 442.7397155761719
17.084613800048828 442.7397155761719
17.084613800048828 442.7397155761719
17.084613800048828 442.7397155761719
17.084613800048828 442.7397155761719
17.084613800048828 442.7397155761719
17.084613800048828 442.7397155761719
17.084613800048828 442.7397155761719
17.084613800048828 442.7397155761719
17.084613800048828 442.7397155761719
17.084613800048828 442.7397155761719
17.084613800048828 442.7397155761719
17.084613800048828 442.7397155761719
17.084613800048828 442.7397155761719
17.084613800048828 442.7397155761719
17.084613800048828 442.7397155761719
17.084613800048828 442.7397155761719
17.084613800048828 442.7397155761719
17.084613800048828 442.7397155761719
17.084613800048828 442.7397155761719
17.084613800048828 442.7397155761719
17.084613800048828 442.7397155761719
17.084613800048828 442.7397155761719
17.084613800048828 442.7397155761719
17.084613800048828 442.7397155761719
17.084613800048828 442.7397155761719
17.084613800048828 442.7397155761719
17.084613800048828 442.7397155761719
17.084613800048828 442.7397155761719
17.084613800048828 442.7397155761719
17.084613800048828 442.7397155761719
17.084613800048828 442.7397155761719
17.084613800048828 442.7397155761719
17.084613800048828 442.7397155761719
17.084613800048828 442.7397155761719
17.084613800048828 442.7397155761719
17.084613800048828 442.7397155761719
17.084613800048828 442.7397155761719
17.084613800048828 442.7397155761719
17.084613800048828 442.7397155761719
17.084613800048828 442.7397155761719
17.084613800048828 442.7397155761719
17.084613800048828 442.7397155761719
17.084613800048828 442.7397155761719
17.084613800048828 442.7397155761719
17.084613800048828 442.7397155761719
17.084613800048828 442.7397155761719
17.084613800048828 442.7397155761719
17.084613800048828 442.7397155761719
17.084613800048828 442.7397155761719
17.084613800048828 442.7397155761719
17.084613800048828 442.7397155761719
17.084613800048828 442.7397155761719
17.084613800048828 442.7397155761719
17.084613800048828 442.7397155761719
17.084613800048828 442.7397155761719
17.084613800048828 442.7397155761719
17.084613800048828 442.7397155761719
17.084613800048828 442.7397155761719
17.084613800048828 442.7397155761719
17.084613800048828 442.7397155761719
17.084613800048828 442.7397155761719
17.084613800048828 442.7397155761719
17.084613800048828 442.7397155761719
17.084613800048828 442.7397155761719
17.084613800048828 442.7397155761719
17.084613800048828 442.7397155761719
17.084613800048828 442.7397155761719
17.084613800048828 442.7397155761719
17.084613800048828 442.7397155761719
17.084613800048828 442.7397155761719
17.084613800048828 442.7397155761719
17.084613800048828 442.7397155761719
17.084613800048828 442.7397155761719
17.084613800048828 442.7397155761719
17.084613800048828 442.7397155761719
17.084613800048828 442.7397155761719
17.084613800048828 442.7397155761719
17.084613800048828 442.7397155761719
17.084613800048828 442.7397155761719
17.084613800048828 442.7397155761719
17.084613800048828 442.7397155761719
17.084613800048828 442.7397155761719
17.084613800048828 442.7397155761719
17.084613800048828 442.7397155761719
17.084613800048828 442.7397155761719
17.084613800048828 442.7397155761719
17.084613800048828 442.7397155761719
17.084613800048828 442.7397155761719
17.084613800048828 442.7397155761719
17.084613800048828 442.7397155761719
17.084613800048828 442.7397155761719
17.084613800048828 442.7397155761719
17.084613800048828 442.7397155761719
17.084613800048828 442.7397155761719
17.084613800048828 442.7397155761719
17.084613800048828 442.7397155761719
17.084613800048828 442.7397155761719
17.084613800048828 442.7397155761719
17.084613800048828 442.7397155761719
17.084613800048828 442.7397155761719
17.084613800048828 442.7397155761719
17.084613800048828 442.7397155761719
17.084613800048828 442.7397155761719
17.084613800048828 442.7397155761719
17.084613800048828 442.7397155761719
17.084613800048828 442.7397155761719
17.084613800048828 442.7397155761719
17.084613800048828 442.7397155761719
17.084613800048828 442.7397155761719
17.084613800048828 442.7397155761719
17.084613800048828 442.7397155761719
17.084613800048828 442.7397155761719
17.084613800048828 442.7397155761719
17.084613800048828 442.7397155761719
17.084613800048828 442.7397155761719
17.084613800048828 442.7397155761719
17.084613800048828 442.7397155761719
17.084613800048828 442.7397155761719
17.084613800048828 442.7397155761719
17.084613800048828 442.7397155761719
17.084613800048828 442.7397155761719
17.084613800048828 442.7397155761719
17.084613800048828 442.7397155761719
17.084613800048828 442.7397155761719
17.084613800048828 442.7397155761719
17.084613800048828 442.7397155761719
17.084613800048828 442.7397155761719
17.084613800048828 442.7397155761719
17.084613800048828 442.7397155761719
17.084613800048828 442.7397155761719
17.084613800048828 442.7397155761719
17.084613800048828 442.7397155761719
17.084613800048828 442.7397155761719
17.084613800048828 442.7397155761719
17.084613800048828 442.7397155761719
17.084613800048828 442.7397155761719
17.084613800048828 442.7397155761719
17.084613800048828 442.7397155761719
17.084613800048828 442.7397155761719
17.084613800048828 442.7397155761719
17.084613800048828 442.7397155761719
17.084613800048828 442.7397155761719
17.084613800048828 442.7397155761719
17.084613800048828 442.7397155761719
17.084613800048828 442.7397155761719
17.084613800048828 442.7397155761719
17.084613800048828 442.7397155761719
17.084613800048828 442.7397155761719
17.084613800048828 442.7397155761719
17.084613800048828 442.7397155761719
17.084613800048828 442.7397155761719
17.084613800048828 442.7397155761719
17.084613800048828 442.7397155761719
17.084613800048828 442.7397155761719
17.084613800048828 442.7397155761719
17.084613800048828 442.7397155761719
17.084613800048828 442.7397155761719
17.084613800048828 442.7397155761719
17.084613800048828 442.7397155761719
17.084613800048828 442.7397155761719
17.084613800048828 442.7397155761719
17.084613800048828 442.7397155761719
17.084613800048828 442.7397155761719
17.084613800048828 442.7397155761719
17.084613800048828 442.7397155761719
17.084613800048828 442.7397155761719
17.084613800048828 442.7397155761719
17.084613800048828 442.7397155761719
17.084613800048828 442.7397155761719
17.084613800048828 442.7397155761719
17.084613800048828 442.7397155761719
17.084613800048828 442.7397155761719
17.084613800048828 442.7397155761719
17.084613800048828 442.7397155761719
17.084613800048828 442.7397155761719
17.084613800048828 442.7397155761719
17.084613800048828 442.7397155761719
17.084613800048828 442.7397155761719
17.084613800048828 442.7397155761719
17.084613800048828 442.7397155761719
17.084613800048828 442.7397155761719
17.084613800048828 442.7397155761719
17.084613800048828 442.7397155761719
17.084613800048828 442.7397155761719
17.084613800048828 442.7397155761719
17.084613800048828 442.7397155761719
17.084613800048828 442.7397155761719
17.084613800048828 442.7397155761719
17.084613800048828 442.7397155761719
17.084613800048828 442.7397155761719
17.084613800048828 442.7397155761719
17.084613800048828 442.7397155761719
17.084613800048828 442.7397155761719
17.084613800048828 442.7397155761719
17.084613800048828 442.7397155761719
17.084613800048828 442.7397155761719
17.084613800048828 442.7397155761719
17.084613800048828 442.7397155761719
17.084613800048828 442.7397155761719
17.084613800048828 442.7397155761719
17.084613800048828 442.7397155761719
17.084613800048828 442.7397155761719
17.084613800048828 442.7397155761719
17.084613800048828 442.7397155761719
17.084613800048828 442.7397155761719
17.084613800048828 442.7397155761719
17.084613800048828 442.7397155761719
17.084613800048828 442.7397155761719
17.084613800048828 442.7397155761719
17.084613800048828 442.7397155761719
17.084613800048828 442.7397155761719
17.084613800048828 442.7397155761719
17.084613800048828 442.7397155761719
17.084613800048828 442.7397155761719
17.084613800048828 442.7397155761719
17.084613800048828 442.7397155761719
17.084613800048828 442.7397155761719
17.084613800048828 442.7397155761719
17.084613800048828 442.7397155761719
17.084613800048828 442.7397155761719
17.084613800048828 442.7397155761719
17.084613800048828 442.7397155761719
17.084613800048828 442.7397155761719
17.084613800048828 442.7397155761719
17.084613800048828 442.7397155761719
17.084613800048828 442.7397155761719
17.084613800048828 442.7397155761719
17.084613800048828 442.7397155761719
17.084613800048828 442.7397155761719
17.084613800048828 442.7397155761719
17.084613800048828 442.7397155761719
17.084613800048828 442.7397155761719
17.084613800048828 442.7397155761719
17.084613800048828 442.7397155761719
17.084613800048828 442.7397155761719
17.084613800048828 442.7397155761719
17.084613800048828 442.7397155761719
17.084613800048828 442.7397155761719
17.084613800048828 442.7397155761719
17.084613800048828 442.7397155761719
17.084613800048828 442.7397155761719
17.084613800048828 442.7397155761719
17.084613800048828 442.7397155761719
17.084613800048828 442.7397155761719
17.084613800048828 442.7397155761719
17.084613800048828 442.7397155761719
17.084613800048828 442.7397155761719
17.084613800048828 442.7397155761719
17.084613800048828 442.7397155761719
17.084613800048828 442.7397155761719
17.084613800048828 442.7397155761719
17.084613800048828 442.7397155761719
17.084613800048828 442.7397155761719
17.084613800048828 442.7397155761719
17.084613800048828 442.7397155761719
17.084613800048828 442.7397155761719
17.084613800048828 442.7397155761719
17.084613800048828 442.7397155761719
17.084613800048828 442.7397155761719
17.084613800048828 442.7397155761719
17.084613800048828 442.7397155761719
17.084613800048828 442.7397155761719
17.084613800048828 442.7397155761719
17.084613800048828 442.7397155761719
17.084613800048828 442.7397155761719
17.084613800048828 442.7397155761719
17.084613800048828 442.7397155761719
17.084613800048828 442.7397155761719
17.084613800048828 442.7397155761719
17.084613800048828 442.7397155761719
17.084613800048828 442.7397155761719
17.084613800048828 442.7397155761719
17.084613800048828 442.7397155761719
17.084613800048828 442.7397155761719
17.084613800048828 442.7397155761719
17.084613800048828 442.7397155761719
17.084613800048828 442.7397155761719
17.084613800048828 442.7397155761719
17.084613800048828 442.7397155761719
17.084613800048828 442.7397155761719
17.084613800048828 442.7397155761719
17.084613800048828 442.7397155761719
17.084613800048828 442.7397155761719
17.084613800048828 442.7397155761719
17.084613800048828 442.7397155761719
17.084613800048828 442.7397155761719
17.084613800048828 442.7397155761719
17.084613800048828 442.7397155761719
17.084613800048828 442.7397155761719
17.084613800048828 442.7397155761719
17.084613800048828 442.7397155761719
17.084613800048828 442.7397155761719
17.084613800048828 442.7397155761719
17.084613800048828 442.7397155761719
17.084613800048828 442.7397155761719
17.084613800048828 442.7397155761719
17.084613800048828 442.7397155761719
17.084613800048828 442.7397155761719
17.084613800048828 442.7397155761719
17.084613800048828 442.7397155761719
17.084613800048828 442.7397155761719
17.084613800048828 442.7397155761719
17.084613800048828 442.7397155761719
17.084613800048828 442.7397155761719
17.084613800048828 442.7397155761719
17.084613800048828 442.7397155761719
17.084613800048828 442.7397155761719
17.084613800048828 442.7397155761719
17.084613800048828 442.7397155761719
17.084613800048828 442.7397155761719
17.084613800048828 442.7397155761719
17.084613800048828 442.7397155761719
17.084613800048828 442.7397155761719
17.084613800048828 442.7397155761719
17.084613800048828 442.7397155761719
17.084613800048828 442.7397155761719
17.084613800048828 442.7397155761719
17.084613800048828 442.7397155761719
17.084613800048828 442.7397155761719
17.084613800048828 442.7397155761719
17.084613800048828 442.7397155761719
17.084613800048828 442.7397155761719
17.084613800048828 442.7397155761719
17.084613800048828 442.7397155761719
17.084613800048828 442.7397155761719
17.084613800048828 442.7397155761719
17.084613800048828 442.7397155761719
17.084613800048828 442.7397155761719
17.084613800048828 442.7397155761719
17.084613800048828 442.7397155761719
17.084613800048828 442.7397155761719
17.084613800048828 442.7397155761719
17.084613800048828 442.7397155761719
17.084613800048828 442.7397155761719
17.084613800048828 442.7397155761719
17.084613800048828 442.7397155761719
17.084613800048828 442.7397155761719
17.084613800048828 442.7397155761719
17.084613800048828 442.7397155761719
17.084613800048828 442.7397155761719
17.084613800048828 442.7397155761719
17.084613800048828 442.7397155761719
17.084613800048828 442.7397155761719
17.084613800048828 442.7397155761719
17.084613800048828 442.7397155761719
17.084613800048828 442.7397155761719
17.084613800048828 442.7397155761719
17.084613800048828 442.7397155761719
17.084613800048828 442.7397155761719
17.084613800048828 442.7397155761719
17.084613800048828 442.7397155761719
17.084613800048828 442.7397155761719
17.084613800048828 442.7397155761719
17.084613800048828 442.7397155761719
17.084613800048828 442.7397155761719
17.084613800048828 442.7397155761719
17.084613800048828 442.7397155761719
17.084613800048828 442.7397155761719
17.084613800048828 442.7397155761719
17.084613800048828 442.7397155761719
17.084613800048828 442.7397155761719
17.084613800048828 442.7397155761719
17.084613800048828 442.7397155761719
17.084613800048828 442.7397155761719
17.084613800048828 442.7397155761719
17.084613800048828 442.7397155761719
17.084613800048828 442.7397155761719
17.084613800048828 442.7397155761719
17.084613800048828 442.7397155761719
17.084613800048828 442.7397155761719
17.084613800048828 442.7397155761719
17.084613800048828 442.7397155761719
17.084613800048828 442.7397155761719
17.084613800048828 442.7397155761719
17.084613800048828 442.7397155761719
17.084613800048828 442.7397155761719
17.084613800048828 442.7397155761719
17.084613800048828 442.7397155761719
17.084613800048828 442.7397155761719
17.084613800048828 442.7397155761719
17.084613800048828 442.7397155761719
17.084613800048828 442.7397155761719
17.084613800048828 442.7397155761719
17.084613800048828 442.7397155761719
17.084613800048828 442.7397155761719
17.084613800048828 442.7397155761719
17.084613800048828 442.7397155761719
17.084613800048828 442.7397155761719
17.084613800048828 442.7397155761719
17.084613800048828 442.7397155761719
17.084613800048828 442.7397155761719
17.084613800048828 442.7397155761719
17.084613800048828 442.7397155761719
17.084613800048828 442.7397155761719
17.084613800048828 442.7397155761719
17.084613800048828 442.7397155761719
17.084613800048828 442.7397155761719
17.084613800048828 442.7397155761719
17.084613800048828 442.7397155761719
17.084613800048828 442.7397155761719
17.084613800048828 442.7397155761719
17.084613800048828 442.7397155761719
17.084613800048828 442.7397155761719
17.084613800048828 442.7397155761719
17.084613800048828 442.7397155761719
17.084613800048828 442.7397155761719
17.084613800048828 442.7397155761719
17.084613800048828 442.7397155761719
17.084613800048828 442.7397155761719
17.084613800048828 442.7397155761719
17.084613800048828 442.7397155761719
17.084613800048828 442.7397155761719
17.084613800048828 442.7397155761719
17.084613800048828 442.7397155761719
17.084613800048828 442.7397155761719
17.084613800048828 442.7397155761719
17.084613800048828 442.7397155761719
17.084613800048828 442.7397155761719
17.084613800048828 442.7397155761719
17.084613800048828 442.7397155761719
17.084613800048828 442.7397155761719
17.084613800048828 442.7397155761719
17.084613800048828 442.7397155761719
17.084613800048828 442.7397155761719
17.084613800048828 442.7397155761719
17.084613800048828 442.7397155761719
17.084613800048828 442.7397155761719
17.084613800048828 442.7397155761719
17.084613800048828 442.7397155761719
17.084613800048828 442.7397155761719
17.084613800048828 442.7397155761719
17.084613800048828 442.7397155761719
