60.429134368896484 450.42022705078125
60.82536315917969 450.7914123535156
61.23009490966797 451.1533203125
61.64310836791992 451.5057373046875
62.064186096191406 451.8484802246094
62.493099212646484 452.1813659667969
62.92961502075195 452.50421142578125
63.37350082397461 452.8168640136719
63.824520111083984 453.119140625
64.28242492675781 453.4108581542969
64.74697875976562 453.69189453125
65.2179183959961 453.9620666503906
65.69499969482422 454.22125244140625
66.17796325683594 454.46929931640625
66.66654968261719 454.7060852050781
67.1604995727539 454.93145751953125
67.65953826904297 455.14532470703125
68.16340637207031 455.3475646972656
68.67182922363281 455.5380554199219
69.18453216552734 455.7167053222656
69.70124053955078 455.8834228515625
70.2216796875 456.0381164550781
70.74555969238281 456.1806945800781
71.2726058959961 456.31109619140625
71.80253601074219 456.4292297363281
72.33506774902344 456.5350341796875
72.86990356445312 456.62847900390625
73.40676879882812 456.70947265625
73.94536590576172 456.77801513671875
74.48540496826172 456.83404541015625
75.02660369873047 456.8775329589844
75.56866455078125 456.908447265625
76.11128997802734 456.9267883300781
76.6541976928711 456.9325256347656
77.19715881347656 456.9256896972656
77.73981475830078 456.90625
78.28187561035156 456.8742370605469
78.82305145263672 456.82965087890625
79.36305236816406 456.77252197265625
79.9015884399414 456.702880859375
80.43836212158203 456.62078857421875
80.97309875488281 456.5262756347656
81.5054931640625 456.41937255859375
82.03527069091797 456.3001403808594
82.5621337890625 456.1686706542969
83.0858154296875 456.0249938964844
83.60601806640625 455.8692321777344
84.12246704101562 455.7014465332031
84.63488006591797 455.521728515625
85.14299011230469 455.3301696777344
85.64651489257812 455.1268615722656
86.14518737792969 454.91192626953125
86.63873291015625 454.68548583984375
87.12689971923828 454.4476623535156
87.60941314697266 454.1985778808594
88.08602905273438 453.9383850097656
88.55646514892578 453.6672058105469
89.02047729492188 453.38519287109375
89.47782135009766 453.0924987792969
89.92826080322266 452.7892761230469
90.37153625488281 452.4757080078125
90.80741882324219 452.1519470214844
91.23567962646484 451.8181457519531
91.65606689453125 451.4745178222656
91.92010498046875 451.24041748046875
92.16739654541016 450.9944763183594
92.39923858642578 450.7356262207031
92.61556243896484 450.46405029296875
92.81836700439453 450.177001953125
93.0059814453125 449.8764343261719
93.17845153808594 449.5618591308594
93.34233093261719 449.21978759765625
93.50395202636719 448.83367919921875
93.65552520751953 448.4195251464844
93.80713653564453 447.9490661621094
93.94029998779297 447.4802551269531
94.07022094726562 446.9629821777344
94.18626403808594 446.4443359375
94.28997039794922 445.9179992675781
94.3812255859375 445.3863830566406
94.46021270751953 444.85003662109375
94.52670288085938 444.31158447265625
94.58068084716797 443.77142333984375
94.62211608886719 443.2300720214844
94.65098571777344 442.6878967285156
94.66727447509766 442.1451721191406
94.67097473144531 441.60223388671875
94.66207885742188 441.0593566894531
94.6406021118164 440.516845703125
94.6065444946289 439.9749755859375
94.55992889404297 439.4340515136719
94.50078582763672 438.89434814453125
94.42913818359375 438.3561706542969
94.34503173828125 437.8197937011719
94.24850463867188 437.2854919433594
94.13961791992188 436.7535705566406
94.01842498779297 436.2243347167969
93.8849868774414 435.69805908203125
93.7393798828125 435.1750183105469
93.58168029785156 434.6554870605469
93.41197204589844 434.1397399902344
93.2303466796875 433.6280822753906
93.03690338134766 433.1207580566406
92.83174896240234 432.6180725097656
92.61498260498047 432.1202697753906
92.38672637939453 431.6276550292969
92.14710235595703 431.14044189453125
91.896240234375 430.658935546875
91.63426971435547 430.1833801269531
91.36133575439453 429.71405029296875
91.07757568359375 429.25115966796875
90.78314971923828 428.79498291015625
90.51400756835938 428.4048156738281
90.28690338134766 428.1059875488281
90.0562515258789 427.8349609375
89.7845687866211 427.5484924316406
89.41497039794922 427.1890869140625
89.02156066894531 426.8271789550781
88.6135025024414 426.4697570800781
88.1968994140625 426.1216735839844
87.77230834960938 425.7833557128906
87.3399658203125 425.4549865722656
86.90010833740234 425.1367492675781
86.4529800415039 424.8288269042969
85.99867248535156 424.5312805175781
85.53753662109375 424.24432373046875
85.06985473632812 423.9681396484375
84.59580993652344 423.7028503417969
84.11573028564453 423.4486389160156
83.62982177734375 423.20562744140625
83.13835906982422 422.97393798828125
82.64164733886719 422.75372314453125
82.13987731933594 422.54510498046875
81.63335418701172 422.3481750488281
81.12239837646484 422.1630859375
80.6072006225586 421.9898986816406
80.08806610107422 421.8287353515625
79.56523132324219 421.6796569824219
79.03910064697266 421.54278564453125
78.50994873046875 421.418212890625
77.97787475585938 421.3059387207031
77.44331359863281 421.2060852050781
76.90669250488281 421.1187438964844
76.36813354492188 421.0439147949219
75.82798767089844 420.98162841796875
75.28645324707031 420.93194580078125
74.74394226074219 420.8948974609375
74.20065307617188 420.8704833984375
73.65699768066406 420.8587341308594
73.11341857910156 420.859619140625
72.57006072998047 420.8731689453125
72.02725219726562 420.8993225097656
71.48526763916016 420.9380798339844
70.94437408447266 420.98944091796875
70.40481567382812 421.0533447265625
69.8669204711914 421.1297607421875
69.3309555053711 421.2186584472656
68.79720306396484 421.3199768066406
68.26597595214844 421.43365478515625
67.73753356933594 421.55963134765625
67.2121810913086 421.6978454589844
66.690185546875 421.84820556640625
66.17184448242188 422.0106506347656
65.65742492675781 422.1850891113281
65.14720153808594 422.37139892578125
64.64146423339844 422.5694885253906
64.14046478271484 422.7792663574219
63.64447784423828 423.0006103515625
63.153785705566406 423.2333984375
62.66862106323242 423.4775390625
62.18926239013672 423.73284912109375
61.71602249145508 423.99920654296875
61.24916458129883 424.2764587402344
60.789119720458984 424.5643310546875
60.3365478515625 424.86248779296875
59.891021728515625 425.1712646484375
59.454429626464844 425.48944091796875
59.02538299560547 425.818115234375
58.60805130004883 426.15435791015625
58.206966400146484 426.4952697753906
57.81590270996094 426.8466796875
57.45193099975586 427.194091796875
57.13358688354492 427.521240234375
56.89375305175781 427.7928771972656
56.68696594238281 428.05621337890625
56.498809814453125 428.32781982421875
56.3274040222168 428.610107421875
56.173282623291016 428.90216064453125
56.03699493408203 429.2029724121094
55.919036865234375 429.51141357421875
55.81983184814453 429.8263854980469
55.739742279052734 430.1467590332031
55.679054260253906 430.47137451171875
55.63798904418945 430.799072265625
55.61668395996094 431.1287536621094
55.61522674560547 431.4593200683594
55.63382339477539 431.79534912109375
55.67315673828125 432.13909912109375
55.75455093383789 432.651611328125
55.85030746459961 433.1573486328125
55.96500778198242 433.6845397949219
56.092891693115234 434.2118225097656
56.23308563232422 434.736328125
56.385414123535156 435.2574462890625
56.54978942871094 435.77490234375
56.72611999511719 436.2884216308594
56.914310455322266 436.7976989746094
57.114261627197266 437.302490234375
57.32586669921875 437.802490234375
57.54901123046875 438.2974548339844
57.783573150634766 438.787109375
58.0294303894043 439.27117919921875
58.28644561767578 439.7494201660156
58.55448532104492 440.2215881347656
58.83340072631836 440.6874084472656
59.123046875 441.1466369628906
59.42326354980469 441.5990295410156
59.733890533447266 442.0443420410156
60.05476379394531 442.4823303222656
60.38570785522461 442.9127502441406
60.72654342651367 443.33538818359375
61.077091217041016 443.75
61.437156677246094 444.1563720703125
61.80655288696289 444.5542907714844
62.18507766723633 444.9435119628906
62.57252502441406 445.3238525390625
62.96868896484375 445.69512939453125
63.37335968017578 446.0570983886719
63.78631591796875 446.4095764160156
64.20733642578125 446.7524108886719
64.63619232177734 447.08538818359375
65.0726547241211 447.4083251953125
65.51648712158203 447.7210388183594
65.96745300292969 448.02337646484375
66.42530822753906 448.315185546875
66.88980865478516 448.5962829589844
67.36070251464844 448.8665466308594
67.83773803710938 449.1258239746094
68.32066345214844 449.37396240234375
68.80921173095703 449.61083984375
69.3031234741211 449.8363037109375
69.80213165283203 450.0502624511719
70.30596160888672 450.2525939941406
70.8143539428711 450.44317626953125
71.3270263671875 450.6219177246094
71.84370422363281 450.7887268066406
72.3641128540039 450.9435119628906
72.88796997070312 451.086181640625
73.41499328613281 451.2166748046875
73.94490814208984 451.33489990234375
74.4774169921875 451.4407958984375
75.01223754882812 451.5343322753906
75.54908752441406 451.61541748046875
76.0876693725586 451.6840515136719
76.62770080566406 451.74017333984375
77.16889190673828 451.78375244140625
77.71094512939453 451.81475830078125
78.2536392211914 451.83319091796875
78.79662322998047 451.8390197753906
79.339599609375 451.832275390625
79.88227844238281 451.81292724609375
80.42436218261719 451.781005859375
80.96556854248047 451.73651123046875
81.50559997558594 451.6794738769531
82.0441665649414 451.60992431640625
82.58097839355469 451.52789306640625
83.1157455444336 451.4334411621094
83.64817810058594 451.32659912109375
84.17799377441406 451.20745849609375
84.70490264892578 451.0760498046875
85.2286148071289 450.9324645996094
85.74885559082031 450.7767639160156
86.26534271240234 450.6090393066406
86.77780151367188 450.42938232421875
87.28594970703125 450.2378845214844
87.7895278930664 450.0346374511719
88.28824615478516 449.81976318359375
88.78184509277344 449.5933837890625
89.27006530761719 449.3556213378906
89.75263214111328 449.1065979003906
90.22928619384766 448.846435546875
90.69976806640625 448.5753173828125
91.1638412475586 448.2933349609375
91.62124633789062 448.00067138671875
92.07172393798828 447.697509765625
92.5150375366211 447.38397216796875
92.95096588134766 447.06024169921875
93.37926483154297 446.72650146484375
93.69152069091797 446.4645080566406
93.942138671875 446.23016357421875
94.17475891113281 445.9855041503906
94.39205932617188 445.72802734375
94.59405517578125 445.4577331542969
94.78105926513672 445.1740417480469
94.9519271850586 444.8783874511719
95.1092300415039 444.5656433105469
95.25688171386719 444.2259521484375
95.39152526855469 443.864501953125
95.5251693725586 443.4450378417969
95.64856719970703 442.99365234375
95.76090240478516 442.5137634277344
95.86527252197266 441.9964294433594
95.95719909667969 441.4698181152344
96.03655242919922 440.9372253417969
96.10330963134766 440.4007263183594
96.15764617919922 439.86065673828125
96.19944763183594 439.3193054199219
96.22868347167969 438.777099609375
96.2453384399414 438.234375
96.24939727783203 437.6913757324219
96.24085998535156 437.1484375
96.21974182128906 436.6058654785156
96.18604278564453 436.06396484375
96.13978576660156 435.5229797363281
96.08100128173828 434.9832458496094
96.00971221923828 434.44500732421875
95.92596435546875 433.9085693359375
95.82979583740234 433.37420654296875
95.72126007080078 432.84222412109375
95.60041809082031 432.3128967285156
95.46733093261719 431.7865295410156
95.32207489013672 431.2633972167969
95.16472625732422 430.7437744140625
94.99536895751953 430.2279357910156
94.8140869140625 429.7161560058594
94.62098693847656 429.2087097167969
94.41616821289062 428.70587158203125
94.19974517822266 428.20794677734375
93.9718246459961 427.71514892578125
93.73253631591797 427.227783203125
93.48200225830078 426.74609375
93.2203598022461 426.2703552246094
92.94774627685547 425.8008117675781
92.66431427001953 425.3377380371094
92.37020874023438 424.88134765625
92.15238952636719 424.57012939453125
91.94277954101562 424.30377197265625
91.72003936767578 424.0528259277344
91.47566223144531 423.8080749511719
91.14320373535156 423.5070495605469
90.73033142089844 423.15740966796875
90.30821228027344 422.816650390625
89.8779296875 422.4855651855469
89.44007873535156 422.16455078125
88.99488830566406 421.8537902832031
88.5426025390625 421.553466796875
88.08343505859375 421.2637023925781
87.61756134033203 420.984619140625
87.14530944824219 420.7164001464844
86.66694641113281 420.459228515625
86.18268585205078 420.21319580078125
85.69284057617188 419.97845458984375
85.1976318359375 419.755126953125
84.69733428955078 419.5433654785156
84.1922607421875 419.34326171875
83.6826171875 419.1549377441406
83.16870880126953 418.9784851074219
82.65084838867188 418.81402587890625
82.12924194335938 418.66162109375
81.60421752929688 418.5213928222656
81.07608795166016 418.3934020996094
80.54505920410156 418.2777099609375
80.01150512695312 418.1744079589844
79.47565460205078 418.0835266113281
78.93783569335938 418.005126953125
78.3983383178711 417.9392395019531
77.8573989868164 417.88592529296875
77.31539916992188 417.84521484375
76.77262115478516 417.8171081542969
76.2293701171875 417.8016357421875
75.68585968017578 417.7987976074219
75.14256286621094 417.80859375
74.59967041015625 417.8310241699219
74.05748748779297 417.8660583496094
73.51628112792969 417.9136657714844
72.97632598876953 417.9738464355469
72.43794250488281 418.0465393066406
71.90140533447266 418.1317138671875
71.36701202392578 418.22930908203125
70.83504486083984 418.33929443359375
70.30577087402344 418.46160888671875
69.77947998046875 418.5961608886719
69.2564926147461 418.7428894042969
68.737060546875 418.9017333984375
68.22147369384766 419.07257080078125
67.70999908447266 419.2553405761719
67.2029037475586 419.4499206542969
66.70047760009766 419.6562194824219
66.2030029296875 419.8741149902344
65.71070861816406 420.1034851074219
65.223876953125 420.3442077636719
64.74281311035156 420.5961608886719
64.26778411865234 420.85919189453125
63.79902648925781 421.1331481933594
63.33688735961914 421.4178771972656
62.881568908691406 421.7132568359375
62.43378829956055 422.0188293457031
61.994686126708984 422.333984375
61.56590270996094 422.6578063964844
61.14569091796875 422.9918518066406
60.740478515625 423.3314514160156
60.362117767333984 423.66796875
60.024784088134766 423.9902648925781
59.7412223815918 424.28619384765625
59.51689529418945 424.5469055175781
59.315460205078125 424.8110656738281
59.131290435791016 425.08526611328125
58.96397399902344 425.3699645996094
58.8140754699707 425.6642150878906
58.68213653564453 425.9669494628906
58.568634033203125 426.2770690917969
58.473976135253906 426.59344482421875
58.39850616455078 426.9149475097656
58.34249496459961 427.2404479980469
58.30614471435547 427.5687561035156
58.28956985473633 427.89898681640625
58.29283142089844 428.2316589355469
58.31761932373047 428.6011047363281
58.3710823059082 429.06988525390625
58.44838333129883 429.5959167480469
58.54011917114258 430.12664794921875
58.64522933959961 430.6588134765625
58.76271057128906 431.1882629394531
58.89262390136719 431.7154235839844
59.03472900390625 432.23944091796875
59.18894577026367 432.760009765625
59.355194091796875 433.27685546875
59.53338623046875 433.78973388671875
59.72342300415039 434.29833984375
59.92520523071289 434.8023986816406
60.13862228393555 435.3016357421875
60.36355972290039 435.7957763671875
60.59989929199219 436.2845764160156
60.847511291503906 436.76776123046875
61.10626220703125 437.2450866699219
61.37601089477539 437.7162780761719
61.6566162109375 438.18109130859375
61.94792556762695 438.6392517089844
62.24978256225586 439.0905456542969
62.5620231628418 439.53472900390625
62.884483337402344 439.9715270996094
63.21698760986328 440.4007263183594
63.559356689453125 440.8221130371094
63.91140365600586 441.2354431152344
64.27294158935547 441.6405029296875
64.6437759399414 442.0370788574219
65.02371215820312 442.4249267578125
65.41253662109375 442.8038635253906
65.81004333496094 443.1736755371094
66.21602630615234 443.5341796875
66.63025665283203 443.8851623535156
67.0525131225586 444.2264404296875
67.48257446289062 444.557861328125
67.92020416259766 444.87921142578125
68.36517333984375 445.1903076171875
68.8172378540039 445.4909973144531
69.27615356445312 445.7811279296875
69.7416763305664 446.060546875
70.21354675292969 446.3291015625
70.69152069091797 446.5866394042969
71.17533874511719 446.8330078125
71.66474151611328 447.0680847167969
72.15946197509766 447.291748046875
72.65924072265625 447.50390625
73.16380310058594 447.70440673828125
73.67288208007812 447.8931579589844
74.18620300292969 448.0700378417969
74.70348358154297 448.2349548339844
75.22444915771484 448.3878479003906
75.74882507324219 448.52862548828125
76.27632141113281 448.6571960449219
76.80665588378906 448.77349853515625
77.33954620361328 448.8774719238281
77.87470245361328 448.96905517578125
78.4118423461914 449.0481872558594
78.95067596435547 449.1148681640625
79.49090576171875 449.1690368652344
80.0322494506836 449.21063232421875
80.57450103759766 449.23968505859375
81.1172866821289 449.2561340332031
81.66030883789062 449.260009765625
82.20328521728516 449.25128173828125
82.74591827392578 449.2299499511719
83.28791046142578 449.196044921875
83.8289794921875 449.1495666503906
84.36882781982422 449.0905456542969
84.90716552734375 449.0190124511719
85.4437026977539 448.9350280761719
85.9781494140625 448.838623046875
86.51021575927734 448.7298278808594
87.03961944580078 448.6087341308594
87.56607055664062 448.4753723144531
88.08928680419922 448.329833984375
88.60897827148438 448.1722106933594
89.1248779296875 448.0025634765625
89.63671112060547 447.82098388671875
90.1441879272461 447.6275939941406
90.64703369140625 447.4224853515625
91.14498138427734 447.20574951171875
91.63775634765625 446.9775390625
92.12511444091797 446.7379455566406
92.60677337646484 446.48712158203125
93.08247375488281 446.2251892089844
93.55196380615234 445.9523010253906
94.01499938964844 445.6685791015625
94.47132110595703 445.37420654296875
94.92068481445312 445.0693359375
95.34125518798828 444.7675476074219
95.73110961914062 444.46832275390625
96.06786346435547 444.1880187988281
96.321533203125 443.9538879394531
96.55252838134766 443.7139892578125
96.76838684082031 443.4611511230469
96.9688949584961 443.1956481933594
97.1532974243164 442.91845703125
97.32157897949219 442.6294860839844
97.47288513183594 442.33001708984375
97.60852813720703 442.01690673828125
97.73126220703125 441.68194580078125
97.84748077392578 441.3030090332031
97.95218658447266 440.8912353515625
98.05440521240234 440.40826416015625
98.14456939697266 439.9020080566406
98.22207641601562 439.3804931640625
98.28765869140625 438.8450012207031
98.34087371826172 438.30474853515625
98.38153839111328 437.7633972167969
98.40962982177734 437.22113037109375
98.42514038085938 436.6783447265625
98.42806243896484 436.1353454589844
98.41838836669922 435.5924072265625
98.39612579345703 435.04986572265625
98.36128234863281 434.50799560546875
98.31388854980469 433.96710205078125
98.25396728515625 433.4274597167969
98.18154907226562 432.88934326171875
98.09667205810547 432.35308837890625
97.99938201904297 431.8189392089844
97.88972473144531 431.2872009277344
97.76776885986328 430.7581481933594
97.63357543945312 430.2320556640625
97.48721313476562 429.709228515625
97.32876586914062 429.1899108886719
97.15831756591797 428.6744079589844
96.97595977783203 428.1629943847656
96.78179168701172 427.6559753417969
96.57592010498047 427.1535949707031
96.35845184326172 426.6560974121094
96.12950134277344 426.1637878417969
95.88919067382812 425.6769104003906
95.63764953613281 425.19573974609375
95.37501525878906 424.7205505371094
95.10142517089844 424.2515869140625
94.81703186035156 423.7890930175781
94.52198028564453 423.33331298828125
94.2164306640625 422.884521484375
94.01597595214844 422.61474609375
93.801513671875 422.359375
93.57280731201172 422.117919921875
93.31141662597656 421.8722229003906
92.9383773803711 421.55230712890625
92.51879119873047 421.21343994140625
92.08909606933594 420.8830261230469
91.6511001586914 420.56219482421875
91.20577239990234 420.2516174316406
90.75335693359375 419.95147705078125
90.2940902709961 419.66192626953125
89.8282241821289 419.38311767578125
89.35591888427734 419.1151428222656
88.87749481201172 418.8581848144531
88.39323425292969 418.6123962402344
87.90337371826172 418.37786865234375
87.40818786621094 418.15478515625
86.90794372558594 417.9432373046875
86.40286254882812 417.74334716796875
85.89328002929688 417.55523681640625
85.37944793701172 417.3789978027344
84.86161804199219 417.2147216796875
84.34011840820312 417.0625305175781
83.81517028808594 416.9224548339844
83.28710174560547 416.79461669921875
82.75625610351562 416.6791076660156
82.22284698486328 416.575927734375
81.68717956542969 416.48516845703125
81.14950561523438 416.4068908691406
80.61017608642578 416.34112548828125
80.06947326660156 416.28790283203125
79.52764129638672 416.24725341796875
78.98503112792969 416.2192077636719
78.44194030761719 416.2037658691406
77.89864349365234 416.2009582519531
77.35541534423828 416.21075439453125
76.81256103515625 416.2331848144531
76.2703857421875 416.2682189941406
75.72920989990234 416.3158264160156
75.18930053710938 416.3759765625
74.65093231201172 416.44866943359375
74.11442565917969 416.5338439941406
73.58004760742188 416.6314392089844
73.04808044433594 416.7414245605469
72.51884460449219 416.86370849609375
71.99259948730469 416.99822998046875
71.4696273803711 417.1449279785156
70.95020294189453 417.3037414550781
70.43462371826172 417.47454833984375
69.92314910888672 417.65728759765625
69.41606140136719 417.8518371582031
68.91365051269531 418.05810546875
68.41616821289062 418.2759704589844
67.92388153076172 418.50531005859375
67.43710327148438 418.7460021972656
66.95606231689453 418.9979248046875
66.48101806640625 419.26092529296875
66.01229095458984 419.53485107421875
65.55033111572266 419.8194580078125
65.09586334228516 420.1143493652344
64.64974212646484 420.41912841796875
64.2108383178711 420.734619140625
63.783546447753906 421.0579528808594
63.365203857421875 421.39141845703125
62.96369552612305 421.72930908203125
62.59379577636719 422.0606384277344
62.272544860839844 422.37139892578125
62.002464294433594 422.6584167480469
61.78752899169922 422.9137878417969
61.590126037597656 423.1790466308594
61.40922164916992 423.45538330078125
61.24528121948242 423.7420654296875
61.09886932373047 424.0380859375
60.970516204833984 424.34234619140625
60.86068344116211 424.6537780761719
60.76976776123047 424.9712829589844
60.69808578491211 425.2937316894531
60.64590072631836 425.6199645996094
60.613346099853516 425.9493103027344
60.60041809082031 426.28326416015625
60.607398986816406 426.6225280761719
60.63875198364258 427.05316162109375
60.695655822753906 427.568603515625
60.76914978027344 428.10321044921875
60.85567855834961 428.637939453125
60.954856872558594 429.1712646484375
61.06650924682617 429.7026062011719
61.190452575683594 430.231201171875
61.326622009277344 430.75677490234375
61.474945068359375 431.279052734375
61.635337829589844 431.7977600097656
61.80772018432617 432.3126220703125
61.99199676513672 432.8233337402344
62.18806457519531 433.3296203613281
62.39582443237305 433.83123779296875
62.61516189575195 434.3279113769531
62.8459587097168 434.8193664550781
63.08808898925781 435.3053283691406
63.34142303466797 435.7855529785156
63.60582733154297 436.259765625
63.88115692138672 436.72772216796875
64.16726684570312 437.18914794921875
64.46400451660156 437.6438293457031
64.77120208740234 438.09149169921875
65.08869934082031 438.53192138671875
65.41632843017578 438.9648742675781
65.75390625 439.3901062011719
66.10125732421875 439.8074035644531
66.45819091796875 440.2165222167969
66.82451629638672 440.61724853515625
67.20003509521484 441.0093688964844
67.58454895019531 441.3926696777344
67.97785186767578 441.7669677734375
68.37973022460938 442.1320495605469
68.78996276855469 442.4877014160156
69.20833587646484 442.833740234375
69.6346206665039 443.16998291015625
70.06858825683594 443.4962463378906
70.510009765625 443.8123779296875
70.9586410522461 444.1181640625
71.41424560546875 444.4134826660156
71.87657928466797 444.6981506347656
72.34539031982422 444.9720153808594
72.82042694091797 445.23492431640625
73.30142974853516 445.48675537109375
73.78814697265625 445.72735595703125
74.28031158447266 445.95660400390625
74.77765655517578 446.17437744140625
75.27992248535156 446.38055419921875
75.78683471679688 446.5750427246094
76.2981185913086 446.7577209472656
76.81350708007812 446.9284973144531
77.33271026611328 447.0872497558594
77.85546112060547 447.23394775390625
78.3814697265625 447.36846923828125
78.91046142578125 447.4907531738281
79.44214630126953 447.6007385253906
79.97623443603516 447.6983642578125
80.51244354248047 447.7835693359375
81.05048370361328 447.8563232421875
81.59016418457031 447.9165954589844
82.13109588623047 447.9643249511719
82.67300415039062 447.9994812011719
83.21559143066406 448.0220642089844
83.75856018066406 448.0320739746094
84.30162048339844 448.02947998046875
84.844482421875 448.0142822265625
85.38684844970703 447.9864807128906
85.92842864990234 447.94610595703125
86.46893310546875 447.8931884765625
87.00807189941406 447.8277282714844
87.5455551147461 447.7497863769531
88.08108520507812 447.6593933105469
88.61437225341797 447.55657958984375
89.14512634277344 447.4414367675781
89.67308044433594 447.3139953613281
90.19793701171875 447.1743469238281
90.71941375732422 447.0225524902344
91.23722076416016 446.85870361328125
91.75109100341797 446.682861328125
92.2607421875 446.4951477050781
92.7658920288086 446.2956848144531
93.26628112792969 446.08453369140625
93.76162719726562 445.8618469238281
94.25166320800781 445.6277160644531
94.73614501953125 445.38226318359375
95.21479034423828 445.1256408691406
95.68733978271484 444.8580017089844
96.153564453125 444.5794677734375
96.61317443847656 444.2901916503906
97.06594848632812 443.9903259277344
97.5042724609375 443.6844482421875
97.92660522460938 443.3727111816406
98.31717681884766 443.0653991699219
98.6501235961914 442.78167724609375
98.9020767211914 442.5436706542969
99.12980651855469 442.3016357421875
99.34172058105469 442.0474853515625
99.5380859375 441.7809753417969
99.7181625366211 441.5030517578125
99.88156127929688 441.21429443359375
100.02760314941406 440.9158020019531
100.15660858154297 440.606689453125
100.26788330078125 440.2881164550781
100.36418151855469 439.950439453125
100.4443130493164 439.5945739746094
100.52554321289062 439.1330871582031
100.5941162109375 438.63916015625
100.64936065673828 438.12310791015625
100.69119262695312 437.5939636230469
100.72054290771484 437.05194091796875
100.7373046875 436.50921630859375
100.7414779663086 435.9662170410156
100.7330551147461 435.42327880859375
100.71204376220703 434.88067626953125
100.67845153808594 434.3387145996094
100.6323013305664 433.7976989746094
100.57361602783203 433.2579040527344
100.50243377685547 432.7196044921875
100.41878509521484 432.1831359863281
100.32272338867188 431.6487731933594
100.21429443359375 431.11676025390625
100.09355926513672 430.58740234375
99.96057891845703 430.0610046386719
99.8154296875 429.537841796875
99.6581802368164 429.0181579589844
99.48892211914062 428.5022888183594
99.30774688720703 427.990478515625
99.11475372314453 427.4830017089844
98.91004180908203 426.9801330566406
98.69371795654297 426.4821472167969
98.46590423583984 425.98931884765625
98.22672271728516 425.50189208984375
97.97630310058594 425.0201416015625
97.71477508544922 424.5443420410156
97.44227600097656 424.0747375488281
97.1589584350586 423.611572265625
96.86497497558594 423.1551208496094
96.56047821044922 422.7055969238281
96.24563598632812 422.2632751464844
96.03231048583984 421.98785400390625
95.81330108642578 421.73699951171875
95.58016967773438 421.50018310546875
95.31483459472656 421.2602844238281
94.99528503417969 421.0004577636719
94.56399536132812 420.6749267578125
94.12555694580078 420.3602294921875
93.67710876464844 420.0541687011719
93.2216796875 419.75860595703125
92.75951385498047 419.47369384765625
92.29086303710938 419.1995849609375
91.81596374511719 418.9364013671875
91.33502197265625 418.6842956542969
90.84835815429688 418.4433898925781
90.35621643066406 418.2138366699219
89.8588638305664 417.9957580566406
89.35658264160156 417.7892761230469
88.84962463378906 417.594482421875
88.33826446533203 417.4114990234375
87.82278442382812 417.2404479980469
87.30345916748047 417.0813903808594
86.78057861328125 416.9344177246094
86.25443267822266 416.79962158203125
85.72526550292969 416.67706298828125
85.19338989257812 416.56683349609375
84.6590805053711 416.4689636230469
84.12264251708984 416.383544921875
83.58436584472656 416.31060791015625
83.04454803466797 416.25018310546875
82.50348663330078 416.2023010253906
81.96143341064453 416.1669921875
81.418701171875 416.144287109375
80.87557220458984 416.1341857910156
80.33234405517578 416.1366882324219
79.789306640625 416.15179443359375
79.24674987792969 416.17950439453125
78.70501708984375 416.2198181152344
78.16436004638672 416.272705078125
77.62510681152344 416.338134765625
77.08753204345703 416.4160461425781
76.55191040039062 416.50640869140625
76.0185546875 416.60919189453125
75.48774719238281 416.7243347167969
74.95974731445312 416.85174560546875
74.43487548828125 416.99139404296875
73.91337585449219 417.1431884765625
73.39555358886719 417.3070373535156
72.8816909790039 417.48284912109375
72.37205505371094 417.6705322265625
71.8669204711914 417.8699951171875
71.3665542602539 418.08111572265625
70.87123107910156 418.30377197265625
70.38121795654297 418.5378723144531
69.89683532714844 418.7832336425781
69.4183349609375 419.0397644042969
68.94603729248047 419.3072814941406
68.48016357421875 419.5856628417969
68.02098083496094 419.8747863769531
67.56929779052734 420.1741943359375
67.12584686279297 420.4834899902344
66.6934585571289 420.801025390625
66.26969909667969 421.12884521484375
65.86161041259766 421.4620361328125
65.48208618164062 421.7913818359375
65.1896743774414 422.0671081542969
64.93911743164062 422.3296813964844
64.72431945800781 422.5825500488281
64.52597045898438 422.8466491699219
64.34388732910156 423.1221618652344
64.17869567871094 423.4081115722656
64.03099060058594 423.7034912109375
63.901302337646484 424.0072021484375
63.790096282958984 424.3182067871094
63.69777297973633 424.6353454589844
63.624629974365234 424.9576721191406
63.57081985473633 425.2846984863281
63.5361442565918 425.61883544921875
63.51974868774414 425.9777526855469
63.523006439208984 426.3663024902344
63.54841995239258 426.8523864746094
63.59263610839844 427.38397216796875
63.65072250366211 427.91986083984375
63.72200393676758 428.45794677734375
63.80576705932617 428.99420166015625
63.9019889831543 429.5285339355469
64.01058197021484 430.0605163574219
64.13147735595703 430.5898132324219
64.26461791992188 431.1161804199219
64.40992736816406 431.6393127441406
64.56732940673828 432.158935546875
64.73674011230469 432.6747741699219
64.9180679321289 433.1865234375
65.11122131347656 433.6939392089844
65.31608581542969 434.1967468261719
65.53255462646484 434.6946716308594
65.76051330566406 435.18743896484375
65.99983978271484 435.6747741699219
66.25040435791016 436.15643310546875
66.51207733154297 436.63214111328125
66.78470611572266 437.1016540527344
67.06815338134766 437.5647277832031
67.36226654052734 438.0211181640625
67.66688537597656 438.4705505371094
67.98184204101562 438.9128112792969
68.30696868896484 439.3476257324219
68.64209747314453 439.7747802734375
68.9870376586914 440.1940612792969
69.34161376953125 440.605224609375
69.70562744140625 441.008056640625
70.07888793945312 441.40234375
70.46118927001953 441.7878723144531
70.85233306884766 442.1644287109375
71.25210571289062 442.53179931640625
71.66029357910156 442.8898010253906
72.07667541503906 443.2382507324219
72.50102996826172 443.5769348144531
72.93312072753906 443.90570068359375
73.37272644042969 444.2243347167969
73.8196029663086 444.5326843261719
74.27351379394531 444.8305969238281
74.73420715332031 445.1178894042969
75.20144653320312 445.3944396972656
75.67497253417969 445.6600646972656
76.15453338623047 445.9146423339844
76.6398696899414 446.15802001953125
77.13072204589844 446.39007568359375
77.62682342529297 446.6106872558594
78.1279067993164 446.8197326660156
78.63370513916016 447.01708984375
79.1439437866211 447.2026672363281
79.6583480834961 447.3763732910156
80.17664337158203 447.5380859375
80.69854736328125 447.687744140625
81.22378540039062 447.82525634765625
81.75206756591797 447.9505615234375
82.28311920166016 448.0635681152344
82.81664276123047 448.1642150878906
83.35235595703125 448.2524719238281
83.88997650146484 448.3282775878906
84.42920684814453 448.3916015625
84.96989440917969 448.4424133300781
85.51162719726562 448.4806823730469
86.05410766601562 448.50634765625
86.5970458984375 448.5194396972656
87.14015197753906 448.5199279785156
87.6831283569336 448.5078125
88.2256851196289 448.48309326171875
88.76753234863281 448.44580078125
89.3083724975586 448.39593505859375
89.8479232788086 448.3335266113281
90.38587951660156 448.25860595703125
90.92195892333984 448.1712341308594
91.45587158203125 448.0714416503906
91.9873275756836 447.9592590332031
92.51604461669922 447.83477783203125
93.0417251586914 447.69805908203125
93.5640869140625 447.5491638183594
94.0828628540039 447.38818359375
94.5977554321289 447.2152099609375
95.10848236083984 447.03033447265625
95.61479187011719 446.8336486816406
96.11640930175781 446.6252746582031
96.61304473876953 446.4053039550781
97.10443115234375 446.1738586425781
97.59030151367188 445.93109130859375
98.07039642333984 445.6771240234375
98.54447174072266 445.4120788574219
99.01225280761719 445.1361083984375
99.4735107421875 444.8493347167969
99.9279556274414 444.5519714355469
100.3753890991211 444.244140625
100.8060302734375 443.93194580078125
101.2131576538086 443.618896484375
101.58582305908203 443.3119812011719
101.89158630371094 443.0375061035156
102.13296508789062 442.7962646484375
102.35257720947266 442.5490417480469
102.55675506591797 442.289306640625
102.7449722290039 442.0177307128906
102.91658782958984 441.7352600097656
103.07096099853516 441.4429016113281
103.20768737792969 441.14141845703125
103.32623291015625 440.8318786621094
103.4267807006836 440.5135498046875
103.50885772705078 440.1872863769531
103.57246398925781 439.8519592285156
103.62644958496094 439.44989013671875
103.66525268554688 439.0061950683594
103.69144439697266 438.4908752441406
103.70460510253906 437.9482727050781
103.70516204833984 437.4053039550781
103.69313049316406 436.8624572753906
103.66851043701172 436.32000732421875
103.63131713867188 435.7782897949219
103.5815658569336 435.2375793457031
103.51929473876953 434.69818115234375
103.44453430175781 434.1603698730469
103.3573226928711 433.62445068359375
103.25770568847656 433.0907287597656
103.14574432373047 432.5594482421875
103.02149200439453 432.0309143066406
102.885009765625 431.5054016113281
102.73638153076172 430.98321533203125
102.57568359375 430.464599609375
102.40299987792969 429.9498596191406
102.21842193603516 429.43927001953125
102.02205657958984 428.9330749511719
101.81400299072266 428.43157958984375
101.59437561035156 427.93505859375
101.36328887939453 427.4437561035156
101.1208724975586 426.95794677734375
100.86725616455078 426.4778747558594
100.60256958007812 426.0038146972656
100.32696533203125 425.5360412597656
100.04058074951172 425.07476806640625
99.74357604980469 424.6202697753906
99.43610382080078 424.17279052734375
99.11833953857422 423.7325439453125
98.79044342041016 423.2998046875
98.5611801147461 423.0208740234375
98.33324432373047 422.7740173339844
98.09208679199219 422.5421447753906
97.79922485351562 422.29052734375
97.4356918334961 422.00634765625
97.01378631591797 421.6993408203125
96.56686401367188 421.3915100097656
96.11268615722656 421.0940246582031
95.65172576904297 420.8071594238281
95.18423461914062 420.53106689453125
94.71046447753906 420.265869140625
94.23066711425781 420.0117492675781
93.74507904052734 419.7688293457031
93.25396728515625 419.5372314453125
92.75760650634766 419.31707763671875
92.2562484741211 419.1084899902344
91.75018310546875 418.91156005859375
91.23966979980469 418.7264404296875
90.72499084472656 418.5531921386719
90.20643615722656 418.3919372558594
89.68425750732422 418.24273681640625
89.15875244140625 418.105712890625
88.63021087646484 417.98089599609375
88.09889221191406 417.8683776855469
87.56512451171875 417.7682189941406
87.02916717529297 417.68048095703125
86.4913101196289 417.6051940917969
85.95183563232422 417.54241943359375
85.41104125976562 417.4921875
84.86921691894531 417.4544982910156
84.32665252685547 417.4294128417969
83.78363800048828 417.4169006347656
83.24047088623047 417.4170227050781
82.69744110107422 417.42974853515625
82.15483856201172 417.455078125
81.61296081542969 417.49298095703125
81.07211303710938 417.54345703125
80.5325927734375 417.6064758300781
79.99468994140625 417.6820068359375
79.45868682861328 417.7699890136719
78.92488861083984 417.8703918457031
78.39358520507812 417.983154296875
77.86505889892578 418.10821533203125
77.3395767211914 418.2455139160156
76.81743621826172 418.39495849609375
76.29891204833984 418.5564880371094
75.7842788696289 418.7300109863281
75.27383422851562 418.9154052734375
74.767822265625 419.11260986328125
74.26654052734375 419.32147216796875
73.77025604248047 419.5419006347656
73.27922058105469 419.7738037109375
72.79374694824219 420.0169982910156
72.31407165527344 420.2713928222656
71.84056091308594 420.53680419921875
71.37368774414062 420.81298828125
70.9139175415039 421.0997009277344
70.46092224121094 421.397216796875
70.01673889160156 421.70428466796875
69.58467864990234 422.01904296875
69.17264556884766 422.336669921875
68.79082489013672 422.6507263183594
68.46095275878906 422.9443664550781
68.18396759033203 423.21575927734375
67.95919036865234 423.46209716796875
67.7513427734375 423.71923828125
67.55953979492188 423.98809814453125
67.38423919677734 424.26800537109375
67.22607421875 424.5579528808594
67.08561706542969 424.8569030761719
66.96334075927734 425.1638488769531
66.85969543457031 425.4776611328125
66.77493286132812 425.7976989746094
66.70899200439453 426.1246032714844
66.66217803955078 426.45794677734375
66.63290405273438 426.8152160644531
66.61956024169922 427.246337890625
66.62313079833984 427.7595520019531
66.64164733886719 428.2972412109375
66.67330169677734 428.8371887207031
66.71778869628906 429.37744140625
66.77494049072266 429.9172668457031
66.84461212158203 430.4556884765625
66.92676544189453 430.99237060546875
67.0213394165039 431.5270080566406
67.12828826904297 432.0592956542969
67.24755096435547 432.5889587402344
67.37906646728516 433.11572265625
67.52276611328125 433.6393127441406
67.6785659790039 434.159423828125
67.84638977050781 434.67578125
68.02613830566406 435.1881103515625
68.21772003173828 435.6961364746094
68.42103576660156 436.1995849609375
68.63597106933594 436.69818115234375
68.86241149902344 437.191650390625
69.10023498535156 437.6797180175781
69.34931182861328 438.1621398925781
69.60951232910156 438.638671875
69.88069152832031 439.1090393066406
70.16271209716797 439.572998046875
70.45541381835938 440.0302734375
70.7586441040039 440.48065185546875
71.07223510742188 440.9238586425781
71.3960189819336 441.35968017578125
71.72982788085938 441.7878723144531
72.07347869873047 442.2082214355469
72.42678833007812 442.6204833984375
72.78956604003906 443.0244445800781
73.16161346435547 443.41986083984375
73.54273223876953 443.8065490722656
73.93272399902344 444.1842956542969
74.33137512207031 444.5528869628906
74.73846435546875 444.9121398925781
75.15377807617188 445.2618408203125
75.57709503173828 445.601806640625
76.00818634033203 445.931884765625
76.44682312011719 446.2518615722656
76.89276123046875 446.56158447265625
77.34576416015625 446.8608703613281
77.80559539794922 447.1495666503906
78.2719955444336 447.4275207519531
78.74472045898438 447.694580078125
79.2235107421875 447.9505920410156
79.70811462402344 448.1954345703125
80.19827270507812 448.428955078125
80.69371032714844 448.6510314941406
81.19416809082031 448.861572265625
81.69937896728516 449.0604248046875
82.20906829833984 449.2475280761719
82.72296142578125 449.4227294921875
83.24077606201172 449.5859680175781
83.76223754882812 449.7371520996094
84.28707122802734 449.876220703125
84.81498718261719 450.0030517578125
85.345703125 450.11761474609375
85.8789291381836 450.2198486328125
86.41438293457031 450.3096923828125
86.9517822265625 450.3870849609375
87.49082946777344 450.4519958496094
88.03123474121094 450.50439453125
88.5728988647461 450.54425048828125
89.11534881591797 450.5715026855469
89.6583023071289 450.586181640625
90.20145416259766 450.5882568359375
90.74452209472656 450.57769775390625
91.2872085571289 450.5545349121094
91.82921600341797 450.518798828125
92.3702621459961 450.4704895019531
92.91004943847656 450.4096374511719
93.44828796386719 450.33624267578125
93.98468017578125 450.2503967285156
94.51892852783203 450.152099609375
95.05078125 450.0414123535156
95.57991790771484 449.9184265136719
96.1060562133789 449.7831726074219
96.62890625 449.6357421875
97.14820098876953 449.4761962890625
97.66366577148438 449.30462646484375
98.17500305175781 449.12115478515625
98.68193054199219 448.92584228515625
99.18417358398438 448.7188415527344
99.68148040771484 448.5002136230469
100.17359161376953 448.27008056640625
100.66018676757812 448.02862548828125
101.14105224609375 447.7759094238281
101.61590576171875 447.5121154785156
102.08451843261719 447.23736572265625
102.5466079711914 446.9518127441406
103.00192260742188 446.6556396484375
103.45022583007812 446.3489685058594
103.89129638671875 446.031982421875
104.31551361083984 445.7109680175781
104.72042846679688 445.3865661621094
105.08716583251953 445.07244873046875
105.3965072631836 444.7843017578125
105.63909149169922 444.5334777832031
105.85546875 444.2817077636719
106.0553207397461 444.0187683105469
106.23900604248047 443.7442932128906
106.40586853027344 443.4592590332031
106.5553207397461 443.1646728515625
106.68682098388672 442.8616027832031
106.79988861083984 442.5511169433594
106.89413452148438 442.2342529296875
106.96937561035156 441.91156005859375
107.02574157714844 441.581787109375
107.0643081665039 441.23492431640625
107.08740997314453 440.83111572265625
107.09502410888672 440.33544921875
107.08777618408203 439.7933654785156
107.06786346435547 439.2508239746094
107.03536987304688 438.7088317871094
106.99031066894531 438.167724609375
106.93270874023438 437.6277770996094
106.86260223388672 437.0893249511719
106.78003692626953 436.55267333984375
106.68505096435547 436.0180969238281
106.57769775390625 435.4858703613281
106.45802307128906 434.956298828125
106.32610321044922 434.42962646484375
106.1820068359375 433.9061584472656
106.02580261230469 433.38616943359375
105.85758209228516 432.86993408203125
105.67743682861328 432.3577575683594
105.48545837402344 431.8498840332031
105.28175354003906 431.34661865234375
105.06643676757812 430.84820556640625
104.83961486816406 430.35491943359375
104.6014175415039 429.8670349121094
104.35196685791016 429.3847961425781
104.09140014648438 428.9084777832031
103.81985473632812 428.4383239746094
103.53748321533203 427.9745788574219
103.24443054199219 427.51751708984375
102.94085693359375 427.0673828125
102.62692260742188 426.6243896484375
102.30280303955078 426.1888122558594
101.96866607666016 425.7608642578125
101.62469482421875 425.3407897949219
101.357177734375 425.03729248046875
101.11328125 424.788818359375
100.85755920410156 424.55682373046875
100.56175231933594 424.3170166015625
100.14573669433594 424.0072326660156
99.70653533935547 423.6982421875
99.25513458251953 423.3966064453125
98.79682922363281 423.1054992675781
98.33189392089844 422.8251037597656
97.86058044433594 422.5555725097656
97.38314056396484 422.29705810546875
96.89983367919922 422.0496826171875
96.41091918945312 421.8135681152344
95.91665649414062 421.5888671875
95.41729736328125 421.3757019042969
94.91311645507812 421.1741638183594
94.4043960571289 420.984375
93.89138793945312 420.8064270019531
93.37437438964844 420.6404113769531
92.8536605834961 420.4864196777344
92.32950592041016 420.34454345703125
91.80219268798828 420.2148742675781
91.27201080322266 420.09747314453125
90.7392349243164 419.9924011230469
90.20415496826172 419.89971923828125
89.66706085205078 419.8194580078125
89.12824249267578 419.7516784667969
88.58798217773438 419.6964111328125
88.04657745361328 419.6536865234375
87.50431823730469 419.62353515625
86.96150207519531 419.6059875488281
86.41841125488281 419.6010437011719
85.8753433227539 419.60870361328125
85.33258819580078 419.62896728515625
84.79044342041016 419.66180419921875
84.24919891357422 419.70721435546875
83.70914459228516 419.76519775390625
83.17057800292969 419.835693359375
82.63381958007812 419.9186706542969
82.09913635253906 420.0140686035156
81.56681823730469 420.1218566894531
81.03715515136719 420.2419738769531
80.51043701171875 420.37432861328125
79.9869384765625 420.5188903808594
79.4669418334961 420.675537109375
78.95073699951172 420.8442077636719
78.4385986328125 421.0248107910156
77.93077850341797 421.2172546386719
77.42757415771484 421.4214172363281
76.92924499511719 421.6371765136719
76.43608856201172 421.86444091796875
75.9483642578125 422.1030578613281
75.46640014648438 422.3529052734375
74.99041748046875 422.6138610839844
74.52094268798828 422.8856506347656
74.05789947509766 423.1683349609375
73.60234069824219 423.4613342285156
73.15824127197266 423.7624206542969
72.71915435791016 424.07611083984375
72.29255676269531 424.3971862792969
71.90392303466797 424.7081298828125
71.56694793701172 424.9996337890625
71.2868881225586 425.2662353515625
71.05429077148438 425.5137023925781
70.84274291992188 425.7674560546875
70.6468276977539 426.033447265625
70.46723937988281 426.3107604980469
70.30462646484375 426.598388671875
70.1595230102539 426.8953857421875
70.032470703125 427.2007141113281
69.92372131347656 427.5137939453125
69.83318328857422 427.8352966308594
69.75962829589844 428.1712646484375
69.69902038574219 428.54718017578125
69.65373229980469 428.95965576171875
69.61946105957031 429.45770263671875
69.60235595703125 429.9501647949219
69.5999755859375 430.4829406738281
69.6109619140625 431.0240783691406
69.63471221923828 431.5657958984375
69.6711196899414 432.107421875
69.7200927734375 432.64813232421875
69.7815933227539 433.1875915527344
69.8555908203125 433.7254638671875
69.9420394897461 434.261474609375
70.04090118408203 434.79534912109375
70.15211486816406 435.3267822265625
70.27561950683594 435.8554992675781
70.4113540649414 436.3811950683594
70.55924224853516 436.9035949707031
70.71920776367188 437.42242431640625
70.89116668701172 437.9374084472656
71.07501983642578 438.4482727050781
71.27066802978516 438.9547424316406
71.47801208496094 439.45654296875
71.69693756103516 439.9533996582031
71.92733001708984 440.4450378417969
72.16905975341797 440.9311828613281
72.4219970703125 441.4115905761719
72.6860122680664 441.8860168457031
72.9609603881836 442.35418701171875
73.24668884277344 442.81585693359375
73.54304504394531 443.2707824707031
73.8498764038086 443.7187194824219
74.1670150756836 444.159423828125
74.4942855834961 444.5926513671875
74.8315200805664 445.0181579589844
75.17853546142578 445.43572998046875
75.53514099121094 445.8451232910156
75.90115356445312 446.24615478515625
76.2763671875 446.6385803222656
76.66058349609375 447.0221862792969
77.05360412597656 447.39678955078125
77.45520782470703 447.76214599609375
77.86518096923828 448.11810302734375
78.2833023071289 448.4644470214844
78.7093505859375 448.8009948730469
79.14309692382812 449.1275634765625
79.58430480957031 449.4439697265625
80.0327377319336 449.75006103515625
80.48815155029297 450.045654296875
80.95030212402344 450.3305969238281
81.4189453125 450.604736328125
81.8938217163086 450.867919921875
82.37467956542969 451.1200256347656
82.86125946044922 451.36090087890625
83.35330200195312 451.5904235839844
83.85053253173828 451.8084716796875
84.35269165039062 452.0149230957031
84.85950469970703 452.20965576171875
85.3707046508789 452.392578125
85.8860092163086 452.5635986328125
86.40514373779297 452.72259521484375
86.92782592773438 452.8695068359375
87.45378112792969 453.0042724609375
87.98271942138672 453.1268005371094
88.51435852050781 453.23699951171875
89.04840850830078 453.3348388671875
89.58458709716797 453.4202880859375
90.12260437011719 453.4932556152344
90.66216278076172 453.5537414550781
91.2029800415039 453.6016845703125
91.74476623535156 453.6370849609375
92.28748321533203 453.659912109375
92.83060455322266 453.6701354980469
93.37382507324219 453.667724609375
93.91686248779297 453.6527099609375
94.45941162109375 453.6250915527344
95.00119018554688 453.5848693847656
95.54190063476562 453.5320739746094
96.08125305175781 453.46673583984375
96.61894989013672 453.3888854980469
97.15469360351562 453.298583984375
97.6882095336914 453.19586181640625
98.21919250488281 453.08074951171875
98.74737548828125 452.9533386230469
99.27245330810547 452.8136901855469
99.7941665649414 452.661865234375
100.31220245361328 452.49798583984375
100.82627868652344 452.3221130371094
101.33614349365234 452.13433837890625
101.84149169921875 451.93475341796875
102.34208679199219 451.7234802246094
102.83761596679688 451.5006408691406
103.32781982421875 451.266357421875
103.81246185302734 451.020751953125
104.29124450683594 450.76397705078125
104.76390838623047 450.49615478515625
105.23023986816406 450.2174072265625
105.68994903564453 449.92791748046875
106.142822265625 449.6278381347656
106.58858489990234 449.31732177734375
107.02699279785156 448.99658203125
107.45211791992188 448.6695251464844
107.8622817993164 448.336669921875
108.2453842163086 448.0065612792969
108.54269409179688 447.7285461425781
108.79698181152344 447.4646301269531
109.01533508300781 447.2103271484375
109.21514129638672 446.94732666015625
109.39875030517578 446.6728210449219
109.5655288696289 446.3877868652344
109.71487426757812 446.0932312011719
109.84624481201172 445.79022216796875
109.95917510986328 445.4798278808594
110.05325317382812 445.1631774902344
110.1281509399414 444.8414001464844
110.18377685546875 444.5146484375
110.22032928466797 444.1805114746094
110.23876953125 443.82110595703125
110.23772430419922 443.4317321777344
110.21527099609375 442.9178161621094
110.17710876464844 442.37701416015625
110.12628173828125 441.8365173339844
110.06292724609375 441.29736328125
109.98706817626953 440.7597961425781
109.89875030517578 440.22406005859375
109.79803466796875 439.6905517578125
109.68497467041016 439.1595153808594
109.55963134765625 438.6312561035156
109.42206573486328 438.10601806640625
109.2723617553711 437.5841369628906
109.110595703125 437.06585693359375
108.93685150146484 436.5514831542969
108.751220703125 436.041259765625
108.5538101196289 435.5354919433594
108.34471893310547 435.034423828125
108.12406921386719 434.538330078125
107.89197540283203 434.0475158691406
107.6485595703125 433.56219482421875
107.39395141601562 433.0826416015625
107.12828826904297 432.609130859375
106.85171508789062 432.14190673828125
106.56438446044922 431.6812438964844
106.26644897460938 431.22735595703125
105.95806121826172 430.7804870605469
105.63939666748047 430.3409118652344
105.31062316894531 429.9088439941406
104.97191619873047 429.4844970703125
104.62345886230469 429.068115234375
104.26544189453125 428.6599426269531
103.89805603027344 428.26019287109375
103.55827331542969 427.91168212890625
103.26847839355469 427.6390380859375
102.968994140625 427.3847351074219
102.59817504882812 427.0976257324219
102.16236114501953 426.7818298339844
101.71609497070312 426.4745178222656
101.2618637084961 426.1770935058594
100.80085754394531 425.8902893066406
100.33332061767578 425.6142578125
99.85951232910156 425.3491516113281
99.37967681884766 425.0950927734375
98.89408111572266 424.85223388671875
98.40298461914062 424.6206970214844
97.90664672851562 424.4006042480469
97.40534210205078 424.1921081542969
96.89932250976562 423.9952697753906
96.38886260986328 423.8102111816406
95.8742446899414 423.6370544433594
95.3557357788086 423.4758605957031
94.8336181640625 423.3267517089844
94.30818176269531 423.1897888183594
93.77970123291016 423.0650329589844
93.24845886230469 422.95257568359375
92.71475219726562 422.8524475097656
92.1788558959961 422.7647399902344
91.64105987548828 422.6894836425781
91.10165405273438 422.626708984375
90.56092834472656 422.57647705078125
90.01918029785156 422.5387878417969
89.47669219970703 422.5137023925781
88.93376159667969 422.5011901855469
88.39067840576172 422.50128173828125
87.84773254394531 422.51397705078125
87.30522155761719 422.5392761230469
86.76344299316406 422.5771484375
86.2226791381836 422.6275939941406
85.68321990966797 422.6905517578125
85.14537048339844 422.7660217285156
84.60941314697266 422.85394287109375
84.07566833496094 422.95428466796875
83.54439544677734 423.0669860839844
83.01588439941406 423.1919860839844
82.49043273925781 423.3292236328125
81.96831512451172 423.4786071777344
81.4498062133789 423.6400451660156
80.93518829345703 423.8134765625
80.42474365234375 423.998779296875
79.91875457763672 424.1958923339844
79.41747283935547 424.4046630859375
78.92117309570312 424.6250305175781
78.43014526367188 424.8568420410156
77.94464874267578 425.0999450683594
77.46508026123047 425.35418701171875
76.9917221069336 425.61944580078125
76.5250015258789 425.8954772949219
76.0650863647461 426.1822509765625
75.61359405517578 426.4788513183594
75.17354583740234 426.78369140625
74.75212097167969 427.0926513671875
74.33828735351562 427.4143371582031
73.99229431152344 427.70330810546875
73.70085906982422 427.970703125
73.46744537353516 428.20989990234375
73.25103759765625 428.46002197265625
73.05014038085938 428.7225341796875
72.8653564453125 428.9966735839844
72.69728088378906 429.28155517578125
72.54654693603516 429.5761413574219
72.41345977783203 429.8799133300781
72.29856872558594 430.1917419433594
72.20140075683594 430.51336669921875
72.12026977539062 430.8523864746094
72.05047607421875 431.23553466796875
71.99518585205078 431.6553039550781
71.94611358642578 432.177490234375
71.9103775024414 432.7102355957031
71.88846588134766 433.2420349121094
71.879638671875 433.7829895019531
71.8835678100586 434.3250732421875
71.90016174316406 434.8676452636719
71.92935180664062 435.4096374511719
71.97112274169922 435.9509582519531
72.02544403076172 436.4911804199219
72.09227752685547 437.0299987792969
72.17158508300781 437.5671081542969
72.2633285522461 438.10223388671875
72.36746215820312 438.6351013183594
72.48392486572266 439.1654052734375
72.61265563964844 439.69287109375
72.75357818603516 440.2171936035156
72.90662384033203 440.7381286621094
73.07170867919922 441.25537109375
73.24874877929688 441.7686462402344
73.4376449584961 442.2776794433594
73.63829803466797 442.7821960449219
73.85059356689453 443.28192138671875
74.07442474365234 443.7765808105469
74.30966186523438 444.2658996582031
74.55618286132812 444.7496337890625
74.81385803222656 445.2275390625
75.08255004882812 445.6993408203125
75.36211395263672 446.1647644042969
75.65238952636719 446.62359619140625
75.95323181152344 447.0755615234375
76.26447296142578 447.52044677734375
76.58595275878906 447.9579772949219
76.91748809814453 448.387939453125
77.2589111328125 448.8100891113281
77.61003112792969 449.2242126464844
77.97065734863281 449.63006591796875
78.34060668945312 450.0274658203125
78.71968078613281 450.4161682128906
79.10767364501953 450.79595947265625
79.50437927246094 451.1666259765625
79.90957641601562 451.5279846191406
80.32305145263672 451.8798522949219
80.74458312988281 452.2220153808594
81.17394256591797 452.5543212890625
81.61090087890625 452.8765563964844
82.05522155761719 453.1885681152344
82.50666809082031 453.49017333984375
82.96499633789062 453.7812194824219
83.4299545288086 454.0615539550781
83.90129852294922 454.3310241699219
84.37876892089844 454.5894775390625
84.86211395263672 454.8367614746094
85.35106658935547 455.07275390625
85.84536743164062 455.2973327636719
86.3447494506836 455.5103759765625
86.84894561767578 455.7117614746094
87.35768127441406 455.9013977050781
87.87068176269531 456.0791931152344
88.3876724243164 456.2450256347656
88.90837097167969 456.3988037109375
89.43250274658203 456.54046630859375
89.95977783203125 456.669921875
90.48992156982422 456.787109375
91.02263641357422 456.8919677734375
91.55764770507812 456.98443603515625
92.09465789794922 457.0644836425781
92.63337707519531 457.1320495605469
93.17352294921875 457.1871032714844
93.71479797363281 457.2296142578125
94.25691223144531 457.2595520019531
94.79957580566406 457.27691650390625
95.34249114990234 457.28167724609375
95.88573455810547 457.2738342285156
96.42866516113281 457.25335693359375
96.97098541259766 457.22027587890625
97.51240539550781 457.17462158203125
98.05262756347656 457.11639404296875
98.59136199951172 457.0456237792969
99.12832641601562 456.96234130859375
99.6632308959961 456.8666076660156
100.19576263427734 456.7584533691406
100.72563934326172 456.6379699707031
101.25259399414062 456.50518798828125
101.77633666992188 456.3601989746094
102.29656219482422 456.20306396484375
102.81298065185547 456.0339050292969
103.32530975341797 455.852783203125
103.83331298828125 455.6597900390625
104.33671569824219 455.4550476074219
104.83519744873047 455.2386474609375
105.3284912109375 455.0107421875
105.81637573242188 454.77142333984375
106.298583984375 454.52081298828125
106.77481079101562 454.2590637207031
107.24479675292969 453.9863586425781
107.70829010009766 453.70281982421875
108.16508483886719 453.4085693359375
108.6148910522461 453.10382080078125
109.05746459960938 452.7887268066406
109.4925765991211 452.46343994140625
109.92002868652344 452.1281433105469
110.33958435058594 451.7829895019531
110.70999908447266 451.45977783203125
111.03028106689453 451.15728759765625
111.300537109375 450.87640380859375
111.52235412597656 450.6187744140625
111.72280883789062 450.3558349609375
111.90691375732422 450.0816345214844
112.07418060302734 449.7969055175781
112.2240219116211 449.50262451171875
112.35590362548828 449.1998596191406
112.46935272216797 448.88970947265625
112.56395721435547 448.57330322265625
112.63937377929688 448.2517395019531
112.69535827636719 447.9260559082031
112.7317886352539 447.59674072265625
112.74850463867188 447.2645568847656
112.74547576904297 446.92095947265625
112.71879577636719 446.46746826171875
112.66956329345703 445.93603515625
112.60674285888672 445.406494140625
112.5296859741211 444.8702392578125
112.4399642944336 444.3350830078125
112.33781433105469 443.80224609375
112.22322845458984 443.27154541015625
112.09636688232422 442.7436218261719
111.95729064941406 442.21881103515625
111.80608367919922 441.6973571777344
111.642822265625 441.1795349121094
111.46759796142578 440.6656494140625
111.28050231933594 440.1559753417969
111.08163452148438 439.6507568359375
110.87110900878906 439.1502990722656
110.64903259277344 438.65484619140625
110.41551971435547 438.1646728515625
110.17070770263672 437.6800537109375
109.91471862792969 437.2012634277344
109.64769744873047 436.728515625
109.36978149414062 436.2620849609375
109.08112335205078 435.80224609375
108.7818832397461 435.3492126464844
108.47221374511719 434.90325927734375
108.15228271484375 434.464599609375
107.822265625 434.0334777832031
107.48233795166016 433.610107421875
107.13268280029297 433.1947326660156
106.77349090576172 432.78759765625
106.40495300292969 432.3888854980469
106.03217315673828 432.00469970703125
105.66852569580078 431.650634765625
105.2977294921875 431.3121643066406
104.91895294189453 430.98876953125
104.53488159179688 430.6829833984375
104.11005401611328 430.3655700683594
103.66726684570312 430.0516052246094
103.21733093261719 429.7480163574219
102.76033020019531 429.4548645019531
102.2966537475586 429.1723937988281
101.82655334472656 428.9007568359375
101.35028076171875 428.64007568359375
100.86808776855469 428.3905334472656
100.38024139404297 428.1522216796875
99.88700103759766 427.92529296875
99.38862609863281 427.7098693847656
98.88539123535156 427.5060729980469
98.3775634765625 427.3139953613281
97.86540222167969 427.13372802734375
97.34918975830078 426.96539306640625
96.82920837402344 426.80908203125
96.30573272705078 426.66485595703125
95.77904510498047 426.5328063964844
95.24942779541016 426.4129943847656
94.71717071533203 426.3055114746094
94.18255615234375 426.21038818359375
93.6458740234375 426.127685546875
93.10740661621094 426.0574645996094
92.56745147705078 425.999755859375
92.02629852294922 425.95458984375
91.4842300415039 425.9219665527344
90.9415512084961 425.9019470214844
90.39854431152344 425.8945007324219
89.85549926757812 425.899658203125
89.3127212524414 425.91741943359375
88.77049255371094 425.9477844238281
88.22911071777344 425.99072265625
87.68885803222656 426.04620361328125
87.15003967285156 426.11419677734375
86.6129379272461 426.1946716308594
86.07785034179688 426.28759765625
85.54507446289062 426.3929138183594
85.014892578125 426.51055908203125
84.48758697509766 426.6404724121094
83.96344757080078 426.7825927734375
83.4427490234375 426.93682861328125
82.92578125 427.10308837890625
82.41281127929688 427.2812805175781
81.90412902832031 427.4713439941406
81.39999389648438 427.67315673828125
80.90070343017578 427.8865966796875
80.406494140625 428.1115417480469
79.91771697998047 428.3478698730469
79.4345474243164 428.5954895019531
78.95729064941406 428.854248046875
78.48635864257812 429.1239318847656
78.02233123779297 429.40423583984375
77.56633758544922 429.6946105957031
77.1172103881836 429.9958801269531
76.67858123779297 430.3058166503906
76.26708221435547 430.6138916015625
75.90629577636719 430.9043273925781
75.60053253173828 431.1737976074219
75.35453796386719 431.41522216796875
75.13238525390625 431.66064453125
74.92534637451172 431.9189758300781
74.7341537475586 432.1893005371094
74.55931091308594 432.470947265625
74.4015121459961 432.7628173828125
74.26078796386719 433.0650329589844
74.13660430908203 433.3792419433594
74.0297622680664 433.7043151855469
73.94007110595703 434.0421142578125
73.86148071289062 434.42071533203125
73.78116607666016 434.9126892089844
73.71369171142578 435.4269104003906
73.65934753417969 435.9545593261719
73.6180648803711 436.48974609375
73.5902328491211 437.0246276855469
73.57527160644531 437.5660095214844
73.57298278808594 438.1087341308594
73.58330535888672 438.6514892578125
73.60621643066406 439.19390869140625
73.64170837402344 439.7356872558594
73.68975830078125 440.2764892578125
73.75033569335938 440.8160400390625
73.82341003417969 441.3540344238281
73.90894317626953 441.89019775390625
74.00688171386719 442.4242248535156
74.11717987060547 442.9558410644531
74.23977661132812 443.4847717285156
74.3746109008789 444.0107116699219
74.5216064453125 444.53338623046875
74.68067932128906 445.052490234375
74.85175323486328 445.5677795410156
75.03472900390625 446.0789489746094
75.2295150756836 446.58575439453125
75.43599700927734 447.087890625
75.65406799316406 447.5851135253906
75.88361358642578 448.0771484375
76.12451171875 448.563720703125
76.37662506103516 449.0445861816406
76.63982391357422 449.51947021484375
76.9139633178711 449.9881286621094
77.19889831542969 450.4502868652344
77.49447631835938 450.9057312011719
77.800537109375 451.35418701171875
78.11691284179688 451.79541015625
78.44343566894531 452.22918701171875
78.77993774414062 452.6552734375
79.12622833251953 453.0734558105469
79.48212432861328 453.4834899902344
79.8474349975586 453.8851623535156
80.22196197509766 454.2782287597656
80.60550689697266 454.6625061035156
80.99787139892578 455.03778076171875
81.39884185791016 455.4038391113281
81.8082046508789 455.7604675292969
82.2257308959961 456.1075134277344
82.65120697021484 456.44476318359375
83.08439636230469 456.77203369140625
83.52507019042969 457.08917236328125
83.97298431396484 457.39599609375
84.42790222167969 457.69232177734375
84.88957977294922 457.9779968261719
85.35777282714844 458.25286865234375
85.83222198486328 458.5168151855469
86.31266784667969 458.7696533203125
86.79885864257812 459.01129150390625
87.29053497314453 459.2415771484375
87.78742218017578 459.4603576660156
88.28925323486328 459.66754150390625
88.79576110839844 459.863037109375
89.30667877197266 460.0467224121094
89.82172393798828 460.2184753417969
90.34061431884766 460.37823486328125
90.86307525634766 460.5259094238281
91.38882446289062 460.6614074707031
91.9175796508789 460.78466796875
92.44905090332031 460.8956298828125
92.98296356201172 460.9942321777344
93.5190200805664 461.0804138183594
94.05693054199219 461.1541442871094
94.59640502929688 461.2153625488281
95.13716125488281 461.2640686035156
95.67890167236328 461.3002014160156
96.22132873535156 461.3237609863281
96.76416015625 461.334716796875
97.30709838867188 461.3330993652344
97.849853515625 461.3188781738281
98.39212799072266 461.2920837402344
98.93391418457031 461.252685546875
99.47483825683594 461.2007141113281
100.01441192626953 461.13616943359375
100.55236053466797 461.05908203125
101.0884017944336 460.9695129394531
101.6222152709961 460.8675231933594
102.15351867675781 460.7531433105469
102.68203735351562 460.6264343261719
103.20745849609375 460.4874572753906
103.72953033447266 460.3363037109375
104.24794006347656 460.1730651855469
104.76239776611328 459.997802734375
105.27265930175781 459.81060791015625
105.77841186523438 459.61163330078125
106.2794189453125 459.40093994140625
106.7753677368164 459.17864990234375
107.26603698730469 458.94488525390625
107.75110626220703 458.6997985839844
108.2303695678711 458.4434814453125
108.7035140991211 458.17608642578125
109.17028045654297 457.8977966308594
109.6304702758789 457.6087341308594
110.08377838134766 457.3090515136719
110.52996826171875 456.99896240234375
110.9688491821289 456.6785583496094
111.40013122558594 456.34808349609375
111.8235855102539 456.0076904296875
112.23902893066406 455.6575622558594
112.64620208740234 455.2978820800781
113.04488372802734 454.92889404296875
113.43489837646484 454.55072021484375
113.69221496582031 454.2811279296875
113.91033172607422 454.0249328613281
114.1094970703125 453.76055908203125
114.2920150756836 453.4853210449219
114.4576416015625 453.1996154785156
114.60579681396484 452.90447998046875
114.73594665527344 452.6009826660156
114.84761047363281 452.2901916503906
114.94039154052734 451.9732666015625
115.01396179199219 451.65130615234375
115.06804656982422 451.3254699707031
115.10247039794922 450.996826171875
115.11714935302734 450.665771484375
115.11199188232422 450.3286437988281
115.0852279663086 449.9580993652344
115.02648162841797 449.44647216796875
114.9510269165039 448.9202575683594
114.86113739013672 448.3892822265625
114.75786590576172 447.8567810058594
114.64215087890625 447.3265075683594
114.51411437988281 446.79888916015625
114.3738784790039 446.2743835449219
114.22151184082031 445.7532653808594
114.0571060180664 445.2358093261719
113.8807373046875 444.7223205566406
113.69251251220703 444.2130432128906
113.49252319335938 443.7082824707031
113.2808837890625 443.2082824707031
113.05770874023438 442.7133483886719
112.82311248779297 442.22369384765625
112.57722473144531 441.7396240234375
112.32017517089844 441.2613830566406
112.0521011352539 440.78924560546875
111.77315521240234 440.3234558105469
111.48348236083984 439.8642578125
111.18323516845703 439.4118957519531
110.87257385253906 438.96661376953125
110.55167388916016 438.5286560058594
110.220703125 438.0982666015625
109.87983703613281 437.6756591796875
109.52926635742188 437.2610778808594
109.16917419433594 436.854736328125
108.79975128173828 436.45684814453125
108.42120361328125 436.067626953125
108.03461456298828 435.68829345703125
107.64271545410156 435.3219909667969
107.24234008789062 434.96612548828125
106.83352661132812 434.62078857421875
106.4162826538086 434.2860412597656
105.98502349853516 433.95697021484375
105.54627990722656 433.6380920410156
105.09986877441406 433.32928466796875
104.64632415771484 433.0308532714844
104.18596649169922 432.7430114746094
103.71905517578125 432.4659118652344
103.24584197998047 432.1997375488281
102.76658630371094 431.9446105957031
102.28153991699219 431.7006530761719
101.79096984863281 431.468017578125
101.29513549804688 431.246826171875
100.79430389404297 431.03717041015625
100.28874206542969 430.8392028808594
99.77872467041016 430.65301513671875
99.2645263671875 430.47869873046875
98.74641418457031 430.31634521484375
98.22466278076172 430.1660461425781
97.6995620727539 430.02789306640625
97.17139434814453 429.9019470214844
96.64044189453125 429.78826904296875
96.10698699951172 429.68695068359375
95.57131958007812 429.5980224609375
95.03372955322266 429.52154541015625
94.49449920654297 429.4575500488281
93.95392608642578 429.4060974121094
93.41230010986328 429.3671875
92.86991119384766 429.3408508300781
92.3270492553711 429.32708740234375
91.78400421142578 429.325927734375
91.24107360839844 429.3373718261719
90.69854736328125 429.3614196777344
90.15672302246094 429.3980407714844
89.61589050292969 429.44720458984375
89.07633972167969 429.5089111328125
88.53836059570312 429.5831298828125
88.00224304199219 429.6697998046875
87.46827697753906 429.7688903808594
86.93677520751953 429.8803405761719
86.40800476074219 430.00408935546875
85.88224792480469 430.14007568359375
85.35978698730469 430.2882080078125
84.8409194946289 430.44842529296875
84.32591247558594 430.6206359863281
83.8150405883789 430.80474853515625
83.30859375 431.0006408691406
82.80683898925781 431.2082214355469
82.31004333496094 431.4273986816406
81.8185043334961 431.65802001953125
81.33247375488281 431.89996337890625
80.85221099853516 432.1531066894531
80.3783950805664 432.4171447753906
79.9113540649414 432.6919250488281
79.45121002197266 432.9774475097656
78.9982681274414 433.2735595703125
78.560546875 433.5755310058594
78.14617919921875 433.8790283203125
77.76538848876953 434.17791748046875
77.43946075439453 434.4560852050781
77.18598937988281 434.6961364746094
76.95864868164062 434.93829345703125
76.74630737304688 435.1935119628906
76.54948425292969 435.461181640625
76.3689193725586 435.74029541015625
76.20471954345703 436.03082275390625
76.05768585205078 436.33148193359375
75.92676544189453 436.64495849609375
75.80958557128906 436.9786376953125
75.70026397705078 437.3539123535156
75.60311889648438 437.7614440917969
75.5092544555664 438.24237060546875
75.42774963378906 438.7479553222656
75.359130859375 439.2696533203125
75.3026351928711 439.8059997558594
75.25883483886719 440.34539794921875
75.22769165039062 440.8866271972656
75.2092514038086 441.4282531738281
75.20345306396484 441.97100830078125
75.21025848388672 442.5138854980469
75.22965240478516 443.0564880371094
75.26162719726562 443.5984802246094
75.30615997314453 444.13958740234375
75.36323547363281 444.67950439453125
75.43281555175781 445.21795654296875
75.51486206054688 445.7546691894531
75.60933685302734 446.2893371582031
75.7161865234375 446.8216552734375
75.8353500366211 447.3513488769531
75.96676635742188 447.8781433105469
76.11036682128906 448.4017333984375
76.26606750488281 448.921875
76.43379211425781 449.4382629394531
76.61344909667969 449.95062255859375
76.80493927001953 450.45867919921875
77.0081558227539 450.962158203125
77.2229995727539 451.4607849121094
77.44934844970703 451.95428466796875
77.68708038330078 452.4424133300781
77.93606567382812 452.9248962402344
78.19617462158203 453.4014587402344
78.46726989746094 453.87188720703125
78.74919891357422 454.33587646484375
79.04181671142578 454.793212890625
79.34496307373047 455.24365234375
79.6584701538086 455.6869201660156
79.98217010498047 456.122802734375
80.3158950805664 456.5510559082031
80.65946197509766 456.9714660644531
81.01268768310547 457.3837890625
81.37538146972656 457.7878112792969
81.74734497070312 458.1833190917969
