60.21965408325195 450.23309326171875
60.42510223388672 450.4787902832031
60.61561965942383 450.7362365722656
60.79053497314453 451.0045166015625
60.94923400878906 451.28271484375
61.09115982055664 451.56982421875
61.21581268310547 451.8648376464844
61.32275390625 452.166748046875
61.41160583496094 452.4744567871094
61.4820556640625 452.7868957519531
61.53385543823242 453.10296630859375
61.566829681396484 453.42156982421875
61.580875396728516 453.7418518066406
61.575965881347656 454.0676574707031
61.550804138183594 454.41876220703125
61.503292083740234 454.8025817871094
61.427127838134766 455.2627258300781
61.335147857666016 455.7249755859375
61.22514724731445 456.2048645019531
61.10109329223633 456.6910400390625
60.96570587158203 457.1752624511719
60.818702697753906 457.65966796875
60.661293029785156 458.1412353515625
60.49340057373047 458.62060546875
60.31557083129883 459.0965576171875
60.12791442871094 459.56890869140625
59.930538177490234 460.03741455078125
59.723548889160156 460.5018615722656
59.506980895996094 460.9622802734375
59.28106689453125 461.4182434082031
59.0459098815918 461.86956787109375
58.801612854003906 462.3160400390625
58.54825973510742 462.7575378417969
58.28600311279297 463.19384765625
58.01494216918945 463.6247863769531
57.73539733886719 464.0498046875
57.44742202758789 464.46868896484375
57.151485443115234 464.88055419921875
56.84838104248047 465.2837829589844
56.536075592041016 465.68084716796875
56.22461700439453 466.0575256347656
55.91665267944336 466.4079895019531
55.642234802246094 466.69622802734375
55.37725067138672 466.94830322265625
55.11503219604492 467.1720886230469
54.85499954223633 467.36956787109375
54.58772277832031 467.548828125
54.311065673828125 467.7115173339844
54.02550506591797 467.857421875
53.73209762573242 467.98602294921875
53.43162155151367 468.09698486328125
53.12511444091797 468.1899108886719
52.81364059448242 468.2644958496094
52.498294830322266 468.32049560546875
52.1801872253418 468.3576965332031
51.86043167114258 468.3759765625
51.540157318115234 468.3752746582031
51.220489501953125 468.3555603027344
50.902549743652344 468.3169250488281
50.587459564208984 468.259521484375
50.276329040527344 468.18353271484375
49.97024917602539 468.0892333984375
49.6702995300293 467.9769592285156
49.37753677368164 467.8470764160156
49.09299087524414 467.7000732421875
48.81766128540039 467.5364685058594
48.55251693725586 467.3568115234375
48.298492431640625 467.1617431640625
48.056480407714844 466.95196533203125
47.82733154296875 466.72821044921875
47.611854553222656 466.49127197265625
47.410804748535156 466.2419738769531
47.224891662597656 465.9811706542969
47.054771423339844 465.7098083496094
46.901039123535156 465.4288330078125
46.76423645019531 465.1392517089844
46.64484405517578 464.8420715332031
46.54328155517578 464.538330078125
46.45990753173828 464.2290954589844
46.395015716552734 463.91546630859375
46.34883499145508 463.5985412597656
46.321529388427734 463.2794189453125
46.313194274902344 462.9592590332031
46.323856353759766 462.63916015625
46.353477478027344 462.32025146484375
46.40195846557617 462.003662109375
46.46912384033203 461.69049072265625
46.55474090576172 461.3818664550781
46.658504486083984 461.078857421875
46.780052185058594 460.78253173828125
46.9189567565918 460.49395751953125
47.07472610473633 460.214111328125
47.2468147277832 459.9440002441406
47.43461608886719 459.6845703125
47.63747024536133 459.4367370605469
47.85466384887695 459.20135498046875
48.08543014526367 458.9792785644531
48.32896041870117 458.7712707519531
48.58439636230469 458.57806396484375
48.85083770751953 458.40032958984375
49.127349853515625 458.23870849609375
49.41295623779297 458.0937805175781
49.7066535949707 457.9660339355469
50.007408142089844 457.8559265136719
50.31416320800781 457.76385498046875
50.62583923339844 457.69012451171875
50.94133758544922 457.635009765625
51.25954818725586 457.59869384765625
51.57935333251953 457.581298828125
51.899627685546875 457.5829162597656
52.219242095947266 457.603515625
52.537071228027344 457.6430358886719
52.85200119018555 457.7013244628906
53.16291809082031 457.7781982421875
53.46873092651367 457.87335205078125
53.76836395263672 457.9864807128906
54.06076431274414 458.1171875
54.34489822387695 458.2649841308594
54.61977005004883 458.42938232421875
54.8844108581543 458.6097717285156
55.13788986206055 458.8055419921875
55.37931442260742 459.0159912109375
55.60783767700195 459.2403869628906
55.82265090942383 459.4779357910156
56.02300262451172 459.7278137207031
56.208187103271484 459.9891357421875
56.37754821777344 460.2609558105469
56.530494689941406 460.5423583984375
56.66648864746094 460.83233642578125
56.78504943847656 461.1298522949219
56.88576126098633 461.4338684082031
56.96826934814453 461.74334716796875
57.032283782958984 462.0571594238281
57.07759475708008 462.37432861328125
57.10430145263672 462.6961975097656
57.112823486328125 463.0355529785156
57.10237503051758 463.44329833984375
57.07236862182617 463.8987121582031
57.025081634521484 464.38348388671875
56.96427917480469 464.86968994140625
56.88966369628906 465.36578369140625
56.80356216430664 465.861083984375
56.705875396728516 466.358154296875
56.59761428833008 466.8533935546875
56.478755950927734 467.3475341796875
56.349727630615234 467.8392333984375
56.210548400878906 468.32861328125
56.06142044067383 468.81512451171875
55.90241622924805 469.2985534667969
55.733585357666016 469.7787780761719
55.55507278442383 470.25543212890625
55.36689376831055 470.72845458984375
55.16917037963867 471.19757080078125
54.96197509765625 471.6626281738281
54.74540710449219 472.1234130859375
54.519561767578125 472.5797119140625
54.28452682495117 473.0313720703125
54.040401458740234 473.4781799316406
53.787288665771484 473.9199523925781
53.525325775146484 474.3564453125
53.25477981567383 474.7871398925781
52.97543716430664 475.2123107910156
52.68846130371094 475.6299133300781
52.394412994384766 476.0384521484375
52.091346740722656 476.440185546875
51.79273223876953 476.81524658203125
51.49728012084961 477.16253662109375
51.21416473388672 477.469970703125
50.94266128540039 477.7386779785156
50.689674377441406 477.9637756347656
50.43157196044922 478.168212890625
50.167510986328125 478.3533020019531
49.894039154052734 478.5218200683594
49.611427307128906 478.6736755371094
49.32060241699219 478.8083801269531
49.022430419921875 478.9255676269531
48.71788787841797 479.0248718261719
48.40801239013672 479.1059265136719
48.09388732910156 479.16845703125
47.776615142822266 479.2122497558594
47.457305908203125 479.2371520996094
47.1370849609375 479.24310302734375
46.817073822021484 479.23004150390625
46.4984016418457 479.1980285644531
46.182186126708984 479.1471862792969
45.869544982910156 479.0776672363281
45.56157302856445 478.98974609375
45.25935745239258 478.88372802734375
44.963958740234375 478.7599792480469
44.67641830444336 478.6189270019531
44.39774703979492 478.4610595703125
44.128929138183594 478.2869567871094
43.870906829833984 478.09722900390625
43.62458801269531 477.89251708984375
43.390838623046875 477.6735534667969
43.17048263549805 477.4411315917969
42.964298248291016 477.196044921875
42.773006439208984 476.9391784667969
42.59728240966797 476.6714172363281
42.437744140625 476.3937072753906
42.294952392578125 476.1070251464844
42.169410705566406 475.8123779296875
42.061561584472656 475.51080322265625
41.97178268432617 475.203369140625
41.900390625 474.8911437988281
41.84763717651367 474.5752258300781
41.81370544433594 474.2567443847656
41.7987174987793 473.93682861328125
41.80272674560547 473.6165771484375
41.82571792602539 473.297119140625
41.86760711669922 472.9795837402344
41.928253173828125 472.66510009765625
42.00743865966797 472.3547668457031
42.10488510131836 472.0496826171875
42.22024917602539 471.75091552734375
42.353126525878906 471.4595031738281
42.503047943115234 471.1764831542969
42.66948699951172 470.9028625488281
42.85185623168945 470.63958740234375
43.04951858520508 470.3875732421875
43.26177215576172 470.1477355957031
43.487876892089844 469.9208984375
43.72703170776367 469.7078552246094
43.978397369384766 469.5093688964844
44.2410888671875 469.3261413574219
44.514183044433594 469.1588134765625
44.79671859741211 469.0079650878906
45.08769989013672 468.8741455078125
45.386104583740234 468.7578125
45.690879821777344 468.6593933105469
46.00095748901367 468.5791931152344
46.315242767333984 468.51751708984375
46.63262939453125 468.474609375
46.952003479003906 468.4505920410156
47.272239685058594 468.445556640625
47.59221267700195 468.4595031738281
47.910797119140625 468.4924011230469
48.22686767578125 468.54412841796875
48.53931427001953 468.614501953125
48.84703826904297 468.7032775878906
49.148956298828125 468.8101501464844
49.444007873535156 468.9347229003906
49.73115158081055 469.07659912109375
50.00938034057617 469.2352294921875
50.277713775634766 469.41009521484375
50.53520584106445 469.6005554199219
50.78095245361328 469.8059387207031
51.01408767700195 470.0255432128906
51.23379135131836 470.2585754394531
51.439292907714844 470.5042419433594
51.62986755371094 470.76165771484375
51.80484390258789 471.0299072265625
51.96360397338867 471.3080749511719
52.105594635009766 471.59515380859375
52.23031234741211 471.89013671875
52.337318420410156 472.1920166015625
52.426239013671875 472.49969482421875
52.496761322021484 472.8121337890625
52.54897689819336 473.1300048828125
52.58406066894531 473.463623046875
52.605491638183594 473.8656311035156
52.611183166503906 474.32098388671875
52.60196304321289 474.80926513671875
52.57990646362305 475.310546875
52.546356201171875 475.812255859375
52.501487731933594 476.317138671875
52.445960998535156 476.8212890625
52.379825592041016 477.32537841796875
52.3033561706543 477.828125
52.216583251953125 478.32958984375
52.119632720947266 478.8292236328125
52.01255416870117 479.3268127441406
51.8953971862793 479.8221435546875
51.76820373535156 480.3150939941406
51.63105392456055 480.8053894042969
51.48400115966797 481.2928466796875
51.327117919921875 481.7772216796875
51.16046905517578 482.2583312988281
50.98412322998047 482.7359619140625
50.798152923583984 483.2099304199219
50.60263442993164 483.6800537109375
50.39765167236328 484.1461181640625
50.183284759521484 484.60797119140625
49.959625244140625 485.06536865234375
49.72676467895508 485.5181579589844
49.48480987548828 485.96612548828125
49.23390197753906 486.4089660644531
48.97406005859375 486.84661865234375
48.70546340942383 487.27874755859375
48.428958892822266 487.7037048339844
48.1439094543457 488.1221008300781
47.85201644897461 488.53082275390625
47.553932189941406 488.92791748046875
47.25498580932617 489.3045349121094
46.95909881591797 489.6535949707031
46.67571258544922 489.962646484375
46.40473556518555 490.2320556640625
46.15872573852539 490.45166015625
45.90420913696289 490.65350341796875
45.63998794555664 490.8388366699219
45.366416931152344 491.0075378417969
45.08390808105469 491.1594543457031
44.79306411743164 491.2942810058594
44.49489974975586 491.4115905761719
44.19035720825195 491.510986328125
43.88046646118164 491.5921630859375
43.566341400146484 491.6548156738281
43.24907302856445 491.69873046875
42.92976760864258 491.7237548828125
42.60954284667969 491.72979736328125
42.289527893066406 491.71685791015625
41.97084426879883 491.6849670410156
41.65461349487305 491.63421630859375
41.34194564819336 491.5648193359375
41.03394317626953 491.4770202636719
40.731689453125 491.37109375
40.436248779296875 491.2474365234375
40.148658752441406 491.1064758300781
39.86993408203125 490.9486999511719
39.601051330566406 490.7746887207031
39.342960357666016 490.5850524902344
39.0965690612793 490.38043212890625
38.86274337768555 490.16156005859375
38.64230728149414 489.92919921875
38.43603515625 489.6842041015625
38.244651794433594 489.4273986816406
38.06883239746094 489.1596984863281
37.90919494628906 488.8820495605469
37.76630401611328 488.5954284667969
37.64065933227539 488.3008117675781
37.5327033996582 487.999267578125
37.442813873291016 487.6918640136719
37.37131118774414 487.3796691894531
37.318443298339844 487.06378173828125
37.284400939941406 486.74530029296875
37.2692985534668 486.4253845214844
37.273193359375 486.1051330566406
37.29607009887695 485.7856750488281
37.33784866333008 485.4681396484375
37.398380279541016 485.15362548828125
37.477455139160156 484.84326171875
37.574790954589844 484.5381164550781
37.69004821777344 484.2392883300781
37.82282257080078 483.94781494140625
37.9726448059082 483.66473388671875
38.13898468017578 483.39105224609375
38.32126235961914 483.1277160644531
38.51883316040039 482.8756408691406
38.73100280761719 482.6357116699219
38.95702362060547 482.4087829589844
39.196102142333984 482.1956787109375
39.44739532470703 481.9971008300781
39.71002197265625 481.81378173828125
39.983055114746094 481.6463623046875
40.26553726196289 481.49542236328125
40.55646896362305 481.36151123046875
40.85483169555664 481.2450866699219
41.15957260131836 481.14654541015625
41.46961975097656 481.0662536621094
41.78388214111328 481.0044860839844
42.101253509521484 480.9614562988281
42.42061996459961 480.93731689453125
42.7408561706543 480.9321594238281
43.06083297729492 480.94598388671875
43.37942886352539 480.978759765625
43.695518493652344 481.0303649902344
44.007991790771484 481.10064697265625
44.31575012207031 481.1893310546875
44.617706298828125 481.2961120605469
44.912803649902344 481.42059326171875
45.20000076293945 481.5623474121094
45.47828674316406 481.72088623046875
45.746681213378906 481.8956604003906
46.004241943359375 482.0860290527344
46.25006103515625 482.29132080078125
46.4832763671875 482.5108337402344
46.70306396484375 482.7438049316406
46.908653259277344 482.9893798828125
47.09931945800781 483.2467346191406
47.274391174316406 483.5149230957031
47.433250427246094 483.79302978515625
47.575340270996094 484.0800476074219
47.70016098022461 484.375
47.807273864746094 484.6768493652344
47.89630889892578 484.9845275878906
47.967411041259766 485.2987976074219
48.02784729003906 485.6579284667969
48.07714080810547 486.0711975097656
48.118534088134766 486.5625
48.14876174926758 487.0654602050781
48.16789627075195 487.5697021484375
48.176025390625 488.0749206542969
48.17341232299805 488.582763671875
48.16033172607422 489.09130859375
48.13688278198242 489.59954833984375
48.103092193603516 490.1074523925781
48.05901336669922 490.6145935058594
48.00466537475586 491.1207580566406
47.94007110595703 491.625732421875
47.86526107788086 492.12933349609375
47.780277252197266 492.6313171386719
47.685157775878906 493.1315002441406
47.57993698120117 493.6296691894531
47.464664459228516 494.1256103515625
47.339385986328125 494.6191101074219
47.20415496826172 495.1099853515625
47.059024810791016 495.5980224609375
46.904056549072266 496.0830383300781
46.739315032958984 496.5648193359375
46.56486511230469 497.0431823730469
46.38077926635742 497.5179138183594
46.1871337890625 497.98883056640625
45.9840087890625 498.4557189941406
45.771484375 498.9184265136719
45.54965591430664 499.376708984375
45.3186149597168 499.83038330078125
45.07844161987305 500.279296875
44.82932662963867 500.7230224609375
44.571414947509766 501.1612243652344
44.30448532104492 501.59423828125
44.02981948852539 502.0196838378906
43.74793243408203 502.4359436035156
43.45610427856445 502.8467102050781
43.16020965576172 503.2428894042969
42.87689208984375 503.59906005859375
42.580989837646484 503.9450378417969
42.297183990478516 504.2515563964844
42.02427673339844 504.52020263671875
41.770301818847656 504.7450256347656
41.511505126953125 504.948974609375
41.24547576904297 505.1345520019531
40.9705924987793 505.30316162109375
40.687374114990234 505.4546203613281
40.39619064331055 505.5888366699219
40.09756088256836 505.70556640625
39.79254150390625 505.80438232421875
39.48234939575195 505.8849182128906
39.16801834106445 505.9469299316406
38.850608825683594 505.99017333984375
38.53123092651367 506.0145263671875
38.21098327636719 506.0198974609375
37.8909912109375 506.00628662109375
37.5723762512207 505.9737243652344
37.25625228881836 505.92230224609375
36.94373321533203 505.85223388671875
36.63591766357422 505.7637634277344
36.33388900756836 505.6571960449219
36.03871154785156 505.53289794921875
35.75142288208008 505.3913269042969
35.4730339050293 505.23297119140625
35.204524993896484 505.0583801269531
34.94683837890625 504.8681945800781
34.70088195800781 504.6630554199219
34.46752166748047 504.4436950683594
34.24757766723633 504.21087646484375
34.04182815551758 503.9654235839844
33.85099411010742 503.7082214355469
33.67574691772461 503.4401550292969
33.516700744628906 503.16217041015625
33.374420166015625 502.875244140625
33.2494010925293 502.58038330078125
33.142086029052734 502.27862548828125
33.052852630615234 501.9710388183594
32.98201370239258 501.65869140625
32.92981719970703 501.3426818847656
32.89645004272461 501.0241394042969
32.88203048706055 500.7041931152344
32.88660430908203 500.3839416503906
32.910160064697266 500.06451416015625
32.952613830566406 499.7470703125
33.01381301879883 499.43267822265625
33.09354782104492 499.1224670410156
33.191532135009766 498.8175354003906
33.30742645263672 498.5189514160156
33.440818786621094 498.227783203125
33.59123992919922 497.9450378417969
33.75816345214844 497.67169189453125
33.94099807739258 497.4087219238281
34.139102935791016 497.1570739746094
34.351783752441406 496.9176025390625
34.57828903198242 496.691162109375
34.81782150268555 496.4785461425781
35.06953811645508 496.280517578125
35.33255386352539 496.0977478027344
35.60594177246094 495.930908203125
35.88874053955078 495.78057861328125
36.17995834350586 495.64727783203125
36.47856521606445 495.5314636230469
36.78351593017578 495.4335632324219
37.09373474121094 495.3539123535156
37.40812683105469 495.2928161621094
37.725589752197266 495.2504577636719
38.045005798339844 495.22698974609375
38.36524963378906 495.2225036621094
38.68519592285156 495.2370300292969
39.003719329833984 495.2705078125
39.319698333740234 495.3227844238281
39.632022857666016 495.3937072753906
39.93959045410156 495.4830322265625
40.2413215637207 495.5904541015625
40.53615188598633 495.715576171875
40.82304382324219 495.8579406738281
41.100990295410156 496.0170593261719
41.369014739990234 496.1923828125
41.62617111206055 496.38330078125
41.871559143066406 496.5891418457031
42.104312896728516 496.8091735839844
42.323612213134766 497.0426025390625
42.528682708740234 497.28863525390625
42.718807220458984 497.54638671875
42.893310546875 497.81494140625
43.05158233642578 498.0933837890625
43.19306564331055 498.3807067871094
43.317264556884766 498.6759338378906
43.423744201660156 498.9779968261719
43.51252365112305 499.287109375
43.584171295166016 499.6061096191406
43.64980697631836 499.9933166503906
43.70225143432617 500.41656494140625
43.74224853515625 500.8807373046875
43.76967239379883 501.3698425292969
43.78520965576172 501.8706970214844
43.789581298828125 502.3764953613281
43.78306198120117 502.8822021484375
43.765647888183594 503.3875732421875
43.737422943115234 503.89453125
43.69866943359375 504.40087890625
43.649417877197266 504.9062805175781
43.58966827392578 505.411376953125
43.51960754394531 505.9151306152344
43.43926239013672 506.4173278808594
43.348636627197266 506.9181213378906
43.24785232543945 507.4169921875
43.136959075927734 507.91375732421875
43.01600646972656 508.408203125
42.88503646850586 508.9001770019531
42.744140625 509.3893737792969
42.59336471557617 509.8756103515625
42.432762145996094 510.3587341308594
42.26241683959961 510.8385314941406
42.0823974609375 511.3147888183594
41.89278030395508 511.7873229980469
41.693641662597656 512.2559204101562
41.485069274902344 512.7203979492188
41.267147064208984 513.1805419921875
41.03997039794922 513.6361694335938
40.80362319946289 514.0870971679688
40.55826950073242 514.5330200195312
40.30403137207031 514.9736328125
40.04188919067383 515.40673828125
39.77020263671875 515.8348999023438
39.490909576416016 516.2547607421875
39.20574951171875 516.6625366210938
38.91823196411133 517.0513305664062
38.619590759277344 517.4319458007812
38.322776794433594 517.786865234375
38.040489196777344 518.099365234375
37.76735305786133 518.3753662109375
37.48115158081055 518.6378173828125
37.21823501586914 518.8546752929688
36.95115661621094 519.050537109375
36.67810821533203 519.2273559570312
36.39708709716797 519.38671875
36.10789489746094 519.5288696289062
35.81195068359375 519.6532592773438
35.509315490722656 519.7598266601562
35.201171875 519.8482055664062
34.88842010498047 519.9181518554688
34.572078704833984 519.9694213867188
34.253353118896484 520.0018310546875
33.933311462402344 520.0153198242188
33.613059997558594 520.0098266601562
33.2937126159668 519.9853515625
32.976383209228516 519.9419555664062
32.66218948364258 519.8798217773438
32.352230072021484 519.7991943359375
32.04759979248047 519.7003173828125
31.74936866760254 519.5835571289062
31.458585739135742 519.4493408203125
31.176273345947266 519.298095703125
30.903425216674805 519.13037109375
30.641002655029297 518.94677734375
30.389928817749023 518.7479248046875
30.151086807250977 518.5345458984375
29.925317764282227 518.307373046875
29.713415145874023 518.0671997070312
29.516124725341797 517.8148803710938
29.33414077758789 517.5513305664062
29.16810417175293 517.2774658203125
29.018598556518555 516.9942016601562
28.886150360107422 516.7025756835938
28.771224975585938 516.4036254882812
28.67422866821289 516.098388671875
28.595500946044922 515.7879638671875
28.53531837463379 515.473388671875
28.493892669677734 515.15576171875
28.471370697021484 514.8362426757812
28.467832565307617 514.5159912109375
28.48328971862793 514.1961059570312
28.51768684387207 513.877685546875
28.570903778076172 513.5618286132812
28.64275360107422 513.2496948242188
28.732982635498047 512.9423828125
28.84127426147461 512.6409912109375
28.967247009277344 512.3464965820312
29.110458374023438 512.0599975585938
29.270402908325195 511.7825012207031
29.446517944335938 511.5149841308594
29.638185501098633 511.2583923339844
29.844728469848633 511.01361083984375
30.06542205810547 510.781494140625
30.299489974975586 510.5628967285156
30.54610824584961 510.3585510253906
30.80440902709961 510.169189453125
31.073482513427734 509.9954833984375
31.35238265991211 509.8380432128906
31.64012908935547 509.6974182128906
31.935707092285156 509.5740966796875
32.23807907104492 509.468505859375
32.546180725097656 509.38104248046875
32.858924865722656 509.3119812011719
33.17521286010742 509.2615966796875
33.493934631347656 509.23004150390625
33.81396484375 509.2174377441406
34.134178161621094 509.2238464355469
34.45344924926758 509.2492370605469
34.770652770996094 509.29351806640625
35.08467102050781 509.35650634765625
35.3944091796875 509.4380187988281
35.69877624511719 509.5377502441406
35.99672317504883 509.6553649902344
36.28733444213867 509.7904968261719
36.569557189941406 509.94268798828125
36.842464447021484 510.1114501953125
37.10541915893555 510.2964172363281
37.357662200927734 510.49713134765625
37.59825897216797 510.712890625
37.82605743408203 510.9427490234375
38.0400390625 511.1856994628906
38.23959732055664 511.44110107421875
38.422645568847656 511.7061767578125
38.588932037353516 511.9803161621094
38.73853302001953 512.2635498046875
38.871063232421875 512.5551147460938
38.98606491088867 512.8540649414062
39.083152770996094 513.1593017578125
39.16215896606445 513.470458984375
39.22547912597656 513.7988891601562
39.27742385864258 514.17578125
39.315731048583984 514.5962524414062
39.34005355834961 515.0576782226562
39.350730895996094 515.544921875
39.34795379638672 516.031494140625
39.33169174194336 516.5179443359375
39.30216598510742 517.0165405273438
39.260799407958984 517.51513671875
39.20771408081055 518.0137329101562
39.14293670654297 518.5158081054688
39.06741714477539 519.0169067382812
38.98131561279297 519.5162963867188
38.884639739990234 520.0140380859375
38.77735900878906 520.5109252929688
38.660003662109375 521.0046997070312
38.53220748901367 521.4969482421875
38.39435577392578 521.9864501953125
38.24649429321289 522.4732055664062
38.088722229003906 522.9568481445312
37.92106628417969 523.4374389648438
37.743682861328125 523.9146118164062
37.55669021606445 524.3880004882812
37.36012268066406 524.8574829101562
37.154029846191406 525.322998046875
36.93854522705078 525.7842407226562
36.71379470825195 526.240966796875
36.47990417480469 526.69287109375
36.23686599731445 527.1399536132812
35.98495864868164 527.5816040039062
35.724266052246094 528.0175170898438
35.455406188964844 528.4463500976562
35.17936706542969 528.86572265625
34.89384078979492 529.278564453125
34.603763580322266 529.6768798828125
34.303382873535156 530.067626953125
34.00391387939453 530.43505859375
33.712921142578125 530.7677612304688
33.43462371826172 531.0601196289062
33.16447448730469 531.3177490234375
32.900238037109375 531.5442504882812
32.633731842041016 531.7479248046875
32.35625457763672 531.9359130859375
32.075599670410156 532.103271484375
31.7891788482666 532.2520751953125
31.495346069335938 532.38330078125
31.19477081298828 532.4967651367188
30.888219833374023 532.5921630859375
30.576404571533203 532.6693115234375
30.2603816986084 532.7279052734375
29.942028045654297 532.7676391601562
29.62215232849121 532.7884521484375
29.301616668701172 532.7902221679688
28.98175811767578 532.7730102539062
28.66347312927246 532.7368774414062
28.34793472290039 532.6819458007812
28.036205291748047 532.6083984375
27.72939109802246 532.5165405273438
27.428565979003906 532.4066162109375
27.134788513183594 532.279052734375
26.849090576171875 532.13427734375
26.572479248046875 531.9728393554688
26.305927276611328 531.7952880859375
26.050371170043945 531.6022338867188
25.806713104248047 531.3943481445312
25.575807571411133 531.1724243164062
25.358469009399414 530.9371948242188
25.155460357666016 530.689453125
24.967496871948242 530.4301147460938
24.79524040222168 530.1600952148438
24.639297485351562 529.88037109375
24.500215530395508 529.5918579101562
24.37848472595215 529.2955932617188
24.274534225463867 528.99267578125
24.18872833251953 528.68408203125
24.121368408203125 528.3709716796875
24.07269287109375 528.054443359375
24.042871475219727 527.7355346679688
24.032011032104492 527.4154052734375
24.040149688720703 527.09521484375
24.067256927490234 526.7760620117188
24.113239288330078 526.4591064453125
24.177934646606445 526.1454467773438
24.2611141204834 525.836181640625
24.362485885620117 525.5323486328125
24.481693267822266 525.2350463867188
24.618316650390625 524.9453735351562
24.771875381469727 524.664306640625
24.94182777404785 524.392822265625
25.12757682800293 524.1318969726562
25.328468322753906 523.8824462890625
25.54379653930664 523.6453857421875
25.772804260253906 523.4215087890625
26.014684677124023 523.2115478515625
26.268587112426758 523.016357421875
26.533618927001953 522.8365478515625
26.80884552001953 522.6727294921875
27.093299865722656 522.5255737304688
27.3859806060791 522.3955078125
27.68585777282715 522.2830200195312
27.99187660217285 522.1885375976562
28.302961349487305 522.1123657226562
28.61801528930664 522.0547485351562
28.935930252075195 522.0159301757812
29.25558853149414 521.9960327148438
29.575864791870117 521.9951171875
29.8956356048584 522.01318359375
30.21383285522461 522.0501708984375
30.52955436706543 522.1060180664062
30.842666625976562 522.1807250976562
31.155569076538086 522.275146484375
31.476604461669922 522.3923950195312
31.80480194091797 522.5330810546875
32.14410400390625 522.6998901367188
32.49664306640625 522.8948364257812
32.86140441894531 523.1178588867188
33.234710693359375 523.36669921875
33.61195755004883 523.6378173828125
33.98908615112305 523.9276123046875
34.36045455932617 524.231201171875
34.727821350097656 524.549560546875
35.08197021484375 524.8746948242188
35.40635681152344 525.1925659179688
35.669456481933594 525.4732666015625
35.888763427734375 525.7334594726562
36.085975646972656 525.99658203125
36.263336181640625 526.2645874023438
36.42420959472656 526.5420532226562
36.568199157714844 526.8282470703125
36.69493103027344 527.1224365234375
36.803993225097656 527.423583984375
36.8950080871582 527.7306518554688
36.96766662597656 528.0426025390625
37.02185821533203 528.359130859375
37.05786895751953 528.6830444335938
37.0755729675293 529.017333984375
37.07589340209961 529.4139404296875
37.05745315551758 529.82080078125
37.02037048339844 530.2320556640625
36.96088790893555 530.69091796875
36.8851203918457 531.1549072265625
36.791500091552734 531.6398315429688
36.6855354309082 532.1221313476562
36.56595230102539 532.6096801757812
36.43590545654297 533.0906982421875
36.2940559387207 533.5695190429688
36.139556884765625 534.050537109375
35.97460174560547 534.5282592773438
35.7990608215332 535.0032958984375
35.61345672607422 535.4744873046875
35.417388916015625 535.9431762695312
35.211875915527344 536.4071655273438
34.9966926574707 536.8668212890625
34.77162551879883 537.32275390625
34.53726577758789 537.7739868164062
34.29359817504883 538.2205810546875
34.04176330566406 538.66015625
33.7806282043457 539.0942993164062
33.51032257080078 539.5228881835938
33.232643127441406 539.9425659179688
32.9494514465332 540.3492431640625
32.65617752075195 540.7487182617188
32.3596076965332 541.1307373046875
32.06734848022461 541.4835205078125
31.763214111328125 541.8255615234375
31.471445083618164 542.1290893554688
31.192489624023438 542.3938598632812
30.920473098754883 542.626708984375
30.64979362487793 542.8338623046875
30.368125915527344 543.0252685546875
30.085357666015625 543.1947021484375
29.796520233154297 543.345703125
29.5011043548584 543.4786987304688
29.199689865112305 543.5935668945312
28.89299964904785 543.6901245117188
28.581146240234375 543.7684326171875
28.265756607055664 543.8280029296875
27.9473876953125 543.8688354492188
27.627513885498047 543.8906860351562
27.3068904876709 543.8935546875
26.986858367919922 543.87744140625
26.668437957763672 543.8424072265625
26.352691650390625 543.78857421875
26.040712356567383 543.7161254882812
25.73358726501465 543.6253051757812
25.432388305664062 543.5164184570312
25.13817596435547 543.3898315429688
24.851985931396484 543.2460327148438
24.574825286865234 543.0855102539062
24.307666778564453 542.9088745117188
24.05145263671875 542.7166748046875
23.807083129882812 542.5096435546875
23.575420379638672 542.2885131835938
23.35727882385254 542.0540161132812
23.153425216674805 541.8070068359375
22.964576721191406 541.54833984375
22.791399002075195 541.2789306640625
22.63450050354004 540.9996948242188
22.494434356689453 540.711669921875
22.371692657470703 540.4158325195312
22.266706466674805 540.11328125
22.179845809936523 539.8049926757812
22.111417770385742 539.4921264648438
22.061660766601562 539.1757202148438
22.030750274658203 538.85693359375
22.018795013427734 538.536865234375
22.02583885192871 538.2166748046875
22.051855087280273 537.8974609375
22.09675407409668 537.580322265625
22.160375595092773 537.2664184570312
22.24249839782715 536.9568481445312
22.342830657958984 536.6527099609375
22.461021423339844 536.3550415039062
22.59665298461914 536.0648803710938
22.749248504638672 535.7832641601562
22.918272018432617 535.51123046875
23.10312843322754 535.2496948242188
23.303165435791016 534.9995727539062
23.517681121826172 534.76171875
23.745922088623047 534.5370483398438
23.987083435058594 534.3262939453125
24.24031639099121 534.1301879882812
24.504730224609375 533.949462890625
24.779396057128906 533.7847290039062
25.063344955444336 533.6365966796875
25.355579376220703 533.5055541992188
25.655071258544922 533.3920288085938
25.960765838623047 533.2965087890625
26.271587371826172 533.21923828125
26.586442947387695 533.1605834960938
26.904224395751953 533.1206665039062
27.223861694335938 533.0996704101562
27.54451560974121 533.09765625
27.870590209960938 533.1148071289062
28.204349517822266 533.1517333984375
28.584796905517578 533.21435546875
29.004301071166992 533.302978515625
29.45663070678711 533.4161987304688
29.936098098754883 533.5509033203125
30.413637161254883 533.697509765625
30.89235496520996 533.8565673828125
31.368083953857422 534.0263061523438
31.840553283691406 534.2064819335938
32.309505462646484 534.39697265625
32.775638580322266 534.597900390625
33.237693786621094 534.8085327148438
33.69546127319336 535.02880859375
34.14873504638672 535.258544921875
34.597572326660156 535.4977416992188
35.041500091552734 535.74609375
35.480438232421875 536.0035400390625
35.91408920288086 536.2698974609375
36.34226989746094 536.5449829101562
36.764793395996094 536.8287353515625
37.180850982666016 537.1206665039062
37.58973693847656 537.4204711914062
37.98978042602539 537.727294921875
38.3775634765625 538.039306640625
38.74650192260742 538.3525390625
39.09000015258789 538.6630859375
39.39622116088867 538.9615478515625
39.66378402709961 539.2467041015625
39.87754821777344 539.5001220703125
40.072608947753906 539.7606811523438
40.250404357910156 540.02978515625
40.41112518310547 540.3074340820312
40.554935455322266 540.59375
40.681522369384766 540.8881225585938
40.790401458740234 541.1893310546875
40.8812255859375 541.4964599609375
40.95367431640625 541.8084106445312
41.00749969482422 542.1241455078125
41.04250717163086 542.4425048828125
41.05857849121094 542.7623901367188
41.05565643310547 543.0827026367188
41.03374099731445 543.4024658203125
40.99287414550781 543.7207641601562
40.933048248291016 544.0372314453125
40.8539924621582 544.3524780273438
40.75527572631836 544.6671752929688
40.637203216552734 544.9793701171875
40.49444580078125 545.30126953125
40.311683654785156 545.6634521484375
40.10088348388672 546.0400390625
39.856014251708984 546.4425659179688
39.59853744506836 546.8369750976562
39.31794357299805 547.2406616210938
39.026954650878906 547.6366577148438
38.72122573852539 548.0316162109375
38.40623474121094 548.4191284179688
38.102272033691406 548.7720336914062
37.78683853149414 549.1146240234375
37.48025894165039 549.4241943359375
37.187557220458984 549.6952514648438
36.90764617919922 549.9298706054688
36.63062286376953 550.1377563476562
36.353946685791016 550.3218994140625
36.07139205932617 550.4872436523438
35.78169250488281 550.634765625
35.48402404785156 550.7649536132812
35.180908203125 550.8768310546875
34.87334060668945 550.9701538085938
34.56146240234375 551.044921875
34.245933532714844 551.10107421875
33.92766571044922 551.1383666992188
33.60783004760742 551.15673828125
33.287513732910156 551.1561279296875
32.96782302856445 551.1365356445312
32.649864196777344 551.0980224609375
32.33475112915039 551.0407104492188
32.02359390258789 550.96484375
31.717483520507812 550.8706665039062
31.417497634887695 550.7584838867188
31.124691009521484 550.6287231445312
30.8400936126709 550.4818115234375
30.564706802368164 550.3182983398438
30.299501419067383 550.1387329101562
30.045408248901367 549.9437866210938
29.80332374572754 549.7340698242188
29.574098587036133 549.5103759765625
29.358539581298828 549.2734985351562
29.157405853271484 549.0242309570312
28.971403121948242 548.7634887695312
28.80118751525879 548.4921875
28.647357940673828 548.2112426757812
28.510456085205078 547.9216918945312
28.390962600708008 547.62451171875
28.28929901123047 547.32080078125
28.205821990966797 547.0115966796875
28.140825271606445 546.697998046875
28.09453582763672 546.381103515625
28.067119598388672 546.06201171875
28.058671951293945 545.7418212890625
28.069223403930664 545.4216918945312
28.098735809326172 545.102783203125
28.147106170654297 544.7861938476562
28.21416473388672 544.4730224609375
28.299673080444336 544.1643676757812
28.403331756591797 543.861328125
28.524776458740234 543.56494140625
28.6635799407959 543.2763061523438
28.819252014160156 542.9963989257812
28.991247177124023 542.7261962890625
29.178958892822266 542.4666748046875
29.38172721862793 542.21875
29.598838806152344 541.9832763671875
29.82952880859375 541.7611083984375
30.072986602783203 541.552978515625
30.328353881835938 541.3596801757812
30.59473419189453 541.181884765625
30.87118911743164 541.0202026367188
31.15674591064453 540.8751831054688
31.45039939880371 540.747314453125
31.751117706298828 540.6370849609375
32.05784225463867 540.544921875
32.36949157714844 540.4710693359375
32.68498229980469 540.4158325195312
33.00349807739258 540.3793334960938
33.34103012084961 540.3604125976562
33.70543670654297 540.35986328125
34.158531188964844 540.3792114257812
34.64296340942383 540.4154663085938
35.12925338745117 540.46533203125
35.62648010253906 540.5289916992188
36.12321472167969 540.6041870117188
36.61908721923828 540.6907348632812
37.116371154785156 540.7887573242188
37.61180877685547 540.8972778320312
38.10599899291992 541.016357421875
38.597755432128906 541.1455688476562
39.08715057373047 541.284912109375
39.57365417480469 541.4342041015625
40.05706024169922 541.5933837890625
40.537254333496094 541.7623901367188
41.013938903808594 541.9410400390625
41.48691940307617 542.1293334960938
41.95600128173828 542.3271484375
42.421016693115234 542.5344848632812
42.88174819946289 542.7511596679688
43.33800506591797 542.9771118164062
43.789608001708984 543.2122802734375
44.236366271972656 543.4564819335938
44.678096771240234 543.709716796875
45.11455535888672 543.9718017578125
45.54526901245117 544.2424926757812
45.970458984375 544.52197265625
46.38835906982422 544.8092041015625
46.797637939453125 545.1036987304688
47.1947135925293 545.4036865234375
47.572566986083984 545.7052001953125
47.924781799316406 546.0047607421875
48.23849105834961 546.2926635742188
48.51298522949219 546.568359375
48.74077606201172 546.8223876953125
48.94709014892578 547.0806884765625
49.13349151611328 547.34423828125
49.303260803222656 547.6170654296875
49.45624542236328 547.8988647460938
49.59217834472656 548.1890869140625
49.71064758300781 548.4867553710938
49.811241149902344 548.7908935546875
49.89362335205078 549.1004028320312
49.95750427246094 549.4142456054688
50.002662658691406 549.7313232421875
50.0289421081543 550.050537109375
50.03624725341797 550.3707275390625
50.02455520629883 550.6907958984375
49.9939079284668 551.0095825195312
49.94440841674805 551.3259887695312
49.87623596191406 551.638916015625
49.78962707519531 551.947265625
49.684879302978516 552.2499389648438
49.5623664855957 552.5458984375
49.4224967956543 552.8341064453125
49.265708923339844 553.1137084960938
49.09201431274414 553.384521484375
48.90262985229492 553.6445922851562
48.697471618652344 553.8939819335938
48.47230529785156 554.1372680664062
48.23291778564453 554.3677978515625
47.93497085571289 554.6259765625
47.64664077758789 554.8516845703125
47.364501953125 555.0490112304688
47.08262252807617 555.2232055664062
46.79662322998047 555.3777465820312
46.50379180908203 555.514404296875
46.204978942871094 555.6329345703125
45.90037536621094 555.7333374023438
45.59061813354492 555.8154907226562
45.276649475097656 555.8790893554688
44.959503173828125 555.9239501953125
44.6402702331543 555.949951171875
44.320068359375 555.9569702148438
44.00001525878906 555.9450073242188
43.681236267089844 555.9140625
43.36485290527344 555.8642578125
43.051979064941406 555.7957763671875
42.74371337890625 555.7088623046875
42.44114303588867 555.6038208007812
42.14533233642578 555.4810791015625
41.85731887817383 555.3410034179688
41.578121185302734 555.18408203125
41.308719635009766 555.0108642578125
41.0500602722168 554.822021484375
40.80305480957031 554.6181640625
40.568572998046875 554.4000244140625
40.34743881225586 554.1683349609375
40.14043045043945 553.9239501953125
39.94827651977539 553.667724609375
39.77165222167969 553.4005737304688
39.611183166503906 553.1234130859375
39.467430114746094 552.8372192382812
39.34090042114258 552.54296875
39.23203659057617 552.2417602539062
39.1412239074707 551.9346313476562
39.068782806396484 551.6226196289062
39.01496505737305 551.306884765625
38.97996520996094 550.988525390625
38.96390151977539 550.6686401367188
38.96683120727539 550.348388671875
38.988746643066406 550.0288696289062
39.02956771850586 549.711181640625
39.08915328979492 549.396484375
39.167293548583984 549.0858764648438
39.26371383666992 548.7804565429688
39.37807083129883 548.4812622070312
39.50996780395508 548.1893920898438
39.658935546875 547.9058837890625
39.8244514465332 547.6317138671875
40.00593566894531 547.3677978515625
40.2027473449707 547.1151123046875
40.4141960144043 546.8745727539062
40.63953399658203 546.64697265625
40.87797164916992 546.4331665039062
41.12866973876953 546.2338256835938
41.390743255615234 546.0497436523438
41.663272857666016 545.8815307617188
41.94529724121094 545.729736328125
42.23582458496094 545.5949096679688
42.533836364746094 545.4776000976562
42.838279724121094 545.3781127929688
43.14809036254883 545.296875
43.46236801147461 545.234130859375
43.7850227355957 545.1892700195312
44.185672760009766 545.15478515625
44.640647888183594 545.1342163085938
45.12921142578125 545.1275024414062
45.62053298950195 545.1338500976562
46.12676239013672 545.1524658203125
46.63284683227539 545.1818237304688
47.138519287109375 545.2218017578125
47.64352035522461 545.2723999023438
48.14838409423828 545.3335571289062
48.6519775390625 545.405029296875
49.154327392578125 545.4867553710938
49.654945373535156 545.5786743164062
50.15361785888672 545.6807250976562
50.650142669677734 545.7929077148438
51.14436721801758 545.9151611328125
51.636024475097656 546.04736328125
52.12491226196289 546.1895141601562
52.61084747314453 546.3414916992188
53.09361267089844 546.5032958984375
53.5730094909668 546.6748046875
54.0488395690918 546.8560180664062
54.52091598510742 547.0468139648438
54.989036560058594 547.2470703125
55.4530143737793 547.456787109375
55.912654876708984 547.6758422851562
56.367774963378906 547.9041137695312
56.818153381347656 548.1415405273438
57.263519287109375 548.3880004882812
57.703792572021484 548.6434326171875
58.13866424560547 548.9076538085938
58.56669998168945 549.1799926757812
58.988380432128906 549.4609375
59.401023864746094 549.7490844726562
59.80290603637695 550.0438232421875
60.197383880615234 550.3480834960938
60.55189895629883 550.6386108398438
60.871395111083984 550.9215087890625
61.149688720703125 551.1912231445312
61.38149642944336 551.4407348632812
61.588905334472656 551.69140625
61.7812385559082 551.9537353515625
61.956581115722656 552.2249755859375
62.114891052246094 552.5048217773438
62.25596618652344 552.792724609375
62.37969207763672 553.08837890625
62.48564910888672 553.3907470703125
62.573482513427734 553.6987915039062
62.64289855957031 554.0115356445312
62.69364547729492 554.3278198242188
62.725547790527344 554.6465454101562
62.73849868774414 554.966552734375
62.732452392578125 555.2868041992188
62.707427978515625 555.6060791015625
62.663516998291016 555.92333984375
62.60087203979492 556.2374267578125
62.51971435546875 556.5472412109375
62.42033004760742 556.8516845703125
62.30306625366211 557.1497192382812
62.1683349609375 557.4403076171875
62.0166130065918 557.7223510742188
61.84843444824219 557.9949340820312
61.664390563964844 558.257080078125
61.46512985229492 558.5078125
61.251346588134766 558.7462768554688
61.02378845214844 558.9716796875
60.78326416015625 559.1832275390625
60.530609130859375 559.380126953125
60.26643753051758 559.5618896484375
59.99196243286133 559.7277221679688
59.705142974853516 559.878662109375
59.41249084472656 560.0112915039062
59.113067626953125 560.1261596679688
58.80765914916992 560.2229614257812
58.49711227416992 560.3014526367188
58.1824836730957 560.3613891601562
57.864864349365234 560.402587890625
57.54536437988281 560.4248657226562
57.22510528564453 560.4281616210938
56.90521240234375 560.4124755859375
56.586814880371094 560.3778686523438
56.27103042602539 560.3244018554688
55.95896911621094 560.2523193359375
55.651729583740234 560.161865234375
55.35039520263672 560.0533447265625
55.056026458740234 559.9271850585938
54.769657135009766 559.7837524414062
54.49229431152344 559.6235961914062
54.22491455078125 559.447265625
53.96846008300781 559.2554321289062
53.72383117675781 559.0487060546875
53.49188995361328 558.8278198242188
53.27345275878906 558.5935668945312
53.06929016113281 558.3468017578125
52.88011932373047 558.08837890625
52.70660400390625 557.8191528320312
52.549354553222656 557.5401611328125
52.4089241027832 557.2523193359375
52.28580856323242 556.9566650390625
52.180442810058594 556.6542358398438
52.09319305419922 556.3460693359375
52.02436828613281 556.0332641601562
51.974212646484375 555.7169189453125
51.942901611328125 555.398193359375
51.930545806884766 555.078125
51.93718719482422 554.7579345703125
51.96280288696289 554.4386596679688
52.00730514526367 554.1214599609375
52.070533752441406 553.8074951171875
52.15226745605469 553.497802734375
52.252220153808594 553.1935424804688
52.37003707885742 552.895751953125
52.505306243896484 552.60546875
52.65755081176758 552.3236694335938
52.82623291015625 552.0513916015625
53.01076126098633 551.7896118164062
53.210487365722656 551.5392456054688
53.42470932006836 551.3011474609375
53.652671813964844 551.076171875
53.89356994628906 550.8651123046875
54.14656066894531 550.668701171875
54.41075134277344 550.4876708984375
54.685211181640625 550.3225708007812
54.96897506713867 550.174072265625
55.26104736328125 550.0426635742188
55.56039810180664 549.9287719726562
55.8659782409668 549.8328247070312
56.17739486694336 549.7550048828125
56.499027252197266 549.6944580078125
56.91777801513672 549.63720703125
57.410343170166016 549.5867309570312
57.91339874267578 549.547119140625
58.4178352355957 549.5184936523438
58.925376892089844 549.50048828125
59.431617736816406 549.4931640625
59.94038772583008 549.4963989257812
60.449039459228516 549.510009765625
60.95735549926758 549.5339965820312
61.46512222290039 549.5682983398438
61.97224426269531 549.6129150390625
62.478370666503906 549.6677856445312
62.98329544067383 549.73291015625
63.486839294433594 549.8082275390625
63.98876190185547 549.8936767578125
64.4888687133789 549.9892578125
64.9869384765625 550.094970703125
65.4827651977539 550.210693359375
65.97615814208984 550.33642578125
66.46690368652344 550.4721069335938
66.9548110961914 550.6177368164062
67.4396743774414 550.773193359375
67.92129516601562 550.9384155273438
68.39947509765625 551.1133422851562
68.8740234375 551.2979125976562
69.34474182128906 551.4920043945312
69.81144714355469 551.695556640625
70.27393341064453 551.9085083007812
70.73201751708984 552.1307983398438
71.18547058105469 552.3622436523438
71.63389587402344 552.6027221679688
72.07733154296875 552.852294921875
72.5151596069336 553.1106567382812
72.94702911376953 553.377685546875
73.37140655517578 553.6526489257812
73.77593994140625 553.9288940429688
74.17264556884766 554.2156982421875
74.51322174072266 554.4798583984375
74.84913635253906 554.7625122070312
75.14277648925781 555.0319213867188
75.40052032470703 555.29296875
75.62125396728516 555.54248046875
75.82306671142578 555.7991333007812
76.00749969482422 556.0643310546875
76.17511749267578 556.3385620117188
76.32599639892578 556.621826171875
76.45967864990234 556.9131469726562
76.57585906982422 557.2118530273438
76.6741714477539 557.51708984375
76.75418853759766 557.8274536132812
76.8156509399414 558.1419067382812
76.85836029052734 558.4594116210938
76.88217163085938 558.77880859375
76.88700103759766 559.0990600585938
76.87283325195312 559.4190063476562
76.8397216796875 559.737548828125
76.78778076171875 560.0535888671875
76.7171859741211 560.365966796875
76.6281967163086 560.6736450195312
76.5211181640625 560.9754638671875
76.39633178710938 561.2704467773438
76.2542724609375 561.5574951171875
76.09544372558594 561.8356323242188
75.92041015625 562.1038208007812
75.72977447509766 562.3612060546875
75.52421569824219 562.6068115234375
75.30445861816406 562.8397827148438
75.07127380371094 563.059326171875
74.82547760009766 563.2646484375
74.56793975830078 563.4550170898438
74.29956817626953 563.6298217773438
74.02130126953125 563.7883911132812
73.73412322998047 563.93017578125
73.43904113769531 564.0546875
73.13703918457031 564.1614990234375
72.82927703857422 564.250244140625
72.51680755615234 564.320556640625
72.20072174072266 564.3721923828125
71.88213348388672 564.405029296875
71.5621566772461 564.4188842773438
71.2419204711914 564.4137573242188
70.92255401611328 564.3896484375
70.60517883300781 564.3466796875
70.29090881347656 564.2849731445312
69.98085021972656 564.2047119140625
69.67609405517578 564.106201171875
69.37771606445312 563.9898071289062
69.0867691040039 563.8558959960938
68.80426788330078 563.7050170898438
68.53121185302734 563.5376586914062
68.26856231689453 563.3543701171875
68.01724243164062 563.1558227539062
67.77813720703125 562.9427490234375
67.55208587646484 562.7158813476562
67.33988189697266 562.4760131835938
67.14228057861328 562.2239379882812
66.95996856689453 561.9606323242188
66.79358673095703 561.6869506835938
66.64373016357422 561.4038696289062
66.51091766357422 561.1124267578125
66.39562225341797 560.8135986328125
66.29824829101562 560.5084838867188
66.21913146972656 560.1981201171875
66.15856170654297 559.8836059570312
66.11674499511719 559.5660400390625
66.09382629394531 559.24658203125
66.08988952636719 558.9263305664062
66.10494995117188 558.6063842773438
66.13895416259766 558.2879028320312
66.19178009033203 557.9719848632812
66.26324462890625 557.6597900390625
66.35309600830078 557.3523559570312
66.46101379394531 557.05078125
66.58662414550781 556.7561645507812
66.72947692871094 556.469482421875
66.88907623291016 556.1918334960938
67.06486511230469 555.9241333007812
67.25621795654297 555.6672973632812
67.46246337890625 555.4222412109375
67.68286895751953 555.1898803710938
67.91666412353516 554.9710083007812
68.16303253173828 554.766357421875
68.42109680175781 554.57666015625
68.68995666503906 554.402587890625
68.96866607666016 554.2448120117188
69.25624084472656 554.1038208007812
69.55166625976562 553.9801025390625
69.85393524169922 553.8741455078125
70.1651840209961 553.7852783203125
70.60072326660156 553.6832885742188
71.0785903930664 553.5875854492188
71.56168365478516 553.50439453125
72.05968475341797 553.43115234375
72.56001281738281 553.368896484375
73.06498718261719 553.3170776367188
73.57196807861328 553.2755737304688
74.07906341552734 553.2445678710938
74.58745574951172 553.2239379882812
75.0962142944336 553.213623046875
75.60527801513672 553.213623046875
76.1142578125 553.2239379882812
76.62297821044922 553.2445678710938
77.13117980957031 553.2755126953125
77.63865661621094 553.3167114257812
78.14521026611328 553.3681640625
78.65061950683594 553.4298706054688
79.1546859741211 553.5017700195312
79.65719604492188 553.5838623046875
80.15794372558594 553.6760864257812
80.65672302246094 553.7783813476562
81.15333557128906 553.8907470703125
81.64757537841797 554.0131225585938
82.13923645019531 554.1455078125
82.62812805175781 554.2877807617188
83.1140365600586 554.4398803710938
83.59677124023438 554.601806640625
84.07613372802734 554.7734375
84.55193328857422 554.9547119140625
85.02396392822266 555.1455688476562
85.4920425415039 555.345947265625
85.9559555053711 555.5557250976562
86.41552734375 555.7748413085938
86.87053680419922 556.0032348632812
87.32054901123047 556.2406616210938
87.76512145996094 556.4869995117188
88.20390319824219 556.7421264648438
88.63020324707031 557.0028686523438
89.05500030517578 557.2761840820312
89.46864318847656 557.5558471679688
89.842529296875 557.8247680664062
90.20648193359375 558.1060791015625
90.5362777709961 558.3814697265625
90.80049896240234 558.6240844726562
91.0384750366211 558.8679809570312
91.2555923461914 559.117431640625
91.45442962646484 559.3746948242188
91.63621520996094 559.640869140625
91.80166625976562 559.9168090820312
91.95036315917969 560.2017822265625
92.081787109375 560.4946899414062
92.19566345214844 560.7948608398438
92.29151153564453 561.10107421875
92.36898040771484 561.412109375
92.4278793334961 561.7272338867188
92.46798706054688 562.045166015625
92.48917388916016 562.3648071289062
92.49137115478516 562.6851196289062
92.47457885742188 563.0050048828125
92.43885040283203 563.3233032226562
92.38431549072266 563.638916015625
92.31116485595703 563.9507446289062
92.21965026855469 564.2576904296875
92.11009979248047 564.5586547851562
91.98289489746094 564.8526000976562
91.83848571777344 565.1384887695312
91.67738342285156 565.415283203125
91.50015258789062 565.6820678710938
91.30741882324219 565.9378662109375
91.099853515625 566.1817626953125
90.87818908691406 566.4129638671875
90.6432113647461 566.630615234375
90.39574432373047 566.8339233398438
90.13665771484375 567.022216796875
89.86685943603516 567.19482421875
89.5873031616211 567.3511352539062
89.2989730834961 567.4905395507812
89.00288391113281 567.6126098632812
88.7000732421875 567.7169189453125
88.39160919189453 567.8031005859375
88.07857513427734 567.870849609375
87.76207733154297 567.919921875
87.44322967529297 567.9501342773438
87.12315368652344 567.9613647460938
86.80297088623047 567.95361328125
86.48381042480469 567.9268798828125
86.16679382324219 567.8812866210938
85.85304260253906 567.8169555664062
85.54365539550781 567.734130859375
85.2397232055664 567.6331176757812
84.94231414794922 567.5142822265625
84.65247344970703 567.3779907226562
84.37122344970703 567.2247924804688
84.09955596923828 567.05517578125
83.83841705322266 566.8697509765625
83.58873748779297 566.669189453125
83.35138702392578 566.4541625976562
83.12720489501953 566.2254028320312
82.91698455810547 565.9837646484375
82.7214584350586 565.7301025390625
82.54131317138672 565.4652709960938
82.37718963623047 565.1902465820312
82.22966003417969 564.9059448242188
82.09925079345703 564.6134033203125
81.98641204833984 564.3136596679688
81.89154815673828 564.0077514648438
81.81498718261719 563.69677734375
81.75700378417969 563.3817749023438
81.7177963256836 563.0639038085938
81.69750213623047 562.7442626953125
81.69619750976562 562.4240112304688
81.71388244628906 562.104248046875
81.75050354003906 561.7860717773438
81.80592346191406 561.4706420898438
81.87995147705078 561.1590576171875
81.97232055664062 560.8524169921875
82.08271026611328 560.5517578125
82.21073913574219 560.2581787109375
82.35594940185547 559.9727172851562
82.51782989501953 559.6963500976562
82.69580841064453 559.4300537109375
82.8892593383789 559.1748046875
83.0975112915039 558.9314575195312
83.31982421875 558.700927734375
83.55541229248047 558.4839477539062
83.80345153808594 558.2813110351562
84.06307220458984 558.09375
84.3333511352539 557.9219360351562
84.61334228515625 557.7664184570312
84.90206146240234 557.6278076171875
85.19855499267578 557.5065307617188
85.5088119506836 557.400390625
85.87683868408203 557.2962646484375
86.3630142211914 557.1776733398438
86.8530044555664 557.0701293945312
87.35047149658203 556.972412109375
87.85137939453125 556.884765625
88.35441589355469 556.8073120117188
88.85894775390625 556.7400512695312
89.3647689819336 556.6830444335938
89.87165832519531 556.6362915039062
90.37947845458984 556.5997924804688
90.8879623413086 556.5736083984375
91.3968734741211 556.5576782226562
91.906005859375 556.5520629882812
92.41514587402344 556.5567626953125
92.92408752441406 556.5717163085938
93.43262481689453 556.5969848632812
93.9405517578125 556.6325073242188
94.4476547241211 556.6782836914062
94.95372772216797 556.7343139648438
95.45856475830078 556.8005981445312
95.96195983886719 556.8770751953125
96.46370697021484 556.9636840820312
96.9636001586914 557.0604248046875
97.46144104003906 557.167236328125
97.95701599121094 557.2841186523438
98.45012664794922 557.4110107421875
98.9405746459961 557.5477905273438
99.42815399169922 557.6944580078125
99.91266632080078 557.8509521484375
100.3939208984375 558.0172119140625
100.87171173095703 558.1931762695312
101.3458480834961 558.3787841796875
101.81613159179688 558.5739135742188
102.2823715209961 558.778564453125
102.74430847167969 558.9925537109375
103.20170593261719 559.2158203125
103.65447235107422 559.4483032226562
104.10212707519531 559.6898193359375
104.54226684570312 559.9393310546875
104.97771453857422 560.1986083984375
105.39705657958984 560.4616088867188
105.79348754882812 560.7258911132812
106.18112182617188 561.0018310546875
106.49897003173828 561.2470092773438
106.78141784667969 561.4877319335938
107.05059051513672 561.7421875
107.28939056396484 561.9933471679688
107.50505065917969 562.2474365234375
107.70183563232422 562.5084838867188
107.88019561767578 562.7764892578125
108.04240417480469 563.0545043945312
108.18750762939453 563.3408813476562
108.31551361083984 563.6355590820312
108.42572021484375 563.9369506835938
108.51795196533203 564.2445068359375
108.5917739868164 564.5567626953125
108.64691162109375 564.87255859375
108.68321990966797 565.19091796875
108.70059967041016 565.5108642578125
108.69898223876953 565.8311767578125
108.67838287353516 566.1508178710938
108.63886260986328 566.4686889648438
108.58057403564453 566.7836303710938
108.50371551513672 567.0945434570312
108.40855407714844 567.4003295898438
108.29542541503906 567.699951171875
108.16473388671875 567.9923706054688
108.01693725585938 568.2764892578125
107.85254669189453 568.5513305664062
107.67214965820312 568.8159790039062
107.47637939453125 569.0694580078125
107.26592254638672 569.3108520507812
107.04151916503906 569.5393676757812
106.80396270751953 569.754150390625
106.55409240722656 569.9545288085938
106.29277801513672 570.1397094726562
106.02094268798828 570.30908203125
105.73954772949219 570.4620361328125
105.44957733154297 570.5980224609375
105.15205383300781 570.716552734375
104.8480224609375 570.8172607421875
104.53855895996094 570.8997802734375
104.22474670410156 570.9638061523438
103.90767669677734 571.0090942382812
103.58848571777344 571.0355224609375
103.2682876586914 571.04296875
102.9482192993164 571.0314331054688
102.62939453125 571.0009155273438
102.31294250488281 570.9515380859375
101.99996948242188 570.8834838867188
101.69158172607422 570.7969970703125
101.38886260986328 570.6923828125
101.09288024902344 570.5700073242188
100.80467987060547 570.4302978515625
100.5252685546875 570.2737426757812
100.25563049316406 570.1008911132812
99.99671936035156 569.912353515625
99.74944305419922 569.7088012695312
99.5146713256836 569.490966796875
99.29322814941406 569.2595825195312
99.08589172363281 569.0154418945312
98.89339447021484 568.7594604492188
98.71641540527344 568.4924926757812
98.55557250976562 568.2155151367188
98.41143798828125 567.9295043945312
98.28451538085938 567.6354370117188
98.17525482177734 567.3343505859375
98.08403778076172 567.02734375
98.01118469238281 566.7154541015625
97.95694732666016 566.3997802734375
97.92152404785156 566.0814819335938
97.90503692626953 565.7616577148438
97.90754699707031 565.44140625
97.92903900146484 565.121826171875
97.96944427490234 564.8040771484375
98.02861022949219 564.4893188476562
98.10633850097656 564.1785888671875
98.20235443115234 563.873046875
98.31631469726562 563.57373046875
98.44782257080078 563.2816772460938
98.5964126586914 562.9979858398438
98.76156616210938 562.7235717773438
98.94270324707031 562.4594116210938
99.1391830444336 562.2064819335938
99.35031127929688 561.9656372070312
99.57534790039062 561.7377319335938
99.8134994506836 561.5235595703125
100.06393432617188 561.3239135742188
100.32576751708984 561.1394653320312
100.59807586669922 560.9708862304688
100.87989807128906 560.8187255859375
101.17024993896484 560.6835327148438
101.46983337402344 560.5650634765625
101.87739562988281 560.427001953125
102.3379135131836 560.288818359375
102.82656860351562 560.155517578125
103.31974792480469 560.031982421875
103.81546020507812 559.9185791015625
104.31383514404297 559.815185546875
104.8142318725586 559.721923828125
105.3165283203125 559.6388549804688
105.82040405273438 559.56591796875
106.32568359375 559.503173828125
106.8321304321289 559.45068359375
107.33953857421875 559.408447265625
107.84769439697266 559.37646484375
108.35639190673828 559.3547973632812
108.86543273925781 559.3433837890625
109.37460327148438 559.34228515625
109.8836898803711 559.3515014648438
110.39248657226562 559.3709716796875
110.90078735351562 559.4007568359375
111.40837860107422 559.4407958984375
111.9150619506836 559.4910888671875
112.42062377929688 559.5516357421875
112.92485809326172 559.6223754882812
113.42755889892578 559.7033081054688
113.92852020263672 559.7943725585938
114.42753601074219 559.8955688476562
114.92440795898438 560.0067749023438
115.41893005371094 560.1280517578125
115.91089630126953 560.25927734375
116.40010833740234 560.4004516601562
116.88636779785156 560.5514526367188
117.36947631835938 560.7122802734375
117.84923553466797 560.8828125
118.32544708251953 561.0630493164062
118.79790496826172 561.2528686523438
119.26636505126953 561.4521484375
119.73056030273438 561.6608276367188
120.19049835205078 561.87890625
120.64570617675781 562.106201171875
121.0943374633789 562.3419799804688
121.53783416748047 562.587158203125
121.97271728515625 562.8401489257812
122.39390563964844 563.098876953125
122.79135131835938 563.3587036132812
123.18016052246094 563.6304321289062
123.53926086425781 563.9000244140625
123.8543930053711 564.157470703125
124.12909698486328 564.4049682617188
124.37369537353516 564.6502685546875
124.59541320800781 564.8992309570312
124.79837036132812 565.1555786132812
124.98627471923828 565.423583984375
125.15647888183594 565.6994018554688
125.30934143066406 565.9832153320312
125.44500732421875 566.2752075195312
125.56319427490234 566.5746459960938
125.66340637207031 566.8803100585938
125.74536895751953 567.1913452148438
125.80870819091797 567.5062255859375
125.85322570800781 567.8237915039062
125.87886047363281 568.1434326171875
125.88550567626953 568.4638061523438
125.87315368652344 568.783935546875
125.84184265136719 569.102783203125
125.79169464111328 569.4191284179688
125.72288513183594 569.73193359375
125.63565063476562 570.0401000976562
125.5302963256836 570.342529296875
125.40719604492188 570.63818359375
125.26677703857422 570.926025390625
125.10954284667969 571.2050170898438
124.93603515625 571.4742431640625
124.74687194824219 571.732666015625
124.54271697998047 571.9794311523438
124.32428741455078 572.2136840820312
124.09235382080078 572.4345703125
123.84773254394531 572.6412963867188
123.5912857055664 572.8331909179688
123.32391357421875 573.009521484375
123.04655456542969 573.169677734375
122.76019287109375 573.3131103515625
122.46582794189453 573.4393310546875
122.16449737548828 573.5478515625
121.85726165771484 573.6383056640625
121.54520416259766 573.7103881835938
121.22942352294922 573.7638549804688
120.9110107421875 573.7985229492188
120.59111022949219 573.814208984375
120.27083587646484 573.8109130859375
119.95132446289062 573.7886352539062
119.63369750976562 573.7474365234375
119.3190689086914 573.6875
119.00855255126953 573.6090087890625
118.70323181152344 573.5122680664062
118.40419006347656 573.3975830078125
118.11247253417969 573.265380859375
117.82910919189453 573.1160888671875
117.55509948730469 572.9502563476562
117.2914047241211 572.7684936523438
117.03895568847656 572.5714111328125
116.79863739013672 572.3596801757812
116.57129669189453 572.1340942382812
116.35772705078125 571.8954467773438
116.15869140625 571.64453125
115.97488403320312 571.3822631835938
115.80694580078125 571.1095581054688
115.65547180175781 570.827392578125
115.52100372314453 570.5367431640625
115.40400695800781 570.2385864257812
115.30489349365234 569.9340209960938
115.22400665283203 569.6241455078125
115.1616439819336 569.3099975585938
115.11801147460938 568.99267578125
115.09326934814453 568.67333984375
115.08750915527344 568.3530883789062
115.10074615478516 568.0330810546875
115.1329345703125 567.7144165039062
115.1839599609375 567.3982543945312
115.2536392211914 567.0856323242188
115.34173583984375 566.7777099609375
115.44792938232422 566.4755249023438
115.57185363769531 566.18017578125
115.71307373046875 565.8927001953125
115.87108612060547 565.6141357421875
116.04534149169922 565.3453979492188
116.23522186279297 565.0874633789062
116.4400634765625 564.8412475585938
116.65914154052734 564.6076049804688
116.89168548583984 564.3873901367188
117.13687896728516 564.1813354492188
117.39385986328125 563.9901733398438
117.6617202758789 563.8145751953125
117.93952178955078 563.6552124023438
118.22642517089844 563.5125122070312
118.52700805664062 563.3844604492188
118.97777557373047 563.21533203125
119.45166778564453 563.051513671875
119.93443298339844 562.896484375
120.4217758178711 562.7510375976562
120.91238403320312 562.6154174804688
121.40567016601562 562.4898071289062
121.90142059326172 562.3742065429688
122.39942932128906 562.2686767578125
122.89948272705078 562.1732177734375
123.40142822265625 562.087890625
123.90501403808594 562.0127563476562
124.41001892089844 561.9478149414062
124.9162368774414 561.8931274414062
125.42345428466797 561.8486328125
125.93147277832031 561.814453125
126.44007873535156 561.79052734375
126.94906616210938 561.77685546875
127.4582290649414 561.7734985351562
127.96735382080078 561.7804565429688
128.47622680664062 561.7976684570312
128.98464965820312 561.8251953125
129.49241638183594 561.8629760742188
129.9993133544922 561.9110107421875
130.50514221191406 561.9692993164062
131.0096893310547 562.0377807617188
131.5127410888672 562.116455078125
132.01409912109375 562.205322265625
132.51356506347656 562.3042602539062
133.01092529296875 562.4132690429688
133.5059814453125 562.5323486328125
133.99851989746094 562.661376953125
134.4883575439453 562.8003540039062
134.97528076171875 562.94921875
135.45909118652344 563.10791015625
135.93960571289062 563.2763061523438
136.41661071777344 563.4544067382812
136.889892578125 563.64208984375
137.35926818847656 563.8392944335938
137.8244171142578 564.0459594726562
138.28497314453125 564.2619018554688
138.74029541015625 564.4869384765625
139.19082641601562 564.7213134765625
139.62998962402344 564.9622192382812
140.0632781982422 565.2131958007812
140.49044799804688 565.4741821289062
140.9005584716797 565.7391967773438
141.24819946289062 565.9813232421875
141.55978393554688 566.2198486328125
141.83375549316406 566.4524536132812
142.08360290527344 566.6891479492188
142.3135986328125 566.9330444335938
142.52574157714844 567.1856079101562
142.72283935546875 567.449951171875
142.90538024902344 567.726806640625
143.06874084472656 568.0089111328125
143.21417236328125 568.2979125976562
143.34239196777344 568.5950927734375
143.45286560058594 568.8991088867188
143.54478454589844 569.2076416015625
143.618408203125 569.5213623046875
143.67318725585938 569.8378295898438
143.70916748046875 570.1571655273438
143.72616577148438 570.4775390625
143.72415161132812 570.7980346679688
143.70315551757812 571.1178588867188
143.6632537841797 571.4357299804688
143.60458374023438 571.7506103515625
143.52735900878906 572.0614624023438
143.4318389892578 572.3671875
143.318359375 572.6666870117188
143.1873321533203 572.9589233398438
143.03919982910156 573.2428588867188
142.87449645996094 573.5175170898438
142.69378662109375 573.7819213867188
142.4977264404297 574.03515625
142.2869873046875 574.2763671875
142.06231689453125 574.504638671875
141.8245086669922 574.7191772460938
141.57440185546875 574.9192504882812
141.3128662109375 575.1041259765625
141.04083251953125 575.273193359375
140.75926208496094 575.4258422851562
140.46913146972656 575.5615234375
140.1714630126953 575.6797485351562
139.8673095703125 575.7800903320312
139.55775451660156 575.8622436523438
139.24386596679688 575.9259033203125
138.9267578125 575.9708251953125
138.60752868652344 575.9968872070312
138.28732299804688 576.0039672851562
137.96725463867188 575.9920654296875
137.64845275878906 575.961181640625
137.33204650878906 575.9114379882812
137.01914978027344 575.843017578125
136.7108612060547 575.7561645507812
136.40826416015625 575.6511840820312
136.1124267578125 575.5284423828125
135.8243865966797 575.388427734375
135.54515075683594 575.2315673828125
135.2757110595703 575.0584106445312
135.0170135498047 574.8695678710938
134.7699737548828 574.6657104492188
134.5354461669922 574.4475708007812
134.31427001953125 574.2159423828125
134.1072235107422 573.9716186523438
133.91502380371094 573.7153930664062
133.7383575439453 573.4482421875
133.5778350830078 573.1710815429688
133.4340362548828 572.8848876953125
133.3074493408203 572.5906982421875
133.1985321044922 572.2894897460938
133.107666015625 571.9823608398438
133.03517150878906 571.67041015625
132.98129272460938 571.3546752929688
132.94622802734375 571.0363159179688
132.93011474609375 570.7164306640625
132.9329833984375 570.3961791992188
132.95484924316406 570.07666015625
132.99562072753906 569.7589721679688
133.05514526367188 569.4442749023438
133.1332244873047 569.1336669921875
133.22958374023438 568.8282470703125
133.34388732910156 568.529052734375
133.47573852539062 568.2371826171875
133.62466430664062 567.95361328125
133.79013061523438 567.6793823242188
133.97157287597656 567.4154663085938
134.1683349609375 567.1627807617188
134.37974548339844 566.9221801757812
134.60504150390625 566.6945190429688
134.84344482421875 566.4806518554688
135.09413146972656 566.28125
135.3562774658203 566.0970458984375
135.62913513183594 565.9285278320312
135.9119110107422 565.7761840820312
136.2093963623047 565.6378173828125
136.67308044433594 565.4445190429688
137.1418914794922 565.2614135742188
137.61544799804688 565.0885620117188
138.09609985351562 564.9246826171875
138.58023071289062 564.770751953125
139.06842041015625 564.62646484375
139.5594482421875 564.4920654296875
140.0531005859375 564.3676147460938
140.54922485351562 564.253173828125
141.0475616455078 564.1488037109375
141.5479278564453 564.0545654296875
142.0500946044922 563.970458984375
142.55386352539062 563.896484375
143.05902099609375 563.8327026367188
143.56536865234375 563.7791748046875
144.07269287109375 563.7359008789062
144.58079528808594 563.702880859375
145.08946228027344 563.6801147460938
145.59848022460938 563.6676635742188
146.10763549804688 563.66552734375
146.61672973632812 563.6736450195312
147.1255340576172 563.6920776367188
147.63388061523438 563.7207641601562
148.1415252685547 563.759765625
148.6482696533203 563.8090209960938
149.15391540527344 563.8685302734375
149.658203125 563.938232421875
150.16099548339844 564.0181274414062
150.662109375 564.1082153320312
151.1613006591797 564.2083740234375
151.65830993652344 564.318603515625
152.1529998779297 564.4389038085938
152.6451416015625 564.5692138671875
153.13442993164062 564.7094116210938
153.62057495117188 564.8594970703125
154.1037139892578 565.0194702148438
154.58351135253906 565.189208984375
155.0596923828125 565.36865234375
155.53211975097656 565.5577392578125
156.0007781982422 565.7564697265625
156.46463012695312 565.9644165039062
156.9228515625 566.181396484375
157.37635803222656 566.407958984375
157.82179260253906 566.6427001953125
158.25411987304688 566.8838500976562
158.66305541992188 567.127197265625
159.04458618164062 567.3717651367188
159.42245483398438 567.63330078125
159.7725830078125 567.895263671875
160.0836181640625 568.1494140625
160.36306762695312 568.4012451171875
160.63319396972656 568.67041015625
160.8729248046875 568.935302734375
161.0881805419922 569.2011108398438
161.28213500976562 569.4705810546875
161.4616241455078 569.7527465820312
161.6207733154297 570.0380859375
161.76205444335938 570.3303833007812
161.8854217529297 570.6292724609375
161.99136352539062 570.9358520507812
162.078857421875 571.2472534179688
162.1476287841797 571.562255859375
162.19769287109375 571.8806762695312
162.228759765625 572.2005004882812
162.24085998535156 572.5216064453125
162.23394775390625 572.84228515625
162.2080841064453 573.1617431640625
162.163330078125 573.4791259765625
162.09986877441406 573.7931518554688
162.01791381835938 574.102783203125
161.91775512695312 574.406982421875
161.7997283935547 574.7047119140625
161.6642608642578 574.9949340820312
161.51182556152344 575.276611328125
161.34295654296875 575.5487670898438
161.1582489013672 575.8104248046875
