60.65728759765625 450.6617126464844
61.304779052734375 451.3229064941406
61.94731903076172 451.9888916015625
62.584877014160156 452.65966796875
63.21741485595703 453.3351745605469
63.84489822387695 454.015380859375
64.46729278564453 454.7002258300781
65.08455657958984 455.38970947265625
65.69666290283203 456.0837707519531
66.30358123779297 456.7823791503906
66.90526580810547 457.4855041503906
67.50169372558594 458.1930847167969
68.09282684326172 458.90509033203125
68.67863464355469 459.6214904785156
69.25908660888672 460.3422546386719
69.83414459228516 461.06732177734375
70.40377807617188 461.7966613769531
70.96795654296875 462.53021240234375
71.52664947509766 463.2679443359375
72.07982635498047 464.00982666015625
72.62745666503906 464.7558288574219
73.16950225830078 465.5058898925781
73.70594024658203 466.2599792480469
74.23674011230469 467.0180358886719
74.76187133789062 467.780029296875
75.28131103515625 468.5459289550781
75.7950210571289 469.315673828125
76.302978515625 470.0892333984375
76.8051528930664 470.8665466308594
77.301513671875 471.6475830078125
77.79203796386719 472.43231201171875
78.27669525146484 473.2206726074219
78.75546264648438 474.01263427734375
79.22830963134766 474.8081359863281
79.69520568847656 475.6071472167969
80.15613555908203 476.40960693359375
80.61106872558594 477.2154846191406
81.05997467041016 478.02471923828125
81.5028305053711 478.8372802734375
81.93962097167969 479.65313720703125
82.37031555175781 480.47222900390625
82.79488372802734 481.29449462890625
83.21331024169922 482.1199035644531
83.62557220458984 482.94842529296875
84.0316390991211 483.7799987792969
84.4314956665039 484.61456298828125
84.82511901855469 485.45208740234375
85.21248626708984 486.29254150390625
85.59357452392578 487.1358642578125
85.9683609008789 487.98199462890625
86.33682250976562 488.8309020996094
86.69894409179688 489.6825256347656
87.05470275878906 490.5368347167969
87.40408325195312 491.3937683105469
87.74706268310547 492.2532958984375
88.08362579345703 493.1153564453125
88.41374969482422 493.9798889160156
88.73741912841797 494.84686279296875
89.05461120605469 495.7162170410156
89.36531066894531 496.5879211425781
89.66950225830078 497.4619140625
89.96713256835938 498.33807373046875
90.25817108154297 499.21630859375
90.54255676269531 500.09649658203125
90.82029724121094 500.97869873046875
91.09134674072266 501.86279296875
91.35570526123047 502.74884033203125
91.61334991455078 503.63677978515625
91.86426544189453 504.52655029296875
92.1084213256836 505.4180908203125
92.34577178955078 506.311279296875
92.57626342773438 507.2059631347656
92.79991912841797 508.1023254394531
93.0167236328125 509.00030517578125
93.2266616821289 509.8998718261719
93.42974090576172 510.801025390625
93.62593078613281 511.7036437988281
93.81522369384766 512.6077270507812
93.99760437011719 513.51318359375
94.17306518554688 514.4199829101562
94.34159088134766 515.328125
94.50318145751953 516.2374877929688
94.65782165527344 517.1480712890625
94.80549621582031 518.059814453125
94.94620513916016 518.97265625
95.0799331665039 519.8865356445312
95.20667266845703 520.8013916015625
95.326416015625 521.7171630859375
95.43916320800781 522.6338500976562
95.5448989868164 523.5513916015625
95.64362335205078 524.4696655273438
95.7353286743164 525.388671875
95.82000732421875 526.308349609375
95.89765167236328 527.2286376953125
95.96826171875 528.1495361328125
96.0318374633789 529.0709228515625
96.08837127685547 529.9927978515625
96.13785552978516 530.9150390625
96.1802978515625 531.837646484375
96.21569061279297 532.7605590820312
96.24403381347656 533.6837768554688
96.26532745361328 534.6072387695312
96.27957153320312 535.5308227539062
96.28677368164062 536.45458984375
96.28694152832031 537.37841796875
96.28008270263672 538.302490234375
96.26622009277344 539.2269897460938
96.24540710449219 540.1522216796875
96.21770477294922 541.0772705078125
96.18310546875 542.0020751953125
96.14161682128906 542.9268798828125
96.0932388305664 543.8540649414062
96.03825378417969 544.779541015625
95.97648620605469 545.7062377929688
95.90811920166016 546.6324462890625
95.83316040039062 547.55810546875
95.75154113769531 548.4846801757812
95.6634521484375 549.41064453125
95.56884002685547 550.3370361328125
95.46785736083984 551.2627563476562
95.36050415039062 552.1878662109375
95.2468032836914 553.1121826171875
95.126708984375 554.0363159179688
95.00031280517578 554.9595947265625
94.86763763427734 555.8820190429688
94.72868347167969 556.803466796875
94.58345794677734 557.7239990234375
94.43196868896484 558.6434936523438
94.27415466308594 559.5625
94.11013793945312 560.4804077148438
93.93992614746094 561.397216796875
93.7635269165039 562.3128662109375
93.58094787597656 563.227294921875
93.39218139648438 564.1405639648438
93.19725799560547 565.0525512695312
92.99618530273438 565.9631958007812
92.78897857666016 566.8724365234375
92.57566833496094 567.7801513671875
92.35620880126953 568.6865234375
92.1306381225586 569.5913696289062
91.89897155761719 570.4946899414062
91.66121673583984 571.3964233398438
91.4173812866211 572.2965087890625
91.16748046875 573.1948852539062
90.9115219116211 574.091552734375
90.64949798583984 574.986572265625
90.38147735595703 575.8796997070312
90.10742950439453 576.77099609375
89.8273696899414 577.660400390625
89.54132843017578 578.5478515625
89.24929809570312 579.433349609375
88.9512939453125 580.3168334960938
88.9512939453125 580.3168334960938
88.9512939453125 580.3168334960938
88.9512939453125 580.3168334960938
88.9512939453125 580.3168334960938
88.9512939453125 580.3168334960938
88.9512939453125 580.3168334960938
88.9512939453125 580.3168334960938
88.9512939453125 580.3168334960938
88.9512939453125 580.3168334960938
88.9512939453125 580.3168334960938
88.9512939453125 580.3168334960938
88.9512939453125 580.3168334960938
88.9512939453125 580.3168334960938
88.9512939453125 580.3168334960938
88.9512939453125 580.3168334960938
88.9512939453125 580.3168334960938
88.9512939453125 580.3168334960938
88.9512939453125 580.3168334960938
88.9512939453125 580.3168334960938
88.9512939453125 580.3168334960938
88.9512939453125 580.3168334960938
88.9512939453125 580.3168334960938
88.9512939453125 580.3168334960938
88.9512939453125 580.3168334960938
88.9512939453125 580.3168334960938
88.9512939453125 580.3168334960938
88.9512939453125 580.3168334960938
88.9512939453125 580.3168334960938
88.9512939453125 580.3168334960938
88.9512939453125 580.3168334960938
88.9512939453125 580.3168334960938
88.9512939453125 580.3168334960938
88.9512939453125 580.3168334960938
88.9512939453125 580.3168334960938
88.9512939453125 580.3168334960938
88.9512939453125 580.3168334960938
88.9512939453125 580.3168334960938
88.9512939453125 580.3168334960938
88.9512939453125 580.3168334960938
88.9512939453125 580.3168334960938
88.9512939453125 580.3168334960938
88.9512939453125 580.3168334960938
88.9512939453125 580.3168334960938
88.9512939453125 580.3168334960938
88.9512939453125 580.3168334960938
88.9512939453125 580.3168334960938
88.9512939453125 580.3168334960938
88.9512939453125 580.3168334960938
88.9512939453125 580.3168334960938
88.9512939453125 580.3168334960938
88.9512939453125 580.3168334960938
88.9512939453125 580.3168334960938
88.9512939453125 580.3168334960938
88.9512939453125 580.3168334960938
88.9512939453125 580.3168334960938
88.9512939453125 580.3168334960938
88.9512939453125 580.3168334960938
88.9512939453125 580.3168334960938
88.9512939453125 580.3168334960938
88.9512939453125 580.3168334960938
88.9512939453125 580.3168334960938
88.9512939453125 580.3168334960938
88.9512939453125 580.3168334960938
88.9512939453125 580.3168334960938
88.9512939453125 580.3168334960938
88.9512939453125 580.3168334960938
88.9512939453125 580.3168334960938
88.9512939453125 580.3168334960938
88.9512939453125 580.3168334960938
88.9512939453125 580.3168334960938
88.9512939453125 580.3168334960938
88.9512939453125 580.3168334960938
88.9512939453125 580.3168334960938
88.9512939453125 580.3168334960938
88.9512939453125 580.3168334960938
88.9512939453125 580.3168334960938
88.9512939453125 580.3168334960938
88.9512939453125 580.3168334960938
88.9512939453125 580.3168334960938
88.9512939453125 580.3168334960938
88.9512939453125 580.3168334960938
88.9512939453125 580.3168334960938
88.9512939453125 580.3168334960938
88.9512939453125 580.3168334960938
88.9512939453125 580.3168334960938
88.9512939453125 580.3168334960938
88.9512939453125 580.3168334960938
88.9512939453125 580.3168334960938
88.9512939453125 580.3168334960938
88.9512939453125 580.3168334960938
88.9512939453125 580.3168334960938
88.9512939453125 580.3168334960938
88.9512939453125 580.3168334960938
88.9512939453125 580.3168334960938
88.9512939453125 580.3168334960938
88.9512939453125 580.3168334960938
88.9512939453125 580.3168334960938
88.9512939453125 580.3168334960938
88.9512939453125 580.3168334960938
88.9512939453125 580.3168334960938
88.9512939453125 580.3168334960938
88.9512939453125 580.3168334960938
88.9512939453125 580.3168334960938
88.9512939453125 580.3168334960938
88.9512939453125 580.3168334960938
88.9512939453125 580.3168334960938
88.9512939453125 580.3168334960938
88.9512939453125 580.3168334960938
88.9512939453125 580.3168334960938
88.9512939453125 580.3168334960938
88.9512939453125 580.3168334960938
88.9512939453125 580.3168334960938
88.9512939453125 580.3168334960938
88.9512939453125 580.3168334960938
88.9512939453125 580.3168334960938
88.9512939453125 580.3168334960938
88.9512939453125 580.3168334960938
88.9512939453125 580.3168334960938
88.9512939453125 580.3168334960938
88.9512939453125 580.3168334960938
88.9512939453125 580.3168334960938
88.9512939453125 580.3168334960938
88.9512939453125 580.3168334960938
88.9512939453125 580.3168334960938
88.35769653320312 580.4976196289062
88.35769653320312 580.4976196289062
88.35769653320312 580.4976196289062
88.35769653320312 580.4976196289062
88.35769653320312 580.4976196289062
88.35769653320312 580.4976196289062
88.35769653320312 580.4976196289062
87.81129455566406 580.4901733398438
87.26581573486328 580.4579467773438
86.72236633300781 580.4010620117188
86.18201446533203 580.319580078125
85.64591979980469 580.2136840820312
85.11515808105469 580.0836181640625
84.5908203125 579.9295654296875
84.07369232177734 579.7518310546875
83.5572280883789 579.5479736328125
82.96082305908203 579.2847900390625
82.14178466796875 578.9014282226562
81.30093383789062 578.4994506835938
80.46322631835938 578.0919189453125
79.62730407714844 577.67822265625
78.794189453125 577.2589111328125
77.96391296386719 576.833984375
77.13651275634766 576.4035034179688
76.3120346069336 575.9674682617188
75.49050903320312 575.52587890625
74.6719741821289 575.0787963867188
73.8564682006836 574.6261596679688
73.04402160644531 574.1680908203125
72.23468017578125 573.7045288085938
71.42847442626953 573.2355346679688
70.62545013427734 572.7611083984375
69.82563781738281 572.2813110351562
69.02906799316406 571.796142578125
68.23578643798828 571.3056030273438
67.4458236694336 570.8097534179688
66.65921020507812 570.30859375
65.87599182128906 569.8021850585938
65.09619903564453 569.2904663085938
64.31986999511719 568.7735595703125
63.547035217285156 568.2514038085938
62.777732849121094 567.7240600585938
62.01199722290039 567.1915283203125
61.24986267089844 566.6538696289062
60.491363525390625 566.111083984375
59.73653793334961 565.563232421875
58.985416412353516 565.0103149414062
58.238033294677734 564.4523315429688
57.494422912597656 563.8893432617188
56.75461959838867 563.3213500976562
56.018653869628906 562.7484130859375
55.286563873291016 562.1705322265625
54.558380126953125 561.5877075195312
53.83413314819336 561.0
53.113861083984375 560.407470703125
52.39759063720703 559.81005859375
51.685359954833984 559.2078857421875
50.977195739746094 558.6008911132812
50.273136138916016 557.9891967773438
49.57320785522461 557.3727416992188
48.877445220947266 556.7515869140625
48.18587875366211 556.1257934570312
47.49854278564453 555.495361328125
46.81546401977539 554.8602905273438
46.13667678833008 554.2206420898438
45.46220779418945 553.576416015625
44.792091369628906 552.9276733398438
44.12635803222656 552.2744750976562
43.46503448486328 551.6167602539062
42.80815505981445 550.9546508789062
42.15574645996094 550.2880859375
41.50783920288086 549.6171875
40.864463806152344 548.9419555664062
40.22564697265625 548.2623901367188
39.5914192199707 547.5785522460938
38.96180725097656 546.8904418945312
38.33684158325195 546.1981201171875
37.716548919677734 545.5015869140625
37.10095977783203 544.8009033203125
36.4901008605957 544.0960693359375
35.88399887084961 543.3871459960938
35.282684326171875 542.6741943359375
34.686180114746094 541.9572143554688
34.09451675415039 541.2362060546875
33.507720947265625 540.51123046875
32.925819396972656 539.7823486328125
32.34883499145508 539.049560546875
31.776796340942383 538.3128662109375
31.20973014831543 537.5723876953125
30.647661209106445 536.8280639648438
30.090614318847656 536.0800170898438
29.53861427307129 535.3281860351562
28.991687774658203 534.5726928710938
28.449859619140625 533.8135375976562
27.91315269470215 533.0507202148438
27.381593704223633 532.2843017578125
26.855205535888672 531.5143432617188
26.334012985229492 530.7408447265625
25.818038940429688 529.9638671875
25.307308197021484 529.1834716796875
24.801841735839844 528.399658203125
24.301666259765625 527.6124267578125
23.806806564331055 526.8218383789062
23.317285537719727 526.0279541015625
22.83314323425293 525.2308349609375
22.354406356811523 524.4305419921875
21.881044387817383 523.626953125
21.413118362426758 522.8202514648438
20.95094871520996 522.0108642578125
20.4945011138916 521.19873046875
20.043901443481445 520.3839111328125
19.59992218017578 519.5676879882812
19.16293716430664 518.7503662109375
18.730207443237305 517.9268798828125
18.303810119628906 517.1013793945312
17.882471084594727 516.271484375
17.471904754638672 515.4476928710938
17.071046829223633 514.6264038085938
16.68096923828125 513.80859375
16.68096923828125 513.80859375
16.68096923828125 513.80859375
16.68096923828125 513.80859375
16.68096923828125 513.80859375
16.68096923828125 513.80859375
16.68096923828125 513.80859375
16.68096923828125 513.80859375
16.68096923828125 513.80859375
16.68096923828125 513.80859375
16.68096923828125 513.80859375
16.52493667602539 513.2586059570312
16.52493667602539 513.2586059570312
16.52493667602539 513.2586059570312
16.52493667602539 513.2586059570312
16.52493667602539 513.2586059570312
16.52493667602539 513.2586059570312
16.521526336669922 512.7122192382812
16.542890548706055 512.166259765625
16.588987350463867 511.6218566894531
16.659730911254883 511.08001708984375
16.75497055053711 510.54193115234375
16.874507904052734 510.0086975097656
17.018095016479492 509.4814147949219
17.185440063476562 508.961181640625
17.376195907592773 508.4490661621094
17.590229034423828 507.9454650878906
17.836772918701172 507.42974853515625
18.259244918823242 506.59967041015625
18.686500549316406 505.77447509765625
19.117244720458984 504.9573059082031
19.558063507080078 504.1353759765625
20.00440788269043 503.3164367675781
20.456254959106445 502.5005187988281
20.913583755493164 501.6876525878906
21.376373291015625 500.87786865234375
21.844602584838867 500.07122802734375
22.31825065612793 499.26776123046875
22.79729652404785 498.4674987792969
23.28171730041504 497.67047119140625
23.77149200439453 496.8767395019531
24.266597747802734 496.0863037109375
24.766998291015625 495.29925537109375
25.272689819335938 494.5155944824219
25.782102584838867 493.73797607421875
26.29722023010254 492.9635314941406
26.817956924438477 492.1923522949219
27.341346740722656 491.4291687011719
27.870412826538086 490.6698913574219
28.405126571655273 489.9145812988281
28.945459365844727 489.1632995605469
29.491378784179688 488.4160461425781
30.042856216430664 487.6728820800781
30.59986114501953 486.9338684082031
31.16236114501953 486.19903564453125
31.73032569885254 485.4684143066406
32.3037223815918 484.7420349121094
32.88252258300781 484.01995849609375
33.46669006347656 483.3022155761719
34.05619430541992 482.5888671875
34.6510009765625 481.8799133300781
35.25107955932617 481.1754150390625
35.85639572143555 480.4754333496094
36.466915130615234 479.77996826171875
37.082603454589844 479.0890808105469
37.703426361083984 478.4028015136719
38.329349517822266 477.7211608886719
38.9603385925293 477.0442199707031
39.59635925292969 476.37200927734375
40.23737716674805 475.7045593261719
40.88335418701172 475.0419006347656
41.53425598144531 474.3840637207031
42.19004440307617 473.7311096191406
42.850685119628906 473.08306884765625
43.51613998413086 472.4399719238281
44.186370849609375 471.8018493652344
44.86134338378906 471.16876220703125
45.541019439697266 470.54071044921875
46.22536087036133 469.9177551269531
46.91432571411133 469.2999267578125
47.607879638671875 468.687255859375
48.30598449707031 468.07977294921875
49.008602142333984 467.4775085449219
49.71569061279297 466.8804931640625
50.42721176147461 466.28875732421875
51.14312744140625 465.7023620605469
51.86339569091797 465.1213073730469
52.587974548339844 464.545654296875
53.316829681396484 463.97540283203125
54.0499153137207 463.4106140136719
54.787193298339844 462.851318359375
55.528621673583984 462.2975158691406
56.2741584777832 461.749267578125
57.023765563964844 461.20660400390625
57.77739715576172 460.6695251464844
58.535011291503906 460.1380920410156
59.29656982421875 459.6123352050781
60.06202697753906 459.0922546386719
60.83134078979492 458.5779113769531
61.604469299316406 458.0693054199219
62.381370544433594 457.5664978027344
63.1619987487793 457.0694885253906
63.946311950683594 456.57830810546875
64.73426818847656 456.0929870605469
65.52581787109375 455.6135559082031
66.3209228515625 455.1400451660156
67.11953735351562 454.6724853515625
67.92161560058594 454.21087646484375
68.72711944580078 453.7552795410156
69.53599548339844 453.3056945800781
70.34819793701172 452.8621520996094
71.16368865966797 452.4246826171875
71.982421875 451.9933166503906
72.8043441772461 451.56805419921875
73.6294174194336 451.14892578125
74.45759582519531 450.7359619140625
75.28882598876953 450.3291931152344
76.1230697631836 449.92864990234375
76.96027374267578 449.5343322753906
77.80039978027344 449.1462707519531
78.64329528808594 448.7645263671875
79.4889144897461 448.38916015625
80.33721923828125 448.0201721191406
81.18817138671875 447.6575927734375
82.04161834716797 447.3014831542969
82.89764404296875 446.95184326171875
83.75621032714844 446.60870361328125
84.61719512939453 446.2721252441406
85.48063659667969 445.94207763671875
86.346435546875 445.6186218261719
87.21461486816406 445.3017578125
88.08517456054688 444.991455078125
88.95797729492188 444.68780517578125
89.83301544189453 444.39080810546875
90.71022033691406 444.1004943847656
91.58956909179688 443.8168640136719
92.47102355957031 443.5399475097656
93.35453033447266 443.2697448730469
94.24004364013672 443.00628662109375
95.12751770019531 442.74957275390625
96.01688385009766 442.4996337890625
96.90811157226562 442.2565002441406
97.8011474609375 442.0201721191406
98.6959457397461 441.7906494140625
99.59245300292969 441.5679626464844
100.49061584472656 441.35211181640625
101.39038848876953 441.14312744140625
102.29170989990234 440.9410095214844
103.19453430175781 440.74578857421875
104.09881591796875 440.5574645996094
105.00450134277344 440.37603759765625
105.91152954101562 440.2015380859375
106.81986236572266 440.0339660644531
107.72943878173828 439.8733215332031
108.64021301269531 439.7196350097656
109.5521240234375 439.5729064941406
110.46515655517578 439.4331359863281
111.37937927246094 439.3003234863281
112.29462432861328 439.1744689941406
113.21212768554688 439.05535888671875
114.13072204589844 438.9430847167969
115.05207061767578 438.83734130859375
115.97451782226562 438.73822021484375
116.89987182617188 438.64544677734375
117.82614135742188 438.5591125488281
118.7549057006836 438.4789733886719
119.68424987792969 438.4051208496094
120.61433410644531 438.3375549316406
121.54487609863281 438.2762451171875
122.47589111328125 438.2212219238281
123.40726470947266 438.1724548339844
124.3389663696289 438.1299743652344
125.27093505859375 438.09375
126.20314025878906 438.0638122558594
127.1355209350586 438.0401306152344
128.0680389404297 438.0227355957031
129.0006561279297 438.0116271972656
129.93333435058594 438.0068054199219
130.86602783203125 438.00823974609375
131.79869079589844 438.0159606933594
132.7312774658203 438.02996826171875
133.6637420654297 438.05023193359375
134.59605407714844 438.0767822265625
135.52816772460938 438.109619140625
136.4600372314453 438.1487121582031
137.39161682128906 438.194091796875
138.3228759765625 438.2457275390625
139.25376892089844 438.3036193847656
140.1842498779297 438.3677978515625
141.11427307128906 438.438232421875
142.04380798339844 438.5149230957031
142.97279357910156 438.5978698730469
143.90121459960938 438.68707275390625
144.82901000976562 438.78253173828125
145.75613403320312 438.88421630859375
146.68255615234375 438.99212646484375
147.6082305908203 439.1062927246094
148.53311157226562 439.2266845703125
149.45716857910156 439.3533020019531
150.38035583496094 439.4861145019531
151.30262756347656 439.6251525878906
152.22393798828125 439.7703857421875
153.14425659179688 439.92181396484375
154.0635223388672 440.0794372558594
154.98170471191406 440.2432556152344
155.89695739746094 440.4129943847656
156.8109893798828 440.58905029296875
156.8109893798828 440.58905029296875
156.8109893798828 440.58905029296875
156.8109893798828 440.58905029296875
156.8109893798828 440.58905029296875
156.8109893798828 440.58905029296875
156.8109893798828 440.58905029296875
156.8109893798828 440.58905029296875
156.8109893798828 440.58905029296875
156.8109893798828 440.58905029296875
156.8109893798828 440.58905029296875
156.8109893798828 440.58905029296875
156.8109893798828 440.58905029296875
156.8109893798828 440.58905029296875
156.8109893798828 440.58905029296875
156.8109893798828 440.58905029296875
156.8109893798828 440.58905029296875
156.8109893798828 440.58905029296875
156.8109893798828 440.58905029296875
156.8109893798828 440.58905029296875
156.8109893798828 440.58905029296875
156.8109893798828 440.58905029296875
156.8109893798828 440.58905029296875
156.8109893798828 440.58905029296875
156.8109893798828 440.58905029296875
156.8109893798828 440.58905029296875
156.8109893798828 440.58905029296875
156.8109893798828 440.58905029296875
156.8109893798828 440.58905029296875
156.8109893798828 440.58905029296875
156.8109893798828 440.58905029296875
156.8109893798828 440.58905029296875
156.8109893798828 440.58905029296875
156.8109893798828 440.58905029296875
156.8109893798828 440.58905029296875
156.8109893798828 440.58905029296875
156.8109893798828 440.58905029296875
156.8109893798828 440.58905029296875
156.8109893798828 440.58905029296875
156.8109893798828 440.58905029296875
156.8109893798828 440.58905029296875
156.8109893798828 440.58905029296875
156.8109893798828 440.58905029296875
156.8109893798828 440.58905029296875
156.8109893798828 440.58905029296875
156.8109893798828 440.58905029296875
156.8109893798828 440.58905029296875
156.8109893798828 440.58905029296875
156.8109893798828 440.58905029296875
156.8109893798828 440.58905029296875
156.8109893798828 440.58905029296875
156.8109893798828 440.58905029296875
156.8109893798828 440.58905029296875
156.8109893798828 440.58905029296875
156.8109893798828 440.58905029296875
156.8109893798828 440.58905029296875
156.8109893798828 440.58905029296875
156.8109893798828 440.58905029296875
156.8109893798828 440.58905029296875
156.8109893798828 440.58905029296875
156.8109893798828 440.58905029296875
156.8109893798828 440.58905029296875
156.8109893798828 440.58905029296875
156.8109893798828 440.58905029296875
156.8109893798828 440.58905029296875
156.8109893798828 440.58905029296875
156.8109893798828 440.58905029296875
156.8109893798828 440.58905029296875
156.8109893798828 440.58905029296875
156.8109893798828 440.58905029296875
156.8109893798828 440.58905029296875
156.8109893798828 440.58905029296875
156.8109893798828 440.58905029296875
156.8109893798828 440.58905029296875
156.8109893798828 440.58905029296875
156.8109893798828 440.58905029296875
156.8109893798828 440.58905029296875
156.8109893798828 440.58905029296875
156.8109893798828 440.58905029296875
156.8109893798828 440.58905029296875
156.8109893798828 440.58905029296875
156.8109893798828 440.58905029296875
157.49708557128906 441.2199401855469
157.49708557128906 441.2199401855469
157.49708557128906 441.2199401855469
157.49708557128906 441.2199401855469
157.49708557128906 441.2199401855469
157.49708557128906 441.2199401855469
157.49708557128906 441.2199401855469
157.49708557128906 441.2199401855469
157.49708557128906 441.2199401855469
157.49708557128906 441.2199401855469
157.49708557128906 441.2199401855469
157.49708557128906 441.2199401855469
157.49708557128906 441.2199401855469
157.49708557128906 441.2199401855469
157.49708557128906 441.2199401855469
157.49708557128906 441.2199401855469
157.49708557128906 441.2199401855469
157.49708557128906 441.2199401855469
157.49708557128906 441.2199401855469
157.49708557128906 441.2199401855469
157.49708557128906 441.2199401855469
157.49708557128906 441.2199401855469
157.49708557128906 441.2199401855469
157.49708557128906 441.2199401855469
157.49708557128906 441.2199401855469
157.49708557128906 441.2199401855469
157.49708557128906 441.2199401855469
157.49708557128906 441.2199401855469
157.49708557128906 441.2199401855469
157.49708557128906 441.2199401855469
157.49708557128906 441.2199401855469
157.49708557128906 441.2199401855469
157.49708557128906 441.2199401855469
157.49708557128906 441.2199401855469
157.49708557128906 441.2199401855469
157.49708557128906 441.2199401855469
157.49708557128906 441.2199401855469
157.49708557128906 441.2199401855469
157.49708557128906 441.2199401855469
157.49708557128906 441.2199401855469
157.49708557128906 441.2199401855469
157.49708557128906 441.2199401855469
157.49708557128906 441.2199401855469
157.49708557128906 441.2199401855469
157.49708557128906 441.2199401855469
157.49708557128906 441.2199401855469
157.49708557128906 441.2199401855469
157.49708557128906 441.2199401855469
157.49708557128906 441.2199401855469
157.49708557128906 441.2199401855469
157.49708557128906 441.2199401855469
157.49708557128906 441.2199401855469
157.49708557128906 441.2199401855469
157.48390197753906 441.7661437988281
157.4459686279297 442.3111877441406
157.3833465576172 442.8540344238281
157.29617309570312 443.39349365234375
157.12449645996094 444.3028564453125
156.946044921875 445.2109069824219
156.7608184814453 446.11761474609375
156.56883239746094 447.02288818359375
156.37010192871094 447.9267272949219
156.16464233398438 448.82904052734375
155.95245361328125 449.72979736328125
155.73355102539062 450.62896728515625
155.50794982910156 451.5264587402344
155.27566528320312 452.4222412109375
155.03671264648438 453.3162841796875
154.7910919189453 454.2085266113281
154.538818359375 455.0989074707031
154.27992248535156 455.98736572265625
154.014404296875 456.8738708496094
153.74227905273438 457.7583923339844
153.46356201171875 458.6408386230469
153.17828369140625 459.52117919921875
152.88644409179688 460.3993835449219
152.5880584716797 461.275390625
152.2831573486328 462.1491394042969
151.97174072265625 463.0205993652344
151.65383911132812 463.88970947265625
151.3294677734375 464.75640869140625
150.99864196777344 465.62066650390625
150.661376953125 466.4824523925781
150.31768798828125 467.3416748046875
149.9676055908203 468.1983337402344
149.61114501953125 469.0523376464844
149.24832153320312 469.9036560058594
148.87916564941406 470.75225830078125
148.50369262695312 471.59808349609375
148.12191772460938 472.4410705566406
147.73387145996094 473.28118896484375
147.33956909179688 474.118408203125
146.93902587890625 474.9526672363281
146.5322723388672 475.7839050292969
146.1193389892578 476.6120910644531
145.7002410888672 477.4371643066406
145.27499389648438 478.25909423828125
144.8436279296875 479.07781982421875
144.4061737060547 479.893310546875
143.962646484375 480.7055358886719
143.51307678222656 481.514404296875
143.05747985839844 482.3199157714844
142.5959014892578 483.12200927734375
142.1283416748047 483.9206237792969
141.65484619140625 484.7157287597656
141.17543029785156 485.5072937011719
140.69012451171875 486.2952575683594
140.19895935058594 487.07958984375
139.7019500732422 487.8602294921875
139.1991424560547 488.63714599609375
138.6905517578125 489.4102783203125
138.17620849609375 490.1795959472656
137.65614318847656 490.945068359375
137.13038635253906 491.7066345214844
136.59896850585938 492.4642639160156
136.06187438964844 493.21795654296875
135.5189666748047 493.96795654296875
134.97007751464844 494.7145690917969
134.41543579101562 495.45758056640625
133.85487365722656 496.197265625
133.2886962890625 496.933349609375
132.7169647216797 497.66583251953125
132.1396026611328 498.3948974609375
131.556884765625 499.1202392578125
130.9687957763672 499.84197998046875
130.37554931640625 500.5599060058594
129.7771759033203 501.2740173339844
129.17381286621094 501.98419189453125
128.56552124023438 502.69036865234375
127.95233154296875 503.39251708984375
127.33433532714844 504.090576171875
126.7115707397461 504.7845153808594
126.08409118652344 505.4742736816406
125.45193481445312 506.1598205566406
124.81514739990234 506.84112548828125
124.17375946044922 507.51812744140625
123.5278091430664 508.1908264160156
122.87732696533203 508.8591613769531
122.22235107421875 509.5231018066406
121.56290435791016 510.1826171875
120.89903259277344 510.83770751953125
120.23075866699219 511.4883117675781
119.55811309814453 512.1343994140625
118.88113403320312 512.7759399414062
118.19984436035156 513.4129028320312
117.5142822265625 514.0452880859375
116.82447814941406 514.6730346679688
116.13046264648438 515.296142578125
115.43226623535156 515.91455078125
114.72992706298828 516.5282592773438
114.02346801757812 517.13720703125
113.31292724609375 517.7413940429688
112.59833526611328 518.3407592773438
111.87972259521484 518.935302734375
111.1571273803711 519.5250244140625
110.43058013916016 520.10986328125
109.70011138916016 520.6898193359375
108.96575927734375 521.2648315429688
108.22754669189453 521.8348999023438
107.48551940917969 522.3999633789062
106.73970031738281 522.9600219726562
105.99012756347656 523.5150756835938
105.2368392944336 524.0650634765625
104.47986602783203 524.6099243164062
103.71924591064453 525.1497192382812
102.95500946044922 525.6843872070312
102.18718719482422 526.2138671875
101.41581726074219 526.7381591796875
100.64093780517578 527.2572631835938
99.86257934570312 527.7711181640625
99.08078002929688 528.2797241210938
98.29557800292969 528.7830810546875
97.50700378417969 529.2811279296875
96.71509552001953 529.7738647460938
95.91989135742188 530.26123046875
95.12142181396484 530.7432861328125
94.3197250366211 531.2199096679688
93.51483917236328 531.691162109375
92.70680236816406 532.156982421875
91.89564514160156 532.6173706054688
91.08140563964844 533.072265625
90.26412200927734 533.5216674804688
89.44383239746094 533.965576171875
88.62057495117188 534.4039306640625
87.79438781738281 534.8367309570312
86.9653091430664 535.2639770507812
86.13336944580078 535.6856079101562
85.29861450195312 536.1016235351562
84.46107482910156 536.5120239257812
83.62079620361328 536.9168090820312
82.7778091430664 537.31591796875
81.9321517944336 537.7093505859375
81.08386993408203 538.0970458984375
80.23299407958984 538.4790649414062
79.37957000732422 538.8553466796875
78.52363586425781 539.225830078125
77.66522216796875 539.590576171875
76.80437469482422 539.9495239257812
75.94113159179688 540.3026733398438
75.07553100585938 540.6500244140625
74.2076187133789 540.9915161132812
73.33743286132812 541.3271484375
72.46500396728516 541.6569213867188
71.59037780761719 541.9808349609375
70.71359252929688 542.298828125
69.83470153808594 542.6109008789062
68.9537353515625 542.9170532226562
68.07074737548828 543.2172241210938
67.18576049804688 543.511474609375
66.29885864257812 543.7997436523438
65.41004180908203 544.08203125
64.51942443847656 544.3582763671875
63.6269645690918 544.6284790039062
62.73279571533203 544.8926391601562
61.83686447143555 545.1506958007812
60.939266204833984 545.4027099609375
60.03998565673828 545.6486206054688
59.13932418823242 545.8883666992188
58.237098693847656 546.1219482421875
57.33425521850586 546.34912109375
56.42987823486328 546.570068359375
55.524017333984375 546.7847290039062
54.616722106933594 546.9931640625
53.7089729309082 547.195068359375
52.80110549926758 547.3902587890625
51.891998291015625 547.5789184570312
50.982425689697266 547.7608642578125
50.07286071777344 547.9359130859375
49.16205978393555 548.104248046875
48.25106430053711 548.265625
47.33897018432617 548.420166015625
46.42576217651367 548.5678100585938
45.51211929321289 548.70849609375
44.59744644165039 548.84228515625
43.681800842285156 548.9691772460938
42.765594482421875 549.0890502929688
41.84880065917969 549.201904296875
40.931095123291016 549.3078002929688
40.012611389160156 549.4066772460938
39.093544006347656 549.49853515625
38.173805236816406 549.5833740234375
37.253360748291016 549.6611938476562
36.33229446411133 549.7319946289062
35.410194396972656 549.7958374023438
34.48763656616211 549.8527221679688
33.5644645690918 549.9026489257812
32.64094543457031 549.945556640625
31.71713638305664 549.9815063476562
30.79309844970703 550.010498046875
29.867952346801758 550.0325927734375
28.941242218017578 550.0478515625
28.014440536499023 550.0563354492188
27.087162017822266 550.0580444335938
26.159896850585938 550.0530395507812
25.232702255249023 550.041259765625
24.30518913269043 550.0227661132812
23.377851486206055 549.99755859375
22.450748443603516 549.9656372070312
21.52348518371582 549.927001953125
20.596555709838867 549.8817138671875
19.670019149780273 549.8297729492188
18.74225616455078 549.7711181640625
17.816164016723633 549.7059936523438
16.890615463256836 549.6342163085938
16.890615463256836 549.6342163085938
16.890615463256836 549.6342163085938
16.890615463256836 549.6342163085938
16.890615463256836 549.6342163085938
16.890615463256836 549.6342163085938
16.890615463256836 549.6342163085938
16.890615463256836 549.6342163085938
16.890615463256836 549.6342163085938
16.890615463256836 549.6342163085938
16.890615463256836 549.6342163085938
16.890615463256836 549.6342163085938
16.890615463256836 549.6342163085938
16.890615463256836 549.6342163085938
16.890615463256836 549.6342163085938
16.890615463256836 549.6342163085938
16.890615463256836 549.6342163085938
16.890615463256836 549.6342163085938
16.890615463256836 549.6342163085938
16.890615463256836 549.6342163085938
16.890615463256836 549.6342163085938
16.890615463256836 549.6342163085938
16.890615463256836 549.6342163085938
16.890615463256836 549.6342163085938
16.890615463256836 549.6342163085938
16.890615463256836 549.6342163085938
16.890615463256836 549.6342163085938
16.890615463256836 549.6342163085938
16.890615463256836 549.6342163085938
16.890615463256836 549.6342163085938
16.890615463256836 549.6342163085938
16.890615463256836 549.6342163085938
16.890615463256836 549.6342163085938
16.890615463256836 549.6342163085938
16.890615463256836 549.6342163085938
16.890615463256836 549.6342163085938
16.890615463256836 549.6342163085938
16.890615463256836 549.6342163085938
16.890615463256836 549.6342163085938
16.890615463256836 549.6342163085938
16.890615463256836 549.6342163085938
16.890615463256836 549.6342163085938
16.890615463256836 549.6342163085938
16.890615463256836 549.6342163085938
16.890615463256836 549.6342163085938
16.890615463256836 549.6342163085938
16.890615463256836 549.6342163085938
16.890615463256836 549.6342163085938
16.890615463256836 549.6342163085938
16.890615463256836 549.6342163085938
16.890615463256836 549.6342163085938
16.890615463256836 549.6342163085938
16.890615463256836 549.6342163085938
16.890615463256836 549.6342163085938
16.890615463256836 549.6342163085938
16.890615463256836 549.6342163085938
16.890615463256836 549.6342163085938
16.890615463256836 549.6342163085938
16.890615463256836 549.6342163085938
16.890615463256836 549.6342163085938
16.890615463256836 549.6342163085938
16.890615463256836 549.6342163085938
16.890615463256836 549.6342163085938
16.890615463256836 549.6342163085938
16.890615463256836 549.6342163085938
16.890615463256836 549.6342163085938
16.890615463256836 549.6342163085938
16.890615463256836 549.6342163085938
16.890615463256836 549.6342163085938
16.890615463256836 549.6342163085938
16.890615463256836 549.6342163085938
16.890615463256836 549.6342163085938
16.890615463256836 549.6342163085938
16.890615463256836 549.6342163085938
16.890615463256836 549.6342163085938
16.890615463256836 549.6342163085938
16.890615463256836 549.6342163085938
16.890615463256836 549.6342163085938
16.890615463256836 549.6342163085938
16.890615463256836 549.6342163085938
16.890615463256836 549.6342163085938
16.890615463256836 549.6342163085938
16.890615463256836 549.6342163085938
16.890615463256836 549.6342163085938
16.890615463256836 549.6342163085938
16.890615463256836 549.6342163085938
16.890615463256836 549.6342163085938
16.890615463256836 549.6342163085938
16.890615463256836 549.6342163085938
16.890615463256836 549.6342163085938
16.890615463256836 549.6342163085938
16.890615463256836 549.6342163085938
16.890615463256836 549.6342163085938
16.890615463256836 549.6342163085938
16.890615463256836 549.6342163085938
16.890615463256836 549.6342163085938
16.890615463256836 549.6342163085938
16.890615463256836 549.6342163085938
16.890615463256836 549.6342163085938
16.890615463256836 549.6342163085938
16.890615463256836 549.6342163085938
16.890615463256836 549.6342163085938
16.890615463256836 549.6342163085938
16.890615463256836 549.6342163085938
16.890615463256836 549.6342163085938
16.890615463256836 549.6342163085938
16.890615463256836 549.6342163085938
16.890615463256836 549.6342163085938
16.890615463256836 549.6342163085938
16.890615463256836 549.6342163085938
16.890615463256836 549.6342163085938
16.890615463256836 549.6342163085938
16.890615463256836 549.6342163085938
16.890615463256836 549.6342163085938
16.890615463256836 549.6342163085938
16.890615463256836 549.6342163085938
16.890615463256836 549.6342163085938
16.890615463256836 549.6342163085938
16.890615463256836 549.6342163085938
16.890615463256836 549.6342163085938
16.890615463256836 549.6342163085938
16.890615463256836 549.6342163085938
16.890615463256836 549.6342163085938
16.890615463256836 549.6342163085938
16.890615463256836 549.6342163085938
16.890615463256836 549.6342163085938
16.890615463256836 549.6342163085938
16.890615463256836 549.6342163085938
16.890615463256836 549.6342163085938
16.890615463256836 549.6342163085938
16.890615463256836 549.6342163085938
16.890615463256836 549.6342163085938
16.890615463256836 549.6342163085938
16.890615463256836 549.6342163085938
16.890615463256836 549.6342163085938
16.890615463256836 549.6342163085938
16.890615463256836 549.6342163085938
16.890615463256836 549.6342163085938
16.890615463256836 549.6342163085938
16.890615463256836 549.6342163085938
16.890615463256836 549.6342163085938
16.890615463256836 549.6342163085938
16.890615463256836 549.6342163085938
16.890615463256836 549.6342163085938
16.890615463256836 549.6342163085938
16.890615463256836 549.6342163085938
16.890615463256836 549.6342163085938
16.890615463256836 549.6342163085938
16.890615463256836 549.6342163085938
16.890615463256836 549.6342163085938
16.50362777709961 548.85595703125
16.50362777709961 548.85595703125
16.50362777709961 548.85595703125
16.50362777709961 548.85595703125
16.50362777709961 548.85595703125
16.50362777709961 548.85595703125
16.50362777709961 548.85595703125
16.50362777709961 548.85595703125
16.50362777709961 548.85595703125
16.50362777709961 548.85595703125
16.50362777709961 548.85595703125
16.50362777709961 548.85595703125
16.50362777709961 548.85595703125
16.50362777709961 548.85595703125
16.50362777709961 548.85595703125
16.50362777709961 548.85595703125
16.516042709350586 548.3096923828125
16.553211212158203 547.7645874023438
16.61506462097168 547.2216796875
16.701473236083984 546.6820678710938
16.812253952026367 546.14697265625
16.947181701660156 545.617431640625
17.105976104736328 545.0945434570312
17.288312911987305 544.5794067382812
17.493816375732422 544.0730590820312
17.73319435119629 543.5503540039062
17.989164352416992 543.0496826171875
18.43364906311035 542.2320556640625
18.884672164916992 541.415771484375
19.341218948364258 540.6024780273438
19.80323028564453 539.792236328125
20.27068519592285 538.9851684570312
20.743560791015625 538.1812133789062
21.221837997436523 537.3804931640625
21.705493927001953 536.5830078125
22.19450569152832 535.788818359375
22.688852310180664 534.9979248046875
23.18851089477539 534.2103881835938
23.693449020385742 533.4262084960938
24.203657150268555 532.6454467773438
24.719112396240234 531.8681640625
25.23880386352539 531.0960083007812
25.762990951538086 530.3287963867188
26.29059410095215 529.5684814453125
26.8238525390625 528.8121337890625
27.362735748291016 528.059814453125
27.907215118408203 527.3115234375
28.457260131835938 526.5673217773438
29.012840270996094 525.8272094726562
29.573923110961914 525.09130859375
30.140478134155273 524.3595581054688
30.712474822998047 523.632080078125
31.289880752563477 522.9088745117188
31.872663497924805 522.1900024414062
32.460792541503906 521.4755249023438
33.05423355102539 520.7654418945312
33.6529541015625 520.059814453125
34.256919860839844 519.358642578125
34.86609649658203 518.6619873046875
35.48045349121094 517.9699096679688
36.099952697753906 517.2824096679688
36.72456359863281 516.5995483398438
37.354248046875 515.92138671875
37.98897171020508 515.2479248046875
38.628700256347656 514.5792236328125
39.273399353027344 513.9153442382812
39.923030853271484 513.2562866210938
40.57756042480469 512.60205078125
41.2369499206543 511.9527282714844
41.90116500854492 511.308349609375
42.570167541503906 510.6689453125
43.243919372558594 510.0345458984375
43.92238235473633 509.4051818847656
44.60552215576172 508.7809143066406
45.293296813964844 508.1617431640625
45.98566818237305 507.5477294921875
46.68260192871094 506.93890380859375
47.384056091308594 506.33526611328125
48.08999252319336 505.73687744140625
48.80037307739258 505.1437683105469
49.51515579223633 504.5559997558594
50.23430252075195 503.97357177734375
50.95777130126953 503.3965148925781
51.685523986816406 502.8248596191406
52.417518615722656 502.2586669921875
53.153717041015625 501.69793701171875
53.89407730102539 501.1427307128906
54.63855743408203 500.5930480957031
55.387115478515625 500.0489196777344
56.13970947265625 499.5104064941406
56.89630126953125 498.9775085449219
57.65684509277344 498.4502868652344
58.42129898071289 497.9287414550781
59.18962097167969 497.41290283203125
59.961769104003906 496.9028015136719
60.737701416015625 496.39849853515625
61.517372131347656 495.8999938964844
62.30073928833008 495.4073181152344
63.0877571105957 494.9205017089844
63.87838363647461 494.4395446777344
64.67257690429688 493.9645080566406
65.47029113769531 493.4953918457031
66.27147674560547 493.0322570800781
67.07609558105469 492.5751037597656
67.88410186767578 492.12396240234375
68.69544982910156 491.6788635253906
69.51009368896484 491.2398376464844
70.32799530029297 490.806884765625
71.14910125732422 490.3800354003906
71.9733657836914 489.9593200683594
72.80074310302734 489.5447692871094
73.63118743896484 489.13641357421875
74.46466064453125 488.7342529296875
75.30110931396484 488.33831787109375
76.14048767089844 487.9486389160156
76.98274230957031 487.5652160644531
77.82779693603516 487.1881103515625
78.67552947998047 486.8173828125
79.52590942382812 486.45306396484375
80.37889862060547 486.09515380859375
81.23434448242188 485.7437438964844
82.09232330322266 485.3988037109375
82.95280456542969 485.06036376953125
83.81565856933594 484.7284851074219
84.6809310913086 484.4031677246094
85.548583984375 484.08441162109375
86.41857147216797 483.7722473144531
87.29084777832031 483.4667053222656
88.16532135009766 483.1678161621094
89.0419921875 482.8755798339844
89.92094421386719 482.5899963378906
90.80213928222656 482.31103515625
91.68537139892578 482.03875732421875
92.57058715820312 481.7732238769531
93.45790100097656 481.51434326171875
94.34709167480469 481.26220703125
95.23812103271484 481.016845703125
96.13215637207031 480.7778625488281
97.02794647216797 480.5455627441406
97.92544555664062 480.3199462890625
98.82460021972656 480.1010437011719
99.7253646850586 479.88885498046875
100.627685546875 479.6833801269531
101.53150939941406 479.4846496582031
102.4367904663086 479.29266357421875
103.3434829711914 479.107421875
104.25153350830078 478.928955078125
105.160888671875 478.75726318359375
106.07149505615234 478.59234619140625
106.98330688476562 478.4342346191406
107.89627075195312 478.2829284667969
108.81034088134766 478.138427734375
109.7254638671875 478.0007629394531
110.64276885986328 477.86968994140625
111.5634994506836 477.7449035644531
112.485595703125 477.6265563964844
113.41093444824219 477.5142822265625
114.33712768554688 477.40826416015625
115.26431274414062 477.3084716796875
116.19218444824219 477.2149353027344
117.12074279785156 477.1276550292969
118.04987335205078 477.046630859375
118.97955322265625 476.97186279296875
119.90972137451172 476.9033508300781
120.84033203125 476.8410949707031
121.7713394165039 476.78509521484375
122.70270538330078 476.7353820800781
123.63438415527344 476.6919250488281
124.56632995605469 476.6547546386719
125.49850463867188 476.62384033203125
126.43087005615234 476.5992126464844
127.3633804321289 476.58087158203125
128.29598999023438 476.56878662109375
129.22866821289062 476.56298828125
130.16136169433594 476.5634765625
131.09402465820312 476.5702209472656
132.02662658691406 476.583251953125
132.95912170410156 476.6025695800781
133.89146423339844 476.6281433105469
134.8236083984375 476.6600036621094
135.75552368164062 476.6981506347656
136.68714904785156 476.7425537109375
137.61843872070312 476.7932434082031
138.54934692382812 476.8501892089844
139.47976684570312 476.91339111328125
140.4032745361328 476.9826965332031
141.31512451171875 477.05841064453125
141.94851684570312 477.1253356933594
142.53915405273438 477.2107238769531
143.45664978027344 477.3655700683594
144.36923217773438 477.52630615234375
145.27066040039062 477.6923828125
146.14630126953125 477.86236572265625
147.05764770507812 478.0477294921875
147.97015380859375 478.2398681640625
148.88107299804688 478.4381103515625
149.78390502929688 478.6413269042969
150.68519592285156 478.8512878417969
151.58489990234375 479.0679626464844
152.4829559326172 479.29132080078125
153.3793182373047 479.5213928222656
154.27394104003906 479.75811767578125
155.16677856445312 480.00152587890625
156.05776977539062 480.2515869140625
156.94686889648438 480.5082702636719
157.8340301513672 480.7715759277344
158.71920776367188 481.04150390625
159.60235595703125 481.3180236816406
160.48341369628906 481.60113525390625
161.36233520507812 481.89080810546875
162.23907470703125 482.18701171875
163.1135711669922 482.48974609375
163.9857940673828 482.79901123046875
164.85568237304688 483.11474609375
165.7231903076172 483.4369812011719
166.58827209472656 483.7656555175781
167.4508819580078 484.1007995605469
168.3109588623047 484.4423522949219
169.16847229003906 484.7903137207031
170.0233612060547 485.1446533203125
170.87559509277344 485.50537109375
171.72511291503906 485.8724365234375
172.57186889648438 486.2458190917969
173.4158172607422 486.6255187988281
174.2569122314453 487.011474609375
175.0950927734375 487.4037170410156
175.93020629882812 487.8021240234375
176.76222229003906 488.20672607421875
177.59107971191406 488.61749267578125
178.416748046875 489.034423828125
179.2391815185547 489.4574890136719
180.05821228027344 489.8866271972656
180.87391662597656 490.3218994140625
181.68646240234375 490.76336669921875
182.49539184570312 491.2108154296875
183.3008575439453 491.6643371582031
184.1028289794922 492.1239013671875
184.90118408203125 492.5894775390625
185.69595336914062 493.0610656738281
186.48719787597656 493.5387268066406
187.27464294433594 494.02227783203125
188.05833435058594 494.5117492675781
188.83824157714844 495.00714111328125
189.61428833007812 495.5084228515625
190.38644409179688 496.01556396484375
191.15464782714844 496.5285339355469
191.91888427734375 497.0473327636719
192.67913818359375 497.5719299316406
193.43533325195312 498.102294921875
194.18743896484375 498.638427734375
194.9354248046875 499.1802673339844
195.6792449951172 499.7278137207031
196.41885375976562 500.281005859375
197.15420532226562 500.83984375
197.88526916503906 501.4042663574219
198.61199951171875 501.9742736816406
199.3343505859375 502.5498046875
200.05227661132812 503.1308288574219
200.7657470703125 503.7173156738281
201.47474670410156 504.30926513671875
202.17919921875 504.9066162109375
202.87913513183594 505.5093688964844
203.5746307373047 506.1175842285156
204.26548767089844 506.7311096191406
204.95166015625 507.349853515625
205.6337890625 507.974365234375
206.31105041503906 508.6038513183594
206.98367309570312 509.2385559082031
207.6515350341797 509.8782958984375
208.31455993652344 510.5230407714844
208.97430419921875 511.1741943359375
209.62925720214844 511.8301086425781
210.2812042236328 512.4924926757812
210.92813110351562 513.1591186523438
211.57176208496094 513.8317260742188
212.21090698242188 514.5089111328125
212.845947265625 515.1910400390625
213.47633361816406 515.8775024414062
214.10202026367188 516.5682373046875
214.72299194335938 517.26318359375
215.3392791748047 517.96240234375
215.9510498046875 518.6660766601562
216.55804443359375 519.3738403320312
217.16038513183594 520.0858154296875
217.75778198242188 520.8016967773438
218.35044860839844 521.5217895507812
218.93824768066406 522.245849609375
219.52114868164062 522.9738159179688
220.09913635253906 523.7056884765625
220.67221069335938 524.4414672851562
221.2403106689453 525.1810913085938
221.8034210205078 525.924560546875
222.36151123046875 526.6718139648438
222.91456604003906 527.4227905273438
223.46255493164062 528.177490234375
224.0054473876953 528.9358520507812
224.5431671142578 529.6978149414062
225.07577514648438 530.4634399414062
225.6032257080078 531.2326049804688
226.12548828125 532.0053100585938
226.6425323486328 532.781494140625
227.15432739257812 533.5611572265625
227.66085815429688 534.34423828125
228.162109375 535.1307373046875
228.65805053710938 535.9205932617188
229.14866638183594 536.7138061523438
229.63394165039062 537.5103149414062
230.1138153076172 538.3099975585938
230.58828735351562 539.1129150390625
231.05735778808594 539.9190063476562
231.52099609375 540.728271484375
231.97918701171875 541.5406494140625
232.43186950683594 542.3560791015625
232.87905883789062 543.1744995117188
233.32064819335938 543.9957885742188
233.7566680908203 544.8200073242188
234.1868896484375 545.6467895507812
234.6114044189453 546.4763793945312
235.03025817871094 547.308837890625
235.4434356689453 548.1441040039062
235.4434356689453 548.1441040039062
235.4434356689453 548.1441040039062
235.4434356689453 548.1441040039062
235.4434356689453 548.1441040039062
235.4434356689453 548.1441040039062
235.4434356689453 548.1441040039062
235.4434356689453 548.1441040039062
235.4434356689453 548.1441040039062
235.4434356689453 548.1441040039062
235.4434356689453 548.1441040039062
235.4434356689453 548.1441040039062
235.4434356689453 548.1441040039062
235.4434356689453 548.1441040039062
235.4434356689453 548.1441040039062
235.4434356689453 548.1441040039062
235.4434356689453 548.1441040039062
235.4434356689453 548.1441040039062
235.4434356689453 548.1441040039062
235.4434356689453 548.1441040039062
235.4434356689453 548.1441040039062
235.4434356689453 548.1441040039062
235.4434356689453 548.1441040039062
235.4434356689453 548.1441040039062
235.4434356689453 548.1441040039062
235.4434356689453 548.1441040039062
235.4434356689453 548.1441040039062
235.4434356689453 548.1441040039062
235.4434356689453 548.1441040039062
235.4434356689453 548.1441040039062
235.4434356689453 548.1441040039062
235.4434356689453 548.1441040039062
235.4434356689453 548.1441040039062
235.4434356689453 548.1441040039062
235.4434356689453 548.1441040039062
235.4434356689453 548.1441040039062
235.4434356689453 548.1441040039062
235.4434356689453 548.1441040039062
235.4434356689453 548.1441040039062
235.4434356689453 548.1441040039062
235.4434356689453 548.1441040039062
235.4434356689453 548.1441040039062
235.4434356689453 548.1441040039062
235.4434356689453 548.1441040039062
235.4434356689453 548.1441040039062
235.4434356689453 548.1441040039062
235.4434356689453 548.1441040039062
235.4434356689453 548.1441040039062
235.4434356689453 548.1441040039062
235.4434356689453 548.1441040039062
235.4434356689453 548.1441040039062
235.4434356689453 548.1441040039062
235.4434356689453 548.1441040039062
235.4434356689453 548.1441040039062
235.4434356689453 548.1441040039062
235.4434356689453 548.1441040039062
235.4434356689453 548.1441040039062
235.4434356689453 548.1441040039062
235.4434356689453 548.1441040039062
235.4434356689453 548.1441040039062
235.49412536621094 549.0753784179688
235.49412536621094 549.0753784179688
235.49412536621094 549.0753784179688
235.49412536621094 549.0753784179688
235.49412536621094 549.0753784179688
235.49412536621094 549.0753784179688
235.49412536621094 549.0753784179688
235.49412536621094 549.0753784179688
235.49456787109375 550.0079956054688
235.49456787109375 550.0079956054688
235.49456787109375 550.0079956054688
235.49456787109375 550.0079956054688
235.49456787109375 550.0079956054688
235.49456787109375 550.0079956054688
235.49456787109375 550.0079956054688
235.49456787109375 550.0079956054688
235.49456787109375 550.0079956054688
235.49456787109375 550.0079956054688
235.49456787109375 550.0079956054688
235.49456787109375 550.0079956054688
235.49456787109375 550.0079956054688
235.49456787109375 550.0079956054688
235.49456787109375 550.0079956054688
235.49456787109375 550.0079956054688
235.49456787109375 550.0079956054688
235.49456787109375 550.0079956054688
235.49456787109375 550.0079956054688
235.49456787109375 550.0079956054688
235.49456787109375 550.0079956054688
235.49456787109375 550.0079956054688
235.49456787109375 550.0079956054688
235.49456787109375 550.0079956054688
235.49456787109375 550.0079956054688
235.49456787109375 550.0079956054688
235.49456787109375 550.0079956054688
235.49456787109375 550.0079956054688
235.49456787109375 550.0079956054688
235.49456787109375 550.0079956054688
235.49456787109375 550.0079956054688
235.49456787109375 550.0079956054688
235.49456787109375 550.0079956054688
235.49456787109375 550.0079956054688
235.49456787109375 550.0079956054688
235.49456787109375 550.0079956054688
235.49456787109375 550.0079956054688
235.49456787109375 550.0079956054688
235.49456787109375 550.0079956054688
235.49456787109375 550.0079956054688
235.49456787109375 550.0079956054688
235.49456787109375 550.0079956054688
235.49456787109375 550.0079956054688
235.49456787109375 550.0079956054688
235.49456787109375 550.0079956054688
235.49456787109375 550.0079956054688
235.49456787109375 550.0079956054688
235.49456787109375 550.0079956054688
235.49456787109375 550.0079956054688
235.49456787109375 550.0079956054688
235.49456787109375 550.0079956054688
235.49456787109375 550.0079956054688
235.49456787109375 550.0079956054688
235.49456787109375 550.0079956054688
235.49456787109375 550.0079956054688
235.49456787109375 550.0079956054688
235.49456787109375 550.0079956054688
235.49456787109375 550.0079956054688
235.49456787109375 550.0079956054688
235.23121643066406 550.4956665039062
235.23121643066406 550.4956665039062
235.23121643066406 550.4956665039062
235.23121643066406 550.4956665039062
235.23121643066406 550.4956665039062
235.23121643066406 550.4956665039062
235.23121643066406 550.4956665039062
235.23121643066406 550.4956665039062
235.23121643066406 550.4956665039062
235.23121643066406 550.4956665039062
235.23121643066406 550.4956665039062
235.23121643066406 550.4956665039062
235.23121643066406 550.4956665039062
235.23121643066406 550.4956665039062
235.23121643066406 550.4956665039062
235.23121643066406 550.4956665039062
235.23121643066406 550.4956665039062
235.23121643066406 550.4956665039062
235.23121643066406 550.4956665039062
235.23121643066406 550.4956665039062
235.23121643066406 550.4956665039062
235.23121643066406 550.4956665039062
235.23121643066406 550.4956665039062
235.23121643066406 550.4956665039062
235.23121643066406 550.4956665039062
235.23121643066406 550.4956665039062
235.23121643066406 550.4956665039062
235.23121643066406 550.4956665039062
235.23121643066406 550.4956665039062
235.23121643066406 550.4956665039062
235.23121643066406 550.4956665039062
235.23121643066406 550.4956665039062
235.23121643066406 550.4956665039062
235.23121643066406 550.4956665039062
235.23121643066406 550.4956665039062
235.23121643066406 550.4956665039062
235.23121643066406 550.4956665039062
235.23121643066406 550.4956665039062
235.23121643066406 550.4956665039062
235.23121643066406 550.4956665039062
235.23121643066406 550.4956665039062
235.23121643066406 550.4956665039062
235.23121643066406 550.4956665039062
235.23121643066406 550.4956665039062
235.23121643066406 550.4956665039062
235.23121643066406 550.4956665039062
235.23121643066406 550.4956665039062
235.23121643066406 550.4956665039062
235.23121643066406 550.4956665039062
235.23121643066406 550.4956665039062
235.23121643066406 550.4956665039062
235.23121643066406 550.4956665039062
235.23121643066406 550.4956665039062
235.23121643066406 550.4956665039062
235.23121643066406 550.4956665039062
235.23121643066406 550.4956665039062
235.23121643066406 550.4956665039062
235.23121643066406 550.4956665039062
235.23121643066406 550.4956665039062
234.2985382080078 550.4983520507812
233.36585998535156 550.4947509765625
232.4332275390625 550.48486328125
231.50067138671875 550.4686889648438
230.56825256347656 550.4462890625
229.63600158691406 550.4176025390625
228.70396423339844 550.3826293945312
227.77218627929688 550.3413696289062
226.84071350097656 550.2938842773438
225.90957641601562 550.2401123046875
224.97882080078125 550.1800537109375
224.04849243164062 550.11376953125
223.11863708496094 550.0411987304688
222.1892852783203 549.9623413085938
221.26048278808594 549.8772583007812
220.332275390625 549.7859497070312
219.4047088623047 549.6883544921875
218.47781372070312 549.5845336914062
217.5516357421875 549.4744873046875
216.626220703125 549.3582153320312
215.7016143798828 549.2357177734375
214.77784729003906 549.1069946289062
213.85498046875 548.9720458984375
212.9330291748047 548.8308715820312
212.01205444335938 548.6835327148438
211.09210205078125 548.5299682617188
210.17320251464844 548.3702392578125
209.25540161132812 548.2042846679688
208.33872985839844 548.0321655273438
207.42324829101562 547.8538818359375
206.5089874267578 547.66943359375
205.5959930419922 547.4788818359375
204.68429565429688 547.2821655273438
203.77398681640625 547.079345703125
202.86505126953125 546.870361328125
201.95758056640625 546.6552734375
201.0515594482422 546.43408203125
200.1472930908203 546.2068481445312
199.24452209472656 545.9734497070312
198.34329223632812 545.7339477539062
197.44387817382812 545.4884643554688
196.54747009277344 545.2371826171875
195.65403747558594 544.97998046875
194.76197814941406 544.7164306640625
193.87535095214844 544.4475708007812
192.9917755126953 544.1724243164062
192.11009216308594 543.8906860351562
191.230712890625 543.6024169921875
190.35350036621094 543.3076171875
189.478515625 543.0062866210938
188.60580444335938 542.6984252929688
187.73541259765625 542.3840942382812
186.8673858642578 542.0632934570312
186.00177001953125 541.7360229492188
185.1386260986328 541.4022827148438
184.2779998779297 541.0621337890625
183.419921875 540.715576171875
182.564453125 540.3626098632812
181.71163940429688 540.0032958984375
180.86154174804688 539.6376342773438
180.01419067382812 539.265625
179.1696319580078 538.8872680664062
178.3279266357422 538.5026245117188
177.48910522460938 538.1117553710938
176.65322875976562 537.714599609375
175.82032775878906 537.311279296875
174.99046325683594 536.9017333984375
174.16368103027344 536.4860229492188
173.3400115966797 536.0641479492188
172.51951599121094 535.6361083984375
171.70223999023438 535.2019653320312
170.8882293701172 534.7617797851562
170.0775146484375 534.3154907226562
169.27015686035156 533.8632202148438
168.4661865234375 533.4049072265625
167.66566467285156 532.9406127929688
166.86862182617188 532.4703979492188
166.07510375976562 531.9942016601562
165.28517150878906 531.5121459960938
164.4988555908203 531.024169921875
163.71620178222656 530.5303344726562
162.93724060058594 530.0307006835938
162.1620330810547 529.5252685546875
161.39060974121094 529.0140991210938
160.62303161621094 528.4971923828125
159.8593292236328 527.9745483398438
159.0995330810547 527.4462280273438
158.3437042236328 526.9122314453125
157.5918731689453 526.3726196289062
156.84410095214844 525.8274536132812
156.10040283203125 525.2767333984375
155.36083984375 524.720458984375
154.6254425048828 524.15869140625
153.89425659179688 523.5914306640625
153.16732788085938 523.0187377929688
152.44468688964844 522.440673828125
151.72637939453125 521.8572387695312
151.01243591308594 521.2684326171875
150.3029022216797 520.67431640625
149.5978240966797 520.074951171875
148.89723205566406 519.4703369140625
148.201171875 518.8604736328125
147.50967407226562 518.2454833984375
146.82278442382812 517.6253051757812
146.14053344726562 517.0000610351562
145.4629669189453 516.3697509765625
144.79013061523438 515.734375
144.12203979492188 515.093994140625
143.458740234375 514.4486694335938
142.80027770996094 513.7984008789062
142.1466827392578 513.1432495117188
141.49798583984375 512.4832763671875
140.85423278808594 511.8184509277344
140.2154541015625 511.1488342285156
139.58169555664062 510.4744873046875
138.95298767089844 509.7954406738281
138.32936096191406 509.1117248535156
137.71084594726562 508.4233703613281
137.09747314453125 507.73040771484375
136.48928833007812 507.03289794921875
135.88632202148438 506.33087158203125
135.28860473632812 505.6243591308594
134.69618225097656 504.9134216308594
134.10906982421875 504.1980895996094
133.52731323242188 503.4783935546875
132.95094299316406 502.7543640136719
132.37998962402344 502.02606201171875
131.81448364257812 501.29351806640625
131.25445556640625 500.5567932128906
130.69993591308594 499.81591796875
130.1509552001953 499.0709228515625
129.6075439453125 498.32183837890625
129.06973266601562 497.5687255859375
128.5375518798828 496.8116455078125
128.0110321044922 496.05059814453125
127.49020385742188 495.28564453125
126.97509765625 494.516845703125
126.46573638916016 493.74420166015625
125.962158203125 492.9678039550781
125.4643783569336 492.1876525878906
124.9724349975586 491.40380859375
124.4863510131836 490.6163330078125
124.00614929199219 489.82525634765625
123.5318603515625 489.0306091308594
123.06351470947266 488.2324523925781
122.60113525390625 487.4308166503906
122.14474487304688 486.6257629394531
121.69436645507812 485.81732177734375
121.25003051757812 485.00555419921875
120.81175994873047 484.19049072265625
120.37958526611328 483.3721923828125
119.95352172851562 482.5506896972656
119.53359985351562 481.72601318359375
119.11983489990234 480.89825439453125
118.7122573852539 480.0674133300781
118.3108901977539 479.2335510253906
117.9157485961914 478.396728515625
117.52686309814453 477.5569763183594
117.14424896240234 476.71435546875
116.76792907714844 475.868896484375
116.3979263305664 475.0206604003906
116.03425598144531 474.169677734375
115.67694091796875 473.3160095214844
115.32600402832031 472.459716796875
114.98146057128906 471.600830078125
114.6433334350586 470.7393798828125
114.3116455078125 469.8754577636719
113.98640441894531 469.0090637207031
113.66763305664062 468.1402893066406
113.35535430908203 467.2691650390625
113.04957580566406 466.3957214355469
112.75032043457031 465.52001953125
112.45760345458984 464.6421203613281
112.17144775390625 463.7620544433594
111.89186096191406 462.8798828125
111.61885833740234 461.9956359863281
111.35246276855469 461.109375
111.09268188476562 460.2211608886719
110.83953094482422 459.3310241699219
110.59302520751953 458.43902587890625
110.35317993164062 457.54522705078125
110.12000274658203 456.649658203125
109.89351654052734 455.75238037109375
109.67372131347656 454.85345458984375
109.46063995361328 453.9529113769531
109.25428009033203 453.05078125
109.05465698242188 452.14715576171875
108.86177825927734 451.2420654296875
108.67565155029297 450.3355407714844
108.49629211425781 449.42767333984375
108.3237075805664 448.51849365234375
108.15790557861328 447.6080322265625
107.9989013671875 446.6963806152344
107.8467025756836 445.7835693359375
107.70130920410156 444.86962890625
107.56273651123047 443.95465087890625
107.43099212646484 443.0386657714844
107.30608367919922 442.1217041015625
107.18803405761719 441.2039489746094
107.07693481445312 440.285888671875
106.97278594970703 439.36724853515625
106.87560272216797 438.44805908203125
106.785400390625 437.5283203125
106.70219421386719 436.6080322265625
106.62600708007812 435.68731689453125
106.55683898925781 434.76611328125
106.49469757080078 433.8444519042969
106.4395980834961 432.9224548339844
106.39153289794922 432.0000305175781
106.35050964355469 431.0773010253906
106.31653594970703 430.154296875
106.28961181640625 429.2310791015625
106.26973724365234 428.30767822265625
106.25691986083984 427.3841857910156
106.25115966796875 426.4606018066406
106.25245666503906 425.5370178222656
106.26081085205078 424.61346435546875
106.2762222290039 423.69000244140625
106.2986831665039 422.7666931152344
106.32820129394531 421.84356689453125
106.3647689819336 420.92071533203125
106.40839385986328 419.9981689453125
106.45906066894531 419.07598876953125
106.51677703857422 418.1542053222656
106.58153533935547 417.2328796386719
106.65332794189453 416.31207275390625
106.7321548461914 415.391845703125
106.81800842285156 414.4722595214844
106.910888671875 413.5533447265625
107.01078033447266 412.6351623535156
107.11769104003906 411.7177734375
107.23160552978516 410.8012390136719
107.3525161743164 409.8855895996094
107.48042297363281 408.9709167480469
107.61531829833984 408.0572204589844
107.75718688964844 407.14459228515625
107.9060287475586 406.23309326171875
108.06182861328125 405.32275390625
108.22457885742188 404.41363525390625
108.39427185058594 403.5057678222656
108.5708999633789 402.5992431640625
108.75444793701172 401.694091796875
108.94490814208984 400.7903747558594
109.14226531982422 399.88812255859375
109.34651184082031 398.9873962402344
109.5576400756836 398.0882568359375
109.77562713623047 397.1907653808594
110.00047302246094 396.29498291015625
110.2321548461914 395.40093994140625
110.47065734863281 394.5086975097656
110.71597290039062 393.6182861328125
110.96808624267578 392.7297668457031
111.22698211669922 391.84320068359375
111.49264526367188 390.9586486816406
111.76506042480469 390.0761413574219
112.04532623291016 389.19158935546875
112.33222198486328 388.3081359863281
112.62543487548828 387.42657470703125
112.92591857910156 386.5435791015625
113.23233795166016 385.6626281738281
113.544677734375 384.78375244140625
113.8629150390625 383.9070129394531
114.18701934814453 383.03253173828125
114.51667785644531 382.1612548828125
114.85199737548828 381.29315185546875
115.19232940673828 380.4303283691406
115.53653717041016 379.5767517089844
115.84085083007812 378.8529968261719
116.070068359375 378.35498046875
116.31179809570312 377.8879699707031
116.66470336914062 377.2652282714844
116.9949722290039 376.7242126464844
117.495361328125 375.9435729980469
118.00401306152344 375.16217041015625
118.51343536376953 374.39178466796875
119.02873229980469 373.62530517578125
119.54987335205078 372.86279296875
120.07682037353516 372.1042785644531
120.60955047607422 371.3498229980469
121.14802551269531 370.5994567871094
121.69222259521484 369.8532409667969
122.24210357666016 369.1111755371094
122.79763793945312 368.37335205078125
123.35879516601562 367.6398010253906
123.925537109375 366.9105529785156
124.49784088134766 366.1856689453125
125.0756607055664 365.4651794433594
125.65897369384766 364.7491149902344
126.24774169921875 364.03753662109375
126.84192657470703 363.3304748535156
127.44149780273438 362.6279602050781
128.04641723632812 361.9300537109375
128.6566619873047 361.2367858886719
129.27218627929688 360.5482177734375
129.8929443359375 359.8643493652344
130.5189208984375 359.18524169921875
131.15005493164062 358.5109558105469
131.7863311767578 357.8415222167969
132.42770385742188 357.1769714355469
133.07412719726562 356.517333984375
133.7255859375 355.8626403808594
134.38201904296875 355.21295166015625
135.04339599609375 354.56829833984375
135.70968627929688 353.9287109375
136.38084411621094 353.29425048828125
137.05682373046875 352.6649169921875
137.7375946044922 352.040771484375
138.42311096191406 351.4218444824219
139.11334228515625 350.80816650390625
139.80824279785156 350.1997985839844
140.5077667236328 349.59674072265625
141.21188354492188 348.9990539550781
141.92054748535156 348.4067687988281
142.6337127685547 347.8199157714844
143.35134887695312 347.238525390625
144.0734100341797 346.66265869140625
144.7998504638672 346.0923156738281
145.53062438964844 345.52752685546875
146.26568603515625 344.9683532714844
147.0050048828125 344.414794921875
147.74853515625 343.8669128417969
148.49623107910156 343.3247375488281
149.248046875 342.78826904296875
150.00393676757812 342.257568359375
150.76385498046875 341.732666015625
151.52777099609375 341.2135925292969
152.29563903808594 340.7003479003906
153.06739807128906 340.1929931640625
153.84303283691406 339.6915283203125
154.6224822998047 339.1960144042969
155.40576171875 338.7064208984375
156.19276428222656 338.2228088378906
156.98345947265625 337.7452087402344
156.98345947265625 337.7452087402344
156.98345947265625 337.7452087402344
156.98345947265625 337.7452087402344
156.98345947265625 337.7452087402344
156.98345947265625 337.7452087402344
156.98345947265625 337.7452087402344
156.98345947265625 337.7452087402344
156.98345947265625 337.7452087402344
156.98345947265625 337.7452087402344
156.98345947265625 337.7452087402344
156.98345947265625 337.7452087402344
156.98345947265625 337.7452087402344
156.98345947265625 337.7452087402344
156.98345947265625 337.7452087402344
156.98345947265625 337.7452087402344
156.98345947265625 337.7452087402344
156.98345947265625 337.7452087402344
156.98345947265625 337.7452087402344
156.98345947265625 337.7452087402344
156.98345947265625 337.7452087402344
156.98345947265625 337.7452087402344
156.98345947265625 337.7452087402344
156.98345947265625 337.7452087402344
156.98345947265625 337.7452087402344
156.98345947265625 337.7452087402344
156.98345947265625 337.7452087402344
156.98345947265625 337.7452087402344
156.98345947265625 337.7452087402344
156.98345947265625 337.7452087402344
156.98345947265625 337.7452087402344
156.98345947265625 337.7452087402344
156.98345947265625 337.7452087402344
156.98345947265625 337.7452087402344
156.98345947265625 337.7452087402344
156.98345947265625 337.7452087402344
156.98345947265625 337.7452087402344
156.98345947265625 337.7452087402344
156.98345947265625 337.7452087402344
156.98345947265625 337.7452087402344
156.98345947265625 337.7452087402344
156.98345947265625 337.7452087402344
156.98345947265625 337.7452087402344
156.98345947265625 337.7452087402344
156.98345947265625 337.7452087402344
156.98345947265625 337.7452087402344
156.98345947265625 337.7452087402344
156.98345947265625 337.7452087402344
156.98345947265625 337.7452087402344
156.98345947265625 337.7452087402344
156.98345947265625 337.7452087402344
156.98345947265625 337.7452087402344
156.98345947265625 337.7452087402344
156.98345947265625 337.7452087402344
156.98345947265625 337.7452087402344
156.98345947265625 337.7452087402344
156.98345947265625 337.7452087402344
156.98345947265625 337.7452087402344
156.98345947265625 337.7452087402344
156.98345947265625 337.7452087402344
156.98345947265625 337.7452087402344
156.98345947265625 337.7452087402344
156.98345947265625 337.7452087402344
156.98345947265625 337.7452087402344
156.98345947265625 337.7452087402344
156.98345947265625 337.7452087402344
156.98345947265625 337.7452087402344
156.98345947265625 337.7452087402344
