60.23740005493164 450.2232971191406
60.42097854614258 450.37481689453125
60.614471435546875 450.5134582519531
60.816978454589844 450.6385803222656
61.027549743652344 450.74957275390625
61.245208740234375 450.845947265625
61.468936920166016 450.92724609375
61.69769287109375 450.9930725097656
61.9304084777832 451.04315185546875
62.16599655151367 451.07720947265625
62.40336227416992 451.0951232910156
62.641395568847656 451.0967712402344
62.87898635864258 451.0821838378906
63.115028381347656 451.0514221191406
63.348419189453125 451.0046081542969
63.57807159423828 450.9419860839844
63.802913665771484 450.86383056640625
64.02189636230469 450.7705078125
64.23400115966797 450.6624450683594
64.438232421875 450.5401611328125
64.6336441040039 450.40423583984375
64.81932067871094 450.2552795410156
64.99440002441406 450.093994140625
65.1580581665039 449.921142578125
65.30953979492188 449.7375183105469
65.44813537597656 449.5439758300781
65.57319641113281 449.3414306640625
65.68414306640625 449.1308288574219
65.78045654296875 448.91314697265625
65.86168670654297 448.68939208984375
65.92745971679688 448.46063232421875
65.97746276855469 448.2279052734375
66.01146697998047 447.9923095703125
66.02935028076172 447.7543640136719
66.03095245361328 447.5155029296875
66.01625061035156 447.2770690917969
65.98530578613281 447.0401916503906
65.93827056884766 446.8059997558594
65.87535858154297 446.5755615234375
65.79685974121094 446.3499450683594
65.7031478881836 446.1302185058594
65.59465789794922 445.9173889160156
65.47189331054688 445.71246337890625
65.3354263305664 445.5163879394531
65.18589782714844 445.3301086425781
65.02400207519531 445.1544494628906
64.85049438476562 444.9902648925781
64.66618347167969 444.8382873535156
64.47187805175781 444.69921875
64.26742553710938 444.5730285644531
64.01930236816406 444.44189453125
63.72713088989258 444.310546875
63.41679382324219 444.1934509277344
63.0973014831543 444.0947570800781
62.77174758911133 444.01556396484375
62.44190216064453 443.9563293457031
62.10914993286133 443.9173278808594
61.775856018066406 443.89874267578125
61.45967483520508 443.9004821777344
61.45219802856445 443.90093994140625
61.51858901977539 443.893798828125
61.61611557006836 443.87908935546875
61.71503448486328 443.85992431640625
61.81331253051758 443.8366394042969
61.910552978515625 443.8092956542969
62.00658416748047 443.7779541015625
62.10123825073242 443.74267578125
62.19435501098633 443.7034912109375
62.28577423095703 443.6604919433594
62.375335693359375 443.6137390136719
62.462886810302734 443.5633239746094
62.54827880859375 443.50933837890625
62.63138198852539 443.45184326171875
62.71210861206055 443.3908996582031
62.791847229003906 443.32537841796875
62.87440872192383 443.2515869140625
62.975154876708984 443.15380859375
63.13811492919922 442.9823303222656
63.30303192138672 442.7944641113281
63.460391998291016 442.6003112792969
63.60905075073242 442.4013366699219
63.747894287109375 442.1992492675781
63.87807083129883 441.99261474609375
63.999183654785156 441.7822265625
64.11079406738281 441.56903076171875
64.21239471435547 441.3543395996094
64.30502319335938 441.1362609863281
64.38700866699219 440.9191589355469
64.45771026611328 440.7057800292969
64.51641845703125 440.5002136230469
64.5571060180664 440.3298645019531
64.5833969116211 440.19158935546875
64.59635162353516 440.0984802246094
64.59941101074219 440.0625305175781
64.59609985351562 440.1995544433594
64.60457611083984 440.3975524902344
64.63008117675781 440.62664794921875
64.6725082397461 440.8608703613281
64.73081970214844 441.0916442871094
64.80474853515625 441.3179016113281
64.89395141601562 441.5386047363281
64.99800872802734 441.752685546875
65.1164321899414 441.95916748046875
65.2486801147461 442.1571044921875
65.39412689208984 442.3455505371094
65.55209350585938 442.52362060546875
65.72184753417969 442.69049072265625
65.90259552001953 442.84539794921875
66.09349060058594 442.98760986328125
66.29364776611328 443.116455078125
66.50213623046875 443.2313232421875
66.71797943115234 443.3316955566406
66.94017028808594 443.4171142578125
67.16767120361328 443.4871520996094
67.39942169189453 443.54150390625
67.63433837890625 443.5799255371094
67.87133026123047 443.6022033691406
68.10929107666016 443.6082763671875
68.34709930419922 443.59808349609375
68.58367156982422 443.5716857910156
68.81788635253906 443.5292053222656
69.04866027832031 443.4708251953125
69.27490997314453 443.3968200683594
69.4955825805664 443.30755615234375
69.70964813232422 443.20343017578125
69.91620635986328 443.08489990234375
70.11409759521484 442.9526062011719
70.30249786376953 442.8070983886719
70.48014068603516 442.6494140625
70.64642333984375 442.48016357421875
70.80074310302734 442.29998779296875
70.94247436523438 442.109619140625
71.07110595703125 441.90966796875
71.18592071533203 441.7011413574219
71.28623962402344 441.4852600097656
71.37158966064453 441.2630615234375
71.44154357910156 441.03564453125
71.49579620361328 440.8040771484375
71.53414916992188 440.56915283203125
71.55638122558594 440.3321533203125
71.56239318847656 440.09393310546875
71.55210876464844 439.8553161621094
71.52555084228516 439.617919921875
71.48285675048828 439.38287353515625
71.4242172241211 439.15130615234375
71.34990692138672 438.9242858886719
71.2602767944336 438.7028503417969
71.1557388305664 438.4880676269531
71.03678894042969 438.2809143066406
70.90397644042969 438.0823669433594
70.75791931152344 437.8933410644531
70.59929656982422 437.7147216796875
70.4288558959961 437.54736328125
70.24739074707031 437.39202880859375
70.05574035644531 437.2494201660156
69.854736328125 437.12017822265625
69.64408874511719 437.0042419433594
69.38339233398438 436.882568359375
69.08683013916016 436.7664489746094
68.77005004882812 436.6644592285156
68.44561767578125 436.58148193359375
68.11653137207031 436.5184020996094
67.7842788696289 436.47552490234375
67.45138549804688 436.45306396484375
67.12673950195312 436.4510192871094
67.06233978271484 436.45428466796875
67.15631103515625 436.445068359375
67.25587463378906 436.43109130859375
67.35488891601562 436.4129638671875
67.45318603515625 436.3907470703125
67.550537109375 436.36444091796875
67.646728515625 436.3341369628906
67.74163055419922 436.29986572265625
67.83504486083984 436.2616882324219
67.92681121826172 436.21966552734375
68.01676177978516 436.17388916015625
68.10476684570312 436.1244201660156
68.19072723388672 436.0712890625
68.2747573852539 436.0144348144531
68.37799072265625 435.93817138671875
68.47941589355469 435.8565673828125
68.64956665039062 435.70794677734375
68.8273696899414 435.53973388671875
69.00089263916016 435.3620910644531
69.16638946533203 435.1786804199219
69.32105255126953 434.9928894042969
69.45919799804688 434.8125305175781
69.5892562866211 434.6274108886719
69.70925903320312 434.44061279296875
69.81829833984375 434.2541809082031
69.91534423828125 434.0708312988281
69.99923706054688 433.894287109375
70.07464599609375 433.71588134765625
70.12862396240234 433.5700988769531
70.16621398925781 433.451416015625
70.18769073486328 433.3694152832031
70.19513702392578 433.3331298828125
70.17882537841797 433.4470520019531
70.16719055175781 433.5987854003906
70.16521453857422 433.814208984375
70.17900848388672 434.0474853515625
70.209228515625 434.283447265625
70.25550842285156 434.5169372558594
70.31761932373047 434.7467346191406
70.39527130126953 434.97174072265625
70.48809814453125 435.1909484863281
70.59567260742188 435.4032897949219
70.71749114990234 435.6077880859375
70.85308074951172 435.80364990234375
71.00187683105469 435.989990234375
71.16312408447266 436.16583251953125
71.3360366821289 436.3302917480469
71.51976013183594 436.4825439453125
71.71340942382812 436.62188720703125
71.916015625 436.74761962890625
72.12650299072266 436.8591003417969
72.3439712524414 436.9559020996094
72.56753540039062 437.0376281738281
72.79615783691406 437.1039123535156
73.02877044677734 437.1544494628906
73.26412200927734 437.18896484375
73.5020980834961 437.2074279785156
73.74176025390625 437.20965576171875
73.98165130615234 437.1955261230469
74.21981048583984 437.1651611328125
74.4538803100586 437.1189270019531
74.68366241455078 437.0570068359375
74.90853881835938 436.9796142578125
75.12774658203125 436.8869934082031
75.34048461914062 436.7794494628906
75.54578399658203 436.6573791503906
75.74207305908203 436.521728515625
75.92671203613281 436.3745422363281
76.0985336303711 436.21722412109375
76.25871276855469 436.049072265625
76.40714263916016 435.8702697753906
76.54344940185547 435.68115234375
76.66710662841797 435.48223876953125
76.77747344970703 435.2742919921875
76.87405395507812 435.05780029296875
76.95588684082031 434.8345031738281
77.02986907958984 434.5810546875
77.09429168701172 434.2917175292969
77.13099670410156 434.0540466308594
77.1512451171875 433.8167419433594
77.1552505493164 433.5787353515625
77.14300537109375 433.34100341796875
77.11446380615234 433.1038818359375
77.0698013305664 432.8692321777344
77.00922393798828 432.6381530761719
76.93301391601562 432.4117431640625
76.8415298461914 432.1910705566406
76.73519897460938 431.9771728515625
76.61451721191406 431.7710266113281
76.48004150390625 431.5735778808594
76.33240509033203 431.3857727050781
76.17229461669922 431.20849609375
76.00045776367188 431.0425720214844
75.81769561767578 430.8887634277344
75.62486267089844 430.7477722167969
75.42284393310547 430.6202697753906
75.21180725097656 430.50640869140625
74.984619140625 430.403076171875
74.717529296875 430.3023376464844
74.40609741210938 430.2069091796875
74.08151245117188 430.1288757324219
73.75180053710938 430.07061767578125
73.4194107055664 430.0325927734375
73.08734130859375 430.0150146484375
72.77637481689453 430.0176086425781
72.83486938476562 430.0140075683594
72.92001342773438 430.00506591796875
73.00947570800781 429.9918212890625
73.10387420654297 429.9737548828125
73.19859313964844 429.9515075683594
73.29305267333984 429.92510986328125
73.38751220703125 429.8944396972656
73.4808120727539 429.85980224609375
73.572265625 429.82147216796875
73.66222381591797 429.779296875
73.75110626220703 429.7330322265625
73.83917999267578 429.68243408203125
73.92827606201172 429.626220703125
74.09658813476562 429.5101013183594
74.2840805053711 429.36932373046875
74.46978759765625 429.2178649902344
74.64935302734375 429.0589904785156
74.81431579589844 428.9006652832031
74.9542465209961 428.7545471191406
75.07002258300781 428.6224365234375
75.1750717163086 428.490966796875
75.2688980102539 428.36175537109375
75.3499984741211 428.2383117675781
75.4169692993164 428.1248779296875
75.46865844726562 428.02655029296875
75.50440216064453 427.94921875
75.5114517211914 427.9314880371094
75.49236297607422 427.9892272949219
75.4584732055664 428.1189880371094
75.42804718017578 428.2779541015625
75.40357208251953 428.47808837890625
75.39134216308594 428.7063293457031
75.39483642578125 428.9427795410156
75.41458892822266 429.17999267578125
75.45048522949219 429.4153137207031
75.50236511230469 429.64764404296875
75.56997680664062 429.8758850097656
75.65300750732422 430.0989685058594
75.7510757446289 430.31585693359375
75.86371612548828 430.5255432128906
75.99077606201172 430.7276611328125
76.1313705444336 430.9206848144531
76.28483581542969 431.1036682128906
76.45044708251953 431.2757873535156
76.6274185180664 431.4361877441406
76.81492614746094 431.5841369628906
77.0120849609375 431.71893310546875
77.21796417236328 431.8399658203125
77.43158721923828 431.9466247558594
77.65180206298828 432.03839111328125
77.87736511230469 432.1147766113281
78.10751342773438 432.175537109375
78.3613510131836 432.22454833984375
78.62964630126953 432.25811767578125
78.91777801513672 432.2752990722656
79.21723937988281 432.27398681640625
79.51992797851562 432.25347900390625
79.8191146850586 432.214111328125
80.11438751220703 432.15606689453125
80.3944091796875 432.08221435546875
80.63888549804688 432.00030517578125
80.8640365600586 431.9076232910156
81.07735443115234 431.80230712890625
81.2838134765625 431.6822204589844
81.48155975341797 431.54833984375
81.66931915283203 431.4015808105469
81.8459701538086 431.242919921875
81.99349975585938 431.0910339355469
82.13034057617188 430.929443359375
82.25733947753906 430.75689697265625
82.37460327148438 430.57244873046875
82.48143768310547 430.3759460449219
82.57662200927734 430.1682434082031
82.65878295898438 429.9508972167969
82.72702026367188 429.72479248046875
82.79928588867188 429.4136962890625
82.85189056396484 429.10137939453125
82.88455200195312 428.79132080078125
82.89630126953125 428.5077209472656
82.89033508300781 428.2699279785156
82.8681411743164 428.0329284667969
82.82972717285156 427.79742431640625
82.77528381347656 427.56488037109375
82.705078125 427.3365478515625
82.61945343017578 427.1135559082031
82.51880645751953 426.89691162109375
82.40360260009766 426.6876525878906
82.27439880371094 426.48675537109375
82.13177490234375 426.2951354980469
81.97640228271484 426.1136779785156
81.80900573730469 425.9432678222656
81.63036346435547 425.78466796875
81.44131469726562 425.6386413574219
81.24274444580078 425.505859375
81.03556823730469 425.3869323730469
80.82064056396484 425.2823791503906
80.59186553955078 425.1897277832031
80.32492065429688 425.1017761230469
80.00640106201172 425.0187683105469
79.67874145507812 424.9544982910156
79.34843444824219 424.910400390625
79.0309066772461 424.8876647949219
78.76696014404297 424.8849792480469
78.53812408447266 424.8966064453125
78.4188461303711 424.90966796875
78.43147277832031 424.9076232910156
78.4658432006836 424.900390625
78.52967834472656 424.8839111328125
78.5950698852539 424.86395263671875
78.67144012451172 424.83697509765625
78.74883270263672 424.80584716796875
78.82757568359375 424.77020263671875
78.9110336303711 424.7280578613281
79.01697540283203 424.6687927246094
79.17642211914062 424.5705261230469
79.35363006591797 424.4508056640625
79.51176452636719 424.3338623046875
79.65318298339844 424.21929931640625
79.75469207763672 424.1289367675781
79.79332733154297 424.0908203125
79.8309555053711 424.0494384765625
79.86268615722656 424.010498046875
79.8792495727539 423.9877014160156
79.88517761230469 423.9784851074219
79.88037872314453 423.98699951171875
79.85413360595703 424.0408630371094
79.82117462158203 424.120849609375
79.77667236328125 424.2524108886719
79.73035430908203 424.4268798828125
79.68887329101562 424.64068603515625
79.66024780273438 424.8715515136719
79.64724731445312 425.1075134277344
79.65039825439453 425.34552001953125
79.66979217529297 425.582763671875
79.70532989501953 425.8181457519531
79.75685119628906 426.050537109375
79.82411193847656 426.27886962890625
79.90680694580078 426.5020751953125
80.0045394897461 426.7191162109375
80.11723327636719 426.9296875
80.24404907226562 427.1321105957031
80.38439178466797 427.3254089355469
80.53760528564453 427.5086669921875
80.70297241210938 427.6810607910156
80.87972259521484 427.8417663574219
81.06702423095703 427.9900207519531
81.26400756835938 428.1251525878906
81.4697494506836 428.24652099609375
81.68328857421875 428.3535461425781
81.90361785888672 428.44573974609375
82.12967681884766 428.5226745605469
82.38626861572266 428.59112548828125
82.69589233398438 428.65277099609375
83.01356506347656 428.6958312988281
83.33366394042969 428.7193298339844
83.6540298461914 428.7231140136719
83.97352600097656 428.707275390625
84.29158782958984 428.6718444824219
84.60694122314453 428.6169738769531
84.91908264160156 428.5426940917969
85.2255630493164 428.44952392578125
85.51947021484375 428.3398742675781
85.78399658203125 428.2216491699219
85.92095947265625 428.1493835449219
86.12395477294922 428.0241394042969
86.31818389892578 427.8851623535156
86.5024185180664 427.7333068847656
86.6756820678711 427.56939697265625
86.8351821899414 427.3963928222656
86.93524169921875 427.2719421386719
87.02882385253906 427.1381530761719
87.12428283691406 426.9800109863281
87.21585083007812 426.8020935058594
87.30046844482422 426.6059265136719
87.37325286865234 426.3995361328125
87.4341049194336 426.1803283691406
87.47993469238281 425.96148681640625
87.5217514038086 425.676025390625
87.5477523803711 425.3670959472656
87.554931640625 425.0490417480469
87.54297637939453 424.7487487792969
87.51790618896484 424.5122375488281
87.47671508789062 424.2778015136719
87.41947937011719 424.046142578125
87.34651184082031 423.8187561035156
87.25817108154297 423.5968322753906
87.1548843383789 423.3814392089844
87.0371322631836 423.173583984375
86.90573120117188 422.97467041015625
86.76097106933594 422.7850646972656
86.60343170166016 422.6055908203125
86.4339828491211 422.437255859375
86.25341796875 422.2808532714844
86.0625991821289 422.13714599609375
85.86241912841797 422.0068054199219
85.65380859375 421.8904113769531
85.43769073486328 421.78851318359375
85.2140121459961 421.701171875
84.95398712158203 421.6192321777344
84.63953399658203 421.54180908203125
84.31404113769531 421.48260498046875
83.98944091796875 421.44384765625
83.69488525390625 421.4269104003906
83.404296875 421.4281005859375
83.11558532714844 421.4470520019531
82.82899475097656 421.4836730957031
82.62359619140625 421.522705078125
82.53587341308594 421.54461669921875
82.49241638183594 421.5579528808594
82.48747253417969 421.55975341796875
82.48717498779297 421.55987548828125
82.53744506835938 421.535888671875
82.63267517089844 421.48468017578125
82.75335693359375 421.4121398925781
82.84922790527344 421.3479919433594
82.88285064697266 421.3228454589844
82.9006576538086 421.30792236328125
82.86011505126953 421.3462219238281
82.82991790771484 421.37847900390625
82.7999038696289 421.4147033691406
82.76200103759766 421.4666748046875
82.71195220947266 421.54522705078125
82.65917205810547 421.6411437988281
82.5974349975586 421.7731018066406
82.53277587890625 421.9394226074219
82.4720458984375 422.13360595703125
82.42082977294922 422.3475646972656
82.38221740722656 422.57708740234375
82.35902404785156 422.8121337890625
82.35186767578125 423.0500793457031
82.36096954345703 423.2879333496094
82.38628387451172 423.5246276855469
82.42769622802734 423.759033203125
82.48501586914062 423.9900817871094
82.55796813964844 424.2166748046875
82.6462173461914 424.437744140625
82.74935150146484 424.65228271484375
82.86729431152344 424.8599853515625
82.9991455078125 425.0591735839844
83.144287109375 425.2489013671875
83.30204010009766 425.42828369140625
83.47166442871094 425.5964660644531
83.65237426757812 425.752685546875
83.84333038330078 425.8962097167969
84.04363250732422 426.0263671875
84.25234985351562 426.1425476074219
84.468505859375 426.24420166015625
84.69109344482422 426.33087158203125
84.9263916015625 426.4045104980469
85.21347045898438 426.4739685058594
85.5320053100586 426.5301818847656
85.8473892211914 426.5660705566406
86.16158294677734 426.5823974609375
86.47457122802734 426.5794372558594
86.78577423095703 426.5573425292969
87.09454345703125 426.5162658691406
87.40167236328125 426.4560241699219
87.70721435546875 426.3763427734375
88.0103530883789 426.2770690917969
88.307861328125 426.15899658203125
88.34700775146484 426.1407165527344
88.36582946777344 426.13055419921875
88.56800079345703 426.00439453125
88.76148986816406 425.86444091796875
88.94500732421875 425.7115783691406
89.11762237548828 425.5466003417969
89.276611328125 425.37237548828125
89.36917114257812 425.256103515625
89.43572235107422 425.16021728515625
89.50733184814453 425.04107666015625
89.57630920410156 424.9069519042969
89.65137481689453 424.7332458496094
89.72095489501953 424.5365295410156
89.78058624267578 424.32257080078125
89.82440185546875 424.11456298828125
89.8570556640625 423.8946533203125
89.8802261352539 423.6275329589844
89.88771057128906 423.3292541503906
89.87608337402344 423.0096740722656
89.85145568847656 422.7664489746094
89.81143951416016 422.53179931640625
89.75546264648438 422.3002624511719
89.68367004394531 422.0726318359375
89.5964584350586 421.8503112792969
89.49425506591797 421.6344299316406
89.37754821777344 421.4259948730469
89.24726104736328 421.2265930175781
89.10398864746094 421.0369873046875
88.94769287109375 420.85711669921875
88.77923583984375 420.6880798339844
88.59949493408203 420.53082275390625
88.4094009399414 420.38616943359375
88.20987701416016 420.25482177734375
88.0018539428711 420.13739013671875
87.78628540039062 420.034423828125
87.56388092041016 419.9462890625
87.32579040527344 419.87017822265625
87.02946472167969 419.7964172363281
86.70611572265625 419.73699951171875
86.39657592773438 419.6995544433594
86.08940887451172 419.6814270019531
85.78395080566406 419.6822204589844
85.4805679321289 419.70166015625
85.17960357666016 419.7396240234375
84.9029312133789 419.7919921875
84.67471313476562 419.8498229980469
84.55594635009766 419.8874206542969
84.45162963867188 419.927001953125
84.4107437133789 419.9451599121094
84.444091796875 419.92816162109375
84.50553131103516 419.8926696777344
84.52771759033203 419.878173828125
84.50102233886719 419.89788818359375
84.41989135742188 419.966064453125
84.3501205444336 420.03277587890625
84.2902603149414 420.0977783203125
84.23181915283203 420.1699523925781
84.16880798339844 420.2588806152344
84.09890747070312 420.37255859375
84.03065490722656 420.5019836425781
83.95991516113281 420.6610107421875
83.89191436767578 420.8467712402344
83.83184051513672 421.053466796875
83.78361511230469 421.27471923828125
83.7493667602539 421.5071105957031
83.7308349609375 421.74420166015625
83.72852325439453 421.98223876953125
83.74246978759766 422.2198791503906
83.77259826660156 422.45599365234375
83.81877136230469 422.68951416015625
83.88077545166016 422.9193420410156
83.95832061767578 423.1444091796875
84.0510482788086 423.3636474609375
84.15889739990234 423.5767822265625
84.28104400634766 423.7820739746094
84.41692352294922 423.9785461425781
84.5658950805664 424.165283203125
84.72726440429688 424.3414306640625
84.90028381347656 424.5061340332031
85.08413696289062 424.6586608886719
85.27796936035156 424.79827880859375
85.48088073730469 424.9243469238281
85.69192504882812 425.0362548828125
85.91011047363281 425.13348388671875
86.13789367675781 425.2169189453125
86.38994598388672 425.2904357910156
86.70110321044922 425.3598327636719
87.01918029785156 425.410400390625
87.32949829101562 425.44036865234375
87.63853454589844 425.4511413574219
87.94500732421875 425.4429931640625
88.24980163574219 425.41607666015625
88.55213928222656 425.3705139160156
88.8536376953125 425.3059387207031
89.15179443359375 425.2226257324219
89.4486083984375 425.1196594238281
89.74272155761719 424.9969482421875
89.71795654296875 425.00897216796875
89.67447662353516 425.0329895019531
89.87535095214844 424.9054260253906
90.0677261352539 424.7639465332031
90.25003814697266 424.6096496582031
90.42135620117188 424.44329833984375
90.5791244506836 424.26763916015625
90.67511749267578 424.1450500488281
90.72628021240234 424.07012939453125
90.78773498535156 423.9664001464844
90.84925842285156 423.8450927734375
90.91522216796875 423.6903076171875
90.97943115234375 423.5060729980469
91.0360336303711 423.2994384765625
91.0570068359375 423.1990051269531
91.08141326904297 423.0367431640625
91.10204315185547 422.80810546875
91.11050415039062 422.51580810546875
91.10015869140625 422.1978759765625
91.0760269165039 421.9494934082031
91.0370101928711 421.71466064453125
90.9820556640625 421.4830627441406
90.91124725341797 421.25518798828125
90.82498931884766 421.0325012207031
90.72370910644531 420.8161926269531
90.6078872680664 420.6072692871094
90.4790267944336 420.408203125
90.33757019042969 420.2193298339844
90.18312072753906 420.0400695800781
90.01554107666016 419.8704833984375
89.83650207519531 419.7124938964844
89.64702606201172 419.5670471191406
89.44805908203125 419.4348449707031
89.24053192138672 419.3165588378906
89.02542114257812 419.21270751953125
88.80352783203125 419.1236877441406
88.56570434570312 419.04656982421875
88.27084350585938 418.97186279296875
87.95085906982422 418.9117126464844
87.63626098632812 418.87237548828125
87.32421875 418.8526916503906
87.01326751708984 418.8522033691406
86.70381164550781 418.8707580566406
86.3965072631836 418.9082336425781
86.09219360351562 418.9644775390625
85.83799743652344 419.0278015136719
85.60238647460938 419.10211181640625
85.4649887084961 419.1546630859375
85.4040298461914 419.18212890625
85.41250610351562 419.1777038574219
85.43164825439453 419.16632080078125
85.37921142578125 419.20184326171875
85.31615447998047 419.25054931640625
85.22749328613281 419.3285827636719
85.14803314208984 419.4082336425781
85.07441711425781 419.4922790527344
85.00469970703125 419.5830993652344
84.93275451660156 419.690673828125
84.8572006225586 419.82159423828125
84.7800064086914 419.9787902832031
84.7053451538086 420.1609802246094
84.63792419433594 420.36383056640625
84.5816421508789 420.58184814453125
84.53870391845703 420.8121032714844
84.51128387451172 421.04730224609375
84.49992370605469 421.2850646972656
84.50482177734375 421.5230407714844
84.52595520019531 421.7601318359375
84.56321716308594 421.9952392578125
84.61643981933594 422.2272644042969
84.68537902832031 422.4551086425781
84.76970672607422 422.6777038574219
84.86902618408203 422.89404296875
84.98328399658203 423.10382080078125
85.1115951538086 423.3052978515625
85.25335693359375 423.49755859375
85.40791320800781 423.6796875
85.57453918457031 423.8508605957031
85.7524642944336 424.01025390625
85.94084930419922 424.1571350097656
86.13882446289062 424.2908020019531
86.345458984375 424.41064453125
86.5597915649414 424.51611328125
86.78082275390625 424.6067199707031
87.01366424560547 424.6841125488281
87.29783630371094 424.7581481933594
87.62019348144531 424.8208312988281
87.93208312988281 424.86181640625
88.238037109375 424.883056640625
88.5421142578125 424.88543701171875
88.84366607666016 424.8692321777344
89.14266967773438 424.8346252441406
89.44059753417969 424.78143310546875
89.7383804321289 424.7091369628906
90.0328369140625 424.6181640625
90.3263168334961 424.5073547363281
90.32872772216797 424.50628662109375
90.28994750976562 424.5259094238281
90.20458221435547 424.5746765136719
90.40402221679688 424.4444885253906
90.59461212158203 424.30059814453125
90.77497100830078 424.1440124511719
90.9440689086914 423.97564697265625
91.09972381591797 423.7978820800781
91.195068359375 423.67291259765625
91.23595428466797 423.6114501953125
91.28872680664062 423.52001953125
91.34295654296875 423.4101867675781
91.40985870361328 423.24853515625
91.47396850585938 423.0581359863281
91.52940368652344 422.846923828125
91.55475616455078 422.7181091308594
91.57307434082031 422.5860290527344
91.58952331542969 422.37982177734375
91.59498596191406 422.0907897949219
91.58150482177734 421.7740783691406
91.55451965332031 421.5222473144531
91.51321411132812 421.2878112792969
91.45600128173828 421.0567626953125
91.38298034667969 420.82958984375
91.2945556640625 420.6077880859375
91.19117736816406 420.3924865722656
91.07333374023438 420.1847229003906
90.94283294677734 419.98736572265625
90.80008697509766 419.80059814453125
90.64437866210938 419.6233825683594
90.47526550292969 419.4555358886719
90.29472351074219 419.29931640625
90.10384368896484 419.15570068359375
89.90359497070312 419.02545166015625
89.69493103027344 418.9091796875
89.47882080078125 418.80743408203125
89.25606536865234 418.7205810546875
89.0170669555664 418.6456298828125
88.72119140625 418.5736999511719
88.40445709228516 418.5173034667969
88.08963775634766 418.4809875488281
87.775146484375 418.46417236328125
87.46247100830078 418.4666748046875
87.15129852294922 418.4883117675781
86.84239196777344 418.5289611816406
86.5358657836914 418.588623046875
86.27472686767578 418.6563415527344
86.05863189697266 418.72674560546875
85.90991973876953 418.7853088378906
85.84024047851562 418.8176574707031
85.8162841796875 418.83056640625
85.78755950927734 418.84832763671875
85.720703125 418.89556884765625
85.61186218261719 418.9835205078125
85.52023315429688 419.0680847167969
85.4378890991211 419.1546936035156
85.35855865478516 419.2498474121094
85.28260803222656 419.3540954589844
85.20407104492188 419.4783630371094
85.1292495727539 419.6162414550781
85.05438232421875 419.7794494628906
84.98030853271484 419.9748840332031
84.91598510742188 420.1872253417969
84.8644790649414 420.411376953125
84.82744598388672 420.6445007324219
84.80623626708984 420.881591796875
84.80125427246094 421.11956787109375
84.81253051757812 421.3573303222656
84.84001159667969 421.5937805175781
84.88356018066406 421.8277893066406
84.94298553466797 422.05828857421875
85.01800537109375 422.2842102050781
85.10826873779297 422.5044860839844
85.2137222290039 422.71881103515625
85.33355712890625 422.9254455566406
85.46722412109375 423.1234130859375
85.61408996582031 423.3117980957031
85.77347564697266 423.48974609375
85.94463348388672 423.6563720703125
86.12676239013672 423.8109436035156
86.31901550292969 423.9527282714844
86.52050018310547 424.0810546875
86.73027038574219 424.1953125
86.94735717773438 424.2950134277344
87.17262268066406 424.38037109375
87.4368896484375 424.4607849121094
87.7474136352539 424.53399658203125
88.0719985961914 424.58966064453125
88.3779067993164 424.62298583984375
88.6821517944336 424.6372985839844
88.98326110839844 424.6329345703125
89.28250885009766 424.61016845703125
89.57939147949219 424.569091796875
89.87599182128906 424.50927734375
90.16973114013672 424.4309997558594
90.46332550048828 424.33306884765625
90.75577545166016 424.2151184082031
90.749755859375 424.21795654296875
90.6742172241211 424.2582702636719
90.57368469238281 424.31854248046875
90.77090454101562 424.1839904785156
90.9585189819336 424.0362548828125
91.13560485839844 423.8760681152344
91.30122375488281 423.70428466796875
91.45331573486328 423.5232849121094
91.48431396484375 423.4811096191406
91.52777099609375 423.41357421875
91.57489776611328 423.3289794921875
91.63259887695312 423.20751953125
91.69512176513672 423.0495910644531
91.75533294677734 422.86126708984375
91.80711364746094 422.65093994140625
91.81499481201172 422.6080017089844
91.836669921875 422.4378967285156
91.85263061523438 422.2005310058594
91.85435485839844 421.9129333496094
91.83680725097656 421.596923828125
91.80638122558594 421.3437805175781
91.76207733154297 421.1098937988281
91.70191955566406 420.87957763671875
91.6259994506836 420.65338134765625
91.53474426269531 420.4327087402344
91.42861938476562 420.21875
91.30812072753906 420.01251220703125
91.1749496459961 419.8166198730469
91.02970886230469 419.63153076171875
90.87090301513672 419.45538330078125
90.69971466064453 419.289794921875
90.51720428466797 419.13592529296875
90.32449340820312 418.9947814941406
90.12259674072266 418.8670959472656
89.91246032714844 418.7535095214844
89.69505310058594 418.6545104980469
89.47080993652344 418.57037353515625
89.23086547851562 418.49847412109375
88.934326171875 418.43035888671875
88.61772155761719 418.378173828125
88.30193328857422 418.3458557128906
87.98661041259766 418.3330383300781
87.67322540283203 418.33953857421875
87.36152648925781 418.3652038574219
87.05231475830078 418.409912109375
86.7452392578125 418.4737548828125
86.48143005371094 418.5457458496094
86.29182434082031 418.6101379394531
86.17255401611328 418.6588439941406
86.13160705566406 418.678466796875
86.09555053710938 418.6984558105469
86.02627563476562 418.7426452636719
85.95111846923828 418.7975769042969
85.84584045410156 418.8855285644531
85.7518539428711 418.97515869140625
85.66758728027344 419.0667724609375
85.58647918701172 419.1674499511719
85.50932312011719 419.2772521972656
85.42477416992188 419.4163513183594
85.34523010253906 419.5694885253906
85.26790618896484 419.74664306640625
85.197021484375 419.9447937011719
85.13646697998047 420.15911865234375
85.08854675292969 420.38720703125
85.05587768554688 420.6211242675781
85.03912353515625 420.85858154296875
85.03861236572266 421.09661865234375
85.05435180664062 421.3341369628906
85.08626556396484 421.5700378417969
85.13420104980469 421.8031921386719
85.19794464111328 422.03253173828125
85.27719116210938 422.2569885253906
85.37157440185547 422.47552490234375
85.48103332519531 422.6878356933594
85.60472869873047 422.8921813964844
85.7420883178711 423.0876159667969
85.89246368408203 423.2732238769531
86.05516052246094 423.4481201171875
86.22941589355469 423.61151123046875
86.41442108154297 423.76263427734375
86.60930633544922 423.9007873535156
86.81316375732422 424.0252990722656
87.0250473022461 424.1356201171875
87.24396514892578 424.231201171875
87.4722671508789 424.3128662109375
87.7393798828125 424.38873291015625
88.06066131591797 424.4583435058594
88.38655090332031 424.50830078125
88.69157409667969 424.53607177734375
88.99441528320312 424.5449523925781
89.29358673095703 424.5353088378906
89.59048461914062 424.5074157714844
89.8867416381836 424.4610595703125
90.18351745605469 424.3957214355469
90.47753143310547 424.3117370605469
90.77149200439453 424.2078552246094
91.06381225585938 424.0838928222656
91.01377868652344 424.10845947265625
90.9104232788086 424.1656494140625
90.80351257324219 424.23175048828125
90.9989242553711 424.0945129394531
91.1845474243164 423.9442443847656
91.35945892333984 423.78167724609375
91.52274322509766 423.607666015625
91.65705108642578 423.4433898925781
91.6836166381836 423.40625
91.72296142578125 423.3433532714844
91.766357421875 423.2631530761719
91.82071685791016 423.14501953125
91.88604736328125 422.9739074707031
91.94332122802734 422.7867736816406
91.99382781982422 422.5700378417969
92.01506042480469 422.44384765625
92.03163146972656 422.29351806640625
92.04483795166016 422.03173828125
92.04148864746094 421.726806640625
92.01825714111328 421.4067687988281
91.98555755615234 421.17010498046875
91.93698120117188 420.93707275390625
91.87261199951172 420.7079162597656
91.79252624511719 420.4830322265625
91.69723510742188 420.2640380859375
91.58720397949219 420.0520324707031
91.46295166015625 419.8480224609375
91.328125 419.65728759765625
91.17974090576172 419.47515869140625
91.01773071289062 419.30194091796875
90.84329223632812 419.1392822265625
90.65790557861328 418.98870849609375
90.462646484375 418.8511047363281
90.2584457397461 418.7271423339844
90.04627227783203 418.617431640625
89.82707977294922 418.5224304199219
89.60084533691406 418.4422302246094
89.35147094726562 418.3723449707031
89.03727722167969 418.3057556152344
88.72129821777344 418.2589111328125
88.40565490722656 418.23175048828125
88.09053039550781 418.2240295410156
87.77688598632812 418.2356262207031
87.46524047851562 418.266357421875
87.1551742553711 418.3163146972656
86.86930084228516 418.380615234375
86.619873046875 418.4530944824219
86.42793273925781 418.5218200683594
86.30687713623047 418.5736389160156
86.23553466796875 418.6095275878906
86.22053527832031 418.6182556152344
86.1471939086914 418.6671142578125
86.03270721435547 418.7546081542969
85.92822265625 418.84600830078125
85.83503723144531 418.93902587890625
85.75016784667969 419.03564453125
85.67023468017578 419.1396789550781
85.58975219726562 419.26007080078125
85.5078125 419.4023132324219
85.42644500732422 419.5684814453125
85.34947967529297 419.7570495605469
85.28104400634766 419.9639587402344
85.22450256347656 420.1842956542969
85.1817626953125 420.4154052734375
85.15457916259766 420.6516418457031
85.1435775756836 420.8894348144531
85.1488265991211 421.1274108886719
85.1703109741211 421.3644714355469
85.20792388916016 421.5995178222656
85.26148986816406 421.8314514160156
85.33076477050781 422.0591735839844
85.41542053222656 422.2816467285156
85.51541137695312 422.4985656738281
85.6299819946289 422.7081604003906
85.75859069824219 422.9094543457031
85.90064239501953 423.10150146484375
86.05546569824219 423.2834167480469
86.22235107421875 423.454345703125
86.4005126953125 423.61346435546875
86.58911895751953 423.76007080078125
86.78729248046875 423.8934631347656
86.99410247802734 424.01300048828125
87.2085952758789 424.1181640625
87.42975616455078 424.20843505859375
87.6777572631836 424.2906188964844
87.98655700683594 424.3713073730469
88.30951690673828 424.4346923828125
88.6326904296875 424.477783203125
88.93524169921875 424.4993591308594
89.2355728149414 424.50225830078125
89.53302001953125 424.48681640625
89.82923126220703 424.4530944824219
90.1230697631836 424.40118408203125
90.41722869873047 424.330322265625
90.70835876464844 424.2409362792969
90.99931335449219 424.13165283203125
90.9880599975586 424.1365966796875
90.93894958496094 424.1611633300781
90.83740997314453 424.2183532714844
91.03787231445312 424.0895080566406
91.2294692993164 423.9469909667969
91.41092681884766 423.79168701171875
91.58132934570312 423.6243896484375
91.73943328857422 423.4464111328125
91.8331069946289 423.325439453125
91.86280059814453 423.28155517578125
91.89746856689453 423.2227783203125
91.9454574584961 423.12823486328125
92.00279235839844 422.9942321777344
92.06246185302734 422.8241882324219
92.11973571777344 422.616943359375
92.14157104492188 422.51348876953125
92.16006469726562 422.3931579589844
92.17845916748047 422.1996765136719
92.18838500976562 421.9107971191406
92.18012237548828 421.6065673828125
92.1517105102539 421.2868957519531
92.11517333984375 421.0506591796875
92.06283569335938 420.8184509277344
91.9947738647461 420.5903625488281
91.91107177734375 420.3668212890625
91.812255859375 420.1494140625
91.69881439208984 419.939208984375
91.57128143310547 419.73724365234375
91.43295288085938 419.5481262207031
91.28170776367188 419.3684997558594
91.11700439453125 419.197998046875
90.93997955322266 419.0381774902344
90.75216674804688 418.8905944824219
90.5547103881836 418.75616455078125
90.3485336303711 418.6355285644531
90.13461303710938 418.52923583984375
89.91383361816406 418.437744140625
89.68470764160156 418.3606262207031
89.42092895507812 418.2911071777344
89.10386657714844 418.22882080078125
88.7872085571289 418.18658447265625
88.47103118896484 418.1640319824219
88.15563201904297 418.16094970703125
87.84196472167969 418.1771545410156
87.53055572509766 418.2124938964844
87.22100830078125 418.26702880859375
86.93539428710938 418.3356628417969
86.6859130859375 418.4121398925781
86.49341583251953 418.4842834472656
86.40840148925781 418.5220947265625
86.33372497558594 418.5609130859375
86.2622299194336 418.60400390625
86.1768569946289 418.6631774902344
86.070556640625 418.74761962890625
85.97086334228516 418.8381042480469
85.88067626953125 418.93145751953125
85.79691314697266 419.0303955078125
85.7142562866211 419.1421813964844
85.63017272949219 419.27325439453125
85.54528045654297 419.4273986816406
85.46701049804688 419.5954284667969
85.39363861083984 419.7856750488281
85.3292007446289 419.9940185546875
85.27559661865234 420.2212219238281
85.23714447021484 420.4544372558594
85.21456909179688 420.691162109375
85.20819854736328 420.9291076660156
85.21807861328125 421.16693115234375
85.24417114257812 421.4035339355469
85.2863540649414 421.6378173828125
85.34442901611328 421.86865234375
85.41812133789062 422.0950012207031
85.50708770751953 422.3157958984375
85.61128234863281 422.5307312011719
85.72990417480469 422.7380676269531
85.8624038696289 422.93682861328125
86.00816345214844 423.1260681152344
86.16650390625 423.304931640625
86.33668518066406 423.4725646972656
86.51790618896484 423.6282043457031
86.7093276977539 423.7711181640625
86.9100570678711 423.900634765625
87.11915588378906 424.0161437988281
87.33565521240234 424.1170959472656
87.56047058105469 424.20379638671875
87.82518005371094 424.2860412597656
88.13597106933594 424.36126708984375
88.4607162475586 424.4189453125
88.77571105957031 424.4551696777344
89.07656860351562 424.4711608886719
89.3753890991211 424.4686584472656
89.6723403930664 424.4478759765625
89.96701049804688 424.408935546875
90.26168823242188 424.35137939453125
90.55719757080078 424.2745361328125
90.84960174560547 424.178955078125
91.14146423339844 424.06329345703125
91.12837219238281 424.0693359375
91.051513671875 424.1095275878906
90.95689392089844 424.1650390625
91.15485382080078 424.0325927734375
91.34380340576172 423.8865661621094
91.52238464355469 423.72796630859375
91.68955993652344 423.5577087402344
91.84312438964844 423.3782958984375
91.93762969970703 423.25146484375
91.9734878540039 423.1962585449219
92.01443481445312 423.12359619140625
92.068115234375 423.01220703125
92.12871551513672 422.86175537109375
92.1885986328125 422.6783447265625
92.24103546142578 422.4709167480469
92.25899505615234 422.37554931640625
92.27869415283203 422.2250671386719
92.2916259765625 422.0457763671875
92.2950210571289 421.75958251953125
92.27935791015625 421.4438781738281
92.24380493164062 421.1249694824219
92.2021484375 420.8905944824219
92.14459228515625 420.65960693359375
92.07131958007812 420.4328308105469
91.98259735107422 420.21124267578125
91.87889862060547 419.99609375
91.7607421875 419.78851318359375
91.63048553466797 419.5921630859375
91.48806762695312 419.4064025878906
91.33295440673828 419.23040771484375
91.16378784179688 419.0630187988281
90.9830551147461 418.9071044921875
90.7919692993164 418.7637939453125
90.5915298461914 418.63385009765625
90.3826904296875 418.51788330078125
90.16643524169922 418.41644287109375
89.94356536865234 418.3299255371094
89.71038818359375 418.2572326660156
89.41590118408203 418.1862487792969
89.10009002685547 418.1307067871094
88.78356170654297 418.0948791503906
88.46703338623047 418.07861328125
88.15196228027344 418.0817565917969
87.8382568359375 418.10418701171875
87.52679443359375 418.1457824707031
87.2169418334961 418.20672607421875
86.94515991210938 418.27777099609375
86.69735717773438 418.3591613769531
86.5014877319336 418.4371337890625
86.4173355102539 418.4767761230469
86.36927032470703 418.50311279296875
86.29722595214844 418.54864501953125
86.21173095703125 418.61065673828125
86.09716033935547 418.7057800292969
85.99909973144531 418.7987976074219
85.91073608398438 418.8943786621094
85.8258285522461 418.999267578125
85.74528503417969 419.1134033203125
85.6637954711914 419.2468566894531
85.58209228515625 419.4033508300781
85.50326538085938 419.5829772949219
85.43136596679688 419.78271484375
85.37010192871094 419.9979553222656
85.3216552734375 420.2263488769531
85.28850555419922 420.46038818359375
85.27128601074219 420.69781494140625
85.27030944824219 420.93585205078125
85.28558349609375 421.17340087890625
85.3170394897461 421.40936279296875
85.3645248413086 421.6426086425781
85.42781829833984 421.8720703125
85.50662994384766 422.0966796875
85.60091400146484 422.3161315917969
85.7099609375 422.5286560058594
85.83325958251953 422.7332458496094
85.9702377319336 422.928955078125
86.12025451660156 423.1148681640625
86.28260803222656 423.29010009765625
86.45654296875 423.4538269042969
86.64125061035156 423.6053161621094
86.83586883544922 423.74383544921875
87.03948974609375 423.8687438964844
87.25115966796875 423.9794616699219
87.46988677978516 424.0754699707031
87.69800567626953 424.1575622558594
87.9649887084961 424.2339782714844
88.28631591796875 424.30426025390625
88.61241912841797 424.3548889160156
88.9163818359375 424.3831481933594
89.21672821044922 424.39251708984375
89.51454162597656 424.38348388671875
89.81146240234375 424.35614013671875
90.10638427734375 424.3105773925781
90.40198516845703 424.24609375
90.6949462890625 424.16302490234375
90.98814392089844 424.06005859375
91.2800521850586 423.9369201660156
91.22808074951172 423.9623107910156
91.12104034423828 424.02117919921875
91.00800323486328 424.090576171875
91.20390319824219 423.95404052734375
91.39006042480469 423.804443359375
91.56554412841797 423.6424865722656
91.72944641113281 423.46905517578125
91.86421966552734 423.305419921875
91.88677215576172 423.2741394042969
91.92279815673828 423.2170715332031
91.96354675292969 423.1425476074219
92.01631927490234 423.0293273925781
92.0752944946289 422.87725830078125
92.13297271728516 422.6925354003906
92.18450164794922 422.4769287109375
92.1968002319336 422.4069519042969
92.215087890625 422.2535095214844
92.23055267333984 421.99249267578125
92.22991943359375 421.7066955566406
92.2098159790039 421.39141845703125
92.1697769165039 421.072998046875
92.12482452392578 420.8392333984375
92.06401824951172 420.6091003417969
91.98748016357422 420.3831481933594
91.89561462402344 420.1627502441406
91.78889465332031 419.9490661621094
91.6678237915039 419.7431640625
91.53435516357422 419.5480041503906
91.38877868652344 419.3635559082031
91.229736328125 419.1881408691406
91.0582046508789 419.02313232421875
90.87528991699219 418.8697814941406
90.68218994140625 418.7291564941406
90.47994232177734 418.60205078125
90.26949310302734 418.4890441894531
90.05181121826172 418.3906555175781
89.82733154296875 418.30712890625
89.58711242675781 418.2358703613281
89.29066467285156 418.1686706542969
88.9742660522461 418.1174011230469
88.65757751464844 418.08587646484375
88.34121704101562 418.0738830566406
88.0266342163086 418.081298828125
87.71368408203125 418.1079406738281
87.40323638916016 418.1536865234375
87.09461212158203 418.2187194824219
86.8258285522461 418.2928771972656
86.63668060302734 418.3576965332031
86.47561645507812 418.42401123046875
86.39286041259766 418.4641418457031
86.34612274169922 418.4904479980469
86.25051879882812 418.5524597167969
86.1539306640625 418.6244201660156
86.04658508300781 418.7159423828125
85.95050811767578 418.8094482421875
85.8641128540039 418.9053649902344
85.78118896484375 419.0105285644531
85.6977767944336 419.1320495605469
85.61298370361328 419.275146484375
85.52883911132812 419.4418029785156
85.4527359008789 419.6219177246094
85.38371276855469 419.822265625
85.32433319091797 420.04229736328125
85.27870178222656 420.27301025390625
85.24866485595703 420.5083312988281
85.23471069335938 420.7459716796875
85.23700714111328 420.9840087890625
85.25554656982422 421.2213134765625
85.29023742675781 421.4568176269531
85.34092712402344 421.68939208984375
85.4073715209961 421.91796875
85.4892578125 422.1414794921875
85.58621215820312 422.35888671875
85.69816589355469 422.56988525390625
85.82426452636719 422.77276611328125
85.96392059326172 422.9665832519531
86.1164779663086 423.150390625
86.2812271118164 423.3233642578125
86.4573974609375 423.48468017578125
86.64417266845703 423.63360595703125
86.8406753540039 423.7694396972656
87.04598999023438 423.89154052734375
87.2591552734375 423.9993591308594
87.47917938232422 424.0923767089844
87.7124252319336 424.1727600097656
87.99596405029297 424.2499694824219
88.31819915771484 424.31634521484375
88.64120483398438 424.3624572753906
88.94355773925781 424.3868408203125
89.24383544921875 424.3925476074219
89.54135131835938 424.3798828125
89.8377456665039 424.34893798828125
90.13191986083984 424.2997741699219
90.42656707763672 424.231689453125
90.71835327148438 424.14508056640625
91.01016235351562 424.03857421875
90.99928283691406 424.0432434082031
90.95098876953125 424.06683349609375
90.8492202758789 424.1229248046875
90.74403381347656 424.1877136230469
90.9396743774414 424.0508117675781
91.12554168701172 423.9008483886719
91.30072021484375 423.7385559082031
91.46429443359375 423.5648193359375
91.59938049316406 423.400146484375
91.62696075439453 423.3617248535156
91.66712951660156 423.2977294921875
91.71121215820312 423.2165222167969
91.7660903930664 423.0976867675781
91.83179473876953 422.9263000488281
91.889404296875 422.73895263671875
91.94021606445312 422.5221862792969
91.9615707397461 422.39630126953125
91.97830200195312 422.24639892578125
91.9918441772461 421.985107421875
91.9889144897461 421.6803894042969
91.96611785888672 421.36029052734375
91.9337387084961 421.1235046386719
91.88548278808594 420.8904113769531
91.8214340209961 420.6611633300781
91.74166107177734 420.4361877441406
91.64667510986328 420.2170715332031
91.53693389892578 420.0049133300781
91.4129638671875 419.80072021484375
91.27835845947266 419.6097412109375
91.13019561767578 419.4273681640625
90.96841430664062 419.2539367675781
90.79419708251953 419.0910339355469
90.60901641845703 418.940185546875
90.4139404296875 418.80230712890625
90.20991516113281 418.6780700683594
89.99789428710938 418.56805419921875
89.7788314819336 418.4727478027344
89.55266571044922 418.3922119140625
89.30278778076172 418.3218078613281
88.99398803710938 418.2559814453125
88.6772232055664 418.2087097167969
88.36087799072266 418.1811828613281
88.04591369628906 418.17315673828125
87.73241424560547 418.1844482421875
87.42089080810547 418.2148742675781
87.11090850830078 418.2644958496094
86.82579040527344 418.3283386230469
86.55677795410156 418.40625
86.36701202392578 418.4739990234375
86.24818420410156 418.52471923828125
86.1792221069336 418.5592956542969
86.16669464111328 418.5665588378906
86.0951156616211 418.6141052246094
85.98158264160156 418.7005920410156
85.87783813476562 418.7910461425781
85.78533935546875 418.883056640625
85.70100402832031 418.9787292480469
85.6214828491211 419.0818176269531
85.54121398925781 419.201416015625
85.45928955078125 419.343017578125
85.37776947021484 419.5086975097656
85.30052185058594 419.6969299316406
85.23172760009766 419.90362548828125
85.17478942871094 420.1238098144531
85.1316146850586 420.3548278808594
85.10398864746094 420.5910339355469
85.09253692626953 420.82879638671875
85.09734344482422 421.0667724609375
85.11837768554688 421.30389404296875
85.15554809570312 421.53900146484375
85.20867919921875 421.7710266113281
85.27752685546875 421.9989013671875
85.36176300048828 422.2215270996094
85.46134948730469 422.43865966796875
85.57552337646484 422.6484680175781
85.70375061035156 422.8500061035156
85.8454360961914 423.0423278808594
85.99992370605469 423.2245178222656
86.16648864746094 423.395751953125
86.34435272216797 423.5552062988281
86.53268432617188 423.7021484375
86.73060607910156 423.8359069824219
86.93719482421875 423.9558410644531
87.1514892578125 424.0614013671875
87.37248229980469 424.1520690917969
87.61962890625 424.2344665527344
87.90380859375 424.3089599609375
88.22657775878906 424.3722229003906
88.54188537597656 424.4141540527344
88.84495544433594 424.4356384277344
89.14583587646484 424.4384460449219
89.4438247680664 424.4228820800781
89.74053192138672 424.3890075683594
90.03482818603516 424.3369140625
90.329345703125 424.265869140625
90.62078857421875 424.1763000488281
90.91194915771484 424.06683349609375
90.90328979492188 424.0706481933594
90.85676574707031 424.0939636230469
90.75761413574219 424.1499328613281
90.95796966552734 424.0208740234375
91.14942932128906 423.8781433105469
91.33074188232422 423.72265625
91.5009765625 423.55517578125
91.65892791748047 423.37701416015625
91.754638671875 423.2531433105469
91.78543090820312 423.20751953125
91.82095336914062 423.1471252441406
91.86943054199219 423.05126953125
91.92692565917969 422.9163513183594
91.98651123046875 422.7457275390625
92.04351806640625 422.5382385253906
92.0650863647461 422.4352722167969
92.08329010009766 422.315673828125
92.10133361816406 422.123046875
92.11083984375 421.8346862792969
92.10216522216797 421.5308837890625
92.07331085205078 421.21124267578125
92.03643035888672 420.97491455078125
91.98377990722656 420.7427673339844
91.9154052734375 420.5147705078125
91.83139038085938 420.29132080078125
91.7322769165039 420.07403564453125
91.61854553222656 419.8639831542969
91.49073791503906 419.66217041015625
91.35209655761719 419.4731750488281
91.2005615234375 419.293701171875
91.03495025634766 419.12274169921875
90.85770416259766 418.9631652832031
90.66969299316406 418.8158264160156
90.47205352783203 418.6816711425781
90.26571655273438 418.5613098144531
90.05165100097656 418.455322265625
89.83074188232422 418.3641357421875
89.6013412475586 418.28729248046875
89.3362045288086 418.2177734375
89.0188217163086 418.15582275390625
88.7022933959961 418.114013671875
88.38634490966797 418.09185791015625
88.07122039794922 418.0891418457031
87.75785827636719 418.105712890625
87.44678497314453 418.1413879394531
87.13755798339844 418.1962585449219
86.85344696044922 418.2649230957031
86.60616302490234 418.341064453125
86.41661834716797 418.412353515625
86.33485412597656 418.4488220214844
86.28118133544922 418.4767150878906
86.1912841796875 418.53082275390625
86.1080322265625 418.5885314941406
86.003173828125 418.6717834472656
85.90460968017578 418.7611999511719
85.8154525756836 418.8534240722656
85.73253631591797 418.9512634277344
85.65460205078125 419.0565185546875
85.57081604003906 419.1868896484375
85.48602294921875 419.3405456542969
85.40776824951172 419.5081481933594
85.33429718017578 419.6981201171875
85.26969909667969 419.90631103515625
85.21724700927734 420.1277160644531
85.1785888671875 420.36090087890625
85.15579986572266 420.5976257324219
85.14920806884766 420.8355712890625
85.15887451171875 421.07342529296875
85.18475341796875 421.31005859375
85.22672271728516 421.54437255859375
85.28458404541016 421.7752685546875
85.35807037353516 422.0016784667969
85.44683837890625 422.2225341796875
85.55084228515625 422.4375915527344
85.66928100585938 422.6450500488281
85.80160522460938 422.84393310546875
85.94719696044922 423.0333251953125
86.10537719726562 423.21234130859375
86.27540588378906 423.380126953125
86.45648956298828 423.5359191894531
86.64778137207031 423.6789855957031
86.84839630126953 423.80865478515625
87.0573959350586 423.9243469238281
87.2738037109375 424.0255126953125
87.49842834472656 424.1123962402344
87.76175689697266 424.1944580078125
88.0717544555664 424.2697448730469
88.39644622802734 424.3276672363281
88.71166229248047 424.3641662597656
89.01289367675781 424.3804016113281
89.3121109008789 424.37811279296875
89.60943603515625 424.3575134277344
89.90447235107422 424.3187255859375
90.199462890625 424.2613220214844
90.4952163696289 424.18463134765625
90.787841796875 424.0892333984375
91.07987976074219 423.9737548828125
91.06915283203125 423.97869873046875
90.99425506591797 424.017822265625
90.9015884399414 424.0721435546875
91.099609375 423.9397277832031
91.2885971069336 423.79376220703125
91.46722412109375 423.63519287109375
91.63445281982422 423.4649658203125
91.78815460205078 423.2854919433594
91.88470458984375 423.1559753417969
91.92111206054688 423.09991455078125
91.96246337890625 423.02655029296875
92.01634979248047 422.91473388671875
92.0770263671875 422.76409912109375
92.13693237304688 422.58062744140625
92.18936157226562 422.3731994628906
92.20697021484375 422.2797546386719
92.22640991210938 422.1314392089844
92.23924255371094 421.95428466796875
92.24272155761719 421.6688232421875
92.2271728515625 421.3533935546875
92.19171905517578 421.034423828125
92.15013885498047 420.800048828125
92.09265899658203 420.5690612792969
92.01945495605469 420.3422546386719
91.93080139160156 420.12060546875
91.8271713256836 419.9054260253906
91.7090835571289 419.6977844238281
91.5788803100586 419.5013732910156
91.43650817871094 419.3155517578125
91.28144836425781 419.1394958496094
91.11233520507812 418.9720458984375
90.93165588378906 418.8160705566406
90.74061584472656 418.6726989746094
90.54021453857422 418.5426940917969
90.33141326904297 418.4266662597656
90.11518859863281 418.3251647949219
89.892333984375 418.23858642578125
89.65887451171875 418.1657409667969
89.36331939697266 418.0943908691406
89.04759979248047 418.0387268066406
88.73123168945312 418.0027770996094
88.41487884521484 417.98638916015625
88.0999755859375 417.9894104003906
87.78641510009766 418.0116882324219
87.4750747680664 418.0531311035156
87.16529846191406 418.1139221191406
86.89476013183594 418.18450927734375
86.64846801757812 418.2652587890625
86.45455169677734 418.34234619140625
86.37284851074219 418.3807678222656
86.32672119140625 418.406005859375
86.25605010986328 418.4505920410156
86.17146301269531 418.5118103027344
86.05757904052734 418.6061706542969
85.96013641357422 418.6983947753906
85.87224578857422 418.79327392578125
85.78762817382812 418.8975830078125
85.70726013183594 419.0111999511719
85.62578582763672 419.144287109375
85.5439682006836 419.3005676269531
85.46495056152344 419.4800720214844
85.39281463623047 419.67974853515625
85.33129119873047 419.89495849609375
85.28257751464844 420.1233215332031
85.24916076660156 420.3573303222656
85.23167419433594 420.5947265625
85.23043060302734 420.832763671875
85.24543762207031 421.0703430175781
85.27662658691406 421.30633544921875
85.32384490966797 421.5396423339844
85.38687896728516 421.7691955566406
85.4654312133789 421.993896484375
85.55914306640625 422.21270751953125
85.6679458618164 422.42535400390625
85.791015625 422.6300964355469
85.92777252197266 422.8259582519531
86.07757568359375 423.01202392578125
86.23973083496094 423.18743896484375
86.41348266601562 423.35137939453125
86.5980224609375 423.5030822753906
86.79248046875 423.6418151855469
86.99595642089844 423.7669677734375
87.2074966430664 423.8779296875
87.42611694335938 423.97418212890625
87.6539535522461 424.05645751953125
87.9195556640625 424.1327819824219
88.24060821533203 424.2033386230469
88.5666732788086 424.2543029785156
88.87090301513672 424.28289794921875
89.17153930664062 424.2926025390625
89.46963500976562 424.28387451171875
89.76679992675781 424.2568054199219
90.06195831298828 424.21148681640625
90.35774993896484 424.1472473144531
90.65088653564453 424.064453125
90.9442367553711 423.9617614746094
91.23627471923828 423.83892822265625
91.1863784790039 423.8632507324219
91.08084869384766 423.9211730957031
90.96896362304688 423.98974609375
91.16495513916016 423.85333251953125
91.35121154785156 423.703857421875
91.52681732177734 423.5420227050781
91.69084930419922 423.36871337890625
91.8412857055664 423.186279296875
91.864013671875 423.15478515625
91.90005493164062 423.0977783203125
91.9407730102539 423.0234069824219
91.99346160888672 422.9105224609375
92.05238342285156 422.75885009765625
92.11006927490234 422.5744323730469
92.16168212890625 422.3590087890625
92.17341613769531 422.29248046875
92.19140625 422.14263916015625
92.20700073242188 421.88360595703125
92.20664978027344 421.59869384765625
92.18688201904297 421.2837219238281
92.14714813232422 420.9652404785156
92.10242462158203 420.7314453125
92.0418472290039 420.5012512207031
91.96553039550781 420.27520751953125
91.87388610839844 420.0547180175781
91.76737976074219 419.8409423828125
91.64651489257812 419.6349182128906
91.51325225830078 419.43963623046875
91.36788940429688 419.2550964355469
91.20904541015625 419.07952880859375
91.03768920898438 418.91436767578125
90.85493469238281 418.7608337402344
90.66197204589844 418.6200256347656
90.45984649658203 418.4927062988281
90.24951171875 418.3794860839844
90.03192901611328 418.2808837890625
89.80748748779297 418.1971130371094
89.5667724609375 418.1254577636719
89.26937866210938 418.05767822265625
88.95308685302734 418.0060729980469
88.63652038574219 417.9742126464844
88.32026672363281 417.9618835449219
88.00574493408203 417.96893310546875
87.69281768798828 417.9952087402344
87.38235473632812 418.0406188964844
87.0738525390625 418.10528564453125
86.80586242675781 418.17889404296875
86.6181411743164 418.24298095703125
86.4587173461914 418.3083801269531
86.37763214111328 418.3475646972656
86.33159637451172 418.3733825683594
86.23611450195312 418.4351501464844
86.1647720336914 418.4880676269531
86.05718994140625 418.5792541503906
85.9607925415039 418.6725158691406
85.87393188476562 418.76837158203125
85.79041290283203 418.8736877441406
85.70630645751953 418.9954528808594
85.62078094482422 419.13885498046875
85.53590393066406 419.3057556152344
85.4590835571289 419.4861145019531
85.38937377929688 419.6866149902344
85.33045196533203 419.90252685546875
85.28449249267578 420.1314697265625
85.25389099121094 420.3658752441406
85.23926544189453 420.60345458984375
85.24089050292969 420.84149169921875
85.25875854492188 421.078857421875
85.29278564453125 421.314453125
85.34281158447266 421.54718017578125
85.40860748291016 421.77593994140625
85.48986053466797 421.99969482421875
85.58619689941406 422.2173767089844
85.69755554199219 422.4287109375
85.82308197021484 422.6319580078125
85.96218872070312 422.8261413574219
86.11422729492188 423.0104064941406
86.27848815917969 423.183837890625
86.4542007446289 423.3456726074219
86.64054870605469 423.4951171875
86.83666229248047 423.6315002441406
87.0416259765625 423.7541809082031
87.25448608398438 423.8625793457031
87.47425079345703 423.9562072753906
87.70685577392578 424.037109375
87.98883819580078 424.11474609375
88.31070709228516 424.18194580078125
88.63383483886719 424.2289733886719
88.93622589111328 424.2541809082031
89.23657989501953 424.26068115234375
89.5341567993164 424.2488098144531
89.83060455322266 424.2186584472656
90.12484741210938 424.1703186035156
90.41957092285156 424.1030578613281
90.71147155761719 424.01727294921875
91.00343322753906 423.9115905761719
91.2939682006836 423.7857666015625
91.24406433105469 423.81072998046875
91.13841247558594 423.8701477050781
91.04308319091797 423.9300537109375
91.23741912841797 423.7912902832031
91.42185974121094 423.63958740234375
91.59549713134766 423.47564697265625
91.75706481933594 423.3007507324219
91.89080810546875 423.1345520019531
91.91971588134766 423.09344482421875
91.95398712158203 423.0376892089844
92.00243377685547 422.9464111328125
92.06128692626953 422.8155822753906
92.12350463867188 422.6482238769531
92.17810821533203 422.464111328125
92.22640991210938 422.2484130859375
92.24370574951172 422.1402587890625
92.2623291015625 421.9573059082031
92.27405548095703 421.6728515625
92.26790618896484 421.3698425292969
92.24169158935547 421.0499572753906
92.20673370361328 420.8131103515625
92.156005859375 420.5805358886719
92.08952331542969 420.3519592285156
92.00736999511719 420.1278381347656
91.91006469726562 419.9097595214844
91.79808044433594 419.69879150390625
91.67195129394531 419.4959411621094
91.53585815429688 419.3071594238281
91.3858642578125 419.1264953613281
91.22174072265625 418.9542236328125
91.04586029052734 418.793212890625
90.85909271240234 418.64434814453125
90.66256713867188 418.508544921875
90.45723724365234 418.386474609375
90.24405670166016 418.2787170410156
90.02400207519531 418.1857604980469
89.79692077636719 418.10760498046875
89.53204345703125 418.0358581542969
89.21704864501953 417.97174072265625
88.90054321289062 417.9273986816406
88.58427429199219 417.9027404785156
88.26858520507812 417.8975524902344
87.95440673828125 417.91168212890625
87.64231872558594 417.94500732421875
87.3319320678711 417.99755859375
87.04537200927734 418.0644226074219
86.79460906982422 418.13946533203125
86.60076141357422 418.2106628417969
86.47949981689453 418.2637939453125
86.42097473144531 418.2938232421875
86.32572937011719 418.35052490234375
86.24832916259766 418.40362548828125
86.13150787353516 418.4954833984375
86.02716064453125 418.5893249511719
85.9357681274414 418.68310546875
85.85059356689453 418.7828369140625
85.77052307128906 418.89013671875
85.6848373413086 419.02239990234375
85.59844970703125 419.1776123046875
85.518798828125 419.3466491699219
85.4441909790039 419.53759765625
85.37862396240234 419.746337890625
85.32530212402344 419.968017578125
85.28602600097656 420.199951171875
85.26241302490234 420.4366455078125
85.2550048828125 420.674560546875
85.26384735107422 420.9124450683594
85.28890991210938 421.149169921875
85.33007049560547 421.3836364746094
85.38713836669922 421.61474609375
85.45984649658203 421.8414001464844
85.5478515625 422.06256103515625
85.65110778808594 422.2779541015625
85.76882934570312 422.4858093261719
85.90046691894531 422.6851501464844
86.04540252685547 422.8750305175781
86.20295715332031 423.0545959472656
86.37239837646484 423.22296142578125
86.55294036865234 423.37939453125
86.74373626708984 423.52313232421875
86.94390106201172 423.65350341796875
87.15249633789062 423.7698974609375
87.3685531616211 423.8717956542969
87.59280395507812 423.95941162109375
87.8550033569336 424.0421142578125
88.16431427001953 424.1183166503906
88.48898315429688 424.1773681640625
88.80490112304688 424.21502685546875
89.10560607910156 424.23223876953125
89.40428161621094 424.23095703125
89.7010498046875 424.2113952636719
89.99555969238281 424.1737060546875
90.29008483886719 424.1174011230469
90.58549499511719 424.0418701171875
90.87787628173828 423.9476318359375
91.16986083984375 423.8332824707031
91.1585922241211 423.83843994140625
91.08406829833984 423.87701416015625
90.9886245727539 423.9324645996094
91.18718719482422 423.80084228515625
91.37676239013672 423.6556396484375
91.55602264404297 423.497802734375
91.72393798828125 423.3282470703125
91.87840270996094 423.14935302734375
91.97636413574219 423.01904296875
92.01107025146484 422.9660949707031
92.05105590820312 422.8958740234375
92.10416412353516 422.7868957519531
92.16470336914062 422.6385498046875
92.2249984741211 422.4566955566406
92.27818298339844 422.25030517578125
92.29493713378906 422.1636962890625
92.31425476074219 422.02203369140625
92.32759857177734 421.850830078125
92.3326644897461 421.5662536621094
92.31890106201172 421.2510681152344
92.28524780273438 420.931884765625
92.24498748779297 420.697265625
92.18881225585938 420.4659423828125
92.11688995361328 420.23870849609375
92.02948760986328 420.0165710449219
91.92707061767578 419.8008117675781
91.8101577758789 419.592529296875
91.67929077148438 419.3927001953125
91.53815460205078 419.206298828125
91.38427734375 419.0295715332031
91.21613311767578 418.8612060546875
91.03634643554688 418.7042236328125
90.84611511230469 418.5597839355469
90.64645385742188 418.42864990234375
90.43830871582031 418.3114318847656
90.22266387939453 418.2087097167969
90.00029754638672 418.120849609375
89.76714324951172 418.046630859375
89.4849624633789 417.9769592285156
89.16710662841797 417.9194030761719
88.84982299804688 417.88189697265625
88.53324890136719 417.86407470703125
88.21768188476562 417.8656921386719
87.904052734375 417.8865661621094
87.59209442138672 417.9266662597656
87.2816390991211 417.98614501953125
86.99368286132812 418.0599060058594
86.74565887451172 418.1400146484375
86.55045318603516 418.2166442871094
86.46678924560547 418.2555847167969
86.43769836425781 418.2713317871094
86.36225128173828 418.318359375
86.27325439453125 418.382080078125
86.15763854980469 418.47686767578125
86.05487060546875 418.57318115234375
85.96505737304688 418.6692199707031
85.87854766845703 418.7748718261719
85.79639434814453 418.889892578125
85.71328735351562 419.0242919921875
85.63003540039062 419.181640625
85.54975891113281 419.36187744140625
85.47649383544922 419.5619812011719
85.4139175415039 419.77734375
85.36418914794922 420.00567626953125
85.32975006103516 420.2396240234375
85.31124114990234 420.4769287109375
85.30897521972656 420.7149658203125
85.32295989990234 420.9526062011719
85.3531265258789 421.188720703125
85.39933776855469 421.4222412109375
85.46138000488281 421.65203857421875
85.5389633178711 421.8770751953125
85.63204956054688 422.0970458984375
85.73993682861328 422.3101806640625
85.86212158203125 422.51544189453125
85.99803161621094 422.7118835449219
86.14703369140625 422.8985900878906
86.30843353271484 423.07470703125
86.48147583007812 423.2393798828125
86.66535949707031 423.3918762207031
86.85922241210938 423.5314636230469
87.0621566772461 423.657470703125
87.2732162475586 423.76934814453125
87.49141693115234 423.8665466308594
87.71879577636719 423.94976806640625
87.98345947265625 424.02703857421875
88.3041763305664 424.09893798828125
88.63013458251953 424.15130615234375
88.93399047851562 424.1811828613281
89.2342529296875 424.192138671875
89.53205108642578 424.1846923828125
89.82752227783203 424.1590576171875
90.12242126464844 424.1150817871094
90.41806030273438 424.0522155761719
90.71114349365234 423.97076416015625
91.00458526611328 423.8694152832031
91.29690551757812 423.7479248046875
91.25726318359375 423.7669982910156
91.17288970947266 423.8127746582031
91.05831909179688 423.8822937011719
91.25492858886719 423.7467956542969
91.44186401367188 423.59814453125
91.61819458007812 423.4371032714844
91.78301239013672 423.2645263671875
91.93429565429688 423.082763671875
91.95518493652344 423.0541076660156
91.98973083496094 423.00006103515625
92.029296875 422.92864990234375
92.0814437866211 422.81842041015625
92.14044952392578 422.66888427734375
92.19873809814453 422.4859924316406
92.24956512451172 422.2787780761719
92.265625 422.190185546875
92.28348541259766 422.04656982421875
92.30000305175781 421.7909851074219
92.3009033203125 421.5068664550781
92.28253936767578 421.1921081542969
92.24421691894531 420.8734436035156
92.20053100585938 420.6394348144531
92.14097595214844 420.4089660644531
92.06565856933594 420.1825866699219
91.97499084472656 419.9617004394531
91.86943054199219 419.7474670410156
91.74948120117188 419.5408935546875
91.61759185791016 419.3457946777344
91.47320556640625 419.1607971191406
91.31523132324219 418.9846496582031
91.1446533203125 418.8187561035156
90.96258544921875 418.6644287109375
90.77024841308594 418.52276611328125
90.56868743896484 418.3945617675781
90.35885620117188 418.2804260253906
90.14170837402344 418.1808776855469
89.91763305664062 418.09613037109375
89.6771240234375 418.02337646484375
89.37997436523438 417.95428466796875
89.06381225585938 417.9012451171875
88.74715423583984 417.8679504394531
88.4306640625 417.85418701171875
88.11575317382812 417.8598327636719
87.80231475830078 417.884765625
87.49124145507812 417.9288330078125
87.18195343017578 417.9922180175781
86.91227722167969 418.06500244140625
86.69208526611328 418.1391906738281
86.4990234375 418.2177429199219
86.41747283935547 418.2569274902344
86.36975860595703 418.2835388183594
86.27267456054688 418.3460388183594
86.1877212524414 418.4088439941406
86.07978820800781 418.5000915527344
85.98300170898438 418.5935363769531
85.89567565917969 418.689697265625
85.81165313720703 418.79541015625
85.73197937011719 418.91046142578125
85.64588928222656 419.0543518066406
85.56051635742188 419.2216491699219
85.4832534790039 419.4023742675781
85.41315460205078 419.60308837890625
85.3538818359375 419.8191223144531
85.3075942993164 420.0480651855469
85.27667236328125 420.282470703125
85.26171875 420.5200500488281
85.26301574707031 420.7580871582031
85.28055572509766 420.9954833984375
85.31425476074219 421.2311096191406
85.36396026611328 421.4638977050781
85.42943572998047 421.6927490234375
85.51038360595703 421.9165954589844
85.60675048828125 422.1351623535156
85.71781921386719 422.3466491699219
85.84306335449219 422.550048828125
85.98190307617188 422.74444580078125
86.13368225097656 422.92889404296875
86.29769897460938 423.1025695800781
86.47319030761719 423.2646484375
86.65933227539062 423.41436767578125
86.85526275634766 423.551025390625
87.06005859375 423.6739807128906
87.27277374267578 423.7826843261719
87.4924087524414 423.8766174316406
87.7247085571289 423.957763671875
88.00595092773438 424.03558349609375
88.3276596069336 424.1031799316406
88.65089416503906 424.150634765625
88.95320129394531 424.1762390136719
89.25347137451172 424.1831359863281
89.55094909667969 424.1716613769531
89.8472900390625 424.14190673828125
90.14143371582031 424.0939636230469
90.43607330322266 424.0271301269531
90.72791290283203 423.9417724609375
91.01985931396484 423.8365173339844
91.31044006347656 423.71112060546875
91.26124572753906 423.73565673828125
91.15576934814453 423.7947998046875
91.05965423583984 423.8550109863281
91.25418853759766 423.7165222167969
91.43885040283203 423.5650634765625
91.61272430419922 423.4013671875
91.77455139160156 423.2266845703125
91.90887451171875 423.06024169921875
91.93730926513672 423.0199279785156
91.97116088867188 422.9650573730469
92.01930236816406 422.87469482421875
92.07803344726562 422.74468994140625
92.14031219482422 422.5780029296875
92.19507598876953 422.39447021484375
92.24369049072266 422.1790771484375
92.26068115234375 422.073974609375
92.27937316894531 421.89373779296875
92.2916030883789 421.6104736328125
92.28604888916016 421.30780029296875
