60.00227355957031 450.0020446777344
59.997013092041016 449.9981689453125
59.99139404296875 449.99481201171875
59.9854736328125 449.9920349121094
59.97930908203125 449.9898681640625
59.972957611083984 449.9883117675781
59.96648406982422 449.9873962402344
59.9599494934082 449.98712158203125
59.95341873168945 449.98748779296875
59.946956634521484 449.9884948730469
59.94062423706055 449.9901428222656
59.93448257446289 449.9924011230469
59.92859649658203 449.9952392578125
59.92301940917969 449.9986572265625
59.91780471801758 450.0025939941406
59.91300582885742 450.0070495605469
59.908668518066406 450.0119323730469
59.90483856201172 450.0172424316406
59.90155029296875 450.02288818359375
59.898834228515625 450.0288391113281
59.89672088623047 450.0350341796875
59.895225524902344 450.0414123535156
59.894371032714844 450.0478515625
59.894161224365234 450.0542907714844
59.89458465576172 450.0606689453125
59.8956298828125 450.06695556640625
59.897274017333984 450.07305908203125
59.899497985839844 450.07891845703125
59.902278900146484 450.0845031738281
59.90558624267578 450.08978271484375
59.909637451171875 450.0950012207031
59.914215087890625 450.0998229980469
59.919273376464844 450.1042175292969
59.924781799316406 450.10809326171875
59.9307746887207 450.1114807128906
59.93730545043945 450.1143798828125
59.944252014160156 450.1166687011719
59.951507568359375 450.1182861328125
59.958404541015625 450.119140625
59.96510696411133 450.1192932128906
59.971805572509766 450.1187744140625
59.984619140625 450.11651611328125
60.023799896240234 450.1055908203125
60.06209182739258 450.0908508300781
60.09855270385742 450.0726318359375
60.13200759887695 450.05169677734375
60.16099166870117 450.0294494628906
60.18510055541992 450.0069274902344
60.20017623901367 449.9898376464844
60.205936431884766 449.9818420410156
60.208805084228516 449.9768981933594
60.211158752441406 449.97174072265625
60.212982177734375 449.96636962890625
60.214263916015625 449.96087646484375
60.214996337890625 449.9552917480469
60.215171813964844 449.94964599609375
60.21479034423828 449.94403076171875
60.21385192871094 449.9384460449219
60.212135314941406 449.93212890625
60.20980453491211 449.926025390625
60.20688247680664 449.920166015625
60.20339584350586 449.9146423339844
60.19938278198242 449.90948486328125
60.19487762451172 449.9047546386719
60.18992614746094 449.9004821777344
60.18457794189453 449.896728515625
60.17888641357422 449.89349365234375
60.17290496826172 449.8908386230469
60.166690826416016 449.8887939453125
60.16030502319336 449.88739013671875
60.153812408447266 449.8865966796875
60.147274017333984 449.886474609375
60.14075469970703 449.8869934082031
60.134315490722656 449.8881530761719
60.128021240234375 449.8899230957031
60.1219367980957 449.8923034667969
60.11611557006836 449.8952941894531
60.110618591308594 449.8988342285156
60.105499267578125 449.90289306640625
60.10080337524414 449.9074401855469
60.096580505371094 449.9124450683594
60.092872619628906 449.9178466796875
60.08971405029297 449.923583984375
60.087135314941406 449.9295959472656
60.08516311645508 449.9358215332031
60.08381652832031 449.9422302246094
60.08311462402344 449.9486999511719
60.08305358886719 449.95513916015625
60.083621978759766 449.9615173339844
60.08480453491211 449.9677429199219
60.086585998535156 449.9737854003906
60.08893966674805 449.9795837402344
60.09184265136719 449.985107421875
60.09526824951172 449.99029541015625
60.09945297241211 449.9954528808594
60.10414123535156 450.00018310546875
60.10931396484375 450.00445556640625
60.1149787902832 450.0082702636719
60.12111282348633 450.0115661621094
60.1278076171875 450.01434326171875
60.13490295410156 450.0165100097656
60.14218521118164 450.0179748535156
60.149017333984375 450.0186462402344
60.15571975708008 450.0186462402344
60.16256332397461 450.0179748535156
60.184349060058594 450.01361083984375
60.223514556884766 450.0017395019531
60.261497497558594 449.98614501953125
60.29744338989258 449.9671936035156
60.32946014404297 449.9461669921875
60.35784149169922 449.92333984375
60.38132095336914 449.9004211425781
60.39531326293945 449.8838195800781
60.39968490600586 449.8774719238281
60.40243911743164 449.8724670410156
60.4046745300293 449.86724853515625
60.406375885009766 449.8618469238281
60.40753173828125 449.8563232421875
60.408138275146484 449.8507080078125
60.40818786621094 449.8450622558594
60.40768051147461 449.8394470214844
60.406593322753906 449.8337707519531
60.40473556518555 449.8274841308594
60.40226745605469 449.8214416503906
60.39921569824219 449.8156433105469
60.395606994628906 449.8101806640625
60.3914794921875 449.80511474609375
60.386871337890625 449.80047607421875
60.3818244934082 449.79632568359375
60.37639236450195 449.7926940917969
60.370628356933594 449.78961181640625
60.364585876464844 449.787109375
60.35832595825195 449.78521728515625
60.35190963745117 449.783935546875
60.34539794921875 449.7832946777344
60.3388557434082 449.7832946777344
60.33234786987305 449.7839660644531
60.3259391784668 449.7852783203125
60.31968688964844 449.7872009277344
60.313655853271484 449.78973388671875
60.30790328979492 449.7928466796875
60.302486419677734 449.7965087890625
60.29745864868164 449.8006896972656
60.292869567871094 449.80535888671875
60.288761138916016 449.8104553222656
60.28517532348633 449.81591796875
60.28214645385742 449.82171630859375
60.27970504760742 449.8277893066406
60.27787399291992 449.8340759277344
60.27667236328125 449.84051513671875
60.27611541748047 449.84698486328125
60.27619934082031 449.8533935546875
60.27690887451172 449.8597412109375
60.27823257446289 449.8659362792969
60.2801513671875 449.8719482421875
60.28263473510742 449.877685546875
60.28566360473633 449.8831481933594
60.28921127319336 449.8882751464844
60.29351806640625 449.8933410644531
60.298316955566406 449.8979797363281
60.303585052490234 449.9021301269531
60.309329986572266 449.9057922363281
60.315513610839844 449.908935546875
60.32221221923828 449.91156005859375
60.32926559448242 449.9135437011719
60.33646774291992 449.9148254394531
60.34324264526367 449.91534423828125
60.34992599487305 449.9151916503906
60.35675048828125 449.91436767578125
60.38599395751953 449.9078369140625
60.42472839355469 449.8951721191406
60.46220016479492 449.8788146972656
60.497318267822266 449.8592834472656
60.527992248535156 449.8381652832031
60.554962158203125 449.81549072265625
60.57566452026367 449.7943420410156
60.58570861816406 449.7818603515625
60.58904266357422 449.7767639160156
60.591678619384766 449.7716979980469
60.59379196166992 449.76641845703125
60.595367431640625 449.760986328125
60.596397399902344 449.75543212890625
60.59687423706055 449.74981689453125
60.59679412841797 449.7441711425781
60.59615707397461 449.7385559082031
60.59489822387695 449.7326965332031
60.5928955078125 449.7264709472656
60.59029006958008 449.720458984375
60.58710479736328 449.7147521972656
60.583370208740234 449.7093811035156
60.579124450683594 449.70440673828125
60.57440948486328 449.6998596191406
60.569271087646484 449.69580078125
60.56375503540039 449.6922912597656
60.55792236328125 449.6893310546875
60.55182647705078 449.68695068359375
60.54552459716797 449.6852111816406
60.53908157348633 449.68408203125
60.53255844116211 449.68359375
60.52602005004883 449.6837463378906
60.51953125 449.6845703125
60.513153076171875 449.6860046386719
60.5069465637207 449.6880798339844
60.5009765625 449.6907653808594
60.49530029296875 449.6940002441406
60.48997116088867 449.6977844238281
60.485042572021484 449.70208740234375
60.480560302734375 449.70684814453125
60.47657012939453 449.7120361328125
60.47311019897461 449.71759033203125
60.470218658447266 449.72344970703125
60.467918395996094 449.7295837402344
60.46623229980469 449.73590087890625
60.465179443359375 449.74237060546875
60.46477508544922 449.74884033203125
60.46500778198242 449.7552490234375
60.46586608886719 449.7615661621094
60.46733093261719 449.7677307128906
60.469383239746094 449.773681640625
60.47200012207031 449.77935791015625
60.475154876708984 449.78472900390625
60.47882080078125 449.7897644042969
60.483245849609375 449.79473876953125
60.48815155029297 449.79925537109375
60.493534088134766 449.8033142089844
60.49935531616211 449.8068542480469
60.505680084228516 449.80987548828125
60.51238250732422 449.81231689453125
60.5193977355957 449.8141174316406
60.5265998840332 449.8152160644531
60.53333282470703 449.8155822753906
60.540008544921875 449.8152770996094
60.54837417602539 449.8140563964844
60.58747482299805 449.80438232421875
60.626068115234375 449.7908020019531
60.66313171386719 449.7736511230469
60.69775390625 449.7533874511719
60.72785186767578 449.7316589355469
60.753231048583984 449.7093505859375
60.77300262451172 449.688232421875
60.779808044433594 449.67938232421875
60.78300094604492 449.67425537109375
60.78551483154297 449.6691589355469
60.78750228881836 449.6638488769531
60.7889518737793 449.65838623046875
60.78985595703125 449.65283203125
60.79020309448242 449.647216796875
60.78999328613281 449.6416015625
60.78922653198242 449.6360168457031
60.7878303527832 449.63018798828125
60.78568649291992 449.6239929199219
60.78294372558594 449.6180419921875
60.77962875366211 449.6123962402344
60.77577590942383 449.60711669921875
60.771419525146484 449.60223388671875
60.7666015625 449.5978088378906
60.76137161254883 449.5938720703125
60.75577926635742 449.5904846191406
60.7498779296875 449.587646484375
60.74372863769531 449.5854187011719
60.737388610839844 449.58380126953125
60.73092269897461 449.58282470703125
60.72439193725586 449.5824890136719
60.717857360839844 449.5827941894531
60.711387634277344 449.583740234375
60.70504379272461 449.5853271484375
60.69888687133789 449.5875244140625
60.69297790527344 449.59033203125
60.687374114990234 449.5937194824219
60.682132720947266 449.5976257324219
60.677303314208984 449.6020202636719
60.67293167114258 449.60687255859375
60.66905975341797 449.6121520996094
60.66572952270508 449.6177673339844
60.66297149658203 449.6236877441406
60.66081237792969 449.6298522949219
60.659271240234375 449.6361999511719
60.65836715698242 449.6426696777344
60.65810775756836 449.6491394042969
60.65848159790039 449.655517578125
60.659481048583984 449.66180419921875
60.66108322143555 449.66790771484375
60.663265228271484 449.6737976074219
60.66600799560547 449.6794128417969
60.669281005859375 449.6847229003906
60.67326354980469 449.68994140625
60.677799224853516 449.6947937011719
60.682823181152344 449.69921875
60.68829345703125 449.7031555175781
60.69423294067383 449.7065734863281
60.700679779052734 449.7095031738281
60.707515716552734 449.7118225097656
60.714637756347656 449.7134704589844
60.72148132324219 449.71435546875
60.728187561035156 449.7145690917969
60.73488998413086 449.714111328125
60.745445251464844 449.7123107910156
60.78450393676758 449.70172119140625
60.82275390625 449.6872863769531
60.859169006347656 449.6694030761719
60.89250946044922 449.64886474609375
60.921207427978516 449.62713623046875
60.94581985473633 449.6044921875
60.95869827270508 449.590087890625
60.96370315551758 449.583251953125
60.96659469604492 449.5783386230469
60.96897888183594 449.57318115234375
60.9708366394043 449.5678405761719
60.9721565246582 449.5623474121094
60.97292709350586 449.5567626953125
60.973140716552734 449.5511474609375
60.97279739379883 449.5455322265625
60.97189712524414 449.5399475097656
60.97022247314453 449.53363037109375
60.967933654785156 449.5274963378906
60.965049743652344 449.5216369628906
60.96160125732422 449.5160827636719
60.95762252807617 449.5108947753906
60.95315170288086 449.5061340332031
60.9482307434082 449.5018310546875
60.942909240722656 449.4980163574219
60.93723678588867 449.4947509765625
60.931270599365234 449.4920654296875
60.92506790161133 449.489990234375
60.91869354248047 449.488525390625
60.91220474243164 449.4877014160156
60.90566635131836 449.4875183105469
60.89914321899414 449.48797607421875
60.892696380615234 449.48907470703125
60.886390686035156 449.4908142089844
60.880287170410156 449.4931640625
60.874446868896484 449.4961242675781
60.868927001953125 449.4996337890625
60.8637809753418 449.503662109375
60.85905838012695 449.5081787109375
60.85480499267578 449.5131530761719
60.8510627746582 449.5185241699219
60.84786605834961 449.52423095703125
60.84524917602539 449.53021240234375
60.84323501586914 449.53643798828125
60.84184646606445 449.5428161621094
60.84109878540039 449.5492858886719
60.84099578857422 449.55572509765625
60.841522216796875 449.5621032714844
60.84266662597656 449.568359375
60.84441375732422 449.5744323730469
60.846736907958984 449.58026123046875
60.849613189697266 449.5858154296875
60.85301208496094 449.5910339355469
60.857147216796875 449.59619140625
60.8618049621582 449.6009521484375
60.8669319152832 449.6052551269531
60.872520446777344 449.60906982421875
60.878536224365234 449.61236572265625
60.88503646850586 449.6151123046875
60.89190673828125 449.61724853515625
60.89905548095703 449.61871337890625
60.905906677246094 449.61944580078125
60.912601470947266 449.6194763183594
60.91936111450195 449.61883544921875
60.93695068359375 449.61541748046875
60.97599792480469 449.6038513183594
61.013858795166016 449.58856201171875
61.04979705810547 449.56988525390625
61.08173751831055 449.5491638183594
61.10978698730469 449.5268859863281
61.13207244873047 449.50537109375
61.14107894897461 449.49481201171875
61.14508819580078 449.4890441894531
61.147857666015625 449.48406982421875
61.150115966796875 449.4788818359375
61.1518440246582 449.4735107421875
61.15303039550781 449.4679870605469
61.153663635253906 449.46240234375
61.15373992919922 449.4567565917969
61.15325927734375 449.4511413574219
61.1522102355957 449.4455261230469
61.15038299560547 449.4392395019531
61.147945404052734 449.43316650390625
61.144920349121094 449.4273681640625
61.14133834838867 449.4219055175781
61.13723373413086 449.41680908203125
61.13264846801758 449.4121398925781
61.12762451171875 449.407958984375
61.12221145629883 449.404296875
61.11646270751953 449.40118408203125
61.110435485839844 449.3986511230469
61.10418701171875 449.396728515625
61.0977783203125 449.3954162597656
61.091270446777344 449.3947448730469
61.0847282409668 449.39471435546875
61.078216552734375 449.3953552246094
61.071800231933594 449.3966064453125
61.0655403137207 449.39849853515625
61.05949783325195 449.4010009765625
61.05373001098633 449.4040832519531
61.04829406738281 449.40771484375
61.04324722290039 449.411865234375
61.03863525390625 449.41650390625
61.03450393676758 449.42156982421875
61.03089141845703 449.4270324707031
61.027835845947266 449.43280029296875
61.02536392211914 449.4388427734375
61.023502349853516 449.4450988769531
61.02227020263672 449.4515075683594
61.02167892456055 449.4579772949219
61.021728515625 449.46441650390625
61.02240753173828 449.47076416015625
61.02370071411133 449.4769592285156
61.02558898925781 449.48297119140625
61.028045654296875 449.4887390136719
61.03105163574219 449.49420166015625
61.03457260131836 449.49932861328125
61.03884506225586 449.50439453125
61.04361343383789 449.509033203125
61.04885482788086 449.5132141113281
61.054561614990234 449.51690673828125
61.060707092285156 449.52008056640625
61.06732177734375 449.522705078125
61.07426834106445 449.5246887207031
61.081424713134766 449.5259704589844
61.088218688964844 449.5265197753906
61.094905853271484 449.5263977050781
61.10173416137695 449.5256042480469
61.13066864013672 449.519287109375
61.16921615600586 449.50689697265625
61.20659637451172 449.49078369140625
61.24200439453125 449.4713134765625
61.273258209228516 449.45001220703125
61.299598693847656 449.4280700683594
61.320987701416016 449.40643310546875
61.32933044433594 449.39617919921875
61.332603454589844 449.3912353515625
61.33525466918945 449.3861999511719
61.33738708496094 449.3809509277344
61.3389892578125 449.3755187988281
61.34004592895508 449.3699951171875
61.34054946899414 449.3643798828125
61.34049606323242 449.3587341308594
61.33988571166992 449.3531188964844
61.33863830566406 449.3471984863281
61.336666107177734 449.3409729003906
61.33408737182617 449.3349609375
61.330928802490234 449.3292236328125
61.32722091674805 449.3238220214844
61.322998046875 449.3188171386719
61.318302154541016 449.31427001953125
61.31317901611328 449.3102111816406
61.307682037353516 449.3066711425781
61.30186080932617 449.3036804199219
61.295772552490234 449.3013000488281
61.28947830200195 449.2995300292969
61.28303909301758 449.2983703613281
61.276519775390625 449.2978515625
61.269981384277344 449.2979736328125
61.26348876953125 449.29876708984375
61.257102966308594 449.3001708984375
61.25088882446289 449.3022155761719
61.24490737915039 449.30487060546875
61.23921585083008 449.30810546875
61.23386764526367 449.3118591308594
61.228919982910156 449.3161315917969
61.22441482543945 449.32086181640625
61.220401763916016 449.3260192871094
61.2169189453125 449.33154296875
61.21399688720703 449.33740234375
61.211669921875 449.343505859375
61.209957122802734 449.3498229980469
61.2088737487793 449.35626220703125
61.20843505859375 449.36273193359375
61.20863723754883 449.369140625
61.20946502685547 449.3754577636719
61.21090316772461 449.3816223144531
61.212928771972656 449.3875732421875
61.21552276611328 449.3932800292969
61.21865463256836 449.398681640625
61.22229766845703 449.40374755859375
61.2266960144043 449.4087219238281
61.2315788269043 449.41326904296875
61.236915588378906 449.4173278808594
61.242706298828125 449.4208984375
61.24897384643555 449.4239501953125
61.25563049316406 449.4263916015625
61.26259994506836 449.4281921386719
61.26969909667969 449.4293212890625
61.27641677856445 449.4297180175781
61.2830924987793 449.429443359375
61.29014205932617 449.4284362792969
61.327857971191406 449.4192810058594
61.36631774902344 449.40594482421875
61.40326690673828 449.3890380859375
61.43771743774414 449.36907958984375
61.46745300292969 449.3478088378906
61.49324035644531 449.3253173828125
61.511173248291016 449.30633544921875
61.51601791381836 449.3000793457031
61.51915740966797 449.2950744628906
61.52168273925781 449.28997802734375
61.52368927001953 449.2846984863281
61.5251579284668 449.27923583984375
61.52608108520508 449.273681640625
61.526451110839844 449.26806640625
61.52626419067383 449.2624206542969
61.525516510009766 449.2568054199219
61.52402877807617 449.25048828125
61.521907806396484 449.2442932128906
61.519187927246094 449.23834228515625
61.51589584350586 449.2326965332031
61.512062072753906 449.2273864746094
61.50772476196289 449.2225036621094
61.50292205810547 449.2180480957031
61.49770736694336 449.214111328125
61.49212646484375 449.210693359375
61.486236572265625 449.2078552246094
61.48009490966797 449.2055969238281
61.47376251220703 449.2039489746094
61.46730041503906 449.20294189453125
61.46076965332031 449.20257568359375
61.4542350769043 449.2028503417969
61.44776153564453 449.20379638671875
61.441410064697266 449.2053527832031
61.435245513916016 449.2075500488281
61.429325103759766 449.2103271484375
61.423709869384766 449.21368408203125
61.418453216552734 449.21759033203125
61.413604736328125 449.22198486328125
61.40921401977539 449.2268371582031
61.40532302856445 449.2320861816406
61.40196990966797 449.2377014160156
61.39918899536133 449.2436218261719
61.397003173828125 449.2497863769531
61.39543914794922 449.2561340332031
61.394508361816406 449.2626037597656
61.39422607421875 449.2690734863281
61.39458084106445 449.2754821777344
61.39555740356445 449.2817687988281
61.39714050292969 449.28790283203125
61.39930725097656 449.2937927246094
61.402034759521484 449.2994384765625
61.405296325683594 449.30474853515625
61.409053802490234 449.3097229003906
61.413570404052734 449.3146057128906
61.418556213378906 449.31903076171875
61.42400360107422 449.3229675292969
61.429908752441406 449.326416015625
61.43621826171875 449.32928466796875
61.44288635253906 449.3315734863281
61.44990539550781 449.3332214355469
61.45699691772461 449.33416748046875
61.46371841430664 449.3343811035156
61.470401763916016 449.3339538574219
61.48088073730469 449.33221435546875
61.519630432128906 449.3218688964844
61.55750274658203 449.3077392578125
61.59367752075195 449.2901611328125
61.62686538696289 449.2698974609375
61.65595626831055 449.248046875
61.67948532104492 449.2265319824219
61.69340896606445 449.2110595703125
61.69789123535156 449.2049865722656
61.70079803466797 449.2001037597656
61.70319747924805 449.1949768066406
61.70507049560547 449.18963623046875
61.7064094543457 449.18414306640625
61.70719909667969 449.1785583496094
61.70743179321289 449.1729431152344
61.70710754394531 449.1673278808594
61.706214904785156 449.1616516113281
61.70456314086914 449.15533447265625
61.70229721069336 449.1492004394531
61.69943618774414 449.143310546875
61.696006774902344 449.1377258300781
61.692047119140625 449.13250732421875
61.687591552734375 449.1277160644531
61.68268585205078 449.1233825683594
61.67737579345703 449.11956787109375
61.671714782714844 449.1163024902344
61.6657600402832 449.11358642578125
61.65956497192383 449.1114807128906
61.653194427490234 449.1100158691406
61.64670944213867 449.1091613769531
61.64017105102539 449.10894775390625
61.633644104003906 449.1094055175781
61.627193450927734 449.1105041503906
61.62088394165039 449.1122131347656
61.61477279663086 449.1145324707031
61.60892105102539 449.1174621582031
61.603389739990234 449.1209411621094
61.598228454589844 449.1249694824219
61.59348678588867 449.1294860839844
61.58921432495117 449.1344299316406
61.585453033447266 449.1397705078125
61.582237243652344 449.1454772949219
61.57959747314453 449.1514587402344
61.57756423950195 449.1576843261719
61.57615280151367 449.1640625
61.575382232666016 449.1705322265625
61.575252532958984 449.177001953125
61.57575607299805 449.1833801269531
61.576881408691406 449.18963623046875
61.578609466552734 449.1957092285156
61.58091354370117 449.2015380859375
61.583770751953125 449.20709228515625
61.587154388427734 449.21234130859375
61.59127426147461 449.217529296875
61.595909118652344 449.2222900390625
61.601016998291016 449.2265930175781
61.6065788269043 449.23040771484375
61.6125602722168 449.23370361328125
61.61897659301758 449.2364501953125
61.62572479248047 449.23858642578125
61.63270950317383 449.24005126953125
61.639522552490234 449.24078369140625
61.64621353149414 449.2408447265625
61.65297317504883 449.240234375
61.665435791015625 449.23785400390625
61.70351791381836 449.2266845703125
61.7409553527832 449.2117004394531
61.77620315551758 449.1935119628906
61.80869674682617 449.1725769042969
61.83616256713867 449.15087890625
61.856597900390625 449.1312561035156
61.8641242980957 449.1224670410156
61.86788558959961 449.1170654296875
61.870662689208984 449.11212158203125
61.872928619384766 449.10693359375
61.87466812133789 449.1015625
61.8758659362793 449.0960388183594
61.87651062011719 449.0904541015625
61.87660217285156 449.0848083496094
61.876136779785156 449.0791931152344
61.87509536743164 449.07354736328125
61.87328338623047 449.0672607421875
61.8708610534668 449.0611877441406
61.86785125732422 449.0553894042969
61.864280700683594 449.0498962402344
61.86018753051758 449.0447998046875
61.85560989379883 449.0401306152344
61.85059356689453 449.0359191894531
61.84518814086914 449.0322265625
61.839447021484375 449.0290832519531
61.83342361450195 449.0265197753906
61.827178955078125 449.0245666503906
61.82077407836914 449.02325439453125
61.81427001953125 449.0225830078125
61.8077278137207 449.0225524902344
61.80121612548828 449.0231628417969
61.794795989990234 449.0244140625
61.78853225708008 449.02630615234375
61.7824821472168 449.02880859375
61.77670669555664 449.0318908691406
61.771263122558594 449.0355224609375
61.766204833984375 449.0396728515625
61.76158142089844 449.0443115234375
61.75743865966797 449.04937744140625
61.753814697265625 449.0548095703125
61.7507438659668 449.0605773925781
61.748260498046875 449.0666198730469
61.74638366699219 449.0728759765625
61.74513626098633 449.07928466796875
61.744529724121094 449.08575439453125
61.74456787109375 449.09222412109375
61.745235443115234 449.09857177734375
61.746517181396484 449.10479736328125
61.74839401245117 449.1108093261719
61.75084686279297 449.1165771484375
61.75384521484375 449.1220703125
61.757362365722656 449.1272277832031
61.76162338256836 449.13232421875
61.766380310058594 449.136962890625
61.7715950012207 449.1411437988281
61.77724838256836 449.1448059082031
61.783348083496094 449.14794921875
61.78982162475586 449.1505126953125
61.796607971191406 449.1524658203125
61.80360794067383 449.15374755859375
61.81036376953125 449.154296875
61.817054748535156 449.1541748046875
61.82435607910156 449.1533203125
61.84908676147461 449.1479797363281
61.8873176574707 449.1357727050781
61.924293518066406 449.1199035644531
61.958984375 449.1009216308594
61.9898796081543 449.0799255371094
62.015262603759766 449.058837890625
62.03207778930664 449.0418701171875
62.03907775878906 449.03326416015625
62.04229736328125 449.02838134765625
62.04494094848633 449.02337646484375
62.04707336425781 449.01812744140625
62.048675537109375 449.0127258300781
62.04973220825195 449.0072021484375
62.050235748291016 449.0015869140625
62.05018615722656 448.9959411621094
62.0495719909668 448.99029541015625
62.04831314086914 448.98431396484375
62.04634475708008 448.97808837890625
62.04376983642578 448.9720764160156
62.04061508178711 448.9663391113281
62.03691101074219 448.9609375
62.032691955566406 448.9559326171875
62.02799987792969 448.9513854980469
62.02288055419922 448.94732666015625
62.01738357543945 448.94378662109375
62.011566162109375 448.9407958984375
62.0054817199707 448.9383850097656
61.99919128417969 448.93658447265625
61.99275207519531 448.9354248046875
61.98623275756836 448.9349060058594
61.97969436645508 448.9350280761719
61.97319793701172 448.935791015625
61.96681213378906 448.93719482421875
61.96059799194336 448.9392395019531
61.954612731933594 448.9418640136719
61.948917388916016 448.945068359375
61.94356918334961 448.9488220214844
61.93861770629883 448.9530944824219
61.934112548828125 448.95782470703125
61.93009567260742 448.9629821777344
61.92660903930664 448.968505859375
61.923683166503906 448.974365234375
61.92135238647461 448.98046875
61.91963577270508 448.9867858886719
61.918548583984375 448.99322509765625
61.91810607910156 448.99969482421875
61.918304443359375 449.0061340332031
61.91912841796875 449.012451171875
61.920562744140625 449.01861572265625
61.92259216308594 449.02459716796875
61.92518997192383 449.0303039550781
61.928321838378906 449.03570556640625
61.93196487426758 449.040771484375
61.93635940551758 449.0457458496094
61.94123840332031 449.05029296875
61.94656753540039 449.0543518066406
61.95233917236328 449.0578918457031
61.95856857299805 449.0609130859375
61.96516799926758 449.0633544921875
61.9720573425293 449.0651550292969
61.97907638549805 449.0662536621094
61.985801696777344 449.066650390625
61.99247360229492 449.0663757324219
62.000118255615234 449.0653076171875
62.037715911865234 449.05621337890625
62.075923919677734 449.0429992675781
62.112632751464844 449.0262145996094
62.146766662597656 449.0064697265625
62.1759147644043 448.9856262207031
62.19887924194336 448.9656066894531
62.21151351928711 448.9522399902344
62.215919494628906 448.946533203125
62.218936920166016 448.94171142578125
62.22145462036133 448.9366455078125
62.223453521728516 448.9313659667969
62.224918365478516 448.9259033203125
62.22583770751953 448.92034912109375
62.22620391845703 448.91473388671875
62.22601318359375 448.9090881347656
62.225257873535156 448.9034423828125
62.223758697509766 448.8970947265625
62.22163391113281 448.8908996582031
62.218910217285156 448.88494873046875
62.215614318847656 448.8793029785156
62.21177673339844 448.8739929199219
62.207435607910156 448.8691101074219
62.202632904052734 448.86468505859375
62.19741439819336 448.8607482910156
62.19183349609375 448.8573303222656
62.185943603515625 448.8544921875
62.17980194091797 448.85223388671875
62.173465728759766 448.8506164550781
62.16699981689453 448.849609375
62.16046905517578 448.8492431640625
62.153934478759766 448.84954833984375
62.1474609375 448.8504943847656
62.14111328125 448.85205078125
62.13494873046875 448.854248046875
62.129032135009766 448.8570251464844
62.12342071533203 448.8603820800781
62.118167877197266 448.8642883300781
62.11332321166992 448.8686828613281
62.10893630981445 448.87353515625
62.10504913330078 448.8787841796875
62.10169982910156 448.8843994140625
62.09892272949219 448.89031982421875
62.096744537353516 448.896484375
62.095184326171875 448.90283203125
62.09425735473633 448.9093017578125
62.09397888183594 448.915771484375
62.094337463378906 448.92218017578125
62.09531784057617 448.928466796875
62.09690475463867 448.9346008300781
62.09907531738281 448.9405212402344
62.101810455322266 448.9461669921875
62.10507583618164 448.9515075683594
62.10884475708008 448.95648193359375
62.113365173339844 448.96136474609375
62.11835479736328 448.9657897949219
62.12379837036133 448.9697265625
62.12968826293945 448.97314453125
62.13596725463867 448.97601318359375
62.14258575439453 448.978271484375
62.14946365356445 448.9798889160156
62.15647888183594 448.9808044433594
62.16318893432617 448.98101806640625
62.16987991333008 448.9805603027344
62.18026351928711 448.97882080078125
62.21855163574219 448.96856689453125
62.25606155395508 448.95452880859375
62.2918586730957 448.93707275390625
62.324546813964844 448.91705322265625
62.35299301147461 448.8956298828125
62.37504959106445 448.87542724609375
62.38685989379883 448.8622741699219
62.39060974121094 448.857177734375
62.39350509643555 448.852294921875
62.395896911621094 448.84716796875
62.397762298583984 448.8418273925781
62.39908981323242 448.8363342285156
62.39986801147461 448.83074951171875
62.40009307861328 448.82513427734375
62.39976119995117 448.81951904296875
62.39885330200195 448.8138122558594
62.39719009399414 448.8074951171875
62.39491271972656 448.8013610839844
62.39204025268555 448.79547119140625
62.38860321044922 448.7899169921875
62.3846321105957 448.78472900390625
62.38016891479492 448.7799377441406
62.3752555847168 448.775634765625
62.369937896728516 448.7718200683594
62.36427307128906 448.7685546875
62.35831069946289 448.765869140625
62.35211181640625 448.7637634277344
62.34573745727539 448.7622985839844
62.33924865722656 448.761474609375
62.33271026611328 448.76129150390625
62.32618713378906 448.7617492675781
62.319740295410156 448.7628479003906
62.31343078613281 448.76458740234375
62.30732345581055 448.7669372558594
62.30147933959961 448.7698669433594
62.29595184326172 448.77337646484375
62.29079818725586 448.77740478515625
62.28606414794922 448.78192138671875
62.28179931640625 448.7868957519531
62.278045654296875 448.7922668457031
62.274837493896484 448.7979736328125
62.27220916748047 448.803955078125
62.27018356323242 448.8101806640625
62.26878356933594 448.8165588378906
62.26802062988281 448.8230285644531
62.26790237426758 448.8294982910156
62.26841735839844 448.83587646484375
62.269554138183594 448.8421325683594
62.27129364013672 448.84820556640625
62.27360916137695 448.8540344238281
62.2764778137207 448.8595886230469
62.27987289428711 448.8648376464844
62.284000396728516 448.8699951171875
62.28864288330078 448.874755859375
62.29375457763672 448.8790588378906
62.299293518066406 448.8828430175781
62.305259704589844 448.8861083984375
62.311641693115234 448.8888244628906
62.318336486816406 448.89093017578125
62.325252532958984 448.8923645019531
62.33203887939453 448.8930969238281
62.33873748779297 448.8931579589844
62.34549331665039 448.8925476074219
62.37116622924805 448.88763427734375
62.409053802490234 448.8764953613281
62.44610595703125 448.86163330078125
62.48152542114258 448.84332275390625
62.513572692871094 448.8226623535156
62.5401725769043 448.8016357421875
62.555423736572266 448.7869567871094
62.56182861328125 448.7794494628906
62.56541061401367 448.7742919921875
62.56817626953125 448.76934814453125
62.570430755615234 448.76416015625
62.57215881347656 448.7587890625
62.57334899902344 448.7532653808594
62.5739860534668 448.7476806640625
62.574066162109375 448.7420349121094
62.57358932495117 448.7364196777344
62.57246398925781 448.7303466796875
62.57064437866211 448.72406005859375
62.56821060180664 448.7179870605469
62.565189361572266 448.7121887207031
62.56161117553711 448.70672607421875
62.55751037597656 448.7016296386719
62.55292892456055 448.69696044921875
62.547908782958984 448.6927795410156
62.54249954223633 448.6891174316406
62.5367546081543 448.6860046386719
62.53072738647461 448.6834716796875
62.524478912353516 448.6815490722656
62.518070220947266 448.68023681640625
62.51156234741211 448.6795654296875
62.50502014160156 448.6795349121094
62.49850845336914 448.6801452636719
62.49209213256836 448.681396484375
62.4858283996582 448.68328857421875
62.47978210449219 448.685791015625
62.47401428222656 448.6888732910156
62.46857833862305 448.6925048828125
62.46352767944336 448.6966552734375
62.45891189575195 448.7012939453125
62.454776763916016 448.70635986328125
62.4511604309082 448.7118225097656
62.448097229003906 448.71759033203125
62.445621490478516 448.7236328125
62.443756103515625 448.7298889160156
62.4425163269043 448.7362976074219
62.44192123413086 448.7427673339844
62.44196701049805 448.7492370605469
62.44264602661133 448.7555847167969
62.443939208984375 448.7618103027344
62.44582748413086 448.767822265625
62.44828796386719 448.7735900878906
62.451297760009766 448.7790832519531
62.45482635498047 448.78424072265625
62.45907974243164 448.789306640625
62.46384048461914 448.7939453125
62.469058990478516 448.7981262207031
62.474708557128906 448.8017883300781
62.48078918457031 448.804931640625
62.48722839355469 448.8074951171875
62.493961334228516 448.8094177246094
62.5008544921875 448.8106689453125
62.50762939453125 448.81121826171875
62.514312744140625 448.81109619140625
62.521602630615234 448.81024169921875
62.545921325683594 448.804931640625
62.583683013916016 448.79278564453125
62.620235443115234 448.77703857421875
62.654422760009766 448.75823974609375
62.684661865234375 448.73760986328125
62.708736419677734 448.7175598144531
62.72332763671875 448.7027893066406
62.728248596191406 448.69671630859375
62.731422424316406 448.69189453125
62.73405075073242 448.6868896484375
62.736167907714844 448.681640625
62.737754821777344 448.6762390136719
62.738800048828125 448.67071533203125
62.73929214477539 448.66510009765625
62.739227294921875 448.6594543457031
62.73859786987305 448.6537780761719
62.737308502197266 448.647705078125
62.73532485961914 448.6414794921875
62.73273468017578 448.6354675292969
62.72956466674805 448.6297607421875
62.72584533691406 448.6243896484375
62.721614837646484 448.6194152832031
62.71691131591797 448.6148681640625
62.7117805480957 448.6108093261719
62.706275939941406 448.6072692871094
62.7004508972168 448.60430908203125
62.694358825683594 448.6019287109375
62.68806076049805 448.60015869140625
62.68162155151367 448.5990295410156
62.67509841918945 448.5985412597656
62.66856002807617 448.59869384765625
62.66206741333008 448.5994873046875
62.65568542480469 448.6009216308594
62.64947509765625 448.60296630859375
62.643497467041016 448.6056213378906
62.63780975341797 448.6088562011719
62.632469177246094 448.6126403808594
62.62752914428711 448.6169128417969
62.6230354309082 448.6216735839844
62.61903381347656 448.6268310546875
62.61555862426758 448.63238525390625
62.612648010253906 448.63824462890625
62.61033248901367 448.64434814453125
62.6086311340332 448.6506652832031
62.60755920410156 448.6571044921875
62.60713195800781 448.66357421875
62.60734558105469 448.6700134277344
62.608184814453125 448.67633056640625
62.60963439941406 448.6824951171875
62.61167907714844 448.6884765625
62.61429214477539 448.6941833496094
62.61744689941406 448.6995849609375
62.6211051940918 448.70465087890625
62.625511169433594 448.7096252441406
62.630393981933594 448.7141418457031
62.63572692871094 448.7181701660156
62.64149475097656 448.7217102050781
62.64769744873047 448.7247009277344
62.65425491333008 448.72711181640625
62.66108703613281 448.7288818359375
62.66804122924805 448.7299499511719
62.67475509643555 448.7303161621094
62.68142318725586 448.7300109863281
62.69038009643555 448.7287292480469
62.727806091308594 448.7195739746094
62.76563262939453 448.7063903808594
62.80196762084961 448.6896667480469
62.835628509521484 448.6700744628906
62.86394500732422 448.64971923828125
62.8851432800293 448.6311340332031
62.89578628540039 448.6197814941406
62.899879455566406 448.61444091796875
62.90287399291992 448.609619140625
62.905372619628906 448.60455322265625
62.907352447509766 448.5992736816406
62.90879821777344 448.59381103515625
62.909698486328125 448.5882568359375
62.9100456237793 448.5826416015625
62.90983581542969 448.5769958496094
62.90904998779297 448.5712585449219
62.907527923583984 448.5649108886719
62.9053840637207 448.5587463378906
62.90264129638672 448.55279541015625
62.89932632446289 448.5471496582031
62.895469665527344 448.5418701171875
62.89111328125 448.5369873046875
62.886295318603516 448.5325622558594
62.881065368652344 448.52862548828125
62.87547302246094 448.5252380371094
62.869571685791016 448.5224304199219
62.86342239379883 448.52020263671875
62.85708236694336 448.5185852050781
62.850616455078125 448.5176086425781
62.844085693359375 448.51727294921875
62.83755111694336 448.517578125
62.83108139038086 448.5185241699219
62.824737548828125 448.5201110839844
62.818580627441406 448.5223083496094
62.81267166137695 448.5251159667969
62.80706787109375 448.52850341796875
62.80182647705078 448.53240966796875
62.7969970703125 448.5368347167969
62.792625427246094 448.54168701171875
62.78875732421875 448.5469665527344
62.78542709350586 448.5525817871094
62.78266906738281 448.5585021972656
62.78050994873047 448.5646667480469
62.778968811035156 448.5710144042969
62.7780647277832 448.5774841308594
62.77780532836914 448.5839538574219
62.77818298339844 448.5903625488281
62.77918243408203 448.5966491699219
62.780792236328125 448.602783203125
62.78298568725586 448.6086730957031
62.78573989868164 448.61431884765625
62.78902816772461 448.61962890625
62.792816162109375 448.6246032714844
62.7973518371582 448.62945556640625
62.80235290527344 448.63385009765625
62.807804107666016 448.63775634765625
62.813655853271484 448.6411437988281
62.819915771484375 448.64398193359375
62.82649612426758 448.6462097167969
62.83332061767578 448.6477966308594
62.840274810791016 448.648681640625
62.84696960449219 448.64886474609375
62.85365676879883 448.6484069824219
62.86391830444336 448.64666748046875
62.901580810546875 448.6364440917969
62.938575744628906 448.6224670410156
62.97383499145508 448.6051330566406
63.00584411621094 448.58538818359375
63.03173065185547 448.5657653808594
63.051979064941406 448.54705810546875
63.059593200683594 448.53851318359375
63.06319046020508 448.5335693359375
63.06605529785156 448.5286865234375
63.068416595458984 448.5235595703125
63.070255279541016 448.5182189941406
63.071556091308594 448.5127258300781
63.07231140136719 448.50714111328125
63.072509765625 448.50152587890625
63.07215118408203 448.49591064453125
63.07120895385742 448.49017333984375
63.06951904296875 448.4838562011719
63.06721496582031 448.47772216796875
63.06431579589844 448.47186279296875
63.06085205078125 448.46630859375
63.05685806274414 448.46112060546875
63.052371978759766 448.45635986328125
63.04743957519531 448.4520568847656
63.04210662841797 448.4482727050781
63.03642654418945 448.4450378417969
63.030452728271484 448.4423828125
63.02424621582031 448.4403076171875
63.01786422729492 448.4388732910156
63.01137161254883 448.4380798339844
63.00483322143555 448.43792724609375
62.99831008911133 448.43841552734375
62.99186706542969 448.4395446777344
62.98556900024414 448.4413146972656
62.97947311401367 448.4436950683594
62.97364044189453 448.4466552734375
62.9681282043457 448.4501647949219
62.96299362182617 448.4542236328125
62.958282470703125 448.4587707519531
62.95404052734375 448.4637451171875
62.95030975341797 448.4691162109375
62.94712829589844 448.4748229980469
62.94452667236328 448.4808349609375
62.94253158569336 448.487060546875
62.941158294677734 448.49346923828125
62.940425872802734 448.4999694824219
62.940338134765625 448.5064392089844
62.94088363647461 448.5128173828125
62.94205093383789 448.5190734863281
62.943817138671875 448.525146484375
62.94615936279297 448.5309753417969
62.949058532714844 448.5365295410156
62.95248031616211 448.541748046875
62.95663070678711 448.5469055175781
62.9612922668457 448.5516357421875
62.9664192199707 448.555908203125
62.97196960449219 448.5596618652344
62.977935791015625 448.5628967285156
62.98429489135742 448.5655822753906
62.99095153808594 448.567626953125
62.9978141784668 448.56903076171875
63.00457763671875 448.5697326660156
63.011268615722656 448.56976318359375
63.018184661865234 448.569091796875
63.04343795776367 448.56414794921875
63.08011245727539 448.5531921386719
63.11660385131836 448.5383605957031
63.15073013305664 448.5205078125
63.182132720947266 448.5000305175781
63.207550048828125 448.479736328125
63.22385025024414 448.4638977050781
63.22950744628906 448.45721435546875
63.23283386230469 448.452392578125
63.23556900024414 448.44744873046875
63.237796783447266 448.4422607421875
63.239498138427734 448.4368896484375
63.240657806396484 448.4313659667969
63.241268157958984 448.4257507324219
63.2413215637207 448.42010498046875
63.24081802368164 448.41448974609375
63.23969268798828 448.4085998535156
63.23783874511719 448.4023132324219
63.235374450683594 448.396240234375
63.23232650756836 448.39044189453125
63.228721618652344 448.3849792480469
63.22459411621094 448.3799133300781
63.21998596191406 448.3752746582031
63.214942932128906 448.3711242675781
63.20951461791992 448.3674621582031
63.20375061035156 448.3643798828125
63.19771194458008 448.36187744140625
63.19145202636719 448.3599853515625
63.185035705566406 448.35870361328125
63.17852783203125 448.3580627441406
63.1719856262207 448.3580627441406
63.16547775268555 448.35870361328125
63.15906524658203 448.3599853515625
63.15281295776367 448.3619079589844
63.14678192138672 448.36444091796875
63.141029357910156 448.3675537109375
63.13561248779297 448.3712158203125
63.13058090209961 448.3753967285156
63.1259880065918 448.38006591796875
63.12187576293945 448.3851623535156
63.1182861328125 448.390625
63.11525344848633 448.39642333984375
63.11280822753906 448.4024963378906
63.1109733581543 448.4087829589844
63.10976791381836 448.41522216796875
63.10920333862305 448.4217224121094
63.109283447265625 448.4281921386719
63.1099967956543 448.4345703125
63.11132049560547 448.4407958984375
63.11323928833008 448.4468078613281
63.1157341003418 448.45257568359375
63.1187744140625 448.45806884765625
63.12233352661133 448.46319580078125
63.1265754699707 448.46820068359375
63.1313591003418 448.4728088378906
63.1365966796875 448.4769592285156
63.14225769042969 448.4805908203125
63.14834213256836 448.48370361328125
63.15477752685547 448.4862060546875
63.161502838134766 448.48809814453125
63.16838836669922 448.48931884765625
63.17518997192383 448.4898376464844
63.18186950683594 448.48968505859375
63.18876266479492 448.48883056640625
63.2247428894043 448.4808044433594
63.26227951049805 448.46856689453125
63.29873275756836 448.45269775390625
63.33305740356445 448.43365478515625
63.3624153137207 448.4134521484375
63.38484573364258 448.39459228515625
63.39706039428711 448.3821105957031
63.40158462524414 448.37646484375
63.40468978881836 448.3717041015625
63.40729522705078 448.3666687011719
63.40938949584961 448.3614196777344
63.410953521728516 448.3559875488281
63.41197204589844 448.3504333496094
63.412437438964844 448.3448181152344
63.41234588623047 448.33917236328125
63.41169357299805 448.3335266113281
63.41030502319336 448.3271484375
63.40829086303711 448.3209228515625
63.40567398071289 448.31494140625
63.4024772644043 448.3092346191406
63.39873504638672 448.3038635253906
63.39448165893555 448.29888916015625
63.3897590637207 448.29437255859375
63.384613037109375 448.29034423828125
63.379093170166016 448.2868347167969
63.373252868652344 448.28387451171875
63.367149353027344 448.2815246582031
63.360843658447266 448.27978515625
63.35439682006836 448.2786865234375
63.34787368774414 448.2782287597656
63.34133529663086 448.2784118652344
63.33484649658203 448.27923583984375
63.32847213745117 448.28070068359375
63.322269439697266 448.28277587890625
63.31630325317383 448.28546142578125
63.310630798339844 448.2887268066406
63.3053092956543 448.29254150390625
63.30038833618164 448.2968444824219
63.29591751098633 448.3016052246094
63.29193878173828 448.3067932128906
63.288490295410156 448.3123474121094
63.285606384277344 448.3182067871094
63.28331756591797 448.3243408203125
63.28164291381836 448.3306579589844
63.280601501464844 448.3371276855469
63.28020477294922 448.3436279296875
63.28044891357422 448.3500671386719
63.28132247924805 448.3564147949219
63.282806396484375 448.36260986328125
63.28487777709961 448.3685607910156
63.28751754760742 448.374267578125
63.29069519042969 448.3796691894531
63.29438018798828 448.38470458984375
63.29880142211914 448.3896484375
63.303707122802734 448.3941345214844
63.309059143066406 448.39813232421875
63.3148307800293 448.4016418457031
63.32097625732422 448.4045715332031
63.32749938964844 448.40692138671875
63.33428192138672 448.40863037109375
63.341182708740234 448.40966796875
63.347904205322266 448.4100036621094
63.35457229614258 448.40966796875
63.36224365234375 448.4085388183594
63.398841857910156 448.3994140625
63.43546676635742 448.3864440917969
63.47127914428711 448.3697509765625
63.50429916381836 448.3503112792969
63.531131744384766 448.330810546875
63.55263137817383 448.311767578125
63.561580657958984 448.3021240234375
63.56544494628906 448.2970275878906
63.56840896606445 448.2922058105469
63.57087707519531 448.287109375
63.57283020019531 448.28179931640625
63.574249267578125 448.2763366699219
63.57511901855469 448.2707824707031
63.575435638427734 448.2651672363281
63.5751953125 448.259521484375
63.57438659667969 448.25384521484375
63.57283020019531 448.24749755859375
63.57065200805664 448.2413330078125
63.56787872314453 448.23541259765625
63.56453323364258 448.22979736328125
63.56064987182617 448.22454833984375
63.55626678466797 448.2196960449219
63.55142593383789 448.2153015136719
63.546173095703125 448.2113952636719
63.54056167602539 448.2080383300781
63.534645080566406 448.20526123046875
63.52848434448242 448.20306396484375
63.52213668823242 448.20147705078125
63.515663146972656 448.2005310058594
63.50912857055664 448.2002258300781
63.50259780883789 448.2005615234375
63.496131896972656 448.2015686035156
63.48979568481445 448.20318603515625
63.48365020751953 448.2054443359375
63.47775650024414 448.2082824707031
63.472171783447266 448.2117004394531
63.46695327758789 448.21563720703125
63.4621467590332 448.2200622558594
63.457801818847656 448.2249450683594
63.45396041870117 448.230224609375
63.450660705566406 448.2358703613281
63.447933197021484 448.2418212890625
63.44580841064453 448.2480163574219
63.44430160522461 448.25439453125
63.44343185424805 448.2608642578125
63.443206787109375 448.2673645019531
63.44361877441406 448.2737731933594
63.44465637207031 448.28009033203125
63.4463005065918 448.2862243652344
63.448524475097656 448.2921142578125
63.45130920410156 448.2977294921875
63.454627990722656 448.30303955078125
63.45844650268555 448.3079833984375
63.46299743652344 448.31280517578125
63.468021392822266 448.3171691894531
63.47347640991211 448.321044921875
63.47933578491211 448.3243713378906
63.4855842590332 448.3271484375
63.49213790893555 448.3293151855469
63.49892044067383 448.3308410644531
63.50579833984375 448.3316955566406
63.51250076293945 448.33184814453125
63.51918411254883 448.33135986328125
63.53081512451172 448.3293151855469
63.56627655029297 448.3194580078125
63.60258102416992 448.3055114746094
63.637115478515625 448.2882995605469
63.66822814941406 448.26885986328125
63.69462585449219 448.24859619140625
63.70963668823242 448.23455810546875
63.71615219116211 448.2271423339844
63.71965026855469 448.2222595214844
63.72248077392578 448.21734619140625
63.72480773925781 448.2121887207031
63.72661209106445 448.20684814453125
63.72787857055664 448.20135498046875
63.72859573364258 448.1957702636719
63.728755950927734 448.19012451171875
63.72835922241211 448.18450927734375
63.72734069824219 448.1785583496094
63.725608825683594 448.1722412109375
63.723262786865234 448.1661376953125
63.7203254699707 448.1602783203125
63.716827392578125 448.1547546386719
63.712799072265625 448.14959716796875
63.708282470703125 448.1448669433594
63.70331954956055 448.1405944824219
63.69796371459961 448.1368408203125
63.6922607421875 448.1336364746094
63.68627166748047 448.1310119628906
63.680049896240234 448.1289978027344
63.67366027832031 448.1275939941406
63.66716384887695 448.1268310546875
63.66062545776367 448.126708984375
63.65410614013672 448.1272277832031
63.64767074584961 448.1283874511719
63.64138412475586 448.13018798828125
63.63530349731445 448.1325988769531
63.62948989868164 448.1355895996094
63.624000549316406 448.13916015625
63.61888885498047 448.14324951171875
63.61420822143555 448.1478271484375
63.61000061035156 448.15283203125
63.60630798339844 448.1582336425781
63.60316467285156 448.1639709472656
63.60060119628906 448.16998291015625
63.5986442565918 448.1762390136719
63.597312927246094 448.1826477050781
63.596622467041016 448.18914794921875
63.59657669067383 448.19561767578125
63.597164154052734 448.2019958496094
63.59837341308594 448.2082824707031
63.60018539428711 448.21435546875
63.60257339477539 448.2201843261719
63.60551452636719 448.2257385253906
63.608978271484375 448.23095703125
63.61312484741211 448.23602294921875
63.61781692504883 448.24072265625
63.622962951660156 448.2449645996094
63.62854766845703 448.2486877441406
63.634490966796875 448.2518615722656
63.64080810546875 448.25445556640625
63.64741134643555 448.2564392089844
63.654197692871094 448.2577819824219
63.66099166870117 448.2584228515625
63.66767501831055 448.2583923339844
63.67447280883789 448.2576904296875
63.691734313964844 448.2541809082031
63.72662353515625 448.24346923828125
63.762367248535156 448.2286376953125
63.79624557495117 448.2106018066406
63.82487487792969 448.1916198730469
63.848350524902344 448.17254638671875
63.86247634887695 448.1585998535156
63.86687088012695 448.1533203125
63.8701171875 448.1485290527344
63.872806549072266 448.1435546875
63.8749885559082 448.1383361816406
63.876644134521484 448.1329345703125
63.87775802612305 448.1274108886719
63.878318786621094 448.1217956542969
63.87832260131836 448.11614990234375
63.87776565551758 448.1105041503906
63.87657928466797 448.10455322265625
63.874671936035156 448.0982971191406
63.87215805053711 448.0922546386719
63.86906051635742 448.08648681640625
63.86540985107422 448.0810546875
63.86124038696289 448.0760192871094
63.85659408569336 448.0714111328125
63.85151672363281 448.0672912597656
63.8460578918457 448.0636901855469
63.840267181396484 448.0606384277344
63.834205627441406 448.05816650390625
63.82793045043945 448.0563049316406
63.821502685546875 448.0550842285156
63.81498718261719 448.05450439453125
63.80844497680664 448.0545654296875
63.801944732666016 448.0552673339844
63.7955436706543 448.0566101074219
63.789306640625 448.05859375
63.783294677734375 448.0611877441406
63.77756881713867 448.0643615722656
63.77218246459961 448.0680847167969
63.767189025878906 448.0722961425781
63.76263427734375 448.0769958496094
63.758567810058594 448.0821228027344
63.75502395629883 448.0876159667969
63.75204086303711 448.09344482421875
63.74964904785156 448.0995178222656
63.747867584228516 448.1058044433594
63.7467155456543 448.11224365234375
63.74620819091797 448.1187438964844
63.746341705322266 448.1252136230469
63.74710464477539 448.1315612792969
63.74848175048828 448.13775634765625
63.75045394897461 448.1437683105469
63.75299835205078 448.1495361328125
63.75608825683594 448.1549987792969
63.75969314575195 448.1601257324219
63.76397705078125 448.1650695800781
63.768802642822266 448.1696472167969
63.774070739746094 448.1737365722656
63.77975845336914 448.17730712890625
63.78584671020508 448.18035888671875
63.792259216308594 448.18280029296875
63.79893112182617 448.1846008300781
63.80577850341797 448.1857604980469
63.81256103515625 448.18621826171875
63.81922912597656 448.1860046386719
63.826480865478516 448.18505859375
63.86117935180664 448.1770324707031
63.898006439208984 448.1646728515625
63.93381118774414 448.1487121582031
63.96638488769531 448.1302490234375
63.994598388671875 448.1104736328125
64.01510620117188 448.0929260253906
64.02545928955078 448.0821533203125
64.02961730957031 448.0768737792969
64.03266143798828 448.07208251953125
64.03521728515625 448.0670471191406
64.03726196289062 448.061767578125
64.03877258300781 448.05633544921875
64.03973388671875 448.05078125
64.04014587402344 448.045166015625
64.04000091552734 448.0395202636719
64.0392837524414 448.0338134765625
64.03783416748047 448.0274353027344
64.03575897216797 448.021240234375
64.0330810546875 448.0152587890625
64.02983093261719 448.00958251953125
64.02603912353516 448.0042419433594
64.02173614501953 447.99932861328125
64.0169677734375 447.9948425292969
64.01177978515625 447.9908447265625
64.0062255859375 447.9873962402344
64.00035858154297 447.9844970703125
63.99423599243164 447.9822082519531
63.9879150390625 447.98052978515625
63.98146057128906 447.9794921875
63.97493362426758 447.9790954589844
63.96839904785156 447.9793395996094
63.961917877197266 447.980224609375
63.9555549621582 447.98175048828125
63.94937515258789 447.98388671875
63.94343566894531 447.98663330078125
63.93779373168945 447.9899597167969
63.9325065612793 447.9938049316406
63.92762756347656 447.9981689453125
63.92320251464844 448.00299072265625
63.919273376464844 448.0082092285156
63.91587829589844 448.0137939453125
63.91305160522461 448.0196838378906
63.91082000732422 448.02581787109375
63.90920639038086 448.03216552734375
63.908226013183594 448.03863525390625
63.90789031982422 448.0451354980469
63.90819549560547 448.05157470703125
63.90913009643555 448.05792236328125
63.910675048828125 448.0640869140625
63.91280746459961 448.0700378417969
63.91550064086914 448.0757141113281
63.918731689453125 448.0810852050781
63.92247009277344 448.0860900878906
63.92694091796875 448.09100341796875
63.931888580322266 448.095458984375
63.93727493286133 448.09942626953125
63.943050384521484 448.10284423828125
63.9492073059082 448.105712890625
63.955718994140625 448.1080017089844
63.96247100830078 448.1096496582031
63.96930694580078 448.110595703125
63.97601318359375 448.1108703613281
63.98267364501953 448.1104736328125
63.99030685424805 448.1092529296875
64.02578735351562 448.10003662109375
64.0615234375 448.08697509765625
64.09661865234375 448.0701904296875
64.12877655029297 448.0508117675781
64.15409851074219 448.03204345703125
64.17061614990234 448.01708984375
64.17668151855469 448.0104064941406
64.18035888671875 448.0054626464844
64.18326568603516 448.0006103515625
64.18567657470703 447.9955139160156
64.18756866455078 447.9902038574219
64.18892669677734 447.9847412109375
64.18973541259766 447.9791564941406
64.18998718261719 447.9735412597656
64.18968200683594 447.9678955078125
64.18880462646484 447.96221923828125
64.18717956542969 447.95587158203125
64.1849365234375 447.9497375488281
64.18209838867188 447.94384765625
64.1786880493164 447.9382629394531
64.17474365234375 447.93304443359375
64.17030334472656 447.9282531738281
64.16541290283203 447.9239196777344
64.16011810302734 447.9200744628906
64.15447235107422 447.9167785644531
64.14852905273438 447.9140625
64.14234161376953 447.91192626953125
64.13597869873047 447.9104309082031
64.1294937133789 447.9095764160156
64.12295532226562 447.90936279296875
64.11642456054688 447.9097900390625
64.10997009277344 447.9108581542969
64.10365295410156 447.9125671386719
64.0975341796875 447.9148864746094
64.0916748046875 447.91778564453125
64.08612823486328 447.9212646484375
64.0809555053711 447.9252624511719
64.07620239257812 447.92974853515625
64.07191467285156 447.9346923828125
64.06813049316406 447.9400329589844
64.06489562988281 447.9457092285156
64.0622329711914 447.9516906738281
64.06017303466797 447.9578857421875
64.0587387084961 447.9642639160156
64.05793762207031 447.97076416015625
64.05778503417969 447.9772644042969
64.05827331542969 447.9836730957031
64.05937957763672 447.9899597167969
64.06108856201172 447.9960632324219
64.06338500976562 448.001953125
64.06623840332031 448.0075378417969
64.06961822509766 448.0128173828125
64.07349395751953 448.0177307128906
64.0781021118164 448.02252197265625
64.08317565917969 448.0268249511719
64.08866882324219 448.0306396484375
64.09455108642578 448.0339050292969
64.1008071899414 448.03662109375
64.10735321044922 448.0387268066406
64.11408996582031 448.0401611328125
64.12094116210938 448.0409240722656
64.12763977050781 448.041015625
64.13444519042969 448.0404357910156
64.14590454101562 448.0382995605469
64.18003845214844 448.0284118652344
64.21544647216797 448.01434326171875
64.24903106689453 447.99713134765625
64.27702331542969 447.97918701171875
64.29960632324219 447.96142578125
64.31251525878906 447.9490661621094
64.31681823730469 447.9440612792969
64.32011413574219 447.9393310546875
64.3228759765625 447.93438720703125
64.32513427734375 447.92919921875
64.32686614990234 447.923828125
64.32806396484375 447.9183349609375
64.3287124633789 447.9127502441406
64.32880401611328 447.9071044921875
64.32833099365234 447.90142822265625
64.32722473144531 447.8954162597656
64.3254165649414 447.8891296386719
64.32299041748047 447.883056640625
64.31997680664062 447.87725830078125
64.31640625 447.87176513671875
64.31231689453125 447.8666687011719
64.3077392578125 447.86199951171875
64.30272674560547 447.8577880859375
64.29732513427734 447.8540954589844
64.29158020019531 447.8509521484375
64.28556060791016 447.848388671875
64.27931213378906 447.846435546875
64.27290344238281 447.8451232910156
64.26639556884766 447.8444519042969
64.25985717773438 447.84442138671875
64.25334167480469 447.84503173828125
64.2469253540039 447.8462829589844
64.24066162109375 447.8481750488281
64.23461151123047 447.8506774902344
64.22883605957031 447.853759765625
64.22339630126953 447.8573913574219
64.21833801269531 447.8615417480469
64.21371459960938 447.8661804199219
64.2095718383789 447.8712463378906
64.20594787597656 447.8766784667969
64.202880859375 447.8824462890625
64.20039367675781 447.88848876953125
64.19851684570312 447.8947448730469
64.197265625 447.9011535644531
64.1966552734375 447.90765380859375
64.19669342041016 447.91412353515625
64.1973648071289 447.9205017089844
64.19864654541016 447.9267272949219
64.2005386352539 447.93280029296875
64.2030029296875 447.9385986328125
64.20601654052734 447.9441223144531
64.20954132080078 447.94927978515625
64.2137451171875 447.95428466796875
64.21849822998047 447.95892333984375
64.22370147705078 447.9631042480469
64.22933197021484 447.9667663574219
64.23533630371094 447.9698791503906
64.24166870117188 447.972412109375
64.2483139038086 447.9743347167969
64.25511169433594 447.9755859375
64.26187133789062 447.97613525390625
64.26854705810547 447.97601318359375
64.27532196044922 447.9752197265625
64.3058853149414 447.9686279296875
64.34114837646484 447.9573669433594
64.37593841552734 447.94244384765625
64.4088134765625 447.9244384765625
64.43647766113281 447.9056396484375
64.45585632324219 447.8895263671875
64.46527099609375 447.8800048828125
64.4693832397461 447.87493896484375
64.47249603271484 447.8702087402344
64.4751205444336 447.8652038574219
64.47723388671875 447.8599548339844
64.47882080078125 447.85455322265625
64.47986602783203 447.8490295410156
64.48035430908203 447.8434143066406
64.48028564453125 447.8377685546875
64.47966003417969 447.8321228027344
64.47830200195312 447.82574462890625
64.476318359375 447.81951904296875
64.47372436523438 447.8135070800781
64.47055053710938 447.80780029296875
64.46682739257812 447.80242919921875
64.46259307861328 447.7974548339844
64.4578857421875 447.79290771484375
64.4527587890625 447.7888488769531
64.44725036621094 447.7853088378906
64.44142150878906 447.7823486328125
64.43533325195312 447.77996826171875
64.42903900146484 447.7781982421875
64.42259979248047 447.7770690917969
64.41607666015625 447.7765808105469
64.40953826904297 447.7767333984375
64.40304565429688 447.77752685546875
64.39665985107422 447.7789611816406
64.39044952392578 447.781005859375
64.38447570800781 447.7836608886719
64.37879180908203 447.7868957519531
64.37345123291016 447.7906799316406
64.3685073852539 447.7949523925781
64.364013671875 447.7997131347656
64.3600082397461 447.8049011230469
64.35653686523438 447.8104553222656
64.35363006591797 447.8163146972656
64.35131072998047 447.8224182128906
64.349609375 447.8287353515625
64.34854125976562 447.8351745605469
64.34811401367188 447.8416748046875
64.34832763671875 447.84814453125
64.34917449951172 447.8544921875
64.35063171386719 447.8606872558594
64.3526840209961 447.8666687011719
64.35530090332031 447.8724060058594
64.35845947265625 447.8778381347656
64.36212921142578 447.8829040527344
64.36647033691406 447.8878173828125
64.37135314941406 447.892333984375
64.37667083740234 447.8963623046875
64.38239288330078 447.8998718261719
64.38849639892578 447.90283203125
64.39491271972656 447.9051818847656
64.40157318115234 447.9068908691406
64.40837097167969 447.9079284667969
64.41507720947266 447.9082946777344
64.42174530029297 447.9079895019531
64.42897033691406 447.9069519042969
64.46137237548828 447.8990173339844
64.49662780761719 447.8866882324219
64.53077697753906 447.87091064453125
64.56040954589844 447.8536071777344
64.58488464355469 447.8359375
64.60015869140625 447.8224792480469
64.6058578491211 447.8163757324219
64.60941314697266 447.81170654296875
64.61238098144531 447.806884765625
64.61485290527344 447.80181884765625
64.61681365966797 447.7965393066406
64.61824035644531 447.79107666015625
64.6191177368164 447.7855224609375
64.61944580078125 447.7799072265625
64.61921691894531 447.7742614746094
64.61839294433594 447.7684020996094
64.6168441772461 447.7620544433594
64.61467742919922 447.7558898925781
64.6119155883789 447.7499694824219
64.60858154296875 447.7443542480469
64.60470581054688 447.73907470703125
64.60032653808594 447.7342224121094
64.59548950195312 447.7298278808594
64.59024047851562 447.7259216308594
64.58463287353516 447.7225646972656
64.57872009277344 447.7197570800781
64.57256317138672 447.7175598144531
64.56621551513672 447.7159729003906
64.55974578857422 447.71502685546875
64.55321502685547 447.7147216796875
64.54668426513672 447.7150573730469
64.54021453857422 447.7160339355469
64.53387451171875 447.7176513671875
64.52772521972656 447.7198791503906
64.5218276977539 447.72271728515625
64.5162353515625 447.7261047363281
64.5110092163086 447.73004150390625
64.50619506835938 447.7344665527344
64.50184631347656 447.7393493652344
64.49799346923828 447.74462890625
64.49468231201172 447.7502746582031
64.491943359375 447.7562255859375
64.48980712890625 447.7624206542969
64.48828887939453 447.7687683105469
64.48741149902344 447.7752380371094
64.48717498779297 447.78173828125
64.48757934570312 447.7881774902344
64.48860931396484 447.79449462890625
64.49024963378906 447.8006286621094
64.49246978759766 447.8065490722656
64.49525451660156 447.81219482421875
64.49856567382812 447.8175048828125
64.50238800048828 447.8224792480469
64.50692749023438 447.8273010253906
64.51194763183594 447.8316650390625
64.51738739013672 447.8355407714844
64.52323150634766 447.8388671875
64.52941131591797 447.8416442871094
64.5359115600586 447.84381103515625
64.54263305664062 447.8453369140625
64.54944610595703 447.84619140625
64.55615234375 447.84637451171875
64.56283569335938 447.84588623046875
64.58003997802734 447.8428955078125
64.61328125 447.833740234375
64.64691162109375 447.8208923339844
64.67913055419922 447.8049011230469
64.70854187011719 447.78656005859375
64.72926330566406 447.77069091796875
64.74066925048828 447.7600402832031
64.74604797363281 447.75390625
64.74939727783203 447.7492370605469
64.7522201538086 447.74432373046875
64.75454711914062 447.7391662597656
64.75634765625 447.73382568359375
64.75761413574219 447.72833251953125
64.75833129882812 447.7227478027344
64.75849151611328 447.71710205078125
64.75809478759766 447.7114562988281
64.7570571899414 447.70538330078125
64.75532531738281 447.6990661621094
64.75297546386719 447.6929626464844
64.75003814697266 447.6871337890625
64.74653625488281 447.6816101074219
64.74250793457031 447.67645263671875
64.73799133300781 447.6717224121094
64.7330322265625 447.6674499511719
64.72767639160156 447.6636962890625
64.72197723388672 447.6604919433594
64.71598815917969 447.6578674316406
64.70977020263672 447.6558532714844
64.70337677001953 447.6544494628906
64.69688415527344 447.6536865234375
64.69034576416016 447.653564453125
64.68383026123047 447.6540832519531
64.67739868164062 447.6552429199219
64.67111206054688 447.65704345703125
64.66503143310547 447.6594543457031
64.65921783447266 447.6624450683594
64.65373229980469 447.666015625
64.64862060546875 447.67010498046875
64.64393615722656 447.6746826171875
64.63972473144531 447.6796875
64.63603210449219 447.6850891113281
64.63288879394531 447.6908264160156
64.63032531738281 447.69683837890625
64.62837219238281 447.7030944824219
64.62704467773438 447.7095031738281
64.62635803222656 447.71600341796875
64.62631225585938 447.7225036621094
64.62689971923828 447.7289123535156
64.62811279296875 447.7351989746094
64.62992858886719 447.74127197265625
64.63231658935547 447.7471008300781
64.63526153564453 447.7526550292969
64.63873291015625 447.75787353515625
64.64269256591797 447.7627258300781
64.64738464355469 447.7674255371094
64.65252685546875 447.7716369628906
64.6580810546875 447.7753601074219
64.66400909423828 447.7785339355469
64.67029571533203 447.7811279296875
64.67683410644531 447.7831115722656
64.68356323242188 447.784423828125
64.6903305053711 447.7850646972656
64.69700622558594 447.7850341796875
64.70372772216797 447.7843322753906
64.73159790039062 447.7786560058594
64.7641830444336 447.7686767578125
64.79847717285156 447.75445556640625
64.83087921142578 447.7372131347656
64.85718536376953 447.7197570800781
64.87467956542969 447.7055358886719
64.8832778930664 447.697021484375
64.8873291015625 447.692138671875
64.89049530029297 447.68743896484375
64.89317321777344 447.6824645996094
64.89534759521484 447.67724609375
64.8969955444336 447.6718444824219
64.89810180664062 447.66632080078125
64.89865112304688 447.66070556640625
64.89865112304688 447.6550598144531
64.89808654785156 447.6493835449219
64.89679718017578 447.6429748535156
64.89488220214844 447.63671875
64.8923568725586 447.63067626953125
64.88925170898438 447.6249084472656
64.88558959960938 447.6194763183594
64.88140869140625 447.61444091796875
64.87675476074219 447.6098327636719
64.87167358398438 447.605712890625
64.8662109375 447.60211181640625
64.86042022705078 447.5990905761719
64.85435485839844 447.5966491699219
64.84807586669922 447.5948181152344
64.8416519165039 447.5935974121094
64.83513641357422 447.593017578125
64.82859802246094 447.59307861328125
64.82209777832031 447.59381103515625
64.8156967163086 447.5951843261719
64.80946350097656 447.59716796875
64.80345916748047 447.5997619628906
64.79773712158203 447.6029357910156
64.7923583984375 447.6066589355469
64.78736877441406 447.61090087890625
64.78282165527344 447.6156005859375
64.77876281738281 447.6207275390625
64.77523040771484 447.626220703125
64.77225494384766 447.6320495605469
64.7698745727539 447.6381530761719
64.76810455322266 447.6444396972656
64.76696014404297 447.65087890625
64.76646423339844 447.6573791503906
64.76660919189453 447.6638488769531
64.76738739013672 447.67022705078125
64.7687759399414 447.67645263671875
64.77075958251953 447.6824645996094
64.7733154296875 447.688232421875
64.77642059326172 447.6936950683594
64.78003692626953 447.6988220214844
64.7843246459961 447.7037658691406
64.78915405273438 447.7083435058594
64.79442596435547 447.7124328613281
64.80009460449219 447.7159729003906
64.8061294555664 447.7189636230469
64.81250762939453 447.72137451171875
64.81912994384766 447.7231750488281
64.82588958740234 447.72430419921875
64.83262634277344 447.7247619628906
64.83929443359375 447.72454833984375
64.84734344482422 447.7234802246094
64.8752212524414 447.71697998046875
64.90814971923828 447.7058410644531
64.94178009033203 447.69073486328125
64.9726333618164 447.67315673828125
64.99613189697266 447.65655517578125
65.01018524169922 447.6444091796875
65.0166244506836 447.63763427734375
65.02029418945312 447.6329345703125
65.02330780029297 447.6281433105469
65.02583312988281 447.62310791015625
65.02784729003906 447.6178283691406
65.02932739257812 447.6123962402344
65.03026580810547 447.6068420410156
65.03064727783203 447.6012268066406
65.03047180175781 447.5955810546875
65.02970123291016 447.5896911621094
65.0282211303711 447.58331298828125
65.02611541748047 447.5771179199219
65.0234146118164 447.5711669921875
65.02013397216797 447.5655212402344
65.01631164550781 447.5602111816406
65.0119857788086 447.5552978515625
65.00719451904297 447.55084228515625
65.00199127197266 447.546875
64.99642181396484 447.54345703125
64.99053955078125 447.54058837890625
64.98440551757812 447.538330078125
64.97807312011719 447.53668212890625
64.97161102294922 447.5356750488281
64.96508026123047 447.5353088378906
64.95854187011719 447.53558349609375
64.95206451416016 447.5364990234375
64.94570922851562 447.5380554199219
64.93953704833984 447.54022216796875
64.93360900878906 447.5429992675781
64.92798614501953 447.54632568359375
64.92272186279297 447.5502014160156
64.91786193847656 447.5545654296875
64.91345977783203 447.55938720703125
64.90955352783203 447.56463623046875
64.90618896484375 447.57025146484375
64.90338897705078 447.576171875
64.90119171142578 447.58233642578125
64.89961242675781 447.58868408203125
64.89866638183594 447.59515380859375
64.89836120605469 447.6016540527344
64.89869689941406 447.60809326171875
64.899658203125 447.61444091796875
64.90122985839844 447.62060546875
64.90338897705078 447.6265563964844
64.90612030029297 447.6322326660156
64.90938568115234 447.6376037597656
64.91315460205078 447.6426086425781
64.91764831542969 447.6474914550781
64.92261505126953 447.65191650390625
64.92800903320312 447.65582275390625
64.93379211425781 447.6592102050781
64.93994140625 447.66204833984375
64.94638061523438 447.6642761230469
64.95303344726562 447.6658630371094
64.95980072021484 447.6667785644531
64.96649169921875 447.6670227050781
64.97315216064453 447.6665954589844
64.98300170898438 447.66497802734375
65.01362609863281 447.6568603515625
65.04763793945312 447.64422607421875
65.08055877685547 447.6282653808594
65.10853576660156 447.6112060546875
65.12806701660156 447.5965270996094
65.13849639892578 447.58697509765625
65.14363098144531 447.58123779296875
65.14700317382812 447.5766296386719
65.14987182617188 447.5717468261719
65.1522445678711 447.5666198730469
65.15409851074219 447.561279296875
65.15541076660156 447.5557861328125
65.15617370605469 447.5502014160156
65.15638732910156 447.5445861816406
65.15604400634766 447.5389404296875
65.1550521850586 447.5328369140625
65.15337371826172 447.5265197753906
65.15108489990234 447.5203857421875
65.14820098876953 447.5145263671875
65.1447525024414 447.50897216796875
65.1407699584961 447.5037841796875
65.13629150390625 447.4990234375
65.1313705444336 447.4947204589844
65.12604522705078 447.4909362792969
65.12036895751953 447.4876708984375
65.1144027709961 447.4849853515625
65.10820007324219 447.48291015625
65.10182189941406 447.4814453125
65.09532928466797 447.4806213378906
65.08879089355469 447.4804382324219
65.08226776123047 447.48089599609375
65.07582092285156 447.48199462890625
65.06951904296875 447.4837341308594
65.06341552734375 447.486083984375
65.05757904052734 447.4890441894531
65.05206298828125 447.4925537109375
65.04692077636719 447.49658203125
65.04219818115234 447.5010986328125
65.03794860839844 447.5060729980469
65.03421020507812 447.5114440917969
65.03101348876953 447.51715087890625
65.02839660644531 447.52313232421875
65.0263900756836 447.52935791015625
65.0250015258789 447.5357360839844
65.02425384521484 447.542236328125
65.02415466308594 447.5487365722656
