59.94457244873047 449.9401550292969
59.94922637939453 449.9460754394531
59.953365325927734 449.9523620605469
59.95695877075195 449.958984375
59.959983825683594 449.96588134765625
59.9624137878418 449.9729919433594
59.964237213134766 449.98028564453125
59.96543502807617 449.98773193359375
59.96600341796875 449.9952392578125
59.96593475341797 450.0027770996094
59.965232849121094 450.0102844238281
59.96390151977539 450.0177001953125
59.961952209472656 450.02496337890625
59.95940399169922 450.0320129394531
59.956275939941406 450.038818359375
59.95259475708008 450.0453186035156
59.948402404785156 450.05145263671875
59.94646072387695 450.0538330078125
59.975379943847656 450.02386474609375
60.01859664916992 449.9858703613281
60.06605529785156 449.9505310058594
60.11661148071289 449.9189453125
60.16960525512695 449.89154052734375
60.224666595458984 449.8685302734375
60.28141403198242 449.8500671386719
60.3394775390625 449.8362731933594
60.39832305908203 449.8272399902344
60.43636703491211 449.8245544433594
60.43193054199219 449.8244934082031
60.424171447753906 449.82373046875
60.4123649597168 449.821533203125
60.400146484375 449.8180847167969
60.38783645629883 449.81329345703125
60.37617874145508 449.8074645996094
60.36825942993164 449.8026123046875
60.36201858520508 449.7980041503906
60.35634231567383 449.79302978515625
60.35111618041992 449.78759765625
60.346370697021484 449.78173828125
60.342140197753906 449.7755126953125
60.33845138549805 449.7689514160156
60.3353271484375 449.7621154785156
60.33279037475586 449.7550354003906
60.33086395263672 449.7477722167969
60.32955551147461 449.7403564453125
60.32887649536133 449.73284912109375
60.328834533691406 449.7253112792969
60.32942581176758 449.7178039550781
60.330650329589844 449.71038818359375
60.332496643066406 449.7030944824219
60.33495330810547 449.69598388671875
60.3380012512207 449.6890869140625
60.341617584228516 449.6824951171875
60.34577941894531 449.67620849609375
60.35045623779297 449.6703186035156
60.355613708496094 449.6648254394531
60.36121368408203 449.6597900390625
60.367218017578125 449.6552429199219
60.37358474731445 449.6512145996094
60.38026809692383 449.6477355957031
60.3872184753418 449.64483642578125
60.39439010620117 449.6425476074219
60.401729583740234 449.640869140625
60.409183502197266 449.6398010253906
60.41670227050781 449.6393737792969
60.42422866821289 449.63958740234375
60.43170928955078 449.64044189453125
60.43909454345703 449.64190673828125
60.446327209472656 449.6440124511719
60.4533576965332 449.6466979980469
60.46013641357422 449.64996337890625
60.46661376953125 449.65380859375
60.47274398803711 449.6581726074219
60.478485107421875 449.6630554199219
60.483795166015625 449.66839599609375
60.4886360168457 449.6741638183594
60.49297332763672 449.6803283691406
60.49677658081055 449.68682861328125
60.50001525878906 449.6936340332031
60.50267028808594 449.70068359375
60.504722595214844 449.7079162597656
60.50615692138672 449.7153015136719
60.506961822509766 449.7227783203125
60.50713348388672 449.7303161621094
60.50666809082031 449.7378234863281
60.50557327270508 449.7452697753906
60.50385284423828 449.7525939941406
60.50152587890625 449.7597351074219
60.49861145019531 449.7666320800781
60.49513626098633 449.77325439453125
60.491127014160156 449.779541015625
60.487369537353516 449.7844543457031
60.4935417175293 449.77764892578125
60.52830123901367 449.7452087402344
60.57394027709961 449.7091064453125
60.623443603515625 449.6761169433594
60.67558288574219 449.6471862792969
60.72993087768555 449.62255859375
60.786109924316406 449.6024169921875
60.84373092651367 449.5869140625
60.90241622924805 449.5761413574219
60.958805084228516 449.5704650878906
60.96240234375 449.5704040527344
60.954986572265625 449.5699157714844
60.9464111328125 449.568603515625
60.933990478515625 449.5655517578125
60.92141342163086 449.5611572265625
60.90986633300781 449.5558776855469
60.90053939819336 449.55059814453125
60.89419174194336 449.5462341308594
60.88834762573242 449.54144287109375
60.882938385009766 449.53619384765625
60.87799835205078 449.530517578125
60.873558044433594 449.5244445800781
60.86964797973633 449.51800537109375
60.866294860839844 449.5112609863281
60.863521575927734 449.5042724609375
60.86134719848633 449.4970703125
60.85978698730469 449.4897155761719
60.858856201171875 449.48223876953125
60.858558654785156 449.4747009277344
60.85889434814453 449.4671936035156
60.85986328125 449.459716796875
60.8614616394043 449.4523620605469
60.86367416381836 449.4451599121094
60.866485595703125 449.43817138671875
60.869876861572266 449.43145751953125
60.87382125854492 449.425048828125
60.878292083740234 449.41900634765625
60.88325881958008 449.4133605957031
60.8886833190918 449.40814208984375
60.89453125 449.4034118652344
60.9007568359375 449.399169921875
60.907318115234375 449.3954772949219
60.91416931152344 449.3923645019531
60.92125701904297 449.38983154296875
60.92853546142578 449.3879089355469
60.935951232910156 449.3865966796875
60.943450927734375 449.38592529296875
60.95098114013672 449.3858947753906
60.95848846435547 449.386474609375
60.965919494628906 449.3876953125
60.97322082519531 449.3895263671875
60.98033905029297 449.3919677734375
60.98722457885742 449.39501953125
60.99382781982422 449.39862060546875
61.00010299682617 449.40277099609375
61.006004333496094 449.4074401855469
61.01149368286133 449.41259765625
61.01652908325195 449.4181823730469
61.02107238769531 449.4241943359375
61.02509307861328 449.4305725097656
61.028564453125 449.437255859375
61.03145980834961 449.4442138671875
61.033756256103516 449.4513854980469
61.035438537597656 449.4587097167969
61.0364990234375 449.4661560058594
61.03692626953125 449.4736633300781
61.03671646118164 449.481201171875
61.03587341308594 449.4886779785156
61.03440475463867 449.4960632324219
61.032318115234375 449.5032958984375
61.02963638305664 449.51031494140625
61.0263786315918 449.5170593261719
61.02257537841797 449.52349853515625
61.01824951171875 449.5295715332031
61.017303466796875 449.53070068359375
61.039756774902344 449.50830078125
61.08385467529297 449.47100830078125
61.13200759887695 449.43658447265625
61.183082580566406 449.406005859375
61.23655700683594 449.379638671875
61.29203414916992 449.3576965332031
61.349117279052734 449.34033203125
61.40742111206055 449.32763671875
61.46583938598633 449.31982421875
61.47987365722656 449.3191223144531
61.47354507446289 449.31890869140625
61.46519470214844 449.3179016113281
61.45279312133789 449.3153076171875
61.440223693847656 449.31146240234375
61.42789840698242 449.306396484375
61.41716003417969 449.3008117675781
61.410457611083984 449.2965393066406
61.40443420410156 449.29193115234375
61.39884948730469 449.286865234375
61.393714904785156 449.2813415527344
61.389068603515625 449.2754211425781
61.38493728637695 449.2691345214844
61.381351470947266 449.26251220703125
61.37833786010742 449.255615234375
61.37591552734375 449.24847412109375
61.37410354614258 449.2411804199219
61.3729133605957 449.2337341308594
61.37235641479492 449.2262268066406
61.372432708740234 449.21868896484375
61.373146057128906 449.211181640625
61.374488830566406 449.2037658691406
61.37644958496094 449.1965026855469
61.3790168762207 449.1894226074219
61.382171630859375 449.1825866699219
61.38589096069336 449.1760559082031
61.39015197753906 449.16986083984375
61.394920349121094 449.1640319824219
61.40016174316406 449.15863037109375
61.40584182739258 449.1536865234375
61.41191864013672 449.14923095703125
61.41835021972656 449.14532470703125
61.425086975097656 449.1419677734375
61.43208312988281 449.1391906738281
61.43928909301758 449.13702392578125
61.4466552734375 449.1354675292969
61.454124450683594 449.134521484375
61.461647033691406 449.13421630859375
61.46916961669922 449.1345520019531
61.47663497924805 449.1355285644531
61.48399353027344 449.1371154785156
61.49119186401367 449.1393127441406
61.4981803894043 449.1421203613281
61.504905700683594 449.1455078125
61.511322021484375 449.1494445800781
61.51738357543945 449.1539001464844
61.52304458618164 449.15887451171875
61.52826690673828 449.164306640625
61.533016204833984 449.1701354980469
61.537254333496094 449.1763610839844
61.540950775146484 449.18292236328125
61.54408264160156 449.18975830078125
61.546627044677734 449.19683837890625
61.54856491088867 449.2041015625
61.54988098144531 449.2115173339844
61.550567626953125 449.2190246582031
61.55061721801758 449.2265625
61.55003356933594 449.23406982421875
61.54882049560547 449.2414855957031
61.5469856262207 449.248779296875
61.5445442199707 449.2558898925781
61.5415153503418 449.26275634765625
61.53792953491211 449.2693176269531
61.53380584716797 449.2755432128906
61.52958297729492 449.2808837890625
61.5316276550293 449.2787170410156
61.5679931640625 449.245849609375
61.61431121826172 449.2104187011719
61.664180755615234 449.1783142089844
61.716705322265625 449.1502685546875
61.771400451660156 449.1265563964844
61.82786560058594 449.1073303222656
61.885719299316406 449.0927734375
61.944522857666016 449.08294677734375
61.9935417175293 449.0788269042969
61.99336242675781 449.0788269042969
61.98558044433594 449.07818603515625
61.9749755859375 449.07635498046875
61.962371826171875 449.072998046875
61.94972610473633 449.0683288574219
61.939231872558594 449.0633239746094
61.93193435668945 449.0590515136719
61.925697326660156 449.05462646484375
61.9199333190918 449.0497741699219
61.91460418701172 449.0444641113281
61.90974426269531 449.0387268066406
61.90538787841797 449.0325927734375
61.90156555175781 449.0260925292969
61.8983039855957 449.0193176269531
61.895626068115234 449.01226806640625
61.893550872802734 449.0050354003906
61.892093658447266 448.9976501464844
61.89126205444336 448.99017333984375
61.89106750488281 448.9826354980469
61.89150619506836 448.9751281738281
61.892578125 448.9676818847656
61.8942756652832 448.9603576660156
61.896583557128906 448.95318603515625
61.89949035644531 448.94622802734375
61.90297317504883 448.9395446777344
61.907005310058594 448.9331970214844
61.91156005859375 448.9272155761719
61.916603088378906 448.921630859375
61.92210006713867 448.9164733886719
61.92801284790039 448.91180419921875
61.934295654296875 448.90765380859375
61.9409065246582 448.904052734375
61.94779586791992 448.9010314941406
61.954917907714844 448.8985900878906
61.96221923828125 448.8967590332031
61.96965026855469 448.8955383300781
61.97715759277344 448.89495849609375
61.98468780517578 448.89501953125
61.992183685302734 448.8957214355469
61.999595642089844 448.89703369140625
62.00687026977539 448.89898681640625
62.013954162597656 448.90155029296875
62.02079772949219 448.9046936035156
62.02735137939453 448.90838623046875
62.0335693359375 448.9126281738281
62.03940963745117 448.9173889160156
62.04482650756836 448.922607421875
62.049781799316406 448.92828369140625
62.05424499511719 448.9343566894531
62.05817794799805 448.9407653808594
62.06155776977539 448.9474792480469
62.06435775756836 448.9544677734375
62.066558837890625 448.961669921875
62.06814193725586 448.9690246582031
62.06909942626953 448.97650146484375
62.06942367553711 448.9840087890625
62.06911087036133 448.99151611328125
62.06816482543945 448.9989929199219
62.066593170166016 449.00634765625
62.06440734863281 449.0135498046875
62.06162643432617 449.0205383300781
62.05827331542969 449.0272521972656
62.05437469482422 449.03363037109375
62.04997253417969 449.0396423339844
62.0472412109375 449.04278564453125
62.062400817871094 449.028076171875
62.102970123291016 448.9947509765625
62.151187896728516 448.9613342285156
62.20252990722656 448.9316101074219
62.256378173828125 448.9060363769531
62.3121223449707 448.8849182128906
62.36943054199219 448.8683776855469
62.42784881591797 448.8565673828125
62.485904693603516 448.84967041015625
62.50979232788086 448.84881591796875
62.50272750854492 448.8484802246094
62.49475860595703 448.847412109375
62.482078552246094 448.84454345703125
62.46931457519531 448.8403625488281
62.45767593383789 448.8353271484375
62.44941329956055 448.83087158203125
62.442893981933594 448.82659912109375
62.43695831298828 448.82196044921875
62.43144226074219 448.81683349609375
62.4263801574707 448.8112487792969
62.421810150146484 448.8052673339844
62.41775894165039 448.7989196777344
62.41425704956055 448.7922668457031
62.41133117675781 448.78533935546875
62.409000396728516 448.7781677246094
62.407283782958984 448.7708435058594
62.40618896484375 448.7633972167969
62.40572738647461 448.7558898925781
62.40590286254883 448.74835205078125
62.40671157836914 448.7408752441406
62.40814971923828 448.7334899902344
62.41020584106445 448.72625732421875
62.412864685058594 448.7192077636719
62.416107177734375 448.71240234375
62.4199104309082 448.7059020996094
62.424251556396484 448.6997375488281
62.42909622192383 448.6939697265625
62.43440628051758 448.6886291503906
62.440147399902344 448.6837463378906
62.44628143310547 448.67938232421875
62.452762603759766 448.675537109375
62.45954132080078 448.6722717285156
62.46657180786133 448.6695861816406
62.47380447387695 448.6675109863281
62.4811897277832 448.6660461425781
62.488670349121094 448.6651916503906
62.49619674682617 448.66497802734375
62.50371170043945 448.6654052734375
62.511165618896484 448.6664733886719
62.51850509643555 448.66815185546875
62.52567672729492 448.6704406738281
62.53262710571289 448.67333984375
62.539310455322266 448.67681884765625
62.545677185058594 448.68084716796875
62.55168151855469 448.6853942871094
62.557281494140625 448.6904296875
62.562435150146484 448.6959228515625
62.567108154296875 448.7018127441406
62.571266174316406 448.7080993652344
62.57487869262695 448.7146911621094
62.57792282104492 448.7215881347656
62.58037567138672 448.72869873046875
62.582218170166016 448.7359924316406
62.583438873291016 448.743408203125
62.58403015136719 448.75091552734375
62.583984375 448.7584533691406
62.58330535888672 448.7659606933594
62.58199691772461 448.77337646484375
62.5800666809082 448.7806396484375
62.57753372192383 448.7877197265625
62.57441711425781 448.7945556640625
62.57073974609375 448.80108642578125
62.56653594970703 448.8072814941406
62.56206512451172 448.81280517578125
62.561058044433594 448.8138427734375
62.59268569946289 448.7860107421875
62.638545989990234 448.75189208984375
62.68880844116211 448.7204895019531
62.74169921875 448.6931457519531
62.79664993286133 448.6701965332031
62.853328704833984 448.6517639160156
62.91132354736328 448.63800048828125
62.97022247314453 448.62896728515625
63.018524169921875 448.6255798339844
63.01565170288086 448.62554931640625
63.00769805908203 448.6247863769531
62.996768951416016 448.62274169921875
62.98379898071289 448.6191101074219
62.97236251831055 448.61474609375
62.96424865722656 448.6108093261719
62.957275390625 448.6066589355469
62.95113754272461 448.6022644042969
62.94540786743164 448.5973815917969
62.94011306762695 448.592041015625
62.93528747558594 448.5862731933594
62.93096923828125 448.5801086425781
62.92718505859375 448.5736083984375
62.92396545410156 448.5668029785156
62.921329498291016 448.55975341796875
62.9193000793457 448.552490234375
62.91788864135742 448.54510498046875
62.91710662841797 448.5376281738281
62.91695785522461 448.53009033203125
62.91744613647461 448.5225830078125
62.91856384277344 448.51513671875
62.92030715942383 448.5078125
62.92266082763672 448.50067138671875
62.92560958862305 448.4937438964844
62.92913055419922 448.4870910644531
62.93320083618164 448.4807434082031
62.93779373168945 448.4747619628906
62.94287109375 448.4692077636719
62.94839859008789 448.464111328125
62.95433807373047 448.45947265625
62.96064758300781 448.4553527832031
62.967281341552734 448.4517822265625
62.97418975830078 448.44879150390625
62.981327056884766 448.4463806152344
62.98863983154297 448.444580078125
62.99607849121094 448.44342041015625
63.00358963012695 448.4429016113281
63.01111602783203 448.4429931640625
63.01860809326172 448.4437255859375
63.0260124206543 448.4450988769531
63.03327560424805 448.44708251953125
63.04034423828125 448.4496765136719
63.04716873168945 448.4528503417969
63.0536994934082 448.45660400390625
63.05989074707031 448.46087646484375
63.06570053100586 448.4656677246094
63.07108688354492 448.4709167480469
63.07600784301758 448.47662353515625
63.0804328918457 448.48272705078125
63.084327697753906 448.4891662597656
63.08766555786133 448.49591064453125
63.09041976928711 448.5029296875
63.09257507324219 448.5101318359375
63.094112396240234 448.51751708984375
63.09502410888672 448.5249938964844
63.09530258178711 448.53253173828125
63.09494400024414 448.5400390625
63.09395217895508 448.5475158691406
63.09233474731445 448.55487060546875
63.09010696411133 448.5620422363281
63.0872802734375 448.5690002441406
63.08388137817383 448.57568359375
63.07993698120117 448.5820617675781
63.075477600097656 448.58807373046875
63.07172775268555 448.5923156738281
63.0804557800293 448.5839538574219
63.11703109741211 448.5543212890625
63.16552734375 448.5212097167969
63.2168083190918 448.49200439453125
63.27073669433594 448.46685791015625
63.32661819458008 448.4461364746094
63.383975982666016 448.4300231933594
63.4423942565918 448.41864013671875
63.498538970947266 448.4123840332031
63.50666809082031 448.4121398925781
63.499393463134766 448.4117431640625
63.49047088623047 448.4104919433594
63.477378845214844 448.4074401855469
63.46509552001953 448.4033508300781
63.45588684082031 448.39935302734375
63.44884490966797 448.3955383300781
63.442535400390625 448.3913879394531
63.43660354614258 448.3867492675781
63.43109130859375 448.3816223144531
63.42603302001953 448.37603759765625
63.42146301269531 448.37005615234375
63.41741180419922 448.36370849609375
63.413909912109375 448.3570556640625
63.41098403930664 448.3501281738281
63.408653259277344 448.34295654296875
63.40693664550781 448.33563232421875
63.40584182739258 448.32818603515625
63.40538024902344 448.3206787109375
63.405555725097656 448.3131408691406
63.40636444091797 448.3056640625
63.40780258178711 448.29827880859375
63.40985870361328 448.2910461425781
63.41251754760742 448.28399658203125
63.4157600402832 448.2771911621094
63.41956329345703 448.27069091796875
63.42390060424805 448.2645263671875
63.428741455078125 448.2587585449219
63.434051513671875 448.25341796875
63.43979263305664 448.24853515625
63.445926666259766 448.2441711425781
63.45240783691406 448.2403259277344
63.45918655395508 448.237060546875
63.466217041015625 448.234375
63.47344970703125 448.2322998046875
63.4808349609375 448.2308349609375
63.48831558227539 448.22998046875
63.49584197998047 448.2297668457031
63.503360748291016 448.2301940917969
63.51081466674805 448.23126220703125
63.51815414428711 448.2329406738281
63.525325775146484 448.2352294921875
63.53227615356445 448.2381286621094
63.53895950317383 448.2416076660156
63.545326232910156 448.2456359863281
63.55133056640625 448.25018310546875
63.55693054199219 448.2552185058594
63.56208419799805 448.2607116699219
63.56675720214844 448.2666015625
63.57091522216797 448.27288818359375
63.574527740478516 448.27947998046875
63.577571868896484 448.286376953125
63.58002471923828 448.2934875488281
63.58186721801758 448.30078125
63.58308792114258 448.3081970214844
63.58367919921875 448.3157043457031
63.58363342285156 448.3232421875
63.58295440673828 448.33074951171875
63.58164596557617 448.3381652832031
63.579715728759766 448.3454284667969
63.57718276977539 448.3525085449219
63.574066162109375 448.3593444824219
63.57038497924805 448.3658752441406
63.5661735534668 448.3720703125
63.561798095703125 448.3774719238281
63.56187057495117 448.3774108886719
63.595062255859375 448.34820556640625
63.64094924926758 448.3140563964844
63.69090270996094 448.2828369140625
63.743621826171875 448.2555847167969
63.79851531982422 448.2326354980469
63.85517120361328 448.2142028808594
63.91313552856445 448.2004089355469
63.97187423706055 448.19140625
64.02507019042969 448.1876525878906
64.02227783203125 448.1876220703125
64.01456451416016 448.1868591308594
64.00273895263672 448.1846618652344
63.98997497558594 448.18109130859375
63.9796257019043 448.1771545410156
63.97200012207031 448.1734924316406
63.96540832519531 448.1695861816406
63.95926284790039 448.16522216796875
63.95351791381836 448.16033935546875
63.948204040527344 448.1549987792969
63.943359375 448.14923095703125
63.93901824951172 448.14306640625
63.935211181640625 448.1365661621094
63.931968688964844 448.1297607421875
63.9293098449707 448.1227111816406
63.92725372314453 448.115478515625
63.92581558227539 448.10809326171875
63.92500686645508 448.1006164550781
63.92483139038086 448.09307861328125
63.92529296875 448.0855712890625
63.92638397216797 448.078125
63.9281005859375 448.07080078125
63.9304313659668 448.0636291503906
63.93335723876953 448.05670166015625
63.93685531616211 448.050048828125
63.9409065246582 448.043701171875
63.94547653198242 448.0377197265625
63.95053482055664 448.0321350097656
63.95604705810547 448.0270080566406
63.961971282958984 448.0223693847656
63.968265533447266 448.01824951171875
63.97488784790039 448.0146789550781
63.981788635253906 448.01165771484375
63.98891830444336 448.0092468261719
63.9962272644043 448.0074462890625
64.003662109375 448.0062561035156
64.01116943359375 448.0057067871094
64.0186996459961 448.00579833984375
64.02619171142578 448.0065002441406
64.03359985351562 448.0078430175781
64.0408706665039 448.0097961425781
64.0479507446289 448.0123596191406
64.0547866821289 448.0155029296875
64.06133270263672 448.01922607421875
64.06754302978516 448.02349853515625
64.07337188720703 448.02825927734375
64.07877349853516 448.03350830078125
64.0837173461914 448.0391845703125
64.08816528320312 448.0452575683594
64.09207916259766 448.05169677734375
64.0954360961914 448.0584411621094
64.09821319580078 448.0654296875
64.10039520263672 448.0726318359375
64.10195922851562 448.0799865722656
64.10289764404297 448.08746337890625
64.10320281982422 448.0950012207031
64.10286712646484 448.1025085449219
64.10189819335938 448.1099853515625
64.10030364990234 448.1173400878906
64.09809875488281 448.1245422363281
64.09529876708984 448.1315002441406
64.09192657470703 448.1382141113281
64.08800506591797 448.14459228515625
64.08356475830078 448.150634765625
64.0802993774414 448.15435791015625
64.083740234375 448.1510314941406
64.12130737304688 448.1203918457031
64.16770935058594 448.0885009765625
64.2188949584961 448.05914306640625
64.2726058959961 448.03387451171875
64.32830047607422 448.0130310058594
64.38545227050781 447.9967956542969
64.44371032714844 447.9852600097656
64.50235748291016 447.978515625
64.5405044555664 447.9772644042969
64.53370666503906 447.9769287109375
64.52530670166016 447.97576904296875
64.51258850097656 447.9728698730469
64.50119018554688 447.96917724609375
64.49279022216797 447.9656066894531
64.48587799072266 447.9619445800781
64.4795150756836 447.9578552246094
64.47354125976562 447.9532775878906
64.46797943115234 447.9482116699219
64.46286010742188 447.94268798828125
64.4582290649414 447.936767578125
64.45411682128906 447.9304504394531
64.45054626464844 447.923828125
64.44754791259766 447.91693115234375
64.44514465332031 447.9097900390625
64.44335174560547 447.9024658203125
64.44218444824219 447.89501953125
64.44164276123047 447.88751220703125
64.44174194335938 447.8799743652344
64.44247436523438 447.8724670410156
64.44383239746094 447.86505126953125
64.44581604003906 447.8577880859375
64.44840240478516 447.8507080078125
64.45157623291016 447.8438720703125
64.45531463623047 447.83734130859375
64.4595947265625 447.8311462402344
64.4643783569336 447.8253173828125
64.46963500976562 447.8199157714844
64.47532653808594 447.81500244140625
64.48141479492188 447.8105773925781
64.48785400390625 447.8066711425781
64.49459838867188 447.8033142089844
64.50160217285156 447.800537109375
64.5088119506836 447.7983703613281
64.51618194580078 447.79681396484375
64.52365112304688 447.7958984375
64.53117370605469 447.7956237792969
64.5386962890625 447.79595947265625
64.54615783691406 447.79693603515625
64.55351257324219 447.7985534667969
64.56070709228516 447.80078125
64.56768798828125 447.8036193847656
64.57440185546875 447.8070068359375
64.580810546875 447.81097412109375
64.58686065673828 447.8154602050781
64.5925064086914 447.8204345703125
64.59771728515625 447.82586669921875
64.60244750976562 447.83172607421875
64.6066665649414 447.83795166015625
64.61034393310547 447.8445129394531
64.61345672607422 447.85137939453125
64.61598205566406 447.85845947265625
64.6178970336914 447.8657531738281
64.61919403076172 447.8731689453125
64.61985778808594 447.88067626953125
64.61988830566406 447.8882141113281
64.6192855834961 447.8957214355469
64.61804962158203 447.90313720703125
64.61619567871094 447.9104309082031
64.61373138427734 447.91754150390625
64.61067962646484 447.9244079589844
64.60706329345703 447.9309997558594
64.60291290283203 447.937255859375
64.59825897216797 447.943115234375
64.59365844726562 447.947998046875
64.6016845703125 447.9407958984375
64.63717651367188 447.9139404296875
64.6850357055664 447.8835144042969
64.73689270019531 447.856201171875
64.79126739501953 447.8330078125
64.84770202636719 447.8141784667969
64.90531921386719 447.8000183105469
64.96380615234375 447.7906188964844
65.01641082763672 447.7864990234375
65.01610565185547 447.7864990234375
65.00849914550781 447.78582763671875
64.99765014648438 447.7839050292969
64.98556518554688 447.7806396484375
64.9761734008789 447.7771911621094
64.96884155273438 447.7737731933594
64.96224975585938 447.7699890136719
64.9560546875 447.76568603515625
64.95025634765625 447.7608947753906
64.94488525390625 447.755615234375
64.93997192382812 447.7499084472656
64.93556213378906 447.7438049316406
64.93167877197266 447.73736572265625
64.92835235595703 447.7306213378906
64.92561340332031 447.7236022949219
64.92346954345703 447.71636962890625
64.92194366455078 447.708984375
64.9210433959961 447.7015075683594
64.92078399658203 447.6939697265625
64.92115783691406 447.68646240234375
64.92216491699219 447.6789855957031
64.92379760742188 447.671630859375
64.92604064941406 447.6644592285156
64.92888641357422 447.6575012207031
64.93230438232422 447.6507873535156
64.936279296875 447.6443786621094
64.94078063964844 447.6383361816406
64.94577026367188 447.6326904296875
64.95121765136719 447.62750244140625
64.95708465576172 447.6227722167969
64.96333312988281 447.6185607910156
64.96990966796875 447.6148986816406
64.97677612304688 447.61181640625
64.98387908935547 447.60931396484375
64.99116516113281 447.607421875
64.99858856201172 447.60614013671875
65.00608825683594 447.6054992675781
65.01361846923828 447.6054992675781
65.0211181640625 447.6061096191406
65.0285415649414 447.60736083984375
65.03583526611328 447.6092529296875
65.04293823242188 447.6117248535156
65.04981231689453 447.61480712890625
65.056396484375 447.6184387207031
65.06265258789062 447.62261962890625
65.06853485107422 447.6273193359375
65.0739974975586 447.63250732421875
65.0790023803711 447.63812255859375
65.0835189819336 447.6441345214844
65.08750915527344 447.6505126953125
65.09095001220703 447.6571960449219
65.09381103515625 447.6641540527344
65.09607696533203 447.67132568359375
65.09772491455078 447.6786804199219
65.09874725341797 447.6861267089844
65.09913635253906 447.6936340332031
65.09889221191406 447.701171875
65.09801483154297 447.7086486816406
65.09651184082031 447.7160339355469
65.09439086914062 447.7232666015625
65.09166717529297 447.73028564453125
65.08836364746094 447.7370300292969
65.08451080322266 447.74346923828125
65.08013153076172 447.7495422363281
65.07540130615234 447.75506591796875
65.07249450683594 447.7579345703125
65.095947265625 447.7384033203125
65.13597869873047 447.71026611328125
65.18558502197266 447.68115234375
65.23844146728516 447.6556701660156
65.29376983642578 447.63433837890625
65.3505630493164 447.6175842285156
65.40850067138672 447.6054992675781
65.46685028076172 447.59820556640625
65.50370025634766 447.5966491699219
65.49688720703125 447.59637451171875
65.48883819580078 447.5953674316406
65.47635650634766 447.5926513671875
65.4660873413086 447.5894470214844
65.45820617675781 447.5862121582031
65.45134735107422 447.58270263671875
65.44493865966797 447.5787048339844
65.43891143798828 447.5741882324219
65.43328094482422 447.5691833496094
65.42809295654297 447.563720703125
65.42338562011719 447.5578308105469
65.419189453125 447.55157470703125
65.41553497314453 447.54498291015625
65.4124526977539 447.5381164550781
65.40995788574219 447.531005859375
65.40807342529297 447.5237121582031
65.40680694580078 447.51629638671875
65.40617370605469 447.5087890625
65.40617370605469 447.5012512207031
65.40681457519531 447.4937438964844
65.4080810546875 447.486328125
65.40997314453125 447.4790344238281
65.41246795654297 447.471923828125
65.41555786132812 447.4650573730469
65.4192123413086 447.4584655761719
65.42340850830078 447.45220947265625
65.42811584472656 447.44635009765625
65.43330383300781 447.4408874511719
65.43893432617188 447.4358825683594
65.4449691772461 447.4313659667969
65.45136260986328 447.4273986816406
65.45806884765625 447.4239807128906
65.46503448486328 447.421142578125
65.47222137451172 447.41888427734375
65.47956848144531 447.417236328125
65.48703002929688 447.4162292480469
65.49455261230469 447.4158630371094
65.5020751953125 447.4161071777344
65.50955200195312 447.4169921875
65.51692962646484 447.41851806640625
65.5241470336914 447.420654296875
65.53115844726562 447.42340087890625
65.53791809082031 447.4267272949219
65.54437255859375 447.43060302734375
65.55047607421875 447.43499755859375
65.55619049072266 447.4399108886719
65.56147003173828 447.4452819824219
65.56627655029297 447.4510803222656
65.5705795288086 447.457275390625
65.5743408203125 447.46380615234375
65.5775375366211 447.4706115722656
65.58015441894531 447.4776611328125
65.58216094970703 447.48492431640625
65.58354949951172 447.4923095703125
65.58431243896484 447.4997863769531
65.58444213867188 447.50732421875
65.58393096923828 447.51483154296875
65.5827865600586 447.52227783203125
65.58102416992188 447.52960205078125
65.57865142822266 447.5367431640625
65.57568359375 447.54364013671875
65.57215118408203 447.5502624511719
65.56806945800781 447.55657958984375
65.5634765625 447.5625
65.55870056152344 447.56768798828125
65.56177520751953 447.5648498535156
65.59083557128906 447.54229736328125
65.63388061523438 447.51422119140625
65.6847152709961 447.4866943359375
65.73843383789062 447.4630432128906
65.79434204101562 447.44366455078125
65.8515396118164 447.4289245605469
65.90961456298828 447.41888427734375
65.96784210205078 447.41363525390625
65.97599792480469 447.41357421875
65.96849822998047 447.4129943847656
65.95865631103516 447.411376953125
65.94770050048828 447.4085693359375
65.93911743164062 447.40557861328125
65.93193817138672 447.40234375
65.92530822753906 447.3986511230469
65.91905212402344 447.3944396972656
65.91317749023438 447.3897399902344
65.90772247314453 447.3845520019531
65.90272521972656 447.3789367675781
65.8982162475586 447.3728942871094
65.89423370361328 447.36651611328125
65.89080047607422 447.35980224609375
65.88794708251953 447.35284423828125
65.88568878173828 447.3456726074219
65.88404846191406 447.33831787109375
65.8830337524414 447.33087158203125
65.88265228271484 447.3233642578125
65.88290405273438 447.3158264160156
65.8837890625 447.308349609375
65.88529968261719 447.30096435546875
65.8874282836914 447.2937316894531
65.8901596069336 447.2867126464844
65.89347076416016 447.2799377441406
65.89734649658203 447.2734680175781
65.90174865722656 447.2673645019531
65.90665435791016 447.26165771484375
65.91201782226562 447.2563781738281
65.91780853271484 447.2515563964844
65.92398834228516 447.24725341796875
65.93050384521484 447.2434997558594
65.93731689453125 447.24029541015625
65.94437408447266 447.2376708984375
65.95162963867188 447.23565673828125
65.95903015136719 447.2342529296875
65.96652221679688 447.2334899902344
65.97405242919922 447.2333679199219
65.9815673828125 447.23388671875
65.989013671875 447.2350158691406
65.99633026123047 447.2367858886719
66.00347900390625 447.2391662597656
66.0103988647461 447.24212646484375
66.01704406738281 447.24566650390625
66.02336883544922 447.249755859375
66.02932739257812 447.2543640136719
66.03487396240234 447.25946044921875
66.03997039794922 447.2650146484375
66.0445785522461 447.2709655761719
66.04866790771484 447.27728271484375
66.05221557617188 447.283935546875
66.05519104003906 447.2908630371094
66.05757141113281 447.2980041503906
66.05934143066406 447.3053283691406
66.06048583984375 447.3127746582031
66.06099700927734 447.3202819824219
66.06087493896484 447.32781982421875
66.06011962890625 447.3352966308594
66.05873107910156 447.3426818847656
66.05672454833984 447.3499450683594
66.05411529541016 447.35699462890625
66.05091857910156 447.3638000488281
66.04716491699219 447.37030029296875
66.04287719726562 447.37646484375
66.03809356689453 447.3822326660156
66.03343200683594 447.3869934082031
66.04072570800781 447.3807373046875
66.07537841796875 447.3556213378906
66.12074279785156 447.3280944824219
66.1725845336914 447.3021545410156
66.22700500488281 447.2802734375
66.28343200683594 447.26275634765625
66.340576171875 447.25
66.39828491210938 447.2419738769531
66.44658660888672 447.2392272949219
66.4407730102539 447.23907470703125
66.43284606933594 447.2381896972656
66.42133331298828 447.2358703613281
66.41207885742188 447.233154296875
66.40448760986328 447.2301940917969
66.39762878417969 447.2268371582031
66.39115905761719 447.22296142578125
66.38504791259766 447.21856689453125
66.37933349609375 447.2136535644531
66.37405395507812 447.2082824707031
66.3692398071289 447.2024841308594
66.36493682861328 447.1963195800781
66.36116790771484 447.1897888183594
66.35796356201172 447.1829833984375
66.3553466796875 447.1759338378906
66.35333251953125 447.1686706542969
66.35193634033203 447.1612854003906
66.35116577148438 447.15380859375
66.35103607177734 447.1462707519531
66.3515396118164 447.1387634277344
66.35267639160156 447.1313171386719
66.35443115234375 447.1239929199219
66.35680389404297 447.1168518066406
66.3597640991211 447.10992431640625
66.3633041381836 447.103271484375
66.36738586425781 447.0969543457031
66.37198638916016 447.09100341796875
66.3770751953125 447.08544921875
66.38261413574219 447.0803527832031
66.38856506347656 447.07574462890625
66.39488220214844 447.0716552734375
66.40151977539062 447.068115234375
66.40843963623047 447.0651550292969
66.41558074951172 447.0627746582031
66.42289733886719 447.0610046386719
66.43033599853516 447.0598449707031
66.43785095214844 447.059326171875
66.44538116455078 447.0594482421875
66.45287322998047 447.0602111816406
66.46027374267578 447.06158447265625
66.467529296875 447.0635986328125
66.47459411621094 447.0661926269531
66.48141479492188 447.06939697265625
66.4879379272461 447.0731506347656
66.4941177368164 447.07745361328125
66.49991607666016 447.0822448730469
66.50528717041016 447.0875244140625
66.51019287109375 447.0932312011719
66.51460266113281 447.0993347167969
66.51848602294922 447.10577392578125
66.52180480957031 447.1125183105469
66.52454376220703 447.1195373535156
66.52667999267578 447.12677001953125
66.52820587158203 447.1341552734375
66.52909851074219 447.1416320800781
66.52935791015625 447.149169921875
66.52898406982422 447.15667724609375
66.5279769897461 447.16412353515625
66.5263442993164 447.1714782714844
66.52410125732422 447.17864990234375
66.52125549316406 447.18560791015625
66.51783752441406 447.1922912597656
66.51387023925781 447.19866943359375
66.50938415527344 447.2046813964844
66.50446319580078 447.2102355957031
66.50146484375 447.2131042480469
66.51434326171875 447.2027587890625
66.5528793334961 447.1767272949219
66.60005950927734 447.1501770019531
66.65304565429688 447.12579345703125
66.70829772949219 447.10565185546875
66.76512145996094 447.09002685546875
66.82223510742188 447.0792236328125
66.87937927246094 447.0731506347656
66.88668823242188 447.0729675292969
66.87921905517578 447.072509765625
66.87013244628906 447.0711669921875
66.86018371582031 447.0688171386719
66.85211944580078 447.066162109375
66.84500122070312 447.0631103515625
66.8382797241211 447.0595397949219
66.83194732666016 447.0554504394531
66.82598876953125 447.05084228515625
66.8204345703125 447.0457458496094
66.8153305053711 447.04022216796875
66.81071472167969 447.0342712402344
66.8066177368164 447.0279541015625
66.80306243896484 447.02130126953125
66.80007934570312 447.0143737792969
66.79769134521484 447.0072326660156
66.79591369628906 446.9999084472656
66.79476165771484 446.9924621582031
66.79424285888672 446.9849548339844
66.79435729980469 446.9774169921875
66.79510498046875 446.9699401855469
66.7964859008789 446.9625244140625
66.7984848022461 446.95526123046875
66.80108642578125 446.94818115234375
66.80427551269531 446.9413757324219
66.80802917480469 446.9348449707031
66.81231689453125 446.92864990234375
66.8171157836914 446.9228515625
66.8223876953125 446.91748046875
66.82809448242188 446.9125671386719
66.83419036865234 446.90814208984375
66.84063720703125 446.9042663574219
66.8473892211914 446.90093994140625
66.85440063476562 446.898193359375
66.86161804199219 446.89605712890625
66.86898803710938 446.89453125
66.87646484375 446.89361572265625
66.88398742675781 446.8933410644531
66.89151000976562 446.8937072753906
66.89897155761719 446.89471435546875
66.90632629394531 446.8963317871094
66.91351318359375 446.8985595703125
66.92048645019531 446.9013977050781
66.92719268798828 446.9048156738281
66.93358612060547 446.9087829589844
66.93962860107422 446.91326904296875
66.94526672363281 446.9182434082031
66.9504623413086 446.9236755371094
66.95518493652344 446.9295349121094
66.95939636230469 446.935791015625
66.96306610107422 446.9423522949219
66.9661636352539 446.94921875
66.96867370605469 446.9563293457031
66.97057342529297 446.963623046875
66.97185516357422 446.9710388183594
66.97250366210938 446.9785461425781
66.97251892089844 446.986083984375
66.9719009399414 446.99359130859375
66.97064971923828 447.0010070800781
66.96878051757812 447.00830078125
66.96630096435547 447.0154113769531
66.9632339477539 447.02227783203125
66.95960235595703 447.02886962890625
66.95542907714844 447.0351257324219
66.95074462890625 447.0409851074219
66.9459228515625 447.04608154296875
66.94877624511719 447.0435485839844
66.96742248535156 447.0295104980469
67.00900268554688 447.0032958984375
67.05763244628906 446.9779357910156
67.11137390136719 446.95526123046875
67.16666412353516 446.93707275390625
67.22340393066406 446.92340087890625
67.2801513671875 446.9145202636719
67.33476257324219 446.9104919433594
67.33132934570312 446.91046142578125
67.32356262207031 446.90972900390625
67.313232421875 446.9078369140625
67.30396270751953 446.9053039550781
67.29621887207031 446.9024658203125
67.2893295288086 446.8992614746094
67.28277587890625 446.8955078125
67.2765884399414 446.8912353515625
67.27078247070312 446.8864440917969
67.2654037475586 446.88116455078125
67.26048278808594 446.8754577636719
67.25606536865234 446.8693542480469
67.2521743774414 446.8629150390625
67.24884033203125 446.8561706542969
67.24608612060547 446.8491516113281
67.24393463134766 446.8419494628906
67.24240112304688 446.8345642089844
67.24149322509766 446.82708740234375
67.24121856689453 446.8195495605469
67.24158477783203 446.8120422363281
67.24258422851562 446.8045654296875
67.24420928955078 446.7972106933594
67.24644470214844 446.7900085449219
67.24928283691406 446.78302001953125
67.25269317626953 446.77630615234375
67.25666046142578 446.7698974609375
67.26115417480469 446.76385498046875
67.26614379882812 446.7582092285156
67.27159118652344 446.7530212402344
67.27745819091797 446.748291015625
67.28369903564453 446.74407958984375
67.29027557373047 446.74041748046875
67.29713439941406 446.7373046875
67.30422973632812 446.73480224609375
67.31151580810547 446.73291015625
67.31893157958984 446.73162841796875
67.32643127441406 446.7309875488281
67.3339614868164 446.73095703125
67.34146881103516 446.7315673828125
67.34889221191406 446.7328186035156
67.35618591308594 446.73468017578125
67.36329650878906 446.7371520996094
67.37017059326172 446.740234375
67.37676239013672 446.7438659667969
67.38302612304688 446.748046875
67.388916015625 446.75274658203125
67.3943862915039 446.7579345703125
67.39939880371094 446.7635498046875
67.40392303466797 446.7695617675781
67.40792083740234 446.77593994140625
67.41136932373047 446.7826232910156
67.41423797607422 446.7895812988281
67.41651153564453 446.7967529296875
67.41816711425781 446.8041076660156
67.41920471191406 446.8115539550781
67.41960906982422 446.8190612792969
67.41937255859375 446.82659912109375
67.41850280761719 446.8340759277344
67.41700744628906 446.8414611816406
67.4148941040039 446.84869384765625
67.41217803955078 446.855712890625
67.40888214111328 446.86248779296875
67.405029296875 446.86895751953125
67.40065002441406 446.87506103515625
67.39578247070312 446.8807678222656
67.39108276367188 446.8854064941406
67.39805603027344 446.87957763671875
67.43172454833984 446.8559265136719
67.47648620605469 446.8296813964844
67.52690887451172 446.8053894042969
67.58053588867188 446.7847595214844
67.63613891601562 446.7684020996094
67.69285583496094 446.7566223144531
67.74972534179688 446.74957275390625
67.768798828125 446.7488098144531
67.76148986816406 446.7485046386719
67.75287628173828 446.7474060058594
67.74382781982422 446.7454528808594
67.73604583740234 446.7430419921875
67.72880554199219 446.7401123046875
67.72203826904297 446.7366943359375
67.71562194824219 446.73272705078125
67.7095718383789 446.7282409667969
67.70391845703125 446.7232666015625
67.6987075805664 446.71783447265625
67.6939697265625 446.71197509765625
67.68974304199219 446.70574951171875
67.6860580444336 446.6991882324219
67.68294525146484 446.69232177734375
67.680419921875 446.68524169921875
67.67849731445312 446.6779479980469
67.67720031738281 446.6705322265625
67.67652893066406 446.66302490234375
67.67649841308594 446.6554870605469
67.6771011352539 446.6479797363281
67.67833709716797 446.64056396484375
67.68019104003906 446.6332702636719
67.68265533447266 446.62615966796875
67.68570709228516 446.6192932128906
67.6893310546875 446.6127014160156
67.69349670410156 446.6064453125
67.69818115234375 446.6005554199219
67.7033462524414 446.5950622558594
67.70895385742188 446.59002685546875
67.7149658203125 446.5854797363281
67.7213363647461 446.58148193359375
67.72801971435547 446.5780334472656
67.73497772216797 446.5751647949219
67.74214935302734 446.5728759765625
67.7494888305664 446.5711975097656
67.75694274902344 446.5701599121094
67.76445770263672 446.5697326660156
67.77198028564453 446.5699462890625
67.77945709228516 446.57080078125
67.7868423461914 446.5722961425781
67.79407501220703 446.57440185546875
67.80110168457031 446.5771179199219
67.80787658691406 446.5804138183594
67.8143539428711 446.5842590332031
67.82048034667969 446.588623046875
67.82621765136719 446.593505859375
67.8315200805664 446.5988464355469
67.83635711669922 446.6046142578125
67.84068298339844 446.61077880859375
67.84447479248047 446.6172790527344
67.84770965576172 446.62408447265625
67.85035705566406 446.6311340332031
67.85240173339844 446.63836669921875
67.85382843017578 446.645751953125
67.85462188720703 446.6532287597656
67.85478210449219 446.6607666015625
67.85430908203125 446.66827392578125
67.85320281982422 446.67572021484375
67.85147094726562 446.68304443359375
67.84912872314453 446.690185546875
67.84619140625 446.6971130371094
67.84268188476562 446.7037658691406
67.83863067626953 446.7100830078125
67.83406066894531 446.7160339355469
67.8290786743164 446.72149658203125
67.82475280761719 446.72552490234375
67.82914733886719 446.7220764160156
67.85807800292969 446.7030944824219
67.9047622680664 446.6777038574219
67.95614624023438 446.65496826171875
68.01026916503906 446.6361083984375
68.06520080566406 446.6218566894531
68.12158966064453 446.6120300292969
68.17485809326172 446.607177734375
68.18090057373047 446.60711669921875
68.17337799072266 446.6065368652344
68.1642837524414 446.60504150390625
68.15571594238281 446.6028747558594
68.14837646484375 446.600341796875
68.14139556884766 446.5972595214844
68.13478088378906 446.5936279296875
68.12850189208984 446.5894775390625
68.12260437011719 446.5848083496094
68.11711883544922 446.57965087890625
68.11209106445312 446.57403564453125
68.10755157470703 446.5680236816406
68.10353088378906 446.5616455078125
68.10006713867188 446.5549621582031
68.09717559814453 446.5480041503906
68.09487915039062 446.54083251953125
68.09320068359375 446.53350830078125
68.09214782714844 446.52606201171875
68.09172821044922 446.5185546875
68.0919418334961 446.5110168457031
68.09278869628906 446.5035400390625
68.0942611694336 446.49615478515625
68.09635162353516 446.4889221191406
68.09904479980469 446.4819030761719
68.10232543945312 446.4751281738281
68.10616302490234 446.4686584472656
68.11053466796875 446.4625244140625
68.11540985107422 446.456787109375
68.1207504272461 446.45147705078125
68.12651824951172 446.4466247558594
68.13267517089844 446.4422912597656
68.13917541503906 446.4384765625
68.1459732055664 446.43524169921875
68.15301513671875 446.4325866699219
68.16026306152344 446.4305419921875
68.16765594482422 446.4291076660156
68.17514038085938 446.4283142089844
68.18267059326172 446.4281311035156
68.190185546875 446.4285888671875
68.1976318359375 446.4296875
68.20496368408203 446.431396484375
68.21212005615234 446.4337158203125
68.21905517578125 446.4366455078125
68.22571563720703 446.4401550292969
68.23206329345703 446.4442138671875
68.23804473876953 446.44879150390625
68.24361419677734 446.453857421875
68.24874114990234 446.4593811035156
68.25338745117188 446.4653015136719
68.25751495361328 446.4715881347656
68.26109313964844 446.47821044921875
68.26409912109375 446.485107421875
68.26651763916016 446.49224853515625
68.26832580566406 446.49957275390625
68.2695083618164 446.50701904296875
68.27005767822266 446.5145263671875
68.26997375488281 446.5220642089844
68.26925659179688 446.5295715332031
68.26790618896484 446.5369873046875
68.26593780517578 446.54425048828125
68.26336669921875 446.55133056640625
68.26020812988281 446.55816650390625
68.25648498535156 446.564697265625
68.25222778320312 446.5708923339844
68.24746704101562 446.5766906738281
68.24229431152344 446.5820007324219
68.23869323730469 446.58514404296875
68.24717712402344 446.5789489746094
68.28804779052734 446.5539855957031
68.33287048339844 446.5314025878906
68.38495635986328 446.51031494140625
68.43934631347656 446.4932861328125
68.49491882324219 446.4807434082031
68.54972839355469 446.4729919433594
68.5997085571289 446.4700622558594
68.59465789794922 446.4699401855469
68.58680725097656 446.4690856933594
68.57781982421875 446.4673156738281
68.5699691772461 446.4650573730469
68.5627670288086 446.4623107910156
68.55595397949219 446.4590148925781
68.54946899414062 446.4551696777344
68.5433349609375 446.4508056640625
68.53759002685547 446.4459533691406
68.53227233886719 446.44061279296875
68.52742004394531 446.4348449707031
68.5230712890625 446.4287109375
68.51925659179688 446.4222106933594
68.51600646972656 446.4154052734375
68.51334381103516 446.4083557128906
68.51128387451172 446.401123046875
68.50984191894531 446.39373779296875
68.50902557373047 446.3862609863281
68.50884246826172 446.37872314453125
68.50929260253906 446.3712158203125
68.5103759765625 446.36376953125
68.5120849609375 446.3564453125
68.514404296875 446.3492736816406
68.51732635498047 446.34234619140625
68.52082061767578 446.3356628417969
68.52486419677734 446.3293151855469
68.52942657470703 446.3233337402344
68.53447723388672 446.3177490234375
68.53998565673828 446.3126220703125
68.54590606689453 446.3079833984375
68.55220031738281 446.3038330078125
68.5588150024414 446.30023193359375
68.56571197509766 446.2972106933594
68.57283782958984 446.2947692871094
68.58014678955078 446.2929382324219
68.58757781982422 446.291748046875
68.59508514404297 446.29119873046875
68.60261535644531 446.291259765625
68.610107421875 446.2919616699219
68.61751556396484 446.2933044433594
68.62478637695312 446.2952575683594
68.63186645507812 446.2978210449219
68.63870239257812 446.30096435546875
68.64524841308594 446.3046875
68.65145874023438 446.3089294433594
68.65728759765625 446.3136901855469
68.6626968383789 446.3189392089844
68.66764068603516 446.3246154785156
68.67208862304688 446.3306884765625
68.67601013183594 446.3371276855469
68.67937469482422 446.3438720703125
68.68215942382812 446.3508605957031
68.68434143066406 446.3580627441406
68.6859130859375 446.36541748046875
68.68685913085938 446.3728942871094
68.68717193603516 446.38043212890625
68.68684387207031 446.387939453125
68.68588256835938 446.3954162597656
68.68429565429688 446.40277099609375
68.68209838867188 446.40997314453125
68.6792984008789 446.4169616699219
68.67591857910156 446.4236755371094
68.67198944091797 446.4300842285156
68.66753387451172 446.4361267089844
68.66259002685547 446.4417724609375
68.6574935913086 446.4466857910156
68.6586685180664 446.44573974609375
68.67286682128906 446.43603515625
68.7107925415039 446.41448974609375
68.76000213623047 446.3916320800781
68.81079864501953 446.3729248046875
68.86502075195312 446.3578186035156
68.91901397705078 446.3474426269531
68.96940612792969 446.3419494628906
68.98782348632812 446.3414611816406
68.98040008544922 446.3410339355469
68.97171783447266 446.33978271484375
68.96355438232422 446.337890625
68.95611572265625 446.3354797363281
68.94911193847656 446.3325500488281
68.94243621826172 446.32904052734375
68.93608093261719 446.3249816894531
68.93009185791016 446.3204040527344
68.92450714111328 446.3153381347656
68.91937255859375 446.3098449707031
68.91471862792969 446.3039245605469
68.91058349609375 446.2976379394531
68.90699005126953 446.291015625
68.90396881103516 446.28411865234375
68.90154266357422 446.2769775390625
68.89972686767578 446.2696838378906
68.89852905273438 446.2622375488281
68.89796447753906 446.2547302246094
68.89803314208984 446.2471923828125
68.89874267578125 446.23968505859375
68.90007781982422 446.2322692871094
68.90203094482422 446.2250061035156
68.90459442138672 446.2179260253906
68.90774536132812 446.2110900878906
68.91146087646484 446.20452880859375
68.91571807861328 446.19830322265625
68.92047882080078 446.1924743652344
68.92572021484375 446.18707275390625
68.931396484375 446.18212890625
68.93746948242188 446.17767333984375
68.94389343261719 446.1737365722656
68.95063018798828 446.1703796386719
68.95762634277344 446.1676025390625
68.96482849121094 446.1654052734375
68.9721908569336 446.1638488769531
68.97966003417969 446.16290283203125
68.9871826171875 446.16259765625
68.99470520019531 446.1629333496094
69.0021743774414 446.16387939453125
69.00953674316406 446.16546630859375
69.01673889160156 446.16766357421875
69.02372741699219 446.17047119140625
69.03045654296875 446.1738586425781
69.03687286376953 446.17779541015625
69.04293823242188 446.1822509765625
69.0486068725586 446.18719482421875
69.0538330078125 446.192626953125
69.05858612060547 446.1984558105469
69.06282806396484 446.2046813964844
69.0665283203125 446.21124267578125
69.06966400146484 446.21807861328125
69.07221221923828 446.22515869140625
69.07415771484375 446.232421875
69.07547760009766 446.2398376464844
69.076171875 446.2473449707031
69.07623291015625 446.2548828125
69.07565307617188 446.26239013671875
69.07444763183594 446.2698059082031
69.07261657714844 446.277099609375
69.07017517089844 446.2842102050781
69.06714630126953 446.2911071777344
69.06354522705078 446.2976989746094
69.05940246582031 446.3039855957031
69.05474853515625 446.30987548828125
69.04965209960938 446.3153381347656
69.04536437988281 446.3192138671875
69.0499496459961 446.31573486328125
69.06916809082031 446.30352783203125
69.10973358154297 446.2822265625
69.15848541259766 446.2615051269531
69.20954895019531 446.24456787109375
69.2623062133789 446.23175048828125
69.31498718261719 446.2234191894531
69.35954284667969 446.2200622558594
69.35426330566406 446.22003173828125
69.34652709960938 446.21929931640625
69.33809661865234 446.2177734375
69.3304214477539 446.2156982421875
69.32323455810547 446.2131042480469
69.31637573242188 446.2099304199219
69.30982208251953 446.2062072753906
69.3036117553711 446.20196533203125
69.29778289794922 446.19720458984375
69.29237365722656 446.19195556640625
69.28742980957031 446.186279296875
69.2829818725586 446.1802062988281
69.27906036376953 446.17376708984375
69.27569580078125 446.1670227050781
69.27291107177734 446.1600341796875
69.2707290649414 446.15283203125
69.26915740966797 446.1454772949219
69.26821899414062 446.13800048828125
69.26791381835938 446.1304626464844
69.26824188232422 446.1229553222656
69.26920318603516 446.115478515625
69.27079010009766 446.1081237792969
69.27299499511719 446.1009216308594
69.27579498291016 446.09393310546875
69.2791748046875 446.08721923828125
69.28311157226562 446.080810546875
69.2875747680664 446.0747375488281
69.29253387451172 446.0690612792969
69.2979507446289 446.0638427734375
69.30379486083984 446.05908203125
69.31001281738281 446.0548400878906
69.31656646728516 446.0511474609375
69.32341003417969 446.0480041503906
69.33049774169922 446.04547119140625
69.33777618408203 446.04351806640625
69.3451919555664 446.0422058105469
69.35269165039062 446.04150390625
69.36022186279297 446.04144287109375
69.36772918701172 446.0420227050781
69.37516021728516 446.0432434082031
69.38246154785156 446.0450744628906
69.38957977294922 446.0475158691406
69.39646911621094 446.050537109375
69.403076171875 446.05413818359375
69.40935516357422 446.05828857421875
69.41526794433594 446.0629577636719
69.42076110839844 446.068115234375
69.4258041381836 446.0736999511719
69.43035888671875 446.0797119140625
69.43438720703125 446.0860595703125
69.4378662109375 446.0927429199219
69.4407730102539 446.0997009277344
69.44307708740234 446.10687255859375
69.44477081298828 446.11419677734375
69.44583892822266 446.12164306640625
69.44627380371094 446.129150390625
69.44607543945312 446.1366882324219
69.44524383544922 446.1441650390625
69.44378662109375 446.15155029296875
69.44171142578125 446.1587829589844
69.43903350830078 446.1658020019531
69.4357681274414 446.1725769042969
69.43194580078125 446.1790466308594
69.4275894165039 446.1851806640625
69.42273712158203 446.19091796875
69.41749572753906 446.1961364746094
69.4140396118164 446.19903564453125
69.42281341552734 446.19281005859375
69.45523834228516 446.1736755371094
69.49776458740234 446.1531066894531
69.54586029052734 446.134521484375
69.59827423095703 446.1190490722656
69.6500473022461 446.1082763671875
69.6969223022461 446.1024475097656
69.7306137084961 446.1010437011719
69.72340393066406 446.1007385253906
69.71480560302734 446.0996398925781
69.70689392089844 446.0979309082031
69.69951629638672 446.0956726074219
69.69244384765625 446.09283447265625
69.68571472167969 446.0894470214844
69.6792984008789 446.08551025390625
69.6732406616211 446.0810546875
69.6675796508789 446.0760803222656
69.662353515625 446.0706481933594
69.65760803222656 446.0648193359375
69.65336608886719 446.05859375
69.64966583251953 446.0520324707031
69.64653015136719 446.0451965332031
69.64398956298828 446.0381164550781
69.64205169677734 446.0308532714844
69.64073181152344 446.0234375
69.64004516601562 446.01593017578125
69.6399917602539 446.0083923339844
69.64057922363281 446.0008850097656
69.64179229736328 445.99346923828125
69.64363098144531 445.9861755371094
69.64608001708984 445.97906494140625
69.64911651611328 445.97216796875
69.65272521972656 445.9655456542969
69.65687561035156 445.9592590332031
69.66154479980469 445.9533386230469
69.66669464111328 445.9478454589844
69.67228698730469 445.94281005859375
69.67828369140625 445.9382629394531
69.68464660644531 445.9342346191406
69.69132232666016 445.9307556152344
69.69827270507812 445.9278564453125
69.7054443359375 445.9255676269531
69.71278381347656 445.92388916015625
69.7202377319336 445.9228210449219
69.72775268554688 445.9223937988281
69.73527526855469 445.922607421875
69.74275970458984 445.9234313964844
69.7501449584961 445.9248962402344
69.75737762451172 445.9269714355469
69.76441192626953 445.9296569824219
69.77119445800781 445.93292236328125
69.77767944335938 445.9367370605469
69.7838134765625 445.94110107421875
69.78955841064453 445.9459533691406
69.79487609863281 445.9512939453125
69.79972076416016 445.9570617675781
69.80406188964844 445.9632263183594
69.80786895751953 445.9697265625
69.81111907958984 445.9765319824219
69.81378173828125 445.98358154296875
69.81584167480469 445.9908142089844
69.8172836303711 445.9981994628906
69.81809997558594 446.00567626953125
69.81828308105469 446.0132141113281
69.81782531738281 446.0207214355469
69.81673431396484 446.0281677246094
69.81502532958984 446.0354919433594
69.81269836425781 446.04266357421875
69.80977630615234 446.0495910644531
69.80628204345703 446.0562438964844
69.80223846435547 446.0625915527344
69.79767608642578 446.0685729980469
69.79263305664062 446.0741271972656
69.78751373291016 446.0788879394531
69.7853775024414 446.08056640625
69.79863739013672 446.07183837890625
69.82872009277344 446.0554504394531
69.8744125366211 446.03521728515625
69.92276763916016 446.0184020996094
69.97306823730469 446.0054016113281
70.0238265991211 445.9966125488281
70.06359100341797 445.9930419921875
70.06135559082031 445.9930419921875
70.0536880493164 445.992431640625
70.04560852050781 445.9910888671875
70.03804779052734 445.9891662597656
70.0308609008789 445.9866943359375
70.02396392822266 445.983642578125
70.0173568725586 445.9800109863281
70.0110855102539 445.9758605957031
70.00518798828125 445.97119140625
69.99970245361328 445.9660339355469
69.99467468261719 445.9604187011719
69.9901351928711 445.95440673828125
69.98612213134766 445.9480285644531
69.98265838623047 445.94134521484375
69.97977447509766 445.93438720703125
69.97748565673828 445.9272155761719
69.9758071899414 445.91986083984375
69.9747543334961 445.91241455078125
69.97433471679688 445.9049072265625
69.97454833984375 445.8973693847656
69.97539520263672 445.889892578125
69.97687530517578 445.88250732421875
69.97897338867188 445.8752746582031
69.98167419433594 445.8682556152344
69.98495483398438 445.8614807128906
69.9887924194336 445.8550109863281
69.9931640625 445.848876953125
69.99803924560547 445.8431396484375
70.00337982177734 445.83782958984375
70.00914764404297 445.8329772949219
70.01530456542969 445.8286437988281
70.02180480957031 445.8248596191406
70.02860260009766 445.8216247558594
70.03565216064453 445.8189697265625
70.04290008544922 445.8169250488281
70.05029296875 445.81549072265625
70.05777740478516 445.814697265625
70.0653076171875 445.8145446777344
70.07282257080078 445.81500244140625
70.08026885986328 445.81610107421875
70.08760070800781 445.8178405761719
70.09475708007812 445.8201904296875
70.10169219970703 445.8231201171875
70.10835266113281 445.8266296386719
70.11469268798828 445.8306884765625
70.12067413330078 445.83526611328125
70.1262435913086 445.84033203125
70.1313705444336 445.8458557128906
70.1360092163086 445.8517761230469
70.14012908935547 445.8580627441406
70.14370727539062 445.86468505859375
70.14671325683594 445.87158203125
70.14912414550781 445.87872314453125
70.15092468261719 445.88604736328125
70.15210723876953 445.89349365234375
70.15265655517578 445.9010009765625
70.15257263183594 445.9085388183594
70.15184783935547 445.9160461425781
70.15049743652344 445.9234619140625
70.14852905273438 445.93072509765625
70.14595031738281 445.93780517578125
70.14278411865234 445.94464111328125
70.1390609741211 445.951171875
70.13479614257812 445.9573669433594
70.1300277709961 445.9631652832031
70.12480163574219 445.9685363769531
70.11983489990234 445.97283935546875
70.12451171875 445.96942138671875
70.14237976074219 445.9585266113281
70.17353057861328 445.94293212890625
70.2203369140625 445.92413330078125
70.27052307128906 445.9085998535156
70.31958770751953 445.897705078125
70.36460876464844 445.89154052734375
70.3953857421875 445.889892578125
70.38816833496094 445.8896789550781
70.37995147705078 445.88873291015625
70.3722152709961 445.8871765136719
70.36477661132812 445.885009765625
70.35769653320312 445.88226318359375
70.35092163085938 445.87896728515625
70.34445190429688 445.8751220703125
70.33833312988281 445.8707275390625
70.33260345458984 445.8658447265625
70.32730865478516 445.8605041503906
70.3224868774414 445.854736328125
70.31816864013672 445.84857177734375
70.31438446044922 445.8420715332031
70.31116485595703 445.83526611328125
70.30853271484375 445.8282165527344
70.30650329589844 445.8209533691406
70.30509185791016 445.8135681152344
70.30430603027344 445.80609130859375
70.30415344238281 445.7985534667969
70.30464172363281 445.7910461425781
70.3057632446289 445.7835998535156
70.30750274658203 445.7762756347656
70.30986022949219 445.7691345214844
70.31280517578125 445.76220703125
70.31632995605469 445.75555419921875
70.32040405273438 445.74920654296875
70.32499694824219 445.74322509765625
70.330078125 445.7376708984375
70.33560943603516 445.7325744628906
70.341552734375 445.7279357910156
70.34786224365234 445.72381591796875
70.3544921875 445.7202453613281
70.36140441894531 445.7172546386719
70.36854553222656 445.71484375
70.37586212158203 445.7130432128906
70.38330078125 445.7118835449219
70.39080810546875 445.71136474609375
70.3983383178711 445.7114562988281
70.40583038330078 445.7121887207031
70.4132308959961 445.71356201171875
70.42049407958984 445.7155456542969
70.42755889892578 445.7181396484375
70.43437957763672 445.7213134765625
70.44091033935547 445.7250671386719
70.44710540771484 445.7293395996094
70.45291137695312 445.734130859375
70.45829772949219 445.7393798828125
70.46321868896484 445.7450866699219
70.46764373779297 445.7511901855469
70.4715347290039 445.75762939453125
70.47486877441406 445.7643737792969
70.47762298583984 445.7713928222656
70.47977447509766 445.7785949707031
70.48131561279297 445.7859802246094
70.48222351074219 445.79345703125
70.48249816894531 445.8009948730469
70.48213958740234 445.8085021972656
70.48114776611328 445.81597900390625
70.47953033447266 445.8233337402344
70.47730255126953 445.8305358886719
70.47447204589844 445.8375244140625
70.4710693359375 445.84423828125
70.46710968017578 445.85064697265625
70.4626235961914 445.856689453125
70.45764923095703 445.8623352050781
70.45232391357422 445.867431640625
70.44906616210938 445.87005615234375
70.45870971679688 445.863525390625
70.48304748535156 445.849853515625
70.51944732666016 445.8332214355469
70.56304931640625 445.8174743652344
70.60716247558594 445.8055419921875
70.65143585205078 445.79736328125
70.6921615600586 445.79327392578125
70.69650268554688 445.793212890625
70.68889617919922 445.7926940917969
70.68099975585938 445.7914733886719
70.67350006103516 445.7896728515625
70.66630554199219 445.78729248046875
70.65936279296875 445.7843017578125
70.65271759033203 445.78076171875
70.64640045166016 445.77667236328125
70.64044952392578 445.7720642089844
70.6349105834961 445.7669677734375
70.62982177734375 445.76141357421875
70.62521362304688 445.7554626464844
70.62112426757812 445.7491455078125
70.61758422851562 445.74249267578125
70.61461639404297 445.7355651855469
70.61224365234375 445.7284240722656
70.61048126220703 445.7210998535156
70.60934448242188 445.7136535644531
70.60884094238281 445.7061462402344
70.60897064208984 445.6986083984375
70.60973358154297 445.6911315917969
70.61112976074219 445.6837463378906
70.61314392089844 445.6764831542969
70.61576080322266 445.66943359375
70.61896514892578 445.6626281738281
70.62273406982422 445.6560974121094
70.62703704833984 445.6499328613281
70.63184356689453 445.6441345214844
70.63712310791016 445.6387634277344
70.64283752441406 445.63385009765625
70.64894104003906 445.62945556640625
70.6553955078125 445.6255798339844
70.66215515136719 445.62225341796875
70.66917419433594 445.6195068359375
70.6763916015625 445.61737060546875
70.68376922607422 445.6158447265625
70.69124603271484 445.6149597167969
70.69876861572266 445.6147155761719
70.70629119873047 445.6151123046875
70.71375274658203 445.6161193847656
70.72109985351562 445.6177673339844
70.72828674316406 445.6200256347656
70.7352523803711 445.62286376953125
70.74195098876953 445.62628173828125
70.74833679199219 445.6302795410156
70.75436401367188 445.6347961425781
70.75999450683594 445.6398010253906
70.76518249511719 445.645263671875
70.76988983154297 445.6511535644531
70.77408599853516 445.65740966796875
70.77774047851562 445.66400146484375
70.78082275390625 445.6708679199219
70.78331756591797 445.677978515625
70.78520202636719 445.6852722167969
70.78646850585938 445.69268798828125
70.78710174560547 445.7001953125
70.78710174560547 445.7077331542969
70.78646850585938 445.7152404785156
70.78520202636719 445.72265625
70.78331756591797 445.7299499511719
70.78082275390625 445.737060546875
70.77774047851562 445.7439270019531
70.77408599853516 445.7505187988281
70.76988983154297 445.75677490234375
70.76519012451172 445.76263427734375
70.760009765625 445.7680969238281
70.75460815429688 445.77288818359375
70.7507095336914 445.77581787109375
70.76356506347656 445.7677917480469
70.79203033447266 445.753173828125
70.83052825927734 445.73724365234375
70.87459564208984 445.72314453125
70.92057800292969 445.71246337890625
70.96160125732422 445.7064514160156
70.9896011352539 445.7046813964844
70.98536682128906 445.70458984375
70.97763061523438 445.7037658691406
70.96990203857422 445.7022705078125
70.96251678466797 445.7001953125
70.9554443359375 445.6975402832031
70.94863891601562 445.6943054199219
70.94213104248047 445.6905212402344
70.93596649169922 445.6861877441406
70.93019104003906 445.6813659667969
70.92484283447266 445.6760559082031
70.91996002197266 445.6703186035156
70.91558074951172 445.6641845703125
70.91173553466797 445.65771484375
70.908447265625 445.65093994140625
70.9057388305664 445.6439208984375
70.90363311767578 445.6366882324219
70.90214538574219 445.6293029785156
70.90129089355469 445.621826171875
70.90106964111328 445.6142883300781
70.90148162841797 445.6067810058594
70.90252685546875 445.5993347167969
70.9041976928711 445.59197998046875
70.90647888183594 445.5848083496094
70.90935516357422 445.5778503417969
70.91281127929688 445.5711669921875
70.91681671142578 445.5647888183594
70.92134857177734 445.55877685546875
70.9263687133789 445.55316162109375
70.93184661865234 445.5480041503906
70.937744140625 445.5433044433594
70.94401550292969 445.53912353515625
70.95061492919922 445.5354919433594
70.9574966430664 445.5324401855469
70.96460723876953 445.52996826171875
70.9719009399414 445.5281066894531
70.97932434082031 445.5268859863281
70.98683166503906 445.5262756347656
70.9943618774414 445.52630615234375
71.00186157226562 445.5269775390625
71.00927734375 445.52825927734375
71.01655578613281 445.5301818847656
71.02365112304688 445.53271484375
71.03050994873047 445.53582763671875
71.03707885742188 445.5395202636719
71.0433120727539 445.5437316894531
71.0491714477539 445.5484619140625
71.05461120605469 445.5536804199219
71.05958557128906 445.559326171875
71.06407165527344 445.56536865234375
71.06803131103516 445.57177734375
71.0714340209961 445.5784912109375
71.07425689697266 445.5854797363281
71.07648468017578 445.5926818847656
71.07809448242188 445.60003662109375
71.0790786743164 445.6075134277344
71.07942962646484 445.6150207519531
71.07914733886719 445.62255859375
71.07823181152344 445.6300354003906
71.07669067382812 445.63739013671875
71.07453155517578 445.64459228515625
71.07176971435547 445.6515808105469
71.06842803955078 445.6583251953125
71.06452941894531 445.6647644042969
71.06010437011719 445.67083740234375
71.05518341064453 445.676513671875
71.0498275756836 445.6817321777344
71.04493713378906 445.6857604980469
71.04569244384766 445.68524169921875
71.06490325927734 445.6742248535156
71.09661102294922 445.6593933105469
71.13641357421875 445.6446228027344
71.17667388916016 445.63336181640625
71.2170639038086 445.6255798339844
71.25344848632812 445.6216125488281
71.27349853515625 445.62109375
71.26612854003906 445.62066650390625
71.25834655761719 445.6195373535156
71.25088500976562 445.6177978515625
71.24365234375 445.6154479980469
71.2366943359375 445.6125183105469
71.23001861572266 445.6090393066406
71.22366333007812 445.6050109863281
71.2176742553711 445.6004638671875
71.21208953857422 445.5954284667969
71.20694732666016 445.5899353027344
71.20228576660156 445.5840148925781
71.1981430053711 445.5777282714844
71.19454193115234 445.57110595703125
71.19151306152344 445.564208984375
71.18907928466797 445.5570983886719
71.187255859375 445.5498046875
71.18605041503906 445.5423583984375
71.18547821044922 445.53485107421875
71.18553924560547 445.5273132324219
71.18623352050781 445.5198059082031
71.18756103515625 445.51239013671875
71.18950653076172 445.505126953125
71.19206237792969 445.498046875
71.19520568847656 445.4912109375
71.19891357421875 445.4846496582031
71.20316314697266 445.4784240722656
71.20791625976562 445.47259521484375
71.21315002441406 445.4671936035156
71.21881866455078 445.4622497558594
71.22488403320312 445.4577941894531
71.23130798339844 445.453857421875
71.238037109375 445.4504699707031
71.24502563476562 445.4476623535156
71.25222778320312 445.4454650878906
71.25959014892578 445.4438781738281
71.26705932617188 445.44293212890625
71.27458190917969 445.442626953125
71.2821044921875 445.44293212890625
71.2895736694336 445.4438781738281
71.29693603515625 445.4454650878906
71.30413818359375 445.4476623535156
71.3111343383789 445.450439453125
71.31786346435547 445.45379638671875
71.32428741455078 445.4577331542969
71.33036041259766 445.4621887207031
71.3360366821289 445.4671325683594
71.34127044677734 445.4725341796875
71.34603118896484 445.4783630371094
71.35028076171875 445.4845886230469
71.35398864746094 445.49114990234375
71.35713195800781 445.49798583984375
71.35968780517578 445.50506591796875
71.36164093017578 445.5123291015625
71.36296844482422 445.5197448730469
71.3636703491211 445.5272521972656
71.36373901367188 445.5347900390625
71.36316680908203 445.54229736328125
71.36196899414062 445.54974365234375
71.36014556884766 445.5570373535156
71.35771179199219 445.56414794921875
71.35469055175781 445.571044921875
71.3510971069336 445.5776672363281
71.34696197509766 445.5839538574219
71.3423080444336 445.5898742675781
71.33717346191406 445.5953674316406
71.33174896240234 445.60028076171875
71.3272933959961 445.6036682128906
71.3310546875 445.6012878417969
71.35453033447266 445.5889892578125
71.38866424560547 445.5745544433594
71.42906188964844 445.561279296875
71.46782684326172 445.5519714355469
71.5046615600586 445.5462951660156
71.52792358398438 445.5446472167969
71.52352905273438 445.5445861816406
71.51583099365234 445.5438232421875
71.5081787109375 445.54241943359375
71.50081634521484 445.5404052734375
71.49373626708984 445.5378112792969
71.48690795898438 445.5346374511719
71.48037719726562 445.5308837890625
71.47418212890625 445.526611328125
71.46837615966797 445.5218200683594
71.4629898071289 445.5165710449219
71.45806884765625 445.5108642578125
71.45364379882812 445.5047607421875
71.44975280761719 445.4983215332031
71.44641876220703 445.4915771484375
71.44366455078125 445.48455810546875
71.44151306152344 445.47735595703125
71.43997955322266 445.469970703125
71.43907165527344 445.4624938964844
71.43879699707031 445.4549560546875
71.43915557861328 445.44744873046875
71.44014739990234 445.4399719238281
71.44176483154297 445.4326171875
71.44400024414062 445.4254150390625
71.44683074951172 445.4184265136719
71.45024108886719 445.4117126464844
71.45420837402344 445.4053039550781
71.45869445800781 445.3992614746094
71.46367645263672 445.39361572265625
71.4691162109375 445.3883972167969
71.4749755859375 445.3836669921875
71.48121643066406 445.37945556640625
71.48778533935547 445.37579345703125
71.49464416503906 445.3726806640625
71.50173950195312 445.37017822265625
