59.69191360473633 449.6744384765625
59.38358688354492 449.3113708496094
59.09468078613281 448.93267822265625
58.825984954833984 448.5393981933594
58.57823944091797 448.1325988769531
58.35211944580078 447.71337890625
58.14824676513672 447.28289794921875
57.96718215942383 446.84234619140625
57.809417724609375 446.3929138183594
57.67538833618164 445.93585205078125
57.56369400024414 445.4656982421875
57.466392517089844 444.94287109375
57.39350891113281 444.4151916503906
57.345340728759766 443.8846130371094
57.321998596191406 443.3523864746094
57.32353591918945 442.81964111328125
57.349945068359375 442.28753662109375
57.40116882324219 441.75726318359375
57.47709655761719 441.2299499511719
57.57756423950195 440.7067565917969
57.70235061645508 440.1888122558594
57.8511848449707 439.6772766113281
58.02374267578125 439.1732482910156
58.21964645385742 438.6778259277344
58.43846893310547 438.19207763671875
58.67973327636719 437.7170715332031
58.94291305541992 437.2538757324219
59.22743225097656 436.803466796875
59.53267288208008 436.3668212890625
59.857967376708984 435.9449157714844
60.202606201171875 435.5386657714844
60.56584167480469 435.14892578125
60.946876525878906 434.7765808105469
61.344879150390625 434.42242431640625
61.75898361206055 434.0872497558594
62.18828582763672 433.77178955078125
62.63184356689453 433.4767150878906
63.08855438232422 433.2027587890625
63.55715560913086 432.95068359375
64.03307342529297 432.7228088378906
64.5160903930664 432.5190734863281
64.97943115234375 432.34991455078125
65.41938781738281 432.21490478515625
65.85198974609375 432.1076354980469
66.28434753417969 432.0256652832031
66.72029113769531 431.9680480957031
67.15876770019531 431.9349365234375
67.59840393066406 431.9264221191406
68.03782653808594 431.9425354003906
68.47566223144531 431.98321533203125
68.91053009033203 432.04833984375
69.34107208251953 432.1377258300781
69.76593017578125 432.2510681152344
70.18377685546875 432.3880310058594
70.59330749511719 432.54815673828125
70.99322509765625 432.73095703125
71.38228607177734 432.93585205078125
71.75926208496094 433.1622009277344
72.12297821044922 433.4093017578125
72.4722900390625 433.6763916015625
72.80609893798828 433.9626159667969
73.12342834472656 434.2671203613281
73.42411041259766 434.58984375
73.71549987792969 434.93939208984375
73.98766326904297 435.3045959472656
74.25686645507812 435.7088317871094
74.52727508544922 436.16180419921875
74.77775573730469 436.630126953125
75.0052261352539 437.1081237792969
75.18096160888672 437.5313415527344
75.33406066894531 437.96484375
75.46359252929688 438.4061584472656
75.569580078125 438.8556213378906
75.65167999267578 439.3122863769531
75.70940399169922 439.7740173339844
75.74263763427734 440.24090576171875
75.7511978149414 440.71356201171875
75.73480987548828 441.1896057128906
75.69353485107422 441.66412353515625
75.62747955322266 442.1358337402344
75.53683471679688 442.60345458984375
75.4226303100586 443.0621643066406
75.2875747680664 443.5029602050781
75.12406158447266 443.9503173828125
74.93736267089844 444.3885192871094
74.72752380371094 444.8173522949219
74.4841079711914 445.2565612792969
74.21158599853516 445.6960144042969
73.9144058227539 446.1275939941406
73.5964584350586 446.54534912109375
73.25772857666016 446.9491882324219
72.89990997314453 447.3370056152344
72.52457427978516 447.70709228515625
72.13329315185547 448.0579833984375
71.72854614257812 448.3875732421875
71.34461212158203 448.6694641113281
70.94644927978516 448.9308776855469
70.53515625 449.1711120605469
70.11185455322266 449.3894958496094
69.67770385742188 449.5854187011719
69.23389434814453 449.75836181640625
68.78164672851562 449.9078369140625
68.32219696044922 450.033447265625
67.85680389404297 450.1348571777344
67.3867416381836 450.2117614746094
66.91329956054688 450.26397705078125
66.43777465820312 450.29132080078125
65.96146392822266 450.29376220703125
65.48567962646484 450.2712707519531
65.01172637939453 450.2239074707031
64.54090118408203 450.1518249511719
64.07449340820312 450.05517578125
63.6137809753418 449.93426513671875
63.16002655029297 449.7894287109375
62.714473724365234 449.62103271484375
62.278343200683594 449.4295654296875
61.85282897949219 449.21551513671875
61.4390983581543 448.9794921875
61.03828430175781 448.7221374511719
60.651485443115234 448.4441833496094
60.279762268066406 448.1463623046875
59.92413330078125 447.8294982910156
59.5855712890625 447.49444580078125
59.26500701904297 447.14215087890625
58.96331787109375 446.7735595703125
58.68132781982422 446.3896789550781
58.4198112487793 445.9915771484375
58.17948532104492 445.580322265625
57.96100997924805 445.1570739746094
57.76498031616211 444.72296142578125
57.59193420410156 444.2792053222656
57.44234848022461 443.8269958496094
57.31663131713867 443.3675842285156
57.21150588989258 442.8873596191406
57.12310791015625 442.36212158203125
57.05931854248047 441.8332214355469
57.020294189453125 441.3019104003906
57.00612258911133 440.76934814453125
57.01683044433594 440.2366943359375
57.052398681640625 439.70513916015625
57.11274719238281 439.1758117675781
57.19774627685547 438.6498718261719
57.30720901489258 438.12847900390625
57.440895080566406 437.6127624511719
57.598514556884766 437.1038513183594
57.77972412109375 436.6028747558594
57.984130859375 436.11090087890625
58.21128463745117 435.6289978027344
58.460693359375 435.1582336425781
58.7318115234375 434.6996154785156
59.024044036865234 434.2541809082031
59.33675765991211 433.8228759765625
59.66926956176758 433.4066162109375
60.02085494995117 433.00634765625
60.3907470703125 432.6229248046875
60.77813720703125 432.2572021484375
61.18218231201172 431.90997314453125
61.60199737548828 431.58197021484375
62.03666687011719 431.27392578125
62.48519515991211 430.986572265625
62.94651794433594 430.7205505371094
63.41924285888672 430.4766540527344
63.89790725708008 430.257568359375
64.3824462890625 430.0630798339844
64.84343719482422 429.904052734375
65.27594757080078 429.7801208496094
65.70574188232422 429.682373046875
66.1395263671875 429.60894775390625
66.57650756835938 429.5599365234375
67.01554870605469 429.53546142578125
67.45526885986328 429.5356140136719
67.894287109375 429.56036376953125
68.33123016357422 429.6096496582031
68.76473236083984 429.6833190917969
69.19342803955078 429.7811584472656
69.61597442626953 429.90283203125
70.03104400634766 430.0479736328125
70.43733978271484 430.21612548828125
70.83358764648438 430.4067687988281
71.21854400634766 430.6192932128906
71.59099578857422 430.85302734375
71.94977569580078 431.10723876953125
72.29376220703125 431.3811340332031
72.62187957763672 431.6738586425781
72.93316650390625 431.9845886230469
73.22767639160156 432.31341552734375
73.51215362548828 432.66864013671875
73.79499816894531 433.06292724609375
74.08125305175781 433.5066223144531
74.34429168701172 433.9601135253906
74.58936309814453 434.4326477050781
74.8115234375 434.9150085449219
74.9984359741211 435.3786926269531
75.1479721069336 435.8135681152344
75.27410888671875 436.2568359375
75.37644958496094 436.7073059082031
75.45484924316406 437.1648254394531
75.50883483886719 437.6272277832031
75.53829193115234 438.0946350097656
75.54302978515625 438.56768798828125
75.52279663085938 439.0435791015625
75.47769165039062 439.51776123046875
75.40782928466797 439.9889221191406
75.31442260742188 440.4501037597656
75.20294952392578 440.8792724609375
75.06671905517578 441.30517578125
74.89741516113281 441.7503967285156
74.70504760742188 442.1861267089844
74.48606872558594 442.6197509765625
74.2347412109375 443.0608215332031
73.95590209960938 443.4991760253906
73.6551742553711 443.9253845214844
73.33210754394531 444.33984375
72.9887924194336 444.73968505859375
72.62686157226562 445.12298583984375
72.24799346923828 445.48797607421875
71.85387420654297 445.8331298828125
71.44784545898438 446.1557312011719
71.06050109863281 446.43292236328125
70.6591796875 446.6894836425781
70.24498748779297 446.9246826171875
69.81905364990234 447.13787841796875
69.3825454711914 447.3284912109375
68.93666076660156 447.4960021972656
68.48262023925781 447.63995361328125
68.02166748046875 447.75994873046875
67.55506896972656 447.85565185546875
67.08409881591797 447.92681884765625
66.61005401611328 447.9732360839844
66.13423156738281 447.9947814941406
65.65792846679688 447.99139404296875
65.18245697021484 447.9631042480469
64.70911407470703 447.90997314453125
64.23920440673828 447.8321533203125
63.774009704589844 447.7298278808594
63.31480407714844 447.6033020019531
62.862850189208984 447.45294189453125
62.41938400268555 447.27911376953125
61.98562240600586 447.08233642578125
61.56275177001953 446.8631286621094
61.15193176269531 446.6221008300781
60.75428771972656 446.3598937988281
60.370906829833984 446.0772399902344
60.002845764160156 445.77490234375
59.65110778808594 445.4537353515625
59.31665802001953 445.1145935058594
59.00041198730469 444.7584228515625
58.70323944091797 444.38616943359375
58.42595291137695 443.9989013671875
58.1693115234375 443.5976257324219
57.934017181396484 443.1834716796875
57.72071838378906 442.7575988769531
57.529998779296875 442.3211364746094
57.36237716674805 441.87530517578125
57.218318939208984 441.4212951660156
57.09821319580078 440.9603576660156
56.98998260498047 440.4405822753906
56.90591812133789 439.91461181640625
56.84649658203125 439.38519287109375
56.81186294555664 438.85357666015625
56.80208969116211 438.3209228515625
56.817195892333984 437.78839111328125
56.85715103149414 437.25714111328125
56.92186737060547 436.72833251953125
57.01120376586914 436.203125
57.12496566772461 435.6826477050781
57.26290512084961 435.1680603027344
57.42472457885742 434.6604919433594
57.61006546020508 434.1610107421875
57.81852722167969 433.6707458496094
58.049652099609375 433.19073486328125
58.30293655395508 432.7220458984375
58.57783126831055 432.26568603515625
58.87373352050781 431.8226623535156
59.189998626708984 431.3939514160156
59.525936126708984 430.98046875
59.88081359863281 430.5831298828125
60.25385665893555 430.2027893066406
60.64425277709961 429.84027099609375
61.0511474609375 429.4963684082031
61.473655700683594 429.1718444824219
61.910850524902344 428.8674011230469
62.36172103881836 428.5837707519531
62.825164794921875 428.32159423828125
63.29966354370117 428.08172607421875
63.78226852416992 427.8655700683594
64.26559448242188 427.6761779785156
64.73519897460938 427.5183410644531
65.17100524902344 427.39697265625
65.60121154785156 427.30242919921875
66.03544616699219 427.2322082519531
66.47277069091797 427.1864318847656
66.91197967529297 427.1651916503906
67.3516845703125 427.1685791015625
67.79051208496094 427.1965637207031
68.22708129882812 427.24908447265625
68.66002655029297 427.3259582519531
69.0879898071289 427.42694091796875
69.50962829589844 427.5517272949219
69.92362213134766 427.6999206542969
70.32866668701172 427.8710632324219
70.72349548339844 428.0646057128906
71.10687255859375 428.27996826171875
71.47759246826172 428.5164489746094
71.8344955444336 428.7733154296875
72.17645263671875 429.04974365234375
72.50241088867188 429.3448791503906
72.81141662597656 429.65789794921875
73.10748291015625 429.9931945800781
73.38953399658203 430.350341796875
73.6874008178711 430.770263671875
73.97052764892578 431.21295166015625
74.23595428466797 431.6744689941406
74.4796371459961 432.1481018066406
74.70079040527344 432.6322937011719
74.89685821533203 433.1211853027344
75.0459976196289 433.5555725097656
75.17172241210938 433.9982604980469
75.27363586425781 434.44805908203125
75.35179138183594 434.90582275390625
75.40553283691406 435.3684997558594
75.43473815917969 435.8362121582031
75.43917846679688 436.3080139160156
75.41862487792969 436.78387451171875
75.37319946289062 437.2580261230469
75.30302429199219 437.7291564941406
75.21285247802734 438.1705322265625
75.09979248046875 438.60125732421875
74.96424865722656 439.0209655761719
74.80316925048828 439.4388427734375
74.60821533203125 439.8734436035156
74.38227844238281 440.31488037109375
74.13057708740234 440.7513732910156
73.85050201416016 441.1864318847656
73.54624938964844 441.6127014160156
73.2215805053711 442.0246276855469
72.87652587890625 442.422119140625
72.5128402709961 442.80303955078125
72.13229370117188 443.16558837890625
71.7365951538086 443.5082092285156
71.32904815673828 443.8282775878906
70.94013977050781 444.103271484375
70.5373764038086 444.3575439453125
70.12185668945312 444.59039306640625
69.6947250366211 444.8011779785156
69.25714874267578 444.98931884765625
68.8103256225586 445.154296875
68.35547637939453 445.2956848144531
67.89385223388672 445.4130859375
67.42671966552734 445.50616455078125
66.95536041259766 445.5746765136719
66.4810562133789 445.618408203125
66.00511932373047 445.63726806640625
65.52884674072266 445.6311950683594
65.05354309082031 445.6002197265625
64.58051300048828 445.5444030761719
64.11104583740234 445.4638977050781
63.64643859863281 445.35894775390625
63.187957763671875 445.2298278808594
62.73686218261719 445.076904296875
62.29438781738281 444.90057373046875
61.86174392700195 444.7013244628906
61.440120697021484 444.4797058105469
61.030670166015625 444.236328125
60.63451385498047 443.97186279296875
60.25273895263672 443.6870422363281
59.88639450073242 443.38262939453125
59.53647994995117 443.0594787597656
59.203956604003906 442.71844482421875
58.889732360839844 442.3604736328125
58.594669342041016 441.9865417480469
58.319580078125 441.5976867675781
58.06521224975586 441.1949768066406
57.83226776123047 440.7795104980469
57.62138366699219 440.3524169921875
57.433135986328125 439.9148864746094
57.268043518066406 439.4681091308594
57.126556396484375 439.0133056640625
57.009063720703125 438.55169677734375
56.90365982055664 438.0307922363281
56.822540283203125 437.50433349609375
56.76608657836914 436.9745788574219
56.734432220458984 436.4427795410156
56.72764205932617 435.9100646972656
56.745731353759766 435.37762451171875
56.78866195678711 434.84661865234375
56.85634231567383 434.31817626953125
56.94862365722656 433.7934875488281
57.065303802490234 433.273681640625
57.20612716674805 432.7598876953125
57.37078857421875 432.2532043457031
57.55892562866211 431.7547912597656
57.7701301574707 431.26568603515625
58.00394058227539 430.7869873046875
58.259849548339844 430.3197326660156
58.537296295166016 429.86492919921875
58.83567810058594 429.423583984375
59.15433883666992 428.99664306640625
59.49258804321289 428.5850524902344
59.84968566894531 428.189697265625
60.224853515625 427.8114318847656
60.61727523803711 427.45111083984375
61.026092529296875 427.1094970703125
61.45041275024414 426.787353515625
61.88928985595703 426.4853820800781
62.34172058105469 426.20428466796875
62.80654525756836 425.94476318359375
63.282066345214844 425.7077331542969
63.76471710205078 425.494873046875
64.24553680419922 425.30975341796875
64.7095947265625 425.1571350097656
65.14324188232422 425.0396423339844
65.5758056640625 424.94781494140625
66.01055145263672 424.880615234375
66.44818878173828 424.837890625
66.88753509521484 424.8197326660156
67.32720947265625 424.8262023925781
67.76583099365234 424.8572692871094
68.2020263671875 424.912841796875
68.6344223022461 424.99273681640625
69.0616683959961 425.0967102050781
69.482421875 425.2244567871094
69.89537048339844 425.37554931640625
70.29920959472656 425.5495300292969
70.69267272949219 425.745849609375
71.07453155517578 425.9638671875
71.44358825683594 426.20294189453125
71.7986831665039 426.4622802734375
72.13870239257812 426.7410888671875
72.46258544921875 427.03851318359375
72.76942443847656 427.3537292480469
73.06468963623047 427.69281005859375
73.35655212402344 428.0668029785156
73.66011810302734 428.4985656738281
73.94503021240234 428.9472351074219
74.20923614501953 429.4097595214844
74.45158386230469 429.8841552734375
74.67147827148438 430.3692932128906
74.86788177490234 430.86279296875
75.01602172851562 431.29766845703125
75.14098358154297 431.74163818359375
75.24190521240234 432.1918640136719
75.3190689086914 432.65008544921875
75.3718032836914 433.1131591796875
75.39999389648438 433.5812683105469
75.40340423583984 434.0534362792969
75.38182830810547 434.5287170410156
75.3353500366211 435.00274658203125
75.26464080810547 435.4696350097656
75.17469787597656 435.9032287597656
75.06124877929688 436.3291320800781
74.92436981201172 436.74737548828125
74.76397705078125 437.1582336425781
74.56700897216797 437.5919189453125
74.34078216552734 438.0287170410156
74.08335876464844 438.4703674316406
73.80244445800781 438.9025573730469
73.49685668945312 439.32659912109375
73.16949462890625 439.73809814453125
72.8222885131836 440.1344909667969
72.4571533203125 440.5135498046875
72.07515716552734 440.8742370605469
71.67868041992188 441.21441650390625
71.26962280273438 441.53265380859375
70.85435485839844 441.8244323730469
70.45122528076172 442.078125
70.03536987304688 442.3103942871094
69.60889434814453 442.52008056640625
69.17102813720703 442.7075500488281
68.72394561767578 442.8718566894531
68.26888275146484 443.0125427246094
67.80708312988281 443.12921142578125
67.33980560302734 443.2215576171875
66.86833953857422 443.2893371582031
66.39397430419922 443.33233642578125
65.91800689697266 443.3504638671875
65.44174194335938 443.3436584472656
64.96648406982422 443.31195068359375
64.49353790283203 443.2554016113281
64.02420043945312 443.1741943359375
63.55975341796875 443.06854248046875
63.101470947265625 442.938720703125
62.650611877441406 442.78509521484375
62.20840835571289 442.60809326171875
61.77607345581055 442.408203125
61.35478973388672 442.1859436035156
60.94571304321289 441.94195556640625
60.549964904785156 441.6768798828125
60.16862869262695 441.3914794921875
59.80274963378906 441.0865173339844
59.453330993652344 440.7628173828125
59.12133026123047 440.4212646484375
58.807655334472656 440.06280517578125
58.51316833496094 439.6884460449219
58.23867416381836 439.2991638183594
57.984928131103516 438.89605712890625
57.752620697021484 438.480224609375
57.54239273071289 438.0528259277344
57.35481643676758 437.614990234375
57.19041061401367 437.1679382324219
57.04962158203125 436.7129211425781
56.93283462524414 436.25115966796875
56.82888412475586 435.7329406738281
56.748756408691406 435.20648193359375
56.69328308105469 434.6766357421875
56.6626091003418 434.144775390625
56.656803131103516 433.612060546875
56.67587661743164 433.07965087890625
56.71978759765625 432.5487060546875
56.7884407043457 432.0203857421875
56.88168716430664 431.495849609375
56.999324798583984 430.97625732421875
57.14109420776367 430.46270751953125
57.30669021606445 429.9563293457031
57.49574661254883 429.458251953125
57.707855224609375 428.96954345703125
57.94255065917969 428.49127197265625
58.19932174682617 428.02447509765625
58.47760772705078 427.5701904296875
58.77680206298828 427.12939453125
59.09625244140625 426.7030334472656
59.43526077270508 426.29205322265625
59.793087005615234 425.8973693847656
60.16895294189453 425.5198059082031
60.56203842163086 425.16021728515625
60.97148513793945 424.8193664550781
61.39639663696289 424.4980163574219
61.835819244384766 424.1968688964844
62.2888298034668 423.91656494140625
62.753997802734375 423.6579895019531
63.229461669921875 423.422119140625
63.71074676513672 423.2110290527344
64.18697357177734 423.02899169921875
64.6439208984375 422.8802490234375
65.07537841796875 422.7649841308594
65.5075454711914 422.6749267578125
65.94247436523438 422.6094055175781
66.38027954101562 422.5683288574219
66.81968688964844 422.55181884765625
67.25933074951172 422.5599365234375
67.69783020019531 422.5926513671875
68.1338119506836 422.6498718261719
68.56590270996094 422.7314147949219
68.99275207519531 422.8370056152344
69.41301727294922 422.9663391113281
69.82538604736328 423.1189880371094
70.22856140136719 423.29449462890625
70.62127685546875 423.4922790527344
71.00230407714844 423.7117614746094
71.37045288085938 423.95220947265625
71.72456359863281 424.212890625
72.06352233886719 424.4930114746094
72.38626861572266 424.7916564941406
72.69194793701172 425.1080627441406
72.98792266845703 425.4504699707031
73.29859924316406 425.85015869140625
73.60424041748047 426.28497314453125
73.88970947265625 426.7344055175781
74.15402221679688 427.1969299316406
74.39643859863281 427.6712951660156
74.61644744873047 428.156494140625
74.81355285644531 428.6513977050781
74.9618911743164 429.0863952636719
75.08657836914062 429.5289306640625
75.18763732910156 429.9793395996094
75.26473999023438 430.43670654296875
75.31757354736328 430.90008544921875
75.34587097167969 431.3685302734375
75.3493881225586 431.8410949707031
75.32791900634766 432.3168029785156
75.28157043457031 432.7908630371094
75.2136459350586 433.2370910644531
75.12333679199219 433.6683044433594
75.00920104980469 434.0932312011719
74.87149810791016 434.5110168457031
74.71055603027344 434.9206237792969
74.51243591308594 435.35430908203125
74.28727722167969 435.7864990234375
74.0301284790039 436.2248840332031
73.74583435058594 436.65966796875
73.43810272216797 437.08453369140625
73.11022186279297 437.49468994140625
72.7623519897461 437.889892578125
72.39620208740234 438.2681579589844
72.01351928710938 438.62774658203125
71.61627960205078 438.9668884277344
71.20834350585938 439.2825622558594
70.79183959960938 439.57354736328125
70.3880386352539 439.826171875
69.9728012084961 440.0566101074219
69.5472412109375 440.2643127441406
69.10967254638672 440.4501037597656
68.66209411621094 440.613037109375
68.20660400390625 440.7523193359375
67.74444580078125 440.8675842285156
67.27688598632812 440.95849609375
66.80521392822266 441.0248107910156
66.33071899414062 441.0663757324219
65.85469818115234 441.0830383300781
65.37845611572266 441.07476806640625
64.9032974243164 441.0415954589844
64.43052673339844 440.9836120605469
63.9614372253418 440.9009704589844
63.497318267822266 440.79388427734375
63.03943634033203 440.66265869140625
62.58905029296875 440.5076599121094
62.14739227294922 440.32928466796875
61.71567153930664 440.1280517578125
61.29507064819336 439.9045104980469
60.88674545288086 439.6592712402344
60.49181365966797 439.39300537109375
60.11135482788086 439.1064147949219
59.74641418457031 438.8003234863281
59.39799118041992 438.4755554199219
59.067039489746094 438.13299560546875
58.75446701049805 437.7735900878906
58.46113204956055 437.3983154296875
58.187835693359375 437.0082092285156
57.935325622558594 436.6043395996094
57.70429611206055 436.18780517578125
57.49538040161133 435.759765625
57.30915069580078 435.3213806152344
57.146114349365234 434.87384033203125
57.00672149658203 434.4183654785156
56.891353607177734 433.95623779296875
56.7886962890625 433.4364013671875
56.71010208129883 432.9096374511719
56.65617752075195 432.3796081542969
56.62705993652344 431.84765625
56.62281036376953 431.3149108886719
56.64344024658203 430.7825622558594
56.68890380859375 430.2517395019531
56.75910568237305 429.7236328125
56.85388946533203 429.1993713378906
56.973045349121094 428.68011474609375
57.11631774902344 428.1669921875
57.28339385986328 427.6611022949219
57.473907470703125 427.16357421875
57.687442779541016 426.67547607421875
57.92353439331055 426.1979064941406
58.18166732788086 425.73187255859375
58.461280822753906 425.27838134765625
58.76176452636719 424.83843994140625
59.08245849609375 424.41302490234375
59.42266845703125 424.0030517578125
59.78165054321289 423.6094055175781
60.15861892700195 423.2329406738281
60.55275344848633 422.87451171875
60.96319580078125 422.53485107421875
61.38904571533203 422.2147521972656
61.829368591308594 421.9148864746094
62.28318405151367 421.63592529296875
62.7491569519043 421.378662109375
63.224605560302734 421.14453125
63.704097747802734 420.9360046386719
64.17486572265625 420.7579650878906
64.62506103515625 420.61358642578125
65.05511474609375 420.50091552734375
65.4871826171875 420.4130859375
65.92237854003906 420.3497314453125
66.3603744506836 420.3108215332031
66.79985809326172 420.2965087890625
67.23945617675781 420.30682373046875
67.67778778076172 420.34173583984375
68.11347961425781 420.401123046875
68.545166015625 420.48480224609375
68.97148895263672 420.592529296875
69.39111328125 420.72393798828125
69.80271911621094 420.8786315917969
70.20501708984375 421.0561218261719
70.59674835205078 421.255859375
70.9766845703125 421.47723388671875
71.34363555908203 421.7195129394531
71.69644927978516 421.9819641113281
72.03401184082031 422.2637634277344
72.35527801513672 422.5639953613281
72.6594467163086 422.8819580078125
72.95515441894531 423.2274169921875
73.27549743652344 423.6427917480469
73.57939147949219 424.0778503417969
73.86365509033203 424.5283508300781
74.1266098022461 424.9916687011719
74.36763763427734 425.4667663574219
74.58621978759766 425.9526062011719
74.78187561035156 426.4481201171875
74.92899322509766 426.88372802734375
75.05267333984375 427.32757568359375
75.15251159667969 427.77850341796875
75.22837829589844 428.2363586425781
75.27980041503906 428.698974609375
75.30677795410156 429.1678466796875
75.30896759033203 429.6408386230469
75.28616333007812 430.1166076660156
75.23849487304688 430.5905456542969
75.17040252685547 431.0284423828125
75.07844543457031 431.4598388671875
74.96285247802734 431.8841857910156
74.82369232177734 432.3013610839844
74.661376953125 432.71014404296875
74.46188354492188 433.1426696777344
74.2307357788086 433.58294677734375
73.9740982055664 434.01763916015625
73.6894760131836 434.4499816894531
73.38095092773438 434.8730163574219
73.05108642578125 435.2829284667969
72.70228576660156 435.6766357421875
72.33514404296875 436.053466796875
71.95154571533203 436.4115295410156
71.55327606201172 436.749267578125
71.14413452148438 437.063720703125
70.73067474365234 437.35040283203125
70.32591247558594 437.60150146484375
69.91126251220703 437.8294982910156
69.4843521118164 438.0357666015625
69.04754638671875 438.21917724609375
68.59930419921875 438.3802795410156
68.14324951171875 438.5177001953125
67.68062591552734 438.6310729980469
67.21269989013672 438.7200927734375
66.74076080322266 438.78448486328125
66.26609802246094 438.8240966796875
65.79000854492188 438.8388366699219
65.31380462646484 438.8286437988281
64.83878326416016 438.79351806640625
64.36625671386719 438.7336120605469
63.89751052856445 438.6490478515625
63.43383026123047 438.5400695800781
62.97649002075195 438.406982421875
62.526737213134766 438.2501525878906
62.08580780029297 438.0699768066406
61.654911041259766 437.86700439453125
61.235225677490234 437.6417541503906
60.827903747558594 437.39483642578125
60.434059143066406 437.126953125
60.05477523803711 436.8388366699219
59.69108581542969 436.53125
59.343990325927734 436.2050476074219
59.01443862915039 435.86114501953125
58.70333480834961 435.5004577636719
58.41153335571289 435.1239929199219
58.13983154296875 434.7327880859375
57.888973236083984 434.327880859375
57.659645080566406 433.910400390625
57.452476501464844 433.48150634765625
57.268035888671875 433.0423583984375
57.10682678222656 432.5941467285156
56.96929168701172 432.13812255859375
56.85580825805664 431.675537109375
56.75507354736328 431.15435791015625
56.67856979370117 430.6272277832031
56.62675476074219 430.0970153808594
56.599754333496094 429.56494140625
56.597625732421875 429.0321960449219
56.62037658691406 428.49993896484375
56.66795349121094 427.9693298339844
56.740257263183594 427.4414978027344
56.837127685546875 426.9176330566406
56.958351135253906 426.39886474609375
57.10366439819336 425.8863220214844
57.27275085449219 425.381103515625
57.46524429321289 424.88433837890625
57.680721282958984 424.3970947265625
57.9187126159668 423.9204406738281
58.1786994934082 423.4554443359375
58.46011734008789 423.0030822753906
58.76234817504883 422.5643615722656
59.08473587036133 422.1402282714844
59.42657470703125 421.7315979003906
59.7871208190918 421.3393859863281
60.16558837890625 420.9644470214844
60.56114959716797 420.6075744628906
60.97294235229492 420.2695617675781
61.40006637573242 419.9511413574219
61.841575622558594 419.65301513671875
62.296478271484375 419.3758850097656
62.763309478759766 419.1205749511719
63.240169525146484 418.88812255859375
63.72617721557617 418.6788635253906
64.2042007446289 418.49969482421875
64.64801025390625 418.3587951660156
65.07701873779297 418.2479553222656
65.5090103149414 418.1617126464844
65.94438934326172 418.0998840332031
66.38253021240234 418.0625305175781
66.82206726074219 418.04974365234375
67.26162719726562 418.06158447265625
67.69983673095703 418.0980224609375
68.13531494140625 418.158935546875
68.56670379638672 418.244140625
68.99264526367188 418.3533630371094
69.41180419921875 418.4862365722656
69.82286834716797 418.6423645019531
70.22454833984375 418.8212890625
70.6155776977539 419.02239990234375
70.99473571777344 419.2450866699219
71.36083221435547 419.4886474609375
71.71272277832031 419.7523193359375
72.04930114746094 420.0352783203125
72.36951446533203 420.3366394042969
72.67243194580078 420.6555480957031
72.96808624267578 421.00335693359375
73.29087829589844 421.4245300292969
73.59475708007812 421.8620300292969
73.8779067993164 422.31329345703125
74.13967895507812 422.77728271484375
74.37950897216797 423.25299072265625
74.59686279296875 423.7393798828125
74.79126739501953 424.2353820800781
74.93734741210938 424.6715393066406
75.05997467041016 425.11590576171875
75.15875244140625 425.56732177734375
75.2335433959961 426.025634765625
75.28404998779297 426.48992919921875
75.30988311767578 426.95782470703125
75.31095886230469 427.4312438964844
75.28704071044922 427.9069519042969
75.23978424072266 428.3617248535156
75.17017364501953 428.7968444824219
75.07648468017578 429.22674560546875
74.95894622802734 429.6504821777344
74.81787872314453 430.06695556640625
74.6537094116211 430.47491455078125
74.45221710205078 430.9065246582031
74.22067260742188 431.3424377441406
73.95834350585938 431.7821044921875
73.66995239257812 432.21630859375
73.36028289794922 432.6374206542969
73.0290756225586 433.0456237792969
72.67826080322266 433.43841552734375
72.30976867675781 433.8136291503906
71.9247817993164 434.17010498046875
71.52590942382812 434.5055847167969
71.1151351928711 434.8186340332031
70.69955444335938 435.10430908203125
70.28924560546875 435.35675048828125
69.8733139038086 435.5836181640625
69.44914245605469 435.7867126464844
69.0138931274414 435.9674987792969
68.56501007080078 436.1268310546875
68.10840606689453 436.262451171875
67.64533233642578 436.3739929199219
67.17705535888672 436.4611511230469
66.70486450195312 436.523681640625
66.23004913330078 436.5614013671875
65.75390625 436.57421875
65.27774810791016 436.5621032714844
64.80287170410156 436.52508544921875
64.33058166503906 436.4632873535156
63.86217498779297 436.3768615722656
63.39893341064453 436.26605224609375
62.94212341308594 436.1311340332031
62.49300003051758 435.9725036621094
62.05279541015625 435.79058837890625
61.622711181640625 435.58587646484375
61.20392990112305 435.35894775390625
60.7975959777832 435.11041259765625
60.404823303222656 434.8409729003906
60.02668762207031 434.55133056640625
59.66422653198242 434.2423095703125
59.31843185424805 433.91473388671875
58.99025344848633 433.56951904296875
58.68058776855469 433.2076110839844
58.39028549194336 432.8299865722656
58.12014389038086 432.43768310546875
57.87089920043945 432.03179931640625
57.64323425292969 431.6134033203125
57.437774658203125 431.1836853027344
57.25508499145508 430.7438049316406
57.095664978027344 430.2949523925781
56.9599494934082 429.83837890625
56.84831237792969 429.3753356933594
56.7495231628418 428.8531799316406
56.67507553100586 428.32568359375
56.62533950805664 427.7952575683594
56.60042190551758 427.2630920410156
56.600379943847656 426.7303466796875
56.625213623046875 426.19818115234375
56.674869537353516 425.6677551269531
56.749237060546875 425.1402282714844
56.8481559753418 424.6167297363281
56.97140884399414 424.0984191894531
57.11872863769531 423.58642578125
57.289791107177734 423.0818786621094
57.48422622680664 422.58587646484375
57.70161056518555 422.0994873046875
57.94146728515625 421.623779296875
58.20327377319336 421.1597900390625
58.48645782470703 420.7085266113281
58.7904052734375 420.27099609375
59.11444854736328 419.8481140136719
59.4578857421875 419.4408264160156
59.81996536254883 419.0500183105469
60.19989776611328 418.6765441894531
60.59685134887695 418.32122802734375
61.00996398925781 417.9848327636719
61.438331604003906 417.6680908203125
61.88099670410156 417.3717041015625
62.33695602416992 417.0963439941406
62.80504608154297 416.84271240234375
63.28206253051758 416.61248779296875
63.76760482788086 416.40576171875
64.24070739746094 416.2308349609375
64.70767211914062 416.08441162109375
65.14320373535156 415.9728088378906
65.5750961303711 415.8873596191406
66.01056671142578 415.8262634277344
66.44876861572266 415.7896423339844
66.88832092285156 415.7776184082031
67.3278579711914 415.79022216796875
67.76599884033203 415.8274230957031
68.20137023925781 415.88909912109375
68.63260650634766 415.97503662109375
69.05835723876953 416.0849914550781
69.47728729248047 416.2185974121094
69.88807678222656 416.3754577636719
70.28944396972656 416.5550537109375
70.68013000488281 416.7568359375
71.05890655517578 416.9801940917969
71.4245834350586 417.2243957519531
71.77601623535156 417.4886779785156
72.11210632324219 417.772216796875
72.43180084228516 418.0741271972656
72.73451232910156 418.3938903808594
73.04134368896484 418.75543212890625
73.36518096923828 419.1778259277344
73.66920471191406 419.61529541015625
73.95247650146484 420.0664978027344
74.2143783569336 420.5304260253906
74.45433044433594 421.0060729980469
74.67181396484375 421.4924011230469
74.86634826660156 421.9883728027344
75.01236724853516 422.42401123046875
75.13516235351562 422.8686218261719
75.23411560058594 423.3202819824219
75.30908966064453 423.7789001464844
75.35977935791016 424.2435607910156
75.38579559326172 424.71185302734375
75.38701629638672 425.1841125488281
75.36323547363281 425.65936279296875
75.31707000732422 426.1019287109375
75.24711608886719 426.5362854003906
75.15299987792969 426.96588134765625
75.03499603271484 427.38946533203125
74.89347076416016 427.8057861328125
74.7288589477539 428.2135314941406
74.52510833740234 428.6489562988281
74.29442596435547 429.0824279785156
74.03238677978516 429.5205993652344
73.74385833740234 429.9539794921875
73.43231964111328 430.3767395019531
73.100830078125 430.7845458984375
72.7496337890625 431.17706298828125
72.38040924072266 431.5523681640625
71.994873046875 431.9087829589844
71.59516906738281 432.24444580078125
71.18543243408203 432.5561828613281
70.76898956298828 432.8419494628906
70.35728454589844 433.0948181152344
69.94319915771484 433.32025146484375
69.52027130126953 433.5222473144531
69.08631134033203 433.701904296875
68.63866424560547 433.8601379394531
68.18187713623047 433.9951171875
67.7186508178711 434.10601806640625
67.25025939941406 434.1925354003906
66.77798461914062 434.2544250488281
66.30311584472656 434.29150390625
65.82695770263672 434.3036804199219
65.35081481933594 434.2909240722656
64.87599182128906 434.2532653808594
64.4037857055664 434.1908264160156
63.93549728393555 434.103759765625
63.472408294677734 433.9923095703125
63.015785217285156 433.8567810058594
62.56687927246094 433.6975402832031
62.126922607421875 433.5150146484375
61.69711685180664 433.3097229003906
61.27864456176758 433.08221435546875
60.872650146484375 432.8331298828125
60.48024368286133 432.5631408691406
60.10250473022461 432.2729797363281
59.7404670715332 431.9634704589844
59.39512252807617 431.63543701171875
59.067413330078125 431.2897644042969
58.758243560791016 430.92742919921875
58.46845626831055 430.5494079589844
58.198848724365234 430.15673828125
57.950157165527344 429.75048828125
57.72306442260742 429.331787109375
57.518192291259766 428.90179443359375
57.33610153198242 428.461669921875
57.17729187011719 428.0126037597656
57.042198181152344 427.55584716796875
56.92940902709961 427.0859375
56.83088684082031 426.5633239746094
56.75677490234375 426.0357971191406
56.70737075805664 425.5053405761719
56.68278884887695 424.97314453125
56.683082580566406 424.4403991699219
56.708251953125 423.9082336425781
56.758243560791016 423.3778381347656
56.832942962646484 422.850341796875
56.932193756103516 422.326904296875
57.0557746887207 421.8086853027344
57.20341873168945 421.29681396484375
57.37480163574219 420.7923889160156
57.569549560546875 420.2965087890625
57.78723907470703 419.8102722167969
58.02739715576172 419.334716796875
58.28949737548828 418.87091064453125
58.572967529296875 418.4198303222656
58.87718963623047 417.98248291015625
59.201499938964844 417.559814453125
59.54519271850586 417.1527404785156
59.90751647949219 416.7621765136719
60.287681579589844 416.3889465332031
60.68486022949219 416.03387451171875
61.098182678222656 415.6977233886719
61.52674865722656 415.3812561035156
61.9696159362793 415.08514404296875
62.425716400146484 414.81011962890625
62.89384078979492 414.556884765625
63.3700065612793 414.3274841308594
63.85395431518555 414.1219177246094
64.32086181640625 413.949951171875
64.7636489868164 413.8125305175781
65.1943130493164 413.7042541503906
65.62642669677734 413.62091064453125
66.06217193603516 413.5619201660156
66.50054168701172 413.52740478515625
66.94014739990234 413.5174865722656
67.37962341308594 413.5321960449219
67.81758117675781 413.57147216796875
68.25265502929688 413.6352233886719
68.68347930908203 413.7232360839844
69.10870361328125 413.835205078125
69.52698516845703 413.9708251953125
69.93701934814453 414.129638671875
70.3375244140625 414.3111572265625
70.72724151611328 414.5148010253906
71.10494232177734 414.7399597167969
71.46944427490234 414.98590087890625
71.81961059570312 415.2518615722656
72.15433502197266 415.5370178222656
72.47257995605469 415.8404846191406
72.77392578125 416.161865234375
73.1043701171875 416.553466796875
73.42804718017578 416.9764709472656
73.73168182373047 417.4142150878906
74.0145492553711 417.86566162109375
74.27603149414062 418.329833984375
74.51555633544922 418.8056945800781
74.73259735107422 419.292236328125
74.92668914794922 419.78839111328125
75.09739685058594 420.2930603027344
75.22288513183594 420.736328125
75.3245620727539 421.1867370605469
75.40228271484375 421.6441345214844
75.45558166503906 422.10638427734375
75.48445892333984 422.5749816894531
75.48856353759766 423.0477294921875
75.46768188476562 423.5235900878906
75.42407989501953 423.9686584472656
75.35692596435547 424.4032897949219
75.26555633544922 424.83343505859375
75.15026092529297 425.2577819824219
75.01139068603516 425.67498779296875
74.84938049316406 426.0837707519531
74.66472625732422 426.4828796386719
74.4298095703125 426.9273681640625
74.16986846923828 427.3653869628906
73.88299560546875 427.79937744140625
73.57286834716797 428.2231140136719
73.24267578125 428.6320495605469
72.89260864257812 429.0259094238281
72.52433013916016 429.40277099609375
72.13964080810547 429.76080322265625
71.74022674560547 430.09857177734375
71.32989501953125 430.4131164550781
70.91788482666016 430.6979675292969
70.50454711914062 430.9538269042969
70.09265899658203 431.1799621582031
69.67176055908203 431.38275146484375
69.2397689819336 431.563232421875
68.79695129394531 431.7212219238281
68.34053039550781 431.8574523925781
67.87760925292969 431.9696044921875
67.40945434570312 432.057373046875
66.93734741210938 432.1205139160156
66.46257781982422 432.15887451171875
65.9864501953125 432.1723327636719
65.5102767944336 432.1608581542969
65.03535461425781 432.1244812011719
64.56298828125 432.06329345703125
64.09446716308594 431.97747802734375
63.63107681274414 431.8672790527344
63.17408752441406 431.73297119140625
62.724754333496094 431.574951171875
62.284305572509766 431.39361572265625
61.85395050048828 431.1894836425781
61.43486404418945 430.9631042480469
61.0281982421875 430.7151184082031
60.635066986083984 430.4461975097656
60.25654602050781 430.1570739746094
59.893672943115234 429.8485412597656
59.54744338989258 429.52142333984375
59.218807220458984 429.1766357421875
58.908660888671875 428.81512451171875
58.61785888671875 428.4378967285156
58.34719467163086 428.04595947265625
58.097412109375 427.640380859375
57.86919403076172 427.2222900390625
57.66316604614258 426.7928466796875
57.47989273071289 426.35321044921875
57.31987380981445 425.9045715332031
57.18355178833008 425.44818115234375
57.07129669189453 424.98529052734375
56.972171783447266 424.46490478515625
56.897132873535156 423.9376220703125
56.84678649902344 423.4072570800781
56.821258544921875 422.8751220703125
56.82060623168945 422.3423767089844
56.84482955932617 421.8101806640625
56.89387512207031 421.2796936035156
56.96763610839844 420.7520751953125
57.06595230102539 420.2284851074219
57.1886100769043 419.7100524902344
57.33534240722656 419.1979064941406
57.505828857421875 418.69317626953125
57.6996955871582 418.19696044921875
57.91651916503906 417.7103271484375
58.15583038330078 417.2343444824219
58.4171028137207 416.7700500488281
58.69976806640625 416.3184814453125
59.003211975097656 415.8805847167969
59.3267707824707 415.45733642578125
59.66973876953125 415.0496520996094
60.031368255615234 414.658447265625
60.41086959838867 414.2845458984375
60.80741500854492 413.92877197265625
61.22013854980469 413.5918884277344
61.64813995361328 413.274658203125
62.090476989746094 412.9777526855469
62.546138763427734 412.7018737792969
63.013824462890625 412.4477844238281
63.49073028564453 412.2169494628906
63.971248626708984 412.0118408203125
64.44239044189453 411.83734130859375
64.89276885986328 411.6963195800781
65.3234634399414 411.586669921875
65.75536346435547 411.5020446777344
66.19100189208984 411.4417419433594
66.62926483154297 411.40594482421875
67.06884002685547 411.3947448730469
67.50835418701172 411.4081726074219
67.94642639160156 411.4461669921875
68.38168334960938 411.5086364746094
68.8127670288086 411.5953674316406
69.23831939697266 411.7060852050781
69.6570053100586 411.8404541015625
70.0675048828125 411.998046875
70.46854400634766 412.1783752441406
70.85885620117188 412.3808898925781
71.23722076416016 412.60491943359375
71.60244750976562 412.84979248046875
71.9533920288086 413.1147155761719
72.28895568847656 413.3988952636719
72.60809326171875 413.701416015625
72.91187286376953 414.0234375
73.2535400390625 414.4251708984375
73.5791244506836 414.8465881347656
73.88479614257812 415.2829284667969
74.16976165771484 415.7330627441406
74.43339538574219 416.1960144042969
74.67512512207031 416.6707763671875
74.89442443847656 417.15631103515625
75.09081268310547 417.65155029296875
75.26387023925781 418.1554260253906
75.39126586914062 418.59765625
75.494873046875 419.0470886230469
75.57475280761719 419.5045471191406
75.63023376464844 419.96697998046875
75.66120147705078 420.43450927734375
75.66741180419922 420.9062194824219
75.6486587524414 421.38128662109375
75.60736846923828 421.8212585449219
75.54188537597656 422.256103515625
75.45216369628906 422.68658447265625
75.33848571777344 423.1113586425781
75.20120239257812 423.52911376953125
75.0407485961914 423.9385070800781
74.85762786865234 424.3382873535156
74.62490844726562 424.7826232910156
74.36692810058594 425.22100830078125
74.0816650390625 425.6559753417969
73.77296447753906 426.08099365234375
73.44314575195312 426.49261474609375
73.09432983398438 426.88812255859375
72.72711944580078 427.2668151855469
72.34319305419922 427.6269836425781
71.94416809082031 427.96722412109375
71.53331756591797 428.2849426269531
71.12016296386719 428.5733642578125
70.71044921875 428.8295593261719
70.30088806152344 429.0567321777344
69.88095092773438 429.26123046875
69.45172119140625 429.442626953125
69.01092529296875 429.6018371582031
68.5550308227539 429.73980712890625
68.09254455566406 429.8537292480469
67.62472534179688 429.94329833984375
67.15286254882812 430.0082702636719
66.6782455444336 430.0484619140625
66.20217895507812 430.0637512207031
65.72595977783203 430.0541076660156
65.25090026855469 430.0195617675781
64.7782974243164 429.960205078125
64.3094482421875 429.8761901855469
63.845638275146484 429.76776123046875
63.38813781738281 429.6352233886719
62.938201904296875 429.4789123535156
62.4970588684082 429.2992858886719
62.065921783447266 429.0968017578125
61.64596939086914 428.8720397949219
61.23835372924805 428.6256103515625
60.84419250488281 428.3581848144531
60.46456527709961 428.07049560546875
60.10050964355469 427.7633361816406
59.75302505493164 427.43756103515625
59.423065185546875 427.09405517578125
59.111534118652344 426.7337341308594
58.81928253173828 426.35760498046875
58.54711151123047 425.9667053222656
58.29576873779297 425.5621032714844
58.06594467163086 425.1448974609375
57.8582649230957 424.71624755859375
57.673301696777344 424.2773132324219
57.511558532714844 423.8293151855469
57.37348175048828 423.3734436035156
57.25944900512695 422.9109802246094
57.15810012817383 422.38995361328125
57.080970764160156 421.8629150390625
57.028526306152344 421.332763671875
57.00089645385742 420.80072021484375
56.998138427734375 420.2679748535156
57.02025604248047 419.7356872558594
57.067203521728516 419.20501708984375
57.138877868652344 418.6770935058594
57.23512649536133 418.1531066894531
57.355735778808594 417.6341857910156
57.50044250488281 417.1214599609375
57.66893005371094 416.6160583496094
57.86083221435547 416.11907958984375
58.07573318481445 415.631591796875
58.31315994262695 415.1546630859375
58.57259750366211 414.6893615722656
58.853477478027344 414.2366638183594
59.155189514160156 413.7975769042969
59.477073669433594 413.373046875
59.81842803955078 412.9640197753906
60.17850875854492 412.5713806152344
60.5565299987793 412.19598388671875
60.95166778564453 411.8386535644531
61.36305618286133 411.5001525878906
61.78980255126953 411.1812438964844
62.23095703125 410.8825988769531
62.685523986816406 410.60491943359375
63.152374267578125 410.348876953125
63.62871551513672 410.115966796875
64.1140365600586 409.9063415527344
64.59001159667969 409.7273864746094
65.04341125488281 409.5827331542969
65.4808349609375 409.46856689453125
65.91253662109375 409.381103515625
66.34774780273438 409.3180236816406
66.78577423095703 409.2793884277344
67.22526550292969 409.2653503417969
67.66485595703125 409.27593994140625
68.10316467285156 409.3111267089844
68.538818359375 409.37078857421875
68.97045135498047 409.4547424316406
69.3967056274414 409.562744140625
69.81624603271484 409.6944274902344
70.22775268554688 409.8493957519531
70.62994384765625 410.02716064453125
71.02155303955078 410.2271423339844
71.40135192871094 410.44873046875
71.76815032958984 410.6912536621094
72.12079620361328 410.95391845703125
72.45818328857422 411.2359313964844
72.77925872802734 411.536376953125
73.08656311035156 411.8578796386719
73.43289184570312 412.259521484375
73.76150512695312 412.6788024902344
74.07019805908203 413.1130065917969
74.35828399658203 413.5611572265625
74.62512969970703 414.0222473144531
74.87015533447266 414.49530029296875
75.09282684326172 414.9792785644531
75.29265594482422 415.47314453125
75.46920776367188 415.9757995605469
75.59954833984375 416.4167175292969
75.70635223388672 416.8657531738281
75.78927612304688 417.3219909667969
75.8479995727539 417.78448486328125
75.88224792480469 418.2522888183594
75.89176940917969 418.7244873046875
75.87657928466797 419.177001953125
75.83749389648438 419.6155700683594
75.77400970458984 420.05072021484375
75.68627166748047 420.4815979003906
75.57454681396484 420.9068908691406
75.43919372558594 421.32525634765625
75.28063201904297 421.7353820800781
75.09935760498047 422.135986328125
74.86885833740234 422.5810546875
74.60875701904297 423.02813720703125
74.32572174072266 423.46484375
74.01912689208984 423.891845703125
73.69131469726562 424.30560302734375
73.34436798095703 424.7033996582031
72.97884368896484 425.0845947265625
72.59629821777344 425.4476013183594
72.1982650756836 425.791015625
71.78773498535156 426.1124267578125
71.3737564086914 426.4052734375
70.9623031616211 426.6663513183594
70.553466796875 426.89678955078125
70.13626098632812 427.1034851074219
69.70956420898438 427.28717041015625
69.27277374267578 427.4481201171875
68.81775665283203 427.5889587402344
68.35599517822266 427.7057800292969
67.88874816894531 427.79827880859375
67.41730499267578 427.8662109375
66.94294738769531 427.9093933105469
66.46698760986328 427.92767333984375
65.99072265625 427.9210205078125
65.51545715332031 427.88946533203125
65.04249572753906 427.83306884765625
64.57312774658203 427.75201416015625
64.108642578125 427.6465148925781
63.65031814575195 427.516845703125
63.199405670166016 427.3633728027344
62.757144927978516 427.1865234375
62.32474136352539 426.98675537109375
61.903385162353516 426.7646484375
61.49422836303711 426.5207824707031
61.098392486572266 426.255859375
60.71696472167969 425.9705810546875
60.35098648071289 425.6657409667969
60.001461029052734 425.3421630859375
59.669349670410156 425.000732421875
59.35555648803711 424.64239501953125
59.06094741821289 424.26812744140625
58.78632736206055 423.8789367675781
58.532447814941406 423.4759216308594
58.30000305175781 423.0601806640625
58.08963394165039 422.6328430175781
57.90191650390625 422.195068359375
57.737361907958984 421.7480773925781
57.5964241027832 421.2930908203125
57.479488372802734 420.83135986328125
57.374717712402344 420.3103332519531
57.29423522949219 419.78375244140625
57.23842239379883 419.2539367675781
57.2074089050293 418.7220764160156
57.201263427734375 418.1893615722656
57.21999740600586 417.6569519042969
57.263572692871094 417.1259765625
57.33189010620117 416.5976257324219
57.4248046875 416.0730285644531
57.542110443115234 415.5533447265625
57.683555603027344 415.0397033691406
57.84882736206055 414.5332336425781
58.037567138671875 414.0350341796875
58.24936294555664 413.54620361328125
58.4837532043457 413.0677795410156
58.74022674560547 412.600830078125
59.01822280883789 412.1463623046875
59.317134857177734 411.7053527832031
59.636314392089844 411.27880859375
59.97506332397461 410.86761474609375
60.3326416015625 410.4726867675781
60.70826721191406 410.0948791503906
61.10112380981445 409.73504638671875
61.510353088378906 409.3939514160156
61.935062408447266 409.07232666015625
62.37431716918945 408.7708740234375
62.82707214355469 408.4903259277344
63.292152404785156 408.2314147949219
63.76774215698242 407.9950866699219
64.24987030029297 407.783203125
64.7287826538086 407.599609375
65.18983459472656 407.4488830566406
65.62263488769531 407.33251953125
66.05511474609375 407.2416076660156
66.489990234375 407.1753234863281
66.92771911621094 407.13348388671875
67.36709594726562 407.1162109375
67.80675506591797 407.1235656738281
68.24530792236328 407.155517578125
68.68138885498047 407.21197509765625
69.1136245727539 407.2927551269531
69.54065704345703 407.3976135253906
69.96115112304688 407.5262145996094
70.37378692626953 407.67816162109375
70.77726745605469 407.85296630859375
71.17033386230469 408.0500793457031
71.55175018310547 408.2688903808594
71.92031860351562 408.5086975097656
72.2748794555664 408.7687683105469
72.61432647705078 409.04827880859375
72.93760681152344 409.34637451171875
73.24974822998047 409.6680603027344
73.60053253173828 410.0685119628906
73.93246459960938 410.4851989746094
74.24458312988281 410.9169616699219
74.53620147705078 411.3628234863281
74.80668640136719 411.8218078613281
75.0554428100586 412.29290771484375
75.28192901611328 412.7751159667969
75.48565673828125 413.2673645019531
75.66617584228516 413.76861572265625
75.82308959960938 414.2777404785156
75.93680572509766 414.7254638671875
76.0267562866211 415.1807861328125
76.09242248535156 415.6416015625
76.1336898803711 416.1080017089844
76.15020751953125 416.57757568359375
76.14177703857422 417.0373229980469
76.10955047607422 417.47601318359375
76.0528335571289 417.912109375
75.9718017578125 418.34429931640625
75.86669921875 418.7712707519531
75.73786163330078 419.1916809082031
75.58568572998047 419.6042175292969
75.41065979003906 420.0075988769531
75.21331787109375 420.4005432128906
74.95703125 420.85076904296875
74.67770385742188 421.2908935546875
74.37480163574219 421.7214050292969
74.05060577392578 422.1388244628906
73.70706939697266 422.5405578613281
73.34474182128906 422.9259338378906
72.96502685546875 423.29345703125
72.5693359375 423.641845703125
72.16059875488281 423.9686279296875
71.74490356445312 424.26934814453125
71.33116912841797 424.5384216308594
70.91989135742188 424.77667236328125
70.50648498535156 424.98773193359375
70.08326721191406 425.1759338378906
69.64971160888672 425.3415222167969
69.20433044433594 425.4848937988281
68.74386596679688 425.60675048828125
68.27765655517578 425.7043151855469
67.80697631835938 425.7773742675781
67.33312225341797 425.82568359375
66.85738372802734 425.8491516113281
66.38107299804688 425.8476867675781
65.90548706054688 425.8212890625
65.43193817138672 425.7700500488281
64.96171569824219 425.694091796875
64.4961166381836 425.5936279296875
64.03640747070312 425.46893310546875
63.58385467529297 425.32037353515625
63.13969802856445 425.1483459472656
62.70515060424805 424.95330810546875
62.28140640258789 424.73577880859375
61.869625091552734 424.4963684082031
61.4709358215332 424.2357482910156
61.086429595947266 423.9546203613281
60.717159271240234 423.6537780761719
60.364139556884766 423.3340148925781
60.02833557128906 422.9962158203125
59.710670471191406 422.64129638671875
59.412010192871094 422.2702331542969
59.133174896240234 421.8840637207031
58.87493133544922 421.48382568359375
58.63798522949219 421.07061767578125
58.4229850769043 420.6455993652344
58.23051834106445 420.20989990234375
58.06111526489258 419.7647399902344
57.91524124145508 419.3113098144531
57.79329299926758 418.8508605957031
57.69447708129883 418.3798828125
57.61094665527344 417.85394287109375
57.55204772949219 417.324462890625
57.5179328918457 416.7928161621094
57.50868225097656 416.2601318359375
57.52431106567383 415.72760009765625
57.564788818359375 415.1963806152344
57.63002395629883 414.6676330566406
57.719879150390625 414.14251708984375
57.83415222167969 413.6221618652344
57.972599029541016 413.10772705078125
58.13491439819336 412.6003112792969
58.32074737548828 412.10101318359375
58.52968978881836 411.6109313964844
58.761287689208984 411.13116455078125
59.01503372192383 410.6627197265625
59.290374755859375 410.2066345214844
59.58671188354492 409.763916015625
59.90339660644531 409.33551025390625
60.23973846435547 408.92236328125
60.59500503540039 408.5253601074219
60.968421936035156 408.1453857421875
61.35917282104492 407.78326416015625
61.76640701293945 407.4397888183594
62.18923568725586 407.1156921386719
62.62672424316406 406.81170654296875
63.07789993286133 406.52850341796875
63.541690826416016 406.2667236328125
64.01596069335938 406.027587890625
64.49359893798828 405.8144226074219
64.96328735351562 405.6316223144531
65.41312408447266 405.4825134277344
65.84247589111328 405.36553955078125
66.27383422851562 405.2734375
66.70842742919922 405.205810546875
67.14603424072266 405.1626281738281
67.58535766601562 405.1440124511719
68.02503204345703 405.1499938964844
68.46368408203125 405.18060302734375
68.89993286132812 405.2357177734375
69.33241271972656 405.3151550292969
69.75977325439453 405.418701171875
70.1806640625 405.5459899902344
70.59376525878906 405.6966552734375
70.99778747558594 405.8702087402344
71.39146423339844 406.06610107421875
71.77355194091797 406.2837219238281
72.14286041259766 406.52239990234375
72.49822998046875 406.7813720703125
72.83854675292969 407.0598449707031
73.1627426147461 407.35693359375
73.4798355102539 407.6815185546875
73.83228302001953 408.0809020996094
74.1657485961914 408.4963684082031
74.47945404052734 408.9269714355469
74.77271270751953 409.3717346191406
75.04488372802734 409.8297119140625
75.29537200927734 410.2998962402344
75.52363586425781 410.7812805175781
75.72917175292969 411.2727966308594
75.91153717041016 411.77337646484375
76.07032775878906 412.28192138671875
76.1858139038086 412.7296447753906
76.27734375 413.18408203125
76.34459686279297 413.64404296875
76.38761138916016 414.11090087890625
76.40589141845703 414.5810241699219
76.39907836914062 415.027587890625
76.36791229248047 415.46624755859375
76.31224822998047 415.9024353027344
76.23225402832031 416.3348083496094
76.128173828125 416.76202392578125
76.0003433227539 417.1827392578125
75.84915924072266 417.59564208984375
75.67509460449219 417.99945068359375
75.47869873046875 418.39288330078125
75.2236099243164 418.843505859375
74.94534301757812 419.2842712402344
74.64334869384766 419.7156982421875
74.31997680664062 420.1341247558594
73.97673797607422 420.5375061035156
73.61508178710938 420.92413330078125
73.23585510253906 421.2931213378906
72.84062957763672 421.6429748535156
72.43183135986328 421.9716491699219
72.01476287841797 422.2752380371094
71.59774017333984 422.5484313964844
71.1811294555664 422.7919921875
70.76811981201172 423.005126953125
70.34683990478516 423.1946716308594
69.9157943725586 423.3613586425781
69.47481536865234 423.5052185058594
69.01480102539062 423.6287536621094
68.5489501953125 423.7280578613281
68.07854461669922 423.8028259277344
67.60486602783203 423.8528747558594
67.12921905517578 423.8780822753906
66.65290832519531 423.87835693359375
66.17723083496094 423.85369873046875
65.70349884033203 423.80419921875
65.23300170898438 423.72998046875
64.76703643798828 423.6312255859375
64.30687713623047 423.50823974609375
63.853782653808594 423.361328125
63.40899658203125 423.19091796875
62.97373580932617 422.9974670410156
62.5491943359375 422.781494140625
62.13653564453125 422.5436096191406
61.73689270019531 422.2844543457031
61.351356506347656 422.0047302246094
60.980987548828125 421.7052307128906
60.62679672241211 421.3867492675781
60.289756774902344 421.0501708984375
59.97079086303711 420.6964111328125
59.670772552490234 420.3264465332031
59.39052200317383 419.9413146972656
59.13080978393555 419.5420227050781
58.89234924316406 419.12969970703125
58.67578887939453 418.7054748535156
58.481727600097656 418.2704772949219
58.310691833496094 417.825927734375
58.16315460205078 417.373046875
58.03951644897461 416.9130554199219
57.93626022338867 416.43109130859375
57.85017395019531 415.9054870605469
57.78871154785156 415.3763122558594
57.75202560424805 414.8448181152344
57.740196228027344 414.31219482421875
57.75324630737305 413.77960205078125
57.79115295410156 413.2481994628906
57.85382843017578 412.7191467285156
57.941139221191406 412.193603515625
58.052894592285156 411.6726989746094
58.18885040283203 411.1575927734375
58.34870910644531 410.6493835449219
58.53211975097656 410.1492004394531
58.738685607910156 409.6581115722656
58.96795654296875 409.1772155761719
59.21943283081055 408.7075500488281
59.49256134033203 408.2501525878906
59.78675079345703 407.8059997558594
60.10136032104492 407.3760681152344
60.435699462890625 406.9612731933594
60.789039611816406 406.56256103515625
61.160614013671875 406.1807861328125
61.54960632324219 405.8167724609375
61.95517349243164 405.4713134765625
62.376426696777344 405.1451721191406
62.812442779541016 404.83905029296875
63.26221466064453 404.5536804199219
63.72479248046875 404.2896423339844
64.19831848144531 404.0479736328125
64.6799545288086 403.83001708984375
65.16229248046875 403.63885498046875
65.63115692138672 403.4792785644531
66.06211853027344 403.3575744628906
66.49258422851562 403.2614440917969
66.92662811279297 403.1897277832031
67.36380767822266 403.1424255371094
67.80294036865234 403.11968994140625
68.2426528930664 403.12158203125
68.68157196044922 403.1480712890625
69.11832427978516 403.1990966796875
69.55152893066406 403.27447509765625
69.9798355102539 403.3739929199219
70.40190124511719 403.4973449707031
70.81639862060547 403.6441345214844
71.22203063964844 403.81390380859375
71.61752319335938 404.006103515625
72.00163269042969 404.22015380859375
72.37316131591797 404.4553527832031
72.73094177246094 404.71099853515625
73.07384490966797 404.98626708984375
73.40081787109375 405.2803039550781
73.74629211425781 405.62615966796875
74.10375213623047 406.0208740234375
74.44253540039062 406.4320373535156
74.76174926757812 406.8585510253906
75.06069946289062 407.2995300292969
75.33873748779297 407.75396728515625
75.59525299072266 408.22088623046875
75.8296890258789 408.69927978515625
76.0415267944336 409.1881103515625
76.23030853271484 409.686279296875
76.3956298828125 410.1927185058594
76.53711700439453 410.7063293457031
76.6375503540039 411.15838623046875
76.71402740478516 411.61749267578125
76.7662353515625 412.08270263671875
76.79377746582031 412.5516357421875
76.795654296875 412.9932556152344
76.77293395996094 413.432861328125
76.72570037841797 413.8700256347656
76.65406799316406 414.3038635253906
76.55825805664062 414.7330322265625
76.4385757446289 415.1561584472656
76.29539489746094 415.5718994140625
76.12915802001953 415.9789733886719
75.94039154052734 416.3761291503906
75.69352722167969 416.8326110839844
75.42330932617188 417.2796630859375
75.12933349609375 417.7176208496094
74.81382751464844 418.14288330078125
74.47857666015625 418.552978515625
74.12409973144531 418.9472351074219
73.75157928466797 419.3243408203125
73.36224365234375 419.6830749511719
72.95857238769531 420.021240234375
72.5435791015625 420.3365478515625
72.11863708496094 420.6282653808594
71.69970703125 420.8862609863281
71.28938293457031 421.11041259765625
70.87277221679688 421.3098449707031
70.4468765258789 421.4862060546875
70.01127624511719 421.6396789550781
69.55426788330078 421.77392578125
69.09085845947266 421.8840637207031
68.62232208251953 421.96978759765625
68.14994049072266 422.0308837890625
67.67501068115234 422.0671691894531
67.1988296508789 422.07855224609375
66.72270965576172 422.06500244140625
66.2479476928711 422.0265808105469
65.77584838867188 421.9633483886719
65.30770111083984 421.8755187988281
64.84479522705078 421.7633056640625
64.38839721679688 421.62701416015625
63.939754486083984 421.467041015625
63.500099182128906 421.2838134765625
63.07063293457031 421.07781982421875
62.65253448486328 420.8496398925781
62.2469482421875 420.5998840332031
61.85498809814453 420.3292541503906
61.477725982666016 420.0384826660156
61.11619567871094 419.7283630371094
60.77138900756836 419.3997497558594
60.444252014160156 419.0535583496094
60.135677337646484 418.6907043457031
59.84651565551758 418.31219482421875
59.57755661010742 417.9190979003906
59.32953643798828 417.512451171875
59.10313415527344 417.0933837890625
58.89897155761719 416.6630554199219
58.71760559082031 416.2226257324219
58.55953598022461 415.7733154296875
58.425193786621094 415.31634521484375
58.31494903564453 414.85296630859375
58.21781921386719 414.3309020996094
58.14499282836914 413.8032531738281
58.09687805175781 413.2726745605469
58.07358932495117 412.74041748046875
58.07517623901367 412.2076721191406
58.10163879394531 411.6755676269531
58.152915954589844 411.1452941894531
58.22889709472656 410.61798095703125
58.32941818237305 410.09478759765625
58.45425796508789 409.5768737792969
58.60314178466797 409.0653381347656
58.77574920654297 408.5613098144531
58.971702575683594 408.0658874511719
59.190574645996094 407.5801696777344
59.431884765625 407.1051940917969
59.69511032104492 406.6419982910156
59.97967529296875 406.1916198730469
60.28495788574219 405.7550048828125
60.610294342041016 405.3331298828125
60.95497512817383 404.9269104003906
61.3182487487793 404.5372314453125
61.69932174682617 404.1649169921875
62.09736251831055 403.8108215332031
62.51150131225586 403.4756774902344
62.940834045410156 403.1602478027344
63.384395599365234 402.865234375
63.841163635253906 402.59130859375
64.30989837646484 402.3392028808594
64.78868103027344 402.10992431640625
65.27323150634766 401.9053649902344
65.75330352783203 401.7293701171875
66.19790649414062 401.59173583984375
66.63217163085938 401.4827575683594
67.06446075439453 401.39947509765625
67.50025939941406 401.340576171875
67.93862915039062 401.3061828613281
68.37824249267578 401.29638671875
68.81771087646484 401.31121826171875
69.25566101074219 401.3506164550781
69.69071960449219 401.4144592285156
70.12152099609375 401.5025634765625
70.54671478271484 401.6146545410156
70.9649658203125 401.7503662109375
71.37496185302734 401.9092712402344
71.77542114257812 402.09088134765625
72.16508483886719 402.2946472167969
72.54273223876953 402.5198974609375
72.90717315673828 402.76593017578125
73.25727081298828 403.031982421875
73.59193420410156 403.3172302246094
73.91259002685547 403.6230163574219
74.27845001220703 404.00958251953125
74.62618255615234 404.4131774902344
74.95469665527344 404.83258056640625
75.26326751708984 405.2668762207031
75.55122375488281 405.7151184082031
75.81793212890625 406.1763000488281
76.06282043457031 406.6494445800781
76.28534698486328 407.13348388671875
76.48503112792969 407.6274108886719
76.66143798828125 408.1300964355469
76.81417846679688 408.6404724121094
76.92439270019531 409.0897216796875
77.01078033447266 409.54644775390625
77.07302856445312 410.0096740722656
77.1106948852539 410.47711181640625
77.12223052978516 410.9200744628906
77.10912322998047 411.3597412109375
77.07144165039062 411.7978515625
77.00929260253906 412.233154296875
76.92286682128906 412.664306640625
76.81244659423828 413.0899353027344
76.6783676147461 413.50872802734375
76.52105712890625 413.9193420410156
76.34100341796875 414.32049560546875
76.13877868652344 414.7109375
75.87431335449219 415.16259765625
75.58612823486328 415.605224609375
75.2769775390625 416.0343933105469
74.94715881347656 416.4496154785156
74.59790802001953 416.8492736816406
74.23043060302734 417.2319641113281
73.84564971923828 417.59674072265625
73.4451675415039 417.942138671875
73.03264617919922 418.26519775390625
72.60889434814453 418.56549072265625
72.18733978271484 418.834228515625
71.77371978759766 419.06903076171875
71.36162567138672 419.2748107910156
70.93832397460938 419.4584045410156
70.5064926147461 419.61865234375
70.06575775146484 419.7557067871094
69.60406494140625 419.872802734375
69.13687896728516 419.965576171875
68.66547393798828 420.0337829589844
68.19114685058594 420.0772399902344
67.71527862548828 420.0957946777344
67.23900604248047 420.08941650390625
66.76371765136719 420.0581359863281
66.29071807861328 420.00201416015625
65.82130432128906 419.9212341308594
65.35675811767578 419.8160095214844
64.89836120605469 419.6866149902344
64.44735717773438 419.5334167480469
64.00498962402344 419.3568115234375
63.572471618652344 419.1573181152344
63.15098571777344 418.9354553222656
62.7416877746582 418.69183349609375
62.34569549560547 418.4271240234375
61.9640998840332 418.1420593261719
61.59794235229492 417.8374328613281
61.24822998046875 417.5140380859375
60.915916442871094 417.17279052734375
60.60191345214844 416.81463623046875
60.30708312988281 416.4405212402344
60.03223419189453 416.051513671875
59.77811813354492 415.6486511230469
59.54542922973633 415.2330322265625
59.334808349609375 414.8058166503906
59.14683151245117 414.3681640625
58.98201370239258 413.9212646484375
58.8408088684082 413.46636962890625
58.723602294921875 413.00469970703125
58.630714416503906 412.53753662109375
58.55286407470703 412.0107727050781
58.49967575073242 411.480712890625
58.47129440307617 410.94873046875
58.4677848815918 410.4159851074219
58.48915481567383 409.8836669921875
58.53535461425781 409.3529357910156
58.606285095214844 408.8249206542969
58.7017936706543 408.3008117675781
58.82167053222656 407.7817077636719
58.96565246582031 407.2687683105469
59.13343048095703 406.76312255859375
59.32463455200195 406.265869140625
59.538848876953125 405.778076171875
59.775604248046875 405.3008117675781
60.034385681152344 404.83514404296875
60.31462860107422 404.3820495605469
60.615718841552734 403.9425354003906
60.93700408935547 403.517578125
61.27778244018555 403.1080627441406
61.63731002807617 402.71490478515625
62.014801025390625 402.3389587402344
62.4094352722168 401.9810485839844
62.82034683227539 401.6419677734375
63.24664306640625 401.32244873046875
63.687381744384766 401.023193359375
64.14157104492188 400.744873046875
64.60812377929688 400.4881286621094
65.08506774902344 400.2540588378906
65.5636215209961 400.04669189453125
66.03253936767578 399.8701477050781
66.48147583007812 399.72698974609375
66.91169738769531 399.6150817871094
67.34400177001953 399.5279846191406
67.77935028076172 399.4653625488281
68.21741485595703 399.4272155761719
68.65692138671875 399.4136657714844
69.09650421142578 399.42474365234375
69.53477478027344 399.4604187011719
69.9703598022461 399.52056884765625
70.40189361572266 399.6050109863281
70.8280258178711 399.7134704589844
71.24742126464844 399.8456115722656
71.65876007080078 400.00103759765625
72.06075286865234 400.1792297363281
72.45214080810547 400.379638671875
72.83169555664062 400.6016540527344
73.19822692871094 400.8445739746094
73.55058288574219 401.1076354980469
73.88766479492188 401.3900146484375
74.212890625 401.69482421875
74.58244323730469 402.0784606933594
74.93373107910156 402.4789733886719
75.26593780517578 402.8954772949219
75.57833099365234 403.3270263671875
75.8702392578125 403.772705078125
76.1410140991211 404.23150634765625
76.39007568359375 404.70245361328125
76.61687469482422 405.18450927734375
76.82091522216797 405.6766357421875
77.00175476074219 406.1777648925781
77.15899658203125 406.6867980957031
77.2733154296875 407.13555908203125
77.36365509033203 407.59100341796875
77.42989349365234 408.0530700683594
77.47174072265625 408.5208435058594
77.487060546875 408.96142578125
77.47774505615234 409.4010925292969
77.44383239746094 409.8395080566406
77.38542938232422 410.27532958984375
77.30271911621094 410.70721435546875
77.19596099853516 411.1337890625
77.06549072265625 411.5537109375
76.9117202758789 411.9656677246094
76.7351303100586 412.3683776855469
76.53627014160156 412.76055908203125
76.27552795410156 413.2148132324219
75.9909896850586 413.6602478027344
75.68536376953125 414.0924072265625
75.35897827148438 414.5107727050781
75.01301574707031 414.9137268066406
74.64851379394531 415.3000793457031
74.26667022705078 415.6685791015625
73.86869812011719 416.01806640625
73.45758056640625 416.3460693359375
73.03417205810547 416.652099609375
72.60832214355469 416.9295349121094
72.19047546386719 417.17266845703125
71.77557373046875 417.38580322265625
71.35547637939453 417.5738525390625
70.92654418945312 417.7386779785156
70.48846435546875 417.8804016113281
70.04241180419922 417.99859619140625
69.57615661621094 418.0959777832031
69.1054458618164 418.1688232421875
68.63461303710938 418.216552734375
68.16371154785156 418.23931884765625
67.68946838378906 418.23724365234375
67.21392059326172 418.2101745605469
66.74044036865234 418.15826416015625
66.27033233642578 418.0816345214844
65.80487060546875 417.98052978515625
65.34534454345703 417.8551940917969
64.89300537109375 417.70599365234375
64.44908905029297 417.5333251953125
64.01481628417969 417.337646484375
63.59138107299805 417.1195373535156
63.17993927001953 416.8795471191406
62.7816162109375 416.6183776855469
62.39750671386719 416.3367004394531
62.028663635253906 416.0353088378906
61.67609786987305 415.71502685546875
61.34077453613281 415.3767395019531
61.02360916137695 415.0213928222656
60.7254753112793 414.6499328613281
60.44718933105469 414.26336669921875
60.189510345458984 413.8627624511719
59.953147888183594 413.44921875
59.73875045776367 413.0238952636719
59.54690170288086 412.5879211425781
59.37812805175781 412.14251708984375
59.23289489746094 411.6888732910156
59.11159896850586 411.228271484375
59.01182556152344 410.75018310546875
58.928775787353516 410.22479248046875
58.87028121948242 409.6952819824219
58.83657455444336 409.1636047363281
58.827728271484375 408.63092041015625
58.84376525878906 408.0984191894531
58.884647369384766 407.5672302246094
58.950286865234375 407.0385437011719
59.04054260253906 406.51348876953125
59.15521240234375 405.99322509765625
59.29405212402344 405.4788818359375
59.456756591796875 404.9715881347656
59.642967224121094 404.4724426269531
59.8522834777832 403.9825439453125
60.08424377441406 403.5029296875
60.338348388671875 403.03466796875
60.614036560058594 402.57879638671875
60.910709381103516 402.13629150390625
61.22772216796875 401.7081298828125
61.56438064575195 401.29522705078125
61.919952392578125 400.89849853515625
