60.00742721557617 450.0074768066406
59.998111724853516 449.9975280761719
59.9893684387207 449.987060546875
59.981224060058594 449.97613525390625
59.97370147705078 449.96478271484375
59.966827392578125 449.9530029296875
59.96062088012695 449.94085693359375
59.95510482788086 449.92840576171875
59.950294494628906 449.9156494140625
59.946205139160156 449.90264892578125
59.942848205566406 449.8894348144531
59.94023513793945 449.8760681152344
59.93837356567383 449.8625793457031
59.93727111816406 449.8489990234375
59.936927795410156 449.8353576660156
59.937347412109375 449.8217468261719
59.93852996826172 449.80816650390625
59.94047164916992 449.794677734375
59.94316482543945 449.78131103515625
59.946598052978516 449.76812744140625
59.95076370239258 449.7551574707031
59.95564270019531 449.7424621582031
59.96122360229492 449.73004150390625
59.96747589111328 449.7179870605469
59.9743766784668 449.7063293457031
59.98189926147461 449.6950988769531
59.990089416503906 449.6842346191406
59.99888229370117 449.673828125
60.00824737548828 449.6639099121094
60.018150329589844 449.654541015625
60.028564453125 449.645751953125
60.039451599121094 449.6375427246094
60.05078125 449.6299743652344
60.06251907348633 449.623046875
60.07462692260742 449.6167907714844
60.08706283569336 449.6112060546875
60.09979248046875 449.6063232421875
60.11277389526367 449.6021728515625
60.12596893310547 449.5987548828125
60.13933563232422 449.5960693359375
60.15283203125 449.5941467285156
60.166412353515625 449.5929870605469
60.18003845214844 449.59259033203125
60.19366455078125 449.59295654296875
60.20713424682617 449.59405517578125
60.20231628417969 449.5934143066406
60.19727325439453 449.5924987792969
60.192283630371094 449.5913391113281
60.187355041503906 449.5899353027344
60.182498931884766 449.5882873535156
60.1777229309082 449.58642578125
60.17304229736328 449.5843505859375
60.1684684753418 449.58203125
60.16400909423828 449.5794982910156
60.15967559814453 449.5767517089844
60.15547561645508 449.5738220214844
60.15142059326172 449.5706787109375
60.14752197265625 449.5673522949219
60.14378356933594 449.5638427734375
60.14021682739258 449.5601501464844
60.1368293762207 449.5563049316406
60.133628845214844 449.55230712890625
60.13062286376953 449.54815673828125
60.1278190612793 449.5438537597656
60.125221252441406 449.5394287109375
60.12283706665039 449.5348815917969
60.12067413330078 449.5302429199219
60.118736267089844 449.5255126953125
60.11702346801758 449.52069091796875
60.115543365478516 449.5157775878906
60.11429977416992 449.51080322265625
60.1132926940918 449.5057678222656
60.11252975463867 449.5007019042969
60.11200714111328 449.49560546875
60.11172866821289 449.490478515625
60.1116943359375 449.4853515625
60.11190414428711 449.480224609375
60.11235809326172 449.4751281738281
60.11305618286133 449.4700622558594
60.113983154296875 449.4650573730469
60.110801696777344 449.4783020019531
60.10688018798828 449.4913635253906
60.102237701416016 449.5041809082031
60.096885681152344 449.5167236328125
60.09083938598633 449.5289306640625
60.08412170410156 449.540771484375
60.07674789428711 449.55224609375
60.06874465942383 449.5632629394531
60.06013870239258 449.5738220214844
60.05095672607422 449.5838928222656
60.04122543334961 449.59344482421875
60.030975341796875 449.6024169921875
60.02023696899414 449.6108093261719
60.00904846191406 449.61859130859375
59.997440338134766 449.625732421875
59.985450744628906 449.6322021484375
59.97311782836914 449.63800048828125
59.960479736328125 449.6430969238281
59.94757843017578 449.6474914550781
59.934452056884766 449.6511535644531
59.921138763427734 449.6540832519531
59.907684326171875 449.65625
59.89413070678711 449.65765380859375
59.88051986694336 449.6582946777344
59.86689376831055 449.6581726074219
59.853294372558594 449.65728759765625
59.83976364135742 449.6556701660156
59.82634735107422 449.6532897949219
59.81308364868164 449.650146484375
59.800018310546875 449.6462707519531
59.78718948364258 449.64166259765625
59.774635314941406 449.6363525390625
59.76239776611328 449.6303405761719
59.75051498413086 449.6236572265625
59.7390251159668 449.6163330078125
59.727962493896484 449.6083679199219
59.71736145019531 449.59979248046875
59.70725631713867 449.59063720703125
59.69767761230469 449.5809326171875
59.688655853271484 449.5707092285156
59.68022155761719 449.55999755859375
59.67239761352539 449.548828125
59.66521072387695 449.5372619628906
59.65868377685547 449.5252990722656
59.652835845947266 449.51300048828125
59.64768600463867 449.5003967285156
59.64324951171875 449.4875183105469
59.63954162597656 449.4743957519531
59.636573791503906 449.4610900878906
59.63435363769531 449.4476318359375
59.63288879394531 449.43408203125
59.63218307495117 449.42047119140625
59.632240295410156 449.4068298339844
59.633060455322266 449.3932189941406
59.634639739990234 449.3796691894531
59.6369743347168 449.3662414550781
59.64005661010742 449.35296630859375
59.64387512207031 449.3398742675781
59.648414611816406 449.3270263671875
59.653663635253906 449.314453125
59.65959930419922 449.3022155761719
59.66619873046875 449.29034423828125
59.67341232299805 449.2789306640625
59.681304931640625 449.2678527832031
59.689815521240234 449.2572021484375
59.69891357421875 449.2470397949219
59.70856475830078 449.2374267578125
59.7187385559082 449.2283630371094
59.72940444946289 449.2198791503906
59.74052810668945 449.2120056152344
59.7520751953125 449.20477294921875
59.76401138305664 449.19818115234375
59.77629470825195 449.1922607421875
59.78889083862305 449.1870422363281
59.8017578125 449.18255615234375
59.814857482910156 449.17877197265625
59.828147888183594 449.1757507324219
59.84158706665039 449.1734619140625
59.855133056640625 449.17193603515625
59.868743896484375 449.1711730957031
59.88237380981445 449.1711730957031
59.8959846496582 449.17193603515625
59.897857666015625 449.1721496582031
59.89279556274414 449.1713562011719
59.887779235839844 449.1703186035156
59.882816314697266 449.1690368652344
59.87792205810547 449.1675109863281
59.873104095458984 449.165771484375
59.86837387084961 449.1637878417969
59.863746643066406 449.1615905761719
59.85922622680664 449.1591796875
59.854827880859375 449.15655517578125
59.85055923461914 449.1537170410156
59.846431732177734 449.1506652832031
59.84245300292969 449.1474304199219
59.8386344909668 449.1440124511719
59.834983825683594 449.1404113769531
59.83150863647461 449.13665771484375
59.828216552734375 449.1327209472656
59.82511520385742 449.1286315917969
59.82221221923828 449.1244201660156
59.81951141357422 449.12005615234375
59.817020416259766 449.1155700683594
59.81474685668945 449.1109619140625
59.81269454956055 449.10626220703125
59.81086730957031 449.1014709472656
59.80927276611328 449.0965881347656
59.80791091918945 449.0916442871094
59.806785583496094 449.0866394042969
59.80590057373047 449.08160400390625
59.80525588989258 449.0765075683594
59.80485534667969 449.0714111328125
59.8046989440918 449.0662841796875
59.804786682128906 449.0611572265625
59.805118560791016 449.0560302734375
59.805694580078125 449.0509338378906
59.80651092529297 449.0458679199219
59.80726623535156 449.04229736328125
59.80375671386719 449.0554504394531
59.79951858520508 449.0683898925781
59.794559478759766 449.0810852050781
59.78889846801758 449.0934753417969
59.782554626464844 449.10552978515625
59.77554702758789 449.1172180175781
59.76789474487305 449.1285095214844
59.75962448120117 449.13934326171875
59.750762939453125 449.1496887207031
59.7413330078125 449.1595153808594
59.73136901855469 449.1688232421875
59.72090148925781 449.17755126953125
59.7099609375 449.1856689453125
59.698585510253906 449.19317626953125
59.686805725097656 449.2000427246094
59.67466354370117 449.20623779296875
59.662193298339844 449.21173095703125
59.64943313598633 449.2165222167969
59.63642501831055 449.2205810546875
59.62321090698242 449.2239074707031
59.609832763671875 449.22650146484375
59.59632873535156 449.22833251953125
59.58274459838867 449.2294006347656
59.569122314453125 449.2297058105469
59.55550003051758 449.229248046875
59.541927337646484 449.22802734375
59.5284423828125 449.22607421875
59.51508712768555 449.2233581542969
59.50190353393555 449.21990966796875
59.48893737792969 449.2157287597656
59.47622299194336 449.2108154296875
59.463802337646484 449.2052001953125
59.451717376708984 449.19891357421875
59.44000244140625 449.19195556640625
59.42869567871094 449.1843566894531
59.41783142089844 449.1761169433594
59.40744400024414 449.16729736328125
59.39756774902344 449.15789794921875
59.38823318481445 449.1479797363281
59.37946701049805 449.1375427246094
59.371299743652344 449.12664794921875
59.36375427246094 449.11529541015625
59.35685348510742 449.1035461425781
59.35062026977539 449.0914306640625
59.34507751464844 449.0789794921875
59.340240478515625 449.0662536621094
59.33612060546875 449.0532531738281
59.332733154296875 449.0400390625
59.3300895690918 449.02667236328125
59.32819747924805 449.01318359375
59.327064514160156 448.9996032714844
59.32669448852539 448.9859619140625
59.32708740234375 448.97235107421875
59.32823944091797 448.9587707519531
59.33015060424805 448.9452819824219
59.33281326293945 448.9319152832031
59.336219787597656 448.9187316894531
59.34035873413086 448.90576171875
59.345211029052734 448.8930358886719
59.35075759887695 448.880615234375
59.35697937011719 448.8685607910156
59.36384582519531 448.8569030761719
59.37133026123047 448.8456726074219
59.37948989868164 448.83477783203125
59.38825988769531 448.8243408203125
59.39759826660156 448.8144226074219
59.40747833251953 448.8050231933594
59.417869567871094 448.79620361328125
59.42873764038086 448.7879638671875
59.44004821777344 448.7803649902344
59.45176696777344 448.7734069824219
59.46385955810547 448.7671203613281
59.47628402709961 448.7615051269531
59.4890022277832 448.756591796875
59.501976013183594 448.7524108886719
59.51516342163086 448.74896240234375
59.52852249145508 448.7462463378906
59.54201126098633 448.7442932128906
59.55559158325195 448.74310302734375
59.569217681884766 448.74267578125
59.58284378051758 448.7430114746094
59.596412658691406 448.74407958984375
59.59138107299805 448.743408203125
59.58633804321289 448.74249267578125
59.58134460449219 448.7413330078125
59.576412200927734 448.73992919921875
59.57154846191406 448.7383117675781
59.566768646240234 448.7364501953125
59.56208419799805 448.734375
59.55750274658203 448.7320861816406
59.553035736083984 448.7295837402344
59.5486946105957 448.72686767578125
59.54448699951172 448.72393798828125
59.54042434692383 448.7208251953125
59.53651428222656 448.7174987792969
59.53276824951172 448.7139892578125
59.52919387817383 448.7103271484375
59.52579879760742 448.70648193359375
59.52259063720703 448.7024841308594
59.51957702636719 448.6983337402344
59.516761779785156 448.6940612792969
59.514156341552734 448.68963623046875
59.51176452636719 448.6850891113281
59.50959014892578 448.6804504394531
59.50763702392578 448.67572021484375
59.50591278076172 448.6708984375
59.50442123413086 448.6659851074219
59.50316619873047 448.6610107421875
59.50214767456055 448.6559753417969
59.50136947631836 448.6509094238281
59.50083541870117 448.64581298828125
59.500545501708984 448.64068603515625
59.5004997253418 448.63555908203125
59.50069808959961 448.63043212890625
59.50114059448242 448.6253356933594
59.50182342529297 448.6202697753906
59.502750396728516 448.615234375
59.49961471557617 448.62841796875
59.4957275390625 448.6414794921875
59.49111557006836 448.654296875
59.48579406738281 448.6668395996094
59.47977828979492 448.6790771484375
59.473087310791016 448.6909484863281
59.46574401855469 448.7024230957031
59.45777130126953 448.7134704589844
59.44919204711914 448.72406005859375
59.440032958984375 448.7341613769531
59.43032455444336 448.74371337890625
59.42009735107422 448.7527160644531
59.40938186645508 448.7611389160156
59.39821243286133 448.7689514160156
59.38662338256836 448.776123046875
59.37465286254883 448.7826232910156
59.362335205078125 448.7884521484375
59.34971237182617 448.7935791015625
59.336822509765625 448.7980041503906
59.32370376586914 448.80169677734375
59.31039810180664 448.8046569824219
59.29695129394531 448.8068542480469
59.28340148925781 448.80828857421875
59.26979064941406 448.8089599609375
59.25616455078125 448.80889892578125
59.24256134033203 448.8080749511719
59.229026794433594 448.8064880371094
59.21560287475586 448.80413818359375
59.20233154296875 448.801025390625
59.18925476074219 448.79718017578125
59.176414489746094 448.7926330566406
59.163848876953125 448.787353515625
59.15159606933594 448.7813720703125
59.13969802856445 448.77471923828125
59.12818908691406 448.7674255371094
59.11710739135742 448.7594909667969
59.10648727416992 448.7509460449219
59.09635925292969 448.7418212890625
59.08675765991211 448.7321472167969
59.07771301269531 448.7219543457031
59.069252014160156 448.7112731933594
59.0614013671875 448.70013427734375
59.0541877746582 448.6885681152344
59.047630310058594 448.6766357421875
59.041751861572266 448.6643371582031
59.03657150268555 448.6517333984375
59.0321044921875 448.63885498046875
59.02836227416992 448.6257629394531
59.025360107421875 448.6124572753906
59.02310562133789 448.5989990234375
59.0216064453125 448.58544921875
59.02086639404297 448.57183837890625
59.02088928222656 448.5581970214844
59.02167510986328 448.5445861816406
59.02322006225586 448.5310363769531
59.02552032470703 448.5176086425781
59.028568267822266 448.50433349609375
59.032352447509766 448.4912414550781
59.036861419677734 448.4783935546875
59.04207229614258 448.4658508300781
59.0479621887207 448.45361328125
59.054508209228516 448.4417724609375
59.061676025390625 448.43035888671875
59.06953430175781 448.41925048828125
59.07801055908203 448.4085998535156
59.08707809448242 448.3984375
59.09669876098633 448.3887939453125
59.10684585571289 448.37969970703125
59.117488861083984 448.3711853027344
59.12858963012695 448.36328125
59.14011764526367 448.35601806640625
59.152034759521484 448.3493957519531
59.164302825927734 448.34344482421875
59.176883697509766 448.33819580078125
59.18973922729492 448.3336486816406
59.20282745361328 448.329833984375
59.21610641479492 448.3267517089844
59.22953796386719 448.3244323730469
59.243080139160156 448.3228759765625
59.25668716430664 448.3220520019531
59.27031707763672 448.3219909667969
59.2839241027832 448.32269287109375
59.28062438964844 448.3223571777344
59.27555847167969 448.3215637207031
59.27053451538086 448.320556640625
59.26556396484375 448.3193054199219
59.26066207885742 448.31781005859375
59.255836486816406 448.3160705566406
59.2510986328125 448.3141174316406
59.2464599609375 448.31195068359375
59.24192810058594 448.3095397949219
59.23751449584961 448.30694580078125
59.23323059082031 448.30413818359375
59.229087829589844 448.3011169433594
59.225093841552734 448.29791259765625
59.221256256103516 448.2945251464844
59.217586517333984 448.29095458984375
59.214088439941406 448.2872009277344
59.21077346801758 448.2832946777344
59.20764923095703 448.27923583984375
59.2047233581543 448.2750244140625
59.20199966430664 448.27069091796875
59.199485778808594 448.2662353515625
59.19718933105469 448.26165771484375
59.19511413574219 448.2569580078125
59.19326400756836 448.2521667480469
59.19164276123047 448.247314453125
59.19025802612305 448.24237060546875
59.189109802246094 448.23736572265625
59.18819808959961 448.2323303222656
59.187530517578125 448.22723388671875
59.187103271484375 448.2221374511719
59.186920166015625 448.2170104980469
59.186981201171875 448.2118835449219
59.187286376953125 448.2067565917969
59.187835693359375 448.20166015625
59.188629150390625 448.19659423828125
59.189613342285156 448.1918029785156
59.186180114746094 448.2049865722656
59.18201446533203 448.21795654296875
59.177127838134766 448.2306823730469
59.171539306640625 448.24310302734375
59.16526412963867 448.25518798828125
59.158321380615234 448.26690673828125
59.150733947753906 448.2782287597656
59.14252471923828 448.2890930175781
59.13372039794922 448.29949951171875
59.12434768676758 448.30938720703125
59.114437103271484 448.3187255859375
59.10401916503906 448.3275146484375
59.09312438964844 448.335693359375
59.081790924072266 448.34326171875
59.07004928588867 448.3501892089844
59.05794143676758 448.3564453125
59.045501708984375 448.36199951171875
59.032772064208984 448.3668518066406
59.01979064941406 448.3710021972656
59.006595611572266 448.3744201660156
58.99323272705078 448.3770751953125
58.979740142822266 448.3789978027344
58.96615982055664 448.3801574707031
58.952537536621094 448.38055419921875
58.93891525268555 448.38018798828125
58.92533493041992 448.3790588378906
58.91183853149414 448.3771667480469
58.898468017578125 448.3745422363281
58.8852653503418 448.37115478515625
58.87227249145508 448.3670349121094
58.85953140258789 448.3622131347656
58.84708023071289 448.3566589355469
58.834957122802734 448.3504333496094
58.823204040527344 448.3435363769531
58.81185531616211 448.33599853515625
58.80094528198242 448.32781982421875
58.79050827026367 448.3190612792969
58.78057861328125 448.3097229003906
58.77118682861328 448.2998352050781
58.762359619140625 448.2894592285156
58.754127502441406 448.2785949707031
58.746517181396484 448.2673034667969
58.73955154418945 448.2555847167969
58.73324966430664 448.2434997558594
58.72763442993164 448.2310791015625
58.72272491455078 448.2183532714844
58.71853256225586 448.20538330078125
58.71507263183594 448.19219970703125
58.71235275268555 448.1788330078125
58.710384368896484 448.16534423828125
58.70917510986328 448.1517639160156
58.70872497558594 448.1381530761719
58.70903778076172 448.12451171875
58.710113525390625 448.1109313964844
58.71194839477539 448.097412109375
58.714534759521484 448.0840148925781
58.717864990234375 448.07080078125
58.721927642822266 448.05780029296875
58.72670364379883 448.0450439453125
58.732177734375 448.0325927734375
58.73832702636719 448.0205078125
58.7451171875 448.0088195800781
58.75248718261719 447.99761962890625
58.76056671142578 447.9866943359375
58.76926803588867 447.9762268066406
58.77854537963867 447.96624755859375
58.788368225097656 447.956787109375
58.7987060546875 447.9479064941406
58.80952453613281 447.9396057128906
58.8207893371582 447.9319152832031
58.83246612548828 447.9248962402344
58.84451675415039 447.91851806640625
58.85690689086914 447.912841796875
58.86959457397461 447.9078674316406
58.88254165649414 447.9035949707031
58.89570617675781 447.9000549316406
58.90904998779297 447.8972473144531
58.92252731323242 447.89520263671875
58.936100006103516 447.8939208984375
58.94972229003906 447.8934020996094
58.96335220336914 447.8936462402344
58.97694396972656 447.8946533203125
58.97187042236328 447.8940124511719
58.966819763183594 447.89312744140625
58.96181869506836 447.8919982910156
58.95687484741211 447.890625
58.952003479003906 447.8890380859375
58.94721221923828 447.88720703125
58.94251251220703 447.8851623535156
58.93791580200195 447.8829040527344
58.933433532714844 447.88043212890625
58.9290771484375 447.87774658203125
58.92485427856445 447.8748474121094
58.920772552490234 447.8717346191406
58.91684341430664 447.8684387207031
58.9130744934082 447.8649597167969
58.90947723388672 447.8612976074219
58.90605926513672 447.85748291015625
58.90282440185547 447.853515625
58.899784088134766 447.8493957519531
58.896942138671875 447.8451232910156
58.89430618286133 447.8407287597656
58.891883850097656 447.8362121582031
58.889678955078125 447.8315734863281
58.887699127197266 447.82684326171875
58.88594436645508 447.822021484375
58.884422302246094 447.817138671875
58.88313674926758 447.8121643066406
58.88208770751953 447.8071594238281
58.88127899169922 447.8020935058594
58.880714416503906 447.7969970703125
58.88039016723633 447.7918701171875
58.88031005859375 447.7867431640625
58.88047409057617 447.7816162109375
58.880882263183594 447.7765197753906
58.881534576416016 447.77142333984375
58.88242721557617 447.7663879394531
58.88230895996094 447.76690673828125
58.878578186035156 447.7799987792969
58.874122619628906 447.7928771972656
58.868953704833984 447.80548095703125
58.86308670043945 447.8177795410156
58.85654067993164 447.8297424316406
58.849334716796875 447.84130859375
58.841495513916016 447.8524475097656
58.83304214477539 447.8631286621094
58.824005126953125 447.8733215332031
58.81441116333008 447.88299560546875
58.804290771484375 447.8921203613281
58.793678283691406 447.9006652832031
58.7826042175293 447.9085998535156
58.77110290527344 447.9158935546875
58.75920867919922 447.92254638671875
58.74696350097656 447.92852783203125
58.73440170288086 447.9338073730469
58.72156524658203 447.9383850097656
58.708492279052734 447.9422302246094
58.69522476196289 447.9453430175781
58.68180465698242 447.94769287109375
58.66827392578125 447.9493103027344
58.6546745300293 447.9501647949219
58.641048431396484 447.95025634765625
58.627437591552734 447.9495849609375
58.61388397216797 447.9481506347656
58.600433349609375 447.9459533691406
58.587127685546875 447.9430236816406
58.574005126953125 447.9393310546875
58.56111145019531 447.9349365234375
58.54848098754883 447.9298095703125
58.53615951538086 447.9239807128906
58.5241813659668 447.91748046875
58.5125846862793 447.9103088378906
58.501407623291016 447.90252685546875
58.490684509277344 447.89410400390625
58.48044967651367 447.8851013183594
58.470733642578125 447.87554931640625
58.46156692504883 447.865478515625
58.45297622680664 447.8548889160156
58.44499206542969 447.8438415527344
58.43763732910156 447.8323669433594
58.430938720703125 447.82049560546875
58.42491149902344 447.8082580566406
58.419578552246094 447.79571533203125
58.414955139160156 447.78289794921875
58.41105651855469 447.76983642578125
58.407894134521484 447.756591796875
58.40547561645508 447.7431640625
58.403812408447266 447.7296447753906
58.40290832519531 447.7160339355469
58.402767181396484 447.702392578125
58.40338897705078 447.68878173828125
58.40476989746094 447.67523193359375
58.40690994262695 447.6617736816406
58.40979766845703 447.6484680175781
58.413421630859375 447.6353454589844
58.41777038574219 447.6224365234375
58.42282485961914 447.6098327636719
58.42856216430664 447.5975341796875
58.43495559692383 447.58563232421875
58.44197082519531 447.5741271972656
58.449684143066406 447.56292724609375
58.45802688598633 447.5521545410156
58.46696853637695 447.5418701171875
58.476470947265625 447.5321044921875
58.486507415771484 447.52288818359375
58.49704360961914 447.5142517089844
58.5080451965332 447.5061950683594
58.51948165893555 447.498779296875
58.531314849853516 447.49200439453125
58.54350662231445 447.48590087890625
58.55602264404297 447.4804992675781
58.56882095336914 447.4757995605469
58.58185958862305 447.4718322753906
58.59510040283203 447.4685974121094
58.60850143432617 447.4660949707031
58.62202072143555 447.46435546875
58.635616302490234 447.46337890625
58.64924621582031 447.4631652832031
58.66286849975586 447.4637145996094
58.66497802734375 447.4638977050781
58.65990447998047 447.4631652832031
58.65487289428711 447.4621887207031
58.6498908996582 447.4609680175781
58.64497375488281 447.45953369140625
58.64012908935547 447.4578552246094
58.635372161865234 447.4559631347656
58.63071060180664 447.4538269042969
58.626155853271484 447.45147705078125
58.62171936035156 447.44891357421875
58.617408752441406 447.4461364746094
58.61323547363281 447.4431457519531
58.60920715332031 447.4399719238281
58.6053352355957 447.4366149902344
58.601627349853516 447.4330749511719
58.59809494018555 447.4293518066406
58.59474182128906 447.42547607421875
58.59157943725586 447.42144775390625
58.5886116027832 447.4172668457031
58.585845947265625 447.4129638671875
58.583290100097656 447.40850830078125
58.58094787597656 447.4039611816406
58.578826904296875 447.3992919921875
58.57693099975586 447.39453125
58.57526397705078 447.3896789550781
58.573829650878906 447.384765625
58.572628021240234 447.3797912597656
58.5716667175293 447.374755859375
58.570945739746094 447.36968994140625
58.57046890258789 447.3645935058594
58.57023620605469 447.3594665527344
58.570247650146484 447.3543395996094
58.57050323486328 447.3492126464844
58.57100296020508 447.3441162109375
58.57174301147461 447.33905029296875
58.572723388671875 447.3340148925781
58.56942367553711 447.34722900390625
58.56538772583008 447.3602600097656
58.560630798339844 447.3730163574219
58.55516815185547 447.385498046875
58.549015045166016 447.39764404296875
58.54219055175781 447.4094543457031
58.53471755981445 447.42083740234375
58.52661895751953 447.4317932128906
58.517921447753906 447.4422912597656
58.50864791870117 447.4522705078125
58.49883270263672 447.46173095703125
58.488502502441406 447.4706115722656
58.477691650390625 447.4789123535156
58.466434478759766 447.4866027832031
58.45476531982422 447.49365234375
58.44272232055664 447.5000305175781
58.43033981323242 447.5057067871094
58.417659759521484 447.5107116699219
58.404720306396484 447.5149841308594
58.39155960083008 447.5185241699219
58.37822341918945 447.5213317871094
58.364749908447266 447.52337646484375
58.3511848449707 447.524658203125
58.33756637573242 447.5251770019531
58.32394027709961 447.5249328613281
58.31034851074219 447.5239562988281
58.29683303833008 447.522216796875
58.2834358215332 447.51971435546875
58.27020263671875 447.5164794921875
58.257171630859375 447.5124816894531
58.244380950927734 447.5077819824219
58.231876373291016 447.50238037109375
58.21969223022461 447.49627685546875
58.20787048339844 447.489501953125
58.19644546508789 447.4820861816406
58.185455322265625 447.4740295410156
58.174930572509766 447.4653625488281
58.1649055480957 447.45611572265625
58.15541458129883 447.44635009765625
58.146484375 447.4360656738281
58.138145446777344 447.42529296875
58.13042068481445 447.4140625
58.12333679199219 447.4024353027344
58.11691665649414 447.3904113769531
58.111175537109375 447.3780517578125
58.106136322021484 447.3653869628906
58.10181427001953 447.35247802734375
58.09822082519531 447.3393249511719
58.095367431640625 447.32598876953125
58.093265533447266 447.3125305175781
58.0919189453125 447.2989807128906
58.091331481933594 447.2853698730469
58.09150695800781 447.271728515625
58.092445373535156 447.25811767578125
58.09414291381836 447.2445983886719
58.096595764160156 447.231201171875
58.09979248046875 447.21795654296875
58.103721618652344 447.2049255371094
58.108367919921875 447.192138671875
58.11370086669922 447.1796875
58.119720458984375 447.16754150390625
58.12635040283203 447.1558532714844
58.13357925415039 447.14459228515625
58.14153289794922 447.13360595703125
58.150123596191406 447.1230163574219
58.15929412841797 447.1129455566406
58.16901779174805 447.1033935546875
58.17926025390625 447.0943908691406
58.18998718261719 447.0859680175781
58.201168060302734 447.07818603515625
58.2127685546875 447.0710144042969
58.22475051879883 447.06451416015625
58.23707962036133 447.0586853027344
58.24971389770508 447.0535583496094
58.26261520385742 447.0491638183594
58.27574157714844 447.0455017089844
58.28905487060547 447.0425720214844
58.30250930786133 447.0403747558594
58.31606674194336 447.0389404296875
58.329681396484375 447.03826904296875
58.34331130981445 447.0383605957031
58.356895446777344 447.0392150878906
58.35184860229492 447.03863525390625
58.3467903137207 447.0378112792969
58.34177780151367 447.0367431640625
58.336822509765625 447.0354309082031
58.331932067871094 447.0339050292969
58.32712173461914 447.0321350097656
58.32240295410156 447.0301513671875
58.31778335571289 447.0279235839844
58.31327438354492 447.0254821777344
58.30888748168945 447.0228271484375
58.304630279541016 447.01995849609375
58.300514221191406 447.01690673828125
58.29655075073242 447.013671875
58.292747497558594 447.0102233886719
58.28911209106445 447.0066223144531
58.28565216064453 447.0028381347656
58.28237533569336 446.9989013671875
58.27928924560547 446.99481201171875
58.27640151977539 446.9905700683594
58.273719787597656 446.9862060546875
58.2712516784668 446.9817199707031
58.26899719238281 446.97711181640625
58.2669677734375 446.972412109375
58.26516342163086 446.9676208496094
58.263587951660156 446.9627380371094
58.26224899291992 446.9577941894531
58.261146545410156 446.9527893066406
58.260284423828125 446.9477233886719
58.25966262817383 446.942626953125
58.25928497314453 446.9375305175781
58.259151458740234 446.9324035644531
58.25926208496094 446.9272766113281
58.25961685180664 446.9221496582031
58.260215759277344 446.91705322265625
58.26105499267578 446.9119873046875
58.261898040771484 446.9080810546875
58.25834274291992 446.92120361328125
58.25404739379883 446.93414306640625
58.2490348815918 446.9468078613281
58.243324279785156 446.95916748046875
58.23693084716797 446.97119140625
58.22987365722656 446.98284912109375
58.22217559814453 446.99407958984375
58.21385955810547 447.0048828125
58.204952239990234 447.01519775390625
58.19548416137695 447.0249938964844
58.185482025146484 447.03424072265625
58.17497634887695 447.04290771484375
58.16400146484375 447.0509948730469
58.152591705322266 447.0584411621094
58.140785217285156 447.06524658203125
58.12861633300781 447.0713806152344
58.11612319946289 447.0768127441406
58.10334396362305 447.08154296875
58.0903205871582 447.0855407714844
58.077091217041016 447.08880615234375
58.06370162963867 447.0913391113281
58.05018997192383 447.0931091308594
58.03660202026367 447.0941162109375
58.02297592163086 447.0943908691406
58.00935745239258 447.0939025878906
57.99578857421875 447.0926513671875
57.9823112487793 447.09063720703125
57.96896743774414 447.0878601074219
57.9557991027832 447.0843505859375
57.942848205566406 447.0801086425781
57.93015670776367 447.07513427734375
57.917762756347656 447.0694580078125
57.905704498291016 447.0631103515625
57.894020080566406 447.05609130859375
57.88274383544922 447.0484313964844
57.87191390991211 447.0401611328125
57.86156463623047 447.0312805175781
57.85172653198242 447.0218505859375
57.84243392944336 447.0118713378906
57.83371353149414 447.00140380859375
57.825592041015625 446.9904479980469
57.818092346191406 446.97906494140625
57.811241149902344 446.96728515625
57.80506134033203 446.95513916015625
57.7995719909668 446.9426574707031
57.7947883605957 446.9299011230469
57.79072570800781 446.9169006347656
57.78739547729492 446.9036865234375
57.78480911254883 446.8902893066406
57.78297424316406 446.87677001953125
57.781898498535156 446.8631896972656
57.781585693359375 446.84954833984375
57.78203582763672 446.8359375
57.78324508666992 446.8223571777344
57.785213470458984 446.8088684082031
57.787933349609375 446.7955017089844
57.7913932800293 446.7823181152344
57.79557800292969 446.7693786621094
57.800472259521484 446.7567138671875
57.80604934692383 446.7443542480469
57.81228256225586 446.7323913574219
57.81913375854492 446.7208251953125
57.82669448852539 446.7095642089844
57.834896087646484 446.6986999511719
57.84370422363281 446.68829345703125
57.85308074951172 446.67840576171875
57.86299514770508 446.6690368652344
57.873416900634766 446.6602478027344
57.884315490722656 446.6520690917969
57.89565658569336 446.6445007324219
57.90740203857422 446.6375732421875
57.91951370239258 446.6313171386719
57.93195724487305 446.6257629394531
57.94469451904297 446.62091064453125
57.95768356323242 446.61676025390625
57.970882415771484 446.61334228515625
57.9842529296875 446.6106872558594
57.99774932861328 446.6087646484375
58.01133346557617 446.60760498046875
58.024959564208984 446.6072082519531
58.0385856628418 446.6075744628906
58.052162170410156 446.60870361328125
58.047088623046875 446.6080017089844
58.042049407958984 446.6070556640625
58.03705978393555 446.60589599609375
58.03213119506836 446.6044921875
58.02727508544922 446.60284423828125
58.02250289916992 446.6009826660156
58.017826080322266 446.598876953125
58.01325225830078 446.5965576171875
58.00879669189453 446.5940246582031
58.00446701049805 446.5912780761719
58.00027084350586 446.5883483886719
57.996219635009766 446.585205078125
57.9923210144043 446.5818786621094
57.98858642578125 446.578369140625
57.985023498535156 446.5746765136719
57.98163986206055 446.5708312988281
57.97844314575195 446.56683349609375
57.975440979003906 446.56268310546875
57.97264099121094 446.5583801269531
57.97005081176758 446.553955078125
57.967674255371094 446.5494079589844
57.96551513671875 446.5447692871094
57.96358108520508 446.5400085449219
57.961875915527344 446.5351867675781
57.96040344238281 446.5302734375
57.959163665771484 446.5252990722656
57.95816421508789 446.520263671875
57.95740509033203 446.51519775390625
57.95689010620117 446.5101013183594
57.95661544799805 446.5049743652344
57.95658493041992 446.4998474121094
57.95680236816406 446.4947204589844
57.95726013183594 446.4896240234375
57.95796203613281 446.48455810546875
57.95890426635742 446.4795227050781
57.959983825683594 446.4749755859375
57.956153869628906 446.4880676269531
57.95159912109375 446.50091552734375
57.94633483886719 446.51348876953125
57.94037628173828 446.5257568359375
57.933738708496094 446.53765869140625
57.926448822021484 446.5491638183594
57.91852569580078 446.56024169921875
57.90999221801758 446.57086181640625
57.90087890625 446.58099365234375
57.891212463378906 446.5906066894531
57.88102340698242 446.59967041015625
57.87034606933594 446.6081237792969
57.85921096801758 446.615966796875
57.847652435302734 446.6231994628906
57.83570861816406 446.6297607421875
57.82341766357422 446.6356506347656
57.81081771850586 446.6408386230469
57.79794692993164 446.64532470703125
57.78484344482422 446.6490783691406
57.77155303955078 446.652099609375
57.758113861083984 446.65435791015625
57.744571685791016 446.6558532714844
57.73096466064453 446.6566162109375
57.71733856201172 446.6566162109375
57.703731536865234 446.6558532714844
57.690189361572266 446.6543273925781
57.676753997802734 446.65203857421875
57.66347122192383 446.64898681640625
57.6503791809082 446.64520263671875
57.637516021728516 446.64068603515625
57.62492752075195 446.6354675292969
57.612648010253906 446.6295471191406
57.6007194519043 446.6229553222656
57.58917999267578 446.61572265625
57.57806396484375 446.60784912109375
57.567405700683594 446.599365234375
57.55723571777344 446.5903015136719
57.54759216308594 446.5806884765625
57.53850173950195 446.5705261230469
57.529991149902344 446.55987548828125
57.522090911865234 446.54876708984375
57.51482391357422 446.5372314453125
57.50821304321289 446.52532958984375
57.50227737426758 446.5130615234375
57.497039794921875 446.50048828125
57.49251174926758 446.4876403808594
57.488712310791016 446.47454833984375
57.48564910888672 446.4612731933594
57.483333587646484 446.4478454589844
57.481773376464844 446.4342956542969
57.48097229003906 446.4206848144531
57.480934143066406 446.40704345703125
57.481658935546875 446.3934326171875
57.4831428527832 446.3798828125
57.485382080078125 446.3664245605469
57.48836898803711 446.3531188964844
57.49209213256836 446.34002685546875
57.49653625488281 446.3271789550781
57.50168228149414 446.3146057128906
57.50750732421875 446.3023681640625
57.513938903808594 446.29058837890625
57.520957946777344 446.2792663574219
57.52872085571289 446.2681579589844
57.53713607788086 446.2574462890625
57.546142578125 446.2472229003906
57.55570983886719 446.2375183105469
57.56580352783203 446.2283630371094
57.57639694213867 446.21978759765625
57.58745193481445 446.2118225097656
57.598934173583984 446.2044677734375
57.610809326171875 446.1977844238281
57.623043060302734 446.1917724609375
57.63559341430664 446.18646240234375
57.64842224121094 446.1818542480469
57.6614875793457 446.177978515625
57.67475128173828 446.1748352050781
57.688167572021484 446.17242431640625
57.701698303222656 446.1707763671875
57.715301513671875 446.1698913574219
57.72893142700195 446.1697692871094
57.742549896240234 446.17041015625
57.74118423461914 446.1702880859375
57.736114501953125 446.1695251464844
57.73108673095703 446.16851806640625
57.726112365722656 446.16729736328125
57.7212028503418 446.16583251953125
57.71636962890625 446.16412353515625
57.71162033081055 446.1622009277344
57.70697021484375 446.1600341796875
57.70242691040039 446.15765380859375
57.698001861572266 446.1550598144531
57.69370651245117 446.1522521972656
57.68954849243164 446.1492614746094
57.68553924560547 446.14605712890625
57.68168640136719 446.1426696777344
57.67799758911133 446.13909912109375
57.67448425292969 446.1353759765625
57.67115020751953 446.1314697265625
57.668006896972656 446.1274108886719
57.66505813598633 446.12322998046875
57.662315368652344 446.118896484375
57.65978240966797 446.11444091796875
57.65746307373047 446.10986328125
57.655364990234375 446.1051940917969
57.65349197387695 446.1004333496094
57.65184783935547 446.0955810546875
57.65043640136719 446.0906677246094
57.649261474609375 446.085693359375
57.6483268737793 446.0806579589844
57.64763259887695 446.0755920410156
57.64718246459961 446.07049560546875
57.646976470947266 446.06536865234375
57.64701461791992 446.06024169921875
57.64729690551758 446.05511474609375
57.64781951904297 446.0500183105469
57.64858627319336 446.0449523925781
57.649593353271484 446.0399169921875
57.65079879760742 446.0351257324219
57.64680480957031 446.04815673828125
57.64208984375 446.0609436035156
57.63666534423828 446.0734558105469
57.630550384521484 446.08563232421875
57.62376403808594 446.0974426269531
57.616329193115234 446.1088562011719
57.6082649230957 446.1198425292969
57.59960174560547 446.13037109375
57.590362548828125 446.140380859375
57.5805778503418 446.1498718261719
57.57027816772461 446.1587829589844
57.55949401855469 446.1671142578125
57.54825973510742 446.1748352050781
57.53661346435547 446.1819152832031
57.52458953857422 446.1883239746094
57.51222610473633 446.1940612792969
57.49956130981445 446.1990966796875
57.48663330078125 446.2033996582031
57.47348403930664 446.20697021484375
57.46015548706055 446.2098083496094
57.44668960571289 446.2119140625
57.433128356933594 446.2132568359375
57.41951370239258 446.2138366699219
57.405887603759766 446.2136535644531
57.39229202270508 446.21270751953125
57.3787727355957 446.21099853515625
57.3653678894043 446.2085266113281
57.35212326049805 446.205322265625
57.33907699584961 446.2013854980469
57.326271057128906 446.19671630859375
57.31374740600586 446.19134521484375
57.301544189453125 446.1852722167969
57.28969955444336 446.17852783203125
57.27825164794922 446.171142578125
57.267234802246094 446.1631164550781
57.256683349609375 446.15447998046875
57.24663162231445 446.1452941894531
57.23711013793945 446.13555908203125
57.228145599365234 446.12530517578125
57.21977233886719 446.11456298828125
57.212013244628906 446.1033630371094
57.204891204833984 446.09173583984375
57.198429107666016 446.0797424316406
57.192649841308594 446.0674133300781
57.18756866455078 446.0547790527344
57.183204650878906 446.0418701171875
57.179569244384766 446.02874755859375
57.176673889160156 446.01544189453125
57.17452621459961 446.0019836425781
57.17313766479492 445.9884338378906
57.172508239746094 445.9748229980469
57.17264175415039 445.961181640625
57.17353820800781 445.94757080078125
57.175193786621094 445.9340515136719
57.1776008605957 445.9206237792969
57.180755615234375 445.9073791503906
57.18463897705078 445.89434814453125
57.18923568725586 445.8815612792969
57.194522857666016 445.86907958984375
57.20046615600586 445.8569641113281
57.20703125 445.84527587890625
57.21419906616211 445.8340148925781
57.222129821777344 445.8229675292969
57.23067855834961 445.8123474121094
57.239810943603516 445.8022155761719
57.24949645996094 445.7926330566406
57.25970458984375 445.7835998535156
57.27040100097656 445.775146484375
57.28155517578125 445.7673034667969
57.293128967285156 445.7601013183594
57.30508804321289 445.7535705566406
57.3173942565918 445.7477111816406
57.33000946044922 445.7425537109375
57.342891693115234 445.73809814453125
57.35600280761719 445.734375
57.36930465698242 445.73138427734375
57.38275146484375 445.7291564941406
57.39630126953125 445.7276611328125
57.409912109375 445.7269287109375
57.42354202270508 445.7269592285156
57.43714904785156 445.7277526855469
57.43271255493164 445.7272644042969
57.427650451660156 445.7264404296875
57.42263412475586 445.72540283203125
57.41767501831055 445.72412109375
57.41278076171875 445.72259521484375
57.40796661376953 445.7208557128906
57.40324020385742 445.7188720703125
57.39861297607422 445.7166748046875
57.39409637451172 445.7142639160156
57.38970184326172 445.7116394042969
57.38543701171875 445.70880126953125
57.38131332397461 445.70574951171875
57.37733840942383 445.7025146484375
57.37351989746094 445.6990966796875
57.369869232177734 445.69549560546875
57.36639404296875 445.6917419433594
57.36310577392578 445.68780517578125
57.360008239746094 445.6837158203125
57.35710906982422 445.67950439453125
57.35441207885742 445.6751403808594
57.351924896240234 445.670654296875
57.34965515136719 445.6660461425781
57.34760665893555 445.6613464355469
57.345787048339844 445.65655517578125
57.34419631958008 445.65167236328125
57.342838287353516 445.646728515625
57.34171676635742 445.6417236328125
57.34083557128906 445.6366882324219
57.3401985168457 445.631591796875
57.33980178833008 445.6264953613281
57.33964920043945 445.6213684082031
57.33974075317383 445.6162414550781
57.3400764465332 445.6111145019531
57.34065628051758 445.60601806640625
57.34148025512695 445.6009521484375
57.34254455566406 445.595947265625
57.33903121948242 445.6091003417969
57.33478927612305 445.6220397949219
57.329830169677734 445.6347351074219
57.32416915893555 445.6471252441406
57.31782150268555 445.6591796875
57.31081008911133 445.6708679199219
57.30315399169922 445.68212890625
57.29487991333008 445.6929626464844
57.286014556884766 445.70330810546875
57.27658462524414 445.713134765625
57.26661682128906 445.7224426269531
57.25614547729492 445.7311706542969
57.24520492553711 445.7392883300781
57.23382568359375 445.7467956542969
57.2220458984375 445.7536315917969
57.20989990234375 445.75982666015625
57.19742965698242 445.76531982421875
57.184669494628906 445.7701110839844
57.171661376953125 445.774169921875
57.158447265625 445.7774963378906
57.14506912231445 445.78009033203125
57.13156509399414 445.78192138671875
57.11798095703125 445.7829895019531
57.1043586730957 445.7832946777344
57.09074020385742 445.7828369140625
57.07716751098633 445.7816162109375
57.063682556152344 445.7796630859375
57.05032730102539 445.7769470214844
57.037147521972656 445.77349853515625
57.0241813659668 445.7693176269531
57.011470794677734 445.764404296875
56.999053955078125 445.7587890625
56.986968994140625 445.75250244140625
56.975257873535156 445.74554443359375
56.96395492553711 445.7379455566406
56.953094482421875 445.7297058105469
56.942710876464844 445.72088623046875
56.932838439941406 445.71148681640625
56.92350387573242 445.7015686035156
56.91474151611328 445.6911315917969
56.90657424926758 445.6802062988281
56.89903259277344 445.6688537597656
56.89213562011719 445.6571044921875
56.88590621948242 445.6449890136719
56.880367279052734 445.6325378417969
56.87553024291992 445.61981201171875
56.87141418457031 445.6068115234375
56.8680305480957 445.5935974121094
56.86539077758789 445.5802307128906
56.863502502441406 445.5667419433594
56.86237335205078 445.55316162109375
56.86200714111328 445.5395202636719
56.862403869628906 445.5259094238281
56.86355972290039 445.5123291015625
56.865474700927734 445.49884033203125
56.868141174316406 445.4854736328125
56.87154769897461 445.4722900390625
56.87567901611328 445.4593200683594
56.8805046081543 445.4466857910156
56.8859977722168 445.43438720703125
56.89216613769531 445.4223937988281
56.89887619018555 445.41094970703125
56.90634536743164 445.3996887207031
56.91447830200195 445.3887939453125
56.92322540283203 445.37835693359375
56.93254852294922 445.368408203125
56.942413330078125 445.3590087890625
56.952789306640625 445.35015869140625
56.96364212036133 445.3419189453125
56.97494125366211 445.33428955078125
56.98664855957031 445.3273010253906
56.99872970581055 445.32098388671875
57.01114273071289 445.3153381347656
57.02385330200195 445.3104248046875
57.03681945800781 445.30621337890625
57.04999923706055 445.302734375
57.0633544921875 445.29998779296875
57.076839447021484 445.2980041503906
57.090415954589844 445.2967834472656
57.10403823852539 445.29632568359375
57.11766815185547 445.296630859375
57.13093566894531 445.29766845703125
57.12589645385742 445.2970275878906
57.120849609375 445.2961120605469
57.11585235595703 445.29498291015625
57.11091613769531 445.2936096191406
57.10605239868164 445.2919921875
57.10126876831055 445.2901611328125
57.096580505371094 445.2880859375
57.09199523925781 445.2857971191406
57.0875244140625 445.2832946777344
57.08317947387695 445.28057861328125
57.0789680480957 445.27764892578125
57.07490158081055 445.2745361328125
57.070987701416016 445.271240234375
57.06723403930664 445.26776123046875
57.06365203857422 445.26409912109375
57.06024932861328 445.26025390625
57.05703353881836 445.2562561035156
57.054012298583984 445.2521057128906
57.05118942260742 445.2478332519531
57.0485725402832 445.2434387207031
57.04616928100586 445.2389221191406
57.04398727416992 445.2342834472656
57.04202651977539 445.22955322265625
57.0402946472168 445.2247314453125
57.038795471191406 445.2198181152344
57.03752899169922 445.21484375
57.036502838134766 445.2098083496094
57.03571701049805 445.2047424316406
57.03517150878906 445.19964599609375
57.03487014770508 445.19451904296875
57.034812927246094 445.18939208984375
57.03499984741211 445.18426513671875
57.035430908203125 445.1791687011719
57.03610610961914 445.1741027832031
57.03702163696289 445.1690673828125
57.038169860839844 445.1640930175781
57.03441619873047 445.17718505859375
57.02993392944336 445.1900634765625
57.02473831176758 445.2026672363281
57.01884841918945 445.2149658203125
57.01227951049805 445.2268981933594
57.00505447387695 445.23846435546875
56.9971923828125 445.2496032714844
56.98871994018555 445.2602844238281
56.97966384887695 445.2704772949219
56.970054626464844 445.2801513671875
56.95991897583008 445.28924560546875
56.94928741455078 445.2977600097656
56.93819808959961 445.3056945800781
56.92668151855469 445.31298828125
56.91477584838867 445.3196105957031
56.90251922607422 445.3255615234375
56.88994598388672 445.330810546875
56.87710189819336 445.3353576660156
56.86402130126953 445.33917236328125
56.850746154785156 445.3422546386719
56.83732223510742 445.3446044921875
56.823787689208984 445.34619140625
56.810184478759766 445.3470153808594
56.79655838012695 445.3470764160156
56.7829475402832 445.34637451171875
56.7693977355957 445.34490966796875
56.755950927734375 445.3426818847656
56.74264907836914 445.3397216796875
56.72953414916992 445.3360290527344
56.71664810180664 445.33160400390625
56.70402908325195 445.3264465332031
56.69171905517578 445.32061767578125
56.679752349853516 445.3140869140625
56.66817092895508 445.3069152832031
56.65700912475586 445.2991027832031
56.64630126953125 445.2906799316406
56.63608169555664 445.28167724609375
56.626380920410156 445.2720947265625
56.61723327636719 445.2619934082031
56.608665466308594 445.25140380859375
56.600704193115234 445.2403564453125
56.5933723449707 445.2288818359375
56.586692810058594 445.2170104980469
56.5806884765625 445.20477294921875
56.57537841796875 445.1922302246094
56.570777893066406 445.1794128417969
56.56690216064453 445.1663513183594
56.56376266479492 445.153076171875
56.561370849609375 445.1396484375
56.55973434448242 445.1261291503906
56.55885696411133 445.1125183105469
56.55874252319336 445.098876953125
56.559391021728516 445.08526611328125
56.56079864501953 445.07171630859375
56.56296157836914 445.0582580566406
56.56587219238281 445.0449523925781
56.569522857666016 445.0318298339844
56.57388687133789 445.01898193359375
56.578941345214844 445.0064392089844
56.58465576171875 444.9942626953125
56.59098815917969 444.98248291015625
56.597900390625 444.9711608886719
56.60559844970703 444.9599914550781
56.61394119262695 444.94921875
56.62287902832031 444.9389343261719
56.632381439208984 444.9291687011719
56.642417907714844 444.9199523925781
56.6529541015625 444.91131591796875
56.66395568847656 444.90325927734375
56.675392150878906 444.8958435058594
56.687225341796875 444.8890686035156
56.69941711425781 444.8829650878906
56.71193313598633 444.8775634765625
56.7247314453125 444.87286376953125
56.737770080566406 444.868896484375
56.75101089477539 444.86566162109375
56.76441192626953 444.8631591796875
56.777931213378906 444.8614196777344
56.791526794433594 444.8604431152344
56.80515670776367 444.8602294921875
56.81877899169922 444.86077880859375
56.82853317260742 444.8616943359375
56.82346725463867 444.8609619140625
56.81843948364258 444.8599853515625
56.81346130371094 444.8587646484375
56.80854797363281 444.8572998046875
56.8037109375 444.8556213378906
56.79895782470703 444.85369873046875
56.79430389404297 444.8515625
56.789756774902344 444.84918212890625
56.78532791137695 444.8465881347656
56.781028747558594 444.84381103515625
56.7768669128418 444.8408203125
56.772850036621094 444.837646484375
56.76898956298828 444.8342590332031
56.765296936035156 444.8307189941406
56.761775970458984 444.8269958496094
56.75843811035156 444.8231201171875
56.755287170410156 444.819091796875
56.75233459472656 444.8149108886719
56.74958419799805 444.8105773925781
56.74704360961914 444.8061218261719
56.74471664428711 444.8015441894531
56.742610931396484 444.796875
56.74073028564453 444.7921142578125
56.739078521728516 444.7872619628906
56.7376594543457 444.7823486328125
56.73647689819336 444.7773742675781
56.73553466796875 444.7723388671875
56.734832763671875 444.76727294921875
56.734371185302734 444.7621765136719
56.734153747558594 444.7570495605469
56.73418045043945 444.7519226074219
56.73445129394531 444.7467956542969
56.73496627807617 444.74169921875
56.73572540283203 444.73663330078125
56.736724853515625 444.7315979003906
56.737754821777344 444.72747802734375
56.73377990722656 444.7405090332031
56.72908020019531 444.7532958984375
56.72367477416992 444.76580810546875
56.71757507324219 444.7779846191406
56.7108039855957 444.7898254394531
56.70338439941406 444.80126953125
56.695335388183594 444.812255859375
56.686683654785156 444.8227844238281
56.67745590209961 444.83282470703125
56.66768264770508 444.8423156738281
56.65739440917969 444.85125732421875
56.64662170410156 444.859619140625
56.635398864746094 444.8673400878906
56.62376022338867 444.8744201660156
56.61174392700195 444.880859375
56.599388122558594 444.8865966796875
56.58673095703125 444.8916320800781
56.57381057739258 444.8959655761719
56.5606689453125 444.8995666503906
56.54734420776367 444.9024353027344
56.53388214111328 444.904541015625
56.520320892333984 444.9058837890625
56.50670623779297 444.9064636230469
56.493080139160156 444.9062805175781
56.47948455810547 444.9053649902344
56.46596145629883 444.9036865234375
56.452552795410156 444.9012451171875
56.43930435180664 444.8980712890625
56.42625427246094 444.8941345214844
56.41344451904297 444.8894958496094
56.40091323852539 444.8841247558594
56.388702392578125 444.8780822753906
56.37685012817383 444.8713684082031
56.36539077758789 444.8639831542969
56.35436248779297 444.8559875488281
56.34379959106445 444.8473815917969
56.33373260498047 444.83819580078125
56.324195861816406 444.8284606933594
56.31521987915039 444.8182067871094
56.30683135986328 444.8074645996094
56.29905700683594 444.7962646484375
56.29191970825195 444.78466796875
56.28544235229492 444.7726745605469
56.27964782714844 444.7603454589844
56.27455139160156 444.7477111816406
56.27016830444336 444.73480224609375
56.26651382446289 444.7216796875
56.26359939575195 444.7083740234375
56.261436462402344 444.6949157714844
56.26002883911133 444.6813659667969
56.25938034057617 444.6677551269531
56.25949478149414 444.65411376953125
56.260372161865234 444.6405029296875
56.26200866699219 444.6269836425781
56.264400482177734 444.6135559082031
56.26753616333008 444.6003112792969
56.271400451660156 444.5872802734375
56.275962829589844 444.5745544433594
56.281227111816406 444.5621032714844
56.287139892578125 444.5500183105469
56.293582916259766 444.53851318359375
56.3005485534668 444.5274963378906
56.308433532714844 444.51641845703125
56.31694412231445 444.50579833984375
56.32604217529297 444.49566650390625
56.335693359375 444.4860534667969
56.34587097167969 444.47698974609375
56.35654067993164 444.468505859375
56.36766815185547 444.46063232421875
56.37921905517578 444.4533996582031
56.39115524291992 444.4468078613281
56.4034423828125 444.4408874511719
56.416038513183594 444.4356689453125
56.42890548706055 444.4311828613281
56.4420051574707 444.4273986816406
56.45529556274414 444.42437744140625
56.46873474121094 444.4220886230469
56.48228073120117 444.4205627441406
56.49589157104492 444.4197998046875
56.509521484375 444.4197998046875
56.523128509521484 444.4205627441406
56.521793365478516 444.42041015625
56.51673126220703 444.41961669921875
56.51171112060547 444.4185791015625
56.50674819946289 444.41729736328125
56.50185012817383 444.415771484375
56.497032165527344 444.4140319824219
56.49230194091797 444.41204833984375
56.4876708984375 444.40985107421875
56.483150482177734 444.4074401855469
56.4787483215332 444.4048156738281
56.4744758605957 444.4019775390625
56.47034454345703 444.3989562988281
56.46636199951172 444.3957214355469
56.46253967285156 444.3923034667969
56.45888137817383 444.3887023925781
56.45539855957031 444.38494873046875
56.45209884643555 444.3810119628906
56.44898986816406 444.3769226074219
56.44607925415039 444.3727111816406
56.44337463378906 444.36834716796875
56.440879821777344 444.3638610839844
56.438602447509766 444.3592834472656
56.436546325683594 444.3545837402344
56.434715270996094 444.34979248046875
56.43311309814453 444.34490966796875
56.43174743652344 444.3399658203125
56.43061828613281 444.3349609375
56.42972946166992 444.3299255371094
56.429080963134766 444.3248291015625
56.42867660522461 444.3197326660156
56.42851638793945 444.3146057128906
56.4286003112793 444.3094787597656
56.42892837524414 444.3043518066406
56.42949676513672 444.29925537109375
56.4303092956543 444.294189453125
56.43136215209961 444.2891845703125
56.43256759643555 444.2845458984375
56.4284553527832 444.29754638671875
56.42362594604492 444.310302734375
56.4180908203125 444.32275390625
56.411865234375 444.3348693847656
56.404972076416016 444.34661865234375
56.39743423461914 444.35797119140625
56.3892707824707 444.368896484375
56.38051223754883 444.37933349609375
56.37118148803711 444.3892517089844
56.36130905151367 444.3986511230469
56.350929260253906 444.407470703125
56.34007263183594 444.41571044921875
56.32876968383789 444.42333984375
56.31705856323242 444.4302978515625
56.30497741699219 444.4366149902344
56.29256057739258 444.4422302246094
56.279850006103516 444.4471435546875
56.266883850097656 444.45135498046875
56.25370407104492 444.454833984375
56.240352630615234 444.4575500488281
56.22686767578125 444.45953369140625
56.213294982910156 444.46075439453125
56.199676513671875 444.4612121582031
56.18605422973633 444.4609069824219
56.17247009277344 444.4598388671875
56.158966064453125 444.4580078125
56.14558410644531 444.4554138183594
56.13236999511719 444.45208740234375
56.119361877441406 444.4480285644531
56.10660171508789 444.4432373046875
56.0941276550293 444.437744140625
56.08198165893555 444.43157958984375
56.07019805908203 444.42474365234375
56.058815002441406 444.417236328125
56.04787063598633 444.40911865234375
56.03739547729492 444.400390625
56.027427673339844 444.39111328125
56.01799392700195 444.38128662109375
56.009124755859375 444.3709411621094
56.00084686279297 444.360107421875
55.993186950683594 444.3488464355469
55.98617172241211 444.337158203125
55.979820251464844 444.3251037597656
55.974151611328125 444.3127136230469
55.96918487548828 444.3000183105469
55.96493911743164 444.2870788574219
55.961421966552734 444.27392578125
55.95864486694336 444.2605895996094
55.95661926269531 444.2471008300781
55.955352783203125 444.2335205078125
55.9548454284668 444.21990966796875
55.955101013183594 444.2062683105469
55.956119537353516 444.19268798828125
55.9578971862793 444.1791687011719
55.960426330566406 444.165771484375
55.96369934082031 444.1525573730469
55.967689514160156 444.13958740234375
55.97237777709961 444.12689208984375
55.97773361206055 444.11456298828125
55.983707427978516 444.1026611328125
55.99024200439453 444.0912170410156
55.9975471496582 444.0799255371094
56.005558013916016 444.0689392089844
56.01418685913086 444.0583801269531
56.02339553833008 444.04833984375
56.03315353393555 444.038818359375
56.043426513671875 444.02984619140625
56.0541877746582 444.021484375
56.065399169921875 444.01373291015625
56.0770263671875 444.0066223144531
56.08903503417969 444.00018310546875
56.101383209228516 443.9944152832031
56.114036560058594 443.9893493652344
56.126953125 443.9849853515625
56.14009475708008 443.9813537597656
56.15341567993164 443.97845458984375
56.16687774658203 443.976318359375
56.18043899536133 443.9749450683594
56.19405746459961 443.9743347167969
56.20768737792969 443.9744873046875
56.22128677368164 443.97540283203125
56.21686935424805 443.9748840332031
56.211814880371094 443.9740295410156
56.20680618286133 443.9729309082031
56.20185470581055 443.97161865234375
56.19697189331055 443.9700622558594
56.192169189453125 443.96826171875
56.18745803833008 443.96624755859375
56.18284606933594 443.9640197753906
56.178348541259766 443.9615478515625
56.173973083496094 443.9588928222656
56.16972732543945 443.9560241699219
56.165626525878906 443.95294189453125
56.16167449951172 443.9496765136719
56.15788269042969 443.94622802734375
56.154258728027344 443.9425964355469
56.150814056396484 443.9388122558594
56.147552490234375 443.9348449707031
56.14448547363281 443.93072509765625
56.14161682128906 443.9264831542969
56.138954162597656 443.922119140625
56.13650131225586 443.9176330566406
56.1342658996582 443.91302490234375
56.13225173950195 443.9083251953125
56.13046646118164 443.9035339355469
56.12891387939453 443.8986511230469
56.127593994140625 443.8937072753906
56.12651062011719 443.8887023925781
56.125667572021484 443.8836364746094
56.12506866455078 443.8785400390625
56.12471008300781 443.8734130859375
56.124595642089844 443.8682861328125
56.124725341796875 443.8631591796875
56.125099182128906 443.8580322265625
56.12571716308594 443.8529357910156
56.12657928466797 443.8478698730469
56.12767791748047 443.8428649902344
56.12702560424805 443.8452453613281
56.12274932861328 443.8581848144531
56.117759704589844 443.8708801269531
56.11206817626953 443.8832702636719
56.105690002441406 443.89532470703125
56.09864807128906 443.906982421875
56.090965270996094 443.9182434082031
56.082664489746094 443.9290466308594
56.07377243041992 443.9393615722656
56.0643196105957 443.9491882324219
56.0543327331543 443.9584655761719
56.04384231567383 443.9671630859375
56.03287887573242 443.9752502441406
56.021480560302734 443.98272705078125
56.009681701660156 443.98956298828125
55.997520446777344 443.9957275390625
55.98503494262695 444.0011901855469
55.97226333618164 444.0059509277344
55.95924758911133 444.0099792480469
55.94602584838867 444.0132751464844
55.932640075683594 444.0158386230469
55.919132232666016 444.01763916015625
55.90554428100586 444.0186767578125
55.89191818237305 444.0189514160156
55.878299713134766 444.0184631347656
55.86472702026367 444.0172119140625
55.85124588012695 444.01519775390625
55.83789825439453 444.012451171875
55.82472610473633 444.00897216796875
55.811771392822266 444.0047607421875
55.799072265625 443.99981689453125
55.78666687011719 443.9941711425781
55.77459716796875 443.98785400390625
55.762901306152344 443.9808654785156
55.75161361694336 443.9732360839844
55.74077224731445 443.9649658203125
55.730411529541016 443.95611572265625
55.72056198120117 443.9466857910156
55.71125411987305 443.9367370605469
55.7025146484375 443.92626953125
55.694374084472656 443.91534423828125
55.686859130859375 443.9039611816406
55.67999267578125 443.8921813964844
55.67379379272461 443.8800354003906
55.66828536987305 443.8675842285156
55.663482666015625 443.8548278808594
55.65939712524414 443.8418273925781
55.65604782104492 443.82861328125
55.6534423828125 443.81524658203125
55.651588439941406 443.8017272949219
55.65049362182617 443.78814697265625
55.6501579284668 443.7745056152344
55.65058517456055 443.7608947753906
55.65177536010742 443.747314453125
55.65372085571289 443.73382568359375
55.65641784667969 443.720458984375
55.659854888916016 443.707275390625
55.66400909423828 443.6943664550781
55.66885757446289 443.6817321777344
55.67436218261719 443.6694641113281
55.680477142333984 443.65765380859375
55.687137603759766 443.6463317871094
55.69462585449219 443.63507080078125
55.702781677246094 443.6241760253906
55.711544036865234 443.6137390136719
55.72087860107422 443.60382080078125
55.73075485229492 443.59442138671875
55.74114227294922 443.5856018066406
55.75200653076172 443.5773620605469
55.76331329345703 443.56976318359375
55.775028228759766 443.56280517578125
55.78711700439453 443.5565185546875
55.799537658691406 443.5509033203125
55.812252044677734 443.5459899902344
55.82522201538086 443.54180908203125
55.83840560913086 443.5383605957031
55.85176467895508 443.53564453125
55.86525344848633 443.53369140625
55.87882995605469 443.532470703125
55.8924560546875 443.5320129394531
55.90608596801758 443.5323181152344
55.91965866088867 443.53338623046875
55.9146728515625 443.53271484375
55.909629821777344 443.53179931640625
55.90463638305664 443.5306396484375
55.89970016479492 443.5292663574219
55.89483642578125 443.52764892578125
55.89005661010742 443.5257873535156
55.885372161865234 443.5237121582031
55.88079071044922 443.52142333984375
55.87632369995117 443.5189208984375
55.87198257446289 443.5162048339844
55.867774963378906 443.5132751464844
55.863712310791016 443.5101623535156
55.85980224609375 443.5068359375
55.856056213378906 443.5033264160156
55.85247802734375 443.4996643066406
55.84907913208008 443.4958190917969
55.84586715698242 443.4918212890625
55.84284973144531 443.4876708984375
55.84003448486328 443.4833984375
55.837425231933594 443.4789733886719
55.83502960205078 443.4744567871094
55.83285140991211 443.4698181152344
55.83089828491211 443.465087890625
55.82917404174805 443.46026611328125
55.82767868041992 443.4553527832031
55.826419830322266 443.45037841796875
55.825401306152344 443.4453430175781
55.824623107910156 443.4402770996094
55.8240852355957 443.4351806640625
55.82379150390625 443.4300537109375
55.8237419128418 443.4249267578125
55.823936462402344 443.4197998046875
55.82437515258789 443.4147033691406
55.82505798339844 443.4096374511719
55.82598114013672 443.40460205078125
55.827144622802734 443.39959716796875
55.82337188720703 443.4126892089844
55.818870544433594 443.4255676269531
55.81365966796875 443.43817138671875
55.8077507019043 443.450439453125
55.80116653442383 443.4623718261719
55.793922424316406 443.4739074707031
55.78604507446289 443.4850158691406
55.777557373046875 443.49566650390625
55.76848602294922 443.5058288574219
55.75886154174805 443.5154724121094
55.74871063232422 443.5245666503906
55.738067626953125 443.5330810546875
55.726966857910156 443.5409851074219
55.7154426574707 443.5482482910156
55.703529357910156 443.55487060546875
55.69126510620117 443.5608215332031
55.678688049316406 443.5660705566406
55.665836334228516 443.5705871582031
55.65275192260742 443.57440185546875
55.63947296142578 443.57745361328125
55.62604522705078 443.57977294921875
55.61250686645508 443.5813293457031
55.59890365600586 443.5821228027344
55.58527755737305 443.5821533203125
55.57167053222656 443.5814208984375
55.55812454223633 443.5799560546875
55.544681549072266 443.5777282714844
55.5313835144043 443.5747375488281
55.518272399902344 443.5710144042969
55.50539016723633 443.5665588378906
55.49277877807617 443.5614013671875
55.48047637939453 443.5555419921875
55.46852111816406 443.54901123046875
55.45695114135742 443.54180908203125
55.44580078125 443.5339660644531
55.43510437011719 443.5255126953125
55.424896240234375 443.5164794921875
55.41521072387695 443.50689697265625
55.40607833862305 443.4967956542969
55.397525787353516 443.4861755371094
55.38957977294922 443.47509765625
55.38226318359375 443.4635925292969
55.37560272216797 443.4516906738281
55.3696174621582 443.439453125
55.36432647705078 443.4268798828125
55.359745025634766 443.4140319824219
55.35588836669922 443.4009704589844
55.35276794433594 443.3876953125
55.35039520263672 443.374267578125
55.348777770996094 443.3607177734375
55.34791946411133 443.34710693359375
55.34782409667969 443.3334655761719
55.34849166870117 443.3198547363281
55.349918365478516 443.3063049316406
55.35210037231445 443.2928466796875
55.35503005981445 443.279541015625
55.35869216918945 443.2664489746094
55.36305236816406 443.253662109375
55.368080139160156 443.2412109375
55.37372589111328 443.22918701171875
55.37992477416992 443.2176513671875
55.3866081237793 443.2066955566406
55.3942756652832 443.1955261230469
55.402587890625 443.18475341796875
55.41150665283203 443.1744384765625
55.420989990234375 443.1646423339844
55.431007385253906 443.1553955078125
55.441524505615234 443.146728515625
55.452510833740234 443.138671875
55.463932037353516 443.1312255859375
55.47574996948242 443.1244201660156
55.48793029785156 443.1182861328125
55.50043487548828 443.11285400390625
55.513221740722656 443.1081237792969
55.52625274658203 443.1041259765625
55.539485931396484 443.1008605957031
55.55288314819336 443.09832763671875
55.56639862060547 443.0965576171875
55.579994201660156 443.0955505371094
55.593624114990234 443.0953063964844
55.60724639892578 443.0958251953125
55.61745071411133 443.0967712402344
55.61237716674805 443.0960388183594
55.60734558105469 443.0950622558594
55.60236740112305 443.0938415527344
55.597450256347656 443.0923767089844
55.59260940551758 443.0906982421875
55.58785629272461 443.0887756347656
55.58319854736328 443.0866394042969
55.57864761352539 443.08428955078125
55.574214935302734 443.08172607421875
55.569908142089844 443.0789489746094
55.565738677978516 443.0759582519531
55.56171798706055 443.0727844238281
55.55785369873047 443.0694274902344
55.55415344238281 443.0658874511719
55.55062484741211 443.0621643066406
55.547279357910156 443.05828857421875
55.54412078857422 443.05426025390625
55.541160583496094 443.0500793457031
55.53840255737305 443.0457458496094
55.535850524902344 443.0412902832031
55.53351593017578 443.0367126464844
55.53139877319336 443.03204345703125
55.52950668334961 443.02728271484375
55.5278434753418 443.0224304199219
55.52641677856445 443.01751708984375
55.52522277832031 443.0125427246094
55.524269104003906 443.00750732421875
55.523555755615234 443.00244140625
55.52308654785156 442.9973449707031
55.52286148071289 442.9922180175781
55.52288055419922 442.9870910644531
55.52314376831055 442.9819641113281
55.523651123046875 442.97686767578125
55.52439880371094 442.9718017578125
55.525386810302734 442.9667663574219
55.526611328125 442.9618225097656
55.522666931152344 442.974853515625
55.51799774169922 442.9876708984375
55.51261901855469 443.00018310546875
55.50654983520508 443.01239013671875
55.49980545043945 443.02423095703125
55.492408752441406 443.0356750488281
55.4843864440918 443.04669189453125
55.47575759887695 443.0572509765625
55.466552734375 443.0672912597656
55.45680236816406 443.0768127441406
55.446533203125 443.0857849121094
55.4357795715332 443.0941467285156
55.42457580566406 443.1018981933594
55.41295623779297 443.1090087890625
55.40095520019531 443.115478515625
55.38861083984375 443.1212463378906
55.3759651184082 443.1263122558594
55.36305236816406 443.13067626953125
55.349918365478516 443.1343078613281
55.33660125732422 443.13720703125
55.323143005371094 443.13934326171875
55.30958557128906 443.1407165527344
55.29597091674805 443.1413269042969
55.282344818115234 443.14117431640625
55.26874542236328 443.1402893066406
55.255218505859375 443.1386413574219
55.24180603027344 443.13623046875
55.22854995727539 443.133056640625
55.215492248535156 443.129150390625
55.20267105102539 443.1245422363281
55.190128326416016 443.11920166015625
55.17790222167969 443.1131896972656
55.16603469848633 443.10650634765625
55.15456008911133 443.0991516113281
55.14351272583008 443.0911560058594
55.132930755615234 443.08258056640625
55.12284469604492 443.07342529296875
55.11328887939453 443.063720703125
55.10429000854492 443.0534973144531
55.09587860107422 443.04278564453125
55.088077545166016 443.0316162109375
55.08091354370117 443.02001953125
55.07440948486328 443.008056640625
55.06858825683594 442.9957275390625
55.0634651184082 442.98309326171875
55.05905532836914 442.9701843261719
55.05537414550781 442.9570617675781
55.05242919921875 442.9437561035156
55.050235748291016 442.9302978515625
55.048797607421875 442.916748046875
55.048118591308594 442.90313720703125
55.04820251464844 442.8894958496094
55.049049377441406 442.8758850097656
55.050655364990234 442.86236572265625
55.053016662597656 442.84893798828125
55.056121826171875 442.835693359375
55.0599479675293 442.8226623535156
55.06447219848633 442.8099365234375
55.06966018676758 442.7975769042969
55.07545471191406 442.78564453125
55.081787109375 442.77423095703125
55.08896255493164 442.7628173828125
55.09681701660156 442.7517395019531
55.10530471801758 442.7410888671875
55.1143798828125 442.7309265136719
55.12400817871094 442.7212829589844
55.13416290283203 442.7121887207031
55.14480972290039 442.70367431640625
55.15591812133789 442.6957702636719
55.167449951171875 442.6885070800781
55.17937088012695 442.681884765625
55.19164276123047 442.6759338378906
55.204227447509766 442.6706848144531
55.21708679199219 442.6661682128906
55.23017883300781 442.662353515625
55.24346160888672 442.6593017578125
55.25689697265625 442.656982421875
55.27043914794922 442.6554260253906
55.2840461730957 442.6546325683594
55.29767608642578 442.65460205078125
55.31128692626953 442.65533447265625
55.306556701660156 442.65484619140625
55.301490783691406 442.654052734375
55.29646682739258 442.6530456542969
55.291500091552734 442.65179443359375
55.286598205566406 442.6502990722656
55.28177261352539 442.6485595703125
55.277034759521484 442.6466064453125
55.272396087646484 442.6444396972656
55.26786422729492 442.64202880859375
55.26345443725586 442.639404296875
55.25917053222656 442.6365966796875
55.255027770996094 442.6335754394531
55.251033782958984 442.63037109375
55.247196197509766 442.6269836425781
55.243526458740234 442.6234130859375
55.24003219604492 442.6196594238281
55.236717224121094 442.6157531738281
55.23359298706055 442.6116943359375
55.23066711425781 442.60748291015625
55.227943420410156 442.6031494140625
55.225433349609375 442.59869384765625
55.22313690185547 442.5941162109375
55.22106170654297 442.58941650390625
55.21921157836914 442.5846252441406
55.21759033203125 442.57977294921875
55.21620559692383 442.5748291015625
55.215057373046875 442.56982421875
55.21414566040039 442.5647888183594
55.213478088378906 442.5596923828125
55.213050842285156 442.5545959472656
55.212867736816406 442.5494689941406
55.212928771972656 442.5443420410156
55.213233947753906 442.5392150878906
55.213783264160156 442.53411865234375
55.214576721191406 442.529052734375
55.21561050415039 442.5240173339844
55.216712951660156 442.51971435546875
55.212650299072266 442.53271484375
55.20786666870117 442.54547119140625
55.20237731933594 442.5579528808594
55.196197509765625 442.5700988769531
55.18935012817383 442.5818786621094
55.181854248046875 442.59326171875
55.17373275756836 442.6042175292969
55.16501235961914 442.61468505859375
55.15571975708008 442.6246643066406
55.1458854675293 442.63409423828125
55.135536193847656 442.6429748535156
55.12471008300781 442.6512451171875
55.11343765258789 442.6589050292969
55.10175323486328 442.6659240722656
55.08969497680664 442.6722717285156
55.077301025390625 442.6779479980469
55.06460952758789 442.68292236328125
55.051658630371094 442.6871643066406
55.038490295410156 442.690673828125
55.025146484375 442.6934509277344
55.01166915893555 442.6954650878906
54.99810028076172 442.69671630859375
54.98448181152344 442.6972351074219
54.970855712890625 442.6969909667969
54.95726776123047 442.69598388671875
54.943756103515625 442.6942138671875
54.93036651611328 442.6916809082031
54.917137145996094 442.68841552734375
54.90411376953125 442.6844177246094
54.891334533691406 442.6796875
54.878841400146484 442.67425537109375
54.86667251586914 442.6681213378906
54.854862213134766 442.66131591796875
54.84345245361328 442.65386962890625
54.83247756958008 442.6457824707031
54.82197189331055 442.6371154785156
