59.98408508300781 449.9855651855469
59.609901428222656 449.6943359375
59.22093963623047 449.4231872558594
58.81827163696289 449.1728210449219
58.403011322021484 448.9439697265625
57.97630310058594 448.73724365234375
57.53932571411133 448.5531921386719
57.093284606933594 448.3923645019531
56.63941192626953 448.25518798828125
56.17896270751953 448.14202880859375
55.71320343017578 448.0531921386719
55.24342346191406 447.98895263671875
54.77091598510742 447.949462890625
54.29698944091797 447.9348449707031
53.82294845581055 447.9451599121094
53.35010528564453 447.9803466796875
52.8797607421875 448.0403137207031
52.41321563720703 448.1249084472656
51.951759338378906 448.23388671875
51.49666213989258 448.366943359375
51.0491828918457 448.52374267578125
50.61055374145508 448.7038269042969
50.18198776245117 448.90667724609375
49.764671325683594 449.13177490234375
49.3597526550293 449.37847900390625
48.96834945678711 449.6461181640625
48.5915412902832 449.9339294433594
48.230369567871094 450.24114990234375
47.88582992553711 450.56689453125
47.558876037597656 450.9102783203125
47.25040817260742 451.2703857421875
46.961280822753906 451.64617919921875
46.69228744506836 452.0366516113281
46.444175720214844 452.4407043457031
46.217628479003906 452.85723876953125
46.013267517089844 453.28509521484375
45.831661224365234 453.72308349609375
45.67317581176758 454.17034912109375
45.538307189941406 454.6255798339844
45.42749786376953 455.0872802734375
45.341060638427734 455.55413818359375
45.279232025146484 456.02490234375
45.242183685302734 456.4982604980469
45.23001480102539 456.972900390625
45.242759704589844 457.4475402832031
45.28038787841797 457.9208679199219
45.34279251098633 458.3915710449219
45.42980194091797 458.85833740234375
45.541175842285156 459.3199157714844
45.676605224609375 459.7749938964844
45.83572006225586 460.22235107421875
46.01808166503906 460.6607360839844
46.22319030761719 461.0889587402344
46.45042037963867 461.5057067871094
46.69853210449219 461.9088134765625
46.95998001098633 462.286865234375
47.23335647583008 462.6393127441406
47.47433853149414 462.9145812988281
47.606266021728516 463.044921875
47.629390716552734 463.06402587890625
47.643001556396484 463.07318115234375
47.654781341552734 463.07952880859375
47.666595458984375 463.08447265625
47.678565979003906 463.088134765625
47.69507598876953 463.0914611816406
47.75002670288086 463.09710693359375
47.863182067871094 463.0982971191406
48.00853729248047 463.087158203125
48.13140869140625 463.06695556640625
48.254188537597656 463.03558349609375
48.38967514038086 462.9881591796875
48.53491973876953 462.92303466796875
48.68779754638672 462.83856201171875
48.84512710571289 462.7339782714844
48.99571228027344 462.6152648925781
49.137821197509766 462.48333740234375
49.269371032714844 462.3398132324219
49.389068603515625 462.18603515625
49.49628829956055 462.0227355957031
49.59125518798828 461.84918212890625
49.687198638916016 461.6356506347656
49.76884460449219 461.4092102050781
49.83548355102539 461.1689758300781
49.88874435424805 460.9017028808594
49.92715072631836 460.59771728515625
49.94598388671875 460.2701416015625
49.94297409057617 459.9188537597656
49.9149169921875 459.52581787109375
49.8593635559082 459.1012878417969
49.7760124206543 458.6587219238281
49.66502380371094 458.20574951171875
49.528839111328125 457.75494384765625
49.36804962158203 457.3090515136719
49.183998107910156 456.8720703125
48.97724914550781 456.44537353515625
48.748374938964844 456.0301208496094
48.49800491333008 455.6274719238281
48.22683334350586 455.238525390625
47.93560791015625 454.8643493652344
47.62512969970703 454.5059814453125
47.296260833740234 454.1644287109375
46.94990539550781 453.8406066894531
46.58702087402344 453.5354309082031
46.20861053466797 453.2497253417969
45.81571578979492 452.9842834472656
45.409423828125 452.7398681640625
44.99085235595703 452.5171203613281
44.561161041259766 452.316650390625
44.12153244018555 452.1390380859375
43.67318344116211 451.9847412109375
43.217350006103516 451.8542175292969
42.75529098510742 451.747802734375
42.28828048706055 451.66583251953125
41.81760787963867 451.6084899902344
41.344573974609375 451.5759582519531
40.8704833984375 451.56829833984375
40.396644592285156 451.5855407714844
39.92436599731445 451.6276550292969
39.454952239990234 451.69451904296875
38.98969650268555 451.78594970703125
38.529884338378906 451.90167236328125
38.076786041259766 452.0414123535156
37.63165283203125 452.2047424316406
37.19571304321289 452.3912353515625
36.77016830444336 452.6003723144531
36.35619354248047 452.83154296875
35.954933166503906 453.0841369628906
35.5674934387207 453.35748291015625
35.1949462890625 453.6507873535156
34.83831787109375 453.9632568359375
34.498592376708984 454.2940368652344
34.17670822143555 454.6421813964844
33.87355422973633 455.00677490234375
33.5899658203125 455.38677978515625
33.32672882080078 455.7811584472656
33.08456802368164 456.1888122558594
32.863990783691406 456.60888671875
32.665626525878906 457.0402526855469
32.49016189575195 457.4814453125
32.33808135986328 457.9312438964844
32.20980453491211 458.3883972167969
32.10568618774414 458.8516540527344
32.02600860595703 459.3197326660156
31.97099494934082 459.7913513183594
31.9407958984375 460.26519775390625
31.93549346923828 460.739990234375
31.95510482788086 461.2143859863281
31.99957275390625 461.6871032714844
32.06877899169922 462.1568298339844
32.16252899169922 462.6222839355469
32.28056716918945 463.0821838378906
32.42256546020508 463.5352783203125
32.58767318725586 463.97894287109375
32.75847244262695 464.3706359863281
32.88722229003906 464.62054443359375
32.905059814453125 464.64898681640625
32.91327667236328 464.6596374511719
32.9216194152832 464.6684875488281
32.93074035644531 464.6764221191406
32.94055938720703 464.6833801269531
32.951011657714844 464.6893310546875
32.96202087402344 464.6942443847656
32.97413635253906 464.6982727050781
32.994529724121094 464.7029113769531
33.03561782836914 464.7081298828125
33.12405014038086 464.7110290527344
33.22102737426758 464.7054138183594
33.3252067565918 464.6899108886719
33.4264030456543 464.6654357910156
33.53067398071289 464.630126953125
33.621986389160156 464.58978271484375
33.71080017089844 464.5406188964844
33.69586181640625 464.55059814453125
33.71809387207031 464.5331115722656
33.82737350463867 464.4330749511719
33.971622467041016 464.2796325683594
34.103458404541016 464.1156921386719
34.2130012512207 463.95477294921875
34.309200286865234 463.78564453125
34.39152526855469 463.6092224121094
34.459434509277344 463.4266662597656
34.51264190673828 463.2385559082031
34.5517578125 463.0410461425781
34.575233459472656 462.83917236328125
34.58269500732422 462.6334228515625
34.57353210449219 462.4189453125
34.54572296142578 462.18902587890625
34.497825622558594 461.9483947753906
34.42192077636719 461.674072265625
34.309478759765625 461.35498046875
34.14794158935547 460.97412109375
33.94452667236328 460.56085205078125
33.71442794799805 460.1502380371094
33.46115493774414 459.7493896484375
33.18717956542969 459.3623962402344
32.89325714111328 458.9903259277344
32.5802001953125 458.63421630859375
32.248870849609375 458.2950439453125
31.90018653869629 457.9737243652344
31.535106658935547 457.6711730957031
31.154640197753906 457.3882141113281
30.759838104248047 457.1256408691406
30.351789474487305 456.8841552734375
29.931621551513672 456.6644287109375
29.500492095947266 456.4670715332031
29.059593200683594 456.2926330566406
28.610139846801758 456.1416015625
28.15337562561035 456.0143737792969
27.69055938720703 455.91131591796875
27.22296905517578 455.83270263671875
26.751895904541016 455.77874755859375
26.27863883972168 455.7496337890625
25.804506301879883 455.7453918457031
25.3308048248291 455.7660827636719
24.858842849731445 455.8116149902344
24.389925003051758 455.8818664550781
23.925342559814453 455.9766540527344
23.466381072998047 456.095703125
23.014305114746094 456.23870849609375
22.570363998413086 456.4052429199219
22.13578224182129 456.5948791503906
21.711759567260742 456.80706787109375
21.299467086791992 457.0412292480469
20.900041580200195 457.2967224121094
20.51458740234375 457.5728454589844
20.144166946411133 457.86883544921875
19.789804458618164 458.1838684082031
19.452476501464844 458.51708984375
19.133115768432617 458.8675537109375
18.832603454589844 459.23431396484375
18.551393508911133 459.6168212890625
18.290613174438477 460.01361083984375
18.05100440979004 460.42352294921875
17.833227157592773 460.845458984375
17.637882232666016 461.2782287597656
17.46550750732422 461.72064208984375
17.31657600402832 462.1714782714844
17.191503524780273 462.6295166015625
17.09068489074707 463.09326171875
17.01515769958496 463.5572814941406
16.967323303222656 464.00146484375
16.94379234313965 464.45147705078125
16.94521141052246 464.8886413574219
16.9711856842041 465.3258361816406
17.021413803100586 465.7587890625
17.101116180419922 466.2229309082031
17.10959243774414 466.2568664550781
17.1136474609375 466.26824951171875
17.1187801361084 466.27911376953125
17.124927520751953 466.28936767578125
17.131954193115234 466.298828125
17.139829635620117 466.3074951171875
17.148361206054688 466.3152160644531
17.15770721435547 466.3221130371094
17.168262481689453 466.3283996582031
17.18212127685547 466.33489990234375
17.202285766601562 466.342041015625
17.229631423950195 466.34881591796875
17.282114028930664 466.35662841796875
17.323774337768555 466.3587951660156
17.373661041259766 466.3566589355469
17.42715072631836 466.3492431640625
17.46870994567871 466.3393859863281
17.510923385620117 466.3249816894531
17.548614501953125 466.3079528808594
17.572410583496094 466.2943420410156
17.474346160888672 466.36248779296875
17.341352462768555 466.47161865234375
17.184703826904297 466.6217956542969
17.072895050048828 466.74676513671875
16.968963623046875 466.8829345703125
16.905765533447266 466.9808044433594
16.883888244628906 467.0213317871094
16.909038543701172 466.96502685546875
16.93596649169922 466.8909606933594
16.96080207824707 466.8039855957031
16.99236488342285 466.65484619140625
17.01848602294922 466.460693359375
17.028881072998047 466.2658996582031
17.02358055114746 466.0707702636719
17.002613067626953 465.8766784667969
16.966075897216797 465.6846618652344
16.914142608642578 465.4958801269531
16.84703826904297 465.3113708496094
16.764530181884766 465.13104248046875
16.66564178466797 464.9538269042969
16.53557014465332 464.7583312988281
16.53557014465332 464.7583312988281
16.53557014465332 464.7583312988281
16.53557014465332 464.7583312988281
16.53557014465332 464.7583312988281
16.53557014465332 464.7583312988281
16.53557014465332 464.7583312988281
16.53557014465332 464.7583312988281
16.53557014465332 464.7583312988281
16.53557014465332 464.7583312988281
16.53557014465332 464.7583312988281
16.53557014465332 464.7583312988281
16.53557014465332 464.7583312988281
16.53557014465332 464.7583312988281
16.53557014465332 464.7583312988281
16.53557014465332 464.7583312988281
16.53557014465332 464.7583312988281
16.53557014465332 464.7583312988281
16.53557014465332 464.7583312988281
16.53557014465332 464.7583312988281
16.53557014465332 464.7583312988281
16.53557014465332 464.7583312988281
16.53557014465332 464.7583312988281
16.53557014465332 464.7583312988281
16.53557014465332 464.7583312988281
16.53557014465332 464.7583312988281
16.53557014465332 464.7583312988281
16.53557014465332 464.7583312988281
16.53557014465332 464.7583312988281
16.53557014465332 464.7583312988281
16.53557014465332 464.7583312988281
16.53557014465332 464.7583312988281
16.53557014465332 464.7583312988281
16.53557014465332 464.7583312988281
16.53557014465332 464.7583312988281
16.53557014465332 464.7583312988281
16.53557014465332 464.7583312988281
16.53557014465332 464.7583312988281
16.53557014465332 464.7583312988281
16.53557014465332 464.7583312988281
16.53557014465332 464.7583312988281
16.53557014465332 464.7583312988281
16.53557014465332 464.7583312988281
16.53557014465332 464.7583312988281
16.53557014465332 464.7583312988281
16.53557014465332 464.7583312988281
16.53557014465332 464.7583312988281
16.50861930847168 465.2128601074219
16.50687026977539 465.6506652832031
16.52969741821289 466.0890808105469
16.576738357543945 466.5224609375
16.652482986450195 466.9833984375
16.657747268676758 467.00506591796875
16.6617431640625 467.0164794921875
16.66680335998535 467.0273742675781
16.672836303710938 467.0375671386719
16.67975616455078 467.0469970703125
16.687393188476562 467.0555114746094
16.695575714111328 467.06298828125
16.704710006713867 467.06982421875
16.715179443359375 467.0761413574219
16.727540969848633 467.08203125
16.745986938476562 467.08868408203125
16.772043228149414 467.0953063964844
16.804086685180664 467.1001892089844
16.846790313720703 467.1025695800781
16.893840789794922 467.1006774902344
16.955839157104492 467.09228515625
17.01654052734375 467.07818603515625
17.075477600097656 467.05853271484375
17.137191772460938 467.03131103515625
17.19342803955078 466.99993896484375
17.09964942932129 467.06353759765625
16.9820499420166 467.1578369140625
16.850603103637695 467.2813415527344
16.726318359375 467.4176025390625
16.610179901123047 467.5664367675781
16.537446975708008 467.67626953125
16.50813865661621 467.7290954589844
16.511781692504883 467.7211608886719
16.538352966308594 467.64996337890625
16.565134048461914 467.55914306640625
16.586252212524414 467.46337890625
16.62041473388672 467.2298889160156
16.633651733398438 467.03558349609375
16.6312198638916 466.84027099609375
16.61309814453125 466.645751953125
16.579357147216797 466.4530334472656
16.530241012573242 466.2636413574219
16.530241012573242 466.2636413574219
16.530241012573242 466.2636413574219
16.530241012573242 466.2636413574219
16.530241012573242 466.2636413574219
16.530241012573242 466.2636413574219
16.530241012573242 466.2636413574219
16.530241012573242 466.2636413574219
16.530241012573242 466.2636413574219
16.530241012573242 466.2636413574219
16.530241012573242 466.2636413574219
16.530241012573242 466.2636413574219
16.530241012573242 466.2636413574219
16.530241012573242 466.2636413574219
16.530241012573242 466.2636413574219
16.530241012573242 466.2636413574219
16.530241012573242 466.2636413574219
16.530241012573242 466.2636413574219
16.530241012573242 466.2636413574219
16.530241012573242 466.2636413574219
16.530241012573242 466.2636413574219
16.530241012573242 466.2636413574219
16.530241012573242 466.2636413574219
16.530241012573242 466.2636413574219
16.530241012573242 466.2636413574219
16.530241012573242 466.2636413574219
16.530241012573242 466.2636413574219
16.530241012573242 466.2636413574219
16.530241012573242 466.2636413574219
16.530241012573242 466.2636413574219
16.530241012573242 466.2636413574219
16.530241012573242 466.2636413574219
16.530241012573242 466.2636413574219
16.530241012573242 466.2636413574219
16.530241012573242 466.2636413574219
16.530241012573242 466.2636413574219
16.530241012573242 466.2636413574219
16.530241012573242 466.2636413574219
16.530241012573242 466.2636413574219
16.530241012573242 466.2636413574219
16.530241012573242 466.2636413574219
16.530241012573242 466.2636413574219
16.530241012573242 466.2636413574219
16.530241012573242 466.2636413574219
16.530241012573242 466.2636413574219
16.530241012573242 466.2636413574219
16.530241012573242 466.2636413574219
16.530241012573242 466.2636413574219
16.530241012573242 466.2636413574219
16.530241012573242 466.2636413574219
16.530241012573242 466.2636413574219
16.530241012573242 466.2636413574219
16.523881912231445 466.7054138183594
16.542003631591797 467.14117431640625
16.584552764892578 467.5747985839844
16.65581703186035 468.03857421875
16.716991424560547 468.3192443847656
16.720626831054688 468.3310241699219
16.72529411315918 468.3421325683594
16.731002807617188 468.3526611328125
16.73763084411621 468.3624267578125
16.74508285522461 468.3713684082031
16.753108978271484 468.3792724609375
16.761878967285156 468.3863525390625
16.771942138671875 468.3929443359375
16.783510208129883 468.39898681640625
16.79936981201172 468.4053649902344
16.819076538085938 468.4111328125
16.855648040771484 468.4180908203125
16.903173446655273 468.4224853515625
16.94905662536621 468.42236328125
16.995162963867188 468.4178161621094
17.048694610595703 468.4073486328125
17.101612091064453 468.3916931152344
17.136672973632812 468.3775634765625
17.182798385620117 468.3536376953125
17.133771896362305 468.3849792480469
17.02535629272461 468.4677734375
16.83571434020996 468.636962890625
16.689105987548828 468.7886047363281
16.5509033203125 468.95489501953125
16.5509033203125 468.95489501953125
16.50971794128418 469.0238952636719
16.502927780151367 469.03759765625
16.51860237121582 468.9989929199219
16.545265197753906 468.9169006347656
16.568552017211914 468.8233947753906
16.606725692749023 468.60638427734375
16.625925064086914 468.4126281738281
16.629497528076172 468.2174072265625
16.617368698120117 468.02252197265625
16.58958625793457 467.8290100097656
16.546342849731445 467.6383361816406
16.546342849731445 467.6383361816406
16.546342849731445 467.6383361816406
16.546342849731445 467.6383361816406
16.546342849731445 467.6383361816406
16.546342849731445 467.6383361816406
16.546342849731445 467.6383361816406
16.546342849731445 467.6383361816406
16.546342849731445 467.6383361816406
16.546342849731445 467.6383361816406
16.546342849731445 467.6383361816406
16.546342849731445 467.6383361816406
16.546342849731445 467.6383361816406
16.546342849731445 467.6383361816406
16.546342849731445 467.6383361816406
16.546342849731445 467.6383361816406
16.546342849731445 467.6383361816406
16.546342849731445 467.6383361816406
16.546342849731445 467.6383361816406
16.546342849731445 467.6383361816406
16.546342849731445 467.6383361816406
16.546342849731445 467.6383361816406
16.546342849731445 467.6383361816406
16.546342849731445 467.6383361816406
16.546342849731445 467.6383361816406
16.546342849731445 467.6383361816406
16.546342849731445 467.6383361816406
16.546342849731445 467.6383361816406
16.546342849731445 467.6383361816406
16.546342849731445 467.6383361816406
16.546342849731445 467.6383361816406
16.546342849731445 467.6383361816406
16.546342849731445 467.6383361816406
16.546342849731445 467.6383361816406
16.546342849731445 467.6383361816406
16.546342849731445 467.6383361816406
16.546342849731445 467.6383361816406
16.546342849731445 467.6383361816406
16.546342849731445 467.6383361816406
16.546342849731445 467.6383361816406
16.546342849731445 467.6383361816406
16.546342849731445 467.6383361816406
16.546342849731445 467.6383361816406
16.546342849731445 467.6383361816406
16.546342849731445 467.6383361816406
16.546342849731445 467.6383361816406
16.546342849731445 467.6383361816406
16.546342849731445 467.6383361816406
16.546342849731445 467.6383361816406
16.546342849731445 467.6383361816406
16.546342849731445 467.6383361816406
16.505481719970703 468.0905456542969
16.505481719970703 468.0905456542969
16.514795303344727 468.52801513671875
16.548681259155273 468.9653625488281
16.61073875427246 469.4339294433594
16.6514892578125 469.637451171875
16.655237197875977 469.6501770019531
16.65976333618164 469.6613464355469
16.665313720703125 469.6719055175781
16.671733856201172 469.681640625
16.678922653198242 469.69049072265625
16.68669319152832 469.6983337402344
16.69520378112793 469.70538330078125
16.705007553100586 469.7120056152344
16.715885162353516 469.7178649902344
16.731441497802734 469.724365234375
16.751327514648438 469.73046875
16.78798484802246 469.7379455566406
16.832672119140625 469.7426452636719
16.8804931640625 469.74310302734375
16.928625106811523 469.7389831542969
16.977458953857422 469.7300720214844
17.039196014404297 469.7126770019531
17.08966636657715 469.69317626953125
17.142017364501953 469.66705322265625
17.094465255737305 469.69635009765625
17.0280704498291 469.74517822265625
16.883562088012695 469.87005615234375
16.759788513183594 469.9949645996094
16.64345359802246 470.132080078125
16.5756893157959 470.225830078125
16.5490779876709 470.26947021484375
16.525527954101562 470.3158264160156
16.548551559448242 470.2606201171875
16.57720947265625 470.1753234863281
16.601600646972656 470.0814514160156
16.62691307067871 469.94598388671875
16.648242950439453 469.7524719238281
16.653959274291992 469.557373046875
16.64396858215332 469.3622741699219
16.618331909179688 469.1685791015625
16.577211380004883 468.9775695800781
16.520784378051758 468.7901611328125
16.520784378051758 468.7901611328125
16.520784378051758 468.7901611328125
16.520784378051758 468.7901611328125
16.520784378051758 468.7901611328125
16.520784378051758 468.7901611328125
16.520784378051758 468.7901611328125
16.520784378051758 468.7901611328125
16.520784378051758 468.7901611328125
16.520784378051758 468.7901611328125
16.520784378051758 468.7901611328125
16.520784378051758 468.7901611328125
16.520784378051758 468.7901611328125
16.520784378051758 468.7901611328125
16.520784378051758 468.7901611328125
16.520784378051758 468.7901611328125
16.520784378051758 468.7901611328125
16.520784378051758 468.7901611328125
16.520784378051758 468.7901611328125
16.520784378051758 468.7901611328125
16.520784378051758 468.7901611328125
16.520784378051758 468.7901611328125
16.520784378051758 468.7901611328125
16.520784378051758 468.7901611328125
16.520784378051758 468.7901611328125
16.520784378051758 468.7901611328125
16.520784378051758 468.7901611328125
16.520784378051758 468.7901611328125
16.520784378051758 468.7901611328125
16.520784378051758 468.7901611328125
16.520784378051758 468.7901611328125
16.520784378051758 468.7901611328125
16.520784378051758 468.7901611328125
16.520784378051758 468.7901611328125
16.520784378051758 468.7901611328125
16.520784378051758 468.7901611328125
16.520784378051758 468.7901611328125
16.520784378051758 468.7901611328125
16.520784378051758 468.7901611328125
16.520784378051758 468.7901611328125
16.520784378051758 468.7901611328125
16.520784378051758 468.7901611328125
16.520784378051758 468.7901611328125
16.520784378051758 468.7901611328125
16.520784378051758 468.7901611328125
16.520784378051758 468.7901611328125
16.520784378051758 468.7901611328125
16.520784378051758 468.7901611328125
16.520784378051758 468.7901611328125
16.520784378051758 468.7901611328125
16.520784378051758 468.7901611328125
16.50198745727539 469.22930908203125
16.507741928100586 469.6707763671875
16.53781509399414 470.1058349609375
16.595922470092773 470.5738525390625
16.67828369140625 471.0357971191406
16.684961318969727 471.061767578125
16.689115524291992 471.0731506347656
16.69432258605957 471.083984375
16.70051383972168 471.0941467285156
16.707609176635742 471.10357666015625
16.715423583984375 471.112060546875
16.72380256652832 471.1195373535156
16.733060836791992 471.12628173828125
16.743627548217773 471.1324768066406
16.756107330322266 471.1382141113281
16.77505874633789 471.144775390625
16.80095863342285 471.1510009765625
16.847278594970703 471.1575012207031
16.887584686279297 471.1592712402344
16.933439254760742 471.1568908691406
16.981061935424805 471.14984130859375
17.023000717163086 471.13946533203125
17.06610679626465 471.12432861328125
17.11021614074707 471.1039123535156
17.114665985107422 471.101318359375
17.027904510498047 471.1622619628906
16.90180206298828 471.2667541503906
16.756046295166016 471.4079284667969
16.618087768554688 471.56341552734375
16.527599334716797 471.6827087402344
16.527599334716797 471.6827087402344
16.527599334716797 471.6827087402344
16.546228408813477 471.6404724121094
16.570234298706055 471.5732727050781
16.59550666809082 471.48284912109375
16.617835998535156 471.374267578125
16.642837524414062 471.1798095703125
16.65209197998047 470.98492431640625
16.645647048950195 470.7897644042969
16.623538970947266 470.5957336425781
16.585861206054688 470.40386962890625
16.532785415649414 470.2152404785156
16.532785415649414 470.2152404785156
16.532785415649414 470.2152404785156
16.532785415649414 470.2152404785156
16.532785415649414 470.2152404785156
16.532785415649414 470.2152404785156
16.532785415649414 470.2152404785156
16.532785415649414 470.2152404785156
16.532785415649414 470.2152404785156
16.532785415649414 470.2152404785156
16.532785415649414 470.2152404785156
16.532785415649414 470.2152404785156
16.532785415649414 470.2152404785156
16.532785415649414 470.2152404785156
16.532785415649414 470.2152404785156
16.532785415649414 470.2152404785156
16.532785415649414 470.2152404785156
16.532785415649414 470.2152404785156
16.532785415649414 470.2152404785156
16.532785415649414 470.2152404785156
16.532785415649414 470.2152404785156
16.532785415649414 470.2152404785156
16.532785415649414 470.2152404785156
16.532785415649414 470.2152404785156
16.532785415649414 470.2152404785156
16.532785415649414 470.2152404785156
16.532785415649414 470.2152404785156
16.532785415649414 470.2152404785156
16.532785415649414 470.2152404785156
16.532785415649414 470.2152404785156
16.532785415649414 470.2152404785156
16.532785415649414 470.2152404785156
16.532785415649414 470.2152404785156
16.532785415649414 470.2152404785156
16.532785415649414 470.2152404785156
16.532785415649414 470.2152404785156
16.532785415649414 470.2152404785156
16.532785415649414 470.2152404785156
16.532785415649414 470.2152404785156
16.532785415649414 470.2152404785156
16.532785415649414 470.2152404785156
16.532785415649414 470.2152404785156
16.532785415649414 470.2152404785156
16.532785415649414 470.2152404785156
16.532785415649414 470.2152404785156
16.532785415649414 470.2152404785156
16.532785415649414 470.2152404785156
16.532785415649414 470.2152404785156
16.532785415649414 470.2152404785156
16.532785415649414 470.2152404785156
16.532785415649414 470.2152404785156
16.508913040161133 470.6640319824219
16.50996971130371 471.1009216308594
16.535572052001953 471.5377502441406
16.58545684814453 471.970703125
16.664827346801758 472.43511962890625
16.673583984375 472.4703063964844
16.677629470825195 472.481689453125
16.68275260925293 472.4925842285156
16.688886642456055 472.5028381347656
16.695825576782227 472.51220703125
16.70347785949707 472.5206604003906
16.7116641998291 472.528076171875
16.720726013183594 472.5347900390625
16.731220245361328 472.5410461425781
16.74360466003418 472.546875
16.76195526123047 472.55340576171875
16.788429260253906 472.55999755859375
16.82048797607422 472.5647277832031
16.865262985229492 472.5670166015625
16.913867950439453 472.5648498535156
16.977283477783203 472.5559997558594
17.042316436767578 472.5406188964844
17.094730377197266 472.52288818359375
17.162229537963867 472.4927673339844
17.195344924926758 472.4740905761719
17.120838165283203 472.525390625
17.010427474975586 472.61541748046875
16.887968063354492 472.7324523925781
16.772523880004883 472.8613586425781
16.665016174316406 473.00189208984375
16.599618911743164 473.10284423828125
16.576457977294922 473.1455993652344
16.601482391357422 473.0898132324219
16.62843894958496 473.0160217285156
16.653392791748047 472.9291687011719
16.673933029174805 472.832763671875
16.70037078857422 472.6380920410156
16.71099281311035 472.443603515625
16.705934524536133 472.24847412109375
16.685209274291992 472.05438232421875
16.648914337158203 471.86236572265625
16.597225189208984 471.673583984375
16.530370712280273 471.48907470703125
16.530370712280273 471.48907470703125
16.530370712280273 471.48907470703125
16.530370712280273 471.48907470703125
16.530370712280273 471.48907470703125
16.530370712280273 471.48907470703125
16.530370712280273 471.48907470703125
16.530370712280273 471.48907470703125
16.530370712280273 471.48907470703125
16.530370712280273 471.48907470703125
16.530370712280273 471.48907470703125
16.530370712280273 471.48907470703125
16.530370712280273 471.48907470703125
16.530370712280273 471.48907470703125
16.530370712280273 471.48907470703125
16.530370712280273 471.48907470703125
16.530370712280273 471.48907470703125
16.530370712280273 471.48907470703125
16.530370712280273 471.48907470703125
16.530370712280273 471.48907470703125
16.530370712280273 471.48907470703125
16.530370712280273 471.48907470703125
16.530370712280273 471.48907470703125
16.530370712280273 471.48907470703125
16.530370712280273 471.48907470703125
16.530370712280273 471.48907470703125
16.530370712280273 471.48907470703125
16.530370712280273 471.48907470703125
16.530370712280273 471.48907470703125
16.530370712280273 471.48907470703125
16.530370712280273 471.48907470703125
16.530370712280273 471.48907470703125
16.530370712280273 471.48907470703125
16.530370712280273 471.48907470703125
16.530370712280273 471.48907470703125
16.530370712280273 471.48907470703125
16.530370712280273 471.48907470703125
16.530370712280273 471.48907470703125
16.530370712280273 471.48907470703125
16.530370712280273 471.48907470703125
16.530370712280273 471.48907470703125
16.530370712280273 471.48907470703125
16.530370712280273 471.48907470703125
16.530370712280273 471.48907470703125
16.530370712280273 471.48907470703125
16.530370712280273 471.48907470703125
16.530370712280273 471.48907470703125
16.530370712280273 471.48907470703125
16.530370712280273 471.48907470703125
16.530370712280273 471.48907470703125
16.50432586669922 471.9268798828125
16.502788543701172 472.3669128417969
16.52589225769043 472.8086242675781
16.572948455810547 473.24176025390625
16.648950576782227 473.7041931152344
16.65489387512207 473.7286682128906
16.658891677856445 473.7401123046875
16.663951873779297 473.7510070800781
16.669998168945312 473.76123046875
16.676950454711914 473.7707214355469
16.68462562561035 473.7792663574219
16.6928653717041 473.78680419921875
16.702014923095703 473.79364013671875
16.712491989135742 473.7999572753906
16.724872589111328 473.80584716796875
16.74355697631836 473.8125915527344
16.769329071044922 473.81915283203125
16.801694869995117 473.8240966796875
16.842357635498047 473.82635498046875
16.888139724731445 473.82452392578125
16.949161529541016 473.8162841796875
17.00502586364746 473.80328369140625
17.05976676940918 473.78497314453125
17.114072799682617 473.76092529296875
17.155410766601562 473.7377624511719
17.054670333862305 473.806396484375
16.928701400756836 473.90789794921875
16.786338806152344 474.0421142578125
16.651456832885742 474.19024658203125
16.565027236938477 474.30126953125
16.565027236938477 474.30126953125
16.5324649810791 474.36029052734375
16.553104400634766 474.3150634765625
16.578603744506836 474.2465515136719
16.605159759521484 474.15618896484375
16.626129150390625 474.0606689453125
16.65364646911621 473.866943359375
16.665449142456055 473.67254638671875
16.661575317382812 473.477294921875
16.64202308654785 473.282958984375
16.60687255859375 473.090576171875
16.5562744140625 472.9012145996094
16.5562744140625 472.9012145996094
16.5562744140625 472.9012145996094
16.5562744140625 472.9012145996094
16.5562744140625 472.9012145996094
16.5562744140625 472.9012145996094
16.5562744140625 472.9012145996094
16.5562744140625 472.9012145996094
16.5562744140625 472.9012145996094
16.5562744140625 472.9012145996094
16.5562744140625 472.9012145996094
16.5562744140625 472.9012145996094
16.5562744140625 472.9012145996094
16.5562744140625 472.9012145996094
16.5562744140625 472.9012145996094
16.5562744140625 472.9012145996094
16.5562744140625 472.9012145996094
16.5562744140625 472.9012145996094
16.5562744140625 472.9012145996094
16.5562744140625 472.9012145996094
16.5562744140625 472.9012145996094
16.5562744140625 472.9012145996094
16.5562744140625 472.9012145996094
16.5562744140625 472.9012145996094
16.5562744140625 472.9012145996094
16.5562744140625 472.9012145996094
16.5562744140625 472.9012145996094
16.5562744140625 472.9012145996094
16.5562744140625 472.9012145996094
16.5562744140625 472.9012145996094
16.5562744140625 472.9012145996094
16.5562744140625 472.9012145996094
16.5562744140625 472.9012145996094
16.5562744140625 472.9012145996094
16.5562744140625 472.9012145996094
16.5562744140625 472.9012145996094
16.5562744140625 472.9012145996094
16.5562744140625 472.9012145996094
16.5562744140625 472.9012145996094
16.5562744140625 472.9012145996094
16.5562744140625 472.9012145996094
16.5562744140625 472.9012145996094
16.5562744140625 472.9012145996094
16.5562744140625 472.9012145996094
16.5562744140625 472.9012145996094
16.5562744140625 472.9012145996094
16.5562744140625 472.9012145996094
16.5562744140625 472.9012145996094
16.5562744140625 472.9012145996094
16.5562744140625 472.9012145996094
16.503265380859375 473.34466552734375
16.503265380859375 473.34466552734375
16.503265380859375 473.34466552734375
16.524127960205078 473.7811279296875
16.56934928894043 474.2145080566406
16.643600463867188 474.6788024902344
16.650667190551758 474.7085266113281
16.654619216918945 474.72003173828125
16.659629821777344 474.73095703125
16.665645599365234 474.7412414550781
16.672592163085938 474.7508239746094
16.68028450012207 474.7594909667969
16.68857765197754 474.76715087890625
16.697280883789062 474.7737121582031
16.70774269104004 474.78009033203125
16.720134735107422 474.78607177734375
16.739179611206055 474.7930603027344
16.764780044555664 474.7997131347656
16.797849655151367 474.8049621582031
16.83658218383789 474.80731201171875
16.88166618347168 474.80572509765625
16.929222106933594 474.79949951171875
16.968311309814453 474.79052734375
17.018468856811523 474.7738342285156
17.063941955566406 474.7537536621094
17.099609375 474.7337646484375
16.990617752075195 474.80816650390625
16.854095458984375 474.9183349609375
16.69705581665039 475.06634521484375
16.547842025756836 475.2297058105469
16.547842025756836 475.2297058105469
16.547842025756836 475.2297058105469
16.50630760192871 475.30487060546875
16.52211570739746 475.2702331542969
16.545663833618164 475.2068786621094
16.571895599365234 475.1174011230469
16.592741012573242 475.02215576171875
16.620389938354492 474.8266906738281
16.632097244262695 474.6322937011719
16.628129959106445 474.4371032714844
16.608488082885742 474.24285888671875
16.573257446289062 474.0505676269531
16.522600173950195 473.86138916015625
16.522600173950195 473.86138916015625
16.522600173950195 473.86138916015625
16.522600173950195 473.86138916015625
16.522600173950195 473.86138916015625
16.522600173950195 473.86138916015625
16.522600173950195 473.86138916015625
16.522600173950195 473.86138916015625
16.522600173950195 473.86138916015625
16.522600173950195 473.86138916015625
16.522600173950195 473.86138916015625
16.522600173950195 473.86138916015625
16.522600173950195 473.86138916015625
16.522600173950195 473.86138916015625
16.522600173950195 473.86138916015625
16.522600173950195 473.86138916015625
16.522600173950195 473.86138916015625
16.522600173950195 473.86138916015625
16.522600173950195 473.86138916015625
16.522600173950195 473.86138916015625
16.522600173950195 473.86138916015625
16.522600173950195 473.86138916015625
16.522600173950195 473.86138916015625
16.522600173950195 473.86138916015625
16.522600173950195 473.86138916015625
16.522600173950195 473.86138916015625
16.522600173950195 473.86138916015625
16.522600173950195 473.86138916015625
16.522600173950195 473.86138916015625
16.522600173950195 473.86138916015625
16.522600173950195 473.86138916015625
16.522600173950195 473.86138916015625
16.522600173950195 473.86138916015625
16.522600173950195 473.86138916015625
16.522600173950195 473.86138916015625
16.522600173950195 473.86138916015625
16.522600173950195 473.86138916015625
16.522600173950195 473.86138916015625
16.522600173950195 473.86138916015625
16.522600173950195 473.86138916015625
16.522600173950195 473.86138916015625
16.522600173950195 473.86138916015625
16.522600173950195 473.86138916015625
16.522600173950195 473.86138916015625
16.522600173950195 473.86138916015625
16.522600173950195 473.86138916015625
16.522600173950195 473.86138916015625
16.522600173950195 473.86138916015625
16.522600173950195 473.86138916015625
16.522600173950195 473.86138916015625
16.522600173950195 473.86138916015625
16.522600173950195 473.86138916015625
16.5187931060791 474.2985534667969
16.539539337158203 474.7361145019531
16.584583282470703 475.16961669921875
16.658782958984375 475.6351013183594
16.66367530822754 475.6556701660156
16.667613983154297 475.6671142578125
16.672618865966797 475.6780090332031
16.678592681884766 475.688232421875
16.685447692871094 475.69769287109375
16.693025588989258 475.7062072753906
16.701148986816406 475.7137145996094
16.709646224975586 475.7201232910156
16.720081329345703 475.72650146484375
16.73240852355957 475.7324523925781
16.7507266998291 475.7391662597656
16.776966094970703 475.7459716796875
16.808929443359375 475.7510070800781
16.85286521911621 475.753662109375
16.900833129882812 475.7519836425781
16.96369743347168 475.7438049316406
17.027204513549805 475.7294006347656
17.088581085205078 475.70928955078125
17.13165855407715 475.6905212402344
17.19100570678711 475.65771484375
17.100299835205078 475.71868896484375
16.98636245727539 475.809326171875
16.818689346313477 475.96514892578125
16.697509765625 476.0962219238281
16.584218978881836 476.2394714355469
16.51433563232422 476.34356689453125
16.51433563232422 476.34356689453125
16.521085739135742 476.3291015625
16.54867935180664 476.2565002441406
16.574649810791016 476.1703186035156
16.596378326416016 476.0744323730469
16.63155174255371 475.8424377441406
16.645681381225586 475.6481628417969
16.644145965576172 475.45281982421875
16.62693214416504 475.2583923339844
16.594114303588867 475.0657653808594
16.54585075378418 474.8760986328125
16.54585075378418 474.8760986328125
16.54585075378418 474.8760986328125
16.54585075378418 474.8760986328125
16.54585075378418 474.8760986328125
16.54585075378418 474.8760986328125
16.54585075378418 474.8760986328125
16.54585075378418 474.8760986328125
16.54585075378418 474.8760986328125
16.54585075378418 474.8760986328125
16.54585075378418 474.8760986328125
16.54585075378418 474.8760986328125
16.54585075378418 474.8760986328125
16.54585075378418 474.8760986328125
16.54585075378418 474.8760986328125
16.54585075378418 474.8760986328125
16.54585075378418 474.8760986328125
16.54585075378418 474.8760986328125
16.54585075378418 474.8760986328125
16.54585075378418 474.8760986328125
16.54585075378418 474.8760986328125
16.54585075378418 474.8760986328125
16.54585075378418 474.8760986328125
16.54585075378418 474.8760986328125
16.54585075378418 474.8760986328125
16.54585075378418 474.8760986328125
16.54585075378418 474.8760986328125
16.54585075378418 474.8760986328125
16.54585075378418 474.8760986328125
16.54585075378418 474.8760986328125
16.54585075378418 474.8760986328125
16.54585075378418 474.8760986328125
16.54585075378418 474.8760986328125
16.54585075378418 474.8760986328125
16.54585075378418 474.8760986328125
16.54585075378418 474.8760986328125
16.54585075378418 474.8760986328125
16.54585075378418 474.8760986328125
16.54585075378418 474.8760986328125
16.54585075378418 474.8760986328125
16.54585075378418 474.8760986328125
16.54585075378418 474.8760986328125
16.54585075378418 474.8760986328125
16.54585075378418 474.8760986328125
16.54585075378418 474.8760986328125
16.54585075378418 474.8760986328125
16.54585075378418 474.8760986328125
16.54585075378418 474.8760986328125
16.54585075378418 474.8760986328125
16.54585075378418 474.8760986328125
16.54585075378418 474.8760986328125
16.51018714904785 475.34124755859375
16.500438690185547 475.7833251953125
16.51521873474121 476.21923828125
16.554492950439453 476.6539306640625
16.622493743896484 477.1209411621094
16.682025909423828 477.4052429199219
16.68609619140625 477.4188232421875
16.690670013427734 477.4299621582031
16.696290969848633 477.4405517578125
16.702836990356445 477.45037841796875
16.710214614868164 477.4593811035156
16.718172073364258 477.46734619140625
16.726879119873047 477.4744873046875
16.736751556396484 477.4810791015625
16.748262405395508 477.4872131347656
16.764047622680664 477.4937438964844
16.78362274169922 477.4996643066406
16.819927215576172 477.50689697265625
16.867263793945312 477.5116882324219
16.91275405883789 477.5119323730469
16.958499908447266 477.5078125
17.01129913330078 477.4979248046875
17.063629150390625 477.48291015625
17.098228454589844 477.46929931640625
17.134288787841797 477.450927734375
17.083030700683594 477.48321533203125
16.972537994384766 477.5663757324219
16.812267303466797 477.70782470703125
16.663911819458008 477.8601379394531
16.52393341064453 478.02728271484375
16.52393341064453 478.02728271484375
16.52393341064453 478.02728271484375
16.518125534057617 478.0389099121094
16.533891677856445 478.0003967285156
16.5607852935791 477.91839599609375
16.584339141845703 477.824951171875
16.62315559387207 477.60791015625
16.642906188964844 477.4142150878906
16.64703369140625 477.2190246582031
16.635459899902344 477.02410888671875
16.608226776123047 476.83050537109375
16.56552505493164 476.63970947265625
16.507522583007812 476.45257568359375
16.507522583007812 476.45257568359375
16.507522583007812 476.45257568359375
16.507522583007812 476.45257568359375
16.507522583007812 476.45257568359375
16.507522583007812 476.45257568359375
16.507522583007812 476.45257568359375
16.507522583007812 476.45257568359375
16.507522583007812 476.45257568359375
16.507522583007812 476.45257568359375
16.507522583007812 476.45257568359375
16.507522583007812 476.45257568359375
16.507522583007812 476.45257568359375
16.507522583007812 476.45257568359375
16.507522583007812 476.45257568359375
16.507522583007812 476.45257568359375
16.507522583007812 476.45257568359375
16.507522583007812 476.45257568359375
16.507522583007812 476.45257568359375
16.507522583007812 476.45257568359375
16.507522583007812 476.45257568359375
16.507522583007812 476.45257568359375
16.507522583007812 476.45257568359375
16.507522583007812 476.45257568359375
16.507522583007812 476.45257568359375
16.507522583007812 476.45257568359375
16.507522583007812 476.45257568359375
16.507522583007812 476.45257568359375
16.507522583007812 476.45257568359375
16.507522583007812 476.45257568359375
16.507522583007812 476.45257568359375
16.507522583007812 476.45257568359375
16.507522583007812 476.45257568359375
16.507522583007812 476.45257568359375
16.507522583007812 476.45257568359375
16.507522583007812 476.45257568359375
16.507522583007812 476.45257568359375
16.507522583007812 476.45257568359375
16.507522583007812 476.45257568359375
16.507522583007812 476.45257568359375
16.507522583007812 476.45257568359375
16.507522583007812 476.45257568359375
16.507522583007812 476.45257568359375
16.507522583007812 476.45257568359375
16.507522583007812 476.45257568359375
16.507522583007812 476.45257568359375
16.507522583007812 476.45257568359375
16.507522583007812 476.45257568359375
16.507522583007812 476.45257568359375
16.507522583007812 476.45257568359375
16.507522583007812 476.45257568359375
16.507522583007812 476.45257568359375
16.5157413482666 476.88916015625
16.548492431640625 477.3251647949219
16.609439849853516 477.79351806640625
16.66916847229004 478.1042175292969
16.673139572143555 478.1183776855469
16.677515029907227 478.1296081542969
16.682950973510742 478.1402893066406
16.68934440612793 478.1502685546875
16.696605682373047 478.15948486328125
16.70448112487793 478.16766357421875
16.71312713623047 478.1750183105469
16.722881317138672 478.1817932128906
16.733705520629883 478.18780517578125
16.749473571777344 478.19464111328125
16.768890380859375 478.2008972167969
16.80514144897461 478.2087707519531
16.853710174560547 478.2145690917969
16.908273696899414 478.21588134765625
16.953968048095703 478.2126159667969
17.00252914428711 478.2044677734375
17.040603637695312 478.19427490234375
17.079607009887695 478.1796875
17.115428924560547 478.1622314453125
17.12481689453125 478.156494140625
17.026453018188477 478.22900390625
16.853126525878906 478.37884521484375
16.695037841796875 478.5375671386719
16.583778381347656 478.6676940917969
16.52197265625 478.7525634765625
16.52197265625 478.7525634765625
16.504613876342773 478.7865905761719
16.529359817504883 478.7275390625
16.55844497680664 478.6414794921875
16.58258628845215 478.54925537109375
16.611005783081055 478.3986511230469
16.633176803588867 478.2012939453125
16.63933753967285 478.0063171386719
16.629798889160156 477.81134033203125
16.604595184326172 477.6175537109375
16.563899993896484 477.4263916015625
16.50788116455078 477.23876953125
16.50788116455078 477.23876953125
16.50788116455078 477.23876953125
16.50788116455078 477.23876953125
16.50788116455078 477.23876953125
16.50788116455078 477.23876953125
16.50788116455078 477.23876953125
16.50788116455078 477.23876953125
16.50788116455078 477.23876953125
16.50788116455078 477.23876953125
16.50788116455078 477.23876953125
16.50788116455078 477.23876953125
16.50788116455078 477.23876953125
16.50788116455078 477.23876953125
16.50788116455078 477.23876953125
16.50788116455078 477.23876953125
16.50788116455078 477.23876953125
16.50788116455078 477.23876953125
16.50788116455078 477.23876953125
16.50788116455078 477.23876953125
16.50788116455078 477.23876953125
16.50788116455078 477.23876953125
16.50788116455078 477.23876953125
16.50788116455078 477.23876953125
16.50788116455078 477.23876953125
16.50788116455078 477.23876953125
16.50788116455078 477.23876953125
16.50788116455078 477.23876953125
16.50788116455078 477.23876953125
16.50788116455078 477.23876953125
16.50788116455078 477.23876953125
16.50788116455078 477.23876953125
16.50788116455078 477.23876953125
16.50788116455078 477.23876953125
16.50788116455078 477.23876953125
16.50788116455078 477.23876953125
16.50788116455078 477.23876953125
16.50788116455078 477.23876953125
16.50788116455078 477.23876953125
16.50788116455078 477.23876953125
16.50788116455078 477.23876953125
16.50788116455078 477.23876953125
16.50788116455078 477.23876953125
16.50788116455078 477.23876953125
16.50788116455078 477.23876953125
16.50788116455078 477.23876953125
16.50788116455078 477.23876953125
16.50788116455078 477.23876953125
16.50788116455078 477.23876953125
16.50788116455078 477.23876953125
16.50788116455078 477.23876953125
16.50788116455078 477.23876953125
16.512922286987305 477.6766052246094
16.54254913330078 478.1147155761719
16.600004196166992 478.5839538574219
16.681264877319336 479.0440979003906
16.686843872070312 479.06591796875
16.690977096557617 479.0773010253906
16.6961669921875 479.088134765625
16.70232391357422 479.0982666015625
16.709362030029297 479.1076354980469
16.71710968017578 479.1160583496094
16.72539520263672 479.1234436035156
16.734619140625 479.1301574707031
16.74516487121582 479.1363525390625
16.757606506347656 479.14208984375
16.776199340820312 479.1485595703125
16.80242156982422 479.1548767089844
16.8347225189209 479.159423828125
16.877527236938477 479.1612854003906
16.924734115600586 479.1588439941406
16.9730167388916 479.1517028808594
17.033281326293945 479.1368713378906
17.081703186035156 479.1199645996094
17.135353088378906 479.0953369140625
17.180723190307617 479.0691223144531
17.10841178894043 479.11968994140625
16.991580963134766 479.21612548828125
16.861148834228516 479.3421936035156
16.73807716369629 479.4809875488281
16.663623809814453 479.57940673828125
16.592695236206055 479.6903076171875
16.564125061035156 479.7438049316406
16.586698532104492 479.692626953125
16.61233901977539 479.62103271484375
16.637908935546875 479.5298767089844
16.663650512695312 479.40533447265625
16.68873405456543 479.2117919921875
16.698179244995117 479.0168762207031
16.691923141479492 478.8216247558594
16.669998168945312 478.62750244140625
16.632490158081055 478.43548583984375
16.579673767089844 478.2470703125
16.511735916137695 478.0630798339844
16.511735916137695 478.0630798339844
16.511735916137695 478.0630798339844
16.511735916137695 478.0630798339844
16.511735916137695 478.0630798339844
16.511735916137695 478.0630798339844
16.511735916137695 478.0630798339844
16.511735916137695 478.0630798339844
16.511735916137695 478.0630798339844
16.511735916137695 478.0630798339844
16.511735916137695 478.0630798339844
16.511735916137695 478.0630798339844
16.511735916137695 478.0630798339844
16.511735916137695 478.0630798339844
16.511735916137695 478.0630798339844
16.511735916137695 478.0630798339844
16.511735916137695 478.0630798339844
16.511735916137695 478.0630798339844
16.511735916137695 478.0630798339844
16.511735916137695 478.0630798339844
16.511735916137695 478.0630798339844
16.511735916137695 478.0630798339844
16.511735916137695 478.0630798339844
16.511735916137695 478.0630798339844
16.511735916137695 478.0630798339844
16.511735916137695 478.0630798339844
16.511735916137695 478.0630798339844
16.511735916137695 478.0630798339844
16.511735916137695 478.0630798339844
16.511735916137695 478.0630798339844
16.511735916137695 478.0630798339844
16.511735916137695 478.0630798339844
16.511735916137695 478.0630798339844
16.511735916137695 478.0630798339844
16.511735916137695 478.0630798339844
16.511735916137695 478.0630798339844
16.511735916137695 478.0630798339844
16.511735916137695 478.0630798339844
16.511735916137695 478.0630798339844
16.511735916137695 478.0630798339844
16.511735916137695 478.0630798339844
16.511735916137695 478.0630798339844
16.511735916137695 478.0630798339844
16.511735916137695 478.0630798339844
16.511735916137695 478.0630798339844
16.511735916137695 478.0630798339844
16.511735916137695 478.0630798339844
16.511735916137695 478.0630798339844
16.511735916137695 478.0630798339844
16.511735916137695 478.0630798339844
16.511735916137695 478.0630798339844
16.513113021850586 478.5037841796875
16.53888702392578 478.9390563964844
16.589052200317383 479.3718566894531
16.668407440185547 479.8339538574219
16.67467498779297 479.8589782714844
16.678756713867188 479.8703918457031
16.683895111083984 479.8812561035156
16.690017700195312 479.8914489746094
16.697044372558594 479.9009094238281
16.704792022705078 479.909423828125
16.713102340698242 479.91693115234375
16.722309112548828 479.9237060546875
16.732833862304688 479.9299621582031
16.74526596069336 479.935791015625
16.764080047607422 479.94244384765625
16.789941787719727 479.9488220214844
16.822542190551758 479.9535827636719
16.863086700439453 479.95556640625
16.90890884399414 479.9533996582031
16.956350326538086 479.94659423828125
16.99909019470215 479.9362487792969
17.043045043945312 479.9210510253906
17.088911056518555 479.9001159667969
17.09184455871582 479.8984375
17.031784057617188 479.9401550292969
16.9051456451416 480.0440979003906
16.761852264404297 480.1816101074219
16.626209259033203 480.33319091796875
16.5385684967041 480.4477844238281
16.5385684967041 480.4477844238281
16.505130767822266 480.5096130371094
16.52472496032715 480.4656982421875
16.549375534057617 480.3976745605469
16.575117111206055 480.30718994140625
16.59836196899414 480.1968078613281
16.62424659729004 480.002685546875
16.63439178466797 479.8081970214844
16.628854751586914 479.6130065917969
16.607646942138672 479.41888427734375
16.570859909057617 479.226806640625
16.51865577697754 479.03790283203125
16.51865577697754 479.03790283203125
16.51865577697754 479.03790283203125
16.51865577697754 479.03790283203125
16.51865577697754 479.03790283203125
16.51865577697754 479.03790283203125
16.51865577697754 479.03790283203125
16.51865577697754 479.03790283203125
16.51865577697754 479.03790283203125
16.51865577697754 479.03790283203125
16.51865577697754 479.03790283203125
16.51865577697754 479.03790283203125
16.51865577697754 479.03790283203125
16.51865577697754 479.03790283203125
16.51865577697754 479.03790283203125
16.51865577697754 479.03790283203125
16.51865577697754 479.03790283203125
16.51865577697754 479.03790283203125
16.51865577697754 479.03790283203125
16.51865577697754 479.03790283203125
16.51865577697754 479.03790283203125
16.51865577697754 479.03790283203125
16.51865577697754 479.03790283203125
16.51865577697754 479.03790283203125
16.51865577697754 479.03790283203125
16.51865577697754 479.03790283203125
16.51865577697754 479.03790283203125
16.51865577697754 479.03790283203125
16.51865577697754 479.03790283203125
16.51865577697754 479.03790283203125
16.51865577697754 479.03790283203125
16.51865577697754 479.03790283203125
16.51865577697754 479.03790283203125
16.51865577697754 479.03790283203125
16.51865577697754 479.03790283203125
16.51865577697754 479.03790283203125
16.51865577697754 479.03790283203125
16.51865577697754 479.03790283203125
16.51865577697754 479.03790283203125
16.51865577697754 479.03790283203125
16.51865577697754 479.03790283203125
16.51865577697754 479.03790283203125
16.51865577697754 479.03790283203125
16.51865577697754 479.03790283203125
16.51865577697754 479.03790283203125
16.51865577697754 479.03790283203125
16.51865577697754 479.03790283203125
16.51865577697754 479.03790283203125
16.51865577697754 479.03790283203125
16.51865577697754 479.03790283203125
16.51865577697754 479.03790283203125
16.51865577697754 479.03790283203125
16.517759323120117 479.4742126464844
16.541391372680664 479.9102478027344
16.58938217163086 480.34332275390625
16.666624069213867 480.80731201171875
16.674087524414062 480.83782958984375
16.67811393737793 480.84930419921875
16.68319320678711 480.8601989746094
16.68927764892578 480.8704528808594
16.696290969848633 480.8800048828125
16.70404815673828 480.8886413574219
16.7124080657959 480.8962707519531
16.721616744995117 480.90313720703125
16.732120513916016 480.9094543457031
16.744564056396484 480.9153747558594
16.763750076293945 480.9222717285156
16.789480209350586 480.92877197265625
16.837087631225586 480.93603515625
16.875930786132812 480.9382019042969
16.921369552612305 480.9364013671875
16.969438552856445 480.92987060546875
17.008377075195312 480.92071533203125
17.058368682861328 480.90380859375
17.10299301147461 480.88385009765625
17.138383865356445 480.86376953125
17.068147659301758 480.91229248046875
16.934921264648438 481.0210876464844
16.778409957885742 481.17034912109375
16.629871368408203 481.3349304199219
16.5274600982666 481.4673767089844
16.5274600982666 481.4673767089844
16.5274600982666 481.4673767089844
16.542329788208008 481.43450927734375
16.56525230407715 481.3721008300781
16.59108543395996 481.28271484375
16.611555099487305 481.18743896484375
16.638517379760742 480.9914245605469
16.649486541748047 480.7969665527344
16.644777297973633 480.601806640625
16.62439727783203 480.40765380859375
16.588438034057617 480.21551513671875
16.537067413330078 480.02655029296875
16.537067413330078 480.02655029296875
16.537067413330078 480.02655029296875
16.537067413330078 480.02655029296875
16.537067413330078 480.02655029296875
16.537067413330078 480.02655029296875
16.537067413330078 480.02655029296875
16.537067413330078 480.02655029296875
16.537067413330078 480.02655029296875
16.537067413330078 480.02655029296875
16.537067413330078 480.02655029296875
16.537067413330078 480.02655029296875
16.537067413330078 480.02655029296875
16.537067413330078 480.02655029296875
16.537067413330078 480.02655029296875
16.537067413330078 480.02655029296875
16.537067413330078 480.02655029296875
16.537067413330078 480.02655029296875
16.537067413330078 480.02655029296875
16.537067413330078 480.02655029296875
16.537067413330078 480.02655029296875
16.537067413330078 480.02655029296875
16.537067413330078 480.02655029296875
16.537067413330078 480.02655029296875
16.537067413330078 480.02655029296875
16.537067413330078 480.02655029296875
16.537067413330078 480.02655029296875
16.537067413330078 480.02655029296875
16.537067413330078 480.02655029296875
16.537067413330078 480.02655029296875
16.537067413330078 480.02655029296875
16.537067413330078 480.02655029296875
16.537067413330078 480.02655029296875
16.537067413330078 480.02655029296875
16.537067413330078 480.02655029296875
16.537067413330078 480.02655029296875
16.537067413330078 480.02655029296875
16.537067413330078 480.02655029296875
16.537067413330078 480.02655029296875
16.537067413330078 480.02655029296875
16.537067413330078 480.02655029296875
16.537067413330078 480.02655029296875
16.537067413330078 480.02655029296875
16.537067413330078 480.02655029296875
16.537067413330078 480.02655029296875
16.537067413330078 480.02655029296875
16.537067413330078 480.02655029296875
16.537067413330078 480.02655029296875
16.537067413330078 480.02655029296875
16.537067413330078 480.02655029296875
16.537067413330078 480.02655029296875
16.508466720581055 480.4839782714844
16.505226135253906 480.9224548339844
16.526578903198242 481.3619689941406
16.572097778320312 481.79559326171875
16.64629554748535 482.25738525390625
16.651716232299805 482.2800598144531
16.655672073364258 482.29150390625
16.660694122314453 482.3023986816406
16.66669464111328 482.3126220703125
16.673593521118164 482.3221130371094
16.68121337890625 482.3306579589844
16.689388275146484 482.33819580078125
16.697938919067383 482.3446350097656
16.708389282226562 482.3509826660156
16.720733642578125 482.3569030761719
16.73923110961914 482.3636474609375
16.765113830566406 482.3703308105469
16.797204971313477 482.3753662109375
16.83900260925293 482.3778381347656
16.885433197021484 482.3761291503906
16.946916580200195 482.3680419921875
17.005638122558594 482.3546142578125
17.06289291381836 482.3357238769531
17.121740341186523 482.3099670410156
17.175607681274414 482.2801208496094
17.07884407043457 482.34539794921875
16.957653045654297 482.4421081542969
16.782081604003906 482.6056213378906
16.651906967163086 482.7464599609375
16.529958724975586 482.9004821777344
16.529958724975586 482.9004821777344
16.50068473815918 482.952392578125
16.502784729003906 482.9478759765625
16.5294132232666 482.8778076171875
16.556684494018555 482.7873229980469
16.578344345092773 482.6918029785156
16.61385726928711 482.45928955078125
16.628389358520508 482.26507568359375
16.62725830078125 482.06976318359375
16.610435485839844 481.8751525878906
16.577983856201172 481.6822509765625
16.530136108398438 481.4925537109375
16.530136108398438 481.4925537109375
16.530136108398438 481.4925537109375
16.530136108398438 481.4925537109375
16.530136108398438 481.4925537109375
16.530136108398438 481.4925537109375
16.530136108398438 481.4925537109375
16.530136108398438 481.4925537109375
16.530136108398438 481.4925537109375
16.530136108398438 481.4925537109375
16.530136108398438 481.4925537109375
16.530136108398438 481.4925537109375
16.530136108398438 481.4925537109375
16.530136108398438 481.4925537109375
16.530136108398438 481.4925537109375
16.530136108398438 481.4925537109375
16.530136108398438 481.4925537109375
16.530136108398438 481.4925537109375
16.530136108398438 481.4925537109375
16.530136108398438 481.4925537109375
16.530136108398438 481.4925537109375
16.530136108398438 481.4925537109375
16.530136108398438 481.4925537109375
16.530136108398438 481.4925537109375
16.530136108398438 481.4925537109375
16.530136108398438 481.4925537109375
16.530136108398438 481.4925537109375
16.530136108398438 481.4925537109375
16.530136108398438 481.4925537109375
16.530136108398438 481.4925537109375
16.530136108398438 481.4925537109375
16.530136108398438 481.4925537109375
16.530136108398438 481.4925537109375
16.530136108398438 481.4925537109375
16.530136108398438 481.4925537109375
16.530136108398438 481.4925537109375
16.530136108398438 481.4925537109375
16.530136108398438 481.4925537109375
16.530136108398438 481.4925537109375
16.530136108398438 481.4925537109375
16.530136108398438 481.4925537109375
16.530136108398438 481.4925537109375
16.530136108398438 481.4925537109375
16.530136108398438 481.4925537109375
16.530136108398438 481.4925537109375
16.530136108398438 481.4925537109375
16.530136108398438 481.4925537109375
16.530136108398438 481.4925537109375
16.530136108398438 481.4925537109375
16.530136108398438 481.4925537109375
16.530136108398438 481.4925537109375
16.530136108398438 481.4925537109375
16.51968765258789 481.9356994628906
16.533781051635742 482.3717346191406
16.57237434387207 482.8066101074219
16.6396427154541 483.27386474609375
16.699880599975586 483.5643005371094
16.70395278930664 483.5780029296875
16.7085018157959 483.5891418457031
16.714099884033203 483.5997314453125
16.720630645751953 483.6095886230469
16.72800064086914 483.6186218261719
16.735960006713867 483.6266174316406
16.744672775268555 483.6337890625
16.754531860351562 483.6404113769531
16.765443801879883 483.6462707519531
16.781253814697266 483.65283203125
16.800840377807617 483.6588134765625
16.837249755859375 483.6661376953125
16.885032653808594 483.67108154296875
16.930633544921875 483.67144775390625
16.976499557495117 483.66741943359375
17.02878189086914 483.65777587890625
17.080673217773438 483.64300537109375
17.114788055419922 483.6296691894531
17.149778366088867 483.6119384765625
17.099809646606445 483.6432800292969
16.987455368041992 483.7275695800781
16.825820922851562 483.8697509765625
16.675254821777344 484.0237731933594
16.533109664916992 484.19281005859375
16.533109664916992 484.19281005859375
16.533109664916992 484.19281005859375
16.525815963745117 484.20733642578125
16.54079818725586 484.1709289550781
16.56769561767578 484.08941650390625
16.591400146484375 483.99609375
16.61029815673828 483.8916931152344
16.63051986694336 483.69805908203125
16.635122299194336 483.5028991699219
16.6240234375 483.3079833984375
16.597265243530273 483.1143493652344
16.55503273010254 482.9234619140625
16.55503273010254 482.9234619140625
16.55503273010254 482.9234619140625
16.55503273010254 482.9234619140625
16.55503273010254 482.9234619140625
16.55503273010254 482.9234619140625
16.55503273010254 482.9234619140625
16.55503273010254 482.9234619140625
16.55503273010254 482.9234619140625
16.55503273010254 482.9234619140625
16.55503273010254 482.9234619140625
16.55503273010254 482.9234619140625
16.55503273010254 482.9234619140625
16.55503273010254 482.9234619140625
16.55503273010254 482.9234619140625
16.55503273010254 482.9234619140625
16.55503273010254 482.9234619140625
16.55503273010254 482.9234619140625
16.55503273010254 482.9234619140625
16.55503273010254 482.9234619140625
16.55503273010254 482.9234619140625
16.55503273010254 482.9234619140625
16.55503273010254 482.9234619140625
16.55503273010254 482.9234619140625
16.55503273010254 482.9234619140625
16.55503273010254 482.9234619140625
16.55503273010254 482.9234619140625
16.55503273010254 482.9234619140625
16.55503273010254 482.9234619140625
16.55503273010254 482.9234619140625
16.55503273010254 482.9234619140625
16.55503273010254 482.9234619140625
16.55503273010254 482.9234619140625
16.55503273010254 482.9234619140625
16.55503273010254 482.9234619140625
16.55503273010254 482.9234619140625
16.55503273010254 482.9234619140625
16.55503273010254 482.9234619140625
16.55503273010254 482.9234619140625
16.55503273010254 482.9234619140625
16.55503273010254 482.9234619140625
16.55503273010254 482.9234619140625
16.55503273010254 482.9234619140625
16.55503273010254 482.9234619140625
16.55503273010254 482.9234619140625
16.55503273010254 482.9234619140625
16.55503273010254 482.9234619140625
16.55503273010254 482.9234619140625
16.55503273010254 482.9234619140625
16.55503273010254 482.9234619140625
16.55503273010254 482.9234619140625
16.511425018310547 483.3786926269531
16.511425018310547 483.3786926269531
16.518280029296875 483.8168640136719
16.54973602294922 484.25537109375
16.609106063842773 484.7244567871094
16.652833938598633 484.95098876953125
16.656513214111328 484.9638671875
16.66094970703125 484.9750671386719
16.666418075561523 484.9856872558594
16.672773361206055 484.9955139160156
16.679916381835938 485.0044860839844
16.687644958496094 485.0124206542969
16.696121215820312 485.0195617675781
16.705873489379883 485.0262451171875
16.716705322265625 485.0321960449219
16.730369567871094 485.03802490234375
16.75008773803711 485.04425048828125
16.786453247070312 485.0519714355469
16.831348419189453 485.05706787109375
16.878374099731445 485.0578918457031
16.925735473632812 485.05419921875
16.973997116088867 485.0457763671875
17.021636962890625 485.03271484375
17.07012367248535 485.0143127441406
17.12411117553711 484.9877624511719
17.128795623779297 484.9848937988281
17.05853271484375 485.0364990234375
16.91145896911621 485.1634216308594
16.78369903564453 485.2921142578125
16.663516998291016 485.43341064453125
16.591508865356445 485.53277587890625
16.56157684326172 485.58172607421875
16.535072326660156 485.6337585449219
16.55706024169922 485.5811767578125
16.58560562133789 485.4964294433594
16.610044479370117 485.4026794433594
16.633962631225586 485.27520751953125
16.655431747436523 485.0816955566406
16.661287307739258 484.8866271972656
16.651437759399414 484.6915283203125
16.62594223022461 484.4978332519531
16.584962844848633 484.3067932128906
16.52867889404297 484.119384765625
16.52867889404297 484.119384765625
16.52867889404297 484.119384765625
16.52867889404297 484.119384765625
16.52867889404297 484.119384765625
16.52867889404297 484.119384765625
16.52867889404297 484.119384765625
16.52867889404297 484.119384765625
16.52867889404297 484.119384765625
16.52867889404297 484.119384765625
16.52867889404297 484.119384765625
16.52867889404297 484.119384765625
16.52867889404297 484.119384765625
16.52867889404297 484.119384765625
16.52867889404297 484.119384765625
16.52867889404297 484.119384765625
16.52867889404297 484.119384765625
16.52867889404297 484.119384765625
16.52867889404297 484.119384765625
16.52867889404297 484.119384765625
16.52867889404297 484.119384765625
16.52867889404297 484.119384765625
16.52867889404297 484.119384765625
16.52867889404297 484.119384765625
16.52867889404297 484.119384765625
16.52867889404297 484.119384765625
16.52867889404297 484.119384765625
16.52867889404297 484.119384765625
16.52867889404297 484.119384765625
16.52867889404297 484.119384765625
16.52867889404297 484.119384765625
16.52867889404297 484.119384765625
16.52867889404297 484.119384765625
16.52867889404297 484.119384765625
16.52867889404297 484.119384765625
16.52867889404297 484.119384765625
16.52867889404297 484.119384765625
16.52867889404297 484.119384765625
16.52867889404297 484.119384765625
16.52867889404297 484.119384765625
16.52867889404297 484.119384765625
16.52867889404297 484.119384765625
16.52867889404297 484.119384765625
16.52867889404297 484.119384765625
16.52867889404297 484.119384765625
16.52867889404297 484.119384765625
16.52867889404297 484.119384765625
16.52867889404297 484.119384765625
16.52867889404297 484.119384765625
16.52867889404297 484.119384765625
16.52867889404297 484.119384765625
16.509410858154297 484.55999755859375
16.514774322509766 484.99603271484375
16.544647216796875 485.4313049316406
16.602542877197266 485.8995361328125
16.68474578857422 486.3620300292969
16.691852569580078 486.3897399902344
16.696002960205078 486.4011535644531
16.701204299926758 486.4119873046875
16.707395553588867 486.42218017578125
16.71439552307129 486.4314880371094
16.72201919555664 486.4397888183594
16.730424880981445 486.4472961425781
16.739694595336914 486.45404052734375
16.750263214111328 486.4602355957031
16.76275634765625 486.46600341796875
16.781848907470703 486.4726257324219
16.80772590637207 486.4788513183594
16.854677200317383 486.4854736328125
16.91031265258789 486.4880065917969
16.956174850463867 486.4857482910156
17.004135131835938 486.478759765625
17.044893264770508 486.4687805175781
17.0867862701416 486.45416259765625
17.128328323364258 486.43505859375
17.134765625 486.43133544921875
17.043771743774414 486.4951171875
16.914661407470703 486.60186767578125
16.764347076416016 486.7470703125
16.6219425201416 486.90704345703125
16.526384353637695 487.0325012207031
16.526384353637695 487.0325012207031
16.526384353637695 487.0325012207031
16.54336929321289 486.99420166015625
16.566802978515625 486.9289855957031
16.592140197753906 486.83892822265625
16.61394500732422 486.7338562011719
16.63937759399414 486.538818359375
16.648988723754883 486.3439636230469
16.642902374267578 486.1488037109375
16.621150970458984 485.95477294921875
16.583829879760742 485.7628479003906
16.531112670898438 485.5741882324219
16.531112670898438 485.5741882324219
16.531112670898438 485.5741882324219
16.531112670898438 485.5741882324219
16.531112670898438 485.5741882324219
16.531112670898438 485.5741882324219
16.531112670898438 485.5741882324219
16.531112670898438 485.5741882324219
16.531112670898438 485.5741882324219
16.531112670898438 485.5741882324219
16.531112670898438 485.5741882324219
16.531112670898438 485.5741882324219
16.531112670898438 485.5741882324219
16.531112670898438 485.5741882324219
16.531112670898438 485.5741882324219
16.531112670898438 485.5741882324219
16.531112670898438 485.5741882324219
16.531112670898438 485.5741882324219
16.531112670898438 485.5741882324219
16.531112670898438 485.5741882324219
16.531112670898438 485.5741882324219
16.531112670898438 485.5741882324219
16.531112670898438 485.5741882324219
16.531112670898438 485.5741882324219
16.531112670898438 485.5741882324219
16.531112670898438 485.5741882324219
16.531112670898438 485.5741882324219
16.531112670898438 485.5741882324219
16.531112670898438 485.5741882324219
16.531112670898438 485.5741882324219
16.531112670898438 485.5741882324219
16.531112670898438 485.5741882324219
16.531112670898438 485.5741882324219
16.531112670898438 485.5741882324219
16.531112670898438 485.5741882324219
16.531112670898438 485.5741882324219
16.531112670898438 485.5741882324219
16.531112670898438 485.5741882324219
16.531112670898438 485.5741882324219
16.531112670898438 485.5741882324219
16.531112670898438 485.5741882324219
16.531112670898438 485.5741882324219
16.531112670898438 485.5741882324219
16.531112670898438 485.5741882324219
16.531112670898438 485.5741882324219
16.531112670898438 485.5741882324219
16.531112670898438 485.5741882324219
16.531112670898438 485.5741882324219
16.531112670898438 485.5741882324219
16.531112670898438 485.5741882324219
16.531112670898438 485.5741882324219
16.50605010986328 486.0267333984375
16.506059646606445 486.46417236328125
16.5306339263916 486.90191650390625
16.57944107055664 487.3350524902344
16.65770149230957 487.800048828125
16.66289710998535 487.82110595703125
16.666934967041016 487.83251953125
16.672035217285156 487.8433837890625
16.6781005859375 487.8535461425781
16.68504524230957 487.8629455566406
16.692705154418945 487.8714294433594
16.700902938842773 487.8788757324219
16.709957122802734 487.8855895996094
16.720447540283203 487.8918762207031
16.73282814025879 487.897705078125
16.751251220703125 487.9042663574219
16.777450561523438 487.91082763671875
16.809492111206055 487.91558837890625
16.852867126464844 487.9178466796875
16.90039825439453 487.915771484375
16.962812423706055 487.9071044921875
17.024913787841797 487.8924560546875
17.085023880004883 487.8721923828125
17.148683547973633 487.8438720703125
17.206504821777344 487.8114013671875
17.114870071411133 487.8739013671875
16.999839782714844 487.9667053222656
16.871641159057617 488.087890625
16.750558853149414 488.2215270996094
16.637554168701172 488.36737060546875
16.567485809326172 488.4740295410156
16.54041290283203 488.52325439453125
16.56447982788086 488.4704895019531
16.59136199951172 488.3982849121094
16.616668701171875 488.31219482421875
16.63772201538086 488.21624755859375
16.665136337280273 488.0231018066406
16.67691421508789 487.82867431640625
16.67301368713379 487.63336181640625
16.653430938720703 487.4389953613281
16.618289947509766 487.2467956542969
16.56774139404297 487.0577392578125
16.50201416015625 486.8728942871094
16.50201416015625 486.8728942871094
16.50201416015625 486.8728942871094
16.50201416015625 486.8728942871094
16.50201416015625 486.8728942871094
16.50201416015625 486.8728942871094
16.50201416015625 486.8728942871094
16.50201416015625 486.8728942871094
16.50201416015625 486.8728942871094
16.50201416015625 486.8728942871094
16.50201416015625 486.8728942871094
16.50201416015625 486.8728942871094
16.50201416015625 486.8728942871094
16.50201416015625 486.8728942871094
16.50201416015625 486.8728942871094
16.50201416015625 486.8728942871094
16.50201416015625 486.8728942871094
16.50201416015625 486.8728942871094
16.50201416015625 486.8728942871094
16.50201416015625 486.8728942871094
16.50201416015625 486.8728942871094
16.50201416015625 486.8728942871094
16.50201416015625 486.8728942871094
16.50201416015625 486.8728942871094
16.50201416015625 486.8728942871094
16.50201416015625 486.8728942871094
16.50201416015625 486.8728942871094
16.50201416015625 486.8728942871094
16.50201416015625 486.8728942871094
16.50201416015625 486.8728942871094
16.50201416015625 486.8728942871094
16.50201416015625 486.8728942871094
16.50201416015625 486.8728942871094
16.50201416015625 486.8728942871094
16.50201416015625 486.8728942871094
16.50201416015625 486.8728942871094
16.50201416015625 486.8728942871094
16.50201416015625 486.8728942871094
16.50201416015625 486.8728942871094
16.50201416015625 486.8728942871094
16.50201416015625 486.8728942871094
16.50201416015625 486.8728942871094
16.50201416015625 486.8728942871094
16.50201416015625 486.8728942871094
16.50201416015625 486.8728942871094
16.50201416015625 486.8728942871094
16.50201416015625 486.8728942871094
16.50201416015625 486.8728942871094
16.50201416015625 486.8728942871094
16.50201416015625 486.8728942871094
16.50201416015625 486.8728942871094
16.50201416015625 486.8728942871094
16.523813247680664 487.3138427734375
16.569671630859375 487.7474060058594
16.64421844482422 488.20904541015625
16.649612426757812 488.2315368652344
16.65357780456543 488.24298095703125
16.65860939025879 488.2538757324219
