60.0002326965332 450.000244140625
60.00043869018555 450.0005187988281
60.000614166259766 450.0008239746094
60.00075912475586 450.0011291503906
60.00087356567383 450.00146484375
60.000953674316406 450.0018005371094
60.001033782958984 450.00238037109375
60.0010986328125 450.00421142578125
59.999961853027344 450.0221862792969
59.989158630371094 450.08966064453125
59.90241241455078 450.4490661621094
59.74387741088867 450.97906494140625
59.48314666748047 451.7613220214844
59.19930648803711 452.56982421875
58.89524841308594 453.4015808105469
58.574031829833984 454.2533264160156
58.23866653442383 455.1217346191406
57.89194869995117 456.003662109375
57.53635025024414 456.896240234375
57.1739616394043 457.7970275878906
56.811256408691406 458.6903076171875
56.442169189453125 459.59136962890625
56.068363189697266 460.4981689453125
55.69112777709961 461.40911865234375
55.31373596191406 462.3165588378906
54.933223724365234 463.2278137207031
54.55049133300781 464.1417541503906
54.16617965698242 465.05755615234375
53.78176498413086 465.9718322753906
53.39593505859375 466.8877868652344
53.00910186767578 467.80487060546875
52.62154769897461 468.7227783203125
52.233924865722656 469.6400146484375
51.84565734863281 470.5579833984375
51.4569206237793 471.4764709472656
51.067840576171875 472.39532470703125
50.678504943847656 473.314453125
50.28913879394531 474.2333679199219
49.899539947509766 475.15252685546875
49.50977325439453 476.0718688964844
49.11998748779297 476.9910583496094
48.72996139526367 477.9106750488281
48.339927673339844 478.8302001953125
47.94981002807617 479.7498474121094
47.559627532958984 480.6695861816406
47.16944885253906 481.5892333984375
46.779212951660156 482.50897216796875
46.38893508911133 483.42877197265625
45.998558044433594 484.3488464355469
45.6081657409668 485.2690124511719
45.21779251098633 486.189208984375
44.82746505737305 487.109375
44.4371452331543 488.0295715332031
44.046844482421875 488.9497985839844
43.656585693359375 489.8700256347656
43.26634216308594 490.790283203125
42.87610626220703 491.7106018066406
42.485904693603516 492.63092041015625
42.095733642578125 493.55126953125
41.705589294433594 494.47161865234375
41.31547927856445 495.3919677734375
40.92539978027344 496.3123474121094
40.53535079956055 497.23272705078125
40.145328521728516 498.15313720703125
39.75533676147461 499.07354736328125
39.36537551879883 499.9939880371094
38.97544479370117 500.9144287109375
38.58554458618164 501.83489990234375
38.1956787109375 502.75537109375
37.805843353271484 503.67584228515625
37.416038513183594 504.5963439941406
37.0262565612793 505.5168762207031
36.636505126953125 506.4374084472656
36.24678421020508 507.3579406738281
35.857093811035156 508.27850341796875
35.46743392944336 509.1990661621094
35.07780456542969 510.1196594238281
34.688209533691406 511.0402526855469
34.29864501953125 511.9608459472656
33.90909957885742 512.8814697265625
33.519588470458984 513.8021240234375
33.13010787963867 514.7227783203125
32.740657806396484 515.6434326171875
32.35124206542969 516.5640869140625
31.96185302734375 517.4847412109375
31.572494506835938 518.4054565429688
31.183170318603516 519.326171875
30.793861389160156 520.2468872070312
30.40458106994629 521.1676635742188
30.01533317565918 522.0884399414062
29.626113891601562 523.0092163085938
29.23692512512207 523.9299926757812
28.847768783569336 524.8507690429688
28.458641052246094 525.7715454101562
28.069538116455078 526.6923828125
27.680458068847656 527.6132202148438
27.291406631469727 528.5340576171875
26.902381896972656 529.4548950195312
26.513385772705078 530.3757934570312
26.124422073364258 531.2966918945312
25.73548698425293 532.2175903320312
25.346580505371094 533.1384887695312
24.957683563232422 534.0594482421875
24.568817138671875 534.9804077148438
24.179977416992188 535.9013671875
23.79116439819336 536.8223266601562
23.402387619018555 537.7432861328125
23.013633728027344 538.6642456054688
22.624908447265625 539.585205078125
22.23621940612793 540.5061645507812
21.84752655029297 541.42724609375
21.45885467529297 542.3483276367188
21.070213317871094 543.2694091796875
20.681596755981445 544.1904907226562
20.293004989624023 545.111572265625
19.904443740844727 546.0326538085938
19.51590919494629 546.9537353515625
19.127399444580078 547.8748168945312
18.7388916015625 548.7959594726562
18.350404739379883 549.7171020507812
17.961938858032227 550.6382446289062
17.573501586914062 551.5593872070312
17.185089111328125 552.4805297851562
16.79669952392578 553.4016723632812
16.79669952392578 553.4016723632812
16.79669952392578 553.4016723632812
16.79669952392578 553.4016723632812
16.79669952392578 553.4016723632812
16.79669952392578 553.4016723632812
16.79669952392578 553.4016723632812
16.79669952392578 553.4016723632812
16.79669952392578 553.4016723632812
16.79669952392578 553.4016723632812
16.79669952392578 553.4016723632812
16.79669952392578 553.4016723632812
16.79669952392578 553.4016723632812
16.79669952392578 553.4016723632812
16.79669952392578 553.4016723632812
16.79669952392578 553.4016723632812
16.79669952392578 553.4016723632812
16.79669952392578 553.4016723632812
16.79669952392578 553.4016723632812
16.79669952392578 553.4016723632812
16.79669952392578 553.4016723632812
16.79669952392578 553.4016723632812
16.79669952392578 553.4016723632812
16.79669952392578 553.4016723632812
16.79669952392578 553.4016723632812
16.79669952392578 553.4016723632812
16.79669952392578 553.4016723632812
16.79669952392578 553.4016723632812
16.79669952392578 553.4016723632812
16.79669952392578 553.4016723632812
16.79669952392578 553.4016723632812
16.79669952392578 553.4016723632812
16.79669952392578 553.4016723632812
16.79669952392578 553.4016723632812
16.79669952392578 553.4016723632812
16.79669952392578 553.4016723632812
16.79669952392578 553.4016723632812
16.79669952392578 553.4016723632812
16.79669952392578 553.4016723632812
16.79669952392578 553.4016723632812
16.79669952392578 553.4016723632812
16.79669952392578 553.4016723632812
16.79669952392578 553.4016723632812
16.79669952392578 553.4016723632812
16.79669952392578 553.4016723632812
16.79669952392578 553.4016723632812
16.79669952392578 553.4016723632812
16.79669952392578 553.4016723632812
16.79669952392578 553.4016723632812
16.79669952392578 553.4016723632812
16.79669952392578 553.4016723632812
16.79669952392578 553.4016723632812
16.79669952392578 553.4016723632812
16.79669952392578 553.4016723632812
16.79669952392578 553.4016723632812
16.79669952392578 553.4016723632812
16.79669952392578 553.4016723632812
16.79669952392578 553.4016723632812
16.79669952392578 553.4016723632812
16.79669952392578 553.4016723632812
16.79669952392578 553.4016723632812
16.79669952392578 553.4016723632812
16.79669952392578 553.4016723632812
16.79669952392578 553.4016723632812
16.79669952392578 553.4016723632812
16.79669952392578 553.4016723632812
16.79669952392578 553.4016723632812
16.79669952392578 553.4016723632812
16.79669952392578 553.4016723632812
16.79669952392578 553.4016723632812
16.79669952392578 553.4016723632812
16.79669952392578 553.4016723632812
16.79669952392578 553.4016723632812
16.79669952392578 553.4016723632812
16.79669952392578 553.4016723632812
16.79669952392578 553.4016723632812
16.79669952392578 553.4016723632812
16.79669952392578 553.4016723632812
16.79669952392578 553.4016723632812
16.79669952392578 553.4016723632812
16.79669952392578 553.4016723632812
16.79669952392578 553.4016723632812
16.79669952392578 553.4016723632812
16.79669952392578 553.4016723632812
16.79669952392578 553.4016723632812
16.79669952392578 553.4016723632812
16.79669952392578 553.4016723632812
16.79669952392578 553.4016723632812
16.79669952392578 553.4016723632812
16.79669952392578 553.4016723632812
16.79669952392578 553.4016723632812
16.79669952392578 553.4016723632812
16.79669952392578 553.4016723632812
16.79669952392578 553.4016723632812
16.79669952392578 553.4016723632812
16.79669952392578 553.4016723632812
16.79669952392578 553.4016723632812
16.79669952392578 553.4016723632812
16.79669952392578 553.4016723632812
16.79669952392578 553.4016723632812
16.79669952392578 553.4016723632812
16.79669952392578 553.4016723632812
16.79669952392578 553.4016723632812
16.79669952392578 553.4016723632812
16.79669952392578 553.4016723632812
16.79669952392578 553.4016723632812
16.79669952392578 553.4016723632812
16.79669952392578 553.4016723632812
16.79669952392578 553.4016723632812
16.79669952392578 553.4016723632812
16.79669952392578 553.4016723632812
16.79669952392578 553.4016723632812
16.79669952392578 553.4016723632812
16.79669952392578 553.4016723632812
16.79669952392578 553.4016723632812
16.79669952392578 553.4016723632812
16.79669952392578 553.4016723632812
16.79669952392578 553.4016723632812
16.79669952392578 553.4016723632812
16.79669952392578 553.4016723632812
16.79669952392578 553.4016723632812
16.79669952392578 553.4016723632812
16.79669952392578 553.4016723632812
16.79669952392578 553.4016723632812
16.79669952392578 553.4016723632812
16.79669952392578 553.4016723632812
16.79669952392578 553.4016723632812
16.79669952392578 553.4016723632812
16.79669952392578 553.4016723632812
16.79669952392578 553.4016723632812
16.79669952392578 553.4016723632812
16.79669952392578 553.4016723632812
16.79669952392578 553.4016723632812
16.79669952392578 553.4016723632812
16.79669952392578 553.4016723632812
16.79669952392578 553.4016723632812
16.79669952392578 553.4016723632812
16.79669952392578 553.4016723632812
16.79669952392578 553.4016723632812
16.79669952392578 553.4016723632812
16.79669952392578 553.4016723632812
16.79669952392578 553.4016723632812
16.79669952392578 553.4016723632812
16.79669952392578 553.4016723632812
16.79669952392578 553.4016723632812
16.79669952392578 553.4016723632812
16.79669952392578 553.4016723632812
16.79669952392578 553.4016723632812
16.79669952392578 553.4016723632812
16.79669952392578 553.4016723632812
16.79669952392578 553.4016723632812
16.79669952392578 553.4016723632812
16.79669952392578 553.4016723632812
16.79669952392578 553.4016723632812
16.79669952392578 553.4016723632812
16.79669952392578 553.4016723632812
16.79669952392578 553.4016723632812
16.79669952392578 553.4016723632812
16.79669952392578 553.4016723632812
16.79669952392578 553.4016723632812
16.79669952392578 553.4016723632812
16.79669952392578 553.4016723632812
16.79669952392578 553.4016723632812
16.79669952392578 553.4016723632812
16.79669952392578 553.4016723632812
16.79669952392578 553.4016723632812
16.79669952392578 553.4016723632812
16.79669952392578 553.4016723632812
16.79669952392578 553.4016723632812
16.79669952392578 553.4016723632812
16.79669952392578 553.4016723632812
16.79669952392578 553.4016723632812
16.79669952392578 553.4016723632812
16.79669952392578 553.4016723632812
16.79669952392578 553.4016723632812
16.79669952392578 553.4016723632812
16.79669952392578 553.4016723632812
16.79669952392578 553.4016723632812
16.79669952392578 553.4016723632812
16.79669952392578 553.4016723632812
16.79669952392578 553.4016723632812
16.79669952392578 553.4016723632812
16.79669952392578 553.4016723632812
16.79669952392578 553.4016723632812
16.79669952392578 553.4016723632812
16.79669952392578 553.4016723632812
16.79669952392578 553.4016723632812
16.79669952392578 553.4016723632812
16.79669952392578 553.4016723632812
16.79669952392578 553.4016723632812
16.79669952392578 553.4016723632812
16.79669952392578 553.4016723632812
16.79669952392578 553.4016723632812
16.79669952392578 553.4016723632812
16.79669952392578 553.4016723632812
16.79669952392578 553.4016723632812
16.79669952392578 553.4016723632812
16.79669952392578 553.4016723632812
16.79669952392578 553.4016723632812
16.79669952392578 553.4016723632812
16.79669952392578 553.4016723632812
16.79669952392578 553.4016723632812
16.79669952392578 553.4016723632812
16.79669952392578 553.4016723632812
16.79669952392578 553.4016723632812
16.79669952392578 553.4016723632812
16.79669952392578 553.4016723632812
16.79669952392578 553.4016723632812
16.79669952392578 553.4016723632812
16.79669952392578 553.4016723632812
16.79669952392578 553.4016723632812
16.79669952392578 553.4016723632812
16.79669952392578 553.4016723632812
16.79669952392578 553.4016723632812
16.79669952392578 553.4016723632812
16.79669952392578 553.4016723632812
16.79669952392578 553.4016723632812
16.79669952392578 553.4016723632812
16.79669952392578 553.4016723632812
16.79669952392578 553.4016723632812
16.79669952392578 553.4016723632812
16.79669952392578 553.4016723632812
16.79669952392578 553.4016723632812
16.79669952392578 553.4016723632812
16.79669952392578 553.4016723632812
16.79669952392578 553.4016723632812
16.79669952392578 553.4016723632812
16.79669952392578 553.4016723632812
16.79669952392578 553.4016723632812
16.79669952392578 553.4016723632812
16.79669952392578 553.4016723632812
16.79669952392578 553.4016723632812
16.79669952392578 553.4016723632812
16.79669952392578 553.4016723632812
16.79669952392578 553.4016723632812
16.79669952392578 553.4016723632812
16.79669952392578 553.4016723632812
16.79669952392578 553.4016723632812
16.79669952392578 553.4016723632812
16.79669952392578 553.4016723632812
16.79669952392578 553.4016723632812
16.79669952392578 553.4016723632812
16.79669952392578 553.4016723632812
16.79669952392578 553.4016723632812
16.79669952392578 553.4016723632812
16.79669952392578 553.4016723632812
16.79669952392578 553.4016723632812
16.79669952392578 553.4016723632812
16.79669952392578 553.4016723632812
16.79669952392578 553.4016723632812
16.79669952392578 553.4016723632812
16.79669952392578 553.4016723632812
16.79669952392578 553.4016723632812
16.79669952392578 553.4016723632812
16.79669952392578 553.4016723632812
16.79669952392578 553.4016723632812
16.79669952392578 553.4016723632812
16.79669952392578 553.4016723632812
16.79669952392578 553.4016723632812
16.79669952392578 553.4016723632812
16.79669952392578 553.4016723632812
16.79669952392578 553.4016723632812
16.79669952392578 553.4016723632812
16.79669952392578 553.4016723632812
16.79669952392578 553.4016723632812
16.79669952392578 553.4016723632812
16.79669952392578 553.4016723632812
16.79669952392578 553.4016723632812
16.79669952392578 553.4016723632812
16.79669952392578 553.4016723632812
16.79669952392578 553.4016723632812
16.79669952392578 553.4016723632812
16.79669952392578 553.4016723632812
16.79669952392578 553.4016723632812
16.79669952392578 553.4016723632812
16.79669952392578 553.4016723632812
16.79669952392578 553.4016723632812
16.79669952392578 553.4016723632812
16.79669952392578 553.4016723632812
16.79669952392578 553.4016723632812
16.79669952392578 553.4016723632812
16.79669952392578 553.4016723632812
16.79669952392578 553.4016723632812
16.79669952392578 553.4016723632812
16.79669952392578 553.4016723632812
16.79669952392578 553.4016723632812
16.79669952392578 553.4016723632812
16.79669952392578 553.4016723632812
16.79669952392578 553.4016723632812
16.79669952392578 553.4016723632812
16.79669952392578 553.4016723632812
16.79669952392578 553.4016723632812
16.79669952392578 553.4016723632812
16.79669952392578 553.4016723632812
16.79669952392578 553.4016723632812
16.79669952392578 553.4016723632812
16.79669952392578 553.4016723632812
16.79669952392578 553.4016723632812
16.79669952392578 553.4016723632812
16.79669952392578 553.4016723632812
16.79669952392578 553.4016723632812
16.79669952392578 553.4016723632812
16.79669952392578 553.4016723632812
16.79669952392578 553.4016723632812
16.79669952392578 553.4016723632812
16.79669952392578 553.4016723632812
16.79669952392578 553.4016723632812
16.79669952392578 553.4016723632812
16.79669952392578 553.4016723632812
16.79669952392578 553.4016723632812
16.79669952392578 553.4016723632812
16.79669952392578 553.4016723632812
16.79669952392578 553.4016723632812
16.79669952392578 553.4016723632812
16.79669952392578 553.4016723632812
16.79669952392578 553.4016723632812
16.79669952392578 553.4016723632812
16.79669952392578 553.4016723632812
16.79669952392578 553.4016723632812
16.79669952392578 553.4016723632812
16.79669952392578 553.4016723632812
16.79669952392578 553.4016723632812
16.79669952392578 553.4016723632812
16.79669952392578 553.4016723632812
16.79669952392578 553.4016723632812
16.79669952392578 553.4016723632812
16.79669952392578 553.4016723632812
16.79669952392578 553.4016723632812
16.79669952392578 553.4016723632812
16.79669952392578 553.4016723632812
16.79669952392578 553.4016723632812
16.79669952392578 553.4016723632812
16.79669952392578 553.4016723632812
16.79669952392578 553.4016723632812
16.79669952392578 553.4016723632812
16.79669952392578 553.4016723632812
16.79669952392578 553.4016723632812
16.79669952392578 553.4016723632812
16.79669952392578 553.4016723632812
16.79669952392578 553.4016723632812
16.79669952392578 553.4016723632812
16.79669952392578 553.4016723632812
16.79669952392578 553.4016723632812
16.79669952392578 553.4016723632812
16.79669952392578 553.4016723632812
16.79669952392578 553.4016723632812
16.79669952392578 553.4016723632812
16.79669952392578 553.4016723632812
16.79669952392578 553.4016723632812
16.79669952392578 553.4016723632812
16.79669952392578 553.4016723632812
16.79669952392578 553.4016723632812
16.79669952392578 553.4016723632812
16.79669952392578 553.4016723632812
16.79669952392578 553.4016723632812
16.79669952392578 553.4016723632812
16.79669952392578 553.4016723632812
16.79669952392578 553.4016723632812
16.79669952392578 553.4016723632812
16.79669952392578 553.4016723632812
16.79669952392578 553.4016723632812
16.79669952392578 553.4016723632812
16.79669952392578 553.4016723632812
16.79669952392578 553.4016723632812
16.79669952392578 553.4016723632812
16.79669952392578 553.4016723632812
16.79669952392578 553.4016723632812
16.79669952392578 553.4016723632812
16.79669952392578 553.4016723632812
16.79669952392578 553.4016723632812
16.79669952392578 553.4016723632812
16.79669952392578 553.4016723632812
16.79669952392578 553.4016723632812
16.79669952392578 553.4016723632812
16.79669952392578 553.4016723632812
16.79669952392578 553.4016723632812
16.79669952392578 553.4016723632812
16.79669952392578 553.4016723632812
16.79669952392578 553.4016723632812
16.79669952392578 553.4016723632812
16.79669952392578 553.4016723632812
16.79669952392578 553.4016723632812
16.79669952392578 553.4016723632812
16.79669952392578 553.4016723632812
16.79669952392578 553.4016723632812
16.79669952392578 553.4016723632812
16.79669952392578 553.4016723632812
16.79669952392578 553.4016723632812
16.79669952392578 553.4016723632812
16.79669952392578 553.4016723632812
16.79669952392578 553.4016723632812
16.79669952392578 553.4016723632812
16.79669952392578 553.4016723632812
16.79669952392578 553.4016723632812
16.79669952392578 553.4016723632812
16.79669952392578 553.4016723632812
16.79669952392578 553.4016723632812
16.79669952392578 553.4016723632812
16.79669952392578 553.4016723632812
16.79669952392578 553.4016723632812
16.79669952392578 553.4016723632812
16.79669952392578 553.4016723632812
16.79669952392578 553.4016723632812
16.79669952392578 553.4016723632812
16.79669952392578 553.4016723632812
16.79669952392578 553.4016723632812
16.79669952392578 553.4016723632812
16.79669952392578 553.4016723632812
16.79669952392578 553.4016723632812
16.79669952392578 553.4016723632812
16.79669952392578 553.4016723632812
16.79669952392578 553.4016723632812
16.79669952392578 553.4016723632812
16.79669952392578 553.4016723632812
16.79669952392578 553.4016723632812
16.79669952392578 553.4016723632812
16.79669952392578 553.4016723632812
16.79669952392578 553.4016723632812
16.79669952392578 553.4016723632812
16.79669952392578 553.4016723632812
16.79669952392578 553.4016723632812
16.79669952392578 553.4016723632812
16.79669952392578 553.4016723632812
16.79669952392578 553.4016723632812
16.79669952392578 553.4016723632812
16.79669952392578 553.4016723632812
16.79669952392578 553.4016723632812
16.79669952392578 553.4016723632812
16.79669952392578 553.4016723632812
16.79669952392578 553.4016723632812
16.79669952392578 553.4016723632812
16.79669952392578 553.4016723632812
16.79669952392578 553.4016723632812
16.79669952392578 553.4016723632812
16.79669952392578 553.4016723632812
16.79669952392578 553.4016723632812
16.79669952392578 553.4016723632812
16.79669952392578 553.4016723632812
16.79669952392578 553.4016723632812
16.79669952392578 553.4016723632812
16.79669952392578 553.4016723632812
16.79669952392578 553.4016723632812
16.79669952392578 553.4016723632812
16.79669952392578 553.4016723632812
16.79669952392578 553.4016723632812
16.79669952392578 553.4016723632812
16.79669952392578 553.4016723632812
16.79669952392578 553.4016723632812
16.79669952392578 553.4016723632812
16.79669952392578 553.4016723632812
16.79669952392578 553.4016723632812
16.79669952392578 553.4016723632812
16.79669952392578 553.4016723632812
16.79669952392578 553.4016723632812
16.79669952392578 553.4016723632812
16.79669952392578 553.4016723632812
16.79669952392578 553.4016723632812
16.79669952392578 553.4016723632812
16.79669952392578 553.4016723632812
16.79669952392578 553.4016723632812
16.79669952392578 553.4016723632812
16.79669952392578 553.4016723632812
16.79669952392578 553.4016723632812
16.79669952392578 553.4016723632812
16.79669952392578 553.4016723632812
16.79669952392578 553.4016723632812
16.79669952392578 553.4016723632812
16.79669952392578 553.4016723632812
16.79669952392578 553.4016723632812
16.79669952392578 553.4016723632812
16.79669952392578 553.4016723632812
16.79669952392578 553.4016723632812
16.79669952392578 553.4016723632812
16.79669952392578 553.4016723632812
16.79669952392578 553.4016723632812
16.79669952392578 553.4016723632812
16.79669952392578 553.4016723632812
16.79669952392578 553.4016723632812
16.79669952392578 553.4016723632812
16.79669952392578 553.4016723632812
16.79669952392578 553.4016723632812
16.79669952392578 553.4016723632812
16.79669952392578 553.4016723632812
16.79669952392578 553.4016723632812
16.79669952392578 553.4016723632812
16.79669952392578 553.4016723632812
16.79669952392578 553.4016723632812
16.79669952392578 553.4016723632812
16.79669952392578 553.4016723632812
16.79669952392578 553.4016723632812
16.79669952392578 553.4016723632812
16.79669952392578 553.4016723632812
16.79669952392578 553.4016723632812
16.79669952392578 553.4016723632812
16.79669952392578 553.4016723632812
16.79669952392578 553.4016723632812
16.79669952392578 553.4016723632812
16.79669952392578 553.4016723632812
16.79669952392578 553.4016723632812
16.79669952392578 553.4016723632812
16.79669952392578 553.4016723632812
16.79669952392578 553.4016723632812
16.79669952392578 553.4016723632812
16.79669952392578 553.4016723632812
16.79669952392578 553.4016723632812
16.79669952392578 553.4016723632812
16.79669952392578 553.4016723632812
16.79669952392578 553.4016723632812
16.79669952392578 553.4016723632812
16.79669952392578 553.4016723632812
16.79669952392578 553.4016723632812
16.79669952392578 553.4016723632812
16.79669952392578 553.4016723632812
16.79669952392578 553.4016723632812
16.79669952392578 553.4016723632812
16.79669952392578 553.4016723632812
16.79669952392578 553.4016723632812
16.79669952392578 553.4016723632812
16.79669952392578 553.4016723632812
16.79669952392578 553.4016723632812
16.79669952392578 553.4016723632812
16.79669952392578 553.4016723632812
16.79669952392578 553.4016723632812
16.79669952392578 553.4016723632812
16.79669952392578 553.4016723632812
16.79669952392578 553.4016723632812
16.79669952392578 553.4016723632812
16.79669952392578 553.4016723632812
16.79669952392578 553.4016723632812
16.79669952392578 553.4016723632812
16.79669952392578 553.4016723632812
16.79669952392578 553.4016723632812
16.79669952392578 553.4016723632812
16.79669952392578 553.4016723632812
16.79669952392578 553.4016723632812
16.79669952392578 553.4016723632812
16.79669952392578 553.4016723632812
16.79669952392578 553.4016723632812
16.79669952392578 553.4016723632812
16.79669952392578 553.4016723632812
16.79669952392578 553.4016723632812
16.79669952392578 553.4016723632812
16.79669952392578 553.4016723632812
16.79669952392578 553.4016723632812
16.79669952392578 553.4016723632812
16.79669952392578 553.4016723632812
16.79669952392578 553.4016723632812
16.79669952392578 553.4016723632812
16.79669952392578 553.4016723632812
16.79669952392578 553.4016723632812
16.79669952392578 553.4016723632812
16.79669952392578 553.4016723632812
16.79669952392578 553.4016723632812
16.79669952392578 553.4016723632812
16.79669952392578 553.4016723632812
16.79669952392578 553.4016723632812
16.79669952392578 553.4016723632812
16.79669952392578 553.4016723632812
16.79669952392578 553.4016723632812
16.79669952392578 553.4016723632812
16.79669952392578 553.4016723632812
16.79669952392578 553.4016723632812
16.79669952392578 553.4016723632812
16.79669952392578 553.4016723632812
16.79669952392578 553.4016723632812
16.79669952392578 553.4016723632812
16.79669952392578 553.4016723632812
16.79669952392578 553.4016723632812
16.79669952392578 553.4016723632812
16.79669952392578 553.4016723632812
16.79669952392578 553.4016723632812
16.79669952392578 553.4016723632812
16.79669952392578 553.4016723632812
16.79669952392578 553.4016723632812
16.79669952392578 553.4016723632812
16.79669952392578 553.4016723632812
16.79669952392578 553.4016723632812
16.79669952392578 553.4016723632812
16.79669952392578 553.4016723632812
16.79669952392578 553.4016723632812
16.79669952392578 553.4016723632812
16.79669952392578 553.4016723632812
16.79669952392578 553.4016723632812
16.79669952392578 553.4016723632812
16.79669952392578 553.4016723632812
16.79669952392578 553.4016723632812
16.79669952392578 553.4016723632812
16.79669952392578 553.4016723632812
16.79669952392578 553.4016723632812
16.79669952392578 553.4016723632812
16.79669952392578 553.4016723632812
16.79669952392578 553.4016723632812
16.79669952392578 553.4016723632812
16.79669952392578 553.4016723632812
16.79669952392578 553.4016723632812
16.79669952392578 553.4016723632812
16.79669952392578 553.4016723632812
16.79669952392578 553.4016723632812
16.79669952392578 553.4016723632812
16.79669952392578 553.4016723632812
16.79669952392578 553.4016723632812
16.79669952392578 553.4016723632812
16.79669952392578 553.4016723632812
16.79669952392578 553.4016723632812
16.79669952392578 553.4016723632812
16.79669952392578 553.4016723632812
16.79669952392578 553.4016723632812
16.79669952392578 553.4016723632812
16.79669952392578 553.4016723632812
16.79669952392578 553.4016723632812
16.79669952392578 553.4016723632812
16.79669952392578 553.4016723632812
16.79669952392578 553.4016723632812
16.79669952392578 553.4016723632812
16.79669952392578 553.4016723632812
16.79669952392578 553.4016723632812
16.79669952392578 553.4016723632812
16.79669952392578 553.4016723632812
16.79669952392578 553.4016723632812
16.79669952392578 553.4016723632812
16.79669952392578 553.4016723632812
16.79669952392578 553.4016723632812
16.79669952392578 553.4016723632812
16.79669952392578 553.4016723632812
16.79669952392578 553.4016723632812
16.79669952392578 553.4016723632812
16.79669952392578 553.4016723632812
16.79669952392578 553.4016723632812
16.79669952392578 553.4016723632812
16.79669952392578 553.4016723632812
16.79669952392578 553.4016723632812
16.79669952392578 553.4016723632812
16.79669952392578 553.4016723632812
16.79669952392578 553.4016723632812
16.79669952392578 553.4016723632812
16.79669952392578 553.4016723632812
16.79669952392578 553.4016723632812
16.79669952392578 553.4016723632812
16.79669952392578 553.4016723632812
16.79669952392578 553.4016723632812
16.79669952392578 553.4016723632812
16.79669952392578 553.4016723632812
16.79669952392578 553.4016723632812
16.79669952392578 553.4016723632812
16.79669952392578 553.4016723632812
16.79669952392578 553.4016723632812
16.79669952392578 553.4016723632812
16.79669952392578 553.4016723632812
16.79669952392578 553.4016723632812
16.79669952392578 553.4016723632812
16.79669952392578 553.4016723632812
16.79669952392578 553.4016723632812
16.79669952392578 553.4016723632812
16.79669952392578 553.4016723632812
16.79669952392578 553.4016723632812
16.79669952392578 553.4016723632812
16.79669952392578 553.4016723632812
16.79669952392578 553.4016723632812
16.79669952392578 553.4016723632812
16.79669952392578 553.4016723632812
16.79669952392578 553.4016723632812
16.79669952392578 553.4016723632812
16.79669952392578 553.4016723632812
16.79669952392578 553.4016723632812
16.79669952392578 553.4016723632812
16.79669952392578 553.4016723632812
16.79669952392578 553.4016723632812
16.79669952392578 553.4016723632812
16.79669952392578 553.4016723632812
16.79669952392578 553.4016723632812
16.79669952392578 553.4016723632812
16.79669952392578 553.4016723632812
16.79669952392578 553.4016723632812
16.79669952392578 553.4016723632812
16.79669952392578 553.4016723632812
16.79669952392578 553.4016723632812
16.79669952392578 553.4016723632812
16.79669952392578 553.4016723632812
16.79669952392578 553.4016723632812
16.79669952392578 553.4016723632812
16.79669952392578 553.4016723632812
16.79669952392578 553.4016723632812
16.79669952392578 553.4016723632812
16.79669952392578 553.4016723632812
16.79669952392578 553.4016723632812
16.79669952392578 553.4016723632812
16.79669952392578 553.4016723632812
16.79669952392578 553.4016723632812
16.79669952392578 553.4016723632812
16.79669952392578 553.4016723632812
16.79669952392578 553.4016723632812
16.79669952392578 553.4016723632812
16.79669952392578 553.4016723632812
16.79669952392578 553.4016723632812
16.79669952392578 553.4016723632812
16.79669952392578 553.4016723632812
16.79669952392578 553.4016723632812
16.79669952392578 553.4016723632812
16.79669952392578 553.4016723632812
16.79669952392578 553.4016723632812
16.79669952392578 553.4016723632812
16.79669952392578 553.4016723632812
16.79669952392578 553.4016723632812
16.79669952392578 553.4016723632812
16.79669952392578 553.4016723632812
16.79669952392578 553.4016723632812
16.79669952392578 553.4016723632812
16.79669952392578 553.4016723632812
16.79669952392578 553.4016723632812
16.79669952392578 553.4016723632812
16.79669952392578 553.4016723632812
16.79669952392578 553.4016723632812
16.79669952392578 553.4016723632812
16.79669952392578 553.4016723632812
16.79669952392578 553.4016723632812
16.79669952392578 553.4016723632812
16.79669952392578 553.4016723632812
16.79669952392578 553.4016723632812
16.79669952392578 553.4016723632812
16.79669952392578 553.4016723632812
16.79669952392578 553.4016723632812
16.79669952392578 553.4016723632812
16.79669952392578 553.4016723632812
16.79669952392578 553.4016723632812
16.79669952392578 553.4016723632812
16.79669952392578 553.4016723632812
16.79669952392578 553.4016723632812
16.79669952392578 553.4016723632812
16.79669952392578 553.4016723632812
16.79669952392578 553.4016723632812
16.79669952392578 553.4016723632812
16.79669952392578 553.4016723632812
16.79669952392578 553.4016723632812
16.79669952392578 553.4016723632812
16.79669952392578 553.4016723632812
16.79669952392578 553.4016723632812
16.79669952392578 553.4016723632812
16.79669952392578 553.4016723632812
16.79669952392578 553.4016723632812
16.79669952392578 553.4016723632812
16.79669952392578 553.4016723632812
16.79669952392578 553.4016723632812
16.79669952392578 553.4016723632812
16.79669952392578 553.4016723632812
16.79669952392578 553.4016723632812
16.79669952392578 553.4016723632812
16.79669952392578 553.4016723632812
16.79669952392578 553.4016723632812
16.79669952392578 553.4016723632812
16.79669952392578 553.4016723632812
16.79669952392578 553.4016723632812
16.79669952392578 553.4016723632812
16.79669952392578 553.4016723632812
16.79669952392578 553.4016723632812
16.79669952392578 553.4016723632812
16.79669952392578 553.4016723632812
16.79669952392578 553.4016723632812
16.79669952392578 553.4016723632812
16.79669952392578 553.4016723632812
16.79669952392578 553.4016723632812
16.79669952392578 553.4016723632812
16.79669952392578 553.4016723632812
16.79669952392578 553.4016723632812
16.79669952392578 553.4016723632812
16.79669952392578 553.4016723632812
16.79669952392578 553.4016723632812
16.79669952392578 553.4016723632812
16.79669952392578 553.4016723632812
16.79669952392578 553.4016723632812
16.79669952392578 553.4016723632812
16.79669952392578 553.4016723632812
16.79669952392578 553.4016723632812
16.79669952392578 553.4016723632812
16.79669952392578 553.4016723632812
16.79669952392578 553.4016723632812
16.79669952392578 553.4016723632812
16.79669952392578 553.4016723632812
16.79669952392578 553.4016723632812
16.79669952392578 553.4016723632812
16.79669952392578 553.4016723632812
16.79669952392578 553.4016723632812
16.79669952392578 553.4016723632812
16.79669952392578 553.4016723632812
16.79669952392578 553.4016723632812
16.79669952392578 553.4016723632812
16.79669952392578 553.4016723632812
16.79669952392578 553.4016723632812
16.79669952392578 553.4016723632812
16.79669952392578 553.4016723632812
16.79669952392578 553.4016723632812
16.79669952392578 553.4016723632812
16.79669952392578 553.4016723632812
16.79669952392578 553.4016723632812
16.79669952392578 553.4016723632812
16.79669952392578 553.4016723632812
16.79669952392578 553.4016723632812
16.79669952392578 553.4016723632812
16.79669952392578 553.4016723632812
16.79669952392578 553.4016723632812
16.79669952392578 553.4016723632812
16.79669952392578 553.4016723632812
16.79669952392578 553.4016723632812
16.79669952392578 553.4016723632812
16.79669952392578 553.4016723632812
16.79669952392578 553.4016723632812
16.79669952392578 553.4016723632812
16.79669952392578 553.4016723632812
16.79669952392578 553.4016723632812
16.79669952392578 553.4016723632812
16.79669952392578 553.4016723632812
16.79669952392578 553.4016723632812
16.79669952392578 553.4016723632812
16.79669952392578 553.4016723632812
16.79669952392578 553.4016723632812
16.79669952392578 553.4016723632812
16.79669952392578 553.4016723632812
16.79669952392578 553.4016723632812
16.79669952392578 553.4016723632812
16.79669952392578 553.4016723632812
16.79669952392578 553.4016723632812
16.79669952392578 553.4016723632812
16.79669952392578 553.4016723632812
16.79669952392578 553.4016723632812
16.79669952392578 553.4016723632812
16.79669952392578 553.4016723632812
16.79669952392578 553.4016723632812
16.79669952392578 553.4016723632812
16.79669952392578 553.4016723632812
16.79669952392578 553.4016723632812
16.79669952392578 553.4016723632812
16.79669952392578 553.4016723632812
16.79669952392578 553.4016723632812
16.79669952392578 553.4016723632812
16.79669952392578 553.4016723632812
16.79669952392578 553.4016723632812
16.79669952392578 553.4016723632812
16.79669952392578 553.4016723632812
16.79669952392578 553.4016723632812
16.79669952392578 553.4016723632812
16.79669952392578 553.4016723632812
16.79669952392578 553.4016723632812
16.79669952392578 553.4016723632812
16.79669952392578 553.4016723632812
16.79669952392578 553.4016723632812
16.79669952392578 553.4016723632812
16.79669952392578 553.4016723632812
16.79669952392578 553.4016723632812
16.79669952392578 553.4016723632812
16.79669952392578 553.4016723632812
16.79669952392578 553.4016723632812
16.79669952392578 553.4016723632812
16.79669952392578 553.4016723632812
16.79669952392578 553.4016723632812
16.79669952392578 553.4016723632812
16.79669952392578 553.4016723632812
16.79669952392578 553.4016723632812
16.79669952392578 553.4016723632812
16.79669952392578 553.4016723632812
16.79669952392578 553.4016723632812
16.79669952392578 553.4016723632812
16.79669952392578 553.4016723632812
16.79669952392578 553.4016723632812
16.79669952392578 553.4016723632812
16.79669952392578 553.4016723632812
16.79669952392578 553.4016723632812
16.79669952392578 553.4016723632812
16.79669952392578 553.4016723632812
16.79669952392578 553.4016723632812
16.79669952392578 553.4016723632812
16.79669952392578 553.4016723632812
16.79669952392578 553.4016723632812
16.79669952392578 553.4016723632812
16.79669952392578 553.4016723632812
16.79669952392578 553.4016723632812
16.79669952392578 553.4016723632812
16.79669952392578 553.4016723632812
16.79669952392578 553.4016723632812
16.79669952392578 553.4016723632812
16.79669952392578 553.4016723632812
16.79669952392578 553.4016723632812
16.79669952392578 553.4016723632812
16.79669952392578 553.4016723632812
16.79669952392578 553.4016723632812
16.79669952392578 553.4016723632812
16.79669952392578 553.4016723632812
16.79669952392578 553.4016723632812
16.79669952392578 553.4016723632812
16.79669952392578 553.4016723632812
16.79669952392578 553.4016723632812
16.79669952392578 553.4016723632812
16.79669952392578 553.4016723632812
16.79669952392578 553.4016723632812
16.79669952392578 553.4016723632812
16.79669952392578 553.4016723632812
16.79669952392578 553.4016723632812
16.79669952392578 553.4016723632812
16.79669952392578 553.4016723632812
16.79669952392578 553.4016723632812
16.79669952392578 553.4016723632812
16.79669952392578 553.4016723632812
16.79669952392578 553.4016723632812
16.79669952392578 553.4016723632812
16.79669952392578 553.4016723632812
16.79669952392578 553.4016723632812
16.79669952392578 553.4016723632812
16.79669952392578 553.4016723632812
16.79669952392578 553.4016723632812
16.79669952392578 553.4016723632812
16.79669952392578 553.4016723632812
16.79669952392578 553.4016723632812
16.79669952392578 553.4016723632812
16.79669952392578 553.4016723632812
16.79669952392578 553.4016723632812
16.79669952392578 553.4016723632812
16.79669952392578 553.4016723632812
16.79669952392578 553.4016723632812
16.79669952392578 553.4016723632812
16.79669952392578 553.4016723632812
16.79669952392578 553.4016723632812
16.79669952392578 553.4016723632812
16.79669952392578 553.4016723632812
16.79669952392578 553.4016723632812
16.79669952392578 553.4016723632812
16.79669952392578 553.4016723632812
16.79669952392578 553.4016723632812
16.79669952392578 553.4016723632812
16.79669952392578 553.4016723632812
16.79669952392578 553.4016723632812
16.79669952392578 553.4016723632812
16.79669952392578 553.4016723632812
16.79669952392578 553.4016723632812
16.79669952392578 553.4016723632812
16.79669952392578 553.4016723632812
16.79669952392578 553.4016723632812
16.79669952392578 553.4016723632812
16.79669952392578 553.4016723632812
16.79669952392578 553.4016723632812
16.79669952392578 553.4016723632812
16.79669952392578 553.4016723632812
16.79669952392578 553.4016723632812
16.79669952392578 553.4016723632812
16.79669952392578 553.4016723632812
16.79669952392578 553.4016723632812
16.79669952392578 553.4016723632812
16.79669952392578 553.4016723632812
16.79669952392578 553.4016723632812
16.79669952392578 553.4016723632812
16.79669952392578 553.4016723632812
16.79669952392578 553.4016723632812
16.79669952392578 553.4016723632812
16.79669952392578 553.4016723632812
16.79669952392578 553.4016723632812
16.79669952392578 553.4016723632812
16.79669952392578 553.4016723632812
16.79669952392578 553.4016723632812
16.79669952392578 553.4016723632812
16.79669952392578 553.4016723632812
16.79669952392578 553.4016723632812
16.79669952392578 553.4016723632812
16.79669952392578 553.4016723632812
16.79669952392578 553.4016723632812
16.79669952392578 553.4016723632812
16.79669952392578 553.4016723632812
16.79669952392578 553.4016723632812
16.79669952392578 553.4016723632812
16.79669952392578 553.4016723632812
16.79669952392578 553.4016723632812
16.79669952392578 553.4016723632812
16.79669952392578 553.4016723632812
16.79669952392578 553.4016723632812
16.79669952392578 553.4016723632812
16.79669952392578 553.4016723632812
16.79669952392578 553.4016723632812
16.79669952392578 553.4016723632812
16.79669952392578 553.4016723632812
16.79669952392578 553.4016723632812
16.79669952392578 553.4016723632812
16.79669952392578 553.4016723632812
16.79669952392578 553.4016723632812
16.79669952392578 553.4016723632812
16.79669952392578 553.4016723632812
16.79669952392578 553.4016723632812
16.79669952392578 553.4016723632812
16.79669952392578 553.4016723632812
16.79669952392578 553.4016723632812
16.79669952392578 553.4016723632812
16.79669952392578 553.4016723632812
16.79669952392578 553.4016723632812
16.79669952392578 553.4016723632812
16.79669952392578 553.4016723632812
16.79669952392578 553.4016723632812
16.79669952392578 553.4016723632812
16.79669952392578 553.4016723632812
16.79669952392578 553.4016723632812
16.79669952392578 553.4016723632812
16.79669952392578 553.4016723632812
16.79669952392578 553.4016723632812
16.79669952392578 553.4016723632812
16.79669952392578 553.4016723632812
16.79669952392578 553.4016723632812
16.79669952392578 553.4016723632812
16.79669952392578 553.4016723632812
16.79669952392578 553.4016723632812
16.79669952392578 553.4016723632812
16.79669952392578 553.4016723632812
16.79669952392578 553.4016723632812
16.79669952392578 553.4016723632812
16.79669952392578 553.4016723632812
16.79669952392578 553.4016723632812
16.79669952392578 553.4016723632812
16.79669952392578 553.4016723632812
16.79669952392578 553.4016723632812
16.79669952392578 553.4016723632812
16.79669952392578 553.4016723632812
16.79669952392578 553.4016723632812
16.79669952392578 553.4016723632812
16.79669952392578 553.4016723632812
16.79669952392578 553.4016723632812
16.79669952392578 553.4016723632812
16.79669952392578 553.4016723632812
16.79669952392578 553.4016723632812
16.79669952392578 553.4016723632812
16.79669952392578 553.4016723632812
16.79669952392578 553.4016723632812
16.79669952392578 553.4016723632812
16.79669952392578 553.4016723632812
16.79669952392578 553.4016723632812
16.79669952392578 553.4016723632812
16.79669952392578 553.4016723632812
16.79669952392578 553.4016723632812
16.79669952392578 553.4016723632812
16.79669952392578 553.4016723632812
16.79669952392578 553.4016723632812
16.79669952392578 553.4016723632812
16.79669952392578 553.4016723632812
16.79669952392578 553.4016723632812
16.79669952392578 553.4016723632812
16.79669952392578 553.4016723632812
16.79669952392578 553.4016723632812
16.79669952392578 553.4016723632812
16.79669952392578 553.4016723632812
16.79669952392578 553.4016723632812
16.79669952392578 553.4016723632812
16.79669952392578 553.4016723632812
16.79669952392578 553.4016723632812
16.79669952392578 553.4016723632812
16.79669952392578 553.4016723632812
16.79669952392578 553.4016723632812
16.79669952392578 553.4016723632812
16.79669952392578 553.4016723632812
16.79669952392578 553.4016723632812
16.79669952392578 553.4016723632812
16.79669952392578 553.4016723632812
16.79669952392578 553.4016723632812
16.79669952392578 553.4016723632812
16.79669952392578 553.4016723632812
16.79669952392578 553.4016723632812
16.79669952392578 553.4016723632812
16.79669952392578 553.4016723632812
16.79669952392578 553.4016723632812
16.79669952392578 553.4016723632812
16.79669952392578 553.4016723632812
16.79669952392578 553.4016723632812
16.79669952392578 553.4016723632812
16.79669952392578 553.4016723632812
16.79669952392578 553.4016723632812
16.79669952392578 553.4016723632812
16.79669952392578 553.4016723632812
16.79669952392578 553.4016723632812
16.79669952392578 553.4016723632812
16.79669952392578 553.4016723632812
16.79669952392578 553.4016723632812
16.79669952392578 553.4016723632812
16.79669952392578 553.4016723632812
16.79669952392578 553.4016723632812
16.79669952392578 553.4016723632812
16.79669952392578 553.4016723632812
16.79669952392578 553.4016723632812
16.79669952392578 553.4016723632812
16.79669952392578 553.4016723632812
16.79669952392578 553.4016723632812
16.79669952392578 553.4016723632812
16.79669952392578 553.4016723632812
16.79669952392578 553.4016723632812
16.79669952392578 553.4016723632812
16.79669952392578 553.4016723632812
16.79669952392578 553.4016723632812
16.79669952392578 553.4016723632812
16.79669952392578 553.4016723632812
16.79669952392578 553.4016723632812
16.79669952392578 553.4016723632812
16.79669952392578 553.4016723632812
16.79669952392578 553.4016723632812
16.79669952392578 553.4016723632812
16.79669952392578 553.4016723632812
16.79669952392578 553.4016723632812
16.79669952392578 553.4016723632812
16.79669952392578 553.4016723632812
16.79669952392578 553.4016723632812
16.79669952392578 553.4016723632812
16.79669952392578 553.4016723632812
16.79669952392578 553.4016723632812
16.79669952392578 553.4016723632812
16.79669952392578 553.4016723632812
16.79669952392578 553.4016723632812
16.79669952392578 553.4016723632812
16.79669952392578 553.4016723632812
16.79669952392578 553.4016723632812
16.79669952392578 553.4016723632812
16.79669952392578 553.4016723632812
16.79669952392578 553.4016723632812
16.79669952392578 553.4016723632812
16.79669952392578 553.4016723632812
16.79669952392578 553.4016723632812
16.79669952392578 553.4016723632812
16.79669952392578 553.4016723632812
16.79669952392578 553.4016723632812
16.79669952392578 553.4016723632812
16.79669952392578 553.4016723632812
16.79669952392578 553.4016723632812
16.79669952392578 553.4016723632812
16.79669952392578 553.4016723632812
16.79669952392578 553.4016723632812
16.79669952392578 553.4016723632812
16.79669952392578 553.4016723632812
16.79669952392578 553.4016723632812
16.79669952392578 553.4016723632812
16.79669952392578 553.4016723632812
16.79669952392578 553.4016723632812
16.79669952392578 553.4016723632812
16.79669952392578 553.4016723632812
16.79669952392578 553.4016723632812
16.79669952392578 553.4016723632812
16.79669952392578 553.4016723632812
16.79669952392578 553.4016723632812
16.79669952392578 553.4016723632812
16.79669952392578 553.4016723632812
16.79669952392578 553.4016723632812
16.79669952392578 553.4016723632812
16.79669952392578 553.4016723632812
16.79669952392578 553.4016723632812
16.79669952392578 553.4016723632812
16.79669952392578 553.4016723632812
16.79669952392578 553.4016723632812
16.79669952392578 553.4016723632812
16.79669952392578 553.4016723632812
16.79669952392578 553.4016723632812
16.79669952392578 553.4016723632812
16.79669952392578 553.4016723632812
16.79669952392578 553.4016723632812
16.79669952392578 553.4016723632812
16.79669952392578 553.4016723632812
16.79669952392578 553.4016723632812
16.79669952392578 553.4016723632812
16.79669952392578 553.4016723632812
16.79669952392578 553.4016723632812
16.79669952392578 553.4016723632812
16.79669952392578 553.4016723632812
16.79669952392578 553.4016723632812
16.79669952392578 553.4016723632812
16.79669952392578 553.4016723632812
16.79669952392578 553.4016723632812
16.79669952392578 553.4016723632812
16.79669952392578 553.4016723632812
16.79669952392578 553.4016723632812
16.79669952392578 553.4016723632812
16.79669952392578 553.4016723632812
16.79669952392578 553.4016723632812
16.79669952392578 553.4016723632812
16.79669952392578 553.4016723632812
16.79669952392578 553.4016723632812
16.79669952392578 553.4016723632812
16.79669952392578 553.4016723632812
16.79669952392578 553.4016723632812
16.79669952392578 553.4016723632812
16.79669952392578 553.4016723632812
16.79669952392578 553.4016723632812
16.79669952392578 553.4016723632812
16.79669952392578 553.4016723632812
16.79669952392578 553.4016723632812
16.79669952392578 553.4016723632812
16.79669952392578 553.4016723632812
16.79669952392578 553.4016723632812
16.79669952392578 553.4016723632812
16.79669952392578 553.4016723632812
16.79669952392578 553.4016723632812
16.79669952392578 553.4016723632812
16.79669952392578 553.4016723632812
16.79669952392578 553.4016723632812
16.79669952392578 553.4016723632812
16.79669952392578 553.4016723632812
16.79669952392578 553.4016723632812
16.79669952392578 553.4016723632812
16.79669952392578 553.4016723632812
16.79669952392578 553.4016723632812
16.79669952392578 553.4016723632812
16.79669952392578 553.4016723632812
16.79669952392578 553.4016723632812
16.79669952392578 553.4016723632812
16.79669952392578 553.4016723632812
16.79669952392578 553.4016723632812
16.79669952392578 553.4016723632812
16.79669952392578 553.4016723632812
16.79669952392578 553.4016723632812
16.79669952392578 553.4016723632812
16.79669952392578 553.4016723632812
16.79669952392578 553.4016723632812
16.79669952392578 553.4016723632812
16.79669952392578 553.4016723632812
16.79669952392578 553.4016723632812
16.79669952392578 553.4016723632812
16.79669952392578 553.4016723632812
16.79669952392578 553.4016723632812
16.79669952392578 553.4016723632812
16.79669952392578 553.4016723632812
16.79669952392578 553.4016723632812
16.79669952392578 553.4016723632812
16.79669952392578 553.4016723632812
16.79669952392578 553.4016723632812
16.79669952392578 553.4016723632812
16.79669952392578 553.4016723632812
16.79669952392578 553.4016723632812
16.79669952392578 553.4016723632812
16.79669952392578 553.4016723632812
16.79669952392578 553.4016723632812
16.79669952392578 553.4016723632812
16.79669952392578 553.4016723632812
16.79669952392578 553.4016723632812
16.79669952392578 553.4016723632812
16.79669952392578 553.4016723632812
16.79669952392578 553.4016723632812
16.79669952392578 553.4016723632812
16.79669952392578 553.4016723632812
16.79669952392578 553.4016723632812
16.79669952392578 553.4016723632812
16.79669952392578 553.4016723632812
16.79669952392578 553.4016723632812
16.79669952392578 553.4016723632812
16.79669952392578 553.4016723632812
16.79669952392578 553.4016723632812
16.79669952392578 553.4016723632812
16.79669952392578 553.4016723632812
16.79669952392578 553.4016723632812
16.79669952392578 553.4016723632812
16.79669952392578 553.4016723632812
16.79669952392578 553.4016723632812
16.79669952392578 553.4016723632812
16.79669952392578 553.4016723632812
16.79669952392578 553.4016723632812
16.79669952392578 553.4016723632812
16.79669952392578 553.4016723632812
16.79669952392578 553.4016723632812
16.79669952392578 553.4016723632812
16.79669952392578 553.4016723632812
16.79669952392578 553.4016723632812
16.79669952392578 553.4016723632812
16.79669952392578 553.4016723632812
16.79669952392578 553.4016723632812
16.79669952392578 553.4016723632812
16.79669952392578 553.4016723632812
16.79669952392578 553.4016723632812
16.79669952392578 553.4016723632812
16.79669952392578 553.4016723632812
16.79669952392578 553.4016723632812
16.79669952392578 553.4016723632812
16.79669952392578 553.4016723632812
16.79669952392578 553.4016723632812
16.79669952392578 553.4016723632812
16.79669952392578 553.4016723632812
16.79669952392578 553.4016723632812
16.79669952392578 553.4016723632812
16.79669952392578 553.4016723632812
16.79669952392578 553.4016723632812
16.79669952392578 553.4016723632812
16.79669952392578 553.4016723632812
16.79669952392578 553.4016723632812
16.79669952392578 553.4016723632812
16.79669952392578 553.4016723632812
16.79669952392578 553.4016723632812
16.79669952392578 553.4016723632812
16.79669952392578 553.4016723632812
16.79669952392578 553.4016723632812
16.79669952392578 553.4016723632812
16.79669952392578 553.4016723632812
16.79669952392578 553.4016723632812
16.79669952392578 553.4016723632812
16.79669952392578 553.4016723632812
16.79669952392578 553.4016723632812
16.79669952392578 553.4016723632812
16.79669952392578 553.4016723632812
16.79669952392578 553.4016723632812
16.79669952392578 553.4016723632812
16.79669952392578 553.4016723632812
16.79669952392578 553.4016723632812
16.79669952392578 553.4016723632812
16.79669952392578 553.4016723632812
16.79669952392578 553.4016723632812
16.79669952392578 553.4016723632812
16.79669952392578 553.4016723632812
16.79669952392578 553.4016723632812
16.79669952392578 553.4016723632812
16.79669952392578 553.4016723632812
16.79669952392578 553.4016723632812
16.79669952392578 553.4016723632812
16.79669952392578 553.4016723632812
16.79669952392578 553.4016723632812
16.79669952392578 553.4016723632812
16.79669952392578 553.4016723632812
16.79669952392578 553.4016723632812
16.79669952392578 553.4016723632812
16.79669952392578 553.4016723632812
16.79669952392578 553.4016723632812
16.79669952392578 553.4016723632812
16.79669952392578 553.4016723632812
16.79669952392578 553.4016723632812
16.79669952392578 553.4016723632812
16.79669952392578 553.4016723632812
16.79669952392578 553.4016723632812
16.79669952392578 553.4016723632812
16.79669952392578 553.4016723632812
16.79669952392578 553.4016723632812
16.79669952392578 553.4016723632812
16.79669952392578 553.4016723632812
16.79669952392578 553.4016723632812
16.79669952392578 553.4016723632812
16.79669952392578 553.4016723632812
16.79669952392578 553.4016723632812
16.79669952392578 553.4016723632812
16.79669952392578 553.4016723632812
16.79669952392578 553.4016723632812
16.79669952392578 553.4016723632812
16.79669952392578 553.4016723632812
16.79669952392578 553.4016723632812
16.79669952392578 553.4016723632812
16.79669952392578 553.4016723632812
16.79669952392578 553.4016723632812
16.79669952392578 553.4016723632812
16.79669952392578 553.4016723632812
16.79669952392578 553.4016723632812
16.79669952392578 553.4016723632812
16.79669952392578 553.4016723632812
16.79669952392578 553.4016723632812
16.79669952392578 553.4016723632812
16.79669952392578 553.4016723632812
16.79669952392578 553.4016723632812
16.79669952392578 553.4016723632812
16.79669952392578 553.4016723632812
16.79669952392578 553.4016723632812
16.79669952392578 553.4016723632812
16.79669952392578 553.4016723632812
16.79669952392578 553.4016723632812
16.79669952392578 553.4016723632812
16.79669952392578 553.4016723632812
16.79669952392578 553.4016723632812
16.79669952392578 553.4016723632812
16.79669952392578 553.4016723632812
16.79669952392578 553.4016723632812
16.79669952392578 553.4016723632812
16.79669952392578 553.4016723632812
16.79669952392578 553.4016723632812
16.79669952392578 553.4016723632812
16.79669952392578 553.4016723632812
16.79669952392578 553.4016723632812
16.79669952392578 553.4016723632812
16.79669952392578 553.4016723632812
16.79669952392578 553.4016723632812
16.79669952392578 553.4016723632812
16.79669952392578 553.4016723632812
16.79669952392578 553.4016723632812
16.79669952392578 553.4016723632812
16.79669952392578 553.4016723632812
16.79669952392578 553.4016723632812
16.79669952392578 553.4016723632812
16.79669952392578 553.4016723632812
16.79669952392578 553.4016723632812
16.79669952392578 553.4016723632812
16.79669952392578 553.4016723632812
16.79669952392578 553.4016723632812
16.79669952392578 553.4016723632812
16.79669952392578 553.4016723632812
16.79669952392578 553.4016723632812
16.79669952392578 553.4016723632812
16.79669952392578 553.4016723632812
16.79669952392578 553.4016723632812
16.79669952392578 553.4016723632812
16.79669952392578 553.4016723632812
16.79669952392578 553.4016723632812
16.79669952392578 553.4016723632812
16.79669952392578 553.4016723632812
16.79669952392578 553.4016723632812
16.79669952392578 553.4016723632812
16.79669952392578 553.4016723632812
16.79669952392578 553.4016723632812
16.79669952392578 553.4016723632812
16.79669952392578 553.4016723632812
16.79669952392578 553.4016723632812
16.79669952392578 553.4016723632812
16.79669952392578 553.4016723632812
16.79669952392578 553.4016723632812
16.79669952392578 553.4016723632812
16.79669952392578 553.4016723632812
16.79669952392578 553.4016723632812
16.79669952392578 553.4016723632812
16.79669952392578 553.4016723632812
16.79669952392578 553.4016723632812
16.79669952392578 553.4016723632812
16.79669952392578 553.4016723632812
16.79669952392578 553.4016723632812
16.79669952392578 553.4016723632812
16.79669952392578 553.4016723632812
16.79669952392578 553.4016723632812
16.79669952392578 553.4016723632812
16.79669952392578 553.4016723632812
16.79669952392578 553.4016723632812
16.79669952392578 553.4016723632812
16.79669952392578 553.4016723632812
16.79669952392578 553.4016723632812
16.79669952392578 553.4016723632812
16.79669952392578 553.4016723632812
16.79669952392578 553.4016723632812
16.79669952392578 553.4016723632812
16.79669952392578 553.4016723632812
16.79669952392578 553.4016723632812
16.79669952392578 553.4016723632812
16.79669952392578 553.4016723632812
16.79669952392578 553.4016723632812
16.79669952392578 553.4016723632812
16.79669952392578 553.4016723632812
16.79669952392578 553.4016723632812
16.79669952392578 553.4016723632812
16.79669952392578 553.4016723632812
16.79669952392578 553.4016723632812
16.79669952392578 553.4016723632812
16.79669952392578 553.4016723632812
16.79669952392578 553.4016723632812
16.79669952392578 553.4016723632812
16.79669952392578 553.4016723632812
16.79669952392578 553.4016723632812
16.79669952392578 553.4016723632812
16.79669952392578 553.4016723632812
16.79669952392578 553.4016723632812
16.79669952392578 553.4016723632812
16.79669952392578 553.4016723632812
16.79669952392578 553.4016723632812
16.79669952392578 553.4016723632812
16.79669952392578 553.4016723632812
16.79669952392578 553.4016723632812
16.79669952392578 553.4016723632812
16.79669952392578 553.4016723632812
16.79669952392578 553.4016723632812
16.79669952392578 553.4016723632812
16.79669952392578 553.4016723632812
16.79669952392578 553.4016723632812
16.79669952392578 553.4016723632812
16.79669952392578 553.4016723632812
16.79669952392578 553.4016723632812
16.79669952392578 553.4016723632812
16.79669952392578 553.4016723632812
16.79669952392578 553.4016723632812
16.79669952392578 553.4016723632812
16.79669952392578 553.4016723632812
16.79669952392578 553.4016723632812
16.79669952392578 553.4016723632812
16.79669952392578 553.4016723632812
16.79669952392578 553.4016723632812
16.79669952392578 553.4016723632812
16.79669952392578 553.4016723632812
16.79669952392578 553.4016723632812
16.79669952392578 553.4016723632812
16.79669952392578 553.4016723632812
16.79669952392578 553.4016723632812
16.79669952392578 553.4016723632812
16.79669952392578 553.4016723632812
16.79669952392578 553.4016723632812
16.79669952392578 553.4016723632812
16.79669952392578 553.4016723632812
16.79669952392578 553.4016723632812
16.79669952392578 553.4016723632812
16.79669952392578 553.4016723632812
16.79669952392578 553.4016723632812
16.79669952392578 553.4016723632812
16.79669952392578 553.4016723632812
16.79669952392578 553.4016723632812
16.79669952392578 553.4016723632812
16.79669952392578 553.4016723632812
16.79669952392578 553.4016723632812
16.79669952392578 553.4016723632812
16.79669952392578 553.4016723632812
16.79669952392578 553.4016723632812
16.79669952392578 553.4016723632812
16.79669952392578 553.4016723632812
16.79669952392578 553.4016723632812
16.79669952392578 553.4016723632812
16.79669952392578 553.4016723632812
16.79669952392578 553.4016723632812
16.79669952392578 553.4016723632812
16.79669952392578 553.4016723632812
16.79669952392578 553.4016723632812
16.79669952392578 553.4016723632812
16.79669952392578 553.4016723632812
16.79669952392578 553.4016723632812
16.79669952392578 553.4016723632812
16.79669952392578 553.4016723632812
16.79669952392578 553.4016723632812
16.79669952392578 553.4016723632812
16.79669952392578 553.4016723632812
16.79669952392578 553.4016723632812
16.79669952392578 553.4016723632812
16.79669952392578 553.4016723632812
16.79669952392578 553.4016723632812
16.79669952392578 553.4016723632812
16.79669952392578 553.4016723632812
16.79669952392578 553.4016723632812
16.79669952392578 553.4016723632812
16.79669952392578 553.4016723632812
16.79669952392578 553.4016723632812
16.79669952392578 553.4016723632812
16.79669952392578 553.4016723632812
16.79669952392578 553.4016723632812
16.79669952392578 553.4016723632812
16.79669952392578 553.4016723632812
16.79669952392578 553.4016723632812
16.79669952392578 553.4016723632812
16.79669952392578 553.4016723632812
16.79669952392578 553.4016723632812
16.79669952392578 553.4016723632812
16.79669952392578 553.4016723632812
16.79669952392578 553.4016723632812
16.79669952392578 553.4016723632812
16.79669952392578 553.4016723632812
16.79669952392578 553.4016723632812
16.79669952392578 553.4016723632812
16.79669952392578 553.4016723632812
16.79669952392578 553.4016723632812
16.79669952392578 553.4016723632812
16.79669952392578 553.4016723632812
16.79669952392578 553.4016723632812
16.79669952392578 553.4016723632812
16.79669952392578 553.4016723632812
16.79669952392578 553.4016723632812
16.79669952392578 553.4016723632812
16.79669952392578 553.4016723632812
16.79669952392578 553.4016723632812
16.79669952392578 553.4016723632812
16.79669952392578 553.4016723632812
16.79669952392578 553.4016723632812
16.79669952392578 553.4016723632812
16.79669952392578 553.4016723632812
16.79669952392578 553.4016723632812
16.79669952392578 553.4016723632812
16.79669952392578 553.4016723632812
16.79669952392578 553.4016723632812
16.79669952392578 553.4016723632812
16.79669952392578 553.4016723632812
16.79669952392578 553.4016723632812
16.79669952392578 553.4016723632812
16.79669952392578 553.4016723632812
16.79669952392578 553.4016723632812
16.79669952392578 553.4016723632812
16.79669952392578 553.4016723632812
16.79669952392578 553.4016723632812
16.79669952392578 553.4016723632812
16.79669952392578 553.4016723632812
16.79669952392578 553.4016723632812
16.79669952392578 553.4016723632812
16.79669952392578 553.4016723632812
16.79669952392578 553.4016723632812
16.79669952392578 553.4016723632812
16.79669952392578 553.4016723632812
16.79669952392578 553.4016723632812
16.79669952392578 553.4016723632812
16.79669952392578 553.4016723632812
16.79669952392578 553.4016723632812
16.79669952392578 553.4016723632812
16.79669952392578 553.4016723632812
16.79669952392578 553.4016723632812
16.79669952392578 553.4016723632812
16.79669952392578 553.4016723632812
16.79669952392578 553.4016723632812
16.79669952392578 553.4016723632812
16.79669952392578 553.4016723632812
16.79669952392578 553.4016723632812
16.79669952392578 553.4016723632812
16.79669952392578 553.4016723632812
16.79669952392578 553.4016723632812
16.79669952392578 553.4016723632812
16.79669952392578 553.4016723632812
16.79669952392578 553.4016723632812
16.79669952392578 553.4016723632812
16.79669952392578 553.4016723632812
16.79669952392578 553.4016723632812
16.79669952392578 553.4016723632812
16.79669952392578 553.4016723632812
16.79669952392578 553.4016723632812
16.79669952392578 553.4016723632812
16.79669952392578 553.4016723632812
16.79669952392578 553.4016723632812
16.79669952392578 553.4016723632812
16.79669952392578 553.4016723632812
16.79669952392578 553.4016723632812
16.79669952392578 553.4016723632812
16.79669952392578 553.4016723632812
16.79669952392578 553.4016723632812
16.79669952392578 553.4016723632812
16.79669952392578 553.4016723632812
16.79669952392578 553.4016723632812
16.79669952392578 553.4016723632812
16.79669952392578 553.4016723632812
16.79669952392578 553.4016723632812
16.79669952392578 553.4016723632812
16.79669952392578 553.4016723632812
16.79669952392578 553.4016723632812
16.79669952392578 553.4016723632812
16.79669952392578 553.4016723632812
16.79669952392578 553.4016723632812
16.79669952392578 553.4016723632812
16.79669952392578 553.4016723632812
16.79669952392578 553.4016723632812
16.79669952392578 553.4016723632812
16.79669952392578 553.4016723632812
16.79669952392578 553.4016723632812
16.79669952392578 553.4016723632812
16.79669952392578 553.4016723632812
16.79669952392578 553.4016723632812
16.79669952392578 553.4016723632812
16.79669952392578 553.4016723632812
16.79669952392578 553.4016723632812
16.79669952392578 553.4016723632812
16.79669952392578 553.4016723632812
16.79669952392578 553.4016723632812
16.79669952392578 553.4016723632812
16.79669952392578 553.4016723632812
16.79669952392578 553.4016723632812
16.79669952392578 553.4016723632812
16.79669952392578 553.4016723632812
16.79669952392578 553.4016723632812
16.79669952392578 553.4016723632812
16.79669952392578 553.4016723632812
16.79669952392578 553.4016723632812
16.79669952392578 553.4016723632812
16.79669952392578 553.4016723632812
16.79669952392578 553.4016723632812
16.79669952392578 553.4016723632812
16.79669952392578 553.4016723632812
16.79669952392578 553.4016723632812
16.79669952392578 553.4016723632812
16.79669952392578 553.4016723632812
16.79669952392578 553.4016723632812
16.79669952392578 553.4016723632812
16.79669952392578 553.4016723632812
16.79669952392578 553.4016723632812
16.79669952392578 553.4016723632812
16.79669952392578 553.4016723632812
16.79669952392578 553.4016723632812
16.79669952392578 553.4016723632812
16.79669952392578 553.4016723632812
16.79669952392578 553.4016723632812
16.79669952392578 553.4016723632812
16.79669952392578 553.4016723632812
16.79669952392578 553.4016723632812
16.79669952392578 553.4016723632812
16.79669952392578 553.4016723632812
16.79669952392578 553.4016723632812
16.79669952392578 553.4016723632812
16.79669952392578 553.4016723632812
16.79669952392578 553.4016723632812
16.79669952392578 553.4016723632812
16.79669952392578 553.4016723632812
16.79669952392578 553.4016723632812
16.79669952392578 553.4016723632812
16.79669952392578 553.4016723632812
16.79669952392578 553.4016723632812
16.79669952392578 553.4016723632812
16.79669952392578 553.4016723632812
16.79669952392578 553.4016723632812
16.79669952392578 553.4016723632812
16.79669952392578 553.4016723632812
16.79669952392578 553.4016723632812
16.79669952392578 553.4016723632812
16.79669952392578 553.4016723632812
16.79669952392578 553.4016723632812
16.79669952392578 553.4016723632812
16.79669952392578 553.4016723632812
16.79669952392578 553.4016723632812
16.79669952392578 553.4016723632812
16.79669952392578 553.4016723632812
16.79669952392578 553.4016723632812
16.79669952392578 553.4016723632812
16.79669952392578 553.4016723632812
16.79669952392578 553.4016723632812
16.79669952392578 553.4016723632812
16.79669952392578 553.4016723632812
16.79669952392578 553.4016723632812
16.79669952392578 553.4016723632812
16.79669952392578 553.4016723632812
16.79669952392578 553.4016723632812
16.79669952392578 553.4016723632812
16.79669952392578 553.4016723632812
16.79669952392578 553.4016723632812
16.79669952392578 553.4016723632812
16.79669952392578 553.4016723632812
16.79669952392578 553.4016723632812
16.79669952392578 553.4016723632812
16.79669952392578 553.4016723632812
16.79669952392578 553.4016723632812
16.79669952392578 553.4016723632812
16.79669952392578 553.4016723632812
16.79669952392578 553.4016723632812
16.79669952392578 553.4016723632812
16.79669952392578 553.4016723632812
16.79669952392578 553.4016723632812
16.79669952392578 553.4016723632812
16.79669952392578 553.4016723632812
16.79669952392578 553.4016723632812
16.79669952392578 553.4016723632812
16.79669952392578 553.4016723632812
16.79669952392578 553.4016723632812
16.79669952392578 553.4016723632812
16.79669952392578 553.4016723632812
16.79669952392578 553.4016723632812
16.79669952392578 553.4016723632812
16.79669952392578 553.4016723632812
16.79669952392578 553.4016723632812
16.79669952392578 553.4016723632812
16.79669952392578 553.4016723632812
16.79669952392578 553.4016723632812
16.79669952392578 553.4016723632812
16.79669952392578 553.4016723632812
16.79669952392578 553.4016723632812
16.79669952392578 553.4016723632812
16.79669952392578 553.4016723632812
16.79669952392578 553.4016723632812
16.79669952392578 553.4016723632812
16.79669952392578 553.4016723632812
16.79669952392578 553.4016723632812
16.79669952392578 553.4016723632812
16.79669952392578 553.4016723632812
16.79669952392578 553.4016723632812
16.79669952392578 553.4016723632812
16.79669952392578 553.4016723632812
16.79669952392578 553.4016723632812
16.79669952392578 553.4016723632812
16.79669952392578 553.4016723632812
16.79669952392578 553.4016723632812
16.79669952392578 553.4016723632812
16.79669952392578 553.4016723632812
16.79669952392578 553.4016723632812
16.79669952392578 553.4016723632812
16.79669952392578 553.4016723632812
16.79669952392578 553.4016723632812
16.79669952392578 553.4016723632812
16.79669952392578 553.4016723632812
16.79669952392578 553.4016723632812
16.79669952392578 553.4016723632812
16.79669952392578 553.4016723632812
16.79669952392578 553.4016723632812
16.79669952392578 553.4016723632812
16.79669952392578 553.4016723632812
16.79669952392578 553.4016723632812
16.79669952392578 553.4016723632812
16.79669952392578 553.4016723632812
16.79669952392578 553.4016723632812
16.79669952392578 553.4016723632812
16.79669952392578 553.4016723632812
16.79669952392578 553.4016723632812
16.79669952392578 553.4016723632812
16.79669952392578 553.4016723632812
16.79669952392578 553.4016723632812
16.79669952392578 553.4016723632812
16.79669952392578 553.4016723632812
16.79669952392578 553.4016723632812
16.79669952392578 553.4016723632812
16.79669952392578 553.4016723632812
16.79669952392578 553.4016723632812
16.79669952392578 553.4016723632812
16.79669952392578 553.4016723632812
16.79669952392578 553.4016723632812
16.79669952392578 553.4016723632812
16.79669952392578 553.4016723632812
16.79669952392578 553.4016723632812
16.79669952392578 553.4016723632812
16.79669952392578 553.4016723632812
16.79669952392578 553.4016723632812
16.79669952392578 553.4016723632812
16.79669952392578 553.4016723632812
16.79669952392578 553.4016723632812
16.79669952392578 553.4016723632812
16.79669952392578 553.4016723632812
16.79669952392578 553.4016723632812
16.79669952392578 553.4016723632812
16.79669952392578 553.4016723632812
16.79669952392578 553.4016723632812
16.79669952392578 553.4016723632812
16.79669952392578 553.4016723632812
16.79669952392578 553.4016723632812
16.79669952392578 553.4016723632812
16.79669952392578 553.4016723632812
16.79669952392578 553.4016723632812
16.79669952392578 553.4016723632812
16.79669952392578 553.4016723632812
16.79669952392578 553.4016723632812
16.79669952392578 553.4016723632812
16.79669952392578 553.4016723632812
16.79669952392578 553.4016723632812
16.79669952392578 553.4016723632812
16.79669952392578 553.4016723632812
16.79669952392578 553.4016723632812
16.79669952392578 553.4016723632812
16.79669952392578 553.4016723632812
16.79669952392578 553.4016723632812
16.79669952392578 553.4016723632812
16.79669952392578 553.4016723632812
16.79669952392578 553.4016723632812
16.79669952392578 553.4016723632812
16.79669952392578 553.4016723632812
16.79669952392578 553.4016723632812
16.79669952392578 553.4016723632812
16.79669952392578 553.4016723632812
16.79669952392578 553.4016723632812
16.79669952392578 553.4016723632812
16.79669952392578 553.4016723632812
16.79669952392578 553.4016723632812
16.79669952392578 553.4016723632812
16.79669952392578 553.4016723632812
16.79669952392578 553.4016723632812
16.79669952392578 553.4016723632812
16.79669952392578 553.4016723632812
16.79669952392578 553.4016723632812
16.79669952392578 553.4016723632812
16.79669952392578 553.4016723632812
16.79669952392578 553.4016723632812
16.79669952392578 553.4016723632812
16.79669952392578 553.4016723632812
16.79669952392578 553.4016723632812
16.79669952392578 553.4016723632812
16.79669952392578 553.4016723632812
16.79669952392578 553.4016723632812
16.79669952392578 553.4016723632812
16.79669952392578 553.4016723632812
16.79669952392578 553.4016723632812
16.79669952392578 553.4016723632812
16.79669952392578 553.4016723632812
16.79669952392578 553.4016723632812
16.79669952392578 553.4016723632812
16.79669952392578 553.4016723632812
16.79669952392578 553.4016723632812
16.79669952392578 553.4016723632812
16.79669952392578 553.4016723632812
16.79669952392578 553.4016723632812
16.79669952392578 553.4016723632812
16.79669952392578 553.4016723632812
16.79669952392578 553.4016723632812
16.79669952392578 553.4016723632812
16.79669952392578 553.4016723632812
16.79669952392578 553.4016723632812
16.79669952392578 553.4016723632812
16.79669952392578 553.4016723632812
16.79669952392578 553.4016723632812
16.79669952392578 553.4016723632812
16.79669952392578 553.4016723632812
16.79669952392578 553.4016723632812
16.79669952392578 553.4016723632812
16.79669952392578 553.4016723632812
16.79669952392578 553.4016723632812
16.79669952392578 553.4016723632812
16.79669952392578 553.4016723632812
16.79669952392578 553.4016723632812
16.79669952392578 553.4016723632812
16.79669952392578 553.4016723632812
16.79669952392578 553.4016723632812
16.79669952392578 553.4016723632812
16.79669952392578 553.4016723632812
16.79669952392578 553.4016723632812
16.79669952392578 553.4016723632812
16.79669952392578 553.4016723632812
16.79669952392578 553.4016723632812
16.79669952392578 553.4016723632812
