59.99270248413086 449.9923095703125
60.103355407714844 450.1214294433594
60.20780563354492 450.255615234375
60.30582046508789 450.39459228515625
60.39718246459961 450.53802490234375
60.481693267822266 450.68560791015625
60.55916213989258 450.8370056152344
60.629417419433594 450.99188232421875
60.69230270385742 451.1498718261719
60.747676849365234 451.3106689453125
60.7954216003418 451.473876953125
60.83543014526367 451.63916015625
60.867610931396484 451.80615234375
60.904056549072266 452.0553283691406
60.93057632446289 452.3138732910156
60.946067810058594 452.57427978515625
60.95041275024414 452.835205078125
60.943599700927734 453.09613037109375
60.92564010620117 453.3565368652344
60.896568298339844 453.6159362792969
60.8564338684082 453.87384033203125
60.80531311035156 454.1297912597656
60.7432975769043 454.3833312988281
60.670501708984375 454.6340026855469
60.58705520629883 454.8813171386719
60.49311447143555 455.1248474121094
60.388851165771484 455.3641357421875
60.274444580078125 455.5987854003906
60.15011215209961 455.8283386230469
60.01607131958008 456.0523986816406
59.87256622314453 456.2705383300781
59.71990966796875 456.4822998046875
59.5583610534668 456.68731689453125
59.38819885253906 456.88525390625
59.20973587036133 457.0757141113281
59.02329635620117 457.2583923339844
58.829219818115234 457.43292236328125
58.62786102294922 457.5989990234375
58.419586181640625 457.7563171386719
58.204776763916016 457.9045715332031
57.983829498291016 458.04351806640625
57.757144927978516 458.1728820800781
57.52513885498047 458.2924499511719
57.28824234008789 458.4019775390625
57.046897888183594 458.50128173828125
56.80155563354492 458.5901794433594
56.55265426635742 458.6684875488281
56.30072784423828 458.7360534667969
56.04743957519531 458.7925109863281
55.80170822143555 458.8362731933594
55.59550857543945 458.8636169433594
55.50209426879883 458.8714904785156
55.50356674194336 458.8714294433594
55.519493103027344 458.87176513671875
55.540679931640625 458.87335205078125
55.56214141845703 458.8761291503906
55.583465576171875 458.8800354003906
55.60455322265625 458.8851013183594
55.62533950805664 458.8912658691406
55.6457633972168 458.8985595703125
55.665767669677734 458.90692138671875
55.68529510498047 458.9163513183594
55.704288482666016 458.92681884765625
55.722694396972656 458.93829345703125
55.74045944213867 458.9507141113281
55.75753402709961 458.9640808105469
55.77386474609375 458.97833251953125
55.78940963745117 458.9934387207031
55.80412292480469 459.0093688964844
55.81795883178711 459.02606201171875
55.83088302612305 459.0434875488281
55.84285354614258 459.0615539550781
55.85383224487305 459.0802307128906
55.86375427246094 459.0993957519531
55.87262725830078 459.1190490722656
55.88042449951172 459.1391296386719
55.887123107910156 459.1595764160156
55.892704010009766 459.1802978515625
55.897151947021484 459.20123291015625
55.90043640136719 459.22210693359375
55.9025764465332 459.242919921875
55.90357971191406 459.2635192871094
55.90348434448242 459.2829895019531
55.90250015258789 459.2998352050781
55.90087890625 459.3142395019531
55.90128707885742 459.3117980957031
55.91270065307617 459.2601318359375
55.93401336669922 459.18267822265625
55.98709487915039 459.0211181640625
56.047725677490234 458.86224365234375
56.11576843261719 458.7063903808594
56.19107437133789 458.5539245605469
56.273475646972656 458.4051818847656
56.362789154052734 458.2604675292969
56.45881652832031 458.1201171875
56.561344146728516 457.98443603515625
56.67014694213867 457.8537292480469
56.78498077392578 457.7283020019531
56.90559387207031 457.6084289550781
57.031715393066406 457.4943542480469
57.16307067871094 457.3863525390625
57.29936218261719 457.28466796875
57.44029235839844 457.18951416015625
57.585548400878906 457.10107421875
57.734806060791016 457.01959228515625
57.887733459472656 456.9452209472656
58.04399490356445 456.8781433105469
58.20323944091797 456.8184814453125
58.365116119384766 456.7663879394531
58.529266357421875 456.72198486328125
58.69532775878906 456.6853332519531
58.86293029785156 456.65655517578125
59.031700134277344 456.6357116699219
59.201263427734375 456.6228332519531
59.371246337890625 456.6179504394531
59.5412712097168 456.6210632324219
59.710960388183594 456.6321716308594
59.879940032958984 456.6512756347656
60.04783248901367 456.6783142089844
60.214263916015625 456.7132263183594
60.378868103027344 456.75592041015625
60.54127883911133 456.80633544921875
60.70113754272461 456.8643493652344
60.85808563232422 456.9298095703125
61.01177978515625 457.0025939941406
61.1618766784668 457.08251953125
61.30804443359375 457.16943359375
61.449954986572266 457.26312255859375
61.58729934692383 457.3634033203125
61.71976852416992 457.47003173828125
61.84707260131836 457.5827941894531
61.96892547607422 457.701416015625
62.08505630493164 457.8256530761719
62.19520950317383 457.9552001953125
62.29914093017578 458.08978271484375
62.39662170410156 458.2291259765625
62.48743438720703 458.3728942871094
62.57137680053711 458.5207824707031
62.64826202392578 458.6724548339844
62.71792221069336 458.82757568359375
62.78020095825195 458.9858093261719
62.8349609375 459.1468200683594
62.882080078125 459.3102111816406
62.921451568603516 459.47564697265625
62.9529914855957 459.64276123046875
62.981666564941406 459.84588623046875
63.00660705566406 460.1046447753906
63.02049255371094 460.36492919921875
63.02323913574219 460.62579345703125
63.014827728271484 460.88665771484375
62.99527359008789 461.1469421386719
62.9646110534668 461.4061584472656
62.92289733886719 461.663818359375
62.870208740234375 461.9194641113281
62.806640625 462.172607421875
62.73230743408203 462.4228210449219
62.6473503112793 462.66961669921875
62.551918029785156 462.9125671386719
62.446189880371094 463.1512145996094
62.33035659790039 463.3851318359375
62.20462417602539 463.6138916015625
62.06923294067383 463.8370666503906
61.92441940307617 464.05426025390625
61.770450592041016 464.26507568359375
61.60763931274414 464.4690856933594
61.436256408691406 464.66595458984375
61.25661849975586 464.8553161621094
61.06904983520508 465.0368347167969
60.873897552490234 465.2101745605469
60.671512603759766 465.375
60.4622688293457 465.5310363769531
60.24654769897461 465.677978515625
60.02474594116211 465.8155517578125
59.79726791381836 465.9435119628906
59.56453323364258 466.0616455078125
59.32697677612305 466.1697082519531
59.08504867553711 466.26751708984375
58.839237213134766 466.3548583984375
58.590091705322266 466.4315490722656
58.33831024169922 466.4974060058594
58.084068298339844 466.5523986816406
57.8334846496582 466.5954284667969
57.62622833251953 466.62164306640625
57.519142150878906 466.63006591796875
57.516578674316406 466.630126953125
57.536380767822266 466.6306457519531
57.557647705078125 466.6323547363281
57.5791130065918 466.6352233886719
57.60041809082031 466.6392517089844
57.62147521972656 466.6444091796875
57.64222717285156 466.65069580078125
57.66261291503906 466.6580810546875
57.68257141113281 466.66656494140625
57.702049255371094 466.67608642578125
57.720985412597656 466.6866455078125
57.73933029174805 466.6982116699219
57.75702667236328 466.71075439453125
57.77402877807617 466.7242126464844
57.790283203125 466.7385559082031
57.80574417114258 466.7537536621094
57.820369720458984 466.769775390625
57.8341178894043 466.7865295410156
57.846946716308594 466.80401611328125
57.85881423950195 466.8221435546875
57.8696403503418 466.8407897949219
57.87944412231445 466.8599853515625
57.88819885253906 466.8796691894531
57.8958740234375 466.8997497558594
57.90245056152344 466.9201965332031
57.90790557861328 466.9408874511719
57.91220474243164 466.961669921875
57.91535949707031 466.98248291015625
57.91733932495117 467.0028381347656
57.91820526123047 467.02276611328125
57.91802215576172 467.0408630371094
57.91713333129883 467.0548095703125
57.91658401489258 467.0594787597656
57.91917037963867 467.0444030761719
57.93704605102539 466.965087890625
57.98249053955078 466.80120849609375
58.03559875488281 466.6396484375
58.096256256103516 466.48077392578125
58.16432571411133 466.324951171875
58.23965835571289 466.1724853515625
58.32208251953125 466.02374267578125
58.41141891479492 465.8790588378906
58.507469177246094 465.7387390136719
58.61001968383789 465.60308837890625
58.71884536743164 465.472412109375
58.833702087402344 465.3470153808594
58.9543342590332 465.2271423339844
59.08047866821289 465.11309814453125
59.21185302734375 465.005126953125
59.34816360473633 464.9034423828125
59.48910903930664 464.80828857421875
59.63438034057617 464.7198791503906
59.783653259277344 464.638427734375
59.93659591674805 464.5640869140625
60.09286880493164 464.49700927734375
60.25212478637695 464.4373779296875
60.41401290893555 464.38531494140625
60.57817077636719 464.3409423828125
60.74423599243164 464.3043212890625
60.911842346191406 464.27557373046875
61.08061599731445 464.2547607421875
61.25018310546875 464.2419128417969
61.420166015625 464.237060546875
61.59019088745117 464.2402038574219
61.75988006591797 464.2513427734375
61.928855895996094 464.2704772949219
62.096744537353516 464.29754638671875
62.2631721496582 464.3324890136719
62.42776870727539 464.3752136230469
62.590171813964844 464.4256591796875
62.75001907348633 464.4836730957031
62.90695571899414 464.5491638183594
63.060638427734375 464.6219787597656
63.21072006225586 464.7019348144531
63.35687255859375 464.78887939453125
63.4987678527832 464.8825988769531
63.63609313964844 464.98291015625
63.7685432434082 465.0895690917969
63.89582443237305 465.20233154296875
64.01765441894531 465.32098388671875
64.1337661743164 465.4452209472656
64.243896484375 465.5747985839844
64.34780883789062 465.70941162109375
64.44526672363281 465.8487548828125
64.53605651855469 465.9925537109375
64.6199722290039 466.1404724121094
64.69683074951172 466.29217529296875
64.76646423339844 466.44732666015625
64.8287124633789 466.6055908203125
64.8834457397461 466.7666015625
64.93053436279297 466.92999267578125
64.96987915039062 467.0954284667969
65.00138854980469 467.2625427246094
65.02499389648438 467.4309387207031
65.04749298095703 467.6700744628906
65.0605239868164 467.927978515625
65.06251525878906 468.1885986328125
65.05335235595703 468.44940185546875
65.03304290771484 468.7095947265625
65.00162506103516 468.9687194824219
64.95915985107422 469.22625732421875
64.90573120117188 469.48175048828125
64.8414306640625 469.7347106933594
64.76637268066406 469.9847106933594
64.68069458007812 470.23126220703125
64.58455657958984 470.47393798828125
64.47813415527344 470.7122802734375
64.36162567138672 470.94586181640625
64.23523712158203 471.17425537109375
64.09919738769531 471.39703369140625
63.953758239746094 471.6138000488281
63.799190521240234 471.82415771484375
63.635780334472656 472.0277099609375
63.46382141113281 472.22406005859375
63.283626556396484 472.41290283203125
63.09552764892578 472.5938720703125
62.899864196777344 472.7666320800781
62.696998596191406 472.9308776855469
62.48729705810547 473.0862731933594
62.27114486694336 473.2325744628906
62.0489387512207 473.3695068359375
61.82108688354492 473.4967956542969
61.58802032470703 473.6142272949219
61.350162506103516 473.7215881347656
61.10798263549805 473.81866455078125
60.861907958984375 473.9052734375
60.61250686645508 473.98126220703125
60.36043930053711 474.0464172363281
60.10807800292969 474.1002197265625
59.859100341796875 474.1421813964844
59.639156341552734 474.16937255859375
59.57203674316406 474.1744384765625
59.57292556762695 474.1744079589844
59.592952728271484 474.1750183105469
59.61444091796875 474.17681884765625
59.63590621948242 474.1797790527344
59.657196044921875 474.18389892578125
59.6782341003418 474.18914794921875
59.69895935058594 474.1955261230469
59.71931457519531 474.2030029296875
59.73923873901367 474.2115478515625
59.75867462158203 474.2211608886719
59.77756881713867 474.2318115234375
59.79586410522461 474.2434387207031
59.81351089477539 474.25604248046875
59.8304557800293 474.2695617675781
59.84665298461914 474.2839660644531
59.86205291748047 474.2992248535156
59.87661361694336 474.3153076171875
59.89029312133789 474.3321228027344
59.903045654296875 474.3496398925781
59.914833068847656 474.3677978515625
59.92555618286133 474.3864440917969
59.93525314331055 474.4056091308594
59.94389343261719 474.42523193359375
59.9514274597168 474.4451904296875
59.957881927490234 474.46551513671875
59.96318054199219 474.4859619140625
59.967288970947266 474.5062255859375
59.970252990722656 474.52630615234375
59.972084045410156 474.54595947265625
59.972782135009766 474.563720703125
59.972557067871094 474.5797424316406
59.97190475463867 474.58935546875
59.972412109375 474.5851745605469
59.98170852661133 474.531982421875
60.019203186035156 474.3661193847656
60.0644645690918 474.20220947265625
60.117393493652344 474.04058837890625
60.17787551879883 473.88165283203125
60.24577331542969 473.7257385253906
60.3209342956543 473.57318115234375
60.403194427490234 473.4243469238281
60.49237060546875 473.279541015625
60.58826446533203 473.13909912109375
60.69066619873047 473.0033264160156
60.799346923828125 472.8725280761719
60.9140625 472.74700927734375
61.03456115722656 472.62701416015625
61.16057586669922 472.5128173828125
61.29182815551758 472.4046936035156
61.42802429199219 472.3028564453125
61.56886672973633 472.2075500488281
61.71403884887695 472.1189880371094
61.86322021484375 472.037353515625
62.01607894897461 471.96282958984375
62.17227554321289 471.8955993652344
62.33146667480469 471.8357849121094
62.4932975769043 471.7835388183594
62.657405853271484 471.7389831542969
62.82343292236328 471.7021789550781
62.99100875854492 471.6732482910156
63.159759521484375 471.6522216796875
63.32931137084961 471.6391906738281
63.499290466308594 471.6341552734375
63.66931915283203 471.6371154785156
63.839019775390625 471.6480712890625
64.00801849365234 471.6670227050781
64.17593383789062 471.69390869140625
64.34239959716797 471.7286682128906
64.50704193115234 471.7712097167969
64.66950225830078 471.82147216796875
64.82941436767578 471.87933349609375
64.9864273071289 471.94464111328125
65.14019012451172 472.01727294921875
65.29035949707031 472.0970764160156
65.43660736083984 472.183837890625
65.57860565185547 472.27740478515625
65.7160415649414 472.3775634765625
65.8486099243164 472.48406982421875
65.97602081298828 472.5967102050781
66.09798431396484 472.7152099609375
66.2142333984375 472.8393249511719
66.32450866699219 472.9687805175781
66.4285659790039 473.103271484375
66.52617645263672 473.2425231933594
66.61712646484375 473.3861999511719
66.70121002197266 473.5340270996094
66.77823638916016 473.6856384277344
66.84803771972656 473.8406982421875
66.91046142578125 473.9988708496094
66.96537017822266 474.1598205566406
67.01264190673828 474.32318115234375
67.05216979980469 474.48858642578125
67.08386993408203 474.6556701660156
67.107666015625 474.8240661621094
67.12704467773438 475.02935791015625
67.1388931274414 475.2686462402344
67.14048767089844 475.52850341796875
67.13092803955078 475.7891540527344
67.1102294921875 476.0492858886719
67.07842254638672 476.3083190917969
67.03556823730469 476.5657958984375
66.98175048828125 476.8211975097656
66.91706085205078 477.0740661621094
66.84162139892578 477.3239440917969
66.75556945800781 477.57037353515625
66.65906524658203 477.8128967285156
66.55228424072266 478.0510559082031
66.43541717529297 478.2844543457031
66.30868530273438 478.51263427734375
66.17230987548828 478.7351989746094
66.02655029296875 478.95172119140625
65.87166595458984 479.1618347167969
65.70793914794922 479.3651123046875
65.53568267822266 479.56121826171875
65.3552017211914 479.7497863769531
65.16682434082031 479.9304504394531
64.97090148925781 480.1029052734375
64.76778411865234 480.2668151855469
64.55784606933594 480.4219055175781
64.34147644042969 480.56787109375
64.11906433105469 480.7044677734375
63.891021728515625 480.8314208984375
63.65778732299805 480.948486328125
63.41980743408203 481.0554504394531
63.1775016784668 481.1521301269531
62.93141555786133 481.23834228515625
62.68204879760742 481.3138732910156
62.43044662475586 481.37847900390625
62.177391052246094 481.4320068359375
61.925411224365234 481.4740905761719
61.709781646728516 481.50042724609375
61.6431884765625 481.5053405761719
61.64446258544922 481.50531005859375
61.66453170776367 481.5059509277344
61.68596649169922 481.5077819824219
61.70743942260742 481.51080322265625
61.728721618652344 481.51495361328125
61.749752044677734 481.5202331542969
61.77046585083008 481.5266418457031
61.790809631347656 481.5341491699219
61.81071853637695 481.542724609375
61.83013916015625 481.5523681640625
61.84901428222656 481.56304931640625
61.86729049682617 481.57470703125
61.884918212890625 481.58734130859375
61.9018440246582 481.60089111328125
61.91801834106445 481.6153259277344
61.93339538574219 481.630615234375
61.94792938232422 481.6466979980469
61.961578369140625 481.6635437011719
61.97429656982422 481.68109130859375
61.98594665527344 481.6991271972656
61.9965934753418 481.71771240234375
62.00621032714844 481.73681640625
62.014766693115234 481.75634765625
62.022239685058594 481.7762451171875
62.028602600097656 481.7964172363281
62.03378677368164 481.8165588378906
62.0378303527832 481.836669921875
62.040645599365234 481.8559875488281
62.0423469543457 481.87457275390625
62.042938232421875 481.89019775390625
62.04279708862305 481.89935302734375
62.043113708496094 481.8947448730469
62.04507064819336 481.87872314453125
62.05873107910156 481.8006591796875
62.09618377685547 481.6348571777344
62.141422271728516 481.4709167480469
62.19432830810547 481.3092956542969
62.254783630371094 481.1503601074219
62.322654724121094 480.99444580078125
62.39779281616211 480.8418884277344
62.48003005981445 480.69305419921875
62.569183349609375 480.5482482910156
62.66505813598633 480.4078063964844
62.76743698120117 480.27203369140625
62.876094818115234 480.1412353515625
62.99079132080078 480.01568603515625
63.11127471923828 479.89569091796875
63.237274169921875 479.781494140625
63.36851119995117 479.67333984375
63.50469207763672 479.5715026855469
63.6455192565918 479.4761657714844
63.79067611694336 479.3875732421875
63.93984603881836 479.305908203125
64.09268951416016 479.2313537597656
64.2488784790039 479.1640930175781
64.4080581665039 479.104248046875
64.56987762451172 479.0519714355469
64.73397827148438 479.00738525390625
64.9000015258789 478.9705810546875
65.06757354736328 478.9416198730469
65.23632049560547 478.92059326171875
65.40586853027344 478.90753173828125
65.57584381103516 478.9024658203125
65.7458724975586 478.9053955078125
65.91557312011719 478.91632080078125
66.0845718383789 478.93524169921875
66.25249481201172 478.96209716796875
66.4189682006836 478.996826171875
66.5836181640625 479.03936767578125
66.74608612060547 479.089599609375
66.906005859375 479.1474304199219
67.06302642822266 479.21270751953125
67.216796875 479.2853088378906
67.36698150634766 479.3650817871094
67.51324462890625 479.45184326171875
67.65525817871094 479.5453796386719
67.79270935058594 479.6455078125
67.92529296875 479.7519836425781
68.05271911621094 479.8645935058594
68.17469787597656 479.98309326171875
68.29096221923828 480.107177734375
68.40126037597656 480.2366027832031
68.50534057617188 480.37109375
68.60297393798828 480.51031494140625
68.69393920898438 480.65399169921875
68.77804565429688 480.8017883300781
68.85509490966797 480.9533996582031
68.9249267578125 481.10845947265625
68.98737335205078 481.2666320800781
69.04230499267578 481.4275817871094
69.089599609375 481.5909118652344
69.129150390625 481.7563171386719
69.16087341308594 481.92340087890625
69.1846923828125 482.0917663574219
69.2005615234375 482.2610778808594
69.21185302734375 482.4966735839844
69.21298217773438 482.75396728515625
69.20296478271484 483.01422119140625
69.18179321289062 483.2742919921875
69.1495132446289 483.53326416015625
69.10619354248047 483.7906494140625
69.0519027709961 484.04595947265625
68.98675537109375 484.2987060546875
68.91085815429688 484.5484313964844
68.82435607910156 484.794677734375
68.72740936279297 485.0370178222656
68.62019348144531 485.2749938964844
68.50289916992188 485.5081787109375
68.37574768066406 485.7361145019531
68.23896789550781 485.9584045410156
68.09281158447266 486.1746520996094
67.93754577636719 486.38446044921875
67.77345275878906 486.5874328613281
67.600830078125 486.783203125
67.41999816894531 486.971435546875
67.23129272460938 487.1517639160156
67.03504943847656 487.3238525390625
66.83162689208984 487.4873962402344
66.62140655517578 487.64208984375
66.4047622680664 487.78765869140625
66.18209838867188 487.923828125
65.9538345336914 488.05035400390625
65.72038269042969 488.1669921875
65.48224639892578 488.27349853515625
65.23981475830078 488.3697204589844
64.99369049072266 488.4554138183594
64.74456787109375 488.5303649902344
64.49512481689453 488.5939025878906
64.2437973022461 488.64654541015625
63.99440002441406 488.6876525878906
63.81299591064453 488.7092590332031
63.74910354614258 488.7137145996094
63.76200485229492 488.7135009765625
63.783226013183594 488.7142639160156
63.80477523803711 488.7162170410156
63.826236724853516 488.7193298339844
63.84749984741211 488.72357177734375
63.868507385253906 488.72894287109375
63.88919448852539 488.7354431152344
63.90950393676758 488.7430419921875
63.929378509521484 488.751708984375
63.94875717163086 488.7614440917969
63.967586517333984 488.7721862792969
63.98581314086914 488.783935546875
64.00338745117188 488.796630859375
64.02025604248047 488.8102722167969
64.03636932373047 488.8247985839844
64.05168151855469 488.84014892578125
64.06614685058594 488.8562927246094
64.0797119140625 488.8731689453125
64.09231567382812 488.8907165527344
64.10382080078125 488.90869140625
64.11431884765625 488.9272155761719
64.12378692626953 488.9461975097656
64.13218688964844 488.965576171875
64.13948822021484 488.9852600097656
64.14567565917969 489.0051574707031
64.1507339477539 489.025146484375
64.1545639038086 489.04461669921875
64.15725708007812 489.0636291503906
64.15873718261719 489.0805969238281
64.1591567993164 489.0930480957031
64.15910339355469 489.095947265625
64.16142272949219 489.06390380859375
64.16790771484375 489.0119323730469
64.1967544555664 488.8474426269531
64.23399353027344 488.6815185546875
64.27899932861328 488.51751708984375
64.33168029785156 488.3558349609375
64.39191436767578 488.1968078613281
64.4595718383789 488.0408020019531
64.53450012207031 487.8881530761719
64.61653137207031 487.73919677734375
64.70548248291016 487.5942687988281
64.80116271972656 487.45367431640625
64.90335083007812 487.3177490234375
65.01182556152344 487.1867980957031
65.12635040283203 487.06109619140625
65.24666595458984 486.94091796875
65.37250518798828 486.8265380859375
65.50359344482422 486.71820068359375
65.63963317871094 486.61614990234375
65.78032684326172 486.5206298828125
65.92536163330078 486.4318542480469
66.07441711425781 486.3500061035156
66.22715759277344 486.2752685546875
66.38324737548828 486.2077941894531
66.54234313964844 486.1477355957031
66.70409393310547 486.0952453613281
66.86813354492188 486.0504150390625
67.03410339355469 486.01336669921875
67.20162963867188 485.9841613769531
67.37034606933594 485.962890625
67.53987884521484 485.9495849609375
67.70984649658203 485.94427490234375
67.8798828125 485.94696044921875
68.04959869384766 485.9576721191406
68.21862030029297 485.9763488769531
68.38658142089844 486.0029602050781
68.5531005859375 486.0374450683594
68.71781158447266 486.0797424316406
68.8803482055664 486.1297607421875
69.04035186767578 486.1873779296875
69.19746398925781 486.25244140625
69.3513412475586 486.3248291015625
69.50163269042969 486.4043884277344
69.64801788330078 486.4909362792969
69.7901611328125 486.58428955078125
69.92774963378906 486.6842346191406
70.06048583984375 486.79052734375
70.18806457519531 486.9029541015625
70.31021118164062 487.0212707519531
70.42665100097656 487.14520263671875
70.53712463378906 487.27447509765625
70.64138793945312 487.4088134765625
70.73921203613281 487.54791259765625
70.83038330078125 487.69146728515625
70.9146957397461 487.8391418457031
70.99195861816406 487.9906311035156
71.06200408935547 488.1455993652344
71.12467193603516 488.3036804199219
71.1798324584961 488.46453857421875
71.22735595703125 488.6278076171875
71.26713562011719 488.79315185546875
71.29908752441406 488.9601745605469
71.3231430053711 489.1285095214844
71.33924865722656 489.29779052734375
71.34835052490234 489.4866027832031
71.34917449951172 489.7348937988281
71.3388671875 489.9937438964844
71.31735229492188 490.2535400390625
71.28472900390625 490.5123596191406
71.24105072021484 490.7696533203125
71.18640899658203 491.0248718261719
71.12091064453125 491.27752685546875
71.04467010498047 491.52716064453125
70.95783233642578 491.7733154296875
70.86054992675781 492.0155334472656
70.75300598144531 492.25335693359375
70.63539123535156 492.4863586425781
70.50792694091797 492.7141418457031
70.37084197998047 492.9362487792969
70.2243881225586 493.1523132324219
70.06883239746094 493.3619079589844
69.90445709228516 493.5646667480469
69.7315673828125 493.7602233886719
69.55047607421875 493.9482116699219
69.36151885986328 494.1282653808594
69.1650390625 494.3000793457031
68.96139526367188 494.4633483886719
68.75096130371094 494.6177673339844
68.53411865234375 494.7630310058594
68.311279296875 494.8988952636719
68.08285522460938 495.02508544921875
67.84928131103516 495.1413879394531
67.61102294921875 495.24755859375
67.36866760253906 495.3433532714844
67.12255859375 495.42864990234375
66.87394714355469 495.5030822753906
66.62351989746094 495.5664978027344
66.37390899658203 495.618408203125
66.14279174804688 495.6560363769531
65.94029998779297 495.67974853515625
65.8445816040039 495.68634033203125
65.85660552978516 495.6861267089844
65.87798309326172 495.6869201660156
65.8995590209961 495.6888732910156
65.9210205078125 495.6919860839844
65.9422836303711 495.69622802734375
65.96328735351562 495.70159912109375
65.98397064208984 495.7080993652344
66.00428009033203 495.7156982421875
66.02415466308594 495.724365234375
66.04353332519531 495.7341003417969
66.06236267089844 495.7448425292969
66.0805892944336 495.756591796875
66.09815979003906 495.769287109375
66.11502075195312 495.7829284667969
66.1311264038086 495.7974548339844
66.14643096923828 495.81280517578125
66.16088104248047 495.8289489746094
66.17442321777344 495.8458251953125
66.18685913085938 495.8631591796875
66.19825744628906 495.8809814453125
66.20864868164062 495.8993225097656
66.21800231933594 495.9180908203125
66.22628021240234 495.9372253417969
66.23345947265625 495.95660400390625
66.23950958251953 495.9761047363281
66.24430847167969 495.9950866699219
66.24777221679688 496.0127258300781
66.2500991821289 496.0291748046875
66.25138092041016 496.0438232421875
66.25146484375 496.0463562011719
66.2515640258789 496.041015625
66.25520324707031 495.99029541015625
66.26777648925781 495.8880615234375
66.2952880859375 495.728759765625
66.33211517333984 495.562744140625
66.37671661376953 495.3986511230469
66.42900085449219 495.2368469238281
66.48884582519531 495.0776672363281
66.55611419677734 494.9214782714844
66.63066101074219 494.7686462402344
66.71232604980469 494.6194763183594
66.80091857910156 494.4743347167969
66.89624786376953 494.3335266113281
66.99810028076172 494.1973571777344
67.10625457763672 494.0661315917969
67.22046661376953 493.9401550292969
67.34048461914062 493.8196716308594
67.4660415649414 493.7049865722656
67.59686279296875 493.5963439941406
67.73265075683594 493.49395751953125
67.87310791015625 493.3981018066406
68.0179214477539 493.3089599609375
68.1667709350586 493.22674560546875
68.31932830810547 493.151611328125
68.47525787353516 493.083740234375
68.63420867919922 493.0232849121094
68.79582977294922 492.97039794921875
68.95976257324219 492.9251708984375
69.12564086914062 492.8877258300781
69.29309844970703 492.8581237792969
69.46176147460938 492.83642578125
69.63126373291016 492.82269287109375
69.80122375488281 492.81695556640625
69.97126007080078 492.8192443847656
70.14100646972656 492.82952880859375
70.31007385253906 492.8477783203125
70.47809600830078 492.8739929199219
70.64469909667969 492.9080810546875
70.80950927734375 492.9499816894531
70.97216796875 492.99957275390625
71.13230895996094 493.0567932128906
71.28958129882812 493.1214904785156
71.44363403320312 493.1935119628906
71.59412384033203 493.272705078125
71.74071502685547 493.35888671875
71.88308715820312 493.4518737792969
72.03691101074219 493.56292724609375
72.19622802734375 493.689453125
72.3613052368164 493.83319091796875
72.52381134033203 493.98797607421875
72.68215942382812 494.15283203125
72.83381652832031 494.325439453125
72.97564697265625 494.5021057128906
73.10792541503906 494.68280029296875
73.22966003417969 494.8656921386719
73.33365631103516 495.03839111328125
73.423583984375 495.2045593261719
73.49745178222656 495.35772705078125
73.56402587890625 495.51422119140625
73.62316131591797 495.6736755371094
73.67472839355469 495.8357238769531
73.71559143066406 495.9888916015625
73.74275970458984 496.11480712890625
73.7614517211914 496.22821044921875
73.77220153808594 496.3224182128906
73.77769470214844 496.4090270996094
73.77867889404297 496.4866943359375
73.77165222167969 496.68389892578125
73.75173950195312 496.9315185546875
73.7201919555664 497.185791015625
73.67711639404297 497.4423522949219
73.62299346923828 497.6973876953125
73.55794525146484 497.95013427734375
73.4821548461914 498.19989013671875
73.395751953125 498.4461669921875
73.29889678955078 498.68853759765625
73.1917724609375 498.9265441894531
73.07456970214844 499.1597595214844
72.947509765625 499.38775634765625
72.8108139038086 499.610107421875
72.66474151611328 499.826416015625
72.50955963134766 500.0362854003906
72.34554290771484 500.23931884765625
72.1729965209961 500.4351806640625
71.99224090576172 500.62347412109375
71.80360412597656 500.8038635253906
71.60742950439453 500.97601318359375
71.40408325195312 501.1396179199219
71.1939468383789 501.29437255859375
70.9774169921875 501.44000244140625
70.7549057006836 501.5762023925781
70.52680206298828 501.7027587890625
70.29371643066406 501.8193359375
70.05602264404297 501.9257507324219
69.81423950195312 502.02178955078125
69.56969451904297 502.10699462890625
69.32176208496094 502.181640625
69.076904296875 502.2440185546875
68.83969116210938 502.2935791015625
68.60293579101562 502.33233642578125
68.4737319946289 502.3473815917969
68.4166488647461 502.35113525390625
68.42594909667969 502.35101318359375
68.44721984863281 502.35186767578125
68.46880340576172 502.3538818359375
68.49024963378906 502.3570556640625
68.5114974975586 502.36138916015625
68.53248596191406 502.3668518066406
68.55314636230469 502.3734130859375
68.57342529296875 502.3810729980469
68.59326171875 502.38983154296875
68.61260223388672 502.3996276855469
68.63139343261719 502.41046142578125
68.64957427978516 502.4222717285156
68.66709899902344 502.4350280761719
68.68390655517578 502.44873046875
68.699951171875 502.4632873535156
68.71517944335938 502.4786682128906
68.72952270507812 502.49481201171875
68.74285888671875 502.51153564453125
68.7550277709961 502.52862548828125
68.7662353515625 502.5462646484375
68.77638244628906 502.5643310546875
68.78547668457031 502.582763671875
68.79348754882812 502.6014404296875
68.80038452148438 502.6202392578125
68.80614471435547 502.6390075683594
68.81057739257812 502.65679931640625
68.81385803222656 502.67376708984375
68.81536102294922 502.68463134765625
68.8159408569336 502.6915283203125
68.81573486328125 502.6849060058594
68.81643676757812 502.6528015136719
68.82383728027344 502.55145263671875
68.84309387207031 502.3938903808594
68.87168884277344 502.22625732421875
68.90814971923828 502.0601501464844
68.95238494873047 501.8959655761719
69.00430297851562 501.7340393066406
69.06378936767578 501.5747375488281
69.1307144165039 501.41839599609375
69.20492553710938 501.265380859375
69.2862548828125 501.11602783203125
69.37452697753906 500.9706726074219
69.46954345703125 500.82965087890625
69.57109832763672 500.6932373046875
69.67896270751953 500.561767578125
69.79289245605469 500.4355163574219
69.91264343261719 500.3147888183594
70.0379409790039 500.1998291015625
70.16851806640625 500.09088134765625
70.3040771484375 499.98822021484375
70.44432067871094 499.89202880859375
70.58893585205078 499.80255126953125
70.73760223388672 499.7200012207031
70.8899917602539 499.64453125
71.04576873779297 499.5763244628906
71.20458221435547 499.5155334472656
71.36608123779297 499.4622802734375
71.5299072265625 499.41668701171875
71.6957015991211 499.37884521484375
71.86309051513672 499.348876953125
72.03170776367188 499.3268127441406
72.20117950439453 499.3127136230469
72.37112426757812 499.3066101074219
72.54116821289062 499.3085021972656
72.7109375 499.31842041015625
72.88005065917969 499.3363037109375
73.04813385009766 499.36212158203125
73.21481323242188 499.3958435058594
73.37972259521484 499.4373779296875
73.54248809814453 499.48663330078125
73.7027587890625 499.5434875488281
73.86164093017578 499.6084289550781
74.04492950439453 499.6934509277344
74.25379180908203 499.80194091796875
74.46971893310547 499.9263916015625
74.68321228027344 500.06207275390625
74.89259338378906 500.2081604003906
75.0967025756836 500.3640441894531
75.29468536376953 500.5291748046875
75.48606872558594 500.7032470703125
75.67002868652344 500.88555908203125
75.84613037109375 501.0757141113281
76.01388549804688 501.273193359375
76.1729736328125 501.4776306152344
76.32305145263672 501.68853759765625
76.46379089355469 501.9054260253906
76.59486389160156 502.12774658203125
76.7159423828125 502.3548889160156
76.82577514648438 502.58416748046875
76.9207534790039 502.8067321777344
76.98743438720703 502.9847717285156
77.03062438964844 503.11907958984375
77.04041290283203 503.15576171875
77.0439453125 503.1724548339844
77.04583740234375 503.18450927734375
77.04672241210938 503.19305419921875
77.04693603515625 503.197265625
77.04692840576172 503.19989013671875
77.04473114013672 503.2394714355469
77.02345275878906 503.4428405761719
76.98856353759766 503.6751708984375
76.93964385986328 503.9259948730469
76.8792724609375 504.1775207519531
76.80777740478516 504.4276428222656
76.72557830810547 504.6746826171875
76.63273620605469 504.91839599609375
76.52951049804688 505.15802001953125
76.41612243652344 505.3930358886719
76.29277801513672 505.6230163574219
76.15970611572266 505.8475341796875
76.01715087890625 506.066162109375
75.8653793334961 506.27850341796875
75.70467376708984 506.4841613769531
75.53532409667969 506.6827697753906
75.35763549804688 506.87396240234375
75.17193603515625 507.057373046875
74.97857666015625 507.232666015625
74.77791595458984 507.3995361328125
74.5703353881836 507.5576477050781
74.35626983642578 507.7066955566406
74.13611602783203 507.84637451171875
73.91083526611328 507.97613525390625
73.68074798583984 508.0958557128906
73.44684600830078 508.2051086425781
73.21189880371094 508.3027648925781
72.97798156738281 508.3883361816406
72.74108123779297 508.4635314941406
72.5053482055664 508.5272216796875
72.2993392944336 508.5731506347656
72.10480499267578 508.6073303222656
71.94416046142578 508.62786865234375
71.89241027832031 508.63189697265625
71.90117645263672 508.6316833496094
71.92217254638672 508.63226318359375
71.94376373291016 508.634033203125
71.96524047851562 508.636962890625
71.98653411865234 508.64105224609375
72.00757598876953 508.6462707519531
72.02831268310547 508.652587890625
72.0486831665039 508.6600341796875
72.0686264038086 508.6685485839844
72.08808135986328 508.6781311035156
72.10699462890625 508.688720703125
72.12531280517578 508.7003173828125
72.14298248291016 508.712890625
72.15995025634766 508.72637939453125
72.1761474609375 508.74072265625
72.19149780273438 508.7558898925781
72.20587158203125 508.7716979980469
72.21878051757812 508.7875061035156
72.23078155517578 508.8039245605469
72.24182891845703 508.82086181640625
72.25186920166016 508.8382568359375
72.2607421875 508.855712890625
72.26830291748047 508.872802734375
72.27494049072266 508.8902587890625
72.28013610839844 508.906494140625
72.28412628173828 508.9217224121094
72.28646850585938 508.93310546875
72.28770446777344 508.9413146972656
72.2866439819336 508.9303283691406
72.28565979003906 508.90789794921875
72.28628540039062 508.8281555175781
72.2939682006836 508.69488525390625
72.3118667602539 508.5257873535156
72.33770751953125 508.3576965332031
72.37142944335938 508.1910095214844
72.4129638671875 508.0260925292969
72.46221160888672 507.8633117675781
72.51907348632812 507.7030334472656
72.58341979980469 507.5456237792969
72.65510559082031 507.39141845703125
72.73397064208984 507.2407531738281
72.81983947753906 507.0939636230469
72.91252136230469 506.9513854980469
73.0118179321289 506.8133239746094
73.11750030517578 506.6800842285156
73.22933959960938 506.5519714355469
73.34708404541016 506.4292907714844
73.4704818725586 506.3122863769531
73.59925079345703 506.2012023925781
73.73310089111328 506.0963134765625
73.87174224853516 505.9978332519531
74.0148696899414 505.906005859375
74.16216278076172 505.8210144042969
74.31329345703125 505.7430419921875
74.46792602539062 505.6722717285156
74.62571716308594 505.6088562011719
74.78632354736328 505.5529479980469
74.94937896728516 505.5046691894531
75.1145248413086 505.464111328125
75.28140258789062 505.431396484375
75.44963073730469 505.40655517578125
75.61884307861328 505.3896789550781
75.78866577148438 505.3807678222656
75.9587173461914 505.3798828125
76.12862396240234 505.3869934082031
76.29800415039062 505.402099609375
76.46648406982422 505.4251708984375
76.63369750976562 505.4561462402344
76.79926300048828 505.4949645996094
76.99360656738281 505.5501403808594
77.22322082519531 505.6265563964844
77.4573745727539 505.7159729003906
77.69168853759766 505.8172302246094
77.92366027832031 505.9295654296875
78.15235900878906 506.05267333984375
78.3759765625 506.1856994628906
78.59393310546875 506.32830810546875
78.8057861328125 506.4802551269531
79.0110092163086 506.64117431640625
79.20919799804688 506.81072998046875
79.39997863769531 506.9886474609375
79.58299255371094 507.174560546875
79.75789642333984 507.3681335449219
79.92436218261719 507.5690002441406
80.08209228515625 507.7768249511719
80.23077392578125 507.99114990234375
80.37012481689453 508.21160888671875
80.49971771240234 508.4374694824219
80.61898040771484 508.6676025390625
80.72740173339844 508.9007873535156
80.82439422607422 509.13531494140625
80.90316009521484 509.35211181640625
80.96690368652344 509.55548095703125
80.99591827392578 509.6661071777344
81.00120544433594 509.69146728515625
80.99934387207031 509.67938232421875
80.99775695800781 509.6634826660156
80.99700927734375 509.64715576171875
80.99713897705078 509.630615234375
80.99815368652344 509.6141357421875
80.99777221679688 509.6174621582031
80.99178314208984 509.6529846191406
80.95732116699219 509.8093566894531
80.90888977050781 509.9886169433594
80.84400939941406 510.19140625
80.76100158691406 510.4159240722656
80.66375732421875 510.6474304199219
80.55538177490234 510.8771057128906
80.4361572265625 511.1039123535156
80.30608367919922 511.3275146484375
80.1655502319336 511.5469055175781
80.0157241821289 511.7601623535156
79.85676574707031 511.9670104980469
79.6890640258789 512.1669311523438
79.5129623413086 512.3594970703125
79.32879638671875 512.5443725585938
79.13689422607422 512.72119140625
78.93766021728516 512.8895874023438
78.73165893554688 513.0491333007812
78.519287109375 513.1995239257812
78.30096435546875 513.3405151367188
78.07926177978516 513.4705810546875
77.85790252685547 513.587890625
77.63207244873047 513.6953125
77.41735076904297 513.7861938476562
77.21698760986328 513.8606567382812
77.04180908203125 513.916748046875
76.94026947021484 513.9439697265625
76.85851287841797 513.9615478515625
76.8004150390625 513.970947265625
76.801513671875 513.9708251953125
76.80928039550781 513.9703979492188
76.82989501953125 513.9703369140625
76.85136413574219 513.971435546875
76.87284088134766 513.9736938476562
76.89418029785156 513.9771118164062
76.91534423828125 513.981689453125
76.93623352050781 513.9873657226562
76.95679473876953 513.9942016601562
76.97696685791016 514.0021362304688
76.99667358398438 514.0111083984375
77.01587677001953 514.0211181640625
77.03450012207031 514.0321655273438
77.052490234375 514.044189453125
77.06977081298828 514.05712890625
77.08622741699219 514.0708618164062
77.10136413574219 514.0849609375
77.11442565917969 514.0984497070312
77.12663269042969 514.1124877929688
77.13797760009766 514.1270751953125
77.14822387695312 514.1417846679688
77.15766143798828 514.1570434570312
77.16577911376953 514.171875
77.17276000976562 514.1864013671875
77.17803192138672 514.1990966796875
77.18201446533203 514.2103271484375
77.18380737304688 514.2164306640625
77.18428039550781 514.2184448242188
77.18225860595703 514.2073974609375
77.17790985107422 514.1736450195312
77.17256164550781 514.10400390625
77.16944122314453 513.986328125
77.173095703125 513.8184204101562
77.18479919433594 513.6487426757812
77.20447540283203 513.4798583984375
77.23208618164062 513.3120727539062
77.26757049560547 513.145751953125
77.31084442138672 512.9813232421875
77.36180877685547 512.819091796875
77.42035675048828 512.659423828125
77.48635864257812 512.502685546875
77.55966186523438 512.3492431640625
77.6401138305664 512.1994018554688
77.72753143310547 512.0535278320312
77.82171630859375 511.91192626953125
77.9224624633789 511.7749328613281
78.02954864501953 511.642822265625
78.14273834228516 511.5158996582031
78.26177215576172 511.39447021484375
78.38639068603516 511.2787780761719
78.51631927490234 511.1690673828125
78.65127563476562 511.0655822753906
78.79094696044922 510.96856689453125
78.9350357055664 510.87823486328125
79.08321380615234 510.7947998046875
79.23516082763672 510.71844482421875
79.39053344726562 510.6493225097656
79.54898834228516 510.58758544921875
79.71017456054688 510.53338623046875
79.87373352050781 510.48681640625
80.03929901123047 510.447998046875
80.20651245117188 510.4170227050781
80.37499237060547 510.3939514160156
80.54437255859375 510.37884521484375
80.71427917480469 510.3717346191406
80.88433074951172 510.37261962890625
81.05415344238281 510.38153076171875
81.2233657836914 510.3984069824219
81.39159393310547 510.4232482910156
81.59329986572266 510.462646484375
81.83281707763672 510.5205993652344
82.07679748535156 510.5909423828125
82.32243347167969 510.67333984375
82.56517028808594 510.7665100097656
82.80431365966797 510.8702392578125
83.03892517089844 510.9841613769531
83.26852416992188 511.1080627441406
83.4926528930664 511.2416687011719
83.71088409423828 511.384765625
83.92281341552734 511.53704833984375
84.12804412841797 511.6982727050781
84.32620239257812 511.8681335449219
84.51692199707031 512.0463256835938
84.6998519897461 512.2324829101562
84.8746566772461 512.42626953125
85.04102325439453 512.6273803710938
85.19863891601562 512.8353881835938
85.34719848632812 513.0499267578125
85.4864273071289 513.2705688476562
85.61600494384766 513.496826171875
85.73554992675781 513.7279663085938
85.8447494506836 513.9632568359375
85.94233703613281 514.1996459960938
86.02750396728516 514.4341430664062
86.09642791748047 514.6534423828125
86.14759826660156 514.84619140625
86.1695327758789 514.9482421875
86.1723861694336 514.9658813476562
86.1717529296875 514.9600219726562
86.170654296875 514.9398193359375
86.17064666748047 514.9194946289062
86.17172241210938 514.899169921875
86.17389678955078 514.8788452148438
86.17723846435547 514.858154296875
86.18098449707031 514.8409423828125
86.18569946289062 514.82373046875
86.18602752685547 514.82275390625
86.18446350097656 514.8267211914062
86.15882873535156 514.8832397460938
86.11376953125 514.9705200195312
86.03826904296875 515.1007080078125
85.92216491699219 515.2810668945312
85.78135681152344 515.4798583984375
85.62822723388672 515.67724609375
85.46321868896484 515.8719482421875
85.2873306274414 516.0623168945312
85.10332489013672 516.2450561523438
84.91161346435547 516.4197998046875
84.71257019042969 516.586181640625
84.50652313232422 516.7439575195312
84.29597473144531 516.8912963867188
84.0819320678711 517.0277709960938
83.86708068847656 517.1519775390625
83.67481994628906 517.2520751953125
83.4938735961914 517.3361206054688
83.36734771728516 517.3877563476562
83.29606628417969 517.4127807617188
83.27869415283203 517.4179077148438
83.26915740966797 517.420166015625
83.28555297851562 517.4171752929688
83.30179595947266 517.4151000976562
83.32267761230469 517.41357421875
83.34244537353516 517.4132080078125
83.36225891113281 517.4138793945312
83.38182830810547 517.4155883789062
83.4016342163086 517.4183959960938
83.4218521118164 517.42236328125
83.44209289550781 517.427490234375
83.4622573852539 517.4337768554688
83.48218536376953 517.441162109375
83.50154876708984 517.4495849609375
83.52030944824219 517.4589233398438
83.53853607177734 517.4692993164062
83.5558090209961 517.4803466796875
83.57125854492188 517.491455078125
83.5840072631836 517.501708984375
83.59259796142578 517.5093994140625
83.60118103027344 517.5179443359375
83.60928344726562 517.5269165039062
83.61676025390625 517.5361328125
83.62311553955078 517.544921875
83.62782287597656 517.5521850585938
83.63212585449219 517.5596923828125
83.63432312011719 517.5640869140625
83.63375091552734 517.5628051757812
83.63164520263672 517.5571899414062
83.62582397460938 517.5388793945312
83.61565399169922 517.4999389648438
83.60118865966797 517.4300537109375
83.583984375 517.3191528320312
83.5699462890625 517.1857299804688
83.56026458740234 517.0159301757812
83.55858612060547 516.8458862304688
83.5649185180664 516.6759643554688
83.5792465209961 516.5065307617188
83.60153198242188 516.3379516601562
83.63172912597656 516.1705932617188
83.6697769165039 516.0048217773438
83.71558380126953 515.841064453125
83.76905059814453 515.6796264648438
83.8300552368164 515.5208740234375
83.89846801757812 515.3651733398438
83.97413635253906 515.212890625
84.05689239501953 515.0643310546875
84.14655303955078 514.9198608398438
84.24291229248047 514.7797241210938
84.34576416015625 514.644287109375
84.45487976074219 514.5138549804688
84.57001495361328 514.3887329101562
84.69091033935547 514.2691650390625
84.81730651855469 514.1553955078125
84.94891357421875 514.0477294921875
85.08544921875 513.9463500976562
85.22660827636719 513.8515014648438
85.3720703125 513.763427734375
85.52152252197266 513.6823120117188
85.67462921142578 513.6082763671875
85.83104705810547 513.5415649414062
85.99043273925781 513.4822998046875
86.15243530273438 513.4306030273438
86.31668853759766 513.3865966796875
86.48283386230469 513.350341796875
86.65050506591797 513.3219604492188
86.81932830810547 513.301513671875
86.98892211914062 513.2890014648438
87.15892028808594 513.2845458984375
87.32894134521484 513.2880859375
87.49860382080078 513.2996215820312
87.67488098144531 513.3199462890625
87.91146087646484 513.358154296875
88.15746307373047 513.408935546875
88.40618133544922 513.4715576171875
88.65525817871094 513.5457763671875
88.90145111083984 513.6307983398438
89.14403533935547 513.726318359375
89.38249206542969 513.8322143554688
89.6162338256836 513.9482421875
89.8448257446289 514.0741577148438
90.06783294677734 514.209716796875
90.28485107421875 514.354736328125
90.49547576904297 514.5088500976562
90.6993179321289 514.671875
90.89601135253906 514.8434448242188
91.08518981933594 515.0232543945312
91.26651000976562 515.2109985351562
91.43963623046875 515.4063110351562
91.60425567626953 515.60888671875
91.76006317138672 515.8182983398438
91.90676879882812 516.0341186523438
92.0440902709961 516.2559814453125
92.1717529296875 516.4834594726562
92.28932189941406 516.7156982421875
92.39669799804688 516.9524536132812
92.49308013916016 517.1917114257812
92.57792663574219 517.4315795898438
92.650146484375 517.6677856445312
92.70809936523438 517.89208984375
92.74221801757812 518.0545043945312
92.75028991699219 518.1052856445312
92.7518081665039 518.11962890625
92.75084686279297 518.101318359375
92.75086975097656 518.0802612304688
92.75202178955078 518.0592041015625
92.75434112548828 518.0379028320312
92.7578125 518.0166625976562
92.7624282836914 517.99560546875
92.76817321777344 517.9747924804688
92.77501678466797 517.954345703125
92.78290557861328 517.9343872070312
92.79155731201172 517.91552734375
92.79972076416016 517.8999633789062
92.8077392578125 517.886474609375
92.80986022949219 517.88330078125
92.79161834716797 517.9076538085938
92.73675537109375 517.9735107421875
92.63189697265625 518.0874633789062
92.48039245605469 518.2374877929688
92.32124328613281 518.3814697265625
92.15863037109375 518.5157470703125
91.99219512939453 518.6409912109375
91.82341766357422 518.75634765625
91.65399932861328 518.8611450195312
91.48269653320312 518.95654296875
91.38208770751953 519.0064697265625
91.32356262207031 519.0319213867188
91.30873107910156 519.0374755859375
91.31964111328125 519.0340576171875
91.33479309082031 519.0301513671875
91.35443878173828 519.0261840820312
91.37327575683594 519.0234375
91.39189147949219 519.021728515625
91.4056625366211 519.021240234375
91.41360473632812 519.0213623046875
91.42132568359375 519.0219116210938
91.42749786376953 519.0226440429688
91.43219757080078 519.0234985351562
91.4322280883789 519.0234985351562
91.43075561523438 519.0230712890625
91.43572998046875 519.0247802734375
91.43619537353516 519.0249633789062
91.43897247314453 519.0262451171875
91.4369888305664 519.025146484375
91.40941619873047 519.0083618164062
91.38765716552734 518.9934692382812
91.37244415283203 518.9818725585938
91.35966491699219 518.9710083007812
91.34867095947266 518.9606323242188
91.33912658691406 518.9506225585938
91.32938385009766 518.9392700195312
91.31935119628906 518.9262084960938
91.30878448486328 518.9108276367188
91.29544067382812 518.8890991210938
91.27799224853516 518.8569946289062
91.25907135009766 518.8173828125
91.23466491699219 518.7587280273438
91.20428466796875 518.6737670898438
91.17373657226562 518.5726928710938
91.13972473144531 518.4363403320312
91.10649108886719 518.2695922851562
91.08114624023438 518.1014404296875
91.0637435913086 517.9322509765625
91.05432891845703 517.762451171875
91.05291748046875 517.5924072265625
91.05950927734375 517.4224853515625
91.0740966796875 517.2530517578125
91.10152435302734 517.0466918945312
91.1316909790039 516.8793334960938
91.16970825195312 516.7135620117188
91.21548461914062 516.5498046875
91.2689208984375 516.3883666992188
91.32990264892578 516.2296142578125
91.39828491210938 516.0739135742188
91.47392272949219 515.921630859375
91.55664825439453 515.7730712890625
91.64627838134766 515.6285400390625
91.74261474609375 515.4884033203125
91.84544372558594 515.3529663085938
91.95453643798828 515.2225341796875
92.06964874267578 515.0973510742188
92.19052124023438 514.9777221679688
92.31689453125 514.8639526367188
92.44448852539062 514.759521484375
92.52102661132812 514.702880859375
92.6624755859375 514.6084594726562
92.80821228027344 514.5208129882812
92.9579086303711 514.4401245117188
93.11124420166016 514.3665771484375
93.26786804199219 514.3003540039062
93.42743682861328 514.2415771484375
93.589599609375 514.1903686523438
93.75399017333984 514.1468505859375
93.92024993896484 514.1111450195312
94.08800506591797 514.0833129882812
94.25688934326172 514.0633544921875
94.42652130126953 514.0513916015625
94.59652709960938 514.0474243164062
94.76653289794922 514.0514526367188
94.92799377441406 514.0629272460938
95.03765869140625 514.0761108398438
95.24601745605469 514.1112060546875
95.495849609375 514.1647338867188
95.74723052978516 514.22998046875
95.99622344970703 514.30615234375
96.24202728271484 514.3930053710938
96.4840316772461 514.4903564453125
96.72172546386719 514.5979614257812
96.95465087890625 514.7156982421875
97.18234252929688 514.84326171875
97.40438079833984 514.98046875
97.62035369873047 515.1270141601562
97.82986450195312 515.2826538085938
98.03253173828125 515.4471435546875
98.22798919677734 515.6201171875
98.4158706665039 515.80126953125
98.59584045410156 515.9902954101562
98.76756286621094 516.1868286132812
98.93072509765625 516.3905639648438
99.08502197265625 516.60107421875
99.23017120361328 516.8179931640625
99.36589813232422 517.0408325195312
99.49193572998047 517.2692260742188
99.60787963867188 517.5023803710938
99.7132568359375 517.7391967773438
99.8076400756836 517.9784545898438
99.89020538330078 518.2174072265625
99.96070098876953 518.4542236328125
100.01518249511719 518.6718139648438
100.04428100585938 518.8161010742188
100.04966735839844 518.8519897460938
100.05023193359375 518.8577880859375
100.04940032958984 518.8385009765625
100.04962158203125 518.8173217773438
100.05097961425781 518.796142578125
100.05350494384766 518.7747802734375
100.05718231201172 518.7534790039062
100.06200408935547 518.732421875
100.06795501708984 518.7116088867188
100.07501220703125 518.691162109375
100.0831527709961 518.6710815429688
100.09235382080078 518.6514892578125
100.10256958007812 518.6325073242188
100.1137466430664 518.6141357421875
100.12565612792969 518.5967407226562
100.13755798339844 518.5811767578125
100.14720916748047 518.5698852539062
100.14964294433594 518.5673217773438
100.13529968261719 518.5808715820312
100.12152099609375 518.5925903320312
100.11197662353516 518.599853515625
100.10267639160156 518.606201171875
100.10099029541016 518.6072387695312
100.10704803466797 518.60400390625
100.11935424804688 518.5982055664062
100.13048553466797 518.5936889648438
100.13980865478516 518.5904541015625
100.14695739746094 518.58837890625
100.15271759033203 518.5870361328125
100.15923309326172 518.5858764648438
100.15730285644531 518.5861206054688
100.14321899414062 518.5870361328125
100.08685302734375 518.587890625
100.01880645751953 518.5853881835938
99.949462890625 518.5792846679688
99.8729248046875 518.568603515625
99.78303527832031 518.5513916015625
99.68550109863281 518.5276489257812
99.5658187866211 518.4921264648438
99.43557739257812 518.4464721679688
99.2789535522461 518.3829956054688
99.1245346069336 518.311767578125
98.98368835449219 518.238525390625
98.86798858642578 518.1710815429688
98.77352905273438 518.109619140625
98.68977355957031 518.0490112304688
98.61984252929688 517.9928588867188
98.55926513671875 517.93896484375
98.50350189208984 517.8840942382812
98.45159912109375 517.8275146484375
98.40067291259766 517.7659912109375
98.3511734008789 517.6996459960938
98.2994384765625 517.6224975585938
98.24388122558594 517.5299682617188
98.1888198852539 517.4270629882812
98.12953186035156 517.3018798828125
98.0668716430664 517.1513061523438
98.00901794433594 516.9913940429688
97.95875549316406 516.8289184570312
97.91619873046875 516.6642456054688
97.88143920898438 516.497802734375
97.85456085205078 516.3298950195312
97.83561706542969 516.160888671875
97.82464599609375 515.9912109375
97.8216781616211 515.8211669921875
97.82769012451172 515.6123046875
97.84603118896484 515.3617553710938
97.87510681152344 515.1129150390625
97.90707397460938 514.9158935546875
97.94207000732422 514.7494506835938
97.98486328125 514.5848388671875
98.03535461425781 514.4224243164062
98.09343719482422 514.2625732421875
98.15898132324219 514.1056518554688
98.23184204101562 513.9520263671875
98.31185913085938 513.802001953125
98.39884948730469 513.6558837890625
98.49262237548828 513.5140380859375
98.59297180175781 513.3767700195312
98.69967651367188 513.244384765625
98.81249237060547 513.1171264648438
98.93050384521484 512.9960327148438
98.99784088134766 512.933349609375
99.0223388671875 512.9127807617188
99.0330810546875 512.9046630859375
99.15975189208984 512.81884765625
99.30489349365234 512.730224609375
99.45404815673828 512.6485595703125
99.60688018798828 512.573974609375
99.76305389404297 512.5067138671875
99.92222595214844 512.4468383789062
100.08403778076172 512.39453125
100.24813079833984 512.3499145507812
100.41414642333984 512.3130493164062
100.58171081542969 512.2840576171875
100.75045776367188 512.2630004882812
100.92000579833984 512.2498779296875
101.08998107910156 512.2447509765625
101.20490264892578 512.246826171875
101.2677001953125 512.2511596679688
101.31297302246094 512.2566528320312
101.48023223876953 512.2852783203125
101.72383880615234 512.3384399414062
101.97169494628906 512.4038696289062
102.21983337402344 512.4808959960938
102.46499633789062 512.5686645507812
102.70645141601562 512.6669311523438
102.94361877441406 512.7755126953125
103.176025390625 512.8941650390625
103.4031753540039 513.0226440429688
103.6246337890625 513.1607055664062
103.83999633789062 513.3081665039062
104.04886627197266 513.4646606445312
104.2508544921875 513.6299438476562
104.44559478759766 513.8037109375
104.63272857666016 513.9856567382812
104.8119125366211 514.1754150390625
104.98282623291016 514.3726806640625
105.14514923095703 514.5770874023438
105.29857635498047 514.7882080078125
105.44282531738281 515.0056762695312
105.5776138305664 515.2290649414062
105.70263671875 515.4578247070312
105.81761169433594 515.6914672851562
105.9219741821289 515.9286499023438
106.0147933959961 516.1668090820312
106.09413146972656 516.3997192382812
106.1607894897461 516.6275634765625
106.20415496826172 516.8052978515625
106.21915435791016 516.8829956054688
106.21991729736328 516.8884887695312
106.21896362304688 516.87744140625
106.21829223632812 516.8565673828125
106.21873474121094 516.835693359375
106.22029113769531 516.81494140625
106.22303009033203 516.7937622070312
106.2269058227539 516.7727661132812
106.23192596435547 516.7518920898438
106.23807525634766 516.7312622070312
106.2453384399414 516.7109375
106.253662109375 516.6910400390625
106.26305389404297 516.671630859375
106.27344512939453 516.6527709960938
106.28478240966797 516.6345825195312
106.29696655273438 516.6171875
106.30973052978516 516.6008911132812
106.32244873046875 516.5863647460938
106.33377838134766 516.57470703125
106.34571075439453 516.563720703125
106.3579330444336 516.5535888671875
106.37036895751953 516.5443725585938
106.3828125 516.5361328125
106.39502716064453 516.5289306640625
106.40554809570312 516.5234985351562
106.41476440429688 516.5193481445312
106.41934204101562 516.517578125
106.41555786132812 516.518798828125
106.41172790527344 516.5198364257812
106.38249206542969 516.526123046875
106.3396224975586 516.5330810546875
106.23786926269531 516.5443115234375
106.11238861083984 516.5518798828125
105.94234466552734 516.553955078125
105.77327728271484 516.548095703125
105.6039810180664 516.5341796875
105.43534088134766 516.5123291015625
105.26791381835938 516.4825439453125
105.10208129882812 516.4448852539062
104.93820190429688 516.3994750976562
104.77664184570312 516.3463745117188
104.61775970458984 516.2857666015625
104.46190643310547 516.2177124023438
104.30943298339844 516.1423950195312
104.16067504882812 516.0599975585938
104.01596069335938 515.970703125
103.8756103515625 515.8746948242188
103.74891662597656 515.7789306640625
103.63185119628906 515.6813354492188
103.5257797241211 515.5838623046875
103.42728424072266 515.4841918945312
103.33430480957031 515.3804931640625
103.24456024169922 515.2700805664062
103.15873718261719 515.1534423828125
103.07335662841797 515.02490234375
102.9874496459961 514.8812255859375
102.90715789794922 514.7313232421875
102.8340072631836 514.5778198242188
102.7681655883789 514.4210205078125
102.70978546142578 514.2612915039062
102.65898895263672 514.0989990234375
102.61589050292969 513.9345092773438
102.58058166503906 513.7681884765625
102.55314636230469 513.600341796875
102.53364562988281 513.431396484375
102.5221176147461 513.26171875
102.51725006103516 513.0399780273438
102.52284240722656 512.7853393554688
102.53970336914062 512.52587890625
102.56771087646484 512.2667846679688
102.60646057128906 512.0112915039062
102.65538024902344 511.76165771484375
102.69557189941406 511.596435546875
102.74349975585938 511.43328857421875
102.79905700683594 511.2725524902344
102.86212158203125 511.1146240234375
102.93254852294922 510.9598388671875
103.01018524169922 510.80853271484375
103.09485626220703 510.66107177734375
103.1863784790039 510.51776123046875
103.2845458984375 510.37890625
103.38914489746094 510.24481201171875
103.49993896484375 510.1158142089844
103.57809448242188 510.0332336425781
103.60855102539062 510.004150390625
103.6041259765625 510.0079650878906
103.59476470947266 510.0151672363281
103.60169219970703 510.0104064941406
103.74638366699219 509.9210510253906
103.8951187133789 509.838623046875
104.04756927490234 509.7632751464844
104.20339965820312 509.6951904296875
104.36226654052734 509.634521484375
104.52381134033203 509.5813903808594
104.68767547607422 509.53594970703125
104.85350036621094 509.4982604980469
105.02091217041016 509.4684143066406
105.18954467773438 509.4465026855469
105.35578155517578 509.4328308105469
105.46337890625 509.42919921875
105.49813079833984 509.4298095703125
105.50596618652344 509.43035888671875
105.51531982421875 509.4315185546875
105.55708312988281 509.43890380859375
105.77342987060547 509.488037109375
106.01509094238281 509.5542297363281
106.25863647460938 509.63238525390625
106.5020751953125 509.7221984863281
106.7415542602539 509.8223876953125
106.97737121582031 509.9331359863281
107.20849609375 510.05401611328125
107.43424987792969 510.1846618652344
107.65426635742188 510.32489013671875
107.86813354492188 510.47442626953125
108.07542419433594 510.6329650878906
108.2757568359375 510.80023193359375
108.46875762939453 510.9759216308594
108.6540756225586 511.1596984863281
108.83137512207031 511.3512268066406
109.00032043457031 511.5501403808594
109.16061401367188 511.756103515625
109.31195068359375 511.9687194824219
109.45401000976562 512.1875610351562
109.58653259277344 512.4121704101562
109.7092056274414 512.6420288085938
109.82154083251953 512.8760986328125
109.92272186279297 513.1123657226562
110.0121078491211 513.3487548828125
110.0846939086914 513.5693969726562
110.13642120361328 513.75439453125
110.16813659667969 513.8926391601562
110.17060852050781 513.9066162109375
110.16990661621094 513.90087890625
110.16861724853516 513.882080078125
110.16831970214844 513.8621826171875
110.1690902709961 513.84228515625
110.17091369628906 513.822509765625
110.1738510131836 513.802490234375
110.1779556274414 513.7821655273438
110.18326568603516 513.7615966796875
110.18968200683594 513.7413330078125
110.19718170166016 513.721435546875
110.20568084716797 513.7020874023438
110.21522521972656 513.6831665039062
110.22566986083984 513.6649780273438
110.23674774169922 513.6478881835938
110.2479248046875 513.6325073242188
110.25816345214844 513.619873046875
110.26622009277344 513.6109619140625
110.27497100830078 513.602294921875
110.28423309326172 513.5940551757812
110.2937240600586 513.58642578125
110.30267333984375 513.5800170898438
110.31005096435547 513.5753173828125
110.31765747070312 513.5709838867188
110.32198333740234 513.56884765625
110.32041931152344 513.5695190429688
110.31439208984375 513.57177734375
110.29512786865234 513.5778198242188
110.2662353515625 513.585205078125
110.19351196289062 513.5999145507812
110.1008071899414 513.61376953125
109.96330261230469 513.6275024414062
109.79347229003906 513.6362915039062
109.62342071533203 513.6370239257812
109.45352172851562 513.6297607421875
109.28414916992188 513.614501953125
109.11568450927734 513.59130859375
108.94850158691406 513.5601806640625
108.78296661376953 513.521240234375
108.61944580078125 513.4745483398438
108.45830535888672 513.4202270507812
108.2999038696289 513.3583374023438
108.14459228515625 513.2890625
107.99271392822266 513.2125854492188
107.8446044921875 513.1290283203125
107.70059204101562 513.03857421875
107.56099700927734 512.9414672851562
107.42613220214844 512.837890625
107.2962875366211 512.7280883789062
107.17176055908203 512.6123046875
107.05282592773438 512.4907836914062
106.93974304199219 512.36376953125
106.832763671875 512.2315673828125
106.73213195800781 512.094482421875
106.6380615234375 511.95281982421875
106.55076599121094 511.806884765625
106.47044372558594 511.656982421875
106.39726257324219 511.50347900390625
106.33139038085938 511.3467102050781
106.2729721069336 511.18701171875
106.22213745117188 511.02471923828125
106.17900085449219 510.8602294921875
106.14366149902344 510.6938781738281
106.1161880493164 510.52606201171875
106.09664916992188 510.3571472167969
106.08130645751953 510.135986328125
106.0748291015625 509.880859375
106.07939910888672 509.6207275390625
106.09513092041016 509.3603210449219
106.12198638916016 509.1007385253906
106.15987396240234 508.84283447265625
106.2083740234375 508.5888671875
106.24774932861328 508.4234313964844
106.29487609863281 508.2600402832031
106.34963989257812 508.09906005859375
106.41192626953125 507.9408264160156
106.4815902709961 507.78570556640625
106.55847930908203 507.634033203125
106.64242553710938 507.48614501953125
106.73324584960938 507.3423767089844
106.83073425292969 507.2030334472656
106.9346694946289 507.0684509277344
107.00862121582031 506.981689453125
107.03604125976562 506.95263671875
107.03723907470703 506.9515075683594
107.02467346191406 506.9622802734375
107.011962890625 506.9720458984375
107.00910949707031 506.9739990234375
107.1539535522461 506.8849182128906
107.3028335571289 506.802734375
107.4554214477539 506.7276611328125
107.61137390136719 506.65985107421875
107.77034759521484 506.5994567871094
107.9319839477539 506.546630859375
108.09593200683594 506.50146484375
108.26182556152344 506.46405029296875
108.42929077148438 506.43450927734375
108.59796142578125 506.4128723144531
108.70791625976562 506.4041442871094
108.76263427734375 506.402587890625
108.76899719238281 506.4027404785156
108.76124572753906 506.4021301269531
108.75436401367188 506.4012451171875
108.7652359008789 506.40325927734375
108.93192291259766 506.44281005859375
109.1544418334961 506.5064697265625
109.38709259033203 506.584228515625
109.62300109863281 506.67462158203125
109.8599624633789 506.7773132324219
110.09334564208984 506.89056396484375
110.32222747802734 507.0140075683594
110.54592895507812 507.1473083496094
110.76398468017578 507.29022216796875
110.97579956054688 507.4423828125
111.18095397949219 507.6034851074219
111.37905883789062 507.77325439453125
111.56974029541016 507.9513244628906
111.75264739990234 508.1374206542969
111.92742919921875 508.3311462402344
112.0937728881836 508.53216552734375
112.25137329101562 508.7401428222656
112.3999252319336 508.9546203613281
112.53915405273438 509.17523193359375
112.6686019897461 509.4012145996094
112.78813934326172 509.6322937011719
112.89647674560547 509.86572265625
112.99417877197266 510.10235595703125
113.07583618164062 510.3273620605469
113.13802337646484 510.52593994140625
113.17362213134766 510.6615905761719
113.18045043945312 510.6941833496094
113.18113708496094 510.6986083984375
113.17941284179688 510.6815490722656
113.1785888671875 510.6640930175781
113.17870330810547 510.6463623046875
113.17976379394531 510.6286926269531
113.18175506591797 510.61126708984375
113.18455505371094 510.59466552734375
113.18866729736328 510.5763244628906
113.19384002685547 510.5579528808594
113.20035552978516 510.5387878417969
113.20755767822266 510.52081298828125
113.21601867675781 510.5025939941406
113.2252197265625 510.4852600097656
113.23331451416016 510.4718322753906
113.24171447753906 510.4594421386719
113.24342346191406 510.4571838378906
113.24661254882812 510.4533996582031
113.24999237060547 510.4497985839844
113.25411987304688 510.44586181640625
113.25808715820312 510.44244384765625
113.26165008544922 510.439697265625
113.26444244384766 510.4377746582031
113.26429748535156 510.4378662109375
113.25885009765625 510.4408264160156
113.24938201904297 510.4453125
113.23468780517578 510.45135498046875
113.20529174804688 510.4617004394531
113.16552734375 510.4734191894531
113.0815200805664 510.4935302734375
112.97819519042969 510.5128479003906
112.81217193603516 510.53564453125
112.64279174804688 510.5508117675781
112.47289276123047 510.5579833984375
112.30284118652344 510.5571594238281
112.13301849365234 510.5483093261719
111.96379852294922 510.531494140625
111.79556274414062 510.5067138671875
111.62867736816406 510.4740295410156
111.46351623535156 510.43353271484375
111.30044555664062 510.38531494140625
111.13982391357422 510.3294677734375
110.98200988769531 510.26611328125
110.82735443115234 510.1954040527344
110.67620086669922 510.11749267578125
110.52887725830078 510.0325622558594
110.3857192993164 509.9407653808594
110.24703979492188 509.84234619140625
110.11315155029297 509.7375183105469
109.98434448242188 509.6264953613281
109.86090850830078 509.509521484375
109.74311828613281 509.3868713378906
109.63123321533203 509.2588195800781
109.52549743652344 509.1256408691406
109.42615509033203 508.98760986328125
109.33341979980469 508.8450622558594
109.24749755859375 508.69830322265625
109.1685791015625 508.54766845703125
109.09683990478516 508.39349365234375
109.03244018554688 508.2361145019531
108.97552490234375 508.07586669921875
108.92621612548828 507.9131164550781
108.8846206665039 507.74822998046875
108.85083770751953 507.5815734863281
108.82494354248047 507.41351318359375
108.79916381835938 507.1744689941406
108.78262329101562 506.9167175292969
108.777099609375 506.65673828125
108.78272247314453 506.39593505859375
108.79949188232422 506.135498046875
108.82738494873047 505.8759765625
108.8663330078125 505.6179504394531
108.91620635986328 505.3621826171875
108.97681427001953 505.1094970703125
109.02386474609375 504.9460754394531
109.07855987548828 504.7850646972656
109.14077758789062 504.6268005371094
109.21037292480469 504.4716491699219
109.28720092773438 504.3199462890625
109.37108612060547 504.1720275878906
109.46183776855469 504.0282287597656
109.55926513671875 503.88885498046875
109.66112518310547 503.7568359375
109.67393493652344 503.7418518066406
109.6760482788086 503.7396240234375
109.66654968261719 503.74859619140625
109.65142822265625 503.7614440917969
109.63581085205078 503.7733459472656
109.62098693847656 503.7834167480469
109.7662582397461 503.69500732421875
109.91552734375 503.613525390625
110.06846618652344 503.5391845703125
110.22473907470703 503.47210693359375
110.38399505615234 503.4124755859375
110.54588317871094 503.36041259765625
110.71004486083984 503.3160095214844
110.87611389160156 503.2793884277344
111.04371643066406 503.2506408691406
111.13260650634766 503.23980712890625
111.17121124267578 503.2370910644531
111.1794204711914 503.2369384765625
111.17212677001953 503.2366638183594
111.15750885009766 503.2353515625
111.14347839355469 503.23333740234375
111.1334228515625 503.2313537597656
111.29835510253906 503.27276611328125
111.4611587524414 503.3218994140625
111.67666625976562 503.3978576660156
111.89041137695312 503.4840393066406
112.11811065673828 503.587646484375
112.34703826904297 503.7039794921875
112.57211303710938 503.8307800292969
112.79232788085938 503.96759033203125
113.00716400146484 504.1141662597656
113.2157211303711 504.26995849609375
113.41746520996094 504.4345703125
113.61212921142578 504.6077880859375
113.79925537109375 504.7892150878906
113.97847747802734 504.9784851074219
114.1494369506836 505.1752624511719
114.31182098388672 505.379150390625
114.46531677246094 505.58978271484375
114.60963439941406 505.8067321777344
114.74449920654297 506.02960205078125
114.86932373046875 506.25732421875
114.98316192626953 506.4879455566406
115.08407592773438 506.7167663574219
115.17079162597656 506.93914794921875
115.23253631591797 507.1213073730469
115.26686096191406 507.2409973144531
115.28250885009766 507.3080749511719
115.28107452392578 507.300048828125
115.27972412109375 507.2891845703125
115.27890014648438 507.2774353027344
115.27869415283203 507.2651672363281
115.2791519165039 507.2526550292969
115.28021240234375 507.2409362792969
115.28177642822266 507.2301025390625
115.28368377685547 507.22052001953125
115.28578186035156 507.2123107910156
115.28888702392578 507.202392578125
115.29341888427734 507.1902160644531
115.29828643798828 507.17901611328125
115.30162811279297 507.1723327636719
115.3053970336914 507.16571044921875
115.30548858642578 507.1655578613281
