59.29296875 449.29296875
58.58850860595703 448.5887451171875
57.883811950683594 447.8847351074219
57.17887878417969 447.18096923828125
56.47370910644531 446.4774475097656
55.76830291748047 445.774169921875
55.062660217285156 445.0711364746094
54.356781005859375 444.3683166503906
53.650665283203125 443.6657409667969
52.944313049316406 442.9634094238281
52.23772430419922 442.2613220214844
51.53089904785156 441.5594482421875
50.82383728027344 440.8578186035156
50.116539001464844 440.15643310546875
49.40900421142578 439.4552917480469
48.70123291015625 438.75439453125
47.993228912353516 438.0537109375
47.28498840332031 437.353271484375
46.57651138305664 436.653076171875
45.8677978515625 435.953125
45.15884780883789 435.25341796875
44.44966506958008 434.553955078125
43.7402458190918 433.8547058105469
43.03059005737305 433.15570068359375
42.320701599121094 432.4569396972656
41.61057662963867 431.7584228515625
40.90021514892578 431.0601501464844
40.18962097167969 430.3620910644531
39.478790283203125 429.6642761230469
38.76772689819336 428.9667053222656
38.056427001953125 428.2693786621094
37.34489440917969 427.5722961425781
36.63312530517578 426.8754577636719
35.92112350463867 426.1788635253906
35.208885192871094 425.48248291015625
34.49641418457031 424.7863464355469
33.78371047973633 424.0904541015625
33.070770263671875 423.3948059082031
32.35759735107422 422.69940185546875
31.644189834594727 422.0042419433594
30.9305477142334 421.309326171875
30.216672897338867 420.6146240234375
29.5025634765625 419.920166015625
28.78822135925293 419.2259521484375
28.073644638061523 418.531982421875
27.358835220336914 417.8382568359375
26.64379119873047 417.144775390625
25.92851448059082 416.4515380859375
25.21300506591797 415.758544921875
24.49726104736328 415.0657958984375
23.78128433227539 414.3732604980469
23.065074920654297 413.68096923828125
22.3486328125 412.9889221191406
21.6319580078125 412.297119140625
20.915050506591797 411.6055603027344
20.19791030883789 410.91424560546875
19.48053741455078 410.2231750488281
18.76293182373047 409.5323486328125
18.045093536376953 408.8417663574219
17.327022552490234 408.15142822265625
16.608720779418945 407.4613037109375
16.608720779418945 407.4613037109375
16.608720779418945 407.4613037109375
16.608720779418945 407.4613037109375
16.608720779418945 407.4613037109375
16.608720779418945 407.4613037109375
16.608720779418945 407.4613037109375
16.608720779418945 407.4613037109375
16.608720779418945 407.4613037109375
16.608720779418945 407.4613037109375
16.608720779418945 407.4613037109375
16.608720779418945 407.4613037109375
16.608720779418945 407.4613037109375
16.608720779418945 407.4613037109375
16.608720779418945 407.4613037109375
16.608720779418945 407.4613037109375
16.608720779418945 407.4613037109375
16.608720779418945 407.4613037109375
16.608720779418945 407.4613037109375
16.608720779418945 407.4613037109375
16.608720779418945 407.4613037109375
16.608720779418945 407.4613037109375
16.608720779418945 407.4613037109375
16.608720779418945 407.4613037109375
16.608720779418945 407.4613037109375
16.608720779418945 407.4613037109375
16.608720779418945 407.4613037109375
16.608720779418945 407.4613037109375
16.608720779418945 407.4613037109375
16.608720779418945 407.4613037109375
16.608720779418945 407.4613037109375
16.608720779418945 407.4613037109375
16.608720779418945 407.4613037109375
16.608720779418945 407.4613037109375
16.608720779418945 407.4613037109375
16.608720779418945 407.4613037109375
16.608720779418945 407.4613037109375
16.608720779418945 407.4613037109375
16.608720779418945 407.4613037109375
16.608720779418945 407.4613037109375
16.608720779418945 407.4613037109375
16.608720779418945 407.4613037109375
16.608720779418945 407.4613037109375
16.608720779418945 407.4613037109375
16.608720779418945 407.4613037109375
16.608720779418945 407.4613037109375
16.608720779418945 407.4613037109375
16.608720779418945 407.4613037109375
16.608720779418945 407.4613037109375
16.608720779418945 407.4613037109375
16.608720779418945 407.4613037109375
16.608720779418945 407.4613037109375
16.608720779418945 407.4613037109375
16.608720779418945 407.4613037109375
16.608720779418945 407.4613037109375
16.608720779418945 407.4613037109375
16.608720779418945 407.4613037109375
16.608720779418945 407.4613037109375
16.608720779418945 407.4613037109375
16.608720779418945 407.4613037109375
16.608720779418945 407.4613037109375
16.608720779418945 407.4613037109375
16.608720779418945 407.4613037109375
16.608720779418945 407.4613037109375
16.608720779418945 407.4613037109375
16.608720779418945 407.4613037109375
16.608720779418945 407.4613037109375
16.608720779418945 407.4613037109375
16.608720779418945 407.4613037109375
16.608720779418945 407.4613037109375
16.608720779418945 407.4613037109375
16.608720779418945 407.4613037109375
16.608720779418945 407.4613037109375
16.608720779418945 407.4613037109375
16.608720779418945 407.4613037109375
16.608720779418945 407.4613037109375
16.608720779418945 407.4613037109375
16.608720779418945 407.4613037109375
16.608720779418945 407.4613037109375
16.608720779418945 407.4613037109375
16.608720779418945 407.4613037109375
16.608720779418945 407.4613037109375
16.608720779418945 407.4613037109375
16.608720779418945 407.4613037109375
16.608720779418945 407.4613037109375
16.608720779418945 407.4613037109375
16.608720779418945 407.4613037109375
16.608720779418945 407.4613037109375
16.608720779418945 407.4613037109375
16.608720779418945 407.4613037109375
16.608720779418945 407.4613037109375
16.608720779418945 407.4613037109375
16.608720779418945 407.4613037109375
16.608720779418945 407.4613037109375
16.608720779418945 407.4613037109375
16.608720779418945 407.4613037109375
16.608720779418945 407.4613037109375
16.608720779418945 407.4613037109375
16.608720779418945 407.4613037109375
16.608720779418945 407.4613037109375
16.608720779418945 407.4613037109375
16.608720779418945 407.4613037109375
16.608720779418945 407.4613037109375
16.608720779418945 407.4613037109375
16.608720779418945 407.4613037109375
16.608720779418945 407.4613037109375
16.608720779418945 407.4613037109375
16.608720779418945 407.4613037109375
16.608720779418945 407.4613037109375
16.608720779418945 407.4613037109375
16.608720779418945 407.4613037109375
16.608720779418945 407.4613037109375
16.608720779418945 407.4613037109375
16.608720779418945 407.4613037109375
16.608720779418945 407.4613037109375
16.608720779418945 407.4613037109375
16.608720779418945 407.4613037109375
16.608720779418945 407.4613037109375
16.608720779418945 407.4613037109375
16.608720779418945 407.4613037109375
16.608720779418945 407.4613037109375
16.608720779418945 407.4613037109375
16.608720779418945 407.4613037109375
16.608720779418945 407.4613037109375
16.608720779418945 407.4613037109375
16.608720779418945 407.4613037109375
16.608720779418945 407.4613037109375
16.608720779418945 407.4613037109375
16.608720779418945 407.4613037109375
16.608720779418945 407.4613037109375
16.608720779418945 407.4613037109375
16.608720779418945 407.4613037109375
16.608720779418945 407.4613037109375
16.608720779418945 407.4613037109375
16.608720779418945 407.4613037109375
16.608720779418945 407.4613037109375
16.608720779418945 407.4613037109375
16.608720779418945 407.4613037109375
16.608720779418945 407.4613037109375
16.608720779418945 407.4613037109375
16.608720779418945 407.4613037109375
16.608720779418945 407.4613037109375
16.608720779418945 407.4613037109375
16.608720779418945 407.4613037109375
16.608720779418945 407.4613037109375
16.608720779418945 407.4613037109375
16.608720779418945 407.4613037109375
16.608720779418945 407.4613037109375
16.608720779418945 407.4613037109375
16.608720779418945 407.4613037109375
16.608720779418945 407.4613037109375
16.608720779418945 407.4613037109375
16.608720779418945 407.4613037109375
16.608720779418945 407.4613037109375
16.608720779418945 407.4613037109375
16.608720779418945 407.4613037109375
16.608720779418945 407.4613037109375
16.608720779418945 407.4613037109375
16.608720779418945 407.4613037109375
16.608720779418945 407.4613037109375
16.608720779418945 407.4613037109375
16.608720779418945 407.4613037109375
16.608720779418945 407.4613037109375
16.608720779418945 407.4613037109375
16.608720779418945 407.4613037109375
16.608720779418945 407.4613037109375
16.608720779418945 407.4613037109375
16.608720779418945 407.4613037109375
16.608720779418945 407.4613037109375
16.608720779418945 407.4613037109375
16.608720779418945 407.4613037109375
16.608720779418945 407.4613037109375
16.608720779418945 407.4613037109375
16.608720779418945 407.4613037109375
16.608720779418945 407.4613037109375
16.608720779418945 407.4613037109375
16.608720779418945 407.4613037109375
16.608720779418945 407.4613037109375
16.608720779418945 407.4613037109375
16.608720779418945 407.4613037109375
16.608720779418945 407.4613037109375
16.608720779418945 407.4613037109375
16.608720779418945 407.4613037109375
16.608720779418945 407.4613037109375
16.608720779418945 407.4613037109375
16.608720779418945 407.4613037109375
16.608720779418945 407.4613037109375
16.608720779418945 407.4613037109375
16.608720779418945 407.4613037109375
16.608720779418945 407.4613037109375
16.608720779418945 407.4613037109375
16.608720779418945 407.4613037109375
16.608720779418945 407.4613037109375
16.608720779418945 407.4613037109375
16.608720779418945 407.4613037109375
16.608720779418945 407.4613037109375
16.608720779418945 407.4613037109375
16.608720779418945 407.4613037109375
16.608720779418945 407.4613037109375
16.608720779418945 407.4613037109375
16.608720779418945 407.4613037109375
16.608720779418945 407.4613037109375
16.608720779418945 407.4613037109375
16.608720779418945 407.4613037109375
16.608720779418945 407.4613037109375
16.608720779418945 407.4613037109375
16.608720779418945 407.4613037109375
16.608720779418945 407.4613037109375
16.608720779418945 407.4613037109375
16.608720779418945 407.4613037109375
16.608720779418945 407.4613037109375
16.608720779418945 407.4613037109375
16.608720779418945 407.4613037109375
16.608720779418945 407.4613037109375
16.608720779418945 407.4613037109375
16.608720779418945 407.4613037109375
16.608720779418945 407.4613037109375
16.608720779418945 407.4613037109375
16.608720779418945 407.4613037109375
16.608720779418945 407.4613037109375
16.608720779418945 407.4613037109375
16.608720779418945 407.4613037109375
16.608720779418945 407.4613037109375
16.608720779418945 407.4613037109375
16.608720779418945 407.4613037109375
16.608720779418945 407.4613037109375
16.608720779418945 407.4613037109375
16.608720779418945 407.4613037109375
16.608720779418945 407.4613037109375
16.608720779418945 407.4613037109375
16.608720779418945 407.4613037109375
16.608720779418945 407.4613037109375
16.608720779418945 407.4613037109375
16.608720779418945 407.4613037109375
16.608720779418945 407.4613037109375
16.608720779418945 407.4613037109375
16.608720779418945 407.4613037109375
16.608720779418945 407.4613037109375
16.608720779418945 407.4613037109375
16.608720779418945 407.4613037109375
16.608720779418945 407.4613037109375
16.608720779418945 407.4613037109375
16.608720779418945 407.4613037109375
16.608720779418945 407.4613037109375
16.608720779418945 407.4613037109375
16.608720779418945 407.4613037109375
16.608720779418945 407.4613037109375
16.608720779418945 407.4613037109375
16.608720779418945 407.4613037109375
16.608720779418945 407.4613037109375
16.608720779418945 407.4613037109375
16.608720779418945 407.4613037109375
16.608720779418945 407.4613037109375
16.608720779418945 407.4613037109375
16.608720779418945 407.4613037109375
16.608720779418945 407.4613037109375
16.608720779418945 407.4613037109375
16.608720779418945 407.4613037109375
16.608720779418945 407.4613037109375
16.608720779418945 407.4613037109375
16.608720779418945 407.4613037109375
16.608720779418945 407.4613037109375
16.608720779418945 407.4613037109375
16.608720779418945 407.4613037109375
16.608720779418945 407.4613037109375
16.608720779418945 407.4613037109375
16.608720779418945 407.4613037109375
16.608720779418945 407.4613037109375
16.608720779418945 407.4613037109375
16.608720779418945 407.4613037109375
16.608720779418945 407.4613037109375
16.608720779418945 407.4613037109375
16.608720779418945 407.4613037109375
16.608720779418945 407.4613037109375
16.608720779418945 407.4613037109375
16.608720779418945 407.4613037109375
16.608720779418945 407.4613037109375
16.608720779418945 407.4613037109375
16.608720779418945 407.4613037109375
16.608720779418945 407.4613037109375
16.608720779418945 407.4613037109375
16.608720779418945 407.4613037109375
16.608720779418945 407.4613037109375
16.608720779418945 407.4613037109375
16.608720779418945 407.4613037109375
16.608720779418945 407.4613037109375
16.608720779418945 407.4613037109375
16.608720779418945 407.4613037109375
16.608720779418945 407.4613037109375
16.608720779418945 407.4613037109375
16.608720779418945 407.4613037109375
16.608720779418945 407.4613037109375
16.608720779418945 407.4613037109375
16.608720779418945 407.4613037109375
16.608720779418945 407.4613037109375
16.608720779418945 407.4613037109375
16.608720779418945 407.4613037109375
16.608720779418945 407.4613037109375
16.608720779418945 407.4613037109375
16.608720779418945 407.4613037109375
16.608720779418945 407.4613037109375
16.608720779418945 407.4613037109375
16.608720779418945 407.4613037109375
16.608720779418945 407.4613037109375
16.608720779418945 407.4613037109375
16.608720779418945 407.4613037109375
16.608720779418945 407.4613037109375
16.608720779418945 407.4613037109375
16.608720779418945 407.4613037109375
16.608720779418945 407.4613037109375
16.608720779418945 407.4613037109375
16.608720779418945 407.4613037109375
16.608720779418945 407.4613037109375
16.608720779418945 407.4613037109375
16.608720779418945 407.4613037109375
16.608720779418945 407.4613037109375
16.608720779418945 407.4613037109375
16.608720779418945 407.4613037109375
16.608720779418945 407.4613037109375
16.608720779418945 407.4613037109375
16.608720779418945 407.4613037109375
16.608720779418945 407.4613037109375
16.608720779418945 407.4613037109375
16.608720779418945 407.4613037109375
16.608720779418945 407.4613037109375
16.608720779418945 407.4613037109375
16.608720779418945 407.4613037109375
16.608720779418945 407.4613037109375
16.608720779418945 407.4613037109375
16.608720779418945 407.4613037109375
16.608720779418945 407.4613037109375
16.608720779418945 407.4613037109375
16.608720779418945 407.4613037109375
16.608720779418945 407.4613037109375
16.608720779418945 407.4613037109375
16.608720779418945 407.4613037109375
16.608720779418945 407.4613037109375
16.608720779418945 407.4613037109375
16.608720779418945 407.4613037109375
16.608720779418945 407.4613037109375
16.608720779418945 407.4613037109375
16.608720779418945 407.4613037109375
16.608720779418945 407.4613037109375
16.608720779418945 407.4613037109375
16.608720779418945 407.4613037109375
16.608720779418945 407.4613037109375
16.608720779418945 407.4613037109375
16.608720779418945 407.4613037109375
16.608720779418945 407.4613037109375
16.608720779418945 407.4613037109375
16.608720779418945 407.4613037109375
16.608720779418945 407.4613037109375
16.608720779418945 407.4613037109375
16.608720779418945 407.4613037109375
16.608720779418945 407.4613037109375
16.608720779418945 407.4613037109375
16.608720779418945 407.4613037109375
16.608720779418945 407.4613037109375
16.608720779418945 407.4613037109375
16.608720779418945 407.4613037109375
16.608720779418945 407.4613037109375
16.608720779418945 407.4613037109375
16.608720779418945 407.4613037109375
16.608720779418945 407.4613037109375
16.608720779418945 407.4613037109375
16.608720779418945 407.4613037109375
16.608720779418945 407.4613037109375
16.608720779418945 407.4613037109375
16.608720779418945 407.4613037109375
16.608720779418945 407.4613037109375
16.608720779418945 407.4613037109375
16.608720779418945 407.4613037109375
16.608720779418945 407.4613037109375
16.608720779418945 407.4613037109375
16.608720779418945 407.4613037109375
16.608720779418945 407.4613037109375
16.608720779418945 407.4613037109375
16.608720779418945 407.4613037109375
16.608720779418945 407.4613037109375
16.608720779418945 407.4613037109375
16.608720779418945 407.4613037109375
16.608720779418945 407.4613037109375
16.608720779418945 407.4613037109375
16.608720779418945 407.4613037109375
16.608720779418945 407.4613037109375
16.608720779418945 407.4613037109375
16.608720779418945 407.4613037109375
16.608720779418945 407.4613037109375
16.608720779418945 407.4613037109375
16.608720779418945 407.4613037109375
16.608720779418945 407.4613037109375
16.608720779418945 407.4613037109375
16.608720779418945 407.4613037109375
16.608720779418945 407.4613037109375
16.608720779418945 407.4613037109375
16.608720779418945 407.4613037109375
16.608720779418945 407.4613037109375
16.608720779418945 407.4613037109375
16.608720779418945 407.4613037109375
16.608720779418945 407.4613037109375
16.608720779418945 407.4613037109375
16.608720779418945 407.4613037109375
16.608720779418945 407.4613037109375
16.608720779418945 407.4613037109375
16.608720779418945 407.4613037109375
16.608720779418945 407.4613037109375
16.608720779418945 407.4613037109375
16.608720779418945 407.4613037109375
16.608720779418945 407.4613037109375
16.608720779418945 407.4613037109375
16.608720779418945 407.4613037109375
16.608720779418945 407.4613037109375
16.608720779418945 407.4613037109375
16.608720779418945 407.4613037109375
16.608720779418945 407.4613037109375
16.608720779418945 407.4613037109375
16.608720779418945 407.4613037109375
16.608720779418945 407.4613037109375
16.608720779418945 407.4613037109375
16.608720779418945 407.4613037109375
16.608720779418945 407.4613037109375
16.608720779418945 407.4613037109375
16.608720779418945 407.4613037109375
16.608720779418945 407.4613037109375
16.608720779418945 407.4613037109375
16.608720779418945 407.4613037109375
16.608720779418945 407.4613037109375
16.608720779418945 407.4613037109375
16.608720779418945 407.4613037109375
16.608720779418945 407.4613037109375
16.608720779418945 407.4613037109375
16.608720779418945 407.4613037109375
16.608720779418945 407.4613037109375
16.608720779418945 407.4613037109375
16.608720779418945 407.4613037109375
16.608720779418945 407.4613037109375
16.608720779418945 407.4613037109375
16.608720779418945 407.4613037109375
16.608720779418945 407.4613037109375
16.608720779418945 407.4613037109375
16.608720779418945 407.4613037109375
16.608720779418945 407.4613037109375
16.608720779418945 407.4613037109375
16.608720779418945 407.4613037109375
16.608720779418945 407.4613037109375
16.608720779418945 407.4613037109375
16.608720779418945 407.4613037109375
16.608720779418945 407.4613037109375
16.608720779418945 407.4613037109375
16.608720779418945 407.4613037109375
16.608720779418945 407.4613037109375
16.608720779418945 407.4613037109375
16.608720779418945 407.4613037109375
16.608720779418945 407.4613037109375
16.608720779418945 407.4613037109375
16.608720779418945 407.4613037109375
16.608720779418945 407.4613037109375
16.608720779418945 407.4613037109375
16.608720779418945 407.4613037109375
16.608720779418945 407.4613037109375
16.608720779418945 407.4613037109375
16.608720779418945 407.4613037109375
16.608720779418945 407.4613037109375
16.608720779418945 407.4613037109375
16.608720779418945 407.4613037109375
16.608720779418945 407.4613037109375
16.608720779418945 407.4613037109375
16.608720779418945 407.4613037109375
16.608720779418945 407.4613037109375
16.608720779418945 407.4613037109375
16.608720779418945 407.4613037109375
16.608720779418945 407.4613037109375
16.608720779418945 407.4613037109375
16.608720779418945 407.4613037109375
16.608720779418945 407.4613037109375
16.608720779418945 407.4613037109375
16.608720779418945 407.4613037109375
16.608720779418945 407.4613037109375
16.608720779418945 407.4613037109375
16.608720779418945 407.4613037109375
16.608720779418945 407.4613037109375
16.608720779418945 407.4613037109375
16.608720779418945 407.4613037109375
16.608720779418945 407.4613037109375
16.608720779418945 407.4613037109375
16.608720779418945 407.4613037109375
16.608720779418945 407.4613037109375
16.608720779418945 407.4613037109375
16.608720779418945 407.4613037109375
16.608720779418945 407.4613037109375
16.608720779418945 407.4613037109375
16.608720779418945 407.4613037109375
16.608720779418945 407.4613037109375
16.608720779418945 407.4613037109375
16.608720779418945 407.4613037109375
16.608720779418945 407.4613037109375
16.608720779418945 407.4613037109375
16.608720779418945 407.4613037109375
16.608720779418945 407.4613037109375
16.608720779418945 407.4613037109375
16.608720779418945 407.4613037109375
16.608720779418945 407.4613037109375
16.608720779418945 407.4613037109375
16.608720779418945 407.4613037109375
16.608720779418945 407.4613037109375
16.608720779418945 407.4613037109375
16.608720779418945 407.4613037109375
16.608720779418945 407.4613037109375
16.608720779418945 407.4613037109375
16.608720779418945 407.4613037109375
16.608720779418945 407.4613037109375
16.608720779418945 407.4613037109375
16.608720779418945 407.4613037109375
16.608720779418945 407.4613037109375
16.608720779418945 407.4613037109375
16.608720779418945 407.4613037109375
16.608720779418945 407.4613037109375
16.608720779418945 407.4613037109375
16.608720779418945 407.4613037109375
16.608720779418945 407.4613037109375
16.608720779418945 407.4613037109375
16.608720779418945 407.4613037109375
16.608720779418945 407.4613037109375
16.608720779418945 407.4613037109375
16.608720779418945 407.4613037109375
16.608720779418945 407.4613037109375
16.608720779418945 407.4613037109375
16.608720779418945 407.4613037109375
16.608720779418945 407.4613037109375
16.608720779418945 407.4613037109375
16.608720779418945 407.4613037109375
16.608720779418945 407.4613037109375
16.608720779418945 407.4613037109375
16.608720779418945 407.4613037109375
16.608720779418945 407.4613037109375
16.608720779418945 407.4613037109375
16.608720779418945 407.4613037109375
16.608720779418945 407.4613037109375
16.608720779418945 407.4613037109375
16.608720779418945 407.4613037109375
16.608720779418945 407.4613037109375
16.608720779418945 407.4613037109375
16.608720779418945 407.4613037109375
16.608720779418945 407.4613037109375
16.608720779418945 407.4613037109375
16.608720779418945 407.4613037109375
16.608720779418945 407.4613037109375
16.608720779418945 407.4613037109375
16.608720779418945 407.4613037109375
16.608720779418945 407.4613037109375
16.608720779418945 407.4613037109375
16.608720779418945 407.4613037109375
16.608720779418945 407.4613037109375
16.608720779418945 407.4613037109375
16.608720779418945 407.4613037109375
16.608720779418945 407.4613037109375
16.608720779418945 407.4613037109375
16.608720779418945 407.4613037109375
16.608720779418945 407.4613037109375
16.608720779418945 407.4613037109375
16.608720779418945 407.4613037109375
16.608720779418945 407.4613037109375
16.608720779418945 407.4613037109375
16.608720779418945 407.4613037109375
16.608720779418945 407.4613037109375
16.608720779418945 407.4613037109375
16.608720779418945 407.4613037109375
16.608720779418945 407.4613037109375
16.608720779418945 407.4613037109375
16.608720779418945 407.4613037109375
16.608720779418945 407.4613037109375
16.608720779418945 407.4613037109375
16.608720779418945 407.4613037109375
16.608720779418945 407.4613037109375
16.608720779418945 407.4613037109375
16.608720779418945 407.4613037109375
16.608720779418945 407.4613037109375
16.608720779418945 407.4613037109375
16.608720779418945 407.4613037109375
16.608720779418945 407.4613037109375
16.608720779418945 407.4613037109375
16.608720779418945 407.4613037109375
16.608720779418945 407.4613037109375
16.608720779418945 407.4613037109375
16.608720779418945 407.4613037109375
16.608720779418945 407.4613037109375
16.608720779418945 407.4613037109375
16.608720779418945 407.4613037109375
16.608720779418945 407.4613037109375
16.608720779418945 407.4613037109375
16.608720779418945 407.4613037109375
16.608720779418945 407.4613037109375
16.608720779418945 407.4613037109375
16.608720779418945 407.4613037109375
16.608720779418945 407.4613037109375
16.608720779418945 407.4613037109375
16.608720779418945 407.4613037109375
16.608720779418945 407.4613037109375
16.608720779418945 407.4613037109375
16.608720779418945 407.4613037109375
16.608720779418945 407.4613037109375
16.608720779418945 407.4613037109375
16.608720779418945 407.4613037109375
16.608720779418945 407.4613037109375
16.608720779418945 407.4613037109375
16.608720779418945 407.4613037109375
16.608720779418945 407.4613037109375
16.608720779418945 407.4613037109375
16.608720779418945 407.4613037109375
16.608720779418945 407.4613037109375
16.608720779418945 407.4613037109375
16.608720779418945 407.4613037109375
16.608720779418945 407.4613037109375
16.608720779418945 407.4613037109375
16.608720779418945 407.4613037109375
16.608720779418945 407.4613037109375
16.608720779418945 407.4613037109375
16.608720779418945 407.4613037109375
16.608720779418945 407.4613037109375
16.608720779418945 407.4613037109375
16.608720779418945 407.4613037109375
16.608720779418945 407.4613037109375
16.608720779418945 407.4613037109375
16.608720779418945 407.4613037109375
16.608720779418945 407.4613037109375
16.608720779418945 407.4613037109375
16.608720779418945 407.4613037109375
16.608720779418945 407.4613037109375
16.608720779418945 407.4613037109375
16.608720779418945 407.4613037109375
16.608720779418945 407.4613037109375
16.608720779418945 407.4613037109375
16.608720779418945 407.4613037109375
16.608720779418945 407.4613037109375
16.608720779418945 407.4613037109375
16.608720779418945 407.4613037109375
16.608720779418945 407.4613037109375
16.608720779418945 407.4613037109375
16.608720779418945 407.4613037109375
16.608720779418945 407.4613037109375
16.608720779418945 407.4613037109375
16.608720779418945 407.4613037109375
16.608720779418945 407.4613037109375
16.608720779418945 407.4613037109375
16.608720779418945 407.4613037109375
16.608720779418945 407.4613037109375
16.608720779418945 407.4613037109375
16.608720779418945 407.4613037109375
16.608720779418945 407.4613037109375
16.608720779418945 407.4613037109375
16.608720779418945 407.4613037109375
16.608720779418945 407.4613037109375
16.608720779418945 407.4613037109375
16.608720779418945 407.4613037109375
16.608720779418945 407.4613037109375
16.608720779418945 407.4613037109375
16.608720779418945 407.4613037109375
16.608720779418945 407.4613037109375
16.608720779418945 407.4613037109375
16.608720779418945 407.4613037109375
16.608720779418945 407.4613037109375
16.608720779418945 407.4613037109375
16.608720779418945 407.4613037109375
16.608720779418945 407.4613037109375
16.608720779418945 407.4613037109375
16.608720779418945 407.4613037109375
16.608720779418945 407.4613037109375
16.608720779418945 407.4613037109375
16.608720779418945 407.4613037109375
16.608720779418945 407.4613037109375
16.608720779418945 407.4613037109375
16.608720779418945 407.4613037109375
16.608720779418945 407.4613037109375
16.608720779418945 407.4613037109375
16.608720779418945 407.4613037109375
16.608720779418945 407.4613037109375
16.608720779418945 407.4613037109375
16.608720779418945 407.4613037109375
16.608720779418945 407.4613037109375
16.608720779418945 407.4613037109375
16.608720779418945 407.4613037109375
16.608720779418945 407.4613037109375
16.608720779418945 407.4613037109375
16.608720779418945 407.4613037109375
16.608720779418945 407.4613037109375
16.608720779418945 407.4613037109375
16.608720779418945 407.4613037109375
16.608720779418945 407.4613037109375
16.608720779418945 407.4613037109375
16.608720779418945 407.4613037109375
16.608720779418945 407.4613037109375
16.608720779418945 407.4613037109375
16.608720779418945 407.4613037109375
16.608720779418945 407.4613037109375
16.608720779418945 407.4613037109375
16.608720779418945 407.4613037109375
16.608720779418945 407.4613037109375
16.608720779418945 407.4613037109375
16.608720779418945 407.4613037109375
16.608720779418945 407.4613037109375
16.608720779418945 407.4613037109375
16.608720779418945 407.4613037109375
16.608720779418945 407.4613037109375
16.608720779418945 407.4613037109375
16.608720779418945 407.4613037109375
16.608720779418945 407.4613037109375
16.608720779418945 407.4613037109375
16.608720779418945 407.4613037109375
16.608720779418945 407.4613037109375
16.608720779418945 407.4613037109375
16.608720779418945 407.4613037109375
16.608720779418945 407.4613037109375
16.608720779418945 407.4613037109375
16.608720779418945 407.4613037109375
16.608720779418945 407.4613037109375
16.608720779418945 407.4613037109375
16.608720779418945 407.4613037109375
16.608720779418945 407.4613037109375
16.608720779418945 407.4613037109375
16.608720779418945 407.4613037109375
16.608720779418945 407.4613037109375
16.608720779418945 407.4613037109375
16.608720779418945 407.4613037109375
16.608720779418945 407.4613037109375
16.608720779418945 407.4613037109375
16.608720779418945 407.4613037109375
16.608720779418945 407.4613037109375
16.608720779418945 407.4613037109375
16.608720779418945 407.4613037109375
16.608720779418945 407.4613037109375
16.608720779418945 407.4613037109375
16.608720779418945 407.4613037109375
16.608720779418945 407.4613037109375
16.608720779418945 407.4613037109375
16.608720779418945 407.4613037109375
16.608720779418945 407.4613037109375
16.608720779418945 407.4613037109375
16.608720779418945 407.4613037109375
16.608720779418945 407.4613037109375
16.608720779418945 407.4613037109375
16.608720779418945 407.4613037109375
16.608720779418945 407.4613037109375
16.608720779418945 407.4613037109375
16.608720779418945 407.4613037109375
16.608720779418945 407.4613037109375
16.608720779418945 407.4613037109375
16.608720779418945 407.4613037109375
16.608720779418945 407.4613037109375
16.608720779418945 407.4613037109375
16.608720779418945 407.4613037109375
16.608720779418945 407.4613037109375
16.608720779418945 407.4613037109375
16.608720779418945 407.4613037109375
16.608720779418945 407.4613037109375
16.608720779418945 407.4613037109375
16.608720779418945 407.4613037109375
16.608720779418945 407.4613037109375
16.608720779418945 407.4613037109375
16.608720779418945 407.4613037109375
16.608720779418945 407.4613037109375
16.608720779418945 407.4613037109375
16.608720779418945 407.4613037109375
16.608720779418945 407.4613037109375
16.608720779418945 407.4613037109375
16.608720779418945 407.4613037109375
16.608720779418945 407.4613037109375
16.608720779418945 407.4613037109375
16.608720779418945 407.4613037109375
16.608720779418945 407.4613037109375
16.608720779418945 407.4613037109375
16.608720779418945 407.4613037109375
16.608720779418945 407.4613037109375
16.608720779418945 407.4613037109375
16.608720779418945 407.4613037109375
16.608720779418945 407.4613037109375
16.608720779418945 407.4613037109375
16.608720779418945 407.4613037109375
16.608720779418945 407.4613037109375
16.608720779418945 407.4613037109375
16.608720779418945 407.4613037109375
16.608720779418945 407.4613037109375
16.608720779418945 407.4613037109375
16.608720779418945 407.4613037109375
16.608720779418945 407.4613037109375
16.608720779418945 407.4613037109375
16.608720779418945 407.4613037109375
16.608720779418945 407.4613037109375
16.608720779418945 407.4613037109375
16.608720779418945 407.4613037109375
16.608720779418945 407.4613037109375
16.608720779418945 407.4613037109375
16.608720779418945 407.4613037109375
16.608720779418945 407.4613037109375
16.608720779418945 407.4613037109375
16.608720779418945 407.4613037109375
16.608720779418945 407.4613037109375
16.608720779418945 407.4613037109375
16.608720779418945 407.4613037109375
16.608720779418945 407.4613037109375
16.608720779418945 407.4613037109375
16.608720779418945 407.4613037109375
16.608720779418945 407.4613037109375
16.608720779418945 407.4613037109375
16.608720779418945 407.4613037109375
16.608720779418945 407.4613037109375
16.608720779418945 407.4613037109375
16.608720779418945 407.4613037109375
16.608720779418945 407.4613037109375
16.608720779418945 407.4613037109375
16.608720779418945 407.4613037109375
16.608720779418945 407.4613037109375
16.608720779418945 407.4613037109375
16.608720779418945 407.4613037109375
16.608720779418945 407.4613037109375
16.608720779418945 407.4613037109375
16.608720779418945 407.4613037109375
16.608720779418945 407.4613037109375
16.608720779418945 407.4613037109375
16.608720779418945 407.4613037109375
16.608720779418945 407.4613037109375
16.608720779418945 407.4613037109375
16.608720779418945 407.4613037109375
16.608720779418945 407.4613037109375
16.608720779418945 407.4613037109375
16.608720779418945 407.4613037109375
16.608720779418945 407.4613037109375
16.608720779418945 407.4613037109375
16.608720779418945 407.4613037109375
16.608720779418945 407.4613037109375
16.608720779418945 407.4613037109375
16.608720779418945 407.4613037109375
16.608720779418945 407.4613037109375
16.608720779418945 407.4613037109375
16.608720779418945 407.4613037109375
16.608720779418945 407.4613037109375
16.608720779418945 407.4613037109375
16.608720779418945 407.4613037109375
16.608720779418945 407.4613037109375
16.608720779418945 407.4613037109375
16.608720779418945 407.4613037109375
16.608720779418945 407.4613037109375
16.608720779418945 407.4613037109375
16.608720779418945 407.4613037109375
16.608720779418945 407.4613037109375
16.608720779418945 407.4613037109375
16.608720779418945 407.4613037109375
16.608720779418945 407.4613037109375
16.608720779418945 407.4613037109375
16.608720779418945 407.4613037109375
16.608720779418945 407.4613037109375
16.608720779418945 407.4613037109375
16.608720779418945 407.4613037109375
16.608720779418945 407.4613037109375
16.608720779418945 407.4613037109375
16.608720779418945 407.4613037109375
16.608720779418945 407.4613037109375
16.608720779418945 407.4613037109375
16.608720779418945 407.4613037109375
16.608720779418945 407.4613037109375
16.608720779418945 407.4613037109375
16.608720779418945 407.4613037109375
16.608720779418945 407.4613037109375
16.608720779418945 407.4613037109375
16.608720779418945 407.4613037109375
16.608720779418945 407.4613037109375
16.608720779418945 407.4613037109375
16.608720779418945 407.4613037109375
16.608720779418945 407.4613037109375
16.608720779418945 407.4613037109375
16.608720779418945 407.4613037109375
16.608720779418945 407.4613037109375
16.608720779418945 407.4613037109375
16.608720779418945 407.4613037109375
16.608720779418945 407.4613037109375
16.608720779418945 407.4613037109375
16.608720779418945 407.4613037109375
16.608720779418945 407.4613037109375
16.608720779418945 407.4613037109375
16.608720779418945 407.4613037109375
16.608720779418945 407.4613037109375
16.608720779418945 407.4613037109375
16.608720779418945 407.4613037109375
16.608720779418945 407.4613037109375
16.608720779418945 407.4613037109375
16.608720779418945 407.4613037109375
16.608720779418945 407.4613037109375
16.608720779418945 407.4613037109375
16.608720779418945 407.4613037109375
16.608720779418945 407.4613037109375
16.608720779418945 407.4613037109375
16.608720779418945 407.4613037109375
16.608720779418945 407.4613037109375
16.608720779418945 407.4613037109375
16.608720779418945 407.4613037109375
16.608720779418945 407.4613037109375
16.608720779418945 407.4613037109375
16.608720779418945 407.4613037109375
16.608720779418945 407.4613037109375
16.608720779418945 407.4613037109375
16.608720779418945 407.4613037109375
16.608720779418945 407.4613037109375
16.608720779418945 407.4613037109375
16.608720779418945 407.4613037109375
16.608720779418945 407.4613037109375
16.608720779418945 407.4613037109375
16.608720779418945 407.4613037109375
16.608720779418945 407.4613037109375
16.608720779418945 407.4613037109375
16.608720779418945 407.4613037109375
16.608720779418945 407.4613037109375
16.608720779418945 407.4613037109375
16.608720779418945 407.4613037109375
16.608720779418945 407.4613037109375
16.608720779418945 407.4613037109375
16.608720779418945 407.4613037109375
16.608720779418945 407.4613037109375
16.608720779418945 407.4613037109375
16.608720779418945 407.4613037109375
16.608720779418945 407.4613037109375
16.608720779418945 407.4613037109375
16.608720779418945 407.4613037109375
16.608720779418945 407.4613037109375
16.608720779418945 407.4613037109375
16.608720779418945 407.4613037109375
16.608720779418945 407.4613037109375
16.608720779418945 407.4613037109375
16.608720779418945 407.4613037109375
16.608720779418945 407.4613037109375
16.608720779418945 407.4613037109375
16.608720779418945 407.4613037109375
16.608720779418945 407.4613037109375
16.608720779418945 407.4613037109375
16.608720779418945 407.4613037109375
16.608720779418945 407.4613037109375
16.608720779418945 407.4613037109375
16.608720779418945 407.4613037109375
16.608720779418945 407.4613037109375
16.608720779418945 407.4613037109375
16.608720779418945 407.4613037109375
16.608720779418945 407.4613037109375
16.608720779418945 407.4613037109375
16.608720779418945 407.4613037109375
16.608720779418945 407.4613037109375
16.608720779418945 407.4613037109375
16.608720779418945 407.4613037109375
16.608720779418945 407.4613037109375
16.608720779418945 407.4613037109375
16.608720779418945 407.4613037109375
16.608720779418945 407.4613037109375
16.608720779418945 407.4613037109375
16.608720779418945 407.4613037109375
16.608720779418945 407.4613037109375
16.608720779418945 407.4613037109375
16.608720779418945 407.4613037109375
16.608720779418945 407.4613037109375
16.608720779418945 407.4613037109375
16.608720779418945 407.4613037109375
16.608720779418945 407.4613037109375
16.608720779418945 407.4613037109375
16.608720779418945 407.4613037109375
16.608720779418945 407.4613037109375
16.608720779418945 407.4613037109375
16.608720779418945 407.4613037109375
16.608720779418945 407.4613037109375
16.608720779418945 407.4613037109375
16.608720779418945 407.4613037109375
16.608720779418945 407.4613037109375
16.608720779418945 407.4613037109375
16.608720779418945 407.4613037109375
16.608720779418945 407.4613037109375
16.608720779418945 407.4613037109375
16.608720779418945 407.4613037109375
16.608720779418945 407.4613037109375
16.608720779418945 407.4613037109375
16.608720779418945 407.4613037109375
16.608720779418945 407.4613037109375
16.608720779418945 407.4613037109375
16.608720779418945 407.4613037109375
16.608720779418945 407.4613037109375
16.608720779418945 407.4613037109375
16.608720779418945 407.4613037109375
16.608720779418945 407.4613037109375
16.608720779418945 407.4613037109375
16.608720779418945 407.4613037109375
16.608720779418945 407.4613037109375
16.608720779418945 407.4613037109375
16.608720779418945 407.4613037109375
16.608720779418945 407.4613037109375
16.608720779418945 407.4613037109375
16.608720779418945 407.4613037109375
16.608720779418945 407.4613037109375
16.608720779418945 407.4613037109375
16.608720779418945 407.4613037109375
16.608720779418945 407.4613037109375
16.608720779418945 407.4613037109375
16.608720779418945 407.4613037109375
16.608720779418945 407.4613037109375
16.608720779418945 407.4613037109375
16.608720779418945 407.4613037109375
16.608720779418945 407.4613037109375
16.608720779418945 407.4613037109375
16.608720779418945 407.4613037109375
16.608720779418945 407.4613037109375
16.608720779418945 407.4613037109375
16.608720779418945 407.4613037109375
16.608720779418945 407.4613037109375
16.608720779418945 407.4613037109375
16.608720779418945 407.4613037109375
16.608720779418945 407.4613037109375
16.608720779418945 407.4613037109375
16.608720779418945 407.4613037109375
16.608720779418945 407.4613037109375
16.608720779418945 407.4613037109375
16.608720779418945 407.4613037109375
16.608720779418945 407.4613037109375
16.608720779418945 407.4613037109375
16.608720779418945 407.4613037109375
16.608720779418945 407.4613037109375
16.608720779418945 407.4613037109375
16.608720779418945 407.4613037109375
16.608720779418945 407.4613037109375
16.608720779418945 407.4613037109375
16.608720779418945 407.4613037109375
16.608720779418945 407.4613037109375
16.608720779418945 407.4613037109375
16.608720779418945 407.4613037109375
16.608720779418945 407.4613037109375
16.608720779418945 407.4613037109375
16.608720779418945 407.4613037109375
16.608720779418945 407.4613037109375
16.608720779418945 407.4613037109375
16.608720779418945 407.4613037109375
16.608720779418945 407.4613037109375
16.608720779418945 407.4613037109375
16.608720779418945 407.4613037109375
16.608720779418945 407.4613037109375
16.608720779418945 407.4613037109375
16.608720779418945 407.4613037109375
16.608720779418945 407.4613037109375
16.608720779418945 407.4613037109375
16.608720779418945 407.4613037109375
16.608720779418945 407.4613037109375
16.608720779418945 407.4613037109375
16.608720779418945 407.4613037109375
16.608720779418945 407.4613037109375
16.608720779418945 407.4613037109375
16.608720779418945 407.4613037109375
16.608720779418945 407.4613037109375
16.608720779418945 407.4613037109375
16.608720779418945 407.4613037109375
16.608720779418945 407.4613037109375
16.608720779418945 407.4613037109375
16.608720779418945 407.4613037109375
16.608720779418945 407.4613037109375
16.608720779418945 407.4613037109375
16.608720779418945 407.4613037109375
16.608720779418945 407.4613037109375
16.608720779418945 407.4613037109375
16.608720779418945 407.4613037109375
16.608720779418945 407.4613037109375
16.608720779418945 407.4613037109375
16.608720779418945 407.4613037109375
16.608720779418945 407.4613037109375
16.608720779418945 407.4613037109375
16.608720779418945 407.4613037109375
16.608720779418945 407.4613037109375
16.608720779418945 407.4613037109375
16.608720779418945 407.4613037109375
16.608720779418945 407.4613037109375
16.608720779418945 407.4613037109375
16.608720779418945 407.4613037109375
16.608720779418945 407.4613037109375
16.608720779418945 407.4613037109375
16.608720779418945 407.4613037109375
16.608720779418945 407.4613037109375
16.608720779418945 407.4613037109375
16.608720779418945 407.4613037109375
16.608720779418945 407.4613037109375
16.608720779418945 407.4613037109375
16.608720779418945 407.4613037109375
16.608720779418945 407.4613037109375
16.608720779418945 407.4613037109375
16.608720779418945 407.4613037109375
16.608720779418945 407.4613037109375
16.608720779418945 407.4613037109375
16.608720779418945 407.4613037109375
16.608720779418945 407.4613037109375
16.608720779418945 407.4613037109375
16.608720779418945 407.4613037109375
16.608720779418945 407.4613037109375
16.608720779418945 407.4613037109375
16.608720779418945 407.4613037109375
16.608720779418945 407.4613037109375
16.608720779418945 407.4613037109375
16.608720779418945 407.4613037109375
16.608720779418945 407.4613037109375
16.608720779418945 407.4613037109375
16.608720779418945 407.4613037109375
16.608720779418945 407.4613037109375
16.608720779418945 407.4613037109375
16.608720779418945 407.4613037109375
16.608720779418945 407.4613037109375
16.608720779418945 407.4613037109375
16.608720779418945 407.4613037109375
16.608720779418945 407.4613037109375
16.608720779418945 407.4613037109375
16.608720779418945 407.4613037109375
16.608720779418945 407.4613037109375
16.608720779418945 407.4613037109375
16.608720779418945 407.4613037109375
16.608720779418945 407.4613037109375
16.608720779418945 407.4613037109375
16.608720779418945 407.4613037109375
16.608720779418945 407.4613037109375
16.608720779418945 407.4613037109375
16.608720779418945 407.4613037109375
16.608720779418945 407.4613037109375
16.608720779418945 407.4613037109375
16.608720779418945 407.4613037109375
16.608720779418945 407.4613037109375
16.608720779418945 407.4613037109375
16.608720779418945 407.4613037109375
16.608720779418945 407.4613037109375
16.608720779418945 407.4613037109375
16.608720779418945 407.4613037109375
16.608720779418945 407.4613037109375
16.608720779418945 407.4613037109375
16.608720779418945 407.4613037109375
16.608720779418945 407.4613037109375
16.608720779418945 407.4613037109375
16.608720779418945 407.4613037109375
16.608720779418945 407.4613037109375
16.608720779418945 407.4613037109375
16.608720779418945 407.4613037109375
16.608720779418945 407.4613037109375
16.608720779418945 407.4613037109375
16.608720779418945 407.4613037109375
16.608720779418945 407.4613037109375
16.608720779418945 407.4613037109375
16.608720779418945 407.4613037109375
16.608720779418945 407.4613037109375
16.608720779418945 407.4613037109375
16.608720779418945 407.4613037109375
16.608720779418945 407.4613037109375
16.608720779418945 407.4613037109375
16.608720779418945 407.4613037109375
16.608720779418945 407.4613037109375
16.608720779418945 407.4613037109375
16.608720779418945 407.4613037109375
16.608720779418945 407.4613037109375
16.608720779418945 407.4613037109375
16.608720779418945 407.4613037109375
16.608720779418945 407.4613037109375
16.608720779418945 407.4613037109375
16.608720779418945 407.4613037109375
16.608720779418945 407.4613037109375
16.608720779418945 407.4613037109375
16.608720779418945 407.4613037109375
16.608720779418945 407.4613037109375
16.608720779418945 407.4613037109375
16.608720779418945 407.4613037109375
16.608720779418945 407.4613037109375
16.608720779418945 407.4613037109375
16.608720779418945 407.4613037109375
16.608720779418945 407.4613037109375
16.608720779418945 407.4613037109375
16.608720779418945 407.4613037109375
16.608720779418945 407.4613037109375
16.608720779418945 407.4613037109375
16.608720779418945 407.4613037109375
16.608720779418945 407.4613037109375
16.608720779418945 407.4613037109375
16.608720779418945 407.4613037109375
16.608720779418945 407.4613037109375
16.608720779418945 407.4613037109375
16.608720779418945 407.4613037109375
16.608720779418945 407.4613037109375
16.608720779418945 407.4613037109375
16.608720779418945 407.4613037109375
16.608720779418945 407.4613037109375
16.608720779418945 407.4613037109375
16.608720779418945 407.4613037109375
16.608720779418945 407.4613037109375
16.608720779418945 407.4613037109375
16.608720779418945 407.4613037109375
16.608720779418945 407.4613037109375
16.608720779418945 407.4613037109375
16.608720779418945 407.4613037109375
16.608720779418945 407.4613037109375
16.608720779418945 407.4613037109375
16.608720779418945 407.4613037109375
16.608720779418945 407.4613037109375
16.608720779418945 407.4613037109375
16.608720779418945 407.4613037109375
16.608720779418945 407.4613037109375
16.608720779418945 407.4613037109375
16.608720779418945 407.4613037109375
16.608720779418945 407.4613037109375
16.608720779418945 407.4613037109375
16.608720779418945 407.4613037109375
16.608720779418945 407.4613037109375
16.608720779418945 407.4613037109375
16.608720779418945 407.4613037109375
16.608720779418945 407.4613037109375
16.608720779418945 407.4613037109375
16.608720779418945 407.4613037109375
16.608720779418945 407.4613037109375
16.608720779418945 407.4613037109375
16.608720779418945 407.4613037109375
16.608720779418945 407.4613037109375
16.608720779418945 407.4613037109375
16.608720779418945 407.4613037109375
16.608720779418945 407.4613037109375
16.608720779418945 407.4613037109375
16.608720779418945 407.4613037109375
16.608720779418945 407.4613037109375
16.608720779418945 407.4613037109375
16.608720779418945 407.4613037109375
16.608720779418945 407.4613037109375
16.608720779418945 407.4613037109375
16.608720779418945 407.4613037109375
16.608720779418945 407.4613037109375
16.608720779418945 407.4613037109375
16.608720779418945 407.4613037109375
16.608720779418945 407.4613037109375
16.608720779418945 407.4613037109375
16.608720779418945 407.4613037109375
16.608720779418945 407.4613037109375
16.608720779418945 407.4613037109375
16.608720779418945 407.4613037109375
16.608720779418945 407.4613037109375
16.608720779418945 407.4613037109375
16.608720779418945 407.4613037109375
16.608720779418945 407.4613037109375
16.608720779418945 407.4613037109375
16.608720779418945 407.4613037109375
16.608720779418945 407.4613037109375
16.608720779418945 407.4613037109375
16.608720779418945 407.4613037109375
16.608720779418945 407.4613037109375
16.608720779418945 407.4613037109375
16.608720779418945 407.4613037109375
16.608720779418945 407.4613037109375
16.608720779418945 407.4613037109375
16.608720779418945 407.4613037109375
16.608720779418945 407.4613037109375
16.608720779418945 407.4613037109375
16.608720779418945 407.4613037109375
16.608720779418945 407.4613037109375
16.608720779418945 407.4613037109375
16.608720779418945 407.4613037109375
16.608720779418945 407.4613037109375
16.608720779418945 407.4613037109375
16.608720779418945 407.4613037109375
16.608720779418945 407.4613037109375
16.608720779418945 407.4613037109375
16.608720779418945 407.4613037109375
16.608720779418945 407.4613037109375
16.608720779418945 407.4613037109375
16.608720779418945 407.4613037109375
16.608720779418945 407.4613037109375
16.608720779418945 407.4613037109375
16.608720779418945 407.4613037109375
16.608720779418945 407.4613037109375
16.608720779418945 407.4613037109375
16.608720779418945 407.4613037109375
16.608720779418945 407.4613037109375
16.608720779418945 407.4613037109375
16.608720779418945 407.4613037109375
16.608720779418945 407.4613037109375
16.608720779418945 407.4613037109375
16.608720779418945 407.4613037109375
16.608720779418945 407.4613037109375
16.608720779418945 407.4613037109375
16.608720779418945 407.4613037109375
16.608720779418945 407.4613037109375
16.608720779418945 407.4613037109375
16.608720779418945 407.4613037109375
16.608720779418945 407.4613037109375
16.608720779418945 407.4613037109375
16.608720779418945 407.4613037109375
16.608720779418945 407.4613037109375
16.608720779418945 407.4613037109375
16.608720779418945 407.4613037109375
16.608720779418945 407.4613037109375
16.608720779418945 407.4613037109375
16.608720779418945 407.4613037109375
16.608720779418945 407.4613037109375
16.608720779418945 407.4613037109375
16.608720779418945 407.4613037109375
16.608720779418945 407.4613037109375
16.608720779418945 407.4613037109375
16.608720779418945 407.4613037109375
16.608720779418945 407.4613037109375
16.608720779418945 407.4613037109375
16.608720779418945 407.4613037109375
16.608720779418945 407.4613037109375
16.608720779418945 407.4613037109375
16.608720779418945 407.4613037109375
16.608720779418945 407.4613037109375
16.608720779418945 407.4613037109375
16.608720779418945 407.4613037109375
16.608720779418945 407.4613037109375
16.608720779418945 407.4613037109375
16.608720779418945 407.4613037109375
16.608720779418945 407.4613037109375
16.608720779418945 407.4613037109375
16.608720779418945 407.4613037109375
16.608720779418945 407.4613037109375
16.608720779418945 407.4613037109375
16.608720779418945 407.4613037109375
16.608720779418945 407.4613037109375
16.608720779418945 407.4613037109375
16.608720779418945 407.4613037109375
16.608720779418945 407.4613037109375
16.608720779418945 407.4613037109375
16.608720779418945 407.4613037109375
16.608720779418945 407.4613037109375
16.608720779418945 407.4613037109375
16.608720779418945 407.4613037109375
16.608720779418945 407.4613037109375
16.608720779418945 407.4613037109375
16.608720779418945 407.4613037109375
16.608720779418945 407.4613037109375
16.608720779418945 407.4613037109375
16.608720779418945 407.4613037109375
16.608720779418945 407.4613037109375
16.608720779418945 407.4613037109375
16.608720779418945 407.4613037109375
16.608720779418945 407.4613037109375
16.608720779418945 407.4613037109375
16.608720779418945 407.4613037109375
16.608720779418945 407.4613037109375
16.608720779418945 407.4613037109375
16.608720779418945 407.4613037109375
16.608720779418945 407.4613037109375
16.608720779418945 407.4613037109375
16.608720779418945 407.4613037109375
16.608720779418945 407.4613037109375
16.608720779418945 407.4613037109375
16.608720779418945 407.4613037109375
16.608720779418945 407.4613037109375
16.608720779418945 407.4613037109375
16.608720779418945 407.4613037109375
16.608720779418945 407.4613037109375
16.608720779418945 407.4613037109375
16.608720779418945 407.4613037109375
16.608720779418945 407.4613037109375
16.608720779418945 407.4613037109375
16.608720779418945 407.4613037109375
16.608720779418945 407.4613037109375
16.608720779418945 407.4613037109375
16.608720779418945 407.4613037109375
16.608720779418945 407.4613037109375
16.608720779418945 407.4613037109375
16.608720779418945 407.4613037109375
16.608720779418945 407.4613037109375
16.608720779418945 407.4613037109375
16.608720779418945 407.4613037109375
16.608720779418945 407.4613037109375
16.608720779418945 407.4613037109375
16.608720779418945 407.4613037109375
16.608720779418945 407.4613037109375
16.608720779418945 407.4613037109375
16.608720779418945 407.4613037109375
16.608720779418945 407.4613037109375
16.608720779418945 407.4613037109375
16.608720779418945 407.4613037109375
16.608720779418945 407.4613037109375
16.608720779418945 407.4613037109375
16.608720779418945 407.4613037109375
16.608720779418945 407.4613037109375
16.608720779418945 407.4613037109375
16.608720779418945 407.4613037109375
16.608720779418945 407.4613037109375
16.608720779418945 407.4613037109375
16.608720779418945 407.4613037109375
16.608720779418945 407.4613037109375
16.608720779418945 407.4613037109375
16.608720779418945 407.4613037109375
16.608720779418945 407.4613037109375
16.608720779418945 407.4613037109375
16.608720779418945 407.4613037109375
16.608720779418945 407.4613037109375
16.608720779418945 407.4613037109375
16.608720779418945 407.4613037109375
16.608720779418945 407.4613037109375
16.608720779418945 407.4613037109375
16.608720779418945 407.4613037109375
16.608720779418945 407.4613037109375
16.608720779418945 407.4613037109375
16.608720779418945 407.4613037109375
16.608720779418945 407.4613037109375
16.608720779418945 407.4613037109375
16.608720779418945 407.4613037109375
16.608720779418945 407.4613037109375
16.608720779418945 407.4613037109375
16.608720779418945 407.4613037109375
16.608720779418945 407.4613037109375
16.608720779418945 407.4613037109375
16.608720779418945 407.4613037109375
16.608720779418945 407.4613037109375
16.608720779418945 407.4613037109375
16.608720779418945 407.4613037109375
16.608720779418945 407.4613037109375
16.608720779418945 407.4613037109375
16.608720779418945 407.4613037109375
16.608720779418945 407.4613037109375
16.608720779418945 407.4613037109375
16.608720779418945 407.4613037109375
16.608720779418945 407.4613037109375
16.608720779418945 407.4613037109375
16.608720779418945 407.4613037109375
16.608720779418945 407.4613037109375
16.608720779418945 407.4613037109375
16.608720779418945 407.4613037109375
16.608720779418945 407.4613037109375
16.608720779418945 407.4613037109375
16.608720779418945 407.4613037109375
16.608720779418945 407.4613037109375
16.608720779418945 407.4613037109375
16.608720779418945 407.4613037109375
16.608720779418945 407.4613037109375
16.608720779418945 407.4613037109375
16.608720779418945 407.4613037109375
16.608720779418945 407.4613037109375
16.608720779418945 407.4613037109375
16.608720779418945 407.4613037109375
16.608720779418945 407.4613037109375
16.608720779418945 407.4613037109375
16.608720779418945 407.4613037109375
16.608720779418945 407.4613037109375
16.608720779418945 407.4613037109375
16.608720779418945 407.4613037109375
16.608720779418945 407.4613037109375
16.608720779418945 407.4613037109375
16.608720779418945 407.4613037109375
16.608720779418945 407.4613037109375
16.608720779418945 407.4613037109375
16.608720779418945 407.4613037109375
16.608720779418945 407.4613037109375
16.608720779418945 407.4613037109375
16.608720779418945 407.4613037109375
16.608720779418945 407.4613037109375
16.608720779418945 407.4613037109375
16.608720779418945 407.4613037109375
16.608720779418945 407.4613037109375
16.608720779418945 407.4613037109375
16.608720779418945 407.4613037109375
16.608720779418945 407.4613037109375
16.608720779418945 407.4613037109375
16.608720779418945 407.4613037109375
16.608720779418945 407.4613037109375
16.608720779418945 407.4613037109375
16.608720779418945 407.4613037109375
16.608720779418945 407.4613037109375
16.608720779418945 407.4613037109375
16.608720779418945 407.4613037109375
16.608720779418945 407.4613037109375
16.608720779418945 407.4613037109375
16.608720779418945 407.4613037109375
16.608720779418945 407.4613037109375
16.608720779418945 407.4613037109375
16.608720779418945 407.4613037109375
16.608720779418945 407.4613037109375
16.608720779418945 407.4613037109375
16.608720779418945 407.4613037109375
16.608720779418945 407.4613037109375
16.608720779418945 407.4613037109375
16.608720779418945 407.4613037109375
16.608720779418945 407.4613037109375
16.608720779418945 407.4613037109375
16.608720779418945 407.4613037109375
16.608720779418945 407.4613037109375
16.608720779418945 407.4613037109375
16.608720779418945 407.4613037109375
16.608720779418945 407.4613037109375
16.608720779418945 407.4613037109375
16.608720779418945 407.4613037109375
16.608720779418945 407.4613037109375
16.608720779418945 407.4613037109375
16.608720779418945 407.4613037109375
16.608720779418945 407.4613037109375
16.608720779418945 407.4613037109375
16.608720779418945 407.4613037109375
16.608720779418945 407.4613037109375
16.608720779418945 407.4613037109375
16.608720779418945 407.4613037109375
16.608720779418945 407.4613037109375
16.608720779418945 407.4613037109375
16.608720779418945 407.4613037109375
16.608720779418945 407.4613037109375
16.608720779418945 407.4613037109375
16.608720779418945 407.4613037109375
16.608720779418945 407.4613037109375
16.608720779418945 407.4613037109375
16.608720779418945 407.4613037109375
16.608720779418945 407.4613037109375
16.608720779418945 407.4613037109375
16.608720779418945 407.4613037109375
16.608720779418945 407.4613037109375
16.608720779418945 407.4613037109375
16.608720779418945 407.4613037109375
16.608720779418945 407.4613037109375
16.608720779418945 407.4613037109375
16.608720779418945 407.4613037109375
16.608720779418945 407.4613037109375
16.608720779418945 407.4613037109375
16.608720779418945 407.4613037109375
16.608720779418945 407.4613037109375
16.608720779418945 407.4613037109375
16.608720779418945 407.4613037109375
16.608720779418945 407.4613037109375
16.608720779418945 407.4613037109375
16.608720779418945 407.4613037109375
16.608720779418945 407.4613037109375
16.608720779418945 407.4613037109375
16.608720779418945 407.4613037109375
16.608720779418945 407.4613037109375
16.608720779418945 407.4613037109375
16.608720779418945 407.4613037109375
16.608720779418945 407.4613037109375
16.608720779418945 407.4613037109375
16.608720779418945 407.4613037109375
16.608720779418945 407.4613037109375
16.608720779418945 407.4613037109375
16.608720779418945 407.4613037109375
16.608720779418945 407.4613037109375
16.608720779418945 407.4613037109375
16.608720779418945 407.4613037109375
16.608720779418945 407.4613037109375
16.608720779418945 407.4613037109375
16.608720779418945 407.4613037109375
16.608720779418945 407.4613037109375
16.608720779418945 407.4613037109375
16.608720779418945 407.4613037109375
16.608720779418945 407.4613037109375
16.608720779418945 407.4613037109375
16.608720779418945 407.4613037109375
16.608720779418945 407.4613037109375
16.608720779418945 407.4613037109375
16.608720779418945 407.4613037109375
16.608720779418945 407.4613037109375
16.608720779418945 407.4613037109375
16.608720779418945 407.4613037109375
16.608720779418945 407.4613037109375
16.608720779418945 407.4613037109375
16.608720779418945 407.4613037109375
16.608720779418945 407.4613037109375
16.608720779418945 407.4613037109375
16.608720779418945 407.4613037109375
16.608720779418945 407.4613037109375
16.608720779418945 407.4613037109375
16.608720779418945 407.4613037109375
16.608720779418945 407.4613037109375
16.608720779418945 407.4613037109375
16.608720779418945 407.4613037109375
16.608720779418945 407.4613037109375
16.608720779418945 407.4613037109375
16.608720779418945 407.4613037109375
16.608720779418945 407.4613037109375
16.608720779418945 407.4613037109375
16.608720779418945 407.4613037109375
16.608720779418945 407.4613037109375
16.608720779418945 407.4613037109375
16.608720779418945 407.4613037109375
16.608720779418945 407.4613037109375
16.608720779418945 407.4613037109375
16.608720779418945 407.4613037109375
16.608720779418945 407.4613037109375
16.608720779418945 407.4613037109375
16.608720779418945 407.4613037109375
16.608720779418945 407.4613037109375
16.608720779418945 407.4613037109375
16.608720779418945 407.4613037109375
16.608720779418945 407.4613037109375
16.608720779418945 407.4613037109375
16.608720779418945 407.4613037109375
16.608720779418945 407.4613037109375
16.608720779418945 407.4613037109375
16.608720779418945 407.4613037109375
16.608720779418945 407.4613037109375
16.608720779418945 407.4613037109375
16.608720779418945 407.4613037109375
16.608720779418945 407.4613037109375
16.608720779418945 407.4613037109375
16.608720779418945 407.4613037109375
16.608720779418945 407.4613037109375
16.608720779418945 407.4613037109375
16.608720779418945 407.4613037109375
16.608720779418945 407.4613037109375
16.608720779418945 407.4613037109375
16.608720779418945 407.4613037109375
16.608720779418945 407.4613037109375
16.608720779418945 407.4613037109375
16.608720779418945 407.4613037109375
16.608720779418945 407.4613037109375
16.608720779418945 407.4613037109375
16.608720779418945 407.4613037109375
16.608720779418945 407.4613037109375
16.608720779418945 407.4613037109375
16.608720779418945 407.4613037109375
16.608720779418945 407.4613037109375
16.608720779418945 407.4613037109375
16.608720779418945 407.4613037109375
16.608720779418945 407.4613037109375
16.608720779418945 407.4613037109375
16.608720779418945 407.4613037109375
16.608720779418945 407.4613037109375
16.608720779418945 407.4613037109375
16.608720779418945 407.4613037109375
16.608720779418945 407.4613037109375
16.608720779418945 407.4613037109375
16.608720779418945 407.4613037109375
16.608720779418945 407.4613037109375
16.608720779418945 407.4613037109375
16.608720779418945 407.4613037109375
16.608720779418945 407.4613037109375
16.608720779418945 407.4613037109375
16.608720779418945 407.4613037109375
16.608720779418945 407.4613037109375
16.608720779418945 407.4613037109375
16.608720779418945 407.4613037109375
16.608720779418945 407.4613037109375
16.608720779418945 407.4613037109375
16.608720779418945 407.4613037109375
16.608720779418945 407.4613037109375
16.608720779418945 407.4613037109375
16.608720779418945 407.4613037109375
16.608720779418945 407.4613037109375
16.608720779418945 407.4613037109375
16.608720779418945 407.4613037109375
16.608720779418945 407.4613037109375
16.608720779418945 407.4613037109375
16.608720779418945 407.4613037109375
16.608720779418945 407.4613037109375
16.608720779418945 407.4613037109375
16.608720779418945 407.4613037109375
16.608720779418945 407.4613037109375
16.608720779418945 407.4613037109375
16.608720779418945 407.4613037109375
16.608720779418945 407.4613037109375
16.608720779418945 407.4613037109375
16.608720779418945 407.4613037109375
16.608720779418945 407.4613037109375
16.608720779418945 407.4613037109375
16.608720779418945 407.4613037109375
16.608720779418945 407.4613037109375
16.608720779418945 407.4613037109375
16.608720779418945 407.4613037109375
16.608720779418945 407.4613037109375
16.608720779418945 407.4613037109375
16.608720779418945 407.4613037109375
16.608720779418945 407.4613037109375
16.608720779418945 407.4613037109375
16.608720779418945 407.4613037109375
16.608720779418945 407.4613037109375
16.608720779418945 407.4613037109375
16.608720779418945 407.4613037109375
16.608720779418945 407.4613037109375
16.608720779418945 407.4613037109375
16.608720779418945 407.4613037109375
16.608720779418945 407.4613037109375
16.608720779418945 407.4613037109375
16.608720779418945 407.4613037109375
16.608720779418945 407.4613037109375
16.608720779418945 407.4613037109375
16.608720779418945 407.4613037109375
16.608720779418945 407.4613037109375
16.608720779418945 407.4613037109375
16.608720779418945 407.4613037109375
16.608720779418945 407.4613037109375
16.608720779418945 407.4613037109375
16.608720779418945 407.4613037109375
16.608720779418945 407.4613037109375
16.608720779418945 407.4613037109375
16.608720779418945 407.4613037109375
16.608720779418945 407.4613037109375
16.608720779418945 407.4613037109375
16.608720779418945 407.4613037109375
16.608720779418945 407.4613037109375
16.608720779418945 407.4613037109375
16.608720779418945 407.4613037109375
16.608720779418945 407.4613037109375
16.608720779418945 407.4613037109375
16.608720779418945 407.4613037109375
16.608720779418945 407.4613037109375
16.608720779418945 407.4613037109375
16.608720779418945 407.4613037109375
16.608720779418945 407.4613037109375
16.608720779418945 407.4613037109375
16.608720779418945 407.4613037109375
16.608720779418945 407.4613037109375
16.608720779418945 407.4613037109375
16.608720779418945 407.4613037109375
16.608720779418945 407.4613037109375
16.608720779418945 407.4613037109375
16.608720779418945 407.4613037109375
16.608720779418945 407.4613037109375
16.608720779418945 407.4613037109375
16.608720779418945 407.4613037109375
16.608720779418945 407.4613037109375
16.608720779418945 407.4613037109375
16.608720779418945 407.4613037109375
16.608720779418945 407.4613037109375
16.608720779418945 407.4613037109375
16.608720779418945 407.4613037109375
16.608720779418945 407.4613037109375
16.608720779418945 407.4613037109375
16.608720779418945 407.4613037109375
16.608720779418945 407.4613037109375
16.608720779418945 407.4613037109375
16.608720779418945 407.4613037109375
16.608720779418945 407.4613037109375
16.608720779418945 407.4613037109375
16.608720779418945 407.4613037109375
16.608720779418945 407.4613037109375
16.608720779418945 407.4613037109375
16.608720779418945 407.4613037109375
16.608720779418945 407.4613037109375
16.608720779418945 407.4613037109375
16.608720779418945 407.4613037109375
16.608720779418945 407.4613037109375
16.608720779418945 407.4613037109375
16.608720779418945 407.4613037109375
16.608720779418945 407.4613037109375
16.608720779418945 407.4613037109375
16.608720779418945 407.4613037109375
16.608720779418945 407.4613037109375
16.608720779418945 407.4613037109375
16.608720779418945 407.4613037109375
16.608720779418945 407.4613037109375
16.608720779418945 407.4613037109375
16.608720779418945 407.4613037109375
16.608720779418945 407.4613037109375
16.608720779418945 407.4613037109375
16.608720779418945 407.4613037109375
16.608720779418945 407.4613037109375
16.608720779418945 407.4613037109375
16.608720779418945 407.4613037109375
16.608720779418945 407.4613037109375
16.608720779418945 407.4613037109375
16.608720779418945 407.4613037109375
16.608720779418945 407.4613037109375
16.608720779418945 407.4613037109375
16.608720779418945 407.4613037109375
16.608720779418945 407.4613037109375
16.608720779418945 407.4613037109375
16.608720779418945 407.4613037109375
16.608720779418945 407.4613037109375
16.608720779418945 407.4613037109375
16.608720779418945 407.4613037109375
16.608720779418945 407.4613037109375
16.608720779418945 407.4613037109375
16.608720779418945 407.4613037109375
16.608720779418945 407.4613037109375
16.608720779418945 407.4613037109375
16.608720779418945 407.4613037109375
16.608720779418945 407.4613037109375
16.608720779418945 407.4613037109375
16.608720779418945 407.4613037109375
16.608720779418945 407.4613037109375
16.608720779418945 407.4613037109375
16.608720779418945 407.4613037109375
16.608720779418945 407.4613037109375
16.608720779418945 407.4613037109375
16.608720779418945 407.4613037109375
16.608720779418945 407.4613037109375
16.608720779418945 407.4613037109375
16.608720779418945 407.4613037109375
16.608720779418945 407.4613037109375
16.608720779418945 407.4613037109375
16.608720779418945 407.4613037109375
16.608720779418945 407.4613037109375
16.608720779418945 407.4613037109375
16.608720779418945 407.4613037109375
16.608720779418945 407.4613037109375
16.608720779418945 407.4613037109375
16.608720779418945 407.4613037109375
16.608720779418945 407.4613037109375
16.608720779418945 407.4613037109375
16.608720779418945 407.4613037109375
16.608720779418945 407.4613037109375
16.608720779418945 407.4613037109375
16.608720779418945 407.4613037109375
16.608720779418945 407.4613037109375
16.608720779418945 407.4613037109375
16.608720779418945 407.4613037109375
16.608720779418945 407.4613037109375
16.608720779418945 407.4613037109375
16.608720779418945 407.4613037109375
16.608720779418945 407.4613037109375
16.608720779418945 407.4613037109375
16.608720779418945 407.4613037109375
16.608720779418945 407.4613037109375
16.608720779418945 407.4613037109375
16.608720779418945 407.4613037109375
16.608720779418945 407.4613037109375
16.608720779418945 407.4613037109375
16.608720779418945 407.4613037109375
16.608720779418945 407.4613037109375
16.608720779418945 407.4613037109375
16.608720779418945 407.4613037109375
16.608720779418945 407.4613037109375
16.608720779418945 407.4613037109375
16.608720779418945 407.4613037109375
16.608720779418945 407.4613037109375
16.608720779418945 407.4613037109375
16.608720779418945 407.4613037109375
16.608720779418945 407.4613037109375
16.608720779418945 407.4613037109375
16.608720779418945 407.4613037109375
16.608720779418945 407.4613037109375
16.608720779418945 407.4613037109375
16.608720779418945 407.4613037109375
16.608720779418945 407.4613037109375
16.608720779418945 407.4613037109375
16.608720779418945 407.4613037109375
16.608720779418945 407.4613037109375
16.608720779418945 407.4613037109375
16.608720779418945 407.4613037109375
16.608720779418945 407.4613037109375
16.608720779418945 407.4613037109375
16.608720779418945 407.4613037109375
16.608720779418945 407.4613037109375
16.608720779418945 407.4613037109375
16.608720779418945 407.4613037109375
16.608720779418945 407.4613037109375
16.608720779418945 407.4613037109375
16.608720779418945 407.4613037109375
16.608720779418945 407.4613037109375
16.608720779418945 407.4613037109375
16.608720779418945 407.4613037109375
16.608720779418945 407.4613037109375
16.608720779418945 407.4613037109375
16.608720779418945 407.4613037109375
16.608720779418945 407.4613037109375
16.608720779418945 407.4613037109375
16.608720779418945 407.4613037109375
16.608720779418945 407.4613037109375
16.608720779418945 407.4613037109375
16.608720779418945 407.4613037109375
16.608720779418945 407.4613037109375
16.608720779418945 407.4613037109375
16.608720779418945 407.4613037109375
16.608720779418945 407.4613037109375
16.608720779418945 407.4613037109375
16.608720779418945 407.4613037109375
16.608720779418945 407.4613037109375
16.608720779418945 407.4613037109375
16.608720779418945 407.4613037109375
16.608720779418945 407.4613037109375
16.608720779418945 407.4613037109375
16.608720779418945 407.4613037109375
16.608720779418945 407.4613037109375
16.608720779418945 407.4613037109375
16.608720779418945 407.4613037109375
16.608720779418945 407.4613037109375
16.608720779418945 407.4613037109375
16.608720779418945 407.4613037109375
16.608720779418945 407.4613037109375
16.608720779418945 407.4613037109375
16.608720779418945 407.4613037109375
16.608720779418945 407.4613037109375
16.608720779418945 407.4613037109375
16.608720779418945 407.4613037109375
16.608720779418945 407.4613037109375
16.608720779418945 407.4613037109375
16.608720779418945 407.4613037109375
16.608720779418945 407.4613037109375
16.608720779418945 407.4613037109375
16.608720779418945 407.4613037109375
16.608720779418945 407.4613037109375
16.608720779418945 407.4613037109375
16.608720779418945 407.4613037109375
16.608720779418945 407.4613037109375
16.608720779418945 407.4613037109375
16.608720779418945 407.4613037109375
16.608720779418945 407.4613037109375
16.608720779418945 407.4613037109375
16.608720779418945 407.4613037109375
16.608720779418945 407.4613037109375
16.608720779418945 407.4613037109375
16.608720779418945 407.4613037109375
16.608720779418945 407.4613037109375
16.608720779418945 407.4613037109375
16.608720779418945 407.4613037109375
16.608720779418945 407.4613037109375
16.608720779418945 407.4613037109375
16.608720779418945 407.4613037109375
16.608720779418945 407.4613037109375
16.608720779418945 407.4613037109375
16.608720779418945 407.4613037109375
16.608720779418945 407.4613037109375
16.608720779418945 407.4613037109375
16.608720779418945 407.4613037109375
16.608720779418945 407.4613037109375
16.608720779418945 407.4613037109375
16.608720779418945 407.4613037109375
16.608720779418945 407.4613037109375
16.608720779418945 407.4613037109375
16.608720779418945 407.4613037109375
16.608720779418945 407.4613037109375
16.608720779418945 407.4613037109375
16.608720779418945 407.4613037109375
16.608720779418945 407.4613037109375
16.608720779418945 407.4613037109375
16.608720779418945 407.4613037109375
16.608720779418945 407.4613037109375
16.608720779418945 407.4613037109375
16.608720779418945 407.4613037109375
16.608720779418945 407.4613037109375
16.608720779418945 407.4613037109375
16.608720779418945 407.4613037109375
16.608720779418945 407.4613037109375
16.608720779418945 407.4613037109375
16.608720779418945 407.4613037109375
16.608720779418945 407.4613037109375
16.608720779418945 407.4613037109375
16.608720779418945 407.4613037109375
16.608720779418945 407.4613037109375
16.608720779418945 407.4613037109375
16.608720779418945 407.4613037109375
16.608720779418945 407.4613037109375
16.608720779418945 407.4613037109375
16.608720779418945 407.4613037109375
16.608720779418945 407.4613037109375
16.608720779418945 407.4613037109375
16.608720779418945 407.4613037109375
16.608720779418945 407.4613037109375
16.608720779418945 407.4613037109375
16.608720779418945 407.4613037109375
16.608720779418945 407.4613037109375
16.608720779418945 407.4613037109375
16.608720779418945 407.4613037109375
16.608720779418945 407.4613037109375
16.608720779418945 407.4613037109375
16.608720779418945 407.4613037109375
16.608720779418945 407.4613037109375
16.608720779418945 407.4613037109375
