59.37378692626953 449.3812255859375
58.74021530151367 448.7699890136719
58.0993766784668 448.1663818359375
57.45136260986328 447.57049560546875
56.7962646484375 446.9823913574219
56.134178161621094 446.40216064453125
55.46519470214844 445.82989501953125
54.78941345214844 445.26568603515625
54.106929779052734 444.7095947265625
53.417842864990234 444.1617126464844
52.722251892089844 443.6221008300781
52.0202522277832 443.0908508300781
51.311946868896484 442.56805419921875
50.59743881225586 442.05377197265625
49.876827239990234 441.5480651855469
49.15021896362305 441.051025390625
48.41771697998047 440.5627136230469
47.67942428588867 440.08319091796875
46.935447692871094 439.612548828125
46.18589401245117 439.15081787109375
45.430870056152344 438.6980895996094
44.67048263549805 438.2544250488281
43.904842376708984 437.8199157714844
43.134056091308594 437.39459228515625
42.358238220214844 436.978515625
41.57749557495117 436.5717468261719
40.79194259643555 436.1743469238281
40.00169372558594 435.786376953125
39.20685958862305 435.40789794921875
38.407554626464844 435.0389404296875
37.60388946533203 434.6795654296875
36.795982360839844 434.329833984375
35.983951568603516 433.98980712890625
35.16790771484375 433.6595153808594
34.34797286987305 433.3390197753906
33.524261474609375 433.0283508300781
32.69689178466797 432.7275695800781
31.865983963012695 432.43670654296875
31.031654357910156 432.1557922363281
30.19402313232422 431.8848876953125
29.353212356567383 431.6240234375
28.509340286254883 431.37322998046875
27.662527084350586 431.1325378417969
26.812894821166992 430.9020080566406
25.9605655670166 430.6816711425781
25.105661392211914 430.4715270996094
24.24830436706543 430.2716369628906
23.38861656188965 430.08203125
22.526721954345703 429.9027099609375
21.662744522094727 429.73370361328125
20.79680633544922 429.5750427246094
19.929033279418945 429.4267578125
19.059547424316406 429.28887939453125
18.188474655151367 429.1614074707031
17.31593894958496 429.04437255859375
17.31593894958496 429.04437255859375
17.31593894958496 429.04437255859375
17.31593894958496 429.04437255859375
17.31593894958496 429.04437255859375
17.31593894958496 429.04437255859375
17.31593894958496 429.04437255859375
17.31593894958496 429.04437255859375
17.31593894958496 429.04437255859375
17.31593894958496 429.04437255859375
17.31593894958496 429.04437255859375
17.31593894958496 429.04437255859375
17.31593894958496 429.04437255859375
17.31593894958496 429.04437255859375
17.31593894958496 429.04437255859375
17.31593894958496 429.04437255859375
17.31593894958496 429.04437255859375
17.31593894958496 429.04437255859375
17.31593894958496 429.04437255859375
17.31593894958496 429.04437255859375
17.31593894958496 429.04437255859375
17.31593894958496 429.04437255859375
17.31593894958496 429.04437255859375
17.31593894958496 429.04437255859375
17.31593894958496 429.04437255859375
17.31593894958496 429.04437255859375
17.31593894958496 429.04437255859375
17.31593894958496 429.04437255859375
17.31593894958496 429.04437255859375
17.31593894958496 429.04437255859375
17.31593894958496 429.04437255859375
17.31593894958496 429.04437255859375
17.31593894958496 429.04437255859375
17.31593894958496 429.04437255859375
17.31593894958496 429.04437255859375
17.31593894958496 429.04437255859375
17.31593894958496 429.04437255859375
17.31593894958496 429.04437255859375
17.31593894958496 429.04437255859375
17.31593894958496 429.04437255859375
17.31593894958496 429.04437255859375
17.31593894958496 429.04437255859375
17.31593894958496 429.04437255859375
17.31593894958496 429.04437255859375
16.50273323059082 429.381591796875
16.50273323059082 429.381591796875
16.50273323059082 429.381591796875
16.50273323059082 429.381591796875
16.50273323059082 429.381591796875
16.50273323059082 429.381591796875
16.50273323059082 429.381591796875
16.50273323059082 429.381591796875
16.50273323059082 429.381591796875
16.50273323059082 429.381591796875
16.50273323059082 429.381591796875
16.50273323059082 429.381591796875
16.50273323059082 429.381591796875
16.50273323059082 429.381591796875
16.50273323059082 429.381591796875
16.50273323059082 429.381591796875
16.50273323059082 429.381591796875
16.50273323059082 429.381591796875
16.50273323059082 429.381591796875
16.50273323059082 429.381591796875
16.50273323059082 429.381591796875
16.50273323059082 429.381591796875
16.50273323059082 429.381591796875
16.50273323059082 429.381591796875
16.50273323059082 429.381591796875
16.50273323059082 429.381591796875
16.50273323059082 429.381591796875
16.50273323059082 429.381591796875
16.50273323059082 429.381591796875
16.50273323059082 429.381591796875
16.50273323059082 429.381591796875
16.50273323059082 429.381591796875
16.50273323059082 429.381591796875
16.50273323059082 429.381591796875
16.50273323059082 429.381591796875
16.50273323059082 429.381591796875
16.50273323059082 429.381591796875
16.50273323059082 429.381591796875
16.50273323059082 429.381591796875
16.50273323059082 429.381591796875
16.50273323059082 429.381591796875
16.50273323059082 429.381591796875
16.50273323059082 429.381591796875
16.50273323059082 429.381591796875
16.50273323059082 429.381591796875
16.50273323059082 429.381591796875
16.50273323059082 429.381591796875
16.50273323059082 429.381591796875
16.50273323059082 429.381591796875
16.50273323059082 429.381591796875
16.50273323059082 429.381591796875
16.50273323059082 429.381591796875
16.50273323059082 429.381591796875
16.50273323059082 429.381591796875
16.50273323059082 429.381591796875
16.50273323059082 429.381591796875
16.50273323059082 429.381591796875
16.50273323059082 429.381591796875
16.50273323059082 429.381591796875
16.50273323059082 429.381591796875
16.5228271484375 429.7538146972656
16.56618881225586 430.1238098144531
16.597841262817383 430.2887268066406
16.639070510864258 430.4356384277344
16.66854476928711 430.5135192871094
16.687984466552734 430.55322265625
16.705280303955078 430.5813293457031
16.7205753326416 430.60150146484375
16.733848571777344 430.6158447265625
16.745437622070312 430.6261291503906
16.759035110473633 430.635986328125
16.81462287902832 430.668701171875
16.921178817749023 430.718994140625
17.151348114013672 430.8053894042969
17.445018768310547 430.8919677734375
17.888912200927734 430.99346923828125
18.39954376220703 431.0829772949219
18.978296279907227 431.1578369140625
19.568370819091797 431.2095642089844
20.157493591308594 431.23699951171875
20.818458557128906 431.24298095703125
21.488784790039062 431.2266540527344
22.167646408081055 431.18804931640625
22.901527404785156 431.1247863769531
23.621423721313477 431.04315185546875
24.346046447753906 430.9409484863281
25.11357307434082 430.8134460449219
25.884355545043945 430.6679992675781
26.63104248046875 430.5095520019531
27.4124755859375 430.325927734375
28.16559600830078 430.1322021484375
28.919998168945312 429.9203796386719
29.67897605895996 429.6898498535156
30.438472747802734 429.442138671875
31.216400146484375 429.17205810546875
31.99564552307129 428.88629150390625
32.776424407958984 428.5851135253906
33.557884216308594 428.26922607421875
34.33976745605469 427.9390563964844
35.14165496826172 427.58734130859375
35.94415283203125 427.2236328125
36.72897720336914 426.85595703125
37.5145149230957 426.4753723144531
38.300758361816406 426.08233642578125
39.09892272949219 425.672119140625
39.89581298828125 425.2523498535156
40.70357131958008 424.8174133300781
41.503421783447266 424.3779296875
42.30177688598633 423.9302978515625
43.09846496582031 423.47479248046875
43.893333435058594 423.0117492675781
44.694129943847656 422.5372009277344
45.49266815185547 422.05657958984375
46.288856506347656 421.57000732421875
47.082618713378906 421.0776672363281
47.87192916870117 420.58074951171875
48.658851623535156 420.0779724121094
49.443302154541016 419.5694885253906
50.22520446777344 419.0554504394531
51.0077018737793 418.5340576171875
51.78744888305664 418.00775146484375
52.56367874145508 417.4770812988281
53.33714294433594 416.9415283203125
54.107791900634766 416.4011535644531
54.87558364868164 415.8560485839844
55.640480041503906 415.3062744140625
56.40338134765625 414.75128173828125
57.16331100463867 414.1918640136719
57.92023849487305 413.6280517578125
58.674129486083984 413.0599060058594
59.424957275390625 412.4874572753906
60.172691345214844 411.9107666015625
60.91777420043945 411.3294982910156
61.65970230102539 410.7441101074219
62.3984489440918 410.15460205078125
63.13398742675781 409.56103515625
63.86629867553711 408.9634094238281
64.59532165527344 408.3617858886719
65.32107543945312 407.75616455078125
66.04354095458984 407.14654541015625
66.76282501220703 406.5328369140625
67.47876739501953 405.91522216796875
68.19135284423828 405.293701171875
68.90055084228516 404.6683044433594
69.6063461303711 404.0390319824219
70.3087158203125 403.40594482421875
71.00768280029297 402.76898193359375
71.70317840576172 402.12823486328125
72.39518737792969 401.48370361328125
73.08370208740234 400.8354187011719
73.76869201660156 400.18341064453125
74.45013427734375 399.5276794433594
75.12800598144531 398.8682556152344
75.80229187011719 398.2051696777344
76.47296905517578 397.5384216308594
77.14002227783203 396.8680419921875
77.80342102050781 396.1940612792969
78.46315002441406 395.5164794921875
79.11919403076172 394.8353271484375
79.77152252197266 394.150634765625
80.42012786865234 393.46240234375
81.06497955322266 392.7706604003906
81.70606231689453 392.075439453125
82.34335327148438 391.3767395019531
82.97683715820312 390.6745910644531
83.60649108886719 389.9690246582031
84.23229217529297 389.26007080078125
84.85421752929688 388.5477294921875
85.47224426269531 387.83203125
86.08635711669922 387.1130065917969
86.696533203125 386.3906555175781
87.30274200439453 385.6650390625
87.90496063232422 384.9361572265625
88.50315856933594 384.20404052734375
89.09732818603516 383.46868896484375
89.6874008178711 382.7301940917969
90.27335357666016 381.9885559082031
90.85518646240234 381.2437744140625
91.4328384399414 380.49591064453125
92.00625610351562 379.7450256347656
92.57528686523438 378.99127197265625
93.14005279541016 378.23443603515625
93.70039367675781 377.4747314453125
94.25621795654297 376.7121887207031
94.80715942382812 375.947265625
95.35360717773438 375.1793212890625
95.89517974853516 374.4088134765625
96.43170928955078 373.6358947753906
96.96298217773438 372.8607177734375
97.48784637451172 372.08465576171875
98.00770568847656 371.3054504394531
98.52140808105469 370.5246276855469
99.02853393554688 369.7425231933594
99.52857971191406 368.95947265625
100.02095031738281 368.1759338378906
100.50496673583984 367.39239501953125
100.97984313964844 366.60943603515625
101.44469451904297 365.8276672363281
101.89855194091797 365.04779052734375
102.34038543701172 364.2704772949219
102.76913452148438 363.49639892578125
103.18661499023438 362.7213439941406
103.59479522705078 361.94134521484375
103.99361419677734 361.1565246582031
104.38301849365234 360.3669738769531
104.76294708251953 359.57281494140625
105.13334655761719 358.774169921875
105.13334655761719 358.774169921875
105.13334655761719 358.774169921875
105.13334655761719 358.774169921875
105.13334655761719 358.774169921875
105.13334655761719 358.774169921875
105.13334655761719 358.774169921875
105.13334655761719 358.774169921875
105.13334655761719 358.774169921875
105.13334655761719 358.774169921875
105.13334655761719 358.774169921875
105.13334655761719 358.774169921875
105.13334655761719 358.774169921875
105.13334655761719 358.774169921875
105.13334655761719 358.774169921875
105.13334655761719 358.774169921875
105.13334655761719 358.774169921875
105.13334655761719 358.774169921875
105.13334655761719 358.774169921875
105.13334655761719 358.774169921875
105.13334655761719 358.774169921875
105.13334655761719 358.774169921875
105.13334655761719 358.774169921875
105.13334655761719 358.774169921875
105.13334655761719 358.774169921875
105.13334655761719 358.774169921875
105.13334655761719 358.774169921875
105.13334655761719 358.774169921875
105.13334655761719 358.774169921875
105.13334655761719 358.774169921875
105.13334655761719 358.774169921875
105.13334655761719 358.774169921875
105.13334655761719 358.774169921875
105.13334655761719 358.774169921875
105.13334655761719 358.774169921875
105.13334655761719 358.774169921875
105.13334655761719 358.774169921875
105.13334655761719 358.774169921875
105.13334655761719 358.774169921875
105.13334655761719 358.774169921875
105.13334655761719 358.774169921875
105.13334655761719 358.774169921875
105.13334655761719 358.774169921875
105.13334655761719 358.774169921875
105.13334655761719 358.774169921875
105.13334655761719 358.774169921875
105.13334655761719 358.774169921875
105.13334655761719 358.774169921875
105.13334655761719 358.774169921875
105.13334655761719 358.774169921875
105.13334655761719 358.774169921875
105.13334655761719 358.774169921875
105.13334655761719 358.774169921875
105.13334655761719 358.774169921875
105.13334655761719 358.774169921875
105.13334655761719 358.774169921875
105.13334655761719 358.774169921875
105.13334655761719 358.774169921875
105.13334655761719 358.774169921875
105.13334655761719 358.774169921875
105.13334655761719 358.774169921875
105.13334655761719 358.774169921875
105.13334655761719 358.774169921875
105.13334655761719 358.774169921875
105.13334655761719 358.774169921875
105.13334655761719 358.774169921875
105.13334655761719 358.774169921875
105.13334655761719 358.774169921875
105.13334655761719 358.774169921875
105.13334655761719 358.774169921875
105.13334655761719 358.774169921875
105.13334655761719 358.774169921875
105.13334655761719 358.774169921875
105.13334655761719 358.774169921875
105.13334655761719 358.774169921875
105.13334655761719 358.774169921875
105.13334655761719 358.774169921875
105.13334655761719 358.774169921875
105.13334655761719 358.774169921875
105.13334655761719 358.774169921875
105.13334655761719 358.774169921875
105.13334655761719 358.774169921875
105.13334655761719 358.774169921875
105.13334655761719 358.774169921875
105.13334655761719 358.774169921875
105.13334655761719 358.774169921875
105.13334655761719 358.774169921875
105.13334655761719 358.774169921875
105.13334655761719 358.774169921875
105.13334655761719 358.774169921875
105.13334655761719 358.774169921875
105.13334655761719 358.774169921875
105.13334655761719 358.774169921875
104.517578125 358.5039367675781
104.517578125 358.5039367675781
104.517578125 358.5039367675781
104.517578125 358.5039367675781
104.517578125 358.5039367675781
104.517578125 358.5039367675781
104.517578125 358.5039367675781
104.517578125 358.5039367675781
104.517578125 358.5039367675781
104.517578125 358.5039367675781
104.517578125 358.5039367675781
104.517578125 358.5039367675781
104.517578125 358.5039367675781
104.517578125 358.5039367675781
103.81938934326172 358.5158386230469
103.12159729003906 358.5487976074219
102.42506408691406 358.602783203125
101.72994995117188 358.6777648925781
101.03651428222656 358.7737121582031
100.3421630859375 358.8909606933594
100.17538452148438 358.9288635253906
99.99835205078125 358.9847412109375
99.72493743896484 359.094482421875
99.38339233398438 359.25860595703125
98.92141723632812 359.5125732421875
98.43738555908203 359.8079528808594
97.94267272949219 360.1390686035156
97.4561996459961 360.49371337890625
96.98175811767578 360.8692626953125
96.51639556884766 361.2681884765625
96.06674194335938 361.68487548828125
95.63343048095703 362.1187438964844
95.21646881103516 362.56982421875
94.81632995605469 363.03759765625
94.72175598144531 363.1629638671875
94.65238189697266 363.2734680175781
94.57516479492188 363.42340087890625
94.49600219726562 363.6136474609375
94.35052490234375 364.0422058105469
94.1604232788086 364.6938781738281
93.98609924316406 365.3691101074219
93.83101654052734 366.05413818359375
93.69638061523438 366.7434997558594
93.58230590820312 367.43658447265625
93.4888916015625 368.1328125
93.41622924804688 368.83154296875
93.36436462402344 369.53228759765625
93.33335876464844 370.234130859375
93.32329559326172 370.9354553222656
93.33425903320312 371.6325378417969
93.36619567871094 372.3180847167969
93.4175033569336 372.95635986328125
93.4917221069336 373.5923156738281
93.5887680053711 374.2252197265625
93.70854949951172 374.8545227050781
93.85306549072266 375.4904479980469
94.02938842773438 376.1640319824219
94.22633361816406 376.8328857421875
94.44367980957031 377.496337890625
94.75334930419922 378.38726806640625
94.99435424804688 379.04254150390625
95.2550277709961 379.6902770996094
95.6183853149414 380.546875
95.988037109375 381.40185546875
96.36000061035156 382.2451171875
96.73910522460938 383.0868225097656
97.05340576171875 383.7541809082031
97.43887329101562 384.53253173828125
97.83922576904297 385.31597900390625
98.24906158447266 386.09478759765625
98.66819763183594 386.86859130859375
99.09657287597656 387.6372985839844
99.53417205810547 388.4008483886719
99.98088836669922 389.1590881347656
100.43666076660156 389.9118957519531
100.90145874023438 390.65924072265625
101.37518310546875 391.4009704589844
101.85779571533203 392.1369934082031
102.34919738769531 392.8671875
102.84931182861328 393.5914611816406
103.35810852050781 394.3097229003906
103.87547302246094 395.0218505859375
104.40133666992188 395.7277526855469
104.93565368652344 396.4273376464844
105.47831726074219 397.1205139160156
106.02925109863281 397.8071594238281
106.58836364746094 398.4871520996094
107.15557098388672 399.1604309082031
107.73079681396484 399.8268737792969
108.31394958496094 400.48638916015625
108.90495300292969 401.13885498046875
109.50372314453125 401.7842102050781
110.11016845703125 402.42236328125
110.72420501708984 403.05322265625
111.34574890136719 403.67669677734375
111.9747085571289 404.29266357421875
112.61099243164062 404.90106201171875
113.25450897216797 405.5018310546875
113.90516662597656 406.0948486328125
114.56287384033203 406.6800231933594
115.22753143310547 407.2572937011719
115.8990478515625 407.8265686035156
116.57733154296875 408.3877868652344
117.26227569580078 408.9408264160156
118.0031967163086 409.52850341796875
118.74729919433594 410.1121520996094
119.49457550048828 410.6917724609375
120.19486999511719 411.2252502441406
120.95211029052734 411.7917785644531
121.71240997314453 412.35418701171875
122.42469787597656 412.8715515136719
123.19465637207031 413.4206237792969
123.96758270263672 413.96551513671875
124.69149780273438 414.46649169921875
125.42134857177734 414.9587707519531
126.2098159790039 415.48065185546875
127.00108337402344 415.9981994628906
127.79524993896484 416.5115051269531
128.5387420654297 416.9829406738281
129.34146118164062 417.4821472167969
130.14682006835938 417.9768981933594
130.9009246826172 418.43115234375
131.660400390625 418.8763732910156
132.4795684814453 419.34698486328125
133.30174255371094 419.8133239746094
134.12635803222656 420.27508544921875
134.898193359375 420.6985168457031
135.7292938232422 421.14495849609375
136.5084686279297 421.5547180175781
137.3480682373047 421.98687744140625
138.13430786132812 422.3829040527344
138.980712890625 422.7999267578125
139.7738037109375 423.1820373535156
140.62644958496094 423.5835876464844
141.4261932373047 423.95159912109375
142.28433227539062 424.33721923828125
143.14369201660156 424.71722412109375
143.95201110839844 425.0660095214844
144.82008361816406 425.43145751953125
145.6344757080078 425.76580810546875
146.4528045654297 426.09039306640625
147.33212280273438 426.4302062988281
148.19747924804688 426.758056640625
149.0611572265625 427.0777282714844
149.92245483398438 427.3885192871094
150.7805633544922 427.6897277832031
151.65675354003906 427.98919677734375
152.5050048828125 428.2705993652344
153.34744262695312 428.53973388671875
154.1891326904297 428.7977600097656
155.0561981201172 429.0533752441406
155.91807556152344 429.298095703125
156.7738494873047 429.5310974121094
156.7738494873047 429.5310974121094
156.7738494873047 429.5310974121094
156.7738494873047 429.5310974121094
156.7738494873047 429.5310974121094
156.7738494873047 429.5310974121094
156.7738494873047 429.5310974121094
156.7738494873047 429.5310974121094
156.7738494873047 429.5310974121094
156.7738494873047 429.5310974121094
156.7738494873047 429.5310974121094
156.7738494873047 429.5310974121094
156.7738494873047 429.5310974121094
156.7738494873047 429.5310974121094
156.7738494873047 429.5310974121094
156.7738494873047 429.5310974121094
156.7738494873047 429.5310974121094
156.7738494873047 429.5310974121094
156.7738494873047 429.5310974121094
156.7738494873047 429.5310974121094
156.7738494873047 429.5310974121094
156.7738494873047 429.5310974121094
156.7738494873047 429.5310974121094
156.7738494873047 429.5310974121094
156.7738494873047 429.5310974121094
156.7738494873047 429.5310974121094
156.7738494873047 429.5310974121094
156.7738494873047 429.5310974121094
156.7738494873047 429.5310974121094
156.7738494873047 429.5310974121094
156.7738494873047 429.5310974121094
156.7738494873047 429.5310974121094
156.7738494873047 429.5310974121094
156.7738494873047 429.5310974121094
156.7738494873047 429.5310974121094
156.7738494873047 429.5310974121094
156.7738494873047 429.5310974121094
156.7738494873047 429.5310974121094
156.7738494873047 429.5310974121094
156.7738494873047 429.5310974121094
156.7738494873047 429.5310974121094
156.7738494873047 429.5310974121094
156.7738494873047 429.5310974121094
156.7738494873047 429.5310974121094
156.7738494873047 429.5310974121094
156.7738494873047 429.5310974121094
156.7738494873047 429.5310974121094
156.7738494873047 429.5310974121094
156.7738494873047 429.5310974121094
156.7738494873047 429.5310974121094
156.7738494873047 429.5310974121094
156.7738494873047 429.5310974121094
156.7738494873047 429.5310974121094
156.7738494873047 429.5310974121094
156.7738494873047 429.5310974121094
156.7738494873047 429.5310974121094
156.7738494873047 429.5310974121094
156.7738494873047 429.5310974121094
156.7738494873047 429.5310974121094
156.7738494873047 429.5310974121094
156.7738494873047 429.5310974121094
156.7738494873047 429.5310974121094
156.7738494873047 429.5310974121094
156.7738494873047 429.5310974121094
156.7738494873047 429.5310974121094
156.7738494873047 429.5310974121094
156.7738494873047 429.5310974121094
156.7738494873047 429.5310974121094
156.7738494873047 429.5310974121094
156.7738494873047 429.5310974121094
156.7738494873047 429.5310974121094
156.7738494873047 429.5310974121094
156.7738494873047 429.5310974121094
156.7738494873047 429.5310974121094
156.7738494873047 429.5310974121094
157.4942626953125 429.0251159667969
157.4942626953125 429.0251159667969
157.4942626953125 429.0251159667969
157.4942626953125 429.0251159667969
157.4942626953125 429.0251159667969
157.4942626953125 429.0251159667969
157.4942626953125 429.0251159667969
157.4942626953125 429.0251159667969
157.4942626953125 429.0251159667969
157.4942626953125 429.0251159667969
157.4942626953125 429.0251159667969
157.4942626953125 429.0251159667969
157.4942626953125 429.0251159667969
157.4942626953125 429.0251159667969
157.4942626953125 429.0251159667969
157.4942626953125 429.0251159667969
157.4942626953125 429.0251159667969
157.4942626953125 429.0251159667969
157.4942626953125 429.0251159667969
157.4942626953125 429.0251159667969
157.4942626953125 429.0251159667969
157.4942626953125 429.0251159667969
157.4942626953125 429.0251159667969
157.4942626953125 429.0251159667969
157.4942626953125 429.0251159667969
157.4942626953125 429.0251159667969
157.4942626953125 429.0251159667969
157.4942626953125 429.0251159667969
157.4942626953125 429.0251159667969
157.4942626953125 429.0251159667969
157.4942626953125 429.0251159667969
157.4942626953125 429.0251159667969
157.4942626953125 429.0251159667969
157.4942626953125 429.0251159667969
157.4942626953125 429.0251159667969
157.4942626953125 429.0251159667969
157.4942626953125 429.0251159667969
157.4942626953125 429.0251159667969
157.4942626953125 429.0251159667969
157.4942626953125 429.0251159667969
157.4942626953125 429.0251159667969
157.4942626953125 429.0251159667969
157.4942626953125 429.0251159667969
157.4942626953125 429.0251159667969
157.4942626953125 429.0251159667969
157.4942626953125 429.0251159667969
157.4942626953125 429.0251159667969
157.4942626953125 429.0251159667969
157.4942626953125 429.0251159667969
157.4942626953125 429.0251159667969
157.4942626953125 429.0251159667969
157.48878479003906 428.65203857421875
157.45994567871094 428.2799377441406
157.40794372558594 427.9110412597656
157.33290100097656 427.5460510253906
157.2352294921875 427.1869201660156
157.1151885986328 426.8345031738281
157.0865936279297 426.7679748535156
157.06434631347656 426.7272644042969
157.0487518310547 426.70428466796875
157.0350341796875 426.68780517578125
157.02313232421875 426.6760559082031
157.01010131835938 426.6654968261719
156.99832153320312 426.6577453613281
156.9875946044922 426.6521301269531
156.84164428710938 426.5918273925781
156.5772247314453 426.5060729980469
156.22683715820312 426.41827392578125
155.7377471923828 426.324951171875
155.17837524414062 426.24517822265625
154.61061096191406 426.1890869140625
153.99815368652344 426.15374755859375
153.35157775878906 426.140380859375
152.69508361816406 426.1496887207031
152.02955627441406 426.1816711425781
151.30735778808594 426.23846435546875
150.6000518798828 426.314208984375
149.8878631591797 426.41107177734375
149.13246154785156 426.5337219238281
148.37355041503906 426.675048828125
147.637939453125 426.8302307128906
146.86721801757812 427.01129150390625
146.0780792236328 427.2131652832031
145.2861328125 427.4311828613281
144.5210723876953 427.65753173828125
143.76950073242188 427.89691162109375
143.0010986328125 428.1586608886719
142.2313232421875 428.4368591308594
141.4599151611328 428.73126220703125
140.68824768066406 429.041015625
139.89495849609375 429.3737487792969
139.10110473632812 429.7195739746094
138.3063201904297 430.0782470703125
137.49305725097656 430.4566345214844
136.68006896972656 430.8449401855469
135.900634765625 431.2283020019531
135.10609436035156 431.63104248046875
134.31256103515625 432.0440368652344
133.5067901611328 432.4732971191406
132.71017456054688 432.90692138671875
131.90330505371094 433.3550720214844
131.094482421875 433.8121643066406
130.30081176757812 434.26885986328125
129.49993896484375 434.7380676269531
128.70120239257812 435.21368408203125
127.90470123291016 435.6955261230469
127.11052703857422 436.18341064453125
126.31876373291016 436.67718505859375
125.5316162109375 437.1755065917969
124.74683380126953 437.6798095703125
123.96450805664062 438.18994140625
123.18098449707031 438.7079772949219
122.40015411376953 439.23101806640625
121.6220703125 439.7590026855469
120.84757995605469 440.2913513183594
120.07585144042969 440.8286437988281
119.30693054199219 441.37078857421875
118.5408706665039 441.917724609375
117.7777099609375 442.4693603515625
117.01616668701172 443.0264892578125
116.25789642333984 443.58782958984375
115.50263977050781 444.153564453125
114.75041961669922 444.7236633300781
114.00127410888672 445.2980651855469
113.25466918945312 445.87713623046875
112.5112075805664 446.4603576660156
111.77091217041016 447.0477294921875
111.03380584716797 447.6391906738281
110.29991912841797 448.2347106933594
109.56926727294922 448.83428955078125
108.84171295166016 449.4380187988281
108.11744689941406 450.04571533203125
107.39665222167969 450.6572570800781
106.67903137207031 451.2728576660156
105.96475982666016 451.89239501953125
105.25386047363281 452.51580810546875
104.54635620117188 453.1430969238281
103.84226989746094 453.77423095703125
103.14156341552734 454.40924072265625
102.4443130493164 455.0480651855469
101.928466796875 455.5372314453125
101.25353240966797 456.19964599609375
100.58219909667969 456.86572265625
99.91448974609375 457.5354309082031
99.25042724609375 458.2087707519531
98.59002685546875 458.8857116699219
97.93330383300781 459.56622314453125
97.32750701904297 460.2049865722656
96.68272399902344 460.8968200683594
96.04174041748047 461.59210205078125
95.40452575683594 462.2908630371094
94.7711181640625 462.9930725097656
94.18717956542969 463.6518859863281
93.56673431396484 464.3643493652344
92.94989013671875 465.0805969238281
92.33705139160156 465.80010986328125
91.77208709716797 466.4752502441406
91.17210388183594 467.20513916015625
90.57745361328125 467.9368591308594
89.98602294921875 468.6730651855469
89.44070434570312 469.36419677734375
88.86273956298828 470.110107421875
88.29188537597656 470.8558349609375
87.72342681884766 471.60760498046875
87.19869232177734 472.3144836425781
86.64468383789062 473.07489013671875
86.1015625 473.8305358886719
85.56582641601562 474.5871887207031
85.0299072265625 475.35516357421875
84.5327377319336 476.0816955566406
84.01374816894531 476.8556213378906
83.5019302368164 477.6304931640625
82.99064636230469 478.4159240722656
82.4854736328125 479.2029113769531
82.01677703857422 479.9481201171875
81.5291976928711 480.73992919921875
81.04920196533203 481.5321350097656
80.57746124267578 482.3241882324219
80.1147689819336 483.11553955078125
79.66200256347656 483.9054870605469
79.22013854980469 484.6933288574219
78.77537536621094 485.502685546875
78.33934020996094 486.31121826171875
77.9128646850586 487.11822509765625
77.49686431884766 487.9229736328125
77.09233856201172 488.7247009277344
76.6852798461914 489.5500183105469
76.28744506835938 490.3736877441406
75.89970397949219 491.1949768066406
75.52299499511719 492.0130615234375
75.15831756591797 492.8271179199219
74.80670928955078 493.6363525390625
74.46548461914062 494.4478759765625
74.13399505615234 495.263427734375
73.81228637695312 496.0828857421875
73.50040435791016 496.9061279296875
73.19839477539062 497.7330627441406
72.90630340576172 498.56353759765625
72.6241683959961 499.3974609375
72.3520278930664 500.23468017578125
72.08992767333984 501.0751037597656
71.83789825439453 501.9186096191406
71.59597778320312 502.76507568359375
71.36420440673828 503.6143798828125
71.14260864257812 504.46636962890625
70.93122100830078 505.3209533691406
70.73007202148438 506.1780090332031
70.53919219970703 507.03741455078125
70.35860443115234 507.8990478515625
70.18833923339844 508.7627868652344
70.0284194946289 509.62847900390625
69.87886810302734 510.49603271484375
69.73970794677734 511.3653259277344
69.6109619140625 512.2362060546875
69.49264526367188 513.1085815429688
69.38477325439453 513.9822998046875
69.28736114501953 514.8572387695312
69.20043182373047 515.7332153320312
69.12398529052734 516.6102294921875
69.0580825805664 517.4877319335938
69.0027084350586 518.3660278320312
68.9578857421875 519.2447509765625
68.92363739013672 520.123779296875
68.89997100830078 521.0029907226562
68.88690948486328 521.88232421875
68.88444519042969 522.7617797851562
68.89259338378906 523.640869140625
68.91136932373047 524.5198364257812
68.94076538085938 525.3983764648438
68.98078918457031 526.276123046875
69.03145599365234 527.1533813476562
69.09275817871094 528.02978515625
69.1646957397461 528.9054565429688
69.24726104736328 529.7802734375
69.34042358398438 530.6538696289062
69.44417572021484 531.526123046875
69.55850982666016 532.3969116210938
69.68344116210938 533.2662963867188
69.81892395019531 534.1339721679688
69.96493530273438 534.9996337890625
70.12152099609375 535.8636474609375
70.28858184814453 536.725341796875
70.46620178222656 537.5851440429688
70.65422821044922 538.4422607421875
70.8525390625 539.2959594726562
71.06153869628906 540.1478881835938
71.28067779541016 540.9957885742188
71.50955963134766 541.8374633789062
71.74981689453125 542.6788330078125
71.99952697753906 543.5130004882812
72.25790405273438 544.3359985351562
72.52937316894531 545.1618041992188
72.80921936035156 545.9758911132812
73.09703063964844 546.7753295898438
73.39997100830078 547.5798950195312
73.7107925415039 548.370361328125
74.03694152832031 549.1655883789062
74.37699890136719 549.9635620117188
74.72511291503906 550.7505493164062
75.0811767578125 551.5252685546875
75.45240783691406 552.3035888671875
75.83174133300781 553.0708618164062
76.21955108642578 553.8270874023438
76.61650848388672 554.5728759765625
77.02970123291016 555.3218994140625
77.45779418945312 556.0728759765625
77.894775390625 556.8156127929688
78.34539031982422 557.5584716796875
78.80509948730469 558.2942504882812
79.27424621582031 559.0234375
79.755615234375 559.7506103515625
80.2463150024414 560.4716796875
80.7476806640625 561.188720703125
81.2587890625 561.9006958007812
81.77873229980469 562.6064453125
82.3074722290039 563.305908203125
82.84513854980469 563.999267578125
83.39134979248047 564.6861572265625
83.9460220336914 565.3663940429688
84.50910186767578 566.0399780273438
85.0804214477539 566.7067260742188
85.65990447998047 567.3665161132812
86.24744415283203 568.019287109375
86.84292602539062 568.6649169921875
87.44627380371094 569.3033447265625
88.05738067626953 569.9343872070312
88.67615509033203 570.5580444335938
89.3025131225586 571.1741943359375
89.93634796142578 571.78271484375
90.57756805419922 572.383544921875
91.22608184814453 572.9766235351562
91.88179016113281 573.5618286132812
92.54458618164062 574.1390991210938
93.21438598632812 574.7083740234375
93.89106750488281 575.2695922851562
94.57455444335938 575.8226318359375
95.2647476196289 576.367431640625
95.96150970458984 576.9038696289062
96.6647720336914 577.4319458007812
97.37439727783203 577.9515380859375
98.04676818847656 578.4287719726562
98.69470977783203 578.8698120117188
99.3025894165039 579.2620239257812
99.90660095214844 579.6278076171875
100.50177764892578 579.9638671875
101.03335571289062 580.2393188476562
101.5133285522461 580.4620361328125
101.5133285522461 580.4620361328125
101.5133285522461 580.4620361328125
101.5133285522461 580.4620361328125
101.5133285522461 580.4620361328125
101.78274536132812 580.4952392578125
101.78274536132812 580.4952392578125
102.02635192871094 580.48876953125
102.27998352050781 580.4629516601562
102.44499206542969 580.432861328125
102.59032440185547 580.3934936523438
102.6751480102539 580.3623046875
102.735595703125 580.33349609375
102.77066802978516 580.3125
102.79080200195312 580.297607421875
102.80952453613281 580.28076171875
102.82290649414062 580.26611328125
102.83473205566406 580.2503051757812
102.86637115478516 580.1981811523438
102.91197204589844 580.104736328125
102.98230743408203 579.9227905273438
103.0444564819336 579.7141723632812
103.12200164794922 579.3646850585938
103.2034683227539 578.8648681640625
103.25995635986328 578.36328125
103.29651641845703 577.8048095703125
103.31170654296875 577.183349609375
103.30327606201172 576.5679321289062
103.27022552490234 575.9016723632812
103.21381378173828 575.2120361328125
103.1353759765625 574.5139770507812
103.03431701660156 573.8007202148438
102.91146850585938 573.0762939453125
102.76757049560547 572.3435668945312
102.6039047241211 571.6078491210938
102.42015075683594 570.8666381835938
102.21354675292969 570.1067504882812
101.9892807006836 569.34521484375
101.747314453125 568.5809326171875
101.48816680908203 567.8145141601562
101.20571899414062 567.025390625
100.90853118896484 566.2348022460938
100.59709167480469 565.4431762695312
100.27188110351562 564.6507568359375
99.93338012695312 563.85791015625
99.5820541381836 563.0648803710938
99.21822357177734 562.2716674804688
98.83503723144531 561.4610595703125
98.44200134277344 560.6510009765625
98.04464721679688 559.853271484375
97.63661193847656 559.0554809570312
97.21858978271484 558.25830078125
96.7911376953125 557.4622192382812
96.35462188720703 556.66748046875
95.90940856933594 555.8742065429688
95.45040893554688 555.0720825195312
94.98456573486328 554.27197265625
94.51209259033203 553.4739990234375
94.03115844726562 552.674560546875
93.5479736328125 551.8839721679688
93.0582046508789 551.0955200195312
92.56205749511719 550.3093872070312
92.05680084228516 549.5205078125
91.54620361328125 548.7341918945312
91.03036499023438 547.9505004882812
90.51009368896484 547.1707153320312
89.98455810546875 546.3935546875
89.4538803100586 545.6190795898438
88.916748046875 544.8450927734375
88.3749771118164 544.073974609375
87.82981872558594 543.3076171875
87.27876281738281 542.54248046875
86.72322082519531 541.7802734375
86.16323852539062 541.0210571289062
85.59841918945312 540.2642211914062
85.02932739257812 539.5104370117188
84.45600128173828 538.759765625
83.87893676757812 538.0128784179688
83.29759216308594 537.2691040039062
82.71160888671875 536.5278930664062
82.12150573730469 535.7899169921875
81.52735137939453 535.05517578125
80.92911529541016 534.3236694335938
80.32682800292969 533.5953979492188
79.72034454345703 532.8701782226562
79.10989379882812 532.1482543945312
78.49549102783203 531.4296875
77.87709045410156 530.71435546875
77.25479888916016 530.0023803710938
76.6286392211914 529.2938232421875
75.99862670898438 528.588623046875
75.36478424072266 527.8869018554688
74.72712707519531 527.1885986328125
74.08567810058594 526.4937744140625
73.44046020507812 525.8024291992188
72.79148864746094 525.1146240234375
72.13876342773438 524.4302978515625
71.48233032226562 523.7495727539062
70.82220458984375 523.0723876953125
70.15840911865234 522.3988037109375
69.49095916748047 521.7288208007812
68.81987762451172 521.0625
68.14518737792969 520.3997802734375
67.46691131591797 519.7407836914062
66.78507232666016 519.08544921875
66.09968566894531 518.433837890625
65.41077423095703 517.7859497070312
64.71835327148438 517.1417846679688
64.02245330810547 516.5014038085938
63.32308578491211 515.8648071289062
62.620277404785156 515.2320556640625
61.91404724121094 514.6031494140625
61.20441818237305 513.9780883789062
60.49140930175781 513.3568725585938
59.775047302246094 512.7395629882812
59.05535125732422 512.1261596679688
58.33234786987305 511.5166931152344
57.60605239868164 510.9111633300781
56.876495361328125 510.30963134765625
56.143699645996094 509.71209716796875
55.407691955566406 509.11859130859375
54.66850280761719 508.5291442871094
53.92615509033203 507.94378662109375
53.18068313598633 507.362548828125
52.43212127685547 506.78546142578125
51.68050003051758 506.2125549316406
50.92586135864258 505.6438903808594
50.16824722290039 505.0794982910156
49.40770721435547 504.51947021484375
48.64429473876953 503.9638366699219
47.87788391113281 503.41253662109375
47.10869216918945 502.8657531738281
46.33711624145508 502.3238525390625
45.56257629394531 501.7864685058594
44.785518646240234 501.2539367675781
44.00605773925781 500.7264099121094
43.22433853149414 500.2041015625
42.441646575927734 499.6880187988281
41.65729904174805 499.177978515625
40.87159729003906 498.6743469238281
40.08489990234375 498.1776123046875
39.29762649536133 497.6883239746094
38.510276794433594 497.2071533203125
37.72341537475586 496.73486328125
36.937679290771484 496.2723083496094
36.15375900268555 495.8204650878906
35.37237548828125 495.3803405761719
34.59423828125 494.9530334472656
33.817726135253906 494.5382385253906
33.03630447387695 494.1327819824219
32.25008773803711 493.7366943359375
31.45918846130371 493.35003662109375
30.663721084594727 492.9728698730469
29.863798141479492 492.6052551269531
29.059534072875977 492.2472229003906
28.25104522705078 491.89886474609375
27.438446044921875 491.5601806640625
26.62185287475586 491.23126220703125
25.801382064819336 490.9121398925781
24.97715187072754 490.60284423828125
24.149280548095703 490.3034362792969
23.317886352539062 490.0139465332031
22.48308753967285 489.73443603515625
21.645004272460938 489.4649353027344
20.803756713867188 489.2054748535156
19.95946502685547 488.9560852050781
19.11225128173828 488.7168273925781
18.262235641479492 488.48773193359375
17.4095401763916 488.268798828125
16.554285049438477 488.0600891113281
16.554285049438477 488.0600891113281
16.554285049438477 488.0600891113281
16.554285049438477 488.0600891113281
16.554285049438477 488.0600891113281
16.554285049438477 488.0600891113281
16.554285049438477 488.0600891113281
16.554285049438477 488.0600891113281
16.554285049438477 488.0600891113281
16.554285049438477 488.0600891113281
16.554285049438477 488.0600891113281
16.554285049438477 488.0600891113281
16.554285049438477 488.0600891113281
16.554285049438477 488.0600891113281
16.554285049438477 488.0600891113281
16.554285049438477 488.0600891113281
16.554285049438477 488.0600891113281
16.554285049438477 488.0600891113281
16.554285049438477 488.0600891113281
16.554285049438477 488.0600891113281
16.554285049438477 488.0600891113281
16.554285049438477 488.0600891113281
16.554285049438477 488.0600891113281
16.554285049438477 488.0600891113281
16.554285049438477 488.0600891113281
16.554285049438477 488.0600891113281
16.554285049438477 488.0600891113281
16.554285049438477 488.0600891113281
16.554285049438477 488.0600891113281
16.554285049438477 488.0600891113281
16.554285049438477 488.0600891113281
16.554285049438477 488.0600891113281
16.554285049438477 488.0600891113281
16.554285049438477 488.0600891113281
16.554285049438477 488.0600891113281
16.554285049438477 488.0600891113281
16.554285049438477 488.0600891113281
16.554285049438477 488.0600891113281
16.554285049438477 488.0600891113281
16.554285049438477 488.0600891113281
16.554285049438477 488.0600891113281
16.554285049438477 488.0600891113281
16.554285049438477 488.0600891113281
16.554285049438477 488.0600891113281
16.554285049438477 488.0600891113281
16.554285049438477 488.0600891113281
16.554285049438477 488.0600891113281
16.554285049438477 488.0600891113281
16.554285049438477 488.0600891113281
16.554285049438477 488.0600891113281
16.554285049438477 488.0600891113281
16.554285049438477 488.0600891113281
16.554285049438477 488.0600891113281
16.554285049438477 488.0600891113281
16.554285049438477 488.0600891113281
16.554285049438477 488.0600891113281
16.554285049438477 488.0600891113281
16.554285049438477 488.0600891113281
16.554285049438477 488.0600891113281
16.554285049438477 488.0600891113281
16.554285049438477 488.0600891113281
16.554285049438477 488.0600891113281
16.554285049438477 488.0600891113281
16.554285049438477 488.0600891113281
16.554285049438477 488.0600891113281
16.554285049438477 488.0600891113281
16.554285049438477 488.0600891113281
16.554285049438477 488.0600891113281
16.554285049438477 488.0600891113281
16.554285049438477 488.0600891113281
16.554285049438477 488.0600891113281
16.554285049438477 488.0600891113281
16.554285049438477 488.0600891113281
16.554285049438477 488.0600891113281
16.554285049438477 488.0600891113281
16.554285049438477 488.0600891113281
16.554285049438477 488.0600891113281
16.554285049438477 488.0600891113281
16.554285049438477 488.0600891113281
16.554285049438477 488.0600891113281
16.554285049438477 488.0600891113281
16.554285049438477 488.0600891113281
16.554285049438477 488.0600891113281
16.554285049438477 488.0600891113281
16.554285049438477 488.0600891113281
16.554285049438477 488.0600891113281
16.554285049438477 488.0600891113281
16.554285049438477 488.0600891113281
16.554285049438477 488.0600891113281
16.554285049438477 488.0600891113281
16.554285049438477 488.0600891113281
16.554285049438477 488.0600891113281
16.554285049438477 488.0600891113281
16.554285049438477 488.0600891113281
16.554285049438477 488.0600891113281
16.554285049438477 488.0600891113281
16.554285049438477 488.0600891113281
16.554285049438477 488.0600891113281
16.554285049438477 488.0600891113281
16.554285049438477 488.0600891113281
16.554285049438477 488.0600891113281
16.554285049438477 488.0600891113281
16.554285049438477 488.0600891113281
16.554285049438477 488.0600891113281
16.554285049438477 488.0600891113281
16.554285049438477 488.0600891113281
16.554285049438477 488.0600891113281
16.554285049438477 488.0600891113281
16.554285049438477 488.0600891113281
16.554285049438477 488.0600891113281
16.52184295654297 488.4325866699219
16.512807846069336 488.805419921875
16.52715492248535 489.1781921386719
16.564773559570312 489.5487060546875
16.593849182128906 489.7139587402344
16.632471084594727 489.8601989746094
16.667213439941406 489.95672607421875
16.696237564086914 490.01885986328125
16.717599868774414 490.0552062988281
16.736780166625977 490.0816345214844
16.752840042114258 490.0997619628906
16.76661491394043 490.112548828125
16.77855110168457 490.1216125488281
16.830589294433594 490.1537780761719
16.923236846923828 490.19989013671875
17.07245445251465 490.2586364746094
17.27447509765625 490.3197326660156
17.6112003326416 490.3955383300781
18.101709365844727 490.47650146484375
18.593286514282227 490.5323791503906
19.19369888305664 490.5732727050781
19.880659103393555 490.5955810546875
20.55047607421875 490.5957946777344
21.229454040527344 490.57391357421875
21.916805267333984 490.5299987792969
22.658992767333984 490.4614562988281
23.338403701782227 490.3791198730469
24.06075668334961 490.2700500488281
24.79169464111328 490.139892578125
25.52568817138672 489.9898681640625
26.265316009521484 489.81964111328125
27.020383834838867 489.62738037109375
27.779014587402344 489.4166259765625
28.53901481628418 489.188232421875
29.303569793701172 488.9415588378906
30.088960647583008 488.67218017578125
30.875892639160156 488.3875427246094
31.663450241088867 488.08831787109375
32.452430725097656 487.7745666503906
33.24199295043945 487.44696044921875
34.0318603515625 487.10595703125
34.821407318115234 486.7521667480469
35.629844665527344 486.37799072265625
36.42360305786133 485.9994812011719
37.217227935791016 485.6094665527344
38.011199951171875 485.20806884765625
38.81454086303711 484.7915344238281
39.616512298583984 484.3661193847656
40.40903854370117 483.9360046386719
41.20024108886719 483.49664306640625
42.00150680541992 483.04254150390625
42.80088424682617 482.58123779296875
43.598243713378906 482.1129455566406
44.397430419921875 481.63580322265625
45.19676971435547 481.1512451171875
45.984832763671875 480.66595458984375
46.770748138427734 480.1739807128906
47.560142517089844 479.6722412109375
48.34703063964844 479.16497802734375
49.13134765625 478.65228271484375
49.91302490234375 478.1343078613281
50.69076919555664 477.6119079589844
51.46588134765625 477.08416748046875
52.240882873535156 476.54962158203125
53.013057708740234 476.0103759765625
53.78236770629883 475.4664611816406
54.54877471923828 474.9179382324219
55.31224060058594 474.3648681640625
56.072731018066406 473.8072814941406
56.83095169067383 473.2447509765625
57.58613967895508 472.67791748046875
58.33826446533203 472.1068115234375
59.08729934692383 471.5314636230469
59.833213806152344 470.951904296875
60.576358795166016 470.3678894042969
61.31598663330078 469.780029296875
62.05242156982422 469.18804931640625
62.78557586669922 468.592041015625
63.51549530029297 467.991943359375
64.24215698242188 467.3877868652344
64.96576690673828 466.7794189453125
65.68606567382812 466.1671142578125
66.40314483642578 465.55078125
67.11686706542969 464.9305419921875
67.82720947265625 464.306396484375
68.5341567993164 463.67840576171875
69.23768615722656 463.04656982421875
69.93777465820312 462.4109191894531
70.63443756103516 461.77142333984375
71.3276138305664 461.1281433105469
72.01726531982422 460.48114013671875
72.70342254638672 459.83038330078125
73.38603210449219 459.1759033203125
74.06507873535156 458.5177001953125
74.74055480957031 457.8558349609375
75.41242980957031 457.1903076171875
76.0806884765625 456.5211181640625
76.74530029296875 455.84832763671875
77.40625 455.17193603515625
78.06351470947266 454.4919738769531
78.71707916259766 453.8084411621094
79.3669204711914 453.1213684082031
80.01302337646484 452.4307861328125
80.65536499023438 451.7366943359375
81.2939224243164 451.0391540527344
81.92868041992188 450.338134765625
82.55961608886719 449.6336975097656
83.18670654296875 448.92584228515625
83.8099365234375 448.214599609375
84.42928314208984 447.5
85.04472351074219 446.78204345703125
85.65624237060547 446.060791015625
86.26380920410156 445.33624267578125
86.8674087524414 444.6083984375
87.46701049804688 443.8773193359375
88.06259155273438 443.14300537109375
88.65412902832031 442.4054870605469
89.24158477783203 441.6648254394531
89.82493591308594 440.9210205078125
90.40413665771484 440.1741027832031
90.97915649414062 439.42413330078125
91.54994201660156 438.6711120605469
92.11644744873047 437.9151306152344
92.6786117553711 437.15618896484375
93.23636627197266 436.3943786621094
93.78963470458984 435.6297607421875
94.33831787109375 434.8623962402344
94.88230895996094 434.0923767089844
95.42147064208984 433.3197937011719
95.9560317993164 432.54425048828125
96.48556518554688 431.76629638671875
97.00988006591797 430.986083984375
97.52794647216797 430.2048645019531
98.03997802734375 429.4219970703125
98.54557037353516 428.63775634765625
99.04425048828125 427.8525085449219
99.53545379638672 427.0666809082031
100.01851654052734 426.2807312011719
100.49267578125 425.4952697753906
100.95707702636719 424.7109069824219
101.4107666015625 423.9283142089844
101.85271453857422 423.148193359375
102.28184509277344 422.37127685546875
102.69851684570312 421.59576416015625
103.10588073730469 420.8153381347656
103.5038833618164 420.03009033203125
103.8924560546875 419.2401428222656
104.27155303955078 418.4455871582031
104.64111328125 417.6465759277344
105.00109100341797 416.84320068359375
105.35143280029297 416.0355529785156
105.69208526611328 415.2237854003906
106.02300262451172 414.4079895019531
106.34413146972656 413.5882873535156
106.65543365478516 412.7648010253906
106.95686340332031 411.9376525878906
107.24837493896484 411.1069641113281
107.52992248535156 410.2728576660156
107.80147552490234 409.4354248046875
108.06298828125 408.5948181152344
108.31442260742188 407.7511291503906
108.55574798583984 406.9045104980469
108.78692626953125 406.0550537109375
109.00792694091797 405.202880859375
109.21871948242188 404.34814453125
109.41926574707031 403.4909362792969
109.60954284667969 402.63140869140625
109.78952026367188 401.7696533203125
109.95917510986328 400.9057922363281
110.11848449707031 400.03997802734375
110.26742553710938 399.1723327636719
110.40597534179688 398.3029479980469
110.53411102294922 397.4319763183594
110.65181732177734 396.5595397949219
110.75907897949219 395.6857604980469
110.85588073730469 394.8107604980469
110.94220733642578 393.9346618652344
111.0180435180664 393.0575866699219
111.0832290649414 392.1809387207031
111.1378173828125 391.3034973144531
111.18177795410156 390.4256286621094
111.21510314941406 389.5474548339844
111.2377700805664 388.66912841796875
111.2497787475586 387.79052734375
111.2511215209961 386.9120178222656
111.24177551269531 386.0340881347656
111.22171783447266 385.1562194824219
111.19095611572266 384.2790832519531
111.14947509765625 383.4038391113281
111.09715270996094 382.5282897949219
111.03416442871094 381.656494140625
110.96012115478516 380.7836608886719
110.87714385986328 379.94610595703125
110.78014373779297 379.0992736816406
110.67253112792969 378.275390625
110.55001831054688 377.4441223144531
110.417236328125 376.639404296875
110.26942443847656 375.83575439453125
110.10735321044922 375.0375061035156
109.93080139160156 374.2440185546875
109.73926544189453 373.453125
109.53335571289062 372.66741943359375
109.3125228881836 371.8848571777344
109.07747650146484 371.10797119140625
108.82826232910156 370.337158203125
108.56495666503906 369.5728759765625
108.28665924072266 368.81256103515625
107.99446868896484 368.0592346191406
107.6884536743164 367.313232421875
107.36865997314453 366.57489013671875
107.03384399414062 365.84130859375
106.68545532226562 365.11566162109375
106.32350158691406 364.3981018066406
105.94673156738281 363.6861267089844
105.5554428100586 362.9801025390625
105.15100860595703 362.2825012207031
104.73344421386719 361.5934143066406
104.30175018310547 360.9111633300781
103.85716247558594 360.23760986328125
103.39970397949219 359.5728454589844
102.9286880493164 358.915771484375
102.9286880493164 358.915771484375
102.9286880493164 358.915771484375
102.9286880493164 358.915771484375
102.9286880493164 358.915771484375
102.9286880493164 358.915771484375
102.9286880493164 358.915771484375
102.9286880493164 358.915771484375
102.9286880493164 358.915771484375
102.49594116210938 358.5268859863281
102.49594116210938 358.5268859863281
102.49594116210938 358.5268859863281
102.49594116210938 358.5268859863281
102.49594116210938 358.5268859863281
102.49594116210938 358.5268859863281
102.49594116210938 358.5268859863281
102.49594116210938 358.5268859863281
102.49594116210938 358.5268859863281
102.49594116210938 358.5268859863281
102.49594116210938 358.5268859863281
102.49594116210938 358.5268859863281
102.49594116210938 358.5268859863281
102.49594116210938 358.5268859863281
102.49594116210938 358.5268859863281
102.49594116210938 358.5268859863281
102.49594116210938 358.5268859863281
102.49594116210938 358.5268859863281
102.49594116210938 358.5268859863281
102.49594116210938 358.5268859863281
102.49594116210938 358.5268859863281
102.49594116210938 358.5268859863281
101.79803466796875 358.5074462890625
101.09979248046875 358.50909423828125
100.40184020996094 358.53179931640625
99.7047348022461 358.5755310058594
99.00896453857422 358.6402893066406
98.31481170654297 358.72601318359375
98.14424896240234 358.7569274902344
97.97073364257812 358.8033752441406
97.77818298339844 358.87200927734375
97.4753189086914 359.00567626953125
97.03394317626953 359.23223876953125
96.55745697021484 359.50628662109375
96.06879425048828 359.8164367675781
95.5772705078125 360.15753173828125
95.09620666503906 360.5206604003906
94.62397766113281 360.9071960449219
94.16702270507812 361.3119812011719
94.10649108886719 361.3730773925781
94.05145263671875 361.4398498535156
93.9830322265625 361.5399169921875
93.89674377441406 361.6925354003906
93.7655258178711 361.9721374511719
93.63739776611328 362.3006591796875
93.48143005371094 362.7798156738281
93.29718017578125 363.4355163574219
93.12913513183594 364.11358642578125
92.98081970214844 364.79949951171875
92.8530044555664 365.4895935058594
92.74580383300781 366.1832580566406
92.65931701660156 366.8798522949219
92.59362030029297 367.5787658691406
92.54869079589844 368.28021240234375
92.52461242675781 368.98272705078125
92.52141571044922 369.6856384277344
92.53910064697266 370.3879089355469
92.57762908935547 371.0876770019531
92.63395690917969 371.72711181640625
92.71302795410156 372.3629150390625
92.81485748291016 372.9952392578125
92.9393539428711 373.62353515625
93.08698272705078 374.2500915527344
93.26757049560547 374.91632080078125
93.5312728881836 375.8232727050781
93.80003356933594 376.7288513183594
94.01058959960938 377.3945007324219
94.3111801147461 378.2886962890625
94.61688995361328 379.181396484375
94.8548812866211 379.8377685546875
95.11257934570312 380.4866943359375
95.47273254394531 381.3469543457031
95.83895111083984 382.20550537109375
96.20782470703125 383.0535888671875
96.5013198852539 383.6957092285156
96.87933349609375 384.4783020019531
97.27240753173828 385.26678466796875
97.67707061767578 386.055419921875
98.08792114257812 386.8335876464844
98.50811004638672 387.6068420410156
98.93753051757812 388.3749694824219
99.37612915039062 389.13787841796875
99.8238754272461 389.8955078125
100.28067016601562 390.647705078125
100.74649047851562 391.3944091796875
101.22122192382812 392.1354675292969
101.70480346679688 392.87078857421875
102.19719696044922 393.6003112792969
102.69830322265625 394.3238830566406
103.20804595947266 395.0414123535156
103.72638702392578 395.7528381347656
104.25321960449219 396.4580078125
104.78846740722656 397.1568298339844
105.33208465576172 397.8492431640625
105.88396453857422 398.5351257324219
106.44401550292969 399.21435546875
107.01215362548828 399.8868408203125
107.58829498291016 400.552490234375
108.17235565185547 401.211181640625
108.7642593383789 401.86285400390625
109.3639144897461 402.50738525390625
109.97123718261719 403.14471435546875
110.58614349365234 403.77471923828125
111.20854187011719 404.3973083496094
111.83834838867188 405.0124206542969
112.4754638671875 405.6199645996094
113.11980438232422 406.2198181152344
113.77127838134766 406.8119201660156
114.4297866821289 407.3962097167969
115.0952377319336 407.9725646972656
115.76753997802734 408.5409240722656
116.44659423828125 409.1011962890625
117.1812515258789 409.6966857910156
117.86994934082031 410.24505615234375
118.61486053466797 410.8276672363281
119.36293029785156 411.40625
120.11412811279297 411.9807434082031
120.81803894042969 412.50946044921875
121.5791244506836 413.0708312988281
122.34322357177734 413.6280212402344
123.05902099609375 414.1405334472656
123.83268737792969 414.6843566894531
124.60929107666016 415.2239685058594
125.33660125732422 415.7200012207031
126.12244415283203 416.2460021972656
126.91111755371094 416.7677001953125
127.64956665039062 417.2469787597656
128.4469451904297 417.75469970703125
129.19363403320312 418.2210388183594
129.99954223632812 418.7146301269531
130.8084259033203 419.2039794921875
131.56561279296875 419.653076171875
132.3827667236328 420.128173828125
133.1476593017578 420.5639953613281
133.97274780273438 421.0246276855469
134.7990264892578 421.4798889160156
135.5738067626953 421.8979187011719
136.40875244140625 422.3389892578125
137.19073486328125 422.7433776855469
138.0326385498047 423.16937255859375
138.82162475585938 423.5599060058594
139.67161560058594 423.9714050292969
140.46731567382812 424.3480529785156
141.32118225097656 424.742919921875
142.12350463867188 425.10528564453125
142.98594665527344 425.48565673828125
143.7945556640625 425.8337707519531
144.6621551513672 426.1981201171875
145.4768524169922 426.5317077636719
146.3523712158203 426.8811950683594
147.21395874023438 427.21856689453125
148.07395935058594 427.5476989746094
148.93165588378906 427.867919921875
149.7862548828125 428.1784973144531
150.6591033935547 428.4875793457031
151.53016662597656 428.78857421875
152.36830139160156 429.069091796875
153.2063751220703 429.3386535644531
154.06959533691406 429.6060485839844
154.927734375 429.8624572753906
155.77989196777344 430.10699462890625
156.6288604736328 430.3399658203125
156.6288604736328 430.3399658203125
157.48660278320312 430.55584716796875
157.48660278320312 430.55584716796875
157.48660278320312 430.55584716796875
157.48660278320312 430.55584716796875
157.48660278320312 430.55584716796875
157.48660278320312 430.55584716796875
157.48660278320312 430.55584716796875
157.48660278320312 430.55584716796875
157.48660278320312 430.55584716796875
157.48660278320312 430.55584716796875
157.48660278320312 430.55584716796875
157.48660278320312 430.55584716796875
157.48660278320312 430.55584716796875
157.48660278320312 430.55584716796875
157.48660278320312 430.55584716796875
157.48660278320312 430.55584716796875
157.48660278320312 430.55584716796875
157.48660278320312 430.55584716796875
157.48660278320312 430.55584716796875
157.48660278320312 430.55584716796875
157.48660278320312 430.55584716796875
157.48660278320312 430.55584716796875
157.48660278320312 430.55584716796875
157.48660278320312 430.55584716796875
157.48660278320312 430.55584716796875
157.48660278320312 430.55584716796875
157.48660278320312 430.55584716796875
157.48660278320312 430.55584716796875
157.48660278320312 430.55584716796875
157.48660278320312 430.55584716796875
157.48660278320312 430.55584716796875
157.48660278320312 430.55584716796875
157.48660278320312 430.55584716796875
157.48660278320312 430.55584716796875
157.48660278320312 430.55584716796875
157.48660278320312 430.55584716796875
157.48660278320312 430.55584716796875
157.48660278320312 430.55584716796875
157.48660278320312 430.55584716796875
157.48660278320312 430.55584716796875
157.48660278320312 430.55584716796875
157.48660278320312 430.55584716796875
157.48660278320312 430.55584716796875
157.48660278320312 430.55584716796875
157.48660278320312 430.55584716796875
157.48660278320312 430.55584716796875
157.48660278320312 430.55584716796875
157.48660278320312 430.55584716796875
157.48660278320312 430.55584716796875
157.48660278320312 430.55584716796875
157.48660278320312 430.55584716796875
157.48660278320312 430.55584716796875
157.48660278320312 430.55584716796875
157.48660278320312 430.55584716796875
157.48660278320312 430.55584716796875
157.48660278320312 430.55584716796875
157.48660278320312 430.55584716796875
157.48660278320312 430.55584716796875
157.48660278320312 430.55584716796875
157.48660278320312 430.55584716796875
157.48660278320312 430.55584716796875
157.48660278320312 430.55584716796875
157.48660278320312 430.55584716796875
157.48660278320312 430.55584716796875
157.48660278320312 430.55584716796875
157.48660278320312 430.55584716796875
157.48660278320312 430.55584716796875
157.48660278320312 430.55584716796875
157.48660278320312 430.55584716796875
157.48660278320312 430.55584716796875
157.48660278320312 430.55584716796875
157.48660278320312 430.55584716796875
157.48660278320312 430.55584716796875
157.48660278320312 430.55584716796875
157.48660278320312 430.55584716796875
157.48660278320312 430.55584716796875
157.48660278320312 430.55584716796875
157.48660278320312 430.55584716796875
157.48660278320312 430.55584716796875
157.48660278320312 430.55584716796875
157.48660278320312 430.55584716796875
157.48660278320312 430.55584716796875
157.48660278320312 430.55584716796875
157.48660278320312 430.55584716796875
157.48660278320312 430.55584716796875
157.48660278320312 430.55584716796875
157.48660278320312 430.55584716796875
157.48660278320312 430.55584716796875
157.48660278320312 430.55584716796875
157.48660278320312 430.55584716796875
157.48660278320312 430.55584716796875
157.48660278320312 430.55584716796875
157.48660278320312 430.55584716796875
157.48660278320312 430.55584716796875
157.48660278320312 430.55584716796875
157.48660278320312 430.55584716796875
157.48660278320312 430.55584716796875
157.48660278320312 430.55584716796875
157.48660278320312 430.55584716796875
157.48660278320312 430.55584716796875
157.48660278320312 430.55584716796875
157.48660278320312 430.55584716796875
157.48660278320312 430.55584716796875
157.48660278320312 430.55584716796875
157.48660278320312 430.55584716796875
157.48660278320312 430.55584716796875
157.48660278320312 430.55584716796875
157.48660278320312 430.55584716796875
157.48660278320312 430.55584716796875
157.48660278320312 430.55584716796875
157.48660278320312 430.55584716796875
157.48660278320312 430.55584716796875
157.48660278320312 430.55584716796875
157.48660278320312 430.55584716796875
157.48660278320312 430.55584716796875
157.48660278320312 430.55584716796875
157.48660278320312 430.55584716796875
157.48660278320312 430.55584716796875
157.48660278320312 430.55584716796875
157.48660278320312 430.55584716796875
157.48660278320312 430.55584716796875
157.48660278320312 430.55584716796875
157.48660278320312 430.55584716796875
157.48660278320312 430.55584716796875
157.49368286132812 430.1822814941406
157.47738647460938 429.8098449707031
157.43783569335938 429.439697265625
157.3751220703125 429.07269287109375
157.2895050048828 428.71026611328125
157.181396484375 428.35418701171875
157.05116271972656 428.0055847167969
157.021728515625 427.94232177734375
156.9998321533203 427.9049377441406
156.98007202148438 427.87762451171875
156.96347045898438 427.85882568359375
156.94920349121094 427.84552001953125
156.9368133544922 427.8360595703125
156.9234619140625 427.82781982421875
156.91172790527344 427.82208251953125
156.72622680664062 427.7510986328125
156.46035766601562 427.6719970703125
156.11080932617188 427.5934753417969
155.61119079589844 427.51068115234375
155.11007690429688 427.4529113769531
154.50311279296875 427.41009521484375
153.81166076660156 427.3855895996094
153.1377716064453 427.383056640625
152.45492553710938 427.4024658203125
151.7638702392578 427.4437255859375
151.0189208984375 427.5091552734375
150.33639526367188 427.5885925292969
149.6114044189453 427.6943664550781
148.88247680664062 427.8204345703125
148.14627075195312 427.9671630859375
147.40460205078125 428.1339416503906
146.64794921875 428.3224792480469
145.88784790039062 428.5294189453125
145.1264190673828 428.7539367675781
144.36058044433594 428.9966125488281
143.5933074951172 429.25616455078125
142.80624389648438 429.53802490234375
142.0186004638672 429.8345031738281
141.2295684814453 430.14556884765625
140.4399871826172 430.47052001953125
139.6497344970703 430.8090515136719
138.86019897460938 431.1602783203125
138.06813049316406 431.52520751953125
137.2750701904297 431.90264892578125
136.48214721679688 432.2917175292969
135.68887329101562 432.6922302246094
134.88600158691406 433.10809326171875
134.07276916503906 433.5384216308594
133.28048706054688 433.966796875
132.48951721191406 434.4045104980469
131.68829345703125 434.85711669921875
130.88893127441406 435.3170166015625
130.09156799316406 435.7839660644531
129.29229736328125 436.2598876953125
128.49514770507812 436.7420349121094
127.707275390625 437.2263488769531
126.92152404785156 437.7174072265625
126.13212585449219 438.2183837890625
125.34521484375 438.7249450683594
124.56086730957031 439.2369689941406
123.77914428710938 439.7543029785156
123.00140380859375 440.2760925292969
122.22628784179688 440.8032531738281
121.45117950439453 441.3373107910156
120.67888641357422 441.8760986328125
119.90945434570312 442.4195861816406
119.1429214477539 442.9676818847656
118.37932586669922 443.5203552246094
117.61788177490234 444.0780944824219
116.85943603515625 444.64019775390625
116.10401916503906 445.20660400390625
115.35166931152344 445.7773132324219
114.60240173339844 446.3522644042969
113.85624694824219 446.9314270019531
113.11284637451172 447.5150451660156
112.37297058105469 448.1025085449219
111.63629150390625 448.6941223144531
110.90289306640625 449.2897644042969
110.1727294921875 449.8894958496094
109.44554901123047 450.4934997558594
108.7216567993164 451.10150146484375
108.00106811523438 451.7134704589844
107.28369903564453 452.3294677734375
106.56968688964844 452.9493713378906
105.85904693603516 453.5731506347656
105.15180206298828 454.2008056640625
104.4479751586914 454.8323059082031
103.93357849121094 455.3104553222656
103.25236511230469 455.96636962890625
102.74065399169922 456.4757385253906
102.08158111572266 457.1539611816406
101.42620086669922 457.83575439453125
100.77452850341797 458.5210876464844
100.1265869140625 459.2099609375
99.48239135742188 459.90234375
98.84196472167969 460.59820556640625
98.20533752441406 461.2975158691406
97.57252502441406 462.0002746582031
96.94355010986328 462.7064514160156
96.31842803955078 463.416015625
95.6971435546875 464.1289978027344
95.08014678955078 464.84490966796875
94.46719360351562 465.5640869140625
93.85833740234375 466.2864990234375
93.2968978881836 466.964599609375
92.70109558105469 467.6971740722656
92.10961151123047 468.43280029296875
91.52255249023438 469.1714172363281
90.98087310791016 469.8653869628906
90.40765380859375 470.61334228515625
89.83927917480469 471.36395263671875
89.27593994140625 472.1170959472656
88.7549819946289 472.8267517089844
88.21414184570312 473.5786437988281
87.67279815673828 474.3422546386719
87.13773345947266 475.1075439453125
86.60942077636719 475.8741455078125
86.08843231201172 476.64166259765625
85.56761932373047 477.42022705078125
85.08485412597656 478.1564025878906
84.58101654052734 478.9406433105469
84.08431243896484 479.7257080078125
83.59535217285156 480.51116943359375
83.1148452758789 481.29644775390625
82.6628646850586 482.0519104003906
82.20441436767578 482.8368225097656
81.7571029663086 483.6195983886719
81.306396484375 484.4246520996094
80.86457061767578 485.2288513183594
80.4324722290039 486.0315246582031
80.01103973388672 486.8319396972656
79.5875244140625 487.6532897949219
79.172607421875 488.4736633300781
78.76708221435547 489.2923889160156
78.371826171875 490.10870361328125
77.98780822753906 490.9217834472656
77.60209655761719 491.75787353515625
77.22547912597656 492.5921630859375
76.85877990722656 493.4238586425781
76.50291442871094 494.2521667480469
76.15885925292969 495.07623291015625
75.82762145996094 495.8952331542969
75.5072021484375 496.7152099609375
75.19661712646484 497.5389404296875
74.89591217041016 498.3663330078125
74.6051254272461 499.197265625
74.32430267333984 500.0316162109375
74.05348205566406 500.8692626953125
73.7927017211914 501.7101135253906
73.54199981689453 502.55401611328125
73.3014144897461 503.4008483886719
73.07097625732422 504.2505187988281
72.85071563720703 505.1028747558594
72.64067077636719 505.9577941894531
72.44087219238281 506.815185546875
72.2513427734375 507.6748962402344
72.07211303710938 508.53680419921875
71.90320587158203 509.4007873535156
71.7446517944336 510.2667541503906
71.59646606445312 511.1345520019531
71.45867156982422 512.0040283203125
71.33129119873047 512.8751220703125
71.21434020996094 513.7476806640625
71.10784149169922 514.62158203125
71.01180267333984 515.4967041015625
70.92623901367188 516.3728637695312
70.8511734008789 517.2499389648438
70.78660583496094 518.1279296875
70.73255920410156 519.0064697265625
70.68905639648438 519.8854370117188
70.65611267089844 520.7647094726562
70.63372802734375 521.6443481445312
70.6219253540039 522.5238647460938
70.62071228027344 523.4035034179688
70.63009643554688 524.282958984375
70.65007781982422 525.1620483398438
70.6806640625 526.0407104492188
70.72186279296875 526.9187622070312
70.773681640625 527.7963256835938
70.83609771728516 528.673095703125
70.90911865234375 529.5488891601562
70.99274444580078 530.4237670898438
71.08695220947266 531.2974853515625
71.1917495727539 532.1700439453125
71.30708312988281 533.0408935546875
71.43297576904297 533.91015625
71.56944274902344 534.7778930664062
71.7164306640625 535.643798828125
71.87396240234375 536.5079345703125
72.0419692993164 537.3699340820312
72.22042846679688 538.2296142578125
72.40938568115234 539.087158203125
72.60873413085938 539.9420776367188
72.81842041015625 540.7940673828125
73.03860473632812 541.6437377929688
73.26903533935547 542.4901733398438
73.50994110107422 543.3341064453125
73.76099395751953 544.1743774414062
74.02201843261719 545.01025390625
74.2937240600586 545.8438720703125
74.57527923583984 546.6727294921875
74.86751556396484 547.4992065429688
75.17013549804688 548.3226928710938
75.48258972167969 549.1416625976562
75.80469512939453 549.9555053710938
76.13738250732422 550.7664794921875
76.47964477539062 551.572265625
76.831298828125 552.3720703125
77.19378662109375 553.1693115234375
77.56565856933594 553.9608154296875
77.94681549072266 554.7461547851562
78.33889770507812 555.5287475585938
78.74029541015625 556.3055419921875
79.15217590332031 557.0787963867188
79.57337188720703 557.8463745117188
80.0046157836914 558.6097412109375
80.4455337524414 559.3682861328125
80.8956527709961 560.1212768554688
81.35494232177734 560.8685913085938
81.82359313964844 561.610595703125
82.30128479003906 562.3468017578125
82.7880859375 563.0773315429688
83.28386688232422 563.802001953125
83.7884521484375 564.5205688476562
84.30177307128906 565.2329711914062
84.82380676269531 565.9391479492188
85.35442352294922 566.638916015625
85.89354705810547 567.3322143554688
86.44111633300781 568.0189819335938
86.99702453613281 568.6990356445312
87.56121063232422 569.3723754882812
88.1335678100586 570.038818359375
88.71401977539062 570.6983032226562
89.30248260498047 571.3507690429688
89.89885711669922 571.99609375
90.5030517578125 572.6341552734375
91.11498260498047 573.264892578125
91.73455047607422 573.8882446289062
92.36166381835938 574.5040893554688
92.9962387084961 575.1123046875
93.63817596435547 575.712890625
94.28736877441406 576.3056640625
94.94374084472656 576.890625
95.60717010498047 577.4676513671875
96.27758026123047 578.0366821289062
96.95487213134766 578.59765625
97.63892364501953 579.1504516601562
98.32943725585938 579.69482421875
99.02628326416016 580.230712890625
99.02628326416016 580.230712890625
99.02628326416016 580.230712890625
99.02628326416016 580.230712890625
99.02628326416016 580.230712890625
99.02628326416016 580.230712890625
99.02628326416016 580.230712890625
99.02628326416016 580.230712890625
99.5284652709961 580.4720458984375
99.5284652709961 580.4720458984375
99.5284652709961 580.4720458984375
99.5284652709961 580.4720458984375
99.5284652709961 580.4720458984375
99.5284652709961 580.4720458984375
99.74382019042969 580.4847412109375
99.95397186279297 580.4805297851562
100.16717529296875 580.4594116210938
100.3323974609375 580.429443359375
100.47977447509766 580.3897094726562
100.55807495117188 580.3609619140625
100.60859680175781 580.3369140625
100.63787841796875 580.3193359375
100.66020202636719 580.3027954101562
100.67670440673828 580.2879028320312
100.68869018554688 580.2747192382812
100.69871520996094 580.26123046875
100.73188018798828 580.2064208984375
