60.518272399902344 450.5111389160156
60.92229080200195 450.9029846191406
61.32740783691406 451.293701171875
61.73361587524414 451.68328857421875
62.14091491699219 452.0717468261719
62.54930114746094 452.45904541015625
62.958770751953125 452.84521484375
63.369319915771484 453.230224609375
63.78094482421875 453.61407470703125
64.19364166259766 453.9967956542969
64.60740661621094 454.37835693359375
65.0222396850586 454.7587585449219
65.43814086914062 455.1379699707031
65.8551025390625 455.5160217285156
66.27311706542969 455.8929138183594
66.69219207763672 456.2686462402344
67.11231231689453 456.6431884765625
67.53348541259766 457.01654052734375
67.95569610595703 457.38873291015625
68.37895202636719 457.7597351074219
68.8032455444336 458.1295471191406
69.22856903076172 458.4981689453125
69.65492248535156 458.8656005859375
70.08230590820312 459.2318420410156
70.51071166992188 459.59686279296875
70.94013977050781 459.960693359375
71.37059020996094 460.3233337402344
71.80204772949219 460.68475341796875
72.2345199584961 461.0449523925781
72.66799926757812 461.4039611816406
73.10247802734375 461.7617492675781
73.5379638671875 462.1183166503906
73.97444152832031 462.4736633300781
74.41191864013672 462.8277893066406
74.85037994384766 463.1806945800781
75.28983306884766 463.5323486328125
75.73027038574219 463.8827819824219
76.17168426513672 464.23199462890625
76.61407470703125 464.5799560546875
77.05743408203125 464.9266662597656
77.50176239013672 465.27215576171875
77.94705963134766 465.61639404296875
78.39331817626953 465.9593811035156
78.84053802490234 466.3011169433594
79.28871154785156 466.6416015625
79.73783874511719 466.9808349609375
80.18791198730469 467.31878662109375
80.63893127441406 467.6554870605469
81.09088897705078 467.9909362792969
81.54378509521484 468.3251037597656
81.99761962890625 468.6579895019531
82.45238494873047 468.9896240234375
82.90807342529297 469.3199768066406
83.36468505859375 469.6490478515625
83.82221984863281 469.9768371582031
84.28067016601562 470.3033447265625
84.74003601074219 470.6285705566406
85.20030975341797 470.9525146484375
85.66149139404297 471.275146484375
86.12357330322266 471.59649658203125
86.5865478515625 471.91656494140625
87.05042266845703 472.2353210449219
87.51519012451172 472.5527648925781
87.98084259033203 472.8689270019531
88.44738006591797 473.18377685546875
88.914794921875 473.497314453125
89.38308715820312 473.8095397949219
89.85224914550781 474.1204528808594
90.32228088378906 474.4300537109375
90.79318237304688 474.73834228515625
91.26494598388672 475.0453186035156
91.73756408691406 475.3509521484375
92.2110366821289 475.6552734375
92.68535614013672 475.958251953125
93.1605224609375 476.2599182128906
93.63653564453125 476.56024169921875
94.11338806152344 476.8592224121094
94.59107208251953 477.1568908691406
95.06958770751953 477.4532165527344
95.54893493652344 477.7481994628906
96.02910614013672 478.0418395996094
96.51010131835938 478.3341369628906
96.99191284179688 478.62506103515625
97.47453308105469 478.9146423339844
97.95796203613281 479.202880859375
98.44219970703125 479.48974609375
98.92723846435547 479.7752685546875
99.41307830810547 480.0594177246094
99.89971160888672 480.34222412109375
100.38713073730469 480.6236572265625
100.87533569335938 480.9037170410156
101.36432647705078 481.1824035644531
101.85409545898438 481.4597473144531
102.34463500976562 481.7357177734375
102.83594512939453 482.01031494140625
103.3280258178711 482.28350830078125
103.82086944580078 482.5553283691406
104.3144760131836 482.8257751464844
104.808837890625 483.0948486328125
105.30394744873047 483.3625183105469
105.7998046875 483.6288146972656
106.2964096069336 483.8937072753906
106.79375457763672 484.1572265625
107.29183197021484 484.4193420410156
107.79064178466797 484.6800537109375
108.2901840209961 484.9393615722656
108.79045104980469 485.197265625
109.29143524169922 485.4537658691406
109.79313659667969 485.7088623046875
110.29554748535156 485.9625549316406
110.79866790771484 486.21484375
111.30249786376953 486.4657287597656
111.80702209472656 486.7152099609375
112.31224822998047 486.9632568359375
112.81816864013672 487.20989990234375
113.32477569580078 487.45513916015625
113.83206939697266 487.6989440917969
114.34004211425781 487.9413146972656
114.84869384765625 488.1822814941406
115.35801696777344 488.42181396484375
115.86800384521484 488.659912109375
116.378662109375 488.8965759277344
116.88997650146484 489.1318359375
117.40194702148438 489.36566162109375
117.9145736694336 489.5980529785156
118.42784881591797 489.8289794921875
118.9417724609375 490.0584716796875
119.45632934570312 490.2865295410156
119.97152709960938 490.5131530761719
120.48735809326172 490.73834228515625
121.00381469726562 490.9620666503906
121.5208969116211 491.1843566894531
122.03860473632812 491.4051818847656
122.55692291259766 491.62457275390625
123.07585906982422 491.8424987792969
123.59539794921875 492.0589599609375
124.11554718017578 492.27398681640625
124.63629150390625 492.487548828125
125.15763092041016 492.69964599609375
125.6795654296875 492.9102783203125
126.20208740234375 493.11944580078125
126.7251968383789 493.3271484375
127.24888610839844 493.53338623046875
127.77314758300781 493.7381591796875
128.2979736328125 493.94146728515625
128.82337951660156 494.143310546875
129.34934997558594 494.34368896484375
129.87586975097656 494.5425720214844
130.4029541015625 494.739990234375
130.9305877685547 494.9359436035156
131.45877075195312 495.1304016113281
131.98748779296875 495.3233947753906
132.51673889160156 495.514892578125
133.04652404785156 495.7049255371094
133.57684326171875 495.8934631347656
134.10769653320312 496.08050537109375
134.63906860351562 496.26605224609375
135.17095947265625 496.45013427734375
135.70335388183594 496.6327209472656
136.23626708984375 496.8138122558594
136.76968383789062 496.993408203125
137.30360412597656 497.1715087890625
137.8380126953125 497.3481140136719
138.3729248046875 497.5232238769531
138.9083251953125 497.69683837890625
139.44419860839844 497.86895751953125
139.98056030273438 498.03955078125
140.51739501953125 498.2086486816406
141.05470275878906 498.3762512207031
141.59246826171875 498.5423583984375
142.13070678710938 498.7069396972656
142.66940307617188 498.8700256347656
143.20855712890625 499.0315856933594
143.74815368652344 499.191650390625
144.28819274902344 499.3501892089844
144.82867431640625 499.5072326660156
145.36959838867188 499.6627502441406
145.91094970703125 499.8167419433594
146.45274353027344 499.96923828125
146.9949493408203 500.1202087402344
147.53758239746094 500.2696533203125
148.08062744140625 500.4175720214844
148.62408447265625 500.56396484375
149.16795349121094 500.7088317871094
149.71221923828125 500.8522033691406
150.25689697265625 500.9940490722656
150.80197143554688 501.1343688964844
151.34742736816406 501.2731628417969
151.89328002929688 501.410400390625
152.43951416015625 501.5461120605469
152.98611450195312 501.6802978515625
153.53309631347656 501.8129577636719
154.0804443359375 501.944091796875
154.62815856933594 502.0736999511719
155.17623901367188 502.2017517089844
155.72467041015625 502.3282775878906
156.27345275878906 502.4532775878906
156.8225860595703 502.57672119140625
157.37205505371094 502.6986389160156
157.921875 502.8190002441406
158.47203063964844 502.9378356933594
159.0225067138672 503.05511474609375
159.5733184814453 503.1708679199219
160.12445068359375 503.2850646972656
160.6759033203125 503.3977355957031
161.2276611328125 503.50885009765625
161.77972412109375 503.618408203125
162.33209228515625 503.7264404296875
162.884765625 503.8329162597656
163.43772888183594 503.9378356933594
163.99099731445312 504.04119873046875
164.54454040527344 504.1430358886719
165.09837341308594 504.2433166503906
165.65248107910156 504.342041015625
166.2068634033203 504.439208984375
166.7615203857422 504.5348205566406
167.31643676757812 504.6288757324219
167.87161254882812 504.72137451171875
168.4270477294922 504.81231689453125
168.9827423095703 504.9017028808594
169.53868103027344 504.9895324707031
170.09486389160156 505.0758056640625
170.6512908935547 505.1605224609375
171.20794677734375 505.2436828613281
171.76483154296875 505.3252868652344
172.3219451904297 505.40533447265625
172.87928771972656 505.48382568359375
173.4368438720703 505.5607604980469
173.99461364746094 505.6361083984375
174.55259704589844 505.70989990234375
175.11077880859375 505.7821350097656
175.66915893554688 505.8528137207031
176.2277374267578 505.92193603515625
176.7864990234375 505.9894714355469
177.345458984375 506.0554504394531
177.90460205078125 506.119873046875
178.4639129638672 506.1827087402344
179.02340698242188 506.2439880371094
179.58306884765625 506.3037109375
180.1428985595703 506.3618469238281
180.702880859375 506.4184265136719
181.2630157470703 506.4734191894531
181.82330322265625 506.52685546875
182.3837432861328 506.5787353515625
182.94432067871094 506.6290283203125
183.5050506591797 506.6777648925781
184.06590270996094 506.72491455078125
184.62689208984375 506.7705078125
185.18800354003906 506.81451416015625
185.74923706054688 506.8569641113281
186.3105926513672 506.8978271484375
186.87205505371094 506.9371337890625
187.43362426757812 506.974853515625
187.99530029296875 507.0110168457031
188.55706787109375 507.04559326171875
189.1189422607422 507.07861328125
189.68089294433594 507.11004638671875
190.24293518066406 507.139892578125
190.8050537109375 507.1681823730469
191.3672637939453 507.19488525390625
191.92953491210938 507.22003173828125
192.49188232421875 507.24359130859375
193.05429077148438 507.26556396484375
193.61676025390625 507.2859802246094
194.1792755126953 507.3048095703125
194.74185180664062 507.3220520019531
195.30447387695312 507.3377380371094
195.86712646484375 507.3518371582031
196.42982482910156 507.3643493652344
196.9925537109375 507.37530517578125
197.55531311035156 507.3846740722656
198.11810302734375 507.3924865722656
198.680908203125 507.3987121582031
199.2437286376953 507.4033508300781
199.80654907226562 507.40643310546875
200.369384765625 507.4079284667969
200.93222045898438 507.4078369140625
201.49505615234375 507.40618896484375
202.05787658691406 507.4029541015625
202.62069702148438 507.39813232421875
203.18350219726562 507.3917236328125
203.74627685546875 507.3837585449219
204.3090362548828 507.37420654296875
204.87176513671875 507.3630676269531
205.43446350097656 507.3503723144531
205.9971160888672 507.3360900878906
206.55972290039062 507.3202209472656
207.12228393554688 507.30279541015625
207.68479919433594 507.2837829589844
208.24725341796875 507.26318359375
208.8096466064453 507.24102783203125
209.37197875976562 507.21728515625
209.9342498779297 507.19195556640625
210.49644470214844 507.1650695800781
211.05856323242188 507.1365966796875
211.62059020996094 507.1065368652344
212.1825408935547 507.0749206542969
212.74440002441406 507.0417175292969
213.30616760253906 507.0069274902344
213.86782836914062 506.9705810546875
214.42938232421875 506.9326477050781
214.99082946777344 506.8931579589844
215.5521697998047 506.8520812988281
216.11338806152344 506.8094177246094
216.6744842529297 506.76519775390625
217.23544311523438 506.7193908691406
217.79627990722656 506.6719970703125
218.3569793701172 506.623046875
218.91754150390625 506.572509765625
219.4779510498047 506.5204162597656
220.03822326660156 506.46673583984375
220.5983428955078 506.4114685058594
221.15829467773438 506.3546447753906
221.71807861328125 506.2962341308594
222.27769470214844 506.2362365722656
222.83714294433594 506.1746520996094
223.3964080810547 506.1114807128906
223.95550537109375 506.0467224121094
224.5144500732422 505.9803771972656
225.07321166992188 505.9124755859375
225.63180541992188 505.8429870605469
226.19015502929688 505.77191162109375
226.74830627441406 505.6992492675781
227.30624389648438 505.6250305175781
227.86398315429688 505.5492248535156
228.42152404785156 505.4718322753906
228.9788818359375 505.3928527832031
229.53607177734375 505.3122863769531
230.093017578125 505.2301330566406
230.64962768554688 505.14642333984375
231.2060089111328 505.0611267089844
231.76217651367188 504.9742431640625
232.31813049316406 504.8857727050781
232.87388610839844 504.79571533203125
233.4296112060547 504.7040100097656
233.98524475097656 504.6106262207031
234.5408477783203 504.5155334472656
235.09552001953125 504.4188537597656
235.650146484375 504.32037353515625
236.206787109375 504.2196044921875
236.76483154296875 504.116455078125
237.3237762451172 504.01080322265625
237.88372802734375 503.9024963378906
238.44468688964844 503.79132080078125
238.99876403808594 503.6791687011719
239.55331420898438 503.5649108886719
240.11007690429688 503.4478759765625
240.66778564453125 503.32806396484375
241.22642517089844 503.20526123046875
241.78468322753906 503.0796203613281
242.34228515625 502.95123291015625
242.9007110595703 502.8197937011719
243.45974731445312 502.6851501464844
244.01914978027344 502.5472106933594
244.57337951660156 502.4075012207031
245.12730407714844 502.2650146484375
245.68199157714844 502.1194152832031
246.23721313476562 501.9705505371094
246.792724609375 501.8183288574219
247.34268188476562 501.6644592285156
247.8941650390625 501.5068054199219
248.4457244873047 501.3453063964844
248.99708557128906 501.17987060546875
249.54684448242188 501.0107421875
250.0956268310547 500.8380432128906
250.64431762695312 500.6617736816406
251.19334411621094 500.4816589355469
251.73768615722656 500.2989196777344
252.28131103515625 500.1117858886719
252.823974609375 499.92022705078125
253.36402893066406 499.72454833984375
253.90272521972656 499.5240478515625
254.44178771972656 499.31866455078125
254.9781951904297 499.1097717285156
255.51321411132812 498.89642333984375
256.0466613769531 498.6786193847656
256.5702209472656 498.4587097167969
257.09881591796875 498.2308044433594
257.6255187988281 497.9988708496094
258.1412353515625 497.7655944824219
258.6545715332031 497.5259704589844
259.1652526855469 497.2798767089844
259.6485595703125 497.0371398925781
259.7713623046875 496.9681091308594
259.8884582519531 496.8905029296875
260.00225830078125 496.8025207519531
260.10906982421875 496.7069091796875
260.2218017578125 496.591064453125
260.32794189453125 496.46685791015625
260.4283752441406 496.332763671875
260.53790283203125 496.1656494140625
260.7044982910156 495.877685546875
260.9145202636719 495.4754638671875
261.1164855957031 495.05303955078125
261.3355407714844 494.5625305175781
261.5433654785156 494.07275390625
261.7458801269531 493.5706481933594
261.94940185546875 493.0489196777344
262.1511535644531 492.52392578125
262.3509216308594 491.998291015625
262.54913330078125 491.4715270996094
262.7458801269531 490.9442138671875
262.941162109375 490.4163513183594
263.13494873046875 489.887939453125
263.3272705078125 489.3589782714844
263.5180969238281 488.8294677734375
263.7074279785156 488.2994384765625
263.8952941894531 487.7688903808594
264.0816650390625 487.23779296875
264.26654052734375 486.7061767578125
264.449951171875 486.174072265625
264.6318664550781 485.6414489746094
264.8122863769531 485.1083068847656
264.9912109375 484.5746765136719
265.16864013671875 484.04052734375
265.3445739746094 483.5058898925781
265.5190124511719 482.97076416015625
265.69195556640625 482.4351501464844
265.8633728027344 481.8990478515625
266.0332946777344 481.36248779296875
266.20172119140625 480.825439453125
266.36865234375 480.2879333496094
266.5340576171875 479.74993896484375
266.6979675292969 479.21148681640625
266.8603515625 478.6725769042969
267.021240234375 478.1332092285156
267.18060302734375 477.5934143066406
267.3384704589844 477.05316162109375
267.49481201171875 476.5124816894531
267.649658203125 475.97137451171875
267.802978515625 475.4298095703125
267.95477294921875 474.8878173828125
268.10504150390625 474.3454284667969
268.2538146972656 473.8026123046875
268.40106201171875 473.2593688964844
268.5467834472656 472.7157287597656
268.69097900390625 472.1716613769531
268.8336486816406 471.627197265625
268.97479248046875 471.08233642578125
269.1144104003906 470.5370788574219
269.25250244140625 469.991455078125
269.3890686035156 469.4454345703125
269.52410888671875 468.8990478515625
269.6575927734375 468.3522644042969
269.78955078125 467.80511474609375
269.91998291015625 467.2575988769531
270.04888916015625 466.709716796875
270.1762390136719 466.1614685058594
270.30206298828125 465.6128845214844
270.4263610839844 465.0639343261719
270.5491027832031 464.5146484375
270.6703186035156 463.96502685546875
270.78997802734375 463.4150695800781
270.9081115722656 462.8647766113281
271.0246887207031 462.31414794921875
271.1397399902344 461.76318359375
271.25323486328125 461.2119140625
271.3652038574219 460.66033935546875
271.4756164550781 460.1084289550781
271.58447265625 459.55621337890625
271.6918029785156 459.0036926269531
271.7975769042969 458.4508972167969
271.90179443359375 457.8977966308594
272.00445556640625 457.3443908691406
272.1055908203125 456.79071044921875
272.2051696777344 456.23675537109375
272.3031921386719 455.6825256347656
272.399658203125 455.1280212402344
272.49456787109375 454.5732421875
272.5879211425781 454.0181884765625
272.6797180175781 453.462890625
272.76995849609375 452.9073486328125
272.858642578125 452.3515319824219
272.9457702636719 451.79547119140625
273.0313415527344 451.2391662597656
273.1153564453125 450.6826477050781
273.19781494140625 450.1258850097656
273.2787170410156 449.5688781738281
273.3580627441406 449.01165771484375
273.43585205078125 448.4542236328125
273.5120849609375 447.8965759277344
273.58673095703125 447.3387145996094
273.6598205566406 446.7806396484375
273.7313537597656 446.2223815917969
273.80133056640625 445.6639099121094
273.8697204589844 445.1052551269531
273.9365539550781 444.54638671875
274.0018310546875 443.9873352050781
274.0655212402344 443.4281005859375
274.1276550292969 442.86871337890625
274.188232421875 442.30914306640625
274.2472229003906 441.7494201660156
274.3046569824219 441.18951416015625
274.36053466796875 440.62945556640625
274.4148254394531 440.0692443847656
274.4675598144531 439.5088806152344
274.5187072753906 438.9483642578125
274.56829833984375 438.3877258300781
274.6163024902344 437.8269348144531
274.6627502441406 437.2660217285156
274.7076416015625 436.7049865722656
274.7509460449219 436.1438293457031
274.7926940917969 435.5825500488281
274.8328552246094 435.0211486816406
274.8714294433594 434.4596252441406
274.908447265625 433.89801025390625
274.9438781738281 433.3363037109375
274.9777526855469 432.77447509765625
275.0100402832031 432.2125549316406
275.040771484375 431.6505432128906
275.0699157714844 431.0884704589844
275.09747314453125 430.52630615234375
275.12347412109375 429.9640808105469
275.14788818359375 429.4017639160156
275.1707458496094 428.8393859863281
275.1920166015625 428.2769470214844
275.2117004394531 427.7144470214844
275.2298278808594 427.1518859863281
275.2463684082031 426.5892333984375
275.2613220214844 426.0265197753906
275.2746887207031 425.4637451171875
275.2864685058594 424.90087890625
275.2966613769531 424.3379211425781
275.30523681640625 423.77496337890625
275.3122253417969 423.2119140625
275.3175964355469 422.64874267578125
275.32135009765625 422.08538818359375
275.3233947753906 421.5202331542969
275.32354736328125 420.9542236328125
275.32171630859375 420.38714599609375
275.3177490234375 419.81878662109375
275.3114929199219 419.24908447265625
275.30279541015625 418.67779541015625
275.29144287109375 418.10504150390625
275.2774353027344 417.5333251953125
275.2607116699219 416.96014404296875
275.2410888671875 416.38568115234375
275.21826171875 415.80865478515625
275.19244384765625 415.2344665527344
275.16339111328125 414.65777587890625
275.1310119628906 414.0805969238281
275.09521484375 413.5031433105469
275.05596923828125 412.9255676269531
275.0133361816406 412.3484802246094
274.9671936035156 411.7710266113281
274.91754150390625 411.1937255859375
274.8643798828125 410.61663818359375
274.8077697753906 410.0402526855469
274.7476501464844 409.46405029296875
274.68402099609375 408.8880920410156
274.6169128417969 408.3126220703125
274.5462951660156 407.7374572753906
274.47216796875 407.16265869140625
274.39453125 406.5882263183594
274.3133850097656 406.0142517089844
274.22869873046875 405.4407653808594
274.1405029296875 404.8677978515625
274.04876708984375 404.2953796386719
273.9535217285156 403.7235412597656
273.8547668457031 403.15228271484375
273.7524719238281 402.5816345214844
273.64666748046875 402.0116271972656
273.5373229980469 401.4422607421875
273.4244384765625 400.8735656738281
273.3080139160156 400.3055725097656
273.1880798339844 399.7384338378906
273.06463623046875 399.1720275878906
272.93768310546875 398.60638427734375
272.8070983886719 398.0413818359375
272.6729736328125 397.4773864746094
272.5353088378906 396.9141845703125
272.39410400390625 396.3518371582031
272.24932861328125 395.79034423828125
272.1009521484375 395.229736328125
271.9489440917969 394.6700744628906
271.793212890625 394.1113586425781
271.6336975097656 393.5536193847656
271.4702453613281 392.99688720703125
271.30291748046875 392.4414367675781
271.131591796875 391.8870849609375
270.9560852050781 391.3338623046875
270.7760925292969 390.7817687988281
270.5913391113281 390.2311096191406
270.4019470214844 389.6822204589844
270.207275390625 389.135009765625
270.006591796875 388.5901794433594
269.80096435546875 388.0477600097656
269.58990478515625 387.5084228515625
269.3725280761719 386.9703674316406
269.1507263183594 386.4339904785156
268.9243469238281 385.8996887207031
268.6930236816406 385.36749267578125
268.4565734863281 384.8427734375
268.2113952636719 384.3167724609375
267.9615478515625 383.7928771972656
267.706787109375 383.2713317871094
267.44677734375 382.7524719238281
267.18115234375 382.23675537109375
266.9095458984375 381.7247619628906
266.6315002441406 381.2167663574219
266.3467102050781 380.71343994140625
266.0542907714844 380.2124938964844
265.7558898925781 379.71588134765625
265.4523010253906 379.2226867675781
265.14471435546875 378.7323303222656
264.83270263671875 378.24481201171875
264.5159912109375 377.76043701171875
264.19427490234375 377.2796325683594
263.8672180175781 376.8030090332031
263.53448486328125 376.3312072753906
263.19586181640625 375.8653564453125
262.85113525390625 375.40673828125
262.4966125488281 374.94818115234375
262.1475524902344 374.5099182128906
261.7918701171875 374.0808410644531
261.4312744140625 373.6644592285156
261.0795593261719 373.27960205078125
260.7191162109375 372.9089050292969
260.395263671875 372.5999755859375
260.10614013671875 372.34979248046875
259.8179931640625 372.1266784667969
259.68316650390625 372.0353698730469
259.5615234375 371.9652404785156
259.43505859375 371.9042053222656
259.3044738769531 371.85260009765625
259.17034912109375 371.8106689453125
259.03045654296875 371.7779235839844
258.65631103515625 371.7146911621094
258.2315979003906 371.6634521484375
257.80322265625 371.6302490234375
257.29754638671875 371.60870361328125
256.75860595703125 371.5977783203125
256.22021484375 371.5963439941406
255.65811157226562 371.6009826660156
255.0954132080078 371.6076354980469
254.53273010253906 371.6159973144531
253.97007751464844 371.62603759765625
253.407470703125 371.6377868652344
252.84478759765625 371.65118408203125
252.2821502685547 371.6661376953125
251.7195587158203 371.68267822265625
251.15701293945312 371.7008056640625
250.5945281982422 371.7204895019531
250.03208923339844 371.74176025390625
249.46971130371094 371.7646179199219
248.90740966796875 371.7890319824219
248.3451690673828 371.8150329589844
247.7830047607422 371.84259033203125
247.22091674804688 371.8717346191406
246.65892028808594 371.9024658203125
246.09701538085938 371.93475341796875
245.5352020263672 371.9686279296875
244.97348022460938 372.0040588378906
244.411865234375 372.04107666015625
243.85035705566406 372.07965087890625
243.28895568847656 372.11981201171875
242.7276611328125 372.1615295410156
242.16648864746094 372.204833984375
241.60543823242188 372.24969482421875
241.04452514648438 372.296142578125
240.48373413085938 372.3441467285156
239.92308044433594 372.39373779296875
239.36257934570312 372.44488525390625
238.80221557617188 372.49761962890625
238.24200439453125 372.5519104003906
237.68194580078125 372.6077880859375
237.12203979492188 372.66522216796875
236.5623016357422 372.7242126464844
236.0027313232422 372.7847900390625
235.44332885742188 372.846923828125
234.8841094970703 372.9106140136719
234.3250732421875 372.97589111328125
233.76622009277344 373.042724609375
233.20755004882812 373.1111145019531
232.64907836914062 373.18109130859375
232.09080505371094 373.25262451171875
231.53273010253906 373.3257141113281
230.97486877441406 373.4003601074219
230.41722106933594 373.4765625
229.8597869873047 373.5543518066406
229.3025665283203 373.6336975097656
228.74557495117188 373.714599609375
228.18881225585938 373.79705810546875
227.6322784423828 373.8810729980469
227.07598876953125 373.9666442871094
226.5199432373047 374.05377197265625
225.96414184570312 374.1424560546875
225.40858459472656 374.2326965332031
224.85328674316406 374.3244934082031
224.29824829101562 374.4178466796875
223.74346923828125 374.51275634765625
223.18896484375 374.6092224121094
222.6347198486328 374.7072448730469
222.08074951171875 374.80682373046875
221.52706909179688 374.907958984375
220.97366333007812 375.0106506347656
220.42054748535156 375.1148986816406
219.86770629882812 375.220703125
219.31517028808594 375.3280334472656
218.76290893554688 375.4369201660156
218.2109832763672 375.54736328125
217.65936279296875 375.65936279296875
217.10804748535156 375.7729187011719
216.5570831298828 375.88800048828125
216.00643920898438 376.004638671875
215.45611572265625 376.1228332519531
214.90611267089844 376.2425537109375
214.3564453125 376.36383056640625
213.80706787109375 376.4866638183594
213.25808715820312 376.6110534667969
212.70925903320312 376.7370300292969
212.1607208251953 376.8645935058594
211.6124725341797 376.9937744140625
211.0644989013672 377.12457275390625
210.51702880859375 377.2569274902344
209.9698486328125 377.3908996582031
209.4229278564453 377.5264892578125
208.8762664794922 377.6637268066406
208.32861328125 377.80303955078125
207.78285217285156 377.9436950683594
207.23733520507812 378.08599853515625
206.69204711914062 378.23004150390625
206.14732360839844 378.3757019042969
205.6028289794922 378.5230712890625
205.05796813964844 378.6723937988281
204.51405334472656 378.8233642578125
203.97027587890625 378.9761962890625
203.4265899658203 379.1309509277344
202.880126953125 379.2887268066406
202.3334503173828 379.4490661621094
201.78994750976562 379.61090087890625
201.24874877929688 379.7742004394531
200.70762634277344 379.9395446777344
200.16653442382812 380.1070251464844
199.62542724609375 380.27679443359375
199.08425903320312 380.448974609375
198.54486083984375 380.6229553222656
198.001953125 380.80078125
197.45895385742188 380.98175048828125
196.91595458984375 381.1661071777344
196.37307739257812 381.3540344238281
195.83670043945312 381.54302978515625
195.30035400390625 381.73504638671875
194.76406860351562 381.9302978515625
194.22792053222656 382.1290588378906
193.69203186035156 382.3316345214844
193.1565704345703 382.538330078125
192.62350463867188 382.7485046386719
192.09109497070312 382.9629211425781
191.5596160888672 383.181884765625
191.0293731689453 383.40576171875
190.50074768066406 383.6348876953125
190.50074768066406 383.6348876953125
190.50074768066406 383.6348876953125
190.50074768066406 383.6348876953125
190.50074768066406 383.6348876953125
190.50074768066406 383.6348876953125
190.50074768066406 383.6348876953125
190.50074768066406 383.6348876953125
190.50074768066406 383.6348876953125
190.50074768066406 383.6348876953125
190.50074768066406 383.6348876953125
190.50074768066406 383.6348876953125
190.50074768066406 383.6348876953125
190.50074768066406 383.6348876953125
190.50074768066406 383.6348876953125
190.50074768066406 383.6348876953125
190.50074768066406 383.6348876953125
190.50074768066406 383.6348876953125
190.50074768066406 383.6348876953125
190.50074768066406 383.6348876953125
190.50074768066406 383.6348876953125
190.50074768066406 383.6348876953125
190.50074768066406 383.6348876953125
190.50074768066406 383.6348876953125
190.50074768066406 383.6348876953125
190.50074768066406 383.6348876953125
190.50074768066406 383.6348876953125
190.50074768066406 383.6348876953125
190.50074768066406 383.6348876953125
190.50074768066406 383.6348876953125
190.50074768066406 383.6348876953125
190.50074768066406 383.6348876953125
190.50074768066406 383.6348876953125
190.50074768066406 383.6348876953125
190.50656127929688 383.7751770019531
190.5226287841797 383.9146728515625
190.5488739013672 384.0526123046875
190.58514404296875 384.1882629394531
190.63125610351562 384.3208923339844
190.6869659423828 384.4498291015625
190.76150512695312 384.5941162109375
190.84791564941406 384.7378845214844
191.14468383789062 385.1892395019531
191.4467010498047 385.63140869140625
191.76904296875 386.09246826171875
192.09295654296875 386.5526428222656
192.41824340820312 387.0118408203125
192.7449188232422 387.4701843261719
193.0728759765625 387.9276123046875
193.40211486816406 388.38409423828125
193.73263549804688 388.83966064453125
194.06442260742188 389.2943115234375
194.39749145507812 389.7480163574219
194.73182678222656 390.2008056640625
195.0674285888672 390.65264892578125
195.404296875 391.1035461425781
195.74241638183594 391.5534973144531
196.08180236816406 392.00250244140625
196.4224395751953 392.4505615234375
196.7643280029297 392.89764404296875
197.1074676513672 393.3437805175781
197.4518585205078 393.7889404296875
197.79750061035156 394.233154296875
198.14437866210938 394.6763916015625
198.4925079345703 395.11865234375
198.8418731689453 395.5599365234375
199.19247436523438 396.000244140625
199.54429626464844 396.4395751953125
199.89735412597656 396.8778991699219
200.2516326904297 397.31524658203125
200.6071319580078 397.7515869140625
200.96385192871094 398.18695068359375
201.32179260253906 398.6213073730469
201.6809539794922 399.0546569824219
202.04132080078125 399.48699951171875
202.4029083251953 399.9183349609375
202.7657012939453 400.3486633300781
203.12969970703125 400.7779541015625
203.49488830566406 401.20623779296875
203.8612823486328 401.63348388671875
204.22886657714844 402.0596923828125
204.59764099121094 402.4848937988281
204.9676055908203 402.9090576171875
205.33876037597656 403.3321838378906
205.7111053466797 403.7542724609375
206.08462524414062 404.17529296875
206.45932006835938 404.59527587890625
206.83518981933594 405.01422119140625
207.2122344970703 405.4320983886719
207.5904541015625 405.8489074707031
207.96983337402344 406.2646789550781
208.35037231445312 406.67938232421875
208.73207092285156 407.093017578125
209.11492919921875 407.5055847167969
209.4989471435547 407.9170837402344
209.8841094970703 408.3274841308594
210.27041625976562 408.73681640625
210.65786743164062 409.1450500488281
211.0464630126953 409.5522155761719
211.4362030029297 409.9582824707031
211.8270721435547 410.3632507324219
212.21908569335938 410.7671203613281
212.6122283935547 411.1698913574219
213.00648498535156 411.5715637207031
213.40187072753906 411.9721374511719
213.79837036132812 412.37158203125
214.1959991455078 412.7699279785156
214.59474182128906 413.1671447753906
214.99459838867188 413.5632629394531
215.3955535888672 413.958251953125
215.79762268066406 414.35211181640625
216.20079040527344 414.7448425292969
216.6050567626953 415.1364440917969
217.01040649414062 415.52691650390625
217.41685485839844 415.916259765625
217.8243865966797 416.304443359375
218.23301696777344 416.6914978027344
218.64273071289062 417.077392578125
219.0535125732422 417.462158203125
219.4653778076172 417.84576416015625
219.87831115722656 418.22821044921875
220.2923126220703 418.6094970703125
220.70738220214844 418.9896240234375
221.12351989746094 419.36859130859375
221.54071044921875 419.74639892578125
221.95895385742188 420.1230163574219
222.3782501220703 420.49847412109375
222.79859924316406 420.8727722167969
223.22000122070312 421.2458801269531
223.64244079589844 421.6177978515625
224.06591796875 421.988525390625
224.4904327392578 422.3580627441406
224.91598510742188 422.7264099121094
225.3425750732422 423.09356689453125
225.7701873779297 423.45953369140625
226.19882202148438 423.8243103027344
226.62847900390625 424.1878662109375
227.05914306640625 424.55023193359375
227.49082946777344 424.911376953125
227.92352294921875 425.2713317871094
228.3572235107422 425.63006591796875
228.79193115234375 425.9875793457031
229.22763061523438 426.3438720703125
229.66433715820312 426.6989440917969
230.10203552246094 427.05279541015625
230.54071044921875 427.4054260253906
230.98037719726562 427.7568054199219
231.4210205078125 428.1069641113281
231.86265563964844 428.4559020996094
232.30526733398438 428.8035888671875
232.74884033203125 429.1500244140625
233.19338989257812 429.4952392578125
233.63890075683594 429.8392028808594
234.0853729248047 430.1819152832031
234.53280639648438 430.52337646484375
234.98118591308594 430.86358642578125
235.43052673339844 431.2025146484375
235.8808135986328 431.5401916503906
236.33204650878906 431.8766174316406
236.78421020507812 432.2117614746094
237.23731994628906 432.545654296875
237.6913604736328 432.8782653808594
238.14633178710938 433.2095947265625
238.60223388671875 433.5396728515625
239.05905151367188 433.86846923828125
239.51678466796875 434.19598388671875
239.97543334960938 434.522216796875
240.43499755859375 434.84716796875
240.89547729492188 435.1708068847656
241.3568572998047 435.4931640625
241.8191375732422 435.8142395019531
242.28231811523438 436.1340026855469
242.7463836669922 436.4524841308594
243.2113494873047 436.7696533203125
243.6772003173828 437.08551025390625
244.14393615722656 437.40008544921875
244.61154174804688 437.7133483886719
245.0800323486328 438.0252990722656
245.5493927001953 438.3359375
246.01962280273438 438.645263671875
246.49070739746094 438.9532470703125
246.96266174316406 439.2599182128906
247.4354705810547 439.5652770996094
247.9091339111328 439.8692932128906
248.38363647460938 440.1719970703125
248.85899353027344 440.4733581542969
249.33518981933594 440.7734069824219
249.81222534179688 441.0721130371094
250.29010009765625 441.3694763183594
250.768798828125 441.6654968261719
251.24832153320312 441.9601745605469
251.72866821289062 442.2535095214844
252.2098388671875 442.5455017089844
252.69183349609375 442.8361511230469
253.1746368408203 443.12542724609375
253.6582489013672 443.4133605957031
254.14266967773438 443.699951171875
254.6278839111328 443.98516845703125
255.1138916015625 444.26904296875
255.60069274902344 444.5515441894531
256.0882873535156 444.8326721191406
256.57666015625 445.1124267578125
257.0658264160156 445.3908386230469
257.5557556152344 445.6678771972656
258.0464782714844 445.94354248046875
258.5379638671875 446.21783447265625
259.03021240234375 446.49072265625
259.5232238769531 446.7622375488281
260.0169982910156 447.0323791503906
260.51153564453125 447.3011474609375
261.0068054199219 447.5685119628906
261.5028381347656 447.8345031738281
261.9996032714844 448.0990905761719
262.4971008300781 448.3623046875
262.995361328125 448.6241149902344
263.4943542480469 448.884521484375
263.99407958984375 449.1435241699219
264.4945373535156 449.401123046875
264.9957275390625 449.6573486328125
265.4976806640625 449.91217041015625
266.0003662109375 450.16558837890625
266.5040283203125 450.4176940917969
267.0082092285156 450.66827392578125
267.51318359375 450.9174499511719
268.0189514160156 451.16522216796875
268.52557373046875 451.41162109375
269.0333251953125 451.6567077636719
269.5451965332031 451.9017028808594
270.0589294433594 452.1451721191406
270.5744323730469 452.3869934082031
271.0917663574219 452.6270446777344
271.6067810058594 452.86358642578125
272.1224365234375 453.0982360839844
272.6395568847656 453.3313293457031
273.1612548828125 453.56396484375
273.68695068359375 453.79541015625
274.2145690917969 454.02447509765625
274.7440490722656 454.25103759765625
275.2744445800781 454.47467041015625
275.8059997558594 454.6954650878906
276.3421325683594 454.91461181640625
276.8796691894531 455.13055419921875
277.4186096191406 455.34326171875
277.9584655761719 455.5525817871094
278.4994812011719 455.7586364746094
279.0422058105469 455.96160888671875
279.58624267578125 456.1612854003906
280.129638671875 456.3570861816406
280.6745300292969 456.5498962402344
281.22027587890625 456.739501953125
281.7674560546875 456.92608642578125
282.3135070800781 457.10888671875
282.86114501953125 457.2889404296875
283.4103088378906 457.46612548828125
283.96197509765625 457.6406555175781
284.5157470703125 457.8121643066406
285.06988525390625 457.9800720214844
285.6248779296875 458.1446533203125
286.1809997558594 458.3059387207031
286.73822021484375 458.46392822265625
286.8962707519531 458.5027770996094
287.0565185546875 458.5313720703125
287.21820068359375 458.549560546875
287.37701416015625 458.5569763183594
287.5396423339844 458.553955078125
287.6990661621094 458.5405578613281
287.85662841796875 458.51678466796875
288.0155944824219 458.4820861816406
288.171142578125 458.4374084472656
288.3241882324219 458.38250732421875
288.4734802246094 458.31781005859375
288.61920166015625 458.2431945800781
289.1112976074219 457.97003173828125
289.6026306152344 457.69549560546875
290.09320068359375 457.4195861816406
290.5830078125 457.1423034667969
291.072021484375 456.8636474609375
291.56024169921875 456.5836181640625
292.0476989746094 456.3022155761719
292.53436279296875 456.01947021484375
293.0202331542969 455.7353515625
293.50531005859375 455.4498596191406
293.98956298828125 455.16302490234375
294.4730224609375 454.8748474121094
294.9556579589844 454.5852966308594
295.4375 454.2944030761719
295.91851806640625 454.0021667480469
296.3987121582031 453.7085876464844
296.8780822753906 453.4136657714844
297.35662841796875 453.1174011230469
297.8343505859375 452.8197937011719
298.31121826171875 452.5208435058594
298.7872619628906 452.2205505371094
299.262451171875 451.9189453125
299.7367858886719 451.6159973144531
300.2102966308594 451.31170654296875
300.6829528808594 451.006103515625
301.1547546386719 450.6991882324219
301.62567138671875 450.39093017578125
302.0957336425781 450.08135986328125
302.5649108886719 449.7704772949219
303.0332336425781 449.4582824707031
303.50067138671875 449.144775390625
303.96722412109375 448.8299560546875
304.4328918457031 448.51385498046875
304.8976745605469 448.1964416503906
305.361572265625 447.8777160644531
305.8245849609375 447.5577087402344
306.28668212890625 447.23638916015625
306.7478942871094 446.9137878417969
307.20819091796875 446.58990478515625
307.6675720214844 446.26470947265625
308.12603759765625 445.938232421875
308.5835876464844 445.6104736328125
309.04022216796875 445.28143310546875
309.4959411621094 444.95111083984375
309.95074462890625 444.6195373535156
310.40460205078125 444.28668212890625
310.8575439453125 443.9525451660156
311.3095397949219 443.6171569824219
311.7605895996094 443.2804870605469
312.210693359375 442.94256591796875
312.65985107421875 442.6033935546875
313.1080627441406 442.2629699707031
313.5552978515625 441.9212646484375
314.0015869140625 441.57830810546875
314.4469299316406 441.234130859375
314.89129638671875 440.8887023925781
315.3346862792969 440.5420227050781
315.777099609375 440.194091796875
316.2185363769531 439.8449401855469
316.65899658203125 439.4945373535156
317.0984802246094 439.1429138183594
317.5369873046875 438.7900695800781
317.9744873046875 438.43597412109375
318.4110107421875 438.0806579589844
318.8465270996094 437.72412109375
319.2810363769531 437.3663635253906
319.71453857421875 437.0074157714844
320.14703369140625 436.6472473144531
320.5785217285156 436.2858581542969
321.0090026855469 435.92327880859375
321.4384765625 435.5594787597656
321.8669128417969 435.1944885253906
322.2943420410156 434.8282775878906
322.7207336425781 434.46087646484375
323.1460876464844 434.09228515625
323.5704040527344 433.7225036621094
323.9936828613281 433.3515319824219
324.4159240722656 432.9793701171875
324.8371276855469 432.6060485839844
325.2572937011719 432.2315368652344
325.6763916015625 431.8558654785156
326.0944519042969 431.47900390625
326.5114440917969 431.1009826660156
326.9273681640625 430.7218017578125
327.34222412109375 430.3414306640625
327.7560119628906 429.95989990234375
328.1687316894531 429.5772399902344
328.58038330078125 429.19342041015625
328.990966796875 428.8084411621094
329.40045166015625 428.42230224609375
329.8088684082031 428.0350341796875
330.2161865234375 427.6466064453125
330.6224365234375 427.2570495605469
331.027587890625 426.8663330078125
331.431640625 426.4744873046875
331.8345947265625 426.0815124511719
332.2364501953125 425.6874084472656
332.6371765136719 425.29217529296875
333.03680419921875 424.89581298828125
333.435302734375 424.49835205078125
333.83270263671875 424.0997314453125
334.22900390625 423.6999816894531
334.6241760253906 423.2991027832031
335.0181579589844 422.8971252441406
335.4110107421875 422.4940490722656
335.802734375 422.08984375
336.1933288574219 421.6845397949219
336.582763671875 421.2781066894531
336.9710998535156 420.8704833984375
337.3582763671875 420.461669921875
337.7442932128906 420.0516662597656
338.12896728515625 419.6406555175781
338.5124816894531 419.228515625
338.8948059082031 418.81524658203125
339.27593994140625 418.40081787109375
339.6561279296875 417.98480224609375
340.0350036621094 417.56732177734375
340.41253662109375 417.14825439453125
340.7886962890625 416.72747802734375
341.16241455078125 416.30645751953125
341.5348205566406 415.8841857910156
341.5348205566406 415.8841857910156
341.5348205566406 415.8841857910156
341.5348205566406 415.8841857910156
341.5348205566406 415.8841857910156
341.5348205566406 415.8841857910156
341.5348205566406 415.8841857910156
341.5348205566406 415.8841857910156
341.5348205566406 415.8841857910156
341.5348205566406 415.8841857910156
341.5348205566406 415.8841857910156
341.5348205566406 415.8841857910156
341.5348205566406 415.8841857910156
341.5348205566406 415.8841857910156
341.5348205566406 415.8841857910156
341.5348205566406 415.8841857910156
341.5348205566406 415.8841857910156
341.5348205566406 415.8841857910156
341.5348205566406 415.8841857910156
341.5348205566406 415.8841857910156
341.5348205566406 415.8841857910156
341.5348205566406 415.8841857910156
341.5348205566406 415.8841857910156
341.5348205566406 415.8841857910156
341.5348205566406 415.8841857910156
341.5348205566406 415.8841857910156
341.5348205566406 415.8841857910156
341.5348205566406 415.8841857910156
341.5348205566406 415.8841857910156
341.5348205566406 415.8841857910156
341.5348205566406 415.8841857910156
341.5348205566406 415.8841857910156
341.5348205566406 415.8841857910156
341.5348205566406 415.8841857910156
341.5348205566406 415.8841857910156
341.5348205566406 415.8841857910156
341.5348205566406 415.8841857910156
341.5348205566406 415.8841857910156
341.5348205566406 415.8841857910156
341.5348205566406 415.8841857910156
341.5348205566406 415.8841857910156
341.5348205566406 415.8841857910156
341.5348205566406 415.8841857910156
341.5348205566406 415.8841857910156
341.5348205566406 415.8841857910156
341.5348205566406 415.8841857910156
341.5348205566406 415.8841857910156
341.5348205566406 415.8841857910156
341.5348205566406 415.8841857910156
341.5348205566406 415.8841857910156
341.5348205566406 415.8841857910156
341.5348205566406 415.8841857910156
341.5348205566406 415.8841857910156
341.5348205566406 415.8841857910156
341.5348205566406 415.8841857910156
341.5348205566406 415.8841857910156
341.5348205566406 415.8841857910156
341.5348205566406 415.8841857910156
341.5348205566406 415.8841857910156
341.5348205566406 415.8841857910156
341.5348205566406 415.8841857910156
341.5348205566406 415.8841857910156
341.5348205566406 415.8841857910156
341.5348205566406 415.8841857910156
341.5348205566406 415.8841857910156
341.5348205566406 415.8841857910156
341.5348205566406 415.8841857910156
341.5348205566406 415.8841857910156
341.5348205566406 415.8841857910156
341.5348205566406 415.8841857910156
341.5348205566406 415.8841857910156
341.5348205566406 415.8841857910156
341.5348205566406 415.8841857910156
341.5348205566406 415.8841857910156
341.5348205566406 415.8841857910156
341.5348205566406 415.8841857910156
341.5348205566406 415.8841857910156
341.5348205566406 415.8841857910156
341.5348205566406 415.8841857910156
341.5348205566406 415.8841857910156
341.5348205566406 415.8841857910156
341.5348205566406 415.8841857910156
341.5348205566406 415.8841857910156
341.5348205566406 415.8841857910156
341.5348205566406 415.8841857910156
341.5348205566406 415.8841857910156
341.5348205566406 415.8841857910156
341.5348205566406 415.8841857910156
341.5348205566406 415.8841857910156
341.5348205566406 415.8841857910156
341.5348205566406 415.8841857910156
341.5348205566406 415.8841857910156
341.5348205566406 415.8841857910156
341.5348205566406 415.8841857910156
341.5348205566406 415.8841857910156
341.5348205566406 415.8841857910156
341.5348205566406 415.8841857910156
341.5348205566406 415.8841857910156
341.5348205566406 415.8841857910156
341.5348205566406 415.8841857910156
341.5348205566406 415.8841857910156
341.5348205566406 415.8841857910156
341.5348205566406 415.8841857910156
341.5348205566406 415.8841857910156
341.5348205566406 415.8841857910156
341.5348205566406 415.8841857910156
341.5348205566406 415.8841857910156
341.5348205566406 415.8841857910156
341.5348205566406 415.8841857910156
341.5348205566406 415.8841857910156
341.5348205566406 415.8841857910156
341.5348205566406 415.8841857910156
341.5348205566406 415.8841857910156
341.5348205566406 415.8841857910156
341.5348205566406 415.8841857910156
341.5348205566406 415.8841857910156
341.5348205566406 415.8841857910156
341.5348205566406 415.8841857910156
341.5348205566406 415.8841857910156
341.5348205566406 415.8841857910156
341.5348205566406 415.8841857910156
341.5348205566406 415.8841857910156
341.5348205566406 415.8841857910156
341.5348205566406 415.8841857910156
341.5348205566406 415.8841857910156
341.5348205566406 415.8841857910156
341.5348205566406 415.8841857910156
341.5348205566406 415.8841857910156
341.5348205566406 415.8841857910156
341.5348205566406 415.8841857910156
341.5348205566406 415.8841857910156
341.5348205566406 415.8841857910156
341.5348205566406 415.8841857910156
341.5348205566406 415.8841857910156
341.5348205566406 415.8841857910156
341.5348205566406 415.8841857910156
341.5348205566406 415.8841857910156
341.5348205566406 415.8841857910156
341.5348205566406 415.8841857910156
341.5348205566406 415.8841857910156
341.5348205566406 415.8841857910156
341.5348205566406 415.8841857910156
341.5348205566406 415.8841857910156
341.5348205566406 415.8841857910156
341.5348205566406 415.8841857910156
341.5348205566406 415.8841857910156
341.5348205566406 415.8841857910156
341.5348205566406 415.8841857910156
341.5348205566406 415.8841857910156
341.2413635253906 415.51092529296875
341.2413635253906 415.51092529296875
341.2413635253906 415.51092529296875
341.2413635253906 415.51092529296875
341.2413635253906 415.51092529296875
341.2413635253906 415.51092529296875
341.2413635253906 415.51092529296875
341.2413635253906 415.51092529296875
341.2413635253906 415.51092529296875
341.2413635253906 415.51092529296875
341.2413635253906 415.51092529296875
341.2413635253906 415.51092529296875
341.2413635253906 415.51092529296875
341.2413635253906 415.51092529296875
341.2413635253906 415.51092529296875
341.10089111328125 415.5090026855469
340.95892333984375 415.5174255371094
340.5675048828125 415.56365966796875
340.033447265625 415.6432800292969
339.47760009765625 415.73175048828125
338.9219970703125 415.82177734375
338.3666687011719 415.9133605957031
337.81158447265625 416.0065002441406
337.25677490234375 416.1011962890625
336.7022399902344 416.19744873046875
336.1479797363281 416.2952575683594
335.593994140625 416.3946228027344
335.040283203125 416.49554443359375
334.4868469238281 416.5980224609375
333.9337158203125 416.7020263671875
333.380859375 416.8075866699219
332.82830810546875 416.9147033691406
332.27606201171875 417.0233459472656
331.72412109375 417.133544921875
331.1724853515625 417.24530029296875
330.62115478515625 417.35858154296875
330.0701599121094 417.4734191894531
329.5195007324219 417.5898132324219
328.9691467285156 417.7077331542969
328.41912841796875 417.82720947265625
327.86944580078125 417.9482116699219
327.3200988769531 418.07073974609375
326.7711181640625 418.19482421875
326.22247314453125 418.3204345703125
325.6741943359375 418.4476013183594
325.12628173828125 418.5762939453125
324.5787048339844 418.7065124511719
324.031494140625 418.8382568359375
323.48468017578125 418.9715576171875
322.938232421875 419.10638427734375
322.39215087890625 419.24273681640625
321.8464660644531 419.380615234375
321.3011779785156 419.52001953125
320.75628662109375 419.66094970703125
320.2117919921875 419.80340576171875
319.6676940917969 419.9473876953125
319.1239929199219 420.0928955078125
318.5806884765625 420.23992919921875
318.0378112792969 420.38848876953125
317.495361328125 420.53857421875
316.95330810546875 420.6901550292969
316.41168212890625 420.84326171875
315.8705139160156 420.9978942871094
315.32977294921875 421.1540222167969
314.7894592285156 421.3116760253906
314.2496032714844 421.4708557128906
313.7101745605469 421.63153076171875
313.17120361328125 421.7937316894531
312.6326904296875 421.9574279785156
312.0946350097656 422.12261962890625
311.55706787109375 422.2893371582031
311.01995849609375 422.4575500488281
310.4833068847656 422.62725830078125
309.9471435546875 422.7984924316406
309.4114685058594 422.9712219238281
308.87628173828125 423.14544677734375
308.3415832519531 423.3211669921875
307.807373046875 423.4983825683594
307.2736511230469 423.6770935058594
306.7404479980469 423.8572998046875
306.2077331542969 424.03900146484375
305.675537109375 424.2221984863281
305.14385986328125 424.4068908691406
304.6127014160156 424.5930480957031
304.0820617675781 424.78070068359375
303.5519714355469 424.9698486328125
303.02239990234375 425.16046142578125
302.4933776855469 425.3525695800781
301.9648742675781 425.5461730957031
301.4369201660156 425.7412414550781
300.9095153808594 425.9377746582031
300.3826599121094 426.13580322265625
299.8563537597656 426.3352966308594
299.33062744140625 426.5362548828125
298.8054504394531 426.73870849609375
298.2808532714844 426.942626953125
297.7568359375 427.14801025390625
297.2333984375 427.3548583984375
296.7105407714844 427.56317138671875
296.1882629394531 427.77294921875
295.66656494140625 427.98419189453125
295.1454772949219 428.1968994140625
294.6249694824219 428.41107177734375
294.1050720214844 428.6266784667969
293.5857849121094 428.84375
293.0671081542969 429.0622863769531
292.5490417480469 429.2822570800781
292.0315856933594 429.5036926269531
291.5147705078125 429.7265625
290.9985656738281 429.9508972167969
290.4830017089844 430.1766662597656
289.96807861328125 430.40386962890625
289.4537658691406 430.6325378417969
288.94012451171875 430.8626403808594
288.4271240234375 431.09417724609375
287.9147644042969 431.3271484375
287.4030456542969 431.5615539550781
286.8919982910156 431.7973937988281
286.3816223144531 432.03466796875
285.8719177246094 432.2733459472656
285.3628845214844 432.5134582519531
284.8545227050781 432.7550048828125
284.3468322753906 432.99798583984375
283.8398132324219 433.24237060546875
283.33349609375 433.4881896972656
282.8278503417969 433.73541259765625
282.3229064941406 433.9840393066406
281.81866455078125 434.2341003417969
281.31512451171875 434.4855651855469
280.8122863769531 434.7384338378906
280.3101501464844 434.9927062988281
279.8087463378906 435.2483825683594
279.30804443359375 435.5054626464844
278.8080749511719 435.7639465332031
278.308837890625 436.0238342285156
277.8103332519531 436.2851257324219
277.31256103515625 436.5478210449219
276.8155212402344 436.8118896484375
276.3192138671875 437.0773620605469
275.82366943359375 437.3442077636719
275.328857421875 437.6124572753906
274.8348083496094 437.882080078125
274.3415222167969 438.1531066894531
273.8489990234375 438.4255065917969
273.35723876953125 438.69927978515625
272.8662414550781 438.97442626953125
272.3760070800781 439.2509460449219
271.8865661621094 439.5288391113281
271.39788818359375 439.80810546875
270.9100036621094 440.0887451171875
270.42291259765625 440.3707275390625
269.9366149902344 440.6540832519531
269.45111083984375 440.9388122558594
268.9664001464844 441.2248840332031
268.48248291015625 441.5123291015625
267.9993896484375 441.8011169433594
267.51708984375 442.09124755859375
267.0356140136719 442.38275146484375
266.5549621582031 442.67559814453125
266.07513427734375 442.96978759765625
265.59613037109375 443.26531982421875
265.1179504394531 443.56219482421875
264.6405944824219 443.86041259765625
264.1640930175781 444.1599426269531
263.68841552734375 444.4608154296875
263.2135925292969 444.7630310058594
262.7396240234375 445.0665588378906
262.2665100097656 445.3714294433594
261.79425048828125 445.6776123046875
261.3228454589844 445.985107421875
260.852294921875 446.2939453125
260.38262939453125 446.6040954589844
259.913818359375 446.9155578613281
259.4458923339844 447.22833251953125
258.9788513183594 447.54241943359375
258.5126647949219 447.8578186035156
258.04736328125 448.17449951171875
257.5829772949219 448.49249267578125
257.1194763183594 448.8117980957031
256.6568603515625 449.13238525390625
256.1951599121094 449.4542541503906
255.73435974121094 449.7774353027344
255.2744598388672 450.1018981933594
254.8154754638672 450.4276428222656
254.35740661621094 450.7546691894531
253.90025329589844 451.0829772949219
253.4440155029297 451.4125671386719
252.98870849609375 451.7434387207031
252.53433227539062 452.0755920410156
252.0808868408203 452.4090270996094
251.6283721923828 452.74371337890625
251.1768035888672 453.0796813964844
250.72618103027344 453.4169006347656
250.27650451660156 453.75537109375
249.82777404785156 454.0951232910156
249.3800048828125 454.4361267089844
248.9331817626953 454.77838134765625
248.48733520507812 455.12188720703125
248.04244995117188 455.4666442871094
247.59854125976562 455.8126525878906
247.1555938720703 456.159912109375
246.71363830566406 456.5083923339844
246.2726593017578 456.8581237792969
245.83267211914062 457.2091064453125
245.3936767578125 457.56134033203125
244.9556884765625 457.914794921875
244.51870727539062 458.2695007324219
244.08273315429688 458.62542724609375
243.64779663085938 458.98260498046875
243.21388244628906 459.3410339355469
242.781005859375 459.7007141113281
242.34918212890625 460.0616455078125
241.91842651367188 460.423828125
241.48876953125 460.7872619628906
241.06021118164062 461.1519775390625
240.63278198242188 461.5179748535156
240.2064971923828 461.88525390625
239.78118896484375 462.25390625
239.35691833496094 462.6237487792969
238.93368530273438 462.9947814941406
238.51148986816406 463.3669738769531
238.09033203125 463.7403564453125
237.67022705078125 464.11492919921875
237.2511749267578 464.49066162109375
236.8331756591797 464.8675842285156
236.41622924804688 465.24566650390625
236.00035095214844 465.6249084472656
235.5855255126953 466.00531005859375
235.17176818847656 466.3868713378906
234.7590789794922 466.76959228515625
234.34747314453125 467.1534729003906
233.9369354248047 467.53851318359375
233.52748107910156 467.9246826171875
233.11911010742188 468.31201171875
232.71182250976562 468.7004699707031
232.30563354492188 469.090087890625
231.90052795410156 469.4808349609375
231.49652099609375 469.8727111816406
231.09361267089844 470.2657165527344
230.6918182373047 470.65985107421875
230.29112243652344 471.05511474609375
229.89154052734375 471.45147705078125
229.49307250976562 471.8489685058594
229.09571838378906 472.2475891113281
228.69947814941406 472.6473083496094
228.30435180664062 473.0481262207031
227.9103546142578 473.4500732421875
227.51748657226562 473.8531188964844
227.12574768066406 474.25726318359375
226.73513793945312 474.6625061035156
226.34567260742188 475.0688171386719
225.95733642578125 475.4762268066406
225.5701446533203 475.8847351074219
225.18409729003906 476.2943115234375
224.79920959472656 476.7049865722656
224.41546630859375 477.1167297363281
224.0328826904297 477.529541015625
223.65145874023438 477.94342041015625
223.2711944580078 478.3583679199219
222.89208984375 478.7743835449219
222.51416015625 479.19146728515625
222.13739013671875 479.6095886230469
221.7617950439453 480.0287780761719
221.3873748779297 480.4490051269531
221.01412963867188 480.8702697753906
220.64207458496094 481.2926025390625
220.2711944580078 481.7159729003906
219.90150451660156 482.140380859375
219.5330047607422 482.5658264160156
219.1656951904297 482.9922790527344
218.79959106445312 483.4197692871094
218.43467712402344 483.8482971191406
218.0709686279297 484.27783203125
217.70846557617188 484.7083740234375
217.34716796875 485.13995361328125
216.98707580566406 485.5725402832031
216.62820434570312 486.0061340332031
216.2705535888672 486.44073486328125
215.9141082763672 486.8763122558594
215.55889892578125 487.3128967285156
215.2049102783203 487.75048828125
214.85214233398438 488.1890563964844
214.5006103515625 488.62860107421875
214.1503143310547 489.06915283203125
213.80123901367188 489.51068115234375
213.4534149169922 489.95318603515625
213.10682678222656 490.3966369628906
212.761474609375 490.841064453125
212.41737365722656 491.2864685058594
212.07452392578125 491.7328186035156
211.73292541503906 492.1801452636719
211.392578125 492.62841796875
211.05349731445312 493.07763671875
210.71566772460938 493.5278015136719
210.3791046142578 493.9789123535156
210.04380798339844 494.43096923828125
209.70977783203125 494.88397216796875
209.37701416015625 495.337890625
209.04551696777344 495.7927551269531
208.71530151367188 496.24853515625
208.38636779785156 496.70526123046875
208.0587158203125 497.16290283203125
207.7323455810547 497.6214599609375
207.40725708007812 498.0809326171875
207.0834503173828 498.5412902832031
206.7609405517578 499.0025634765625
206.43972778320312 499.4647521972656
206.11981201171875 499.9278259277344
205.8011932373047 500.39178466796875
205.48387145996094 500.85662841796875
205.1678466796875 501.3223876953125
204.85313415527344 501.78900146484375
204.53973388671875 502.2565002441406
204.22764587402344 502.7248840332031
203.9168701171875 503.19415283203125
203.60740661621094 503.6642761230469
203.29925537109375 504.13525390625
202.992431640625 504.60711669921875
202.6869354248047 505.079833984375
202.38275146484375 505.55340576171875
202.07989501953125 506.02783203125
201.77838134765625 506.5030822753906
201.4781951904297 506.97918701171875
201.17933654785156 507.45611572265625
200.88182067871094 507.93389892578125
200.5856475830078 508.4125061035156
200.2908172607422 508.8919372558594
199.99732971191406 509.3721923828125
199.70518493652344 509.853271484375
199.4143829345703 510.3351745605469
199.12493896484375 510.81787109375
198.83685302734375 511.3013916015625
198.55010986328125 511.78570556640625
198.2647247314453 512.2708129882812
197.980712890625 512.7567138671875
197.69805908203125 513.243408203125
197.41676330566406 513.7308959960938
197.1368408203125 514.2191772460938
196.8582763671875 514.708251953125
196.58108520507812 515.1981201171875
196.30526733398438 515.688720703125
196.03082275390625 516.1801147460938
195.7577667236328 516.6723022460938
195.486083984375 517.1652221679688
195.21578979492188 517.658935546875
194.94686889648438 518.1533813476562
194.67933654785156 518.6485595703125
194.41319274902344 519.1444702148438
194.1484375 519.6411743164062
193.88507080078125 520.1386108398438
193.62310791015625 520.6367797851562
193.36253356933594 521.1356811523438
193.10336303710938 521.6353149414062
192.84559631347656 522.1356811523438
192.5892333984375 522.63671875
192.3342742919922 523.1384887695312
192.08071899414062 523.6409912109375
191.8285675048828 524.1441650390625
191.5778350830078 524.6480712890625
191.32850646972656 525.1526489257812
191.08059692382812 525.657958984375
190.8341064453125 526.1639404296875
190.5890350341797 526.6705932617188
190.3453826904297 527.177978515625
190.1031494140625 527.68603515625
189.86233520507812 528.1947631835938
189.62295532226562 528.7041625976562
189.38499450683594 529.2142333984375
189.14846801757812 529.7249755859375
188.9133758544922 530.2363891601562
188.67971801757812 530.7484130859375
188.44749450683594 531.2611083984375
188.21670532226562 531.7744750976562
187.9873504638672 532.2884521484375
187.7594451904297 532.8031005859375
187.53297424316406 533.318359375
187.30795288085938 533.834228515625
187.08438110351562 534.3507690429688
186.86224365234375 534.867919921875
186.6415557861328 535.3856811523438
186.4223175048828 535.904052734375
186.2045440673828 536.4230346679688
185.98822021484375 536.942626953125
185.77334594726562 537.4628295898438
185.5599365234375 537.983642578125
185.34799194335938 538.5050659179688
185.1374969482422 539.0270385742188
184.928466796875 539.5496215820312
184.7209014892578 540.0728149414062
184.51480102539062 540.5965576171875
184.3101806640625 541.120849609375
184.10702514648438 541.645751953125
183.90533447265625 542.1712036132812
183.7051239013672 542.6972045898438
183.50637817382812 543.2238159179688
183.30911254882812 543.7509765625
183.1133270263672 544.2786865234375
182.9190216064453 544.8069458007812
182.7261962890625 545.335693359375
182.53485107421875 545.864990234375
182.34498596191406 546.3948364257812
182.15660095214844 546.9252319335938
181.96971130371094 547.4561157226562
181.7843017578125 547.987548828125
181.6003875732422 548.5194702148438
181.41796875 549.0519409179688
181.23703002929688 549.5848999023438
181.05758666992188 550.1183471679688
180.879638671875 550.65234375
180.70318603515625 551.1868286132812
180.5282440185547 551.7218017578125
180.35479736328125 552.2572631835938
180.18284606933594 552.793212890625
180.0124053955078 553.32958984375
179.8434600830078 553.866455078125
179.676025390625 554.40380859375
179.5100860595703 554.941650390625
179.3456573486328 555.4799194335938
179.1827392578125 556.0186767578125
179.02133178710938 556.557861328125
178.86143493652344 557.0975341796875
178.7030487060547 557.6376342773438
178.54617309570312 558.1781616210938
178.39080810546875 558.7191162109375
178.23696899414062 559.260498046875
178.0846405029297 559.8023071289062
177.933837890625 560.3445434570312
177.7845458984375 560.88720703125
177.63677978515625 561.4302978515625
177.49053955078125 561.9738159179688
177.3458251953125 562.5177612304688
177.20263671875 563.0620727539062
177.06097412109375 563.6068115234375
176.92083740234375 564.1519165039062
176.7822265625 564.6974487304688
176.6451416015625 565.2433471679688
176.5095977783203 565.7896118164062
176.37557983398438 566.3362426757812
176.24310302734375 566.88330078125
176.11216735839844 567.4307250976562
175.98277282714844 567.978515625
175.85491943359375 568.5266723632812
175.72860717773438 569.0751953125
175.60385131835938 569.6240844726562
175.4806365966797 570.17333984375
175.35897827148438 570.722900390625
175.2388916015625 571.2728271484375
175.120361328125 571.8231201171875
175.00340270996094 572.373779296875
174.8880157470703 572.9247436523438
174.7742156982422 573.47607421875
174.66201782226562 574.0277709960938
174.5514373779297 574.579833984375
174.44248962402344 575.1322631835938
174.33518981933594 575.6851196289062
174.22958374023438 576.2383422851562
174.1256866455078 576.7918701171875
174.02349853515625 577.3458251953125
173.92306518554688 577.9002685546875
173.82447814941406 578.4550170898438
173.727783203125 579.0103149414062
173.63307189941406 579.566162109375
173.5404510498047 580.1226196289062
173.5404510498047 580.1226196289062
173.5404510498047 580.1226196289062
173.5404510498047 580.1226196289062
173.5404510498047 580.1226196289062
173.5404510498047 580.1226196289062
173.5404510498047 580.1226196289062
173.5404510498047 580.1226196289062
173.5404510498047 580.1226196289062
173.5404510498047 580.1226196289062
173.5404510498047 580.1226196289062
173.5404510498047 580.1226196289062
173.5404510498047 580.1226196289062
173.5404510498047 580.1226196289062
173.5404510498047 580.1226196289062
173.5404510498047 580.1226196289062
173.5404510498047 580.1226196289062
173.5404510498047 580.1226196289062
173.5404510498047 580.1226196289062
173.5404510498047 580.1226196289062
173.5404510498047 580.1226196289062
173.5404510498047 580.1226196289062
173.5404510498047 580.1226196289062
173.5404510498047 580.1226196289062
173.5404510498047 580.1226196289062
173.5404510498047 580.1226196289062
173.5404510498047 580.1226196289062
173.5404510498047 580.1226196289062
173.5404510498047 580.1226196289062
173.5404510498047 580.1226196289062
173.5404510498047 580.1226196289062
173.5404510498047 580.1226196289062
173.5404510498047 580.1226196289062
173.5404510498047 580.1226196289062
173.5404510498047 580.1226196289062
173.5404510498047 580.1226196289062
173.5404510498047 580.1226196289062
173.5404510498047 580.1226196289062
173.5404510498047 580.1226196289062
173.5404510498047 580.1226196289062
173.5404510498047 580.1226196289062
173.5404510498047 580.1226196289062
173.5404510498047 580.1226196289062
173.5404510498047 580.1226196289062
173.5404510498047 580.1226196289062
173.5404510498047 580.1226196289062
173.5404510498047 580.1226196289062
173.5404510498047 580.1226196289062
173.5404510498047 580.1226196289062
173.5404510498047 580.1226196289062
173.5404510498047 580.1226196289062
173.5404510498047 580.1226196289062
173.5404510498047 580.1226196289062
173.5404510498047 580.1226196289062
173.5404510498047 580.1226196289062
173.5404510498047 580.1226196289062
173.5404510498047 580.1226196289062
173.5404510498047 580.1226196289062
173.5404510498047 580.1226196289062
173.5404510498047 580.1226196289062
173.5404510498047 580.1226196289062
173.5404510498047 580.1226196289062
173.5404510498047 580.1226196289062
173.5404510498047 580.1226196289062
173.5404510498047 580.1226196289062
173.5404510498047 580.1226196289062
173.5404510498047 580.1226196289062
173.5404510498047 580.1226196289062
173.5404510498047 580.1226196289062
173.5404510498047 580.1226196289062
173.5404510498047 580.1226196289062
173.5404510498047 580.1226196289062
173.5404510498047 580.1226196289062
173.5404510498047 580.1226196289062
173.5404510498047 580.1226196289062
173.5404510498047 580.1226196289062
173.5404510498047 580.1226196289062
173.5404510498047 580.1226196289062
173.5404510498047 580.1226196289062
173.5404510498047 580.1226196289062
173.5404510498047 580.1226196289062
173.5404510498047 580.1226196289062
173.5404510498047 580.1226196289062
173.5404510498047 580.1226196289062
173.5404510498047 580.1226196289062
173.5404510498047 580.1226196289062
173.5404510498047 580.1226196289062
173.5404510498047 580.1226196289062
173.5404510498047 580.1226196289062
173.5404510498047 580.1226196289062
173.5404510498047 580.1226196289062
173.5404510498047 580.1226196289062
173.5404510498047 580.1226196289062
173.5404510498047 580.1226196289062
173.5404510498047 580.1226196289062
173.5404510498047 580.1226196289062
173.5404510498047 580.1226196289062
173.5404510498047 580.1226196289062
173.5404510498047 580.1226196289062
173.5404510498047 580.1226196289062
173.5404510498047 580.1226196289062
173.5404510498047 580.1226196289062
173.5404510498047 580.1226196289062
173.5404510498047 580.1226196289062
173.5404510498047 580.1226196289062
173.5404510498047 580.1226196289062
173.5404510498047 580.1226196289062
173.5404510498047 580.1226196289062
173.5404510498047 580.1226196289062
173.5404510498047 580.1226196289062
173.5404510498047 580.1226196289062
173.5404510498047 580.1226196289062
173.5404510498047 580.1226196289062
173.5404510498047 580.1226196289062
173.5404510498047 580.1226196289062
173.5404510498047 580.1226196289062
173.5404510498047 580.1226196289062
173.5404510498047 580.1226196289062
173.5404510498047 580.1226196289062
173.5404510498047 580.1226196289062
173.96932983398438 580.499755859375
173.96932983398438 580.499755859375
173.96932983398438 580.499755859375
173.96932983398438 580.499755859375
173.96932983398438 580.499755859375
173.96932983398438 580.499755859375
173.96932983398438 580.499755859375
173.96932983398438 580.499755859375
173.96932983398438 580.499755859375
173.96932983398438 580.499755859375
173.96932983398438 580.499755859375
173.96932983398438 580.499755859375
173.96932983398438 580.499755859375
173.96932983398438 580.499755859375
173.96932983398438 580.499755859375
173.96932983398438 580.499755859375
173.96932983398438 580.499755859375
173.96932983398438 580.499755859375
173.96932983398438 580.499755859375
173.96932983398438 580.499755859375
173.96932983398438 580.499755859375
173.96932983398438 580.499755859375
173.96932983398438 580.499755859375
173.96932983398438 580.499755859375
173.96932983398438 580.499755859375
173.96932983398438 580.499755859375
173.96932983398438 580.499755859375
174.37416076660156 580.4957275390625
174.80392456054688 580.470703125
175.241943359375 580.4251098632812
175.6703338623047 580.3607788085938
176.1782989501953 580.2647705078125
176.7010040283203 580.1513061523438
177.17068481445312 580.0346069335938
177.63180541992188 579.9022216796875
178.10369873046875 579.7489013671875
178.5363311767578 579.5913696289062
178.96714782714844 579.4161987304688
179.38600158691406 579.2277221679688
179.8017578125 579.02197265625
180.28826904296875 578.76611328125
180.67384338378906 578.5499877929688
180.91090393066406 578.4017333984375
181.04525756835938 578.3060913085938
181.18177795410156 578.1951293945312
181.3082275390625 578.0782470703125
181.45382690429688 577.9259033203125
181.66775512695312 577.6756591796875
181.86866760253906 577.4151611328125
182.12408447265625 577.0518798828125
182.40834045410156 576.619873046875
182.67816162109375 576.1869506835938
182.96124267578125 575.7131958007812
183.23704528808594 575.23828125
183.5140380859375 574.750732421875
183.78782653808594 574.261962890625
184.0602264404297 573.7699584960938
184.3307342529297 573.2770385742188
184.59925842285156 572.7831420898438
184.86627197265625 572.287841796875
185.13128662109375 571.7920532226562
185.3942108154297 571.2952880859375
185.65553283691406 570.7970581054688
185.91539001464844 570.2978515625
186.1737823486328 569.7979125976562
186.4307098388672 569.2972412109375
186.68614196777344 568.7957763671875
186.9401397705078 568.2935180664062
187.1927032470703 567.79052734375
187.44384765625 567.286865234375
187.6935577392578 566.782470703125
187.9418182373047 566.2774047851562
188.18862915039062 565.7716064453125
188.43399047851562 565.2650756835938
188.67791748046875 564.7578735351562
188.92041015625 564.2499389648438
189.16146850585938 563.7413330078125
189.40109252929688 563.2320556640625
189.6392822265625 562.7221069335938
189.87603759765625 562.2114868164062
190.11135864257812 561.7001953125
190.34524536132812 561.188232421875
190.57769775390625 560.6756591796875
190.8087158203125 560.1624145507812
191.0382843017578 559.6484985351562
191.26641845703125 559.1339721679688
191.49310302734375 558.6188354492188
191.71835327148438 558.10302734375
191.94215393066406 557.5866088867188
192.1645050048828 557.069580078125
192.38540649414062 556.5518798828125
192.6048583984375 556.0335693359375
192.82286071777344 555.5146484375
193.03941345214844 554.9951171875
193.25450134277344 554.4749755859375
193.4681396484375 553.9542846679688
193.68031311035156 553.4329833984375
193.89102172851562 552.9110717773438
194.1002655029297 552.3885498046875
194.30804443359375 551.865478515625
194.5143585205078 551.341796875
194.71920776367188 550.8175659179688
194.92259216308594 550.2927856445312
195.12451171875 549.7673950195312
195.324951171875 549.241455078125
195.52391052246094 548.7149658203125
195.72140502929688 548.1879272460938
195.91741943359375 547.6603393554688
196.11195373535156 547.1322021484375
196.3050079345703 546.603515625
196.49658203125 546.0742797851562
196.68667602539062 545.5444946289062
196.87527465820312 545.0142211914062
197.06239318847656 544.4833984375
197.24803161621094 543.9520263671875
197.4321746826172 543.420166015625
197.6148223876953 542.8878173828125
197.79598999023438 542.3549194335938
197.9756622314453 541.821533203125
198.15383911132812 541.2876586914062
198.3305206298828 540.7532958984375
198.50570678710938 540.2184448242188
198.67938232421875 539.68310546875
198.8515625 539.1472778320312
199.02224731445312 538.6109619140625
199.19142150878906 538.0741577148438
