59.93104553222656 449.9370422363281
59.85667419433594 449.8805847167969
59.777496337890625 449.8310852050781
59.69416427612305 449.7889404296875
59.607357025146484 449.7545166015625
59.517791748046875 449.72808837890625
59.426204681396484 449.70989990234375
59.333343505859375 449.7000732421875
59.23997497558594 449.6986999511719
59.14686584472656 449.7057800292969
59.054779052734375 449.72125244140625
58.96446990966797 449.7449951171875
58.87668228149414 449.7768249511719
58.792137145996094 449.81646728515625
58.711524963378906 449.86358642578125
58.63551330566406 449.9178161621094
58.56472396850586 449.97869873046875
58.49973678588867 450.0457458496094
58.44108963012695 450.118408203125
58.389259338378906 450.1960754394531
58.34467315673828 450.27813720703125
58.30769729614258 450.3638916015625
58.27863693237305 450.45263671875
58.25773239135742 450.54364013671875
58.22675704956055 450.7611389160156
58.21002197265625 451.0171203613281
58.21233367919922 451.2763671875
58.23385238647461 451.5351257324219
58.274452209472656 451.7916259765625
58.33390808105469 452.0444030761719
58.411895751953125 452.2920837402344
58.50798797607422 452.5333251953125
58.62165832519531 452.7668151855469
58.75228500366211 452.9912414550781
58.89915084838867 453.2054138183594
59.06144714355469 453.4081115722656
59.23344039916992 453.5928955078125
59.378883361816406 453.7267150878906
59.53141403198242 453.8459167480469
59.69247817993164 453.9520568847656
59.85902404785156 454.0434265136719
59.99806213378906 454.1053466796875
60.0805549621582 454.1336975097656
60.10911178588867 454.1405944824219
60.12928009033203 454.1434326171875
60.14848709106445 454.14422607421875
60.1676025390625 454.14312744140625
60.186519622802734 454.1401672363281
60.20506286621094 454.1353759765625
60.22303009033203 454.1287841796875
60.240257263183594 454.1204833984375
60.256587982177734 454.11053466796875
60.2718620300293 454.0990295410156
60.28593826293945 454.0860900878906
60.298683166503906 454.07183837890625
60.3105583190918 454.05560302734375
60.35163116455078 453.98651123046875
60.395389556884766 453.8948669433594
60.43122482299805 453.79840087890625
60.45849609375 453.69830322265625
60.477210998535156 453.5933532714844
60.486690521240234 453.4850158691406
60.48649978637695 453.37359619140625
60.47673797607422 453.266357421875
60.460235595703125 453.1760559082031
60.43519592285156 453.08612060546875
60.4021110534668 452.9988098144531
60.36125564575195 452.91485595703125
60.312965393066406 452.8349304199219
60.25764083862305 452.75970458984375
60.19573211669922 452.6897888183594
60.127750396728516 452.6257629394531
60.05425262451172 452.56817626953125
59.9758415222168 452.5174560546875
59.89316177368164 452.47406005859375
59.80689239501953 452.4383239746094
59.717742919921875 452.4105529785156
59.626441955566406 452.3909606933594
59.53374481201172 452.37969970703125
59.440406799316406 452.37689208984375
59.347198486328125 452.3825378417969
59.254886627197266 452.3966064453125
59.16422653198242 452.4189758300781
59.07596206665039 452.449462890625
58.990821838378906 452.4878234863281
58.90950012207031 452.5337219238281
58.83266830444336 452.5867919921875
58.760955810546875 452.6466064453125
58.69495391845703 452.712646484375
58.63520050048828 452.7843933105469
58.582191467285156 452.86126708984375
58.53635787963867 452.942626953125
58.498077392578125 453.0278015136719
58.46766662597656 453.1160888671875
58.44537353515625 453.2067565917969
58.416805267333984 453.38958740234375
58.397499084472656 453.64031982421875
58.396881103515625 453.8996276855469
58.415470123291016 454.15863037109375
58.45316696166992 454.4155578613281
58.509761810302734 454.66900634765625
58.58494567871094 454.9175720214844
58.67830276489258 455.1598815917969
58.78932571411133 455.3946228027344
58.91740798950195 455.6205139160156
59.06184387207031 455.8363342285156
59.22183609008789 456.0408630371094
59.390201568603516 456.2258605957031
59.541542053222656 456.3683776855469
59.693145751953125 456.4898376464844
59.85283279418945 456.5978698730469
60.01783752441406 456.6910400390625
60.168521881103516 456.7604675292969
60.24540328979492 456.78802490234375
60.27739715576172 456.79620361328125
60.29752731323242 456.7992858886719
60.31672286987305 456.8003234863281
60.335853576660156 456.79949951171875
60.35480499267578 456.7967834472656
60.37339782714844 456.792236328125
60.39145278930664 456.785888671875
60.408790588378906 456.7778015136719
60.42525100708008 456.76806640625
60.440677642822266 456.75677490234375
60.454925537109375 456.7440185546875
60.467857360839844 456.72991943359375
60.480072021484375 456.7136535644531
60.497962951660156 456.6842956542969
60.542579650878906 456.5928955078125
60.57905578613281 456.49725341796875
60.60723876953125 456.397216796875
60.62689971923828 456.2922668457031
60.63733673095703 456.183837890625
60.63811111450195 456.07293701171875
60.62932205200195 455.9661560058594
60.61329650878906 455.8739318847656
60.589046478271484 455.78375244140625
60.556732177734375 455.6961364746094
60.51661682128906 455.61181640625
60.469032287597656 455.5314636230469
60.414371490478516 455.45574951171875
60.35308074951172 455.38531494140625
60.28566360473633 455.3207092285156
60.21267318725586 455.2624816894531
60.13471221923828 455.2110900878906
60.05241775512695 455.1669616699219
59.96646499633789 455.1304626464844
59.8775634765625 455.1018981933594
59.78643798828125 455.0815124511719
59.69384002685547 455.0694580078125
59.60053253173828 455.0658264160156
59.50727844238281 455.0706481933594
59.41484451293945 455.0838928222656
59.32398986816406 455.10546875
59.2354621887207 455.1351623535156
59.149986267089844 455.1727600097656
59.06826400756836 455.2179260253906
58.990966796875 455.27032470703125
58.918731689453125 455.3294982910156
58.852149963378906 455.39495849609375
58.791770935058594 455.4661865234375
58.73808670043945 455.5426025390625
58.6915397644043 455.6235656738281
58.65251159667969 455.7084045410156
58.62132263183594 455.7964172363281
58.59823226928711 455.88690185546875
58.56782150268555 456.07080078125
58.546226501464844 456.3218688964844
58.54329299926758 456.58050537109375
58.5595703125 456.8396301269531
58.594970703125 457.0968933105469
58.6493034362793 457.350830078125
58.722267150878906 457.60003662109375
58.81346130371094 457.8431701660156
58.922386169433594 458.0788879394531
59.04844665527344 458.305908203125
59.19095230102539 458.5229797363281
59.34911346435547 458.7289123535156
59.52181625366211 458.92230224609375
59.68705368041992 459.0813293457031
59.83710479736328 459.20452880859375
59.99542236328125 459.3144226074219
60.160919189453125 459.4105224609375
60.30845642089844 459.48065185546875
60.404327392578125 459.51641845703125
60.445499420166016 459.5275573730469
60.4658203125 459.531005859375
60.48500442504883 459.5323486328125
60.504150390625 459.53179931640625
60.523136138916016 459.5293884277344
60.541805267333984 459.5251159667969
60.55995559692383 459.51904296875
60.577415466308594 459.51123046875
60.59402084350586 459.5017395019531
60.609615325927734 459.49066162109375
60.62405014038086 459.4781188964844
60.63718795776367 459.4642333984375
60.64908218383789 459.4488830566406
60.6650505065918 459.42352294921875
60.71080780029297 459.3330993652344
60.748714447021484 459.2378234863281
60.77838134765625 459.1380615234375
60.79938507080078 459.0342102050781
60.81127166748047 458.92681884765625
60.81362533569336 458.8158264160156
60.80619430541992 458.7062683105469
60.79102325439453 458.6106872558594
60.76811218261719 458.5201721191406
60.737098693847656 458.4320983886719
60.698238372802734 458.3471984863281
60.651851654052734 458.2661437988281
60.59832000732422 458.18963623046875
60.538082122802734 458.1182861328125
60.47163009643555 458.05267333984375
60.399513244628906 457.99334716796875
60.322322845458984 457.9407958984375
60.240692138671875 457.89544677734375
60.15529251098633 457.8576965332031
60.06682205200195 457.82781982421875
59.976009368896484 457.8060607910156
59.883602142333984 457.7926330566406
59.79035949707031 457.7876281738281
59.697044372558594 457.79107666015625
59.60442352294922 457.8029479980469
59.51325988769531 457.8231506347656
59.42430114746094 457.8515319824219
59.33827590942383 457.8878479003906
59.25589370727539 457.93182373046875
59.17782974243164 457.9830627441406
59.1047248840332 458.0411682128906
59.03717803955078 458.10565185546875
58.975746154785156 458.17596435546875
58.92093276977539 458.2515563964844
58.873191833496094 458.3318176269531
58.83291244506836 458.41607666015625
58.80042266845703 458.5036315917969
58.77599334716797 458.59375
58.755306243896484 458.7105407714844
58.7327995300293 458.9510192871094
58.72805404663086 459.209716796875
58.742515563964844 459.46893310546875
58.77611541748047 459.7264099121094
58.82866668701172 459.980712890625
58.899879455566406 460.2304382324219
58.9893684387207 460.4742126464844
59.09663772583008 460.710693359375
59.22110366821289 460.9385986328125
59.362083435058594 461.15667724609375
59.51880645751953 461.3637390136719
59.690093994140625 461.5582580566406
59.852054595947266 461.7162780761719
60.00118637084961 461.84039306640625
60.159149169921875 461.9516296386719
60.323726654052734 462.0486755371094
60.48062515258789 462.1246643066406
60.59354019165039 462.16790771484375
60.63217544555664 462.17877197265625
60.652313232421875 462.182373046875
60.67155075073242 462.18389892578125
60.69070053100586 462.18353271484375
60.70970916748047 462.1813049316406
60.72840881347656 462.1772155761719
60.74661636352539 462.17132568359375
60.76414489746094 462.1636657714844
60.78083801269531 462.1543273925781
60.79653549194336 462.1434020996094
60.81108856201172 462.1310119628906
60.82435607910156 462.11724853515625
60.83626174926758 462.1021728515625
60.85276412963867 462.0765075683594
60.89944839477539 461.98638916015625
60.93808364868164 461.89190673828125
60.968509674072266 461.7929992675781
60.99052810668945 461.68914794921875
61.003448486328125 461.5816650390625
61.0068473815918 461.4705810546875
61.000465393066406 461.36138916015625
60.986289978027344 461.2663879394531
60.964378356933594 461.17633056640625
60.93417739868164 461.0879821777344
60.89610290527344 461.0027160644531
60.8504638671875 460.9212646484375
60.797637939453125 460.8442687988281
60.738059997558594 460.7723693847656
60.67221450805664 460.7061462402344
60.60064697265625 460.64617919921875
60.52394104003906 460.5929260253906
60.44272994995117 460.5468444824219
60.35768127441406 460.50830078125
60.26948928833008 460.47760009765625
60.17888259887695 460.45501708984375
60.086605072021484 460.44073486328125
59.993412017822266 460.43487548828125
59.90007019042969 460.4374694824219
59.80734634399414 460.448486328125
59.715999603271484 460.4678649902344
59.62678146362305 460.49542236328125
59.54042434692383 460.53094482421875
59.4576416015625 460.57415771484375
59.37910842895508 460.6246643066406
59.30546951293945 460.6820983886719
59.23733139038086 460.7459411621094
59.175254821777344 460.8157043457031
59.1197509765625 460.89080810546875
59.07126998901367 460.9706115722656
59.030216217041016 461.0544738769531
58.99692153930664 461.1417236328125
58.97166061401367 461.23162841796875
58.95464324951172 461.3234558105469
58.932411193847656 461.5469055175781
58.926368713378906 461.8056335449219
58.93953323364258 462.06494140625
58.97184371948242 462.3226013183594
59.02312088012695 462.5771789550781
59.09308624267578 462.8272705078125
59.18135452270508 463.0715026855469
59.28744125366211 463.30853271484375
59.4107666015625 463.53704833984375
59.550655364990234 463.7558288574219
59.70634078979492 463.9636535644531
59.87657928466797 464.158935546875
60.0523681640625 464.3325500488281
60.201873779296875 464.45880126953125
60.35921859741211 464.5713195800781
60.52275848388672 464.6693420410156
60.682769775390625 464.7483215332031
60.7895622253418 464.7901306152344
60.82577133178711 464.8005676269531
60.846954345703125 464.80450439453125
60.8661994934082 464.80615234375
60.885353088378906 464.805908203125
60.90437698364258 464.8038024902344
60.92310333251953 464.7998352050781
60.94135284423828 464.7940673828125
60.95893478393555 464.7865295410156
60.97569274902344 464.7773132324219
60.9914665222168 464.7665100097656
61.006103515625 464.75421142578125
61.019466400146484 464.74053955078125
61.03148651123047 464.7255554199219
61.048545837402344 464.69940185546875
61.095726013183594 464.6098327636719
61.13508987426758 464.51544189453125
61.166263580322266 464.4165344238281
61.18905258178711 464.3126220703125
61.20275115966797 464.2049865722656
61.20690155029297 464.09454345703125
61.201210021972656 463.9837646484375
61.18719482421875 463.8848876953125
61.16591262817383 463.7944641113281
61.136375427246094 463.70587158203125
61.098941802978516 463.6203308105469
61.053916931152344 463.53851318359375
61.001670837402344 463.46112060546875
60.942630767822266 463.3887634277344
60.87728500366211 463.3220520019531
60.80616760253906 463.26153564453125
60.72986602783203 463.20770263671875
60.64900207519531 463.1610107421875
60.56424331665039 463.121826171875
60.47628402709961 463.0904846191406
60.38584899902344 463.0672302246094
60.293678283691406 463.05224609375
60.200531005859375 463.0456848144531
60.10717010498047 463.0475769042969
60.014366149902344 463.05792236328125
59.92287826538086 463.07659912109375
59.833457946777344 463.1034851074219
59.7468376159668 463.13836669921875
59.66373062133789 463.1809387207031
59.58481979370117 463.2308654785156
59.5107536315918 463.2877197265625
59.442142486572266 463.35107421875
59.379547119140625 463.4203796386719
59.32347869873047 463.49505615234375
59.2744026184082 463.5744934082031
59.23271942138672 463.6580505371094
59.19877243041992 463.7450256347656
59.1728401184082 463.834716796875
59.15513610839844 463.9263916015625
59.13103103637695 464.1513366699219
59.12300491333008 464.4100646972656
59.134178161621094 464.6694030761719
59.164512634277344 464.92730712890625
59.213836669921875 465.1822509765625
59.281883239746094 465.432861328125
59.36827850341797 465.6777648925781
59.4725456237793 465.91558837890625
59.5941162109375 466.1450500488281
59.732322692871094 466.3648986816406
59.886409759521484 466.57391357421875
60.055450439453125 466.7708740234375
60.22834777832031 466.9442443847656
60.37660598754883 467.07135009765625
60.53307342529297 467.18499755859375
60.69617462158203 467.284423828125
60.8537483215332 467.3636474609375
60.954254150390625 467.40380859375
61.00035095214844 467.4174499511719
61.021240234375 467.4215087890625
61.04045486450195 467.4233093261719
61.05961608886719 467.4232177734375
61.07865524291992 467.4212646484375
61.097412109375 467.4174499511719
61.11570358276367 467.41180419921875
61.13334274291992 467.4044189453125
61.150169372558594 467.39532470703125
61.16602325439453 467.3846435546875
61.180755615234375 467.3724670410156
61.19422149658203 467.35888671875
61.20637130737305 467.3439636230469
61.224082946777344 467.3172912597656
61.272029876708984 467.22796630859375
61.31219482421875 467.1336975097656
61.344200134277344 467.03485107421875
61.36763000488281 466.93182373046875
61.3821907043457 466.8240966796875
61.387203216552734 466.7135009765625
61.38237762451172 466.6029357910156
61.36923599243164 466.50482177734375
61.348995208740234 466.4158020019531
61.32012176513672 466.3269958496094
61.2833251953125 466.2411804199219
61.23891067504883 466.1590270996094
61.1872444152832 466.08123779296875
61.128746032714844 466.0084533691406
61.063899993896484 465.9412536621094
60.99323654174805 465.8802185058594
60.917335510253906 465.8258361816406
60.836822509765625 465.7785339355469
60.752357482910156 465.73870849609375
60.664634704589844 465.7066955566406
60.57437515258789 465.6827697753906
60.48231887817383 465.6671142578125
60.389225006103516 465.65985107421875
60.29585266113281 465.6610412597656
60.202972412109375 465.6706848144531
60.11134719848633 465.6886901855469
60.021728515625 465.71490478515625
59.934852600097656 465.7491455078125
59.85143280029297 465.7911071777344
59.772151947021484 465.8404541015625
59.697662353515625 465.8967590332031
59.628578186035156 465.9595947265625
59.56546401977539 466.0284118652344
59.50884246826172 466.1026611328125
59.45917510986328 466.1817321777344
59.4168701171875 466.2649841308594
59.38227462768555 466.3517150878906
59.355674743652344 466.44122314453125
59.337284088134766 466.53277587890625
59.311283111572266 466.7592468261719
59.30134963989258 467.0165710449219
59.310577392578125 467.2759704589844
59.33897399902344 467.5340881347656
59.38638687133789 467.7893981933594
59.45254898071289 468.0404968261719
59.53710174560547 468.2860412597656
59.639583587646484 468.524658203125
59.759429931640625 468.7550354003906
59.8959846496582 468.9759216308594
60.048500061035156 469.18609619140625
60.21602249145508 469.38427734375
60.394859313964844 469.5664978027344
60.54187774658203 469.6947326660156
60.69733428955078 469.8096923828125
60.86054992675781 469.9111022949219
61.02341079711914 469.99481201171875
61.13876724243164 470.0422668457031
61.19417190551758 470.0593566894531
61.215457916259766 470.0637512207031
61.234806060791016 470.0657958984375
61.253963470458984 470.0659484863281
61.27302551269531 470.064208984375
61.29182434082031 470.06060791015625
61.310184478759766 470.05517578125
61.327911376953125 470.0480041503906
61.344844818115234 470.03912353515625
61.36082458496094 470.02862548828125
61.375701904296875 470.0166015625
61.38933181762695 470.0032043457031
61.40167999267578 469.9884033203125
61.41628646850586 469.9669494628906
61.46533203125 469.8780212402344
61.50664520263672 469.7840576171875
61.53984451293945 469.6853942871094
61.56450653076172 469.5824279785156
61.580177307128906 469.4756774902344
61.58646011352539 469.364990234375
61.58290481567383 469.25469970703125
61.570980072021484 469.15728759765625
61.551727294921875 469.0679626464844
61.523860931396484 468.9788513183594
61.488040924072266 468.8926086425781
61.44456100463867 468.8099670410156
61.393775939941406 468.7315979003906
61.33610534667969 468.65814208984375
61.27202224731445 468.5902099609375
61.20205307006836 468.52838134765625
61.126773834228516 468.47314453125
61.04680252075195 468.4249267578125
60.96279525756836 468.3841552734375
60.87544250488281 468.3511657714844
60.78546142578125 468.3262023925781
60.69358825683594 468.30950927734375
60.600582122802734 468.3011779785156
60.5072021484375 468.3013000488281
60.41421890258789 468.30987548828125
60.32239532470703 468.32684326171875
60.23248291015625 468.35205078125
60.145225524902344 468.3852844238281
60.061336517333984 468.4263000488281
59.981502532958984 468.4747314453125
59.9063835144043 468.53021240234375
59.83659362792969 468.5922546386719
59.772705078125 468.6603698730469
59.71524429321289 468.7339782714844
59.6646842956543 468.8125
59.62144088745117 468.895263671875
59.58586502075195 468.9815979003906
59.558250427246094 469.07080078125
59.53882598876953 469.1621398925781
59.51276779174805 469.3700256347656
59.500389099121094 469.6274108886719
59.50715255737305 469.88671875
59.533103942871094 470.14508056640625
59.578094482421875 470.4008483886719
59.641876220703125 470.652587890625
59.72410202026367 470.8988952636719
59.824317932128906 471.1384582519531
59.94197463989258 471.3699645996094
60.07643127441406 471.5921325683594
60.22694778442383 471.8037414550781
60.39268112182617 472.00360107421875
60.56917953491211 472.1868591308594
60.718223571777344 472.3194274902344
60.872825622558594 472.4361267089844
61.03569030761719 472.5395812988281
61.1994514465332 472.6258544921875
61.330841064453125 472.6816101074219
61.38223648071289 472.6981201171875
61.40548324584961 472.70318603515625
61.4247932434082 472.7054443359375
61.44397735595703 472.705810546875
61.46305847167969 472.70428466796875
61.48189926147461 472.700927734375
61.50032043457031 472.69573974609375
61.518131256103516 472.6887512207031
61.5351676940918 472.6800537109375
61.551273345947266 472.66973876953125
61.566287994384766 472.65789794921875
61.580074310302734 472.6446533203125
61.592620849609375 472.6299743652344
61.60775375366211 472.6083068847656
61.657928466796875 472.5198059082031
61.70043182373047 472.4261474609375
61.734867095947266 472.32769775390625
61.76057815551758 472.2257080078125
61.77754592895508 472.1189270019531
61.78508758544922 472.009033203125
61.78281021118164 471.89752197265625
61.77212905883789 471.80078125
61.75398254394531 471.7115173339844
61.72716522216797 471.6220703125
61.692359924316406 471.5354309082031
61.64985275268555 471.4523010253906
61.59999465942383 471.37335205078125
61.54319381713867 471.2992248535156
61.479915618896484 471.2305603027344
61.41067886352539 471.16790771484375
61.336055755615234 471.1117858886719
61.256656646728516 471.0626525878906
61.173133850097656 471.0209045410156
61.08617401123047 470.98687744140625
60.996490478515625 470.96087646484375
60.90481948852539 470.9430847167969
60.81191635131836 470.9336853027344
60.718544006347656 470.9327087402344
60.625465393066406 470.9402160644531
60.533447265625 470.95611572265625
60.44324493408203 470.9802551269531
60.3556022644043 471.0124816894531
60.271236419677734 471.052490234375
60.19083786010742 471.0999755859375
60.11507034301758 471.154541015625
60.0445556640625 471.21575927734375
59.97987365722656 471.2831115722656
59.92155456542969 471.3560485839844
59.87007522583008 471.4339599609375
59.82585906982422 471.5162048339844
59.78927230834961 471.60211181640625
59.76061248779297 471.69097900390625
59.740116119384766 471.7820739746094
59.71389389038086 471.9741516113281
59.699119567871094 472.22821044921875
59.70331954956055 472.4871520996094
59.72673034667969 472.7457275390625
59.76920700073242 473.00189208984375
59.83051300048828 473.2542419433594
59.91031265258789 473.5013427734375
60.00817108154297 473.74188232421875
60.12355041503906 473.9745178222656
60.25581741333008 474.197998046875
60.40425109863281 474.41107177734375
60.567996978759766 474.612548828125
60.741966247558594 474.7967529296875
60.88898468017578 474.9300842285156
61.04240417480469 475.0482177734375
61.204193115234375 475.1531982421875
61.370216369628906 475.24273681640625
61.52532958984375 475.31060791015625
61.58848190307617 475.33184814453125
61.61289596557617 475.3375244140625
61.63261413574219 475.3401184082031
61.65179443359375 475.34075927734375
61.6708984375 475.3395080566406
61.689788818359375 475.3363952636719
61.70828628540039 475.3314514160156
61.726192474365234 475.3247375488281
61.743350982666016 475.3162841796875
61.75959777832031 475.30621337890625
61.7747802734375 475.2945861816406
61.78874969482422 475.2815246582031
61.8013801574707 475.26715087890625
61.817176818847656 475.24517822265625
61.86612319946289 475.1615905761719
61.90972900390625 475.0688781738281
61.94530487060547 474.9714050292969
61.972450256347656 474.8695373535156
61.99072265625 474.7637634277344
61.999759674072266 474.6537780761719
61.998985290527344 474.542236328125
61.9892463684082 474.4413757324219
61.97233963012695 474.3518371582031
61.9467658996582 474.26202392578125
61.91316604614258 474.1748962402344
61.87181854248047 474.0911560058594
61.82305908203125 474.0115051269531
61.76729202270508 473.9366149902344
61.70497131347656 473.8670654296875
61.63661193847656 473.803466796875
61.562774658203125 473.7463073730469
61.484066009521484 473.6960754394531
61.40113067626953 473.6531677246094
61.31465148925781 473.6179504394531
61.225337982177734 473.5906982421875
61.1339225769043 473.5716552734375
61.041160583496094 473.5609436035156
60.94780731201172 473.5586853027344
60.85463333129883 473.56488037109375
60.76240539550781 473.5794982910156
60.671878814697266 473.6023864746094
60.583797454833984 473.6333923339844
60.49888229370117 473.6722412109375
60.4178352355957 473.7186279296875
60.34131622314453 473.77215576171875
60.26995849609375 473.8323974609375
60.204345703125 473.8988342285156
60.14501953125 473.970947265625
60.092464447021484 474.0481262207031
60.04711151123047 474.1297607421875
60.009334564208984 474.21514892578125
59.97944259643555 474.3036193847656
59.95768356323242 474.3944396972656
59.9286003112793 474.5873718261719
59.91090774536133 474.8336181640625
59.911678314208984 475.0926513671875
59.93165969848633 475.3515319824219
59.97073745727539 475.6082458496094
60.02869415283203 475.86138916015625
60.1052131652832 476.1095275878906
60.19987487792969 476.3513488769531
60.31216049194336 476.58551025390625
60.44145584106445 476.81072998046875
60.58705139160156 477.0257568359375
60.74814224243164 477.22943115234375
60.922725677490234 477.41937255859375
61.09457778930664 477.5801696777344
61.246498107910156 477.7014465332031
61.40635299682617 477.8091735839844
61.57145309448242 477.9019775390625
61.711917877197266 477.9662780761719
61.792144775390625 477.9947814941406
61.82072067260742 478.0019836425781
61.8403205871582 478.00494384765625
61.85953903198242 478.00592041015625
61.878662109375 478.0050354003906
61.89760208129883 478.0022888183594
61.91618728637695 477.9976806640625
61.9342155456543 477.99127197265625
61.9515266418457 477.983154296875
61.96795654296875 477.9733581542969
61.98334884643555 477.9620056152344
61.997554779052734 477.94921875
62.01045227050781 477.9350891113281
62.02272415161133 477.9186706542969
62.07565689086914 477.8318786621094
62.12102127075195 477.73980712890625
62.1581916809082 477.6434326171875
62.18700408935547 477.5426940917969
62.20722961425781 477.43707275390625
62.218177795410156 477.3280334472656
62.219417572021484 477.21649169921875
62.21120834350586 477.11151123046875
62.195701599121094 477.0201721191406
62.17180252075195 476.9299011230469
62.139827728271484 476.8421630859375
62.100040435791016 476.7576904296875
62.05276870727539 476.6771545410156
61.9984016418457 476.6012268066406
61.93738555908203 476.5305480957031
61.87022018432617 476.4656677246094
61.79745864868164 476.4071350097656
61.719696044921875 476.3554382324219
61.6375732421875 476.3110046386719
61.55176544189453 476.274169921875
61.462974548339844 476.2452697753906
61.37192916870117 476.2245178222656
61.279380798339844 476.21209716796875
61.18608856201172 476.2080993652344
61.09281539916992 476.2125549316406
61.00033187866211 476.2254333496094
60.909393310546875 476.24664306640625
60.82075119018555 476.2760009765625
60.735130310058594 476.3132629394531
60.65323257446289 476.3581237792969
60.57573318481445 476.41021728515625
60.50326919555664 476.4691162109375
60.436431884765625 476.5343322753906
60.37577438354492 476.6053161621094
60.32179260253906 476.6815185546875
60.27492904663086 476.7622985839844
60.235572814941406 476.84698486328125
60.204044342041016 476.93487548828125
60.18060302734375 477.0252685546875
60.16536331176758 477.11785888671875
60.14549255371094 477.364990234375
60.144065856933594 477.6229553222656
60.1618537902832 477.8819274902344
60.19875717163086 478.1389465332031
60.254573822021484 478.3925476074219
60.32899475097656 478.6413269042969
60.421607971191406 478.8839416503906
60.53190994262695 479.1190185546875
60.659297943115234 479.3453063964844
60.803070068359375 479.5615539550781
60.962440490722656 479.7665710449219
61.13628005981445 479.9589538574219
61.304012298583984 480.1185607910156
61.45484924316406 480.2409973144531
61.61412048339844 480.3502502441406
61.77922058105469 480.4448547363281
61.926395416259766 480.5137939453125
62.02278137207031 480.54913330078125
62.05423355102539 480.55743408203125
62.0747184753418 480.5607604980469
62.09391403198242 480.5619812011719
62.1130485534668 480.5613098144531
62.132015228271484 480.55877685546875
62.150657653808594 480.55438232421875
62.16876220703125 480.5481872558594
62.18616485595703 480.5402526855469
62.20270538330078 480.5306701660156
62.218223571777344 480.5195007324219
62.232574462890625 480.5068664550781
62.24562072753906 480.4928894042969
62.258296966552734 480.476318359375
62.312137603759766 480.3902282714844
62.35840606689453 480.2989501953125
62.39674758911133 480.2027893066406
62.4267692565918 480.1021423339844
62.44804763793945 479.9974365234375
62.46024703979492 479.8882751464844
62.46274185180664 479.77679443359375
62.45577621459961 479.6727294921875
62.44135665893555 479.5816345214844
62.418460845947266 479.4911193847656
62.3874626159668 479.4030456542969
62.34861755371094 479.318115234375
62.30224609375 479.237060546875
62.24872589111328 479.1605529785156
62.188499450683594 479.0892028808594
62.1220588684082 479.0235900878906
62.04995346069336 478.9642639160156
61.97277069091797 478.9117126464844
61.89114761352539 478.8663635253906
61.80575180053711 478.8285827636719
61.717288970947266 478.7986755371094
61.62648010253906 478.77691650390625
61.53407669067383 478.7634582519531
61.440834045410156 478.7584228515625
61.34751892089844 478.7618408203125
61.25489807128906 478.7737121582031
61.16373062133789 478.7939147949219
61.074764251708984 478.8222961425781
60.98873519897461 478.8586120605469
60.90634536743164 478.9025573730469
60.82827377319336 478.95379638671875
60.755157470703125 479.0118713378906
60.687599182128906 479.0763244628906
60.626155853271484 479.1466369628906
60.57133102416992 479.22222900390625
60.52357482910156 479.3024597167969
60.483280181884766 479.3866882324219
60.450775146484375 479.4742126464844
60.42633056640625 479.5643310546875
60.409061431884766 479.6622619628906
60.389686584472656 479.8763427734375
60.38609313964844 480.1344299316406
60.40170669555664 480.3935546875
60.43645095825195 480.65087890625
60.490135192871094 480.9049377441406
60.562461853027344 481.15435791015625
60.65303421020508 481.3977355957031
60.76136016845703 481.6337585449219
60.8868408203125 481.8611145019531
61.02879333496094 482.07855224609375
61.186439514160156 482.284912109375
61.358585357666016 482.4786682128906
61.52174758911133 482.636474609375
61.6732292175293 482.761474609375
61.83160400390625 482.87200927734375
61.99627685546875 482.9681701660156
62.152095794677734 483.0428161621094
62.26332092285156 483.0848388671875
62.302181243896484 483.0955505371094
62.32241439819336 483.09906005859375
62.341583251953125 483.1004943847656
62.3607292175293 483.10003662109375
62.37973403930664 483.09771728515625
62.39841842651367 483.0935363769531
62.41659164428711 483.0875549316406
62.434085845947266 483.079833984375
62.45073699951172 483.0704345703125
62.46638488769531 483.0594482421875
62.48088073730469 483.0469665527344
62.49409103393555 483.03314208984375
62.50731658935547 483.0162658691406
62.54685974121094 482.9544677734375
62.594032287597656 482.8634033203125
62.6333122253418 482.7673645019531
62.664302825927734 482.666748046875
62.68656921386719 482.5619812011719
62.69965362548828 482.4536437988281
62.70313262939453 482.3422546386719
62.6971435546875 482.23919677734375
62.68356704711914 482.1483154296875
62.6615104675293 482.05780029296875
62.63127899169922 481.9694519042969
62.59317398071289 481.88421630859375
62.547508239746094 481.8027648925781
62.49465560913086 481.72576904296875
62.43505096435547 481.6539001464844
62.36918258666992 481.58770751953125
62.29759216308594 481.5277404785156
62.22087097167969 481.4745178222656
62.139644622802734 481.428466796875
62.05458068847656 481.38995361328125
61.96638107299805 481.3592834472656
61.87576675415039 481.33673095703125
61.78348159790039 481.3224792480469
61.690284729003906 481.316650390625
61.59694290161133 481.31927490234375
61.50422286987305 481.330322265625
61.41288375854492 481.3497314453125
61.32367706298828 481.3773193359375
61.237335205078125 481.4128723144531
61.15456771850586 481.45611572265625
61.076053619384766 481.50665283203125
61.002437591552734 481.5640869140625
60.934322357177734 481.6279602050781
60.87226867675781 481.69775390625
60.81678771972656 481.7728576660156
60.768333435058594 481.8526916503906
60.7273063659668 481.93658447265625
60.69404220581055 482.0238342285156
60.6688117980957 482.1137390136719
60.651824951171875 482.20556640625
60.63052749633789 482.4212341308594
60.62479782104492 482.6794128417969
60.638267517089844 482.93865966796875
60.67088317871094 483.1962585449219
60.72246170043945 483.4507751464844
60.792720794677734 483.7007751464844
60.88127899169922 483.94488525390625
60.987648010253906 484.1817932128906
61.111244201660156 484.4101867675781
61.25139236450195 484.6288146972656
61.40732192993164 484.8364562988281
61.5777702331543 485.0315246582031
61.76067352294922 485.2119140625
61.91033172607422 485.3382568359375
62.06768035888672 485.4507141113281
62.23085403442383 485.5484619140625
62.389488220214844 485.6266784667969
62.51722717285156 485.6767883300781
62.56296920776367 485.6900939941406
62.58517074584961 485.69427490234375
62.604434967041016 485.69598388671875
62.62358856201172 485.69580078125
62.64262390136719 485.6937561035156
62.66136169433594 485.6898498535156
62.67961883544922 485.68414306640625
62.69721984863281 485.6766662597656
62.71400451660156 485.6675109863281
62.72980880737305 485.65673828125
62.744483947753906 485.64447021484375
62.75788879394531 485.6308288574219
62.77167510986328 485.6137390136719
62.79029083251953 485.5854187011719
62.8385124206543 485.49468994140625
62.87888717651367 485.39886474609375
62.911006927490234 485.29833984375
62.93422317504883 485.1944580078125
62.94847106933594 485.0860290527344
62.953102111816406 484.9750061035156
62.947914123535156 484.86529541015625
62.93538284301758 484.7745056152344
62.914283752441406 484.68353271484375
62.88503646850586 484.5948486328125
62.84788131713867 484.5091857910156
62.803123474121094 484.42724609375
62.751129150390625 484.34967041015625
62.692325592041016 484.2771301269531
62.627197265625 484.210205078125
62.556278228759766 484.1494445800781
62.48015213012695 484.0953674316406
62.399444580078125 484.04840087890625
62.314815521240234 484.0089416503906
62.226959228515625 483.977294921875
62.136600494384766 483.9537353515625
62.04447937011719 483.9384460449219
61.95135498046875 483.93157958984375
61.85799026489258 483.93316650390625
61.76515197753906 483.9432067871094
61.67360305786133 483.96160888671875
61.5840950012207 483.98822021484375
61.49736022949219 484.0228271484375
61.41411590576172 484.06512451171875
61.335044860839844 484.11480712890625
61.26079177856445 484.1714172363281
61.19197082519531 484.2345275878906
61.129146575927734 484.3036193847656
61.07283401489258 484.37811279296875
61.02349853515625 484.4573974609375
60.98154067993164 484.54083251953125
60.94730758666992 484.6277160644531
60.92108154296875 484.71734619140625
60.903076171875 484.8089599609375
60.87921905517578 485.0257263183594
60.870582580566406 485.2839050292969
60.88111877441406 485.5428466796875
60.91084289550781 485.80078125
60.95956802368164 486.05584716796875
61.02702331542969 486.3066101074219
61.11283874511719 486.55169677734375
61.21654510498047 486.7897644042969
61.33757400512695 487.01953125
61.47526168823242 487.2397155761719
61.62885665893555 487.4490966796875
61.7974967956543 487.6465148925781
61.97793960571289 487.8285217285156
62.12586975097656 487.9562683105469
62.28190994262695 488.0704650878906
62.44559860229492 488.1710510253906
62.60906982421875 488.2540588378906
62.73091125488281 488.3034973144531
62.77335739135742 488.3163757324219
62.79512405395508 488.32073974609375
62.81434631347656 488.3226623535156
62.8335075378418 488.32269287109375
62.85255813598633 488.32086181640625
62.871337890625 488.3171691894531
62.88965606689453 488.3116455078125
62.90734100341797 488.3043518066406
62.924224853515625 488.2953796386719
62.940147399902344 488.2847900390625
62.9549560546875 488.272705078125
62.968509674072266 488.25921630859375
62.98122787475586 488.2438049316406
63.000938415527344 488.21453857421875
63.05024719238281 488.1241760253906
63.09176254272461 488.02862548828125
63.12480926513672 487.92901611328125
63.14921951293945 487.8251647949219
63.16469192504883 487.7166748046875
63.170555114746094 487.6055908203125
63.166595458984375 487.4963073730469
63.15447998046875 487.4006042480469
63.13442611694336 487.3094177246094
63.106201171875 487.22039794921875
63.07003402709961 487.1343078613281
63.02621841430664 487.0518493652344
62.975120544433594 486.97369384765625
62.91715621948242 486.9004821777344
62.85280227661133 486.83282470703125
62.78258514404297 486.7712707519531
62.70708465576172 486.71630859375
62.62691879272461 486.6684265136719
62.542747497558594 486.62799072265625
62.45526123046875 486.5953369140625
62.365177154541016 486.57073974609375
62.27323913574219 486.5544128417969
62.180198669433594 486.5464782714844
62.086822509765625 486.5469970703125
61.993873596191406 486.55596923828125
61.90211868286133 486.57330322265625
61.81230926513672 486.598876953125
61.72518539428711 486.6324768066406
61.64146041870117 486.673828125
61.56182098388672 486.72259521484375
61.48692321777344 486.7783508300781
61.41738510131836 486.8406677246094
61.3537712097168 486.9090270996094
61.296607971191406 486.9828796386719
61.24636459350586 487.06158447265625
61.203453063964844 487.14453125
61.1682243347168 487.23101806640625
61.14097213745117 487.3203430175781
61.121917724609375 487.4117431640625
61.09992218017578 487.5950622558594
61.08961486816406 487.8451843261719
61.0982551574707 488.1042175292969
61.12608337402344 488.36236572265625
61.17293167114258 488.6177673339844
61.23854446411133 488.8690185546875
61.32255935668945 489.11474609375
61.42451477050781 489.35357666015625
61.543853759765625 489.5841979980469
61.67992401123047 489.8053894042969
61.83197784423828 490.0158996582031
61.99916076660156 490.2145690917969
62.17749786376953 490.3970947265625
62.32853698730469 490.5295104980469
62.483638763427734 490.6448669433594
62.64634323120117 490.7466125488281
62.80771255493164 490.8301086425781
62.92292022705078 490.8778381347656
62.96208953857422 490.8900146484375
62.98344039916992 490.8944396972656
63.002803802490234 490.8965148925781
63.0219612121582 490.89666748046875
63.041019439697266 490.89495849609375
63.05982208251953 490.8913879394531
63.07817840576172 490.885986328125
63.095909118652344 490.8788146972656
63.112850189208984 490.86993408203125
63.128841400146484 490.8594665527344
63.14373016357422 490.84747314453125
63.157371520996094 490.8340759277344
63.1697883605957 490.8192138671875
63.190711975097656 490.78857421875
63.240482330322266 490.69879150390625
63.282447814941406 490.6039123535156
63.316219329833984 490.5043029785156
63.34136962890625 490.400390625
63.35744857788086 490.2927551269531
63.36400604248047 490.1822509765625
63.36077117919922 490.073486328125
63.349365234375 489.978515625
63.330039978027344 489.88787841796875
63.30237579345703 489.7987060546875
63.26675033569336 489.71240234375
63.22345733642578 489.6296691894531
63.1728515625 489.5511779785156
63.11534881591797 489.47760009765625
63.051422119140625 489.4095458984375
62.98159408569336 489.3475341796875
62.90644073486328 489.2921142578125
62.82658004760742 489.24371337890625
62.7426643371582 489.2027587890625
62.6553840637207 489.1695556640625
62.565460205078125 489.1444091796875
62.47362518310547 489.12750244140625
62.380638122558594 489.11895751953125
62.28725814819336 489.1188659667969
62.19425582885742 489.1272277832031
62.102394104003906 489.14398193359375
62.012428283691406 489.1689758300781
61.92509460449219 489.2020263671875
61.84111022949219 489.24285888671875
61.761165618896484 489.2911071777344
61.68592071533203 489.3464050292969
61.615989685058594 489.4082946777344
61.55194854736328 489.47625732421875
61.49432373046875 489.54974365234375
61.44358444213867 489.6281433105469
61.400150299072266 489.7108154296875
61.3643798828125 489.79705810546875
61.33656311035156 489.8861999511719
61.316932678222656 489.97747802734375
61.293540954589844 490.16241455078125
61.28157043457031 490.4132080078125
61.28851318359375 490.6723327636719
61.31464767456055 490.9306640625
61.35982131958008 491.1863708496094
61.42378616333008 491.43804931640625
61.506187438964844 491.6842956542969
61.60657501220703 491.9237976074219
61.72439956665039 492.15521240234375
61.85901641845703 492.3772888183594
62.00968551635742 492.5887756347656
62.17555618286133 492.78851318359375
62.35503005981445 492.97467041015625
62.51578903198242 493.1177978515625
62.67024612426758 493.2347106933594
62.83287048339844 493.33831787109375
62.995365142822266 493.4241638183594
63.14176559448242 493.4866027832031
63.2080192565918 493.5081787109375
63.23131561279297 493.51336669921875
63.25066375732422 493.5157165527344
63.26982116699219 493.51617431640625
63.288909912109375 493.5147399902344
63.307769775390625 493.5114440917969
63.32620620727539 493.5063171386719
63.34404373168945 493.4994201660156
63.36111831665039 493.4908142089844
63.37726593017578 493.4805603027344
63.392333984375 493.4687805175781
63.40617752075195 493.4555969238281
63.419281005859375 493.4403991699219
63.440216064453125 493.41070556640625
63.49508285522461 493.31524658203125
63.53865432739258 493.2208251953125
63.57384490966797 493.1222229003906
63.600486755371094 493.0193176269531
63.61831283569336 492.91168212890625
63.62439727783203 492.829345703125
63.6231803894043 492.7650146484375
63.616600036621094 492.7069091796875
63.59847640991211 492.6199035644531
63.57121276855469 492.53057861328125
63.53597640991211 492.444091796875
63.49305725097656 492.3611755371094
63.442806243896484 492.282470703125
63.38563537597656 492.2086486816406
63.32225799560547 492.14056396484375
63.25309753417969 492.07861328125
63.17844772338867 492.0230407714844
63.09880065917969 491.97430419921875
63.01506805419922 491.9329833984375
62.92793655395508 491.8994140625
62.8381233215332 491.8738708496094
62.74636459350586 491.8565673828125
62.65341567993164 491.8476257324219
62.56003952026367 491.8471374511719
62.467002868652344 491.8551025390625
62.37506866455078 491.8714599609375
62.28499221801758 491.8960876464844
62.197513580322266 491.9287414550781
62.11334991455078 491.9692077636719
62.03319549560547 492.0171203613281
61.957706451416016 492.07208251953125
61.88750457763672 492.1336669921875
61.82316589355469 492.20135498046875
61.76521682739258 492.2745666503906
61.714134216308594 492.35272216796875
61.67033767700195 492.4351806640625
61.63418960571289 492.5212707519531
61.60598373413086 492.61029052734375
61.58595275878906 492.7015075683594
61.561683654785156 492.8868103027344
61.54935073852539 493.1258544921875
61.55543899536133 493.38421630859375
61.58073806762695 493.6424865722656
61.625099182128906 493.8983459472656
61.688262939453125 494.1502380371094
61.76988220214844 494.3967590332031
61.869510650634766 494.6365661621094
61.986602783203125 494.86834716796875
62.120513916015625 495.0908508300781
62.27051544189453 495.3028259277344
62.4357795715332 495.50311279296875
62.61524963378906 495.69049072265625
62.77408981323242 495.8327941894531
62.92814636230469 495.95013427734375
63.09038162231445 496.0541687011719
63.25171661376953 496.1400146484375
63.39502716064453 496.2016296386719
63.45750427246094 496.2221374511719
63.4821662902832 496.2276916503906
63.50154495239258 496.2301025390625
63.52070617675781 496.2305908203125
63.539798736572266 496.2292175292969
63.55866622924805 496.2259826660156
63.57711410522461 496.2209167480469
63.594970703125 496.21405029296875
63.612064361572266 496.2054748535156
63.628238677978516 496.1952819824219
63.643333435058594 496.18353271484375
63.65721893310547 496.1703796386719
63.67033386230469 496.1552429199219
63.707275390625 496.1033020019531
63.80131530761719 495.9430236816406
63.85267639160156 495.8355712890625
63.88936233520508 495.73724365234375
63.917545318603516 495.63446044921875
63.92839431762695 495.5734558105469
63.931739807128906 495.5323486328125
63.9312744140625 495.5018310546875
63.92788314819336 495.4717102050781
63.91897964477539 495.42962646484375
63.896976470947266 495.3591613769531
63.861106872558594 495.27294921875
63.81758117675781 495.1903381347656
63.76700973510742 495.1123962402344
63.71005630493164 495.03997802734375
63.64701843261719 494.9732666015625
63.578224182128906 494.91259765625
63.50400924682617 494.8582458496094
63.42464065551758 494.810546875
63.340579986572266 494.7698669433594
63.2531852722168 494.7369689941406
63.163169860839844 494.7121276855469
63.0712776184082 494.6955261230469
62.9782600402832 494.68731689453125
62.88488006591797 494.68756103515625
62.791908264160156 494.6962585449219
62.70010757446289 494.7133483886719
62.6102294921875 494.7386779785156
62.523014068603516 494.77203369140625
62.43917465209961 494.8131408691406
62.35940170288086 494.8616943359375
62.28435134887695 494.9172668457031
62.214637756347656 494.9794006347656
62.15083694458008 495.0475769042969
62.09347152709961 495.1212463378906
62.04301071166992 495.1998291015625
61.99987030029297 495.28265380859375
61.96440505981445 495.3690490722656
61.93690490722656 495.4582824707031
61.91759490966797 495.5496520996094
61.894866943359375 495.7345886230469
61.88447952270508 495.9730529785156
61.89265823364258 496.23211669921875
61.92002487182617 496.4902648925781
61.96642303466797 496.7457580566406
62.03158950805664 496.99713134765625
62.115169525146484 497.24298095703125
62.21670150756836 497.48199462890625
62.33563232421875 497.71282958984375
62.471309661865234 497.9342346191406
62.622989654541016 498.14501953125
62.78981018066406 498.3439636230469
62.97075271606445 498.5298767089844
63.13008117675781 498.67034912109375
63.285057067871094 498.78643798828125
63.44807052612305 498.8891296386719
63.60944747924805 498.97332763671875
63.7513313293457 499.0329284667969
63.811946868896484 499.05224609375
63.83639144897461 499.0575256347656
63.855777740478516 499.0597839355469
63.87493896484375 499.06011962890625
63.89401626586914 499.0585632324219
63.9128532409668 499.0551452636719
63.93125915527344 499.0499267578125
63.94905471801758 499.04290771484375
63.9660758972168 499.0341796875
63.98215866088867 499.0238342285156
63.997154235839844 499.011962890625
64.0109634399414 498.9986267089844
64.03414916992188 498.971435546875
64.10924530029297 498.864990234375
64.22833251953125 498.6629943847656
64.31378173828125 498.4879455566406
64.35258483886719 498.3876953125
64.36909484863281 498.32977294921875
64.375732421875 498.2938232421875
64.37784576416016 498.2691650390625
64.37757873535156 498.24713134765625
64.3751449584961 498.2250671386719
64.36983489990234 498.1998291015625
64.3589859008789 498.1653137207031
64.33014678955078 498.0968933105469
64.28636932373047 498.0149230957031
64.23594665527344 497.93817138671875
64.17910766601562 497.8667297363281
64.11613464355469 497.8008728027344
64.04745483398438 497.7409973144531
63.97356414794922 497.68756103515625
63.89482879638672 497.640869140625
63.8114128112793 497.60113525390625
63.72381591796875 497.56878662109375
63.63365173339844 497.54449462890625
63.541656494140625 497.5284729003906
63.44858932495117 497.5208435058594
63.3552131652832 497.52166748046875
63.26229476928711 497.53094482421875
63.17060089111328 497.548583984375
63.08087921142578 497.574462890625
62.99386978149414 497.6083679199219
62.91028594970703 497.6499938964844
62.830814361572266 497.69903564453125
62.75611114501953 497.75506591796875
62.68678665161133 497.817626953125
62.623409271240234 497.8861999511719
62.56650161743164 497.9602355957031
62.51652908325195 498.03912353515625
62.47390365600586 498.1221923828125
62.43897247314453 498.20880126953125
62.412025451660156 498.2982177734375
62.39328384399414 498.38970947265625
62.371849060058594 498.5736389160156
62.36302947998047 498.81085205078125
62.37287521362305 499.06982421875
62.40190505981445 499.3277893066406
62.449947357177734 499.5829772949219
62.5167350769043 499.83392333984375
62.601898193359375 500.0792541503906
62.70497131347656 500.3175964355469
62.82538986206055 500.54766845703125
62.962493896484375 500.7682189941406
63.11553192138672 500.97802734375
63.283626556396484 501.1758728027344
63.46575164794922 501.360595703125
63.625423431396484 501.4995422363281
63.78113555908203 501.6145935058594
63.94453811645508 501.716064453125
64.10569763183594 501.7987976074219
64.24581909179688 501.8565673828125
64.3045654296875 501.8748474121094
64.3260498046875 501.87933349609375
64.3454360961914 501.8814392089844
64.3646011352539 501.8816223144531
64.3836669921875 501.87994384765625
64.40247344970703 501.87640380859375
64.42083740234375 501.87103271484375
64.4385757446289 501.8638916015625
64.45552825927734 501.85504150390625
64.4715347290039 501.8445739746094
64.48645782470703 501.83258056640625
64.50037384033203 501.8189697265625
64.5426025390625 501.76885986328125
64.68279266357422 501.5706787109375
64.81346130371094 501.3529357910156
64.9232406616211 501.1343688964844
64.9911117553711 500.9676818847656
65.00536346435547 500.9212951660156
65.01041412353516 500.8966064453125
65.0125503540039 500.87615966796875
65.0126724243164 500.8561706542969
65.01083374023438 500.8362121582031
65.0069351196289 500.81591796875
65.00053405761719 500.7942810058594
64.986572265625 500.7597961425781
64.94456481933594 500.67877197265625
64.89546203613281 500.6020202636719
64.83952331542969 500.5299377441406
64.77713775634766 500.4631042480469
64.7088623046875 500.4021301269531
64.63552856445312 500.34771728515625
64.5577392578125 500.3003234863281
64.47584533691406 500.2601013183594
64.389404296875 500.22698974609375
64.29953002929688 500.2016296386719
64.20773315429688 500.18450927734375
64.11476135253906 500.17578125
64.0213851928711 500.1755065917969
63.92836380004883 500.1836853027344
63.836463928222656 500.20025634765625
63.74644088745117 500.2250671386719
63.659034729003906 500.2579345703125
63.5749626159668 500.298583984375
63.49491500854492 500.3466796875
63.41954803466797 500.4018249511719
63.349483489990234 500.46356201171875
63.28529357910156 500.5313720703125
63.227508544921875 500.604736328125
63.17660140991211 500.6830139160156
63.13298797607422 500.7655944824219
63.09703063964844 500.8517761230469
63.06902313232422 500.94085693359375
63.0491943359375 501.0321044921875
63.03513717651367 501.1445617675781
63.02524185180664 501.3809509277344
63.033809661865234 501.63629150390625
63.06172180175781 501.89422607421875
63.10867691040039 502.14959716796875
63.17439270019531 502.40081787109375
63.25851058959961 502.646484375
63.360565185546875 502.8852844238281
63.480003356933594 503.1158752441406
63.61616516113281 503.3370056152344
63.768306732177734 503.5474548339844
63.93559646606445 503.7460632324219
64.11688232421875 503.9315185546875
64.27423858642578 504.069580078125
64.43011474609375 504.18572998046875
64.59288787841797 504.2877197265625
64.75779724121094 504.373291015625
64.89248657226562 504.4294738769531
64.94649505615234 504.4465026855469
64.96764373779297 504.45098876953125
64.98682403564453 504.453125
65.0059814453125 504.453369140625
65.02505493164062 504.4517517089844
65.04387664794922 504.4482727050781
65.062255859375 504.4429626464844
65.08002471923828 504.4358825683594
65.09700775146484 504.4270935058594
65.11305236816406 504.41668701171875
65.12809753417969 504.4046936035156
65.14544677734375 504.3878479003906
65.20281219482422 504.3204650878906
65.34784698486328 504.11822509765625
65.48213195800781 503.8979797363281
65.5974349975586 503.6727294921875
65.68067932128906 503.4739074707031
65.69364929199219 503.4333190917969
65.69808959960938 503.4127502441406
65.70032501220703 503.393310546875
65.70064544677734 503.3739318847656
65.69906616210938 503.3545837402344
65.69557189941406 503.3353271484375
65.69012451171875 503.31622314453125
65.68191528320312 503.29541015625
65.66130065917969 503.2550354003906
65.61234283447266 503.1778259277344
65.55589294433594 503.1044921875
65.49253845214844 503.0360412597656
65.42294311523438 502.97332763671875
65.34849548339844 502.9175720214844
65.27000427246094 502.8692321777344
65.18831634521484 502.8286437988281
65.10322570800781 502.79559326171875
65.01373291015625 502.7698974609375
64.9220199584961 502.7523498535156
64.82909393310547 502.7431945800781
64.7357177734375 502.74249267578125
64.64266204833984 502.750244140625
64.55068969726562 502.7663879394531
64.46055603027344 502.790771484375
64.37300109863281 502.8232116699219
64.28874206542969 502.86346435546875
64.2084732055664 502.9111633300781
64.13285064697266 502.9659423828125
64.0625 503.02734375
63.99799728393555 503.0948791503906
63.93987274169922 503.16796875
63.88860321044922 503.2460021972656
63.844608306884766 503.328369140625
63.808250427246094 503.41436767578125
63.77983093261719 503.5033264160156
63.759578704833984 503.594482421875
63.74516296386719 503.7056884765625
63.73533248901367 503.92230224609375
63.74325180053711 504.1773681640625
63.77051544189453 504.4353332519531
63.81682586669922 504.6907958984375
63.88191604614258 504.9421691894531
63.96541976928711 505.18804931640625
64.06687927246094 505.4270935058594
64.18573760986328 505.6579895019531
64.32135009765625 505.87945556640625
64.47296905517578 506.09027099609375
64.63976287841797 506.289306640625
64.82052612304688 506.47515869140625
64.9759292602539 506.6121826171875
65.13140869140625 506.72857666015625
65.29448699951172 506.8312683105469
65.46000671386719 506.91766357421875
65.5886459350586 506.9716491699219
65.65446472167969 506.9925842285156
65.67626953125 506.9972839355469
65.6955795288086 506.99951171875
65.71472930908203 506.99981689453125
65.73380279541016 506.9982604980469
65.75263214111328 506.9948425292969
65.77102661132812 506.9895935058594
65.78881072998047 506.9825744628906
65.80582427978516 506.9738464355469
65.82191467285156 506.9634704589844
65.83708953857422 506.9514465332031
65.8655014038086 506.9240417480469
65.98563385009766 506.78558349609375
66.13890838623047 506.57830810546875
66.27713775634766 506.3591003417969
66.3968276977539 506.1337890625
66.47886657714844 505.94573974609375
66.49897766113281 505.8860168457031
66.5040283203125 505.8643493652344
66.50654602050781 505.8452453613281
66.5071792602539 505.8260192871094
66.50592803955078 505.8068542480469
66.50279998779297 505.7878723144531
66.497802734375 505.7691650390625
66.49085998535156 505.75067138671875
66.48130798339844 505.73126220703125
66.46353149414062 505.7025451660156
66.40585327148438 505.6263427734375
66.3405532836914 505.5545654296875
66.26839447021484 505.4883728027344
66.19137573242188 505.4295654296875
66.11070251464844 505.3788146972656
66.02812194824219 505.3367614746094
65.94346618652344 505.30291748046875
65.85572814941406 505.27679443359375
65.76426696777344 505.2583923339844
65.67143249511719 505.2483215332031
65.57806396484375 505.2467041015625
65.48493957519531 505.2535400390625
65.39281463623047 505.268798828125
65.30244445800781 505.2923278808594
65.2145767211914 505.3239440917969
65.12992858886719 505.3633728027344
65.04920196533203 505.4103088378906
64.97305297851562 505.46435546875
64.90211486816406 505.52508544921875
64.83695983886719 505.59197998046875
64.77812957763672 505.66448974609375
64.72610473632812 505.7420349121094
64.68131256103516 505.823974609375
64.64412689208984 505.9096374511719
64.6148452758789 505.9983215332031
64.59371185302734 506.0892639160156
64.58090209960938 506.1817626953125
64.5705337524414 506.3800964355469
64.57691955566406 506.6347961425781
64.60260772705078 506.8924255371094
64.64741516113281 507.1481628417969
64.71102142333984 507.3999328613281
64.79307556152344 507.64630126953125
64.89312744140625 507.88592529296875
65.01062774658203 508.11749267578125
65.14493560791016 508.3397521972656
65.2953109741211 508.55145263671875
65.46092987060547 508.75146484375
65.64081573486328 508.9385986328125
65.82609558105469 509.1046142578125
65.9820785522461 509.2239074707031
66.14410400390625 509.3282775878906
66.30955505371094 509.41680908203125
66.45069885253906 509.4778747558594
66.51005554199219 509.49749755859375
66.53410339355469 509.5029602050781
66.55341339111328 509.5054016113281
66.57255554199219 509.50592041015625
66.59164428710938 509.50457763671875
66.61051177978516 509.5013732910156
66.62896728515625 509.496337890625
66.64683532714844 509.4895324707031
66.66394805908203 509.4809875488281
66.68017578125 509.4707946777344
66.69617462158203 509.4584045410156
66.73515319824219 509.4217224121094
66.89546203613281 509.24273681640625
67.05313873291016 509.0376281738281
67.19564056396484 508.82073974609375
67.32076263427734 508.5955505371094
67.41988372802734 508.3804931640625
67.45549774169922 508.2826232910156
67.46122741699219 508.2606506347656
67.4642333984375 508.24169921875
67.46537017822266 508.22259521484375
67.46463012695312 508.2034606933594
67.4620132446289 508.1844787597656
67.4575424194336 508.1658020019531
67.45123291015625 508.1475524902344
67.44292449951172 508.1294860839844
67.43107604980469 508.1092224121094
67.37639617919922 508.0331115722656
67.30970001220703 507.9560241699219
67.23546600341797 507.88433837890625
67.15544891357422 507.81988525390625
67.07115936279297 507.7636413574219
66.98540496826172 507.71697998046875
66.899658203125 507.679931640625
66.81300354003906 507.6514892578125
66.72369384765625 507.63092041015625
66.63117218017578 507.6183166503906
66.53788757324219 507.6141357421875
66.4446029663086 507.618408203125
66.35208892822266 507.631103515625
66.2611083984375 507.6521301269531
66.17240142822266 507.6813049316406
66.08670043945312 507.7183837890625
66.00471496582031 507.7630615234375
65.92710876464844 507.81500244140625
65.85452270507812 507.8737487792969
65.78755187988281 507.9388122558594
65.72674560546875 508.0096740722656
65.672607421875 508.08575439453125
65.62557983398438 508.1664123535156
65.58605194091797 508.2510070800781
65.5543441772461 508.3388366699219
65.53071594238281 508.4291687011719
65.51536560058594 508.5212707519531
65.50337219238281 508.67559814453125
65.50408172607422 508.90802001953125
65.52437591552734 509.1660461425781
65.56381225585938 509.4225769042969
65.62214660644531 509.67559814453125
65.69903564453125 509.9236145019531
65.79405975341797 510.165283203125
65.90670013427734 510.3992614746094
66.03633117675781 510.624267578125
66.1822509765625 510.8390808105469
66.34365844726562 511.0425109863281
66.51964569091797 511.2334289550781
66.70681762695312 511.408447265625
66.86558532714844 511.5354919433594
67.02555847167969 511.6436767578125
67.1916275024414 511.7374267578125
67.34922790527344 511.81011962890625
67.4422378540039 511.8436279296875
67.46927642822266 511.8505859375
67.48876953125 511.8536071777344
67.5079116821289 511.85467529296875
67.52703094482422 511.8538818359375
67.54598236083984 511.8512268066406
67.56456756591797 511.8467102050781
67.5826187133789 511.84039306640625
67.5999755859375 511.83233642578125
67.61656951904297 511.82257080078125
67.63385009765625 511.8099670410156
67.73584747314453 511.7201232910156
67.90888977050781 511.5408935546875
68.07388305664062 511.34228515625
68.22456359863281 511.1308288574219
68.35897827148438 510.9091796875
68.47222137451172 510.6865539550781
68.55455017089844 510.4884033203125
68.56470489501953 510.456298828125
68.56881713867188 510.4369201660156
68.57093811035156 510.41790771484375
68.57118225097656 510.3987731933594
68.56954956054688 510.37969970703125
68.5660629272461 510.3608703613281
68.56073760986328 510.34246826171875
68.55361938476562 510.3246154785156
68.54449462890625 510.3069763183594
68.53116607666016 510.28643798828125
68.48234558105469 510.224853515625
68.4083023071289 510.1470947265625
68.32748413085938 510.07611083984375
68.24114227294922 510.0129699707031
68.15171813964844 509.9591369628906
68.06233978271484 509.9157409667969
67.97311401367188 509.8819580078125
67.88487243652344 509.857421875
67.79497528076172 509.8410339355469
67.70197296142578 509.8326721191406
67.60859680175781 509.832763671875
67.51560974121094 509.84130859375
67.42378234863281 509.8582458496094
67.3338623046875 509.8834228515625
67.24658966064453 509.9166259765625
67.16268157958984 509.9576110839844
67.08283233642578 510.0060119628906
67.0076904296875 510.06146240234375
66.93787384033203 510.12347412109375
66.87396240234375 510.1915588378906
66.81647491455078 510.26513671875
66.76588439941406 510.3436279296875
66.72261047363281 510.4263610839844
66.68700408935547 510.5126953125
66.65935516357422 510.6018981933594
66.639892578125 510.6932373046875
66.6287841796875 510.78594970703125
66.62213134765625 510.98272705078125
66.6332015991211 511.236083984375
66.66365814208984 511.492919921875
66.71322631835938 511.74774169921875
66.78152465820312 511.9982604980469
66.8681640625 512.2430419921875
66.97267150878906 512.4807739257812
67.09447479248047 512.7101440429688
67.23291015625 512.9298706054688
67.38721466064453 513.1387329101562
67.5565414428711 513.3356323242188
67.73981475830078 513.519287109375
67.92304992675781 513.6773071289062
68.0844497680664 513.7958984375
68.24784851074219 513.8968505859375
68.41541290283203 513.9824829101562
68.55916595458984 514.04150390625
68.60446166992188 514.0554809570312
68.62677764892578 514.06005859375
68.64591217041016 514.0620727539062
68.6650619506836 514.0621948242188
68.68412017822266 514.0604858398438
68.70291137695312 514.056884765625
68.72125244140625 514.0514526367188
68.73897552490234 514.0442504882812
68.75602722167969 514.0352783203125
68.77403259277344 514.0234375
68.85997772216797 513.9547119140625
69.0239486694336 513.799560546875
69.1980209350586 513.6078491210938
69.35787963867188 513.4031982421875
69.50205993652344 513.1874389648438
69.62924194335938 512.9627075195312
69.73101806640625 512.7464599609375
69.77189636230469 512.6370849609375
69.77879333496094 512.6116333007812
69.78201293945312 512.592529296875
69.78333282470703 512.5734252929688
69.78277587890625 512.5543212890625
69.78034973144531 512.5353393554688
69.77607727050781 512.5167236328125
69.7699966430664 512.4985961914062
69.76216125488281 512.4810791015625
69.75255584716797 512.4642944335938
69.73945617675781 512.4458618164062
69.66778564453125 512.3626098632812
69.58869934082031 512.2857666015625
69.50321960449219 512.21630859375
69.41255187988281 512.1552124023438
69.31826782226562 512.1032104492188
69.22428894042969 512.0618896484375
69.1336669921875 512.0314331054688
69.0439224243164 512.0100708007812
68.95325469970703 511.99700927734375
68.86000061035156 511.99212646484375
68.76669311523438 511.9956970214844
68.67408752441406 512.0076904296875
68.58295440673828 512.0280151367188
68.49403381347656 512.0565185546875
68.4080581665039 512.0929565429688
68.32573699951172 512.1370239257812
68.24774932861328 512.1883544921875
68.17472839355469 512.24658203125
68.1072769165039 512.3111572265625
68.04594421386719 512.381591796875
67.99124145507812 512.457275390625
67.94361114501953 512.53759765625
67.90345001220703 512.6218872070312
67.87108612060547 512.70947265625
67.84678649902344 512.7996215820312
67.83074951171875 512.8916015625
67.82203674316406 512.996826171875
67.82237243652344 513.2081298828125
67.84215545654297 513.4600219726562
67.881591796875 513.7161865234375
67.93997955322266 513.9691772460938
68.01692199707031 514.2171630859375
68.11200714111328 514.4588012695312
68.22470092773438 514.6927490234375
68.35438537597656 514.917724609375
68.50035858154297 515.1325073242188
68.66181182861328 515.3358764648438
68.8378677368164 515.5267944335938
69.02645111083984 515.7030639648438
69.19316101074219 515.8366088867188
69.35428619384766 515.9458618164062
69.52027130126953 516.039794921875
69.67723846435547 516.1123657226562
69.7670669555664 516.1448364257812
69.79145812988281 516.151123046875
69.8117446899414 516.154296875
69.83088684082031 516.1553955078125
69.85001373291016 516.1546020507812
69.86895751953125 516.1519775390625
69.88754272460938 516.1474609375
69.90560150146484 516.1411743164062
69.92323303222656 516.1329956054688
69.94408416748047 516.1207275390625
69.98495483398438 516.091064453125
70.16796112060547 515.932861328125
70.35038757324219 515.74951171875
70.51939392089844 515.5524291992188
70.67337036132812 515.3433837890625
70.81127166748047 515.1238403320312
70.93043518066406 514.8985595703125
70.999267578125 514.7392578125
71.0149154663086 514.69189453125
71.01942443847656 514.6719970703125
71.02180480957031 514.6530151367188
71.02230834960938 514.6339111328125
71.02094268798828 514.6148071289062
71.01771545410156 514.595947265625
71.01265716552734 514.5775146484375
71.00581359863281 514.5596313476562
70.99723815917969 514.54248046875
70.98690795898438 514.5260620117188
70.9715576171875 514.5062866210938
70.90023040771484 514.4302368164062
70.81706237792969 514.3560791015625
70.72772979736328 514.2896728515625
70.6335220336914 514.2318725585938
70.5360107421875 514.183349609375
70.4397964477539 514.1458129882812
70.34593963623047 514.1185913085938
70.25575256347656 514.10107421875
70.16480255126953 514.0918579101562
70.07142639160156 514.0909423828125
69.97834777832031 514.0984497070312
69.88633728027344 514.1143798828125
69.796142578125 514.1385498046875
69.70850372314453 514.1707763671875
69.6241455078125 514.2108154296875
69.54376220703125 514.25830078125
69.46800994873047 514.3129272460938
69.39750671386719 514.3741455078125
69.33283996582031 514.4415283203125
69.2745361328125 514.5144653320312
69.22307586669922 514.5924072265625
69.17887878417969 514.6746826171875
69.1423110961914 514.7606201171875
69.1136703491211 514.8494873046875
69.09319305419922 514.9406127929688
69.08104705810547 515.033203125
69.076904296875 515.1361083984375
69.08671569824219 515.3629150390625
69.11714935302734 515.6173095703125
69.16690826416016 515.8715209960938
69.2354965209961 516.1218872070312
69.32243347167969 516.3665771484375
69.42723083496094 516.6041870117188
69.54930877685547 516.8333740234375
69.68800354003906 517.0529174804688
69.84255981445312 517.2615966796875
70.01212310791016 517.458251953125
70.19575500488281 517.641845703125
70.38504028320312 517.8048095703125
70.54432678222656 517.9216918945312
70.70857238769531 518.0230102539062
70.87577056884766 518.1082763671875
70.99481964111328 518.1568603515625
71.03644561767578 518.1695556640625
71.0562515258789 518.173583984375
71.07543182373047 518.175537109375
71.09457397460938 518.1755981445312
71.1136245727539 518.1737670898438
71.13239288330078 518.1701049804688
71.15072631835938 518.1646118164062
71.16879272460938 518.1572265625
71.19091033935547 518.1455078125
71.27852630615234 518.0880737304688
71.4644775390625 517.9427490234375
71.6555404663086 517.768798828125
71.83403778076172 517.5802612304688
71.9981460571289 517.3790283203125
72.14688110351562 517.166259765625
72.27900695800781 516.94384765625
72.38453674316406 516.7312622070312
72.43157196044922 516.6131591796875
72.4417495727539 516.5786743164062
72.44549560546875 516.5592041015625
72.44725036621094 516.5401611328125
72.44713592529297 516.5210571289062
72.44514465332031 516.5020141601562
72.44129943847656 516.4832763671875
72.43563842773438 516.4650268554688
72.42821502685547 516.4473876953125
72.41909790039062 516.4305419921875
72.40828704833984 516.41455078125
72.39301300048828 516.3961181640625
72.31415557861328 516.3173217773438
72.22859191894531 516.2457885742188
72.1369857788086 516.18212890625
72.04014587402344 516.1268920898438
71.93980407714844 516.0809326171875
71.83822631835938 516.044921875
71.74443817138672 516.0208740234375
71.6531982421875 516.006103515625
71.56161499023438 515.999755859375
71.46825408935547 516.001708984375
71.37545776367188 516.0121459960938
71.28398895263672 516.0309448242188
71.19459533691406 516.0579223632812
71.1080093383789 516.0928955078125
71.02494812011719 516.1355590820312
70.94609069824219 516.185546875
70.87208557128906 516.2424926757812
70.80353546142578 516.305908203125
70.74100494384766 516.375244140625
70.68501281738281 516.449951171875
70.63601684570312 516.5294189453125
70.59442138671875 516.613037109375
70.56056213378906 516.7000732421875
70.53472137451172 516.789794921875
70.5171127319336 516.8814697265625
70.50787353515625 516.974365234375
70.50565338134766 517.15087890625
70.52074432373047 517.37451171875
70.55723571777344 517.6272583007812
70.61322784423828 517.8804321289062
70.68787384033203 518.1290283203125
70.78073120117188 518.3715209960938
70.89127349853516 518.6065063476562
71.01889038085938 518.8326416015625
71.16288757324219 519.0487670898438
71.32247161865234 519.2536010742188
71.49677276611328 519.4461059570312
71.68480682373047 519.6251831054688
71.8755874633789 519.7814331054688
72.0367431640625 519.8936767578125
72.20304870605469 519.9906616210938
72.36285400390625 520.067138671875
72.46697235107422 520.1064453125
72.50235748291016 520.1161499023438
72.52229309082031 520.1195678710938
72.54139709472656 520.1209716796875
72.5605239868164 520.1204833984375
72.57950592041016 520.1181640625
72.59817504882812 520.1139526367188
72.61654663085938 520.1078491210938
72.63860321044922 520.0980834960938
72.7037582397461 520.0614624023438
72.88961791992188 519.93505859375
73.08889770507812 519.776123046875
73.2791976928711 519.5997314453125
73.45606994628906 519.4096069335938
73.61839294433594 519.2069091796875
73.76518249511719 518.992919921875
73.89423370361328 518.7711791992188
73.9952392578125 518.5628662109375
74.0383529663086 518.4513549804688
74.04854583740234 518.4154663085938
74.05203247070312 518.396240234375
74.05359649658203 518.3771362304688
74.05328369140625 518.3580322265625
74.05110168457031 518.3390502929688
74.04706573486328 518.3203735351562
74.04122161865234 518.3021850585938
74.03362274169922 518.28466796875
74.02433776855469 518.2679443359375
74.01339721679688 518.2521362304688
74.00006866455078 518.2363891601562
73.94070434570312 518.178466796875
73.85456085205078 518.1083984375
73.76226043701172 518.0460815429688
73.66468048095703 517.9921264648438
73.56295776367188 517.9471435546875
73.45931243896484 517.9119873046875
73.36016845703125 517.887939453125
73.26797485351562 517.8742065429688
73.17694854736328 517.8690185546875
73.08362579345703 517.8721923828125
72.99097442626953 517.8837890625
72.89974975585938 517.9037475585938
72.81070709228516 517.931884765625
72.72457885742188 517.9679565429688
72.6420669555664 518.0116577148438
72.56385040283203 518.0626831054688
72.4905776977539 518.1205444335938
72.42284393310547 518.184814453125
72.3612060546875 518.2549438476562
72.3061752319336 518.3303833007812
72.25819396972656 518.4105224609375
72.21766662597656 518.49462890625
72.18492126464844 518.5820922851562
72.16022491455078 518.672119140625
72.14378356933594 518.7640380859375
72.13573455810547 518.8570556640625
72.13600158691406 518.999755859375
72.15560913085938 519.2357788085938
72.1956787109375 519.4867553710938
72.25542449951172 519.7388916015625
72.33378601074219 519.986328125
72.43026733398438 520.2273559570312
72.54431915283203 520.4606323242188
72.67532348632812 520.684814453125
72.82254791259766 520.8987426757812
72.98519134521484 521.1011962890625
73.16236114501953 521.2910766601562
73.3530502319336 521.46728515625
73.54218292236328 521.617431640625
73.70885467529297 521.7297973632812
73.87527465820312 521.823486328125
74.02890014648438 521.8941040039062
74.11519622802734 521.9249877929688
74.14002990722656 521.9313354492188
74.15930938720703 521.9342651367188
74.17842102050781 521.935302734375
74.1975326538086 521.9344482421875
74.21646881103516 521.9317626953125
74.23513793945312 521.9271850585938
74.25463104248047 521.9203491210938
74.3202133178711 521.8899536132812
74.46971130371094 521.8040771484375
74.68141174316406 521.6592407226562
74.88407897949219 521.4972534179688
75.07437896728516 521.320556640625
75.2510986328125 521.1303100585938
75.41325378417969 520.927490234375
75.55992889404297 520.7133178710938
75.68922424316406 520.4907836914062
75.78612518310547 520.2903442382812
75.829345703125 520.1780395507812
75.83656311035156 520.1524658203125
75.84001922607422 520.1331176757812
75.8415298461914 520.114013671875
75.8411636352539 520.0949096679688
75.83892822265625 520.075927734375
75.83484649658203 520.0572509765625
75.8289566040039 520.0390625
75.8213119506836 520.0215454101562
75.8119888305664 520.0048217773438
75.80105590820312 519.9890747070312
75.78787231445312 519.9735717773438
75.75636291503906 519.943115234375
75.67039489746094 519.8741455078125
75.5782699584961 519.8128051757812
75.48063659667969 519.7597045898438
75.3783187866211 519.7152709960938
75.27339172363281 519.680419921875
