60.45689010620117 450.44146728515625
60.92878341674805 450.8671569824219
61.41498947143555 451.2763977050781
61.91493606567383 451.6687316894531
62.42803955078125 452.043701171875
62.95369338989258 452.40087890625
63.49128341674805 452.73980712890625
64.04017639160156 453.06011962890625
64.59972381591797 453.3614196777344
65.16927337646484 453.64337158203125
65.74815368652344 453.9056396484375
66.33567810058594 454.1479187011719
66.93116760253906 454.3699035644531
67.5339126586914 454.57135009765625
68.1432113647461 454.75201416015625
68.75834655761719 454.91168212890625
69.37859344482422 455.0501708984375
70.00321960449219 455.1673278808594
70.6314926147461 455.26300048828125
71.26268005371094 455.3370666503906
71.89603424072266 455.38946533203125
72.53081512451172 455.4201354980469
73.16626739501953 455.42901611328125
73.80165100097656 455.4161071777344
74.43621826171875 455.3814392089844
75.06922912597656 455.3250427246094
75.6999282836914 455.2469787597656
76.32758331298828 455.1473388671875
76.95145416259766 455.0262451171875
77.57080841064453 454.8838195800781
78.1849136352539 454.7202453613281
78.79305267333984 454.5357360839844
79.3945083618164 454.3304748535156
79.98857879638672 454.1047058105469
80.5745620727539 453.8587341308594
81.15176391601562 453.5928039550781
81.71951293945312 453.3072509765625
82.27713775634766 453.0024108886719
82.82398986816406 452.6786193847656
83.35942077636719 452.3362731933594
83.88280487060547 451.97576904296875
84.39352416992188 451.5975341796875
84.89097595214844 451.2020263671875
85.37458038330078 450.7897033691406
85.84376525878906 450.3610534667969
86.29798126220703 449.91656494140625
86.7366943359375 449.4567565917969
87.15938568115234 448.9822082519531
87.56555938720703 448.4934387207031
87.95474243164062 447.99102783203125
88.32646942138672 447.4755859375
88.68031311035156 446.94769287109375
89.01585388183594 446.4079895019531
89.33269500732422 445.8570861816406
89.6304702758789 445.295654296875
89.90882110595703 444.7243347167969
90.16742706298828 444.1438293457031
90.4059829711914 443.5547790527344
90.62420654296875 442.9579162597656
90.82183837890625 442.3539123535156
90.9986572265625 441.7434997558594
91.1544418334961 441.12738037109375
91.28901672363281 440.50628662109375
91.4022216796875 439.88092041015625
91.49392700195312 439.2520446777344
91.56401824951172 438.6203918457031
91.61241912841797 437.9867248535156
91.63906860351562 437.3517761230469
91.64393615722656 436.7162780761719
91.62702178955078 436.08099365234375
91.58834075927734 435.4466552734375
91.52793884277344 434.81402587890625
91.44588470458984 434.183837890625
91.34227752685547 433.55682373046875
91.21723937988281 432.9337158203125
91.07091522216797 432.3152770996094
90.90348052978516 431.70220947265625
90.71512603759766 431.0952453613281
90.5060806274414 430.4950866699219
90.27658081054688 429.9024658203125
90.02690124511719 429.31805419921875
89.75733947753906 428.7425537109375
89.46820831298828 428.1766052246094
89.15984344482422 427.62091064453125
88.8326187133789 427.07611083984375
88.48690795898438 426.5428466796875
88.1231689453125 426.0218200683594
87.74188995361328 425.51373291015625
87.34332275390625 425.0189208984375
86.92796325683594 424.5379943847656
86.49637603759766 424.07159423828125
86.04901885986328 423.6202392578125
85.58643341064453 423.1844787597656
85.10918426513672 422.76483154296875
84.61782836914062 422.3617858886719
84.11294555664062 421.9757995605469
83.59513092041016 421.60736083984375
83.06499481201172 421.25689697265625
82.52315521240234 420.9248046875
81.97024536132812 420.6114807128906
81.40692138671875 420.3172912597656
80.83384704589844 420.0425720214844
80.25169372558594 419.78765869140625
79.66114044189453 419.5528564453125
79.0628890991211 419.33843994140625
78.4576416015625 419.1446533203125
77.84609985351562 418.97174072265625
77.22899627685547 418.81988525390625
76.60704803466797 418.68927001953125
75.98098754882812 418.5800476074219
75.35154724121094 418.4923400878906
74.71947479248047 418.42626953125
74.08551025390625 418.38189697265625
73.45039367675781 418.3592834472656
72.81488037109375 418.35845947265625
72.1797103881836 418.3794250488281
71.5456314086914 418.4221496582031
70.91339111328125 418.486572265625
70.28372955322266 418.5726318359375
69.65738677978516 418.68023681640625
69.03510284423828 418.8092346191406
68.41761779785156 418.9595031738281
67.80564880371094 419.1308288574219
67.19992065429688 419.3230285644531
66.60115814208984 419.535888671875
66.01004791259766 419.7691345214844
65.42731475830078 420.0224914550781
64.8536148071289 420.2956848144531
64.28963470458984 420.58837890625
63.73611068725586 420.90020751953125
63.193603515625 421.2308349609375
62.662784576416016 421.5798645019531
62.1442756652832 421.9468688964844
61.638694763183594 422.3314208984375
61.14664077758789 422.7330627441406
60.66869354248047 423.1513366699219
60.20547103881836 423.5856628417969
59.757572174072266 424.0355224609375
59.325889587402344 424.5
58.91168212890625 424.9777526855469
58.51412582397461 425.4697265625
58.13684844970703 425.971435546875
57.78335952758789 426.4781799316406
57.461875915527344 426.9779357910156
57.25606155395508 427.3343200683594
57.06513595581055 427.71270751953125
56.87590408325195 428.1434326171875
56.699554443359375 428.6058654785156
56.536346435546875 429.1026916503906
56.3870849609375 429.635009765625
56.25339889526367 430.20025634765625
56.137428283691406 430.79180908203125
56.03911590576172 431.41180419921875
55.96204376220703 432.0385437011719
55.906532287597656 432.66949462890625
55.87286376953125 433.3015441894531
55.86094665527344 433.9363708496094
55.87083053588867 434.571533203125
55.902503967285156 435.2062072753906
55.9559211730957 435.8394470214844
56.0310173034668 436.47052001953125
56.12770080566406 437.0986328125
56.24585723876953 437.72308349609375
56.38534927368164 438.3431091308594
56.54601287841797 438.9579772949219
56.7276611328125 439.5669860839844
56.930076599121094 440.1694030761719
57.15302276611328 440.7645263671875
57.396236419677734 441.3516540527344
57.6594352722168 441.93011474609375
57.94230651855469 442.49920654296875
58.2445182800293 443.0582580566406
58.56571578979492 443.60662841796875
58.905521392822266 444.1436767578125
59.2635383605957 444.66876220703125
59.63934326171875 445.1812438964844
60.032493591308594 445.6805725097656
60.442527770996094 446.1661071777344
60.86896514892578 446.6372985839844
61.31130599975586 447.0935974121094
61.76902770996094 447.53448486328125
62.24159240722656 447.95941162109375
62.72844314575195 448.3678894042969
63.22901153564453 448.7594299316406
63.742706298828125 449.13360595703125
64.26892852783203 449.48992919921875
64.80705261230469 449.8280029296875
65.35645294189453 450.1474609375
65.9164810180664 450.4478759765625
66.4864730834961 450.7289123535156
67.06576538085938 450.9902648925781
67.65367889404297 451.2315979003906
68.24951934814453 451.45263671875
68.85258483886719 451.65313720703125
69.46216583251953 451.83282470703125
70.07755279541016 451.99151611328125
70.69801330566406 452.1290283203125
71.32282257080078 452.24517822265625
71.95124816894531 452.33984375
72.58255004882812 452.4129333496094
73.21598815917969 452.4643249511719
73.85081481933594 452.4939880371094
74.48628234863281 452.5018615722656
75.12165069580078 452.4879455566406
75.75616455078125 452.4522705078125
76.38908386230469 452.3948669433594
77.01966094970703 452.3157958984375
77.64715576171875 452.21514892578125
78.27083587646484 452.0930480957031
78.88996124267578 451.94964599609375
79.5038070678711 451.78509521484375
80.11165618896484 451.599609375
80.7127914428711 451.3934020996094
81.30650329589844 451.1667175292969
81.89209747314453 450.9197998046875
82.46887969970703 450.6529541015625
83.03617858886719 450.3664855957031
83.59332275390625 450.0607604980469
84.13966369628906 449.7361145019531
84.67455291748047 449.3929138183594
85.1973648071289 449.0315856933594
85.70748138427734 448.6525573730469
86.20430755615234 448.2562561035156
86.687255859375 447.8431701660156
87.15576171875 447.41375732421875
87.60926818847656 446.96856689453125
88.04724884033203 446.5080871582031
88.46918487548828 446.0328674316406
88.87458038330078 445.54345703125
89.2629623413086 445.0404357910156
89.63387298583984 444.5243835449219
89.98687744140625 443.9959411621094
90.32156372070312 443.4556884765625
90.63753509521484 442.904296875
90.93441772460938 442.3423767089844
91.21186065673828 441.7706298828125
91.46954345703125 441.189697265625
91.70716094970703 440.60028076171875
91.9244384765625 440.0030517578125
92.1211166381836 439.39874267578125
92.29696655273438 438.78802490234375
92.45177459716797 438.1716613769531
92.58536529541016 437.55035400390625
92.69757843017578 436.9248352050781
92.78828430175781 436.29583740234375
92.85737609863281 435.6640930175781
92.90476989746094 435.03033447265625
92.93041229248047 434.39532470703125
92.93427276611328 433.75982666015625
92.91635131835938 433.12457275390625
92.87666320800781 432.49029541015625
92.81525421142578 431.8577575683594
92.7322006225586 431.2276916503906
92.62760162353516 430.600830078125
92.50157165527344 429.9779357910156
92.3542709350586 429.3597106933594
92.18585968017578 428.7469177246094
91.99654388427734 428.1402587890625
91.78654479980469 427.5404357910156
91.55610656738281 426.94818115234375
91.30550384521484 426.3641662597656
91.03502655029297 425.7890930175781
90.7449951171875 425.2236022949219
90.43575286865234 424.66839599609375
90.10765838623047 424.1241149902344
89.76119232177734 423.591552734375
89.39678192138672 423.07135009765625
89.01515197753906 422.5645751953125
88.6174087524414 422.0726318359375
88.20170593261719 421.5932312011719
87.76929473876953 421.12786865234375
87.32103729248047 420.677490234375
86.8575668334961 420.24267578125
86.37944793701172 419.8240051269531
85.88726043701172 419.4219665527344
85.38157653808594 419.03704833984375
84.86299896240234 418.669677734375
84.3321304321289 418.3203125
83.78959655761719 417.9893493652344
83.23603820800781 417.6771545410156
82.67210388183594 417.3841247558594
82.09845733642578 417.110595703125
81.5157699584961 416.8569030761719
80.92472839355469 416.6233215332031
80.32603454589844 416.41015625
79.72038269042969 416.2176208496094
79.10848999023438 416.04595947265625
78.4910659790039 415.8953857421875
77.86884307861328 415.76605224609375
77.2425537109375 415.65814208984375
76.6129379272461 415.5717468261719
75.98072814941406 415.5069885253906
75.34667205810547 415.46392822265625
74.71150970458984 415.442626953125
74.07599639892578 415.443115234375
73.44087219238281 415.46539306640625
72.806884765625 415.5094299316406
72.17477416992188 415.5751647949219
71.54529571533203 415.66253662109375
70.91918182373047 415.77142333984375
70.29716491699219 415.9017333984375
69.67998504638672 416.05328369140625
69.06836700439453 416.22589111328125
68.46302795410156 416.41937255859375
67.86468505859375 416.63348388671875
67.27404022216797 416.86798095703125
66.69178771972656 417.1225891113281
66.11862182617188 417.39697265625
65.55522918701172 417.69085693359375
65.00224304199219 418.0038757324219
64.4603271484375 418.3356628417969
63.93014907836914 418.6858215332031
63.412288665771484 419.053955078125
62.90739822387695 419.4395751953125
62.41606521606445 419.84228515625
61.93888473510742 420.2615661621094
61.476478576660156 420.6968688964844
61.02945327758789 421.14764404296875
60.598419189453125 421.6132507324219
60.18453598022461 422.0924377441406
59.788150787353516 422.5848388671875
59.41046142578125 423.08892822265625
59.05490493774414 423.6001281738281
58.72792053222656 424.1090393066406
58.5032844543457 424.49627685546875
58.282047271728516 424.9272155761719
58.07395935058594 425.3859558105469
57.87883377075195 425.8751220703125
57.697052001953125 426.39617919921875
57.52980041503906 426.9480285644531
57.378944396972656 427.5263671875
57.246456146240234 428.1249084472656
57.13385772705078 428.73748779296875
57.04209899902344 429.359375
56.97169876098633 429.9872741699219
56.922916412353516 430.61895751953125
56.89583206176758 431.2534484863281
56.890533447265625 431.8887023925781
56.90702819824219 432.5239562988281
56.94529342651367 433.15826416015625
57.005287170410156 433.7909240722656
57.08693313598633 434.4211730957031
57.19013595581055 435.0482482910156
57.31477355957031 435.6714172363281
57.460697174072266 436.2899475097656
57.62773895263672 436.9031066894531
57.81570053100586 437.51019287109375
58.02436065673828 438.1104736328125
58.253475189208984 438.7032470703125
58.50277328491211 439.2878112792969
58.77196502685547 439.8634948730469
59.06072998046875 440.42962646484375
59.36873245239258 440.9855041503906
59.69561004638672 441.530517578125
60.040977478027344 442.0639953613281
60.40442657470703 442.5853271484375
60.7855339050293 443.0939025878906
61.1838493347168 443.589111328125
61.59890365600586 444.07037353515625
62.03021240234375 444.537109375
62.47726821899414 444.9888000488281
62.939544677734375 445.4248962402344
63.41649627685547 445.84490966796875
63.90756607055664 446.2483215332031
64.41217041015625 446.6346435546875
64.92972564697266 447.0034484863281
65.4596176147461 447.35430908203125
66.001220703125 447.6867980957031
66.55390930175781 448.0005187988281
67.11701965332031 448.29510498046875
67.68990325927734 448.5702209472656
68.27188110351562 448.8255310058594
68.86226654052734 449.0607604980469
69.46036529541016 449.2756042480469
70.06547546386719 449.4698181152344
70.67688751220703 449.6431884765625
71.29388427734375 449.7955017089844
71.91574096679688 449.92657470703125
72.5417251586914 450.0362548828125
73.17109680175781 450.1243896484375
73.8031234741211 450.19091796875
74.43705749511719 450.2357482910156
75.07215881347656 450.2588195800781
75.70767211914062 450.2601013183594
76.34285736083984 450.2395935058594
76.97696685791016 450.19732666015625
77.6092529296875 450.1333312988281
78.23897552490234 450.0476989746094
78.86539459228516 449.9405517578125
79.4877700805664 449.8119812011719
80.10537719726562 449.66217041015625
80.71748352050781 449.49127197265625
81.32337188720703 449.29949951171875
81.92233276367188 449.0870666503906
82.51365661621094 448.8542175292969
83.09664916992188 448.6012268066406
83.6706314086914 448.3283996582031
84.23492431640625 448.03607177734375
84.78886413574219 447.7245788574219
85.33180236816406 447.394287109375
85.86309814453125 447.0455627441406
86.38212585449219 446.6788330078125
86.8882827758789 446.2945251464844
87.38096618652344 445.8930969238281
87.8595962524414 445.4750061035156
88.32361602783203 445.040771484375
88.77247619628906 444.59088134765625
89.20565032958984 444.1258850097656
89.62262725830078 443.64630126953125
90.02291870117188 443.1527099609375
90.40605163574219 442.64569091796875
90.7715835571289 442.1258239746094
91.11907958984375 441.59375
91.44813537597656 441.050048828125
91.75835418701172 440.4953918457031
92.04938507080078 439.930419921875
92.32087707519531 439.3558044433594
92.572509765625 438.7722473144531
92.80399322509766 438.1803894042969
93.01505279541016 437.5809326171875
93.2054443359375 436.974609375
93.37493896484375 436.36212158203125
93.5233383178711 435.7441711425781
93.65046691894531 435.1214904785156
93.75617980957031 434.49481201171875
93.84034729003906 433.8648986816406
93.90287017822266 433.2324523925781
93.94367980957031 432.5982360839844
93.96273040771484 431.9630126953125
93.95999145507812 431.3275146484375
93.93547058105469 430.6924743652344
93.88919830322266 430.05865478515625
93.82122039794922 429.4267883300781
93.73162841796875 428.797607421875
93.62052154541016 428.171875
93.48802947998047 427.5503234863281
93.33431243896484 426.9336853027344
93.1595458984375 426.3226623535156
92.96393585205078 425.7179870605469
92.74771881103516 425.1203918457031
92.51113891601562 424.5305480957031
92.25447845458984 423.94915771484375
91.97804260253906 423.3769226074219
91.6821517944336 422.8144836425781
91.36715698242188 422.26251220703125
91.03343200683594 421.7216796875
90.681640625 421.19305419921875
90.31251525878906 420.6777038574219
89.9269027709961 420.17681884765625
89.52734375 419.693603515625
89.10731506347656 419.22021484375
88.66998291015625 418.76025390625
88.21669006347656 418.3151550292969
87.74827575683594 417.8857421875
87.26537322998047 417.47259521484375
86.76859283447266 417.0762634277344
86.25851440429688 416.6971740722656
85.7357406616211 416.3357849121094
85.20088958740234 415.9925537109375
84.65458679199219 415.6678466796875
84.09747314453125 415.362060546875
83.53020477294922 415.0755310058594
82.95345306396484 414.8086242675781
82.36788940429688 414.5616455078125
81.77420043945312 414.33489990234375
81.17308807373047 414.1286315917969
80.56526184082031 413.9430847167969
79.95143127441406 413.7784729003906
79.33232116699219 413.635009765625
78.70865631103516 413.5128479003906
78.08116912841797 413.4121398925781
77.45059967041016 413.3330078125
76.81768798828125 413.2755126953125
76.18317413330078 413.23974609375
75.54781341552734 413.22576904296875
74.91234588623047 413.23358154296875
74.27751922607422 413.2631530761719
73.64408111572266 413.3144836425781
73.01277160644531 413.3874816894531
72.38433837890625 413.4820861816406
71.75951385498047 413.5981750488281
71.1390380859375 413.7356262207031
70.52364349365234 413.8942565917969
69.91404724121094 414.0738830566406
69.31097412109375 414.2742919921875
68.71512603759766 414.4952697753906
68.12721252441406 414.7365417480469
67.54792022705078 414.997802734375
66.97793579101562 415.2787780761719
66.41793060302734 415.5791320800781
65.86856079101562 415.89849853515625
65.33047485351562 416.23651123046875
64.80430603027344 416.5927429199219
64.2906723022461 416.9668273925781
63.79019546508789 417.3582763671875
63.303466796875 417.7666320800781
62.83112335205078 418.19134521484375
62.37372970581055 418.6319274902344
61.931915283203125 419.0877685546875
61.50664138793945 419.5578918457031
61.09949493408203 420.04052734375
60.70921325683594 420.53717041015625
60.33952331542969 421.0430908203125
59.998085021972656 421.5476989746094
59.720924377441406 421.99603271484375
59.48224639892578 422.426025390625
59.24512481689453 422.9043884277344
59.03452682495117 423.38214111328125
58.82557678222656 423.9173583984375
58.6421012878418 424.4507141113281
58.46681594848633 425.0335998535156
58.31491470336914 425.6167297363281
58.18185806274414 426.21771240234375
58.06892013549805 426.8314208984375
57.97627639770508 427.4572448730469
57.9051399230957 428.0871887207031
57.85566329956055 428.71990966796875
57.82793426513672 429.3543701171875
57.821990966796875 429.9896240234375
57.83784103393555 430.6248779296875
57.87546157836914 431.25927734375
57.93480682373047 431.8919982910156
58.01580810546875 432.5223388671875
58.11836624145508 433.1495361328125
58.24236297607422 433.7728271484375
58.38765335083008 434.3915100097656
58.5540657043457 435.0048522949219
58.74140548706055 435.61212158203125
58.9494514465332 436.2126159667969
59.17795944213867 436.8056335449219
59.426658630371094 437.3904724121094
59.69525909423828 437.9664306640625
59.98344421386719 438.5328369140625
60.29087829589844 439.08905029296875
60.61719512939453 439.6343994140625
60.962013244628906 440.1682434082031
61.324928283691406 440.68994140625
61.70551300048828 441.1988830566406
62.10332107543945 441.6944885253906
62.51788330078125 442.1761779785156
62.94871520996094 442.64337158203125
63.39530563354492 443.09552001953125
63.85713195800781 443.5321044921875
64.33365631103516 443.9526062011719
64.82431030273438 444.35650634765625
65.32852172851562 444.74334716796875
65.84569549560547 445.1127014160156
66.37522888183594 445.4640808105469
66.91649627685547 445.797119140625
67.46885681152344 446.1114196777344
68.03166961669922 446.4065856933594
68.6042709350586 446.6822814941406
69.18598175048828 446.9382019042969
69.776123046875 447.17401123046875
70.3740005493164 447.38946533203125
70.97891235351562 447.58428955078125
71.59014892578125 447.7582702636719
72.20699310302734 447.91119384765625
72.8287124633789 448.0428771972656
73.45458221435547 448.1531982421875
74.08386993408203 448.2419738769531
74.71582794189453 448.30914306640625
75.34971618652344 448.3546142578125
75.98479461669922 448.3783264160156
76.62030792236328 448.3802490234375
77.2555160522461 448.3603820800781
77.8896713256836 448.3187561035156
78.52202606201172 448.25543212890625
79.15184020996094 448.17047119140625
79.77836608886719 448.06396484375
80.40087127685547 447.93603515625
81.01863098144531 447.7868347167969
81.63091278076172 447.6165466308594
82.23699951171875 447.4253845214844
82.83617401123047 447.21356201171875
83.427734375 446.9813232421875
84.010986328125 446.72894287109375
84.58524322509766 446.45672607421875
85.14983367919922 446.16497802734375
85.70409393310547 445.8540344238281
86.24736785888672 445.5242919921875
86.77902221679688 445.1761169433594
87.29842376708984 444.8099060058594
87.80496978759766 444.4261169433594
88.29805755615234 444.02520751953125
88.77711486816406 443.6076354980469
89.2415771484375 443.1738586425781
89.6908950805664 442.72442626953125
90.12454223632812 442.2598571777344
90.54200744628906 441.78070068359375
90.94280242919922 441.2875061035156
91.32645416259766 440.7808837890625
91.69251251220703 440.26141357421875
92.0405502319336 439.72967529296875
92.37015533447266 439.18634033203125
92.68093872070312 438.63201904296875
92.97254180908203 438.0673522949219
93.24462127685547 437.4930419921875
93.4968490600586 436.90972900390625
93.72893524169922 436.318115234375
93.94060516357422 435.7189025878906
94.1316146850586 435.1127624511719
94.3017349243164 434.50042724609375
94.45075988769531 433.88262939453125
94.57852172851562 433.2601013183594
94.68486785888672 432.633544921875
94.7696762084961 432.00372314453125
94.83284759521484 431.3713684082031
94.87430572509766 430.7372131347656
94.89399719238281 430.10198974609375
94.89190673828125 429.4664611816406
94.86803436279297 428.8313903808594
94.82240295410156 428.197509765625
94.75507354736328 427.5655822753906
94.66612243652344 426.9363098144531
94.55564880371094 426.3104553222656
94.42378997802734 425.68878173828125
94.27069854736328 425.0719909667969
94.0965576171875 424.4607849121094
93.90156555175781 423.8559265136719
93.68595123291016 423.2580871582031
93.4499740600586 422.6679992675781
93.19390869140625 422.08636474609375
92.91805267333984 421.5138244628906
92.62273406982422 420.9510803222656
92.30830383300781 420.3988037109375
91.97512817382812 419.8576354980469
91.6236801147461 419.3283386230469
91.25593566894531 418.8138732910156
90.87371063232422 418.3166809082031
90.47930145263672 417.8396301269531
90.06134033203125 417.3690185546875
89.62439727783203 416.91009521484375
89.17095947265625 416.46551513671875
88.70226287841797 416.0364990234375
88.21904754638672 415.62371826171875
87.72196960449219 415.2277526855469
87.21160888671875 414.84906005859375
86.68856811523438 414.4880676269531
86.15345764160156 414.1452331542969
85.6069107055664 413.8209228515625
85.04956817626953 413.51556396484375
84.48208618164062 413.2294616699219
83.9051284790039 412.9629821777344
83.31938171386719 412.7164611816406
82.72552490234375 412.4901428222656
82.12425994873047 412.2843322753906
81.51629638671875 412.0992431640625
80.90234375 411.9350891113281
80.28312683105469 411.7920837402344
79.65937042236328 411.6703796386719
79.03180694580078 411.57012939453125
78.40117645263672 411.491455078125
77.76821899414062 411.4344482421875
77.13368225097656 411.399169921875
76.49830627441406 411.38568115234375
75.86284637451172 411.3939514160156
75.22804260253906 411.42401123046875
74.59464263916016 411.4757995605469
73.96338653564453 411.5492858886719
73.33502197265625 411.6443786621094
72.71028900146484 411.7609558105469
72.08992004394531 411.89886474609375
71.47463989257812 412.0579528808594
70.86518096923828 412.238037109375
70.26225280761719 412.43890380859375
69.66656494140625 412.66033935546875
69.07881927490234 412.90203857421875
68.49971008300781 413.16375732421875
67.92991638183594 413.4451599121094
67.3701171875 413.7459411621094
66.82096862792969 414.06573486328125
66.28311157226562 414.4041442871094
65.75718688964844 414.76080322265625
65.24381256103516 415.13525390625
64.74359893798828 415.5270690917969
64.2571792602539 415.9357604980469
63.78512954711914 416.36083984375
63.328067779541016 416.8017578125
62.8865966796875 417.2579345703125
62.461326599121094 417.7287292480469
62.05348587036133 418.2127685546875
61.6636962890625 418.7093505859375
61.292625427246094 419.21759033203125
60.94463348388672 419.73150634765625
60.6686897277832 420.177001953125
60.41910171508789 420.62469482421875
60.1733512878418 421.1159362792969
59.94178771972656 421.6319885253906
59.724952697753906 422.1726989746094
59.524009704589844 422.7361145019531
59.34044647216797 423.31878662109375
59.175682067871094 423.9167175292969
59.03083419799805 424.526123046875
58.90665817260742 425.1440124511719
58.80363082885742 425.7680969238281
58.722042083740234 426.39666748046875
58.6619987487793 427.0289306640625
58.62369918823242 427.66278076171875
58.60716247558594 428.2979736328125
58.6124153137207 428.93341064453125
58.63945007324219 429.5683288574219
58.688236236572266 430.20196533203125
58.75871276855469 430.83355712890625
58.850799560546875 431.4623718261719
58.964385986328125 432.087646484375
59.09933853149414 432.70867919921875
59.25550079345703 433.32470703125
59.43268585205078 433.9350280761719
59.63068771362305 434.5389099121094
59.849273681640625 435.1356506347656
60.08818817138672 435.72454833984375
60.34714889526367 436.3049011230469
60.625850677490234 436.87603759765625
60.92396545410156 437.4372863769531
61.24114227294922 437.9880065917969
61.57701110839844 438.52752685546875
61.931175231933594 439.0552062988281
62.303218841552734 439.5704345703125
62.69270706176758 440.0726013183594
63.099178314208984 440.5611267089844
63.522159576416016 441.0354309082031
63.96114730834961 441.4949645996094
64.41563415527344 441.9391784667969
64.88507843017578 442.3675537109375
65.36892700195312 442.7795715332031
65.86661529541016 443.1747741699219
66.3775634765625 443.55267333984375
66.90116119384766 443.912841796875
67.43679809570312 444.2548522949219
67.98384094238281 444.57830810546875
68.5416488647461 444.8828125
69.10957336425781 445.16802978515625
69.68693542480469 445.43359375
70.27306365966797 445.6792297363281
70.86727142333984 445.9046325683594
71.4688491821289 446.1095275878906
72.07710266113281 446.2936706542969
72.6913070678711 446.4568786621094
73.31074523925781 446.59893798828125
73.9346923828125 446.71966552734375
74.56240844726562 446.8189392089844
75.19316101074219 446.8966369628906
75.82620239257812 446.9526672363281
76.4607925415039 446.9869689941406
77.09618377685547 446.9994812011719
77.73163604736328 446.9902038574219
78.36639404296875 446.95916748046875
78.99971771240234 446.9064025878906
79.630859375 446.8319396972656
80.25907897949219 446.73590087890625
80.88363647460938 446.6183776855469
81.50379943847656 446.4795227050781
82.11883544921875 446.3194885253906
82.72802734375 446.1384582519531
83.33065032958984 445.9366455078125
83.9260025024414 445.71429443359375
84.51338195800781 445.4716796875
85.09210205078125 445.2090759277344
85.66148376464844 444.9267883300781
86.2208480834961 444.6251525878906
86.76954650878906 444.30450439453125
87.30693054199219 443.9652404785156
87.83236694335938 443.6077575683594
88.34524536132812 443.23248291015625
88.84495544433594 442.83984375
89.3309097290039 442.4302978515625
89.80253601074219 442.00433349609375
90.25928497314453 441.5624694824219
90.70061492919922 441.1051940917969
91.12600708007812 440.633056640625
91.53496551513672 440.1466369628906
91.92700958251953 439.646484375
92.30167388916016 439.1331787109375
92.65852355957031 438.6073303222656
92.99713897705078 438.0695495605469
93.31712341308594 437.5204772949219
93.61809539794922 436.96075439453125
93.89970397949219 436.39105224609375
94.16162109375 435.81201171875
94.40353393554688 435.2243347167969
94.62516021728516 434.62872314453125
94.82624053955078 434.0258483886719
95.00653839111328 433.41644287109375
95.16584014892578 432.80120849609375
95.30396270751953 432.1808776855469
95.42073822021484 431.5561828613281
95.51603698730469 430.9278564453125
95.58973693847656 430.296630859375
95.64176177978516 429.6632385253906
95.67204284667969 429.0284423828125
95.6805419921875 428.3929748535156
95.6672592163086 427.7575988769531
95.6322021484375 427.123046875
95.5754165649414 426.4900817871094
95.49696350097656 425.85943603515625
95.39694213867188 425.2318420410156
95.27546691894531 424.6080322265625
95.13267517089844 423.98876953125
94.96874237060547 423.374755859375
94.78385925292969 422.7667236328125
94.5782470703125 422.1653747558594
94.35214233398438 421.5714416503906
94.1058120727539 420.985595703125
93.83953857421875 420.4085388183594
93.55364227294922 419.8409729003906
93.24845886230469 419.2835388183594
92.92434692382812 418.73687744140625
92.5816879272461 418.20166015625
92.22296905517578 417.6817321777344
91.85015869140625 417.1798400878906
91.4633560180664 416.69598388671875
91.07027435302734 416.23956298828125
90.64006042480469 415.77490234375
90.19523620605469 415.32659912109375
89.73303985595703 414.8918762207031
89.25544738769531 414.4726257324219
88.76376342773438 414.0699768066406
88.2585678100586 413.6844177246094
87.74044799804688 413.31640625
87.21001434326172 412.96636962890625
86.66790008544922 412.6347351074219
86.11473083496094 412.3218688964844
85.55116271972656 412.02813720703125
84.97785949707031 411.75390625
84.39549255371094 411.4994812011719
83.80474853515625 411.2651672363281
83.2063217163086 411.0512390136719
82.60091400146484 410.8579406738281
81.9892349243164 410.6855163574219
81.37200164794922 410.5341796875
80.74994659423828 410.4040832519531
80.12379455566406 410.2953796386719
79.4942855834961 410.20819091796875
78.8621597290039 410.14263916015625
78.22815704345703 410.0987854003906
77.59302520751953 410.0766906738281
76.95751190185547 410.0763854980469
76.32235717773438 410.0978698730469
75.68831634521484 410.14111328125
75.0561294555664 410.2060546875
74.4265365600586 410.2926330566406
73.80028533935547 410.4007568359375
73.17810821533203 410.5302734375
72.56073760986328 410.6810302734375
71.94889831542969 410.8528747558594
71.34330749511719 411.04559326171875
70.74468231201172 411.2589416503906
70.15372467041016 411.4927062988281
69.57112884521484 411.74658203125
68.99758911132812 412.020263671875
68.43376922607422 412.3134460449219
67.88033294677734 412.62579345703125
67.33793640136719 412.9569091796875
66.80722045898438 413.3064270019531
66.28881072998047 413.6739196777344
65.7833251953125 414.0589599609375
65.29137420654297 414.4610900878906
64.81353759765625 414.87982177734375
64.35042572021484 415.3146057128906
63.90279006958008 415.7647705078125
63.471168518066406 416.2297668457031
63.056846618652344 416.70819091796875
62.66017532348633 417.19964599609375
62.280906677246094 417.7044372558594
61.92280960083008 418.2175598144531
61.627506256103516 418.6781921386719
61.35005569458008 419.15478515625
61.0880126953125 419.6519470214844
60.84107971191406 420.1709289550781
60.60957717895508 420.7117919921875
60.394378662109375 421.273193359375
60.19668197631836 421.8525085449219
60.01770782470703 422.4465637207031
59.85847854614258 423.05218505859375
59.71974563598633 423.6666564941406
59.60200881958008 424.2878723144531
59.505592346191406 424.9141540527344
59.430702209472656 425.544189453125
59.3774299621582 426.1772155761719
59.34589767456055 426.8117980957031
59.336143493652344 427.4471740722656
59.34817886352539 428.0825500488281
59.381988525390625 428.7171630859375
59.437530517578125 429.3502502441406
59.51474380493164 429.9810485839844
59.61353302001953 430.60882568359375
59.73378372192383 431.23284912109375
59.8753547668457 431.8523864746094
60.038082122802734 432.4667053222656
60.221771240234375 433.0751037597656
60.426204681396484 433.6768493652344
60.651145935058594 434.271240234375
60.89632797241211 434.8575439453125
61.16146469116211 435.43511962890625
61.44624328613281 436.0032653808594
61.750328063964844 436.5613098144531
62.0733642578125 437.1086120605469
62.41497039794922 437.6445007324219
62.77474594116211 438.1683654785156
63.15226745605469 438.6795959472656
63.54709243774414 439.1775817871094
63.95875549316406 439.6617431640625
64.38677215576172 440.1315002441406
64.83064270019531 440.5863342285156
65.28984069824219 441.0256652832031
65.76382446289062 441.4490051269531
66.25204467773438 441.8558654785156
66.75392150878906 442.2457275390625
67.26886749267578 442.6181640625
67.79627990722656 442.9727478027344
68.33553314208984 443.30902099609375
68.88600158691406 443.6266174316406
69.44702911376953 443.9251708984375
70.01795959472656 444.2043151855469
70.5981216430664 444.4637145996094
71.18683624267578 444.70306396484375
71.78340911865234 444.922119140625
72.38714599609375 445.1205749511719
72.99732971191406 445.2982177734375
73.61324310302734 445.4548645019531
74.23416137695312 445.5903015136719
74.85935974121094 445.7043762207031
75.48809814453125 445.79693603515625
76.11964416503906 445.8678894042969
76.75325012207031 445.91717529296875
77.38816833496094 445.9447021484375
78.0236587524414 445.950439453125
78.65897369384766 445.93438720703125
79.29336547851562 445.8965759277344
79.92608642578125 445.8370361328125
80.556396484375 445.755859375
81.18355560302734 445.6531066894531
81.80682373046875 445.5289306640625
82.42546844482422 445.3834533691406
83.03876495361328 445.21685791015625
83.64598846435547 445.0293273925781
84.24642944335938 444.82110595703125
84.8393783569336 444.5924377441406
85.42414093017578 444.34356689453125
86.0000228881836 444.0747985839844
86.56636047363281 443.78643798828125
87.12247467041016 443.4788513183594
87.66771697998047 443.1523742675781
88.20145416259766 442.8074035644531
88.72305297851562 442.4443359375
89.23189544677734 442.0635986328125
89.72738647460938 441.6656494140625
90.20893859863281 441.2509460449219
90.67598724365234 440.8199768066406
91.12799072265625 440.3732604980469
91.56441497802734 439.91131591796875
91.9847412109375 439.4346923828125
92.38848114013672 438.9439392089844
92.77515411376953 438.43963623046875
93.14431762695312 437.92236328125
93.49552917480469 437.3927307128906
93.82837677001953 436.85137939453125
94.1424789428711 436.2989196777344
94.43745422363281 435.73602294921875
94.71296691894531 435.1633605957031
94.96868896484375 434.5815734863281
95.20431518554688 433.9913635253906
95.41957092285156 433.3934326171875
95.61420440673828 432.7884521484375
95.7879867553711 432.1771545410156
95.94071197509766 431.5602722167969
96.07220458984375 430.9385070800781
96.18230438232422 430.3125915527344
96.27088928222656 429.68328857421875
96.33784484863281 429.0513000488281
96.38310241699219 428.4173889160156
96.40660095214844 427.7823181152344
96.40831756591797 427.14678955078125
96.38825225830078 426.5115966796875
96.34642028808594 425.8774719238281
96.28287506103516 425.2451477050781
96.19769287109375 424.6153564453125
96.09097290039062 423.9888610839844
95.96284484863281 423.36639404296875
95.8134536743164 422.7486877441406
95.64297485351562 422.136474609375
95.45161437988281 421.53045654296875
95.23958587646484 420.9313659667969
95.00714874267578 420.3398742675781
94.75457000732422 419.7567138671875
94.4821548461914 419.18255615234375
94.19021606445312 418.6180725097656
93.87909698486328 418.06390380859375
93.5491714477539 417.520751953125
93.20082092285156 416.9892272949219
92.83837890625 416.4758605957031
92.46434020996094 415.9840393066406
92.07815551757812 415.5128173828125
91.66598510742188 415.04534912109375
91.24304962158203 414.5989685058594
90.79432678222656 414.15789794921875
90.32612609863281 413.7284851074219
89.84331512451172 413.31524658203125
89.34662628173828 412.9187927246094
88.83663177490234 412.53961181640625
88.3139419555664 412.1781311035156
87.77916717529297 411.83477783203125
87.2329330444336 411.50994873046875
86.67588806152344 411.20404052734375
86.10868072509766 410.9173889160156
85.531982421875 410.6503601074219
84.94647216796875 410.40325927734375
84.35283660888672 410.1763610839844
83.75177001953125 409.9699401855469
83.14398193359375 409.7842712402344
82.53018951416016 409.6195373535156
81.9111099243164 409.4759216308594
81.28746795654297 409.3536376953125
80.66000366210938 409.2527770996094
80.02944946289062 409.1734924316406
79.39655303955078 409.1158752441406
78.76204681396484 409.0799865722656
78.1266860961914 409.06585693359375
77.49121856689453 409.0735168457031
76.85638427734375 409.10296630859375
76.22293090820312 409.1541442871094
75.59160614013672 409.2270202636719
74.96315002441406 409.3215026855469
74.33830261230469 409.4374694824219
73.7177963256836 409.57476806640625
73.10236358642578 409.7332763671875
72.49272155761719 409.91278076171875
71.88959503173828 410.1130676269531
71.29368591308594 410.33392333984375
70.70570373535156 410.5750732421875
70.12633514404297 410.83624267578125
69.55626678466797 411.1170959472656
68.99616241455078 411.4173278808594
68.4466781616211 411.736572265625
67.9084701538086 412.074462890625
67.38217163085938 412.43060302734375
66.86840057373047 412.8045654296875
66.3677749633789 413.1959228515625
65.88089752197266 413.60418701171875
65.40840911865234 414.02880859375
64.9507827758789 414.4693908691406
64.50881958007812 414.9251403808594
64.08344268798828 415.3951110839844
63.67448806762695 415.8794860839844
63.28384017944336 416.37603759765625
62.91495895385742 416.8803405761719
62.58639907836914 417.3666076660156
62.28792953491211 417.8490295410156
62.00597381591797 418.34918212890625
61.74005126953125 418.86834716796875
61.49021530151367 419.4068603515625
61.25703048706055 419.9639587402344
61.04139709472656 420.5378723144531
60.84433364868164 421.12615966796875
60.666770935058594 421.7262878417969
60.50944900512695 422.3358459472656
60.37290573120117 422.95281982421875
60.25750732421875 423.57562255859375
60.16350555419922 424.2029113769531
60.09101104736328 424.8339538574219
60.04019546508789 425.4672546386719
60.01112365722656 426.1020202636719
60.00382995605469 426.7374267578125
60.01832580566406 427.3727722167969
60.05459213256836 428.0072326660156
60.112586975097656 428.6401062011719
60.19224166870117 429.2705993652344
60.293460845947266 429.89801025390625
60.41613006591797 430.5215759277344
60.56010055541992 431.14056396484375
60.72520446777344 431.7542724609375
60.91124725341797 432.3619384765625
61.118011474609375 432.962890625
61.345252990722656 433.556396484375
61.59270477294922 434.1417541503906
61.860076904296875 434.7182922363281
62.14705276489258 435.28533935546875
62.45329666137695 435.8421936035156
62.77845001220703 436.38824462890625
63.122127532958984 436.9228210449219
63.48392868041992 437.4453125
63.863426208496094 437.955078125
64.26017761230469 438.4515380859375
64.67371368408203 438.9341125488281
65.10354614257812 439.4022216796875
65.5491714477539 439.8553161621094
66.01006317138672 440.2928771972656
66.48568725585938 440.7143859863281
66.97547912597656 441.11932373046875
67.47886657714844 441.50726318359375
67.99525451660156 441.8777160644531
68.52403259277344 442.230224609375
69.06458282470703 442.5644226074219
69.61627197265625 442.8798828125
70.17845153808594 443.1762390136719
70.75045776367188 443.4531555175781
71.33162689208984 443.7102966308594
71.9212646484375 443.9473876953125
72.51868438720703 444.16412353515625
73.12318420410156 444.3602600097656
73.73404693603516 444.5355529785156
74.3505630493164 444.6897888183594
74.97200012207031 444.82281494140625
75.5976333618164 444.9344482421875
76.22673034667969 445.0245666503906
76.8585433959961 445.09307861328125
77.4923324584961 445.139892578125
78.12735748291016 445.1649475097656
78.76286315917969 445.1682434082031
79.39810943603516 445.1497497558594
80.0323486328125 445.1094970703125
80.66483306884766 445.0475158691406
81.2948226928711 444.9638977050781
81.92157745361328 444.8587341308594
82.54435729980469 444.7321472167969
83.16242980957031 444.58428955078125
83.77507019042969 444.4153137207031
84.38156127929688 444.2254333496094
84.98118591308594 444.014892578125
85.5732421875 443.7839050292969
86.15703582763672 443.53277587890625
86.73187255859375 443.26177978515625
87.29708862304688 442.9712219238281
87.85201263427734 442.6614685058594
88.39598846435547 442.3328857421875
88.92838287353516 441.98583984375
89.44857025146484 441.6207580566406
89.9559326171875 441.2380676269531
90.44987487792969 440.83819580078125
90.9298095703125 440.421630859375
91.39518737792969 439.9888610839844
91.84545135498047 439.5404052734375
92.28007507324219 439.0767822265625
92.69854736328125 438.5985412597656
93.10037994384766 438.1062316894531
93.48509216308594 437.6004333496094
93.85224151611328 437.0817565917969
94.2013931274414 436.55078125
94.53213500976562 436.0081481933594
94.84408569335938 435.4544982910156
95.13687133789062 434.8904724121094
95.41015625 434.3167419433594
95.66361236572266 433.7339782714844
95.89694213867188 433.1428527832031
96.10987091064453 432.5440673828125
96.30215454101562 431.9383544921875
96.47356414794922 431.3263854980469
96.62389373779297 430.7088928222656
96.75296783447266 430.08660888671875
96.86063385009766 429.46026611328125
96.94676971435547 428.83062744140625
97.01127624511719 428.1983947753906
97.05406951904297 427.5643310546875
97.07510375976562 426.9291687011719
97.07434844970703 426.29364013671875
97.05181121826172 425.65850830078125
97.00751495361328 425.0245361328125
96.94151306152344 424.3924560546875
96.85388946533203 423.76300048828125
96.74473571777344 423.1369323730469
96.61418914794922 422.51495361328125
96.46240234375 421.8978271484375
96.28955078125 421.2862548828125
96.09583282470703 420.68096923828125
95.88148498535156 420.08270263671875
95.6467514038086 419.49212646484375
95.39191436767578 418.9099426269531
95.11727142333984 418.3368225097656
94.8231430053711 417.7734680175781
94.50988006591797 417.22052001953125
94.17784118652344 416.67864990234375
93.82742309570312 416.1484680175781
93.464599609375 415.6389465332031
93.0918197631836 415.15325927734375
92.70792388916016 414.6896057128906
92.29544830322266 414.22698974609375
91.87318420410156 413.78656005859375
91.42280578613281 413.34930419921875
90.95195007324219 412.9228515625
90.46680450439453 412.51287841796875
89.9676284790039 412.11956787109375
89.45525360107422 411.74359130859375
88.93029022216797 411.3854064941406
88.39336395263672 411.04541015625
87.8450927734375 410.7240295410156
87.2861328125 410.421630859375
86.71713256835938 410.1385803222656
86.13876342773438 409.87518310546875
85.55170440673828 409.63177490234375
84.95664978027344 409.40863037109375
84.35429382324219 409.2060241699219
83.74534606933594 409.024169921875
83.13052368164062 408.8633117675781
82.51055145263672 408.7236022949219
81.88615417480469 408.605224609375
81.25806427001953 408.5083312988281
80.62702178955078 408.4330139160156
79.9937744140625 408.37939453125
79.35905456542969 408.3475036621094
78.72361755371094 408.33740234375
78.08821105957031 408.3490905761719
77.45357513427734 408.3825378417969
76.8204574584961 408.4377136230469
76.18960571289062 408.5145568847656
75.56175994873047 408.61297607421875
74.93765258789062 408.7328796386719
74.31802368164062 408.87408447265625
73.70359802246094 409.0364685058594
73.09510040283203 409.2198181152344
72.49324798583984 409.4239196777344
71.89874267578125 409.6485290527344
71.31228637695312 409.89337158203125
70.73457336425781 410.1581726074219
70.1662826538086 410.442626953125
69.60807800292969 410.74639892578125
69.06061553955078 411.0691223144531
68.52454376220703 411.410400390625
68.00049591064453 411.7698669433594
67.48909759521484 412.1470642089844
66.9909439086914 412.54156494140625
66.50667572021484 412.952880859375
66.036865234375 413.3804931640625
65.58210754394531 413.8238830566406
65.14299774169922 414.2824401855469
64.72052001953125 414.7551574707031
64.31510925292969 415.2415466308594
63.92930603027344 415.7385559082031
63.5634651184082 416.2457275390625
63.24055862426758 416.7306823730469
62.93538284301758 417.23065185546875
62.64712905883789 417.74713134765625
62.37559509277344 418.2807312011719
62.121028900146484 418.83123779296875
61.88404083251953 419.3976135253906
61.665428161621094 419.9781494140625
61.46601104736328 420.5708312988281
61.2865104675293 421.1736145019531
61.12749481201172 421.7846984863281
60.9893798828125 422.4024658203125
60.872467041015625 423.025634765625
60.77696990966797 423.6530456542969
60.703041076660156 424.28375244140625
60.65078353881836 424.9168395996094
60.62025833129883 425.5515441894531
60.61151123046875 426.18695068359375
60.62455368041992 426.82232666015625
60.659366607666016 427.4568786621094
60.715911865234375 428.0898742675781
60.79412078857422 428.7205505371094
60.89390563964844 429.3481750488281
61.01514434814453 429.9720153808594
61.15769577026367 430.5913391113281
61.32139205932617 431.2054138183594
61.50604248046875 431.8135070800781
61.711429595947266 432.4149169921875
61.93730926513672 433.0089416503906
62.18341827392578 433.5948791503906
62.449466705322266 434.1720275878906
62.735145568847656 434.7397155761719
63.04011535644531 435.2972717285156
63.364017486572266 435.84405517578125
63.70647048950195 436.3794250488281
64.06707763671875 436.9027404785156
64.44540405273438 437.41339111328125
64.84101104736328 437.9107666015625
65.2534408569336 438.394287109375
65.68219757080078 438.8633728027344
66.12678527832031 439.3175048828125
66.58667755126953 439.756103515625
67.06133270263672 440.1786804199219
67.5501937866211 440.5847473144531
68.05268859863281 440.97381591796875
68.56822204589844 441.3454284667969
69.09619140625 441.69915771484375
69.63597869873047 442.0345764160156
70.18694305419922 442.351318359375
70.74844360351562 442.64898681640625
71.31981658935547 442.9272155761719
71.900390625 443.1856994628906
72.48948669433594 443.42413330078125
73.08641052246094 443.6422424316406
73.69046020507812 443.8397521972656
74.30091857910156 444.0164489746094
74.91707611083984 444.172119140625
75.5382080078125 444.30657958984375
76.16358184814453 444.4196472167969
76.79246520996094 444.51123046875
77.42411804199219 444.5812072753906
78.05780029296875 444.6294860839844
78.69276428222656 444.656005859375
79.32826232910156 444.6607360839844
79.96355438232422 444.6436767578125
80.59788513183594 444.6048583984375
81.23051452636719 444.5443115234375
81.8606948852539 444.4621276855469
82.48768615722656 444.3583984375
83.11075592041016 444.23321533203125
83.72917175292969 444.0867614746094
84.34220123291016 443.919189453125
84.94912719726562 443.730712890625
85.54923248291016 443.52154541015625
86.14181518554688 443.29193115234375
86.72618103027344 443.0421447753906
87.30164337158203 442.7724609375
87.86752319335938 442.48321533203125
88.42314910888672 442.17474365234375
88.96788024902344 441.847412109375
89.50106811523438 441.5015869140625
90.02208709716797 441.1376953125
90.53032684326172 440.75616455078125
91.02517700195312 440.357421875
91.50606536865234 439.94195556640625
91.97242736816406 439.51025390625
92.42371368408203 439.0628356933594
92.85939025878906 438.6002197265625
93.2789535522461 438.1229248046875
93.68190002441406 437.63153076171875
94.06776428222656 437.1266174316406
94.43608856201172 436.6087646484375
94.78644561767578 436.0785827636719
95.11842346191406 435.5367126464844
95.43163299560547 434.9837646484375
95.72570037841797 434.42041015625
96.00028991699219 433.8472900390625
96.25507354736328 433.2651062011719
96.48974609375 432.6745300292969
96.70404052734375 432.07623291015625
96.897705078125 431.470947265625
97.07050323486328 430.859375
97.22223663330078 430.24224853515625
97.35272979736328 429.6202697753906
97.46182250976562 428.99420166015625
97.54939270019531 428.36474609375
97.6153335571289 427.732666015625
97.6595687866211 427.09869384765625
97.68204498291016 426.46356201171875
97.6827392578125 425.8280334472656
97.66165161132812 425.19287109375
97.61880493164062 424.5588073730469
97.55424499511719 423.92657470703125
97.46805572509766 423.29693603515625
97.3603286743164 422.6706237792969
97.231201171875 422.0483703613281
97.08081817626953 421.430908203125
96.90935516357422 420.8189697265625
96.7170181274414 420.2132568359375
96.5040283203125 419.614501953125
96.27064514160156 419.02337646484375
96.01713562011719 418.44061279296875
95.7437973022461 417.86688232421875
95.4509506225586 417.3028564453125
95.13894653320312 416.74920654296875
94.80814361572266 416.2065734863281
94.45893859863281 415.67559814453125
94.09232330322266 415.15777587890625
93.71994018554688 414.66937255859375
93.336181640625 414.2026672363281
92.94988250732422 413.7679138183594
92.52765655517578 413.3276062011719
92.0771484375 412.8902893066406
91.60738372802734 412.4649658203125
91.12217712402344 412.05511474609375
90.62291717529297 411.66192626953125
90.11046600341797 411.28607177734375
89.58543395996094 410.9280090332031
89.04843139648438 410.588134765625
88.50009155273438 410.2668762207031
87.9410629272461 409.964599609375
87.37200164794922 409.6816711425781
86.7935791015625 409.41839599609375
86.20647430419922 409.17510986328125
85.61137390136719 408.95208740234375
85.00897979736328 408.7496032714844
84.39999389648438 408.56787109375
83.78514099121094 408.4071350097656
83.1651382446289 408.267578125
82.54071807861328 408.14935302734375
81.91261291503906 408.0525817871094
81.28155517578125 407.9774169921875
80.6482925415039 407.9239196777344
80.0135726928711 407.89215087890625
79.37813568115234 407.8821716308594
78.74272918701172 407.89398193359375
78.10810089111328 407.92755126953125
77.4749984741211 407.9828796386719
76.84416198730469 408.05987548828125
76.2163314819336 408.158447265625
75.59225463867188 408.2784729003906
74.97265625 408.4198303222656
74.35826873779297 408.58233642578125
73.74980926513672 408.76580810546875
73.14800262451172 408.97003173828125
72.55355072021484 409.19476318359375
71.96714782714844 409.4397277832031
71.38948822021484 409.70465087890625
70.82125091552734 409.9892272949219
70.26310729980469 410.2931213378906
69.71571350097656 410.615966796875
69.1797103881836 410.9573669433594
68.65573120117188 411.31695556640625
68.14440155029297 411.69427490234375
67.64631652832031 412.0888977050781
67.162109375 412.50030517578125
66.6923599243164 412.92803955078125
66.23766326904297 413.37152099609375
65.7986068725586 413.8302001953125
65.37577819824219 414.303466796875
64.97026824951172 414.79010009765625
64.58415222167969 415.28759765625
64.22628784179688 415.784423828125
63.89034652709961 416.28912353515625
63.57707595825195 416.8003845214844
63.281124114990234 417.3269348144531
63.002479553222656 417.8689270019531
62.74146270751953 418.4259033203125
62.502838134765625 418.9877014160156
62.27945327758789 419.5713195800781
62.07562255859375 420.16571044921875
61.89327621459961 420.7652587890625
61.731239318847656 421.37384033203125
61.58952331542969 421.99151611328125
61.46902084350586 422.6144104003906
61.369930267333984 423.24151611328125
61.29239273071289 423.8719177246094
61.23651885986328 424.5047607421875
61.20237350463867 425.1392517089844
61.19000244140625 425.77459716796875
61.19942092895508 426.4100341796875
61.23061752319336 427.0447692871094
61.28355407714844 427.6780700683594
61.35816955566406 428.3092041015625
61.45437240600586 428.9374084472656
61.572052001953125 429.5619201660156
61.7110710144043 430.1820373535156
61.87126541137695 430.7970275878906
62.05244445800781 431.4061584472656
62.254398345947266 432.00872802734375
62.476890563964844 432.6040344238281
62.71965789794922 433.19134521484375
62.98241424560547 433.7699890136719
63.26485061645508 434.33929443359375
63.56663513183594 434.8985900878906
63.887413024902344 435.44720458984375
64.226806640625 435.9844970703125
64.58441925048828 436.5098571777344
64.95983123779297 437.02264404296875
65.35260009765625 437.5222473144531
65.76226043701172 438.00811767578125
66.18833923339844 438.4796447753906
66.63033294677734 438.936279296875
67.08771514892578 439.37750244140625
67.55995178222656 439.80279541015625
68.04649353027344 440.2116394042969
68.54676055908203 440.60357666015625
69.06017303466797 440.9781188964844
69.58612060546875 441.3348693847656
70.12398529052734 441.6733703613281
70.67314147949219 441.99322509765625
71.2329330444336 442.2940673828125
71.8027114868164 442.5755615234375
72.38180541992188 442.83734130859375
72.96952819824219 443.0791320800781
73.56519317626953 443.3006286621094
74.16810607910156 443.5015869140625
74.77754974365234 443.6817626953125
75.39281463623047 443.8409423828125
76.01316833496094 443.9789123535156
76.63789367675781 444.0955505371094
77.26624298095703 444.1907043457031
77.89749145507812 444.2642517089844
78.5308837890625 444.3161315917969
79.16568756103516 444.3462829589844
79.8011474609375 444.3546447753906
80.4365234375 444.3412170410156
81.0710678100586 444.3060302734375
81.70403289794922 444.2491149902344
82.33467102050781 444.1705322265625
82.96224212646484 444.07037353515625
83.58601379394531 443.9487609863281
84.20525360107422 443.80584716796875
84.81922912597656 443.64178466796875
85.42721557617188 443.4567565917969
86.02850341796875 443.2510070800781
86.62239074707031 443.0247802734375
87.20816802978516 442.7783203125
87.78515625 442.5119323730469
88.35267639160156 442.2259216308594
88.9100570678711 441.9206237792969
89.4566421508789 441.5964050292969
89.99179077148438 441.2536315917969
90.51487731933594 440.8927001953125
91.02528381347656 440.5140686035156
91.52240753173828 440.1181640625
92.00564575195312 439.7054748535156
92.47444152832031 439.2764587402344
92.92826080322266 438.8316345214844
93.36656188964844 438.3714904785156
93.78882598876953 437.8966064453125
94.1945571899414 437.40753173828125
94.58328247070312 436.90484619140625
94.95454406738281 436.3891296386719
95.30790710449219 435.8609619140625
95.64295959472656 435.3210144042969
95.95930480957031 434.7698669433594
96.2565689086914 434.20819091796875
96.53440856933594 433.63665771484375
96.79249572753906 433.0559387207031
97.03052520751953 432.4667053222656
97.24821472167969 431.8696594238281
97.4453125 431.2654724121094
97.62158966064453 430.6549072265625
97.7768325805664 430.03863525390625
97.91085815429688 429.41741943359375
98.02351379394531 428.7919616699219
98.11466217041016 428.16302490234375
98.18419647216797 427.53131103515625
98.2320327758789 426.8975830078125
98.25812530517578 426.2626037597656
98.26243591308594 425.6271057128906
98.24495697021484 424.9918212890625
98.2057113647461 424.3575134277344
98.14474487304688 423.72491455078125
98.0621337890625 423.09478759765625
97.95796966552734 422.4678649902344
97.83238220214844 421.8448791503906
97.68550872802734 421.2265625
97.51752471923828 420.6136474609375
97.3286361694336 420.0068359375
97.11905670166016 419.4068603515625
96.88903045654297 418.8144226074219
96.63883209228516 418.230224609375
96.36875915527344 417.6549377441406
96.0791244506836 417.0892639160156
95.77027130126953 416.5338439941406
95.44255828857422 415.9893493652344
95.09637451171875 415.4563903808594
94.73268127441406 414.93646240234375
94.3582534790039 414.43914794921875
93.97626495361328 413.96832275390625
93.59087371826172 413.5285949707031
93.16917419433594 413.08251953125
92.72111511230469 412.6411437988281
92.25436401367188 412.2121887207031
91.77378845214844 411.8001708984375
91.27738189697266 411.40338134765625
90.76765441894531 411.0238342285156
90.2452163696289 410.6619873046875
89.71067810058594 410.3182373046875
89.1646728515625 409.9930114746094
88.60784149169922 409.68670654296875
88.04084014892578 409.399658203125
87.4643325805664 409.1322326660156
86.87899780273438 408.88470458984375
86.2855224609375 408.65740966796875
85.68460083007812 408.4505920410156
85.07694244384766 408.2644958496094
84.46326446533203 408.0993347167969
83.84428405761719 407.9552917480469
83.22073364257812 407.8325500488281
82.59333801269531 407.73126220703125
81.96284484863281 407.65155029296875
81.32998657226562 407.5934753417969
80.69551086425781 407.55712890625
80.0601577758789 407.5425720214844
79.4246826171875 407.5498046875
78.78982543945312 407.57879638671875
78.15633392333984 407.6295471191406
77.52495574951172 407.70196533203125
76.89643096923828 407.7959899902344
76.27149963378906 407.9114990234375
75.65089416503906 408.0483703613281
75.03534698486328 408.2064208984375
74.42558288574219 408.385498046875
73.82231140136719 408.5853576660156
73.22624969482422 408.8057861328125
72.63809204101562 409.0465087890625
72.05853271484375 409.3072509765625
71.4882583618164 409.58770751953125
70.92793273925781 409.8875427246094
70.37821960449219 410.2064208984375
69.83975982666016 410.5439453125
69.31319427490234 410.89971923828125
68.79914093017578 411.2733459472656
68.2982177734375 411.66436767578125
67.81101989746094 412.0722961425781
67.338134765625 412.4966735839844
66.880126953125 412.93695068359375
66.4377212524414 413.3924865722656
66.01141357421875 413.86273193359375
65.60235595703125 414.3464050292969
65.21232604980469 414.8414306640625
64.8512191772461 415.3351135253906
64.51079559326172 415.8384704589844
64.1881103515625 416.3558654785156
63.88301086425781 416.8876037597656
63.60009765625 417.42559814453125
63.33122634887695 417.9854736328125
63.08402633666992 418.5514831542969
62.85557556152344 419.13031005859375
62.644935607910156 419.7244873046875
62.455509185791016 420.3244934082031
62.2864990234375 420.932861328125
62.1383056640625 421.5481872558594
62.01103973388672 422.1700134277344
61.9051513671875 422.7961730957031
61.8207893371582 423.42578125
61.75806427001953 424.05804443359375
61.7170524597168 424.692138671875
61.69779968261719 425.32733154296875
61.70033264160156 425.96282958984375
61.72465133666992 426.5978698730469
61.77072525024414 427.2317199707031
61.838497161865234 427.8636169433594
61.92789077758789 428.4928283691406
62.03879928588867 429.11859130859375
62.17109298706055 429.74017333984375
62.324615478515625 430.35687255859375
62.49918746948242 430.96795654296875
62.694602966308594 431.57269287109375
62.9106330871582 432.1703796386719
63.14702224731445 432.7602844238281
63.40349197387695 433.3417663574219
63.679744720458984 433.9140930175781
63.9754524230957 434.47662353515625
64.29026794433594 435.0286865234375
64.62382507324219 435.56964111328125
64.9757308959961 436.0988464355469
65.34556579589844 436.61566162109375
65.73290252685547 437.1195068359375
66.13727569580078 437.6097717285156
66.55821990966797 438.08587646484375
66.9952392578125 438.5472717285156
67.44781494140625 438.9934387207031
67.91542053222656 439.423828125
68.39749908447266 439.8379211425781
68.89349365234375 440.2352600097656
69.40281677246094 440.6153564453125
69.92486572265625 440.977783203125
70.45903015136719 441.32208251953125
71.00468444824219 441.64788818359375
71.56118774414062 441.95477294921875
72.12788391113281 442.2424011230469
72.70410919189453 442.51043701171875
73.2891845703125 442.7585754394531
73.88241577148438 442.98651123046875
74.48311614990234 443.1939697265625
75.090576171875 443.3807373046875
75.7040786743164 443.54656982421875
76.32290649414062 443.6912536621094
76.94632720947266 443.8146667480469
77.57361602783203 443.9166259765625
78.20402526855469 443.99700927734375
78.83682250976562 444.0557556152344
79.47126007080078 444.0927734375
80.10659790039062 444.1080322265625
80.74208068847656 444.10150146484375
81.37696838378906 444.07318115234375
82.01051330566406 444.0231018066406
82.6419677734375 443.95135498046875
83.27059173583984 443.8580017089844
83.89564514160156 443.7431640625
84.51639556884766 443.6069641113281
85.13211059570312 443.4495544433594
85.7420654296875 443.2711486816406
86.34555053710938 443.0719299316406
86.94184875488281 442.8521423339844
87.53026580810547 442.6120300292969
88.110107421875 442.3518981933594
88.6806869506836 442.0720520019531
89.24134063720703 441.7727966308594
89.7914047241211 441.4544982910156
90.33023834228516 441.1175537109375
90.8572006225586 440.7623291015625
91.3716812133789 440.3892517089844
91.87306213378906 439.9987487792969
92.36076354980469 439.59130859375
92.83418273925781 439.1673889160156
93.29278564453125 438.7275085449219
93.73603820800781 438.27215576171875
94.16342163085938 437.8018798828125
94.57442474365234 437.3172302246094
94.96856689453125 436.81878662109375
95.34539031982422 436.30712890625
95.7044448852539 435.7828369140625
96.0453109741211 435.2465515136719
96.36759948730469 434.6988830566406
96.6709213256836 434.1404724121094
96.95491790771484 433.5719909667969
97.21926879882812 432.9941101074219
97.46366119384766 432.4075012207031
97.68779754638672 431.8128356933594
97.89141845703125 431.2108459472656
98.07428741455078 430.6022033691406
98.2361831665039 429.9876708984375
98.37692260742188 429.3679504394531
98.496337890625 428.7437438964844
98.59428405761719 428.1158142089844
98.67064666748047 427.4848937988281
98.725341796875 426.85174560546875
98.75830078125 426.2170715332031
98.76948547363281 425.5816650390625
98.75888061523438 424.94622802734375
98.72650146484375 424.3115234375
98.6723861694336 423.6783142089844
98.59659576416016 423.0473327636719
98.49922180175781 422.4193115234375
98.38037872314453 421.7950134277344
98.24020385742188 421.1751403808594
98.07886505126953 420.5604553222656
97.89655303955078 419.95166015625
97.69347381591797 419.3494567871094
97.4698715209961 418.75457763671875
97.22601318359375 418.1676940917969
96.9621810913086 417.58953857421875
96.6786880493164 417.020751953125
96.37586212158203 416.4620361328125
96.05406188964844 415.91400146484375
95.71366882324219 415.3773193359375
95.3550796508789 414.8526306152344
94.98506164550781 414.3497314453125
94.6032485961914 413.867919921875
94.21669006347656 413.41571044921875
93.7984390258789 412.96160888671875
93.37108612060547 412.5302734375
92.91395568847656 412.1009826660156
92.43730926513672 411.6835632324219
91.94538879394531 411.28179931640625
91.43968200683594 410.89691162109375
90.92107391357422 410.52960205078125
90.39017486572266 410.1802673339844
89.84761810302734 409.8493347167969
89.29403686523438 409.5372009277344
88.7300796508789 409.2442321777344
88.15641021728516 408.97076416015625
87.5737075805664 408.7171325683594
86.98265075683594 408.4836120605469
86.3839340209961 408.2704772949219
85.77826690673828 408.0780029296875
85.1663589477539 407.9064025878906
84.5489273071289 407.7558898925781
83.92669677734375 407.6266174316406
83.30039978027344 407.51873779296875
82.6707763671875 407.4324035644531
82.03855895996094 407.3677062988281
81.40449523925781 407.32470703125
80.76933288574219 407.303466796875
80.13381958007812 407.30401611328125
79.49869537353516 407.32635498046875
78.86470794677734 407.3704528808594
78.23260498046875 407.4362487792969
77.6031265258789 407.523681640625
76.97702026367188 407.63262939453125
76.35501861572266 407.7629699707031
75.73784637451172 407.91455078125
75.12623596191406 408.08721923828125
74.52090454101562 408.2807312011719
73.92256164550781 408.4949035644531
73.3319091796875 408.7294616699219
72.74964904785156 408.9841003417969
72.17646026611328 409.2585754394531
71.6130142211914 409.5525207519531
71.05998229980469 409.8656005859375
70.51800537109375 410.19744873046875
69.98773193359375 410.5476989746094
69.46977996826172 410.9158935546875
68.96477508544922 411.3016357421875
68.47330474853516 411.7044372558594
67.99597930908203 412.1238098144531
67.53336334228516 412.55926513671875
67.0861587524414 413.0101623535156
66.65489196777344 413.4759216308594
66.24063110351562 413.9554443359375
65.84510803222656 414.4466857910156
65.46697235107422 414.9513244628906
65.11412048339844 415.458740234375
64.78397369384766 415.97247314453125
64.47193908691406 416.4996032714844
64.17792510986328 417.0403137207031
63.902069091796875 417.5944519042969
63.64472198486328 418.1614074707031
63.40635299682617 418.74017333984375
63.1874885559082 419.32958984375
62.98862838745117 419.9283142089844
62.811031341552734 420.5325927734375
62.653564453125 421.1462707519531
62.517173767089844 421.7657470703125
62.402076721191406 422.3900146484375
62.308441162109375 423.0181579589844
62.23639678955078 423.6493225097656
62.18603515625 424.2826843261719
62.157413482666016 424.9175109863281
62.15057373046875 425.552978515625
62.16551971435547 426.1883239746094
62.20223617553711 426.8227844238281
62.260677337646484 427.4555969238281
62.34077835083008 428.0860595703125
62.442440032958984 428.71337890625
62.565547943115234 429.33685302734375
62.70995330810547 429.95574951171875
62.87548828125 430.5693359375
63.06195831298828 431.1768798828125
63.26914596557617 431.7776794433594
63.49680709838867 432.37103271484375
63.74467086791992 432.9562072753906
64.012451171875 433.5325622558594
64.2998275756836 434.0993957519531
64.6064682006836 434.6560363769531
64.9320068359375 435.20184326171875
65.27606201171875 435.7361755371094
65.63822937011719 436.2583923339844
66.0180892944336 436.76788330078125
66.41519165039062 437.2640686035156
66.82906341552734 437.746337890625
67.25922393798828 438.2141418457031
67.70516967773438 438.66693115234375
68.16637420654297 439.1041564941406
68.64229583740234 439.52532958984375
69.13236999511719 439.929931640625
69.63603210449219 440.3175048828125
70.15267944335938 440.6875915527344
70.68170928955078 441.03973388671875
71.22249603271484 441.37353515625
71.77440643310547 441.6885986328125
72.33679962158203 441.98455810546875
72.90900421142578 442.2610778808594
73.49034881591797 442.517822265625
74.08015441894531 442.7544860839844
74.67772674560547 442.9707946777344
75.28236389160156 443.16650390625
75.89334869384766 443.34136962890625
76.50997161865234 443.49517822265625
77.13150787353516 443.6277770996094
77.75721740722656 443.7389831542969
78.3863754272461 443.82867431640625
79.01823425292969 443.896728515625
79.65205383300781 443.9430847167969
80.28709411621094 443.96771240234375
80.922607421875 443.9705505371094
81.5578384399414 443.95159912109375
82.19204711914062 443.910888671875
82.82449340820312 443.84844970703125
83.45442199707031 443.7643737792969
84.08110046386719 443.65875244140625
84.70378875732422 443.5317077636719
85.32176208496094 443.3833923339844
85.93428802490234 443.2139892578125
86.54064178466797 443.023681640625
87.14012145996094 442.8127136230469
87.73201751708984 442.5813293457031
88.31562805175781 442.32977294921875
88.89027404785156 442.0583801269531
89.45528411865234 441.7674255371094
90.0099868774414 441.457275390625
90.5537338256836 441.1282958984375
91.08588409423828 440.7808837890625
91.6058120727539 440.4154357910156
92.11289978027344 440.0323791503906
92.60655975341797 439.6321716308594
93.086181640625 439.2153015136719
93.55118560791016 438.7822570800781
94.00109100341797 438.33349609375
94.43534851074219 437.8695983886719
94.85344696044922 437.3910827636719
95.25489044189453 436.89849853515625
95.63920593261719 436.3924560546875
96.00595092773438 435.87353515625
96.35467529296875 435.34234619140625
96.68498992919922 434.79949951171875
96.99650573730469 434.2456359863281
97.28884887695312 433.6814270019531
97.56167602539062 433.1075134277344
97.8146743774414 432.5245666503906
98.04754638671875 431.93328857421875
98.26001739501953 431.3343505859375
98.45182800292969 430.7284851074219
98.62276458740234 430.11639404296875
98.77261352539062 429.4988098144531
98.90120697021484 428.8764343261719
99.00839233398438 428.2500305175781
99.09403991699219 427.62030029296875
99.15805053710938 426.9880065917969
99.20035552978516 426.3539123535156
99.22089385986328 425.7187194824219
99.21965026855469 425.08319091796875
99.19662475585938 424.4480895996094
99.15184020996094 423.81414794921875
99.0853500366211 423.18212890625
98.99723815917969 422.5527648925781
98.88760375976562 421.9267883300781
98.75657653808594 421.304931640625
98.60430908203125 420.68792724609375
98.43098449707031 420.0765075683594
98.23680114746094 419.47137451171875
98.02198791503906 418.8732604980469
97.78679656982422 418.2828674316406
97.53150939941406 417.70086669921875
97.25642395019531 417.1279602050781
96.96186065673828 416.5648193359375
96.6481704711914 416.0121154785156
96.31571197509766 415.4704895019531
95.96488952636719 414.9405822753906
95.59671020507812 414.4239196777344
95.21826934814453 413.9303283691406
94.8292465209961 413.45916748046875
94.43988800048828 413.0223083496094
94.01387023925781 412.5790710449219
93.56184387207031 412.14105224609375
93.09148406982422 411.7158508300781
92.60735321044922 411.3075866699219
92.10772705078125 410.91485595703125
91.59492492675781 410.5394592285156
91.0695571899414 410.181884765625
90.53224182128906 409.842529296875
89.98360443115234 409.52178955078125
89.4242935180664 409.22003173828125
88.85497283935547 408.9376220703125
88.27630615234375 408.6748962402344
87.68897247314453 408.4321594238281
87.09366607666016 408.2096862792969
86.49108123779297 408.00775146484375
85.88192749023438 407.82659912109375
85.26692199707031 407.66644287109375
84.64678955078125 407.5274658203125
84.02225494384766 407.4098205566406
83.39405822753906 407.31365966796875
82.76293182373047 407.23907470703125
82.12962341308594 407.1861572265625
81.494873046875 407.1549987792969
80.85942840576172 407.1455993652344
80.22402954101562 407.1579895019531
79.58943176269531 407.1921691894531
78.95637512207031 407.2480773925781
78.32560729980469 407.3256530761719
77.69786834716797 407.4248046875
77.07389831542969 407.54541015625
76.45442962646484 407.6873474121094
75.84019470214844 407.8504333496094
75.2319107055664 408.0344543457031
74.63028717041016 408.2392272949219
74.03604125976562 408.4645080566406
73.44986724853516 408.71002197265625
72.87245178222656 408.9754943847656
72.30448150634766 409.2605895996094
71.74661254882812 409.56500244140625
71.19951629638672 409.8883361816406
70.66382598876953 410.2302551269531
70.14017486572266 410.59033203125
69.62918090820312 410.9681396484375
69.13145446777344 411.36322021484375
68.6475830078125 411.7751159667969
68.17815399169922 412.2033386230469
67.7237319946289 412.6473693847656
67.28498840332031 413.1065368652344
66.8626937866211 413.5800476074219
66.45809936523438 414.0664978027344
66.07166290283203 414.5653381347656
65.71129608154297 415.0662536621094
65.36904907226562 415.5801696777344
65.0448226928711 416.1072692871094
64.73865509033203 416.64752197265625
64.45075988769531 417.2005920410156
64.18148803710938 417.7658386230469
63.93326950073242 418.33819580078125
63.70433044433594 418.9217224121094
63.49415588378906 419.5178527832031
63.305015563964844 420.1201477050781
63.136474609375 420.7300109863281
62.988853454589844 421.3463134765625
62.86240768432617 421.9679870605469
62.757266998291016 422.5943908691406
62.67366027832031 423.22418212890625
62.6116943359375 423.8565673828125
62.571441650390625 424.4907531738281
62.552955627441406 425.1259765625
62.55625534057617 425.761474609375
62.581336975097656 426.396484375
62.628173828125 427.0302734375
62.69670486450195 427.6620788574219
62.7868537902832 428.2911682128906
62.89851379394531 428.91680908203125
63.03155517578125 429.5382385253906
63.18581771850586 430.1547546386719
63.361122131347656 430.765625
63.55726623535156 431.3701171875
63.77401351928711 431.967529296875
64.0111083984375 432.5571594238281
64.26828002929688 433.1383056640625
64.54521942138672 433.7102966308594
64.84160614013672 434.2724609375
65.15708923339844 434.82415771484375
65.49129486083984 435.3647155761719
65.84383392333984 435.89349365234375
66.21429443359375 436.4098815917969
66.60223388671875 436.91326904296875
67.0072021484375 437.4030456542969
67.42871856689453 437.878662109375
67.86628723144531 438.33953857421875
68.31939697265625 438.78515625
68.78752136230469 439.2149658203125
