60.41615295410156 450.40765380859375
60.84065628051758 450.806640625
61.2733039855957 451.19677734375
61.71391677856445 451.5779113769531
62.16230392456055 451.9498596191406
62.6182746887207 452.3124694824219
63.081634521484375 452.66558837890625
63.55218505859375 453.0090637207031
64.02973175048828 453.3427429199219
64.5140609741211 453.66650390625
65.00497436523438 453.9801940917969
65.50225830078125 454.2836608886719
66.00569915771484 454.5768127441406
66.51509094238281 454.8594970703125
67.03020477294922 455.1316223144531
67.55082702636719 455.3930358886719
68.07673645019531 455.6436462402344
68.60771179199219 455.88336181640625
69.14352416992188 456.112060546875
69.68394470214844 456.32965087890625
70.2287368774414 456.5360107421875
70.77767944335938 456.7310791015625
71.33052825927734 456.914794921875
71.88705444335938 457.0870361328125
72.44701385498047 457.2477722167969
73.01017761230469 457.39691162109375
73.57630157470703 457.5343933105469
74.1451416015625 457.66015625
74.7164535522461 457.7741394042969
75.29000091552734 457.8763122558594
75.86553192138672 457.96661376953125
76.44280242919922 458.0450134277344
77.02156829833984 458.1114807128906
77.6015853881836 458.1659851074219
78.18260192871094 458.20849609375
78.76437377929688 458.239013671875
79.3466567993164 458.25750732421875
79.92919158935547 458.26397705078125
80.51173400878906 458.2584228515625
81.09234619140625 458.24078369140625
81.67205810546875 458.21099853515625
82.25037384033203 458.1690368652344
82.82720947265625 458.1148986816406
83.40180206298828 458.0486145019531
83.97361755371094 457.97015380859375
84.54300689697266 457.8794250488281
85.10992431640625 457.77642822265625
85.67437744140625 457.6611328125
86.23438262939453 457.5339050292969
86.79168701171875 457.394287109375
87.34634399414062 457.2422790527344
87.8983383178711 457.07794189453125
88.44480895996094 456.902099609375
88.98503875732422 456.7148742675781
89.52239990234375 456.5150451660156
90.0567626953125 456.3027648925781
90.58787536621094 456.0782470703125
91.11241149902344 455.8428649902344
91.63339233398438 455.5953063964844
92.1503677368164 455.33587646484375
92.66056060791016 455.06597900390625
93.16629791259766 454.7843933105469
93.66703796386719 454.49151611328125
94.16228485107422 454.1877136230469
94.65064239501953 453.8738708496094
95.13298034667969 453.5494384765625
95.60887908935547 453.2147216796875
96.07752227783203 452.8703308105469
96.53924560546875 452.5159912109375
96.99372100830078 452.1520080566406
97.44048309326172 451.77874755859375
97.87896728515625 451.396728515625
98.30950164794922 451.0056457519531
98.73194885253906 450.60565185546875
99.1461181640625 450.1968994140625
99.55181884765625 449.77960205078125
99.94888305664062 449.3539123535156
100.3370590209961 448.92010498046875
100.71613311767578 448.4784240722656
101.08590698242188 448.02911376953125
101.4462661743164 447.5722961425781
101.79708099365234 447.1081237792969
102.13809967041016 446.636962890625
102.46930694580078 446.1588134765625
102.79058837890625 445.673828125
103.10163879394531 445.1824951171875
103.40252685546875 444.6846923828125
103.69291687011719 444.1809997558594
103.97291564941406 443.67120361328125
104.24240112304688 443.155517578125
104.50106811523438 442.6345520019531
104.74878692626953 442.1085510253906
104.98568725585938 441.5772399902344
105.2116470336914 441.0409240722656
105.42654418945312 440.4998474121094
105.63017272949219 439.9545593261719
105.82254791259766 439.4049987792969
106.0035629272461 438.8514404296875
106.17308807373047 438.2943115234375
106.33110046386719 437.73370361328125
106.4775161743164 437.1698913574219
106.61225128173828 436.60321044921875
106.73526763916016 436.0338134765625
106.84650421142578 435.46197509765625
106.94591522216797 434.887939453125
107.03345489501953 434.3119812011719
107.10907745361328 433.7343444824219
107.17276000976562 433.1552734375
107.22447204589844 432.57501220703125
107.26419830322266 431.9938049316406
107.29191589355469 431.4118957519531
107.30760955810547 430.82952880859375
107.31120300292969 430.24822998046875
107.30265045166016 429.6675720214844
107.28180694580078 429.09552001953125
107.24821472167969 428.5293273925781
107.2015609741211 427.96728515625
107.14209747314453 427.4158020019531
107.0694351196289 426.8746337890625
106.97979736328125 426.3134460449219
106.87590789794922 425.74462890625
106.75938415527344 425.17498779296875
106.63107299804688 424.6082458496094
106.49072265625 424.043212890625
106.338623046875 423.4808349609375
106.17494201660156 422.9217224121094
105.999755859375 422.3661193847656
105.8131332397461 421.8142395019531
105.61515808105469 421.2663269042969
105.4059066772461 420.7226257324219
105.18547821044922 420.1833801269531
104.95396423339844 419.6487731933594
104.71146392822266 419.11907958984375
104.45807647705078 418.5945129394531
104.19390869140625 418.0752868652344
103.91908264160156 417.5616149902344
103.63370513916016 417.0537109375
103.33790588378906 416.55181884765625
103.03180694580078 416.05615234375
102.71553802490234 415.56689453125
102.38923645019531 415.08428955078125
102.05303955078125 414.6085205078125
101.70709228515625 414.1398010253906
101.3515396118164 413.6783142089844
100.98653411865234 413.2242736816406
100.61224365234375 412.7778625488281
100.2288818359375 412.33935546875
99.83654022216797 411.90887451171875
99.43539428710938 411.486572265625
99.02560424804688 411.0726318359375
98.60735321044922 410.6672668457031
98.18075561523438 410.2705383300781
97.74605560302734 409.8827209472656
97.30342864990234 409.5039367675781
96.85307312011719 409.1343688964844
96.39517974853516 408.774169921875
95.92994689941406 408.42352294921875
95.45758056640625 408.0825500488281
94.978271484375 407.75140380859375
94.49222564697266 407.4302062988281
93.9996566772461 407.119140625
93.50077056884766 406.81829833984375
92.99578094482422 406.52783203125
92.48490142822266 406.2478332519531
91.96834564208984 405.97845458984375
91.44634246826172 405.71978759765625
90.91911315917969 405.4719543457031
90.38687896728516 405.2350769042969
89.8498764038086 405.00921630859375
89.3083267211914 404.7945251464844
88.76248168945312 404.591064453125
88.2126235961914 404.3989562988281
87.65899658203125 404.21826171875
87.10209655761719 404.0491943359375
86.542236328125 403.891845703125
85.97938537597656 403.7462463378906
85.41545867919922 403.6129455566406
84.85052490234375 403.4920959472656
84.2868881225586 403.38433837890625
83.72472381591797 403.2898864746094
83.16907501220703 403.2099304199219
82.62781524658203 403.1461486816406
82.10144805908203 403.09912109375
81.58446502685547 403.0686950683594
81.07062530517578 403.05462646484375
80.55914306640625 403.0569152832031
80.04966735839844 403.07562255859375
79.54244232177734 403.1107482910156
79.03588104248047 403.16241455078125
78.5301513671875 403.2305603027344
78.02623748779297 403.3150634765625
77.52596282958984 403.4156188964844
77.0257339477539 403.5329284667969
76.52703857421875 403.6666259765625
76.02941131591797 403.8167419433594
75.53878784179688 403.9814758300781
75.05155944824219 404.16192626953125
74.56572723388672 404.3586730957031
74.08380889892578 404.5704345703125
73.62782287597656 404.7872009277344
73.18973541259766 405.0121154785156
72.77476501464844 405.241455078125
72.38581085205078 405.4723815917969
72.0220718383789 405.70404052734375
71.67929077148438 405.9378967285156
71.35101318359375 406.1775207519531
71.05757141113281 406.4068908691406
70.72240447998047 406.6865234375
70.38957214355469 406.98126220703125
70.05413818359375 407.2958984375
69.71172332763672 407.6352844238281
69.34246063232422 408.020263671875
68.99375915527344 408.40185546875
68.63030242919922 408.8189392089844
68.27070617675781 409.2505798339844
67.91612243652344 409.69549560546875
67.56881713867188 410.15093994140625
67.23284912109375 410.611572265625
66.90869903564453 411.0766906738281
66.59410858154297 411.5495300292969
66.29180908203125 412.0259704589844
65.99880981445312 412.5107116699219
65.71495056152344 413.0040588378906
65.4402847290039 413.5059814453125
65.17768096923828 414.0111999511719
64.92750549316406 414.51898193359375
64.68650817871094 415.0359191894531
64.45791625976562 415.55511474609375
64.23670959472656 416.0880126953125
64.02731323242188 416.6240539550781
63.828304290771484 417.1668701171875
63.64109802246094 417.712646484375
63.465850830078125 418.2608642578125
63.30134582519531 418.81536865234375
63.14795684814453 419.3749084472656
63.00594711303711 419.9385986328125
62.87550354003906 420.5057067871094
62.756858825683594 421.0752258300781
62.649940490722656 421.6474914550781
62.55483627319336 422.2220458984375
62.47163009643555 422.79840087890625
62.40032958984375 423.3764953613281
62.34097671508789 423.95599365234375
62.29359817504883 424.53662109375
62.258216857910156 425.11810302734375
62.23484802246094 425.7001953125
62.22350311279297 426.28265380859375
62.224185943603516 426.865234375
62.23689651489258 427.4476623535156
62.26163101196289 428.02972412109375
62.298377990722656 428.61114501953125
62.34711837768555 429.1916809082031
62.4078369140625 429.7710876464844
62.48050308227539 430.34912109375
62.565086364746094 430.925537109375
62.66155242919922 431.50006103515625
62.769859313964844 432.0724792480469
62.88996505737305 432.6425476074219
63.021812438964844 433.2099914550781
63.165348052978516 433.77459716796875
63.32051086425781 434.33612060546875
63.48723602294922 434.8943176269531
63.66545104980469 435.448974609375
63.855079650878906 435.99981689453125
64.05603790283203 436.546630859375
64.26824188232422 437.08917236328125
64.49160766601562 437.6272277832031
64.72602844238281 438.1605529785156
64.9714126586914 438.6889343261719
65.22765350341797 439.2121276855469
65.49464416503906 439.72991943359375
65.77227020263672 440.2420959472656
66.06040954589844 440.7484130859375
66.35894012451172 441.2486877441406
66.66773986816406 441.74267578125
66.9866714477539 442.2301940917969
67.31559753417969 442.7110290527344
67.65438079833984 443.1849670410156
68.00287628173828 443.65179443359375
68.3609390258789 444.111328125
68.7284164428711 444.5633850097656
69.10514831542969 445.00775146484375
69.49097442626953 445.4442443847656
69.88572692871094 445.8726806640625
70.28924560546875 446.2928771972656
70.70135498046875 446.70465087890625
71.12187957763672 447.1078186035156
71.5506362915039 447.5022277832031
71.98744201660156 447.8876953125
72.43211364746094 448.2640686035156
72.88446044921875 448.6311950683594
73.34429168701172 448.9888916015625
73.81140899658203 449.3370361328125
74.28561401367188 449.6754455566406
74.76670837402344 450.0039978027344
75.25447845458984 450.3225402832031
75.74872589111328 450.6309509277344
76.24923706054688 450.9290771484375
76.75579833984375 451.2168273925781
77.2681884765625 451.4940490722656
77.78619384765625 451.7606201171875
78.3095932006836 452.0164489746094
78.83816528320312 452.26141357421875
79.3716812133789 452.49542236328125
79.909912109375 452.7183532714844
80.45262908935547 452.9301452636719
80.99960327148438 453.13067626953125
81.55059814453125 453.31988525390625
82.10538482666016 453.4976501464844
82.66372680664062 453.6639404296875
83.22537994384766 453.81866455078125
83.79010772705078 453.9617614746094
84.357666015625 454.0931701660156
84.92781829833984 454.21282958984375
85.50032043457031 454.3206787109375
86.0749282836914 454.41668701171875
86.6513900756836 454.5008239746094
87.2294692993164 454.5730285644531
87.80891418457031 454.63330078125
88.38948059082031 454.68157958984375
88.9709243774414 454.7178649902344
89.55299377441406 454.74212646484375
90.13543701171875 454.75439453125
90.66352081298828 454.75225830078125
91.18724060058594 454.7344665527344
91.70735931396484 454.7009582519531
92.2229232788086 454.6517333984375
92.73516845703125 454.58660888671875
93.24430847167969 454.5055847167969
93.75045013427734 454.4085998535156
94.253662109375 454.295654296875
94.75067901611328 454.1674499511719
95.24419403076172 454.0233154296875
95.73430633544922 453.86322021484375
96.22785186767578 453.68499755859375
96.71227264404297 453.4932556152344
97.19469451904297 453.2851867675781
97.676025390625 453.0605163574219
98.14656066894531 452.82379150390625
98.61595916748047 452.5701599121094
99.08517456054688 452.2993469238281
99.54231262207031 452.01824951171875
100.01119232177734 451.7126159667969
100.4788589477539 451.3915710449219
100.94375610351562 451.0566101074219
101.39896392822266 450.7127990722656
101.85022735595703 450.3558654785156
102.29609680175781 449.98724365234375
102.69623565673828 449.640869140625
103.06651306152344 449.30389404296875
103.43814849853516 448.9480895996094
103.8248519897461 448.5597839355469
104.19266510009766 448.1728515625
104.5705337524414 447.7567443847656
104.94253540039062 447.3287658691406
105.30167388916016 446.8969421386719
105.65899658203125 446.44793701171875
106.00556945800781 445.992919921875
106.3418960571289 445.53125
106.66844940185547 445.0622863769531
106.98546600341797 444.585693359375
107.29080200195312 444.10467529296875
107.58670043945312 443.61572265625
107.87063598632812 443.1230163574219
108.14519500732422 442.6220703125
108.40762329101562 442.1178894042969
108.66063690185547 441.6052551269531
108.90398406982422 441.08465576171875
109.13541412353516 440.5608825683594
109.3569107055664 440.0294494628906
109.56648254394531 439.4950866699219
109.76577758789062 438.95361328125
109.95439910888672 438.40606689453125
110.13201904296875 437.85333251953125
110.29795837402344 437.29754638671875
110.45211029052734 436.73907470703125
110.59495544433594 436.1761474609375
110.72643280029297 435.6090087890625
110.84613800048828 435.03936767578125
110.95401000976562 434.4674987792969
111.05008697509766 433.8932189941406
111.1343002319336 433.31689453125
111.20660400390625 432.7388916015625
111.26696014404297 432.15948486328125
111.31534576416016 431.5789489746094
111.35173034667969 430.9975280761719
111.37610626220703 430.41546630859375
111.38845825195312 429.8330383300781
111.38878631591797 429.2504577636719
111.37708282470703 428.6679992675781
111.35333251953125 428.0887451171875
111.31751251220703 427.5230712890625
111.26862335205078 426.961669921875
111.20694732666016 426.4110107421875
111.1314468383789 425.8638916015625
111.04277801513672 425.3262939453125
110.93714904785156 424.7740783691406
110.81590270996094 424.21051025390625
110.68276977539062 423.65142822265625
110.53616333007812 423.0896911621094
110.37744903564453 422.5296630859375
110.20704650878906 421.9725646972656
110.02517700195312 421.4190979003906
109.83191680908203 420.8695068359375
109.62734985351562 420.32403564453125
109.41156768798828 419.78289794921875
109.18465423583984 419.246337890625
108.94671630859375 418.7145690917969
108.69784545898438 418.1878356933594
108.43815612792969 417.6663513183594
108.16775512695312 417.15032958984375
107.88675689697266 416.6400146484375
107.59528350830078 416.1355895996094
107.29345703125 415.6372985839844
106.98140716552734 415.1453552246094
106.65926361083984 414.6599426269531
106.3271713256836 414.1813049316406
105.98526763916016 413.7096252441406
105.63369750976562 413.2450866699219
105.2726058959961 412.78790283203125
104.90215301513672 412.3382873535156
104.52249908447266 411.89642333984375
104.13406372070312 411.4627990722656
103.7367172241211 411.0372619628906
103.3319091796875 410.621337890625
102.9184799194336 410.2138671875
102.49666595458984 409.8150634765625
102.06661987304688 409.425048828125
101.62854766845703 409.0440368652344
101.18140411376953 408.671142578125
100.72664642333984 408.30755615234375
100.26447296142578 407.9534606933594
99.79481506347656 407.6087951660156
99.3181381225586 407.2738952636719
98.83464050292969 406.9488830566406
98.34453582763672 406.6339416503906
97.84803771972656 406.32916259765625
97.34535217285156 406.0346984863281
96.8366928100586 405.7507019042969
96.32228088378906 405.4772644042969
95.80233001708984 405.2145080566406
95.27706146240234 404.9625244140625
94.7467041015625 404.721435546875
94.21148681640625 404.4913635253906
93.67163848876953 404.27239990234375
93.12741088867188 404.06463623046875
92.57902526855469 403.8681640625
92.02674865722656 403.6830749511719
91.47077941894531 403.5094299316406
90.91143798828125 403.34735107421875
90.34921264648438 403.1969909667969
89.7840805053711 403.0583801269531
89.21817016601562 402.93206787109375
88.65013122558594 402.8178405761719
88.08415222167969 402.7167053222656
87.52058410644531 402.6289367675781
86.95820617675781 402.5545654296875
86.4007339477539 402.49432373046875
85.84896850585938 402.4485778808594
85.30122375488281 402.4174499511719
84.7597885131836 402.4012756347656
84.2238998413086 402.40020751953125
83.69265747070312 402.4143981933594
83.16524505615234 402.4439697265625
82.6430892944336 402.4888916015625
82.12383270263672 402.5494689941406
81.6030044555664 402.62615966796875
81.08223724365234 402.71868896484375
80.56407165527344 402.8265686035156
80.04808807373047 402.9498596191406
79.53158569335938 403.089111328125
79.01948547363281 403.24298095703125
78.50688934326172 403.412841796875
77.99330139160156 403.59869384765625
77.47860717773438 403.80029296875
76.97293090820312 404.01361083984375
76.4677963256836 404.24212646484375
75.96337127685547 404.4854431152344
75.47210693359375 404.7374572753906
74.98652648925781 405.0018005371094
74.50971984863281 405.2763977050781
74.050048828125 405.55621337890625
73.60441589355469 405.8428649902344
73.15503692626953 406.1474609375
72.75098419189453 406.4363098144531
72.36280822753906 406.7298278808594
71.95819854736328 407.05255126953125
71.55433654785156 407.3911437988281
71.1583480834961 407.7397155761719
70.79180908203125 408.0789794921875
70.42375946044922 408.4373779296875
70.04011535644531 408.8291931152344
69.67476654052734 409.2200622558594
69.30095672607422 409.6387023925781
68.9325942993164 410.0697937011719
68.57038116455078 410.5125732421875
68.21566009521484 410.9654541015625
67.87210083007812 411.42376708984375
67.53948974609375 411.88775634765625
67.21659851074219 412.359130859375
66.90544891357422 412.8349304199219
66.60387420654297 413.3184509277344
66.31172180175781 413.8099365234375
66.03153228759766 414.3051452636719
65.76072692871094 414.8086242675781
65.50202941894531 415.3153076171875
65.2527847290039 415.83038330078125
65.01327514648438 416.35333251953125
64.78385925292969 416.8834228515625
64.56613159179688 417.4169616699219
64.36029052734375 417.95343017578125
64.16482543945312 418.4967956542969
63.98123550415039 419.04290771484375
63.80771255493164 419.59716796875
63.6458740234375 420.1544494628906
63.495819091796875 420.71441650390625
63.35712814331055 421.27862548828125
63.22999572753906 421.8463134765625
63.11455154418945 422.4169006347656
63.01088333129883 422.9899597167969
62.91908645629883 423.56500244140625
62.839168548583984 424.1419372558594
62.771175384521484 424.7204895019531
62.71513748168945 425.30035400390625
62.671085357666016 425.8812255859375
62.639034271240234 426.4629211425781
62.61899948120117 427.0451354980469
62.610992431640625 427.6276550292969
62.615013122558594 428.210205078125
62.63105773925781 428.7925720214844
62.659122467041016 429.3744812011719
62.699195861816406 429.9556884765625
62.75126266479492 430.5359191894531
62.8152961730957 431.1149597167969
62.89126968383789 431.69256591796875
62.97915267944336 432.2684631347656
63.07890701293945 432.8424377441406
63.19049072265625 433.4142150878906
63.31385803222656 433.98358154296875
63.44895553588867 434.5502624511719
63.59572219848633 435.1140441894531
63.75409698486328 435.6746826171875
63.924015045166016 436.23193359375
64.10540008544922 436.7855529785156
64.29817962646484 437.3352966308594
64.50226593017578 437.8809509277344
64.71757507324219 438.4222717285156
64.94401550292969 438.95904541015625
65.18148803710938 439.49102783203125
65.42989349365234 440.0179748535156
65.68912506103516 440.5397033691406
65.95907592773438 441.05596923828125
66.23963165283203 441.5665283203125
66.5306625366211 442.0711975097656
66.8320541381836 442.56976318359375
67.1436767578125 443.0619812011719
67.46539306640625 443.54766845703125
67.79707336425781 444.026611328125
68.13856506347656 444.49859619140625
68.48973083496094 444.96343994140625
68.85041809082031 445.4209289550781
69.22047424316406 445.8708801269531
69.59974670410156 446.3130798339844
69.98806762695312 446.74737548828125
70.38526916503906 447.1735534667969
70.79118347167969 447.5914306640625
71.20564270019531 448.0008544921875
71.62846374511719 448.401611328125
72.0594711303711 448.7935791015625
72.49848175048828 449.1765441894531
72.94530487060547 449.5503845214844
73.39974975585938 449.9149169921875
73.86162567138672 450.2699890136719
74.33073425292969 450.6154479980469
74.80686950683594 450.9511413574219
75.28983306884766 451.27691650390625
75.77942657470703 451.5926513671875
76.27542877197266 451.8982238769531
76.77763366699219 452.1934814453125
77.28582763671875 452.4783020019531
77.79979705810547 452.7525939941406
78.31932067871094 453.0162048339844
78.84417724609375 453.26904296875
79.37413787841797 453.510986328125
79.90898132324219 453.741943359375
80.44847869873047 453.9617919921875
80.99240112304688 454.17047119140625
81.54051208496094 454.36785888671875
82.09258270263672 454.55389404296875
82.64837646484375 454.7284851074219
83.20765686035156 454.8915710449219
83.77018737792969 455.0430908203125
84.33572387695312 455.1829528808594
84.9040298461914 455.31109619140625
85.47486114501953 455.427490234375
86.0479736328125 455.5320739746094
86.62312316894531 455.6247863769531
87.20005798339844 455.70562744140625
87.7785415649414 455.7745361328125
88.35832214355469 455.83148193359375
88.93915557861328 455.8764343261719
89.52079772949219 455.9093933105469
90.10299682617188 455.9303283691406
90.68550109863281 455.9392395019531
91.20918273925781 455.9339294433594
91.72920989990234 455.9128112792969
92.24616241455078 455.87579345703125
92.75886535644531 455.8229064941406
93.2685546875 455.7540283203125
93.77532196044922 455.6690979003906
94.27919006347656 455.5681457519531
94.77749633789062 455.45166015625
95.27229309082031 455.31915283203125
95.76356506347656 455.170654296875
96.24791717529297 455.0071716308594
96.73250579833984 454.8263244628906
97.21442413330078 454.6292724609375
97.69442749023438 454.415771484375
98.17350006103516 454.185546875
98.64161682128906 453.9433898925781
99.10879516601562 453.6842041015625
99.57598876953125 453.40765380859375
100.03099822998047 453.12103271484375
100.49784088134766 452.8096008300781
100.96321868896484 452.48297119140625
101.41810607910156 452.1476135253906
101.87033081054688 451.7978210449219
102.31822204589844 451.43524169921875
102.76036834716797 451.0613098144531
103.11869049072266 450.74310302734375
103.47561645507812 450.40863037109375
103.83544158935547 450.0534973144531
104.21387481689453 449.6614685058594
104.57366180419922 449.2708435058594
104.9432144165039 448.8506774902344
105.30767822265625 448.41754150390625
105.66621398925781 447.9723815917969
106.01702880859375 447.517333984375
106.3568344116211 447.05670166015625
106.68521118164062 446.5910339355469
107.00392150878906 446.1178894042969
107.31072998046875 445.6405944824219
107.60803985595703 445.1553955078125
107.89599609375 444.66204833984375
108.174560546875 444.16058349609375
108.44129180908203 443.6553955078125
108.69583892822266 443.1471862792969
108.94097900390625 442.6304016113281
109.17391204833984 442.1109619140625
109.3990249633789 441.5790100097656
109.6124267578125 441.043701171875
109.81391906738281 440.5055236816406
110.00499725341797 439.96051025390625
110.18418884277344 439.4128112792969
110.35323333740234 438.8570861816406
110.51057434082031 438.2984313964844
110.65612030029297 437.7371826171875
110.79048156738281 437.17095947265625
110.9130630493164 436.60223388671875
111.02393341064453 436.03070068359375
111.12300109863281 435.456787109375
111.2101821899414 434.8810119628906
111.28546905517578 434.3034362792969
111.34882354736328 433.724365234375
111.40020751953125 433.1440734863281
111.4395980834961 432.5628356933594
111.46697998046875 431.98089599609375
111.48234558105469 431.3985290527344
111.48567962646484 430.81597900390625
111.47698974609375 430.23345947265625
111.45625305175781 429.6527404785156
111.42337799072266 429.0729675292969
111.37861633300781 428.5032653808594
111.32125091552734 427.939208984375
111.25084686279297 427.37799072265625
111.16848754882812 426.83062744140625
111.07228088378906 426.2863464355469
110.95964813232422 425.7286682128906
110.83256530761719 425.16424560546875
110.69288635253906 424.5997009277344
110.54154205322266 424.0384826660156
110.37828826904297 423.4795837402344
110.20342254638672 422.92388916015625
110.01712036132812 422.3719177246094
109.8194580078125 421.82391357421875
109.61051940917969 421.28009033203125
109.3904037475586 420.7406921386719
109.15919494628906 420.2059631347656
108.9169921875 419.6761169433594
108.66390228271484 419.1513977050781
108.40003204345703 418.63201904296875
108.12549591064453 418.1181945800781
107.84040832519531 417.6101379394531
107.5448989868164 417.10809326171875
107.23908233642578 416.61224365234375
106.923095703125 416.122802734375
106.5970687866211 415.6400146484375
106.26114654541016 415.1640319824219
105.91546630859375 414.6950988769531
105.5601806640625 414.2333984375
105.1954345703125 413.7791442871094
104.8213882446289 413.33251953125
104.43820190429688 412.8937072753906
104.0461654663086 412.4630432128906
103.64531707763672 412.0405578613281
103.23646545410156 411.62713623046875
102.81912231445312 411.2222595214844
102.39344024658203 410.8260803222656
101.95963287353516 410.43878173828125
101.51795959472656 410.06060791015625
101.0678482055664 409.6910705566406
100.61006927490234 409.330810546875
100.14495086669922 408.9800720214844
99.67266845703125 408.63897705078125
99.19344329833984 408.3077087402344
98.70747375488281 407.9864196777344
98.21497344970703 407.67523193359375
97.71615600585938 407.374267578125
97.21123504638672 407.08367919921875
96.7004165649414 406.8035583496094
96.18392944335938 406.5340576171875
95.6619873046875 406.2752685546875
95.13481140136719 406.0273132324219
94.60263061523438 405.790283203125
94.065673828125 405.5643005371094
93.52417755126953 405.3494567871094
92.97837829589844 405.1458435058594
92.42852020263672 404.9535827636719
91.87481689453125 404.772705078125
91.31755828857422 404.60333251953125
90.75714874267578 404.4455871582031
90.19365692138672 404.2995300292969
89.62857055664062 404.1655578613281
89.06230163574219 404.0438537597656
88.49539184570312 403.9346618652344
87.93045806884766 403.8386535644531
87.36602020263672 403.7557373046875
86.80561065673828 403.6866760253906
86.25033569335938 403.63189697265625
85.70063781738281 403.5917053222656
85.15519714355469 403.5662536621094
84.61446380615234 403.55572509765625
84.07979583740234 403.560302734375
83.55023956298828 403.5801696777344
83.02494049072266 403.61541748046875
82.50321960449219 403.66619873046875
81.98312377929688 403.7326965332031
81.46414184570312 403.8149719238281
80.94793701171875 403.9127502441406
80.42984771728516 404.02685546875
79.91719818115234 404.1556396484375
79.40479278564453 404.3003845214844
78.8900146484375 404.461669921875
78.37428283691406 404.63885498046875
77.85736083984375 404.8318176269531
77.35002899169922 405.0364685058594
76.84205627441406 405.2568664550781
76.3343276977539 405.4923400878906
75.83830261230469 405.7374267578125
75.3464126586914 405.99566650390625
74.86150360107422 406.2652282714844
74.39186096191406 406.5412902832031
73.93431091308594 406.8255310058594
73.46670532226562 407.1313781738281
73.02545928955078 407.434814453125
72.62284851074219 407.72686767578125
72.2337417602539 408.025146484375
71.81941223144531 408.3596496582031
71.43810272216797 408.6834411621094
71.06201934814453 409.019775390625
70.68505096435547 409.3742980957031
70.29405212402344 409.7598876953125
69.92195892333984 410.14422607421875
69.55120849609375 410.5454406738281
69.17607879638672 410.9700012207031
68.81502532958984 411.3970947265625
68.45408630371094 411.8432922363281
68.10389709472656 412.2955017089844
67.76361083984375 412.75482177734375
67.43309783935547 413.221435546875
67.11212921142578 413.6956787109375
66.80277252197266 414.1744689941406
66.50543975830078 414.6571350097656
66.21757507324219 415.1477966308594
65.9390869140625 415.64666748046875
65.6700668334961 416.15362548828125
65.41291046142578 416.66412353515625
65.16537475585938 417.1826477050781
64.92975616455078 417.70440673828125
64.70401763916016 418.23388671875
64.49018859863281 418.766357421875
64.28657531738281 419.3060302734375
64.09357452392578 419.8519287109375
63.912322998046875 420.4008483886719
63.74202346801758 420.9552001953125
63.583499908447266 421.5122985839844
63.43622970581055 422.0740051269531
63.3002815246582 422.64007568359375
63.176090240478516 423.208740234375
63.06371307373047 423.7796936035156
62.963104248046875 424.3531799316406
62.87434005737305 424.9288024902344
62.7974739074707 425.5062255859375
62.7325439453125 426.08514404296875
62.67958068847656 426.665283203125
62.63860321044922 427.24639892578125
62.60963439941406 427.8282470703125
62.59268569946289 428.41058349609375
62.58776092529297 428.9931335449219
62.59486389160156 429.5756530761719
62.61399459838867 430.1579284667969
62.6451416015625 430.73968505859375
62.68829345703125 431.3206481933594
62.743431091308594 431.9006042480469
62.81053161621094 432.47930908203125
62.889564514160156 433.0564880371094
62.980499267578125 433.6319274902344
63.08329391479492 434.2053527832031
63.197906494140625 434.77655029296875
63.32428741455078 435.3452453613281
63.46238327026367 435.9112243652344
63.61213302612305 436.4742126464844
63.773475646972656 437.03399658203125
63.94634246826172 437.59033203125
64.13066101074219 438.1429748535156
64.32634735107422 438.69171142578125
64.5333251953125 439.23626708984375
64.75149536132812 439.7764587402344
64.98077392578125 440.31201171875
65.22106170654297 440.84271240234375
65.47225952148438 441.36834716796875
65.7342529296875 441.888671875
66.0069351196289 442.40350341796875
66.2901840209961 442.9125671386719
66.5838851928711 443.4156799316406
66.8879165649414 443.9126281738281
67.20214080810547 444.4031982421875
67.52642822265625 444.8871765136719
67.86063385009766 445.3643493652344
68.20462036132812 445.83453369140625
68.55824279785156 446.2975158691406
68.92134857177734 446.7530822753906
69.29378509521484 447.2010498046875
69.6753921508789 447.6412353515625
70.06600189208984 448.0734558105469
70.4654541015625 448.4975280761719
70.87358093261719 448.91326904296875
71.29019927978516 449.32049560546875
71.71514129638672 449.7190246582031
72.1482162475586 450.10870361328125
72.58924865722656 450.4893493652344
73.03804016113281 450.8608093261719
73.4944076538086 451.2229309082031
73.9581527709961 451.5755310058594
74.42908477783203 451.9184875488281
74.90699005126953 452.25164794921875
75.39167785644531 452.5748596191406
75.8829345703125 452.88800048828125
76.38055419921875 453.1909484863281
76.88431549072266 453.4835510253906
77.39401245117188 453.76568603515625
77.909423828125 454.0372314453125
78.43033599853516 454.298095703125
78.9565200805664 454.54815673828125
79.48775482177734 454.78729248046875
80.02381134033203 455.0154113769531
80.56446838378906 455.232421875
81.10948944091797 455.4382019042969
81.65863800048828 455.6326904296875
82.21168518066406 455.8157958984375
82.76840209960938 455.9874572753906
83.32853698730469 456.1475830078125
83.89186096191406 456.2961120605469
84.4581298828125 456.4329833984375
85.02710723876953 456.5581359863281
85.59854125976562 456.6715087890625
86.17219543457031 456.7730407714844
86.7478256225586 456.86273193359375
87.32518005371094 456.9405212402344
87.90402221679688 457.00634765625
88.48410034179688 457.0602111816406
89.0651626586914 457.1020812988281
89.64696502685547 457.1319580078125
90.22926330566406 457.1498107910156
90.81180572509766 457.1556396484375
91.3345947265625 457.1475524902344
91.85404205322266 457.12359619140625
92.37065887451172 457.083740234375
92.8829574584961 457.0280456542969
93.39238739013672 456.9563293457031
93.89901733398438 456.8685607910156
94.40287780761719 456.7647399902344
94.90100860595703 456.6454772949219
95.39575958251953 456.51019287109375
95.88716888427734 456.35888671875
96.3714370727539 456.1927185058594
96.8567886352539 456.0089111328125
97.33344268798828 455.81121826171875
97.80686950683594 455.59735107421875
98.27786254882812 455.3670349121094
98.7474594116211 455.119873046875
99.21672821044922 454.85552978515625
99.6740493774414 454.58056640625
100.13103485107422 454.2880859375
100.59913635253906 453.9714050292969
101.0562973022461 453.6459045410156
101.50174713134766 453.3118896484375
101.95295715332031 452.9566345214844
102.39909362792969 452.58935546875
102.83895111083984 452.2112731933594
103.20099639892578 451.884765625
103.56615447998047 451.53778076171875
103.94975280761719 451.15509033203125
104.3126220703125 450.7755126953125
104.67562866210938 450.3772277832031
105.0455551147461 449.9524841308594
105.40251922607422 449.52392578125
105.76021575927734 449.07501220703125
106.10753631591797 448.61962890625
106.44357299804688 448.15899658203125
106.76979064941406 447.69110107421875
107.08645629882812 447.2155456542969
107.39130401611328 446.73577880859375
107.68673706054688 446.24798583984375
107.97282409667969 445.7520446777344
108.24698638916016 445.2524108886719
108.51176452636719 444.7444763183594
108.7645263671875 444.2332763671875
109.00775146484375 443.71380615234375
109.23892974853516 443.1913757324219
109.4603042602539 442.66094970703125
109.66966247558594 442.1278076171875
109.86886596679688 441.5871887207031
110.05748748779297 441.0401916503906
110.23516845703125 440.4878234863281
110.40113830566406 439.9324951171875
110.55528259277344 439.3745422363281
110.69817352294922 438.8119201660156
110.82975006103516 438.244873046875
110.94954681396484 437.6753234863281
111.0575942993164 437.1031494140625
111.1537857055664 436.5289306640625
111.23812103271484 435.9526672363281
111.310546875 435.37469482421875
111.37102508544922 434.7952880859375
111.41952514648438 434.21478271484375
111.4560317993164 433.63336181640625
111.48052978515625 433.0513000488281
111.49300384521484 432.4688720703125
111.49344635009766 431.88629150390625
111.48186492919922 431.3038330078125
111.458251953125 430.7226867675781
111.42259216308594 430.1463317871094
111.37460327148438 429.5732116699219
111.31423950195312 429.00457763671875
111.24118041992188 428.4384460449219
111.15576171875 427.8786315917969
111.05840301513672 427.3298645019531
110.94499206542969 426.7680358886719
110.81791687011719 426.20208740234375
110.6785659790039 425.6370544433594
110.5275650024414 425.0752258300781
110.3647689819336 424.51605224609375
110.19039916992188 423.9601745605469
110.00458526611328 423.40802001953125
109.80741119384766 422.8598327636719
109.59896087646484 422.3158264160156
109.37932586669922 421.7762451171875
109.14859771728516 421.2413024902344
108.90687561035156 420.71124267578125
108.65425872802734 420.186279296875
108.39085388183594 419.6666564941406
108.11677551269531 419.152587890625
107.83214569091797 418.644287109375
107.53707885742188 418.1419677734375
107.23170471191406 417.6458435058594
106.91615295410156 417.1561279296875
106.59056091308594 416.67303466796875
106.25505828857422 416.19677734375
105.90979766845703 415.7275390625
105.55492401123047 415.2655334472656
105.19058227539062 414.8109436035156
104.81693267822266 414.3639831542969
104.43413543701172 413.9248352050781
104.04242706298828 413.4937438964844
103.64189147949219 413.0708312988281
103.23307037353516 412.65667724609375
102.81575775146484 412.25103759765625
102.3901138305664 411.8540954589844
101.95637512207031 411.466064453125
101.51470184326172 411.08709716796875
101.06491088867188 410.7170104980469
100.60749816894531 410.3562316894531
100.14273834228516 410.0049743652344
99.67081451416016 409.66339111328125
99.19194030761719 409.3316345214844
98.70631408691406 409.00982666015625
98.21414947509766 408.6981201171875
97.71565246582031 408.3966369628906
97.2110366821289 408.1054992675781
96.70051574707031 407.8248596191406
96.18431091308594 407.5548095703125
95.66264343261719 407.29547119140625
95.13573455810547 407.0469665527344
94.60380554199219 406.80938720703125
94.06708526611328 406.5828552246094
93.52581024169922 406.367431640625
92.98021697998047 406.1632385253906
92.43054962158203 405.9703674316406
91.8770523071289 405.7889099121094
91.31999206542969 405.61895751953125
90.7596664428711 405.4606018066406
90.19640350341797 405.3139343261719
89.63056945800781 405.1790771484375
89.0645980834961 405.0567321777344
88.49668884277344 404.9465637207031
87.93122863769531 404.849609375
87.36811828613281 404.7660827636719
86.80689239501953 404.6961364746094
86.2508773803711 404.6404113769531
85.7006607055664 404.5992736816406
85.15465545654297 404.5728454589844
84.61479949951172 404.5614013671875
84.08025360107422 404.5650939941406
83.55013275146484 404.5840759277344
83.02365112304688 404.61846923828125
82.50251007080078 404.668212890625
81.98136901855469 404.7338562011719
81.46063995361328 404.8153076171875
80.93983459472656 404.91259765625
80.42180633544922 405.025146484375
79.90579986572266 405.1531066894531
79.38908386230469 405.29705810546875
78.87694549560547 405.4554748535156
78.36415100097656 405.6298828125
77.85028839111328 405.82025146484375
77.34493255615234 406.02294921875
76.83953857421875 406.2413024902344
76.33504486083984 406.4745788574219
75.84184265136719 406.7178955078125
75.34215545654297 406.9797058105469
74.85889434814453 407.24761962890625
74.38520050048828 407.52520751953125
73.92926788330078 407.8074645996094
73.47074890136719 408.10675048828125
73.04473114013672 408.3997497558594
72.64533233642578 408.6899719238281
72.2332534790039 409.00592041015625
71.8221435546875 409.33734130859375
71.42095184326172 409.67706298828125
71.05257415771484 410.00531005859375
70.6865234375 410.3489074707031
70.29959869384766 410.730224609375
69.91696166992188 411.1249694824219
69.55177307128906 411.51953125
69.17911529541016 411.9409484863281
68.81199645996094 412.3747253417969
68.4511947631836 412.82000732421875
68.09982299804688 413.2729797363281
67.75816345214844 413.7332763671875
67.42779541015625 414.1987609863281
67.10707092285156 414.6717224121094
66.79810333251953 415.1490783691406
66.49864196777344 415.63427734375
66.20857238769531 416.12750244140625
65.93042755126953 416.6244812011719
65.66166687011719 417.1297302246094
65.40496063232422 417.6382141113281
65.15774536132812 418.1550598144531
64.92262268066406 418.6748046875
64.69554901123047 419.2064208984375
64.4801254272461 419.7415466308594
64.27654266357422 420.2796936035156
64.08342742919922 420.8244934082031
63.90214538574219 421.3721008300781
63.731693267822266 421.9255676269531
63.572391510009766 422.48388671875
63.42485809326172 423.0448913574219
63.28853988647461 423.6107177734375
63.16398620605469 424.1791076660156
63.051143646240234 424.75030517578125
62.950096130371094 425.3238830566406
62.86092758178711 425.8993835449219
62.78364944458008 426.4767150878906
62.71830368041992 427.0555725097656
62.66492462158203 427.6356506347656
62.623531341552734 428.21673583984375
62.59414291381836 428.7985534667969
62.57677459716797 429.380859375
62.571434020996094 429.9634094238281
62.578121185302734 430.54595947265625
62.596832275390625 431.12823486328125
62.6275634765625 431.7099914550781
62.6702995300293 432.2909851074219
62.72502136230469 432.8709716796875
62.79170608520508 433.44970703125
62.87032699584961 434.0269470214844
62.960845947265625 434.6024475097656
63.063228607177734 435.17596435546875
63.17742919921875 435.7472229003906
63.303401947021484 436.3160095214844
63.44108963012695 436.882080078125
63.59043502807617 437.4451904296875
63.75137710571289 438.0050964355469
63.92384338378906 438.5615539550781
64.1077651977539 439.11431884765625
64.30306243896484 439.6631774902344
64.5096435546875 440.2078857421875
64.72743225097656 440.74822998046875
64.95632934570312 441.2839660644531
65.19623565673828 441.8148498535156
65.44705200195312 442.3406677246094
65.70867156982422 442.8612060546875
65.98098754882812 443.376220703125
66.26387786865234 443.885498046875
66.55722045898438 444.3888244628906
66.86089324951172 444.885986328125
67.17476654052734 445.37677001953125
67.49870300292969 445.8609619140625
67.83257293701172 446.33837890625
68.17622375488281 446.8088073730469
68.5295181274414 447.27203369140625
68.89229583740234 447.7278747558594
69.26441192626953 448.1761169433594
69.64569854736328 448.6165771484375
70.03600311279297 449.049072265625
70.43515014648438 449.4734191894531
70.84297943115234 449.8894348144531
71.25930786132812 450.29693603515625
71.6839599609375 450.6957702636719
72.11676025390625 451.08575439453125
72.5575180053711 451.4667053222656
73.00604248046875 451.8384704589844
73.46215057373047 452.2008972167969
73.92564392089844 452.5538330078125
74.39632415771484 452.8971252441406
74.87399291992188 453.2306213378906
75.35844421386719 453.55419921875
75.84947204589844 453.8677062988281
76.34687042236328 454.1709899902344
76.85042572021484 454.4639587402344
77.35992431640625 454.7464599609375
77.8751449584961 455.01837158203125
78.39586639404297 455.27960205078125
78.921875 455.530029296875
79.45294189453125 455.76953125
79.98883819580078 455.9980163574219
80.52933502197266 456.21539306640625
81.07420349121094 456.42156982421875
81.62321472167969 456.616455078125
82.17613220214844 456.7999572753906
82.73271942138672 456.9720153808594
83.29273986816406 457.1325378417969
83.85595703125 457.2814636230469
84.42212677001953 457.4187316894531
84.99101257324219 457.5442810058594
85.56237030029297 457.6580505371094
86.13595581054688 457.760009765625
86.71151733398438 457.85009765625
87.288818359375 457.92828369140625
87.86761474609375 457.9945373535156
88.4476547241211 458.048828125
89.0286865234375 458.09112548828125
89.6104736328125 458.1214294433594
90.19275665283203 458.13970947265625
90.77529907226562 458.1459655761719
91.35784149169922 458.14019775390625
91.87684631347656 458.1216735839844
92.39279174804688 458.0871887207031
92.90473937988281 458.0367431640625
93.41368865966797 457.9702453613281
93.91969299316406 457.8876647949219
94.42273712158203 457.78900146484375
94.92048645019531 457.6746826171875
95.41463470458984 457.5443420410156
95.90509796142578 457.3979797363281
96.39188385009766 457.2356262207031
96.87515258789062 457.0572509765625
97.35528564453125 456.86273193359375
97.83293151855469 456.6518859863281
98.30900573730469 456.4244079589844
98.77442169189453 456.18463134765625
99.25006103515625 455.92205810546875
99.71383666992188 455.6490783691406
100.16547393798828 455.3656921386719
100.62916564941406 455.05706787109375
101.0809326171875 454.7395324707031
101.5321044921875 454.4052734375
101.9871597290039 454.0516357421875
102.43299102783203 453.68927001953125
102.87352752685547 453.31500244140625
103.24553680419922 452.9834899902344
103.6194076538086 452.63287353515625
103.96690368652344 452.2897644042969
104.33805847167969 451.9044494628906
104.70687866210938 451.5032958984375
105.07157897949219 451.0880432128906
105.43213653564453 450.6585998535156
105.79137420654297 450.2114562988281
106.14083862304688 449.757080078125
106.47920989990234 449.29718017578125
106.8079605102539 448.82977294921875
107.12500762939453 448.3578186035156
107.43258666992188 447.8780212402344
107.72808074951172 447.39447021484375
108.01426696777344 446.9026184082031
108.29117584228516 446.4023742675781
108.5560073852539 445.8988037109375
108.81149291992188 445.38671875
109.05484008789062 444.8716735839844
109.28865051269531 444.34820556640625
109.51251983642578 443.817138671875
109.72453308105469 443.2829895019531
109.9262466430664 442.7418518066406
110.11611938476562 442.1978454589844
110.2953109741211 441.6475830078125
110.4634780883789 441.0921630859375
110.6198959350586 440.533935546875
110.7649917602539 439.9713439941406
110.89857482910156 439.4051208496094
111.02050018310547 438.83587646484375
111.13060760498047 438.26434326171875
111.22892761230469 437.69036865234375
111.31538391113281 437.1143493652344
111.38992309570312 436.5367126464844
111.45252990722656 435.95758056640625
111.50316619873047 435.3772277832031
111.54180908203125 434.7959289550781
111.56844329833984 434.2139587402344
111.58305358886719 433.6315612792969
111.58563995361328 433.0489807128906
111.5761947631836 432.46649169921875
111.55471801757812 431.8847961425781
111.52118682861328 431.3039245605469
111.47569274902344 430.7272033691406
111.4179458618164 430.1526184082031
111.3480224609375 429.58197021484375
111.26605987548828 429.0180969238281
111.17131042480469 428.4568176269531
111.06263732910156 427.8903503417969
110.9410400390625 427.3221435546875
110.80767059326172 426.757080078125
110.66217041015625 426.1934814453125
110.50493621826172 425.63262939453125
110.33615112304688 425.0751953125
110.15584564208984 424.521240234375
109.96414184570312 423.9710998535156
109.76111602783203 423.425048828125
109.54685974121094 422.88330078125
109.32146453857422 422.3460998535156
109.08502960205078 421.81365966796875
108.837646484375 421.2862243652344
108.57942962646484 420.7640075683594
108.31048583984375 420.2472229003906
108.03092956542969 419.7361145019531
107.74087524414062 419.2308654785156
107.4404525756836 418.7317199707031
107.12979125976562 418.2388916015625
106.80902099609375 417.7525939941406
106.47827911376953 417.27301025390625
106.13770294189453 416.80035400390625
105.78744506835938 416.3348388671875
105.42765045166016 415.87664794921875
105.0584716796875 415.4259948730469
104.68006134033203 414.9830627441406
104.29264068603516 414.5480651855469
103.89630889892578 414.12115478515625
103.49124908447266 413.7025451660156
103.0778579711914 413.2926025390625
102.65607452392578 412.89129638671875
102.22608184814453 412.498779296875
101.7880630493164 412.115234375
101.34197998046875 411.7406311035156
100.88825225830078 411.37530517578125
100.42704010009766 411.0194091796875
99.95857238769531 410.673095703125
99.4830551147461 410.3365173339844
99.00068664550781 410.0098571777344
98.51167297363281 409.6932067871094
98.01622772216797 409.38671875
97.51456451416016 409.09051513671875
97.00688934326172 408.80474853515625
96.49342346191406 408.5295104980469
95.9743881225586 408.26495361328125
95.44999694824219 408.01116943359375
94.92047882080078 407.76824951171875
94.38606262207031 407.53631591796875
93.84697723388672 407.3154602050781
93.30345916748047 407.1058044433594
92.7557601928711 406.9074401855469
92.2041244506836 406.7204284667969
91.64875793457031 406.54486083984375
91.08997344970703 406.380859375
90.528076171875 406.2284851074219
89.9634017944336 406.0878601074219
89.39781951904297 405.95953369140625
88.83006286621094 405.84326171875
88.26400756835938 405.739990234375
87.69991302490234 405.6499938964844
87.13679504394531 405.57330322265625
86.5782470703125 405.5106506347656
86.02513885498047 405.46240234375
85.47590637207031 405.4286804199219
84.93289184570312 405.4098205566406
84.39472198486328 405.4059753417969
83.86227416992188 405.4173278808594
83.33460998535156 405.4440002441406
82.8109359741211 405.4861145019531
82.29222106933594 405.5436706542969
81.77283477783203 405.6172790527344
81.25444793701172 405.7066955566406
80.73870849609375 405.81158447265625
80.22598266601562 405.931884765625
79.71392822265625 406.0680847167969
79.19994354248047 406.22076416015625
78.68535614013672 406.3893737792969
78.16971588134766 406.5738830566406
77.65296936035156 406.7740478515625
77.1449966430664 406.9859313964844
76.63745880126953 407.2129821777344
76.13072967529297 407.4547119140625
75.63642883300781 407.7054443359375
75.14734649658203 407.9686584472656
74.6664047241211 408.2424011230469
74.20158386230469 408.5219421386719
73.74989318847656 408.808837890625
73.30048370361328 409.1097106933594
72.88816833496094 409.4009094238281
72.4913330078125 409.6970520019531
72.07999420166016 410.0206298828125
71.67005920410156 410.3594055175781
71.29197692871094 410.6879577636719
70.91779327392578 411.0302734375
70.5430679321289 411.3906555175781
70.1546859741211 411.7821960449219
69.78386688232422 412.173583984375
69.40592193603516 412.59100341796875
69.04158020019531 413.0116882324219
68.68313598632812 413.44451904296875
68.32658386230469 413.89447021484375
67.9798583984375 414.3515930175781
67.64415740966797 414.81427001953125
67.31814575195312 415.28436279296875
67.00375366210938 415.7590637207031
66.69893646240234 416.241455078125
66.40611267089844 416.7276916503906
66.12271118164062 417.2220153808594
65.84872436523438 417.7245178222656
65.58674621582031 418.23040771484375
65.3342514038086 418.74456787109375
65.09152221679688 419.2665100097656
64.85889434814453 419.7955017089844
64.63790130615234 420.3280944824219
64.42874145507812 420.86376953125
64.22996520996094 421.40625
64.04302215576172 421.95159912109375
63.86617660522461 422.5049133300781
63.70098876953125 423.06134033203125
63.54756164550781 423.62054443359375
63.405487060546875 424.1839904785156
63.27495574951172 424.7509460449219
63.156097412109375 425.32086181640625
63.049068450927734 425.89300537109375
62.9538459777832 426.4674987792969
62.87049102783203 427.0439758300781
62.799049377441406 427.6221008300781
62.739559173583984 428.20159912109375
62.692047119140625 428.7821960449219
62.656532287597656 429.3636779785156
62.63302993774414 429.9457702636719
62.621551513671875 430.5282287597656
62.622100830078125 431.1108093261719
62.63467788696289 431.6932373046875
62.65927505493164 432.2752990722656
62.695884704589844 432.8567199707031
62.74449157714844 433.437255859375
62.80507278442383 434.01666259765625
62.87760543823242 434.5946960449219
62.96205520629883 435.1711120605469
63.058387756347656 435.74566650390625
63.16656494140625 436.318115234375
63.286537170410156 436.8882141113281
63.41825485229492 437.4556884765625
63.56166076660156 438.02032470703125
63.71669387817383 438.5818786621094
63.8832893371582 439.14013671875
64.06137084960938 439.69482421875
64.25086975097656 440.2457275390625
64.45170593261719 440.7926025390625
64.66378784179688 441.335205078125
64.88702392578125 441.8733215332031
65.12132263183594 442.4067077636719
65.36658477783203 442.9351501464844
65.6227035522461 443.4584045410156
65.88957214355469 443.97625732421875
66.16707611083984 444.4884948730469
66.4551010131836 444.994873046875
66.7535171508789 445.4952087402344
67.06220245361328 445.9892883300781
67.38101959228516 446.47686767578125
67.7098388671875 446.957763671875
68.04851531982422 447.4317626953125
68.39690399169922 447.898681640625
68.7548599243164 448.3583068847656
69.12223052978516 448.8104553222656
69.49885559082031 449.2549133300781
69.88458251953125 449.6914978027344
70.27923583984375 450.1200256347656
70.68265533447266 450.5403137207031
71.09466552734375 450.9521789550781
71.51509094238281 451.35546875
71.94375610351562 451.7499694824219
72.38047790527344 452.13555908203125
72.82506561279297 452.5120544433594
73.27732849121094 452.8792724609375
73.73707580566406 453.2370910644531
74.20411682128906 453.5853271484375
74.6782455444336 453.9238586425781
75.15926361083984 454.2525329589844
75.64696502685547 454.5711975097656
76.14114379882812 454.8797302246094
76.64158630371094 455.177978515625
77.14807891845703 455.4658508300781
77.66040802001953 455.7431945800781
78.17835235595703 456.0098876953125
78.70169067382812 456.2658386230469
79.2302017211914 456.51092529296875
79.76366424560547 456.74505615234375
80.30184173583984 456.9681091308594
80.84451293945312 457.1800231933594
81.39144134521484 457.38067626953125
81.94239807128906 457.57000732421875
82.49714660644531 457.7479248046875
83.05545043945312 457.9143371582031
83.6170654296875 458.0691833496094
84.1817626953125 458.21240234375
84.7492904663086 458.34393310546875
85.31941223144531 458.4637145996094
85.89189147949219 458.57171630859375
86.46647644042969 458.6678771972656
87.04292297363281 458.75213623046875
87.62098693847656 458.8244934082031
88.2004165649414 458.8848876953125
88.78097534179688 458.9333190917969
89.36241149902344 458.9697570800781
89.94447326660156 458.9941711425781
90.52691650390625 459.0065612792969
91.10948944091797 459.0069274902344
91.69194793701172 458.9952697753906
92.20890808105469 458.97149658203125
92.7230224609375 458.93170166015625
93.23320007324219 458.87591552734375
93.74044036865234 458.80401611328125
94.24473571777344 458.71600341796875
94.74601745605469 458.61187744140625
95.24193572998047 458.49212646484375
95.73703002929688 458.35565185546875
96.22552490234375 458.2040710449219
96.71025848388672 458.0364990234375
97.19140625 457.8528747558594
97.66938781738281 457.6531066894531
98.14491271972656 457.43695068359375
98.61894989013672 457.2040710449219
99.0821533203125 456.9590759277344
99.55593872070312 456.69085693359375
100.01776123046875 456.4124450683594
100.46732330322266 456.1238098144531
100.92898559570312 455.8097229003906
101.37876892089844 455.48687744140625
101.82776641845703 455.1474304199219
102.2799072265625 454.78912353515625
102.72289276123047 454.4220886230469
103.16028594970703 454.0434265136719
103.52335357666016 453.713623046875
103.85641479492188 453.39410400390625
104.22259521484375 453.02386474609375
104.58917999267578 452.6349182128906
104.9646224975586 452.2179260253906
105.32450103759766 451.79986572265625
105.68059539794922 451.3670349121094
106.03478240966797 450.9170227050781
106.37932586669922 450.4595947265625
106.7125015258789 449.9970397949219
107.03612518310547 449.5268249511719
107.34790802001953 449.0523376464844
107.64738464355469 448.5743103027344
107.93745422363281 448.088134765625
108.21829986572266 447.59344482421875
108.48989868164062 447.09027099609375
108.7493896484375 446.5838928222656
108.99951934814453 446.06890869140625
109.23751068115234 445.55108642578125
109.46305847167969 445.0311279296875
109.68122100830078 444.4972839355469
109.88753509521484 443.9604187011719
110.08345031738281 443.416748046875
110.26752471923828 442.8702392578125
110.44082641601562 442.3177490234375
110.60301971435547 441.76031494140625
110.75344848632812 441.20013427734375
110.89248657226562 440.63580322265625
111.01995849609375 440.0680847167969
111.13561248779297 439.4980163574219
111.23953247070312 438.92523193359375
111.33162689208984 438.3501892089844
111.4118423461914 437.77325439453125
111.48011779785156 437.19482421875
111.53644561767578 436.6150207519531
111.5807876586914 436.0341491699219
111.61312866210938 435.4524841308594
111.63345336914062 434.8702697753906
111.64175415039062 434.2877502441406
111.63803100585938 433.7052001953125
111.62227630615234 433.1228332519531
111.59449768066406 432.5412902832031
111.55471801757812 431.9625244140625
111.50277709960938 431.3853759765625
111.43867492675781 430.8103942871094
111.36247253417969 430.23883056640625
111.274169921875 429.671630859375
111.17406463623047 429.1122131347656
111.0595703125 428.5454406738281
110.93242645263672 427.9780578613281
110.79332733154297 427.41259765625
110.64257049560547 426.8502502441406
110.48014068603516 426.2908630371094
110.30616760253906 425.73486328125
110.1207504272461 425.1825866699219
109.9239730834961 424.6342468261719
109.71591186523438 424.090087890625
109.49666595458984 423.55035400390625
109.26631927490234 423.0152587890625
109.02497100830078 422.4850158691406
108.7727279663086 421.9598693847656
108.50969696044922 421.4400634765625
108.23599243164062 420.92578125
107.95172882080078 420.4172668457031
107.65702819824219 419.91473388671875
107.35201263427734 419.41839599609375
107.03681182861328 418.928466796875
106.71156311035156 418.44512939453125
106.37640380859375 417.9686279296875
106.03147888183594 417.4991455078125
105.67693328857422 417.036865234375
105.31291961669922 416.58203125
104.93959045410156 416.1347961425781
104.5571060180664 415.69537353515625
104.16565704345703 415.26397705078125
103.76538848876953 414.8407287597656
103.35659790039062 414.4259948730469
102.93932342529297 414.019775390625
102.51374816894531 413.6222839355469
102.08003997802734 413.233642578125
101.63841247558594 412.85406494140625
101.18888092041016 412.4835510253906
100.73176574707031 412.12237548828125
100.26729583740234 411.7707214355469
99.79566192626953 411.4287414550781
99.31706237792969 411.0965576171875
98.83171081542969 410.7743225097656
98.33980560302734 410.4621887207031
97.84156036376953 410.1602783203125
97.33718872070312 409.86871337890625
96.826904296875 409.5876159667969
96.31092834472656 409.317138671875
95.78948211669922 409.057373046875
95.26277923583984 408.80841064453125
94.73104858398438 408.57037353515625
94.19451904296875 408.3433837890625
93.6534194946289 408.12750244140625
93.1080093383789 407.9228515625
92.55852508544922 407.7295227050781
92.00517272949219 407.547607421875
91.4482421875 407.3771667480469
90.88802337646484 407.21832275390625
90.3248291015625 407.0711669921875
89.76006317138672 406.9361267089844
89.19288635253906 406.81304931640625
88.6263656616211 406.70269775390625
88.05999755859375 406.6051330566406
87.4953384399414 406.52081298828125
86.93446350097656 406.45025634765625
86.37848663330078 406.3939208984375
85.82593536376953 406.3518981933594
85.27748107910156 406.32440185546875
84.73575592041016 406.3117980957031
84.20000457763672 406.3143005371094
83.66929626464844 406.33203125
83.14277648925781 406.3651123046875
82.62155151367188 406.41357421875
82.10212707519531 406.477783203125
81.58365631103516 406.5578308105469
81.06573486328125 406.65374755859375
80.54564666748047 406.76593017578125
80.03099060058594 406.8927307128906
79.51632690429688 407.03546142578125
78.99905395507812 407.1946716308594
78.48066711425781 407.36968994140625
77.96246337890625 407.5599060058594
77.45225524902344 407.76239013671875
76.94135284423828 407.9804992675781
76.44050598144531 408.20953369140625
75.94147491455078 408.4530944824219
75.44647216796875 408.70977783203125
74.9582290649414 408.977783203125
74.48463439941406 409.2525939941406
74.02859497070312 409.53253173828125
73.5868911743164 409.81927490234375
73.14122009277344 410.12432861328125
72.7314453125 410.419921875
72.33460998535156 410.7221374511719
71.93689727783203 411.04144287109375
71.54810333251953 411.3700866699219
71.1646728515625 411.7110595703125
70.78143310546875 412.0691223144531
70.4017562866211 412.44134521484375
70.02436828613281 412.8291320800781
69.65064239501953 413.2312316894531
69.280517578125 413.6478576660156
68.91629028320312 414.0765380859375
68.5535659790039 414.52252197265625
68.20115661621094 414.9750671386719
67.8591079711914 415.4341125488281
67.52677154541016 415.9004821777344
67.20590209960938 416.3717346191406
66.8946533203125 416.8505554199219
66.59528350830078 417.3334655761719
66.30538940429688 417.8243408203125
66.02490997314453 418.32330322265625
65.75639343261719 418.8258056640625
65.4973373413086 419.3365478515625
65.25033569335938 419.8504333496094
65.01294708251953 420.3725280761719
64.7855224609375 420.9021301269531
64.5699234008789 421.43487548828125
64.36461639404297 421.974609375
64.16997528076172 422.5203552246094
63.98703384399414 423.0692443847656
63.815086364746094 423.6234130859375
63.65488052368164 424.180419921875
63.50595474243164 424.7419128417969
63.368377685546875 425.3076477050781
63.24254608154297 425.8760070800781
63.128517150878906 426.44671630859375
63.02626037597656 427.01995849609375
62.93584442138672 427.5953369140625
62.857337951660156 428.17242431640625
62.790748596191406 428.75115966796875
62.736122131347656 429.3311462402344
62.6934814453125 429.9121398925781
62.662845611572266 430.493896484375
62.644229888916016 431.076171875
62.637638092041016 431.6587219238281
62.64307403564453 432.24127197265625
62.66053771972656 432.8235778808594
62.69001770019531 433.4053955078125
62.73150634765625 433.9864807128906
62.78498077392578 434.56658935546875
62.85042190551758 435.1454772949219
62.92780303955078 435.722900390625
63.017086029052734 436.298583984375
63.11823654174805 436.872314453125
63.2312126159668 437.4438171386719
63.35596466064453 438.01287841796875
63.49243927001953 438.5792541503906
63.64057540893555 439.1426696777344
63.800315856933594 439.7029113769531
63.971588134765625 440.2597351074219
64.1543197631836 440.8128967285156
64.34843444824219 441.3621826171875
64.55384826660156 441.9073486328125
64.77047729492188 442.4481506347656
64.99822235107422 442.984375
65.23699188232422 443.5157775878906
65.48667907714844 444.0421447753906
65.74718475341797 444.563232421875
66.01838684082031 445.0788269042969
66.30017852783203 445.5887145996094
66.59243774414062 446.0926818847656
66.8950424194336 446.5904846191406
67.2078628540039 447.0819396972656
67.53076171875 447.56683349609375
67.86360168457031 448.0449523925781
68.20624542236328 448.51611328125
68.55854034423828 448.9801025390625
68.92034149169922 449.43670654296875
69.29148864746094 449.8857421875
69.67182922363281 450.3270263671875
70.06120300292969 450.7603759765625
70.45944213867188 451.1855773925781
70.86637115478516 451.60247802734375
71.28182220458984 452.0108947753906
71.70561981201172 452.41064453125
72.13758087158203 452.8015441894531
72.57752227783203 453.1834411621094
73.02525329589844 453.5561828613281
73.48058319091797 453.9195861816406
73.94332122802734 454.2735290527344
74.41326904296875 454.6178283691406
74.89022064208984 454.9523620605469
75.37397766113281 455.2769775390625
75.86433410644531 455.5915222167969
76.361083984375 455.8958740234375
76.86400604248047 456.1899108886719
77.37289428710938 456.4735107421875
77.88752746582031 456.7465515136719
78.4076919555664 457.0089111328125
78.93315887451172 457.2604675292969
79.46370697021484 457.5011291503906
79.99911499023438 457.73077392578125
80.53914642333984 457.9493103027344
81.08357238769531 458.1566467285156
81.63216400146484 458.35272216796875
82.18468475341797 458.53741455078125
82.74090576171875 458.7106628417969
83.30058288574219 458.87237548828125
83.86347961425781 459.02252197265625
84.42935943603516 459.1610107421875
84.99797058105469 459.28778076171875
85.56908416748047 459.40277099609375
86.14244842529297 459.5059509277344
86.71781921386719 459.5972900390625
87.29495239257812 459.6767272949219
87.87360382080078 459.7442321777344
88.45352172851562 459.7997741699219
89.03446197509766 459.84332275390625
89.61618041992188 459.8748779296875
90.19842529296875 459.8944091796875
90.78095245361328 459.90191650390625
91.36351013183594 459.89739990234375
91.94584655761719 459.880859375
92.4614028930664 459.852783203125
92.97427368164062 459.8086242675781
93.48320770263672 459.74847412109375
93.98925018310547 459.67218017578125
94.49234771728516 459.5797424316406
94.99241638183594 459.47119140625
95.48703002929688 459.3470458984375
95.98088073730469 459.20611572265625
96.4679946899414 459.0501403808594
96.95133209228516 458.8781433105469
97.4311294555664 458.6900939941406
97.9078598022461 458.48583984375
98.3823013305664 458.2651062011719
98.84658813476562 458.0315856933594
99.31934356689453 457.77606201171875
99.78036499023438 457.5096435546875
100.24126434326172 457.2256774902344
100.6897964477539 456.9317626953125
101.15033721923828 456.6123352050781
101.59916687011719 456.28424072265625
102.04688262939453 455.93988037109375
102.49671936035156 455.57745361328125
102.9375228881836 455.206298828125
103.37239837646484 454.8238525390625
103.80032348632812 454.4311828613281
104.12593841552734 454.1171569824219
104.4885482788086 453.748291015625
104.85077667236328 453.3614501953125
105.21234893798828 452.9566650390625
105.57000732421875 452.537353515625
105.9242172241211 452.1028137207031
106.27363586425781 451.6545715332031
106.61373138427734 451.1983947753906
106.94407653808594 450.7348327636719
107.26498413085938 450.263427734375
107.57392883300781 449.7879333496094
107.87043762207031 449.3091125488281
108.15770721435547 448.82183837890625
108.43587493896484 448.3258056640625
108.7048568725586 447.82110595703125
108.96171569824219 447.3132629394531
109.20924377441406 446.7967529296875
109.44464111328125 446.27740478515625
109.6676025390625 445.7559814453125
109.88109588623047 445.2254638671875
110.08460235595703 444.68707275390625
110.27765655517578 444.14202880859375
110.4588851928711 443.5941467285156
110.62928009033203 443.0404357910156
110.78784942626953 442.4841003417969
110.93524169921875 441.9228515625
111.07120513916016 441.3576354980469
111.19556427001953 440.78912353515625
111.30809783935547 440.21832275390625
111.40887451171875 439.6449279785156
111.49781036376953 439.0693664550781
111.5748519897461 438.49200439453125
111.63996124267578 437.9131164550781
111.69309997558594 437.3330078125
111.7342529296875 436.75189208984375
111.7634048461914 436.1700439453125
111.78053283691406 435.58770751953125
111.78563690185547 435.0051574707031
111.7787094116211 434.4226379394531
111.75975799560547 433.8403625488281
111.72879028320312 433.2588806152344
111.68582916259766 432.6797180175781
111.63074493408203 432.1017761230469
111.56360626220703 431.5260925292969
111.48442077636719 430.9533996582031
111.39309692382812 430.38360595703125
111.29020690917969 429.8213806152344
111.17344665527344 429.25372314453125
111.04430389404297 428.68646240234375
110.90328216552734 428.12139892578125
110.75061798095703 427.5594482421875
110.58631134033203 427.0005798339844
110.41048431396484 426.4451599121094
110.22322082519531 425.89349365234375
110.02461242675781 425.3458251953125
109.81473541259766 424.8023681640625
109.59368133544922 424.26336669921875
109.3615493774414 423.7290344238281
109.1184310913086 423.1996154785156
108.86443328857422 422.6753234863281
108.59967041015625 422.1564025878906
108.32424926757812 421.6430358886719
108.03828430175781 421.1354675292969
107.74190521240234 420.6339111328125
107.43523406982422 420.1385803222656
107.11840057373047 419.6496887207031
106.79154205322266 419.1674499511719
106.45479583740234 418.69207763671875
106.10830688476562 418.2237548828125
105.7522201538086 417.7626647949219
105.38668823242188 417.3090515136719
105.01187133789062 416.8630676269531
104.62792205810547 416.4249267578125
104.23503112792969 415.99481201171875
103.83333587646484 415.5729064941406
103.42311096191406 415.15948486328125
103.00443267822266 414.7546081542969
102.57747650146484 414.35845947265625
102.1424331665039 413.9712219238281
101.6994857788086 413.5930480957031
101.24871826171875 413.2240295410156
100.79041290283203 412.8643798828125
100.32477569580078 412.5142822265625
99.85200500488281 412.1738586425781
99.37230682373047 411.84326171875
98.8858871459961 411.52264404296875
98.39295196533203 411.2121276855469
97.89371490478516 410.911865234375
97.38838195800781 410.6219787597656
96.8771743774414 410.34259033203125
96.36030578613281 410.0738220214844
95.83799743652344 409.8157653808594
95.31047058105469 409.56854248046875
94.7779541015625 409.332275390625
94.24067687988281 409.1070556640625
93.69886779785156 408.8929748535156
93.15277862548828 408.69012451171875
92.6026382446289 408.4986267089844
92.0487060546875 408.31854248046875
91.49124908447266 408.14996337890625
90.93055725097656 407.9930114746094
90.36698150634766 407.8477783203125
89.80142211914062 407.7145080566406
89.23542022705078 407.5937194824219
88.66755676269531 407.4851379394531
88.10151672363281 407.3896484375
87.53799438476562 407.3075866699219
86.97594451904297 407.2389831542969
86.41885375976562 407.18450927734375
85.86731719970703 407.14453125
85.31998443603516 407.119140625
84.7786636352539 407.108642578125
84.24258422851562 407.11322021484375
83.7116928100586 407.13299560546875
83.18531799316406 407.1680908203125
82.66275024414062 407.2186279296875
82.1443862915039 407.2846374511719
81.62522888183594 407.3667297363281
81.10691833496094 407.464599609375
80.58895111083984 407.5782775878906
80.07640075683594 407.7066650390625
79.56427001953125 407.8509826660156
79.04994201660156 408.0118103027344
78.53482055664062 408.18853759765625
78.01860809326172 408.38104248046875
77.51079559326172 408.585693359375
77.00293731689453 408.8058166503906
76.49569702148438 409.0408630371094
75.99971771240234 409.2857971191406
75.49807739257812 409.54864501953125
75.0116958618164 409.81805419921875
74.53437042236328 410.0972900390625
74.07366943359375 410.3817443847656
73.61119842529297 410.6825866699219
73.16641998291016 410.98687744140625
72.75890350341797 411.2808532714844
72.36552429199219 411.58062744140625
71.94844818115234 411.915283203125
71.56421661376953 412.2394714355469
71.18614959716797 412.5753479003906
70.81094360351562 412.92596435546875
70.41881561279297 413.310302734375
70.04605102539062 413.6930236816406
69.67486572265625 414.0923156738281
69.29887390136719 414.5153503417969
68.93708801269531 414.9407958984375
68.57515716552734 415.3855895996094
68.22230529785156 415.8385314941406
67.87909698486328 416.2988586425781
67.54702758789062 416.7645568847656
67.22455596923828 417.23779296875
66.91366577148438 417.71563720703125
66.61477661132812 418.1974182128906
66.32543182373047 418.68707275390625
66.04550170898438 419.1848449707031
65.7750473022461 419.690673828125
65.5164794921875 420.2000427246094
65.26751708984375 420.71746826171875
65.0304946899414 421.2380676269531
64.80331420898438 421.7664794921875
64.58635711669922 422.3018798828125
64.38114166259766 422.84051513671875
64.18649291992188 423.385498046875
64.00360870361328 423.9334716796875
63.83162307739258 424.4870300292969
63.67142868041992 425.0433044433594
63.52244567871094 425.6043395996094
63.384735107421875 426.169921875
63.2587776184082 426.7381286621094
63.144630432128906 427.30865478515625
63.042240142822266 427.88177490234375
62.95168685913086 428.45709228515625
62.87302017211914 429.03424072265625
62.8062858581543 429.6129455566406
62.75151443481445 430.1929016113281
62.7087287902832 430.7738952636719
62.67794418334961 431.35565185546875
62.6591796875 431.93792724609375
62.65243911743164 432.5204772949219
62.6577262878418 433.10302734375
62.67504119873047 433.6853332519531
62.704376220703125 434.2671813964844
62.7457160949707 434.8482971191406
62.79904556274414 435.4284362792969
62.864341735839844 436.0073547363281
62.94157409667969 436.58477783203125
63.03071212768555 437.1604919433594
63.131717681884766 437.7342529296875
63.24454879760742 438.3057861328125
63.36915588378906 438.8748779296875
63.50548553466797 439.4412841796875
63.653480529785156 440.0047302246094
63.81307601928711 440.56500244140625
63.98420715332031 441.12188720703125
64.16680145263672 441.67510986328125
64.36077880859375 442.22442626953125
64.56605529785156 442.7696228027344
64.78254699707031 443.31048583984375
65.0101547241211 443.84674072265625
65.24878692626953 444.3782043457031
65.49834442138672 444.9046325683594
65.75871276855469 445.42578125
66.02978515625 445.9414367675781
66.31144714355469 446.4513854980469
66.60357666015625 446.9554138183594
66.90605163574219 447.45330810546875
67.21874237060547 447.9448547363281
67.54151916503906 448.4298400878906
67.87423706054688 448.9080505371094
68.21675872802734 449.3793029785156
68.56893920898438 449.8433837890625
68.93062591552734 450.3000793457031
69.30166625976562 450.74920654296875
69.68190002441406 451.1905822753906
70.07115936279297 451.6240234375
70.46929168701172 452.04931640625
70.8761215209961 452.46630859375
71.29147338867188 452.87481689453125
71.71517181396484 453.274658203125
72.14703369140625 453.6656799316406
72.58687591552734 454.0476989746094
73.03450775146484 454.4205627441406
73.48974609375 454.7840881347656
73.952392578125 455.1381530761719
74.42224884033203 455.4825744628906
74.89911651611328 455.8172302246094
75.3827896118164 456.1419677734375
75.8730697631836 456.4566345214844
76.36973571777344 456.7611389160156
76.87258911132812 457.0552978515625
77.38140869140625 457.3390197753906
77.8959732055664 457.6121826171875
78.41606903076172 457.8746643066406
78.94147491455078 458.1263427734375
79.47196197509766 458.36712646484375
80.00730895996094 458.5968933105469
80.54728698730469 458.8155822753906
81.09165954589844 459.0230712890625
81.64020538330078 459.2192687988281
82.19268035888672 459.40411376953125
82.74885559082031 459.5775146484375
83.3084945678711 459.7393798828125
83.87135314941406 459.8896484375
84.43719482421875 460.0282897949219
