60.1317024230957 450.12994384765625
60.244598388671875 450.23785400390625
60.35944366455078 450.34368896484375
60.476200103759766 450.4474182128906
60.594825744628906 450.5489807128906
60.71528625488281 450.64837646484375
60.8375358581543 450.74554443359375
60.96154022216797 450.8404846191406
61.08725357055664 450.9331359863281
61.214637756347656 451.02349853515625
61.34364700317383 451.11151123046875
61.474239349365234 451.1971435546875
61.60637283325195 451.2803955078125
61.7400016784668 451.3612060546875
61.87508010864258 451.4395751953125
62.011566162109375 451.5154724121094
62.1494140625 451.5888671875
62.288578033447266 451.65972900390625
62.429012298583984 451.7280578613281
62.5706672668457 451.7937927246094
62.713497161865234 451.85693359375
62.85745620727539 451.91748046875
63.00249481201172 451.9753723144531
63.148563385009766 452.0306091308594
63.295616149902344 452.08319091796875
63.443603515625 452.1330871582031
63.59247589111328 452.1802673339844
63.742183685302734 452.2247314453125
63.892677307128906 452.2664489746094
64.04390716552734 452.305419921875
64.1958236694336 452.34161376953125
64.34837341308594 452.3750305175781
64.50151062011719 452.4056701660156
64.65518188476562 452.4335021972656
64.80933380126953 452.4585266113281
64.96391296386719 452.4807434082031
65.1188735961914 452.5001525878906
65.27416229248047 452.5167236328125
65.42972564697266 452.53045654296875
65.58551788330078 452.5413513183594
65.7414779663086 452.5494079589844
65.8975601196289 452.55462646484375
66.0537109375 452.5569763183594
66.20987701416016 452.5564880371094
66.36601257324219 452.55316162109375
66.52206420898438 452.5469665527344
66.67797088623047 452.5379333496094
66.83368682861328 452.52606201171875
66.98916625976562 452.5113525390625
67.14434814453125 452.4938049316406
67.29918670654297 452.47344970703125
67.45362854003906 452.45025634765625
67.60762023925781 452.42425537109375
67.7611083984375 452.39544677734375
67.91404724121094 452.3638610839844
68.0663833618164 452.3294982910156
68.21807098388672 452.2923583984375
68.36905670166016 452.25244140625
68.519287109375 452.20977783203125
68.66871643066406 452.1643981933594
68.81729125976562 452.1163024902344
68.9649658203125 452.06549072265625
69.11168670654297 452.0119934082031
69.25740814208984 451.9558410644531
69.40208435058594 451.89703369140625
69.54566192626953 451.8356018066406
69.68809509277344 451.77154541015625
69.82933807373047 451.7049255371094
69.96934509277344 451.6357421875
70.10806274414062 451.5639953613281
70.24545288085938 451.48974609375
70.38146209716797 451.4129943847656
70.51605224609375 451.3337707519531
70.64917755126953 451.2521057128906
70.78079223632812 451.16802978515625
70.91085052490234 451.0815734863281
71.039306640625 450.9927673339844
71.16612243652344 450.9016418457031
71.291259765625 450.8081970214844
71.4146728515625 450.7124938964844
71.53631591796875 450.61456298828125
71.6561508178711 450.5144348144531
71.7741470336914 450.4121398925781
71.89026641845703 450.30767822265625
72.00446319580078 450.20111083984375
72.11669921875 450.0924987792969
72.22693634033203 449.9818420410156
72.33514404296875 449.86920166015625
72.44127655029297 449.7546081542969
72.54530334472656 449.6380920410156
72.6471939086914 449.51971435546875
72.74690246582031 449.39947509765625
72.84440612792969 449.2774658203125
72.93966674804688 449.1536865234375
73.03265380859375 449.0281982421875
73.12332916259766 448.9010314941406
73.21167755126953 448.7722473144531
73.29766082763672 448.6418762207031
73.3812484741211 448.50994873046875
73.46241760253906 448.37652587890625
73.5411376953125 448.24163818359375
73.61738586425781 448.1053466796875
73.69113159179688 447.9676818847656
73.76235961914062 447.8287048339844
73.83103942871094 447.6884460449219
73.89714813232422 447.5469665527344
73.96066284179688 447.404296875
74.02156829833984 447.260498046875
74.07984161376953 447.1156005859375
74.13545989990234 446.96966552734375
74.18840789794922 446.82275390625
74.2386703491211 446.6748962402344
74.2862319946289 446.5261535644531
74.33106994628906 446.3765563964844
74.3731689453125 446.2261657714844
74.41252136230469 446.0750427246094
74.44911193847656 445.9232177734375
74.48292541503906 445.770751953125
74.51395416259766 445.6177062988281
74.54219055175781 445.464111328125
74.56761932373047 445.3100280761719
74.5902328491211 445.155517578125
74.61002349853516 445.0006103515625
74.62699127197266 444.8453674316406
74.64112091064453 444.6898498535156
74.65241241455078 444.5340881347656
74.6608657836914 444.3781433105469
74.66647338867188 444.2220764160156
74.66923522949219 444.06591796875
74.66914367675781 443.9097595214844
74.66620635986328 443.7536315917969
74.6604232788086 443.5975646972656
74.65179443359375 443.4416198730469
74.64032745361328 443.2858581542969
74.62602233886719 443.1303405761719
74.60887908935547 442.9751281738281
74.58891296386719 442.82025146484375
74.56612396240234 442.6657409667969
74.54051971435547 442.5116882324219
74.5121078491211 442.3581237792969
74.48090362548828 442.2051086425781
74.44691467285156 442.05267333984375
74.41014862060547 441.90087890625
74.37062072753906 441.7497863769531
74.3283462524414 441.5994567871094
74.28334045410156 441.4499206542969
74.23561096191406 441.30120849609375
74.1851806640625 441.1534118652344
74.13206481933594 441.0065612792969
74.07627868652344 440.8606872558594
74.01783752441406 440.7158508300781
73.9567642211914 440.5721130371094
73.89308166503906 440.42950439453125
73.82681274414062 440.2880859375
73.75797271728516 440.1479187011719
73.68659210205078 440.009033203125
73.61268615722656 439.8714599609375
73.53628540039062 439.7352600097656
73.45741271972656 439.6004638671875
73.3760986328125 439.4671325683594
73.29236602783203 439.3352966308594
73.20624542236328 439.20501708984375
73.11775970458984 439.0763244628906
73.02693939208984 438.94927978515625
72.93382263183594 438.82391357421875
72.83843231201172 438.70025634765625
72.74080657958984 438.578369140625
72.6409683227539 438.4582824707031
72.5389633178711 438.34002685546875
72.434814453125 438.2236633300781
72.32855987548828 438.1092224121094
72.2202377319336 437.9967346191406
72.1098861694336 437.88623046875
71.9975357055664 437.77777099609375
71.88322448730469 437.6713562011719
71.7669906616211 437.5670471191406
71.64887237548828 437.4648742675781
71.52891540527344 437.3648681640625
71.40715026855469 437.26708984375
71.28362274169922 437.1715393066406
71.15837860107422 437.0782470703125
71.03144836425781 436.9872741699219
70.90288543701172 436.89862060546875
70.7727279663086 436.81231689453125
70.6410140991211 436.7283935546875
70.50779724121094 436.64691162109375
70.37311553955078 436.56787109375
70.23701477050781 436.4913024902344
70.09954071044922 436.4172058105469
69.96073150634766 436.34564208984375
69.82064056396484 436.276611328125
69.6793212890625 436.21014404296875
69.53681182861328 436.1462707519531
69.39315795898438 436.08502197265625
69.2484130859375 436.0263977050781
69.10262298583984 435.9704284667969
68.9558334350586 435.9171142578125
68.80809783935547 435.8664855957031
68.65946197509766 435.8185729980469
68.50997924804688 435.77337646484375
68.35969543457031 435.73089599609375
68.20866394042969 435.691162109375
68.05693054199219 435.6542053222656
67.90454864501953 435.6200256347656
67.75157165527344 435.588623046875
67.5980453491211 435.55999755859375
67.44402313232422 435.5341796875
67.28955841064453 435.51116943359375
67.13469696044922 435.4909973144531
66.9794921875 435.4736633300781
66.8239974975586 435.4591369628906
66.66826629638672 435.44744873046875
66.51234436035156 435.4385986328125
66.35629272460938 435.4326171875
66.20015716552734 435.4294738769531
66.04399108886719 435.4291687011719
65.8878402709961 435.4317321777344
65.73176574707031 435.4371337890625
65.57581329345703 435.44537353515625
65.42003631591797 435.4564514160156
65.26448059082031 435.4703674316406
65.10920715332031 435.48712158203125
64.95426177978516 435.5067138671875
64.79962921142578 435.5291442871094
64.6453628540039 435.55438232421875
64.4910888671875 435.58251953125
64.33545684814453 435.6138000488281
64.18034362792969 435.6478576660156
64.01801300048828 435.6864318847656
63.856056213378906 435.7277526855469
63.67488479614258 435.77685546875
63.45414733886719 435.8389587402344
63.231815338134766 435.9029846191406
62.9948616027832 435.972412109375
62.75594711303711 436.043212890625
62.51506423950195 436.1153259277344
62.2249641418457 436.2015380859375
61.97903823852539 436.27398681640625
61.73104476928711 436.3474426269531
61.434932708740234 436.4341125488281
61.181724548339844 436.5072326660156
60.926361083984375 436.5810241699219
60.66884231567383 436.6553955078125
60.4091682434082 436.7301940917969
60.147342681884766 436.8053283691406
59.88337707519531 436.88067626953125
59.61729049682617 436.9560852050781
59.3491096496582 437.03143310546875
59.0788688659668 437.1065673828125
58.80662536621094 437.18133544921875
58.53244400024414 437.2555847167969
58.269683837890625 437.3258972167969
57.96988296508789 437.4039306640625
57.671390533447266 437.47802734375
57.412532806396484 437.5406494140625
57.15424728393555 437.6027526855469
56.896583557128906 437.66436767578125
56.639591217041016 437.7254638671875
56.44023513793945 437.7737731933594
56.14965057373047 437.84393310546875
55.9508171081543 437.8917541503906
55.70042419433594 437.9534912109375
55.42287063598633 438.0212707519531
55.17287826538086 438.08172607421875
54.92328643798828 438.142333984375
54.64812088012695 438.20849609375
54.399070739746094 438.26776123046875
54.1505012512207 438.3271789550781
53.87848663330078 438.3914794921875
53.66095733642578 438.4430236816406
53.389835357666016 438.5078430175781
53.118812561035156 438.57177734375
52.8479118347168 438.6347961425781
52.57716369628906 438.6968994140625
52.36116409301758 438.7469177246094
52.091400146484375 438.8099365234375
51.82196044921875 438.8719482421875
51.552886962890625 438.93292236328125
51.37904357910156 438.9733581542969
51.11176300048828 439.0370788574219
50.84510040283203 439.09967041015625
50.606815338134766 439.155517578125
50.36906433105469 439.2120361328125
50.13190841674805 439.2691650390625
49.895408630371094 439.3269348144531
49.65963363647461 439.38531494140625
49.42464065551758 439.44427490234375
49.1421012878418 439.5144958496094
48.86025619506836 439.582275390625
48.57920455932617 439.6475524902344
48.31960678100586 439.7066345214844
48.06033706665039 439.7653503417969
47.80144119262695 439.82366943359375
47.54296875 439.8815612792969
47.28497314453125 439.9389953613281
47.02751541137695 439.9959716796875
46.770652770996094 440.05242919921875
46.51445388793945 440.10833740234375
46.31414794921875 440.1529541015625
46.03539276123047 440.21575927734375
45.783905029296875 440.2718200683594
45.532562255859375 440.3280944824219
45.281410217285156 440.38458251953125
45.030494689941406 440.44122314453125
44.77986526489258 440.4980163574219
44.52956771850586 440.554931640625
44.279659271240234 440.6119689941406
44.030189514160156 440.6690979003906
43.781219482421875 440.7262878417969
43.53280258178711 440.78350830078125
43.285003662109375 440.84075927734375
43.06676483154297 440.89202880859375
42.79619598388672 440.9560852050781
42.578922271728516 441.0079040527344
42.30937576293945 441.07269287109375
42.04017639160156 441.1363830566406
41.8487434387207 441.1824645996094
41.57195281982422 441.2491455078125
41.33208465576172 441.30584716796875
41.0926628112793 441.3631591796875
40.827232360839844 441.4265441894531
40.562625885009766 441.4886169433594
40.32411575317383 441.5444030761719
40.08620071411133 441.60076904296875
39.84894561767578 441.6576843261719
39.61241912841797 441.7151184082031
39.37668991088867 441.7730712890625
39.14183044433594 441.8315124511719
38.862571716308594 441.9002380371094
38.62915802001953 441.95703125
38.35245895385742 442.0235595703125
38.09381103515625 442.08441162109375
37.83562088012695 442.144775390625
37.57794952392578 442.2046203613281
37.320858001708984 442.263916015625
37.07561111450195 442.3202819824219
36.831241607666016 442.37646484375
36.58784103393555 442.432373046875
36.37017822265625 442.48309326171875
36.129249572753906 442.5400085449219
35.850040435791016 442.60400390625
35.574073791503906 442.6645202636719
35.298606872558594 442.7232666015625
35.07295227050781 442.7712707519531
34.79926300048828 442.8293151855469
34.574764251708984 442.87677001953125
34.303340911865234 442.9339294433594
34.052608489990234 442.98590087890625
33.80221939086914 443.0379333496094
33.552249908447266 443.0899658203125
33.302772521972656 443.1419677734375
33.053863525390625 443.19390869140625
32.80560302734375 443.2457275390625
32.558074951171875 443.29742431640625
32.311370849609375 443.34893798828125
32.06557846069336 443.40020751953125
31.846006393432617 443.44671630859375
31.602569580078125 443.4990539550781
31.384187698364258 443.54669189453125
31.115999221801758 443.60546875
30.8726749420166 443.6584777832031
30.62967872619629 443.71197509765625
30.387083053588867 443.7658996582031
30.14495849609375 443.82025146484375
29.90338134765625 443.875
29.66242790222168 443.93011474609375
29.422176361083984 443.9855651855469
29.182708740234375 444.04132080078125
28.944107055664062 444.0973815917969
28.706457138061523 444.1537170410156
28.469844818115234 444.2102966308594
28.208484649658203 444.27276611328125
27.94753074645996 444.33453369140625
27.687055587768555 444.39556884765625
27.427141189575195 444.4558410644531
27.167871475219727 444.51531982421875
26.90933609008789 444.5739440917969
26.65163230895996 444.63165283203125
26.40583610534668 444.6861877441406
26.161224365234375 444.7401123046875
25.91790771484375 444.79339599609375
25.676002502441406 444.845947265625
25.435623168945312 444.8977355957031
25.23798942565918 444.94122314453125
25.018146514892578 444.991455078125
24.79932403564453 445.0427551269531
24.581619262695312 445.0950927734375
24.36512565612793 445.1484375
24.149934768676758 445.2027893066406
23.926664352416992 445.2603759765625
23.66312599182129 445.3278503417969
23.442426681518555 445.38397216796875
23.22332763671875 445.4407653808594
22.966259002685547 445.50689697265625
22.74076271057129 445.5615539550781
22.487037658691406 445.61920166015625
22.210655212402344 445.67913818359375
21.94087791442871 445.73553466796875
21.671262741088867 445.7908020019531
21.40192222595215 445.8448791503906
21.132978439331055 445.8976745605469
20.86456298828125 445.9490966796875
20.596820831298828 445.99908447265625
20.32990264892578 446.0475158691406
20.06397247314453 446.0943298339844
19.845802307128906 446.1329040527344
19.582651138305664 446.1795349121094
19.32101058959961 446.2242736816406
19.099821090698242 446.2621765136719
18.878938674926758 446.3016357421875
18.65846824645996 446.3426513671875
18.43851661682129 446.38519287109375
18.194808959960938 446.4333801269531
17.952106475830078 446.481689453125
17.710529327392578 446.5300598144531
17.470195770263672 446.5785217285156
17.23122787475586 446.62701416015625
16.993745803833008 446.675537109375
16.75786781311035 446.7240905761719
16.523714065551758 446.77264404296875
16.523714065551758 446.77264404296875
16.523714065551758 446.77264404296875
16.523714065551758 446.77264404296875
16.523714065551758 446.77264404296875
16.523714065551758 446.77264404296875
16.523714065551758 446.77264404296875
16.523714065551758 446.77264404296875
16.523714065551758 446.77264404296875
16.523714065551758 446.77264404296875
16.523714065551758 446.77264404296875
16.523714065551758 446.77264404296875
16.523714065551758 446.77264404296875
16.523714065551758 446.77264404296875
16.523714065551758 446.77264404296875
16.523714065551758 446.77264404296875
16.523714065551758 446.77264404296875
16.523714065551758 446.77264404296875
16.523714065551758 446.77264404296875
16.523714065551758 446.77264404296875
16.523714065551758 446.77264404296875
16.523714065551758 446.77264404296875
16.523714065551758 446.77264404296875
16.523714065551758 446.77264404296875
16.523714065551758 446.77264404296875
16.523714065551758 446.77264404296875
16.523714065551758 446.77264404296875
16.523714065551758 446.77264404296875
16.523714065551758 446.77264404296875
16.523714065551758 446.77264404296875
16.523714065551758 446.77264404296875
16.523714065551758 446.77264404296875
16.523714065551758 446.77264404296875
16.523714065551758 446.77264404296875
16.523714065551758 446.77264404296875
16.523714065551758 446.77264404296875
16.523714065551758 446.77264404296875
16.523714065551758 446.77264404296875
16.523714065551758 446.77264404296875
16.523714065551758 446.77264404296875
16.523714065551758 446.77264404296875
16.523714065551758 446.77264404296875
16.523714065551758 446.77264404296875
16.523714065551758 446.77264404296875
16.523714065551758 446.77264404296875
16.523714065551758 446.77264404296875
16.523714065551758 446.77264404296875
16.523714065551758 446.77264404296875
16.523714065551758 446.77264404296875
16.523714065551758 446.77264404296875
16.523714065551758 446.77264404296875
16.523714065551758 446.77264404296875
16.523714065551758 446.77264404296875
16.523714065551758 446.77264404296875
16.523714065551758 446.77264404296875
16.523714065551758 446.77264404296875
16.523714065551758 446.77264404296875
16.523714065551758 446.77264404296875
16.523714065551758 446.77264404296875
16.523714065551758 446.77264404296875
16.523714065551758 446.77264404296875
16.523714065551758 446.77264404296875
16.523714065551758 446.77264404296875
16.523714065551758 446.77264404296875
16.523714065551758 446.77264404296875
16.523714065551758 446.77264404296875
16.523714065551758 446.77264404296875
16.523714065551758 446.77264404296875
16.523714065551758 446.77264404296875
16.523714065551758 446.77264404296875
16.523714065551758 446.77264404296875
16.523714065551758 446.77264404296875
16.523714065551758 446.77264404296875
16.523714065551758 446.77264404296875
16.523714065551758 446.77264404296875
16.523714065551758 446.77264404296875
16.523714065551758 446.77264404296875
16.523714065551758 446.77264404296875
16.523714065551758 446.77264404296875
16.523714065551758 446.77264404296875
16.523714065551758 446.77264404296875
16.523714065551758 446.77264404296875
16.523714065551758 446.77264404296875
16.523714065551758 446.77264404296875
16.523714065551758 446.77264404296875
16.523714065551758 446.77264404296875
16.523714065551758 446.77264404296875
16.523714065551758 446.77264404296875
16.523714065551758 446.77264404296875
16.523714065551758 446.77264404296875
16.523714065551758 446.77264404296875
16.523714065551758 446.77264404296875
16.523714065551758 446.77264404296875
16.523714065551758 446.77264404296875
16.523714065551758 446.77264404296875
16.523714065551758 446.77264404296875
16.523714065551758 446.77264404296875
16.523714065551758 446.77264404296875
16.523714065551758 446.77264404296875
16.523714065551758 446.77264404296875
16.523714065551758 446.77264404296875
16.523714065551758 446.77264404296875
16.523714065551758 446.77264404296875
16.523714065551758 446.77264404296875
16.523714065551758 446.77264404296875
16.523714065551758 446.77264404296875
16.523714065551758 446.77264404296875
16.523714065551758 446.77264404296875
16.523714065551758 446.77264404296875
16.523714065551758 446.77264404296875
16.523714065551758 446.77264404296875
16.523714065551758 446.77264404296875
16.523714065551758 446.77264404296875
16.523714065551758 446.77264404296875
16.523714065551758 446.77264404296875
16.523714065551758 446.77264404296875
16.523714065551758 446.77264404296875
16.523714065551758 446.77264404296875
16.523714065551758 446.77264404296875
16.523714065551758 446.77264404296875
16.523714065551758 446.77264404296875
16.523714065551758 446.77264404296875
16.523714065551758 446.77264404296875
16.523714065551758 446.77264404296875
16.523714065551758 446.77264404296875
16.523714065551758 446.77264404296875
16.523714065551758 446.77264404296875
16.523714065551758 446.77264404296875
16.523714065551758 446.77264404296875
16.523714065551758 446.77264404296875
16.523714065551758 446.77264404296875
16.523714065551758 446.77264404296875
16.523714065551758 446.77264404296875
16.523714065551758 446.77264404296875
16.523714065551758 446.77264404296875
16.523714065551758 446.77264404296875
16.523714065551758 446.77264404296875
16.523714065551758 446.77264404296875
16.523714065551758 446.77264404296875
16.523714065551758 446.77264404296875
16.523714065551758 446.77264404296875
16.523714065551758 446.77264404296875
16.523714065551758 446.77264404296875
16.523714065551758 446.77264404296875
16.523714065551758 446.77264404296875
16.523714065551758 446.77264404296875
16.523714065551758 446.77264404296875
16.523714065551758 446.77264404296875
16.523714065551758 446.77264404296875
16.523714065551758 446.77264404296875
16.523714065551758 446.77264404296875
16.523714065551758 446.77264404296875
16.523714065551758 446.77264404296875
16.523714065551758 446.77264404296875
16.523714065551758 446.77264404296875
16.523714065551758 446.77264404296875
16.523714065551758 446.77264404296875
16.523714065551758 446.77264404296875
16.523714065551758 446.77264404296875
16.523714065551758 446.77264404296875
16.523714065551758 446.77264404296875
16.523714065551758 446.77264404296875
16.523714065551758 446.77264404296875
16.523714065551758 446.77264404296875
16.523714065551758 446.77264404296875
16.523714065551758 446.77264404296875
16.523714065551758 446.77264404296875
16.523714065551758 446.77264404296875
16.523714065551758 446.77264404296875
16.523714065551758 446.77264404296875
16.523714065551758 446.77264404296875
16.523714065551758 446.77264404296875
16.523714065551758 446.77264404296875
16.523714065551758 446.77264404296875
16.523714065551758 446.77264404296875
16.523714065551758 446.77264404296875
16.523714065551758 446.77264404296875
16.523714065551758 446.77264404296875
16.523714065551758 446.77264404296875
16.523714065551758 446.77264404296875
16.523714065551758 446.77264404296875
16.523714065551758 446.77264404296875
16.523714065551758 446.77264404296875
16.523714065551758 446.77264404296875
16.523714065551758 446.77264404296875
16.523714065551758 446.77264404296875
16.523714065551758 446.77264404296875
16.523714065551758 446.77264404296875
16.523714065551758 446.77264404296875
16.523714065551758 446.77264404296875
16.523714065551758 446.77264404296875
16.523714065551758 446.77264404296875
16.523714065551758 446.77264404296875
16.523714065551758 446.77264404296875
16.523714065551758 446.77264404296875
16.523714065551758 446.77264404296875
16.523714065551758 446.77264404296875
16.523714065551758 446.77264404296875
16.523714065551758 446.77264404296875
16.523714065551758 446.77264404296875
16.523714065551758 446.77264404296875
16.523714065551758 446.77264404296875
16.523714065551758 446.77264404296875
16.523714065551758 446.77264404296875
16.523714065551758 446.77264404296875
16.523714065551758 446.77264404296875
16.523714065551758 446.77264404296875
16.523714065551758 446.77264404296875
16.523714065551758 446.77264404296875
16.523714065551758 446.77264404296875
16.523714065551758 446.77264404296875
16.523714065551758 446.77264404296875
16.523714065551758 446.77264404296875
16.523714065551758 446.77264404296875
16.523714065551758 446.77264404296875
16.523714065551758 446.77264404296875
16.523714065551758 446.77264404296875
16.523714065551758 446.77264404296875
16.523714065551758 446.77264404296875
16.523714065551758 446.77264404296875
16.523714065551758 446.77264404296875
16.523714065551758 446.77264404296875
16.523714065551758 446.77264404296875
16.523714065551758 446.77264404296875
16.523714065551758 446.77264404296875
16.523714065551758 446.77264404296875
16.523714065551758 446.77264404296875
16.523714065551758 446.77264404296875
16.523714065551758 446.77264404296875
16.523714065551758 446.77264404296875
16.523714065551758 446.77264404296875
16.523714065551758 446.77264404296875
16.523714065551758 446.77264404296875
16.523714065551758 446.77264404296875
16.523714065551758 446.77264404296875
16.523714065551758 446.77264404296875
16.523714065551758 446.77264404296875
16.523714065551758 446.77264404296875
16.523714065551758 446.77264404296875
16.523714065551758 446.77264404296875
16.523714065551758 446.77264404296875
16.523714065551758 446.77264404296875
16.523714065551758 446.77264404296875
16.523714065551758 446.77264404296875
16.523714065551758 446.77264404296875
16.523714065551758 446.77264404296875
16.523714065551758 446.77264404296875
16.523714065551758 446.77264404296875
16.523714065551758 446.77264404296875
16.523714065551758 446.77264404296875
16.523714065551758 446.77264404296875
16.523714065551758 446.77264404296875
16.523714065551758 446.77264404296875
16.523714065551758 446.77264404296875
16.523714065551758 446.77264404296875
16.523714065551758 446.77264404296875
16.523714065551758 446.77264404296875
16.523714065551758 446.77264404296875
16.523714065551758 446.77264404296875
16.523714065551758 446.77264404296875
16.523714065551758 446.77264404296875
16.523714065551758 446.77264404296875
16.523714065551758 446.77264404296875
16.523714065551758 446.77264404296875
16.523714065551758 446.77264404296875
16.523714065551758 446.77264404296875
16.523714065551758 446.77264404296875
16.523714065551758 446.77264404296875
16.523714065551758 446.77264404296875
16.523714065551758 446.77264404296875
16.523714065551758 446.77264404296875
16.523714065551758 446.77264404296875
16.523714065551758 446.77264404296875
16.523714065551758 446.77264404296875
16.523714065551758 446.77264404296875
16.523714065551758 446.77264404296875
16.523714065551758 446.77264404296875
16.523714065551758 446.77264404296875
16.523714065551758 446.77264404296875
16.523714065551758 446.77264404296875
16.523714065551758 446.77264404296875
16.523714065551758 446.77264404296875
16.523714065551758 446.77264404296875
16.523714065551758 446.77264404296875
16.523714065551758 446.77264404296875
16.523714065551758 446.77264404296875
16.523714065551758 446.77264404296875
16.523714065551758 446.77264404296875
16.523714065551758 446.77264404296875
16.523714065551758 446.77264404296875
16.523714065551758 446.77264404296875
16.523714065551758 446.77264404296875
16.523714065551758 446.77264404296875
16.523714065551758 446.77264404296875
16.523714065551758 446.77264404296875
16.523714065551758 446.77264404296875
16.523714065551758 446.77264404296875
16.523714065551758 446.77264404296875
16.523714065551758 446.77264404296875
16.523714065551758 446.77264404296875
16.523714065551758 446.77264404296875
16.523714065551758 446.77264404296875
16.523714065551758 446.77264404296875
16.523714065551758 446.77264404296875
16.523714065551758 446.77264404296875
16.523714065551758 446.77264404296875
16.523714065551758 446.77264404296875
16.523714065551758 446.77264404296875
16.523714065551758 446.77264404296875
16.523714065551758 446.77264404296875
16.523714065551758 446.77264404296875
16.523714065551758 446.77264404296875
16.523714065551758 446.77264404296875
16.523714065551758 446.77264404296875
16.523714065551758 446.77264404296875
16.523714065551758 446.77264404296875
16.523714065551758 446.77264404296875
16.523714065551758 446.77264404296875
16.523714065551758 446.77264404296875
16.523714065551758 446.77264404296875
16.523714065551758 446.77264404296875
16.523714065551758 446.77264404296875
16.523714065551758 446.77264404296875
16.523714065551758 446.77264404296875
16.523714065551758 446.77264404296875
16.523714065551758 446.77264404296875
16.523714065551758 446.77264404296875
16.523714065551758 446.77264404296875
16.523714065551758 446.77264404296875
16.523714065551758 446.77264404296875
16.523714065551758 446.77264404296875
16.523714065551758 446.77264404296875
16.523714065551758 446.77264404296875
16.523714065551758 446.77264404296875
16.523714065551758 446.77264404296875
16.523714065551758 446.77264404296875
16.523714065551758 446.77264404296875
16.523714065551758 446.77264404296875
16.523714065551758 446.77264404296875
16.523714065551758 446.77264404296875
16.523714065551758 446.77264404296875
16.523714065551758 446.77264404296875
16.523714065551758 446.77264404296875
16.523714065551758 446.77264404296875
16.523714065551758 446.77264404296875
16.523714065551758 446.77264404296875
16.523714065551758 446.77264404296875
16.523714065551758 446.77264404296875
16.523714065551758 446.77264404296875
16.523714065551758 446.77264404296875
16.523714065551758 446.77264404296875
16.523714065551758 446.77264404296875
16.523714065551758 446.77264404296875
16.523714065551758 446.77264404296875
16.523714065551758 446.77264404296875
16.523714065551758 446.77264404296875
16.523714065551758 446.77264404296875
16.523714065551758 446.77264404296875
16.523714065551758 446.77264404296875
16.523714065551758 446.77264404296875
16.523714065551758 446.77264404296875
16.523714065551758 446.77264404296875
16.523714065551758 446.77264404296875
16.523714065551758 446.77264404296875
16.523714065551758 446.77264404296875
16.523714065551758 446.77264404296875
16.523714065551758 446.77264404296875
16.523714065551758 446.77264404296875
16.523714065551758 446.77264404296875
16.523714065551758 446.77264404296875
16.523714065551758 446.77264404296875
16.523714065551758 446.77264404296875
16.523714065551758 446.77264404296875
16.523714065551758 446.77264404296875
16.523714065551758 446.77264404296875
16.523714065551758 446.77264404296875
16.523714065551758 446.77264404296875
16.523714065551758 446.77264404296875
16.523714065551758 446.77264404296875
16.523714065551758 446.77264404296875
16.523714065551758 446.77264404296875
16.523714065551758 446.77264404296875
16.523714065551758 446.77264404296875
16.523714065551758 446.77264404296875
16.523714065551758 446.77264404296875
16.523714065551758 446.77264404296875
16.523714065551758 446.77264404296875
16.523714065551758 446.77264404296875
16.523714065551758 446.77264404296875
16.523714065551758 446.77264404296875
16.523714065551758 446.77264404296875
16.523714065551758 446.77264404296875
16.523714065551758 446.77264404296875
16.523714065551758 446.77264404296875
16.523714065551758 446.77264404296875
16.523714065551758 446.77264404296875
16.523714065551758 446.77264404296875
16.523714065551758 446.77264404296875
16.523714065551758 446.77264404296875
16.523714065551758 446.77264404296875
16.523714065551758 446.77264404296875
16.523714065551758 446.77264404296875
16.523714065551758 446.77264404296875
16.523714065551758 446.77264404296875
16.523714065551758 446.77264404296875
16.523714065551758 446.77264404296875
16.523714065551758 446.77264404296875
16.523714065551758 446.77264404296875
16.523714065551758 446.77264404296875
16.523714065551758 446.77264404296875
16.523714065551758 446.77264404296875
16.523714065551758 446.77264404296875
16.523714065551758 446.77264404296875
16.523714065551758 446.77264404296875
16.523714065551758 446.77264404296875
16.523714065551758 446.77264404296875
16.523714065551758 446.77264404296875
16.523714065551758 446.77264404296875
16.523714065551758 446.77264404296875
16.523714065551758 446.77264404296875
16.523714065551758 446.77264404296875
16.523714065551758 446.77264404296875
16.523714065551758 446.77264404296875
16.523714065551758 446.77264404296875
16.523714065551758 446.77264404296875
16.523714065551758 446.77264404296875
16.523714065551758 446.77264404296875
16.523714065551758 446.77264404296875
16.523714065551758 446.77264404296875
16.523714065551758 446.77264404296875
16.523714065551758 446.77264404296875
16.523714065551758 446.77264404296875
16.523714065551758 446.77264404296875
16.523714065551758 446.77264404296875
16.523714065551758 446.77264404296875
16.523714065551758 446.77264404296875
16.523714065551758 446.77264404296875
16.523714065551758 446.77264404296875
16.523714065551758 446.77264404296875
16.523714065551758 446.77264404296875
16.523714065551758 446.77264404296875
16.523714065551758 446.77264404296875
16.523714065551758 446.77264404296875
16.523714065551758 446.77264404296875
16.523714065551758 446.77264404296875
16.523714065551758 446.77264404296875
16.523714065551758 446.77264404296875
16.523714065551758 446.77264404296875
16.523714065551758 446.77264404296875
16.523714065551758 446.77264404296875
16.523714065551758 446.77264404296875
16.523714065551758 446.77264404296875
16.523714065551758 446.77264404296875
16.523714065551758 446.77264404296875
16.523714065551758 446.77264404296875
16.523714065551758 446.77264404296875
16.523714065551758 446.77264404296875
16.523714065551758 446.77264404296875
16.523714065551758 446.77264404296875
16.523714065551758 446.77264404296875
16.523714065551758 446.77264404296875
16.523714065551758 446.77264404296875
16.523714065551758 446.77264404296875
16.523714065551758 446.77264404296875
16.523714065551758 446.77264404296875
16.523714065551758 446.77264404296875
16.523714065551758 446.77264404296875
16.523714065551758 446.77264404296875
16.523714065551758 446.77264404296875
16.523714065551758 446.77264404296875
16.523714065551758 446.77264404296875
16.523714065551758 446.77264404296875
16.523714065551758 446.77264404296875
16.523714065551758 446.77264404296875
16.523714065551758 446.77264404296875
16.523714065551758 446.77264404296875
16.523714065551758 446.77264404296875
16.523714065551758 446.77264404296875
16.523714065551758 446.77264404296875
16.523714065551758 446.77264404296875
16.523714065551758 446.77264404296875
16.523714065551758 446.77264404296875
16.523714065551758 446.77264404296875
16.523714065551758 446.77264404296875
16.523714065551758 446.77264404296875
16.523714065551758 446.77264404296875
16.523714065551758 446.77264404296875
16.523714065551758 446.77264404296875
16.523714065551758 446.77264404296875
16.523714065551758 446.77264404296875
16.523714065551758 446.77264404296875
16.523714065551758 446.77264404296875
16.523714065551758 446.77264404296875
16.523714065551758 446.77264404296875
16.523714065551758 446.77264404296875
16.523714065551758 446.77264404296875
16.523714065551758 446.77264404296875
16.523714065551758 446.77264404296875
16.523714065551758 446.77264404296875
16.523714065551758 446.77264404296875
16.523714065551758 446.77264404296875
16.523714065551758 446.77264404296875
16.523714065551758 446.77264404296875
16.523714065551758 446.77264404296875
16.523714065551758 446.77264404296875
16.523714065551758 446.77264404296875
16.523714065551758 446.77264404296875
16.523714065551758 446.77264404296875
16.523714065551758 446.77264404296875
16.523714065551758 446.77264404296875
16.523714065551758 446.77264404296875
16.523714065551758 446.77264404296875
16.523714065551758 446.77264404296875
16.523714065551758 446.77264404296875
16.523714065551758 446.77264404296875
16.523714065551758 446.77264404296875
16.523714065551758 446.77264404296875
16.523714065551758 446.77264404296875
16.523714065551758 446.77264404296875
16.523714065551758 446.77264404296875
16.523714065551758 446.77264404296875
16.523714065551758 446.77264404296875
16.523714065551758 446.77264404296875
16.523714065551758 446.77264404296875
16.523714065551758 446.77264404296875
16.523714065551758 446.77264404296875
16.523714065551758 446.77264404296875
16.523714065551758 446.77264404296875
16.523714065551758 446.77264404296875
16.523714065551758 446.77264404296875
16.523714065551758 446.77264404296875
16.523714065551758 446.77264404296875
16.523714065551758 446.77264404296875
16.523714065551758 446.77264404296875
16.523714065551758 446.77264404296875
16.523714065551758 446.77264404296875
16.523714065551758 446.77264404296875
16.523714065551758 446.77264404296875
16.523714065551758 446.77264404296875
16.523714065551758 446.77264404296875
16.523714065551758 446.77264404296875
16.523714065551758 446.77264404296875
16.523714065551758 446.77264404296875
16.523714065551758 446.77264404296875
16.523714065551758 446.77264404296875
16.523714065551758 446.77264404296875
16.523714065551758 446.77264404296875
16.523714065551758 446.77264404296875
16.523714065551758 446.77264404296875
16.523714065551758 446.77264404296875
16.523714065551758 446.77264404296875
16.523714065551758 446.77264404296875
16.523714065551758 446.77264404296875
16.523714065551758 446.77264404296875
16.523714065551758 446.77264404296875
16.523714065551758 446.77264404296875
16.523714065551758 446.77264404296875
16.523714065551758 446.77264404296875
16.523714065551758 446.77264404296875
16.523714065551758 446.77264404296875
16.523714065551758 446.77264404296875
16.523714065551758 446.77264404296875
16.523714065551758 446.77264404296875
16.523714065551758 446.77264404296875
16.523714065551758 446.77264404296875
16.523714065551758 446.77264404296875
16.523714065551758 446.77264404296875
16.523714065551758 446.77264404296875
16.523714065551758 446.77264404296875
16.523714065551758 446.77264404296875
16.523714065551758 446.77264404296875
16.523714065551758 446.77264404296875
16.523714065551758 446.77264404296875
16.523714065551758 446.77264404296875
16.523714065551758 446.77264404296875
16.523714065551758 446.77264404296875
16.523714065551758 446.77264404296875
16.523714065551758 446.77264404296875
16.523714065551758 446.77264404296875
16.523714065551758 446.77264404296875
16.523714065551758 446.77264404296875
16.523714065551758 446.77264404296875
16.523714065551758 446.77264404296875
16.523714065551758 446.77264404296875
16.523714065551758 446.77264404296875
16.523714065551758 446.77264404296875
16.523714065551758 446.77264404296875
16.523714065551758 446.77264404296875
16.523714065551758 446.77264404296875
16.523714065551758 446.77264404296875
16.523714065551758 446.77264404296875
16.523714065551758 446.77264404296875
16.523714065551758 446.77264404296875
16.523714065551758 446.77264404296875
16.523714065551758 446.77264404296875
16.523714065551758 446.77264404296875
16.523714065551758 446.77264404296875
16.523714065551758 446.77264404296875
16.523714065551758 446.77264404296875
16.523714065551758 446.77264404296875
16.523714065551758 446.77264404296875
16.523714065551758 446.77264404296875
16.523714065551758 446.77264404296875
16.523714065551758 446.77264404296875
16.523714065551758 446.77264404296875
16.523714065551758 446.77264404296875
16.523714065551758 446.77264404296875
16.523714065551758 446.77264404296875
16.523714065551758 446.77264404296875
16.523714065551758 446.77264404296875
16.523714065551758 446.77264404296875
16.523714065551758 446.77264404296875
16.523714065551758 446.77264404296875
16.523714065551758 446.77264404296875
16.523714065551758 446.77264404296875
16.523714065551758 446.77264404296875
16.523714065551758 446.77264404296875
16.523714065551758 446.77264404296875
16.523714065551758 446.77264404296875
16.523714065551758 446.77264404296875
16.523714065551758 446.77264404296875
16.523714065551758 446.77264404296875
16.523714065551758 446.77264404296875
16.523714065551758 446.77264404296875
16.523714065551758 446.77264404296875
16.523714065551758 446.77264404296875
16.523714065551758 446.77264404296875
16.523714065551758 446.77264404296875
16.523714065551758 446.77264404296875
16.523714065551758 446.77264404296875
16.523714065551758 446.77264404296875
16.523714065551758 446.77264404296875
16.523714065551758 446.77264404296875
16.523714065551758 446.77264404296875
16.523714065551758 446.77264404296875
16.523714065551758 446.77264404296875
16.523714065551758 446.77264404296875
16.523714065551758 446.77264404296875
16.523714065551758 446.77264404296875
16.523714065551758 446.77264404296875
16.523714065551758 446.77264404296875
16.523714065551758 446.77264404296875
16.523714065551758 446.77264404296875
16.523714065551758 446.77264404296875
16.523714065551758 446.77264404296875
16.523714065551758 446.77264404296875
16.523714065551758 446.77264404296875
16.523714065551758 446.77264404296875
16.523714065551758 446.77264404296875
16.523714065551758 446.77264404296875
16.523714065551758 446.77264404296875
16.523714065551758 446.77264404296875
16.523714065551758 446.77264404296875
16.523714065551758 446.77264404296875
16.523714065551758 446.77264404296875
16.523714065551758 446.77264404296875
16.523714065551758 446.77264404296875
16.523714065551758 446.77264404296875
16.523714065551758 446.77264404296875
16.523714065551758 446.77264404296875
16.523714065551758 446.77264404296875
16.523714065551758 446.77264404296875
16.523714065551758 446.77264404296875
16.523714065551758 446.77264404296875
16.523714065551758 446.77264404296875
16.523714065551758 446.77264404296875
16.523714065551758 446.77264404296875
16.523714065551758 446.77264404296875
16.523714065551758 446.77264404296875
16.523714065551758 446.77264404296875
16.523714065551758 446.77264404296875
16.523714065551758 446.77264404296875
16.523714065551758 446.77264404296875
16.523714065551758 446.77264404296875
16.523714065551758 446.77264404296875
16.523714065551758 446.77264404296875
16.523714065551758 446.77264404296875
16.523714065551758 446.77264404296875
16.523714065551758 446.77264404296875
16.523714065551758 446.77264404296875
16.523714065551758 446.77264404296875
16.523714065551758 446.77264404296875
16.523714065551758 446.77264404296875
16.523714065551758 446.77264404296875
16.523714065551758 446.77264404296875
16.523714065551758 446.77264404296875
16.523714065551758 446.77264404296875
16.523714065551758 446.77264404296875
16.523714065551758 446.77264404296875
16.523714065551758 446.77264404296875
16.523714065551758 446.77264404296875
16.523714065551758 446.77264404296875
16.523714065551758 446.77264404296875
16.523714065551758 446.77264404296875
16.523714065551758 446.77264404296875
16.523714065551758 446.77264404296875
16.523714065551758 446.77264404296875
16.523714065551758 446.77264404296875
16.523714065551758 446.77264404296875
16.523714065551758 446.77264404296875
16.523714065551758 446.77264404296875
16.523714065551758 446.77264404296875
16.523714065551758 446.77264404296875
16.523714065551758 446.77264404296875
16.523714065551758 446.77264404296875
16.523714065551758 446.77264404296875
16.523714065551758 446.77264404296875
16.523714065551758 446.77264404296875
16.523714065551758 446.77264404296875
16.523714065551758 446.77264404296875
16.523714065551758 446.77264404296875
16.523714065551758 446.77264404296875
16.523714065551758 446.77264404296875
16.523714065551758 446.77264404296875
16.523714065551758 446.77264404296875
16.523714065551758 446.77264404296875
16.523714065551758 446.77264404296875
16.523714065551758 446.77264404296875
16.523714065551758 446.77264404296875
16.523714065551758 446.77264404296875
16.523714065551758 446.77264404296875
16.523714065551758 446.77264404296875
16.523714065551758 446.77264404296875
16.523714065551758 446.77264404296875
16.523714065551758 446.77264404296875
16.523714065551758 446.77264404296875
16.523714065551758 446.77264404296875
16.523714065551758 446.77264404296875
16.523714065551758 446.77264404296875
16.523714065551758 446.77264404296875
16.523714065551758 446.77264404296875
16.523714065551758 446.77264404296875
16.523714065551758 446.77264404296875
16.523714065551758 446.77264404296875
16.523714065551758 446.77264404296875
16.523714065551758 446.77264404296875
16.523714065551758 446.77264404296875
16.523714065551758 446.77264404296875
16.523714065551758 446.77264404296875
16.523714065551758 446.77264404296875
16.523714065551758 446.77264404296875
16.523714065551758 446.77264404296875
16.523714065551758 446.77264404296875
16.523714065551758 446.77264404296875
16.523714065551758 446.77264404296875
16.523714065551758 446.77264404296875
16.523714065551758 446.77264404296875
16.523714065551758 446.77264404296875
16.523714065551758 446.77264404296875
16.523714065551758 446.77264404296875
16.523714065551758 446.77264404296875
16.523714065551758 446.77264404296875
16.523714065551758 446.77264404296875
16.523714065551758 446.77264404296875
16.523714065551758 446.77264404296875
16.523714065551758 446.77264404296875
16.523714065551758 446.77264404296875
16.523714065551758 446.77264404296875
16.523714065551758 446.77264404296875
16.523714065551758 446.77264404296875
16.523714065551758 446.77264404296875
16.523714065551758 446.77264404296875
16.523714065551758 446.77264404296875
16.523714065551758 446.77264404296875
16.523714065551758 446.77264404296875
16.523714065551758 446.77264404296875
16.523714065551758 446.77264404296875
16.523714065551758 446.77264404296875
16.523714065551758 446.77264404296875
16.523714065551758 446.77264404296875
16.523714065551758 446.77264404296875
16.523714065551758 446.77264404296875
16.523714065551758 446.77264404296875
16.523714065551758 446.77264404296875
16.523714065551758 446.77264404296875
16.523714065551758 446.77264404296875
16.523714065551758 446.77264404296875
16.523714065551758 446.77264404296875
16.523714065551758 446.77264404296875
16.523714065551758 446.77264404296875
16.523714065551758 446.77264404296875
16.523714065551758 446.77264404296875
16.523714065551758 446.77264404296875
16.523714065551758 446.77264404296875
16.523714065551758 446.77264404296875
16.523714065551758 446.77264404296875
16.523714065551758 446.77264404296875
16.523714065551758 446.77264404296875
16.523714065551758 446.77264404296875
16.523714065551758 446.77264404296875
16.523714065551758 446.77264404296875
16.523714065551758 446.77264404296875
16.523714065551758 446.77264404296875
16.523714065551758 446.77264404296875
16.523714065551758 446.77264404296875
16.523714065551758 446.77264404296875
16.523714065551758 446.77264404296875
16.523714065551758 446.77264404296875
16.523714065551758 446.77264404296875
16.523714065551758 446.77264404296875
16.523714065551758 446.77264404296875
16.523714065551758 446.77264404296875
16.523714065551758 446.77264404296875
16.523714065551758 446.77264404296875
16.523714065551758 446.77264404296875
16.523714065551758 446.77264404296875
16.523714065551758 446.77264404296875
16.523714065551758 446.77264404296875
16.523714065551758 446.77264404296875
16.523714065551758 446.77264404296875
16.523714065551758 446.77264404296875
16.523714065551758 446.77264404296875
16.523714065551758 446.77264404296875
16.523714065551758 446.77264404296875
16.523714065551758 446.77264404296875
16.523714065551758 446.77264404296875
16.523714065551758 446.77264404296875
16.523714065551758 446.77264404296875
16.523714065551758 446.77264404296875
16.523714065551758 446.77264404296875
16.523714065551758 446.77264404296875
16.523714065551758 446.77264404296875
16.523714065551758 446.77264404296875
16.523714065551758 446.77264404296875
16.523714065551758 446.77264404296875
16.523714065551758 446.77264404296875
16.523714065551758 446.77264404296875
16.523714065551758 446.77264404296875
16.523714065551758 446.77264404296875
16.523714065551758 446.77264404296875
16.523714065551758 446.77264404296875
16.523714065551758 446.77264404296875
16.523714065551758 446.77264404296875
16.523714065551758 446.77264404296875
16.523714065551758 446.77264404296875
16.523714065551758 446.77264404296875
16.523714065551758 446.77264404296875
16.523714065551758 446.77264404296875
16.523714065551758 446.77264404296875
16.523714065551758 446.77264404296875
16.523714065551758 446.77264404296875
16.523714065551758 446.77264404296875
16.523714065551758 446.77264404296875
16.523714065551758 446.77264404296875
16.523714065551758 446.77264404296875
16.523714065551758 446.77264404296875
16.523714065551758 446.77264404296875
16.523714065551758 446.77264404296875
16.523714065551758 446.77264404296875
16.523714065551758 446.77264404296875
16.523714065551758 446.77264404296875
16.523714065551758 446.77264404296875
16.523714065551758 446.77264404296875
16.523714065551758 446.77264404296875
16.523714065551758 446.77264404296875
16.523714065551758 446.77264404296875
16.523714065551758 446.77264404296875
16.523714065551758 446.77264404296875
16.523714065551758 446.77264404296875
16.523714065551758 446.77264404296875
16.523714065551758 446.77264404296875
16.523714065551758 446.77264404296875
16.523714065551758 446.77264404296875
16.523714065551758 446.77264404296875
16.523714065551758 446.77264404296875
16.523714065551758 446.77264404296875
16.523714065551758 446.77264404296875
16.523714065551758 446.77264404296875
16.523714065551758 446.77264404296875
16.523714065551758 446.77264404296875
16.523714065551758 446.77264404296875
16.523714065551758 446.77264404296875
16.523714065551758 446.77264404296875
16.523714065551758 446.77264404296875
16.523714065551758 446.77264404296875
16.523714065551758 446.77264404296875
16.523714065551758 446.77264404296875
16.523714065551758 446.77264404296875
16.523714065551758 446.77264404296875
16.523714065551758 446.77264404296875
16.523714065551758 446.77264404296875
16.523714065551758 446.77264404296875
16.523714065551758 446.77264404296875
16.523714065551758 446.77264404296875
16.523714065551758 446.77264404296875
16.523714065551758 446.77264404296875
16.523714065551758 446.77264404296875
16.523714065551758 446.77264404296875
16.523714065551758 446.77264404296875
16.523714065551758 446.77264404296875
16.523714065551758 446.77264404296875
16.523714065551758 446.77264404296875
16.523714065551758 446.77264404296875
16.523714065551758 446.77264404296875
16.523714065551758 446.77264404296875
16.523714065551758 446.77264404296875
16.523714065551758 446.77264404296875
16.523714065551758 446.77264404296875
16.523714065551758 446.77264404296875
16.523714065551758 446.77264404296875
16.523714065551758 446.77264404296875
16.523714065551758 446.77264404296875
16.523714065551758 446.77264404296875
16.523714065551758 446.77264404296875
16.523714065551758 446.77264404296875
16.523714065551758 446.77264404296875
16.523714065551758 446.77264404296875
16.523714065551758 446.77264404296875
16.523714065551758 446.77264404296875
16.523714065551758 446.77264404296875
16.523714065551758 446.77264404296875
16.523714065551758 446.77264404296875
16.523714065551758 446.77264404296875
16.523714065551758 446.77264404296875
16.523714065551758 446.77264404296875
16.523714065551758 446.77264404296875
16.523714065551758 446.77264404296875
16.523714065551758 446.77264404296875
16.523714065551758 446.77264404296875
16.523714065551758 446.77264404296875
16.523714065551758 446.77264404296875
16.523714065551758 446.77264404296875
16.523714065551758 446.77264404296875
16.523714065551758 446.77264404296875
16.523714065551758 446.77264404296875
16.523714065551758 446.77264404296875
16.523714065551758 446.77264404296875
16.523714065551758 446.77264404296875
16.523714065551758 446.77264404296875
16.523714065551758 446.77264404296875
16.523714065551758 446.77264404296875
16.523714065551758 446.77264404296875
16.523714065551758 446.77264404296875
16.523714065551758 446.77264404296875
16.523714065551758 446.77264404296875
16.523714065551758 446.77264404296875
16.523714065551758 446.77264404296875
16.523714065551758 446.77264404296875
16.523714065551758 446.77264404296875
16.523714065551758 446.77264404296875
16.523714065551758 446.77264404296875
16.523714065551758 446.77264404296875
16.523714065551758 446.77264404296875
16.523714065551758 446.77264404296875
16.523714065551758 446.77264404296875
16.523714065551758 446.77264404296875
16.523714065551758 446.77264404296875
16.523714065551758 446.77264404296875
16.523714065551758 446.77264404296875
16.523714065551758 446.77264404296875
16.523714065551758 446.77264404296875
16.523714065551758 446.77264404296875
16.523714065551758 446.77264404296875
16.523714065551758 446.77264404296875
16.523714065551758 446.77264404296875
16.523714065551758 446.77264404296875
16.523714065551758 446.77264404296875
16.523714065551758 446.77264404296875
16.523714065551758 446.77264404296875
16.523714065551758 446.77264404296875
16.523714065551758 446.77264404296875
16.523714065551758 446.77264404296875
16.523714065551758 446.77264404296875
16.523714065551758 446.77264404296875
16.523714065551758 446.77264404296875
16.523714065551758 446.77264404296875
16.523714065551758 446.77264404296875
16.523714065551758 446.77264404296875
16.523714065551758 446.77264404296875
16.523714065551758 446.77264404296875
16.523714065551758 446.77264404296875
16.523714065551758 446.77264404296875
16.523714065551758 446.77264404296875
16.523714065551758 446.77264404296875
16.523714065551758 446.77264404296875
16.523714065551758 446.77264404296875
16.523714065551758 446.77264404296875
16.523714065551758 446.77264404296875
16.523714065551758 446.77264404296875
16.523714065551758 446.77264404296875
16.523714065551758 446.77264404296875
16.523714065551758 446.77264404296875
16.523714065551758 446.77264404296875
16.523714065551758 446.77264404296875
16.523714065551758 446.77264404296875
16.523714065551758 446.77264404296875
16.523714065551758 446.77264404296875
16.523714065551758 446.77264404296875
16.523714065551758 446.77264404296875
16.523714065551758 446.77264404296875
16.523714065551758 446.77264404296875
16.523714065551758 446.77264404296875
16.523714065551758 446.77264404296875
16.523714065551758 446.77264404296875
16.523714065551758 446.77264404296875
16.523714065551758 446.77264404296875
16.523714065551758 446.77264404296875
16.523714065551758 446.77264404296875
16.523714065551758 446.77264404296875
16.523714065551758 446.77264404296875
16.523714065551758 446.77264404296875
16.523714065551758 446.77264404296875
16.523714065551758 446.77264404296875
16.523714065551758 446.77264404296875
16.523714065551758 446.77264404296875
16.523714065551758 446.77264404296875
16.523714065551758 446.77264404296875
16.523714065551758 446.77264404296875
16.523714065551758 446.77264404296875
16.523714065551758 446.77264404296875
16.523714065551758 446.77264404296875
16.523714065551758 446.77264404296875
16.523714065551758 446.77264404296875
16.523714065551758 446.77264404296875
16.523714065551758 446.77264404296875
16.523714065551758 446.77264404296875
16.523714065551758 446.77264404296875
16.523714065551758 446.77264404296875
16.523714065551758 446.77264404296875
16.523714065551758 446.77264404296875
16.523714065551758 446.77264404296875
16.523714065551758 446.77264404296875
16.523714065551758 446.77264404296875
16.523714065551758 446.77264404296875
16.523714065551758 446.77264404296875
16.523714065551758 446.77264404296875
16.523714065551758 446.77264404296875
16.523714065551758 446.77264404296875
16.523714065551758 446.77264404296875
16.523714065551758 446.77264404296875
16.523714065551758 446.77264404296875
16.523714065551758 446.77264404296875
16.523714065551758 446.77264404296875
16.523714065551758 446.77264404296875
16.523714065551758 446.77264404296875
16.523714065551758 446.77264404296875
16.523714065551758 446.77264404296875
16.523714065551758 446.77264404296875
16.523714065551758 446.77264404296875
16.523714065551758 446.77264404296875
16.523714065551758 446.77264404296875
16.523714065551758 446.77264404296875
16.523714065551758 446.77264404296875
16.523714065551758 446.77264404296875
16.523714065551758 446.77264404296875
16.523714065551758 446.77264404296875
16.523714065551758 446.77264404296875
16.523714065551758 446.77264404296875
16.523714065551758 446.77264404296875
16.523714065551758 446.77264404296875
16.523714065551758 446.77264404296875
16.523714065551758 446.77264404296875
16.523714065551758 446.77264404296875
16.523714065551758 446.77264404296875
16.523714065551758 446.77264404296875
16.523714065551758 446.77264404296875
16.523714065551758 446.77264404296875
16.523714065551758 446.77264404296875
16.523714065551758 446.77264404296875
16.523714065551758 446.77264404296875
16.523714065551758 446.77264404296875
16.523714065551758 446.77264404296875
16.523714065551758 446.77264404296875
16.523714065551758 446.77264404296875
16.523714065551758 446.77264404296875
16.523714065551758 446.77264404296875
16.523714065551758 446.77264404296875
16.523714065551758 446.77264404296875
16.523714065551758 446.77264404296875
16.523714065551758 446.77264404296875
16.523714065551758 446.77264404296875
16.523714065551758 446.77264404296875
16.523714065551758 446.77264404296875
16.523714065551758 446.77264404296875
16.523714065551758 446.77264404296875
16.523714065551758 446.77264404296875
16.523714065551758 446.77264404296875
16.523714065551758 446.77264404296875
16.523714065551758 446.77264404296875
16.523714065551758 446.77264404296875
16.523714065551758 446.77264404296875
16.523714065551758 446.77264404296875
16.523714065551758 446.77264404296875
16.523714065551758 446.77264404296875
16.523714065551758 446.77264404296875
16.523714065551758 446.77264404296875
16.523714065551758 446.77264404296875
16.523714065551758 446.77264404296875
16.523714065551758 446.77264404296875
16.523714065551758 446.77264404296875
16.523714065551758 446.77264404296875
16.523714065551758 446.77264404296875
16.523714065551758 446.77264404296875
16.523714065551758 446.77264404296875
16.523714065551758 446.77264404296875
16.523714065551758 446.77264404296875
16.523714065551758 446.77264404296875
16.523714065551758 446.77264404296875
16.523714065551758 446.77264404296875
16.523714065551758 446.77264404296875
16.523714065551758 446.77264404296875
16.523714065551758 446.77264404296875
16.523714065551758 446.77264404296875
16.523714065551758 446.77264404296875
16.523714065551758 446.77264404296875
16.523714065551758 446.77264404296875
16.523714065551758 446.77264404296875
16.523714065551758 446.77264404296875
16.523714065551758 446.77264404296875
16.523714065551758 446.77264404296875
16.523714065551758 446.77264404296875
16.523714065551758 446.77264404296875
16.523714065551758 446.77264404296875
16.523714065551758 446.77264404296875
16.523714065551758 446.77264404296875
16.523714065551758 446.77264404296875
16.523714065551758 446.77264404296875
16.523714065551758 446.77264404296875
16.523714065551758 446.77264404296875
16.523714065551758 446.77264404296875
16.523714065551758 446.77264404296875
16.523714065551758 446.77264404296875
16.523714065551758 446.77264404296875
16.523714065551758 446.77264404296875
16.523714065551758 446.77264404296875
16.523714065551758 446.77264404296875
16.523714065551758 446.77264404296875
16.523714065551758 446.77264404296875
16.523714065551758 446.77264404296875
16.523714065551758 446.77264404296875
16.523714065551758 446.77264404296875
16.523714065551758 446.77264404296875
16.523714065551758 446.77264404296875
16.523714065551758 446.77264404296875
16.523714065551758 446.77264404296875
16.523714065551758 446.77264404296875
16.523714065551758 446.77264404296875
16.523714065551758 446.77264404296875
16.523714065551758 446.77264404296875
16.523714065551758 446.77264404296875
16.523714065551758 446.77264404296875
16.523714065551758 446.77264404296875
16.523714065551758 446.77264404296875
16.523714065551758 446.77264404296875
16.523714065551758 446.77264404296875
16.523714065551758 446.77264404296875
16.523714065551758 446.77264404296875
16.523714065551758 446.77264404296875
16.523714065551758 446.77264404296875
16.523714065551758 446.77264404296875
16.523714065551758 446.77264404296875
16.523714065551758 446.77264404296875
16.523714065551758 446.77264404296875
16.523714065551758 446.77264404296875
16.523714065551758 446.77264404296875
16.523714065551758 446.77264404296875
16.523714065551758 446.77264404296875
16.523714065551758 446.77264404296875
16.523714065551758 446.77264404296875
16.523714065551758 446.77264404296875
16.523714065551758 446.77264404296875
16.523714065551758 446.77264404296875
16.523714065551758 446.77264404296875
16.523714065551758 446.77264404296875
16.523714065551758 446.77264404296875
16.523714065551758 446.77264404296875
16.523714065551758 446.77264404296875
16.523714065551758 446.77264404296875
16.523714065551758 446.77264404296875
16.523714065551758 446.77264404296875
16.523714065551758 446.77264404296875
16.523714065551758 446.77264404296875
16.523714065551758 446.77264404296875
16.523714065551758 446.77264404296875
16.523714065551758 446.77264404296875
16.523714065551758 446.77264404296875
16.523714065551758 446.77264404296875
16.523714065551758 446.77264404296875
16.523714065551758 446.77264404296875
16.523714065551758 446.77264404296875
16.523714065551758 446.77264404296875
16.523714065551758 446.77264404296875
16.523714065551758 446.77264404296875
16.523714065551758 446.77264404296875
16.523714065551758 446.77264404296875
16.523714065551758 446.77264404296875
16.523714065551758 446.77264404296875
16.523714065551758 446.77264404296875
16.523714065551758 446.77264404296875
16.523714065551758 446.77264404296875
16.523714065551758 446.77264404296875
16.523714065551758 446.77264404296875
16.523714065551758 446.77264404296875
16.523714065551758 446.77264404296875
16.523714065551758 446.77264404296875
16.523714065551758 446.77264404296875
16.523714065551758 446.77264404296875
16.523714065551758 446.77264404296875
16.523714065551758 446.77264404296875
16.523714065551758 446.77264404296875
16.523714065551758 446.77264404296875
16.523714065551758 446.77264404296875
16.523714065551758 446.77264404296875
16.523714065551758 446.77264404296875
16.523714065551758 446.77264404296875
16.523714065551758 446.77264404296875
16.523714065551758 446.77264404296875
16.523714065551758 446.77264404296875
16.523714065551758 446.77264404296875
16.523714065551758 446.77264404296875
16.523714065551758 446.77264404296875
16.523714065551758 446.77264404296875
16.523714065551758 446.77264404296875
16.523714065551758 446.77264404296875
16.523714065551758 446.77264404296875
16.523714065551758 446.77264404296875
16.523714065551758 446.77264404296875
16.523714065551758 446.77264404296875
16.523714065551758 446.77264404296875
16.523714065551758 446.77264404296875
16.523714065551758 446.77264404296875
16.523714065551758 446.77264404296875
16.523714065551758 446.77264404296875
16.523714065551758 446.77264404296875
16.523714065551758 446.77264404296875
16.523714065551758 446.77264404296875
16.523714065551758 446.77264404296875
16.523714065551758 446.77264404296875
16.523714065551758 446.77264404296875
16.523714065551758 446.77264404296875
16.523714065551758 446.77264404296875
16.523714065551758 446.77264404296875
16.523714065551758 446.77264404296875
16.523714065551758 446.77264404296875
16.523714065551758 446.77264404296875
16.523714065551758 446.77264404296875
16.523714065551758 446.77264404296875
16.523714065551758 446.77264404296875
16.523714065551758 446.77264404296875
16.523714065551758 446.77264404296875
16.523714065551758 446.77264404296875
16.523714065551758 446.77264404296875
16.523714065551758 446.77264404296875
16.523714065551758 446.77264404296875
16.523714065551758 446.77264404296875
16.523714065551758 446.77264404296875
16.523714065551758 446.77264404296875
16.523714065551758 446.77264404296875
16.523714065551758 446.77264404296875
16.523714065551758 446.77264404296875
16.523714065551758 446.77264404296875
16.523714065551758 446.77264404296875
16.523714065551758 446.77264404296875
16.523714065551758 446.77264404296875
16.523714065551758 446.77264404296875
16.523714065551758 446.77264404296875
16.523714065551758 446.77264404296875
16.523714065551758 446.77264404296875
16.523714065551758 446.77264404296875
16.523714065551758 446.77264404296875
16.523714065551758 446.77264404296875
16.523714065551758 446.77264404296875
16.523714065551758 446.77264404296875
16.523714065551758 446.77264404296875
16.523714065551758 446.77264404296875
16.523714065551758 446.77264404296875
16.523714065551758 446.77264404296875
16.523714065551758 446.77264404296875
16.523714065551758 446.77264404296875
16.523714065551758 446.77264404296875
16.523714065551758 446.77264404296875
16.523714065551758 446.77264404296875
16.523714065551758 446.77264404296875
16.523714065551758 446.77264404296875
16.523714065551758 446.77264404296875
16.523714065551758 446.77264404296875
16.523714065551758 446.77264404296875
16.523714065551758 446.77264404296875
16.523714065551758 446.77264404296875
16.523714065551758 446.77264404296875
16.523714065551758 446.77264404296875
16.523714065551758 446.77264404296875
16.523714065551758 446.77264404296875
16.523714065551758 446.77264404296875
16.523714065551758 446.77264404296875
16.523714065551758 446.77264404296875
16.523714065551758 446.77264404296875
16.523714065551758 446.77264404296875
16.523714065551758 446.77264404296875
16.523714065551758 446.77264404296875
16.523714065551758 446.77264404296875
16.523714065551758 446.77264404296875
16.523714065551758 446.77264404296875
16.523714065551758 446.77264404296875
16.523714065551758 446.77264404296875
16.523714065551758 446.77264404296875
16.523714065551758 446.77264404296875
16.523714065551758 446.77264404296875
16.523714065551758 446.77264404296875
16.523714065551758 446.77264404296875
16.523714065551758 446.77264404296875
16.523714065551758 446.77264404296875
16.523714065551758 446.77264404296875
16.523714065551758 446.77264404296875
16.523714065551758 446.77264404296875
16.523714065551758 446.77264404296875
16.523714065551758 446.77264404296875
16.523714065551758 446.77264404296875
16.523714065551758 446.77264404296875
16.523714065551758 446.77264404296875
16.523714065551758 446.77264404296875
16.523714065551758 446.77264404296875
16.523714065551758 446.77264404296875
16.523714065551758 446.77264404296875
16.523714065551758 446.77264404296875
16.523714065551758 446.77264404296875
16.523714065551758 446.77264404296875
16.523714065551758 446.77264404296875
16.523714065551758 446.77264404296875
16.523714065551758 446.77264404296875
16.523714065551758 446.77264404296875
16.523714065551758 446.77264404296875
16.523714065551758 446.77264404296875
16.523714065551758 446.77264404296875
16.523714065551758 446.77264404296875
16.523714065551758 446.77264404296875
16.523714065551758 446.77264404296875
16.523714065551758 446.77264404296875
16.523714065551758 446.77264404296875
16.523714065551758 446.77264404296875
16.523714065551758 446.77264404296875
16.523714065551758 446.77264404296875
16.523714065551758 446.77264404296875
16.523714065551758 446.77264404296875
16.523714065551758 446.77264404296875
16.523714065551758 446.77264404296875
16.523714065551758 446.77264404296875
16.523714065551758 446.77264404296875
16.523714065551758 446.77264404296875
16.523714065551758 446.77264404296875
16.523714065551758 446.77264404296875
16.523714065551758 446.77264404296875
16.523714065551758 446.77264404296875
16.523714065551758 446.77264404296875
16.523714065551758 446.77264404296875
16.523714065551758 446.77264404296875
16.523714065551758 446.77264404296875
16.523714065551758 446.77264404296875
16.523714065551758 446.77264404296875
16.523714065551758 446.77264404296875
16.523714065551758 446.77264404296875
16.523714065551758 446.77264404296875
16.523714065551758 446.77264404296875
16.523714065551758 446.77264404296875
16.523714065551758 446.77264404296875
16.523714065551758 446.77264404296875
16.523714065551758 446.77264404296875
16.523714065551758 446.77264404296875
16.523714065551758 446.77264404296875
16.523714065551758 446.77264404296875
16.523714065551758 446.77264404296875
16.523714065551758 446.77264404296875
16.523714065551758 446.77264404296875
16.523714065551758 446.77264404296875
16.523714065551758 446.77264404296875
16.523714065551758 446.77264404296875
16.523714065551758 446.77264404296875
16.523714065551758 446.77264404296875
16.523714065551758 446.77264404296875
16.523714065551758 446.77264404296875
16.523714065551758 446.77264404296875
16.523714065551758 446.77264404296875
16.523714065551758 446.77264404296875
16.523714065551758 446.77264404296875
16.523714065551758 446.77264404296875
16.523714065551758 446.77264404296875
16.523714065551758 446.77264404296875
16.523714065551758 446.77264404296875
16.523714065551758 446.77264404296875
16.523714065551758 446.77264404296875
16.523714065551758 446.77264404296875
16.523714065551758 446.77264404296875
16.523714065551758 446.77264404296875
16.523714065551758 446.77264404296875
16.523714065551758 446.77264404296875
16.523714065551758 446.77264404296875
16.523714065551758 446.77264404296875
16.523714065551758 446.77264404296875
16.523714065551758 446.77264404296875
16.523714065551758 446.77264404296875
16.523714065551758 446.77264404296875
16.523714065551758 446.77264404296875
16.523714065551758 446.77264404296875
16.523714065551758 446.77264404296875
16.523714065551758 446.77264404296875
16.523714065551758 446.77264404296875
16.523714065551758 446.77264404296875
16.523714065551758 446.77264404296875
16.523714065551758 446.77264404296875
16.523714065551758 446.77264404296875
16.523714065551758 446.77264404296875
16.523714065551758 446.77264404296875
16.523714065551758 446.77264404296875
16.523714065551758 446.77264404296875
16.523714065551758 446.77264404296875
16.523714065551758 446.77264404296875
16.523714065551758 446.77264404296875
16.523714065551758 446.77264404296875
16.523714065551758 446.77264404296875
16.523714065551758 446.77264404296875
16.523714065551758 446.77264404296875
16.523714065551758 446.77264404296875
16.523714065551758 446.77264404296875
16.523714065551758 446.77264404296875
16.523714065551758 446.77264404296875
16.523714065551758 446.77264404296875
16.523714065551758 446.77264404296875
16.523714065551758 446.77264404296875
16.523714065551758 446.77264404296875
16.523714065551758 446.77264404296875
16.523714065551758 446.77264404296875
16.523714065551758 446.77264404296875
16.523714065551758 446.77264404296875
16.523714065551758 446.77264404296875
16.523714065551758 446.77264404296875
16.523714065551758 446.77264404296875
16.523714065551758 446.77264404296875
16.523714065551758 446.77264404296875
16.523714065551758 446.77264404296875
16.523714065551758 446.77264404296875
16.523714065551758 446.77264404296875
16.523714065551758 446.77264404296875
16.523714065551758 446.77264404296875
16.523714065551758 446.77264404296875
16.523714065551758 446.77264404296875
16.523714065551758 446.77264404296875
16.523714065551758 446.77264404296875
16.523714065551758 446.77264404296875
16.523714065551758 446.77264404296875
16.523714065551758 446.77264404296875
16.523714065551758 446.77264404296875
16.523714065551758 446.77264404296875
16.523714065551758 446.77264404296875
16.523714065551758 446.77264404296875
16.523714065551758 446.77264404296875
16.523714065551758 446.77264404296875
16.523714065551758 446.77264404296875
16.523714065551758 446.77264404296875
16.523714065551758 446.77264404296875
16.523714065551758 446.77264404296875
16.523714065551758 446.77264404296875
16.523714065551758 446.77264404296875
16.523714065551758 446.77264404296875
16.523714065551758 446.77264404296875
16.523714065551758 446.77264404296875
16.523714065551758 446.77264404296875
16.523714065551758 446.77264404296875
16.523714065551758 446.77264404296875
16.523714065551758 446.77264404296875
16.523714065551758 446.77264404296875
16.523714065551758 446.77264404296875
16.523714065551758 446.77264404296875
16.523714065551758 446.77264404296875
16.523714065551758 446.77264404296875
16.523714065551758 446.77264404296875
16.523714065551758 446.77264404296875
16.523714065551758 446.77264404296875
16.523714065551758 446.77264404296875
16.523714065551758 446.77264404296875
16.523714065551758 446.77264404296875
16.523714065551758 446.77264404296875
16.523714065551758 446.77264404296875
16.523714065551758 446.77264404296875
16.523714065551758 446.77264404296875
16.523714065551758 446.77264404296875
16.523714065551758 446.77264404296875
16.523714065551758 446.77264404296875
16.523714065551758 446.77264404296875
16.523714065551758 446.77264404296875
16.523714065551758 446.77264404296875
16.523714065551758 446.77264404296875
16.523714065551758 446.77264404296875
16.523714065551758 446.77264404296875
16.523714065551758 446.77264404296875
16.523714065551758 446.77264404296875
16.523714065551758 446.77264404296875
16.523714065551758 446.77264404296875
16.523714065551758 446.77264404296875
16.523714065551758 446.77264404296875
16.523714065551758 446.77264404296875
16.523714065551758 446.77264404296875
16.523714065551758 446.77264404296875
16.523714065551758 446.77264404296875
16.523714065551758 446.77264404296875
16.523714065551758 446.77264404296875
16.523714065551758 446.77264404296875
16.523714065551758 446.77264404296875
16.523714065551758 446.77264404296875
16.523714065551758 446.77264404296875
16.523714065551758 446.77264404296875
16.523714065551758 446.77264404296875
16.523714065551758 446.77264404296875
16.523714065551758 446.77264404296875
16.523714065551758 446.77264404296875
16.523714065551758 446.77264404296875
16.523714065551758 446.77264404296875
16.523714065551758 446.77264404296875
16.523714065551758 446.77264404296875
16.523714065551758 446.77264404296875
16.523714065551758 446.77264404296875
16.523714065551758 446.77264404296875
16.523714065551758 446.77264404296875
16.523714065551758 446.77264404296875
16.523714065551758 446.77264404296875
16.523714065551758 446.77264404296875
16.523714065551758 446.77264404296875
16.523714065551758 446.77264404296875
16.523714065551758 446.77264404296875
16.523714065551758 446.77264404296875
16.523714065551758 446.77264404296875
16.523714065551758 446.77264404296875
16.523714065551758 446.77264404296875
16.523714065551758 446.77264404296875
16.523714065551758 446.77264404296875
16.523714065551758 446.77264404296875
16.523714065551758 446.77264404296875
16.523714065551758 446.77264404296875
16.523714065551758 446.77264404296875
16.523714065551758 446.77264404296875
16.523714065551758 446.77264404296875
16.523714065551758 446.77264404296875
16.523714065551758 446.77264404296875
16.523714065551758 446.77264404296875
16.523714065551758 446.77264404296875
16.523714065551758 446.77264404296875
16.523714065551758 446.77264404296875
16.523714065551758 446.77264404296875
16.523714065551758 446.77264404296875
16.523714065551758 446.77264404296875
16.523714065551758 446.77264404296875
16.523714065551758 446.77264404296875
16.523714065551758 446.77264404296875
16.523714065551758 446.77264404296875
16.523714065551758 446.77264404296875
16.523714065551758 446.77264404296875
16.523714065551758 446.77264404296875
16.523714065551758 446.77264404296875
16.523714065551758 446.77264404296875
16.523714065551758 446.77264404296875
16.523714065551758 446.77264404296875
16.523714065551758 446.77264404296875
16.523714065551758 446.77264404296875
16.523714065551758 446.77264404296875
16.523714065551758 446.77264404296875
16.523714065551758 446.77264404296875
16.523714065551758 446.77264404296875
16.523714065551758 446.77264404296875
16.523714065551758 446.77264404296875
16.523714065551758 446.77264404296875
16.523714065551758 446.77264404296875
16.523714065551758 446.77264404296875
16.523714065551758 446.77264404296875
16.523714065551758 446.77264404296875
16.523714065551758 446.77264404296875
16.523714065551758 446.77264404296875
16.523714065551758 446.77264404296875
16.523714065551758 446.77264404296875
16.523714065551758 446.77264404296875
16.523714065551758 446.77264404296875
16.523714065551758 446.77264404296875
16.523714065551758 446.77264404296875
16.523714065551758 446.77264404296875
16.523714065551758 446.77264404296875
16.523714065551758 446.77264404296875
16.523714065551758 446.77264404296875
16.523714065551758 446.77264404296875
16.523714065551758 446.77264404296875
16.523714065551758 446.77264404296875
16.523714065551758 446.77264404296875
16.523714065551758 446.77264404296875
16.523714065551758 446.77264404296875
