60.057918548583984 450.05377197265625
60.17863845825195 450.1500549316406
60.3062858581543 450.2369384765625
60.44013595581055 450.31390380859375
60.57942199707031 450.38055419921875
60.72334289550781 450.43646240234375
60.8710823059082 450.4813537597656
61.02178955078125 450.51495361328125
61.17460632324219 450.53704833984375
61.32865524291992 450.54754638671875
61.483055114746094 450.5463562011719
61.636924743652344 450.53350830078125
61.78938293457031 450.5090637207031
61.93955993652344 450.4731750488281
62.08659362792969 450.426025390625
62.229644775390625 450.367919921875
62.367897033691406 450.2991638183594
62.50055694580078 450.22015380859375
62.62686538696289 450.13134765625
62.746097564697266 450.0332336425781
62.857574462890625 449.9263916015625
62.96065902709961 449.8114318847656
63.05475997924805 449.68902587890625
63.139339447021484 449.5598449707031
63.21391677856445 449.4246520996094
63.27806091308594 449.2842102050781
63.33140563964844 449.1393127441406
63.37364959716797 448.99078369140625
63.40454864501953 448.8395080566406
63.42392349243164 448.6863098144531
63.43166732788086 448.5321044921875
63.427734375 448.37774658203125
63.41214370727539 448.22412109375
63.38499069213867 448.0721130371094
63.34642791748047 447.922607421875
63.29667282104492 447.77642822265625
63.23601531982422 447.6344299316406
63.164798736572266 447.4974365234375
63.083431243896484 447.3662109375
62.99238204956055 447.24151611328125
62.89216613769531 447.1240539550781
62.783355712890625 447.0144958496094
62.66656494140625 446.9134521484375
62.54237747192383 446.82147216796875
62.41130447387695 446.73895263671875
62.27360534667969 446.6661682128906
62.129188537597656 446.603271484375
61.97734832763672 446.5503234863281
61.82011032104492 446.5084533691406
61.66047668457031 446.4785461425781
61.50513458251953 446.46142578125
61.35052490234375 446.4561462402344
61.196224212646484 446.4625549316406
61.12281036376953 446.4712219238281
61.15053176879883 446.4657897949219
61.17778015136719 446.4583435058594
61.204402923583984 446.4488830566406
61.23025131225586 446.4374694824219
61.255184173583984 446.4241943359375
61.2790641784668 446.4090881347656
61.3017578125 446.39227294921875
61.323143005371094 446.3738098144531
61.343101501464844 446.35382080078125
61.36152267456055 446.3323974609375
61.3783073425293 446.3096618652344
61.39331817626953 446.28582763671875
61.406471252441406 446.26104736328125
61.4176139831543 446.23565673828125
61.42631530761719 446.21099853515625
61.43247604370117 446.18829345703125
61.432838439941406 446.1864013671875
61.424110412597656 446.2622985839844
61.41872787475586 446.4033508300781
61.424537658691406 446.55731201171875
61.4420051574707 446.7107238769531
61.47101593017578 446.86236572265625
61.51140594482422 447.0113830566406
61.56294250488281 447.15692138671875
61.62533187866211 447.29815673828125
61.698219299316406 447.43426513671875
61.781185150146484 447.5644836425781
61.873756408691406 447.68804931640625
61.97540283203125 447.8042907714844
62.085540771484375 447.9125061035156
62.20354461669922 448.0120849609375
62.3287353515625 448.10247802734375
62.46039962768555 448.1831359863281
62.597782135009766 448.25360107421875
62.7401008605957 448.3135070800781
62.88653564453125 448.3624572753906
63.0362548828125 448.40020751953125
63.18840026855469 448.4265441894531
63.342098236083984 448.4413146972656
63.4964714050293 448.4444274902344
63.650638580322266 448.43585205078125
63.80371856689453 448.4156494140625
63.954833984375 448.3839416503906
64.10311889648438 448.3409118652344
64.24772644042969 448.2867736816406
64.38783264160156 448.22186279296875
64.52262878417969 448.14654541015625
64.65135192871094 448.061279296875
64.77326202392578 447.9665222167969
64.88765716552734 447.8628234863281
64.99388885498047 447.7507629394531
65.09134674072266 447.6310119628906
65.17947387695312 447.5042419433594
65.25776672363281 447.37115478515625
65.3257827758789 447.2325439453125
65.38312530517578 447.08917236328125
65.4294662475586 446.94189453125
65.46454620361328 446.7915344238281
65.4881591796875 446.6389465332031
65.50017547607422 446.4850158691406
65.50051879882812 446.3305969238281
65.48919677734375 446.1766052246094
65.46627044677734 446.02392578125
65.43186950683594 445.8734130859375
65.38618469238281 445.7259216308594
65.32948303222656 445.5823059082031
65.26209259033203 445.4433898925781
65.18439483642578 445.3099670410156
65.09683227539062 445.18280029296875
64.99990844726562 445.0625915527344
64.89418029785156 444.9500732421875
64.7802505493164 444.8458557128906
64.65874481201172 444.7505187988281
64.53031921386719 444.66461181640625
64.39559173583984 444.5885314941406
64.2550048828125 444.52264404296875
64.10894012451172 444.4671936035156
63.957855224609375 444.42254638671875
63.80354309082031 444.3893737792969
63.645999908447266 444.36773681640625
63.491455078125 444.3583068847656
63.33700942993164 444.3605651855469
63.22299575805664 444.3709411621094
63.25056838989258 444.3663330078125
63.27800750732422 444.359619140625
63.304874420166016 444.35089111328125
63.33102035522461 444.3401794433594
63.356300354003906 444.32757568359375
63.380577087402344 444.3131103515625
63.403717041015625 444.2969055175781
63.42559051513672 444.2790222167969
63.44607925415039 444.25958251953125
63.46507263183594 444.2386779785156
63.48245620727539 444.2164306640625
63.49797058105469 444.1932067871094
63.51142501831055 444.1694030761719
63.52280807495117 444.145263671875
63.531898498535156 444.1215515136719
63.53665542602539 444.105712890625
63.53167724609375 444.1283264160156
63.51679992675781 444.2336730957031
63.50737380981445 444.3805847167969
63.509178161621094 444.5347900390625
63.522647857666016 444.6885986328125
63.54770278930664 444.8409729003906
63.58420181274414 444.9909973144531
63.631935119628906 445.1378479003906
63.69063186645508 445.2806701660156
63.759952545166016 445.41864013671875
63.83950424194336 445.55096435546875
63.928829193115234 445.6769104003906
64.02742004394531 445.7957458496094
64.13470458984375 445.90679931640625
64.25007629394531 446.0094299316406
64.37287139892578 446.10302734375
64.50239562988281 446.18707275390625
64.63790130615234 446.2611083984375
64.77861022949219 446.3246765136719
64.92372131347656 446.37744140625
65.07240295410156 446.4190673828125
65.22380828857422 446.4493408203125
65.37706756591797 446.4681091308594
65.53131103515625 446.4752197265625
65.6856460571289 446.4706726074219
65.83919525146484 446.4544677734375
65.99108123779297 446.42669677734375
66.14043426513672 446.38751220703125
66.2863998413086 446.337158203125
66.42814636230469 446.2759094238281
66.56485748291016 446.2041320800781
66.69575500488281 446.1222229003906
66.82008361816406 446.0306701660156
66.93714141845703 445.92999267578125
67.04624938964844 445.82073974609375
67.14678955078125 445.70355224609375
67.23818969726562 445.5791015625
67.3199234008789 445.4480895996094
67.39151763916016 445.311279296875
67.45256805419922 445.1694641113281
67.50273132324219 445.0234375
67.54170989990234 444.8740234375
67.56928253173828 444.72210693359375
67.58529663085938 444.56854248046875
67.58966064453125 444.4141845703125
67.58234405517578 444.25994873046875
67.56339263916016 444.1067199707031
67.53291320800781 443.9553527832031
67.49108123779297 443.8067321777344
67.43814086914062 443.66168212890625
67.3743896484375 443.52105712890625
67.30018615722656 443.3856506347656
67.2159652709961 443.2562255859375
67.12220001220703 443.133544921875
67.0194320678711 443.018310546875
66.90824890136719 442.9111633300781
66.7892837524414 442.8127136230469
66.6632080078125 442.7235412597656
66.53070831298828 442.6441345214844
66.39237976074219 442.5748596191406
66.24883270263672 442.5160827636719
66.10107421875 442.4682312011719
65.9499740600586 442.431640625
65.79615020751953 442.406494140625
65.64153289794922 442.3930969238281
65.487060546875 442.3914489746094
65.33573150634766 442.4012756347656
65.35835266113281 442.3981018066406
65.38594818115234 442.39208984375
65.41303253173828 442.3840637207031
65.43944549560547 442.3740539550781
65.46504974365234 442.3620910644531
65.48969268798828 442.3482666015625
65.51324462890625 442.3326721191406
65.53557586669922 442.31536865234375
65.55656433105469 442.29644775390625
65.57608795166016 442.2760314941406
65.59402465820312 442.2542419433594
65.60960388183594 442.232177734375
65.62313842773438 442.2096252441406
65.6337890625 442.1884765625
65.63909912109375 442.1756286621094
65.6394271850586 442.17462158203125
65.6160888671875 442.26959228515625
65.5925521850586 442.4112243652344
65.57897186279297 442.563720703125
65.57694244384766 442.71807861328125
65.58658599853516 442.8721923828125
65.60784912109375 443.0251159667969
65.64060974121094 443.1759948730469
65.68467712402344 443.323974609375
65.73980712890625 443.46820068359375
65.80567932128906 443.60784912109375
65.88191223144531 443.74212646484375
65.96807861328125 443.8702392578125
66.06368255615234 443.9914855957031
66.16817474365234 444.10516357421875
66.28096008300781 444.21063232421875
66.4013900756836 444.3072509765625
66.5287857055664 444.3945007324219
66.66240692138672 444.47186279296875
66.8014907836914 444.5389099121094
66.94525146484375 444.5952453613281
67.09285736083984 444.64056396484375
67.24346160888672 444.6745910644531
67.39620971679688 444.6971435546875
67.55022430419922 444.7080993652344
67.70462799072266 444.7073669433594
67.85853576660156 444.6949768066406
68.01107025146484 444.6709899902344
68.1613540649414 444.6355285644531
68.30852508544922 444.5888366699219
68.45174407958984 444.5311584472656
68.59019470214844 444.4627990722656
68.72308349609375 444.3841857910156
68.84965515136719 444.2957458496094
68.96917724609375 444.197998046875
69.08097076416016 444.09149169921875
69.18439483642578 443.9768371582031
69.27885437011719 443.8547058105469
69.36381530761719 443.72576904296875
69.43878936767578 443.5907897949219
69.50334930419922 443.4505310058594
69.55712127685547 443.3057861328125
69.59980010986328 443.15740966796875
69.63114166259766 443.0062255859375
69.65097045898438 442.85308837890625
69.65917205810547 442.69891357421875
69.65569305419922 442.5445556640625
69.64055633544922 442.3908996582031
69.61385345458984 442.23883056640625
69.57572937011719 442.0892028808594
69.52640533447266 441.9429016113281
69.4661636352539 441.80072021484375
69.39535522460938 441.66351318359375
69.31437683105469 441.53204345703125
69.22369384765625 441.4070739746094
69.12382507324219 441.289306640625
69.01534271240234 441.179443359375
68.89886474609375 441.0780944824219
68.77505493164062 440.9858093261719
68.64460754394531 440.90313720703125
68.50824737548828 440.8305358886719
68.36669158935547 440.7684020996094
68.22068786621094 440.71710205078125
68.07110595703125 440.67694091796875
67.91879272460938 440.6481628417969
67.7647476196289 440.6309814453125
67.61029815673828 440.6255187988281
67.4560317993164 440.6317138671875
67.41031646728516 440.6370544433594
67.4379653930664 440.6316833496094
67.46521759033203 440.624267578125
67.49185180664062 440.6148376464844
67.51771545410156 440.6034851074219
67.54267120361328 440.5902404785156
67.56657409667969 440.5751647949219
67.58929443359375 440.5583801269531
67.61071014404297 440.5399475097656
67.63068389892578 440.5199890136719
67.6490249633789 440.49871826171875
67.6632080078125 440.4795837402344
67.67386627197266 440.46270751953125
67.6812973022461 440.44873046875
67.67953491210938 440.4527587890625
67.66075134277344 440.5062561035156
67.63727569580078 440.5941162109375
67.61002349853516 440.7398986816406
67.59324645996094 440.89312744140625
67.58808898925781 441.04742431640625
67.5946044921875 441.2016906738281
67.61276245117188 441.3550109863281
67.6424560546875 441.50653076171875
67.68351745605469 441.6553649902344
67.73571014404297 441.8006896972656
67.79873657226562 441.941650390625
67.87223815917969 442.07745361328125
67.95579528808594 442.2073059082031
68.04891967773438 442.3304748535156
68.15109252929688 442.4462585449219
68.26171875 442.5539855957031
68.38017272949219 442.6530456542969
68.50576782226562 442.74285888671875
68.6377944946289 442.8229064941406
68.77549743652344 442.89276123046875
68.91808319091797 442.9519958496094
69.06474304199219 443.00030517578125
69.21463012695312 443.0373840332031
69.36688995361328 443.0630187988281
69.5206527709961 443.07708740234375
69.67504119873047 443.0794982910156
69.82917022705078 443.0702209472656
69.9821548461914 443.04931640625
70.13312530517578 443.01690673828125
70.28121185302734 442.97320556640625
70.42557525634766 442.9184265136719
70.56538391113281 442.8529052734375
70.69983673095703 442.7769775390625
70.82817077636719 442.6911315917969
70.94964599609375 442.5958251953125
71.0635757446289 442.4916076660156
71.16930389404297 442.37908935546875
71.26622009277344 442.2588806152344
71.35377502441406 442.1317138671875
71.43146514892578 441.998291015625
71.49885559082031 441.859375
71.55554962158203 441.71575927734375
71.60122680664062 441.5682678222656
71.63562774658203 441.4177551269531
71.65855407714844 441.26507568359375
71.66987609863281 441.111083984375
71.66952514648438 440.9566650390625
71.65750885009766 440.802734375
71.6338882446289 440.650146484375
71.59880065917969 440.4997863769531
71.55245208740234 440.3525085449219
71.49510192871094 440.2091369628906
71.42708587646484 440.0705261230469
71.34878540039062 439.93743896484375
71.26065063476562 439.8106689453125
71.1631851196289 439.69091796875
71.05694580078125 439.578857421875
70.94254302978516 439.47515869140625
70.82063293457031 439.3804016113281
70.69190216064453 439.2951354980469
70.55709075927734 439.2198181152344
70.41694641113281 439.1549072265625
70.27220916748047 439.1007385253906
70.12376403808594 439.0576477050781
69.97240447998047 439.02587890625
69.8190689086914 439.0056457519531
69.66471099853516 438.9970703125
69.51030731201172 439.0001525878906
69.3879165649414 439.011962890625
69.41348266601562 439.0075378417969
69.44076538085938 439.0007019042969
69.4675064086914 438.9918518066406
69.49357604980469 438.98101806640625
69.51878356933594 438.96826171875
69.54297637939453 438.95367431640625
69.5660171508789 438.9373474121094
69.5877685546875 438.91937255859375
69.60812377929688 438.89984130859375
69.6265640258789 438.8793029785156
69.63519287109375 438.8681335449219
69.63863372802734 438.8629150390625
69.6376724243164 438.8646240234375
69.6231460571289 438.8961486816406
69.59168243408203 438.98095703125
69.55977630615234 439.09246826171875
69.5294418334961 439.24017333984375
69.50992584228516 439.3931579589844
69.50202178955078 439.5473327636719
69.50579071044922 439.7016906738281
69.5212173461914 439.8553161621094
69.54821014404297 440.0073547363281
69.58661651611328 440.15692138671875
69.63621520996094 440.3031311035156
69.69672393798828 440.4451904296875
69.7677993774414 440.582275390625
69.84902954101562 440.7135925292969
69.93994903564453 440.83837890625
70.0400390625 440.9559631347656
70.14873504638672 441.0656433105469
70.2654037475586 441.1667785644531
70.3893814086914 441.2588195800781
70.51996612548828 441.3412170410156
70.65640258789062 441.41351318359375
70.79791259765625 441.47528076171875
70.94368743896484 441.52618408203125
71.09288787841797 441.56591796875
71.24466705322266 441.5942687988281
71.39815521240234 441.6110534667969
71.55247497558594 441.6162109375
71.70674133300781 441.60968017578125
71.86007690429688 441.5915222167969
72.0115966796875 441.56182861328125
72.16043853759766 441.520751953125
72.30575561523438 441.4685363769531
72.44670867919922 441.4054870605469
72.5824966430664 441.33197021484375
72.71234130859375 441.2484130859375
72.83549499511719 441.1552734375
72.95125579833984 441.0531005859375
73.05896759033203 440.9424743652344
73.15801239013672 440.8240051269531
73.24781799316406 440.6983947753906
73.32787322998047 440.5663757324219
73.39772033691406 440.4286804199219
73.45696258544922 440.2861022949219
73.50525665283203 440.1394348144531
73.54232788085938 439.9895324707031
73.5679702758789 439.8372802734375
73.58203125 439.6835021972656
73.58442687988281 439.52911376953125
73.57514953613281 439.375
73.55425262451172 439.2220153808594
73.5218505859375 439.071044921875
73.47813415527344 438.9229431152344
73.42334747314453 438.7785949707031
73.35780334472656 438.6387939453125
73.2818832397461 438.50433349609375
73.1960220336914 438.3760070800781
73.1007080078125 438.2545471191406
72.9964828491211 438.140625
72.88394927978516 438.034912109375
72.76374053955078 437.93798828125
72.63655090332031 437.8504333496094
72.50310516357422 437.7727355957031
72.36416625976562 437.7053527832031
72.22051239013672 437.6486511230469
72.07295227050781 437.60296630859375
71.92233276367188 437.56854248046875
71.76952362060547 437.54559326171875
71.61544036865234 437.5342712402344
71.46099853515625 437.5346374511719
71.30838775634766 437.54656982421875
71.28528594970703 437.5501403808594
71.31012725830078 437.5443420410156
71.3365249633789 437.5361022949219
71.36261749267578 437.5257568359375
71.38798522949219 437.5134582519531
71.41239166259766 437.4992980957031
71.43565368652344 437.4833984375
71.4576416015625 437.4658508300781
71.47787475585938 437.44708251953125
71.49556732177734 437.42803955078125
71.4900131225586 437.43499755859375
71.47814178466797 437.4524230957031
71.45343017578125 437.4953918457031
71.4130859375 437.5799255371094
71.36551666259766 437.7030029296875
71.32250213623047 437.8456726074219
71.2894515991211 437.9955139160156
71.26770782470703 438.14825439453125
71.25756072998047 438.30230712890625
71.25908660888672 438.4566955566406
71.27227783203125 438.61053466796875
71.29705810546875 438.762939453125
71.33328247070312 438.91302490234375
71.38075256347656 439.0599670410156
71.4391860961914 439.202880859375
71.50825500488281 439.3409729003906
71.58756256103516 439.47344970703125
71.6766586303711 439.59954833984375
71.77503204345703 439.71856689453125
71.88211822509766 439.8298034667969
71.99730682373047 439.9326171875
72.11993408203125 440.0264587402344
72.24930572509766 440.1107482910156
72.38467407226562 440.1850280761719
72.5252685546875 440.2488708496094
72.6702880859375 440.3018798828125
72.81890106201172 440.3437805175781
72.97025299072266 440.37432861328125
73.12348175048828 440.39337158203125
73.2777099609375 440.4007568359375
73.43206024169922 440.396484375
73.58563995361328 440.38055419921875
73.73757934570312 440.3530578613281
73.88700866699219 440.31414794921875
74.03306579589844 440.2640686035156
74.17491912841797 440.2030944824219
74.31175994873047 440.1315612792969
74.44280242919922 440.0498962402344
74.56729888916016 439.95855712890625
74.68453979492188 439.8580627441406
74.7938461303711 439.7490234375
74.89459991455078 439.63201904296875
74.98622131347656 439.50775146484375
75.06819152832031 439.37689208984375
75.1400375366211 439.240234375
75.20134735107422 439.0985107421875
75.25177001953125 438.95257568359375
75.29102325439453 438.8032531738281
75.31887817382812 438.6513671875
75.33517456054688 438.4978332519531
75.3398208618164 438.343505859375
75.3327865600586 438.18927001953125
75.31411743164062 438.0360107421875
75.2839126586914 437.88458251953125
75.24235534667969 437.7358703613281
75.1896743774414 437.5907287597656
75.12617492675781 437.4499816894531
75.0522232055664 437.314453125
74.9682388305664 437.18487548828125
74.87470245361328 437.0620422363281
74.77214813232422 436.9466247558594
74.66116333007812 436.8392639160156
74.5423812866211 436.7406005859375
74.4164810180664 436.6512145996094
74.28418731689453 436.57159423828125
74.14624786376953 436.502197265625
74.00344848632812 436.44342041015625
73.85660552978516 436.3955993652344
73.70655822753906 436.3590087890625
73.55416870117188 436.3338623046875
73.40031433105469 436.3203125
73.24588775634766 436.31842041015625
73.09200286865234 436.32818603515625
72.98272705078125 436.3435363769531
72.9925308227539 436.3414001464844
73.01593017578125 436.33441162109375
73.04187774658203 436.32452392578125
73.06703186035156 436.312744140625
73.09139251708984 436.2990417480469
73.11467742919922 436.2835693359375
73.13664245605469 436.2664794921875
73.15625 436.2487487792969
73.1596450805664 436.24517822265625
73.13259887695312 436.27825927734375
73.09978485107422 436.3252868652344
73.05778503417969 436.3965759277344
73.00702667236328 436.5000915527344
72.95520782470703 436.6299743652344
72.91016387939453 436.7737121582031
72.87543487548828 436.92340087890625
72.85201263427734 437.07598876953125
72.8401870727539 437.2299499511719
72.84003448486328 437.3843688964844
72.85154724121094 437.538330078125
72.87466430664062 437.6910095214844
72.90925598144531 437.84149169921875
72.95512390136719 437.9889221191406
73.01200103759766 438.1324768066406
73.0795669555664 438.27130126953125
73.15743255615234 438.4046325683594
73.24514770507812 438.5317077636719
73.34221649169922 438.65179443359375
73.44808197021484 438.7641906738281
73.56214141845703 438.8682556152344
73.6837387084961 438.9634094238281
73.81217956542969 439.0491027832031
73.94673156738281 439.1248474121094
74.08662414550781 439.1902160644531
74.2310562133789 439.24481201171875
74.37920379638672 439.288330078125
74.53021240234375 439.3205261230469
74.6832275390625 439.3412170410156
74.83736419677734 439.35028076171875
74.99174499511719 439.3476867675781
75.14549255371094 439.33343505859375
75.29772186279297 439.3075866699219
75.44756317138672 439.27032470703125
75.59415435791016 439.2218322753906
75.73666381835938 439.16241455078125
75.87427520751953 439.0923767089844
76.0062026977539 439.01214599609375
76.13168334960938 438.92218017578125
76.25000762939453 438.8229675292969
76.3604965209961 438.7151184082031
76.46251678466797 438.5992126464844
76.55548858642578 438.4759216308594
76.63887786865234 438.3459777832031
76.71220397949219 438.2100830078125
76.77505493164062 438.0690612792969
76.82706451416016 437.9236755371094
76.86793518066406 437.7747802734375
76.8974380493164 437.62322998046875
76.9154052734375 437.4698791503906
76.9217300415039 437.31561279296875
76.91637420654297 437.1612854003906
76.89936828613281 437.0078125
76.87081909179688 436.8560791015625
76.83087921142578 436.7069396972656
76.77978515625 436.5612487792969
76.71781921386719 436.4198303222656
76.64534759521484 436.2834777832031
76.56277465820312 436.15301513671875
76.4705810546875 436.0291442871094
76.3692855834961 435.91259765625
76.25947570800781 435.8040466308594
76.14177703857422 435.7041015625
76.01686096191406 435.61334228515625
75.88543701171875 435.53228759765625
75.7482681274414 435.4613952636719
75.60612487792969 435.40106201171875
75.45982360839844 435.3516540527344
75.31019592285156 435.3134460449219
75.15811157226562 435.2866516113281
75.00443267822266 435.27142333984375
74.85004425048828 435.2678527832031
74.69595336914062 435.27593994140625
74.55012512207031 435.29473876953125
74.49372863769531 435.3064270019531
74.5106430053711 435.30157470703125
74.5339126586914 435.29296875
74.55661010742188 435.2825927734375
74.58074951171875 435.2693176269531
74.603515625 435.2544860839844
74.62405395507812 435.23883056640625
74.63844299316406 435.22607421875
74.62541198730469 435.239501953125
74.56907653808594 435.3072814941406
74.51172637939453 435.3881530761719
74.45062255859375 435.4900207519531
74.39318084716797 435.60479736328125
74.33688354492188 435.7425842285156
74.28988647460938 435.8882141113281
74.25377655029297 436.0380554199219
74.22905731201172 436.1904602050781
74.21592712402344 436.34429931640625
74.2144546508789 436.4986877441406
74.22465515136719 436.65277099609375
74.24647521972656 436.8056335449219
74.27978515625 436.9563903808594
74.32439422607422 437.1042175292969
74.38005065917969 437.24822998046875
74.44642639160156 437.38763427734375
74.52315521240234 437.5216369628906
74.60978698730469 437.6494445800781
74.7058334350586 437.7703552246094
74.81073760986328 437.8836364746094
74.92390441894531 437.9886779785156
75.04469299316406 438.0848693847656
75.17240142822266 438.1716613769531
75.30630493164062 438.24853515625
75.44563293457031 438.3150939941406
75.58959197998047 438.37091064453125
75.73735809326172 438.4156799316406
75.88809204101562 438.44915771484375
76.04092407226562 438.4711608886719
76.19497680664062 438.4815368652344
76.34938049316406 438.4802551269531
76.50324249267578 438.4673156738281
76.65568542480469 438.4427795410156
76.80583953857422 438.40679931640625
76.95284271240234 438.35955810546875
77.09585571289062 438.30133056640625
77.23406219482422 438.23248291015625
77.36666870117188 438.15338134765625
77.49291229248047 438.0644836425781
77.61207580566406 437.96630859375
77.72348022460938 437.8594055175781
77.82648468017578 437.744384765625
77.92050170898438 437.6219177246094
78.00498962402344 437.49267578125
78.07947540283203 437.357421875
78.14352416992188 437.2169189453125
78.19676971435547 437.0719909667969
78.23890686035156 436.9234619140625
78.26969909667969 436.77215576171875
78.28897094726562 436.61895751953125
78.2966079711914 436.4647521972656
78.29256439208984 436.3103942871094
78.27687072753906 436.15679931640625
78.2496109008789 436.00482177734375
78.21094512939453 435.8553466796875
78.16108703613281 435.7091979980469
78.10032653808594 435.5672607421875
78.02901458740234 435.4302978515625
77.94755554199219 435.29913330078125
77.85641479492188 435.17449951171875
77.75611877441406 435.0570983886719
77.64723205566406 434.9476318359375
77.53038787841797 434.8467102050781
77.40625 434.7548828125
77.27552795410156 434.6726989746094
77.13896942138672 434.60064697265625
76.99735260009766 434.53912353515625
76.85148620605469 434.48846435546875
76.70220184326172 434.448974609375
76.55036163330078 434.4208984375
76.39683532714844 434.40435791015625
76.24249267578125 434.39947509765625
76.0882339477539 434.4062805175781
75.93592834472656 434.4245910644531
75.81210327148438 434.4491271972656
75.7471694946289 434.4672546386719
75.76045227050781 434.4624328613281
75.78079986572266 434.4532775878906
75.8024673461914 434.4415283203125
75.82173156738281 434.42913818359375
75.83826446533203 434.41668701171875
75.83572387695312 434.4189147949219
75.78713989257812 434.46856689453125
75.71290588378906 434.5570983886719
75.64083099365234 434.6577453613281
75.57017517089844 434.7742614746094
75.50616455078125 434.90057373046875
75.44796752929688 435.0408935546875
75.39995574951172 435.18701171875
75.36300659179688 435.3368225097656
75.33747100830078 435.48907470703125
75.3235092163086 435.6428527832031
75.32121276855469 435.7972412109375
75.3305892944336 435.95135498046875
75.3515853881836 436.1043395996094
75.38408660888672 436.2552795410156
75.42790222167969 436.4033508300781
75.48278045654297 436.54766845703125
75.54840850830078 436.68743896484375
75.6244125366211 436.82183837890625
75.71035766601562 436.9501037597656
75.80575561523438 437.0715026855469
75.9100570678711 437.18536376953125
76.02265930175781 437.291015625
76.14292907714844 437.3878479003906
76.27017211914062 437.4753112792969
76.4036636352539 437.55291748046875
76.54263305664062 437.6202087402344
76.68629455566406 437.67681884765625
76.83382415771484 437.7223815917969
76.984375 437.7566833496094
77.1370849609375 437.7795104980469
77.29108428955078 437.79071044921875
77.44548797607422 437.7902526855469
77.59941864013672 437.77813720703125
77.75199127197266 437.7544250488281
77.90233612060547 437.71923828125
78.04959106445312 437.67279052734375
78.19290924072266 437.6153564453125
78.33148193359375 437.5472412109375
78.46450805664062 437.4688415527344
78.59123229980469 437.380615234375
78.71092224121094 437.2830810546875
78.8228988647461 437.1767578125
78.92652130126953 437.0622863769531
79.02119445800781 436.9403076171875
79.10637664794922 436.8115234375
79.18158721923828 436.6766662597656
79.24639129638672 436.5365295410156
79.3004150390625 436.3918762207031
79.34335327148438 436.2435607910156
79.37495422363281 436.0924377441406
79.3950424194336 435.9393310546875
79.40350341796875 435.78515625
79.4002914428711 435.63079833984375
79.38542175292969 435.47711181640625
79.35897827148438 435.3249816894531
79.32111358642578 435.17529296875
79.27204132080078 435.0289001464844
79.21204376220703 434.8866271972656
79.14147186279297 434.7492980957031
79.06072235107422 434.6177062988281
78.97025299072266 434.4925842285156
78.87059020996094 434.3746643066406
78.76229858398438 434.2646179199219
78.64599609375 434.1630554199219
78.52234649658203 434.0705871582031
78.3920669555664 433.9877014160156
78.25589752197266 433.9149169921875
78.11460876464844 433.8526306152344
77.9690170288086 433.80120849609375
77.81995391845703 433.76092529296875
77.66827392578125 433.7320251464844
77.51483917236328 433.71466064453125
77.36053466796875 433.7089538574219
77.20624542236328 433.7149353027344
77.05340576171875 433.73248291015625
76.90614318847656 433.76080322265625
76.819091796875 433.7845458984375
76.79229736328125 433.7940979003906
76.79454040527344 433.7930908203125
76.81197357177734 433.7837219238281
76.82528686523438 433.7752380371094
76.83306121826172 433.7694091796875
76.80545043945312 433.79351806640625
76.7476806640625 433.8523254394531
76.66314697265625 433.95269775390625
76.58317565917969 434.0638122558594
76.51007843017578 434.18365478515625
76.44175720214844 434.3175354003906
76.38312530517578 434.4577331542969
76.33458709716797 434.60400390625
76.29718780517578 434.7537536621094
76.27120208740234 434.90594482421875
76.25679016113281 435.0596618652344
76.25404357910156 435.21405029296875
76.26296997070312 435.3681945800781
76.28352355957031 435.521240234375
76.31558227539062 435.6722717285156
76.35896301269531 435.8204650878906
76.41342163085938 435.9649353027344
76.47864532470703 436.1048889160156
76.55426025390625 436.239501953125
76.63983154296875 436.3680419921875
76.73487091064453 436.48974609375
76.83883666992188 436.6039123535156
76.95113372802734 436.70989990234375
77.07112121582031 436.8070983886719
77.19810485839844 436.8949279785156
77.33136749267578 436.9729309082031
77.47013854980469 437.0406188964844
77.61363220214844 437.0976257324219
77.76102447509766 437.1436462402344
77.9114761352539 437.1783752441406
78.06411743164062 437.2016296386719
78.21807861328125 437.2132873535156
78.37248229980469 437.2132873535156
78.52644348144531 437.20159912109375
78.67908477783203 437.1783142089844
78.82952880859375 437.1435546875
78.97692108154297 437.0975341796875
79.12040710449219 437.0404968261719
79.2591781616211 436.9727783203125
79.3924331665039 436.894775390625
79.5194091796875 436.8069152832031
79.6393814086914 436.709716796875
79.75167083740234 436.6037292480469
79.85562896728516 436.48956298828125
79.9506607055664 436.36785888671875
80.03621673583984 436.23931884765625
80.11181640625 436.10467529296875
80.1770248413086 435.9647216796875
80.2314682006836 435.8202209472656
80.27483367919922 435.6720275878906
80.30687713623047 435.52099609375
80.3274154663086 435.3679504394531
80.3363265991211 435.21380615234375
80.33356475830078 435.0594177246094
80.31914520263672 434.90570068359375
80.29314422607422 434.7535095214844
80.2557144165039 434.60369873046875
80.20706939697266 434.4571533203125
80.14749145507812 434.314697265625
80.07731628417969 434.1771545410156
79.9969482421875 434.0453186035156
79.90684509277344 433.919921875
79.80752563476562 433.80169677734375
79.69955444335938 433.6913146972656
79.58354949951172 433.58941650390625
79.46017456054688 433.49658203125
79.33013153076172 433.413330078125
79.19417572021484 433.34014892578125
79.05307006835938 433.2774353027344
78.90763092041016 433.2255859375
78.7586898803711 433.18487548828125
78.60709381103516 433.155517578125
78.4537124633789 433.1377258300781
78.29942321777344 433.1315612792969
78.1451187133789 433.1370849609375
77.99176788330078 433.15423583984375
77.84290313720703 433.1824035644531
77.71044158935547 433.21807861328125
77.66854858398438 433.23284912109375
77.65271759033203 433.2398376464844
77.66259765625 433.23455810546875
77.66548919677734 433.23272705078125
77.66414642333984 433.2337341308594
77.63055419921875 433.26300048828125
77.53730773925781 433.3576354980469
77.44779968261719 433.4635009765625
77.36361694335938 433.5799560546875
77.28733825683594 433.7043762207031
77.2179183959961 433.8396301269531
77.15855407714844 433.98065185546875
77.10969543457031 434.1267395019531
77.07192993164062 434.27642822265625
77.04558563232422 434.4285583496094
77.03080749511719 434.5822448730469
77.02769470214844 434.73663330078125
77.0362548828125 434.89080810546875
77.05644226074219 435.04388427734375
77.08814239501953 435.19500732421875
77.13117218017578 435.3432922363281
77.18528747558594 435.4879150390625
77.25017547607422 435.6280212402344
77.32546997070312 435.7628173828125
77.41073608398438 435.89154052734375
77.50548553466797 436.0134582519531
77.60917663574219 436.12786865234375
77.72122192382812 436.2341003417969
77.84097290039062 436.3315734863281
77.9677505493164 436.4197082519531
78.10082244873047 436.4980163574219
78.23943328857422 436.5660400390625
78.3827896118164 436.6233825683594
78.53007507324219 436.66973876953125
78.6804428100586 436.704833984375
78.8330307006836 436.72845458984375
78.98696899414062 436.740478515625
79.14137268066406 436.7408447265625
79.29536437988281 436.7295227050781
79.44805908203125 436.70660400390625
79.59858703613281 436.6722106933594
79.74608612060547 436.6265563964844
79.88970947265625 436.56988525390625
80.02864074707031 436.50250244140625
80.16207885742188 436.4248046875
80.28926849365234 436.3372497558594
80.40947723388672 436.2403259277344
80.52201843261719 436.1346130371094
80.6262435913086 436.02069091796875
80.72156524658203 435.89923095703125
80.80743408203125 435.7709045410156
80.88335418701172 435.6364440917969
80.94889831542969 435.49664306640625
81.0036849975586 435.352294921875
81.04740905761719 435.2042236328125
81.0798110961914 435.0532531738281
81.10071563720703 434.9002685546875
81.10999298095703 434.74615478515625
81.10759735107422 434.5917663574219
81.09354400634766 434.43798828125
81.06790924072266 434.2857360839844
81.03083801269531 434.1358337402344
80.9825439453125 433.9891662597656
80.92330169677734 433.8465881347656
80.85345458984375 433.7088928222656
80.77339935302734 433.5768737792969
80.68359375 433.4512634277344
80.58455657958984 433.3327941894531
80.47684478759766 433.22216796875
80.361083984375 433.1199951171875
80.23793029785156 433.02685546875
80.10809326171875 432.94329833984375
79.97230529785156 432.8697814941406
79.83135223388672 432.8067321777344
79.68603515625 432.7545166015625
79.53719329833984 432.71343994140625
79.38566589355469 432.6837463378906
79.23233032226562 432.66558837890625
79.07805633544922 432.6590576171875
78.92373657226562 432.6642150878906
78.770263671875 432.6809997558594
78.61904907226562 432.7092590332031
78.47993469238281 432.746337890625
78.41321563720703 432.7696838378906
78.38927459716797 432.7801818847656
78.34984588623047 432.8011779785156
78.33880615234375 432.80816650390625
78.30394744873047 432.8341979980469
78.24919891357422 432.8819885253906
78.14962005615234 432.9832763671875
78.05712890625 433.0928955078125
77.97213745117188 433.2107238769531
77.8945083618164 433.3376159667969
77.8253173828125 433.47271728515625
77.76588439941406 433.6142578125
77.71710968017578 433.760498046875
77.67947387695312 433.91021728515625
77.65325927734375 434.0623779296875
77.63861846923828 434.2160949707031
77.63563537597656 434.3704833984375
77.64433288574219 434.524658203125
77.66465759277344 434.677734375
77.69648742675781 434.8288269042969
77.7396469116211 434.9770812988281
77.79388427734375 435.12164306640625
77.85889434814453 435.2616882324219
77.9343032836914 435.39642333984375
78.01968383789062 435.52508544921875
78.11454010009766 435.64691162109375
78.21833038330078 435.76123046875
78.3304672241211 435.86737060546875
78.45030212402344 435.9647216796875
78.57715606689453 436.0527648925781
78.71029663085938 436.1309509277344
78.84896850585938 436.1988525390625
78.99237823486328 436.2560729980469
79.13970184326172 436.30230712890625
79.29010009765625 436.3372802734375
79.44271087646484 436.36077880859375
79.5966567993164 436.3726806640625
79.75106048583984 436.3728942871094
79.90504455566406 436.3614501953125
80.05772399902344 436.3384094238281
80.20822143554688 436.30389404296875
80.35568237304688 436.2580871582031
80.49925994873047 436.2012634277344
80.63813018798828 436.1337585449219
80.77149963378906 436.05596923828125
80.89861297607422 435.96832275390625
81.01873779296875 435.8713073730469
81.13117980957031 435.7655029296875
81.23530578613281 435.6514892578125
81.33052062988281 435.5299377441406
81.41627502441406 435.4015197753906
81.49208068847656 435.2669982910156
81.55750274658203 435.12713623046875
81.61216735839844 434.98272705078125
81.65576171875 434.8345947265625
81.68803405761719 434.68359375
81.70880126953125 434.53057861328125
81.71794891357422 434.3764343261719
81.71541595458984 434.2220458984375
81.70122528076172 434.06829833984375
81.67545318603516 433.9160461425781
81.63825225830078 433.76617431640625
81.58982849121094 433.61956787109375
81.53046417236328 433.4770202636719
81.46049499511719 433.3393859863281
81.38032531738281 433.2074279785156
81.29041290283203 433.0819091796875
81.19126892089844 432.9635314941406
81.08346557617188 432.8529968261719
80.96761322021484 432.75091552734375
80.84437561035156 432.65789794921875
80.71446228027344 432.574462890625
80.57861328125 432.5010681152344
80.43760681152344 432.4381408691406
80.29224395751953 432.3860778808594
80.14336395263672 432.3451232910156
79.99181365966797 432.3155517578125
79.83846282958984 432.2975158691406
79.68418884277344 432.2911071777344
79.52987670898438 432.29638671875
79.37641143798828 432.3133239746094
79.22504425048828 432.34173583984375
79.08413696289062 432.3794250488281
78.98770141601562 432.41326904296875
78.94615936279297 432.4315185546875
78.88825225830078 432.4624328613281
78.84403228759766 432.4906005859375
78.7921371459961 432.529541015625
78.7220458984375 432.5910339355469
78.61962890625 432.6957702636719
78.52566528320312 432.8077087402344
78.43958282470703 432.9276428222656
78.36146545410156 433.0559997558594
78.29226684570312 433.1919250488281
78.23306274414062 433.3338317871094
78.18460845947266 433.4802551269531
78.14732360839844 433.63006591796875
78.1214599609375 433.78228759765625
78.107177734375 433.93603515625
78.10455322265625 434.0904235839844
78.11360931396484 434.24456787109375
78.13428497314453 434.3975830078125
78.16646575927734 434.548583984375
78.20996856689453 434.6967468261719
78.26454162597656 434.8411865234375
78.32987976074219 434.9810791015625
78.40560150146484 435.1156311035156
78.49127960205078 435.24407958984375
78.58641815185547 435.3656921386719
78.69047546386719 435.4797668457031
78.8028564453125 435.5856628417969
78.92292022705078 435.6827392578125
79.04998016357422 435.7704772949219
79.18330383300781 435.8483581542969
79.32213592529297 435.91595458984375
79.4656753540039 435.97283935546875
79.61310577392578 436.01873779296875
79.76358032226562 436.0533447265625
79.91624450683594 436.07647705078125
80.07022094726562 436.0880126953125
80.22462463378906 436.087890625
80.37857818603516 436.0760803222656
80.53119659423828 436.05267333984375
80.68161010742188 436.0177917480469
80.82896423339844 435.9716491699219
80.97240447998047 435.91448974609375
81.11111450195312 435.8466796875
81.24430847167969 435.7685546875
81.3712158203125 435.68060302734375
81.4911117553711 435.58331298828125
81.60330963134766 435.47723388671875
81.70716857910156 435.36297607421875
81.80209350585938 435.2412109375
81.8875503540039 435.11260986328125
81.96304321289062 434.9779052734375
82.02813720703125 434.837890625
82.08246612548828 434.693359375
82.12571716308594 434.5451354980469
82.15763854980469 434.3940734863281
82.17805480957031 434.24102783203125
82.18684387207031 434.0868835449219
82.18395233154297 433.9324951171875
82.16940307617188 433.7787780761719
82.14328002929688 433.6265869140625
82.10572814941406 433.476806640625
82.05696868896484 433.3302917480469
81.99727630615234 433.1878967285156
81.92698669433594 433.0504150390625
81.84651184082031 432.91864013671875
81.75630950927734 432.7933349609375
81.65689086914062 432.6752014160156
81.548828125 432.5649108886719
81.4327392578125 432.4631042480469
81.30928802490234 432.370361328125
81.17918395996094 432.2872009277344
81.04316711425781 432.214111328125
80.90201568603516 432.1515197753906
80.75653839111328 432.09979248046875
80.60755920410156 432.0592041015625
80.45594024658203 432.02996826171875
80.30255126953125 432.0122985839844
80.14826202392578 432.0062561035156
79.99395751953125 432.01190185546875
79.84053039550781 432.0291748046875
79.68893432617188 432.0579833984375
79.54210662841797 432.09759521484375
79.43434143066406 432.13568115234375
79.37789916992188 432.16064453125
79.3057632446289 432.1993713378906
79.24717712402344 432.23687744140625
79.18177032470703 432.28619384765625
79.08731079101562 432.3695068359375
78.98384094238281 432.4757995605469
78.8890609741211 432.5892028808594
78.80241394042969 432.7104797363281
78.7240982055664 432.83978271484375
78.65499114990234 432.9762268066406
78.59603118896484 433.1183776855469
78.54786682128906 433.26495361328125
78.5108871459961 433.41485595703125
78.48534393310547 433.567138671875
78.47138214111328 433.7209167480469
78.46908569335938 433.87530517578125
78.47846221923828 434.0294189453125
78.49945831298828 434.1824035644531
78.5319595336914 434.3333435058594
78.57577514648438 434.4814147949219
78.63065338134766 434.625732421875
78.69628143310547 434.7655029296875
78.77228546142578 434.89990234375
78.85823059082031 435.0281677246094
78.95362091064453 435.1495666503906
79.05791473388672 435.263427734375
79.17051696777344 435.36907958984375
79.29078674316406 435.4659118652344
79.41802978515625 435.5533752441406
79.551513671875 435.6309814453125
79.69048309326172 435.6982727050781
79.83414459228516 435.7548828125
79.9816665649414 435.8004455566406
80.13221740722656 435.8347473144531
80.28492736816406 435.8575744628906
80.43892669677734 435.8687744140625
80.59333038330078 435.8683166503906
80.74726104736328 435.856201171875
80.89983367919922 435.8324890136719
81.05017852783203 435.79730224609375
81.19743347167969 435.7508544921875
81.34075927734375 435.69342041015625
81.47933197021484 435.62530517578125
81.61235809326172 435.5469055175781
81.73908233642578 435.45867919921875
81.85877227783203 435.36114501953125
81.97074890136719 435.25482177734375
82.07437133789062 435.1403503417969
82.1690444946289 435.01837158203125
82.25422668457031 434.88958740234375
82.32943725585938 434.7547302246094
82.39424133300781 434.6145935058594
82.4482650756836 434.4699401855469
82.49120330810547 434.3216247558594
82.52281188964844 434.1705017089844
82.54290771484375 434.01739501953125
82.55137634277344 433.86322021484375
82.54816436767578 433.7088623046875
82.53329467773438 433.55517578125
82.50685119628906 433.4030456542969
82.46898651123047 433.25335693359375
82.41991424560547 433.1069641113281
82.35992431640625 432.9646911621094
82.28935241699219 432.8273620605469
82.20860290527344 432.6957702636719
82.11813354492188 432.5706481933594
82.01847076416016 432.4527282714844
81.9101791381836 432.3426513671875
81.79387664794922 432.2410888671875
81.67023468017578 432.14862060546875
81.53995513916016 432.06573486328125
81.4037857055664 431.9929504394531
81.26250457763672 431.9306640625
81.11691284179688 431.8792419433594
80.96784973144531 431.8389587402344
80.81616973876953 431.81005859375
80.6627426147461 431.7926940917969
80.5084457397461 431.7869873046875
80.35415649414062 431.7929382324219
80.20076751708984 431.810546875
80.04920959472656 431.8396911621094
79.9019775390625 431.8797607421875
79.78670501708984 431.9207458496094
79.70408630371094 431.95745849609375
79.62184143066406 432.0018615722656
79.55260467529297 432.04638671875
79.46741485595703 432.1109313964844
79.3685531616211 432.1984558105469
79.26463317871094 432.30560302734375
79.16938781738281 432.4200134277344
79.08245086669922 432.54217529296875
79.00408172607422 432.672119140625
78.93510437011719 432.8089294433594
78.8763656616211 432.9512939453125
78.82846069335938 433.09796142578125
78.79175567626953 433.2479248046875
78.76648712158203 433.4002380371094
78.7528076171875 433.5540466308594
78.75078582763672 433.70843505859375
78.76043701171875 433.862548828125
78.78170776367188 434.0154724121094
78.8144760131836 434.1663513183594
78.85855865478516 434.3143310546875
78.9136962890625 434.45855712890625
78.97957611083984 434.59820556640625
79.05582427978516 434.73248291015625
79.14199829101562 434.860595703125
79.23760986328125 434.9818420410156
79.34210968017578 435.09552001953125
79.45490264892578 435.2009582519531
79.5753402709961 435.2975769042969
79.7027359008789 435.38482666015625
79.83636474609375 435.4621887207031
79.97545623779297 435.52923583984375
80.11921691894531 435.5855712890625
80.2668228149414 435.6308898925781
80.41743469238281 435.6649169921875
80.57018280029297 435.6874694824219
80.72419738769531 435.6983947753906
80.87860107421875 435.6976623535156
81.03250885009766 435.6852722167969
81.1850357055664 435.6612854003906
81.33531188964844 435.6258239746094
81.48248291015625 435.5791015625
81.62570190429688 435.5213928222656
81.76415252685547 435.4530334472656
81.89703369140625 435.3743896484375
82.02359771728516 435.28594970703125
82.14311218261719 435.1882019042969
82.25489807128906 435.0816955566406
82.35831451416016 434.967041015625
82.45276641845703 434.84490966796875
82.5377197265625 434.7159729003906
82.61268615722656 434.58099365234375
82.67723083496094 434.44073486328125
82.73099517822266 434.2959899902344
82.77366638183594 434.1475830078125
82.80500030517578 433.99639892578125
82.82481384277344 433.84326171875
82.83300018310547 433.6890869140625
82.82950592041016 433.53472900390625
82.81436157226562 433.3810729980469
82.78764343261719 433.22900390625
82.74951171875 433.0793762207031
82.70018005371094 432.9330749511719
82.63993072509766 432.7909240722656
82.56910705566406 432.6537170410156
82.48811340332031 432.5222473144531
82.39742279052734 432.39727783203125
82.29754638671875 432.279541015625
82.18905639648438 432.169677734375
82.07257080078125 432.0683288574219
81.94876098632812 431.97607421875
81.81832885742188 431.8934326171875
81.68202209472656 431.8208923339844
81.5406265258789 431.75885009765625
81.39494323730469 431.7076721191406
81.24581146240234 431.66766357421875
81.09407806396484 431.6390380859375
80.94062042236328 431.6219482421875
80.78630828857422 431.61651611328125
80.63202667236328 431.6227722167969
80.4786605834961 431.6406555175781
80.3271484375 431.6700744628906
80.17967987060547 431.7104797363281
80.05947875976562 431.75347900390625
79.96874237060547 431.7939758300781
79.87892150878906 431.8426513671875
79.80146789550781 431.89263916015625
79.71029663085938 431.9619445800781
79.60836791992188 432.0524597167969
79.5041275024414 432.1602478027344
79.40855407714844 432.275390625
79.3214111328125 432.3982238769531
79.2430191040039 432.5285949707031
79.17414855957031 432.6656494140625
79.1155776977539 432.8081359863281
79.06787109375 432.95489501953125
79.0313720703125 433.10491943359375
79.00631713867188 433.25726318359375
78.99284362792969 433.41107177734375
78.99103546142578 433.5654602050781
79.00090026855469 433.71954345703125
79.02238464355469 433.8724365234375
79.05535888671875 434.0232849121094
79.09963989257812 434.17120361328125
79.15497589111328 434.3153381347656
79.2210464477539 434.45489501953125
79.29747772216797 434.58905029296875
79.38382720947266 434.717041015625
79.47960662841797 434.8381652832031
79.58426666259766 434.9516906738281
79.69720458984375 435.0569763183594
79.81777954101562 435.1534423828125
79.94529724121094 435.2405090332031
80.07903289794922 435.31768798828125
80.21821594238281 435.3845520019531
80.36205291748047 435.4407043457031
80.50971984863281 435.4858093261719
80.6603775024414 435.5196228027344
80.81315612792969 435.5419616699219
80.9671859741211 435.55267333984375
81.12158966064453 435.5517272949219
81.27548217773438 435.53912353515625
81.427978515625 435.5149230957031
81.57820892333984 435.479248046875
81.72531127929688 435.4323425292969
81.86845397949219 435.37445068359375
82.00680541992188 435.305908203125
82.13957977294922 435.2270812988281
82.26602172851562 435.1384582519531
82.38540649414062 435.04052734375
82.4970474243164 434.9338684082031
82.60030364990234 434.8190612792969
82.69458770751953 434.69677734375
82.77936553955078 434.5677185058594
82.85414123535156 434.4326171875
82.91849517822266 434.2922668457031
82.97206115722656 434.1474609375
83.0145263671875 433.9990234375
83.045654296875 433.8477783203125
83.06526184082031 433.6946105957031
83.07323455810547 433.5404052734375
83.06953430175781 433.38604736328125
83.0541763305664 433.232421875
83.02725219726562 433.08038330078125
82.9889144897461 432.9308166503906
82.93938446044922 432.7845764160156
82.87893676757812 432.6424865722656
82.80792999267578 432.50537109375
82.72676086425781 432.3740234375
82.63589477539062 432.2491760253906
82.53585815429688 432.1315612792969
82.42721557617188 432.0218505859375
82.31059265136719 431.920654296875
82.18665313720703 431.82855224609375
82.05610656738281 431.74609375
81.9197006225586 431.6737365722656
81.7782211303711 431.6119079589844
81.6324691772461 431.5609436035156
81.48328399658203 431.5211181640625
81.33151245117188 431.4927062988281
81.17803192138672 431.475830078125
81.02371215820312 431.4706115722656
80.86943817138672 431.4770812988281
80.71609497070312 431.49517822265625
80.56461334228516 431.5248107910156
80.41698455810547 431.56549072265625
80.28163146972656 431.61407470703125
80.18478393554688 431.6574401855469
80.08927154541016 431.7093200683594
80.00550079345703 431.76348876953125
79.9099349975586 431.83624267578125
79.80586242675781 431.9288024902344
79.70135498046875 432.0370178222656
79.60549926757812 432.15264892578125
79.51817321777344 432.2759094238281
79.4397201538086 432.4065856933594
79.37088012695312 432.5438232421875
79.31238555908203 432.6864013671875
79.2647705078125 432.83319091796875
79.2283706665039 432.9832458496094
79.20341491699219 433.1356201171875
79.1900405883789 433.2894592285156
79.1883316040039 433.44384765625
79.19829559326172 433.5979309082031
79.21987915039062 433.7508239746094
79.2529525756836 433.9016418457031
79.29733276367188 434.0495300292969
79.3527603149414 434.1936340332031
79.4189224243164 434.3331604003906
79.49543762207031 434.46728515625
79.58187103271484 434.5952453613281
79.67772674560547 434.7162780761719
79.78245544433594 434.8297424316406
79.89546203613281 434.9349670410156
80.01609802246094 435.0313415527344
80.14366912841797 435.1183166503906
80.27745056152344 435.1954040527344
80.41667938232422 435.2621765136719
80.56055450439453 435.3182373046875
80.708251953125 435.3632507324219
80.85893249511719 435.39697265625
81.01172637939453 435.4192199707031
81.16576385498047 435.4298400878906
81.3201675415039 435.4288024902344
81.47405242919922 435.41607666015625
81.62653350830078 435.3917541503906
81.77674102783203 435.3559875488281
81.92381286621094 435.3089904785156
82.0669174194336 435.2510070800781
82.2052230834961 435.182373046875
82.33795166015625 435.1034851074219
82.4643325805664 435.0147705078125
82.58364868164062 434.9167785644531
82.69522094726562 434.8100280761719
82.79840087890625 434.6951599121094
82.89260864257812 434.57281494140625
82.97730255126953 434.4436950683594
83.05199432373047 434.3085632324219
83.11625671386719 434.16815185546875
83.16972351074219 434.0232849121094
83.21208953857422 433.87481689453125
83.24311828613281 433.72357177734375
83.26262664794922 433.5704040527344
83.27050018310547 433.41619873046875
83.2667007446289 433.2618408203125
83.2512435913086 433.10821533203125
83.2242202758789 432.9562072753906
83.18578338623047 432.8066711425781
83.13615417480469 432.66046142578125
83.07561492919922 432.5184326171875
83.0045166015625 432.3813781738281
82.92326354980469 432.2500915527344
82.83232116699219 432.12530517578125
82.73220825195312 432.00775146484375
82.62349700927734 431.8981018066406
82.50680541992188 431.7969970703125
82.38280487060547 431.7049865722656
82.25220489501953 431.62261962890625
82.11575317382812 431.55035400390625
81.97423553466797 431.4886169433594
81.82845306396484 431.437744140625
81.67923736572266 431.3980407714844
81.52745056152344 431.3697204589844
81.37395477294922 431.3529357910156
81.21963500976562 431.3478088378906
81.06536865234375 431.3543701171875
80.91204071044922 431.37255859375
80.76057434082031 431.40228271484375
80.6128158569336 431.4430847167969
80.47618103027344 431.4922180175781
80.3743667602539 431.5378723144531
80.27424621582031 431.5923156738281
80.18528747558594 431.64990234375
80.08623504638672 431.7253723144531
79.98051452636719 431.8194580078125
79.87576293945312 431.9280090332031
79.7796630859375 432.04400634765625
79.6921615600586 432.1675720214844
79.61363220214844 432.2984619140625
79.54478454589844 432.435791015625
79.48632049560547 432.57843017578125
79.4387435913086 432.7252502441406
79.40238189697266 432.87530517578125
79.3774642944336 433.0276794433594
79.3641357421875 433.1815185546875
79.36247253417969 433.3359069824219
79.37248229980469 433.489990234375
79.39410400390625 433.64288330078125
79.4272232055664 433.793701171875
79.47164154052734 433.94158935546875
79.52711486816406 434.085693359375
79.59331512451172 434.2251892089844
79.66986846923828 434.3592834472656
79.75634002685547 434.4872131347656
79.85223388671875 434.6082458496094
79.95700073242188 434.7216796875
80.07003784179688 434.8268737792969
80.1906967163086 434.9232177734375
80.31829833984375 435.0101623535156
80.45210266113281 435.08721923828125
80.59134674072266 435.1539306640625
80.73523712158203 435.2099304199219
80.88294982910156 435.2549133300781
81.03363800048828 435.2886047363281
81.18643951416016 435.310791015625
81.34048461914062 435.3213806152344
81.49488830566406 435.3202819824219
81.64876556396484 435.3075256347656
81.80123901367188 435.2831726074219
81.9514389038086 435.24737548828125
82.09850311279297 435.2003173828125
82.24158477783203 435.14227294921875
82.37987518310547 435.0735778808594
82.51258087158203 434.99462890625
82.6389389038086 434.9058837890625
82.75823211669922 434.807861328125
82.8697738647461 434.7010803222656
82.9729232788086 434.586181640625
83.06709289550781 434.46380615234375
83.15174865722656 434.3346862792969
83.22640228271484 434.19952392578125
83.2906265258789 434.0591125488281
83.34405517578125 433.91424560546875
83.38638305664062 433.7657470703125
83.41736602783203 433.6144714355469
83.43682861328125 433.4613037109375
83.44466400146484 433.3070983886719
83.4408187866211 433.1527404785156
83.4253158569336 432.9991149902344
83.39824676513672 432.84710693359375
83.35977172851562 432.69757080078125
83.31010437011719 432.5513610839844
83.24952697753906 432.4093322753906
83.17839050292969 432.27227783203125
83.09709930419922 432.1409912109375
83.00611877441406 432.0162353515625
82.90596771240234 431.8987121582031
82.79722595214844 431.7890930175781
82.68051147460938 431.6880187988281
82.55648803710938 431.5960388183594
82.42586517333984 431.5137023925781
82.28939819335938 431.44146728515625
82.14785766601562 431.3797607421875
82.00205993652344 431.32891845703125
81.85283660888672 431.28924560546875
81.70104217529297 431.2609558105469
81.54754638671875 431.2442321777344
81.39322662353516 431.2391662597656
81.23896026611328 431.2457580566406
81.08563232421875 431.2640075683594
80.93416595458984 431.29376220703125
80.78629302978516 431.33465576171875
80.64864349365234 431.3841857910156
80.5427474975586 431.43170166015625
80.43885040283203 431.48822021484375
80.34558868408203 431.5486145019531
80.23526000976562 431.6326599121094
80.12828063964844 431.72784423828125
80.0232925415039 431.8365783691406
79.92694854736328 431.9527893066406
79.83924865722656 432.0765686035156
79.76058959960938 432.20758056640625
79.69166564941406 432.344970703125
79.63314819335938 432.48760986328125
79.58552551269531 432.6344299316406
79.54911804199219 432.78448486328125
79.52415466308594 432.9368591308594
79.51078033447266 433.0906982421875
79.50907135009766 433.2450866699219
79.51903533935547 433.399169921875
79.54061126708984 433.55206298828125
79.57368469238281 433.702880859375
79.6180648803711 433.85076904296875
79.67349243164062 433.994873046875
79.73965454101562 434.1343994140625
79.81616973876953 434.2685241699219
79.90260314941406 434.396484375
79.99845886230469 434.5175476074219
80.10318756103516 434.6310119628906
80.21619415283203 434.7362365722656
80.33683013916016 434.8326110839844
80.46440124511719 434.9195861816406
80.59818267822266 434.9966735839844
80.73741149902344 435.0634460449219
80.88128662109375 435.1195068359375
81.02898406982422 435.1645202636719
81.1796646118164 435.1982421875
81.33245849609375 435.2204895019531
81.48649597167969 435.2311096191406
81.64089965820312 435.2300720214844
81.79478454589844 435.21734619140625
81.947265625 435.19305419921875
82.09747314453125 435.15728759765625
82.24455261230469 435.11029052734375
82.38765716552734 435.05230712890625
82.52597045898438 434.9836730957031
82.65869903564453 434.90478515625
82.78508758544922 434.8160705566406
82.90440368652344 434.71807861328125
83.01597595214844 434.611328125
83.11915588378906 434.4964599609375
83.21336364746094 434.3741149902344
83.29805755615234 434.2450256347656
83.37274932861328 434.1098937988281
83.43701934814453 433.9695129394531
83.49049377441406 433.8246765136719
83.53286743164062 433.67620849609375
83.56389617919922 433.52496337890625
83.58340454101562 433.3717956542969
83.5912857055664 433.21759033203125
83.58748626708984 433.063232421875
83.57202911376953 432.90960693359375
83.54500579833984 432.7575988769531
83.5065689086914 432.6080627441406
83.45693969726562 432.46185302734375
83.39640808105469 432.3197937011719
83.32530975341797 432.1827392578125
83.24405670166016 432.05145263671875
83.15311431884766 431.9266662597656
83.0530014038086 431.8091125488281
82.94429016113281 431.699462890625
82.82759857177734 431.5983581542969
82.70360565185547 431.50634765625
82.57301330566406 431.4239807128906
82.43656158447266 431.3517150878906
82.2950439453125 431.28997802734375
82.14926147460938 431.2391052246094
82.00005340576172 431.19940185546875
81.8482666015625 431.17108154296875
81.69477081298828 431.154296875
81.54045104980469 431.149169921875
81.38618469238281 431.1557312011719
81.23285675048828 431.1739196777344
81.08137512207031 431.2036437988281
80.93340301513672 431.2445068359375
80.79495239257812 431.2942810058594
80.6858139038086 431.34320068359375
80.57890319824219 431.40130615234375
80.48219299316406 431.4638671875
80.37043762207031 431.5489196777344
80.26241302490234 431.6449279785156
80.15718841552734 431.7537841796875
80.06060028076172 431.87017822265625
79.97270202636719 431.9941101074219
79.8938980102539 432.1252136230469
79.82486724853516 432.2626037597656
79.7662582397461 432.40521240234375
79.71854400634766 432.552001953125
79.68205261230469 432.7020263671875
79.6570053100586 432.8544006347656
79.64353942871094 433.0082092285156
79.64173889160156 433.16259765625
79.651611328125 433.3166809082031
79.67310333251953 433.4695739746094
79.70608520507812 433.62042236328125
79.75037384033203 433.7683410644531
79.80571746826172 433.9124755859375
79.87179565429688 434.0520324707031
79.94823455810547 434.1861877441406
80.03459167480469 434.3141784667969
80.13037872314453 434.4352722167969
80.23504638671875 434.5487976074219
80.34799194335938 434.6540832519531
80.46856689453125 434.7505187988281
80.5960922241211 434.83758544921875
80.72982788085938 434.9147644042969
80.8690185546875 434.9815979003906
81.01286315917969 435.0377197265625
81.16053771972656 435.08282470703125
81.31119537353516 435.11663818359375
81.46398162841797 435.13897705078125
81.61801147460938 435.1496887207031
81.77241516113281 435.14874267578125
81.92630767822266 435.1361083984375
82.07880401611328 435.11187744140625
82.22903442382812 435.0762023925781
82.37613677978516 435.0292663574219
82.51927185058594 434.9713439941406
82.65762329101562 434.90277099609375
82.79039764404297 434.8239440917969
82.91683197021484 434.7353210449219
83.03620910644531 434.63739013671875
83.14784240722656 434.5307312011719
83.25109100341797 434.4159240722656
83.34536743164062 434.29364013671875
83.43013763427734 434.1645812988281
83.50491333007812 434.02947998046875
83.56925964355469 433.8891296386719
83.62281799316406 433.74432373046875
83.66527557373047 433.5958557128906
83.69639587402344 433.4446105957031
83.71599578857422 433.29144287109375
83.72396087646484 433.1372375488281
83.72025299072266 432.9828796386719
83.70488739013672 432.8292541503906
83.6779556274414 432.6772155761719
83.63961029052734 432.52764892578125
83.59007263183594 432.38140869140625
83.52961730957031 432.23931884765625
83.45860290527344 432.1022033691406
83.37742614746094 431.9708557128906
83.28655242919922 431.84600830078125
83.18650817871094 431.7283935546875
83.0778579711914 431.6186828613281
82.96122741699219 431.5174865722656
82.83728790283203 431.4254150390625
82.70674133300781 431.34295654296875
82.5703353881836 431.2705993652344
82.42884826660156 431.2087707519531
82.28309631347656 431.1578063964844
82.1339111328125 431.1180114746094
81.98213958740234 431.089599609375
81.82865905761719 431.0727233886719
81.6743392944336 431.0675048828125
81.52006530761719 431.073974609375
81.3667221069336 431.0920715332031
81.21522521972656 431.1217041015625
81.06714630126953 431.1625061035156
80.92802429199219 431.2124328613281
80.81611633300781 431.26251220703125
80.7066421508789 431.3218994140625
80.60697174072266 431.38629150390625
80.49401092529297 431.4721374511719
80.38510131835938 431.5687561035156
80.2796401977539 431.67767333984375
80.18280792236328 431.7941589355469
80.09469604492188 431.91815185546875
80.0157241821289 432.0492858886719
79.9465560913086 432.1866760253906
79.8878173828125 432.3292541503906
79.83998107910156 432.47601318359375
79.8033676147461 432.6260070800781
79.77819061279297 432.7783508300781
79.76459503173828 432.9321594238281
79.76266479492188 433.0865478515625
79.77240753173828 433.2406311035156
79.79376983642578 433.3935546875
79.82662963867188 433.54443359375
79.87079620361328 433.6923828125
79.92601776123047 433.8365783691406
79.99198150634766 433.9761962890625
80.06830596923828 434.11041259765625
80.15455627441406 434.2384948730469
80.250244140625 434.35968017578125
80.35481262207031 434.4732971191406
80.46766662597656 434.57867431640625
80.58816528320312 434.67523193359375
80.71561431884766 434.76239013671875
80.84928894042969 434.83966064453125
80.98841857910156 434.9066162109375
81.13220977783203 434.9628601074219
81.27984619140625 435.0080871582031
81.43047332763672 435.0420227050781
81.58323669433594 435.0644836425781
81.73725891113281 435.0753173828125
81.89166259765625 435.0744934082031
82.04556274414062 435.06201171875
82.19807434082031 435.0379333496094
82.34833526611328 435.00238037109375
82.49547576904297 434.95556640625
82.63865661621094 434.89776611328125
82.77706146240234 434.8293151855469
82.90989685058594 434.7506103515625
83.03640747070312 434.6620788574219
83.15586853027344 434.5642395019531
83.26759338378906 434.4576721191406
83.37094116210938 434.34295654296875
83.46532440185547 434.22076416015625
83.55020141601562 434.0917663574219
83.62508392333984 433.95672607421875
83.6895523071289 433.8164367675781
83.74323272705078 433.6716613769531
83.78581237792969 433.52325439453125
83.81705474853516 433.3720397949219
83.83678436279297 433.2189025878906
83.84487915039062 433.064697265625
83.84130096435547 432.91033935546875
83.82606506347656 432.7566833496094
83.79925537109375 432.6046142578125
83.76103210449219 432.45501708984375
83.71160888671875 432.3087463378906
83.65127563476562 432.1666259765625
83.58037567138672 432.0294494628906
83.49930572509766 431.8980407714844
83.40853881835938 431.77313232421875
83.30859375 431.6554260253906
83.20003509521484 431.5456237792969
83.08348846435547 431.4443359375
82.95962524414062 431.3521423339844
82.82914733886719 431.26959228515625
82.69280242919922 431.1971435546875
82.5513687133789 431.13519287109375
82.40565490722656 431.0841064453125
82.25650024414062 431.044189453125
82.10475158691406 431.0156555175781
81.95127868652344 430.9986572265625
81.79696655273438 430.9933166503906
81.64269256591797 430.9996643066406
81.48933410644531 431.01763916015625
81.33780670166016 431.0471496582031
81.18962860107422 431.08782958984375
81.0499267578125 431.1378479003906
80.93563079833984 431.1888732910156
80.82393646240234 431.24932861328125
80.71283721923828 431.3209228515625
80.59889221191406 431.40728759765625
80.48924255371094 431.50433349609375
80.3835220336914 431.6132507324219
80.28622436523438 431.7300109863281
80.19786834716797 431.8540344238281
80.11868286132812 431.9851379394531
80.04932403564453 432.1224670410156
79.99040222167969 432.2649841308594
79.9423828125 432.41168212890625
79.90557861328125 432.5616455078125
79.88021087646484 432.7139587402344
79.86642456054688 432.86773681640625
79.86430358886719 433.0221252441406
79.87385559082031 433.1762390136719
79.89502716064453 433.3291931152344
79.92769622802734 433.4801025390625
79.9716796875 433.62811279296875
80.02671813964844 433.7723693847656
80.0925064086914 433.91204833984375
80.16866302490234 434.0463562011719
80.25475311279297 434.1745300292969
80.35028076171875 434.29583740234375
80.45470428466797 434.4095764160156
80.56742858886719 434.5151062011719
80.68780517578125 434.61181640625
80.81514739990234 434.6991271972656
80.94872283935547 434.7765808105469
81.0877685546875 434.8437194824219
81.23149108886719 434.900146484375
81.37906646728516 434.945556640625
81.52965545654297 434.97967529296875
81.68238830566406 435.0023193359375
81.83639526367188 435.01336669921875
81.99079895019531 435.0127258300781
82.14471435546875 435.00042724609375
82.29725646972656 434.9765319824219
82.44756317138672 434.941162109375
82.59476470947266 434.8945617675781
82.73802185058594 434.8369445800781
82.87651824951172 434.7686767578125
83.00945281982422 434.69012451171875
83.13607788085938 434.60174560546875
83.25566101074219 434.5040588378906
83.36751556396484 434.3976135253906
83.47100830078125 434.28302001953125
83.56554412841797 434.16094970703125
83.65058135986328 434.0320739746094
83.72563934326172 433.8971252441406
83.790283203125 433.75689697265625
83.84414672851562 433.6121826171875
83.88691711425781 433.46380615234375
83.91835021972656 433.3126220703125
83.93827056884766 433.1595153808594
83.94656372070312 433.0053405761719
83.94317626953125 432.8509826660156
83.92813110351562 432.6972961425781
83.90151977539062 432.5451965332031
83.86348724365234 432.3955383300781
83.81425476074219 432.24920654296875
83.75409698486328 432.10699462890625
83.68336486816406 431.9697265625
83.60246276855469 431.8382263183594
83.51185607910156 431.71319580078125
83.41205596923828 431.5953674316406
83.30363464355469 431.4854431152344
83.18721771240234 431.3840026855469
83.06346893310547 431.2916564941406
82.93309020996094 431.20892333984375
82.79683685302734 431.13629150390625
82.65547943115234 431.07415771484375
82.50983428955078 431.02288818359375
82.36073303222656 430.9827575683594
82.20902252197266 430.95404052734375
82.05557250976562 430.9368591308594
81.9012680053711 430.93133544921875
81.74698638916016 430.9374694824219
81.5936050415039 430.95526123046875
81.4420394897461 430.9845886230469
81.29376220703125 431.0251159667969
81.15054321289062 431.076171875
81.03434753417969 431.1278381347656
80.92089080810547 431.1890563964844
80.80830383300781 431.2613830566406
80.69348907470703 431.34814453125
80.58233642578125 431.44622802734375
80.47634887695312 431.5550842285156
80.37877655029297 431.6717834472656
80.29015350341797 431.7957763671875
80.21072387695312 431.92681884765625
80.14112854003906 432.0640869140625
80.08197784423828 432.20654296875
80.03372192382812 432.3531799316406
79.9966812133789 432.5030822753906
79.9710693359375 432.65533447265625
79.95703887939453 432.8091125488281
79.95467376708984 432.9635009765625
79.96398162841797 433.11761474609375
79.98490905761719 433.2705993652344
80.01734161376953 433.42156982421875
80.06108856201172 433.56964111328125
80.11590576171875 433.7139892578125
80.18147277832031 433.8537902832031
80.25741577148438 433.98822021484375
80.34330749511719 434.1165466308594
80.43865203857422 434.2380065917969
80.54290008544922 434.3518981933594
80.65545654296875 434.45758056640625
80.77568054199219 434.5544738769531
80.90288543701172 434.6419982910156
81.03633880615234 434.71966552734375
81.17527770996094 434.7870178222656
81.31890869140625 434.84368896484375
81.46641540527344 434.88934326171875
81.61695098876953 434.9237060546875
81.7696533203125 434.94659423828125
81.92364501953125 434.9578857421875
82.07804870605469 434.9574890136719
82.23197937011719 434.9454345703125
82.38455963134766 434.9217834472656
82.53491973876953 434.88665771484375
82.68218994140625 434.84027099609375
82.8255386352539 434.78289794921875
82.96414184570312 434.71484375
83.09720611572266 434.6365051269531
83.22396850585938 434.54833984375
83.34370422363281 434.4508361816406
83.45572662353516 434.3445739746094
83.55939483642578 434.23016357421875
83.65412139892578 434.1082458496094
83.73936462402344 433.9794921875
83.81462860107422 433.84466552734375
83.8794937133789 433.7045593261719
83.93357849121094 433.5599365234375
83.97657775878906 433.4116516113281
84.00824737548828 433.2605285644531
84.02840423583984 433.1074523925781
84.03693389892578 432.9532775878906
84.0337905883789 432.79888916015625
84.01898956298828 432.64520263671875
83.99261474609375 432.4930725097656
83.95481872558594 432.3433532714844
83.90581512451172 432.1969299316406
83.84588623046875 432.05462646484375
83.7753677368164 431.9172668457031
83.69467163085938 431.7856140136719
83.60425567626953 431.66046142578125
83.504638671875 431.54248046875
83.39639282226562 431.432373046875
83.28013610839844 431.33074951171875
83.15653228759766 431.23822021484375
83.02629089355469 431.1553039550781
82.89015197753906 431.08245849609375
82.74889373779297 431.0201110839844
82.60332489013672 430.9686279296875
82.45428466796875 430.92828369140625
82.30261993408203 430.8993225097656
82.14920043945312 430.88189697265625
81.99490356445312 430.8761291503906
81.84060668945312 430.88201904296875
81.68720245361328 430.8995666503906
81.53559112548828 430.92864990234375
81.38720703125 430.96893310546875
81.2437515258789 431.0198059082031
81.11492919921875 431.07684326171875
81.00006103515625 431.1385498046875
80.88626861572266 431.2113342285156
80.7707290649414 431.29827880859375
80.6590576171875 431.39642333984375
80.55278015136719 431.5051574707031
80.45509338378906 431.6215515136719
80.36616516113281 431.7454528808594
80.28644561767578 431.87640380859375
80.21656799316406 432.0135498046875
80.15713500976562 432.1558837890625
80.10859680175781 432.30242919921875
80.07125854492188 432.4522399902344
80.04534912109375 432.6044616699219
80.03102111816406 432.7582092285156
80.02835083007812 432.91259765625
80.037353515625 433.0667419433594
80.0579833984375 433.2197570800781
80.09011840820312 433.37078857421875
80.13357543945312 433.5189514160156
80.1881103515625 433.6634216308594
80.25340270996094 433.8033447265625
80.32908630371094 433.93792724609375
80.41472625732422 434.06640625
80.50982666015625 434.18804931640625
80.61385345458984 434.3021545410156
80.72620391845703 434.4080810546875
80.84623718261719 434.5052185058594
80.9732666015625 434.5929870605469
81.1065673828125 434.6708984375
81.24537658691406 434.738525390625
81.38890075683594 434.79547119140625
