59.706329345703125 449.7214050292969
59.36057662963867 449.4245910644531
59.00135803222656 449.14422607421875
58.62945556640625 448.88092041015625
58.24567794799805 448.6352233886719
57.85086441040039 448.4076843261719
57.44586944580078 448.1988220214844
57.03157424926758 448.0090637207031
56.608882904052734 447.8388366699219
56.1787109375 447.6885070800781
55.74199676513672 447.55841064453125
55.2996940612793 447.44879150390625
54.852760314941406 447.35992431640625
54.40216827392578 447.2919921875
53.94889831542969 447.2451477050781
53.49393844604492 447.219482421875
53.03827667236328 447.215087890625
52.58290481567383 447.23193359375
52.128814697265625 447.2699890136719
51.67699432373047 447.3291931152344
51.228424072265625 447.4093933105469
50.78408432006836 447.51043701171875
50.34493637084961 447.632080078125
49.91193771362305 447.7740783691406
49.48603057861328 447.93609619140625
49.06814193725586 448.1177978515625
48.659183502197266 448.31878662109375
48.260040283203125 448.53863525390625
47.871585845947266 448.77685546875
47.494659423828125 449.0329284667969
47.13008499145508 449.3063049316406
46.778656005859375 449.59637451171875
46.44113540649414 449.90252685546875
46.118255615234375 450.2240905761719
45.81072235107422 450.56036376953125
45.519203186035156 450.91058349609375
45.24433135986328 451.2740173339844
44.98670959472656 451.6498718261719
44.74689483642578 452.037353515625
44.52540969848633 452.4355773925781
44.32273483276367 452.8437194824219
44.13930892944336 453.2608642578125
43.98299789428711 453.6673278808594
43.88648223876953 453.9618225097656
43.831851959228516 454.16650390625
43.8123893737793 454.26318359375
43.81226348876953 454.26422119140625
43.81248092651367 454.2563781738281
43.80837631225586 454.1882019042969
43.791717529296875 454.0682373046875
43.765628814697266 453.94659423828125
43.73030090332031 453.8257751464844
43.685699462890625 453.7064208984375
43.6323127746582 453.5902404785156
43.57048034667969 453.47808837890625
43.43567657470703 453.2582092285156
43.296783447265625 453.0406188964844
43.15617370605469 452.82867431640625
43.00956726074219 452.61590576171875
42.86173629760742 452.4093017578125
42.709693908691406 452.204833984375
42.55849075317383 452.00958251953125
42.40781784057617 451.82366943359375
42.25186538696289 451.64007568359375
42.103759765625 451.4745788574219
41.94929504394531 451.3114929199219
41.808982849121094 451.1725158691406
41.68838882446289 451.0623474121094
41.5617561340332 450.9566955566406
41.48002624511719 450.8955383300781
41.414371490478516 450.8526916503906
41.3575439453125 450.8209533691406
41.30362319946289 450.79571533203125
41.25296401977539 450.7763366699219
41.21350860595703 450.7644348144531
41.21451187133789 450.7646484375
41.29628372192383 450.777099609375
41.520103454589844 450.7963562011719
41.82758712768555 450.8043212890625
42.257720947265625 450.7923583984375
42.73350143432617 450.7561950683594
43.2301139831543 450.69561767578125
43.73664474487305 450.61102294921875
44.25072479248047 450.5022277832031
44.76204299926758 450.37109375
45.26952362060547 450.2177734375
45.7706184387207 450.04296875
46.26395034790039 449.84716796875
46.74867248535156 449.63067626953125
47.22383499145508 449.3939514160156
47.68859100341797 449.13739013671875
48.142112731933594 448.8614501953125
48.583595275878906 448.566650390625
49.01224899291992 448.25347900390625
49.42731475830078 447.9225158691406
49.82805252075195 447.5743408203125
50.213748931884766 447.2095947265625
50.583717346191406 446.8288879394531
50.93729782104492 446.43292236328125
51.273860931396484 446.02239990234375
51.592803955078125 445.5980529785156
51.89356231689453 445.16064453125
52.175601959228516 444.7109680175781
52.438411712646484 444.2497863769531
52.68151092529297 443.7779846191406
52.904483795166016 443.29638671875
53.106929779052734 442.8058166503906
53.28848648071289 442.30718994140625
53.4488410949707 441.8013610839844
53.58769607543945 441.2892761230469
53.70481872558594 440.77178955078125
53.799983978271484 440.2499084472656
53.873023986816406 439.724609375
53.92380905151367 439.1968688964844
53.95225143432617 438.66766357421875
53.95830535888672 438.1380615234375
53.94198989868164 437.6096496582031
53.90336990356445 437.0832824707031
53.84259796142578 436.5602111816406
53.76020812988281 436.04400634765625
53.656455993652344 435.5350646972656
53.533294677734375 435.0411682128906
53.393795013427734 434.5711975097656
53.24430465698242 434.1407470703125
53.07490539550781 433.71771240234375
52.885963439941406 433.30303955078125
52.67789077758789 432.89764404296875
52.451141357421875 432.50238037109375
52.206207275390625 432.1181335449219
51.94362258911133 431.7457275390625
51.66395568847656 431.3859558105469
51.36781692504883 431.03961181640625
51.055850982666016 430.70745849609375
50.728736877441406 430.3902282714844
50.387184143066406 430.0885925292969
50.03193664550781 429.8031921386719
49.66376876831055 429.53466796875
49.28348159790039 429.28363037109375
48.89189910888672 429.05059814453125
48.48987579345703 428.8360595703125
48.078285217285156 428.6405029296875
47.658023834228516 428.46435546875
47.23000717163086 428.3079833984375
46.795166015625 428.1717529296875
46.35444259643555 428.0559387207031
45.90879821777344 427.9608154296875
45.459205627441406 427.8865661621094
45.00663757324219 427.8333740234375
44.55208206176758 427.80133056640625
44.096527099609375 427.79052734375
43.64096450805664 427.80096435546875
43.18638610839844 427.8326416015625
42.73377990722656 427.885498046875
42.28913497924805 427.9586181640625
41.84344482421875 428.05352783203125
41.40266418457031 428.1690979003906
40.967750549316406 428.30511474609375
40.53965377807617 428.46124267578125
40.11930465698242 428.6371765136719
39.70761489868164 428.83251953125
39.30548095703125 429.0468444824219
38.913780212402344 429.2796936035156
38.533363342285156 429.5305480957031
38.16505813598633 429.7988586425781
37.80966567993164 430.0840759277344
37.46795654296875 430.3855285644531
37.14067840576172 430.7026062011719
36.82854080200195 431.03460693359375
36.532222747802734 431.38079833984375
36.25237274169922 431.74041748046875
35.98959732055664 432.1127014160156
35.74446487426758 432.496826171875
35.517513275146484 432.8919677734375
35.316524505615234 433.283447265625
35.18906021118164 433.56585693359375
35.14484405517578 433.68145751953125
35.143028259277344 433.68756103515625
35.145225524902344 433.6766357421875
35.15946578979492 433.5537109375
35.16477584838867 433.42791748046875
35.16083908081055 433.30084228515625
35.147491455078125 433.1730651855469
35.12477493286133 433.04620361328125
35.0927848815918 432.92108154296875
35.05168151855469 432.7984619140625
35.0016975402832 432.6791076660156
34.94009780883789 432.5574951171875
34.81033706665039 432.32696533203125
34.676719665527344 432.09820556640625
34.53944778442383 431.8714294433594
34.39864730834961 431.6468505859375
34.25433349609375 431.4244689941406
34.106597900390625 431.2044372558594
33.95541000366211 430.9866943359375
33.80091094970703 430.771484375
33.64301681518555 430.5586853027344
33.481842041015625 430.34844970703125
33.317264556884766 430.1406555175781
33.14958572387695 429.9356384277344
32.9786491394043 429.7332458496094
32.8047981262207 429.5339050292969
32.627723693847656 429.3372802734375
32.44780349731445 429.143798828125
32.26472473144531 428.953125
32.07853698730469 428.76531982421875
31.889299392700195 428.5804443359375
31.697067260742188 428.3985595703125
31.50246810913086 428.2202453613281
31.304895401000977 428.0450134277344
31.105304718017578 427.87371826171875
30.90273094177246 427.7055969238281
30.697858810424805 427.54119873046875
30.491741180419922 427.3814697265625
30.28046989440918 427.22332763671875
30.066516876220703 427.06854248046875
29.849952697753906 426.9171142578125
29.631681442260742 426.7697448730469
29.41178321838379 426.62652587890625
29.189289093017578 426.4868469238281
28.96660804748535 426.352294921875
28.769393920898438 426.23907470703125
28.632909774780273 426.1673278808594
28.572772979736328 426.1400451660156
28.534896850585938 426.1259765625
28.517902374267578 426.12103271484375
28.56625747680664 426.1314392089844
28.673933029174805 426.1468200683594
28.856342315673828 426.160400390625
29.162256240844727 426.16400146484375
29.514293670654297 426.14788818359375
29.930099487304688 426.1064453125
30.38782501220703 426.037841796875
30.861793518066406 425.94384765625
31.350332260131836 425.82373046875
31.84763526916504 425.67803955078125
32.34560775756836 425.5086364746094
32.83921432495117 425.3169860839844
33.325016021728516 425.1043395996094
33.80180740356445 424.8711853027344
34.2684326171875 424.6180725097656
34.7239990234375 424.3454895019531
35.16766357421875 424.0539245605469
35.598636627197266 423.7439270019531
36.01615524291992 423.416015625
36.419471740722656 423.07080078125
36.8078727722168 422.7088928222656
37.1806640625 422.3309020996094
37.53718566894531 421.9375305175781
37.876800537109375 421.52947998046875
38.19890594482422 421.10748291015625
38.502925872802734 420.6722717285156
38.78832244873047 420.2246398925781
39.05458450317383 419.7653503417969
39.30124282836914 419.2952575683594
39.527854919433594 418.815185546875
39.73401641845703 418.32598876953125
39.91936492919922 417.8285217285156
40.08354187011719 417.3237609863281
40.226234436035156 416.81268310546875
40.34725570678711 416.2959289550781
40.446372985839844 415.7745361328125
40.52341079711914 415.2493896484375
40.57822799682617 414.7214660644531
40.6107292175293 414.1916809082031
40.620853424072266 413.6610412597656
40.608585357666016 413.1304931640625
40.573951721191406 412.60101318359375
40.51701736450195 412.07354736328125
40.43788146972656 411.5489807128906
40.3366813659668 411.0282287597656
40.21367645263672 410.5125732421875
40.06935501098633 410.0038757324219
39.90392303466797 409.502685546875
39.71849060058594 409.0119934082031
39.514827728271484 408.5357971191406
39.2963752746582 408.0807800292969
39.08077621459961 407.6793212890625
38.8466911315918 407.2883605957031
38.59463119506836 406.90875244140625
38.32514190673828 406.5412902832031
38.03881072998047 406.1867980957031
37.736263275146484 405.8460388183594
37.418155670166016 405.519775390625
37.08517837524414 405.20867919921875
36.73805618286133 404.9134521484375
36.37754821777344 404.6347351074219
36.004432678222656 404.3731384277344
35.61952590942383 404.12921142578125
35.223663330078125 403.90350341796875
34.81770706176758 403.6965026855469
34.40254211425781 403.5086669921875
33.979068756103516 403.34039306640625
33.54821014404297 403.1920471191406
33.11090087890625 403.06396484375
32.668094635009766 402.9563903808594
32.22075653076172 402.8695983886719
31.769855499267578 402.80377197265625
31.440994262695312 402.7722473144531
31.139902114868164 402.7593994140625
30.837675094604492 402.7627258300781
30.532827377319336 402.78240966796875
30.22389793395996 402.8189392089844
29.881317138671875 402.87774658203125
29.530820846557617 402.95660400390625
29.14145278930664 403.0649719238281
28.715307235717773 403.2059326171875
28.30614471435547 403.36309814453125
27.88892936706543 403.54632568359375
27.480712890625 403.7488098144531
27.082382202148438 403.9701232910156
26.694805145263672 404.20977783203125
26.318824768066406 404.46722412109375
25.94685935974121 404.7481384277344
25.58563232421875 405.0480041503906
25.238609313964844 405.3641052246094
24.906757354736328 405.695556640625
24.593624114990234 406.0385437011719
24.297500610351562 406.3946533203125
24.019174575805664 406.7627868652344
23.75936508178711 407.14178466796875
23.651880264282227 407.3177795410156
23.654052734375 407.31353759765625
23.700918197631836 407.1991271972656
23.740474700927734 407.0779724121094
23.77149772644043 406.9525146484375
23.79331398010254 406.82489013671875
23.805744171142578 406.696044921875
23.808732986450195 406.5664367675781
23.8022403717041 406.4369201660156
23.786287307739258 406.30810546875
23.76095199584961 406.1807556152344
23.726383209228516 406.05560302734375
23.66456413269043 405.877685546875
23.5682373046875 405.6297912597656
23.468032836914062 405.3834228515625
23.363975524902344 405.1386413574219
23.256080627441406 404.89544677734375
23.144393920898438 404.65399169921875
23.028942108154297 404.414306640625
22.909751892089844 404.1764221191406
22.786855697631836 403.9404296875
22.660282135009766 403.7063903808594
22.530061721801758 403.474365234375
22.396223068237305 403.244384765625
22.258806228637695 403.01654052734375
22.117839813232422 402.7908630371094
21.973358154296875 402.5674133300781
21.825395584106445 402.34625244140625
21.673992156982422 402.12744140625
21.519180297851562 401.9110107421875
21.360998153686523 401.697021484375
21.199485778808594 401.48553466796875
21.03468132019043 401.2765808105469
20.866628646850586 401.07025146484375
20.695363998413086 400.8665466308594
20.520931243896484 400.6655578613281
20.343374252319336 400.4673156738281
20.162734985351562 400.2718811035156
19.97905731201172 400.07928466796875
19.792387008666992 399.88958740234375
19.602767944335938 399.70281982421875
19.410247802734375 399.51904296875
19.214876174926758 399.33831787109375
19.016698837280273 399.16064453125
18.815763473510742 398.9861145019531
18.612117767333984 398.8147277832031
18.40581703186035 398.64654541015625
18.19715690612793 398.4818115234375
17.985939025878906 398.32037353515625
17.773653030395508 398.163330078125
17.55927276611328 398.0099182128906
17.350543975830078 397.8658142089844
17.16463279724121 397.7431945800781
16.97530174255371 397.62493896484375
16.846107482910156 397.5502014160156
16.799367904663086 397.5263671875
16.795494079589844 397.5246887207031
16.860509872436523 397.54742431640625
16.959917068481445 397.5744323730469
17.09596824645996 397.60137939453125
17.313398361206055 397.6293640136719
17.532434463500977 397.64306640625
17.837961196899414 397.6429748535156
18.143281936645508 397.6244812011719
18.520112991333008 397.5798645019531
18.894363403320312 397.5146179199219
19.30311393737793 397.4207763671875
19.67051887512207 397.3156433105469
20.121728897094727 397.16143798828125
20.581941604614258 396.9800720214844
21.044851303100586 396.7732238769531
21.51372528076172 396.53875732421875
21.974227905273438 396.2833557128906
22.426586151123047 396.00677490234375
22.867277145385742 395.7110595703125
23.29523468017578 395.3969421386719
23.709564208984375 395.0650329589844
24.10953140258789 394.7159423828125
24.494422912597656 394.3503112792969
24.863554000854492 393.96875
25.21626853942871 393.57196044921875
25.551937103271484 393.16064453125
25.869962692260742 392.7355651855469
26.169780731201172 392.2974548339844
26.450855255126953 391.8470764160156
26.71268653869629 391.38525390625
26.954809188842773 390.91278076171875
27.17679214477539 390.4305419921875
27.37824249267578 389.9393615722656
27.558799743652344 389.44012451171875
27.718141555786133 388.9337158203125
27.855985641479492 388.4210510253906
27.972087860107422 387.90301513671875
28.06192970275879 387.4009094238281
28.129667282104492 386.89288330078125
28.175989151000977 386.37249755859375
28.199880599975586 385.8495178222656
28.201385498046875 385.3216552734375
28.18045997619629 384.796875
28.13689613342285 384.2701110839844
28.070878982543945 383.7442321777344
27.982675552368164 383.2215270996094
27.87237548828125 382.7025451660156
27.740234375 382.1885070800781
27.586523056030273 381.6805114746094
27.411518096923828 381.179443359375
27.215534210205078 380.6861877441406
26.999011993408203 380.2018737792969
26.762420654296875 379.72747802734375
26.50642204284668 379.2642822265625
26.232030868530273 378.81396484375
25.96017074584961 378.4087219238281
25.689258575439453 378.0423278808594
25.40155601501465 377.68896484375
25.097686767578125 377.3493957519531
24.7783145904541 377.02435302734375
24.444133758544922 376.7145690917969
24.095869064331055 376.42071533203125
23.734281539916992 376.1434020996094
23.36015510559082 375.8832702636719
22.97430419921875 375.6408386230469
22.57756996154785 375.41668701171875
22.305681228637695 375.2805480957031
22.088428497314453 375.1863708496094
21.88590431213379 375.1121520996094
21.680461883544922 375.0502014160156
21.523290634155273 375.012939453125
21.339385986328125 374.98101806640625
21.137813568115234 374.9582824707031
20.912158966064453 374.94610595703125
20.714683532714844 374.947021484375
20.515735626220703 374.95977783203125
20.281661987304688 374.9885559082031
20.040687561035156 375.0321960449219
19.791297912597656 375.0920104980469
19.502513885498047 375.1782531738281
19.179168701171875 375.29376220703125
18.833078384399414 375.4378662109375
18.456968307495117 375.6169738769531
18.052963256835938 375.8335876464844
17.633333206176758 376.0839538574219
17.227588653564453 376.35150146484375
16.833900451660156 376.6373291015625
16.833900451660156 376.6373291015625
16.833900451660156 376.6373291015625
16.833900451660156 376.6373291015625
16.833900451660156 376.6373291015625
16.515371322631836 377.00250244140625
16.515371322631836 377.00250244140625
16.515371322631836 377.00250244140625
16.530975341796875 376.97607421875
16.58700180053711 376.86065673828125
16.634668350219727 376.74090576171875
16.673492431640625 376.6178894042969
16.70334815979004 376.4918212890625
16.72389793395996 376.364013671875
16.735050201416016 376.2350769042969
16.736753463745117 376.1054382324219
16.72897720336914 375.9759521484375
16.711750030517578 375.8473205566406
16.685171127319336 375.72027587890625
16.645532608032227 375.58111572265625
16.561840057373047 375.32855224609375
16.561840057373047 375.32855224609375
16.561840057373047 375.32855224609375
16.561840057373047 375.32855224609375
16.561840057373047 375.32855224609375
16.561840057373047 375.32855224609375
16.561840057373047 375.32855224609375
16.561840057373047 375.32855224609375
16.561840057373047 375.32855224609375
16.561840057373047 375.32855224609375
16.561840057373047 375.32855224609375
16.561840057373047 375.32855224609375
16.561840057373047 375.32855224609375
16.561840057373047 375.32855224609375
16.561840057373047 375.32855224609375
16.561840057373047 375.32855224609375
16.561840057373047 375.32855224609375
16.561840057373047 375.32855224609375
16.561840057373047 375.32855224609375
16.561840057373047 375.32855224609375
16.561840057373047 375.32855224609375
16.561840057373047 375.32855224609375
16.561840057373047 375.32855224609375
16.561840057373047 375.32855224609375
16.561840057373047 375.32855224609375
16.561840057373047 375.32855224609375
16.561840057373047 375.32855224609375
16.561840057373047 375.32855224609375
16.561840057373047 375.32855224609375
16.561840057373047 375.32855224609375
16.561840057373047 375.32855224609375
16.561840057373047 375.32855224609375
16.561840057373047 375.32855224609375
16.561840057373047 375.32855224609375
16.561840057373047 375.32855224609375
16.561840057373047 375.32855224609375
16.561840057373047 375.32855224609375
16.561840057373047 375.32855224609375
16.561840057373047 375.32855224609375
16.561840057373047 375.32855224609375
16.561840057373047 375.32855224609375
16.561840057373047 375.32855224609375
16.561840057373047 375.32855224609375
16.561840057373047 375.32855224609375
16.561840057373047 375.32855224609375
16.561840057373047 375.32855224609375
16.506860733032227 375.3033447265625
16.51512336730957 375.3064880371094
16.550264358520508 375.31707763671875
16.644481658935547 375.3383483886719
16.80963706970215 375.36376953125
16.97774887084961 375.3780212402344
17.232574462890625 375.3828125
17.487810134887695 375.37139892578125
17.742910385131836 375.3437194824219
18.07758140563965 375.2867431640625
18.45492935180664 375.2005615234375
18.84552574157715 375.089111328125
19.289339065551758 374.9380798339844
19.726099014282227 374.76593017578125
20.193618774414062 374.5565185546875
20.661230087280273 374.3222351074219
21.12244987487793 374.06597900390625
21.574735641479492 373.78900146484375
22.01518440246582 373.4930114746094
22.442916870117188 373.1785888671875
22.857006072998047 372.8464050292969
23.256723403930664 372.4970397949219
23.6413516998291 372.1311340332031
24.010210037231445 371.74932861328125
24.362640380859375 371.352294921875
24.698015213012695 370.9407653808594
25.01573944091797 370.51544189453125
25.31524658203125 370.0771179199219
25.59600067138672 369.6265563964844
25.857505798339844 369.16455078125
26.099294662475586 368.6919250488281
26.32093620300293 368.2095031738281
26.522037506103516 367.7181701660156
26.702239990234375 367.21881103515625
26.861223220825195 366.7122802734375
26.99870491027832 366.1994934082031
27.114439010620117 365.6813659667969
27.208087921142578 365.1594543457031
27.276697158813477 364.65142822265625
27.322982788085938 364.138671875
27.346771240234375 363.6224365234375
27.348173141479492 363.0975646972656
27.327056884765625 362.5723571777344
27.28331756591797 362.0453186035156
27.217144012451172 361.51934814453125
27.128787994384766 360.9965515136719
27.018407821655273 360.4778747558594
26.886140823364258 359.9639587402344
26.73227882385254 359.45599365234375
26.557130813598633 358.9549865722656
26.361005783081055 358.4618225097656
26.144277572631836 357.9774169921875
25.90740203857422 357.5027770996094
25.65111541748047 357.0393371582031
25.376846313476562 356.5894775390625
25.086252212524414 356.15557861328125
24.816017150878906 355.7886657714844
24.528966903686523 355.43475341796875
24.225725173950195 355.0946044921875
23.906953811645508 354.76898193359375
23.573345184326172 354.4585876464844
23.453901290893555 354.3590087890625
23.359535217285156 354.2899475097656
23.291349411010742 354.24664306640625
23.251256942749023 354.2249450683594
23.227806091308594 354.2144470214844
23.21164894104004 354.208740234375
23.207473754882812 354.2076416015625
23.200031280517578 354.2063903808594
23.19704246520996 354.2061462402344
23.18072509765625 354.2062683105469
23.161014556884766 354.20794677734375
23.136451721191406 354.2117614746094
23.104164123535156 354.2191162109375
23.02843475341797 354.2418518066406
22.935365676879883 354.2767028808594
22.821983337402344 354.32781982421875
22.639524459838867 354.4241943359375
22.402929306030273 354.5673828125
22.128427505493164 354.7548828125
21.842880249023438 354.9729309082031
21.508012771606445 355.2562561035156
21.14105796813965 355.5969543457031
20.788450241088867 355.95458984375
20.453580856323242 356.32568359375
20.118515014648438 356.7310791015625
19.799524307250977 357.1521911621094
19.54729461669922 357.5183410644531
19.397037506103516 357.7626953125
19.3949031829834 357.7668151855469
19.439966201782227 357.65826416015625
19.478296279907227 357.542724609375
19.509075164794922 357.4207763671875
19.530921936035156 357.29656982421875
19.543746948242188 357.1700134277344
19.547290802001953 357.0428771972656
19.541484832763672 356.9146423339844
19.526269912719727 356.7867126464844
19.501813888549805 356.66058349609375
19.468015670776367 356.5358581542969
19.393388748168945 356.310302734375
19.3037166595459 356.0613098144531
19.21000862121582 355.8133544921875
19.112438201904297 355.56689453125
19.01095962524414 355.3218078613281
18.90574836730957 355.0785217285156
18.79662322998047 354.8366394042969
18.683671951293945 354.59637451171875
18.5670166015625 354.35797119140625
18.44664764404297 354.12139892578125
18.322526931762695 353.8865966796875
18.19475746154785 353.6537780761719
18.063274383544922 353.4228210449219
17.928203582763672 353.1939697265625
17.789592742919922 352.96728515625
17.64739227294922 352.7427062988281
17.50169563293457 352.5203552246094
17.352432250976562 352.3001708984375
17.19976043701172 352.0823669433594
17.04365348815918 351.8669128417969
16.884193420410156 351.6539306640625
16.72141456604004 351.4434509277344
16.555362701416016 351.23553466796875
16.555362701416016 351.23553466796875
16.555362701416016 351.23553466796875
16.555362701416016 351.23553466796875
16.555362701416016 351.23553466796875
16.555362701416016 351.23553466796875
16.555362701416016 351.23553466796875
16.555362701416016 351.23553466796875
16.555362701416016 351.23553466796875
16.555362701416016 351.23553466796875
16.555362701416016 351.23553466796875
16.555362701416016 351.23553466796875
16.555362701416016 351.23553466796875
16.555362701416016 351.23553466796875
16.555362701416016 351.23553466796875
16.555362701416016 351.23553466796875
16.555362701416016 351.23553466796875
16.555362701416016 351.23553466796875
16.555362701416016 351.23553466796875
16.555362701416016 351.23553466796875
16.555362701416016 351.23553466796875
16.555362701416016 351.23553466796875
16.555362701416016 351.23553466796875
16.50204086303711 351.2104187011719
16.5117130279541 351.2142028808594
16.548166275024414 351.2255859375
16.64398956298828 351.2481994628906
16.77395248413086 351.2694091796875
16.94425392150879 351.2852783203125
17.20167350769043 351.2922668457031
17.459552764892578 351.2829284667969
17.717348098754883 351.2572326660156
18.055255889892578 351.2027893066406
18.435138702392578 351.11962890625
18.828128814697266 351.0113830566406
19.24864387512207 350.8721008300781
19.68729019165039 350.7027893066406
20.156513214111328 350.49664306640625
20.622127532958984 350.2674255371094
21.08511734008789 350.0143127441406
21.538650512695312 349.74078369140625
21.981090545654297 349.44775390625
22.41090202331543 349.13623046875
22.827224731445312 348.8068542480469
23.229290008544922 348.460205078125
23.616378784179688 348.0968933105469
23.987804412841797 347.71759033203125
24.342906951904297 347.3229675292969
24.681053161621094 346.9136962890625
25.00164031982422 346.49053955078125
25.30409812927246 346.0542297363281
25.587886810302734 345.6055603027344
25.852502822875977 345.14532470703125
26.097475051879883 344.6743469238281
26.322368621826172 344.1934509277344
26.52678108215332 343.7034912109375
26.710350036621094 343.2053527832031
26.87274932861328 342.6999206542969
27.013689041137695 342.1880798339844
27.132917404174805 341.6707458496094
27.230085372924805 341.14947509765625
27.302146911621094 340.64178466796875
27.35192108154297 340.1291809082031
27.379222869873047 339.61297607421875
27.384197235107422 339.08807373046875
27.366657257080078 338.56268310546875
27.326509475708008 338.03533935546875
27.26401138305664 337.5099182128906
27.17915916442871 336.98651123046875
27.072256088256836 336.46710205078125
26.943435668945312 335.95233154296875
26.79298210144043 335.4433288574219
26.621187210083008 334.9411315917969
26.428373336791992 334.4466552734375
26.21489715576172 333.9608154296875
25.981210708618164 333.484619140625
25.72804069519043 333.01947021484375
25.456804275512695 332.56781005859375
25.31788444519043 332.3624572753906
25.290433883666992 332.3273620605469
25.288095474243164 332.3248291015625
25.291841506958008 332.3282165527344
25.305416107177734 332.3383483886719
25.344953536987305 332.3627014160156
25.434349060058594 332.40814208984375
25.54389190673828 332.4538269042969
25.650171279907227 332.4891662597656
25.76676368713379 332.5185241699219
25.813806533813477 332.52679443359375
25.861549377441406 332.5316467285156
25.91006088256836 332.5330505371094
25.96172332763672 332.5307922363281
26.009357452392578 332.5252380371094
26.052001953125 332.51708984375
26.09194564819336 332.5064392089844
26.127910614013672 332.4939880371094
26.158336639404297 332.4809265136719
26.181781768798828 332.46881103515625
26.19536781311035 332.46051025390625
25.93085479736328 332.6463928222656
25.61180877685547 332.8969421386719
25.239967346191406 333.2189025878906
24.862211227416992 333.5762634277344
24.495403289794922 333.9542541503906
24.143508911132812 334.3490905761719
23.8076114654541 334.7596740722656
23.489337921142578 335.18408203125
23.18926429748535 335.62152099609375
22.910240173339844 336.06768798828125
22.68815803527832 336.46124267578125
22.514894485473633 336.80743408203125
22.412385940551758 337.0440979003906
22.407459259033203 337.058349609375
22.417236328125 337.01934814453125
22.43123435974121 336.9368896484375
22.441844940185547 336.8251953125
22.44428253173828 336.712646484375
22.438234329223633 336.59515380859375
22.42315101623535 336.47467041015625
22.39925193786621 336.3553161621094
22.366348266601562 336.23675537109375
22.324079513549805 336.11871337890625
22.24005889892578 335.92156982421875
22.13180160522461 335.6881103515625
22.019617080688477 335.4564208984375
21.90373992919922 335.2264404296875
21.783157348632812 334.9962158203125
21.658958435058594 334.7678527832031
21.53170394897461 334.5423583984375
21.400468826293945 334.318115234375
21.26535415649414 334.0953063964844
21.12673568725586 333.87457275390625
20.98464584350586 333.6559753417969
20.83911895751953 333.4395751953125
20.689006805419922 333.2237243652344
20.535507202148438 333.0102233886719
20.378129959106445 332.79840087890625
20.217514038085938 332.5891418457031
20.05376625061035 332.3825988769531
19.88600730895996 332.17767333984375
19.715023040771484 331.975341796875
19.540889739990234 331.77569580078125
19.363731384277344 331.5788879394531
19.18332290649414 331.38470458984375
18.99959945678711 331.19305419921875
18.812891006469727 331.0043029785156
18.622987747192383 330.8182373046875
18.430192947387695 330.6351623535156
18.234474182128906 330.4550476074219
18.03595542907715 330.27801513671875
17.83469009399414 330.1040954589844
17.630666732788086 329.93328857421875
17.423999786376953 329.76568603515625
17.214860916137695 329.6014404296875
17.004304885864258 329.44134521484375
16.791473388671875 329.2847595214844
16.581684112548828 329.1355895996094
16.581684112548828 329.1355895996094
16.581684112548828 329.1355895996094
16.581684112548828 329.1355895996094
16.5114688873291 329.0986633300781
16.5114688873291 329.0986633300781
16.515657424926758 329.1002197265625
16.600698471069336 329.1249084472656
16.720975875854492 329.15081787109375
16.88161277770996 329.1739501953125
17.08302879333496 329.189208984375
17.372703552246094 329.192626953125
17.662418365478516 329.17828369140625
17.951602935791016 329.1461486816406
18.31477928161621 329.08416748046875
18.71510887145996 328.993408203125
19.124103546142578 328.878173828125
19.556453704833984 328.7327575683594
20.029380798339844 328.5488586425781
20.50119972229004 328.34112548828125
20.967472076416016 328.1112365722656
21.429059982299805 327.8584899902344
21.881999969482422 327.5848693847656
22.324247360229492 327.29150390625
22.753864288330078 326.9796447753906
23.169946670532227 326.64996337890625
23.571760177612305 326.3030090332031
23.958585739135742 325.9394226074219
24.329736709594727 325.5598449707031
24.684553146362305 325.1649475097656
25.022401809692383 324.75543212890625
25.342679977416992 324.33203125
25.644819259643555 323.8955078125
25.928281784057617 323.4466247558594
26.192564010620117 322.9861755371094
26.437192916870117 322.5150146484375
26.66173553466797 322.033935546875
26.86579132080078 321.5438232421875
27.04899787902832 321.0455322265625
27.211027145385742 320.53997802734375
27.351593017578125 320.0280456542969
27.470443725585938 319.5106201171875
27.567350387573242 318.9887390136719
27.63809585571289 318.4866943359375
27.687780380249023 317.9693298339844
27.715030670166016 317.4488830566406
27.71993637084961 316.92205810546875
27.70236587524414 316.39495849609375
27.662343978881836 315.86865234375
27.599807739257812 315.3426513671875
27.515052795410156 314.8196105957031
27.408145904541016 314.29998779296875
27.27935218811035 313.7851257324219
27.128936767578125 313.276123046875
26.95718765258789 312.77392578125
26.890779495239258 312.6130065917969
26.82975196838379 312.49420166015625
26.815690994262695 312.471923828125
26.87407684326172 312.5491027832031
26.957387924194336 312.6435241699219
27.047441482543945 312.731689453125
27.14373779296875 312.8130798339844
27.24750328063965 312.88848876953125
27.356521606445312 312.9561462402344
27.470632553100586 313.015869140625
27.590503692626953 313.06787109375
27.834611892700195 313.1611022949219
28.07973861694336 313.25018310546875
28.3265438079834 313.3353271484375
28.571823120117188 313.4153137207031
28.81723976135254 313.4906005859375
29.050945281982422 313.5571594238281
29.287628173828125 313.61895751953125
29.527111053466797 313.67596435546875
29.769210815429688 313.72821044921875
29.964670181274414 313.7646484375
30.20334243774414 313.8019714355469
30.444446563720703 313.83404541015625
30.68781089782715 313.8609313964844
30.81032371520996 313.8696594238281
30.895605087280273 313.87054443359375
31.077743530273438 313.8628234863281
31.16578483581543 313.8544616699219
31.288171768188477 313.8353271484375
31.353008270263672 313.8209533691406
31.40959358215332 313.8041076660156
31.42700958251953 313.7975158691406
31.389738082885742 313.8147277832031
31.28662872314453 313.87127685546875
31.13295555114746 313.9692687988281
30.938060760498047 314.11163330078125
30.661598205566406 314.33935546875
30.312746047973633 314.65777587890625
29.967063903808594 315.00384521484375
29.61579132080078 315.38812255859375
29.28167724609375 315.78680419921875
28.96201515197754 316.2032470703125
28.658550262451172 316.635498046875
28.372455596923828 317.0820617675781
28.105438232421875 317.54034423828125
27.858177185058594 318.0091857910156
27.632068634033203 318.4858093261719
27.431703567504883 318.959716796875
27.255672454833984 319.43292236328125
27.114299774169922 319.8736877441406
27.01463508605957 320.2475891113281
26.9393253326416 320.6059875488281
26.929887771606445 320.67529296875
26.928312301635742 320.7105407714844
26.927997589111328 320.7028503417969
26.923669815063477 320.6659240722656
26.911746978759766 320.6036376953125
26.889211654663086 320.51953125
26.861312866210938 320.4393005371094
26.824872970581055 320.3549499511719
26.781774520874023 320.2725524902344
26.736413955688477 320.19976806640625
26.64531898498535 320.0707092285156
26.569698333740234 319.9726257324219
26.448291778564453 319.8271789550781
26.325210571289062 319.68927001953125
26.19527244567871 319.5533142089844
26.044696807861328 319.4053955078125
25.86593246459961 319.2382507324219
25.692054748535156 319.0826110839844
25.505388259887695 318.92279052734375
25.31501007080078 318.766357421875
25.11531639099121 318.6086120605469
24.908912658691406 318.4514465332031
24.69965171813965 318.2976989746094
24.48966407775879 318.14898681640625
24.273862838745117 318.001708984375
24.055452346801758 317.85797119140625
23.836130142211914 317.7189025878906
23.629528045654297 317.5935363769531
23.419281005859375 317.4721984863281
23.29197120666504 317.404541015625
23.23743438720703 317.3794860839844
23.212881088256836 317.3702087402344
23.22795867919922 317.37469482421875
23.315807342529297 317.3941955566406
23.439834594726562 317.41278076171875
23.68429946899414 317.4330139160156
23.930513381958008 317.4377746582031
24.260543823242188 317.42413330078125
24.658802032470703 317.3855285644531
25.088899612426758 317.32135009765625
25.52962875366211 317.2330627441406
26.018413543701172 317.11114501953125
26.509807586669922 316.96527099609375
27.000282287597656 316.796142578125
27.487794876098633 316.6042175292969
27.97126007080078 316.38970947265625
28.445859909057617 316.15460205078125
28.91073989868164 315.8992919921875
29.364850997924805 315.6243591308594
29.80699348449707 315.33050537109375
30.236351013183594 315.01824951171875
30.652158737182617 314.68817138671875
31.05367660522461 314.3408508300781
31.440189361572266 313.9768981933594
31.811012268066406 313.59698486328125
32.16548156738281 313.2017822265625
32.50297164916992 312.7919616699219
32.822879791259766 312.3682861328125
33.1246337890625 311.9314880371094
33.40769958496094 311.48236083984375
33.671573638916016 311.0216979980469
33.91578674316406 310.5503234863281
34.1399040222168 310.0690612792969
34.34352493286133 309.5787658691406
34.52628707885742 309.080322265625
34.6878662109375 308.57464599609375
34.827911376953125 308.06280517578125
34.946048736572266 307.54620361328125
35.04226303100586 307.02496337890625
35.11637496948242 306.5000305175781
35.16828918457031 305.9720458984375
35.197872161865234 305.4422912597656
35.205078125 304.91162109375
35.18988800048828 304.3810729980469
35.1523323059082 303.85162353515625
35.09247970581055 303.3242492675781
35.010440826416016 302.7998962402344
34.976646423339844 302.647216796875
34.9520378112793 302.56866455078125
34.95347213745117 302.5721435546875
35.00762176513672 302.67889404296875
35.073829650878906 302.7887268066406
35.14842987060547 302.8941955566406
35.230743408203125 302.9941711425781
35.32014846801758 303.0878601074219
35.416297912597656 303.1748962402344
35.51863098144531 303.2547302246094
35.62650680541992 303.3268737792969
35.831478118896484 303.4482116699219
36.06356430053711 303.5774841308594
36.29765701293945 303.703125
36.53369903564453 303.8251037597656
36.771629333496094 303.9433898925781
37.01130676269531 304.0578918457031
37.25271987915039 304.16864013671875
37.495853424072266 304.2756042480469
37.74085998535156 304.37884521484375
37.98716735839844 304.4781188964844
38.23527145385742 304.5736389160156
38.4847526550293 304.6652526855469
38.735652923583984 304.7529296875
38.98786544799805 304.836669921875
39.24110794067383 304.9163818359375
39.49560546875 304.9920959472656
39.75129318237305 305.0638122558594
40.00843048095703 305.1316223144531
40.266605377197266 305.1954040527344
40.52574920654297 305.255126953125
40.78549575805664 305.31072998046875
41.04640197753906 305.3623046875
41.3080940246582 305.4097900390625
41.57046890258789 305.45318603515625
41.83350372314453 305.4924621582031
42.097129821777344 305.5276184082031
42.36128616333008 305.55865478515625
42.62590408325195 305.5855407714844
42.89092254638672 305.6083068847656
43.156219482421875 305.62689208984375
43.421791076660156 305.6413269042969
43.687110900878906 305.6515808105469
43.95302963256836 305.65765380859375
44.21902084350586 305.6595764160156
44.485023498535156 305.6573181152344
44.75096893310547 305.6509094238281
45.016788482666016 305.6403503417969
45.28242111206055 305.6256103515625
45.54779815673828 305.6067199707031
45.812808990478516 305.58367919921875
45.94398498535156 305.5677795410156
45.99024963378906 305.55926513671875
46.01972198486328 305.5516662597656
46.030521392822266 305.54803466796875
45.96195602416992 305.57659912109375
45.85334777832031 305.6310729980469
45.75123977661133 305.6914978027344
45.53140640258789 305.8419189453125
45.288352966308594 306.0309143066406
45.056396484375 306.2344665527344
44.76308059692383 306.5223083496094
44.48466873168945 306.8255310058594
44.19542694091797 307.17425537109375
43.91372299194336 307.5491638183594
43.64252471923828 307.94769287109375
43.38887023925781 308.3601989746094
43.133331298828125 308.8203125
42.89765167236328 309.2908020019531
42.68042755126953 309.774658203125
42.48368835449219 310.267578125
42.30788040161133 310.7684631347656
42.153350830078125 311.27630615234375
42.020408630371094 311.7901306152344
41.90934371948242 312.3087463378906
41.820316314697266 312.8313293457031
41.75349426269531 313.35687255859375
41.70913314819336 313.88299560546875
41.687156677246094 314.41009521484375
41.6876335144043 314.9349670410156
41.710384368896484 315.45379638671875
41.75523376464844 315.9673767089844
41.821563720703125 316.4715881347656
41.90738296508789 316.95526123046875
41.94408416748047 317.1051940917969
41.98590087890625 317.22955322265625
42.03207778930664 317.33575439453125
42.07878112792969 317.42181396484375
42.12643814086914 317.49371337890625
42.175899505615234 317.55560302734375
42.222835540771484 317.6045837402344
42.33332061767578 317.70220947265625
42.47854995727539 317.8133544921875
42.60797119140625 317.899658203125
42.651573181152344 317.9246520996094
42.630645751953125 317.91455078125
42.58879852294922 317.89794921875
42.54920196533203 317.8854675292969
42.54902267456055 317.88543701171875
42.626747131347656 317.89825439453125
42.839107513427734 317.91912841796875
43.17424011230469 317.9320983886719
43.577667236328125 317.926025390625
44.05109405517578 317.8956604003906
44.55272674560547 317.84051513671875
45.06498336791992 317.76141357421875
45.57883834838867 317.6593017578125
46.09208297729492 317.5343933105469
46.60139465332031 317.3873596191406
47.10450744628906 317.21881103515625
47.600257873535156 317.02911376953125
48.087615966796875 316.8186340332031
48.56566619873047 316.5877990722656
49.03355407714844 316.3370056152344
49.49044418334961 316.06671142578125
49.93553161621094 315.7773742675781
50.368019104003906 315.46954345703125
50.78713607788086 315.14373779296875
51.192138671875 314.800537109375
51.582305908203125 314.4405822753906
51.95694351196289 314.0644836425781
52.31538009643555 313.67291259765625
52.656982421875 313.2666015625
52.981136322021484 312.84625244140625
53.287269592285156 312.41259765625
53.5748291015625 311.9664306640625
53.843299865722656 311.5085754394531
54.092193603515625 311.03985595703125
54.32107925415039 310.5610656738281
54.52954864501953 310.0730895996094
54.71723937988281 309.5767517089844
54.88380432128906 309.072998046875
55.02894592285156 308.562744140625
55.152400970458984 308.0469055175781
55.253971099853516 307.5263366699219
55.253971099853516 307.5263366699219
55.253971099853516 307.5263366699219
55.253971099853516 307.5263366699219
55.253971099853516 307.5263366699219
55.253971099853516 307.5263366699219
55.259822845458984 307.6026916503906
55.27849578857422 307.7264404296875
55.30683517456055 307.8514709472656
55.34467697143555 307.9755554199219
55.391536712646484 308.0966796875
55.4471435546875 308.214111328125
55.4471435546875 308.214111328125
55.4471435546875 308.214111328125
55.4471435546875 308.214111328125
55.4471435546875 308.214111328125
55.4471435546875 308.214111328125
55.4471435546875 308.214111328125
55.4471435546875 308.214111328125
55.4471435546875 308.214111328125
55.4471435546875 308.214111328125
55.4471435546875 308.214111328125
55.4471435546875 308.214111328125
55.4471435546875 308.214111328125
55.4471435546875 308.214111328125
55.4471435546875 308.214111328125
55.4471435546875 308.214111328125
55.4471435546875 308.214111328125
55.4471435546875 308.214111328125
55.4471435546875 308.214111328125
55.4471435546875 308.214111328125
55.4471435546875 308.214111328125
55.4471435546875 308.214111328125
55.4471435546875 308.214111328125
55.4471435546875 308.214111328125
55.4471435546875 308.214111328125
55.4471435546875 308.214111328125
55.4471435546875 308.214111328125
55.4471435546875 308.214111328125
55.4471435546875 308.214111328125
55.4471435546875 308.214111328125
55.4471435546875 308.214111328125
55.4471435546875 308.214111328125
55.4471435546875 308.214111328125
55.4471435546875 308.214111328125
55.4471435546875 308.214111328125
55.4471435546875 308.214111328125
55.4471435546875 308.214111328125
55.4471435546875 308.214111328125
55.4471435546875 308.214111328125
55.4471435546875 308.214111328125
55.4471435546875 308.214111328125
55.4471435546875 308.214111328125
55.4471435546875 308.214111328125
55.4471435546875 308.214111328125
55.4471435546875 308.214111328125
55.4471435546875 308.214111328125
55.4471435546875 308.214111328125
55.4471435546875 308.214111328125
55.4471435546875 308.214111328125
55.4471435546875 308.214111328125
55.4471435546875 308.214111328125
55.4471435546875 308.214111328125
55.4471435546875 308.214111328125
55.4471435546875 308.214111328125
55.4471435546875 308.214111328125
55.4471435546875 308.214111328125
55.4471435546875 308.214111328125
55.4471435546875 308.214111328125
55.4471435546875 308.214111328125
55.4633903503418 308.20916748046875
55.379180908203125 308.24139404296875
55.250606536865234 308.30120849609375
55.07012939453125 308.4005126953125
54.892051696777344 308.51446533203125
54.721702575683594 308.64007568359375
54.55950927734375 308.7770690917969
54.32389450073242 309.002685546875
54.10151290893555 309.2421569824219
53.89283752441406 309.4950866699219
53.66196060180664 309.8093566894531
53.43063735961914 310.1617431640625
53.18400192260742 310.58062744140625
52.95206069946289 311.0191650390625
52.73346710205078 311.4811706542969
52.53245544433594 311.9588317871094
52.349308013916016 312.4523010253906
52.1859016418457 312.95721435546875
52.04389953613281 313.4687194824219
51.92359161376953 313.98577880859375
51.825199127197266 314.5074462890625
51.748897552490234 315.03277587890625
51.69482421875 315.560791015625
51.6630744934082 316.090576171875
51.65370559692383 316.62115478515625
51.66673278808594 317.1514892578125
51.70211410522461 317.6804504394531
51.759796142578125 318.2073059082031
51.83964538574219 318.73095703125
51.94148635864258 319.2503356933594
52.06493377685547 319.763671875
52.20975875854492 320.2702331542969
52.37523651123047 320.76776123046875
52.44109344482422 320.93115234375
52.51841735839844 321.0854187011719
52.60380554199219 321.2257080078125
52.695186614990234 321.3511657714844
52.79926681518555 321.4716491699219
52.909976959228516 321.5801086425781
53.0262336730957 321.6764221191406
53.20769500732422 321.8039245605469
53.557125091552734 322.0179443359375
53.89723587036133 322.2029113769531
54.221012115478516 322.357421875
54.51165008544922 322.47698974609375
54.568965911865234 322.4964904785156
54.544342041015625 322.489990234375
54.55683898925781 322.4923400878906
54.71134948730469 322.5108642578125
55.009193420410156 322.5284118652344
55.45327377319336 322.53118896484375
55.93186569213867 322.5116271972656
56.442283630371094 322.46783447265625
56.9607048034668 322.40069580078125
57.480796813964844 322.3106689453125
57.99885940551758 322.1982421875
58.51226806640625 322.06390380859375
59.01953887939453 321.90802001953125
59.519798278808594 321.7308654785156
60.01215362548828 321.5327453613281
60.495723724365234 321.3140563964844
60.96964645385742 321.07513427734375
61.43305206298828 320.81646728515625
61.88514709472656 320.5384521484375
62.32509994506836 320.24163818359375
62.752132415771484 319.926513671875
63.165470123291016 319.59368896484375
63.564388275146484 319.2437438964844
63.94816589355469 318.8772888183594
64.31610870361328 318.4949951171875
64.31610870361328 318.4949951171875
64.31610870361328 318.4949951171875
64.31610870361328 318.4949951171875
64.31610870361328 318.4949951171875
64.31610870361328 318.4949951171875
64.31610870361328 318.4949951171875
64.31610870361328 318.4949951171875
64.31610870361328 318.4949951171875
64.31610870361328 318.4949951171875
64.49479675292969 317.9962158203125
64.49479675292969 317.9962158203125
64.49479675292969 317.9962158203125
64.49479675292969 317.9962158203125
64.49479675292969 317.9962158203125
64.49479675292969 317.9962158203125
64.49479675292969 317.9962158203125
64.49479675292969 317.9962158203125
64.49736022949219 317.47283935546875
64.47770690917969 316.9554748535156
64.48989868164062 317.0820007324219
64.48989868164062 317.0820007324219
64.48989868164062 317.0820007324219
64.48989868164062 317.0820007324219
64.48989868164062 317.0820007324219
64.48989868164062 317.0820007324219
64.48989868164062 317.0820007324219
64.48989868164062 317.0820007324219
64.48989868164062 317.0820007324219
64.48989868164062 317.0820007324219
64.48989868164062 317.0820007324219
64.48989868164062 317.0820007324219
64.48989868164062 317.0820007324219
64.48989868164062 317.0820007324219
64.48989868164062 317.0820007324219
64.48989868164062 317.0820007324219
64.48989868164062 317.0820007324219
64.48989868164062 317.0820007324219
64.48989868164062 317.0820007324219
64.48989868164062 317.0820007324219
64.48989868164062 317.0820007324219
64.48989868164062 317.0820007324219
64.48989868164062 317.0820007324219
64.48989868164062 317.0820007324219
64.48989868164062 317.0820007324219
64.48989868164062 317.0820007324219
64.48989868164062 317.0820007324219
64.48989868164062 317.0820007324219
64.48989868164062 317.0820007324219
64.48989868164062 317.0820007324219
64.48989868164062 317.0820007324219
64.48989868164062 317.0820007324219
64.48989868164062 317.0820007324219
64.48989868164062 317.0820007324219
64.48989868164062 317.0820007324219
64.48989868164062 317.0820007324219
64.48989868164062 317.0820007324219
64.48989868164062 317.0820007324219
64.48989868164062 317.0820007324219
64.48989868164062 317.0820007324219
64.48989868164062 317.0820007324219
64.48989868164062 317.0820007324219
64.48989868164062 317.0820007324219
64.48989868164062 317.0820007324219
64.48989868164062 317.0820007324219
64.48989868164062 317.0820007324219
64.48989868164062 317.0820007324219
64.48989868164062 317.0820007324219
64.48989868164062 317.0820007324219
64.48989868164062 317.0820007324219
64.48989868164062 317.0820007324219
64.48989868164062 317.0820007324219
64.48989868164062 317.0820007324219
64.48989868164062 317.0820007324219
64.48989868164062 317.0820007324219
64.48989868164062 317.0820007324219
64.48989868164062 317.0820007324219
64.48989868164062 317.0820007324219
64.48989868164062 317.0820007324219
64.48989868164062 317.0820007324219
64.48989868164062 317.0820007324219
64.4997329711914 317.08001708984375
64.44322204589844 317.0955505371094
64.36913299560547 317.12164306640625
64.25057983398438 317.1729736328125
64.13368225097656 317.2336120605469
63.9752197265625 317.3301696777344
63.823421478271484 317.4373779296875
63.63753128051758 317.5880432128906
63.416107177734375 317.7918395996094
63.20721435546875 318.0089111328125
63.01129150390625 318.2388916015625
62.78441619873047 318.5387268066406
62.57721710205078 318.84649658203125
62.36958694458008 319.1941223144531
62.14496994018555 319.6166076660156
61.933685302734375 320.0624694824219
61.73687744140625 320.5309143066406
61.55426025390625 321.0245361328125
61.39198303222656 321.52789306640625
61.250667572021484 322.0393371582031
61.131107330322266 322.5561218261719
61.033470153808594 323.0775451660156
60.95790481567383 323.6028137207031
60.90456008911133 324.1308898925781
60.873538970947266 324.6607971191406
60.864891052246094 325.19158935546875
60.878639221191406 325.7222595214844
60.91475296020508 326.2518310546875
60.973167419433594 326.7793884277344
61.05377197265625 327.3039245605469
61.15642166137695 327.82452392578125
61.28090286254883 328.3401184082031
61.42695999145508 328.8497009277344
61.594322204589844 329.3523864746094
61.78278732299805 329.8475646972656
61.991207122802734 330.3323059082031
62.092491149902344 330.53399658203125
62.18408203125 330.68536376953125
62.28617858886719 330.82672119140625
62.4003791809082 330.96038818359375
62.52436447143555 331.0836181640625
62.65690994262695 331.1954345703125
62.79926300048828 331.2969055175781
63.160888671875 331.5195007324219
63.597686767578125 331.7596740722656
64.02448272705078 331.9697570800781
64.44856262207031 332.1545715332031
64.866943359375 332.3137512207031
65.23860931396484 332.4344787597656
65.36102294921875 332.4665222167969
65.47820281982422 332.48919677734375
65.62770080566406 332.5082702636719
65.9021987915039 332.5266418457031
66.32154083251953 332.5323791503906
66.8288803100586 332.51568603515625
67.34929656982422 332.4759521484375
67.87312316894531 332.4134216308594
68.39532470703125 332.3284912109375
68.91398620605469 332.2214660644531
69.42781829833984 332.0925598144531
69.93585205078125 331.9420471191406
70.43695831298828 331.7702331542969
70.93060302734375 331.5773010253906
71.4156723022461 331.36370849609375
71.8912124633789 331.1298522949219
72.3564682006836 330.8760986328125
72.81066131591797 330.6028747558594
73.2528305053711 330.3107604980469
73.2528305053711 330.3107604980469
73.2528305053711 330.3107604980469
73.2528305053711 330.3107604980469
73.2528305053711 330.3107604980469
73.2528305053711 330.3107604980469
73.2528305053711 330.3107604980469
73.2528305053711 330.3107604980469
73.2528305053711 330.3107604980469
73.2528305053711 330.3107604980469
73.2528305053711 330.3107604980469
73.2528305053711 330.3107604980469
73.49679565429688 329.8416442871094
73.49679565429688 329.8416442871094
73.49679565429688 329.8416442871094
73.49679565429688 329.8416442871094
73.49679565429688 329.8416442871094
73.49679565429688 329.8416442871094
73.49679565429688 329.8416442871094
73.49679565429688 329.8416442871094
73.49679565429688 329.8416442871094
73.49679565429688 329.8416442871094
73.49679565429688 329.8416442871094
73.49679565429688 329.8416442871094
73.47982788085938 329.37591552734375
73.44212341308594 328.9217834472656
73.44212341308594 328.9217834472656
73.466552734375 329.0492248535156
73.466552734375 329.0492248535156
73.466552734375 329.0492248535156
73.466552734375 329.0492248535156
73.466552734375 329.0492248535156
73.466552734375 329.0492248535156
73.466552734375 329.0492248535156
73.466552734375 329.0492248535156
73.466552734375 329.0492248535156
73.466552734375 329.0492248535156
73.466552734375 329.0492248535156
73.466552734375 329.0492248535156
73.466552734375 329.0492248535156
73.466552734375 329.0492248535156
73.466552734375 329.0492248535156
73.466552734375 329.0492248535156
73.466552734375 329.0492248535156
73.466552734375 329.0492248535156
73.466552734375 329.0492248535156
73.466552734375 329.0492248535156
73.466552734375 329.0492248535156
73.466552734375 329.0492248535156
73.466552734375 329.0492248535156
73.466552734375 329.0492248535156
73.466552734375 329.0492248535156
73.466552734375 329.0492248535156
73.466552734375 329.0492248535156
73.466552734375 329.0492248535156
73.466552734375 329.0492248535156
73.466552734375 329.0492248535156
73.466552734375 329.0492248535156
73.466552734375 329.0492248535156
73.466552734375 329.0492248535156
73.466552734375 329.0492248535156
73.466552734375 329.0492248535156
73.466552734375 329.0492248535156
73.466552734375 329.0492248535156
73.466552734375 329.0492248535156
73.466552734375 329.0492248535156
73.466552734375 329.0492248535156
73.466552734375 329.0492248535156
73.466552734375 329.0492248535156
73.466552734375 329.0492248535156
73.466552734375 329.0492248535156
73.466552734375 329.0492248535156
73.466552734375 329.0492248535156
73.466552734375 329.0492248535156
73.466552734375 329.0492248535156
73.466552734375 329.0492248535156
73.466552734375 329.0492248535156
73.466552734375 329.0492248535156
73.466552734375 329.0492248535156
73.466552734375 329.0492248535156
73.466552734375 329.0492248535156
73.466552734375 329.0492248535156
73.466552734375 329.0492248535156
73.466552734375 329.0492248535156
73.466552734375 329.0492248535156
73.466552734375 329.0492248535156
73.47700500488281 329.0470886230469
73.42127227783203 329.0626525878906
73.29774475097656 329.10662841796875
73.12372589111328 329.182373046875
72.97184753417969 329.2611389160156
72.81458282470703 329.3567810058594
72.66390228271484 329.4629821777344
72.47920227050781 329.6124267578125
72.2593994140625 329.814453125
72.0520248413086 330.02972412109375
71.8575210571289 330.25787353515625
71.60205078125 330.593994140625
71.36627197265625 330.9398498535156
71.1317367553711 331.32415771484375
70.90277099609375 331.7432861328125
70.6867904663086 332.1860656738281
70.48495483398438 332.6517639160156
70.29647827148438 333.1441345214844
70.12801361083984 333.6470642089844
69.98085021972656 334.1568908691406
69.85533142089844 334.6725158691406
69.751708984375 335.19287109375
69.67012786865234 335.7171936035156
69.6107406616211 336.24456787109375
69.57365417480469 336.7740173339844
69.55892944335938 337.3046875
69.56659698486328 337.83551025390625
69.59664154052734 338.3655090332031
69.64901733398438 338.893798828125
69.72362518310547 339.4194030761719
69.82032775878906 339.94134521484375
69.9389419555664 340.4587097167969
70.07927703857422 340.9705810546875
70.24105072021484 341.47601318359375
70.4239730834961 341.9740905761719
70.62690734863281 342.4617614746094
70.80168151855469 342.82940673828125
70.8901138305664 342.9866027832031
70.99083709716797 343.13592529296875
71.10292053222656 343.2760925292969
71.22531127929688 343.406005859375
71.3582992553711 343.5260009765625
71.49958038330078 343.6340637207031
71.65191650390625 343.73211669921875
72.09152221679688 343.97735595703125
72.547119140625 344.20562744140625
73.01040649414062 344.4129333496094
73.47677612304688 344.597412109375
73.90039825439453 344.7428894042969
74.25251770019531 344.84454345703125
74.47965240478516 344.8967590332031
74.76403045654297 344.94525146484375
75.10973358154297 344.9851379394531
75.51432037353516 345.0109558105469
75.9874038696289 345.0184631347656
76.49208068847656 345.0037841796875
77.00453186035156 344.9664611816406
77.52044677734375 344.9064025878906
78.03475189208984 344.82403564453125
78.54645538330078 344.7194519042969
79.05552673339844 344.592529296875
79.55917358398438 344.44390869140625
80.05724334716797 344.2735900878906
80.54786682128906 344.0821838378906
81.03007507324219 343.87005615234375
81.50226593017578 343.6379089355469
81.50226593017578 343.6379089355469
81.50226593017578 343.6379089355469
81.50226593017578 343.6379089355469
81.50226593017578 343.6379089355469
81.50226593017578 343.6379089355469
81.50226593017578 343.6379089355469
81.50226593017578 343.6379089355469
81.50226593017578 343.6379089355469
81.50226593017578 343.6379089355469
81.50226593017578 343.6379089355469
81.50226593017578 343.6379089355469
81.50226593017578 343.6379089355469
81.50226593017578 343.6379089355469
81.50226593017578 343.6379089355469
81.50226593017578 343.6379089355469
81.50226593017578 343.6379089355469
81.50226593017578 343.6379089355469
81.50226593017578 343.6379089355469
81.50226593017578 343.6379089355469
81.50226593017578 343.6379089355469
81.50226593017578 343.6379089355469
81.50226593017578 343.6379089355469
81.50226593017578 343.6379089355469
81.50226593017578 343.6379089355469
81.50226593017578 343.6379089355469
81.50226593017578 343.6379089355469
81.50226593017578 343.6379089355469
81.50226593017578 343.6379089355469
81.50226593017578 343.6379089355469
81.50226593017578 343.6379089355469
81.50226593017578 343.6379089355469
81.50226593017578 343.6379089355469
81.50226593017578 343.6379089355469
81.50226593017578 343.6379089355469
81.50226593017578 343.6379089355469
81.50226593017578 343.6379089355469
81.50226593017578 343.6379089355469
81.5754623413086 343.7452392578125
81.65631103515625 343.8469543457031
81.74439239501953 343.9425048828125
81.83921813964844 344.0313720703125
81.9402847290039 344.1130676269531
82.04705810546875 344.1871643066406
82.15896606445312 344.2532653808594
82.27539825439453 344.3110046386719
82.39574432373047 344.3600769042969
82.39574432373047 344.3600769042969
82.39574432373047 344.3600769042969
82.39574432373047 344.3600769042969
82.39574432373047 344.3600769042969
82.39574432373047 344.3600769042969
82.39574432373047 344.3600769042969
82.39574432373047 344.3600769042969
82.39574432373047 344.3600769042969
82.39574432373047 344.3600769042969
82.39574432373047 344.3600769042969
82.39574432373047 344.3600769042969
82.39574432373047 344.3600769042969
82.39574432373047 344.3600769042969
82.39574432373047 344.3600769042969
82.39574432373047 344.3600769042969
82.39574432373047 344.3600769042969
82.39574432373047 344.3600769042969
82.39574432373047 344.3600769042969
82.39574432373047 344.3600769042969
82.39574432373047 344.3600769042969
82.39574432373047 344.3600769042969
82.39574432373047 344.3600769042969
82.39574432373047 344.3600769042969
82.39574432373047 344.3600769042969
82.39574432373047 344.3600769042969
82.39574432373047 344.3600769042969
82.39574432373047 344.3600769042969
82.39574432373047 344.3600769042969
82.39574432373047 344.3600769042969
82.39574432373047 344.3600769042969
82.39574432373047 344.3600769042969
82.39574432373047 344.3600769042969
82.39574432373047 344.3600769042969
82.39574432373047 344.3600769042969
82.39574432373047 344.3600769042969
82.39574432373047 344.3600769042969
82.39574432373047 344.3600769042969
82.39574432373047 344.3600769042969
82.39574432373047 344.3600769042969
82.39574432373047 344.3600769042969
82.39574432373047 344.3600769042969
82.39574432373047 344.3600769042969
82.39574432373047 344.3600769042969
82.39574432373047 344.3600769042969
82.39574432373047 344.3600769042969
82.39574432373047 344.3600769042969
82.39574432373047 344.3600769042969
82.39574432373047 344.3600769042969
82.39574432373047 344.3600769042969
82.39574432373047 344.3600769042969
82.39574432373047 344.3600769042969
82.25911712646484 344.4428405761719
82.08292388916016 344.5666198730469
81.91490173339844 344.7020263671875
81.66915893554688 344.92657470703125
81.43817138671875 345.16375732421875
81.22085571289062 345.41461181640625
81.01173400878906 345.6863098144531
80.75111389160156 346.0647888183594
80.49388122558594 346.4788513183594
80.25574493408203 346.9046325683594
80.0328598022461 347.3495178222656
79.81896209716797 347.82781982421875
79.62413787841797 348.3185729980469
79.44986724853516 348.8183288574219
79.29641723632812 349.3265075683594
79.1645278930664 349.8407287597656
79.05445098876953 350.3600158691406
78.96636962890625 350.8835144042969
78.90044403076172 351.4102783203125
78.8567886352539 351.9393615722656
78.83548736572266 352.4698181152344
78.8365707397461 353.0007019042969
78.86004638671875 353.53106689453125
78.90586853027344 354.0599670410156
78.97395324707031 354.5864562988281
79.06417846679688 355.109619140625
79.17638397216797 355.6285095214844
79.31037139892578 356.1421813964844
79.46590423583984 356.6497497558594
79.64269256591797 357.1502685546875
79.8404312133789 357.64288330078125
80.05874633789062 358.1266784667969
80.14328002929688 358.28692626953125
80.2403793334961 358.43963623046875
80.34931945800781 358.583740234375
80.46953582763672 358.7185363769531
80.60005950927734 358.84295654296875
80.73963928222656 358.9559326171875
80.88782501220703 359.05718994140625
81.30940246582031 359.307373046875
81.7686996459961 359.5528564453125
82.2396011352539 359.7791442871094
82.71570587158203 359.9832763671875
83.20294189453125 360.1678466796875
83.5968017578125 360.2966613769531
83.94242095947266 360.3907165527344
84.31639099121094 360.47222900390625
84.75556182861328 360.545654296875
85.23167419433594 360.6026611328125
85.7191390991211 360.6387939453125
86.20711517333984 360.6529846191406
86.69496154785156 360.645263671875
87.1812973022461 360.61566162109375
87.66498565673828 360.56427001953125
88.14488983154297 360.4913024902344
88.6192398071289 360.3970947265625
89.09940338134766 360.27911376953125
89.57628631591797 360.13922119140625
90.05339813232422 359.9760437011719
90.52437591552734 359.7915344238281
90.98706817626953 359.5864562988281
91.44351196289062 359.35980224609375
91.8897705078125 359.1134033203125
92.32380676269531 358.84844970703125
92.74594116210938 358.56475830078125
93.1568832397461 358.2618103027344
93.5535659790039 357.9418029785156
93.93601989746094 357.6047668457031
94.30362701416016 357.251220703125
94.65498352050781 356.8825378417969
94.9892349243164 356.4996643066406
95.3050765991211 356.104248046875
95.60198211669922 355.6971435546875
95.60198211669922 355.6971435546875
95.60198211669922 355.6971435546875
95.60198211669922 355.6971435546875
95.60198211669922 355.6971435546875
95.60198211669922 355.6971435546875
95.60198211669922 355.6971435546875
95.60198211669922 355.6971435546875
95.60198211669922 355.6971435546875
95.60198211669922 355.6971435546875
95.60198211669922 355.6971435546875
95.60198211669922 355.6971435546875
95.60198211669922 355.6971435546875
95.60198211669922 355.6971435546875
95.60198211669922 355.6971435546875
95.60198211669922 355.6971435546875
95.60198211669922 355.6971435546875
95.60198211669922 355.6971435546875
95.60198211669922 355.6971435546875
95.60198211669922 355.6971435546875
95.60198211669922 355.6971435546875
95.60198211669922 355.6971435546875
95.52393341064453 355.5285949707031
95.52393341064453 355.5285949707031
95.52393341064453 355.5285949707031
95.52393341064453 355.5285949707031
95.52393341064453 355.5285949707031
95.52393341064453 355.5285949707031
95.52393341064453 355.5285949707031
95.52393341064453 355.5285949707031
95.52393341064453 355.5285949707031
95.52393341064453 355.5285949707031
95.52393341064453 355.5285949707031
95.52393341064453 355.5285949707031
95.52393341064453 355.5285949707031
95.52393341064453 355.5285949707031
95.52393341064453 355.5285949707031
95.52393341064453 355.5285949707031
95.6529312133789 355.54443359375
95.78273010253906 355.5508117675781
95.91265106201172 355.54766845703125
96.04198455810547 355.5350646972656
96.17003631591797 355.5130310058594
96.17003631591797 355.5130310058594
96.17003631591797 355.5130310058594
96.17003631591797 355.5130310058594
96.17003631591797 355.5130310058594
96.17003631591797 355.5130310058594
96.17003631591797 355.5130310058594
96.17003631591797 355.5130310058594
96.17003631591797 355.5130310058594
96.17003631591797 355.5130310058594
96.17003631591797 355.5130310058594
96.17003631591797 355.5130310058594
96.17003631591797 355.5130310058594
96.17003631591797 355.5130310058594
96.17003631591797 355.5130310058594
96.17003631591797 355.5130310058594
96.17003631591797 355.5130310058594
96.17003631591797 355.5130310058594
96.17003631591797 355.5130310058594
96.17003631591797 355.5130310058594
96.17003631591797 355.5130310058594
96.17003631591797 355.5130310058594
96.17003631591797 355.5130310058594
96.17003631591797 355.5130310058594
96.17003631591797 355.5130310058594
96.17003631591797 355.5130310058594
96.17003631591797 355.5130310058594
96.17003631591797 355.5130310058594
96.17003631591797 355.5130310058594
96.17003631591797 355.5130310058594
96.17003631591797 355.5130310058594
96.17003631591797 355.5130310058594
96.17003631591797 355.5130310058594
96.17003631591797 355.5130310058594
96.17003631591797 355.5130310058594
96.17003631591797 355.5130310058594
96.17003631591797 355.5130310058594
96.17003631591797 355.5130310058594
96.08808898925781 356.0373229980469
96.02833557128906 356.56463623046875
95.99088287353516 357.09405517578125
95.975830078125 357.62408447265625
95.98318481445312 358.1544494628906
96.012939453125 358.68414306640625
96.06503295898438 359.21221923828125
96.13937377929688 359.7377014160156
96.23583221435547 360.2596130371094
96.35423278808594 360.77703857421875
96.49432373046875 361.28887939453125
96.6559066772461 361.7944030761719
96.83869171142578 362.292724609375
97.04235076904297 362.78289794921875
97.26651763916016 363.26409912109375
97.51078796386719 363.73541259765625
97.77471923828125 364.1960144042969
98.05784606933594 364.64508056640625
98.16414642333984 364.792724609375
98.28169250488281 364.930908203125
98.40995788574219 365.05908203125
98.54817199707031 365.1764831542969
98.69638061523438 365.28302001953125
98.85489654541016 365.37860107421875
99.10318756103516 365.5038146972656
99.56649780273438 365.7047424316406
100.060302734375 365.8936462402344
100.56293487548828 366.0618896484375
101.07256317138672 366.2088317871094
101.58832550048828 366.334228515625
102.10555267333984 366.4370422363281
102.56007385253906 366.5065612792969
103.01825714111328 366.5550231933594
103.47796630859375 366.5821533203125
103.9383316040039 366.5879211425781
104.39766693115234 366.5723571777344
104.85468292236328 366.5355529785156
105.30763244628906 366.4777526855469
105.7564697265625 366.3990783691406
106.2011489868164 366.299560546875
106.64070129394531 366.1794128417969
107.07417297363281 366.03887939453125
107.50061798095703 365.8782958984375
107.91911315917969 365.697998046875
108.32874298095703 365.4983825683594
108.72862243652344 365.2798767089844
109.11788177490234 365.04296875
109.49566650390625 364.7881774902344
109.86116027832031 364.5160217285156
110.21356201171875 364.2271423339844
110.55210876464844 363.922119140625
110.87606811523438 363.6016540527344
111.18473052978516 363.26641845703125
111.47742462158203 362.91717529296875
111.7535171508789 362.5546569824219
112.01240539550781 362.1796569824219
112.25352478027344 361.7929992675781
112.47634887695312 361.3955078125
112.6803970336914 360.9880676269531
112.86522674560547 360.5715637207031
113.03043365478516 360.1468811035156
113.17565155029297 359.7149658203125
113.30057525634766 359.2767333984375
113.40492248535156 358.8331604003906
113.48847198486328 358.38519287109375
113.54141998291016 357.9988098144531
113.56486511230469 357.7203369140625
113.57109069824219 357.4959411621094
113.56502532958984 357.2998352050781
113.5551986694336 357.19488525390625
113.54730224609375 357.146484375
113.5462875366211 357.1423645019531
113.54773712158203 357.14654541015625
113.55115509033203 357.154052734375
113.55702209472656 357.164306640625
113.56768035888672 357.179443359375
113.58955383300781 357.20550537109375
113.61692810058594 357.2335510253906
113.64566040039062 357.259033203125
113.67520904541016 357.2816467285156
113.704833984375 357.30108642578125
113.733642578125 357.3171691894531
113.75704956054688 357.3280944824219
113.7762451171875 357.33544921875
113.78085327148438 357.33685302734375
113.7610092163086 357.33233642578125
113.64990997314453 357.3149108886719
113.4139175415039 357.2928771972656
113.01811981201172 357.2778625488281
112.57345581054688 357.28302001953125
112.06459045410156 357.3122863769531
111.54448699951172 357.3648376464844
111.02342987060547 357.4400634765625
110.50239562988281 357.5379638671875
109.9857177734375 357.6578369140625
109.47459411621094 357.7994079589844
108.96985626220703 357.9624328613281
108.472412109375 358.1466369628906
107.98316192626953 358.3516845703125
107.50298309326172 358.5771789550781
107.03273010253906 358.82275390625
106.57328796386719 359.08795166015625
106.12545776367188 359.3722839355469
106.2295913696289 359.29742431640625
106.32794189453125 359.2151794433594
106.42045593261719 359.12554931640625
106.50618743896484 359.02935791015625
106.58434295654297 358.9275817871094
106.65524291992188 358.8197937011719
106.71810150146484 358.7070617675781
106.77261352539062 358.58990478515625
106.81844329833984 358.4690246582031
106.85536193847656 358.344970703125
106.88313293457031 358.2184753417969
106.901611328125 358.0901184082031
106.92771911621094 357.8260803222656
106.94965362548828 357.5619812011719
106.96744537353516 357.2972717285156
106.9810791015625 357.03228759765625
106.99056243896484 356.76690673828125
106.99588012695312 356.50140380859375
106.99703216552734 356.23583984375
106.9940185546875 355.9700012207031
106.98684692382812 355.7042541503906
106.98684692382812 355.7042541503906
106.98684692382812 355.7042541503906
106.98684692382812 355.7042541503906
106.98684692382812 355.7042541503906
106.98684692382812 355.7042541503906
106.98684692382812 355.7042541503906
106.98684692382812 355.7042541503906
106.98684692382812 355.7042541503906
106.98684692382812 355.7042541503906
106.98684692382812 355.7042541503906
107.09697723388672 356.2135925292969
107.22964477539062 356.7208251953125
107.38384246826172 357.2218933105469
107.55928039550781 357.7158508300781
107.7556381225586 358.2017822265625
107.9725570678711 358.6788330078125
108.20956420898438 359.14599609375
108.46629333496094 359.6025390625
108.74227142333984 360.047607421875
109.03684997558594 360.480224609375
109.34962463378906 360.8997802734375
109.68000793457031 361.3055114746094
110.02739715576172 361.6966552734375
110.39092254638672 362.0722961425781
110.7701416015625 362.43194580078125
111.15760803222656 362.76861572265625
111.41249084472656 362.9665832519531
111.68649291992188 363.1520690917969
111.97881317138672 363.3236389160156
112.31475067138672 363.4938049316406
112.58453369140625 363.60931396484375
112.95494079589844 363.74078369140625
113.25224304199219 363.8258056640625
113.5613021850586 363.8922119140625
113.93524932861328 363.9482116699219
114.32087707519531 363.9828186035156
114.71653747558594 363.9952392578125
115.17508697509766 363.98480224609375
115.63931274414062 363.95086669921875
116.10738372802734 363.89324951171875
116.60636138916016 363.8078308105469
117.05150604248047 363.7104187011719
117.49163055419922 363.59234619140625
117.92576599121094 363.4538879394531
118.35297393798828 363.29534912109375
118.77232360839844 363.1170349121094
119.18290710449219 362.91937255859375
119.58382415771484 362.7027893066406
119.97420501708984 362.4677429199219
120.35320281982422 362.2147521972656
120.71998596191406 361.9443664550781
121.07376098632812 361.65716552734375
121.41375732421875 361.353759765625
121.73924255371094 361.03485107421875
122.04949951171875 360.70111083984375
122.34385681152344 360.353271484375
122.62167358398438 359.9920654296875
122.88233947753906 359.6183166503906
123.12529754638672 359.2328186035156
123.35001373291016 358.8363952636719
123.55599975585938 358.429931640625
123.74280548095703 358.0143127441406
123.91002655029297 357.5904235839844
124.05730438232422 357.1592102050781
