59.975379943847656 449.97601318359375
59.950225830078125 449.9527282714844
59.92448425292969 449.9300842285156
59.89817428588867 449.9081115722656
59.87131118774414 449.8868103027344
59.843910217285156 449.8662109375
59.81599426269531 449.8463134765625
59.78757858276367 449.8271484375
59.75868225097656 449.8087158203125
59.72932434082031 449.791015625
59.69952392578125 449.7740783691406
59.6693000793457 449.7579040527344
59.638671875 449.74249267578125
59.60765838623047 449.7278747558594
59.5762825012207 449.71405029296875
59.54456329345703 449.7010498046875
59.51252365112305 449.6888427734375
59.48018264770508 449.6774597167969
59.44755935668945 449.66693115234375
59.414676666259766 449.6572265625
59.38155746459961 449.64837646484375
59.34822463989258 449.640380859375
59.314697265625 449.63323974609375
59.28099822998047 449.626953125
59.24715042114258 449.62152099609375
59.213172912597656 449.616943359375
59.1790885925293 449.6132507324219
59.14492416381836 449.61041259765625
59.11069869995117 449.60845947265625
59.07643127441406 449.6073913574219
59.04214859008789 449.607177734375
59.00787353515625 449.60784912109375
58.97362518310547 449.6094055175781
58.939430236816406 449.6118469238281
58.90530776977539 449.6151428222656
58.871280670166016 449.61932373046875
58.837371826171875 449.6243591308594
58.8036003112793 449.6302795410156
58.76999282836914 449.6370544433594
58.736568450927734 449.6446838378906
58.70335006713867 449.6531677246094
58.67036056518555 449.6624755859375
58.63761901855469 449.6726379394531
58.60514831542969 449.6836242675781
58.572967529296875 449.6954345703125
58.541099548339844 449.70806884765625
58.50956726074219 449.7215270996094
58.47838592529297 449.73577880859375
58.44758224487305 449.7508239746094
58.417171478271484 449.76666259765625
58.387176513671875 449.78326416015625
58.35761260986328 449.8006286621094
58.3285026550293 449.8187255859375
58.29986572265625 449.83758544921875
58.27172088623047 449.8571472167969
58.244083404541016 449.87744140625
58.216976165771484 449.8984375
58.19041442871094 449.92010498046875
58.16441345214844 449.94244384765625
58.13899230957031 449.9654541015625
58.114166259765625 449.9891052246094
58.0899543762207 450.01336669921875
58.06637191772461 450.0382385253906
58.04343032836914 450.063720703125
58.021148681640625 450.08978271484375
57.99953842163086 450.11639404296875
57.97861862182617 450.1435546875
57.958396911621094 450.1712341308594
57.93889236450195 450.1994323730469
57.92011260986328 450.2281188964844
57.90207290649414 450.25726318359375
57.88478469848633 450.286865234375
57.86825942993164 450.31689453125
57.85250473022461 450.34735107421875
57.8375358581543 450.3782043457031
57.823360443115234 450.409423828125
57.80998611450195 450.44097900390625
57.79742431640625 450.4728698730469
57.78567886352539 450.50506591796875
57.77476119995117 450.5375671386719
57.764678955078125 450.5703430175781
57.755435943603516 450.6033630371094
57.747039794921875 450.6365966796875
57.73948669433594 450.6700744628906
57.73278045654297 450.70379638671875
57.72693634033203 450.7376708984375
57.721961975097656 450.7716979980469
57.717857360839844 450.80584716796875
57.71462631225586 450.840087890625
57.71227264404297 450.8743896484375
57.71079635620117 450.90875244140625
57.71019744873047 450.9431457519531
57.71047592163086 450.9775390625
57.71163558959961 451.01190185546875
57.71367263793945 451.0462341308594
57.71658706665039 451.08050537109375
57.720375061035156 451.11468505859375
57.725032806396484 451.14874267578125
57.730560302734375 451.18267822265625
57.73695373535156 451.2164611816406
57.74420928955078 451.25006103515625
57.7523193359375 451.2834777832031
57.76128387451172 451.3166809082031
57.77109146118164 451.3496398925781
57.78173828125 451.38232421875
57.793216705322266 451.41473388671875
57.805519104003906 451.44683837890625
57.81863784790039 451.4786376953125
57.83256530761719 451.51007080078125
57.847293853759766 451.5411376953125
57.86280822753906 451.57183837890625
57.87910461425781 451.60211181640625
57.89616775512695 451.6319580078125
57.91399002075195 451.661376953125
57.93255615234375 451.6903076171875
57.95184326171875 451.71875
57.97178649902344 451.7466125488281
57.99223327636719 451.773681640625
58.01266860961914 451.79937744140625
58.02046203613281 451.8087463378906
58.028602600097656 451.8182067871094
57.97793197631836 451.7596740722656
57.985107421875 451.7679138183594
57.927921295166016 451.70220947265625
57.933834075927734 451.7090148925781
57.874542236328125 451.64080810546875
57.87900161743164 451.64593505859375
57.82136917114258 451.5794372558594
57.824283599853516 451.5827941894531
57.79788589477539 451.552734375
57.77008056640625 451.52105712890625
57.74081039428711 451.4876403808594
57.71002197265625 451.4523620605469
57.67766189575195 451.4150695800781
57.6436882019043 451.3756408691406
57.64067077636719 451.3721618652344
57.60438537597656 451.3306884765625
57.56637954711914 451.2867431640625
57.52664566040039 451.24017333984375
57.51909255981445 451.2313537597656
57.47677230834961 451.1819152832031
57.46710205078125 451.1706237792969
57.422119140625 451.1180114746094
57.410057067871094 451.1038513183594
57.36237716674805 451.04766845703125
57.354637145996094 451.0385437011719
57.304412841796875 450.97900390625
57.29418182373047 450.9668273925781
57.27607727050781 450.9455261230469
57.22229766845703 450.88153076171875
57.20832061767578 450.86474609375
57.193565368652344 450.84722900390625
57.17036819458008 450.8199157714844
57.11223220825195 450.75030517578125
57.11879348754883 450.7581787109375
57.05870056152344 450.6860046386719
57.0638427734375 450.69219970703125
57.04169845581055 450.666015625
56.9844856262207 450.5973205566406
56.987510681152344 450.6009521484375
56.96131134033203 450.56988525390625
56.901023864746094 450.4969787597656
56.901397705078125 450.4974365234375
56.87073516845703 450.4605712890625
56.87007522583008 450.45977783203125
56.80607604980469 450.38299560546875
56.80310821533203 450.37939453125
56.76708221435547 450.3360290527344
56.76259994506836 450.3306579589844
56.69544982910156 450.249267578125
56.68817138671875 450.2403259277344
56.68050003051758 450.2310791015625
56.61142349243164 450.14642333984375
56.60060119628906 450.1329345703125
56.58918762207031 450.1189270019531
56.577144622802734 450.1043395996094
56.56443786621094 450.08917236328125
56.492210388183594 450.0011901855469
56.475830078125 449.98077392578125
56.45854949951172 449.9594421386719
56.44031524658203 449.9371032714844
56.421077728271484 449.9137268066406
56.40078353881836 449.88922119140625
56.37937927246094 449.8634948730469
56.32259750366211 449.794189453125
56.29756164550781 449.7630920410156
56.27120590209961 449.7303161621094
56.24347686767578 449.6957702636719
56.214324951171875 449.6593017578125
56.18370819091797 449.62078857421875
56.151588439941406 449.5801086425781
56.11793518066406 449.5370788574219
56.082733154296875 449.4915771484375
56.07841873168945 449.48602294921875
56.0409049987793 449.43798828125
56.03493881225586 449.43035888671875
55.99501419067383 449.3794860839844
55.98716354370117 449.3695068359375
55.94476318359375 449.31549072265625
55.934783935546875 449.3027648925781
55.8898811340332 449.2452697753906
55.885433197021484 449.23956298828125
55.838172912597656 449.1789245605469
55.83164978027344 449.1705322265625
55.782073974609375 449.1064453125
55.77320861816406 449.09490966796875
55.75527572631836 449.0718994140625
55.73637390136719 449.0478210449219
55.71644973754883 449.0225830078125
55.66163635253906 448.9521179199219
55.64726257324219 448.93341064453125
55.62306594848633 448.902099609375
55.59761428833008 448.8691711425781
55.570858001708984 448.83447265625
55.542755126953125 448.79791259765625
55.51326370239258 448.7593688964844
55.48235321044922 448.71868896484375
55.42095184326172 448.6355895996094
55.42337417602539 448.6388854980469
55.42026138305664 448.634765625
55.35673141479492 448.5493469238281
55.357154846191406 448.5499267578125
55.35154342651367 448.54248046875
55.28619384765625 448.45452880859375
55.299644470214844 448.47271728515625
55.266544342041016 448.4287414550781
55.23191833496094 448.3822021484375
55.2279052734375 448.3768310546875
55.19099044799805 448.3276672363281
55.152530670166016 448.2756042480469
55.1453971862793 448.2659606933594
55.104549407958984 448.210693359375
55.115352630615234 448.22515869140625
55.07242965698242 448.168212890625
55.02803421020508 448.1078796386719
55.03737258911133 448.1204833984375
54.99087142944336 448.0581359863281
54.97652053833008 448.0387268066406
54.92771530151367 447.97210693359375
54.934871673583984 447.9818420410156
54.88404083251953 447.91278076171875
54.890174865722656 447.9211120605469
54.83738327026367 447.84942626953125
54.84233093261719 447.85614013671875
54.78767776489258 447.7817077636719
54.791259765625 447.7865905761719
54.73489761352539 447.7092590332031
54.73692321777344 447.7120666503906
54.67904281616211 447.6316833496094
54.6793098449707 447.6320495605469
54.679588317871094 447.6324157714844
54.61930847167969 447.5496826171875
54.61756896972656 447.5472717285156
54.61573791503906 447.5447998046875
54.553306579589844 447.4594421386719
54.54917907714844 447.4537353515625
54.544830322265625 447.4478454589844
54.4806022644043 447.359619140625
54.473663330078125 447.34991455078125
54.466346740722656 447.33990478515625
54.40079879760742 447.2485046386719
54.398948669433594 447.2458801269531
54.38850021362305 447.2314147949219
54.37747573852539 447.21636962890625
54.31000518798828 447.1222839355469
54.30474090576172 447.11480712890625
54.2991828918457 447.1070861816406
54.230995178222656 447.0103759765625
54.2225456237793 446.9981384277344
54.213623046875 446.9854431152344
54.20419692993164 446.9722595214844
54.184452056884766 446.9449157714844
54.163658142089844 446.916259765625
54.093502044677734 446.8164978027344
54.07888412475586 446.7951354980469
54.06344985961914 446.7727966308594
54.047157287597656 446.7494201660156
54.02996063232422 446.7249450683594
54.01181411743164 446.69927978515625
53.9926643371582 446.67236328125
53.97246551513672 446.64410400390625
53.951168060302734 446.6143798828125
53.9287223815918 446.5831298828125
53.90507888793945 446.55023193359375
53.88018798828125 446.51556396484375
53.85400390625 446.4789733886719
53.82648849487305 446.44036865234375
53.797603607177734 446.39959716796875
53.7673225402832 446.35650634765625
53.735626220703125 446.3109436035156
53.7025146484375 446.26275634765625
53.66799545288086 446.2117614746094
53.63209915161133 446.1578369140625
53.64351272583008 446.1747741699219
53.60570526123047 446.119384765625
53.56654739379883 446.0607604980469
53.52613067626953 445.998779296875
53.53563690185547 446.01324462890625
53.493263244628906 445.94927978515625
53.502262115478516 445.9627685546875
53.457923889160156 445.8966979980469
53.41255187988281 445.826904296875
53.424129486083984 445.8446044921875
53.37689971923828 445.7727966308594
53.38340759277344 445.7826843261719
53.33438491821289 445.7082824707031
53.33988952636719 445.7166442871094
53.28917694091797 445.6395263671875
53.29880142211914 445.6541442871094
53.2464714050293 445.57464599609375
53.255287170410156 445.5880432128906
53.20146560668945 445.5060729980469
53.20934295654297 445.5180969238281
53.1541862487793 445.4335632324219
53.16963577270508 445.45721435546875
53.153656005859375 445.4334716796875
53.136775970458984 445.4085998535156
53.11894989013672 445.38250732421875
53.100128173828125 445.3551025390625
53.080265045166016 445.3263244628906
53.05930709838867 445.2960510253906
53.037208557128906 445.2641906738281
53.013919830322266 445.2306213378906
52.9893913269043 445.1951904296875
52.96358108520508 445.1578063964844
52.93645095825195 445.1183166503906
52.90796661376953 445.07659912109375
52.87810516357422 445.032470703125
52.84685134887695 444.98577880859375
52.814205169677734 444.9363708496094
52.78018569946289 444.88409423828125
52.79204559326172 444.90203857421875
52.75615310668945 444.8484191894531
52.71888732910156 444.7916564941406
52.680320739746094 444.7315673828125
52.690513610839844 444.7472839355469
52.64998245239258 444.6853332519531
52.608272552490234 444.61981201171875
52.61710739135742 444.63360595703125
52.573463439941406 444.5658874511719
52.58168411254883 444.5785827636719
52.5361213684082 444.5085144042969
52.54360580444336 444.5199890136719
52.49617385864258 444.4474182128906
52.448020935058594 444.37091064453125
52.441810607910156 444.3609619140625
52.42214584350586 444.3298034667969
52.40143966674805 444.29705810546875
52.3796501159668 444.2626037597656
52.35673904418945 444.2263488769531
52.332672119140625 444.1881408691406
52.30741882324219 444.1478576660156
52.28095626831055 444.1053771972656
52.26710891723633 444.08319091796875
52.23848342895508 444.03729248046875
52.2225227355957 444.01165771484375
52.191654205322266 443.9619445800781
52.17338562011719 443.932373046875
52.154109954833984 443.9012756347656
52.1337890625 443.8685607910156
52.11237716674805 443.8341064453125
52.0898323059082 443.79779052734375
52.06612014770508 443.7594909667969
52.04121017456055 443.71905517578125
52.015071868896484 443.6763610839844
52.01560974121094 443.6772155761719
51.987632751464844 443.63250732421875
51.95835876464844 443.5852355957031
51.95695495605469 443.5829772949219
51.894779205322266 443.48150634765625
51.89109420776367 443.4753723144531
51.8871955871582 443.4690246582031
51.85261917114258 443.4129638671875
51.84717559814453 443.4041442871094
51.81048583984375 443.3447265625
51.80329132080078 443.33306884765625
51.79568099975586 443.3209533691406
51.731178283691406 443.2157287597656
51.720703125 443.1981506347656
51.709625244140625 443.1798400878906
51.69791030883789 443.1607360839844
51.685523986816406 443.14080810546875
51.67243194580078 443.1199951171875
51.609825134277344 443.0176696777344
51.593624114990234 442.9903564453125
51.57653045654297 442.9617004394531
51.558502197265625 442.931640625
51.53949737548828 442.9000549316406
51.51947784423828 442.8668212890625
51.4984016418457 442.83184814453125
51.476234436035156 442.7950134277344
51.45294189453125 442.7561950683594
51.428497314453125 442.71527099609375
51.40287780761719 442.67205810546875
51.376068115234375 442.62646484375
51.34806823730469 442.57830810546875
51.31888961791992 442.5274353027344
51.33057403564453 442.5474548339844
51.2996940612793 442.49542236328125
51.2830696105957 442.46728515625
51.26551055908203 442.4377136230469
51.24697494506836 442.4065856933594
51.2274169921875 442.37384033203125
51.2067985534668 442.3393249511719
51.18507766723633 442.3029479980469
51.1622200012207 442.2645568847656
51.13819122314453 442.2240295410156
51.11296463012695 442.18121337890625
51.086524963378906 442.1359558105469
51.058868408203125 442.0881042480469
51.0578727722168 442.0863952636719
51.028297424316406 442.0360412597656
50.99748611450195 441.9827575683594
50.99423599243164 441.9771728515625
50.96141815185547 441.9208679199219
50.95673370361328 441.912841796875
50.921878814697266 441.8531799316406
50.915557861328125 441.84234619140625
50.87867736816406 441.7790222167969
50.87051773071289 441.76495361328125
50.86187744140625 441.7503356933594
50.822105407714844 441.6825866699219
50.811344146728516 441.66412353515625
50.799957275390625 441.64483642578125
50.75741958618164 441.572021484375
50.7436408996582 441.5481262207031
50.72907257080078 441.5231018066406
50.71367645263672 441.4968566894531
50.69741439819336 441.4693298339844
50.680240631103516 441.4404296875
50.632713317871094 441.3588562011719
50.61273956298828 441.32379150390625
50.59172439575195 441.286865234375
50.56963348388672 441.2479553222656
50.54644012451172 441.2069091796875
50.52212142944336 441.16357421875
50.53474807739258 441.1855773925781
50.50896072387695 441.1416015625
50.48196792602539 441.0951232910156
50.453773498535156 441.0459899902344
50.42438888549805 440.9940490722656
50.39384460449219 440.93914794921875
50.404876708984375 440.95867919921875
50.37256622314453 440.90234375
50.33911895751953 440.8427734375
50.349456787109375 440.8609619140625
50.314178466796875 440.7996520996094
50.27785110473633 440.73486328125
50.287208557128906 440.75140380859375
50.249046325683594 440.6845397949219
50.21001434326172 440.61395263671875
50.222469329833984 440.6362609863281
50.1816520690918 440.56378173828125
50.18927001953125 440.5772399902344
50.146732330322266 440.5022888183594
50.15366744995117 440.5144958496094
50.10948181152344 440.4369201660156
50.06496047973633 440.3553466796875
50.079986572265625 440.3826904296875
50.033897399902344 440.29925537109375
50.04893493652344 440.3263244628906
50.0013427734375 440.24102783203125
50.0163459777832 440.267822265625
49.96733474731445 440.18060302734375
49.98225784301758 440.20709228515625
49.93191909790039 440.1179504394531
49.94671630859375 440.14410400390625
49.89516067504883 440.05303955078125
49.90978240966797 440.078857421875
49.85713195800781 439.9858703613281
49.871524810791016 440.0113220214844
49.81791687011719 439.9163818359375
49.832027435302734 439.94140625
49.77760696411133 439.8445739746094
49.7913818359375 439.8691711425781
49.73630905151367 439.7704162597656
49.749691009521484 439.7945251464844
49.694129943847656 439.69390869140625
49.707061767578125 439.71746826171875
49.651187896728516 439.6150207519531
49.663604736328125 439.637939453125
49.640281677246094 439.59588623046875
49.61582946777344 439.55145263671875
49.628273010253906 439.5735778808594
49.57002258300781 439.4691162109375
49.58181381225586 439.4904479980469
49.553707122802734 439.4405212402344
49.5244140625 439.3877258300781
49.49397277832031 439.33184814453125
49.50486755371094 439.3515319824219
49.47264862060547 439.2941589355469
49.43931198120117 439.23345947265625
49.449493408203125 439.25177001953125
49.401885986328125 439.16619873046875
49.411495208740234 439.1834716796875
49.36265563964844 439.0954895019531
49.37158966064453 439.11163330078125
49.3327751159668 439.04205322265625
49.29319763183594 438.9686279296875
49.30071258544922 438.9825134277344
49.25944900512695 438.90655517578125
49.26631164550781 438.9191589355469
49.22344207763672 438.84051513671875
49.229530334472656 438.8516845703125
49.185157775878906 438.770263671875
49.19034194946289 438.77978515625
49.144615173339844 438.6954650878906
49.15524673461914 438.71502685546875
49.108158111572266 438.62835693359375
49.1182746887207 438.64697265625
49.06996154785156 438.5578918457031
49.0794677734375 438.575439453125
49.030086517333984 438.48394775390625
49.03887939453125 438.50030517578125
48.988616943359375 438.4063415527344
48.99658966064453 438.42132568359375
48.94565963745117 438.3248596191406
48.959354400634766 438.350830078125
48.90765380859375 438.25244140625
48.921058654785156 438.27801513671875
48.868736267089844 438.177734375
48.881797790527344 438.202880859375
48.877262115478516 438.1944885253906
48.823341369628906 438.09271240234375
48.836219787597656 438.1171569824219
48.782005310058594 438.0135803222656
48.79441833496094 438.0374755859375
48.78618621826172 438.022216796875
48.73090744018555 437.9169921875
48.742889404296875 437.94000244140625
48.732295989990234 437.92034912109375
48.67629623413086 437.8133850097656
48.68769073486328 437.8353576660156
48.67450714111328 437.81072998046875
48.6181755065918 437.70196533203125
48.62879943847656 437.72271728515625
48.63458251953125 437.7334899902344
48.57687759399414 437.62420654296875
48.587135314941406 437.6438903808594
48.54174041748047 437.5568542480469
48.54526138305664 437.5636291503906
48.548988342285156 437.5705261230469
48.490264892578125 437.4595031738281
48.49924087524414 437.47674560546875
48.451148986816406 437.38409423828125
48.45941162109375 437.40008544921875
48.46064376831055 437.4023742675781
48.401344299316406 437.28973388671875
48.40869903564453 437.303955078125
48.40829086303711 437.3031921386719
48.34874725341797 437.189697265625
48.35499954223633 437.20184326171875
48.35271453857422 437.19757080078125
48.300323486328125 437.0976867675781
48.30551528930664 437.1076965332031
48.30134582519531 437.09991455078125
48.24776840209961 436.9979248046875
48.25164031982422 437.0054016113281
48.24530792236328 436.9935607910156
48.190948486328125 436.88934326171875
48.1932258605957 436.8937683105469
48.1844482421875 436.87713623046875
48.12978744506836 436.7705383300781
48.13016128540039 436.7712707519531
48.130558013916016 436.77203369140625
48.07537078857422 436.6637268066406
48.073917388916016 436.6607971191406
48.07237243652344 436.6578063964844
48.05793762207031 436.6302185058594
48.04270935058594 436.601318359375
47.98650360107422 436.49078369140625
47.98175811767578 436.481201171875
47.976722717285156 436.4712829589844
47.971378326416016 436.46099853515625
47.918575286865234 436.3569641113281
47.91100311279297 436.3416442871094
47.902976989746094 436.3257141113281
47.894466400146484 436.30914306640625
47.88544845581055 436.2918701171875
47.83108139038086 436.1848449707031
47.838199615478516 436.1990661621094
47.82660675048828 436.1766052246094
47.81433868408203 436.1531066894531
47.75912857055664 436.0439147949219
47.77013397216797 436.06591796875
47.755165100097656 436.036865234375
47.73936462402344 436.0063781738281
47.722694396972656 435.974365234375
47.66679000854492 435.8627624511719
47.67658233642578 435.8825988769531
47.656986236572266 435.84393310546875
47.63641357421875 435.8031921386719
47.63903045654297 435.80828857421875
47.58218765258789 435.69512939453125
47.59073257446289 435.7124328613281
47.5666618347168 435.6646728515625
47.567134857177734 435.6656188964844
47.54136657714844 435.6156005859375
47.51454544067383 435.562744140625
47.51327133178711 435.56024169921875
47.45588684082031 435.4449768066406
47.46200180053711 435.45751953125
47.45880889892578 435.4512023925781
47.455421447753906 435.4447021484375
47.39697265625 435.3291015625
47.40182113647461 435.3388977050781
47.396209716796875 435.32794189453125
47.3383903503418 435.2112731933594
47.350379943847656 435.23583984375
47.34259796142578 435.2204895019531
47.3343505859375 435.20452880859375
47.275882720947266 435.0874938964844
47.27738952636719 435.090576171875
47.278987884521484 435.09375
47.267757415771484 435.0720520019531
47.213050842285156 434.9630126953125
47.212547302246094 434.96197509765625
47.212013244628906 434.9609069824219
47.157135009765625 434.85015869140625
47.15465545654297 434.84503173828125
47.15201950073242 434.8397216796875
47.13468933105469 434.805419921875
47.116458892822266 434.76934814453125
47.09729766845703 434.73138427734375
47.09230041503906 434.7215881347656
47.0361328125 434.6083679199219
47.028812408447266 434.5931396484375
47.02104187011719 434.5772705078125
47.012794494628906 434.5607604980469
47.00404739379883 434.5435485839844
46.94757843017578 434.4286804199219
46.936317443847656 434.4049072265625
46.92439270019531 434.3800354003906
46.911773681640625 434.3539733886719
46.8984260559082 434.32666015625
46.884315490722656 434.2980041503906
46.869407653808594 434.2679138183594
46.85366439819336 434.2362976074219
46.83705520629883 434.2030334472656
46.81954574584961 434.16802978515625
46.80110549926758 434.13116455078125
46.781707763671875 434.0923156738281
46.761329650878906 434.0513610839844
46.739952087402344 434.0081481933594
46.717567443847656 433.9625244140625
46.69417190551758 433.9143371582031
46.66978073120117 433.8634338378906
46.64441680908203 433.8096618652344
46.61812210083008 433.75286865234375
46.62822341918945 433.7742919921875
46.60028076171875 433.716064453125
46.57144546508789 433.654541015625
46.581050872802734 433.6747131347656
46.55052185058594 433.6114501953125
46.519195556640625 433.5446472167969
46.52806091308594 433.5633239746094
46.49504852294922 433.49444580078125
46.478515625 433.45941162109375
46.46108627319336 433.4224853515625
46.44273376464844 433.383544921875
46.423439025878906 433.34246826171875
46.40318298339844 433.2991027832031
46.3819580078125 433.2532958984375
46.393165588378906 433.2768859863281
46.354129791259766 433.1951904296875
46.33024597167969 433.1436462402344
46.34090805053711 433.1661682128906
46.29999923706055 433.08001708984375
46.27347183227539 433.0220947265625
46.28335952758789 433.0433044433594
46.255157470703125 432.9837951660156
46.2260627746582 432.9208679199219
46.235389709472656 432.94073486328125
46.20458221435547 432.87591552734375
46.17300033569336 432.80743408203125
46.1815071105957 432.82568359375
46.14823532104492 432.7549743652344
46.114402770996094 432.6803894042969
46.12179946899414 432.69659423828125
46.086402893066406 432.6194763183594
46.09334182739258 432.634521484375
46.05644607543945 432.5547790527344
46.062828063964844 432.56854248046875
46.02452087402344 432.48602294921875
46.030235290527344 432.4983215332031
45.990638732910156 432.4129333496094
45.995567321777344 432.423583984375
45.95484161376953 432.3352355957031
45.958858489990234 432.343994140625
45.91720199584961 432.2525939941406
45.92018508911133 432.2591857910156
45.87783432006836 432.1647033691406
45.888710021972656 432.18896484375
45.84545135498047 432.09228515625
45.85600280761719 432.11590576171875
45.811988830566406 432.01702880859375
45.8221549987793 432.0399475097656
45.77755355834961 431.93890380859375
45.787269592285156 431.9610290527344
45.786128997802734 431.95855712890625
45.73979187011719 431.85589599609375
45.74924087524414 431.8769836425781
45.70266342163086 431.772216796875
45.71150588989258 431.79229736328125
45.66489028930664 431.6854553222656
45.67305374145508 431.7043762207031
45.681732177734375 431.723388671875
45.6331901550293 431.6158447265625
45.64110565185547 431.6335754394531
45.59286880493164 431.5240173339844
45.59994125366211 431.5403137207031
45.607460021972656 431.5567321777344
45.55767059326172 431.4464416503906
45.56425094604492 431.46124267578125
45.52785110473633 431.37957763671875
45.53386306762695 431.3930358886719
45.49617004394531 431.30859375
45.50150680541992 431.320556640625
45.4626579284668 431.2332458496094
45.46721267700195 431.2434997558594
45.4273796081543 431.15325927734375
45.431034088134766 431.1615905761719
45.39042663574219 431.0683288574219
45.393062591552734 431.0744323730469
45.395870208740234 431.0806579589844
45.35329055786133 430.9852294921875
45.35492706298828 430.9889221191406
45.31202697753906 430.890380859375
45.31237030029297 430.89117431640625
45.31273651123047 430.8919982910156
45.26844787597656 430.7909851074219
45.26736068725586 430.7884521484375
45.266204833984375 430.7858581542969
45.220909118652344 430.6822509765625
45.218143463134766 430.67578125
45.2151985168457 430.6690979003906
45.16936492919922 430.562744140625
45.164676666259766 430.55157470703125
45.15968704223633 430.5400085449219
45.15438461303711 430.52801513671875
45.10751724243164 430.41900634765625
45.111328125 430.4280090332031
45.11539077758789 430.43719482421875
45.07496643066406 430.3453063964844
45.07802963256836 430.3523254394531
45.036930084228516 430.25732421875
45.03887176513672 430.2618713378906
45.04093933105469 430.2665100097656
44.998008728027344 430.16912841796875
44.99878692626953 430.1709289550781
44.955711364746094 430.07037353515625
44.955078125 430.0688781738281
44.954402923583984 430.06732177734375
44.91019058227539 429.964111328125
44.90793991088867 429.958740234375
44.905540466308594 429.9532165527344
44.902984619140625 429.947509765625
44.85683059692383 429.8419189453125
44.852481842041016 429.83172607421875
44.84785079956055 429.8211364746094
44.80157470703125 429.7126159667969
44.809261322021484 429.7308654785156
44.8027458190918 429.71600341796875
44.75581359863281 429.6056213378906
44.762718200683594 429.6221008300781
44.75410461425781 429.6022644042969
44.74496078491211 429.5815734863281
44.69700622558594 429.46923828125
44.70282745361328 429.4831237792969
44.69133377075195 429.4565734863281
44.67916488647461 429.4287414550781
44.63102340698242 429.3141784667969
44.63534164428711 429.3246765136719
44.639949798583984 429.3353271484375
44.591068267822266 429.2198791503906
44.59444046020508 429.22802734375
44.59803771972656 429.236328125
44.5486946105957 429.11993408203125
44.55093765258789 429.1253662109375
44.55332946777344 429.13092041015625
44.50384521484375 429.0135192871094
44.5047721862793 429.0157775878906
44.505760192871094 429.0180969238281
44.506813049316406 429.0204772949219
44.45585250854492 428.9027404785156
44.45526123046875 428.9013366699219
44.45463180541992 428.89990234375
44.41037368774414 428.79644775390625
44.4081916809082 428.7912292480469
44.40586853027344 428.7858581542969
44.360958099365234 428.6796569824219
44.356937408447266 428.669921875
44.35265350341797 428.6598205566406
44.34809494018555 428.64935302734375
44.30195236206055 428.5405578613281
44.2955207824707 428.5249328613281
44.28868103027344 428.5086669921875
44.281410217285156 428.4917297363281
44.23495101928711 428.3800354003906
44.2257080078125 428.35699462890625
44.21590805053711 428.3329162597656
44.20552444458008 428.3077392578125
44.19453048706055 428.2813720703125
44.18289566040039 428.2537841796875
44.170589447021484 428.224853515625
44.15758514404297 428.19451904296875
44.143856048583984 428.16265869140625
44.09598922729492 428.0467529296875
44.09470748901367 428.0435485839844
44.07843017578125 428.0036315917969
44.061363220214844 427.96160888671875
44.04349899291992 427.9173583984375
44.02484130859375 427.8707275390625
44.02080154418945 427.8607177734375
44.00066375732422 427.8112487792969
43.979732513427734 427.75909423828125
43.97378158569336 427.74432373046875
43.95134353637695 427.6887512207031
43.9441032409668 427.6708068847656
43.920169830322266 427.6114501953125
43.91150665283203 427.5898742675781
43.886131286621094 427.5263366699219
43.892120361328125 427.5411376953125
43.865203857421875 427.4754333496094
43.853763580322266 427.44720458984375
43.841651916503906 427.4175720214844
43.82884216308594 427.386474609375
43.815303802490234 427.353759765625
43.8010139465332 427.3193664550781
43.78594207763672 427.2831726074219
43.77006912231445 427.24505615234375
43.75337600708008 427.2048645019531
43.7358512878418 427.1624755859375
43.71748352050781 427.1177673339844
43.69827651977539 427.0705871582031
43.69971466064453 427.0740661621094
43.67901611328125 427.02471923828125
43.6574592590332 426.97259521484375
43.65760803222656 426.97296142578125
43.609073638916016 426.853515625
43.61526107788086 426.86907958984375
43.613929748535156 426.8658752441406
43.58863830566406 426.805419921875
43.586307525634766 426.79986572265625
43.537376403808594 426.6794128417969
43.54281997680664 426.6931457519531
43.53870391845703 426.6831970214844
43.53431701660156 426.6728820800781
43.48473358154297 426.552001953125
43.4783935546875 426.5359191894531
43.47164535522461 426.5191650390625
43.4644660949707 426.501708984375
43.45682907104492 426.4835205078125
43.41108703613281 426.3708190917969
43.40148162841797 426.34625244140625
43.39129638671875 426.3205261230469
43.3805046081543 426.2935791015625
43.36907958984375 426.2653503417969
43.356990814208984 426.2357482910156
43.34421157836914 426.20465087890625
43.33071517944336 426.1719970703125
43.31647491455078 426.1376647949219
43.30146408081055 426.1015625
43.28566360473633 426.0635681152344
43.2690544128418 426.0235290527344
43.251625061035156 425.9813537597656
43.233367919921875 425.9368896484375
43.21428298950195 425.8899841308594
43.19437789916992 425.8404846191406
43.173675537109375 425.78826904296875
43.15221405029297 425.733154296875
43.14649200439453 425.718505859375
43.12355422973633 425.6597900390625
43.11653518676758 425.64178466796875
43.09215545654297 425.5790710449219
43.08371353149414 425.5572509765625
43.074737548828125 425.534423828125
43.04823684692383 425.46636962890625
43.03767776489258 425.4389343261719
43.026485443115234 425.41015625
43.01462936401367 425.37994384765625
43.0020866394043 425.3481750488281
42.972293853759766 425.27130126953125
42.97834777832031 425.2868347167969
42.94719314575195 425.2073669433594
42.931488037109375 425.166259765625
42.915008544921875 425.1228942871094
42.89775466918945 425.0771484375
42.9029426574707 425.090576171875
42.88431167602539 425.0433654785156
42.8648681640625 424.9934997558594
42.844635009765625 424.9408264160156
42.8448371887207 424.94134521484375
42.823097229003906 424.8860168457031
42.80060958862305 424.82757568359375
42.79928970336914 424.82415771484375
42.775299072265625 424.76251220703125
42.77302551269531 424.7566833496094
42.7475471496582 424.69158935546875
42.74418258666992 424.6829833984375
42.71727752685547 424.6141052246094
42.71268844604492 424.6023254394531
42.68446350097656 424.5293884277344
42.67852020263672 424.513916015625
42.67218780517578 424.497802734375
42.64194869995117 424.41998291015625
42.634090423583984 424.39947509765625
42.625736236572266 424.3780517578125
42.61685562133789 424.3556823730469
42.58411407470703 424.2716369628906
42.57352828979492 424.243896484375
42.56231689453125 424.21478271484375
42.55044937133789 424.1842346191406
42.53790283203125 424.15216064453125
42.52465057373047 424.1184387207031
42.51066970825195 424.0829772949219
42.49593734741211 424.0456237792969
42.480438232421875 424.00628662109375
42.46415710449219 423.96484375
42.447086334228516 423.921142578125
42.429222106933594 423.8750305175781
42.41057586669922 423.8263854980469
42.39116287231445 423.7750549316406
42.387760162353516 423.7661437988281
42.366878509521484 423.7117004394531
42.345279693603516 423.6542053222656
42.35145950317383 423.67034912109375
42.328346252441406 423.6109619140625
42.30457305908203 423.54827880859375
42.297393798828125 423.5292663574219
42.27227020263672 423.46234130859375
42.27762222290039 423.4764404296875
42.25100326538086 423.4071044921875
42.24117660522461 423.3811950683594
42.21342849731445 423.3070068359375
42.21804428100586 423.31927490234375
42.188926696777344 423.2423400878906
42.17612075805664 423.2077941894531
42.162601470947266 423.1714172363281
42.148353576660156 423.1330871582031
42.13336181640625 423.0926818847656
42.11761474609375 423.050048828125
42.12096405029297 423.05889892578125
42.08784866333008 422.970947265625
42.09074401855469 422.9786682128906
42.0721435546875 422.92999267578125
42.052757263183594 422.8785400390625
42.032615661621094 422.82415771484375
42.034671783447266 422.8296203613281
42.013038635253906 422.7727966308594
41.990699768066406 422.71270751953125
41.99207305908203 422.71636962890625
41.96823501586914 422.6534423828125
41.94381332397461 422.58697509765625
41.94437026977539 422.5884704589844
41.91853332519531 422.5187683105469
41.91864013671875 422.51904296875
41.89144515991211 422.4459228515625
41.89105224609375 422.4448547363281
41.86259078979492 422.3681640625
41.86164855957031 422.3656311035156
41.83205032348633 422.28521728515625
41.83052444458008 422.2810363769531
41.799964904785156 422.19677734375
41.79781723022461 422.1907958984375
41.78778839111328 422.1635437011719
41.77715301513672 422.13494873046875
41.76588439941406 422.10491943359375
41.73257064819336 422.0137023925781
41.72901153564453 422.0038146972656
41.71551513671875 421.96685791015625
41.7013053894043 421.9279479980469
41.686370849609375 421.8869323730469
41.68168258666992 421.87420654296875
41.665374755859375 421.8304138183594
41.64830780029297 421.7842102050781
41.6304931640625 421.7354431152344
41.62450408935547 421.7191467285156
41.605247497558594 421.66693115234375
41.58527374267578 421.6117858886719
41.57826232910156 421.5924377441406
41.556880950927734 421.5333251953125
41.549190521240234 421.5119934082031
41.526458740234375 421.4486083984375
41.530479431152344 421.4596862792969
41.50627899169922 421.393798828125
41.51010513305664 421.40411376953125
41.484432220458984 421.3355712890625
41.47618103027344 421.3133544921875
41.44932556152344 421.24017333984375
41.45231246948242 421.2482604980469
41.42411804199219 421.17205810546875
41.412986755371094 421.14141845703125
41.40119552612305 421.10919189453125
41.38871765136719 421.07525634765625
41.37553024291992 421.0395202636719
41.36161422729492 421.0018310546875
41.34695053100586 420.96209716796875
41.3315315246582 420.9201354980469
41.315345764160156 420.8758239746094
41.298397064208984 420.8290100097656
41.280696868896484 420.779541015625
41.28083801269531 420.7799377441406
41.24664306640625 420.6845703125
41.24614334106445 420.68316650390625
41.22563171386719 420.62567138671875
41.22471237182617 420.62310791015625
41.18922424316406 420.522705078125
41.18761444091797 420.51806640625
41.185916900634766 420.5133361816406
41.14947509765625 420.40985107421875
41.147056579589844 420.40283203125
41.144508361816406 420.39569091796875
41.11872482299805 420.3231506347656
41.115718841552734 420.3146667480469
41.08900451660156 420.2388000488281
41.08599853515625 420.230224609375
41.08290100097656 420.2216491699219
41.044612884521484 420.1129150390625
41.0399055480957 420.09912109375
41.03683853149414 420.09039306640625
41.008602142333984 420.00946044921875
41.005558013916016 420.0006408691406
41.002418518066406 419.9918518066406
40.96391296386719 419.8808898925781
40.957374572753906 419.861328125
40.954307556152344 419.8524169921875
40.95114517211914 419.8435363769531
40.91242599487305 419.7313232421875
40.90465545654297 419.7078857421875
40.89656066894531 419.6838684082031
40.89344787597656 419.67486572265625
40.89023971557617 419.6658935546875
40.85093307495117 419.5523986816406
40.84157180786133 419.524169921875
40.83185958862305 419.4952087402344
40.828739166259766 419.4861145019531
40.825523376464844 419.47705078125
40.797637939453125 419.3977355957031
40.7944450378418 419.3885803222656
40.78194046020508 419.3533630371094
40.76908874511719 419.3172607421875
40.75589370727539 419.2802429199219
40.74235534667969 419.2422790527344
40.728477478027344 419.2033386230469
40.714263916015625 419.16339111328125
40.69972610473633 419.12237548828125
40.68486785888672 419.0802917480469
40.669700622558594 419.037109375
40.66633987426758 419.02764892578125
40.6355094909668 418.9397888183594
40.632205963134766 418.93023681640625
40.61573791503906 418.8831481933594
40.61235809326172 418.87359619140625
40.59505844116211 418.8251647949219
40.577510833740234 418.7754211425781
40.5740852355957 418.76580810546875
40.55571365356445 418.7146301269531
40.537132263183594 418.6620178222656
40.518375396728516 418.6079406738281
40.51496887207031 418.5981750488281
40.49543380737305 418.54254150390625
40.47739791870117 418.4902038574219
40.4739875793457 418.4803771972656
40.439754486083984 418.3795471191406
40.43688201904297 418.3708801269531
40.43350601196289 418.3610534667969
40.39860916137695 418.25677490234375
40.39570617675781 418.24786376953125
40.40176010131836 418.2655029296875
40.36561965942383 418.1590270996094
40.36261749267578 418.1499328613281
40.3592643737793 418.1401062011719
40.335975646972656 418.0718078613281
40.342037200927734 418.0893249511719
40.304420471191406 417.9790954589844
40.301292419433594 417.9696350097656
40.27722930908203 417.8966369628906
40.27408218383789 417.8870544433594
40.26593017578125 417.8628234863281
40.24085235595703 417.7872009277344
40.23762893676758 417.7774353027344
40.228450775146484 417.7502136230469
40.20249557495117 417.6718444824219
40.19921875 417.661865234375
40.18899917602539 417.63140869140625
40.178409576416016 417.6001281738281
40.15132141113281 417.51824951171875
40.14796829223633 417.50799560546875
40.13634490966797 417.47314453125
40.12434768676758 417.4372863769531
40.11198043823242 417.400390625
40.0992431640625 417.3624267578125
40.08613967895508 417.3233337402344
40.07267379760742 417.2830810546875
40.0588493347168 417.24163818359375
40.044677734375 417.1989440917969
40.03017044067383 417.15496826171875
40.01533889770508 417.1096496582031
40.00020217895508 417.0629577636719
40.00591278076172 417.080078125
39.96601104736328 416.95745849609375
39.9625358581543 416.9463195800781
39.96815490722656 416.96343994140625
39.937110900878906 416.8685302734375
39.942691802978516 416.8856506347656
39.911399841308594 416.789306640625
39.916934967041016 416.806396484375
39.88546371459961 416.7086486816406
39.89094161987305 416.7257385253906
39.872222900390625 416.6685791015625
39.85388946533203 416.61126708984375
39.85946273803711 416.6283264160156
39.82745361328125 416.5299072265625
39.83296585083008 416.5469665527344
39.801300048828125 416.4485168457031
39.80675506591797 416.465576171875
39.77543258666992 416.36712646484375
39.78083038330078 416.3841857910156
39.76229476928711 416.326904296875
39.767906188964844 416.3438720703125
39.730552673339844 416.22882080078125
39.73597717285156 416.245849609375
39.70484161376953 416.14764404296875
39.71021270751953 416.1646728515625
39.69173049926758 416.10736083984375
39.69731521606445 416.12432861328125
39.65968322753906 416.00787353515625
39.66507339477539 416.0248718261719
39.63418960571289 415.9269104003906
39.6395263671875 415.9439392089844
39.62113952636719 415.8865966796875
39.62669372558594 415.9035339355469
39.59490203857422 415.8060607910156
39.60040283203125 415.822998046875
39.56892013549805 415.7255554199219
39.574371337890625 415.7425231933594
39.54319763183594 415.64508056640625
39.54859924316406 415.66204833984375
39.517730712890625 415.5646667480469
39.52308654785156 415.5816345214844
39.50462341308594 415.5243835449219
39.48655700683594 415.4670104980469
39.49559020996094 415.494873046875
39.476566314697266 415.4378356933594
39.45792770385742 415.3806457519531
39.43968200683594 415.3233337402344
39.448787689208984 415.35113525390625
39.41424560546875 415.2452697753906
39.42327880859375 415.2730712890625
39.388736724853516 415.1662292480469
39.397682189941406 415.19403076171875
39.37879943847656 415.1369934082031
39.36030578613281 415.0798034667969
39.34220886230469 415.02252197265625
39.35123062133789 415.0502624511719
39.325767517089844 414.9731750488281
39.30753707885742 414.91595458984375
39.316619873046875 414.94366455078125
39.29027557373047 414.86444091796875
39.2719612121582 414.8072814941406
39.26943588256836 414.7994384765625
39.25090789794922 414.74237060546875
39.23277282714844 414.6852111816406
39.24180221557617 414.7128601074219
39.21413803100586 414.62908935546875
39.19602584838867 414.57196044921875
39.20504379272461 414.5995788574219
39.17673110961914 414.513671875
39.15869140625 414.4565734863281
39.16767501831055 414.48419189453125
39.13880157470703 414.39617919921875
39.120887756347656 414.3391418457031
39.12981414794922 414.36676025390625
39.10047912597656 414.27667236328125
39.082740783691406 414.21966552734375
39.09158706665039 414.2472839355469
39.081241607666016 414.2164001464844
39.07058334350586 414.1848449707031
39.059608459472656 414.152587890625
39.02878189086914 414.05908203125
39.025718688964844 414.04962158203125
39.022560119628906 414.0401916503906
39.01042175292969 414.0046081542969
38.99797058105469 413.96820068359375
38.985206604003906 413.9309387207031
38.97213363647461 413.8927917480469
38.95875549316406 413.8537292480469
38.9450798034668 413.813720703125
38.931114196777344 413.7727355957031
38.91686248779297 413.7307434082031
38.902339935302734 413.6877136230469
38.88755798339844 413.6436462402344
38.872528076171875 413.5984802246094
38.857269287109375 413.5522155761719
38.85422134399414 413.5430908203125
38.838191986083984 413.49560546875
38.82195281982422 413.4469299316406
38.8055305480957 413.39703369140625
38.80253982543945 413.3880310058594
38.78535842895508 413.33685302734375
38.768028259277344 413.2843933105469
38.76506805419922 413.2755126953125
38.74699783325195 413.2217102050781
38.72882843017578 413.16650390625
38.725921630859375 413.1577453613281
38.707035064697266 413.10113525390625
38.6881103515625 413.0430908203125
38.69382095336914 413.06024169921875
38.673866271972656 413.0014953613281
38.65391159057617 412.94122314453125
38.65107727050781 412.9327087402344
38.63046646118164 412.87091064453125
38.609947204589844 412.8075256347656
38.6155891418457 412.82464599609375
38.59407424926758 412.7604675292969
38.572715759277344 412.69464111328125
38.57835388183594 412.71173095703125
38.5560188293457 412.6450500488281
38.5339241027832 412.57666015625
38.539527893066406 412.59375
38.5164909362793 412.52447509765625
38.52223205566406 412.54150390625
38.49824905395508 412.4712829589844
38.48990249633789 412.4465637207031
38.48124313354492 412.4212951660156
38.47226333618164 412.3954772949219
38.43584442138672 412.28668212890625
38.44145965576172 412.3036804199219
38.4316291809082 412.2750244140625
38.395347595214844 412.16485595703125
38.4008674621582 412.1818542480469
38.390220642089844 412.1502380371094
38.379241943359375 412.1178894042969
38.3679313659668 412.0847473144531
38.33139419555664 411.9727478027344
38.33685302734375 411.98974609375
38.32477569580078 411.9533996582031
38.312381744384766 411.9161682128906
38.29967498779297 411.8780212402344
38.28666305541992 411.83892822265625
38.273345947265625 411.7988586425781
38.259735107421875 411.7577819824219
38.2458381652832 411.7156677246094
38.23166275024414 411.6724548339844
38.21722412109375 411.6281433105469
38.202537536621094 411.58270263671875
38.208168029785156 411.599609375
38.170406341552734 411.4839782714844
38.17584991455078 411.5009765625
38.159881591796875 411.4524841308594
38.1616096496582 411.4576416015625
38.123504638671875 411.34112548828125
38.12895202636719 411.3581237792969
38.13026809692383 411.36199951171875
38.09158706665039 411.24505615234375
38.09708786010742 411.26202392578125
38.09794616699219 411.2645263671875
38.05878448486328 411.1471252441406
38.06432342529297 411.1640625
38.03539276123047 411.07568359375
38.040950775146484 411.0926208496094
38.01154708862305 411.00299072265625
38.017112731933594 411.01995849609375
37.98728561401367 410.9290771484375
37.99285125732422 410.946044921875
37.962650299072266 410.8538818359375
37.96820831298828 410.870849609375
37.93768310546875 410.7774353027344
37.94322204589844 410.79443359375
37.91243362426758 410.6997375488281
37.92144775390625 410.72735595703125
37.8901252746582 410.6316833496094
37.89918518066406 410.6592712402344
37.86737060546875 410.5626220703125
37.872947692871094 410.57965087890625
37.84101867675781 410.48175048828125
37.85002517700195 410.5093078613281
37.81770324707031 410.4104309082031
37.826717376708984 410.43798828125
37.79404830932617 410.338134765625
37.80305862426758 410.36566162109375
37.77009201049805 410.26483154296875
37.77908706665039 410.2923583984375
37.74586868286133 410.1905517578125
37.75483703613281 410.21807861328125
37.72142028808594 410.11529541015625
37.730350494384766 410.142822265625
37.69678497314453 410.0390930175781
37.705665588378906 410.0666198730469
37.672000885009766 409.9619140625
37.680824279785156 409.98944091796875
37.647117614746094 409.8838195800781
37.6558723449707 409.911376953125
37.648677825927734 409.88983154296875
37.614280700683594 409.7832336425781
37.623111724853516 409.81072998046875
37.58877944946289 409.70318603515625
37.59751892089844 409.730712890625
37.58906555175781 409.705322265625
37.55428695678711 409.5967712402344
37.56304168701172 409.624267578125
37.528446197509766 409.5148010253906
37.537086486816406 409.5423278808594
37.539466857910156 409.5494079589844
37.50335693359375 409.439697265625
37.51231384277344 409.46710205078125
37.48560333251953 409.38641357421875
37.48724365234375 409.391357421875
37.44789123535156 409.2684631347656
37.4565315246582 409.29595947265625
37.457763671875 409.29962158203125
37.42073059082031 409.1865234375
37.42961120605469 409.21392822265625
37.390350341796875 409.0904846191406
37.39892578125 409.11798095703125
37.399253845214844 409.11895751953125
37.36217498779297 409.00439453125
37.37094497680664 409.03179931640625
37.33202362060547 408.9077453613281
37.341678619384766 408.9390563964844
37.341064453125 408.93719482421875
37.304046630859375 408.8212585449219
37.31269836425781 408.84869384765625
37.27418899536133 408.72406005859375
37.28254699707031 408.7516784667969
37.29008102416992 408.774658203125
37.25240707397461 408.6578369140625
37.26112747192383 408.68524169921875
37.22420883178711 408.5675964355469
37.233909606933594 408.598876953125
37.2413330078125 408.6209716796875
37.19952392578125 408.49322509765625
37.20827865600586 408.5205993652344
37.17094039916992 408.4021301269531
37.1806640625 408.4333801269531
37.16717529296875 408.39178466796875
37.15340805053711 408.3491516113281
37.139373779296875 408.305419921875
37.12508773803711 408.26055908203125
37.110565185546875 408.21453857421875
37.11699295043945 408.2342834472656
37.0867919921875 408.14154052734375
37.07148361206055 408.0924987792969
37.0806884765625 408.1209716796875
37.04998016357422 408.0263977050781
37.03386306762695 407.9744567871094
37.043861389160156 408.00555419921875
37.01274108886719 407.9091796875
37.0109748840332 407.90362548828125
36.9934196472168 407.84881591796875
36.97578048706055 407.79254150390625
36.97332000732422 407.7847595214844
36.95496368408203 407.7270202636719
36.952064514160156 407.71795654296875
36.92061233520508 407.61724853515625
36.930362701416016 407.6484069824219
36.89853286743164 407.5468444824219
36.904117584228516 407.5647888183594
36.884124755859375 407.50177001953125
36.879783630371094 407.48809814453125
36.859256744384766 407.4232482910156
36.854400634765625 407.4078674316406
36.833404541015625 407.34112548828125
36.828025817871094 407.3239440917969
36.82239532470703 407.3064270019531
36.78953552246094 407.20074462890625
36.79500961303711 407.2185363769531
36.788604736328125 407.19866943359375
36.75535202026367 407.09185791015625
36.76081466674805 407.109619140625
36.75361251831055 407.08721923828125
36.72012710571289 406.9792175292969
36.725547790527344 406.9969177246094
36.7175407409668 406.97186279296875
36.694026947021484 406.897216796875
36.68549728393555 406.86968994140625
36.67665481567383 406.8415222167969
36.66749572753906 406.8127136230469
36.643123626708984 406.7344665527344
36.648643493652344 406.75201416015625
36.62347412109375 406.672607421875
36.613224029541016 406.6395263671875
36.6026611328125 406.6056213378906
36.59178161621094 406.5708923339844
36.580589294433594 406.5352783203125
36.5690803527832 406.498779296875
36.55725860595703 406.46136474609375
36.545127868652344 406.4229736328125
36.53269577026367 406.38360595703125
36.519962310791016 406.34320068359375
36.50693893432617 406.3017272949219
36.49363327026367 406.2591857910156
36.48006057739258 406.21551513671875
36.46623229980469 406.1706848144531
36.45216369628906 406.1246643066406
36.45431900024414 406.1315612792969
36.42584991455078 406.03997802734375
36.43123245239258 406.0572814941406
36.40240478515625 405.96441650390625
36.411258697509766 405.9927673339844
36.381797790527344 405.89892578125
36.38296890258789 405.9027099609375
36.3536491394043 405.8072204589844
36.36238479614258 405.8355407714844
36.33253479003906 405.73907470703125
36.3413200378418 405.7673645019531
36.31098556518555 405.6698913574219
36.31980514526367 405.6981506347656
36.28902816772461 405.5997009277344
36.29787063598633 405.6279296875
36.266693115234375 405.5284729003906
36.273529052734375 405.55035400390625
36.2596321105957 405.50738525390625
36.2454719543457 405.46331787109375
36.23106384277344 405.4181213378906
36.21642303466797 405.37176513671875
36.201568603515625 405.32421875
36.19981384277344 405.3186950683594
36.18415832519531 405.2699890136719
36.168312072753906 405.2200012207031
36.152305603027344 405.168701171875
36.149654388427734 405.1602783203125
36.13289260864258 405.1076354980469
36.11601257324219 405.0536193847656
36.12187576293945 405.0719299316406
36.103939056396484 405.0173034667969
36.08590316772461 404.961181640625
36.06781005859375 404.903564453125
36.05062484741211 404.8475646972656
36.05580520629883 404.86407470703125
36.03664016723633 404.80426025390625
36.01750946044922 404.74285888671875
35.99922180175781 404.6824645996094
36.00382995605469 404.6973876953125
35.98378372192383 404.6335754394531
35.96455001831055 404.5703125
35.968807220458984 404.5840759277344
35.947959899902344 404.51763916015625
35.92789077758789 404.45135498046875
35.93172073364258 404.4638366699219
35.910213470458984 404.3946533203125
35.889469146728516 404.3251647949219
35.89799880981445 404.35308837890625
35.87568664550781 404.281494140625
35.854122161865234 404.209228515625
35.86262130737305 404.23712158203125
35.83962631225586 404.16302490234375
35.81737518310547 404.0878601074219
35.82579040527344 404.1157531738281
35.80226135253906 404.0390625
35.77949142456055 403.9609069824219
35.78776550292969 403.98883056640625
35.763877868652344 403.90948486328125
35.761844635009766 403.9026794433594
35.72920227050781 403.78985595703125
35.73721694946289 403.81781005859375
35.713104248046875 403.73480224609375
35.72132110595703 403.7626953125
35.68814468383789 403.6488342285156
35.696197509765625 403.6767578125
35.6711540222168 403.59088134765625
35.66913986206055 403.5838928222656
35.64414978027344 403.4960021972656
35.65327835083008 403.5276794433594
35.62739562988281 403.43890380859375
35.633541107177734 403.45989990234375
35.60708236694336 403.3699035644531
35.61325454711914 403.3908386230469
35.60053634643555 403.3492736816406
35.57343292236328 403.2572326660156
35.5795783996582 403.278076171875
35.56602478027344 403.23370361328125
35.5384521484375 403.1395568847656
35.544532775878906 403.1603088378906
35.53419876098633 403.12646484375
35.519535064697266 403.0782775878906
35.50865173339844 403.0423278808594
35.49746322631836 403.0054931640625
35.48597717285156 402.96771240234375
35.47419357299805 402.9289855957031
35.462120056152344 402.8892517089844
35.449764251708984 402.8484802246094
35.4371337890625 402.8066711425781
35.42423629760742 402.7637634277344
35.41108703613281 402.7197265625
35.397701263427734 402.6745300292969
35.39851760864258 402.6772155761719
35.398563385009766 402.6773681640625
35.359554290771484 402.54974365234375
35.365570068359375 402.57000732421875
35.36507797241211 402.5684509277344
35.36455535888672 402.5668640136719
35.3239860534668 402.4386901855469
35.30854034423828 402.3860778808594
35.30784606933594 402.3837585449219
35.3063850402832 402.3790588378906
35.30484390258789 402.3742980957031
35.26508331298828 402.2462158203125
35.26360321044922 402.2412109375
35.26136779785156 402.2339782714844
35.259010314941406 402.2266540527344
35.21965789794922 402.098388671875
35.22556686401367 402.11822509765625
35.22257995605469 402.1087341308594
35.19209671020508 402.00970458984375
35.17359924316406 401.9460144042969
35.17945098876953 401.9657287597656
35.17557907104492 401.953369140625
35.14469909667969 401.8520812988281
35.125343322753906 401.7844543457031
35.13106918334961 401.8040771484375
35.12628936767578 401.78851318359375
35.09539794921875 401.6849060058594
35.10117721557617 401.7044372558594
35.0704460144043 401.59967041015625
35.07611846923828 401.6191711425781
35.04561996459961 401.51324462890625
35.051177978515625 401.5327453613281
35.02951431274414 401.45782470703125
35.03520584106445 401.47723388671875
35.00407028198242 401.36981201171875
35.0096321105957 401.38922119140625
35.00238037109375 401.3650817871094
34.97102355957031 401.2564697265625
34.976539611816406 401.27581787109375
34.968597412109375 401.2492370605469
34.93718338012695 401.139404296875
34.942626953125 401.15869140625
34.934017181396484 401.1295166015625
34.92511749267578 401.0997009277344
34.893409729003906 400.9884338378906
34.898807525634766 401.0076599121094
34.88926315307617 400.97509765625
34.87943649291992 400.9418029785156
34.869327545166016 400.90777587890625
34.837432861328125 400.7947998046875
34.84274673461914 400.8139343261719
34.84442901611328 400.819580078125
34.811546325683594 400.7061462402344
34.816978454589844 400.7251892089844
34.805442810058594 400.68621826171875
34.79364776611328 400.6463317871094
34.7816047668457 400.6054992675781
34.76932144165039 400.563720703125
34.756805419921875 400.52093505859375
34.7572135925293 400.5223083496094
34.7236213684082 400.4067077636719
34.73203659057617 400.4360046386719
34.7060546875 400.3464660644531
34.71541976928711 400.37835693359375
34.6885871887207 400.2879333496094
34.69577407836914 400.31201171875
34.6683349609375 400.2204284667969
34.67547607421875 400.2441711425781
34.64748001098633 400.15142822265625
34.6545524597168 400.1747741699219
34.62605285644531 400.0808410644531
34.633033752441406 400.1037902832031
34.604087829589844 400.0086669921875
34.61095428466797 400.0312194824219
34.5728645324707 399.902587890625
34.58210754394531 399.9344787597656
34.57059860229492 399.89654541015625
34.55879592895508 399.857666015625
34.54670715332031 399.8177795410156
34.534339904785156 399.7768859863281
34.52170181274414 399.73492431640625
34.50880432128906 399.69189453125
34.495662689208984 399.6477355957031
34.4822883605957 399.6024169921875
34.46869659423828 399.5559387207031
34.474639892578125 399.5755920410156
34.46002197265625 399.5286865234375
34.4451789855957 399.48052978515625
34.430137634277344 399.4310607910156
34.414920806884766 399.3802490234375
34.399559020996094 399.3280944824219
34.38408660888672 399.2745361328125
34.38928985595703 399.29205322265625
34.37278366088867 399.23785400390625
34.35618209838867 399.1821594238281
34.33953094482422 399.1249694824219
34.34437561035156 399.1412353515625
34.32670593261719 399.0832824707031
34.309024810791016 399.0237121582031
34.291385650634766 398.9625549316406
34.295738220214844 398.97735595703125
34.277122497558594 398.915283203125
34.25861358642578 398.85150146484375
34.262664794921875 398.8652038574219
34.24321365356445 398.8004150390625
34.223941802978516 398.73388671875
34.227622985839844 398.74639892578125
34.20746612548828 398.67877197265625
34.187583923339844 398.60931396484375
34.190834045410156 398.6205139160156
34.17013931274414 398.54986572265625
34.17325973510742 398.5603942871094
34.16702651977539 398.54022216796875
34.129913330078125 398.4135437011719
34.13813018798828 398.4422302246094
34.13126754760742 398.4195556640625
34.12413024902344 398.39642333984375
34.08709716796875 398.26953125
34.095279693603516 398.2982177734375
34.087520599365234 398.2724304199219
34.07947540283203 398.24609375
34.07114028930664 398.2192077636719
34.033958435058594 398.0921325683594
34.04215621948242 398.12078857421875
34.0332145690918 398.091064453125
34.023983001708984 398.0606994628906
34.01445388793945 398.0296630859375
34.0046272277832 397.9979248046875
33.96754837036133 397.8705749511719
33.975704193115234 397.8992614746094
33.96532440185547 397.8644714355469
33.95466613769531 397.8288879394531
33.943729400634766 397.79248046875
33.932518005371094 397.7552490234375
33.9210319519043 397.7171325683594
33.909278869628906 397.6781311035156
33.89726257324219 397.6382141113281
33.88499450683594 397.59735107421875
33.87247848510742 397.5555114746094
33.8597297668457 397.5126647949219
33.84675598144531 397.4687805175781
33.84718322753906 397.4701843261719
33.81095504760742 397.3457336425781
33.82003402709961 397.3774719238281
33.820030212402344 397.3774719238281
33.783241271972656 397.2529296875
33.79186248779297 397.2826843261719
33.7913818359375 397.2811279296875
33.754207611083984 397.15643310546875
33.76284408569336 397.18597412109375
33.76184844970703 397.18280029296875
33.72438430786133 397.0579528808594
33.733009338378906 397.0872802734375
33.69684600830078 396.9618225097656
33.7058219909668 396.9935607910156
33.71285629272461 397.0163879394531
33.67431640625 396.8879089355469
33.68279266357422 396.9168701171875
33.6497688293457 396.802978515625
33.65803146362305 396.8317565917969
33.66485595703125 396.8536376953125
33.625911712646484 396.7252502441406
33.632198333740234 396.74658203125
33.59878158569336 396.6313171386719
33.606903076171875 396.65966796875
33.613380432128906 396.68048095703125
33.57455062866211 396.552001953125
33.58047866821289 396.57220458984375
33.5468864440918 396.4555969238281
33.554805755615234 396.48345947265625
33.56086730957031 396.50311279296875
33.52262496948242 396.3755187988281
33.53068542480469 396.403076171875
33.496726989746094 396.2853698730469
33.504493713378906 396.31268310546875
33.51016616821289 396.3310852050781
33.47260284423828 396.2057800292969
33.47774887084961 396.2234191894531
33.4832878112793 396.2411193847656
33.44447708129883 396.11346435546875
33.44944763183594 396.1303405761719
33.415069580078125 396.010986328125
33.42253112792969 396.0373229980469
33.427486419677734 396.0534973144531
33.390045166015625 395.9276123046875
33.39759063720703 395.9535827636719
33.36323547363281 395.8332214355469
33.37042236328125 395.85888671875
33.374839782714844 395.87347412109375
33.33928298950195 395.7530517578125
33.34659957885742 395.7782897949219
33.3121337890625 395.6570739746094
33.321014404296875 395.68878173828125
33.324947357177734 395.70172119140625
33.28913497924805 395.5805358886719
33.29621887207031 395.60498046875
33.2615966796875 395.4830017089844
33.27045440673828 395.51470947265625
33.273826599121094 395.5258483886719
33.23798370361328 395.4039001464844
33.24477005004883 395.427490234375
33.2479133605957 395.4376525878906
33.209659576416016 395.3094787597656
33.21220397949219 395.3183288574219
33.214927673339844 395.3272399902344
33.17745590209961 395.2003173828125
33.18390655517578 395.2227783203125
33.18629455566406 395.23052978515625
33.148555755615234 395.10357666015625
33.15035629272461 395.10986328125
33.152278900146484 395.1162109375
33.11606216430664 394.9927978515625
33.122127532958984 395.01397705078125
33.12368392944336 395.0190734863281
33.086151123046875 394.8918151855469
33.093589782714844 394.91766357421875
33.05857849121094 394.79327392578125
33.06734085083008 394.8249816894531
33.068092346191406 394.8275146484375
33.03239440917969 394.70306396484375
33.040809631347656 394.73297119140625
33.04117202758789 394.7341613769531
33.004940032958984 394.609619140625
33.0134162902832 394.6393127441406
32.97842025756836 394.51416015625
32.987117767333984 394.5458679199219
32.99443054199219 394.57025146484375
32.957096099853516 394.4425354003906
32.96625518798828 394.47454833984375
32.93355178833008 394.3592529296875
32.942543029785156 394.3912353515625
32.95183181762695 394.42138671875
32.913394927978516 394.2939147949219
32.922271728515625 394.3240051269531
32.88836669921875 394.207763671875
32.89701843261719 394.2377624511719
32.87342071533203 394.15728759765625
32.88231658935547 394.1871337890625
32.845001220703125 394.05914306640625
32.85114669799805 394.0808410644531
32.86027145385742 394.1104431152344
32.821781158447266 393.9827575683594
32.830482482910156 394.0122985839844
32.79692077636719 393.897216796875
32.80540466308594 393.9266052246094
32.77994918823242 393.8393859863281
32.788578033447266 393.8686218261719
32.754703521728516 393.7525329589844
32.763092041015625 393.7816162109375
32.73686599731445 393.6914978027344
32.745357513427734 393.72039794921875
32.71139907836914 393.6033020019531
32.719627380371094 393.6320495605469
32.69282913208008 393.5390625
32.70111846923828 393.567626953125
32.673667907714844 393.47357177734375
32.6819953918457 393.501953125
32.64773178100586 393.383544921875
32.65576934814453 393.4117431640625
32.628047943115234 393.3148498535156
32.63608169555664 393.34283447265625
32.60788345336914 393.244873046875
32.61589431762695 393.27264404296875
32.58727264404297 393.173583984375
32.595245361328125 393.2011413574219
32.56625747680664 393.10101318359375
32.57416915893555 393.1283264160156
32.54487228393555 393.027099609375
32.552703857421875 393.0541687011719
32.52315902709961 392.95184326171875
32.53089141845703 392.9786682128906
32.501163482666016 392.875244140625
32.50878143310547 392.9018249511719
32.47893524169922 392.7973327636719
32.486419677734375 392.8236389160156
32.45652389526367 392.71807861328125
32.4638557434082 392.7441101074219
32.43397903442383 392.6374816894531
32.436214447021484 392.6455993652344
32.44381332397461 392.6712341308594
32.408573150634766 392.550048828125
32.415794372558594 392.57537841796875
32.38508224487305 392.46685791015625
32.39209747314453 392.4918518066406
32.36161422729492 392.38226318359375
32.36287307739258 392.38690185546875
32.37004470825195 392.4114685058594
32.335044860839844 392.2890930175781
32.34181594848633 392.3132629394531
32.31096649169922 392.2018127441406
32.317970275878906 392.2273864746094
32.32505798339844 392.25115966796875
32.28922653198242 392.12841796875
32.29589080810547 392.1517639160156
32.26038360595703 392.0239562988281
32.26708984375 392.0487365722656
32.27382278442383 392.07159423828125
32.238304138183594 391.9481201171875
32.246971130371094 391.9787902832031
32.21160125732422 391.85076904296875
32.218040466308594 391.8747253417969
32.22444152832031 391.8966369628906
32.189056396484375 391.7725830078125
32.19758224487305 391.80303955078125
32.16249084472656 391.6748046875
32.17026901245117 391.70391845703125
32.179134368896484 391.7341613769531
32.143341064453125 391.6097717285156
32.151859283447266 391.63995361328125
32.11647033691406 391.51165771484375
32.12238693237305 391.53375244140625
32.12466812133789 391.5416564941406
32.08908462524414 391.413330078125
32.097164154052734 391.44317626953125
32.10460662841797 391.4682922363281
32.06843566894531 391.34332275390625
32.07756805419922 391.3754577636719
32.0418586730957 391.2470397949219
32.04985809326172 391.2765197753906
32.05707550048828 391.3008728027344
32.02077865600586 391.1755676269531
32.02753829956055 391.1994934082031
31.996238708496094 391.0874328613281
32.005130767822266 391.1194763183594
31.974000930786133 391.00653076171875
31.98188591003418 391.035400390625
31.95110511779785 390.9215393066406
31.958782196044922 390.9502258300781
31.96539306640625 390.9728698730469
31.932449340820312 390.8583984375
31.938722610473633 390.8805236816406
31.906648635864258 390.76556396484375
31.912578582763672 390.78717041015625
31.881290435791016 390.6711730957031
31.88874053955078 390.69915771484375
31.894865036010742 390.7202453613281
31.86928367614746 390.63262939453125
31.875335693359375 390.65325927734375
31.841712951660156 390.53662109375
31.847368240356445 390.5566101074219
31.814773559570312 390.4391174316406
31.82002830505371 390.45843505859375
31.825719833374023 390.477783203125
31.79861068725586 390.3856506347656
31.804141998291016 390.4044494628906
31.776636123657227 390.31097412109375
31.781982421875 390.32916259765625
31.754154205322266 390.2343444824219
31.75929069519043 390.25189208984375
31.731220245361328 390.15570068359375
31.73612403869629 390.1725769042969
31.707895278930664 390.07501220703125
31.712543487548828 390.0911560058594
31.684246063232422 389.9922180175781
31.688617706298828 390.0075988769531
31.65517234802246 389.8867492675781
31.659059524536133 389.90118408203125
31.663257598876953 389.9156799316406
31.6341495513916 389.8141784667969
31.638019561767578 389.82781982421875
31.604419708251953 389.7060852050781
31.6077880859375 389.7186584472656
31.611419677734375 389.7312927246094
31.58188247680664 389.627197265625
31.58514404296875 389.63885498046875
31.551841735839844 389.51617431640625
31.55996322631836 389.546630859375
31.563066482543945 389.557373046875
31.532819747924805 389.4511413574219
31.535512924194336 389.46075439453125
31.50208282470703 389.3373718261719
31.51075553894043 389.36993408203125
31.513248443603516 389.3785705566406
31.477779388427734 389.2512512207031
31.479698181152344 389.2584228515625
31.48175811767578 389.2656555175781
31.446256637573242 389.13604736328125
31.454206466674805 389.16583251953125
31.420616149902344 389.036865234375
31.42901039123535 389.0698547363281
31.43032455444336 389.0746154785156
31.396183013916016 388.9457092285156
31.404714584350586 388.9786682128906
31.40569305419922 388.9821472167969
31.371095657348633 388.85345458984375
31.378759384155273 388.8826904296875
31.379352569580078 388.8847961425781
31.344507217407227 388.756103515625
31.352163314819336 388.78509521484375
31.35234260559082 388.7857360839844
31.317092895507812 388.6560363769531
31.3247013092041 388.6847839355469
31.32443618774414 388.683837890625
31.2891902923584 388.5541076660156
31.296728134155273 388.5826110839844
31.29599380493164 388.58001708984375
31.260892868041992 388.45050048828125
31.269615173339844 388.4834289550781
31.23900032043457 388.3666687011719
31.247556686401367 388.3996276855469
31.254215240478516 388.4230041503906
31.218400955200195 388.29364013671875
31.226594924926758 388.323974609375
31.195205688476562 388.2062683105469
31.203886032104492 388.2391662597656
31.173011779785156 388.12078857421875
31.181499481201172 388.1537170410156
31.190004348754883 388.1836242675781
31.154319763183594 388.05523681640625
31.162429809570312 388.0851135253906
31.13057518005371 387.9660339355469
31.139251708984375 387.9988708496094
31.108016967773438 387.8791198730469
31.116479873657227 387.9119873046875
31.124853134155273 387.94146728515625
31.089197158813477 387.8128967285156
31.097152709960938 387.84228515625
31.06508445739746 387.7218933105469
31.073699951171875 387.75469970703125
31.0423526763916 387.6336669921875
31.05083656311035 387.6669006347656
31.059019088745117 387.6959228515625
31.02359390258789 387.5671691894531
31.031328201293945 387.59600830078125
30.99927520751953 387.4743957519531
31.007776260375977 387.50714111328125
31.015972137451172 387.5357971191406
30.98004150390625 387.4071044921875
30.988727569580078 387.4389343261719
30.95429229736328 387.3097839355469
30.962804794311523 387.34246826171875
30.970911026000977 387.3707275390625
30.934877395629883 387.2419738769531
30.943546295166016 387.273681640625
30.909021377563477 387.14447021484375
30.91753578186035 387.1770935058594
30.885847091674805 387.0536193847656
30.894237518310547 387.08685302734375
30.903045654296875 387.1183776855469
30.867795944213867 386.98931884765625
30.876203536987305 387.0208435058594
30.843769073486328 386.89703369140625
30.850650787353516 386.92388916015625
30.85948944091797 386.9552307128906
30.823925018310547 386.8262023925781
30.832361221313477 386.8575439453125
30.799531936645508 386.7333068847656
30.80630111694336 386.759521484375
30.815147399902344 386.7906799316406
30.77935028076172 386.6616516113281
30.78778839111328 386.69281005859375
30.753549575805664 386.5633239746094
30.760099411010742 386.5888366699219
30.768842697143555 386.61981201171875
30.73323631286621 386.49066162109375
30.74156951904297 386.5216064453125
30.708538055419922 386.3964538574219
30.714902877807617 386.4211730957031
30.72359848022461 386.4519348144531
30.687938690185547 386.32275390625
30.69622039794922 386.3534851074219
30.663068771362305 386.2279357910156
30.671005249023438 386.2586364746094
30.641284942626953 386.1424255371094
30.647186279296875 386.1658935546875
30.655603408813477 386.19635009765625
30.620702743530273 386.06689453125
30.628700256347656 386.0973205566406
30.59823989868164 385.98004150390625
30.603984832763672 386.0025634765625
30.6124267578125 386.0327453613281
30.577035903930664 385.9029846191406
30.585046768188477 385.93310546875
30.55401039123535 385.8147888183594
30.56178092956543 385.8448181152344
30.539596557617188 385.7604064941406
30.54757308959961 385.790283203125
30.524465560913086 385.7049560546875
30.532629013061523 385.73468017578125
30.497859954833984 385.6048583984375
30.50558853149414 385.6344909667969
30.482213973999023 385.54595947265625
30.49008560180664 385.5754089355469
30.465909957885742 385.48590087890625
30.474754333496094 385.5182189941406
30.440134048461914 385.3887634277344
30.44876480102539 385.4217834472656
30.41651153564453 385.2959289550781
30.424654006958008 385.3283386230469
30.433612823486328 385.36053466796875
30.398439407348633 385.2311706542969
30.407201766967773 385.26416015625
30.37351417541504 385.1343688964844
30.381694793701172 385.1666564941406
30.39069175720215 385.1987609863281
30.355262756347656 385.0694274902344
30.36408042907715 385.10235595703125
30.33013916015625 384.97259521484375
30.338571548461914 385.005615234375
30.30681610107422 384.8786926269531
30.314939498901367 384.9118347167969
30.32388687133789 384.9447021484375
30.289400100708008 384.8150634765625
30.297962188720703 384.8480224609375
30.265621185302734 384.720947265625
30.273597717285156 384.75299072265625
30.281890869140625 384.7831115722656
30.247074127197266 384.6535339355469
30.255708694458008 384.6864318847656
30.22299575805664 384.5591735839844
30.23101234436035 384.591064453125
30.23929214477539 384.620849609375
30.204187393188477 384.4913024902344
