60.02106857299805 450.0191650390625
60.04242706298828 450.03515625
60.06521224975586 450.0490417480469
60.08921813964844 450.0606994628906
60.11422348022461 450.07000732421875
60.1400032043457 450.0768737792969
60.16632080078125 450.0812683105469
60.192935943603516 450.0831298828125
60.219608306884766 450.08245849609375
60.24609375 450.0792541503906
60.272151947021484 450.0735168457031
60.29754638671875 450.0653381347656
60.322044372558594 450.0547790527344
60.34542465209961 450.04193115234375
60.36747360229492 450.02691650390625
60.38799285888672 450.0098571777344
60.406795501708984 449.9909362792969
60.4237060546875 449.9703063964844
60.438575744628906 449.9481506347656
60.45126724243164 449.9246826171875
60.46166229248047 449.9001159667969
60.469669342041016 449.8746643066406
60.475215911865234 449.84857177734375
60.477569580078125 449.8280029296875
60.476112365722656 449.8961181640625
60.4960823059082 450.321533203125
60.537078857421875 450.761962890625
60.59922790527344 451.2121887207031
60.68130874633789 451.6611633300781
60.783241271972656 452.10791015625
60.9045524597168 452.5501708984375
61.04499053955078 452.9869384765625
61.204280853271484 453.4173583984375
61.38210678100586 453.8405456542969
61.578125 454.2556457519531
61.79195785522461 454.6618957519531
62.023189544677734 455.0584716796875
62.27137756347656 455.44464111328125
62.53605270385742 455.8196716308594
62.816898345947266 456.1830749511719
63.11322784423828 456.53399658203125
63.424476623535156 456.8717346191406
63.750022888183594 457.1956481933594
64.08781433105469 457.5036926269531
64.39622497558594 457.7593688964844
64.48643493652344 457.8243103027344
64.54212188720703 457.8573303222656
64.59967041015625 457.8846740722656
64.65946197509766 457.9066467285156
64.72100830078125 457.9230651855469
64.78379821777344 457.93377685546875
64.84730529785156 457.938720703125
64.9106216430664 457.9378356933594
64.93209075927734 457.93548583984375
64.9203872680664 457.93792724609375
64.91423034667969 457.9398498535156
64.9097900390625 457.9417419433594
64.90571594238281 457.9439697265625
64.90169525146484 457.94671630859375
64.89724731445312 457.9504699707031
64.88948059082031 457.95843505859375
64.87215423583984 457.9800720214844
64.85626983642578 458.0043029785156
64.84273529052734 458.02996826171875
64.8316879272461 458.0568542480469
64.8232421875 458.0846862792969
64.81747436523438 458.1131896972656
64.81443786621094 458.1421203613281
64.81415557861328 458.17120361328125
64.81663513183594 458.2001647949219
64.82179260253906 458.2284240722656
64.82905578613281 458.25408935546875
64.83873748779297 458.2789611816406
64.85073852539062 458.30279541015625
64.86495971679688 458.32537841796875
64.88126373291016 458.34649658203125
64.89950561523438 458.365966796875
64.91952514648438 458.38360595703125
64.94113159179688 458.3992614746094
64.9641342163086 458.41278076171875
64.98831939697266 458.4240417480469
65.01346588134766 458.4329528808594
65.03934478759766 458.4394226074219
65.06572723388672 458.44342041015625
65.09236907958984 458.44488525390625
65.11902618408203 458.44378662109375
65.14546203613281 458.4401550292969
65.17143249511719 458.43402099609375
65.19669342041016 458.4254455566406
65.22102355957031 458.41448974609375
65.24420166015625 458.4012756347656
65.2660140991211 458.38592529296875
65.28626251220703 458.3685607910156
65.30476379394531 458.3493347167969
65.32135009765625 458.32843017578125
65.33587646484375 458.3060607910156
65.34819793701172 458.28240966796875
65.35821533203125 458.2576904296875
65.36582946777344 458.23211669921875
65.3709716796875 458.2059326171875
65.37360382080078 458.1792907714844
65.37361907958984 458.173828125
65.3851547241211 458.3077392578125
65.44540405273438 458.701416015625
65.53325653076172 459.1363220214844
65.64186096191406 459.5728454589844
65.77119445800781 460.00982666015625
65.9197998046875 460.4418029785156
66.08731079101562 460.8675537109375
66.27349853515625 461.2864074707031
66.4776382446289 461.69671630859375
66.6995849609375 462.09814453125
66.93876647949219 462.4896240234375
67.19473266601562 462.87042236328125
67.46697998046875 463.2397766113281
67.75499725341797 463.59698486328125
68.05845642089844 463.941650390625
68.37660217285156 464.27288818359375
68.7086410522461 464.5898742675781
69.04930877685547 464.8877258300781
69.30846405029297 465.0916442871094
69.4571533203125 465.1930236816406
69.51445007324219 465.2253723144531
69.57255554199219 465.2514953613281
69.63279724121094 465.272216796875
69.6946792602539 465.2873229980469
69.75768280029297 465.2967224121094
69.82128143310547 465.3003234863281
69.88269805908203 465.29815673828125
69.8926010131836 465.296875
69.87715911865234 465.3004455566406
69.86211395263672 465.3055114746094
69.84981536865234 465.31103515625
69.83808135986328 465.3177490234375
69.82697296142578 465.3256530761719
69.81402587890625 465.3369140625
69.79449462890625 465.3575134277344
69.77659606933594 465.3804016113281
69.76094818115234 465.4049072265625
69.74768829345703 465.4307861328125
69.73694610595703 465.4577941894531
69.72882080078125 465.4857177734375
69.72338104248047 465.5142822265625
69.7206802368164 465.5432434082031
69.72074127197266 465.57232666015625
69.72352600097656 465.6009521484375
69.72863006591797 465.62713623046875
69.7362060546875 465.6527099609375
69.74618530273438 465.6774597167969
69.75847625732422 465.7011413574219
69.77296447753906 465.7235412597656
69.78952026367188 465.7444763183594
69.80799865722656 465.76373291015625
69.8282241821289 465.7811279296875
69.85021209716797 465.7966613769531
69.87336730957031 465.8099060058594
69.8976821899414 465.8208923339844
69.92293548583984 465.8294982910156
69.94889068603516 465.8356628417969
69.9753189086914 465.8393249511719
70.0019760131836 465.8404541015625
70.02861785888672 465.83905029296875
70.0510482788086 465.835693359375
70.07647705078125 465.829345703125
70.10163116455078 465.8204650878906
70.12582397460938 465.8092041015625
70.14883422851562 465.79571533203125
70.17045593261719 465.78009033203125
70.19049072265625 465.7624816894531
70.20875549316406 465.7430419921875
70.22508239746094 465.7219543457031
70.23957824707031 465.6990051269531
70.25160217285156 465.6752014160156
70.26130676269531 465.6503601074219
70.26860046386719 465.62469482421875
70.2734146118164 465.59844970703125
70.27570343017578 465.5718688964844
70.27547454833984 465.5474853515625
70.27595520019531 465.55206298828125
70.29210662841797 465.633056640625
70.3991928100586 466.0272216796875
70.5313720703125 466.43572998046875
70.68843078613281 466.8551025390625
70.86517333984375 467.2701721191406
71.0616683959961 467.6806640625
71.27568054199219 468.0817565917969
71.50794219970703 468.4747314453125
71.75729370117188 468.8575439453125
72.02320098876953 469.2293395996094
72.30510711669922 469.5893249511719
72.60243225097656 469.9367370605469
72.9148941040039 470.271240234375
73.24244689941406 470.59271240234375
73.58268737792969 470.8988037109375
73.9112548828125 471.1683349609375
74.0606918334961 471.2760925292969
74.15603637695312 471.333740234375
74.21443176269531 471.3623352050781
74.27397918701172 471.385009765625
74.33533477783203 471.4021301269531
74.39799499511719 471.41357421875
74.46143341064453 471.41925048828125
74.52456665039062 471.4190979003906
74.55079650878906 471.41656494140625
74.55113983154297 471.41650390625
74.53498840332031 471.4213562011719
74.51931762695312 471.4277648925781
74.50438690185547 471.4356689453125
74.49029541015625 471.4449768066406
74.47335815429688 471.45867919921875
74.4526596069336 471.47900390625
74.4339370727539 471.5012512207031
74.41741180419922 471.5251770019531
74.40322875976562 471.5505676269531
74.39152526855469 471.5771789550781
74.38240051269531 471.60479736328125
74.37593841552734 471.6331481933594
74.37220001220703 471.6619873046875
74.3712158203125 471.6910400390625
74.37290954589844 471.7187194824219
74.37706756591797 471.7450866699219
74.38372039794922 471.77093505859375
74.39280700683594 471.7960205078125
74.40424346923828 471.82012939453125
74.41792297363281 471.8430480957031
74.43372344970703 471.86456298828125
74.45149993896484 471.88446044921875
74.4710922241211 471.902587890625
74.49231719970703 471.91876220703125
74.51370239257812 471.9320373535156
74.53761291503906 471.9438781738281
74.56253814697266 471.9533996582031
74.5882568359375 471.96051025390625
74.61453247070312 471.9651184082031
74.64112854003906 471.96722412109375
74.66780853271484 471.9667663574219
74.69432067871094 471.9637756347656
74.70547485351562 471.96142578125
74.72100067138672 471.9565124511719
74.7441177368164 471.9466552734375
74.7675552368164 471.93389892578125
74.7896728515625 471.9189758300781
74.81027221679688 471.9020080566406
74.82915496826172 471.8831481933594
74.84616088867188 471.8625793457031
74.86112976074219 471.8404846191406
74.87486267089844 471.81536865234375
74.8857192993164 471.7900390625
74.89385223388672 471.7646179199219
74.89952850341797 471.7385559082031
74.90269470214844 471.7120666503906
74.9033203125 471.6853942871094
74.90148162841797 471.6598205566406
74.90074157714844 471.65545654296875
74.90922546386719 471.6870422363281
75.03141021728516 472.0369567871094
75.1842269897461 472.4115905761719
75.36245727539062 472.7945251464844
75.5668716430664 473.1854553222656
75.7904052734375 473.56988525390625
76.03211212158203 473.9458923339844
76.29225158691406 474.3136901855469
76.56861114501953 474.66998291015625
76.86044311523438 475.0137939453125
77.16696166992188 475.3442077636719
77.48729705810547 475.66033935546875
77.82372283935547 475.96429443359375
78.16657257080078 476.24737548828125
78.36463165283203 476.3926696777344
78.47542572021484 476.46160888671875
78.5521240234375 476.5006408691406
78.61144256591797 476.5243835449219
78.6724853515625 476.54254150390625
78.73482513427734 476.5550231933594
78.7971420288086 476.5616455078125
78.85077667236328 476.5623779296875
78.88908386230469 476.5592956542969
78.91138458251953 476.5553283691406
78.89691925048828 476.55938720703125
78.881103515625 476.5655517578125
78.8659439086914 476.5732116699219
78.85154724121094 476.58233642578125
78.83000183105469 476.59912109375
78.80886840820312 476.6191101074219
78.78972625732422 476.6409912109375
78.77275085449219 476.66461181640625
78.75809478759766 476.6897277832031
78.74588775634766 476.71612548828125
78.73624420166016 476.7435607910156
78.729248046875 476.77178955078125
78.72496032714844 476.800537109375
78.72342681884766 476.8294982910156
78.72455596923828 476.85614013671875
78.72821807861328 476.882568359375
78.73438262939453 476.9085388183594
78.74299621582031 476.93377685546875
78.75397491455078 476.9580993652344
78.76721954345703 476.98126220703125
78.78260803222656 477.0030517578125
78.80000305175781 477.0232849121094
78.81925201416016 477.041748046875
78.84017181396484 477.0583190917969
78.8625717163086 477.07281494140625
78.88046264648438 477.08209228515625
78.90345764160156 477.09136962890625
78.92926788330078 477.0990295410156
78.95545196533203 477.1041259765625
78.98200988769531 477.1067199707031
79.0086898803711 477.1067810058594
79.0352554321289 477.1042785644531
79.06146240234375 477.0992736816406
79.06127166748047 477.0993347167969
79.0698471069336 477.09588623046875
79.08973693847656 477.08551025390625
79.11210632324219 477.07098388671875
79.13298797607422 477.05438232421875
79.1521987915039 477.0358581542969
79.1695556640625 477.0155944824219
79.18490600585938 476.9937744140625
79.19921112060547 476.9686584472656
79.21109771728516 476.9422302246094
79.22026062011719 476.91522216796875
79.22639465332031 476.8892517089844
79.23002624511719 476.8628234863281
79.23112487792969 476.8361511230469
79.22967529296875 476.80950927734375
79.22607421875 476.7856140136719
79.22371673583984 476.77618408203125
79.23385620117188 476.8048400878906
79.31219482421875 476.9780578613281
79.44469451904297 477.22381591796875
79.65682983398438 477.56878662109375
79.89041900634766 477.91015625
80.14320373535156 478.2440185546875
80.41651153564453 478.5716552734375
80.70428466796875 478.8855285644531
81.00471496582031 479.1838073730469
81.31434631347656 479.46331787109375
81.6307601928711 479.7222900390625
81.86063385009766 479.88958740234375
81.96954345703125 479.9571228027344
82.0645523071289 480.00543212890625
82.12496948242188 480.0296630859375
82.18556213378906 480.0477600097656
82.2464370727539 480.05999755859375
82.29256439208984 480.06488037109375
82.3236312866211 480.0652160644531
82.35478973388672 480.0625305175781
82.37918090820312 480.05804443359375
82.37104797363281 480.06036376953125
82.35535430908203 480.0665588378906
82.3402099609375 480.0743408203125
82.32322692871094 480.08526611328125
82.30047607421875 480.1031799316406
82.2794418334961 480.1232604980469
82.26040649414062 480.1452331542969
82.24354553222656 480.1689147949219
82.22901153564453 480.194091796875
82.21693420410156 480.2205505371094
82.2074203491211 480.2480163574219
82.2005615234375 480.2762756347656
82.1964340209961 480.304931640625
82.19509887695312 480.33270263671875
82.19636535644531 480.3593444824219
82.20016479492188 480.3857421875
82.20645904541016 480.41168212890625
82.21519470214844 480.4368896484375
82.2262954711914 480.4611511230469
82.23965454101562 480.4842529296875
82.25515747070312 480.5059814453125
82.27265930175781 480.526123046875
82.29199981689453 480.54449462890625
82.31300354003906 480.5609436035156
82.33547973632812 480.5753173828125
82.34415435791016 480.57977294921875
82.3621597290039 480.5869140625
82.38655853271484 480.593994140625
82.41278839111328 480.5989685058594
82.4393539428711 480.6014099121094
82.46603393554688 480.601318359375
82.49258422851562 480.5986633300781
82.51876068115234 480.593505859375
82.53762817382812 480.5878601074219
82.53474426269531 480.58905029296875
82.54369354248047 480.5843200683594
82.56570434570312 480.56982421875
82.58648681640625 480.5531005859375
82.60558319091797 480.5344543457031
82.62281799316406 480.51409912109375
82.63803100585938 480.4921875
82.65109252929688 480.46893310546875
82.662841796875 480.4423522949219
82.67198944091797 480.41485595703125
82.67839050292969 480.3869934082031
82.68186950683594 480.36053466796875
82.68280792236328 480.3338623046875
82.68120574951172 480.3072204589844
82.67704010009766 480.2806701660156
82.67208099365234 480.2613525390625
82.6712646484375 480.25909423828125
82.6812744140625 480.2802429199219
82.72610473632812 480.3562316894531
82.84517669677734 480.5254211425781
83.05313873291016 480.783203125
83.2791748046875 481.03240966796875
83.5219497680664 481.27105712890625
83.7593002319336 481.4784851074219
83.98030090332031 481.6485595703125
84.0785140991211 481.7131042480469
84.18276977539062 481.7696228027344
84.25469970703125 481.80084228515625
84.3132553100586 481.8201599121094
84.36983489990234 481.8332214355469
84.40571594238281 481.8380126953125
84.43472290039062 481.8390808105469
84.46378326416016 481.8373718261719
84.49214172363281 481.8329162597656
84.50517272949219 481.8295593261719
84.48983764648438 481.83514404296875
84.47449493408203 481.8424987792969
84.45915222167969 481.8517761230469
84.43598175048828 481.8690490722656
84.41442108154297 481.8885803222656
84.39481353759766 481.9100646972656
84.37733459472656 481.9333190917969
84.36213684082031 481.9580993652344
84.349365234375 481.9842224121094
84.3391342163086 482.0114440917969
84.33153533935547 482.03948974609375
84.32666015625 482.0679931640625
84.32462310791016 482.0953369140625
84.32518768310547 482.12200927734375
84.32829284667969 482.14849853515625
84.33390808105469 482.1745910644531
84.34197998046875 482.20001220703125
84.3524398803711 482.22454833984375
84.36518859863281 482.24798583984375
84.38011169433594 482.2701110839844
84.39707946777344 482.29071044921875
84.41593170166016 482.3096008300781
84.43649291992188 482.32659912109375
84.45858001708984 482.341552734375
84.48199462890625 482.3543395996094
84.48856353759766 482.3571472167969
84.50676727294922 482.3629455566406
84.53190612792969 482.3683776855469
84.55840301513672 482.37152099609375
84.58507537841797 482.37213134765625
84.61168670654297 482.37017822265625
84.63799285888672 482.3656921386719
84.66374969482422 482.3587341308594
84.6470947265625 482.364990234375
84.64334869384766 482.3668518066406
84.65251159667969 482.3611755371094
84.67372131347656 482.3450012207031
84.69329071044922 482.3268737792969
84.71104431152344 482.30694580078125
84.72682189941406 482.2854309082031
84.74047088623047 482.26251220703125
84.75289916992188 482.2362365722656
84.76277160644531 482.20892333984375
84.76997375488281 482.1809387207031
84.77413177490234 482.1545715332031
84.7757568359375 482.1279296875
84.77484130859375 482.10125732421875
84.7713851928711 482.0747985839844
84.765869140625 482.05072021484375
84.76142120361328 482.037353515625
84.76344299316406 482.04193115234375
84.77778625488281 482.0675048828125
84.82325744628906 482.13360595703125
84.9134521484375 482.2434997558594
85.04377746582031 482.3791809082031
85.18682861328125 482.5072937011719
85.30988311767578 482.60150146484375
85.39216613769531 482.6542663574219
85.48973846435547 482.7055358886719
85.55257415771484 482.73175048828125
85.60546875 482.7483215332031
85.6439437866211 482.7565002441406
85.6763916015625 482.7602233886719
85.70450592041016 482.7607421875
85.73261260986328 482.758544921875
85.75969696044922 482.7537536621094
85.76470947265625 482.7523498535156
85.7491683959961 482.75836181640625
85.73395538330078 482.7660217285156
85.71259307861328 482.7795104980469
85.68962097167969 482.79730224609375
85.66841888427734 482.81719970703125
85.64920043945312 482.8390197753906
85.63214111328125 482.8625793457031
85.61740112304688 482.88763427734375
85.6051025390625 482.9139709472656
85.59536743164062 482.9413757324219
85.5882797241211 482.96954345703125
85.58392333984375 482.99810791015625
85.58242797851562 483.0247497558594
85.58348083496094 483.0514221191406
85.58706665039062 483.0778503417969
85.59315490722656 483.10382080078125
85.60169219970703 483.12908935546875
85.61259460449219 483.1534423828125
85.62577056884766 483.1766357421875
85.64109802246094 483.198486328125
85.65843200683594 483.2187805175781
85.67761993408203 483.2373046875
85.698486328125 483.2539367675781
85.72084045410156 483.26849365234375
85.7444839477539 483.2808532714844
85.74720001220703 483.2819519042969
85.7635269165039 483.2868347167969
85.78817749023438 483.29168701171875
85.81472778320312 483.2943420410156
85.8414077758789 483.2944641113281
85.86797332763672 483.2920227050781
85.8941879272461 483.2870788574219
85.91981506347656 483.2796630859375
85.9035415649414 483.2861328125
85.90176391601562 483.28704833984375
85.9125747680664 483.2800598144531
85.93348693847656 483.26348876953125
85.95272064208984 483.2449951171875
85.97010803222656 483.2247619628906
85.98548889160156 483.2029724121094
85.99871826171875 483.1798095703125
86.01067352294922 483.1533203125
86.02005004882812 483.1258239746094
86.02674865722656 483.09765625
86.03044128417969 483.07110595703125
86.03158569335938 483.0444641113281
86.03018188476562 483.017822265625
86.0262451171875 482.9914245605469
86.01994323730469 482.966064453125
86.01512908935547 482.952392578125
86.01642608642578 482.9552001953125
86.02847290039062 482.97576904296875
86.0527114868164 483.00946044921875
86.10662841796875 483.0716857910156
86.18043518066406 483.14324951171875
86.2503662109375 483.2002258300781
86.3014907836914 483.23480224609375
86.38243103027344 483.27960205078125
86.45701599121094 483.3126220703125
86.50936126708984 483.3302917480469
86.54635620117188 483.3390197753906
86.57579803466797 483.3430480957031
86.60334777832031 483.3441467285156
86.63099670410156 483.34259033203125
86.65808868408203 483.3384094238281
86.66732788085938 483.3360595703125
86.65184020996094 483.3416748046875
86.63648223876953 483.3489990234375
86.61539459228516 483.3616943359375
86.592041015625 483.37896728515625
86.5704116821289 483.3984069824219
86.55072784423828 483.4197998046875
86.53316497802734 483.4429626464844
86.51788330078125 483.46771240234375
86.50502014160156 483.4938049316406
86.49468994140625 483.52099609375
86.48699188232422 483.54901123046875
86.48202514648438 483.5774230957031
86.4799575805664 483.6040344238281
86.48043060302734 483.6307067871094
86.48344421386719 483.6572265625
86.48896789550781 483.6833190917969
86.49695587158203 483.7087707519531
86.50733184814453 483.73333740234375
86.52000427246094 483.7568054199219
86.53485107421875 483.7789611816406
86.55174255371094 483.79962158203125
86.57052612304688 483.8185729980469
86.59103393554688 483.83563232421875
86.61307525634766 483.8506774902344
86.63644409179688 483.8635559082031
86.63610076904297 483.8634033203125
86.64618682861328 483.8666687011719
86.66801452636719 483.8714599609375
86.69457244873047 483.87469482421875
86.72124481201172 483.8753662109375
86.74785614013672 483.8735046386719
86.774169921875 483.8691101074219
86.7999496459961 483.86224365234375
86.7879867553711 483.86669921875
86.77392578125 483.8735656738281
86.78013610839844 483.8697509765625
86.80099487304688 483.85394287109375
86.82061767578125 483.83587646484375
86.83843231201172 483.8160095214844
86.8542709350586 483.7945251464844
86.86798858642578 483.7716369628906
86.8802261352539 483.7459716796875
86.89019012451172 483.7186584472656
86.89749908447266 483.6905822753906
86.90205383300781 483.6622619628906
86.90376281738281 483.6356506347656
86.9029312133789 483.6089782714844
86.8995590209961 483.58251953125
86.89363861083984 483.5562744140625
86.88699340820312 483.53607177734375
86.88371276855469 483.5285949707031
86.89147186279297 483.5425109863281
86.90791320800781 483.5663757324219
86.94142150878906 483.6064758300781
86.9871597290039 483.65203857421875
87.03350067138672 483.6905212402344
87.07063293457031 483.71600341796875
87.13941955566406 483.7545166015625
87.21243286132812 483.7872009277344
87.25528717041016 483.80181884765625
87.28858947753906 483.80975341796875
87.31537628173828 483.8134765625
87.34246826171875 483.8146057128906
87.36968994140625 483.8131103515625
87.3963851928711 483.8090515136719
87.40885162353516 483.8058776855469
87.39476013183594 483.8109436035156
87.37936401367188 483.8182678222656
87.3580551147461 483.8310241699219
87.33467102050781 483.8482666015625
87.3130111694336 483.86767578125
87.29328918457031 483.8890380859375
87.27568817138672 483.9122009277344
87.26036834716797 483.9369201660156
87.2474594116211 483.9629821777344
87.2370834350586 483.9901428222656
87.22933959960938 484.0181579589844
87.22433471679688 484.0465087890625
87.22222137451172 484.0731201171875
87.22264862060547 484.09979248046875
87.22561645507812 484.1263122558594
87.23109436035156 484.1524353027344
87.2390365600586 484.17791748046875
87.24937438964844 484.2025146484375
87.26200866699219 484.22601318359375
87.27682495117188 484.2481994628906
87.29368591308594 484.2688903808594
87.31243896484375 484.2878723144531
87.33291625976562 484.3049621582031
87.35492706298828 484.3200378417969
87.3782730102539 484.33294677734375
87.38382720947266 484.3353576660156
87.38648223876953 484.3362121582031
87.40753936767578 484.34088134765625
87.43418884277344 484.3441467285156
87.46086120605469 484.3448791503906
87.48748016357422 484.3430480957031
87.51380157470703 484.33868408203125
87.53958892822266 484.33184814453125
87.52545928955078 484.33709716796875
87.50973510742188 484.3447570800781
87.51472473144531 484.3417053222656
87.5264892578125 484.3327941894531
87.54611206054688 484.3147277832031
87.56392669677734 484.29486083984375
87.57976531982422 484.27337646484375
87.5934829711914 484.25048828125
87.60578155517578 484.22467041015625
87.6157455444336 484.1973571777344
87.62306213378906 484.16925048828125
87.62762451171875 484.140869140625
87.62933349609375 484.1142578125
87.62850189208984 484.08758544921875
87.62512969970703 484.0611267089844
87.61925506591797 484.03509521484375
87.61210632324219 484.0133361816406
87.60739135742188 484.0025939941406
87.60961151123047 484.006591796875
87.62184143066406 484.0243225097656
87.64640808105469 484.0535888671875
87.67940521240234 484.0862121582031
87.71410369873047 484.11468505859375
87.74346160888672 484.134521484375
87.80157470703125 484.1664123535156
87.8597640991211 484.1917419433594
87.89354705810547 484.20281982421875
87.9228286743164 484.20941162109375
87.94877624511719 484.2126770019531
87.97544860839844 484.21343994140625
88.00225067138672 484.21160888671875
88.02850341796875 484.2072448730469
88.04341888427734 484.2032470703125
88.02862548828125 484.20880126953125
88.01272583007812 484.21661376953125
87.98905944824219 484.231201171875
87.96588134765625 484.2487487792969
87.94446563720703 484.2684326171875
87.92501831054688 484.2900390625
87.90770721435547 484.31341552734375
87.89269256591797 484.33831787109375
87.88011169433594 484.3645324707031
87.87007904052734 484.3918151855469
87.86270141601562 484.41986083984375
87.85811614990234 484.4479064941406
87.85633850097656 484.4745178222656
87.85710144042969 484.5011901855469
87.86040496826172 484.5276794433594
87.8662109375 484.5537109375
87.87447357177734 484.5790710449219
87.88511657714844 484.6035461425781
87.89804077148438 484.62689208984375
87.91313171386719 484.6488952636719
87.93025207519531 484.66937255859375
87.9492416381836 484.6881103515625
87.96993255615234 484.7049560546875
87.99213409423828 484.7197570800781
88.01564025878906 484.73236083984375
88.00395965576172 484.72747802734375
88.01042938232422 484.7294921875
88.03084564208984 484.7337646484375
88.05758666992188 484.7367248535156
88.08426666259766 484.73712158203125
88.1108627319336 484.7349853515625
88.13713073730469 484.7303161621094
88.16283416748047 484.7231750488281
88.1471176147461 484.7292175292969
88.1302490234375 484.7376708984375
88.13411712646484 484.7352294921875
88.14901733398438 484.7236633300781
88.1684341430664 484.7053527832031
88.18601989746094 484.6852722167969
88.20161437988281 484.66363525390625
88.21507263183594 484.6405944824219
88.22711944580078 484.61456298828125
88.23677062988281 484.5871276855469
88.24376678466797 484.5589294433594
88.24801635742188 484.53045654296875
88.24942779541016 484.5038146972656
88.248291015625 484.4771728515625
88.24462127685547 484.45074462890625
88.23839569091797 484.424560546875
88.23064422607422 484.4018249511719
88.2247085571289 484.3887023925781
88.22498321533203 484.3891906738281
88.2343521118164 484.4024353027344
88.2539291381836 484.4252014160156
88.2811279296875 484.451416015625
88.30912780761719 484.4737548828125
88.32991027832031 484.48736572265625
88.38508605957031 484.51654052734375
88.42642211914062 484.53369140625
88.45628356933594 484.5428771972656
88.48258972167969 484.54827880859375
88.50804901123047 484.55096435546875
88.53446960449219 484.55120849609375
88.56077575683594 484.54888916015625
88.5862808227539 484.54412841796875
88.59004974365234 484.54302978515625
88.57479858398438 484.5491027832031
88.55867004394531 484.55743408203125
88.53497314453125 484.5727233886719
88.51214599609375 484.5907287597656
88.49112701416016 484.6108093261719
88.47211456298828 484.6328125
88.45527648925781 484.6565246582031
88.44076538085938 484.6817321777344
88.4287109375 484.70819091796875
88.41923522949219 484.73565673828125
88.41244506835938 484.76373291015625
88.40856170654297 484.7908935546875
88.40731811523438 484.8175354003906
88.40861511230469 484.84417724609375
88.41244506835938 484.8705749511719
88.41877746582031 484.896484375
88.42755126953125 484.92169189453125
88.43868255615234 484.9459533691406
88.45207214355469 484.9690246582031
88.46759796142578 484.99072265625
88.48512268066406 485.0108337402344
88.50448608398438 485.0291748046875
88.5255126953125 485.04559326171875
88.54800415039062 485.0599365234375
88.57176208496094 485.07208251953125
88.55735778808594 485.0663757324219
88.56226348876953 485.06781005859375
88.58507537841797 485.0721130371094
88.61189270019531 485.0745544433594
88.6385726928711 485.0744323730469
88.66511535644531 485.0717468261719
88.6912841796875 485.0665588378906
88.71684265136719 485.05889892578125
88.69992065429688 485.0657958984375
88.6822280883789 485.0751037597656
88.68502807617188 485.0732727050781
88.70377349853516 485.0581359863281
88.72283935546875 485.03948974609375
88.74004364013672 485.01910400390625
88.7552261352539 484.9971618652344
88.76824951171875 484.973876953125
88.77996063232422 484.947265625
88.78909301757812 484.919677734375
88.79556274414062 484.891357421875
88.79927825927734 484.86279296875
88.80018615722656 484.83612060546875
88.79855346679688 484.8094787597656
88.79438781738281 484.7831115722656
88.78771209716797 484.7572021484375
88.77995300292969 484.73577880859375
88.77465057373047 484.724609375
88.77581024169922 484.7265625
88.78556060791016 484.73980712890625
88.80379486083984 484.7602233886719
88.82636260986328 484.7811279296875
88.84814453125 484.79779052734375
88.86329650878906 484.8072509765625
88.90626525878906 484.8287658691406
88.93909454345703 484.84149169921875
88.96514129638672 484.84881591796875
88.99148559570312 484.8535461425781
89.01689147949219 484.8556213378906
89.0429916381836 484.855224609375
89.06865692138672 484.8523254394531
89.09314727783203 484.8471374511719
89.08657836914062 484.8492126464844
89.07107543945312 484.8558349609375
89.05307006835938 484.8656921386719
89.02913665771484 484.8819580078125
89.00674438476562 484.9005126953125
88.98621368408203 484.9211120605469
88.96772766113281 484.9435729980469
88.95146179199219 484.9676818847656
88.93756103515625 484.99322509765625
88.9261474609375 485.01995849609375
88.91734313964844 485.047607421875
88.9112319946289 485.0758056640625
88.90808868408203 485.102294921875
88.90748596191406 485.12896728515625
88.909423828125 485.15557861328125
88.91388702392578 485.181884765625
88.92083740234375 485.2076416015625
88.93021392822266 485.2326354980469
88.94192504882812 485.2566223144531
88.95587158203125 485.27935791015625
88.97191619873047 485.3006591796875
88.98992156982422 485.3203430175781
89.00971984863281 485.3382263183594
89.03113555908203 485.3541564941406
89.05397033691406 485.3679504394531
89.07821655273438 485.3796081542969
89.06830596923828 485.3759460449219
89.07772827148438 485.37841796875
89.10020446777344 485.382080078125
89.12682342529297 485.38385009765625
89.15349578857422 485.3830871582031
89.17996978759766 485.3797607421875
89.20600891113281 485.3739318847656
89.23137664794922 485.36566162109375
89.20838928222656 485.3757019042969
89.19356536865234 485.38397216796875
89.20024871826172 485.37933349609375
89.22061157226562 485.3620910644531
89.2392349243164 485.3429870605469
89.2559585571289 485.32220458984375
89.27062225341797 485.2999267578125
89.28309631347656 485.2763366699219
89.294189453125 485.24945068359375
89.30267333984375 485.2216491699219
89.3084716796875 485.1932067871094
89.31149291992188 485.164794921875
89.31177520751953 485.13812255859375
89.30951690673828 485.1115417480469
89.30473327636719 485.0852966308594
89.29751586914062 485.0597839355469
89.28977966308594 485.0398864746094
89.28517150878906 485.0307312011719
89.28719329833984 485.033935546875
89.29719543457031 485.046875
89.31254577636719 485.0632629394531
89.33182525634766 485.0802917480469
89.3484115600586 485.09234619140625
89.36011505126953 485.0992431640625
89.40159606933594 485.11871337890625
89.43201446533203 485.1296081542969
89.45836639404297 485.13629150390625
89.48167419433594 485.1398620605469
89.50692749023438 485.1412353515625
89.53255462646484 485.1401672363281
89.55734252929688 485.13671875
89.58038330078125 485.1311950683594
89.56785583496094 485.1355285644531
89.5522689819336 485.1426696777344
89.53010559082031 485.1555480957031
89.5064697265625 485.1724853515625
89.48455047607422 485.19158935546875
89.46454620361328 485.2126770019531
89.4466323852539 485.235595703125
89.43097686767578 485.2601013183594
89.41771697998047 485.2859802246094
89.406982421875 485.31298828125
89.39887237548828 485.3408203125
89.39352416992188 485.3689270019531
89.39105224609375 485.3954772949219
89.39112091064453 485.4221496582031
89.39373016357422 485.4486999511719
89.39885711669922 485.4748840332031
89.40645599365234 485.5004577636719
89.41645812988281 485.52520751953125
89.42877197265625 485.54888916015625
89.44328308105469 485.5712890625
89.4598617553711 485.5921936035156
89.47835540771484 485.6114196777344
89.49859619140625 485.6288146972656
89.52040100097656 485.6441955566406
89.54357147216797 485.65740966796875
89.56803894042969 485.6684265136719
89.55589294433594 485.664306640625
89.56413269042969 485.666259765625
89.58866882324219 485.6696472167969
89.61532592773438 485.6707458496094
89.6419677734375 485.6693115234375
89.66835021972656 485.66534423828125
89.6942367553711 485.65887451171875
89.71373748779297 485.6519470214844
89.69194793701172 485.6621398925781
89.68099975585938 485.6686096191406
89.68687438964844 485.664306640625
89.70677185058594 485.64654541015625
89.72489166259766 485.626953125
89.74105834960938 485.6057434082031
89.75513458251953 485.58306884765625
89.76698303222656 485.5591735839844
89.77735900878906 485.5320129394531
89.78511047363281 485.5039978027344
89.79014587402344 485.4754638671875
89.79226684570312 485.4488830566406
89.79183959960938 485.4222106933594
89.78887939453125 485.39569091796875
89.78340148925781 485.36956787109375
89.77568817138672 485.3448181152344
89.76806640625 485.32666015625
89.76419830322266 485.3194580078125
89.76701354980469 485.32366943359375
89.77704620361328 485.3359680175781
89.79130554199219 485.35040283203125
89.80734252929688 485.3638000488281
89.82144927978516 485.37347412109375
89.8329086303711 485.37982177734375
89.87059783935547 485.396240234375
89.8967056274414 485.4047546386719
89.92160034179688 485.4103088378906
89.9449462890625 485.4131774902344
89.96964263916016 485.413818359375
89.99468231201172 485.41204833984375
90.01881408691406 485.407958984375
90.03800964355469 485.40277099609375
90.02322387695312 485.4083557128906
90.00706481933594 485.4163513183594
89.98298645019531 485.4313049316406
89.95984649658203 485.44891357421875
89.93848419189453 485.4686279296875
89.9190902709961 485.49029541015625
89.90184020996094 485.5137023925781
89.88689422607422 485.53863525390625
89.87438201904297 485.56488037109375
89.86442565917969 485.5921630859375
89.85713958740234 485.6201477050781
89.85289764404297 485.64654541015625
89.85118865966797 485.67315673828125
89.8520278930664 485.6998291015625
89.85540008544922 485.7262878417969
89.86128234863281 485.7523193359375
89.86961364746094 485.7776794433594
89.88032531738281 485.8021240234375
89.89331817626953 485.825439453125
89.9084701538086 485.847412109375
89.92564392089844 485.8678283691406
89.94468688964844 485.8865051269531
89.96542358398438 485.9032897949219
89.98766326904297 485.91802978515625
90.0112075805664 485.9305725097656
90.00733947753906 485.928955078125
90.00064849853516 485.9269104003906
90.01363372802734 485.9295654296875
90.03963470458984 485.932373046875
90.06631469726562 485.93267822265625
90.09290313720703 485.9304504394531
90.11915588378906 485.9256896972656
90.14483642578125 485.91845703125
90.13434600830078 485.92254638671875
90.11438751220703 485.9326477050781
90.1027603149414 485.9400329589844
90.11193084716797 485.932861328125
90.13127899169922 485.91448974609375
90.14878845214844 485.89434814453125
90.16429901123047 485.8726501464844
90.17767333984375 485.8495788574219
90.18948364257812 485.8238220214844
90.19903564453125 485.7963562011719
90.2059326171875 485.76812744140625
90.21009063720703 485.73956298828125
90.2114028930664 485.71282958984375
90.21016693115234 485.6861877441406
90.2063980102539 485.6597595214844
90.20013427734375 485.6338195800781
90.19195556640625 485.6101379394531
90.1845703125 485.59393310546875
90.18155670166016 485.5887145996094
90.18516540527344 485.5937805175781
90.19512939453125 485.6052551269531
90.20819854736328 485.6177062988281
90.22113800048828 485.62786865234375
90.23102569580078 485.63421630859375
90.25495910644531 485.6465148925781
90.28482055664062 485.6584167480469
90.3090591430664 485.6654968261719
90.3305892944336 485.6695556640625
90.35404205322266 485.6716613769531
90.37870788574219 485.6715087890625
90.40293884277344 485.6689758300781
90.42573547363281 485.6643371582031
90.42415618896484 485.6648254394531
90.40875244140625 485.6712646484375
90.3901138305664 485.6812744140625
90.3659439086914 485.6973876953125
90.34339141845703 485.7157287597656
90.32268524169922 485.73614501953125
90.30400848388672 485.7584228515625
90.28753662109375 485.7823791503906
90.2734146118164 485.80780029296875
90.26177215576172 485.83441162109375
90.25273895263672 485.8619384765625
90.24640655517578 485.8900146484375
90.24303436279297 485.9164733886719
90.24220275878906 485.9431457519531
90.24391174316406 485.9697570800781
90.24815368652344 485.99609375
90.2548828125 486.02191162109375
90.26404571533203 486.0469665527344
90.27555084228516 486.071044921875
90.28929901123047 486.0939025878906
90.30516052246094 486.1153564453125
90.322998046875 486.13519287109375
90.34264373779297 486.15325927734375
90.36392211914062 486.16937255859375
90.38663482666016 486.1833801269531
90.41057586669922 486.1951599121094
90.38599395751953 486.18585205078125
90.3852310180664 486.1856384277344
90.40646362304688 486.1893005371094
90.43325805664062 486.19134521484375
90.45993041992188 486.1908264160156
90.48643493652344 486.1877746582031
90.51252746582031 486.18218994140625
90.53797149658203 486.1741638183594
90.51775360107422 486.1827697753906
90.49768829345703 486.1936950683594
90.4909896850586 486.1982421875
90.50298309326172 486.1882629394531
90.52176666259766 486.1693115234375
90.53865814208984 486.1486511230469
90.55350494384766 486.1264953613281
90.56616973876953 486.10302734375
90.57746887207031 486.0762634277344
90.586181640625 486.04852294921875
90.59221649169922 486.0201110839844
90.59550476074219 485.99139404296875
90.59600830078125 485.9647216796875
90.59396362304688 485.9381103515625
90.58939361572266 485.9118347167969
90.58234405517578 485.8861083984375
90.57384490966797 485.8637390136719
90.56687927246094 485.849609375
90.56477355957031 485.84619140625
90.56905364990234 485.8518371582031
90.57744598388672 485.8609313964844
90.5890121459961 485.87127685546875
90.59871673583984 485.87841796875
90.6014404296875 485.8800354003906
90.62742614746094 485.89239501953125
90.64990234375 485.9005432128906
90.67076873779297 485.9058837890625
90.69097900390625 485.9090270996094
90.71444702148438 485.9103698730469
90.7386474609375 485.909423828125
90.76182556152344 485.90625
90.7828369140625 485.9012451171875
90.7727279663086 485.90472412109375
90.75712585449219 485.9118347167969
90.7345962524414 485.92486572265625
90.7109375 485.9417724609375
90.6889877319336 485.9608459472656
90.6689453125 485.9819030761719
90.65099334716797 486.0047607421875
90.63529205322266 486.02923583984375
90.62198638916016 486.0550842285156
90.6112060546875 486.0820617675781
90.60308074951172 486.1097717285156
90.59783172607422 486.1370544433594
90.5953140258789 486.1636047363281
90.5953369140625 486.1902770996094
90.597900390625 486.2168273925781
90.60298156738281 486.2430114746094
90.61053466796875 486.2685852050781
90.62049102783203 486.2933349609375
90.63275909423828 486.3170166015625
90.64723205566406 486.33941650390625
90.66377258300781 486.3603515625
90.68223571777344 486.3796081542969
90.70244598388672 486.39703369140625
90.72422790527344 486.4124450683594
90.74737548828125 486.42572021484375
90.77151489257812 486.4366455078125
90.75387573242188 486.43060302734375
90.759033203125 486.43182373046875
90.78289031982422 486.4351501464844
90.80957794189453 486.4363098144531
90.83621978759766 486.4349365234375
90.86260986328125 486.4310302734375
90.88850402832031 486.42462158203125
90.9136734008789 486.415771484375
90.8898696899414 486.42681884765625
90.87238311767578 486.4371032714844
90.87659454345703 486.4340515136719
90.89637756347656 486.41650390625
90.91456604003906 486.39697265625
90.9308090209961 486.37579345703125
90.94496154785156 486.3531799316406
90.95689392089844 486.3293151855469
90.96736907958984 486.30218505859375
90.9752197265625 486.2742004394531
90.9803695678711 486.2456359863281
90.98275756835938 486.2170104980469
90.98243713378906 486.1903381347656
90.97957611083984 486.163818359375
90.97419738769531 486.1376953125
90.96629333496094 486.1119689941406
90.9576187133789 486.0910949707031
90.95118713378906 486.0790100097656
90.94992065429688 486.07708740234375
90.95458221435547 486.0828552246094
90.96259307861328 486.09100341796875
90.97216033935547 486.09906005859375
90.98015594482422 486.1045837402344
90.97821807861328 486.103515625
91.00444793701172 486.114990234375
91.02356719970703 486.1212463378906
91.04280090332031 486.1255187988281
91.06353759765625 486.1280517578125
91.0868148803711 486.1286315917969
91.11030578613281 486.126953125
91.13272094726562 486.1231384277344
91.15119934082031 486.11810302734375
91.13723754882812 486.1234130859375
91.12090301513672 486.1315002441406
91.09676361083984 486.1465148925781
91.07364654541016 486.1641540527344
91.05230712890625 486.18389892578125
91.0329360961914 486.2055969238281
91.01570892333984 486.2290344238281
91.00078582763672 486.2539978027344
90.9883041381836 486.2802429199219
90.97838592529297 486.3074951171875
90.97118377685547 486.33526611328125
90.96697235107422 486.3616027832031
90.96529388427734 486.38824462890625
90.96615600585938 486.4149169921875
90.96955871582031 486.4413757324219
90.9754638671875 486.4674072265625
90.98382568359375 486.49273681640625
90.99456024169922 486.51715087890625
91.00757598876953 486.5404357910156
91.02275085449219 486.5623779296875
91.03994750976562 486.582763671875
91.05900573730469 486.6014404296875
91.07975769042969 486.6181945800781
91.10201263427734 486.6329040527344
91.12557220458984 486.6454162597656
91.13146209716797 486.6478576660156
91.12043762207031 486.64447021484375
91.13114929199219 486.64666748046875
91.15485382080078 486.6492004394531
91.18153381347656 486.64947509765625
91.20812225341797 486.647216796875
91.234375 486.6424255371094
91.26004791259766 486.6351623535156
91.27560424804688 486.62908935546875
91.25293731689453 486.64056396484375
91.23909759521484 486.64935302734375
91.24715423583984 486.64306640625
91.2665023803711 486.62469482421875
91.28401184082031 486.60455322265625
91.29952239990234 486.5828552246094
91.3128890991211 486.55975341796875
91.32479095458984 486.5337829589844
91.33433532714844 486.5063171386719
91.34122467041016 486.47808837890625
91.34539794921875 486.44940185546875
91.34673309326172 486.4222412109375
91.34549713134766 486.3955993652344
91.34172821044922 486.36920166015625
91.33545684814453 486.34326171875
91.326904296875 486.3184814453125
91.31816864013672 486.29931640625
91.31236267089844 486.28924560546875
91.3118667602539 486.2885437011719
91.3166732788086 486.2940673828125
91.323974609375 486.301025390625
91.32999420166016 486.30572509765625
91.33234405517578 486.3072204589844
91.34031677246094 486.3113098144531
91.36357879638672 486.3205261230469
91.38105010986328 486.3255615234375
91.3963851928711 486.3283996582031
91.4183349609375 486.3302917480469
91.44124603271484 486.3300476074219
91.46373748779297 486.32763671875
91.4844970703125 486.3233337402344
91.49784851074219 486.3191833496094
91.48236083984375 486.3257141113281
91.45999908447266 486.3377990722656
91.43587493896484 486.3539733886719
91.41338348388672 486.3724060058594
91.39273834228516 486.39288330078125
91.37413024902344 486.41522216796875
91.35772705078125 486.4392395019531
91.34368133544922 486.4646911621094
91.33212280273438 486.4913330078125
91.32318115234375 486.51885986328125
91.31703186035156 486.5464782714844
91.31373596191406 486.5729675292969
91.31298065185547 486.5996398925781
91.31477355957031 486.6262512207031
91.319091796875 486.652587890625
91.32589721679688 486.6783752441406
91.33512878417969 486.7033996582031
91.3467025756836 486.7274475097656
91.36051940917969 486.7502746582031
91.37644958496094 486.77166748046875
91.39434051513672 486.79144287109375
91.4140396118164 486.8094482421875
91.43536376953125 486.82550048828125
91.45811462402344 486.8394470214844
91.48209381103516 486.85113525390625
91.44973754882812 486.8389892578125
91.4454345703125 486.83782958984375
91.461181640625 486.84051513671875
91.48678588867188 486.8424072265625
91.51345825195312 486.8418273925781
91.53995513916016 486.8387145996094
91.56603240966797 486.8330993652344
91.5914535522461 486.82501220703125
91.57704162597656 486.8311767578125
91.55596160888672 486.8427429199219
91.54705047607422 486.84881591796875
91.55811309814453 486.8395690917969
91.57684326171875 486.820556640625
91.59367370605469 486.79986572265625
91.60845947265625 486.77764892578125
91.62106323242188 486.7541198730469
91.63229370117188 486.727294921875
91.64093017578125 486.69952392578125
91.64688873291016 486.67108154296875
91.65010833740234 486.642333984375
91.65054321289062 486.61566162109375
91.64842987060547 486.58905029296875
91.64379119873047 486.5627746582031
91.63667297363281 486.53704833984375
91.62760162353516 486.5133361816406
91.6190414428711 486.49609375
91.6140365600586 486.4880676269531
91.61431884765625 486.4884338378906
91.61798095703125 486.49237060546875
91.62420654296875 486.4979248046875
91.6290054321289 486.5014343261719
91.62760162353516 486.5006103515625
91.6505126953125 486.5113830566406
91.66814422607422 486.5177001953125
91.68426513671875 486.5217590332031
91.70292663574219 486.5245666503906
91.72416687011719 486.52569580078125
91.74656677246094 486.5246887207031
91.76778411865234 486.52166748046875
91.78642272949219 486.51715087890625
91.77677917480469 486.5205078125
91.7605972290039 486.5279846191406
91.73622131347656 486.542236328125
91.71263885498047 486.5592346191406
91.6907730102539 486.5783996582031
91.67082214355469 486.59954833984375
91.65296936035156 486.62249755859375
91.63738250732422 486.64703369140625
91.62419891357422 486.6729431152344
91.6135482788086 486.699951171875
91.60556030273438 486.7276611328125
91.60063934326172 486.7538757324219
91.5982437133789 486.78045654296875
91.598388671875 486.80712890625
91.60107421875 486.83367919921875
91.60627746582031 486.8598327636719
91.61395263671875 486.8853759765625
91.6240234375 486.91009521484375
91.63640594482422 486.9337158203125
91.65098571777344 486.9560546875
91.6676254272461 486.9768981933594
91.68617248535156 486.9960632324219
91.70646667480469 487.0133972167969
91.72831726074219 487.0287170410156
91.75152587890625 487.0418701171875
91.7752914428711 487.052490234375
91.75237274169922 487.0447692871094
91.75476837158203 487.0453186035156
91.77798461914062 487.0484619140625
91.80480194091797 487.04949951171875
91.8314437866211 487.0480041503906
91.85781860351562 487.0439758300781
91.8836898803711 487.0374450683594
91.90882110595703 487.0284729003906
91.88460540771484 487.0398254394531
91.8658447265625 487.05096435546875
91.86852264404297 487.04901123046875
91.8830795288086 487.0359802246094
91.90116119384766 487.016357421875
91.91729736328125 486.9951171875
91.93133544921875 486.972412109375
91.94314575195312 486.948486328125
91.95347595214844 486.9212951660156
91.961181640625 486.89324951171875
91.9661865234375 486.8646240234375
91.96842956542969 486.8359375
91.96797180175781 486.80926513671875
91.96497344970703 486.7827453613281
91.95945739746094 486.75665283203125
91.95148468017578 486.731201171875
91.94203186035156 486.7087707519531
91.93379211425781 486.6934814453125
91.92955780029297 486.6871643066406
91.93035125732422 486.6881408691406
91.9346923828125 486.6925048828125
91.93901824951172 486.69610595703125
91.94088745117188 486.6973876953125
91.93551635742188 486.6944274902344
91.94914245605469 486.7002868652344
91.96653747558594 486.7058410644531
91.98019409179688 486.7087707519531
91.99945068359375 486.71099853515625
92.02063751220703 486.71136474609375
92.04226684570312 486.70965576171875
92.0617446899414 486.7061767578125
92.07513427734375 486.7024230957031
92.06124114990234 486.70782470703125
92.04269409179688 486.7171936035156
92.01814270019531 486.73272705078125
91.99516296386719 486.7505187988281
91.97396850585938 486.7704162597656
91.95475769042969 486.792236328125
91.93771362304688 486.8157958984375
91.92298126220703 486.8408508300781
91.91069793701172 486.8671875
91.90099334716797 486.8945007324219
91.8940200805664 486.9222412109375
91.89000701904297 486.9486083984375
91.8885269165039 486.9752502441406
91.88959503173828 487.0019226074219
91.89319610595703 487.0283508300781
91.89929962158203 487.0543212890625
91.90785217285156 487.07958984375
91.91876983642578 487.10394287109375
91.93196105957031 487.12713623046875
91.94729614257812 487.1489562988281
91.96464538574219 487.1692199707031
91.98384857177734 487.187744140625
92.00473022460938 487.204345703125
92.027099609375 487.2189025878906
92.05075073242188 487.23126220703125
92.0536880493164 487.2324523925781
92.0388412475586 487.22802734375
92.04757690429688 487.229736328125
92.07069396972656 487.2320251464844
92.09737396240234 487.23211669921875
92.12393951416016 487.22967529296875
92.15015411376953 487.2247009277344
92.17577362060547 487.2172546386719
92.1895523071289 487.2117614746094
92.16645812988281 487.2236633300781
92.15116882324219 487.2335205078125
92.15826416015625 487.2279052734375
92.1774673461914 487.2093811035156
92.19482421875 487.1891174316406
92.21016693115234 487.16729736328125
92.2233657836914 487.14410400390625
92.2351303100586 487.117919921875
92.24446868896484 487.09039306640625
92.25115203857422 487.0621032714844
92.25511169433594 487.0333557128906
92.25625610351562 487.00592041015625
92.25482177734375 486.9792785644531
92.2508544921875 486.952880859375
92.24439239501953 486.927001953125
92.23572540283203 486.9024963378906
92.22600555419922 486.881591796875
92.21822357177734 486.86834716796875
92.21475982666016 486.8635559082031
92.21589660644531 486.8648376464844
92.21947479248047 486.8681945800781
92.22161102294922 486.8698425292969
92.22034454345703 486.8690490722656
92.21678161621094 486.86724853515625
92.23678588867188 486.8749694824219
92.25284576416016 486.87945556640625
92.26705932617188 486.8819580078125
92.28540802001953 486.8833923339844
92.30631256103516 486.88299560546875
92.32622528076172 486.88067626953125
92.3433837890625 486.876953125
92.34709167480469 486.8757629394531
92.33137512207031 486.882568359375
92.30810546875 486.89544677734375
92.28412628173828 486.911865234375
92.26181030273438 486.9305114746094
92.24136352539062 486.951171875
92.22296905517578 486.97369384765625
92.20679473876953 486.99786376953125
92.1929931640625 487.0234375
92.18169403076172 487.0501708984375
92.17302703857422 487.0777587890625
92.16738891601562 487.1042785644531
92.16435241699219 487.13079833984375
92.16385650634766 487.157470703125
92.16590881347656 487.18408203125
92.17048645019531 487.2103576660156
92.17754364013672 487.236083984375
92.18701934814453 487.2610168457031
92.1988296508789 487.2849426269531
92.2128677368164 487.3076477050781
92.22900390625 487.3288879394531
92.24708557128906 487.3485107421875
92.26696014404297 487.3663024902344
92.28843688964844 487.38214111328125
92.31132507324219 487.3958435058594
92.33541870117188 487.4073181152344
92.29488372802734 487.39251708984375
92.28773498535156 487.3906555175781
92.30216979980469 487.39300537109375
92.32748413085938 487.3946533203125
92.3541488647461 487.3938293457031
92.380615234375 487.3904724121094
92.40664672851562 487.3846130371094
92.43199920654297 487.3763122558594
92.41566467285156 487.38348388671875
92.39405822753906 487.39556884765625
92.38362884521484 487.4028015136719
92.39398956298828 487.39398193359375
92.41255950927734 487.37481689453125
92.42921447753906 487.3539733886719
92.44380950927734 487.3316345214844
92.45620727539062 487.3080139160156
92.46720886230469 487.2810974121094
92.4756088256836 487.2532653808594
92.4813232421875 487.2247619628906
92.48429870605469 487.1959533691406
92.48450469970703 487.1692810058594
92.48216247558594 487.1427001953125
92.47730255126953 487.116455078125
92.46996307373047 487.0907897949219
92.46039581298828 487.06640625
92.45069122314453 487.0472717285156
92.44525146484375 487.0386962890625
92.44416809082031 487.03729248046875
92.44552612304688 487.0387268066406
92.44813537597656 487.041015625
92.44792175292969 487.0408630371094
92.44348907470703 487.0382995605469
92.45494079589844 487.0435485839844
92.47039794921875 487.0489196777344
92.48149108886719 487.0516052246094
92.49711608886719 487.0538024902344
92.5159683227539 487.0545959472656
92.53640747070312 487.053466796875
92.55459594726562 487.0506896972656
92.5689697265625 487.0470275878906
92.55679321289062 487.0514221191406
92.5400390625 487.05938720703125
92.51557159423828 487.0740661621094
92.49217224121094 487.09130859375
92.47051239013672 487.1106872558594
92.45079040527344 487.1320495605469
92.43318939208984 487.1551818847656
92.41786193847656 487.17987060546875
92.40496063232422 487.2059020996094
92.39461517333984 487.23297119140625
92.3869400024414 487.2607116699219
92.3823013305664 487.2869873046875
92.38018798828125 487.3135986328125
92.380615234375 487.34027099609375
92.38358306884766 487.3667907714844
92.38906860351562 487.3929138183594
92.39701843261719 487.41839599609375
92.40735626220703 487.4429931640625
92.41999053955078 487.46649169921875
92.43480682373047 487.4886779785156
92.45166778564453 487.5093688964844
92.47042083740234 487.5283508300781
92.49089813232422 487.5454406738281
92.51290893554688 487.5605163574219
92.53626251220703 487.57342529296875
92.56073760986328 487.58404541015625
92.53318786621094 487.5750732421875
92.5334701538086 487.57513427734375
92.55622100830078 487.5779724121094
92.58309936523438 487.5787353515625
92.6097183227539 487.57696533203125
92.63604736328125 487.5726623535156
92.66184997558594 487.56585693359375
92.6868896484375 487.556640625
92.66471099853516 487.56732177734375
92.645263671875 487.5791320800781
92.640625 487.5826110839844
92.65436553955078 487.5700378417969
92.6722412109375 487.55023193359375
92.68814849853516 487.52880859375
92.70194244384766 487.5059814453125
92.7135009765625 487.48193359375
92.72354888916016 487.45465087890625
92.73095703125 487.4265441894531
92.73565673828125 487.39788818359375
92.73760223388672 487.369140625
92.73686218261719 487.34246826171875
92.73358154296875 487.31597900390625
92.72779083251953 487.2899475097656
92.71952056884766 487.2644958496094
92.70941925048828 487.2412109375
92.70111846923828 487.2261962890625
92.69637298583984 487.2192687988281
92.6943359375 487.2168273925781
92.69548034667969 487.21795654296875
92.69659423828125 487.2188720703125
92.69538116455078 487.21807861328125
92.6849365234375 487.2124938964844
92.68341827392578 487.21185302734375
92.6926498413086 487.2146911621094
92.70169067382812 487.2165222167969
92.71833801269531 487.2182312011719
92.73799896240234 487.2183532714844
92.75743865966797 487.2165832519531
92.77485656738281 487.2132568359375
92.78578186035156 487.2100524902344
92.77284240722656 487.21527099609375
92.74993896484375 487.2272033691406
92.7255630493164 487.2430114746094
92.70278930664062 487.2610778808594
92.68183135986328 487.2812194824219
92.66287994384766 487.3032531738281
92.64611053466797 487.3269958496094
92.63167572021484 487.3522033691406
92.61971282958984 487.378662109375
92.61035919189453 487.406005859375
92.60411071777344 487.4321594238281
92.60041046142578 487.4585876464844
92.5992431640625 487.4852294921875
92.60062408447266 487.5118713378906
92.60453796386719 487.53826904296875
92.61094665527344 487.5641784667969
92.61979675292969 487.58935546875
92.6310043334961 487.6135559082031
92.64447021484375 487.6365966796875
92.66006469726562 487.6582336425781
92.67765045166016 487.67828369140625
92.69706726074219 487.69659423828125
92.7181396484375 487.71295166015625
92.74067687988281 487.72723388671875
92.76447296142578 487.7392883300781
92.77682495117188 487.744140625
92.74763488769531 487.73577880859375
92.75491333007812 487.73712158203125
92.78003692626953 487.7393493652344
92.80671691894531 487.7391662597656
92.83325958251953 487.7364501953125
92.85942077636719 487.731201171875
92.88496398925781 487.7234802246094
92.87826538085938 487.7262268066406
92.8550033569336 487.7385559082031
92.83891296386719 487.7491760253906
92.8453369140625 487.74395751953125
92.86434173583984 487.7252197265625
92.88147735595703 487.70477294921875
92.8965835571289 487.6827697753906
92.90953063964844 487.6594543457031
92.92019653320312 487.635009765625
92.92922973632812 487.60736083984375
92.93559265136719 487.5789794921875
92.93922424316406 487.5502624511719
92.9400634765625 487.5226745605469
92.9383316040039 487.4960632324219
92.93407440185547 487.4697265625
92.92732238769531 487.44390869140625
92.91820526123047 487.41900634765625
92.90848541259766 487.398681640625
92.90068817138672 487.3857421875
92.89669036865234 487.3803405761719
92.89519500732422 487.3786926269531
92.89593505859375 487.3793640136719
92.89403533935547 487.3779296875
92.88816833496094 487.37432861328125
92.87474822998047 487.3677978515625
92.88265228271484 487.3707580566406
92.89096069335938 487.3729553222656
92.902099609375 487.3747863769531
92.91946411132812 487.37591552734375
92.93878936767578 487.37530517578125
92.95687866210938 487.3729553222656
92.9720230102539 487.3694763183594
92.97542572021484 487.36834716796875
92.95907592773438 487.37567138671875
92.93446350097656 487.3896789550781
92.91069030761719 487.4064025878906
92.88861083984375 487.42529296875
92.86842346191406 487.4461975097656
92.85031127929688 487.46893310546875
92.83444213867188 487.4932861328125
92.82096099853516 487.5190124511719
92.81000518798828 487.5458679199219
92.80180358886719 487.5731506347656
92.79658508300781 487.59930419921875
92.79388427734375 487.6258544921875
92.7937240600586 487.65252685546875
92.79610443115234 487.6791076660156
92.8010025024414 487.705322265625
92.80838012695312 487.73095703125
92.81816864013672 487.7557678222656
92.83027648925781 487.779541015625
92.84459686279297 487.80206298828125
92.86099243164062 487.8231201171875
92.87931823730469 487.8424987792969
92.89940643310547 487.86004638671875
92.92108154296875 487.8756103515625
92.94413757324219 487.8890380859375
92.96836853027344 487.90020751953125
92.9518051147461 487.8944091796875
92.94255828857422 487.8921203613281
92.95608520507812 487.89410400390625
92.98261260986328 487.89544677734375
93.00926208496094 487.89422607421875
93.03567504882812 487.8904724121094
93.06161499023438 487.88421630859375
93.08684539794922 487.8755187988281
93.06414794921875 487.8858642578125
93.04234313964844 487.8984680175781
93.0310287475586 487.9065856933594
93.0408935546875 487.89794921875
93.05918884277344 487.8785400390625
93.07554626464844 487.8574523925781
93.0898208618164 487.83489990234375
93.10188293457031 487.81109619140625
93.11249542236328 487.7840576171875
93.12049865722656 487.756103515625
93.12580871582031 487.7275390625
93.12837219238281 487.6986999511719
93.1281967163086 487.6720275878906
93.12548065185547 487.6454772949219
93.12024688720703 487.61932373046875
93.11254119873047 487.5937805175781
93.10276794433594 487.56988525390625
93.09306335449219 487.5514221191406
93.08589935302734 487.54046630859375
93.08258819580078 487.53631591796875
93.08141326904297 487.53509521484375
93.08098602294922 487.53472900390625
93.07669830322266 487.53173828125
93.06781768798828 487.5267333984375
93.07624053955078 487.53045654296875
93.0826416015625 487.5325622558594
93.08946228027344 487.5340881347656
93.10443115234375 487.53594970703125
93.12213897705078 487.53643798828125
93.14078521728516 487.5351257324219
93.15705871582031 487.5323791503906
93.1667251586914 487.5297546386719
93.15435791015625 487.5344543457031
93.13543701171875 487.5438232421875
93.11076354980469 487.55914306640625
93.08763885498047 487.5767517089844
93.0662841796875 487.5964660644531
93.0468978881836 487.6181335449219
93.02965545654297 487.64154052734375
93.01471710205078 487.6664733886719
93.0022201538086 487.69268798828125
92.99230194091797 487.7198791503906
92.98513793945312 487.7474060058594
92.98091125488281 487.77374267578125
92.97920989990234 487.80035400390625
92.98005676269531 487.8270263671875
92.98343658447266 487.8534851074219
92.98932647705078 487.8795166015625
92.99766540527344 487.90484619140625
93.00838470458984 487.9292907714844
93.02137756347656 487.9526062011719
93.03653717041016 487.97454833984375
93.05371856689453 487.9949645996094
93.07276916503906 488.0136413574219
93.093505859375 488.0304260253906
93.11575317382812 488.045166015625
93.13929748535156 488.0577087402344
93.1507339477539 488.0624694824219
93.1194839477539 488.0528259277344
93.11834716796875 488.0525817871094
93.14082336425781 488.0550231933594
93.16773223876953 488.0553894042969
93.19432067871094 488.0531921386719
93.2205810546875 488.0484924316406
93.24627685546875 488.0412902832031
93.27116394042969 488.03167724609375
93.24676513671875 488.0439147949219
93.22997283935547 488.0544738769531
93.23077392578125 488.0538635253906
93.2487564086914 488.03692626953125
93.26634216308594 488.0168762207031
93.28193664550781 487.9952392578125
93.29539489746094 487.9721984863281
93.30660247802734 487.947998046875
93.31624603271484 487.9205627441406
93.3232421875 487.892333984375
93.32752990722656 487.86358642578125
93.32905578613281 487.8348083496094
93.32792663574219 487.80816650390625
93.32426452636719 487.78173828125
93.31809997558594 487.7557678222656
93.30948638916016 487.73052978515625
93.29878997802734 487.70684814453125
93.289306640625 487.6902770996094
93.28282928466797 487.68109130859375
93.27999877929688 487.67779541015625
93.27920532226562 487.6770324707031
93.27716827392578 487.6754150390625
93.27208709716797 487.6721496582031
93.26007843017578 487.66595458984375
93.26102447509766 487.66632080078125
93.2666244506836 487.6679382324219
93.2757797241211 487.6696472167969
93.29161834716797 487.6710510253906
93.30937194824219 487.6708984375
93.3270263671875 487.66900634765625
93.34098815917969 487.6661376953125
93.34675598144531 487.6643371582031
93.33186340332031 487.6706237792969
93.30693054199219 487.68408203125
93.28279113769531 487.70025634765625
93.26028442382812 487.7186584472656
93.2396240234375 487.7391052246094
93.22100067138672 487.76141357421875
93.20458221435547 487.785400390625
93.19052124023438 487.8108215332031
93.178955078125 487.8374328613281
93.1700668334961 487.8647155761719
93.16425323486328 487.8907470703125
93.16094970703125 487.917236328125
93.1601791381836 487.94390869140625
93.16195678710938 487.97052001953125
93.166259765625 487.9968566894531
93.17305755615234 488.02264404296875
93.18228149414062 488.04766845703125
93.19384765625 488.07171630859375
93.20764923095703 488.09454345703125
93.22356414794922 488.115966796875
93.24144744873047 488.1357727050781
93.26113891601562 488.1537780761719
93.28245544433594 488.1698303222656
93.3051986694336 488.18377685546875
93.32917022705078 488.19549560546875
93.3111572265625 488.188720703125
93.27852630615234 488.17987060546875
93.28485870361328 488.18096923828125
93.30986785888672 488.1828308105469
93.33654022216797 488.1822814941406
93.363037109375 488.17919921875
93.38912200927734 488.173583984375
93.41455078125 488.16552734375
93.40643310546875 488.16900634765625
93.38314819335938 488.1817626953125
93.37117004394531 488.1899108886719
93.37711334228516 488.1849365234375
93.3958511352539 488.16595458984375
93.4126968383789 488.145263671875
93.42749786376953 488.1230773925781
93.44010925292969 488.0995788574219
93.45042419433594 488.0749816894531
93.45906829833984 488.0472106933594
93.46503448486328 488.0187683105469
93.46826171875 487.989990234375
93.46871948242188 487.9623107910156
93.46661376953125 487.9356994628906
93.46198272705078 487.909423828125
93.45487213134766 487.8836975097656
93.44554138183594 487.8592834472656
93.43506622314453 487.8381652832031
93.42604064941406 487.8236389160156
93.42174530029297 487.8180236816406
93.41934204101562 487.8154296875
93.41800689697266 487.8142395019531
93.4142074584961 487.81146240234375
93.40663146972656 487.8069763183594
93.3959732055664 487.8019714355469
93.4045639038086 487.8050537109375
93.40925598144531 487.8062438964844
93.42048645019531 487.80792236328125
93.43574523925781 487.8086853027344
93.4533920288086 487.807861328125
93.46867370605469 487.8056335449219
93.47994232177734 487.8028564453125
93.47667694091797 487.80401611328125
93.45976257324219 487.8119201660156
93.4348373413086 487.8266296386719
93.41131591796875 487.84368896484375
93.38951873779297 487.8629150390625
93.36964416503906 487.8841247558594
93.35187530517578 487.9071350097656
93.33637237548828 487.9317321777344
93.32328033447266 487.9576416015625
93.312744140625 487.9845886230469
93.30496978759766 488.01190185546875
93.30014038085938 488.03814697265625
93.2978286743164 488.0647277832031
93.29806518554688 488.0914001464844
93.30084228515625 488.1179504394531
93.30613708496094 488.14410400390625
93.31389617919922 488.16961669921875
93.32405090332031 488.19427490234375
93.33650970458984 488.2178649902344
93.35115814208984 488.24017333984375
93.36786651611328 488.260986328125
93.38648223876953 488.28009033203125
93.40682983398438 488.2973327636719
93.4287338256836 488.31256103515625
93.45198822021484 488.3256530761719
93.47637939453125 488.3364562988281
93.42122650146484 488.3179626464844
93.41065216064453 488.31549072265625
93.42364501953125 488.3172607421875
93.45014190673828 488.31829833984375
93.4767837524414 488.3168029785156
93.50315856933594 488.3127746582031
93.5290298461914 488.3062438964844
93.55416107177734 488.29730224609375
93.53128814697266 488.3080139160156
93.50940704345703 488.32098388671875
93.50355529785156 488.3252868652344
93.51312255859375 488.31671142578125
93.53120422363281 488.2970886230469
93.54733276367188 488.2758483886719
93.56136322021484 488.2531433105469
93.57316589355469 488.2292175292969
93.58348083496094 488.2020568847656
93.59117889404297 488.17401123046875
93.59617614746094 488.1453857421875
93.59842681884766 488.11651611328125
93.59796142578125 488.08984375
93.59495544433594 488.0633239746094
93.58943939208984 488.0372314453125
93.58145904541016 488.01177978515625
93.57125854492188 487.9875793457031
93.56178283691406 487.9700012207031
93.55482482910156 487.9596252441406
93.5511474609375 487.95513916015625
93.54894256591797 487.9529113769531
93.54672241210938 487.9510803222656
93.54086303710938 487.94708251953125
93.5306396484375 487.94146728515625
93.52822875976562 487.9404296875
93.5313949584961 487.9414367675781
93.5357437133789 487.9423522949219
93.54865264892578 487.9438171386719
93.56544494628906 487.944091796875
93.58228302001953 487.9427185058594
93.5954360961914 487.9403381347656
93.60354614257812 487.9380187988281
93.58953094482422 487.9435119628906
93.56648254394531 487.9552307128906
93.54197692871094 487.9708251953125
93.51904296875 487.9886779785156
93.4979019165039 488.0086364746094
93.47875213623047 488.030517578125
93.4617691040039 488.0541076660156
93.44710540771484 488.0791931152344
93.43490600585938 488.10552978515625
93.4253158569336 488.13275146484375
93.41888427734375 488.15863037109375
93.41494750976562 488.1850280761719
93.41354370117188 488.211669921875
93.41468048095703 488.2383117675781
93.41835021972656 488.2647399902344
93.42452239990234 488.29071044921875
93.43314361572266 488.3159484863281
93.44412994384766 488.34027099609375
93.45738220214844 488.3634338378906
93.4727783203125 488.3852233886719
93.49018096923828 488.40545654296875
93.50942993164062 488.4239196777344
93.53035736083984 488.4404602050781
93.55276489257812 488.4549560546875
93.57644653320312 488.4672546386719
93.58699798583984 488.47149658203125
93.55300903320312 488.46142578125
93.55097198486328 488.4610290527344
93.57329559326172 488.4632263183594
93.5999755859375 488.4632873535156
93.62654113769531 488.4608154296875
93.65274810791016 488.455810546875
93.67835998535156 488.4483337402344
93.7031478881836 488.4384460449219
93.67875671386719 488.45098876953125
93.66168975830078 488.46197509765625
93.6675796508789 488.4573059082031
93.68524932861328 488.4403076171875
93.70262145996094 488.4200439453125
93.71798706054688 488.3982238769531
93.731201171875 488.37506103515625
93.74214935302734 488.3507385253906
93.75150299072266 488.3232116699219
93.7582015991211 488.294921875
93.76217651367188 488.2661437988281
93.76338195800781 488.2376403808594
93.761962890625 488.21099853515625
93.75801086425781 488.1846008300781
93.7515640258789 488.1587219238281
93.74263763427734 488.1334228515625
93.73192596435547 488.1103515625
93.7227554321289 488.0946960449219
93.71643829345703 488.0859375
93.7120590209961 488.0809631347656
93.70960998535156 488.07867431640625
93.70598602294922 488.07586669921875
93.69766998291016 488.0706481933594
93.6823959350586 488.0629577636719
93.67395782470703 488.0596923828125
93.6766586303711 488.0604553222656
93.68358612060547 488.0616760253906
93.6976318359375 488.0627746582031
93.71429443359375 488.06243896484375
93.72985076904297 488.06060791015625
93.74237060546875 488.0578918457031
93.7468032836914 488.05645751953125
93.73228454589844 488.0627746582031
93.70751953125 488.0765075683594
93.68356323242188 488.09295654296875
93.66127014160156 488.1116027832031
93.6408462524414 488.1322937011719
93.62247467041016 488.1548156738281
93.60633087158203 488.1789855957031
93.59255981445312 488.2045593261719
93.58130645751953 488.23126220703125
93.57282257080078 488.2583312988281
93.56730651855469 488.284423828125
93.56430053710938 488.3109436035156
93.56383514404297 488.3376159667969
93.56591033935547 488.3642272949219
93.57051086425781 488.3905029296875
93.57759857177734 488.4162292480469
93.58710479736328 488.441162109375
93.59893798828125 488.465087890625
93.61299896240234 488.4877624511719
93.62915802001953 488.5090026855469
93.64726257324219 488.5285949707031
93.66715240478516 488.54638671875
93.68864440917969 488.56219482421875
93.7115478515625 488.57586669921875
93.73564910888672 488.5873107910156
93.71588134765625 488.58013916015625
93.6943130493164 488.5745544433594
93.70001220703125 488.5754699707031
93.7249526977539 488.5770263671875
93.75161743164062 488.5761413574219
93.778076171875 488.5727233886719
93.80409240722656 488.5668029785156
93.82942199707031 488.5584411621094
93.8203125 488.5624694824219
93.79705810546875 488.5755615234375
93.78472900390625 488.58416748046875
93.79037475585938 488.579345703125
93.80888366699219 488.56011962890625
93.82547760009766 488.5392150878906
93.84000396728516 488.516845703125
93.85233306884766 488.4931945800781
93.86322784423828 488.46630859375
93.87154388427734 488.4384460449219
93.8771743774414 488.409912109375
93.88005828857422 488.3810729980469
93.88018035888672 488.3544006347656
93.87776184082031 488.32781982421875
93.87281799316406 488.3016052246094
93.86540222167969 488.2759704589844
93.85565948486328 488.2513732910156
93.84532928466797 488.2311706542969
93.83663940429688 488.2175598144531
93.83100128173828 488.2103576660156
93.82707977294922 488.20623779296875
93.82418823242188 488.2037353515625
93.81755065917969 488.1990051269531
93.80673217773438 488.1927490234375
93.79005432128906 488.1851501464844
93.78651428222656 488.1839294433594
93.78584289550781 488.18377685546875
93.79747009277344 488.18536376953125
93.81237030029297 488.1859436035156
93.82865905761719 488.18499755859375
93.84259033203125 488.18280029296875
93.84988403320312 488.180908203125
93.84542083740234 488.18255615234375
93.82316589355469 488.1932678222656
93.79833221435547 488.2082824707031
93.77500915527344 488.2256164550781
