60.506134033203125 450.5109558105469
60.703060150146484 450.7095947265625
60.902034759521484 450.90618896484375
61.10303497314453 451.1007080078125
61.30603790283203 451.2931213378906
61.511024475097656 451.4834289550781
61.71797180175781 451.6716003417969
61.926856994628906 451.85760498046875
62.13766098022461 452.04144287109375
62.35035705566406 452.22308349609375
62.56492233276367 452.40252685546875
62.78133773803711 452.5797424316406
62.999576568603516 452.75469970703125
63.2196159362793 452.9273681640625
63.44143295288086 453.0977478027344
63.66500473022461 453.2658386230469
63.89030456542969 453.4316101074219
64.1173095703125 453.59503173828125
64.34599304199219 453.756103515625
64.57633209228516 453.914794921875
64.80830383300781 454.0710754394531
65.04188537597656 454.2249450683594
65.27704620361328 454.3763732910156
65.51376342773438 454.5253601074219
65.75201416015625 454.6719055175781
65.99176788330078 454.81597900390625
66.23300170898438 454.9575500488281
66.47569274902344 455.09661865234375
66.71981048583984 455.233154296875
66.96533203125 455.3671569824219
67.21222686767578 455.49859619140625
67.4604721069336 455.6274719238281
67.71003723144531 455.7537841796875
67.96089935302734 455.87750244140625
68.21302795410156 455.9986267089844
68.46640014648438 456.11712646484375
68.72098541259766 456.2330017089844
68.97675323486328 456.3462219238281
69.23368072509766 456.456787109375
69.49174499511719 456.5646667480469
69.75090789794922 456.6698913574219
70.01114654541016 456.77239990234375
70.2724380493164 456.8722229003906
70.53475189208984 456.9693298339844
70.79805755615234 457.063720703125
71.06232452392578 457.1553649902344
71.32752990722656 457.2442626953125
71.59363555908203 457.3304138183594
71.86062622070312 457.413818359375
72.12846374511719 457.49444580078125
72.3971176147461 457.5722961425781
72.66656494140625 457.6473388671875
72.93677520751953 457.7196044921875
73.20772552490234 457.7890625
73.47937774658203 457.855712890625
73.751708984375 457.9195251464844
74.0246810913086 457.98052978515625
74.29827117919922 458.0386962890625
74.57244873046875 458.0940246582031
74.8471908569336 458.1465148925781
75.1224594116211 458.1961669921875
75.39822387695312 458.2429504394531
75.6744613647461 458.286865234375
75.95114135742188 458.3279113769531
76.22823333740234 458.3660888671875
76.50569915771484 458.4013977050781
76.78351593017578 458.433837890625
77.06166076660156 458.4634094238281
77.34009552001953 458.4900817871094
77.61878967285156 458.5138854980469
77.89771270751953 458.5347900390625
78.17684173583984 458.55279541015625
78.45613861083984 458.5679016113281
78.73558044433594 458.58013916015625
79.01512908935547 458.5894775390625
79.29476165771484 458.5959167480469
79.57444763183594 458.5994567871094
79.85415649414062 458.60009765625
80.13385772705078 458.59783935546875
80.41351318359375 458.5926818847656
80.69309997558594 458.5846252441406
80.97258758544922 458.57366943359375
81.25194549560547 458.5598449707031
81.53114318847656 458.5431213378906
81.8101577758789 458.52349853515625
82.08895111083984 458.5010070800781
82.36750030517578 458.4756164550781
82.64576721191406 458.4473571777344
82.9237289428711 458.41619873046875
83.20135498046875 458.3821716308594
83.47860717773438 458.34527587890625
83.75546264648438 458.3055114746094
84.03189849853516 458.26287841796875
84.30787658691406 458.2174072265625
84.58336639404297 458.1690673828125
84.85834503173828 458.1178894042969
85.13277435302734 458.0638732910156
85.40663146972656 458.00701904296875
85.67988586425781 457.94732666015625
85.95250701904297 457.8847961425781
86.2244644165039 457.8194580078125
86.49573516845703 457.7513122558594
86.76628875732422 457.68035888671875
87.03608703613281 457.60662841796875
87.30511474609375 457.53009033203125
87.57333374023438 457.4507751464844
87.84071350097656 457.3686828613281
88.10723114013672 457.2838439941406
88.37285614013672 457.1962585449219
88.63756561279297 457.1059265136719
88.90132141113281 457.0128479003906
89.16410064697266 456.91705322265625
89.42587280273438 456.81854248046875
89.68661499023438 456.7173156738281
89.94629669189453 456.6134033203125
90.20488739013672 456.5068054199219
90.46236419677734 456.3975524902344
90.71869659423828 456.28564453125
90.9738540649414 456.17108154296875
91.22781372070312 456.05389404296875
91.48055267333984 455.93408203125
91.7320327758789 455.8116455078125
91.98223876953125 455.6866149902344
92.23113250732422 455.55902099609375
92.47869110107422 455.4288330078125
92.72489166259766 455.2961120605469
92.9697036743164 455.16082763671875
93.21310424804688 455.0230407714844
93.45507049560547 454.8827209472656
93.69556427001953 454.73992919921875
93.9345703125 454.5946350097656
94.17205810546875 454.4468688964844
94.40800476074219 454.2966613769531
94.64238739013672 454.1440124511719
94.87517547607422 453.98895263671875
95.1063461303711 453.83148193359375
95.33587646484375 453.671630859375
95.56373596191406 453.5094299316406
95.78990936279297 453.3448791503906
96.01436614990234 453.177978515625
96.2370834350586 453.0087585449219
96.4580307006836 452.8372497558594
96.67719268798828 452.6634521484375
96.89454650878906 452.4873962402344
97.11006164550781 452.3091125488281
97.32372283935547 452.12860107421875
97.4737548828125 451.99725341796875
97.60576629638672 451.87530517578125
97.73363494873047 451.7502746582031
97.85285186767578 451.626708984375
97.9680404663086 451.4999694824219
98.07940673828125 451.36981201171875
98.18697357177734 451.2362365722656
98.29078674316406 451.0991516113281
98.39034271240234 450.959228515625
98.48611450195312 450.8157958984375
98.5782699584961 450.6685485839844
98.6671371459961 450.516845703125
98.75131225585938 450.3630676269531
98.83251953125 450.2039794921875
98.91162109375 450.03765869140625
98.98995208740234 449.86090087890625
99.06303405761719 449.6836242675781
99.13645935058594 449.4920349121094
99.2116928100586 449.2818298339844
99.28164672851562 449.07269287109375
99.35343170166016 448.8433837890625
99.42034912109375 448.61541748046875
99.48819732666016 448.3693542480469
99.55569458007812 448.1106872558594
99.61955261230469 447.8525085449219
99.67970275878906 447.59490966796875
99.73944854736328 447.32440185546875
99.79617309570312 447.0535888671875
99.84984588623047 446.7825622558594
99.90096282958984 446.50897216796875
99.94913482666016 446.2350158691406
99.99434661865234 445.96075439453125
100.03681182861328 445.6849670410156
100.07636260986328 445.4088439941406
100.11309051513672 445.1318359375
100.14691925048828 444.8544921875
100.17784881591797 444.5768737792969
100.20592498779297 444.2986145019531
100.23110961914062 444.02008056640625
100.25340270996094 443.7413024902344
100.2728042602539 443.4623107910156
100.28931427001953 443.18310546875
100.30292510986328 442.9037170410156
100.31364440917969 442.62420654296875
100.32146453857422 442.3446044921875
100.32638549804688 442.06494140625
100.32840728759766 441.7852478027344
100.32752990722656 441.5055236816406
100.3237533569336 441.225830078125
100.31707763671875 440.9461975097656
100.30750274658203 440.6666564941406
100.29502868652344 440.3872375488281
100.2796630859375 440.1079406738281
100.26140594482422 439.8288269042969
100.2402572631836 439.5499267578125
100.21621704101562 439.271240234375
100.18929290771484 438.9928283691406
100.15948486328125 438.7147216796875
100.12680053710938 438.4369201660156
100.09123992919922 438.15948486328125
100.05280303955078 437.8824157714844
100.0114974975586 437.60577392578125
99.96733093261719 437.32958984375
99.92030334472656 437.0538635253906
99.87042236328125 436.77862548828125
99.81769561767578 436.5039367675781
99.76212310791016 436.22979736328125
99.7037124633789 435.9562683105469
99.64247131347656 435.683349609375
99.57840728759766 435.41107177734375
99.51152038574219 435.13946533203125
99.44182586669922 434.86859130859375
99.36933135986328 434.59844970703125
99.29403686523438 434.3290710449219
99.21595764160156 434.06048583984375
99.13510131835938 433.792724609375
99.05147552490234 433.52581787109375
98.965087890625 433.2597961425781
98.87594604492188 432.9946594238281
98.78406524658203 432.73046875
98.689453125 432.4672546386719
98.59211730957031 432.20501708984375
98.4920654296875 431.9438171386719
98.38931274414062 431.68365478515625
98.28387451171875 431.4245910644531
98.1757583618164 431.1666259765625
98.06497192382812 430.9097900390625
97.95153045654297 430.65411376953125
97.83545684814453 430.3996276855469
97.71675872802734 430.1463623046875
97.59545135498047 429.89434814453125
97.47154998779297 429.64361572265625
97.34510040283203 429.3941955566406
97.21611785888672 429.1461181640625
97.0846176147461 428.8993835449219
96.95074462890625 428.6541442871094
96.81475830078125 428.4106140136719
96.67662048339844 428.16845703125
96.53642272949219 427.9277038574219
96.3942642211914 427.6883850097656
96.25025177001953 427.4504699707031
96.10452270507812 427.2140197753906
95.95722961425781 426.97900390625
95.81024932861328 426.7474060058594
95.66304016113281 426.51727294921875
95.51598358154297 426.28863525390625
95.3695068359375 426.0615539550781
95.22409057617188 425.8360290527344
95.08025360107422 425.6121520996094
94.93854522705078 425.38995361328125
94.79954528808594 425.1695251464844
94.65801239013672 424.943115234375
94.51838684082031 424.7184143066406
94.38125610351562 424.4955139160156
94.24720001220703 424.2745056152344
94.11011505126953 424.0460510253906
93.97505950927734 423.8193664550781
93.84262084960938 423.5945739746094
93.71339416503906 423.37176513671875
93.58073425292969 423.140380859375
93.45001220703125 422.91082763671875
93.32180786132812 422.6832275390625
93.19671630859375 422.4576416015625
93.07533264160156 422.23419189453125
92.9500732421875 422.0001220703125
92.82698059082031 421.7679748535156
92.70663452148438 421.5378723144531
92.58255004882812 421.2987060546875
92.4596176147461 421.061279296875
92.33838653564453 420.82574462890625
92.21942901611328 420.59222412109375
92.10333251953125 420.36083984375
91.99068450927734 420.1317138671875
91.87385559082031 419.8908996582031
91.75858306884766 419.6519775390625
91.64543914794922 419.4150695800781
91.53499603271484 419.1803283691406
91.42059326171875 418.9352722167969
91.30699157714844 418.69195556640625
91.1947021484375 418.45050048828125
91.08428955078125 418.2110595703125
90.976318359375 417.9737854003906
90.87138366699219 417.73883056640625
90.76226043701172 417.491943359375
90.65403747558594 417.2468566894531
90.54724884033203 417.0036926269531
90.44245147705078 416.76263427734375
90.34022521972656 416.5238342285156
90.23397827148438 416.2739562988281
90.12815856933594 416.0257568359375
90.02325439453125 415.77935791015625
89.9197998046875 415.5349426269531
89.81834411621094 415.29266357421875
89.71947479248047 415.0527038574219
89.61653137207031 414.8011474609375
89.51390838623047 414.5512390136719
89.41209411621094 414.3031311035156
89.31160736083984 414.0570068359375
89.21300506591797 413.8130187988281
89.11685943603516 413.5713806152344
89.02375793457031 413.3322448730469
88.9263687133789 413.07940673828125
88.82952117919922 412.82830810546875
88.73371124267578 412.5791015625
88.63947296142578 412.3320007324219
88.54736328125 412.0871887207031
88.45796203613281 411.8448486328125
88.364501953125 411.5893859863281
88.27123260498047 411.3355712890625
88.17862701416016 411.08355712890625
88.08718872070312 410.8335266113281
87.9974594116211 410.5856628417969
87.9100112915039 410.3401794433594
87.82540893554688 410.0972900390625
87.74421691894531 409.857177734375
87.6669692993164 409.6199951171875
87.58198547363281 409.3565368652344
87.4996109008789 409.1031188964844
87.41879272460938 408.85186767578125
87.33462524414062 408.5904235839844
87.256103515625 408.3450927734375
87.17378997802734 408.08544921875
87.0995101928711 407.84710693359375
87.01776885986328 407.5823974609375
86.93831634521484 407.3274230957031
86.86026000976562 407.0745849609375
86.77894592285156 406.81182861328125
86.70285034179688 406.5648498535156
86.62985229492188 406.3206481933594
86.55052185058594 406.0544738769531
86.48088073730469 405.81817626953125
86.40354919433594 405.55230712890625
86.32467651367188 405.2875061035156
86.2493667602539 405.0354309082031
86.17627716064453 404.7858581542969
86.09971618652344 404.5230407714844
86.0299072265625 404.28021240234375
85.95357513427734 404.01324462890625
85.88745880126953 403.7786865234375
85.81349182128906 403.511962890625
85.7380142211914 403.2463073730469
85.66629028320312 402.9942626953125
85.59695434570312 402.74481201171875
85.52417755126953 402.4811096191406
85.45830535888672 402.2386779785156
85.38599395751953 401.9705810546875
85.31180572509766 401.70343017578125
85.24974822998047 401.4750061035156
85.17899322509766 401.2080383300781
85.10693359375 400.9421691894531
85.03965759277344 400.6928405761719
84.96894073486328 400.4286193847656
84.90522766113281 400.1864929199219
84.83509826660156 399.9177551269531
84.77525329589844 399.68426513671875
84.70780181884766 399.4157409667969
84.63877868652344 399.1482238769531
84.5733642578125 398.89501953125
84.5047836303711 398.6289978027344
84.44190216064453 398.3824462890625
84.37550354003906 398.1181945800781
84.30899810791016 397.8554992675781
84.25167846679688 397.62158203125
84.1870346069336 397.3522033691406
84.12075805664062 397.0838317871094
84.0578384399414 396.82958984375
83.99188232421875 396.562744140625
83.93161010742188 396.31610107421875
83.86795806884766 396.0513000488281
83.8042984008789 395.7882995605469
83.75025177001953 395.5564880371094
83.68981170654297 395.2889709472656
83.62798309326172 395.0209045410156
83.56524658203125 394.7541809082031
83.50922393798828 394.5113525390625
83.45105743408203 394.2507629394531
83.39422607421875 393.9927673339844
83.33464813232422 393.7234802246094
83.27342224121094 393.45416259765625
83.21617126464844 393.20166015625
83.15589904785156 392.93402099609375
83.09497833251953 392.6678771972656
83.04185485839844 392.4293212890625
82.98633575439453 392.1693420410156
82.9323959350586 391.91217041015625
82.87574768066406 391.6424865722656
82.81800842285156 391.37408447265625
82.75952911376953 391.1071472167969
82.70640563964844 390.8602294921875
82.65098571777344 390.5960388183594
82.59617614746094 390.3340759277344
82.54253387451172 390.0746765136719
82.49066925048828 389.8182373046875
82.43611145019531 389.5483093261719
82.3805160522461 389.2796936035156
82.33128356933594 389.0364074707031
82.2789306640625 388.7699890136719
82.22672271728516 388.5055236816406
82.1751937866211 388.24334716796875
82.08335876464844 387.789306640625
81.96199798583984 387.21612548828125
81.86426544189453 386.77508544921875
81.75491333007812 386.3093566894531
81.69688415527344 386.0818176269531
81.64559936523438 385.9018249511719
81.59455108642578 385.740966796875
81.53865814208984 385.5817565917969
81.47797393798828 385.42431640625
81.41254425048828 385.2687683105469
81.3424301147461 385.11529541015625
81.2677001953125 384.9640197753906
81.18842315673828 384.8150634765625
81.10467529296875 384.6685791015625
81.01652526855469 384.5246887207031
80.92405700683594 384.383544921875
80.82735443115234 384.2452697753906
80.72650909423828 384.1099853515625
80.62161254882812 383.9778137207031
80.51275634765625 383.848876953125
80.4000473022461 383.7232971191406
80.28358459472656 383.6011962890625
80.1634521484375 383.4826354980469
80.03881072998047 383.3668518066406
79.91079711914062 383.2549133300781
79.7648696899414 383.1344299316406
79.56705474853516 382.9779968261719
79.35970306396484 382.81890869140625
79.13610076904297 382.651611328125
78.91075134277344 382.4865417480469
78.68378448486328 382.3236999511719
78.45523071289062 382.1631164550781
78.23321533203125 382.0088806152344
78.01134490966797 381.85491943359375
77.78128814697266 381.69696044921875
77.54985046386719 381.5412292480469
77.3299560546875 381.3941955566406
77.11085510253906 381.24652099609375
76.89849090576172 381.1015625
76.66809844970703 380.9444580078125
76.45648956298828 380.80023193359375
76.30917358398438 380.6945495605469
76.0849380493164 380.5285339355469
75.87590026855469 380.3742370605469
75.66584777832031 380.2173156738281
75.44202423095703 380.0508728027344
75.2345199584961 379.8968505859375
75.02854919433594 379.7415771484375
74.80573272705078 379.5738830566406
74.60025787353516 379.41943359375
74.40049743652344 379.2662353515625
74.17977142333984 379.0965270996094
73.98143005371094 378.94354248046875
73.76129150390625 378.773193359375
73.564453125 378.6202697753906
73.34503936767578 378.4491271972656
73.1497802734375 378.2961120605469
72.93104553222656 378.1239318847656
72.73737335205078 377.970703125
72.51954650878906 377.7974853515625
72.32398223876953 377.6414489746094
72.1072769165039 377.4678039550781
71.91309356689453 377.31146240234375
71.6972885131836 377.13690185546875
71.5126953125 376.9860534667969
71.29850006103516 376.80926513671875
71.11234283447266 376.6543884277344
70.9001235961914 376.47625732421875
70.68619537353516 376.29937744140625
70.50148010253906 376.145263671875
70.289794921875 375.9668884277344
70.11437225341797 375.81695556640625
69.90536499023438 375.6357116699219
69.69522857666016 375.4559020996094
69.48399353027344 375.27752685546875
69.3109130859375 375.1290283203125
69.10325622558594 374.9478759765625
68.89472961425781 374.7679443359375
68.73007202148438 374.6229248046875
68.52545928955078 374.43896484375
68.32002258300781 374.256103515625
68.11380767822266 374.0743408203125
67.90685272216797 373.8936767578125
67.74593353271484 373.75
67.5427017211914 373.56451416015625
67.3386001586914 373.3801574707031
67.18072509765625 373.23431396484375
66.98098754882812 373.045654296875
66.82734680175781 372.89715576171875
66.63186645507812 372.7039794921875
66.43566131591797 372.5121154785156
66.23863220214844 372.3212585449219
66.08399963378906 372.1681823730469
65.89103698730469 371.9732360839844
65.69705963134766 371.7794494628906
65.5022201538086 371.58673095703125
65.30655670166016 371.3950500488281
65.15626525878906 371.24432373046875
64.96507263183594 371.0482177734375
64.77302551269531 370.853271484375
64.58023071289062 370.6593017578125
64.38677978515625 370.46630859375
64.23550415039062 370.3119201660156
64.0464859008789 370.11474609375
63.85659408569336 369.9186096191406
63.66587448120117 369.7235107421875
63.474365234375 369.5294189453125
63.326725006103516 369.376220703125
63.13971710205078 369.17755126953125
62.951904296875 368.9798889160156
62.763336181640625 368.7832336425781
62.574066162109375 368.5875244140625
62.424503326416016 368.429443359375
62.24015808105469 368.2304382324219
62.054901123046875 368.0325012207031
61.868778228759766 367.83563232421875
61.71875762939453 367.6737365722656
61.5368537902832 367.473388671875
61.35358428955078 367.2735290527344
61.20404815673828 367.1073913574219
61.02476119995117 366.9044189453125
60.879337310791016 366.7365417480469
60.70502853393555 366.5318603515625
60.52988052368164 366.3290100097656
60.35222244262695 366.1254577636719
60.20934295654297 365.9582824707031
60.04051971435547 365.7574768066406
59.8647575378418 365.5514221191406
59.68806076049805 365.3464050292969
59.54301834106445 365.17498779296875
59.37535095214844 364.9738464355469
59.20249938964844 364.7695617675781
59.056312561035156 364.5941467285156
58.89022445678711 364.3921813964844
58.718353271484375 364.18646240234375
58.57437515258789 364.01153564453125
58.41646194458008 363.8177185058594
58.26892852783203 363.63543701171875
58.1197395324707 363.4451599121094
57.9657096862793 363.24859619140625
57.81728744506836 363.0589904785156
57.66360855102539 362.8624572753906
57.516056060791016 362.6734313964844
57.37085723876953 362.48297119140625
57.23024368286133 362.2998962402344
57.08466339111328 362.1109313964844
56.94361114501953 361.9283752441406
56.79804611206055 361.7404479980469
56.65029525756836 361.5456848144531
56.509971618652344 361.3627624511719
56.36042785644531 361.1690368652344
56.21358871459961 360.9754943847656
56.06833267211914 360.7813720703125
55.93031692504883 360.5989685058594
55.783321380615234 360.4059753417969
55.63420104980469 360.20745849609375
55.49067687988281 360.0164794921875
55.346805572509766 359.8230895996094
55.20906448364258 359.6349792480469
55.072147369384766 359.4467468261719
54.93606948852539 359.25836181640625
54.79758071899414 359.0661926269531
54.65911102294922 358.87451171875
54.52069854736328 358.68328857421875
54.38238525390625 358.49249267578125
54.24421310424805 358.3020935058594
54.10177230834961 358.10491943359375
53.973060607910156 357.92694091796875
53.83098602294922 357.7305908203125
53.69023132324219 357.5338439941406
53.56305694580078 357.3560485839844
53.42288589477539 357.159912109375
53.29450225830078 356.98095703125
53.15415573120117 356.7860107421875
53.01094436645508 356.5854797363281
52.8682975769043 356.3851013183594
52.72627258300781 356.18487548828125
52.58493423461914 355.9847412109375
52.4495964050293 355.79315185546875
52.339073181152344 355.6318359375
52.21800994873047 355.4506530761719
52.0944938659668 355.269775390625
51.97751235961914 355.0960998535156
51.86666488647461 354.9300842285156
51.742740631103516 354.75018310546875
51.62611770629883 354.5783386230469
51.51504135131836 354.4130554199219
51.40062713623047 354.2410583496094
51.29133224487305 354.0749816894531
51.179447174072266 353.9108581542969
51.064796447753906 353.74078369140625
50.954830169677734 353.57574462890625
50.8425407409668 353.4059753417969
50.73390197753906 353.240478515625
50.62335205078125 353.0707092285156
50.51567840576172 352.9046936035156
50.406227111816406 352.7351989746094
50.307212829589844 352.5817565917969
50.19828414916992 352.4128112792969
50.09900665283203 352.2525329589844
50.00236129760742 352.0981140136719
49.902347564697266 351.9398498535156
49.80486297607422 351.78082275390625
49.708770751953125 351.6259765625
49.61026382446289 351.46905517578125
49.505584716796875 351.2988586425781
49.402000427246094 351.1287841796875
49.30441665649414 350.967041015625
49.22004318237305 350.8251953125
49.137229919433594 350.6831970214844
49.05721664428711 350.545654296875
48.96657943725586 350.39117431640625
48.876163482666016 350.2373046875
48.786014556884766 350.0840148925781
48.6961784362793 349.9313049316406
48.60669708251953 349.77911376953125
48.51762008666992 349.6274719238281
48.428985595703125 349.476318359375
48.3392333984375 349.3248291015625
48.24825668334961 349.1746826171875
48.156105041503906 349.02587890625
48.05329132080078 348.8623046875
47.967472076416016 348.7207336425781
47.89139175415039 348.5919494628906
47.801841735839844 348.4441223144531
47.7112922668457 348.2975769042969
47.62696075439453 348.15679931640625
47.544761657714844 348.0169372558594
47.469520568847656 347.89349365234375
47.38630294799805 347.7532043457031
47.30572509765625 347.6146545410156
47.23265838623047 347.4933776855469
47.134124755859375 347.3323669433594
47.052101135253906 347.1929626464844
46.97356033325195 347.056640625
46.89291000366211 346.9223937988281
46.811363220214844 346.7837829589844
46.73402404785156 346.6494445800781
46.65469741821289 346.51715087890625
46.573760986328125 346.37921142578125
46.501644134521484 346.25457763671875
46.41129684448242 346.1051025390625
46.33172607421875 345.9688720703125
46.2502555847168 345.8259582519531
46.17837905883789 345.6966857910156
46.138919830322266 345.6240539550781
46.072715759277344 345.4997253417969
46.091793060302734 345.536376953125
46.053531646728516 345.4668273925781
45.987030029296875 345.343505859375
46.009220123291016 345.3856201171875
45.93042755126953 345.2437438964844
45.864070892333984 345.12158203125
45.89067459106445 345.1717224121094
45.81194305419922 345.0307922363281
45.74580764770508 344.9097595214844
45.7767333984375 344.96771240234375
45.698150634765625 344.8277282714844
45.63230895996094 344.707763671875
45.66743469238281 344.7733459472656
45.58909225463867 344.63421630859375
45.52361297607422 344.5152587890625
45.562782287597656 344.58819580078125
45.499916076660156 344.4681396484375
45.48383331298828 344.43682861328125
45.52472686767578 344.51214599609375
45.46147155761719 344.3927001953125
45.4462890625 344.3634948730469
45.38619613647461 344.25439453125
45.322715759277344 344.1366271972656
45.36821746826172 344.2232666015625
45.308773040771484 344.1156921386719
45.24553298950195 343.99871826171875
45.29391860961914 344.0906066894531
45.23515701293945 343.9844665527344
45.17219924926758 343.8681945800781
45.223304748535156 343.9651184082031
45.165252685546875 343.8603515625
45.10261535644531 343.7447814941406
45.15627670288086 343.84649658203125
45.09895706176758 343.7430419921875
45.03667449951172 343.6280822753906
45.092716217041016 343.734375
45.03614807128906 343.6322021484375
44.9742546081543 343.517822265625
45.03250503540039 343.62847900390625
44.97670364379883 343.5274963378906
44.915225982666016 343.4136657714844
44.91646957397461 343.416015625
44.86153793334961 343.31170654296875
44.864479064941406 343.31732177734375
44.794551849365234 343.19171142578125
44.733768463134766 343.0809631347656
44.6662483215332 342.9561767578125
44.61280822753906 342.85711669921875
44.552757263183594 342.7419128417969
44.493370056152344 342.6279296875
44.43467712402344 342.51513671875
44.376705169677734 342.403564453125
44.319480895996094 342.29315185546875
44.29578399658203 342.24749755859375
44.23938751220703 342.138916015625
44.217525482177734 342.0968322753906
44.196109771728516 342.0557556152344
44.175140380859375 342.01568603515625
44.15461730957031 341.9765930175781
44.13453674316406 341.9384765625
44.11490249633789 341.90130615234375
44.05995559692383 341.7971496582031
44.042198181152344 341.763427734375
44.02485656738281 341.7305603027344
44.00792694091797 341.6985168457031
44.00266647338867 341.688232421875
44.133270263671875 341.9521789550781
44.25925064086914 342.2071228027344
44.38076400756836 342.4530029296875
44.480472564697266 342.6502990722656
44.51401901245117 342.7149963378906
44.45536422729492 342.6021423339844
44.397464752197266 342.490478515625
44.34034729003906 342.3799743652344
44.284034729003906 342.2706298828125
44.408695220947266 342.5130310058594
44.44486618041992 342.5830993652344
44.38721466064453 342.47161865234375
44.4243049621582 342.5432434082031
44.366737365722656 342.4322509765625
44.309967041015625 342.32244873046875
44.28693389892578 342.27789306640625
44.264366149902344 342.2344055175781
44.2086181640625 342.1269226074219
44.18791198730469 342.0869445800781
44.16765213012695 342.0479431152344
44.1478385925293 342.0098876953125
44.12846755981445 341.9727783203125
44.109535217285156 341.9365539550781
44.091041564941406 341.9012451171875
44.07297897338867 341.8667907714844
44.05534362792969 341.83319091796875
44.03813171386719 341.8004455566406
44.021339416503906 341.7685241699219
44.00495910644531 341.7373962402344
43.98898696899414 341.70703125
43.97341537475586 341.67742919921875
43.95823669433594 341.6485900878906
43.943443298339844 341.6204833984375
43.92903137207031 341.59307861328125
43.91498947143555 341.56634521484375
43.90131378173828 341.540283203125
43.887996673583984 341.514892578125
43.875030517578125 341.4901428222656
43.86240768432617 341.46600341796875
43.850120544433594 341.4424743652344
43.838165283203125 341.4195556640625
43.82653045654297 341.3971862792969
43.815208435058594 341.3753967285156
43.80419158935547 341.3541259765625
43.79347229003906 341.3334045410156
43.783042907714844 341.3132019042969
43.77289962768555 341.2934875488281
43.763031005859375 341.2742614746094
43.75343322753906 341.2554931640625
43.74409484863281 341.2371826171875
43.73501205444336 341.2193298339844
43.72617721557617 341.201904296875
43.86885070800781 341.48455810546875
44.00626754760742 341.75823974609375
44.13862609863281 342.0228576660156
44.26611328125 342.2783508300781
44.388912200927734 342.5246276855469
44.489479064941406 342.72198486328125
44.431339263916016 342.610107421875
44.3740234375 342.4993896484375
44.31755065917969 342.38983154296875
44.44157791137695 342.6309814453125
44.477108001708984 342.6998291015625
44.511451721191406 342.7659912109375
44.45305633544922 342.6536865234375
44.395477294921875 342.54254150390625
44.3387336730957 342.43255615234375
44.37820053100586 342.5090637207031
44.3216552734375 342.3994445800781
44.44561767578125 342.6402587890625
44.48103332519531 342.7088317871094
44.42324447631836 342.5970458984375
44.45957565307617 342.6672668457031
44.401939392089844 342.5559997558594
44.34513473510742 342.44586181640625
44.384361267089844 342.52191162109375
44.327754974365234 342.41217041015625
44.45148468017578 342.6525573730469
44.48668670654297 342.7207336425781
44.428836822509766 342.60882568359375
44.464969635009766 342.67864990234375
44.40726852416992 342.5672607421875
44.35040283203125 342.45703125
44.38944625854492 342.53271484375
44.3327751159668 342.4228820800781
44.372493743896484 342.4998779296875
44.31602478027344 342.3904113769531
44.440208435058594 342.6317138671875
44.4758415222168 342.70074462890625
44.41814041137695 342.5890808105469
44.454673767089844 342.65972900390625
44.39712905883789 342.5485534667969
44.434513092041016 342.6207275390625
44.377140045166016 342.510009765625
44.320613861083984 342.40045166015625
44.44466018676758 342.64141845703125
44.48014831542969 342.71014404296875
44.422386169433594 342.5984191894531
44.45878219604492 342.66876220703125
44.40117645263672 342.5575256347656
44.34440994262695 342.4474182128906
44.383689880371094 342.5235900878906
44.32712173461914 342.41387939453125
44.450862884521484 342.6544189453125
44.48611068725586 342.72271728515625
44.520179748535156 342.788330078125
44.461700439453125 342.6759033203125
44.40403747558594 342.56463623046875
44.34720993041992 342.4544982910156
44.38642501831055 342.5304870605469
44.32979965209961 342.4207458496094
44.36967086791992 342.498046875
44.31325912475586 342.388671875
44.437564849853516 342.6302795410156
44.473331451416016 342.6995849609375
44.50790023803711 342.76617431640625
44.449588775634766 342.65399169921875
44.39209747314453 342.54296875
44.33544921875 342.43310546875
44.375099182128906 342.510009765625
44.31866455078125 342.4005126953125
44.44271469116211 342.64178466796875
44.47828674316406 342.71075439453125
44.512664794921875 342.7770080566406
44.45433044433594 342.66473388671875
44.39681625366211 342.5536193847656
44.43427276611328 342.6259460449219
44.3769416809082 342.5152893066406
44.32046127319336 342.40576171875
44.44452667236328 342.64691162109375
44.480064392089844 342.7157897949219
44.51441192626953 342.7819519042969
44.45603561401367 342.669677734375
44.39848327636719 342.5585632324219
44.341773986816406 342.4485778808594
44.381221771240234 342.52508544921875
44.32472610473633 342.41546630859375
44.44859313964844 342.6563415527344
44.48398208618164 342.7249450683594
44.518184661865234 342.7908630371094
44.45979309082031 342.6784973144531
44.402225494384766 342.5672912597656
44.43951416015625 342.6392822265625
44.38212966918945 342.5285339355469
44.325599670410156 342.4189453125
44.44952392578125 342.6597595214844
44.48491287231445 342.72833251953125
44.51911544799805 342.794189453125
44.460693359375 342.68182373046875
44.40309524536133 342.57061767578125
44.34634017944336 342.4605712890625
44.38565444946289 342.53680419921875
44.32911682128906 342.4271240234375
44.45286178588867 342.667724609375
44.48812484741211 342.736083984375
44.52220916748047 342.8017578125
44.463783264160156 342.6893310546875
44.40618133544922 342.57806396484375
44.443359375 342.64984130859375
44.38594055175781 342.5390319824219
44.32938003540039 342.42938232421875
44.36936569213867 342.5069274902344
44.31303024291992 342.3976135253906
44.437374114990234 342.6394958496094
44.473228454589844 342.70904541015625
44.507877349853516 342.77587890625
44.449668884277344 342.66375732421875
44.39229202270508 342.55279541015625
44.42997741699219 342.6256408691406
44.37279510498047 342.5151062011719
44.41123580932617 342.58941650390625
44.35426330566406 342.4792785644531
44.29815673828125 342.37030029296875
44.42296600341797 342.6134033203125
44.459346771240234 342.68408203125
44.49449920654297 342.7519836425781
44.43653869628906 342.6401062011719
44.472618103027344 342.7096862792969
44.41482925415039 342.59832763671875
44.35789108276367 342.48809814453125
44.39687728881836 342.5635681152344
44.34015655517578 342.4537353515625
44.37980651855469 342.5305480957031
44.32331085205078 342.42108154296875
44.36357498168945 342.4991455078125
44.307315826416016 342.3899841308594
44.431922912597656 342.63238525390625
44.468021392822266 342.7024230957031
44.502899169921875 342.76971435546875
44.44478225708008 342.65771484375
44.38750076293945 342.546875
44.42538833618164 342.62017822265625
44.368309020996094 342.509765625
44.40693283081055 342.5845031738281
44.35007095336914 342.4744873046875
44.38938522338867 342.5505676269531
44.33274841308594 342.44091796875
44.372703552246094 342.518310546875
44.31629943847656 342.40899658203125
44.44069290161133 342.65069580078125
44.476505279541016 342.7200927734375
44.5111083984375 342.7867431640625
44.45283889770508 342.67462158203125
44.39540481567383 342.56365966796875
44.43305206298828 342.6363830566406
44.37582015991211 342.5258483886719
44.319454193115234 342.41644287109375
44.443599700927734 342.6579895019531
44.47928237915039 342.72723388671875
44.513763427734375 342.79376220703125
44.45553970336914 342.6815490722656
44.39814758300781 342.57049560546875
44.435665130615234 342.64306640625
44.378475189208984 342.5324401855469
44.416751861572266 342.6064758300781
44.35977554321289 342.49627685546875
44.398765563964844 342.57171630859375
44.34201431274414 342.4618835449219
44.38166427612305 342.53863525390625
44.32514953613281 342.4291687011719
44.365413665771484 342.5072021484375
44.309139251708984 342.3980712890625
44.43375778198242 342.6404113769531
44.469844818115234 342.7104187011719
44.50470733642578 342.77764892578125
44.44658279418945 342.6656494140625
44.38929748535156 342.5548095703125
44.42716598510742 342.6280822753906
44.37009048461914 342.5176696777344
44.408695220947266 342.5923767089844
44.35184097290039 342.48236083984375
44.39113235473633 342.55841064453125
44.334510803222656 342.4487609863281
44.37443542480469 342.526123046875
44.31805419921875 342.41680908203125
44.442378997802734 342.65850830078125
44.47816467285156 342.7278747558594
44.51273727416992 342.7945251464844
44.45450210571289 342.682373046875
44.3971061706543 342.5713806152344
44.43471145629883 342.6440734863281
44.37752151489258 342.53350830078125
44.4158821105957 342.607666015625
44.35891342163086 342.4975280761719
44.397979736328125 342.5730895996094
44.34123992919922 342.46331787109375
44.380958557128906 342.5401916503906
44.324459075927734 342.4307556152344
44.364784240722656 342.5089111328125
44.30853271484375 342.3998107910156
44.43320083618164 342.64227294921875
44.469337463378906 342.7123718261719
44.50424575805664 342.77972412109375
44.4461555480957 342.6677551269531
44.3889045715332 342.55694580078125
44.42680740356445 342.63031005859375
44.36977005004883 342.5198974609375
44.40840148925781 342.5946960449219
44.351593017578125 342.48468017578125
44.39090347290039 342.5608215332031
44.334327697753906 342.451171875
44.374267578125 342.52862548828125
44.31793975830078 342.4193115234375
44.44221496582031 342.6611328125
44.47801208496094 342.7305908203125
44.51259994506836 342.7973327636719
44.454429626464844 342.6851806640625
44.397098541259766 342.5741882324219
44.4347038269043 342.64697265625
44.37758255004883 342.5364074707031
44.41593551635742 342.61065673828125
44.359039306640625 342.50048828125
44.39808654785156 342.57611083984375
44.34142303466797 342.4663391113281
44.38111877441406 342.5433044433594
44.32469940185547 342.4338684082031
44.364994049072266 342.5120849609375
44.40386962890625 342.5872497558594
44.3470573425293 342.4773864746094
44.3865966796875 342.55389404296875
44.33002853393555 342.44439697265625
44.37018585205078 342.5221862792969
44.313865661621094 342.4129943847656
44.43840408325195 342.65509033203125
44.47438430786133 342.724853515625
44.5091438293457 342.7918701171875
44.450984954833984 342.6798400878906
44.39366912841797 342.5689392089844
44.43143844604492 342.6419982910156
44.37434005737305 342.5315246582031
44.412845611572266 342.60601806640625
44.35597610473633 342.4959411621094
44.39516830444336 342.5718078613281
44.33853530883789 342.46209716796875
44.37836456298828 342.539306640625
44.32197952270508 342.429931640625
44.4461784362793 342.6714782714844
44.481868743896484 342.7406921386719
44.51634979248047 342.80718994140625
44.458126068115234 342.69500732421875
44.40074157714844 342.583984375
44.43825149536133 342.65655517578125
44.38108444213867 342.54595947265625
44.41934585571289 342.6199951171875
44.362403869628906 342.5097961425781
44.4013671875 342.5852355957031
44.344661712646484 342.47540283203125
44.38427734375 342.55218505859375
44.32781982421875 342.4427185058594
44.368038177490234 342.520751953125
44.31183624267578 342.4115905761719
44.436302185058594 342.65399169921875
44.47234344482422 342.7239990234375
44.507164001464844 342.791259765625
44.44913864135742 342.6792297363281
44.48488998413086 342.7481994628906
44.42705535888672 342.6366882324219
44.37007522583008 342.52630615234375
44.40874099731445 342.6012268066406
44.351993560791016 342.4912414550781
44.391326904296875 342.5675048828125
44.33482360839844 342.4578857421875
44.37477493286133 342.53546142578125
44.4133186340332 342.6099853515625
44.35643005371094 342.49993896484375
44.39565658569336 342.5758361816406
44.33900833129883 342.4661560058594
44.378868103027344 342.5433654785156
44.322471618652344 342.43402099609375
44.362918853759766 342.51251220703125
44.306785583496094 342.40350341796875
44.431453704833984 342.6463317871094
44.46769332885742 342.7167663574219
44.50270080566406 342.784423828125
44.44475173950195 342.6725158691406
44.48067855834961 342.7418518066406
44.42292404174805 342.63043212890625
44.36602783203125 342.5201416015625
44.404842376708984 342.59539794921875
44.34818649291992 342.4855041503906
44.387657165527344 342.5621032714844
44.425743103027344 342.6357116699219
44.36869430541992 342.5254211425781
44.407493591308594 342.6004333496094
44.35068130493164 342.49053955078125
44.39014434814453 342.5669250488281
44.33358383178711 342.4573669433594
44.373661041259766 342.5350341796875
44.31735610961914 342.4258117675781
44.44176483154297 342.6678161621094
44.47766876220703 342.73748779296875
44.512351989746094 342.8044128417969
44.454227447509766 342.6923522949219
44.39694595336914 342.5814208984375
44.434627532958984 342.6543884277344
44.37757110595703 342.54388427734375
44.415985107421875 342.6183166503906
44.35916519165039 342.5082092285156
44.39826202392578 342.5840148925781
44.34169006347656 342.4742736816406
44.38142013549805 342.5513916015625
44.41975021362305 342.62548828125
44.362789154052734 342.5153503417969
44.401817321777344 342.5908508300781
44.3451042175293 342.4810791015625
44.3847770690918 342.55792236328125
44.32831573486328 342.448486328125
44.36858367919922 342.526611328125
44.31238555908203 342.4175109863281
44.43690490722656 342.65997314453125
44.47298049926758 342.73004150390625
44.50782775878906 342.79736328125
44.4498176574707 342.68536376953125
44.485595703125 342.75439453125
44.42778396606445 342.6429138183594
44.37083053588867 342.5325622558594
44.409507751464844 342.6075439453125
44.35279846191406 342.4975891113281
44.39213562011719 342.57391357421875
44.43009567260742 342.6472473144531
44.37299728393555 342.5368957519531
44.41167449951172 342.6116638183594
44.35481643676758 342.501708984375
44.3941650390625 342.5778503417969
44.33755874633789 342.46826171875
44.37752914428711 342.54571533203125
44.32118606567383 342.43646240234375
44.361724853515625 342.5151672363281
44.40082931518555 342.5907897949219
44.3441162109375 342.4810485839844
44.38385772705078 342.5579833984375
44.3274040222168 342.4486083984375
44.36773681640625 342.5268249511719
44.311546325683594 342.4177551269531
44.436134338378906 342.66033935546875
44.47226333618164 342.7304992675781
44.50716018676758 342.79791259765625
44.44916534423828 342.6859436035156
44.4849853515625 342.75506591796875
44.42719268798828 342.64361572265625
44.370262145996094 342.5332946777344
44.40897750854492 342.60833740234375
44.352291107177734 342.4983825683594
44.39166259765625 342.5747985839844
44.42965316772461 342.6482238769531
44.372581481933594 342.53790283203125
44.411285400390625 342.6127624511719
44.35445785522461 342.5028381347656
44.393829345703125 342.57904052734375
44.337257385253906 342.4694519042969
44.37724304199219 342.5469665527344
44.3209342956543 342.4377136230469
44.445228576660156 342.6795959472656
44.48104476928711 342.7491149902344
44.51564407348633 342.81591796875
44.45752716064453 342.70379638671875
44.49306869506836 342.7723083496094
44.43515396118164 342.66070556640625
44.37809753417969 342.55023193359375
44.41656494140625 342.6247253417969
44.3597526550293 342.5146484375
44.39889144897461 342.59051513671875
44.34233474731445 342.4808044433594
44.38209915161133 342.5580139160156
44.42046356201172 342.6321716308594
44.36353302001953 342.5220642089844
44.402584075927734 342.5976257324219
44.34590530395508 342.4878845214844
44.385589599609375 342.5647888183594
44.32917022705078 342.45538330078125
44.369441986083984 342.5335693359375
44.40829086303711 342.6086730957031
44.35150909423828 342.4988098144531
44.39101028442383 342.5752868652344
44.33448791503906 342.4657897949219
44.37459182739258 342.5435485839844
44.318336486816406 342.4343566894531
44.44271469116211 342.6764831542969
44.478633880615234 342.7462463378906
44.51333236694336 342.8132629394531
44.45527648925781 342.7012023925781
44.49090576171875 342.7699279785156
44.43305206298828 342.65838623046875
44.376060485839844 342.5479736328125
44.41460037231445 342.6226806640625
44.35785675048828 342.51263427734375
44.39706039428711 342.5887145996094
44.43488693237305 342.66180419921875
44.37776184082031 342.5513916015625
44.41631317138672 342.62591552734375
44.35943603515625 342.5158996582031
44.398658752441406 342.5918273925781
44.342041015625 342.482177734375
44.38188934326172 342.5594177246094
44.325538635253906 342.4501037597656
44.36595916748047 342.5285949707031
44.404945373535156 342.6040344238281
44.348236083984375 342.4942626953125
44.38786315917969 342.5710144042969
44.331417083740234 342.4615783691406
44.37163543701172 342.53961181640625
44.41042709350586 342.6145935058594
44.353614807128906 342.50469970703125
44.393062591552734 342.5810546875
44.33651351928711 342.4715270996094
44.37656784057617 342.5491943359375
44.320289611816406 342.4399719238281
44.44463348388672 342.6819763183594
44.480506896972656 342.7516174316406
44.51515579223633 342.81854248046875
44.45708084106445 342.7064514160156
44.49266815185547 342.77508544921875
44.43479537963867 342.66351318359375
44.37778854370117 342.5530700683594
44.41628646850586 342.627685546875
44.359527587890625 342.51763916015625
44.39868927001953 342.5936279296875
44.43647766113281 342.6666259765625
44.37934112548828 342.55621337890625
44.41785430908203 342.63067626953125
44.36096954345703 342.5206604003906
44.40015411376953 342.59649658203125
44.343528747558594 342.48681640625
44.383338928222656 342.5639953613281
44.32698059082031 342.45465087890625
44.36736297607422 342.5330810546875
44.406314849853516 342.6084289550781
44.34960174560547 342.4986267089844
44.389190673828125 342.5753173828125
44.332740783691406 342.4658508300781
44.372920989990234 342.5438537597656
44.411678314208984 342.6188049316406
44.3548698425293 342.5089111328125
44.394283294677734 342.585205078125
44.337738037109375 342.47564697265625
44.37775802612305 342.5532531738281
44.32148361206055 342.44403076171875
44.44577407836914 342.6860046386719
44.48161315917969 342.755615234375
44.516231536865234 342.822509765625
44.458168029785156 342.7104187011719
44.49372100830078 342.7790222167969
44.43586349487305 342.66741943359375
44.37887191772461 342.5569763183594
44.417335510253906 342.6315612792969
44.45445251464844 342.7032165527344
44.397071838378906 342.5924377441406
44.340572357177734 342.4828186035156
44.380455017089844 342.5602722167969
44.41892623901367 342.63470458984375
44.362064361572266 342.524658203125
44.40121078491211 342.6004638671875
44.34461212158203 342.49078369140625
44.384376525878906 342.56793212890625
44.32804870605469 342.45855712890625
44.368385314941406 342.5369567871094
44.40729522705078 342.6123046875
44.350616455078125 342.5024719238281
44.39016342163086 342.57916259765625
44.3337516784668 342.46966552734375
44.37388610839844 342.5476379394531
44.412601470947266 342.62255859375
44.3558349609375 342.51263427734375
44.39520263671875 342.58892822265625
44.33869934082031 342.4793395996094
44.37866973876953 342.5569152832031
44.4172248840332 342.6314697265625
44.3603630065918 342.5214538574219
44.39958953857422 342.5973815917969
44.34299087524414 342.48773193359375
44.38283157348633 342.5649719238281
44.326507568359375 342.4556579589844
44.36691665649414 342.5341796875
44.40589141845703 342.609619140625
44.34921646118164 342.4998474121094
44.38882827758789 342.5766296386719
44.332420349121094 342.4671936035156
44.372615814208984 342.5452575683594
44.4113883972168 342.6202697753906
44.3546257019043 342.5103759765625
44.394046783447266 342.5867614746094
44.33755111694336 342.4772033691406
44.3775749206543 342.55487060546875
44.41617965698242 342.6295166015625
44.35932540893555 342.51953125
44.39859390258789 342.5955505371094
44.342002868652344 342.4859313964844
44.38188552856445 342.5632629394531
44.32556915283203 342.4539794921875
44.36602020263672 342.5325622558594
44.405033111572266 342.6080627441406
44.348365783691406 342.498291015625
44.38801193237305 342.57513427734375
44.33161163330078 342.4656982421875
44.3718376159668 342.5438232421875
44.410640716552734 342.618896484375
44.353885650634766 342.509033203125
44.39333724975586 342.5854797363281
44.336849212646484 342.4759521484375
44.37689971923828 342.5536804199219
44.415531158447266 342.62835693359375
44.35868835449219 342.5184020996094
44.397979736328125 342.5944519042969
44.341400146484375 342.4848327636719
44.38130569458008 342.56219482421875
44.32500076293945 342.4529113769531
44.3654670715332 342.53155517578125
44.40449905395508 342.60711669921875
44.347843170166016 342.49737548828125
44.38750457763672 342.57427978515625
44.331119537353516 342.4648742675781
44.37136459350586 342.5430603027344
44.41018295288086 342.6181640625
44.35344314575195 342.50830078125
44.392906188964844 342.58477783203125
44.33643341064453 342.4752502441406
44.37649154663086 342.5530090332031
44.415130615234375 342.62774658203125
44.35830307006836 342.5177917480469
44.397605895996094 342.5939025878906
44.341041564941406 342.4842834472656
44.38095474243164 342.56170654296875
44.32466506958008 342.4524230957031
44.36513900756836 342.5310974121094
44.404178619384766 342.606689453125
44.347537994384766 342.4969482421875
44.38720703125 342.5738830566406
44.33083724975586 342.4644775390625
44.3710823059082 342.5426940917969
44.40990447998047 342.6178283691406
44.35318374633789 342.5079650878906
44.39265060424805 342.58447265625
44.33619689941406 342.4749450683594
44.376258850097656 342.552734375
44.41490173339844 342.6274719238281
44.358089447021484 342.51751708984375
44.39739227294922 342.5936279296875
44.34084701538086 342.4840087890625
44.38075637817383 342.5614318847656
44.324485778808594 342.4521484375
44.448631286621094 342.6939697265625
44.484375 342.763427734375
44.501163482666016 342.7950744628906
44.450870513916016 342.69952392578125
44.46860122680664 342.7334899902344
44.41928482055664 342.63824462890625
44.5192756652832 342.834228515625
44.46100616455078 342.72222900390625
44.403602600097656 342.6113586425781
44.44129943847656 342.6841735839844
44.3841438293457 342.57373046875
44.42256546020508 342.64801025390625
44.36567306518555 342.5379333496094
44.404762268066406 342.6136169433594
44.34813690185547 342.50390625
44.387847900390625 342.5809326171875
44.331504821777344 342.4715576171875
44.37178421020508 342.5498352050781
44.4106330871582 342.62506103515625
44.35395050048828 342.5152282714844
44.393436431884766 342.591796875
44.33702850341797 342.4822998046875
44.37710189819336 342.5601806640625
44.41575241088867 342.635009765625
44.35900115966797 342.5250549316406
44.3983039855957 342.60125732421875
44.341827392578125 342.4916687011719
44.38172912597656 342.5691833496094
44.42021560668945 342.6436462402344
44.3633918762207 342.5335998535156
44.40254211425781 342.6094665527344
44.34598922729492 342.4997863769531
44.38574981689453 342.57696533203125
44.424102783203125 342.651123046875
44.3671989440918 342.541015625
44.406227111816406 342.6165771484375
44.34959411621094 342.5068359375
44.38924789428711 342.583740234375
44.33289337158203 342.4743347167969
44.37311935424805 342.5525207519531
44.41191482543945 342.6276550292969
44.355220794677734 342.5177917480469
44.394657135009766 342.5942687988281
44.43269729614258 342.6677551269531
44.375648498535156 342.5574951171875
44.414390563964844 342.6324157714844
44.35760498046875 342.52252197265625
44.396995544433594 342.59881591796875
44.340484619140625 342.4892578125
44.380470275878906 342.5668640136719
44.419036865234375 342.64141845703125
44.3621826171875 342.53143310546875
44.40141296386719 342.6073913574219
44.34482955932617 342.4977722167969
44.38467025756836 342.5750427246094
44.328369140625 342.4657287597656
44.36876678466797 342.54425048828125
44.40773010253906 342.6197204589844
44.35109329223633 342.50994873046875
44.390682220458984 342.5867614746094
44.428871154785156 342.6605529785156
44.37187957763672 342.55035400390625
44.4107551574707 342.6255798339844
44.354034423828125 342.5157470703125
44.39354705810547 342.5923156738281
44.337100982666016 342.4828186035156
44.377201080322266 342.5606689453125
44.41587829589844 342.635498046875
44.35908889770508 342.52557373046875
44.398414611816406 342.6017761230469
44.34189987182617 342.4921875
44.38182830810547 342.5697021484375
44.42034149169922 342.6441650390625
44.36347961425781 342.5341491699219
44.40265655517578 342.6100158691406
44.3460693359375 342.5003662109375
44.38585662841797 342.5775451660156
44.329551696777344 342.46820068359375
44.369903564453125 342.5466613769531
44.40882110595703 342.6220397949219
44.352176666259766 342.5122375488281
44.3917236328125 342.5889587402344
44.42987060546875 342.6626892089844
44.37287521362305 342.552490234375
44.411712646484375 342.62762451171875
44.354984283447266 342.5177917480469
44.39446258544922 342.59429931640625
44.338008880615234 342.48480224609375
44.378074645996094 342.5625915527344
44.416717529296875 342.6373596191406
44.359920501708984 342.52740478515625
44.39921569824219 342.6035461425781
44.34269332885742 342.49395751953125
44.382591247558594 342.5714111328125
44.42107391357422 342.64581298828125
44.36420822143555 342.5357971191406
44.403358459472656 342.6116027832031
44.346763610839844 342.5019226074219
44.38652801513672 342.5790710449219
44.33021545410156 342.4697265625
44.37054443359375 342.5481262207031
44.40943908691406 342.62347412109375
44.352787017822266 342.513671875
44.39231491088867 342.5903625488281
44.430442810058594 342.6640319824219
44.37343978881836 342.5538024902344
44.412261962890625 342.62890625
44.355525970458984 342.51904296875
44.39498519897461 342.59552001953125
44.33852767944336 342.48602294921875
44.378578186035156 342.56378173828125
44.417205810546875 342.6385192871094
44.36040496826172 342.528564453125
44.399688720703125 342.60467529296875
44.343162536621094 342.49505615234375
44.38304901123047 342.5724792480469
44.4215202331543 342.6468505859375
44.364646911621094 342.53680419921875
44.40378189086914 342.6125793457031
44.3471794128418 342.5028991699219
44.386932373046875 342.58001708984375
44.33061218261719 342.4706726074219
44.37092971801758 342.5490417480469
44.409812927246094 342.6243591308594
44.35315704345703 342.5145263671875
44.39267349243164 342.5911865234375
44.430789947509766 342.66485595703125
44.373779296875 342.55462646484375
44.41259002685547 342.62969970703125
44.35585021972656 342.51983642578125
44.395301818847656 342.5962829589844
44.338836669921875 342.48675537109375
44.37887954711914 342.56451416015625
44.41749954223633 342.63922119140625
44.36069107055664 342.5292663574219
44.399967193603516 342.6053466796875
44.34343338012695 342.4957275390625
44.3833122253418 342.5731201171875
44.421775817871094 342.6474914550781
44.36489486694336 342.5374450683594
44.40402603149414 342.61322021484375
44.34741973876953 342.5035400390625
44.38716506958008 342.58062744140625
44.330841064453125 342.47125244140625
44.37115478515625 342.54962158203125
44.4100341796875 342.6249084472656
44.353370666503906 342.51507568359375
44.39288330078125 342.59173583984375
44.43099594116211 342.6653747558594
44.37398147583008 342.5551452636719
44.41278839111328 342.6302185058594
44.356040954589844 342.5203552246094
44.39548873901367 342.5968017578125
44.339019775390625 342.4872741699219
44.379058837890625 342.56500244140625
44.41767501831055 342.6396789550781
44.360862731933594 342.52972412109375
44.4001350402832 342.6058044433594
44.343597412109375 342.4961853027344
44.38347244262695 342.5735778808594
44.421932220458984 342.6479187011719
44.365047454833984 342.5378723144531
44.4041748046875 342.6136169433594
44.347564697265625 342.5039367675781
44.38731002807617 342.5810241699219
44.33098220825195 342.4716491699219
44.37129211425781 342.54998779296875
44.41017150878906 342.6252746582031
44.3535041809082 342.51544189453125
44.39301300048828 342.5920715332031
44.43112564086914 342.66571044921875
44.374107360839844 342.55548095703125
44.41291427612305 342.63055419921875
44.356163024902344 342.52069091796875
44.39561080932617 342.59710693359375
44.33913803100586 342.4875793457031
44.37917709350586 342.5653076171875
44.41779327392578 342.6399841308594
44.36097717285156 342.530029296875
44.40024948120117 342.6060791015625
44.34370803833008 342.4964599609375
44.383583068847656 342.5738525390625
44.42204284667969 342.648193359375
44.36515426635742 342.53814697265625
44.40428161621094 342.6138916015625
44.3476676940918 342.50421142578125
44.387413024902344 342.581298828125
44.33108139038086 342.471923828125
44.37139129638672 342.5502624511719
44.4102668762207 342.62554931640625
44.35359573364258 342.5157165527344
44.393104553222656 342.59234619140625
44.431217193603516 342.6659851074219
44.37419509887695 342.5557556152344
44.413002014160156 342.63079833984375
44.35624694824219 342.52093505859375
44.395694732666016 342.59735107421875
44.33921813964844 342.4878234863281
44.37925720214844 342.5655517578125
44.41787338256836 342.6402282714844
44.361053466796875 342.5302734375
44.400325775146484 342.6063232421875
44.343780517578125 342.4967041015625
44.3836555480957 342.5740661621094
44.422115325927734 342.6484069824219
44.36522674560547 342.5383605957031
44.404354095458984 342.6141052246094
44.34773635864258 342.5044250488281
44.387481689453125 342.58148193359375
44.331146240234375 342.47210693359375
44.371456146240234 342.5504455566406
44.41033172607422 342.625732421875
44.353660583496094 342.5158996582031
44.39316940307617 342.592529296875
44.43128204345703 342.6661682128906
44.3742561340332 342.5559387207031
44.413063049316406 342.6309814453125
44.35630798339844 342.5211181640625
44.395755767822266 342.5975341796875
44.33927536010742 342.4880065917969
44.37931442260742 342.56573486328125
44.417930603027344 342.6404113769531
44.361106872558594 342.53045654296875
44.4003791809082 342.60650634765625
44.343833923339844 342.49688720703125
44.38370895385742 342.5742492675781
44.42216873168945 342.6485900878906
44.36527633666992 342.5385437011719
44.40440368652344 342.6142883300781
44.34778594970703 342.5046081542969
44.38753128051758 342.5816650390625
44.33119201660156 342.4722900390625
44.37150192260742 342.5506286621094
44.410377502441406 342.62591552734375
44.353702545166016 342.5160827636719
44.393211364746094 342.59271240234375
44.336814880371094 342.48321533203125
44.37690734863281 342.5611267089844
44.41557693481445 342.6360168457031
44.35884094238281 342.5260925292969
44.39815902709961 342.6023254394531
44.341697692871094 342.49273681640625
44.38161087036133 342.5702819824219
44.420108795166016 342.6448059082031
44.363304138183594 342.5347900390625
44.402462005615234 342.6106872558594
44.34593200683594 342.5010070800781
44.38570022583008 342.5782470703125
44.4240608215332 342.6524658203125
44.367183685302734 342.5423583984375
44.40621566772461 342.61798095703125
44.349613189697266 342.50823974609375
44.38926315307617 342.5851745605469
44.42750930786133 342.65911865234375
44.37055587768555 342.5489807128906
44.40948486328125 342.62432861328125
44.35280227661133 342.5145263671875
44.39236068725586 342.5912170410156
44.33595657348633 342.48175048828125
44.376094818115234 342.5597229003906
44.41481018066406 342.6346435546875
44.35806655883789 342.5247497558594
44.39742660522461 342.6010437011719
44.34096145629883 342.4914855957031
44.38091278076172 342.569091796875
44.41944885253906 342.6436767578125
44.362640380859375 342.5336608886719
44.40183639526367 342.609619140625
44.34530258178711 342.4999694824219
44.38510513305664 342.5772399902344
44.42349624633789 342.6514892578125
44.36661911010742 342.5414123535156
44.40568161010742 342.6170654296875
44.34907531738281 342.5073547363281
44.388755798339844 342.5843505859375
44.42702865600586 342.6583251953125
44.37007522583008 342.5481872558594
44.40903091430664 342.6235656738281
44.35234832763672 342.5137939453125
44.39193344116211 342.59051513671875
44.33552932739258 342.4810791015625
44.37569046020508 342.55908203125
44.414424896240234 342.634033203125
44.35768127441406 342.5241394042969
44.39706039428711 342.6004638671875
44.34059524536133 342.49090576171875
44.38056564331055 342.56854248046875
44.41912078857422 342.64312744140625
44.36231231689453 342.53314208984375
44.40152359008789 342.609130859375
44.34498977661133 342.4994812011719
44.38480758666992 342.5767822265625
44.423213958740234 342.65106201171875
44.366336822509766 342.5409851074219
44.40541076660156 342.6166687011719
44.34880447387695 342.5069580078125
44.38849639892578 342.5839538574219
44.426780700683594 342.657958984375
44.36982727050781 342.5478210449219
44.40879440307617 342.62322998046875
44.35211181640625 342.5134582519531
44.39170455932617 342.5902099609375
44.335304260253906 342.48077392578125
44.3754768371582 342.5588073730469
44.414222717285156 342.6337890625
44.35748291015625 342.5238952636719
44.39686965942383 342.6002502441406
44.34040832519531 342.4906921386719
44.38039016723633 342.568359375
44.41895294189453 342.6429748535156
44.36214828491211 342.5329895019531
44.4013671875 342.6089782714844
44.3448371887207 342.49932861328125
44.38465881347656 342.57666015625
44.42306900024414 342.65093994140625
44.36619567871094 342.5408630371094
44.405277252197266 342.6165466308594
44.34867858886719 342.5068359375
44.38837432861328 342.5838623046875
44.42666244506836 342.6578674316406
44.36971664428711 342.5477294921875
44.408687591552734 342.6231384277344
44.352012634277344 342.51336669921875
44.39160919189453 342.5901184082031
44.33521270751953 342.4806823730469
44.37538528442383 342.5587158203125
44.41413116455078 342.6336975097656
44.357398986816406 342.5238037109375
44.39678955078125 342.60015869140625
44.34033203125 342.4906005859375
44.380313873291016 342.5682678222656
44.41887664794922 342.64288330078125
44.36207962036133 342.53289794921875
44.40129852294922 342.6089172363281
44.34477615356445 342.499267578125
44.38459777832031 342.57659912109375
44.42300796508789 342.6509094238281
44.36614227294922 342.54083251953125
44.40522003173828 342.61651611328125
44.34862518310547 342.5068054199219
44.38832092285156 342.5838317871094
44.42660903930664 342.6578369140625
44.369667053222656 342.5476989746094
44.408634185791016 342.62310791015625
44.351966857910156 342.5133361816406
44.391563415527344 342.5901184082031
44.335174560546875 342.4806823730469
44.37534713745117 342.5587463378906
44.414093017578125 342.6337585449219
44.35736846923828 342.52386474609375
44.39675521850586 342.6002197265625
44.34030532836914 342.49066162109375
44.38028335571289 342.5683288574219
44.41884231567383 342.6429748535156
44.36205291748047 342.5329895019531
44.401268005371094 342.6090087890625
44.34475326538086 342.4993591308594
44.38457489013672 342.5766906738281
44.42298126220703 342.6510009765625
44.36612319946289 342.5409240722656
44.40519714355469 342.61663818359375
44.34861373901367 342.5069274902344
44.3883056640625 342.5839538574219
44.42658996582031 342.657958984375
44.369659423828125 342.5478210449219
44.40862274169922 342.6232604980469
44.35196304321289 342.51348876953125
44.39155197143555 342.59027099609375
44.335174560546875 342.4808349609375
44.37533950805664 342.55889892578125
44.41408157348633 342.6339111328125
44.357364654541016 342.5240173339844
44.39674758911133 342.60040283203125
44.340309143066406 342.4908447265625
44.38028335571289 342.5685119628906
44.41883850097656 342.6431579589844
44.362060546875 342.5331726074219
44.40127182006836 342.60919189453125
44.34476852416992 342.4995422363281
44.38458251953125 342.5768737792969
44.4229850769043 342.65118408203125
44.36613845825195 342.5411071777344
44.405208587646484 342.6168212890625
44.348636627197266 342.5071105957031
44.38832092285156 342.58416748046875
44.42660140991211 342.658203125
44.36968231201172 342.5480651855469
44.40863800048828 342.6235046386719
44.351993560791016 342.51373291015625
44.39157485961914 342.59051513671875
44.42975616455078 342.6642761230469
44.37276077270508 342.5540771484375
44.41162872314453 342.6292724609375
44.35490417480469 342.5194396972656
44.3944091796875 342.5959777832031
44.33796691894531 342.4864807128906
44.378055572509766 342.5643310546875
44.416717529296875 342.6391296386719
44.35993576049805 342.5292053222656
44.39925003051758 342.6053771972656
44.342742919921875 342.49578857421875
44.38265609741211 342.5732727050781
44.42115020751953 342.6477355957031
44.36430358886719 342.5377197265625
44.40346145629883 342.6135559082031
44.34688949584961 342.5038757324219
44.38665771484375 342.5810546875
44.42501449584961 342.65521240234375
44.36809539794922 342.5451354980469
44.407127380371094 342.6206970214844
44.35048294067383 342.5109558105469
44.39013671875 342.5878601074219
44.33377456665039 342.47845458984375
44.374000549316406 342.556640625
44.41279602050781 342.6317443847656
44.35609817504883 342.5218811035156
44.395530700683594 342.5983581542969
44.339111328125 342.48883056640625
44.37913131713867 342.5666198730469
44.41773223876953 342.641357421875
44.3609733581543 342.5314025878906
44.40022277832031 342.6075134277344
44.34374237060547 342.4978942871094
44.38359451293945 342.5753173828125
44.42203140258789 342.64971923828125
44.36520767211914 342.5396728515625
44.4043083190918 342.615478515625
44.34775924682617 342.5057678222656
44.387474060058594 342.5828857421875
44.42578125 342.656982421875
44.36888885498047 342.546875
44.40787124633789 342.62237548828125
44.35124969482422 342.5126037597656
44.39085388183594 342.5894470214844
44.429054260253906 342.6632995605469
44.37208557128906 342.5531311035156
44.410972595214844 342.6283874511719
44.354278564453125 342.5185852050781
44.393795013427734 342.5951843261719
44.337379455566406 342.4857177734375
44.377479553222656 342.5636291503906
44.41615676879883 342.63848876953125
44.359405517578125 342.528564453125
44.39872741699219 342.60479736328125
44.342254638671875 342.4952087402344
44.382171630859375 342.57275390625
44.42067337036133 342.6472473144531
44.36385726928711 342.5372314453125
44.403018951416016 342.6131286621094
44.34648132324219 342.5034484863281
44.38624954223633 342.5806579589844
44.42461013793945 342.65484619140625
44.36772537231445 342.54473876953125
44.40675354003906 342.6203308105469
44.35014343261719 342.5105895996094
44.389793395996094 342.5875244140625
44.428035736083984 342.66143798828125
44.37107849121094 342.5513000488281
44.410003662109375 342.62664794921875
44.35332107543945 342.516845703125
44.39287567138672 342.5935363769531
44.33647537231445 342.48406982421875
44.376609802246094 342.5620422363281
44.41531753540039 342.636962890625
44.358577728271484 342.52703857421875
44.39793014526367 342.60333251953125
44.341468811035156 342.4937744140625
44.381412506103516 342.5713806152344
44.41994094848633 342.64593505859375
44.36314010620117 342.5359191894531
44.40232467651367 342.61187744140625
44.345802307128906 342.5022277832031
44.38559341430664 342.5794982910156
44.423973083496094 342.65374755859375
44.36710739135742 342.5436706542969
44.40615463256836 342.61932373046875
44.34956359863281 342.50958251953125
44.38922882080078 342.5865783691406
44.427490234375 342.6605529785156
44.37055206298828 342.5504150390625
44.40949249267578 342.62579345703125
44.35282897949219 342.5160217285156
44.39239501953125 342.5927429199219
44.33601379394531 342.4832763671875
44.376155853271484 342.561279296875
44.41487503051758 342.6362609863281
44.358154296875 342.5263671875
44.39751434326172 342.6026916503906
44.435482025146484 342.676025390625
44.37841033935547 342.56573486328125
44.41707992553711 342.6405029296875
44.36027908325195 342.53057861328125
44.39959716796875 342.60675048828125
44.343074798583984 342.4971618652344
44.382991790771484 342.57464599609375
44.42149353027344 342.6490783691406
44.364627838134766 342.5390625
44.40378952026367 342.6148986816406
44.34720230102539 342.5052490234375
44.38697814941406 342.5823974609375
44.42533874511719 342.6565246582031
44.368408203125 342.54644775390625
44.40744400024414 342.6219787597656
44.35078811645508 342.5122375488281
44.390445709228516 342.589111328125
44.33407211303711 342.4797058105469
44.37430191040039 342.557861328125
44.41310119628906 342.6329650878906
44.35639190673828 342.5231018066406
44.39582824707031 342.5995788574219
44.33940124511719 342.49005126953125
44.379425048828125 342.56781005859375
44.418025970458984 342.6425476074219
44.36125946044922 342.5325927734375
44.4005126953125 342.60870361328125
44.344024658203125 342.49908447265625
44.38387680053711 342.5765075683594
44.42231750488281 342.6509094238281
44.3654899597168 342.5408630371094
44.40459060668945 342.61663818359375
44.34803771972656 342.5069274902344
44.387752532958984 342.58404541015625
44.42605972290039 342.65814208984375
44.369163513183594 342.54803466796875
44.40814208984375 342.62353515625
44.35152053833008 342.5137634277344
44.3911247253418 342.5906066894531
44.429325103759766 342.6644287109375
44.37235641479492 342.55426025390625
44.41123962402344 342.6295166015625
44.35454177856445 342.51971435546875
44.39405822753906 342.5963134765625
44.337642669677734 342.4868469238281
44.37773895263672 342.56475830078125
44.416412353515625 342.6396179199219
44.35966110229492 342.5296936035156
44.39897918701172 342.6059265136719
44.342506408691406 342.496337890625
44.38241958618164 342.5738830566406
44.42091751098633 342.64837646484375
44.364105224609375 342.5383605957031
44.403263092041016 342.6142578125
44.34672927856445 342.50457763671875
44.38649368286133 342.581787109375
44.42484664916992 342.6559753417969
44.36796951293945 342.5458679199219
44.4069938659668 342.6214599609375
44.35039138793945 342.51171875
44.39003372192383 342.5886535644531
44.42827224731445 342.6625671386719
44.37132263183594 342.5523986816406
44.410240173339844 342.62774658203125
44.35356521606445 342.5179443359375
44.39311218261719 342.5946350097656
44.33671951293945 342.48516845703125
44.3768424987793 342.5631408691406
44.41554260253906 342.6380615234375
44.35881423950195 342.52813720703125
44.398155212402344 342.60443115234375
44.341705322265625 342.4948425292969
44.38164138793945 342.57244873046875
44.42015838623047 342.6470031738281
44.363372802734375 342.5369873046875
44.40254592895508 342.6129455566406
44.34603500366211 342.5032958984375
44.38581466674805 342.58056640625
44.4241828918457 342.6548156738281
44.367332458496094 342.54473876953125
44.406368255615234 342.6203918457031
44.34979248046875 342.5106506347656
44.38944625854492 342.587646484375
44.427696228027344 342.66162109375
44.37077713012695 342.5514831542969
44.40970230102539 342.6268615722656
44.353057861328125 342.5170593261719
44.392608642578125 342.5937805175781
44.43075942993164 342.6675109863281
44.3737678527832 342.55731201171875
44.41260528564453 342.6324462890625
44.35588455200195 342.5226135253906
44.39535903930664 342.59912109375
44.33892059326172 342.4896240234375
44.37897872924805 342.56744384765625
44.4176139831543 342.6422119140625
44.36083984375 342.5322570800781
44.400123596191406 342.6083984375
44.3436279296875 342.4988098144531
44.38351058959961 342.5762634277344
44.42197799682617 342.65069580078125
44.365142822265625 342.5406494140625
44.404273986816406 342.616455078125
44.347713470458984 342.50677490234375
44.387451171875 342.58392333984375
44.42578125 342.6580505371094
44.36887741088867 342.5479431152344
44.40787887573242 342.62347412109375
44.351253509521484 342.51373291015625
44.39087677001953 342.5906066894531
44.42909622192383 342.6644592285156
44.37212371826172 342.5542907714844
44.41102600097656 342.62957763671875
44.35432815551758 342.519775390625
44.39385986328125 342.5964050292969
44.33744430541992 342.4869384765625
44.37755584716797 342.5648498535156
44.41624450683594 342.63970947265625
44.359493255615234 342.52978515625
44.398826599121094 342.60601806640625
44.34235382080078 342.4964294433594
44.38227844238281 342.573974609375
44.4207878112793 342.64849853515625
44.363975524902344 342.5384826660156
44.403141021728516 342.6143798828125
44.34660720825195 342.50469970703125
44.38637924194336 342.5819396972656
44.42474365234375 342.6561584472656
44.36787033081055 342.54608154296875
44.40690231323242 342.6217041015625
44.350303649902344 342.511962890625
44.38995361328125 342.5888977050781
44.42819595336914 342.662841796875
44.371253967285156 342.5527038574219
44.410179138183594 342.6280517578125
44.353511810302734 342.51824951171875
44.393062591552734 342.5949401855469
44.33667755126953 342.4854736328125
44.37680435180664 342.5634765625
44.41550827026367 342.638427734375
44.358787536621094 342.52850341796875
44.39813232421875 342.60479736328125
44.43608474731445 342.6781005859375
44.37901306152344 342.56781005859375
44.417667388916016 342.642578125
44.36086654663086 342.53265380859375
44.40017318725586 342.6087951660156
44.34365463256836 342.49920654296875
44.3835563659668 342.57666015625
44.42204284667969 342.6510925292969
44.36518478393555 342.54107666015625
44.40433120727539 342.61688232421875
44.347747802734375 342.5072021484375
44.38750457763672 342.5843505859375
44.42585372924805 342.6584777832031
44.36893081665039 342.5483703613281
44.40795135498047 342.6239013671875
44.35130310058594 342.51416015625
44.39094543457031 342.5910339355469
44.3345832824707 342.48162841796875
44.374794006347656 342.5597839355469
44.413578033447266 342.6348876953125
44.35688018798828 342.5250244140625
44.396297454833984 342.6014709472656
44.434322357177734 342.6749267578125
44.37727737426758 342.5646667480469
44.41599655151367 342.6395568847656
44.359222412109375 342.5296630859375
44.39858627319336 342.6059265136719
44.34209442138672 342.4963684082031
44.38205337524414 342.5739440917969
44.42059326171875 342.6484680175781
44.36376190185547 342.5384826660156
44.402957916259766 342.6144104003906
44.346405029296875 342.5047607421875
44.386207580566406 342.5820007324219
44.42459487915039 342.6562194824219
44.36770248413086 342.546142578125
44.406761169433594 342.62176513671875
44.35014343261719 342.5120544433594
44.38981628417969 342.5890197753906
44.42808151245117 342.6629638671875
44.371124267578125 342.5528259277344
44.41006851196289 342.628173828125
44.35338592529297 342.5184020996094
44.39295959472656 342.5951232910156
44.3365592956543 342.4856872558594
44.376708984375 342.5636901855469
44.41543197631836 342.6386413574219
44.358699798583984 342.52874755859375
44.39806365966797 342.6050720214844
44.341609954833984 342.4955139160156
44.38156509399414 342.5731506347656
44.420101165771484 342.6477355957031
