59.332763671875 449.3360900878906
58.66223907470703 448.6755065917969
57.98843002319336 448.0182800292969
57.31135559082031 447.3644104003906
56.63103103637695 446.71392822265625
55.947471618652344 446.06683349609375
55.26069641113281 445.42315673828125
54.57072067260742 444.7829284667969
53.8775634765625 444.1461486816406
53.181243896484375 443.5128173828125
52.48177719116211 442.8829650878906
51.779178619384766 442.256591796875
51.07346725463867 441.63372802734375
50.364662170410156 441.014404296875
49.65277862548828 440.39862060546875
48.937835693359375 439.786376953125
48.219852447509766 439.1777038574219
47.498844146728516 438.5726318359375
46.77482986450195 437.9711608886719
46.047828674316406 437.373291015625
45.31785583496094 436.779052734375
44.584930419921875 436.1884765625
43.84907150268555 435.6015625
43.11029815673828 435.018310546875
42.36862564086914 434.4387512207031
41.62407302856445 433.8628845214844
40.87666320800781 433.2907409667969
40.12641143798828 432.7223205566406
39.37333679199219 432.15765380859375
38.617454528808594 431.59674072265625
37.858787536621094 431.03961181640625
37.097354888916016 430.48626708984375
36.33317184448242 429.9367370605469
35.566261291503906 429.3910217285156
34.7966423034668 428.84912109375
34.024330139160156 428.3110656738281
33.24934768676758 427.77685546875
32.47171401977539 427.24652099609375
31.69144630432129 426.7200622558594
30.908565521240234 426.197509765625
30.123088836669922 425.6788635253906
29.335037231445312 425.16412353515625
28.544431686401367 424.6533203125
27.75128936767578 424.146484375
26.955631256103516 423.6435852050781
26.15747833251953 423.1446533203125
25.356847763061523 422.64971923828125
24.553762435913086 422.1587829589844
23.748239517211914 421.6718444824219
22.94029998779297 421.1889343261719
22.12996482849121 420.7100524902344
21.31725311279297 420.2352294921875
20.502185821533203 419.76446533203125
19.684782028198242 419.2977600097656
18.865062713623047 418.8351135253906
18.043048858642578 418.3765563964844
17.218759536743164 417.922119140625
17.218759536743164 417.922119140625
17.218759536743164 417.922119140625
17.218759536743164 417.922119140625
17.218759536743164 417.922119140625
17.218759536743164 417.922119140625
17.218759536743164 417.922119140625
17.218759536743164 417.922119140625
17.218759536743164 417.922119140625
17.218759536743164 417.922119140625
17.218759536743164 417.922119140625
17.218759536743164 417.922119140625
17.218759536743164 417.922119140625
17.218759536743164 417.922119140625
17.218759536743164 417.922119140625
17.218759536743164 417.922119140625
17.218759536743164 417.922119140625
17.218759536743164 417.922119140625
17.218759536743164 417.922119140625
17.218759536743164 417.922119140625
17.218759536743164 417.922119140625
17.218759536743164 417.922119140625
17.218759536743164 417.922119140625
17.218759536743164 417.922119140625
17.218759536743164 417.922119140625
17.218759536743164 417.922119140625
17.218759536743164 417.922119140625
17.218759536743164 417.922119140625
17.218759536743164 417.922119140625
17.218759536743164 417.922119140625
17.218759536743164 417.922119140625
17.218759536743164 417.922119140625
17.218759536743164 417.922119140625
17.218759536743164 417.922119140625
17.218759536743164 417.922119140625
17.218759536743164 417.922119140625
17.218759536743164 417.922119140625
17.218759536743164 417.922119140625
17.218759536743164 417.922119140625
17.218759536743164 417.922119140625
17.218759536743164 417.922119140625
17.218759536743164 417.922119140625
17.218759536743164 417.922119140625
17.218759536743164 417.922119140625
17.218759536743164 417.922119140625
17.218759536743164 417.922119140625
17.218759536743164 417.922119140625
17.218759536743164 417.922119140625
17.218759536743164 417.922119140625
17.218759536743164 417.922119140625
17.218759536743164 417.922119140625
17.218759536743164 417.922119140625
17.218759536743164 417.922119140625
17.218759536743164 417.922119140625
17.218759536743164 417.922119140625
17.218759536743164 417.922119140625
17.218759536743164 417.922119140625
17.218759536743164 417.922119140625
17.218759536743164 417.922119140625
17.218759536743164 417.922119140625
17.218759536743164 417.922119140625
17.218759536743164 417.922119140625
17.218759536743164 417.922119140625
17.218759536743164 417.922119140625
17.218759536743164 417.922119140625
17.218759536743164 417.922119140625
17.218759536743164 417.922119140625
17.218759536743164 417.922119140625
17.218759536743164 417.922119140625
17.218759536743164 417.922119140625
17.218759536743164 417.922119140625
17.218759536743164 417.922119140625
17.218759536743164 417.922119140625
17.218759536743164 417.922119140625
17.218759536743164 417.922119140625
17.218759536743164 417.922119140625
17.218759536743164 417.922119140625
17.218759536743164 417.922119140625
17.218759536743164 417.922119140625
17.218759536743164 417.922119140625
17.218759536743164 417.922119140625
17.218759536743164 417.922119140625
17.218759536743164 417.922119140625
17.218759536743164 417.922119140625
17.218759536743164 417.922119140625
17.218759536743164 417.922119140625
17.218759536743164 417.922119140625
17.218759536743164 417.922119140625
17.218759536743164 417.922119140625
17.218759536743164 417.922119140625
17.218759536743164 417.922119140625
17.218759536743164 417.922119140625
17.218759536743164 417.922119140625
17.218759536743164 417.922119140625
17.218759536743164 417.922119140625
17.218759536743164 417.922119140625
17.218759536743164 417.922119140625
17.218759536743164 417.922119140625
17.218759536743164 417.922119140625
17.218759536743164 417.922119140625
17.218759536743164 417.922119140625
17.218759536743164 417.922119140625
17.218759536743164 417.922119140625
17.218759536743164 417.922119140625
17.218759536743164 417.922119140625
17.218759536743164 417.922119140625
17.218759536743164 417.922119140625
17.218759536743164 417.922119140625
17.218759536743164 417.922119140625
17.218759536743164 417.922119140625
17.218759536743164 417.922119140625
17.218759536743164 417.922119140625
17.218759536743164 417.922119140625
17.218759536743164 417.922119140625
17.218759536743164 417.922119140625
17.218759536743164 417.922119140625
17.218759536743164 417.922119140625
17.218759536743164 417.922119140625
17.218759536743164 417.922119140625
17.218759536743164 417.922119140625
17.218759536743164 417.922119140625
17.218759536743164 417.922119140625
17.218759536743164 417.922119140625
17.218759536743164 417.922119140625
17.218759536743164 417.922119140625
17.218759536743164 417.922119140625
17.218759536743164 417.922119140625
17.218759536743164 417.922119140625
17.218759536743164 417.922119140625
17.218759536743164 417.922119140625
17.218759536743164 417.922119140625
17.218759536743164 417.922119140625
17.218759536743164 417.922119140625
17.218759536743164 417.922119140625
17.218759536743164 417.922119140625
17.218759536743164 417.922119140625
17.218759536743164 417.922119140625
17.218759536743164 417.922119140625
17.218759536743164 417.922119140625
17.218759536743164 417.922119140625
17.218759536743164 417.922119140625
17.218759536743164 417.922119140625
17.218759536743164 417.922119140625
17.218759536743164 417.922119140625
17.218759536743164 417.922119140625
17.218759536743164 417.922119140625
17.218759536743164 417.922119140625
17.218759536743164 417.922119140625
17.218759536743164 417.922119140625
17.218759536743164 417.922119140625
17.218759536743164 417.922119140625
17.218759536743164 417.922119140625
17.218759536743164 417.922119140625
17.218759536743164 417.922119140625
17.218759536743164 417.922119140625
17.218759536743164 417.922119140625
17.218759536743164 417.922119140625
17.218759536743164 417.922119140625
17.218759536743164 417.922119140625
17.218759536743164 417.922119140625
17.218759536743164 417.922119140625
17.218759536743164 417.922119140625
17.218759536743164 417.922119140625
17.218759536743164 417.922119140625
17.218759536743164 417.922119140625
17.218759536743164 417.922119140625
17.218759536743164 417.922119140625
17.218759536743164 417.922119140625
17.218759536743164 417.922119140625
17.218759536743164 417.922119140625
17.218759536743164 417.922119140625
17.218759536743164 417.922119140625
17.218759536743164 417.922119140625
17.218759536743164 417.922119140625
17.218759536743164 417.922119140625
17.218759536743164 417.922119140625
17.218759536743164 417.922119140625
17.218759536743164 417.922119140625
17.218759536743164 417.922119140625
17.218759536743164 417.922119140625
17.218759536743164 417.922119140625
17.218759536743164 417.922119140625
17.218759536743164 417.922119140625
17.218759536743164 417.922119140625
17.218759536743164 417.922119140625
17.218759536743164 417.922119140625
17.218759536743164 417.922119140625
17.218759536743164 417.922119140625
17.218759536743164 417.922119140625
17.218759536743164 417.922119140625
17.218759536743164 417.922119140625
17.218759536743164 417.922119140625
17.218759536743164 417.922119140625
17.218759536743164 417.922119140625
17.218759536743164 417.922119140625
17.218759536743164 417.922119140625
17.218759536743164 417.922119140625
17.218759536743164 417.922119140625
17.218759536743164 417.922119140625
17.218759536743164 417.922119140625
17.218759536743164 417.922119140625
17.218759536743164 417.922119140625
17.218759536743164 417.922119140625
17.218759536743164 417.922119140625
17.218759536743164 417.922119140625
17.218759536743164 417.922119140625
17.218759536743164 417.922119140625
17.218759536743164 417.922119140625
17.218759536743164 417.922119140625
17.218759536743164 417.922119140625
17.218759536743164 417.922119140625
17.218759536743164 417.922119140625
17.218759536743164 417.922119140625
17.218759536743164 417.922119140625
17.218759536743164 417.922119140625
17.218759536743164 417.922119140625
17.218759536743164 417.922119140625
17.218759536743164 417.922119140625
17.218759536743164 417.922119140625
17.218759536743164 417.922119140625
17.218759536743164 417.922119140625
17.218759536743164 417.922119140625
17.218759536743164 417.922119140625
17.218759536743164 417.922119140625
17.218759536743164 417.922119140625
17.218759536743164 417.922119140625
17.218759536743164 417.922119140625
17.218759536743164 417.922119140625
17.218759536743164 417.922119140625
17.218759536743164 417.922119140625
17.218759536743164 417.922119140625
17.218759536743164 417.922119140625
17.218759536743164 417.922119140625
17.218759536743164 417.922119140625
17.218759536743164 417.922119140625
17.218759536743164 417.922119140625
17.218759536743164 417.922119140625
17.218759536743164 417.922119140625
17.218759536743164 417.922119140625
17.218759536743164 417.922119140625
17.218759536743164 417.922119140625
17.218759536743164 417.922119140625
16.500106811523438 418.5299987792969
16.500106811523438 418.5299987792969
16.500106811523438 418.5299987792969
16.500106811523438 418.5299987792969
16.500106811523438 418.5299987792969
16.500106811523438 418.5299987792969
16.500106811523438 418.5299987792969
16.500106811523438 418.5299987792969
16.500106811523438 418.5299987792969
16.500106811523438 418.5299987792969
16.500106811523438 418.5299987792969
16.500106811523438 418.5299987792969
16.500106811523438 418.5299987792969
16.500106811523438 418.5299987792969
16.500106811523438 418.5299987792969
16.500106811523438 418.5299987792969
16.500106811523438 418.5299987792969
16.500106811523438 418.5299987792969
16.500106811523438 418.5299987792969
16.500106811523438 418.5299987792969
16.500106811523438 418.5299987792969
16.500106811523438 418.5299987792969
16.500106811523438 418.5299987792969
16.500106811523438 418.5299987792969
16.500106811523438 418.5299987792969
16.500106811523438 418.5299987792969
16.500106811523438 418.5299987792969
16.500106811523438 418.5299987792969
16.500106811523438 418.5299987792969
16.500106811523438 418.5299987792969
16.500106811523438 418.5299987792969
16.500106811523438 418.5299987792969
16.500106811523438 418.5299987792969
16.500106811523438 418.5299987792969
16.500106811523438 418.5299987792969
16.500106811523438 418.5299987792969
16.500106811523438 418.5299987792969
16.500106811523438 418.5299987792969
16.500106811523438 418.5299987792969
16.500106811523438 418.5299987792969
16.500106811523438 418.5299987792969
16.500106811523438 418.5299987792969
16.500106811523438 418.5299987792969
16.500106811523438 418.5299987792969
16.500106811523438 418.5299987792969
16.500106811523438 418.5299987792969
16.500106811523438 418.5299987792969
16.500106811523438 418.5299987792969
16.500106811523438 418.5299987792969
16.500106811523438 418.5299987792969
16.500106811523438 418.5299987792969
16.500106811523438 418.5299987792969
16.500106811523438 418.5299987792969
16.500106811523438 418.5299987792969
16.500106811523438 418.5299987792969
16.500106811523438 418.5299987792969
16.500106811523438 418.5299987792969
16.500106811523438 418.5299987792969
16.500106811523438 418.5299987792969
16.500106811523438 418.5299987792969
16.500106811523438 418.5299987792969
16.500106811523438 418.5299987792969
16.500106811523438 418.5299987792969
16.500106811523438 418.5299987792969
16.500106811523438 418.5299987792969
16.500106811523438 418.5299987792969
16.500106811523438 418.5299987792969
16.500106811523438 418.5299987792969
16.500106811523438 418.5299987792969
16.500106811523438 418.5299987792969
16.500106811523438 418.5299987792969
16.500106811523438 418.5299987792969
16.500106811523438 418.5299987792969
16.500106811523438 418.5299987792969
16.500106811523438 418.5299987792969
16.500106811523438 418.5299987792969
16.500106811523438 418.5299987792969
16.500106811523438 418.5299987792969
16.500106811523438 418.5299987792969
16.500106811523438 418.5299987792969
16.500106811523438 418.5299987792969
16.500106811523438 418.5299987792969
16.500106811523438 418.5299987792969
16.500106811523438 418.5299987792969
16.500106811523438 418.5299987792969
16.500106811523438 418.5299987792969
16.500106811523438 418.5299987792969
16.500106811523438 418.5299987792969
16.500106811523438 418.5299987792969
16.500106811523438 418.5299987792969
16.500106811523438 418.5299987792969
16.500106811523438 418.5299987792969
16.500106811523438 418.5299987792969
16.500106811523438 418.5299987792969
16.500106811523438 418.5299987792969
16.500106811523438 418.5299987792969
16.500106811523438 418.5299987792969
16.500106811523438 418.5299987792969
16.500106811523438 418.5299987792969
16.500106811523438 418.5299987792969
16.500106811523438 418.5299987792969
16.500106811523438 418.5299987792969
16.500106811523438 418.5299987792969
16.500106811523438 418.5299987792969
16.500106811523438 418.5299987792969
16.500106811523438 418.5299987792969
16.500106811523438 418.5299987792969
16.500106811523438 418.5299987792969
16.500106811523438 418.5299987792969
16.500106811523438 418.5299987792969
16.500106811523438 418.5299987792969
16.500106811523438 418.5299987792969
16.500106811523438 418.5299987792969
16.500106811523438 418.5299987792969
16.500106811523438 418.5299987792969
16.500106811523438 418.5299987792969
16.500106811523438 418.5299987792969
16.500106811523438 418.5299987792969
16.500106811523438 418.5299987792969
16.500106811523438 418.5299987792969
16.500106811523438 418.5299987792969
16.500106811523438 418.5299987792969
16.500106811523438 418.5299987792969
16.500106811523438 418.5299987792969
16.500106811523438 418.5299987792969
16.500106811523438 418.5299987792969
16.500106811523438 418.5299987792969
16.500106811523438 418.5299987792969
16.500106811523438 418.5299987792969
16.500106811523438 418.5299987792969
16.500106811523438 418.5299987792969
16.500106811523438 418.5299987792969
16.500106811523438 418.5299987792969
16.500106811523438 418.5299987792969
16.500106811523438 418.5299987792969
16.500106811523438 418.5299987792969
16.500106811523438 418.5299987792969
16.500106811523438 418.5299987792969
16.500106811523438 418.5299987792969
16.500106811523438 418.5299987792969
16.500106811523438 418.5299987792969
16.500106811523438 418.5299987792969
16.500106811523438 418.5299987792969
16.500106811523438 418.5299987792969
16.500106811523438 418.5299987792969
16.500106811523438 418.5299987792969
16.500106811523438 418.5299987792969
16.500106811523438 418.5299987792969
16.500106811523438 418.5299987792969
16.500106811523438 418.5299987792969
16.500106811523438 418.5299987792969
16.500106811523438 418.5299987792969
16.500106811523438 418.5299987792969
16.500106811523438 418.5299987792969
16.500106811523438 418.5299987792969
16.500106811523438 418.5299987792969
16.500106811523438 418.5299987792969
16.500106811523438 418.5299987792969
16.500106811523438 418.5299987792969
16.500106811523438 418.5299987792969
16.500106811523438 418.5299987792969
16.500106811523438 418.5299987792969
16.500106811523438 418.5299987792969
16.500106811523438 418.5299987792969
16.500106811523438 418.5299987792969
16.500106811523438 418.5299987792969
16.500106811523438 418.5299987792969
16.500106811523438 418.5299987792969
16.500106811523438 418.5299987792969
16.500106811523438 418.5299987792969
16.500106811523438 418.5299987792969
16.500106811523438 418.5299987792969
16.500106811523438 418.5299987792969
16.500106811523438 418.5299987792969
16.500106811523438 418.5299987792969
16.500106811523438 418.5299987792969
16.500106811523438 418.5299987792969
16.500106811523438 418.5299987792969
16.500106811523438 418.5299987792969
16.500106811523438 418.5299987792969
16.500106811523438 418.5299987792969
16.500106811523438 418.5299987792969
16.500106811523438 418.5299987792969
16.500106811523438 418.5299987792969
16.500106811523438 418.5299987792969
16.500106811523438 418.5299987792969
16.500106811523438 418.5299987792969
16.500106811523438 418.5299987792969
16.500106811523438 418.5299987792969
16.500106811523438 418.5299987792969
16.500106811523438 418.5299987792969
16.500106811523438 418.5299987792969
16.500106811523438 418.5299987792969
16.500106811523438 418.5299987792969
16.500106811523438 418.5299987792969
16.500106811523438 418.5299987792969
16.500106811523438 418.5299987792969
16.500106811523438 418.5299987792969
16.500106811523438 418.5299987792969
16.500106811523438 418.5299987792969
16.500106811523438 418.5299987792969
16.500106811523438 418.5299987792969
16.500106811523438 418.5299987792969
16.500106811523438 418.5299987792969
16.500106811523438 418.5299987792969
16.500106811523438 418.5299987792969
16.500106811523438 418.5299987792969
16.500106811523438 418.5299987792969
16.500106811523438 418.5299987792969
16.500106811523438 418.5299987792969
16.500106811523438 418.5299987792969
16.500106811523438 418.5299987792969
16.500106811523438 418.5299987792969
16.500106811523438 418.5299987792969
16.500106811523438 418.5299987792969
16.500106811523438 418.5299987792969
16.500106811523438 418.5299987792969
16.500106811523438 418.5299987792969
16.500106811523438 418.5299987792969
16.500106811523438 418.5299987792969
16.500106811523438 418.5299987792969
16.500106811523438 418.5299987792969
16.500106811523438 418.5299987792969
16.500106811523438 418.5299987792969
16.500106811523438 418.5299987792969
16.500106811523438 418.5299987792969
16.500106811523438 418.5299987792969
16.500106811523438 418.5299987792969
16.500106811523438 418.5299987792969
16.500106811523438 418.5299987792969
16.500106811523438 418.5299987792969
16.500106811523438 418.5299987792969
16.500106811523438 418.5299987792969
16.500106811523438 418.5299987792969
16.500106811523438 418.5299987792969
16.500106811523438 418.5299987792969
16.500106811523438 418.5299987792969
16.500106811523438 418.5299987792969
16.500106811523438 418.5299987792969
16.500106811523438 418.5299987792969
16.500106811523438 418.5299987792969
16.500106811523438 418.5299987792969
16.500106811523438 418.5299987792969
16.500106811523438 418.5299987792969
16.500106811523438 418.5299987792969
16.500106811523438 418.5299987792969
16.500106811523438 418.5299987792969
16.500106811523438 418.5299987792969
16.500106811523438 418.5299987792969
16.500106811523438 418.5299987792969
16.500106811523438 418.5299987792969
16.500106811523438 418.5299987792969
16.500106811523438 418.5299987792969
16.500106811523438 418.5299987792969
16.500106811523438 418.5299987792969
16.500106811523438 418.5299987792969
16.500106811523438 418.5299987792969
16.500106811523438 418.5299987792969
16.500106811523438 418.5299987792969
16.500106811523438 418.5299987792969
16.500106811523438 418.5299987792969
16.500106811523438 418.5299987792969
16.500106811523438 418.5299987792969
16.500106811523438 418.5299987792969
16.500106811523438 418.5299987792969
16.500106811523438 418.5299987792969
16.500106811523438 418.5299987792969
16.500106811523438 418.5299987792969
16.500106811523438 418.5299987792969
16.500106811523438 418.5299987792969
16.500106811523438 418.5299987792969
16.500106811523438 418.5299987792969
16.500106811523438 418.5299987792969
16.500106811523438 418.5299987792969
16.500106811523438 418.5299987792969
16.500106811523438 418.5299987792969
16.500106811523438 418.5299987792969
16.500106811523438 418.5299987792969
16.500106811523438 418.5299987792969
16.500106811523438 418.5299987792969
16.500106811523438 418.5299987792969
16.500106811523438 418.5299987792969
16.500106811523438 418.5299987792969
16.500106811523438 418.5299987792969
16.500106811523438 418.5299987792969
16.500106811523438 418.5299987792969
16.500106811523438 418.5299987792969
16.500106811523438 418.5299987792969
16.500106811523438 418.5299987792969
16.500106811523438 418.5299987792969
16.500106811523438 418.5299987792969
16.500106811523438 418.5299987792969
16.500106811523438 418.5299987792969
16.500106811523438 418.5299987792969
16.500106811523438 418.5299987792969
16.500106811523438 418.5299987792969
16.500106811523438 418.5299987792969
16.500106811523438 418.5299987792969
16.500106811523438 418.5299987792969
16.500106811523438 418.5299987792969
16.500106811523438 418.5299987792969
16.500106811523438 418.5299987792969
16.500106811523438 418.5299987792969
16.500106811523438 418.5299987792969
16.500106811523438 418.5299987792969
16.500106811523438 418.5299987792969
16.500106811523438 418.5299987792969
16.500106811523438 418.5299987792969
16.500106811523438 418.5299987792969
16.500106811523438 418.5299987792969
16.500106811523438 418.5299987792969
16.500106811523438 418.5299987792969
16.500106811523438 418.5299987792969
16.500106811523438 418.5299987792969
16.500106811523438 418.5299987792969
16.500106811523438 418.5299987792969
16.500106811523438 418.5299987792969
16.500106811523438 418.5299987792969
16.500106811523438 418.5299987792969
16.500106811523438 418.5299987792969
16.500106811523438 418.5299987792969
16.500106811523438 418.5299987792969
16.500106811523438 418.5299987792969
16.500106811523438 418.5299987792969
16.500106811523438 418.5299987792969
16.500106811523438 418.5299987792969
16.500106811523438 418.5299987792969
16.500106811523438 418.5299987792969
16.500106811523438 418.5299987792969
16.500106811523438 418.5299987792969
16.500106811523438 418.5299987792969
16.500106811523438 418.5299987792969
16.500106811523438 418.5299987792969
16.500106811523438 418.5299987792969
16.500106811523438 418.5299987792969
16.500106811523438 418.5299987792969
16.500106811523438 418.5299987792969
16.500106811523438 418.5299987792969
16.500106811523438 418.5299987792969
16.500106811523438 418.5299987792969
16.500106811523438 418.5299987792969
16.500106811523438 418.5299987792969
16.500106811523438 418.5299987792969
16.500106811523438 418.5299987792969
16.500106811523438 418.5299987792969
16.500106811523438 418.5299987792969
16.500106811523438 418.5299987792969
16.500106811523438 418.5299987792969
16.500106811523438 418.5299987792969
16.500106811523438 418.5299987792969
16.500106811523438 418.5299987792969
16.500106811523438 418.5299987792969
16.500106811523438 418.5299987792969
16.500106811523438 418.5299987792969
16.500106811523438 418.5299987792969
16.500106811523438 418.5299987792969
16.500106811523438 418.5299987792969
16.500106811523438 418.5299987792969
16.500106811523438 418.5299987792969
16.500106811523438 418.5299987792969
16.500106811523438 418.5299987792969
16.500106811523438 418.5299987792969
16.500106811523438 418.5299987792969
16.500106811523438 418.5299987792969
16.500106811523438 418.5299987792969
16.500106811523438 418.5299987792969
16.500106811523438 418.5299987792969
16.500106811523438 418.5299987792969
16.500106811523438 418.5299987792969
16.500106811523438 418.5299987792969
16.500106811523438 418.5299987792969
16.500106811523438 418.5299987792969
16.500106811523438 418.5299987792969
16.500106811523438 418.5299987792969
16.500106811523438 418.5299987792969
16.500106811523438 418.5299987792969
16.500106811523438 418.5299987792969
16.500106811523438 418.5299987792969
16.500106811523438 418.5299987792969
16.500106811523438 418.5299987792969
16.500106811523438 418.5299987792969
16.500106811523438 418.5299987792969
16.500106811523438 418.5299987792969
16.500106811523438 418.5299987792969
16.500106811523438 418.5299987792969
16.500106811523438 418.5299987792969
16.500106811523438 418.5299987792969
16.500106811523438 418.5299987792969
16.500106811523438 418.5299987792969
16.500106811523438 418.5299987792969
16.500106811523438 418.5299987792969
16.500106811523438 418.5299987792969
16.500106811523438 418.5299987792969
16.500106811523438 418.5299987792969
16.500106811523438 418.5299987792969
16.500106811523438 418.5299987792969
16.500106811523438 418.5299987792969
16.500106811523438 418.5299987792969
16.500106811523438 418.5299987792969
16.500106811523438 418.5299987792969
16.500106811523438 418.5299987792969
16.500106811523438 418.5299987792969
16.500106811523438 418.5299987792969
16.500106811523438 418.5299987792969
16.500106811523438 418.5299987792969
16.500106811523438 418.5299987792969
16.500106811523438 418.5299987792969
16.500106811523438 418.5299987792969
16.500106811523438 418.5299987792969
16.500106811523438 418.5299987792969
16.500106811523438 418.5299987792969
16.500106811523438 418.5299987792969
16.500106811523438 418.5299987792969
16.500106811523438 418.5299987792969
16.500106811523438 418.5299987792969
16.500106811523438 418.5299987792969
16.500106811523438 418.5299987792969
16.500106811523438 418.5299987792969
16.500106811523438 418.5299987792969
16.500106811523438 418.5299987792969
16.500106811523438 418.5299987792969
16.500106811523438 418.5299987792969
16.500106811523438 418.5299987792969
16.500106811523438 418.5299987792969
16.500106811523438 418.5299987792969
16.500106811523438 418.5299987792969
16.500106811523438 418.5299987792969
16.500106811523438 418.5299987792969
16.500106811523438 418.5299987792969
16.500106811523438 418.5299987792969
16.500106811523438 418.5299987792969
16.500106811523438 418.5299987792969
16.500106811523438 418.5299987792969
16.500106811523438 418.5299987792969
16.500106811523438 418.5299987792969
16.500106811523438 418.5299987792969
16.500106811523438 418.5299987792969
16.500106811523438 418.5299987792969
16.500106811523438 418.5299987792969
16.500106811523438 418.5299987792969
16.500106811523438 418.5299987792969
16.500106811523438 418.5299987792969
16.500106811523438 418.5299987792969
16.500106811523438 418.5299987792969
16.500106811523438 418.5299987792969
16.500106811523438 418.5299987792969
16.500106811523438 418.5299987792969
16.500106811523438 418.5299987792969
16.500106811523438 418.5299987792969
16.500106811523438 418.5299987792969
16.500106811523438 418.5299987792969
16.500106811523438 418.5299987792969
16.500106811523438 418.5299987792969
16.500106811523438 418.5299987792969
16.500106811523438 418.5299987792969
16.500106811523438 418.5299987792969
16.500106811523438 418.5299987792969
16.500106811523438 418.5299987792969
16.500106811523438 418.5299987792969
16.500106811523438 418.5299987792969
16.500106811523438 418.5299987792969
16.500106811523438 418.5299987792969
16.500106811523438 418.5299987792969
16.500106811523438 418.5299987792969
16.500106811523438 418.5299987792969
16.500106811523438 418.5299987792969
16.500106811523438 418.5299987792969
16.500106811523438 418.5299987792969
16.500106811523438 418.5299987792969
16.500106811523438 418.5299987792969
16.500106811523438 418.5299987792969
16.500106811523438 418.5299987792969
16.500106811523438 418.5299987792969
16.500106811523438 418.5299987792969
16.500106811523438 418.5299987792969
16.500106811523438 418.5299987792969
16.500106811523438 418.5299987792969
16.500106811523438 418.5299987792969
16.500106811523438 418.5299987792969
16.500106811523438 418.5299987792969
16.500106811523438 418.5299987792969
16.500106811523438 418.5299987792969
16.500106811523438 418.5299987792969
16.500106811523438 418.5299987792969
16.500106811523438 418.5299987792969
16.500106811523438 418.5299987792969
16.500106811523438 418.5299987792969
16.500106811523438 418.5299987792969
16.500106811523438 418.5299987792969
16.500106811523438 418.5299987792969
16.500106811523438 418.5299987792969
16.500106811523438 418.5299987792969
16.500106811523438 418.5299987792969
16.500106811523438 418.5299987792969
16.500106811523438 418.5299987792969
16.500106811523438 418.5299987792969
16.500106811523438 418.5299987792969
16.500106811523438 418.5299987792969
16.500106811523438 418.5299987792969
16.500106811523438 418.5299987792969
16.500106811523438 418.5299987792969
16.500106811523438 418.5299987792969
16.500106811523438 418.5299987792969
16.500106811523438 418.5299987792969
16.500106811523438 418.5299987792969
16.500106811523438 418.5299987792969
16.500106811523438 418.5299987792969
16.500106811523438 418.5299987792969
16.500106811523438 418.5299987792969
16.500106811523438 418.5299987792969
16.500106811523438 418.5299987792969
16.500106811523438 418.5299987792969
16.500106811523438 418.5299987792969
16.500106811523438 418.5299987792969
16.500106811523438 418.5299987792969
16.500106811523438 418.5299987792969
16.500106811523438 418.5299987792969
16.500106811523438 418.5299987792969
16.500106811523438 418.5299987792969
16.500106811523438 418.5299987792969
16.500106811523438 418.5299987792969
16.500106811523438 418.5299987792969
16.500106811523438 418.5299987792969
16.500106811523438 418.5299987792969
16.500106811523438 418.5299987792969
16.500106811523438 418.5299987792969
16.500106811523438 418.5299987792969
16.500106811523438 418.5299987792969
16.500106811523438 418.5299987792969
16.500106811523438 418.5299987792969
16.500106811523438 418.5299987792969
16.500106811523438 418.5299987792969
16.500106811523438 418.5299987792969
16.500106811523438 418.5299987792969
16.500106811523438 418.5299987792969
16.500106811523438 418.5299987792969
16.500106811523438 418.5299987792969
16.500106811523438 418.5299987792969
16.500106811523438 418.5299987792969
16.500106811523438 418.5299987792969
16.500106811523438 418.5299987792969
16.500106811523438 418.5299987792969
16.500106811523438 418.5299987792969
16.500106811523438 418.5299987792969
16.500106811523438 418.5299987792969
16.500106811523438 418.5299987792969
16.500106811523438 418.5299987792969
16.500106811523438 418.5299987792969
16.500106811523438 418.5299987792969
16.500106811523438 418.5299987792969
16.500106811523438 418.5299987792969
16.500106811523438 418.5299987792969
16.500106811523438 418.5299987792969
16.500106811523438 418.5299987792969
16.500106811523438 418.5299987792969
16.500106811523438 418.5299987792969
16.500106811523438 418.5299987792969
16.500106811523438 418.5299987792969
16.500106811523438 418.5299987792969
16.500106811523438 418.5299987792969
16.500106811523438 418.5299987792969
16.500106811523438 418.5299987792969
16.500106811523438 418.5299987792969
16.500106811523438 418.5299987792969
16.500106811523438 418.5299987792969
16.500106811523438 418.5299987792969
16.500106811523438 418.5299987792969
16.500106811523438 418.5299987792969
16.500106811523438 418.5299987792969
16.500106811523438 418.5299987792969
16.500106811523438 418.5299987792969
16.500106811523438 418.5299987792969
16.500106811523438 418.5299987792969
16.500106811523438 418.5299987792969
16.500106811523438 418.5299987792969
16.500106811523438 418.5299987792969
16.500106811523438 418.5299987792969
16.500106811523438 418.5299987792969
16.500106811523438 418.5299987792969
16.500106811523438 418.5299987792969
16.500106811523438 418.5299987792969
16.500106811523438 418.5299987792969
16.500106811523438 418.5299987792969
16.500106811523438 418.5299987792969
16.500106811523438 418.5299987792969
16.500106811523438 418.5299987792969
16.500106811523438 418.5299987792969
16.500106811523438 418.5299987792969
16.500106811523438 418.5299987792969
16.500106811523438 418.5299987792969
16.500106811523438 418.5299987792969
16.500106811523438 418.5299987792969
16.500106811523438 418.5299987792969
16.500106811523438 418.5299987792969
16.500106811523438 418.5299987792969
16.500106811523438 418.5299987792969
16.500106811523438 418.5299987792969
16.500106811523438 418.5299987792969
16.500106811523438 418.5299987792969
16.500106811523438 418.5299987792969
16.500106811523438 418.5299987792969
16.500106811523438 418.5299987792969
16.500106811523438 418.5299987792969
16.500106811523438 418.5299987792969
16.500106811523438 418.5299987792969
16.500106811523438 418.5299987792969
16.500106811523438 418.5299987792969
16.500106811523438 418.5299987792969
16.500106811523438 418.5299987792969
16.500106811523438 418.5299987792969
16.500106811523438 418.5299987792969
16.500106811523438 418.5299987792969
16.500106811523438 418.5299987792969
16.500106811523438 418.5299987792969
16.500106811523438 418.5299987792969
16.500106811523438 418.5299987792969
16.500106811523438 418.5299987792969
16.500106811523438 418.5299987792969
16.500106811523438 418.5299987792969
16.500106811523438 418.5299987792969
16.500106811523438 418.5299987792969
16.500106811523438 418.5299987792969
16.500106811523438 418.5299987792969
16.500106811523438 418.5299987792969
16.500106811523438 418.5299987792969
16.500106811523438 418.5299987792969
16.500106811523438 418.5299987792969
16.500106811523438 418.5299987792969
16.500106811523438 418.5299987792969
16.500106811523438 418.5299987792969
16.500106811523438 418.5299987792969
16.500106811523438 418.5299987792969
16.500106811523438 418.5299987792969
16.500106811523438 418.5299987792969
16.500106811523438 418.5299987792969
16.500106811523438 418.5299987792969
16.500106811523438 418.5299987792969
16.500106811523438 418.5299987792969
16.500106811523438 418.5299987792969
16.500106811523438 418.5299987792969
16.500106811523438 418.5299987792969
16.500106811523438 418.5299987792969
16.500106811523438 418.5299987792969
16.500106811523438 418.5299987792969
16.500106811523438 418.5299987792969
16.500106811523438 418.5299987792969
16.500106811523438 418.5299987792969
16.500106811523438 418.5299987792969
16.500106811523438 418.5299987792969
16.500106811523438 418.5299987792969
16.500106811523438 418.5299987792969
16.500106811523438 418.5299987792969
16.500106811523438 418.5299987792969
16.500106811523438 418.5299987792969
16.500106811523438 418.5299987792969
16.500106811523438 418.5299987792969
16.500106811523438 418.5299987792969
16.500106811523438 418.5299987792969
16.500106811523438 418.5299987792969
16.500106811523438 418.5299987792969
16.500106811523438 418.5299987792969
16.500106811523438 418.5299987792969
16.500106811523438 418.5299987792969
16.500106811523438 418.5299987792969
16.500106811523438 418.5299987792969
16.500106811523438 418.5299987792969
16.500106811523438 418.5299987792969
16.500106811523438 418.5299987792969
16.500106811523438 418.5299987792969
16.500106811523438 418.5299987792969
16.500106811523438 418.5299987792969
16.500106811523438 418.5299987792969
16.500106811523438 418.5299987792969
16.500106811523438 418.5299987792969
16.500106811523438 418.5299987792969
16.500106811523438 418.5299987792969
16.500106811523438 418.5299987792969
16.500106811523438 418.5299987792969
16.500106811523438 418.5299987792969
16.500106811523438 418.5299987792969
16.500106811523438 418.5299987792969
16.500106811523438 418.5299987792969
16.500106811523438 418.5299987792969
16.500106811523438 418.5299987792969
16.500106811523438 418.5299987792969
16.500106811523438 418.5299987792969
16.500106811523438 418.5299987792969
16.500106811523438 418.5299987792969
16.500106811523438 418.5299987792969
16.500106811523438 418.5299987792969
16.500106811523438 418.5299987792969
16.500106811523438 418.5299987792969
16.500106811523438 418.5299987792969
16.500106811523438 418.5299987792969
16.500106811523438 418.5299987792969
16.500106811523438 418.5299987792969
16.500106811523438 418.5299987792969
16.500106811523438 418.5299987792969
16.500106811523438 418.5299987792969
16.500106811523438 418.5299987792969
16.500106811523438 418.5299987792969
16.500106811523438 418.5299987792969
16.500106811523438 418.5299987792969
16.500106811523438 418.5299987792969
16.500106811523438 418.5299987792969
16.500106811523438 418.5299987792969
16.500106811523438 418.5299987792969
16.500106811523438 418.5299987792969
16.500106811523438 418.5299987792969
16.500106811523438 418.5299987792969
16.500106811523438 418.5299987792969
16.500106811523438 418.5299987792969
16.500106811523438 418.5299987792969
16.500106811523438 418.5299987792969
16.500106811523438 418.5299987792969
16.500106811523438 418.5299987792969
16.500106811523438 418.5299987792969
16.500106811523438 418.5299987792969
16.500106811523438 418.5299987792969
16.500106811523438 418.5299987792969
16.500106811523438 418.5299987792969
16.500106811523438 418.5299987792969
16.500106811523438 418.5299987792969
16.500106811523438 418.5299987792969
16.500106811523438 418.5299987792969
16.500106811523438 418.5299987792969
16.500106811523438 418.5299987792969
16.500106811523438 418.5299987792969
16.500106811523438 418.5299987792969
16.500106811523438 418.5299987792969
16.500106811523438 418.5299987792969
16.500106811523438 418.5299987792969
16.500106811523438 418.5299987792969
16.500106811523438 418.5299987792969
16.500106811523438 418.5299987792969
16.500106811523438 418.5299987792969
16.500106811523438 418.5299987792969
16.500106811523438 418.5299987792969
16.500106811523438 418.5299987792969
16.500106811523438 418.5299987792969
16.500106811523438 418.5299987792969
16.500106811523438 418.5299987792969
16.500106811523438 418.5299987792969
16.500106811523438 418.5299987792969
16.500106811523438 418.5299987792969
16.500106811523438 418.5299987792969
16.500106811523438 418.5299987792969
16.500106811523438 418.5299987792969
16.500106811523438 418.5299987792969
16.500106811523438 418.5299987792969
16.500106811523438 418.5299987792969
16.500106811523438 418.5299987792969
16.500106811523438 418.5299987792969
16.500106811523438 418.5299987792969
16.500106811523438 418.5299987792969
16.500106811523438 418.5299987792969
16.500106811523438 418.5299987792969
16.500106811523438 418.5299987792969
16.500106811523438 418.5299987792969
16.500106811523438 418.5299987792969
16.500106811523438 418.5299987792969
16.500106811523438 418.5299987792969
16.500106811523438 418.5299987792969
16.500106811523438 418.5299987792969
16.500106811523438 418.5299987792969
16.500106811523438 418.5299987792969
16.500106811523438 418.5299987792969
16.500106811523438 418.5299987792969
16.500106811523438 418.5299987792969
16.500106811523438 418.5299987792969
16.500106811523438 418.5299987792969
16.500106811523438 418.5299987792969
16.500106811523438 418.5299987792969
16.500106811523438 418.5299987792969
16.500106811523438 418.5299987792969
16.500106811523438 418.5299987792969
16.500106811523438 418.5299987792969
16.500106811523438 418.5299987792969
16.500106811523438 418.5299987792969
16.500106811523438 418.5299987792969
16.500106811523438 418.5299987792969
16.500106811523438 418.5299987792969
16.500106811523438 418.5299987792969
16.500106811523438 418.5299987792969
16.500106811523438 418.5299987792969
16.500106811523438 418.5299987792969
16.500106811523438 418.5299987792969
16.500106811523438 418.5299987792969
16.500106811523438 418.5299987792969
16.500106811523438 418.5299987792969
16.500106811523438 418.5299987792969
16.500106811523438 418.5299987792969
16.500106811523438 418.5299987792969
16.500106811523438 418.5299987792969
16.500106811523438 418.5299987792969
16.500106811523438 418.5299987792969
16.500106811523438 418.5299987792969
16.500106811523438 418.5299987792969
16.500106811523438 418.5299987792969
16.500106811523438 418.5299987792969
16.500106811523438 418.5299987792969
16.500106811523438 418.5299987792969
16.500106811523438 418.5299987792969
16.500106811523438 418.5299987792969
16.500106811523438 418.5299987792969
16.500106811523438 418.5299987792969
16.500106811523438 418.5299987792969
16.500106811523438 418.5299987792969
16.500106811523438 418.5299987792969
16.500106811523438 418.5299987792969
16.500106811523438 418.5299987792969
16.500106811523438 418.5299987792969
16.500106811523438 418.5299987792969
16.500106811523438 418.5299987792969
16.500106811523438 418.5299987792969
16.500106811523438 418.5299987792969
16.500106811523438 418.5299987792969
16.500106811523438 418.5299987792969
16.500106811523438 418.5299987792969
16.500106811523438 418.5299987792969
16.500106811523438 418.5299987792969
16.500106811523438 418.5299987792969
16.500106811523438 418.5299987792969
16.500106811523438 418.5299987792969
16.500106811523438 418.5299987792969
16.500106811523438 418.5299987792969
16.500106811523438 418.5299987792969
16.500106811523438 418.5299987792969
16.500106811523438 418.5299987792969
16.500106811523438 418.5299987792969
16.500106811523438 418.5299987792969
16.500106811523438 418.5299987792969
16.500106811523438 418.5299987792969
16.500106811523438 418.5299987792969
16.500106811523438 418.5299987792969
16.500106811523438 418.5299987792969
16.500106811523438 418.5299987792969
16.500106811523438 418.5299987792969
16.500106811523438 418.5299987792969
16.500106811523438 418.5299987792969
16.500106811523438 418.5299987792969
16.500106811523438 418.5299987792969
16.500106811523438 418.5299987792969
16.500106811523438 418.5299987792969
16.500106811523438 418.5299987792969
16.500106811523438 418.5299987792969
16.500106811523438 418.5299987792969
16.500106811523438 418.5299987792969
16.500106811523438 418.5299987792969
16.500106811523438 418.5299987792969
16.500106811523438 418.5299987792969
16.500106811523438 418.5299987792969
16.500106811523438 418.5299987792969
16.500106811523438 418.5299987792969
16.500106811523438 418.5299987792969
16.500106811523438 418.5299987792969
16.500106811523438 418.5299987792969
16.500106811523438 418.5299987792969
16.500106811523438 418.5299987792969
16.500106811523438 418.5299987792969
16.500106811523438 418.5299987792969
16.500106811523438 418.5299987792969
16.500106811523438 418.5299987792969
16.500106811523438 418.5299987792969
16.500106811523438 418.5299987792969
16.500106811523438 418.5299987792969
16.500106811523438 418.5299987792969
16.500106811523438 418.5299987792969
16.500106811523438 418.5299987792969
16.500106811523438 418.5299987792969
16.500106811523438 418.5299987792969
16.500106811523438 418.5299987792969
16.500106811523438 418.5299987792969
16.500106811523438 418.5299987792969
16.500106811523438 418.5299987792969
16.500106811523438 418.5299987792969
16.500106811523438 418.5299987792969
16.500106811523438 418.5299987792969
16.500106811523438 418.5299987792969
16.500106811523438 418.5299987792969
16.500106811523438 418.5299987792969
16.500106811523438 418.5299987792969
16.500106811523438 418.5299987792969
16.500106811523438 418.5299987792969
16.500106811523438 418.5299987792969
16.500106811523438 418.5299987792969
16.500106811523438 418.5299987792969
16.500106811523438 418.5299987792969
16.500106811523438 418.5299987792969
16.500106811523438 418.5299987792969
16.500106811523438 418.5299987792969
16.500106811523438 418.5299987792969
16.500106811523438 418.5299987792969
16.500106811523438 418.5299987792969
16.500106811523438 418.5299987792969
16.500106811523438 418.5299987792969
16.500106811523438 418.5299987792969
16.500106811523438 418.5299987792969
16.500106811523438 418.5299987792969
16.500106811523438 418.5299987792969
16.500106811523438 418.5299987792969
16.500106811523438 418.5299987792969
16.500106811523438 418.5299987792969
16.500106811523438 418.5299987792969
16.500106811523438 418.5299987792969
16.500106811523438 418.5299987792969
16.500106811523438 418.5299987792969
16.500106811523438 418.5299987792969
16.500106811523438 418.5299987792969
16.500106811523438 418.5299987792969
16.500106811523438 418.5299987792969
16.500106811523438 418.5299987792969
16.500106811523438 418.5299987792969
16.500106811523438 418.5299987792969
16.500106811523438 418.5299987792969
16.500106811523438 418.5299987792969
16.500106811523438 418.5299987792969
16.500106811523438 418.5299987792969
16.500106811523438 418.5299987792969
16.500106811523438 418.5299987792969
16.500106811523438 418.5299987792969
16.500106811523438 418.5299987792969
16.500106811523438 418.5299987792969
16.500106811523438 418.5299987792969
16.500106811523438 418.5299987792969
16.500106811523438 418.5299987792969
16.500106811523438 418.5299987792969
16.500106811523438 418.5299987792969
16.500106811523438 418.5299987792969
16.500106811523438 418.5299987792969
16.500106811523438 418.5299987792969
16.500106811523438 418.5299987792969
16.500106811523438 418.5299987792969
16.500106811523438 418.5299987792969
16.500106811523438 418.5299987792969
16.500106811523438 418.5299987792969
16.500106811523438 418.5299987792969
16.500106811523438 418.5299987792969
16.500106811523438 418.5299987792969
16.500106811523438 418.5299987792969
16.500106811523438 418.5299987792969
16.500106811523438 418.5299987792969
16.500106811523438 418.5299987792969
16.500106811523438 418.5299987792969
16.500106811523438 418.5299987792969
16.500106811523438 418.5299987792969
16.500106811523438 418.5299987792969
16.500106811523438 418.5299987792969
16.500106811523438 418.5299987792969
16.500106811523438 418.5299987792969
16.500106811523438 418.5299987792969
16.500106811523438 418.5299987792969
16.500106811523438 418.5299987792969
16.500106811523438 418.5299987792969
16.500106811523438 418.5299987792969
16.500106811523438 418.5299987792969
16.500106811523438 418.5299987792969
16.500106811523438 418.5299987792969
16.500106811523438 418.5299987792969
16.500106811523438 418.5299987792969
16.500106811523438 418.5299987792969
16.500106811523438 418.5299987792969
16.500106811523438 418.5299987792969
16.500106811523438 418.5299987792969
16.500106811523438 418.5299987792969
16.500106811523438 418.5299987792969
16.500106811523438 418.5299987792969
16.500106811523438 418.5299987792969
16.500106811523438 418.5299987792969
16.500106811523438 418.5299987792969
16.500106811523438 418.5299987792969
16.500106811523438 418.5299987792969
16.500106811523438 418.5299987792969
16.500106811523438 418.5299987792969
16.500106811523438 418.5299987792969
16.500106811523438 418.5299987792969
16.500106811523438 418.5299987792969
16.500106811523438 418.5299987792969
16.500106811523438 418.5299987792969
16.500106811523438 418.5299987792969
16.500106811523438 418.5299987792969
16.500106811523438 418.5299987792969
16.500106811523438 418.5299987792969
16.500106811523438 418.5299987792969
16.500106811523438 418.5299987792969
16.500106811523438 418.5299987792969
16.500106811523438 418.5299987792969
16.500106811523438 418.5299987792969
16.500106811523438 418.5299987792969
16.500106811523438 418.5299987792969
16.500106811523438 418.5299987792969
16.500106811523438 418.5299987792969
16.500106811523438 418.5299987792969
16.500106811523438 418.5299987792969
16.500106811523438 418.5299987792969
16.500106811523438 418.5299987792969
16.500106811523438 418.5299987792969
16.500106811523438 418.5299987792969
16.500106811523438 418.5299987792969
16.500106811523438 418.5299987792969
16.500106811523438 418.5299987792969
16.500106811523438 418.5299987792969
16.500106811523438 418.5299987792969
16.500106811523438 418.5299987792969
16.500106811523438 418.5299987792969
16.500106811523438 418.5299987792969
16.500106811523438 418.5299987792969
16.500106811523438 418.5299987792969
16.500106811523438 418.5299987792969
16.500106811523438 418.5299987792969
16.500106811523438 418.5299987792969
16.500106811523438 418.5299987792969
16.500106811523438 418.5299987792969
16.500106811523438 418.5299987792969
16.500106811523438 418.5299987792969
16.500106811523438 418.5299987792969
16.500106811523438 418.5299987792969
16.500106811523438 418.5299987792969
16.500106811523438 418.5299987792969
16.500106811523438 418.5299987792969
16.500106811523438 418.5299987792969
16.500106811523438 418.5299987792969
16.500106811523438 418.5299987792969
16.500106811523438 418.5299987792969
16.500106811523438 418.5299987792969
16.500106811523438 418.5299987792969
16.500106811523438 418.5299987792969
16.500106811523438 418.5299987792969
16.500106811523438 418.5299987792969
16.500106811523438 418.5299987792969
16.500106811523438 418.5299987792969
16.500106811523438 418.5299987792969
16.500106811523438 418.5299987792969
16.500106811523438 418.5299987792969
16.500106811523438 418.5299987792969
16.500106811523438 418.5299987792969
16.500106811523438 418.5299987792969
16.500106811523438 418.5299987792969
16.500106811523438 418.5299987792969
16.500106811523438 418.5299987792969
16.500106811523438 418.5299987792969
16.500106811523438 418.5299987792969
16.500106811523438 418.5299987792969
16.500106811523438 418.5299987792969
16.500106811523438 418.5299987792969
16.500106811523438 418.5299987792969
16.500106811523438 418.5299987792969
16.500106811523438 418.5299987792969
16.500106811523438 418.5299987792969
16.500106811523438 418.5299987792969
16.500106811523438 418.5299987792969
16.500106811523438 418.5299987792969
16.500106811523438 418.5299987792969
16.500106811523438 418.5299987792969
16.500106811523438 418.5299987792969
16.500106811523438 418.5299987792969
16.500106811523438 418.5299987792969
16.500106811523438 418.5299987792969
16.500106811523438 418.5299987792969
16.500106811523438 418.5299987792969
16.500106811523438 418.5299987792969
16.500106811523438 418.5299987792969
16.500106811523438 418.5299987792969
16.500106811523438 418.5299987792969
16.500106811523438 418.5299987792969
16.500106811523438 418.5299987792969
16.500106811523438 418.5299987792969
16.500106811523438 418.5299987792969
16.500106811523438 418.5299987792969
16.500106811523438 418.5299987792969
16.500106811523438 418.5299987792969
16.500106811523438 418.5299987792969
16.500106811523438 418.5299987792969
16.500106811523438 418.5299987792969
16.500106811523438 418.5299987792969
16.500106811523438 418.5299987792969
16.500106811523438 418.5299987792969
16.500106811523438 418.5299987792969
16.500106811523438 418.5299987792969
16.500106811523438 418.5299987792969
16.500106811523438 418.5299987792969
16.500106811523438 418.5299987792969
16.500106811523438 418.5299987792969
16.500106811523438 418.5299987792969
16.500106811523438 418.5299987792969
16.500106811523438 418.5299987792969
16.500106811523438 418.5299987792969
16.500106811523438 418.5299987792969
16.500106811523438 418.5299987792969
16.500106811523438 418.5299987792969
16.500106811523438 418.5299987792969
16.500106811523438 418.5299987792969
16.500106811523438 418.5299987792969
16.500106811523438 418.5299987792969
16.500106811523438 418.5299987792969
16.500106811523438 418.5299987792969
16.500106811523438 418.5299987792969
16.500106811523438 418.5299987792969
16.500106811523438 418.5299987792969
16.500106811523438 418.5299987792969
16.500106811523438 418.5299987792969
16.500106811523438 418.5299987792969
16.500106811523438 418.5299987792969
16.500106811523438 418.5299987792969
16.500106811523438 418.5299987792969
16.500106811523438 418.5299987792969
16.500106811523438 418.5299987792969
16.500106811523438 418.5299987792969
16.500106811523438 418.5299987792969
16.500106811523438 418.5299987792969
16.500106811523438 418.5299987792969
16.500106811523438 418.5299987792969
16.500106811523438 418.5299987792969
16.500106811523438 418.5299987792969
16.500106811523438 418.5299987792969
16.500106811523438 418.5299987792969
16.500106811523438 418.5299987792969
16.500106811523438 418.5299987792969
16.500106811523438 418.5299987792969
16.500106811523438 418.5299987792969
16.500106811523438 418.5299987792969
16.500106811523438 418.5299987792969
16.500106811523438 418.5299987792969
16.500106811523438 418.5299987792969
16.500106811523438 418.5299987792969
16.500106811523438 418.5299987792969
16.500106811523438 418.5299987792969
16.500106811523438 418.5299987792969
16.500106811523438 418.5299987792969
16.500106811523438 418.5299987792969
16.500106811523438 418.5299987792969
16.500106811523438 418.5299987792969
16.500106811523438 418.5299987792969
16.500106811523438 418.5299987792969
16.500106811523438 418.5299987792969
16.500106811523438 418.5299987792969
16.500106811523438 418.5299987792969
16.500106811523438 418.5299987792969
16.500106811523438 418.5299987792969
16.500106811523438 418.5299987792969
16.500106811523438 418.5299987792969
16.500106811523438 418.5299987792969
16.500106811523438 418.5299987792969
16.500106811523438 418.5299987792969
16.500106811523438 418.5299987792969
16.500106811523438 418.5299987792969
16.500106811523438 418.5299987792969
16.500106811523438 418.5299987792969
16.500106811523438 418.5299987792969
16.500106811523438 418.5299987792969
16.500106811523438 418.5299987792969
16.500106811523438 418.5299987792969
16.500106811523438 418.5299987792969
16.500106811523438 418.5299987792969
16.500106811523438 418.5299987792969
16.500106811523438 418.5299987792969
16.500106811523438 418.5299987792969
16.500106811523438 418.5299987792969
16.500106811523438 418.5299987792969
16.500106811523438 418.5299987792969
16.500106811523438 418.5299987792969
16.500106811523438 418.5299987792969
16.500106811523438 418.5299987792969
16.500106811523438 418.5299987792969
16.500106811523438 418.5299987792969
16.500106811523438 418.5299987792969
16.500106811523438 418.5299987792969
16.500106811523438 418.5299987792969
16.500106811523438 418.5299987792969
16.500106811523438 418.5299987792969
16.500106811523438 418.5299987792969
16.500106811523438 418.5299987792969
16.500106811523438 418.5299987792969
16.500106811523438 418.5299987792969
16.500106811523438 418.5299987792969
16.500106811523438 418.5299987792969
16.500106811523438 418.5299987792969
16.500106811523438 418.5299987792969
16.500106811523438 418.5299987792969
16.500106811523438 418.5299987792969
16.500106811523438 418.5299987792969
16.500106811523438 418.5299987792969
16.500106811523438 418.5299987792969
16.500106811523438 418.5299987792969
16.500106811523438 418.5299987792969
16.500106811523438 418.5299987792969
16.500106811523438 418.5299987792969
16.500106811523438 418.5299987792969
16.500106811523438 418.5299987792969
16.500106811523438 418.5299987792969
16.500106811523438 418.5299987792969
16.500106811523438 418.5299987792969
16.500106811523438 418.5299987792969
16.500106811523438 418.5299987792969
16.500106811523438 418.5299987792969
16.500106811523438 418.5299987792969
16.500106811523438 418.5299987792969
16.500106811523438 418.5299987792969
16.500106811523438 418.5299987792969
16.500106811523438 418.5299987792969
16.500106811523438 418.5299987792969
16.500106811523438 418.5299987792969
16.500106811523438 418.5299987792969
16.500106811523438 418.5299987792969
16.500106811523438 418.5299987792969
16.500106811523438 418.5299987792969
16.500106811523438 418.5299987792969
16.500106811523438 418.5299987792969
16.500106811523438 418.5299987792969
16.500106811523438 418.5299987792969
16.500106811523438 418.5299987792969
16.500106811523438 418.5299987792969
16.500106811523438 418.5299987792969
16.500106811523438 418.5299987792969
16.500106811523438 418.5299987792969
16.500106811523438 418.5299987792969
16.500106811523438 418.5299987792969
16.500106811523438 418.5299987792969
16.500106811523438 418.5299987792969
16.500106811523438 418.5299987792969
16.500106811523438 418.5299987792969
16.500106811523438 418.5299987792969
16.500106811523438 418.5299987792969
16.500106811523438 418.5299987792969
16.500106811523438 418.5299987792969
16.500106811523438 418.5299987792969
16.500106811523438 418.5299987792969
16.500106811523438 418.5299987792969
16.500106811523438 418.5299987792969
16.500106811523438 418.5299987792969
16.500106811523438 418.5299987792969
16.500106811523438 418.5299987792969
16.500106811523438 418.5299987792969
16.500106811523438 418.5299987792969
16.500106811523438 418.5299987792969
16.500106811523438 418.5299987792969
16.500106811523438 418.5299987792969
16.500106811523438 418.5299987792969
16.500106811523438 418.5299987792969
16.500106811523438 418.5299987792969
16.500106811523438 418.5299987792969
16.500106811523438 418.5299987792969
16.500106811523438 418.5299987792969
16.500106811523438 418.5299987792969
16.500106811523438 418.5299987792969
16.500106811523438 418.5299987792969
16.500106811523438 418.5299987792969
16.500106811523438 418.5299987792969
16.500106811523438 418.5299987792969
16.500106811523438 418.5299987792969
16.500106811523438 418.5299987792969
16.500106811523438 418.5299987792969
16.500106811523438 418.5299987792969
16.500106811523438 418.5299987792969
16.500106811523438 418.5299987792969
16.500106811523438 418.5299987792969
16.500106811523438 418.5299987792969
16.500106811523438 418.5299987792969
16.500106811523438 418.5299987792969
16.500106811523438 418.5299987792969
16.500106811523438 418.5299987792969
16.500106811523438 418.5299987792969
16.500106811523438 418.5299987792969
16.500106811523438 418.5299987792969
16.500106811523438 418.5299987792969
16.500106811523438 418.5299987792969
16.500106811523438 418.5299987792969
16.500106811523438 418.5299987792969
16.500106811523438 418.5299987792969
16.500106811523438 418.5299987792969
16.500106811523438 418.5299987792969
16.500106811523438 418.5299987792969
16.500106811523438 418.5299987792969
16.500106811523438 418.5299987792969
16.500106811523438 418.5299987792969
16.500106811523438 418.5299987792969
16.500106811523438 418.5299987792969
16.500106811523438 418.5299987792969
16.500106811523438 418.5299987792969
16.500106811523438 418.5299987792969
16.500106811523438 418.5299987792969
16.500106811523438 418.5299987792969
16.500106811523438 418.5299987792969
16.500106811523438 418.5299987792969
16.500106811523438 418.5299987792969
16.500106811523438 418.5299987792969
16.500106811523438 418.5299987792969
16.500106811523438 418.5299987792969
16.500106811523438 418.5299987792969
16.500106811523438 418.5299987792969
16.500106811523438 418.5299987792969
16.500106811523438 418.5299987792969
16.500106811523438 418.5299987792969
16.500106811523438 418.5299987792969
16.500106811523438 418.5299987792969
16.500106811523438 418.5299987792969
16.500106811523438 418.5299987792969
16.500106811523438 418.5299987792969
16.500106811523438 418.5299987792969
16.500106811523438 418.5299987792969
16.500106811523438 418.5299987792969
16.500106811523438 418.5299987792969
16.500106811523438 418.5299987792969
16.500106811523438 418.5299987792969
16.500106811523438 418.5299987792969
16.500106811523438 418.5299987792969
16.500106811523438 418.5299987792969
16.500106811523438 418.5299987792969
16.500106811523438 418.5299987792969
16.500106811523438 418.5299987792969
16.500106811523438 418.5299987792969
16.500106811523438 418.5299987792969
16.500106811523438 418.5299987792969
16.500106811523438 418.5299987792969
16.500106811523438 418.5299987792969
16.500106811523438 418.5299987792969
16.500106811523438 418.5299987792969
16.500106811523438 418.5299987792969
16.500106811523438 418.5299987792969
16.500106811523438 418.5299987792969
16.500106811523438 418.5299987792969
16.500106811523438 418.5299987792969
16.500106811523438 418.5299987792969
16.500106811523438 418.5299987792969
16.500106811523438 418.5299987792969
16.500106811523438 418.5299987792969
16.500106811523438 418.5299987792969
16.500106811523438 418.5299987792969
16.500106811523438 418.5299987792969
16.500106811523438 418.5299987792969
16.500106811523438 418.5299987792969
16.500106811523438 418.5299987792969
16.500106811523438 418.5299987792969
16.500106811523438 418.5299987792969
16.500106811523438 418.5299987792969
16.500106811523438 418.5299987792969
16.500106811523438 418.5299987792969
16.500106811523438 418.5299987792969
16.500106811523438 418.5299987792969
16.500106811523438 418.5299987792969
16.500106811523438 418.5299987792969
16.500106811523438 418.5299987792969
16.500106811523438 418.5299987792969
16.500106811523438 418.5299987792969
16.500106811523438 418.5299987792969
16.500106811523438 418.5299987792969
16.500106811523438 418.5299987792969
16.500106811523438 418.5299987792969
16.500106811523438 418.5299987792969
16.500106811523438 418.5299987792969
16.500106811523438 418.5299987792969
16.500106811523438 418.5299987792969
16.500106811523438 418.5299987792969
16.500106811523438 418.5299987792969
16.500106811523438 418.5299987792969
16.500106811523438 418.5299987792969
16.500106811523438 418.5299987792969
16.500106811523438 418.5299987792969
16.500106811523438 418.5299987792969
16.500106811523438 418.5299987792969
16.500106811523438 418.5299987792969
16.500106811523438 418.5299987792969
16.500106811523438 418.5299987792969
16.500106811523438 418.5299987792969
16.500106811523438 418.5299987792969
16.500106811523438 418.5299987792969
16.500106811523438 418.5299987792969
16.500106811523438 418.5299987792969
16.500106811523438 418.5299987792969
16.500106811523438 418.5299987792969
16.500106811523438 418.5299987792969
16.500106811523438 418.5299987792969
16.500106811523438 418.5299987792969
16.500106811523438 418.5299987792969
16.500106811523438 418.5299987792969
16.500106811523438 418.5299987792969
16.500106811523438 418.5299987792969
16.500106811523438 418.5299987792969
16.500106811523438 418.5299987792969
16.500106811523438 418.5299987792969
16.500106811523438 418.5299987792969
16.500106811523438 418.5299987792969
16.500106811523438 418.5299987792969
16.500106811523438 418.5299987792969
16.500106811523438 418.5299987792969
16.500106811523438 418.5299987792969
16.500106811523438 418.5299987792969
16.500106811523438 418.5299987792969
16.500106811523438 418.5299987792969
16.500106811523438 418.5299987792969
16.500106811523438 418.5299987792969
16.500106811523438 418.5299987792969
16.500106811523438 418.5299987792969
16.500106811523438 418.5299987792969
16.500106811523438 418.5299987792969
16.500106811523438 418.5299987792969
16.500106811523438 418.5299987792969
16.500106811523438 418.5299987792969
16.500106811523438 418.5299987792969
16.500106811523438 418.5299987792969
16.500106811523438 418.5299987792969
16.500106811523438 418.5299987792969
16.500106811523438 418.5299987792969
16.500106811523438 418.5299987792969
16.500106811523438 418.5299987792969
16.500106811523438 418.5299987792969
16.500106811523438 418.5299987792969
16.500106811523438 418.5299987792969
16.500106811523438 418.5299987792969
16.500106811523438 418.5299987792969
16.500106811523438 418.5299987792969
16.500106811523438 418.5299987792969
16.500106811523438 418.5299987792969
16.500106811523438 418.5299987792969
16.500106811523438 418.5299987792969
16.500106811523438 418.5299987792969
16.500106811523438 418.5299987792969
16.500106811523438 418.5299987792969
16.500106811523438 418.5299987792969
16.500106811523438 418.5299987792969
16.500106811523438 418.5299987792969
16.500106811523438 418.5299987792969
16.500106811523438 418.5299987792969
16.500106811523438 418.5299987792969
16.500106811523438 418.5299987792969
16.500106811523438 418.5299987792969
16.500106811523438 418.5299987792969
16.500106811523438 418.5299987792969
16.500106811523438 418.5299987792969
16.500106811523438 418.5299987792969
16.500106811523438 418.5299987792969
16.500106811523438 418.5299987792969
16.500106811523438 418.5299987792969
16.500106811523438 418.5299987792969
16.500106811523438 418.5299987792969
16.500106811523438 418.5299987792969
16.500106811523438 418.5299987792969
16.500106811523438 418.5299987792969
16.500106811523438 418.5299987792969
16.500106811523438 418.5299987792969
16.500106811523438 418.5299987792969
16.500106811523438 418.5299987792969
16.500106811523438 418.5299987792969
16.500106811523438 418.5299987792969
16.500106811523438 418.5299987792969
16.500106811523438 418.5299987792969
16.500106811523438 418.5299987792969
16.500106811523438 418.5299987792969
16.500106811523438 418.5299987792969
16.500106811523438 418.5299987792969
16.500106811523438 418.5299987792969
16.500106811523438 418.5299987792969
16.500106811523438 418.5299987792969
16.500106811523438 418.5299987792969
16.500106811523438 418.5299987792969
16.500106811523438 418.5299987792969
16.500106811523438 418.5299987792969
16.500106811523438 418.5299987792969
16.500106811523438 418.5299987792969
16.500106811523438 418.5299987792969
16.500106811523438 418.5299987792969
16.500106811523438 418.5299987792969
16.500106811523438 418.5299987792969
16.500106811523438 418.5299987792969
16.500106811523438 418.5299987792969
16.500106811523438 418.5299987792969
16.500106811523438 418.5299987792969
16.500106811523438 418.5299987792969
16.500106811523438 418.5299987792969
16.500106811523438 418.5299987792969
16.500106811523438 418.5299987792969
16.500106811523438 418.5299987792969
16.500106811523438 418.5299987792969
16.500106811523438 418.5299987792969
16.500106811523438 418.5299987792969
16.500106811523438 418.5299987792969
16.500106811523438 418.5299987792969
16.500106811523438 418.5299987792969
16.500106811523438 418.5299987792969
16.500106811523438 418.5299987792969
16.500106811523438 418.5299987792969
16.500106811523438 418.5299987792969
16.500106811523438 418.5299987792969
16.500106811523438 418.5299987792969
16.500106811523438 418.5299987792969
16.500106811523438 418.5299987792969
16.500106811523438 418.5299987792969
16.500106811523438 418.5299987792969
16.500106811523438 418.5299987792969
16.500106811523438 418.5299987792969
16.500106811523438 418.5299987792969
16.500106811523438 418.5299987792969
16.500106811523438 418.5299987792969
16.500106811523438 418.5299987792969
16.500106811523438 418.5299987792969
16.500106811523438 418.5299987792969
16.500106811523438 418.5299987792969
16.500106811523438 418.5299987792969
16.500106811523438 418.5299987792969
16.500106811523438 418.5299987792969
16.500106811523438 418.5299987792969
16.500106811523438 418.5299987792969
16.500106811523438 418.5299987792969
16.500106811523438 418.5299987792969
16.500106811523438 418.5299987792969
16.500106811523438 418.5299987792969
16.500106811523438 418.5299987792969
16.500106811523438 418.5299987792969
16.500106811523438 418.5299987792969
16.500106811523438 418.5299987792969
16.500106811523438 418.5299987792969
16.500106811523438 418.5299987792969
16.500106811523438 418.5299987792969
16.500106811523438 418.5299987792969
16.500106811523438 418.5299987792969
16.500106811523438 418.5299987792969
16.500106811523438 418.5299987792969
16.500106811523438 418.5299987792969
16.500106811523438 418.5299987792969
16.500106811523438 418.5299987792969
16.500106811523438 418.5299987792969
16.500106811523438 418.5299987792969
16.500106811523438 418.5299987792969
16.500106811523438 418.5299987792969
16.500106811523438 418.5299987792969
16.500106811523438 418.5299987792969
16.500106811523438 418.5299987792969
16.500106811523438 418.5299987792969
16.500106811523438 418.5299987792969
16.500106811523438 418.5299987792969
16.500106811523438 418.5299987792969
16.500106811523438 418.5299987792969
16.500106811523438 418.5299987792969
16.500106811523438 418.5299987792969
16.500106811523438 418.5299987792969
16.500106811523438 418.5299987792969
16.500106811523438 418.5299987792969
16.500106811523438 418.5299987792969
16.500106811523438 418.5299987792969
16.500106811523438 418.5299987792969
16.500106811523438 418.5299987792969
16.500106811523438 418.5299987792969
16.500106811523438 418.5299987792969
16.500106811523438 418.5299987792969
16.500106811523438 418.5299987792969
16.500106811523438 418.5299987792969
16.500106811523438 418.5299987792969
16.500106811523438 418.5299987792969
16.500106811523438 418.5299987792969
16.500106811523438 418.5299987792969
16.500106811523438 418.5299987792969
16.500106811523438 418.5299987792969
16.500106811523438 418.5299987792969
16.500106811523438 418.5299987792969
16.500106811523438 418.5299987792969
16.500106811523438 418.5299987792969
16.500106811523438 418.5299987792969
16.500106811523438 418.5299987792969
16.500106811523438 418.5299987792969
16.500106811523438 418.5299987792969
16.500106811523438 418.5299987792969
16.500106811523438 418.5299987792969
16.500106811523438 418.5299987792969
16.500106811523438 418.5299987792969
16.500106811523438 418.5299987792969
16.500106811523438 418.5299987792969
16.500106811523438 418.5299987792969
16.500106811523438 418.5299987792969
16.500106811523438 418.5299987792969
16.500106811523438 418.5299987792969
16.500106811523438 418.5299987792969
16.500106811523438 418.5299987792969
16.500106811523438 418.5299987792969
16.500106811523438 418.5299987792969
16.500106811523438 418.5299987792969
16.500106811523438 418.5299987792969
16.500106811523438 418.5299987792969
16.500106811523438 418.5299987792969
16.500106811523438 418.5299987792969
16.500106811523438 418.5299987792969
16.500106811523438 418.5299987792969
16.500106811523438 418.5299987792969
16.500106811523438 418.5299987792969
16.500106811523438 418.5299987792969
16.500106811523438 418.5299987792969
16.500106811523438 418.5299987792969
16.500106811523438 418.5299987792969
16.500106811523438 418.5299987792969
16.500106811523438 418.5299987792969
16.500106811523438 418.5299987792969
16.500106811523438 418.5299987792969
16.500106811523438 418.5299987792969
16.500106811523438 418.5299987792969
16.500106811523438 418.5299987792969
16.500106811523438 418.5299987792969
16.500106811523438 418.5299987792969
16.500106811523438 418.5299987792969
16.500106811523438 418.5299987792969
16.500106811523438 418.5299987792969
16.500106811523438 418.5299987792969
16.500106811523438 418.5299987792969
16.500106811523438 418.5299987792969
16.500106811523438 418.5299987792969
16.500106811523438 418.5299987792969
16.500106811523438 418.5299987792969
16.500106811523438 418.5299987792969
16.500106811523438 418.5299987792969
16.500106811523438 418.5299987792969
16.500106811523438 418.5299987792969
16.500106811523438 418.5299987792969
16.500106811523438 418.5299987792969
16.500106811523438 418.5299987792969
16.500106811523438 418.5299987792969
16.500106811523438 418.5299987792969
16.500106811523438 418.5299987792969
16.500106811523438 418.5299987792969
16.500106811523438 418.5299987792969
16.500106811523438 418.5299987792969
16.500106811523438 418.5299987792969
16.500106811523438 418.5299987792969
16.500106811523438 418.5299987792969
16.500106811523438 418.5299987792969
16.500106811523438 418.5299987792969
16.500106811523438 418.5299987792969
16.500106811523438 418.5299987792969
16.500106811523438 418.5299987792969
16.500106811523438 418.5299987792969
16.500106811523438 418.5299987792969
16.500106811523438 418.5299987792969
16.500106811523438 418.5299987792969
16.500106811523438 418.5299987792969
16.500106811523438 418.5299987792969
16.500106811523438 418.5299987792969
16.500106811523438 418.5299987792969
16.500106811523438 418.5299987792969
16.500106811523438 418.5299987792969
16.500106811523438 418.5299987792969
16.500106811523438 418.5299987792969
16.500106811523438 418.5299987792969
16.500106811523438 418.5299987792969
16.500106811523438 418.5299987792969
16.500106811523438 418.5299987792969
16.500106811523438 418.5299987792969
16.500106811523438 418.5299987792969
16.500106811523438 418.5299987792969
16.500106811523438 418.5299987792969
16.500106811523438 418.5299987792969
16.500106811523438 418.5299987792969
16.500106811523438 418.5299987792969
16.500106811523438 418.5299987792969
16.500106811523438 418.5299987792969
16.500106811523438 418.5299987792969
16.500106811523438 418.5299987792969
16.500106811523438 418.5299987792969
16.500106811523438 418.5299987792969
16.500106811523438 418.5299987792969
16.500106811523438 418.5299987792969
16.500106811523438 418.5299987792969
16.500106811523438 418.5299987792969
16.500106811523438 418.5299987792969
16.500106811523438 418.5299987792969
16.500106811523438 418.5299987792969
16.500106811523438 418.5299987792969
16.500106811523438 418.5299987792969
16.500106811523438 418.5299987792969
16.500106811523438 418.5299987792969
16.500106811523438 418.5299987792969
16.500106811523438 418.5299987792969
16.500106811523438 418.5299987792969
16.500106811523438 418.5299987792969
16.500106811523438 418.5299987792969
16.500106811523438 418.5299987792969
16.500106811523438 418.5299987792969
16.500106811523438 418.5299987792969
16.500106811523438 418.5299987792969
16.500106811523438 418.5299987792969
16.500106811523438 418.5299987792969
16.500106811523438 418.5299987792969
16.500106811523438 418.5299987792969
16.500106811523438 418.5299987792969
16.500106811523438 418.5299987792969
16.500106811523438 418.5299987792969
16.500106811523438 418.5299987792969
16.500106811523438 418.5299987792969
16.500106811523438 418.5299987792969
16.500106811523438 418.5299987792969
16.500106811523438 418.5299987792969
16.500106811523438 418.5299987792969
16.500106811523438 418.5299987792969
16.500106811523438 418.5299987792969
16.500106811523438 418.5299987792969
16.500106811523438 418.5299987792969
16.500106811523438 418.5299987792969
16.500106811523438 418.5299987792969
16.500106811523438 418.5299987792969
16.500106811523438 418.5299987792969
16.500106811523438 418.5299987792969
16.500106811523438 418.5299987792969
16.500106811523438 418.5299987792969
16.500106811523438 418.5299987792969
16.500106811523438 418.5299987792969
16.500106811523438 418.5299987792969
